[2024-03-01T15:47:27.340+0000] {logging_mixin.py:188} INFO - Changing /opt/***/logs/dag_id=pool/run_id=scheduled__2024-01-04T00:00:00+00:00/task_id=task_4 permission to 509
[2024-03-01T15:47:27.343+0000] {logging_mixin.py:188} INFO - Changing /opt/***/logs/dag_id=pool/run_id=scheduled__2024-01-04T00:00:00+00:00 permission to 509
[2024-03-01T15:47:27.346+0000] {logging_mixin.py:188} INFO - Changing /opt/***/logs/dag_id=pool permission to 509
[2024-03-01T15:47:27.349+0000] {logging_mixin.py:188} INFO - Changing /opt/***/logs permission to 509
[2024-03-01T15:47:27.424+0000] {logging_mixin.py:188} INFO - Changing /opt/***/logs/dag_id=pool/run_id=scheduled__2024-01-04T00:00:00+00:00/task_id=task_4 permission to 509
[2024-03-01T15:47:27.427+0000] {logging_mixin.py:188} INFO - Changing /opt/***/logs/dag_id=pool/run_id=scheduled__2024-01-04T00:00:00+00:00 permission to 509
[2024-03-01T15:47:27.430+0000] {logging_mixin.py:188} INFO - Changing /opt/***/logs/dag_id=pool permission to 509
[2024-03-01T15:47:27.432+0000] {logging_mixin.py:188} INFO - Changing /opt/***/logs permission to 509
[2024-03-01T15:47:27.482+0000] {taskinstance.py:1979} INFO - Dependencies all met for dep_context=non-requeueable deps ti=<TaskInstance: pool.task_4 scheduled__2024-01-04T00:00:00+00:00 [queued]>
[2024-03-01T15:47:27.492+0000] {taskinstance.py:1979} INFO - Dependencies all met for dep_context=requeueable deps ti=<TaskInstance: pool.task_4 scheduled__2024-01-04T00:00:00+00:00 [queued]>
[2024-03-01T15:47:27.492+0000] {taskinstance.py:2193} INFO - Starting attempt 1 of 3
[2024-03-01T15:47:27.507+0000] {taskinstance.py:2214} INFO - Executing <Task(BashOperator): task_4> on 2024-01-04 00:00:00+00:00
[2024-03-01T15:47:27.523+0000] {standard_task_runner.py:87} INFO - Running: ['***', 'tasks', 'run', 'pool', 'task_4', 'scheduled__2024-01-04T00:00:00+00:00', '--job-id', '162', '--raw', '--subdir', 'DAGS_FOLDER/pool.py', '--cfg-path', '/tmp/tmp7ziivqez']
[2024-03-01T15:47:27.521+0000] {standard_task_runner.py:60} INFO - Started process 730 to run task
[2024-03-01T15:47:27.524+0000] {standard_task_runner.py:88} INFO - Job 162: Subtask task_4
[2024-03-01T15:47:27.651+0000] {logging_mixin.py:188} INFO - Changing /opt/***/logs/dag_id=pool/run_id=scheduled__2024-01-04T00:00:00+00:00/task_id=task_4 permission to 509
[2024-03-01T15:47:27.653+0000] {logging_mixin.py:188} INFO - Changing /opt/***/logs/dag_id=pool/run_id=scheduled__2024-01-04T00:00:00+00:00 permission to 509
[2024-03-01T15:47:27.654+0000] {logging_mixin.py:188} INFO - Changing /opt/***/logs/dag_id=pool permission to 509
[2024-03-01T15:47:27.655+0000] {logging_mixin.py:188} INFO - Changing /opt/***/logs permission to 509
[2024-03-01T15:47:27.657+0000] {task_command.py:423} INFO - Running <TaskInstance: pool.task_4 scheduled__2024-01-04T00:00:00+00:00 [running]> on host 68829ac68ce6
[2024-03-01T15:47:27.813+0000] {taskinstance.py:2510} INFO - Exporting env vars: AIRFLOW_CTX_DAG_OWNER='vutt' AIRFLOW_CTX_DAG_ID='pool' AIRFLOW_CTX_TASK_ID='task_4' AIRFLOW_CTX_EXECUTION_DATE='2024-01-04T00:00:00+00:00' AIRFLOW_CTX_TRY_NUMBER='1' AIRFLOW_CTX_DAG_RUN_ID='scheduled__2024-01-04T00:00:00+00:00'
[2024-03-01T15:47:27.814+0000] {subprocess.py:63} INFO - Tmp dir root location: /tmp
[2024-03-01T15:47:27.815+0000] {subprocess.py:75} INFO - Running command: ['/usr/bin/bash', '-c', 'echo task_4']
[2024-03-01T15:47:27.822+0000] {subprocess.py:86} INFO - Output:
[2024-03-01T15:47:27.823+0000] {subprocess.py:93} INFO - task_4
[2024-03-01T15:47:27.823+0000] {subprocess.py:97} INFO - Command exited with return code 0
[2024-03-01T15:47:27.889+0000] {taskinstance.py:1149} INFO - Marking task as SUCCESS. dag_id=pool, task_id=task_4, execution_date=20240104T000000, start_date=20240301T154727, end_date=20240301T154727
[2024-03-01T15:47:27.941+0000] {local_task_job_runner.py:234} INFO - Task exited with return code 0
[2024-03-01T15:47:28.081+0000] {taskinstance.py:3309} INFO - 0 downstream tasks scheduled from follow-on schedule check
