[2024-02-29T16:42:20.685+0000] {logging_mixin.py:188} INFO - Changing /opt/***/logs/dag_id=xcom/run_id=scheduled__2024-01-01T00:00:00+00:00/task_id=xcom_pull permission to 509
[2024-02-29T16:42:20.686+0000] {logging_mixin.py:188} INFO - Changing /opt/***/logs/dag_id=xcom/run_id=scheduled__2024-01-01T00:00:00+00:00 permission to 509
[2024-02-29T16:42:20.688+0000] {logging_mixin.py:188} INFO - Changing /opt/***/logs/dag_id=xcom permission to 509
[2024-02-29T16:42:20.689+0000] {logging_mixin.py:188} INFO - Changing /opt/***/logs permission to 509
[2024-02-29T16:42:20.738+0000] {logging_mixin.py:188} INFO - Changing /opt/***/logs/dag_id=xcom/run_id=scheduled__2024-01-01T00:00:00+00:00/task_id=xcom_pull permission to 509
[2024-02-29T16:42:20.739+0000] {logging_mixin.py:188} INFO - Changing /opt/***/logs/dag_id=xcom/run_id=scheduled__2024-01-01T00:00:00+00:00 permission to 509
[2024-02-29T16:42:20.740+0000] {logging_mixin.py:188} INFO - Changing /opt/***/logs/dag_id=xcom permission to 509
[2024-02-29T16:42:20.741+0000] {logging_mixin.py:188} INFO - Changing /opt/***/logs permission to 509
[2024-02-29T16:42:20.778+0000] {taskinstance.py:1979} INFO - Dependencies all met for dep_context=non-requeueable deps ti=<TaskInstance: xcom.xcom_pull scheduled__2024-01-01T00:00:00+00:00 [queued]>
[2024-02-29T16:42:20.785+0000] {taskinstance.py:1979} INFO - Dependencies all met for dep_context=requeueable deps ti=<TaskInstance: xcom.xcom_pull scheduled__2024-01-01T00:00:00+00:00 [queued]>
[2024-02-29T16:42:20.785+0000] {taskinstance.py:2193} INFO - Starting attempt 1 of 3
[2024-02-29T16:42:20.795+0000] {taskinstance.py:2214} INFO - Executing <Task(PythonOperator): xcom_pull> on 2024-01-01 00:00:00+00:00
[2024-02-29T16:42:20.799+0000] {standard_task_runner.py:60} INFO - Started process 550 to run task
[2024-02-29T16:42:20.802+0000] {standard_task_runner.py:87} INFO - Running: ['***', 'tasks', 'run', 'xcom', 'xcom_pull', 'scheduled__2024-01-01T00:00:00+00:00', '--job-id', '118', '--raw', '--subdir', 'DAGS_FOLDER/xcom.py', '--cfg-path', '/tmp/tmpzpl1ggjn']
[2024-02-29T16:42:20.803+0000] {standard_task_runner.py:88} INFO - Job 118: Subtask xcom_pull
[2024-02-29T16:42:20.870+0000] {logging_mixin.py:188} INFO - Changing /opt/***/logs/dag_id=xcom/run_id=scheduled__2024-01-01T00:00:00+00:00/task_id=xcom_pull permission to 509
[2024-02-29T16:42:20.871+0000] {logging_mixin.py:188} INFO - Changing /opt/***/logs/dag_id=xcom/run_id=scheduled__2024-01-01T00:00:00+00:00 permission to 509
[2024-02-29T16:42:20.872+0000] {logging_mixin.py:188} INFO - Changing /opt/***/logs/dag_id=xcom permission to 509
[2024-02-29T16:42:20.872+0000] {logging_mixin.py:188} INFO - Changing /opt/***/logs permission to 509
[2024-02-29T16:42:20.873+0000] {task_command.py:423} INFO - Running <TaskInstance: xcom.xcom_pull scheduled__2024-01-01T00:00:00+00:00 [running]> on host 68829ac68ce6
[2024-02-29T16:42:20.997+0000] {taskinstance.py:2510} INFO - Exporting env vars: AIRFLOW_CTX_DAG_OWNER='vutt' AIRFLOW_CTX_DAG_ID='xcom' AIRFLOW_CTX_TASK_ID='xcom_pull' AIRFLOW_CTX_EXECUTION_DATE='2024-01-01T00:00:00+00:00' AIRFLOW_CTX_TRY_NUMBER='1' AIRFLOW_CTX_DAG_RUN_ID='scheduled__2024-01-01T00:00:00+00:00'
[2024-02-29T16:42:21.016+0000] {logging_mixin.py:188} INFO - vutt
[2024-02-29T16:42:21.016+0000] {python.py:202} INFO - Done. Returned value was: None
[2024-02-29T16:42:21.030+0000] {taskinstance.py:1149} INFO - Marking task as SUCCESS. dag_id=xcom, task_id=xcom_pull, execution_date=20240101T000000, start_date=20240229T164220, end_date=20240229T164221
[2024-02-29T16:42:21.055+0000] {local_task_job_runner.py:234} INFO - Task exited with return code 0
[2024-02-29T16:42:21.078+0000] {taskinstance.py:3309} INFO - 0 downstream tasks scheduled from follow-on schedule check
