[2024-06-15T02:29:45.597+0000] {processor.py:161} INFO - Started process (PID=39) to work on /opt/airflow/dags/callback.py
[2024-06-15T02:29:45.599+0000] {processor.py:830} INFO - Processing file /opt/airflow/dags/callback.py for tasks to queue
[2024-06-15T02:29:45.600+0000] {logging_mixin.py:188} INFO - [2024-06-15T02:29:45.600+0000] {dagbag.py:540} INFO - Filling up the DagBag from /opt/airflow/dags/callback.py
[2024-06-15T02:29:45.623+0000] {processor.py:840} INFO - DAG(s) 'callback' retrieved from /opt/airflow/dags/callback.py
[2024-06-15T02:29:45.848+0000] {logging_mixin.py:188} INFO - [2024-06-15T02:29:45.848+0000] {dag.py:3047} INFO - Sync 1 DAGs
[2024-06-15T02:29:45.883+0000] {logging_mixin.py:188} INFO - [2024-06-15T02:29:45.883+0000] {dag.py:3834} INFO - Setting next_dagrun for callback to None, run_after=None
[2024-06-15T02:29:45.917+0000] {processor.py:183} INFO - Processing /opt/airflow/dags/callback.py took 0.321 seconds
[2024-06-15T02:30:16.253+0000] {processor.py:161} INFO - Started process (PID=61) to work on /opt/airflow/dags/callback.py
[2024-06-15T02:30:16.253+0000] {processor.py:830} INFO - Processing file /opt/airflow/dags/callback.py for tasks to queue
[2024-06-15T02:30:16.254+0000] {logging_mixin.py:188} INFO - [2024-06-15T02:30:16.254+0000] {dagbag.py:540} INFO - Filling up the DagBag from /opt/airflow/dags/callback.py
[2024-06-15T02:30:16.264+0000] {processor.py:840} INFO - DAG(s) 'callback' retrieved from /opt/airflow/dags/callback.py
[2024-06-15T02:30:16.292+0000] {logging_mixin.py:188} INFO - [2024-06-15T02:30:16.292+0000] {dag.py:3047} INFO - Sync 1 DAGs
[2024-06-15T02:30:16.304+0000] {logging_mixin.py:188} INFO - [2024-06-15T02:30:16.304+0000] {dag.py:3834} INFO - Setting next_dagrun for callback to None, run_after=None
[2024-06-15T02:30:16.322+0000] {processor.py:183} INFO - Processing /opt/airflow/dags/callback.py took 0.071 seconds
[2024-06-15T02:30:46.890+0000] {processor.py:161} INFO - Started process (PID=83) to work on /opt/airflow/dags/callback.py
[2024-06-15T02:30:46.892+0000] {processor.py:830} INFO - Processing file /opt/airflow/dags/callback.py for tasks to queue
[2024-06-15T02:30:46.898+0000] {logging_mixin.py:188} INFO - [2024-06-15T02:30:46.898+0000] {dagbag.py:540} INFO - Filling up the DagBag from /opt/airflow/dags/callback.py
[2024-06-15T02:30:46.908+0000] {processor.py:840} INFO - DAG(s) 'callback' retrieved from /opt/airflow/dags/callback.py
[2024-06-15T02:30:46.933+0000] {logging_mixin.py:188} INFO - [2024-06-15T02:30:46.933+0000] {dag.py:3047} INFO - Sync 1 DAGs
[2024-06-15T02:30:46.952+0000] {logging_mixin.py:188} INFO - [2024-06-15T02:30:46.952+0000] {dag.py:3834} INFO - Setting next_dagrun for callback to None, run_after=None
[2024-06-15T02:30:46.975+0000] {processor.py:183} INFO - Processing /opt/airflow/dags/callback.py took 0.087 seconds
[2024-06-15T02:31:17.228+0000] {processor.py:161} INFO - Started process (PID=105) to work on /opt/airflow/dags/callback.py
[2024-06-15T02:31:17.229+0000] {processor.py:830} INFO - Processing file /opt/airflow/dags/callback.py for tasks to queue
[2024-06-15T02:31:17.232+0000] {logging_mixin.py:188} INFO - [2024-06-15T02:31:17.232+0000] {dagbag.py:540} INFO - Filling up the DagBag from /opt/airflow/dags/callback.py
[2024-06-15T02:31:17.251+0000] {processor.py:840} INFO - DAG(s) 'callback' retrieved from /opt/airflow/dags/callback.py
[2024-06-15T02:31:17.279+0000] {logging_mixin.py:188} INFO - [2024-06-15T02:31:17.279+0000] {dag.py:3047} INFO - Sync 1 DAGs
[2024-06-15T02:31:17.286+0000] {logging_mixin.py:188} INFO - [2024-06-15T02:31:17.286+0000] {dag.py:3834} INFO - Setting next_dagrun for callback to None, run_after=None
[2024-06-15T02:31:17.316+0000] {processor.py:183} INFO - Processing /opt/airflow/dags/callback.py took 0.091 seconds
[2024-06-15T02:31:47.951+0000] {processor.py:161} INFO - Started process (PID=127) to work on /opt/airflow/dags/callback.py
[2024-06-15T02:31:47.952+0000] {processor.py:830} INFO - Processing file /opt/airflow/dags/callback.py for tasks to queue
[2024-06-15T02:31:47.953+0000] {logging_mixin.py:188} INFO - [2024-06-15T02:31:47.953+0000] {dagbag.py:540} INFO - Filling up the DagBag from /opt/airflow/dags/callback.py
[2024-06-15T02:31:47.964+0000] {processor.py:840} INFO - DAG(s) 'callback' retrieved from /opt/airflow/dags/callback.py
[2024-06-15T02:31:47.993+0000] {logging_mixin.py:188} INFO - [2024-06-15T02:31:47.992+0000] {dag.py:3047} INFO - Sync 1 DAGs
[2024-06-15T02:31:48.002+0000] {logging_mixin.py:188} INFO - [2024-06-15T02:31:48.001+0000] {dag.py:3834} INFO - Setting next_dagrun for callback to None, run_after=None
[2024-06-15T02:31:48.024+0000] {processor.py:183} INFO - Processing /opt/airflow/dags/callback.py took 0.074 seconds
[2024-06-15T02:32:18.394+0000] {processor.py:161} INFO - Started process (PID=149) to work on /opt/airflow/dags/callback.py
[2024-06-15T02:32:18.395+0000] {processor.py:830} INFO - Processing file /opt/airflow/dags/callback.py for tasks to queue
[2024-06-15T02:32:18.397+0000] {logging_mixin.py:188} INFO - [2024-06-15T02:32:18.396+0000] {dagbag.py:540} INFO - Filling up the DagBag from /opt/airflow/dags/callback.py
[2024-06-15T02:32:18.406+0000] {processor.py:840} INFO - DAG(s) 'callback' retrieved from /opt/airflow/dags/callback.py
[2024-06-15T02:32:18.427+0000] {logging_mixin.py:188} INFO - [2024-06-15T02:32:18.427+0000] {dag.py:3047} INFO - Sync 1 DAGs
[2024-06-15T02:32:18.434+0000] {logging_mixin.py:188} INFO - [2024-06-15T02:32:18.434+0000] {dag.py:3834} INFO - Setting next_dagrun for callback to None, run_after=None
[2024-06-15T02:32:18.455+0000] {processor.py:183} INFO - Processing /opt/airflow/dags/callback.py took 0.062 seconds
[2024-06-15T02:32:48.861+0000] {processor.py:161} INFO - Started process (PID=171) to work on /opt/airflow/dags/callback.py
[2024-06-15T02:32:48.862+0000] {processor.py:830} INFO - Processing file /opt/airflow/dags/callback.py for tasks to queue
[2024-06-15T02:32:48.867+0000] {logging_mixin.py:188} INFO - [2024-06-15T02:32:48.867+0000] {dagbag.py:540} INFO - Filling up the DagBag from /opt/airflow/dags/callback.py
[2024-06-15T02:32:48.893+0000] {processor.py:840} INFO - DAG(s) 'callback' retrieved from /opt/airflow/dags/callback.py
[2024-06-15T02:32:48.916+0000] {logging_mixin.py:188} INFO - [2024-06-15T02:32:48.916+0000] {dag.py:3047} INFO - Sync 1 DAGs
[2024-06-15T02:32:48.924+0000] {logging_mixin.py:188} INFO - [2024-06-15T02:32:48.924+0000] {dag.py:3834} INFO - Setting next_dagrun for callback to None, run_after=None
[2024-06-15T02:32:48.950+0000] {processor.py:183} INFO - Processing /opt/airflow/dags/callback.py took 0.091 seconds
[2024-06-15T02:33:19.693+0000] {processor.py:161} INFO - Started process (PID=193) to work on /opt/airflow/dags/callback.py
[2024-06-15T02:33:19.693+0000] {processor.py:830} INFO - Processing file /opt/airflow/dags/callback.py for tasks to queue
[2024-06-15T02:33:19.694+0000] {logging_mixin.py:188} INFO - [2024-06-15T02:33:19.694+0000] {dagbag.py:540} INFO - Filling up the DagBag from /opt/airflow/dags/callback.py
[2024-06-15T02:33:19.704+0000] {processor.py:840} INFO - DAG(s) 'callback' retrieved from /opt/airflow/dags/callback.py
[2024-06-15T02:33:19.724+0000] {logging_mixin.py:188} INFO - [2024-06-15T02:33:19.724+0000] {dag.py:3047} INFO - Sync 1 DAGs
[2024-06-15T02:33:19.733+0000] {logging_mixin.py:188} INFO - [2024-06-15T02:33:19.732+0000] {dag.py:3834} INFO - Setting next_dagrun for callback to None, run_after=None
[2024-06-15T02:33:19.764+0000] {processor.py:183} INFO - Processing /opt/airflow/dags/callback.py took 0.073 seconds
[2024-06-15T02:33:50.240+0000] {processor.py:161} INFO - Started process (PID=214) to work on /opt/airflow/dags/callback.py
[2024-06-15T02:33:50.240+0000] {processor.py:830} INFO - Processing file /opt/airflow/dags/callback.py for tasks to queue
[2024-06-15T02:33:50.242+0000] {logging_mixin.py:188} INFO - [2024-06-15T02:33:50.241+0000] {dagbag.py:540} INFO - Filling up the DagBag from /opt/airflow/dags/callback.py
[2024-06-15T02:33:50.255+0000] {processor.py:840} INFO - DAG(s) 'callback' retrieved from /opt/airflow/dags/callback.py
[2024-06-15T02:33:50.284+0000] {logging_mixin.py:188} INFO - [2024-06-15T02:33:50.283+0000] {dag.py:3047} INFO - Sync 1 DAGs
[2024-06-15T02:33:50.294+0000] {logging_mixin.py:188} INFO - [2024-06-15T02:33:50.294+0000] {dag.py:3834} INFO - Setting next_dagrun for callback to None, run_after=None
[2024-06-15T02:33:50.329+0000] {processor.py:183} INFO - Processing /opt/airflow/dags/callback.py took 0.091 seconds
[2024-06-15T02:34:20.784+0000] {processor.py:161} INFO - Started process (PID=236) to work on /opt/airflow/dags/callback.py
[2024-06-15T02:34:20.784+0000] {processor.py:830} INFO - Processing file /opt/airflow/dags/callback.py for tasks to queue
[2024-06-15T02:34:20.786+0000] {logging_mixin.py:188} INFO - [2024-06-15T02:34:20.785+0000] {dagbag.py:540} INFO - Filling up the DagBag from /opt/airflow/dags/callback.py
[2024-06-15T02:34:20.800+0000] {processor.py:840} INFO - DAG(s) 'callback' retrieved from /opt/airflow/dags/callback.py
[2024-06-15T02:34:20.830+0000] {logging_mixin.py:188} INFO - [2024-06-15T02:34:20.830+0000] {dag.py:3047} INFO - Sync 1 DAGs
[2024-06-15T02:34:20.842+0000] {logging_mixin.py:188} INFO - [2024-06-15T02:34:20.842+0000] {dag.py:3834} INFO - Setting next_dagrun for callback to None, run_after=None
[2024-06-15T02:34:20.868+0000] {processor.py:183} INFO - Processing /opt/airflow/dags/callback.py took 0.086 seconds
[2024-06-15T02:34:51.528+0000] {processor.py:161} INFO - Started process (PID=259) to work on /opt/airflow/dags/callback.py
[2024-06-15T02:34:51.529+0000] {processor.py:830} INFO - Processing file /opt/airflow/dags/callback.py for tasks to queue
[2024-06-15T02:34:51.530+0000] {logging_mixin.py:188} INFO - [2024-06-15T02:34:51.530+0000] {dagbag.py:540} INFO - Filling up the DagBag from /opt/airflow/dags/callback.py
[2024-06-15T02:34:51.543+0000] {processor.py:840} INFO - DAG(s) 'callback' retrieved from /opt/airflow/dags/callback.py
[2024-06-15T02:34:51.571+0000] {logging_mixin.py:188} INFO - [2024-06-15T02:34:51.570+0000] {dag.py:3047} INFO - Sync 1 DAGs
[2024-06-15T02:34:51.579+0000] {logging_mixin.py:188} INFO - [2024-06-15T02:34:51.579+0000] {dag.py:3834} INFO - Setting next_dagrun for callback to None, run_after=None
[2024-06-15T02:34:51.604+0000] {processor.py:183} INFO - Processing /opt/airflow/dags/callback.py took 0.077 seconds
[2024-06-15T02:35:22.252+0000] {processor.py:161} INFO - Started process (PID=282) to work on /opt/airflow/dags/callback.py
[2024-06-15T02:35:22.253+0000] {processor.py:830} INFO - Processing file /opt/airflow/dags/callback.py for tasks to queue
[2024-06-15T02:35:22.255+0000] {logging_mixin.py:188} INFO - [2024-06-15T02:35:22.255+0000] {dagbag.py:540} INFO - Filling up the DagBag from /opt/airflow/dags/callback.py
[2024-06-15T02:35:22.264+0000] {processor.py:840} INFO - DAG(s) 'callback' retrieved from /opt/airflow/dags/callback.py
[2024-06-15T02:35:22.302+0000] {logging_mixin.py:188} INFO - [2024-06-15T02:35:22.301+0000] {dag.py:3047} INFO - Sync 1 DAGs
[2024-06-15T02:35:22.312+0000] {logging_mixin.py:188} INFO - [2024-06-15T02:35:22.312+0000] {dag.py:3834} INFO - Setting next_dagrun for callback to None, run_after=None
[2024-06-15T02:35:22.333+0000] {processor.py:183} INFO - Processing /opt/airflow/dags/callback.py took 0.083 seconds
[2024-06-15T02:35:52.909+0000] {processor.py:161} INFO - Started process (PID=306) to work on /opt/airflow/dags/callback.py
[2024-06-15T02:35:52.910+0000] {processor.py:830} INFO - Processing file /opt/airflow/dags/callback.py for tasks to queue
[2024-06-15T02:35:52.911+0000] {logging_mixin.py:188} INFO - [2024-06-15T02:35:52.911+0000] {dagbag.py:540} INFO - Filling up the DagBag from /opt/airflow/dags/callback.py
[2024-06-15T02:35:52.923+0000] {processor.py:840} INFO - DAG(s) 'callback' retrieved from /opt/airflow/dags/callback.py
[2024-06-15T02:35:52.952+0000] {logging_mixin.py:188} INFO - [2024-06-15T02:35:52.951+0000] {dag.py:3047} INFO - Sync 1 DAGs
[2024-06-15T02:35:52.963+0000] {logging_mixin.py:188} INFO - [2024-06-15T02:35:52.963+0000] {dag.py:3834} INFO - Setting next_dagrun for callback to None, run_after=None
[2024-06-15T02:35:52.985+0000] {processor.py:183} INFO - Processing /opt/airflow/dags/callback.py took 0.078 seconds
[2024-06-15T02:36:23.254+0000] {processor.py:161} INFO - Started process (PID=329) to work on /opt/airflow/dags/callback.py
[2024-06-15T02:36:23.255+0000] {processor.py:830} INFO - Processing file /opt/airflow/dags/callback.py for tasks to queue
[2024-06-15T02:36:23.256+0000] {logging_mixin.py:188} INFO - [2024-06-15T02:36:23.256+0000] {dagbag.py:540} INFO - Filling up the DagBag from /opt/airflow/dags/callback.py
[2024-06-15T02:36:23.265+0000] {processor.py:840} INFO - DAG(s) 'callback' retrieved from /opt/airflow/dags/callback.py
[2024-06-15T02:36:23.306+0000] {logging_mixin.py:188} INFO - [2024-06-15T02:36:23.306+0000] {dag.py:3047} INFO - Sync 1 DAGs
[2024-06-15T02:36:23.314+0000] {logging_mixin.py:188} INFO - [2024-06-15T02:36:23.314+0000] {dag.py:3834} INFO - Setting next_dagrun for callback to None, run_after=None
[2024-06-15T02:36:23.335+0000] {processor.py:183} INFO - Processing /opt/airflow/dags/callback.py took 0.082 seconds
[2024-06-15T02:36:53.772+0000] {processor.py:161} INFO - Started process (PID=352) to work on /opt/airflow/dags/callback.py
[2024-06-15T02:36:53.773+0000] {processor.py:830} INFO - Processing file /opt/airflow/dags/callback.py for tasks to queue
[2024-06-15T02:36:53.774+0000] {logging_mixin.py:188} INFO - [2024-06-15T02:36:53.774+0000] {dagbag.py:540} INFO - Filling up the DagBag from /opt/airflow/dags/callback.py
[2024-06-15T02:36:53.789+0000] {processor.py:840} INFO - DAG(s) 'callback' retrieved from /opt/airflow/dags/callback.py
[2024-06-15T02:36:53.825+0000] {logging_mixin.py:188} INFO - [2024-06-15T02:36:53.824+0000] {dag.py:3047} INFO - Sync 1 DAGs
[2024-06-15T02:36:53.834+0000] {logging_mixin.py:188} INFO - [2024-06-15T02:36:53.834+0000] {dag.py:3834} INFO - Setting next_dagrun for callback to None, run_after=None
[2024-06-15T02:36:53.858+0000] {processor.py:183} INFO - Processing /opt/airflow/dags/callback.py took 0.087 seconds
[2024-06-15T02:37:24.509+0000] {processor.py:161} INFO - Started process (PID=376) to work on /opt/airflow/dags/callback.py
[2024-06-15T02:37:24.509+0000] {processor.py:830} INFO - Processing file /opt/airflow/dags/callback.py for tasks to queue
[2024-06-15T02:37:24.510+0000] {logging_mixin.py:188} INFO - [2024-06-15T02:37:24.510+0000] {dagbag.py:540} INFO - Filling up the DagBag from /opt/airflow/dags/callback.py
[2024-06-15T02:37:24.526+0000] {processor.py:840} INFO - DAG(s) 'callback' retrieved from /opt/airflow/dags/callback.py
[2024-06-15T02:37:24.556+0000] {logging_mixin.py:188} INFO - [2024-06-15T02:37:24.556+0000] {dag.py:3047} INFO - Sync 1 DAGs
[2024-06-15T02:37:24.564+0000] {logging_mixin.py:188} INFO - [2024-06-15T02:37:24.564+0000] {dag.py:3834} INFO - Setting next_dagrun for callback to None, run_after=None
[2024-06-15T02:37:24.586+0000] {processor.py:183} INFO - Processing /opt/airflow/dags/callback.py took 0.079 seconds
[2024-06-15T02:37:54.990+0000] {processor.py:161} INFO - Started process (PID=399) to work on /opt/airflow/dags/callback.py
[2024-06-15T02:37:54.990+0000] {processor.py:830} INFO - Processing file /opt/airflow/dags/callback.py for tasks to queue
[2024-06-15T02:37:54.991+0000] {logging_mixin.py:188} INFO - [2024-06-15T02:37:54.991+0000] {dagbag.py:540} INFO - Filling up the DagBag from /opt/airflow/dags/callback.py
[2024-06-15T02:37:55.004+0000] {processor.py:840} INFO - DAG(s) 'callback' retrieved from /opt/airflow/dags/callback.py
[2024-06-15T02:37:55.028+0000] {logging_mixin.py:188} INFO - [2024-06-15T02:37:55.028+0000] {dag.py:3047} INFO - Sync 1 DAGs
[2024-06-15T02:37:55.037+0000] {logging_mixin.py:188} INFO - [2024-06-15T02:37:55.037+0000] {dag.py:3834} INFO - Setting next_dagrun for callback to None, run_after=None
[2024-06-15T02:37:55.056+0000] {processor.py:183} INFO - Processing /opt/airflow/dags/callback.py took 0.068 seconds
[2024-06-15T02:38:25.915+0000] {processor.py:161} INFO - Started process (PID=423) to work on /opt/airflow/dags/callback.py
[2024-06-15T02:38:25.916+0000] {processor.py:830} INFO - Processing file /opt/airflow/dags/callback.py for tasks to queue
[2024-06-15T02:38:25.917+0000] {logging_mixin.py:188} INFO - [2024-06-15T02:38:25.917+0000] {dagbag.py:540} INFO - Filling up the DagBag from /opt/airflow/dags/callback.py
[2024-06-15T02:38:25.944+0000] {processor.py:840} INFO - DAG(s) 'callback' retrieved from /opt/airflow/dags/callback.py
[2024-06-15T02:38:25.976+0000] {logging_mixin.py:188} INFO - [2024-06-15T02:38:25.976+0000] {dag.py:3047} INFO - Sync 1 DAGs
[2024-06-15T02:38:25.989+0000] {logging_mixin.py:188} INFO - [2024-06-15T02:38:25.989+0000] {dag.py:3834} INFO - Setting next_dagrun for callback to None, run_after=None
[2024-06-15T02:38:26.028+0000] {processor.py:183} INFO - Processing /opt/airflow/dags/callback.py took 0.114 seconds
[2024-06-15T02:38:56.480+0000] {processor.py:161} INFO - Started process (PID=446) to work on /opt/airflow/dags/callback.py
[2024-06-15T02:38:56.481+0000] {processor.py:830} INFO - Processing file /opt/airflow/dags/callback.py for tasks to queue
[2024-06-15T02:38:56.482+0000] {logging_mixin.py:188} INFO - [2024-06-15T02:38:56.482+0000] {dagbag.py:540} INFO - Filling up the DagBag from /opt/airflow/dags/callback.py
[2024-06-15T02:38:56.497+0000] {processor.py:840} INFO - DAG(s) 'callback' retrieved from /opt/airflow/dags/callback.py
[2024-06-15T02:38:56.534+0000] {logging_mixin.py:188} INFO - [2024-06-15T02:38:56.534+0000] {dag.py:3047} INFO - Sync 1 DAGs
[2024-06-15T02:38:56.543+0000] {logging_mixin.py:188} INFO - [2024-06-15T02:38:56.543+0000] {dag.py:3834} INFO - Setting next_dagrun for callback to None, run_after=None
[2024-06-15T02:38:56.564+0000] {processor.py:183} INFO - Processing /opt/airflow/dags/callback.py took 0.086 seconds
[2024-06-15T02:39:26.896+0000] {processor.py:161} INFO - Started process (PID=469) to work on /opt/airflow/dags/callback.py
[2024-06-15T02:39:26.897+0000] {processor.py:830} INFO - Processing file /opt/airflow/dags/callback.py for tasks to queue
[2024-06-15T02:39:26.898+0000] {logging_mixin.py:188} INFO - [2024-06-15T02:39:26.898+0000] {dagbag.py:540} INFO - Filling up the DagBag from /opt/airflow/dags/callback.py
[2024-06-15T02:39:26.907+0000] {processor.py:840} INFO - DAG(s) 'callback' retrieved from /opt/airflow/dags/callback.py
[2024-06-15T02:39:26.930+0000] {logging_mixin.py:188} INFO - [2024-06-15T02:39:26.930+0000] {dag.py:3047} INFO - Sync 1 DAGs
[2024-06-15T02:39:26.937+0000] {logging_mixin.py:188} INFO - [2024-06-15T02:39:26.937+0000] {dag.py:3834} INFO - Setting next_dagrun for callback to None, run_after=None
[2024-06-15T02:39:26.960+0000] {processor.py:183} INFO - Processing /opt/airflow/dags/callback.py took 0.065 seconds
[2024-06-15T02:39:57.467+0000] {processor.py:161} INFO - Started process (PID=492) to work on /opt/airflow/dags/callback.py
[2024-06-15T02:39:57.468+0000] {processor.py:830} INFO - Processing file /opt/airflow/dags/callback.py for tasks to queue
[2024-06-15T02:39:57.469+0000] {logging_mixin.py:188} INFO - [2024-06-15T02:39:57.469+0000] {dagbag.py:540} INFO - Filling up the DagBag from /opt/airflow/dags/callback.py
[2024-06-15T02:39:57.482+0000] {processor.py:840} INFO - DAG(s) 'callback' retrieved from /opt/airflow/dags/callback.py
[2024-06-15T02:39:57.506+0000] {logging_mixin.py:188} INFO - [2024-06-15T02:39:57.506+0000] {dag.py:3047} INFO - Sync 1 DAGs
[2024-06-15T02:39:57.515+0000] {logging_mixin.py:188} INFO - [2024-06-15T02:39:57.515+0000] {dag.py:3834} INFO - Setting next_dagrun for callback to None, run_after=None
[2024-06-15T02:39:57.536+0000] {processor.py:183} INFO - Processing /opt/airflow/dags/callback.py took 0.071 seconds
[2024-06-15T02:40:27.760+0000] {processor.py:161} INFO - Started process (PID=515) to work on /opt/airflow/dags/callback.py
[2024-06-15T02:40:27.760+0000] {processor.py:830} INFO - Processing file /opt/airflow/dags/callback.py for tasks to queue
[2024-06-15T02:40:27.762+0000] {logging_mixin.py:188} INFO - [2024-06-15T02:40:27.761+0000] {dagbag.py:540} INFO - Filling up the DagBag from /opt/airflow/dags/callback.py
[2024-06-15T02:40:27.773+0000] {processor.py:840} INFO - DAG(s) 'callback' retrieved from /opt/airflow/dags/callback.py
[2024-06-15T02:40:27.803+0000] {logging_mixin.py:188} INFO - [2024-06-15T02:40:27.802+0000] {dag.py:3047} INFO - Sync 1 DAGs
[2024-06-15T02:40:27.813+0000] {logging_mixin.py:188} INFO - [2024-06-15T02:40:27.813+0000] {dag.py:3834} INFO - Setting next_dagrun for callback to None, run_after=None
[2024-06-15T02:40:27.835+0000] {processor.py:183} INFO - Processing /opt/airflow/dags/callback.py took 0.077 seconds
[2024-06-15T02:40:58.267+0000] {processor.py:161} INFO - Started process (PID=538) to work on /opt/airflow/dags/callback.py
[2024-06-15T02:40:58.267+0000] {processor.py:830} INFO - Processing file /opt/airflow/dags/callback.py for tasks to queue
[2024-06-15T02:40:58.269+0000] {logging_mixin.py:188} INFO - [2024-06-15T02:40:58.269+0000] {dagbag.py:540} INFO - Filling up the DagBag from /opt/airflow/dags/callback.py
[2024-06-15T02:40:58.281+0000] {processor.py:840} INFO - DAG(s) 'callback' retrieved from /opt/airflow/dags/callback.py
[2024-06-15T02:40:58.316+0000] {logging_mixin.py:188} INFO - [2024-06-15T02:40:58.316+0000] {dag.py:3047} INFO - Sync 1 DAGs
[2024-06-15T02:40:58.324+0000] {logging_mixin.py:188} INFO - [2024-06-15T02:40:58.324+0000] {dag.py:3834} INFO - Setting next_dagrun for callback to None, run_after=None
[2024-06-15T02:40:58.358+0000] {processor.py:183} INFO - Processing /opt/airflow/dags/callback.py took 0.093 seconds
[2024-06-15T02:41:28.854+0000] {processor.py:161} INFO - Started process (PID=561) to work on /opt/airflow/dags/callback.py
[2024-06-15T02:41:28.854+0000] {processor.py:830} INFO - Processing file /opt/airflow/dags/callback.py for tasks to queue
[2024-06-15T02:41:28.855+0000] {logging_mixin.py:188} INFO - [2024-06-15T02:41:28.855+0000] {dagbag.py:540} INFO - Filling up the DagBag from /opt/airflow/dags/callback.py
[2024-06-15T02:41:28.865+0000] {processor.py:840} INFO - DAG(s) 'callback' retrieved from /opt/airflow/dags/callback.py
[2024-06-15T02:41:28.913+0000] {logging_mixin.py:188} INFO - [2024-06-15T02:41:28.913+0000] {dag.py:3047} INFO - Sync 1 DAGs
[2024-06-15T02:41:28.920+0000] {logging_mixin.py:188} INFO - [2024-06-15T02:41:28.920+0000] {dag.py:3834} INFO - Setting next_dagrun for callback to None, run_after=None
[2024-06-15T02:41:28.942+0000] {processor.py:183} INFO - Processing /opt/airflow/dags/callback.py took 0.090 seconds
[2024-06-15T02:41:59.310+0000] {processor.py:161} INFO - Started process (PID=584) to work on /opt/airflow/dags/callback.py
[2024-06-15T02:41:59.310+0000] {processor.py:830} INFO - Processing file /opt/airflow/dags/callback.py for tasks to queue
[2024-06-15T02:41:59.311+0000] {logging_mixin.py:188} INFO - [2024-06-15T02:41:59.311+0000] {dagbag.py:540} INFO - Filling up the DagBag from /opt/airflow/dags/callback.py
[2024-06-15T02:41:59.321+0000] {processor.py:840} INFO - DAG(s) 'callback' retrieved from /opt/airflow/dags/callback.py
[2024-06-15T02:41:59.351+0000] {logging_mixin.py:188} INFO - [2024-06-15T02:41:59.351+0000] {dag.py:3047} INFO - Sync 1 DAGs
[2024-06-15T02:41:59.359+0000] {logging_mixin.py:188} INFO - [2024-06-15T02:41:59.359+0000] {dag.py:3834} INFO - Setting next_dagrun for callback to None, run_after=None
[2024-06-15T02:41:59.387+0000] {processor.py:183} INFO - Processing /opt/airflow/dags/callback.py took 0.078 seconds
[2024-06-15T02:42:29.904+0000] {processor.py:161} INFO - Started process (PID=607) to work on /opt/airflow/dags/callback.py
[2024-06-15T02:42:29.905+0000] {processor.py:830} INFO - Processing file /opt/airflow/dags/callback.py for tasks to queue
[2024-06-15T02:42:29.906+0000] {logging_mixin.py:188} INFO - [2024-06-15T02:42:29.906+0000] {dagbag.py:540} INFO - Filling up the DagBag from /opt/airflow/dags/callback.py
[2024-06-15T02:42:29.924+0000] {processor.py:840} INFO - DAG(s) 'callback' retrieved from /opt/airflow/dags/callback.py
[2024-06-15T02:42:29.948+0000] {logging_mixin.py:188} INFO - [2024-06-15T02:42:29.948+0000] {dag.py:3047} INFO - Sync 1 DAGs
[2024-06-15T02:42:29.957+0000] {logging_mixin.py:188} INFO - [2024-06-15T02:42:29.957+0000] {dag.py:3834} INFO - Setting next_dagrun for callback to None, run_after=None
[2024-06-15T02:42:29.985+0000] {processor.py:183} INFO - Processing /opt/airflow/dags/callback.py took 0.082 seconds
[2024-06-15T02:43:00.607+0000] {processor.py:161} INFO - Started process (PID=630) to work on /opt/airflow/dags/callback.py
[2024-06-15T02:43:00.608+0000] {processor.py:830} INFO - Processing file /opt/airflow/dags/callback.py for tasks to queue
[2024-06-15T02:43:00.608+0000] {logging_mixin.py:188} INFO - [2024-06-15T02:43:00.608+0000] {dagbag.py:540} INFO - Filling up the DagBag from /opt/airflow/dags/callback.py
[2024-06-15T02:43:00.619+0000] {processor.py:840} INFO - DAG(s) 'callback' retrieved from /opt/airflow/dags/callback.py
[2024-06-15T02:43:00.642+0000] {logging_mixin.py:188} INFO - [2024-06-15T02:43:00.642+0000] {dag.py:3047} INFO - Sync 1 DAGs
[2024-06-15T02:43:00.651+0000] {logging_mixin.py:188} INFO - [2024-06-15T02:43:00.651+0000] {dag.py:3834} INFO - Setting next_dagrun for callback to None, run_after=None
[2024-06-15T02:43:00.675+0000] {processor.py:183} INFO - Processing /opt/airflow/dags/callback.py took 0.069 seconds
[2024-06-15T02:43:31.071+0000] {processor.py:161} INFO - Started process (PID=653) to work on /opt/airflow/dags/callback.py
[2024-06-15T02:43:31.072+0000] {processor.py:830} INFO - Processing file /opt/airflow/dags/callback.py for tasks to queue
[2024-06-15T02:43:31.073+0000] {logging_mixin.py:188} INFO - [2024-06-15T02:43:31.073+0000] {dagbag.py:540} INFO - Filling up the DagBag from /opt/airflow/dags/callback.py
[2024-06-15T02:43:31.085+0000] {processor.py:840} INFO - DAG(s) 'callback' retrieved from /opt/airflow/dags/callback.py
[2024-06-15T02:43:31.117+0000] {logging_mixin.py:188} INFO - [2024-06-15T02:43:31.117+0000] {dag.py:3047} INFO - Sync 1 DAGs
[2024-06-15T02:43:31.129+0000] {logging_mixin.py:188} INFO - [2024-06-15T02:43:31.128+0000] {dag.py:3834} INFO - Setting next_dagrun for callback to None, run_after=None
[2024-06-15T02:43:31.152+0000] {processor.py:183} INFO - Processing /opt/airflow/dags/callback.py took 0.082 seconds
[2024-06-15T02:44:01.436+0000] {processor.py:161} INFO - Started process (PID=676) to work on /opt/airflow/dags/callback.py
[2024-06-15T02:44:01.437+0000] {processor.py:830} INFO - Processing file /opt/airflow/dags/callback.py for tasks to queue
[2024-06-15T02:44:01.438+0000] {logging_mixin.py:188} INFO - [2024-06-15T02:44:01.437+0000] {dagbag.py:540} INFO - Filling up the DagBag from /opt/airflow/dags/callback.py
[2024-06-15T02:44:01.449+0000] {processor.py:840} INFO - DAG(s) 'callback' retrieved from /opt/airflow/dags/callback.py
[2024-06-15T02:44:01.475+0000] {logging_mixin.py:188} INFO - [2024-06-15T02:44:01.475+0000] {dag.py:3047} INFO - Sync 1 DAGs
[2024-06-15T02:44:01.484+0000] {logging_mixin.py:188} INFO - [2024-06-15T02:44:01.484+0000] {dag.py:3834} INFO - Setting next_dagrun for callback to None, run_after=None
[2024-06-15T02:44:01.504+0000] {processor.py:183} INFO - Processing /opt/airflow/dags/callback.py took 0.069 seconds
[2024-06-15T02:44:32.167+0000] {processor.py:161} INFO - Started process (PID=699) to work on /opt/airflow/dags/callback.py
[2024-06-15T02:44:32.167+0000] {processor.py:830} INFO - Processing file /opt/airflow/dags/callback.py for tasks to queue
[2024-06-15T02:44:32.168+0000] {logging_mixin.py:188} INFO - [2024-06-15T02:44:32.168+0000] {dagbag.py:540} INFO - Filling up the DagBag from /opt/airflow/dags/callback.py
[2024-06-15T02:44:32.178+0000] {processor.py:840} INFO - DAG(s) 'callback' retrieved from /opt/airflow/dags/callback.py
[2024-06-15T02:44:32.207+0000] {logging_mixin.py:188} INFO - [2024-06-15T02:44:32.207+0000] {dag.py:3047} INFO - Sync 1 DAGs
[2024-06-15T02:44:32.216+0000] {logging_mixin.py:188} INFO - [2024-06-15T02:44:32.215+0000] {dag.py:3834} INFO - Setting next_dagrun for callback to None, run_after=None
[2024-06-15T02:44:32.238+0000] {processor.py:183} INFO - Processing /opt/airflow/dags/callback.py took 0.073 seconds
[2024-06-15T02:45:02.860+0000] {processor.py:161} INFO - Started process (PID=724) to work on /opt/airflow/dags/callback.py
[2024-06-15T02:45:02.860+0000] {processor.py:830} INFO - Processing file /opt/airflow/dags/callback.py for tasks to queue
[2024-06-15T02:45:02.861+0000] {logging_mixin.py:188} INFO - [2024-06-15T02:45:02.861+0000] {dagbag.py:540} INFO - Filling up the DagBag from /opt/airflow/dags/callback.py
[2024-06-15T02:45:02.872+0000] {processor.py:840} INFO - DAG(s) 'callback' retrieved from /opt/airflow/dags/callback.py
[2024-06-15T02:45:02.906+0000] {logging_mixin.py:188} INFO - [2024-06-15T02:45:02.906+0000] {dag.py:3047} INFO - Sync 1 DAGs
[2024-06-15T02:45:02.916+0000] {logging_mixin.py:188} INFO - [2024-06-15T02:45:02.916+0000] {dag.py:3834} INFO - Setting next_dagrun for callback to None, run_after=None
[2024-06-15T02:45:02.935+0000] {processor.py:183} INFO - Processing /opt/airflow/dags/callback.py took 0.076 seconds
[2024-06-15T02:45:33.408+0000] {processor.py:161} INFO - Started process (PID=747) to work on /opt/airflow/dags/callback.py
[2024-06-15T02:45:33.409+0000] {processor.py:830} INFO - Processing file /opt/airflow/dags/callback.py for tasks to queue
[2024-06-15T02:45:33.410+0000] {logging_mixin.py:188} INFO - [2024-06-15T02:45:33.410+0000] {dagbag.py:540} INFO - Filling up the DagBag from /opt/airflow/dags/callback.py
[2024-06-15T02:45:33.423+0000] {processor.py:840} INFO - DAG(s) 'callback' retrieved from /opt/airflow/dags/callback.py
[2024-06-15T02:45:33.448+0000] {logging_mixin.py:188} INFO - [2024-06-15T02:45:33.448+0000] {dag.py:3047} INFO - Sync 1 DAGs
[2024-06-15T02:45:33.457+0000] {logging_mixin.py:188} INFO - [2024-06-15T02:45:33.457+0000] {dag.py:3834} INFO - Setting next_dagrun for callback to None, run_after=None
[2024-06-15T02:45:33.480+0000] {processor.py:183} INFO - Processing /opt/airflow/dags/callback.py took 0.073 seconds
[2024-06-15T02:46:04.072+0000] {processor.py:161} INFO - Started process (PID=771) to work on /opt/airflow/dags/callback.py
[2024-06-15T02:46:04.073+0000] {processor.py:830} INFO - Processing file /opt/airflow/dags/callback.py for tasks to queue
[2024-06-15T02:46:04.075+0000] {logging_mixin.py:188} INFO - [2024-06-15T02:46:04.075+0000] {dagbag.py:540} INFO - Filling up the DagBag from /opt/airflow/dags/callback.py
[2024-06-15T02:46:04.083+0000] {processor.py:840} INFO - DAG(s) 'callback' retrieved from /opt/airflow/dags/callback.py
[2024-06-15T02:46:04.110+0000] {logging_mixin.py:188} INFO - [2024-06-15T02:46:04.110+0000] {dag.py:3047} INFO - Sync 1 DAGs
[2024-06-15T02:46:04.118+0000] {logging_mixin.py:188} INFO - [2024-06-15T02:46:04.118+0000] {dag.py:3834} INFO - Setting next_dagrun for callback to None, run_after=None
[2024-06-15T02:46:04.137+0000] {processor.py:183} INFO - Processing /opt/airflow/dags/callback.py took 0.067 seconds
[2024-06-15T02:46:34.423+0000] {processor.py:161} INFO - Started process (PID=794) to work on /opt/airflow/dags/callback.py
[2024-06-15T02:46:34.424+0000] {processor.py:830} INFO - Processing file /opt/airflow/dags/callback.py for tasks to queue
[2024-06-15T02:46:34.425+0000] {logging_mixin.py:188} INFO - [2024-06-15T02:46:34.425+0000] {dagbag.py:540} INFO - Filling up the DagBag from /opt/airflow/dags/callback.py
[2024-06-15T02:46:34.442+0000] {processor.py:840} INFO - DAG(s) 'callback' retrieved from /opt/airflow/dags/callback.py
[2024-06-15T02:46:34.471+0000] {logging_mixin.py:188} INFO - [2024-06-15T02:46:34.470+0000] {dag.py:3047} INFO - Sync 1 DAGs
[2024-06-15T02:46:34.479+0000] {logging_mixin.py:188} INFO - [2024-06-15T02:46:34.479+0000] {dag.py:3834} INFO - Setting next_dagrun for callback to None, run_after=None
[2024-06-15T02:46:34.496+0000] {processor.py:183} INFO - Processing /opt/airflow/dags/callback.py took 0.074 seconds
[2024-06-15T02:47:04.724+0000] {processor.py:161} INFO - Started process (PID=819) to work on /opt/airflow/dags/callback.py
[2024-06-15T02:47:04.724+0000] {processor.py:830} INFO - Processing file /opt/airflow/dags/callback.py for tasks to queue
[2024-06-15T02:47:04.725+0000] {logging_mixin.py:188} INFO - [2024-06-15T02:47:04.725+0000] {dagbag.py:540} INFO - Filling up the DagBag from /opt/airflow/dags/callback.py
[2024-06-15T02:47:04.734+0000] {processor.py:840} INFO - DAG(s) 'callback' retrieved from /opt/airflow/dags/callback.py
[2024-06-15T02:47:04.763+0000] {logging_mixin.py:188} INFO - [2024-06-15T02:47:04.763+0000] {dag.py:3047} INFO - Sync 1 DAGs
[2024-06-15T02:47:04.771+0000] {logging_mixin.py:188} INFO - [2024-06-15T02:47:04.771+0000] {dag.py:3834} INFO - Setting next_dagrun for callback to None, run_after=None
[2024-06-15T02:47:04.801+0000] {processor.py:183} INFO - Processing /opt/airflow/dags/callback.py took 0.079 seconds
[2024-06-15T02:47:35.040+0000] {processor.py:161} INFO - Started process (PID=843) to work on /opt/airflow/dags/callback.py
[2024-06-15T02:47:35.040+0000] {processor.py:830} INFO - Processing file /opt/airflow/dags/callback.py for tasks to queue
[2024-06-15T02:47:35.041+0000] {logging_mixin.py:188} INFO - [2024-06-15T02:47:35.041+0000] {dagbag.py:540} INFO - Filling up the DagBag from /opt/airflow/dags/callback.py
[2024-06-15T02:47:35.054+0000] {processor.py:840} INFO - DAG(s) 'callback' retrieved from /opt/airflow/dags/callback.py
[2024-06-15T02:47:35.085+0000] {logging_mixin.py:188} INFO - [2024-06-15T02:47:35.085+0000] {dag.py:3047} INFO - Sync 1 DAGs
[2024-06-15T02:47:35.096+0000] {logging_mixin.py:188} INFO - [2024-06-15T02:47:35.095+0000] {dag.py:3834} INFO - Setting next_dagrun for callback to None, run_after=None
[2024-06-15T02:47:35.119+0000] {processor.py:183} INFO - Processing /opt/airflow/dags/callback.py took 0.081 seconds
[2024-06-15T02:48:05.675+0000] {processor.py:161} INFO - Started process (PID=867) to work on /opt/airflow/dags/callback.py
[2024-06-15T02:48:05.679+0000] {processor.py:830} INFO - Processing file /opt/airflow/dags/callback.py for tasks to queue
[2024-06-15T02:48:05.681+0000] {logging_mixin.py:188} INFO - [2024-06-15T02:48:05.681+0000] {dagbag.py:540} INFO - Filling up the DagBag from /opt/airflow/dags/callback.py
[2024-06-15T02:48:05.705+0000] {processor.py:840} INFO - DAG(s) 'callback' retrieved from /opt/airflow/dags/callback.py
[2024-06-15T02:48:05.795+0000] {logging_mixin.py:188} INFO - [2024-06-15T02:48:05.794+0000] {dag.py:3047} INFO - Sync 1 DAGs
[2024-06-15T02:48:05.803+0000] {logging_mixin.py:188} INFO - [2024-06-15T02:48:05.803+0000] {dag.py:3834} INFO - Setting next_dagrun for callback to None, run_after=None
[2024-06-15T02:48:05.845+0000] {processor.py:183} INFO - Processing /opt/airflow/dags/callback.py took 0.172 seconds
[2024-06-15T02:48:36.291+0000] {processor.py:161} INFO - Started process (PID=890) to work on /opt/airflow/dags/callback.py
[2024-06-15T02:48:36.292+0000] {processor.py:830} INFO - Processing file /opt/airflow/dags/callback.py for tasks to queue
[2024-06-15T02:48:36.293+0000] {logging_mixin.py:188} INFO - [2024-06-15T02:48:36.292+0000] {dagbag.py:540} INFO - Filling up the DagBag from /opt/airflow/dags/callback.py
[2024-06-15T02:48:36.303+0000] {processor.py:840} INFO - DAG(s) 'callback' retrieved from /opt/airflow/dags/callback.py
[2024-06-15T02:48:36.327+0000] {logging_mixin.py:188} INFO - [2024-06-15T02:48:36.327+0000] {dag.py:3047} INFO - Sync 1 DAGs
[2024-06-15T02:48:36.339+0000] {logging_mixin.py:188} INFO - [2024-06-15T02:48:36.339+0000] {dag.py:3834} INFO - Setting next_dagrun for callback to None, run_after=None
[2024-06-15T02:48:36.356+0000] {processor.py:183} INFO - Processing /opt/airflow/dags/callback.py took 0.066 seconds
[2024-06-15T02:49:06.829+0000] {processor.py:161} INFO - Started process (PID=913) to work on /opt/airflow/dags/callback.py
[2024-06-15T02:49:06.829+0000] {processor.py:830} INFO - Processing file /opt/airflow/dags/callback.py for tasks to queue
[2024-06-15T02:49:06.830+0000] {logging_mixin.py:188} INFO - [2024-06-15T02:49:06.830+0000] {dagbag.py:540} INFO - Filling up the DagBag from /opt/airflow/dags/callback.py
[2024-06-15T02:49:06.841+0000] {processor.py:840} INFO - DAG(s) 'callback' retrieved from /opt/airflow/dags/callback.py
[2024-06-15T02:49:06.862+0000] {logging_mixin.py:188} INFO - [2024-06-15T02:49:06.862+0000] {dag.py:3047} INFO - Sync 1 DAGs
[2024-06-15T02:49:06.870+0000] {logging_mixin.py:188} INFO - [2024-06-15T02:49:06.870+0000] {dag.py:3834} INFO - Setting next_dagrun for callback to None, run_after=None
[2024-06-15T02:49:06.906+0000] {processor.py:183} INFO - Processing /opt/airflow/dags/callback.py took 0.079 seconds
[2024-06-15T02:49:37.166+0000] {processor.py:161} INFO - Started process (PID=960) to work on /opt/airflow/dags/callback.py
[2024-06-15T02:49:37.167+0000] {processor.py:830} INFO - Processing file /opt/airflow/dags/callback.py for tasks to queue
[2024-06-15T02:49:37.169+0000] {logging_mixin.py:188} INFO - [2024-06-15T02:49:37.168+0000] {dagbag.py:540} INFO - Filling up the DagBag from /opt/airflow/dags/callback.py
[2024-06-15T02:49:37.191+0000] {processor.py:840} INFO - DAG(s) 'callback' retrieved from /opt/airflow/dags/callback.py
[2024-06-15T02:49:37.250+0000] {logging_mixin.py:188} INFO - [2024-06-15T02:49:37.250+0000] {dag.py:3047} INFO - Sync 1 DAGs
[2024-06-15T02:49:37.264+0000] {logging_mixin.py:188} INFO - [2024-06-15T02:49:37.263+0000] {dag.py:3834} INFO - Setting next_dagrun for callback to None, run_after=None
[2024-06-15T02:49:37.292+0000] {processor.py:183} INFO - Processing /opt/airflow/dags/callback.py took 0.127 seconds
[2024-06-15T02:50:07.755+0000] {processor.py:161} INFO - Started process (PID=992) to work on /opt/airflow/dags/callback.py
[2024-06-15T02:50:07.755+0000] {processor.py:830} INFO - Processing file /opt/airflow/dags/callback.py for tasks to queue
[2024-06-15T02:50:07.757+0000] {logging_mixin.py:188} INFO - [2024-06-15T02:50:07.756+0000] {dagbag.py:540} INFO - Filling up the DagBag from /opt/airflow/dags/callback.py
[2024-06-15T02:50:07.768+0000] {processor.py:840} INFO - DAG(s) 'callback' retrieved from /opt/airflow/dags/callback.py
[2024-06-15T02:50:07.802+0000] {logging_mixin.py:188} INFO - [2024-06-15T02:50:07.802+0000] {dag.py:3047} INFO - Sync 1 DAGs
[2024-06-15T02:50:07.810+0000] {logging_mixin.py:188} INFO - [2024-06-15T02:50:07.810+0000] {dag.py:3834} INFO - Setting next_dagrun for callback to None, run_after=None
[2024-06-15T02:50:07.829+0000] {processor.py:183} INFO - Processing /opt/airflow/dags/callback.py took 0.076 seconds
[2024-06-15T02:50:38.241+0000] {processor.py:161} INFO - Started process (PID=1015) to work on /opt/airflow/dags/callback.py
[2024-06-15T02:50:38.244+0000] {processor.py:830} INFO - Processing file /opt/airflow/dags/callback.py for tasks to queue
[2024-06-15T02:50:38.246+0000] {logging_mixin.py:188} INFO - [2024-06-15T02:50:38.246+0000] {dagbag.py:540} INFO - Filling up the DagBag from /opt/airflow/dags/callback.py
[2024-06-15T02:50:38.271+0000] {processor.py:840} INFO - DAG(s) 'callback' retrieved from /opt/airflow/dags/callback.py
[2024-06-15T02:50:38.294+0000] {logging_mixin.py:188} INFO - [2024-06-15T02:50:38.294+0000] {dag.py:3047} INFO - Sync 1 DAGs
[2024-06-15T02:50:38.305+0000] {logging_mixin.py:188} INFO - [2024-06-15T02:50:38.305+0000] {dag.py:3834} INFO - Setting next_dagrun for callback to None, run_after=None
[2024-06-15T02:50:38.331+0000] {processor.py:183} INFO - Processing /opt/airflow/dags/callback.py took 0.091 seconds
[2024-06-15T02:51:08.815+0000] {processor.py:161} INFO - Started process (PID=1038) to work on /opt/airflow/dags/callback.py
[2024-06-15T02:51:08.816+0000] {processor.py:830} INFO - Processing file /opt/airflow/dags/callback.py for tasks to queue
[2024-06-15T02:51:08.817+0000] {logging_mixin.py:188} INFO - [2024-06-15T02:51:08.817+0000] {dagbag.py:540} INFO - Filling up the DagBag from /opt/airflow/dags/callback.py
[2024-06-15T02:51:08.830+0000] {processor.py:840} INFO - DAG(s) 'callback' retrieved from /opt/airflow/dags/callback.py
[2024-06-15T02:51:08.860+0000] {logging_mixin.py:188} INFO - [2024-06-15T02:51:08.860+0000] {dag.py:3047} INFO - Sync 1 DAGs
[2024-06-15T02:51:08.869+0000] {logging_mixin.py:188} INFO - [2024-06-15T02:51:08.869+0000] {dag.py:3834} INFO - Setting next_dagrun for callback to None, run_after=None
[2024-06-15T02:51:08.891+0000] {processor.py:183} INFO - Processing /opt/airflow/dags/callback.py took 0.078 seconds
[2024-06-15T02:51:39.317+0000] {processor.py:161} INFO - Started process (PID=1061) to work on /opt/airflow/dags/callback.py
[2024-06-15T02:51:39.318+0000] {processor.py:830} INFO - Processing file /opt/airflow/dags/callback.py for tasks to queue
[2024-06-15T02:51:39.319+0000] {logging_mixin.py:188} INFO - [2024-06-15T02:51:39.319+0000] {dagbag.py:540} INFO - Filling up the DagBag from /opt/airflow/dags/callback.py
[2024-06-15T02:51:39.328+0000] {processor.py:840} INFO - DAG(s) 'callback' retrieved from /opt/airflow/dags/callback.py
[2024-06-15T02:51:39.351+0000] {logging_mixin.py:188} INFO - [2024-06-15T02:51:39.350+0000] {dag.py:3047} INFO - Sync 1 DAGs
[2024-06-15T02:51:39.359+0000] {logging_mixin.py:188} INFO - [2024-06-15T02:51:39.359+0000] {dag.py:3834} INFO - Setting next_dagrun for callback to None, run_after=None
[2024-06-15T02:51:39.380+0000] {processor.py:183} INFO - Processing /opt/airflow/dags/callback.py took 0.065 seconds
