[2024-06-15T02:29:46.441+0000] {processor.py:161} INFO - Started process (PID=45) to work on /opt/airflow/dags/context.py
[2024-06-15T02:29:46.442+0000] {processor.py:830} INFO - Processing file /opt/airflow/dags/context.py for tasks to queue
[2024-06-15T02:29:46.443+0000] {logging_mixin.py:188} INFO - [2024-06-15T02:29:46.443+0000] {dagbag.py:540} INFO - Filling up the DagBag from /opt/airflow/dags/context.py
[2024-06-15T02:29:46.459+0000] {processor.py:840} INFO - DAG(s) 'context' retrieved from /opt/airflow/dags/context.py
[2024-06-15T02:29:46.537+0000] {logging_mixin.py:188} INFO - [2024-06-15T02:29:46.537+0000] {dag.py:3047} INFO - Sync 1 DAGs
[2024-06-15T02:29:46.580+0000] {logging_mixin.py:188} INFO - [2024-06-15T02:29:46.579+0000] {dag.py:3834} INFO - Setting next_dagrun for context to None, run_after=None
[2024-06-15T02:29:46.620+0000] {processor.py:183} INFO - Processing /opt/airflow/dags/context.py took 0.180 seconds
[2024-06-15T02:30:16.665+0000] {processor.py:161} INFO - Started process (PID=67) to work on /opt/airflow/dags/context.py
[2024-06-15T02:30:16.665+0000] {processor.py:830} INFO - Processing file /opt/airflow/dags/context.py for tasks to queue
[2024-06-15T02:30:16.667+0000] {logging_mixin.py:188} INFO - [2024-06-15T02:30:16.667+0000] {dagbag.py:540} INFO - Filling up the DagBag from /opt/airflow/dags/context.py
[2024-06-15T02:30:16.681+0000] {processor.py:840} INFO - DAG(s) 'context' retrieved from /opt/airflow/dags/context.py
[2024-06-15T02:30:16.701+0000] {logging_mixin.py:188} INFO - [2024-06-15T02:30:16.701+0000] {dag.py:3047} INFO - Sync 1 DAGs
[2024-06-15T02:30:16.718+0000] {logging_mixin.py:188} INFO - [2024-06-15T02:30:16.718+0000] {dag.py:3834} INFO - Setting next_dagrun for context to None, run_after=None
[2024-06-15T02:30:16.735+0000] {processor.py:183} INFO - Processing /opt/airflow/dags/context.py took 0.072 seconds
[2024-06-15T02:30:47.265+0000] {processor.py:161} INFO - Started process (PID=89) to work on /opt/airflow/dags/context.py
[2024-06-15T02:30:47.266+0000] {processor.py:830} INFO - Processing file /opt/airflow/dags/context.py for tasks to queue
[2024-06-15T02:30:47.267+0000] {logging_mixin.py:188} INFO - [2024-06-15T02:30:47.267+0000] {dagbag.py:540} INFO - Filling up the DagBag from /opt/airflow/dags/context.py
[2024-06-15T02:30:47.278+0000] {processor.py:840} INFO - DAG(s) 'context' retrieved from /opt/airflow/dags/context.py
[2024-06-15T02:30:47.298+0000] {logging_mixin.py:188} INFO - [2024-06-15T02:30:47.298+0000] {dag.py:3047} INFO - Sync 1 DAGs
[2024-06-15T02:30:47.313+0000] {logging_mixin.py:188} INFO - [2024-06-15T02:30:47.313+0000] {dag.py:3834} INFO - Setting next_dagrun for context to None, run_after=None
[2024-06-15T02:30:47.330+0000] {processor.py:183} INFO - Processing /opt/airflow/dags/context.py took 0.067 seconds
[2024-06-15T02:31:17.631+0000] {processor.py:161} INFO - Started process (PID=111) to work on /opt/airflow/dags/context.py
[2024-06-15T02:31:17.632+0000] {processor.py:830} INFO - Processing file /opt/airflow/dags/context.py for tasks to queue
[2024-06-15T02:31:17.633+0000] {logging_mixin.py:188} INFO - [2024-06-15T02:31:17.633+0000] {dagbag.py:540} INFO - Filling up the DagBag from /opt/airflow/dags/context.py
[2024-06-15T02:31:17.644+0000] {processor.py:840} INFO - DAG(s) 'context' retrieved from /opt/airflow/dags/context.py
[2024-06-15T02:31:17.664+0000] {logging_mixin.py:188} INFO - [2024-06-15T02:31:17.664+0000] {dag.py:3047} INFO - Sync 1 DAGs
[2024-06-15T02:31:17.681+0000] {logging_mixin.py:188} INFO - [2024-06-15T02:31:17.681+0000] {dag.py:3834} INFO - Setting next_dagrun for context to None, run_after=None
[2024-06-15T02:31:17.699+0000] {processor.py:183} INFO - Processing /opt/airflow/dags/context.py took 0.069 seconds
[2024-06-15T02:31:48.307+0000] {processor.py:161} INFO - Started process (PID=133) to work on /opt/airflow/dags/context.py
[2024-06-15T02:31:48.307+0000] {processor.py:830} INFO - Processing file /opt/airflow/dags/context.py for tasks to queue
[2024-06-15T02:31:48.308+0000] {logging_mixin.py:188} INFO - [2024-06-15T02:31:48.308+0000] {dagbag.py:540} INFO - Filling up the DagBag from /opt/airflow/dags/context.py
[2024-06-15T02:31:48.319+0000] {processor.py:840} INFO - DAG(s) 'context' retrieved from /opt/airflow/dags/context.py
[2024-06-15T02:31:48.345+0000] {logging_mixin.py:188} INFO - [2024-06-15T02:31:48.344+0000] {dag.py:3047} INFO - Sync 1 DAGs
[2024-06-15T02:31:48.369+0000] {logging_mixin.py:188} INFO - [2024-06-15T02:31:48.369+0000] {dag.py:3834} INFO - Setting next_dagrun for context to None, run_after=None
[2024-06-15T02:31:48.390+0000] {processor.py:183} INFO - Processing /opt/airflow/dags/context.py took 0.085 seconds
[2024-06-15T02:32:18.768+0000] {processor.py:161} INFO - Started process (PID=155) to work on /opt/airflow/dags/context.py
[2024-06-15T02:32:18.769+0000] {processor.py:830} INFO - Processing file /opt/airflow/dags/context.py for tasks to queue
[2024-06-15T02:32:18.770+0000] {logging_mixin.py:188} INFO - [2024-06-15T02:32:18.770+0000] {dagbag.py:540} INFO - Filling up the DagBag from /opt/airflow/dags/context.py
[2024-06-15T02:32:18.780+0000] {processor.py:840} INFO - DAG(s) 'context' retrieved from /opt/airflow/dags/context.py
[2024-06-15T02:32:18.803+0000] {logging_mixin.py:188} INFO - [2024-06-15T02:32:18.803+0000] {dag.py:3047} INFO - Sync 1 DAGs
[2024-06-15T02:32:18.817+0000] {logging_mixin.py:188} INFO - [2024-06-15T02:32:18.817+0000] {dag.py:3834} INFO - Setting next_dagrun for context to None, run_after=None
[2024-06-15T02:32:18.837+0000] {processor.py:183} INFO - Processing /opt/airflow/dags/context.py took 0.071 seconds
[2024-06-15T02:32:49.240+0000] {processor.py:161} INFO - Started process (PID=177) to work on /opt/airflow/dags/context.py
[2024-06-15T02:32:49.241+0000] {processor.py:830} INFO - Processing file /opt/airflow/dags/context.py for tasks to queue
[2024-06-15T02:32:49.242+0000] {logging_mixin.py:188} INFO - [2024-06-15T02:32:49.242+0000] {dagbag.py:540} INFO - Filling up the DagBag from /opt/airflow/dags/context.py
[2024-06-15T02:32:49.257+0000] {processor.py:840} INFO - DAG(s) 'context' retrieved from /opt/airflow/dags/context.py
[2024-06-15T02:32:49.276+0000] {logging_mixin.py:188} INFO - [2024-06-15T02:32:49.276+0000] {dag.py:3047} INFO - Sync 1 DAGs
[2024-06-15T02:32:49.294+0000] {logging_mixin.py:188} INFO - [2024-06-15T02:32:49.293+0000] {dag.py:3834} INFO - Setting next_dagrun for context to None, run_after=None
[2024-06-15T02:32:49.307+0000] {processor.py:183} INFO - Processing /opt/airflow/dags/context.py took 0.069 seconds
[2024-06-15T02:33:20.092+0000] {processor.py:161} INFO - Started process (PID=199) to work on /opt/airflow/dags/context.py
[2024-06-15T02:33:20.093+0000] {processor.py:830} INFO - Processing file /opt/airflow/dags/context.py for tasks to queue
[2024-06-15T02:33:20.094+0000] {logging_mixin.py:188} INFO - [2024-06-15T02:33:20.094+0000] {dagbag.py:540} INFO - Filling up the DagBag from /opt/airflow/dags/context.py
[2024-06-15T02:33:20.109+0000] {processor.py:840} INFO - DAG(s) 'context' retrieved from /opt/airflow/dags/context.py
[2024-06-15T02:33:20.135+0000] {logging_mixin.py:188} INFO - [2024-06-15T02:33:20.134+0000] {dag.py:3047} INFO - Sync 1 DAGs
[2024-06-15T02:33:20.154+0000] {logging_mixin.py:188} INFO - [2024-06-15T02:33:20.154+0000] {dag.py:3834} INFO - Setting next_dagrun for context to None, run_after=None
[2024-06-15T02:33:20.179+0000] {processor.py:183} INFO - Processing /opt/airflow/dags/context.py took 0.088 seconds
[2024-06-15T02:33:50.627+0000] {processor.py:161} INFO - Started process (PID=220) to work on /opt/airflow/dags/context.py
[2024-06-15T02:33:50.628+0000] {processor.py:830} INFO - Processing file /opt/airflow/dags/context.py for tasks to queue
[2024-06-15T02:33:50.630+0000] {logging_mixin.py:188} INFO - [2024-06-15T02:33:50.630+0000] {dagbag.py:540} INFO - Filling up the DagBag from /opt/airflow/dags/context.py
[2024-06-15T02:33:50.647+0000] {processor.py:840} INFO - DAG(s) 'context' retrieved from /opt/airflow/dags/context.py
[2024-06-15T02:33:50.672+0000] {logging_mixin.py:188} INFO - [2024-06-15T02:33:50.672+0000] {dag.py:3047} INFO - Sync 1 DAGs
[2024-06-15T02:33:50.691+0000] {logging_mixin.py:188} INFO - [2024-06-15T02:33:50.691+0000] {dag.py:3834} INFO - Setting next_dagrun for context to None, run_after=None
[2024-06-15T02:33:50.710+0000] {processor.py:183} INFO - Processing /opt/airflow/dags/context.py took 0.085 seconds
[2024-06-15T02:34:21.162+0000] {processor.py:161} INFO - Started process (PID=242) to work on /opt/airflow/dags/context.py
[2024-06-15T02:34:21.162+0000] {processor.py:830} INFO - Processing file /opt/airflow/dags/context.py for tasks to queue
[2024-06-15T02:34:21.164+0000] {logging_mixin.py:188} INFO - [2024-06-15T02:34:21.164+0000] {dagbag.py:540} INFO - Filling up the DagBag from /opt/airflow/dags/context.py
[2024-06-15T02:34:21.184+0000] {processor.py:840} INFO - DAG(s) 'context' retrieved from /opt/airflow/dags/context.py
[2024-06-15T02:34:21.210+0000] {logging_mixin.py:188} INFO - [2024-06-15T02:34:21.209+0000] {dag.py:3047} INFO - Sync 1 DAGs
[2024-06-15T02:34:21.233+0000] {logging_mixin.py:188} INFO - [2024-06-15T02:34:21.233+0000] {dag.py:3834} INFO - Setting next_dagrun for context to None, run_after=None
[2024-06-15T02:34:21.248+0000] {processor.py:183} INFO - Processing /opt/airflow/dags/context.py took 0.088 seconds
[2024-06-15T02:34:51.966+0000] {processor.py:161} INFO - Started process (PID=265) to work on /opt/airflow/dags/context.py
[2024-06-15T02:34:51.966+0000] {processor.py:830} INFO - Processing file /opt/airflow/dags/context.py for tasks to queue
[2024-06-15T02:34:51.967+0000] {logging_mixin.py:188} INFO - [2024-06-15T02:34:51.967+0000] {dagbag.py:540} INFO - Filling up the DagBag from /opt/airflow/dags/context.py
[2024-06-15T02:34:51.981+0000] {processor.py:840} INFO - DAG(s) 'context' retrieved from /opt/airflow/dags/context.py
[2024-06-15T02:34:52.005+0000] {logging_mixin.py:188} INFO - [2024-06-15T02:34:52.005+0000] {dag.py:3047} INFO - Sync 1 DAGs
[2024-06-15T02:34:52.020+0000] {logging_mixin.py:188} INFO - [2024-06-15T02:34:52.020+0000] {dag.py:3834} INFO - Setting next_dagrun for context to None, run_after=None
[2024-06-15T02:34:52.038+0000] {processor.py:183} INFO - Processing /opt/airflow/dags/context.py took 0.073 seconds
[2024-06-15T02:35:22.623+0000] {processor.py:161} INFO - Started process (PID=288) to work on /opt/airflow/dags/context.py
[2024-06-15T02:35:22.624+0000] {processor.py:830} INFO - Processing file /opt/airflow/dags/context.py for tasks to queue
[2024-06-15T02:35:22.625+0000] {logging_mixin.py:188} INFO - [2024-06-15T02:35:22.625+0000] {dagbag.py:540} INFO - Filling up the DagBag from /opt/airflow/dags/context.py
[2024-06-15T02:35:22.636+0000] {processor.py:840} INFO - DAG(s) 'context' retrieved from /opt/airflow/dags/context.py
[2024-06-15T02:35:22.657+0000] {logging_mixin.py:188} INFO - [2024-06-15T02:35:22.657+0000] {dag.py:3047} INFO - Sync 1 DAGs
[2024-06-15T02:35:22.673+0000] {logging_mixin.py:188} INFO - [2024-06-15T02:35:22.673+0000] {dag.py:3834} INFO - Setting next_dagrun for context to None, run_after=None
[2024-06-15T02:35:22.698+0000] {processor.py:183} INFO - Processing /opt/airflow/dags/context.py took 0.076 seconds
[2024-06-15T02:35:53.280+0000] {processor.py:161} INFO - Started process (PID=312) to work on /opt/airflow/dags/context.py
[2024-06-15T02:35:53.281+0000] {processor.py:830} INFO - Processing file /opt/airflow/dags/context.py for tasks to queue
[2024-06-15T02:35:53.282+0000] {logging_mixin.py:188} INFO - [2024-06-15T02:35:53.282+0000] {dagbag.py:540} INFO - Filling up the DagBag from /opt/airflow/dags/context.py
[2024-06-15T02:35:53.299+0000] {processor.py:840} INFO - DAG(s) 'context' retrieved from /opt/airflow/dags/context.py
[2024-06-15T02:35:53.324+0000] {logging_mixin.py:188} INFO - [2024-06-15T02:35:53.324+0000] {dag.py:3047} INFO - Sync 1 DAGs
[2024-06-15T02:35:53.342+0000] {logging_mixin.py:188} INFO - [2024-06-15T02:35:53.342+0000] {dag.py:3834} INFO - Setting next_dagrun for context to None, run_after=None
[2024-06-15T02:35:53.360+0000] {processor.py:183} INFO - Processing /opt/airflow/dags/context.py took 0.081 seconds
[2024-06-15T02:36:23.649+0000] {processor.py:161} INFO - Started process (PID=335) to work on /opt/airflow/dags/context.py
[2024-06-15T02:36:23.650+0000] {processor.py:830} INFO - Processing file /opt/airflow/dags/context.py for tasks to queue
[2024-06-15T02:36:23.651+0000] {logging_mixin.py:188} INFO - [2024-06-15T02:36:23.651+0000] {dagbag.py:540} INFO - Filling up the DagBag from /opt/airflow/dags/context.py
[2024-06-15T02:36:23.664+0000] {processor.py:840} INFO - DAG(s) 'context' retrieved from /opt/airflow/dags/context.py
[2024-06-15T02:36:23.688+0000] {logging_mixin.py:188} INFO - [2024-06-15T02:36:23.688+0000] {dag.py:3047} INFO - Sync 1 DAGs
[2024-06-15T02:36:23.704+0000] {logging_mixin.py:188} INFO - [2024-06-15T02:36:23.704+0000] {dag.py:3834} INFO - Setting next_dagrun for context to None, run_after=None
[2024-06-15T02:36:23.731+0000] {processor.py:183} INFO - Processing /opt/airflow/dags/context.py took 0.084 seconds
[2024-06-15T02:36:54.078+0000] {processor.py:161} INFO - Started process (PID=358) to work on /opt/airflow/dags/context.py
[2024-06-15T02:36:54.079+0000] {processor.py:830} INFO - Processing file /opt/airflow/dags/context.py for tasks to queue
[2024-06-15T02:36:54.080+0000] {logging_mixin.py:188} INFO - [2024-06-15T02:36:54.080+0000] {dagbag.py:540} INFO - Filling up the DagBag from /opt/airflow/dags/context.py
[2024-06-15T02:36:54.093+0000] {processor.py:840} INFO - DAG(s) 'context' retrieved from /opt/airflow/dags/context.py
[2024-06-15T02:36:54.123+0000] {logging_mixin.py:188} INFO - [2024-06-15T02:36:54.123+0000] {dag.py:3047} INFO - Sync 1 DAGs
[2024-06-15T02:36:54.141+0000] {logging_mixin.py:188} INFO - [2024-06-15T02:36:54.141+0000] {dag.py:3834} INFO - Setting next_dagrun for context to None, run_after=None
[2024-06-15T02:36:54.155+0000] {processor.py:183} INFO - Processing /opt/airflow/dags/context.py took 0.079 seconds
[2024-06-15T02:37:24.880+0000] {processor.py:161} INFO - Started process (PID=382) to work on /opt/airflow/dags/context.py
[2024-06-15T02:37:24.880+0000] {processor.py:830} INFO - Processing file /opt/airflow/dags/context.py for tasks to queue
[2024-06-15T02:37:24.881+0000] {logging_mixin.py:188} INFO - [2024-06-15T02:37:24.881+0000] {dagbag.py:540} INFO - Filling up the DagBag from /opt/airflow/dags/context.py
[2024-06-15T02:37:24.892+0000] {processor.py:840} INFO - DAG(s) 'context' retrieved from /opt/airflow/dags/context.py
[2024-06-15T02:37:24.912+0000] {logging_mixin.py:188} INFO - [2024-06-15T02:37:24.912+0000] {dag.py:3047} INFO - Sync 1 DAGs
[2024-06-15T02:37:24.927+0000] {logging_mixin.py:188} INFO - [2024-06-15T02:37:24.927+0000] {dag.py:3834} INFO - Setting next_dagrun for context to None, run_after=None
[2024-06-15T02:37:24.947+0000] {processor.py:183} INFO - Processing /opt/airflow/dags/context.py took 0.069 seconds
[2024-06-15T02:37:55.465+0000] {processor.py:161} INFO - Started process (PID=405) to work on /opt/airflow/dags/context.py
[2024-06-15T02:37:55.465+0000] {processor.py:830} INFO - Processing file /opt/airflow/dags/context.py for tasks to queue
[2024-06-15T02:37:55.466+0000] {logging_mixin.py:188} INFO - [2024-06-15T02:37:55.466+0000] {dagbag.py:540} INFO - Filling up the DagBag from /opt/airflow/dags/context.py
[2024-06-15T02:37:55.478+0000] {processor.py:840} INFO - DAG(s) 'context' retrieved from /opt/airflow/dags/context.py
[2024-06-15T02:37:55.504+0000] {logging_mixin.py:188} INFO - [2024-06-15T02:37:55.504+0000] {dag.py:3047} INFO - Sync 1 DAGs
[2024-06-15T02:37:55.521+0000] {logging_mixin.py:188} INFO - [2024-06-15T02:37:55.521+0000] {dag.py:3834} INFO - Setting next_dagrun for context to None, run_after=None
[2024-06-15T02:37:55.539+0000] {processor.py:183} INFO - Processing /opt/airflow/dags/context.py took 0.076 seconds
[2024-06-15T02:38:26.317+0000] {processor.py:161} INFO - Started process (PID=429) to work on /opt/airflow/dags/context.py
[2024-06-15T02:38:26.324+0000] {processor.py:830} INFO - Processing file /opt/airflow/dags/context.py for tasks to queue
[2024-06-15T02:38:26.325+0000] {logging_mixin.py:188} INFO - [2024-06-15T02:38:26.325+0000] {dagbag.py:540} INFO - Filling up the DagBag from /opt/airflow/dags/context.py
[2024-06-15T02:38:26.338+0000] {processor.py:840} INFO - DAG(s) 'context' retrieved from /opt/airflow/dags/context.py
[2024-06-15T02:38:26.359+0000] {logging_mixin.py:188} INFO - [2024-06-15T02:38:26.359+0000] {dag.py:3047} INFO - Sync 1 DAGs
[2024-06-15T02:38:26.375+0000] {logging_mixin.py:188} INFO - [2024-06-15T02:38:26.375+0000] {dag.py:3834} INFO - Setting next_dagrun for context to None, run_after=None
[2024-06-15T02:38:26.399+0000] {processor.py:183} INFO - Processing /opt/airflow/dags/context.py took 0.084 seconds
[2024-06-15T02:38:56.865+0000] {processor.py:161} INFO - Started process (PID=452) to work on /opt/airflow/dags/context.py
[2024-06-15T02:38:56.865+0000] {processor.py:830} INFO - Processing file /opt/airflow/dags/context.py for tasks to queue
[2024-06-15T02:38:56.866+0000] {logging_mixin.py:188} INFO - [2024-06-15T02:38:56.866+0000] {dagbag.py:540} INFO - Filling up the DagBag from /opt/airflow/dags/context.py
[2024-06-15T02:38:56.881+0000] {processor.py:840} INFO - DAG(s) 'context' retrieved from /opt/airflow/dags/context.py
[2024-06-15T02:38:56.904+0000] {logging_mixin.py:188} INFO - [2024-06-15T02:38:56.904+0000] {dag.py:3047} INFO - Sync 1 DAGs
[2024-06-15T02:38:56.922+0000] {logging_mixin.py:188} INFO - [2024-06-15T02:38:56.922+0000] {dag.py:3834} INFO - Setting next_dagrun for context to None, run_after=None
[2024-06-15T02:38:56.944+0000] {processor.py:183} INFO - Processing /opt/airflow/dags/context.py took 0.081 seconds
[2024-06-15T02:39:27.246+0000] {processor.py:161} INFO - Started process (PID=475) to work on /opt/airflow/dags/context.py
[2024-06-15T02:39:27.246+0000] {processor.py:830} INFO - Processing file /opt/airflow/dags/context.py for tasks to queue
[2024-06-15T02:39:27.247+0000] {logging_mixin.py:188} INFO - [2024-06-15T02:39:27.247+0000] {dagbag.py:540} INFO - Filling up the DagBag from /opt/airflow/dags/context.py
[2024-06-15T02:39:27.258+0000] {processor.py:840} INFO - DAG(s) 'context' retrieved from /opt/airflow/dags/context.py
[2024-06-15T02:39:27.278+0000] {logging_mixin.py:188} INFO - [2024-06-15T02:39:27.278+0000] {dag.py:3047} INFO - Sync 1 DAGs
[2024-06-15T02:39:27.292+0000] {logging_mixin.py:188} INFO - [2024-06-15T02:39:27.292+0000] {dag.py:3834} INFO - Setting next_dagrun for context to None, run_after=None
[2024-06-15T02:39:27.312+0000] {processor.py:183} INFO - Processing /opt/airflow/dags/context.py took 0.068 seconds
[2024-06-15T02:39:57.808+0000] {processor.py:161} INFO - Started process (PID=498) to work on /opt/airflow/dags/context.py
[2024-06-15T02:39:57.808+0000] {processor.py:830} INFO - Processing file /opt/airflow/dags/context.py for tasks to queue
[2024-06-15T02:39:57.809+0000] {logging_mixin.py:188} INFO - [2024-06-15T02:39:57.809+0000] {dagbag.py:540} INFO - Filling up the DagBag from /opt/airflow/dags/context.py
[2024-06-15T02:39:57.821+0000] {processor.py:840} INFO - DAG(s) 'context' retrieved from /opt/airflow/dags/context.py
[2024-06-15T02:39:57.845+0000] {logging_mixin.py:188} INFO - [2024-06-15T02:39:57.845+0000] {dag.py:3047} INFO - Sync 1 DAGs
[2024-06-15T02:39:57.877+0000] {logging_mixin.py:188} INFO - [2024-06-15T02:39:57.877+0000] {dag.py:3834} INFO - Setting next_dagrun for context to None, run_after=None
[2024-06-15T02:39:57.901+0000] {processor.py:183} INFO - Processing /opt/airflow/dags/context.py took 0.095 seconds
[2024-06-15T02:40:28.103+0000] {processor.py:161} INFO - Started process (PID=521) to work on /opt/airflow/dags/context.py
[2024-06-15T02:40:28.103+0000] {processor.py:830} INFO - Processing file /opt/airflow/dags/context.py for tasks to queue
[2024-06-15T02:40:28.104+0000] {logging_mixin.py:188} INFO - [2024-06-15T02:40:28.104+0000] {dagbag.py:540} INFO - Filling up the DagBag from /opt/airflow/dags/context.py
[2024-06-15T02:40:28.114+0000] {processor.py:840} INFO - DAG(s) 'context' retrieved from /opt/airflow/dags/context.py
[2024-06-15T02:40:28.133+0000] {logging_mixin.py:188} INFO - [2024-06-15T02:40:28.133+0000] {dag.py:3047} INFO - Sync 1 DAGs
[2024-06-15T02:40:28.147+0000] {logging_mixin.py:188} INFO - [2024-06-15T02:40:28.147+0000] {dag.py:3834} INFO - Setting next_dagrun for context to None, run_after=None
[2024-06-15T02:40:28.171+0000] {processor.py:183} INFO - Processing /opt/airflow/dags/context.py took 0.070 seconds
[2024-06-15T02:40:58.634+0000] {processor.py:161} INFO - Started process (PID=544) to work on /opt/airflow/dags/context.py
[2024-06-15T02:40:58.635+0000] {processor.py:830} INFO - Processing file /opt/airflow/dags/context.py for tasks to queue
[2024-06-15T02:40:58.636+0000] {logging_mixin.py:188} INFO - [2024-06-15T02:40:58.636+0000] {dagbag.py:540} INFO - Filling up the DagBag from /opt/airflow/dags/context.py
[2024-06-15T02:40:58.649+0000] {processor.py:840} INFO - DAG(s) 'context' retrieved from /opt/airflow/dags/context.py
[2024-06-15T02:40:58.670+0000] {logging_mixin.py:188} INFO - [2024-06-15T02:40:58.670+0000] {dag.py:3047} INFO - Sync 1 DAGs
[2024-06-15T02:40:58.687+0000] {logging_mixin.py:188} INFO - [2024-06-15T02:40:58.687+0000] {dag.py:3834} INFO - Setting next_dagrun for context to None, run_after=None
[2024-06-15T02:40:58.699+0000] {processor.py:183} INFO - Processing /opt/airflow/dags/context.py took 0.067 seconds
[2024-06-15T02:41:29.226+0000] {processor.py:161} INFO - Started process (PID=567) to work on /opt/airflow/dags/context.py
[2024-06-15T02:41:29.226+0000] {processor.py:830} INFO - Processing file /opt/airflow/dags/context.py for tasks to queue
[2024-06-15T02:41:29.228+0000] {logging_mixin.py:188} INFO - [2024-06-15T02:41:29.227+0000] {dagbag.py:540} INFO - Filling up the DagBag from /opt/airflow/dags/context.py
[2024-06-15T02:41:29.238+0000] {processor.py:840} INFO - DAG(s) 'context' retrieved from /opt/airflow/dags/context.py
[2024-06-15T02:41:29.258+0000] {logging_mixin.py:188} INFO - [2024-06-15T02:41:29.258+0000] {dag.py:3047} INFO - Sync 1 DAGs
[2024-06-15T02:41:29.273+0000] {logging_mixin.py:188} INFO - [2024-06-15T02:41:29.273+0000] {dag.py:3834} INFO - Setting next_dagrun for context to None, run_after=None
[2024-06-15T02:41:29.285+0000] {processor.py:183} INFO - Processing /opt/airflow/dags/context.py took 0.061 seconds
[2024-06-15T02:41:59.776+0000] {processor.py:161} INFO - Started process (PID=590) to work on /opt/airflow/dags/context.py
[2024-06-15T02:41:59.776+0000] {processor.py:830} INFO - Processing file /opt/airflow/dags/context.py for tasks to queue
[2024-06-15T02:41:59.777+0000] {logging_mixin.py:188} INFO - [2024-06-15T02:41:59.777+0000] {dagbag.py:540} INFO - Filling up the DagBag from /opt/airflow/dags/context.py
[2024-06-15T02:41:59.789+0000] {processor.py:840} INFO - DAG(s) 'context' retrieved from /opt/airflow/dags/context.py
[2024-06-15T02:41:59.809+0000] {logging_mixin.py:188} INFO - [2024-06-15T02:41:59.809+0000] {dag.py:3047} INFO - Sync 1 DAGs
[2024-06-15T02:41:59.827+0000] {logging_mixin.py:188} INFO - [2024-06-15T02:41:59.827+0000] {dag.py:3834} INFO - Setting next_dagrun for context to None, run_after=None
[2024-06-15T02:41:59.841+0000] {processor.py:183} INFO - Processing /opt/airflow/dags/context.py took 0.067 seconds
[2024-06-15T02:42:30.297+0000] {processor.py:161} INFO - Started process (PID=613) to work on /opt/airflow/dags/context.py
[2024-06-15T02:42:30.298+0000] {processor.py:830} INFO - Processing file /opt/airflow/dags/context.py for tasks to queue
[2024-06-15T02:42:30.299+0000] {logging_mixin.py:188} INFO - [2024-06-15T02:42:30.298+0000] {dagbag.py:540} INFO - Filling up the DagBag from /opt/airflow/dags/context.py
[2024-06-15T02:42:30.317+0000] {processor.py:840} INFO - DAG(s) 'context' retrieved from /opt/airflow/dags/context.py
[2024-06-15T02:42:30.337+0000] {logging_mixin.py:188} INFO - [2024-06-15T02:42:30.337+0000] {dag.py:3047} INFO - Sync 1 DAGs
[2024-06-15T02:42:30.355+0000] {logging_mixin.py:188} INFO - [2024-06-15T02:42:30.355+0000] {dag.py:3834} INFO - Setting next_dagrun for context to None, run_after=None
[2024-06-15T02:42:30.376+0000] {processor.py:183} INFO - Processing /opt/airflow/dags/context.py took 0.081 seconds
[2024-06-15T02:43:00.988+0000] {processor.py:161} INFO - Started process (PID=636) to work on /opt/airflow/dags/context.py
[2024-06-15T02:43:00.989+0000] {processor.py:830} INFO - Processing file /opt/airflow/dags/context.py for tasks to queue
[2024-06-15T02:43:00.990+0000] {logging_mixin.py:188} INFO - [2024-06-15T02:43:00.990+0000] {dagbag.py:540} INFO - Filling up the DagBag from /opt/airflow/dags/context.py
[2024-06-15T02:43:01.007+0000] {processor.py:840} INFO - DAG(s) 'context' retrieved from /opt/airflow/dags/context.py
[2024-06-15T02:43:01.044+0000] {logging_mixin.py:188} INFO - [2024-06-15T02:43:01.044+0000] {dag.py:3047} INFO - Sync 1 DAGs
[2024-06-15T02:43:01.070+0000] {logging_mixin.py:188} INFO - [2024-06-15T02:43:01.070+0000] {dag.py:3834} INFO - Setting next_dagrun for context to None, run_after=None
[2024-06-15T02:43:01.086+0000] {processor.py:183} INFO - Processing /opt/airflow/dags/context.py took 0.100 seconds
[2024-06-15T02:43:31.445+0000] {processor.py:161} INFO - Started process (PID=659) to work on /opt/airflow/dags/context.py
[2024-06-15T02:43:31.445+0000] {processor.py:830} INFO - Processing file /opt/airflow/dags/context.py for tasks to queue
[2024-06-15T02:43:31.446+0000] {logging_mixin.py:188} INFO - [2024-06-15T02:43:31.446+0000] {dagbag.py:540} INFO - Filling up the DagBag from /opt/airflow/dags/context.py
[2024-06-15T02:43:31.459+0000] {processor.py:840} INFO - DAG(s) 'context' retrieved from /opt/airflow/dags/context.py
[2024-06-15T02:43:31.480+0000] {logging_mixin.py:188} INFO - [2024-06-15T02:43:31.480+0000] {dag.py:3047} INFO - Sync 1 DAGs
[2024-06-15T02:43:31.495+0000] {logging_mixin.py:188} INFO - [2024-06-15T02:43:31.495+0000] {dag.py:3834} INFO - Setting next_dagrun for context to None, run_after=None
[2024-06-15T02:43:31.513+0000] {processor.py:183} INFO - Processing /opt/airflow/dags/context.py took 0.070 seconds
[2024-06-15T02:44:01.801+0000] {processor.py:161} INFO - Started process (PID=682) to work on /opt/airflow/dags/context.py
[2024-06-15T02:44:01.802+0000] {processor.py:830} INFO - Processing file /opt/airflow/dags/context.py for tasks to queue
[2024-06-15T02:44:01.803+0000] {logging_mixin.py:188} INFO - [2024-06-15T02:44:01.803+0000] {dagbag.py:540} INFO - Filling up the DagBag from /opt/airflow/dags/context.py
[2024-06-15T02:44:01.816+0000] {processor.py:840} INFO - DAG(s) 'context' retrieved from /opt/airflow/dags/context.py
[2024-06-15T02:44:01.838+0000] {logging_mixin.py:188} INFO - [2024-06-15T02:44:01.838+0000] {dag.py:3047} INFO - Sync 1 DAGs
[2024-06-15T02:44:01.858+0000] {logging_mixin.py:188} INFO - [2024-06-15T02:44:01.858+0000] {dag.py:3834} INFO - Setting next_dagrun for context to None, run_after=None
[2024-06-15T02:44:01.876+0000] {processor.py:183} INFO - Processing /opt/airflow/dags/context.py took 0.076 seconds
[2024-06-15T02:44:32.498+0000] {processor.py:161} INFO - Started process (PID=705) to work on /opt/airflow/dags/context.py
[2024-06-15T02:44:32.498+0000] {processor.py:830} INFO - Processing file /opt/airflow/dags/context.py for tasks to queue
[2024-06-15T02:44:32.499+0000] {logging_mixin.py:188} INFO - [2024-06-15T02:44:32.499+0000] {dagbag.py:540} INFO - Filling up the DagBag from /opt/airflow/dags/context.py
[2024-06-15T02:44:32.512+0000] {processor.py:840} INFO - DAG(s) 'context' retrieved from /opt/airflow/dags/context.py
[2024-06-15T02:44:32.536+0000] {logging_mixin.py:188} INFO - [2024-06-15T02:44:32.536+0000] {dag.py:3047} INFO - Sync 1 DAGs
[2024-06-15T02:44:32.554+0000] {logging_mixin.py:188} INFO - [2024-06-15T02:44:32.554+0000] {dag.py:3834} INFO - Setting next_dagrun for context to None, run_after=None
[2024-06-15T02:44:32.570+0000] {processor.py:183} INFO - Processing /opt/airflow/dags/context.py took 0.074 seconds
[2024-06-15T02:45:03.245+0000] {processor.py:161} INFO - Started process (PID=730) to work on /opt/airflow/dags/context.py
[2024-06-15T02:45:03.246+0000] {processor.py:830} INFO - Processing file /opt/airflow/dags/context.py for tasks to queue
[2024-06-15T02:45:03.247+0000] {logging_mixin.py:188} INFO - [2024-06-15T02:45:03.247+0000] {dagbag.py:540} INFO - Filling up the DagBag from /opt/airflow/dags/context.py
[2024-06-15T02:45:03.259+0000] {processor.py:840} INFO - DAG(s) 'context' retrieved from /opt/airflow/dags/context.py
[2024-06-15T02:45:03.279+0000] {logging_mixin.py:188} INFO - [2024-06-15T02:45:03.279+0000] {dag.py:3047} INFO - Sync 1 DAGs
[2024-06-15T02:45:03.294+0000] {logging_mixin.py:188} INFO - [2024-06-15T02:45:03.294+0000] {dag.py:3834} INFO - Setting next_dagrun for context to None, run_after=None
[2024-06-15T02:45:03.318+0000] {processor.py:183} INFO - Processing /opt/airflow/dags/context.py took 0.075 seconds
[2024-06-15T02:45:33.795+0000] {processor.py:161} INFO - Started process (PID=753) to work on /opt/airflow/dags/context.py
[2024-06-15T02:45:33.795+0000] {processor.py:830} INFO - Processing file /opt/airflow/dags/context.py for tasks to queue
[2024-06-15T02:45:33.796+0000] {logging_mixin.py:188} INFO - [2024-06-15T02:45:33.796+0000] {dagbag.py:540} INFO - Filling up the DagBag from /opt/airflow/dags/context.py
[2024-06-15T02:45:33.809+0000] {processor.py:840} INFO - DAG(s) 'context' retrieved from /opt/airflow/dags/context.py
[2024-06-15T02:45:33.832+0000] {logging_mixin.py:188} INFO - [2024-06-15T02:45:33.832+0000] {dag.py:3047} INFO - Sync 1 DAGs
[2024-06-15T02:45:33.847+0000] {logging_mixin.py:188} INFO - [2024-06-15T02:45:33.847+0000] {dag.py:3834} INFO - Setting next_dagrun for context to None, run_after=None
[2024-06-15T02:45:33.869+0000] {processor.py:183} INFO - Processing /opt/airflow/dags/context.py took 0.076 seconds
[2024-06-15T02:46:04.441+0000] {processor.py:161} INFO - Started process (PID=777) to work on /opt/airflow/dags/context.py
[2024-06-15T02:46:04.441+0000] {processor.py:830} INFO - Processing file /opt/airflow/dags/context.py for tasks to queue
[2024-06-15T02:46:04.443+0000] {logging_mixin.py:188} INFO - [2024-06-15T02:46:04.443+0000] {dagbag.py:540} INFO - Filling up the DagBag from /opt/airflow/dags/context.py
[2024-06-15T02:46:04.453+0000] {processor.py:840} INFO - DAG(s) 'context' retrieved from /opt/airflow/dags/context.py
[2024-06-15T02:46:04.477+0000] {logging_mixin.py:188} INFO - [2024-06-15T02:46:04.477+0000] {dag.py:3047} INFO - Sync 1 DAGs
[2024-06-15T02:46:04.492+0000] {logging_mixin.py:188} INFO - [2024-06-15T02:46:04.492+0000] {dag.py:3834} INFO - Setting next_dagrun for context to None, run_after=None
[2024-06-15T02:46:04.510+0000] {processor.py:183} INFO - Processing /opt/airflow/dags/context.py took 0.071 seconds
[2024-06-15T02:46:34.758+0000] {processor.py:161} INFO - Started process (PID=800) to work on /opt/airflow/dags/context.py
[2024-06-15T02:46:34.759+0000] {processor.py:830} INFO - Processing file /opt/airflow/dags/context.py for tasks to queue
[2024-06-15T02:46:34.760+0000] {logging_mixin.py:188} INFO - [2024-06-15T02:46:34.760+0000] {dagbag.py:540} INFO - Filling up the DagBag from /opt/airflow/dags/context.py
[2024-06-15T02:46:34.771+0000] {processor.py:840} INFO - DAG(s) 'context' retrieved from /opt/airflow/dags/context.py
[2024-06-15T02:46:34.788+0000] {logging_mixin.py:188} INFO - [2024-06-15T02:46:34.788+0000] {dag.py:3047} INFO - Sync 1 DAGs
[2024-06-15T02:46:34.809+0000] {logging_mixin.py:188} INFO - [2024-06-15T02:46:34.809+0000] {dag.py:3834} INFO - Setting next_dagrun for context to None, run_after=None
[2024-06-15T02:46:34.823+0000] {processor.py:183} INFO - Processing /opt/airflow/dags/context.py took 0.066 seconds
[2024-06-15T02:47:05.069+0000] {processor.py:161} INFO - Started process (PID=825) to work on /opt/airflow/dags/context.py
[2024-06-15T02:47:05.069+0000] {processor.py:830} INFO - Processing file /opt/airflow/dags/context.py for tasks to queue
[2024-06-15T02:47:05.070+0000] {logging_mixin.py:188} INFO - [2024-06-15T02:47:05.070+0000] {dagbag.py:540} INFO - Filling up the DagBag from /opt/airflow/dags/context.py
[2024-06-15T02:47:05.086+0000] {processor.py:840} INFO - DAG(s) 'context' retrieved from /opt/airflow/dags/context.py
[2024-06-15T02:47:05.106+0000] {logging_mixin.py:188} INFO - [2024-06-15T02:47:05.106+0000] {dag.py:3047} INFO - Sync 1 DAGs
[2024-06-15T02:47:05.122+0000] {logging_mixin.py:188} INFO - [2024-06-15T02:47:05.122+0000] {dag.py:3834} INFO - Setting next_dagrun for context to None, run_after=None
[2024-06-15T02:47:05.138+0000] {processor.py:183} INFO - Processing /opt/airflow/dags/context.py took 0.071 seconds
[2024-06-15T02:47:35.440+0000] {processor.py:161} INFO - Started process (PID=849) to work on /opt/airflow/dags/context.py
[2024-06-15T02:47:35.440+0000] {processor.py:830} INFO - Processing file /opt/airflow/dags/context.py for tasks to queue
[2024-06-15T02:47:35.441+0000] {logging_mixin.py:188} INFO - [2024-06-15T02:47:35.441+0000] {dagbag.py:540} INFO - Filling up the DagBag from /opt/airflow/dags/context.py
[2024-06-15T02:47:35.452+0000] {processor.py:840} INFO - DAG(s) 'context' retrieved from /opt/airflow/dags/context.py
[2024-06-15T02:47:35.470+0000] {logging_mixin.py:188} INFO - [2024-06-15T02:47:35.470+0000] {dag.py:3047} INFO - Sync 1 DAGs
[2024-06-15T02:47:35.493+0000] {logging_mixin.py:188} INFO - [2024-06-15T02:47:35.493+0000] {dag.py:3834} INFO - Setting next_dagrun for context to None, run_after=None
[2024-06-15T02:47:35.520+0000] {processor.py:183} INFO - Processing /opt/airflow/dags/context.py took 0.082 seconds
[2024-06-15T02:48:06.131+0000] {processor.py:161} INFO - Started process (PID=873) to work on /opt/airflow/dags/context.py
[2024-06-15T02:48:06.132+0000] {processor.py:830} INFO - Processing file /opt/airflow/dags/context.py for tasks to queue
[2024-06-15T02:48:06.133+0000] {logging_mixin.py:188} INFO - [2024-06-15T02:48:06.133+0000] {dagbag.py:540} INFO - Filling up the DagBag from /opt/airflow/dags/context.py
[2024-06-15T02:48:06.148+0000] {processor.py:840} INFO - DAG(s) 'context' retrieved from /opt/airflow/dags/context.py
[2024-06-15T02:48:06.167+0000] {logging_mixin.py:188} INFO - [2024-06-15T02:48:06.167+0000] {dag.py:3047} INFO - Sync 1 DAGs
[2024-06-15T02:48:06.184+0000] {logging_mixin.py:188} INFO - [2024-06-15T02:48:06.184+0000] {dag.py:3834} INFO - Setting next_dagrun for context to None, run_after=None
[2024-06-15T02:48:06.198+0000] {processor.py:183} INFO - Processing /opt/airflow/dags/context.py took 0.068 seconds
[2024-06-15T02:48:36.648+0000] {processor.py:161} INFO - Started process (PID=896) to work on /opt/airflow/dags/context.py
[2024-06-15T02:48:36.649+0000] {processor.py:830} INFO - Processing file /opt/airflow/dags/context.py for tasks to queue
[2024-06-15T02:48:36.650+0000] {logging_mixin.py:188} INFO - [2024-06-15T02:48:36.649+0000] {dagbag.py:540} INFO - Filling up the DagBag from /opt/airflow/dags/context.py
[2024-06-15T02:48:36.660+0000] {processor.py:840} INFO - DAG(s) 'context' retrieved from /opt/airflow/dags/context.py
[2024-06-15T02:48:36.684+0000] {logging_mixin.py:188} INFO - [2024-06-15T02:48:36.684+0000] {dag.py:3047} INFO - Sync 1 DAGs
[2024-06-15T02:48:36.698+0000] {logging_mixin.py:188} INFO - [2024-06-15T02:48:36.698+0000] {dag.py:3834} INFO - Setting next_dagrun for context to None, run_after=None
[2024-06-15T02:48:36.716+0000] {processor.py:183} INFO - Processing /opt/airflow/dags/context.py took 0.069 seconds
[2024-06-15T02:49:07.205+0000] {processor.py:161} INFO - Started process (PID=919) to work on /opt/airflow/dags/context.py
[2024-06-15T02:49:07.205+0000] {processor.py:830} INFO - Processing file /opt/airflow/dags/context.py for tasks to queue
[2024-06-15T02:49:07.206+0000] {logging_mixin.py:188} INFO - [2024-06-15T02:49:07.206+0000] {dagbag.py:540} INFO - Filling up the DagBag from /opt/airflow/dags/context.py
[2024-06-15T02:49:07.217+0000] {processor.py:840} INFO - DAG(s) 'context' retrieved from /opt/airflow/dags/context.py
[2024-06-15T02:49:07.237+0000] {logging_mixin.py:188} INFO - [2024-06-15T02:49:07.236+0000] {dag.py:3047} INFO - Sync 1 DAGs
[2024-06-15T02:49:07.261+0000] {logging_mixin.py:188} INFO - [2024-06-15T02:49:07.261+0000] {dag.py:3834} INFO - Setting next_dagrun for context to None, run_after=None
[2024-06-15T02:49:07.280+0000] {processor.py:183} INFO - Processing /opt/airflow/dags/context.py took 0.077 seconds
[2024-06-15T02:49:37.702+0000] {processor.py:161} INFO - Started process (PID=966) to work on /opt/airflow/dags/context.py
[2024-06-15T02:49:37.703+0000] {processor.py:830} INFO - Processing file /opt/airflow/dags/context.py for tasks to queue
[2024-06-15T02:49:37.705+0000] {logging_mixin.py:188} INFO - [2024-06-15T02:49:37.704+0000] {dagbag.py:540} INFO - Filling up the DagBag from /opt/airflow/dags/context.py
[2024-06-15T02:49:37.722+0000] {processor.py:840} INFO - DAG(s) 'context' retrieved from /opt/airflow/dags/context.py
[2024-06-15T02:49:37.753+0000] {logging_mixin.py:188} INFO - [2024-06-15T02:49:37.753+0000] {dag.py:3047} INFO - Sync 1 DAGs
[2024-06-15T02:49:37.773+0000] {logging_mixin.py:188} INFO - [2024-06-15T02:49:37.772+0000] {dag.py:3834} INFO - Setting next_dagrun for context to None, run_after=None
[2024-06-15T02:49:37.788+0000] {processor.py:183} INFO - Processing /opt/airflow/dags/context.py took 0.088 seconds
[2024-06-15T02:50:08.120+0000] {processor.py:161} INFO - Started process (PID=998) to work on /opt/airflow/dags/context.py
[2024-06-15T02:50:08.121+0000] {processor.py:830} INFO - Processing file /opt/airflow/dags/context.py for tasks to queue
[2024-06-15T02:50:08.122+0000] {logging_mixin.py:188} INFO - [2024-06-15T02:50:08.122+0000] {dagbag.py:540} INFO - Filling up the DagBag from /opt/airflow/dags/context.py
[2024-06-15T02:50:08.132+0000] {processor.py:840} INFO - DAG(s) 'context' retrieved from /opt/airflow/dags/context.py
[2024-06-15T02:50:08.151+0000] {logging_mixin.py:188} INFO - [2024-06-15T02:50:08.151+0000] {dag.py:3047} INFO - Sync 1 DAGs
[2024-06-15T02:50:08.165+0000] {logging_mixin.py:188} INFO - [2024-06-15T02:50:08.165+0000] {dag.py:3834} INFO - Setting next_dagrun for context to None, run_after=None
[2024-06-15T02:50:08.178+0000] {processor.py:183} INFO - Processing /opt/airflow/dags/context.py took 0.060 seconds
[2024-06-15T02:50:38.617+0000] {processor.py:161} INFO - Started process (PID=1021) to work on /opt/airflow/dags/context.py
[2024-06-15T02:50:38.617+0000] {processor.py:830} INFO - Processing file /opt/airflow/dags/context.py for tasks to queue
[2024-06-15T02:50:38.618+0000] {logging_mixin.py:188} INFO - [2024-06-15T02:50:38.618+0000] {dagbag.py:540} INFO - Filling up the DagBag from /opt/airflow/dags/context.py
[2024-06-15T02:50:38.636+0000] {processor.py:840} INFO - DAG(s) 'context' retrieved from /opt/airflow/dags/context.py
[2024-06-15T02:50:38.654+0000] {logging_mixin.py:188} INFO - [2024-06-15T02:50:38.654+0000] {dag.py:3047} INFO - Sync 1 DAGs
[2024-06-15T02:50:38.669+0000] {logging_mixin.py:188} INFO - [2024-06-15T02:50:38.668+0000] {dag.py:3834} INFO - Setting next_dagrun for context to None, run_after=None
[2024-06-15T02:50:38.680+0000] {processor.py:183} INFO - Processing /opt/airflow/dags/context.py took 0.065 seconds
[2024-06-15T02:51:09.171+0000] {processor.py:161} INFO - Started process (PID=1044) to work on /opt/airflow/dags/context.py
[2024-06-15T02:51:09.172+0000] {processor.py:830} INFO - Processing file /opt/airflow/dags/context.py for tasks to queue
[2024-06-15T02:51:09.173+0000] {logging_mixin.py:188} INFO - [2024-06-15T02:51:09.173+0000] {dagbag.py:540} INFO - Filling up the DagBag from /opt/airflow/dags/context.py
[2024-06-15T02:51:09.186+0000] {processor.py:840} INFO - DAG(s) 'context' retrieved from /opt/airflow/dags/context.py
[2024-06-15T02:51:09.206+0000] {logging_mixin.py:188} INFO - [2024-06-15T02:51:09.206+0000] {dag.py:3047} INFO - Sync 1 DAGs
[2024-06-15T02:51:09.223+0000] {logging_mixin.py:188} INFO - [2024-06-15T02:51:09.223+0000] {dag.py:3834} INFO - Setting next_dagrun for context to None, run_after=None
[2024-06-15T02:51:09.242+0000] {processor.py:183} INFO - Processing /opt/airflow/dags/context.py took 0.073 seconds
[2024-06-15T02:51:39.663+0000] {processor.py:161} INFO - Started process (PID=1067) to work on /opt/airflow/dags/context.py
[2024-06-15T02:51:39.664+0000] {processor.py:830} INFO - Processing file /opt/airflow/dags/context.py for tasks to queue
[2024-06-15T02:51:39.665+0000] {logging_mixin.py:188} INFO - [2024-06-15T02:51:39.665+0000] {dagbag.py:540} INFO - Filling up the DagBag from /opt/airflow/dags/context.py
[2024-06-15T02:51:39.679+0000] {processor.py:840} INFO - DAG(s) 'context' retrieved from /opt/airflow/dags/context.py
[2024-06-15T02:51:39.705+0000] {logging_mixin.py:188} INFO - [2024-06-15T02:51:39.705+0000] {dag.py:3047} INFO - Sync 1 DAGs
[2024-06-15T02:51:39.721+0000] {logging_mixin.py:188} INFO - [2024-06-15T02:51:39.721+0000] {dag.py:3834} INFO - Setting next_dagrun for context to None, run_after=None
[2024-06-15T02:51:39.746+0000] {processor.py:183} INFO - Processing /opt/airflow/dags/context.py took 0.084 seconds
[2024-06-15T02:52:10.223+0000] {processor.py:161} INFO - Started process (PID=1090) to work on /opt/airflow/dags/context.py
[2024-06-15T02:52:10.224+0000] {processor.py:830} INFO - Processing file /opt/airflow/dags/context.py for tasks to queue
[2024-06-15T02:52:10.225+0000] {logging_mixin.py:188} INFO - [2024-06-15T02:52:10.225+0000] {dagbag.py:540} INFO - Filling up the DagBag from /opt/airflow/dags/context.py
[2024-06-15T02:52:10.235+0000] {processor.py:840} INFO - DAG(s) 'context' retrieved from /opt/airflow/dags/context.py
[2024-06-15T02:52:10.258+0000] {logging_mixin.py:188} INFO - [2024-06-15T02:52:10.258+0000] {dag.py:3047} INFO - Sync 1 DAGs
[2024-06-15T02:52:10.285+0000] {logging_mixin.py:188} INFO - [2024-06-15T02:52:10.285+0000] {dag.py:3834} INFO - Setting next_dagrun for context to None, run_after=None
[2024-06-15T02:52:10.322+0000] {processor.py:183} INFO - Processing /opt/airflow/dags/context.py took 0.101 seconds
[2024-06-15T02:52:40.821+0000] {processor.py:161} INFO - Started process (PID=1119) to work on /opt/airflow/dags/context.py
[2024-06-15T02:52:40.822+0000] {processor.py:830} INFO - Processing file /opt/airflow/dags/context.py for tasks to queue
[2024-06-15T02:52:40.823+0000] {logging_mixin.py:188} INFO - [2024-06-15T02:52:40.823+0000] {dagbag.py:540} INFO - Filling up the DagBag from /opt/airflow/dags/context.py
[2024-06-15T02:52:40.834+0000] {processor.py:840} INFO - DAG(s) 'context' retrieved from /opt/airflow/dags/context.py
[2024-06-15T02:52:40.855+0000] {logging_mixin.py:188} INFO - [2024-06-15T02:52:40.855+0000] {dag.py:3047} INFO - Sync 1 DAGs
[2024-06-15T02:52:40.875+0000] {logging_mixin.py:188} INFO - [2024-06-15T02:52:40.875+0000] {dag.py:3834} INFO - Setting next_dagrun for context to None, run_after=None
[2024-06-15T02:52:40.892+0000] {processor.py:183} INFO - Processing /opt/airflow/dags/context.py took 0.072 seconds
[2024-06-15T02:53:11.302+0000] {processor.py:161} INFO - Started process (PID=1142) to work on /opt/airflow/dags/context.py
[2024-06-15T02:53:11.302+0000] {processor.py:830} INFO - Processing file /opt/airflow/dags/context.py for tasks to queue
[2024-06-15T02:53:11.303+0000] {logging_mixin.py:188} INFO - [2024-06-15T02:53:11.303+0000] {dagbag.py:540} INFO - Filling up the DagBag from /opt/airflow/dags/context.py
[2024-06-15T02:53:11.317+0000] {processor.py:840} INFO - DAG(s) 'context' retrieved from /opt/airflow/dags/context.py
[2024-06-15T02:53:11.335+0000] {logging_mixin.py:188} INFO - [2024-06-15T02:53:11.335+0000] {dag.py:3047} INFO - Sync 1 DAGs
[2024-06-15T02:53:11.352+0000] {logging_mixin.py:188} INFO - [2024-06-15T02:53:11.352+0000] {dag.py:3834} INFO - Setting next_dagrun for context to None, run_after=None
[2024-06-15T02:53:11.364+0000] {processor.py:183} INFO - Processing /opt/airflow/dags/context.py took 0.064 seconds
[2024-06-15T02:53:41.844+0000] {processor.py:161} INFO - Started process (PID=1165) to work on /opt/airflow/dags/context.py
[2024-06-15T02:53:41.844+0000] {processor.py:830} INFO - Processing file /opt/airflow/dags/context.py for tasks to queue
[2024-06-15T02:53:41.846+0000] {logging_mixin.py:188} INFO - [2024-06-15T02:53:41.845+0000] {dagbag.py:540} INFO - Filling up the DagBag from /opt/airflow/dags/context.py
[2024-06-15T02:53:41.858+0000] {processor.py:840} INFO - DAG(s) 'context' retrieved from /opt/airflow/dags/context.py
[2024-06-15T02:53:41.881+0000] {logging_mixin.py:188} INFO - [2024-06-15T02:53:41.881+0000] {dag.py:3047} INFO - Sync 1 DAGs
[2024-06-15T02:53:41.900+0000] {logging_mixin.py:188} INFO - [2024-06-15T02:53:41.900+0000] {dag.py:3834} INFO - Setting next_dagrun for context to None, run_after=None
[2024-06-15T02:53:41.919+0000] {processor.py:183} INFO - Processing /opt/airflow/dags/context.py took 0.077 seconds
[2024-06-15T02:54:12.272+0000] {processor.py:161} INFO - Started process (PID=1188) to work on /opt/airflow/dags/context.py
[2024-06-15T02:54:12.272+0000] {processor.py:830} INFO - Processing file /opt/airflow/dags/context.py for tasks to queue
[2024-06-15T02:54:12.273+0000] {logging_mixin.py:188} INFO - [2024-06-15T02:54:12.273+0000] {dagbag.py:540} INFO - Filling up the DagBag from /opt/airflow/dags/context.py
[2024-06-15T02:54:12.289+0000] {processor.py:840} INFO - DAG(s) 'context' retrieved from /opt/airflow/dags/context.py
[2024-06-15T02:54:12.317+0000] {logging_mixin.py:188} INFO - [2024-06-15T02:54:12.317+0000] {dag.py:3047} INFO - Sync 1 DAGs
[2024-06-15T02:54:12.336+0000] {logging_mixin.py:188} INFO - [2024-06-15T02:54:12.336+0000] {dag.py:3834} INFO - Setting next_dagrun for context to None, run_after=None
[2024-06-15T02:54:12.358+0000] {processor.py:183} INFO - Processing /opt/airflow/dags/context.py took 0.088 seconds
[2024-06-15T02:54:43.028+0000] {processor.py:161} INFO - Started process (PID=1211) to work on /opt/airflow/dags/context.py
[2024-06-15T02:54:43.028+0000] {processor.py:830} INFO - Processing file /opt/airflow/dags/context.py for tasks to queue
[2024-06-15T02:54:43.029+0000] {logging_mixin.py:188} INFO - [2024-06-15T02:54:43.029+0000] {dagbag.py:540} INFO - Filling up the DagBag from /opt/airflow/dags/context.py
[2024-06-15T02:54:43.045+0000] {processor.py:840} INFO - DAG(s) 'context' retrieved from /opt/airflow/dags/context.py
[2024-06-15T02:54:43.070+0000] {logging_mixin.py:188} INFO - [2024-06-15T02:54:43.070+0000] {dag.py:3047} INFO - Sync 1 DAGs
[2024-06-15T02:54:43.089+0000] {logging_mixin.py:188} INFO - [2024-06-15T02:54:43.089+0000] {dag.py:3834} INFO - Setting next_dagrun for context to None, run_after=None
[2024-06-15T02:54:43.111+0000] {processor.py:183} INFO - Processing /opt/airflow/dags/context.py took 0.086 seconds
[2024-06-15T02:55:14.036+0000] {processor.py:161} INFO - Started process (PID=1234) to work on /opt/airflow/dags/context.py
[2024-06-15T02:55:14.037+0000] {processor.py:830} INFO - Processing file /opt/airflow/dags/context.py for tasks to queue
[2024-06-15T02:55:14.038+0000] {logging_mixin.py:188} INFO - [2024-06-15T02:55:14.038+0000] {dagbag.py:540} INFO - Filling up the DagBag from /opt/airflow/dags/context.py
[2024-06-15T02:55:14.051+0000] {processor.py:840} INFO - DAG(s) 'context' retrieved from /opt/airflow/dags/context.py
[2024-06-15T02:55:14.072+0000] {logging_mixin.py:188} INFO - [2024-06-15T02:55:14.072+0000] {dag.py:3047} INFO - Sync 1 DAGs
[2024-06-15T02:55:14.096+0000] {logging_mixin.py:188} INFO - [2024-06-15T02:55:14.096+0000] {dag.py:3834} INFO - Setting next_dagrun for context to None, run_after=None
[2024-06-15T02:55:14.112+0000] {processor.py:183} INFO - Processing /opt/airflow/dags/context.py took 0.077 seconds
[2024-06-15T02:55:44.712+0000] {processor.py:161} INFO - Started process (PID=1257) to work on /opt/airflow/dags/context.py
[2024-06-15T02:55:44.712+0000] {processor.py:830} INFO - Processing file /opt/airflow/dags/context.py for tasks to queue
[2024-06-15T02:55:44.713+0000] {logging_mixin.py:188} INFO - [2024-06-15T02:55:44.713+0000] {dagbag.py:540} INFO - Filling up the DagBag from /opt/airflow/dags/context.py
[2024-06-15T02:55:44.724+0000] {processor.py:840} INFO - DAG(s) 'context' retrieved from /opt/airflow/dags/context.py
[2024-06-15T02:55:44.745+0000] {logging_mixin.py:188} INFO - [2024-06-15T02:55:44.745+0000] {dag.py:3047} INFO - Sync 1 DAGs
[2024-06-15T02:55:44.761+0000] {logging_mixin.py:188} INFO - [2024-06-15T02:55:44.760+0000] {dag.py:3834} INFO - Setting next_dagrun for context to None, run_after=None
[2024-06-15T02:55:44.773+0000] {processor.py:183} INFO - Processing /opt/airflow/dags/context.py took 0.063 seconds
[2024-06-15T02:56:15.264+0000] {processor.py:161} INFO - Started process (PID=1280) to work on /opt/airflow/dags/context.py
[2024-06-15T02:56:15.265+0000] {processor.py:830} INFO - Processing file /opt/airflow/dags/context.py for tasks to queue
[2024-06-15T02:56:15.266+0000] {logging_mixin.py:188} INFO - [2024-06-15T02:56:15.265+0000] {dagbag.py:540} INFO - Filling up the DagBag from /opt/airflow/dags/context.py
[2024-06-15T02:56:15.280+0000] {processor.py:840} INFO - DAG(s) 'context' retrieved from /opt/airflow/dags/context.py
[2024-06-15T02:56:15.298+0000] {logging_mixin.py:188} INFO - [2024-06-15T02:56:15.298+0000] {dag.py:3047} INFO - Sync 1 DAGs
[2024-06-15T02:56:15.313+0000] {logging_mixin.py:188} INFO - [2024-06-15T02:56:15.313+0000] {dag.py:3834} INFO - Setting next_dagrun for context to None, run_after=None
[2024-06-15T02:56:15.325+0000] {processor.py:183} INFO - Processing /opt/airflow/dags/context.py took 0.063 seconds
[2024-06-15T02:56:46.436+0000] {processor.py:161} INFO - Started process (PID=1304) to work on /opt/airflow/dags/context.py
[2024-06-15T02:56:46.437+0000] {processor.py:830} INFO - Processing file /opt/airflow/dags/context.py for tasks to queue
[2024-06-15T02:56:46.438+0000] {logging_mixin.py:188} INFO - [2024-06-15T02:56:46.438+0000] {dagbag.py:540} INFO - Filling up the DagBag from /opt/airflow/dags/context.py
[2024-06-15T02:56:46.450+0000] {processor.py:840} INFO - DAG(s) 'context' retrieved from /opt/airflow/dags/context.py
[2024-06-15T02:56:46.470+0000] {logging_mixin.py:188} INFO - [2024-06-15T02:56:46.470+0000] {dag.py:3047} INFO - Sync 1 DAGs
[2024-06-15T02:56:46.485+0000] {logging_mixin.py:188} INFO - [2024-06-15T02:56:46.485+0000] {dag.py:3834} INFO - Setting next_dagrun for context to None, run_after=None
[2024-06-15T02:56:46.497+0000] {processor.py:183} INFO - Processing /opt/airflow/dags/context.py took 0.062 seconds
[2024-06-15T02:57:16.869+0000] {processor.py:161} INFO - Started process (PID=1327) to work on /opt/airflow/dags/context.py
[2024-06-15T02:57:16.870+0000] {processor.py:830} INFO - Processing file /opt/airflow/dags/context.py for tasks to queue
[2024-06-15T02:57:16.871+0000] {logging_mixin.py:188} INFO - [2024-06-15T02:57:16.871+0000] {dagbag.py:540} INFO - Filling up the DagBag from /opt/airflow/dags/context.py
[2024-06-15T02:57:16.882+0000] {processor.py:840} INFO - DAG(s) 'context' retrieved from /opt/airflow/dags/context.py
[2024-06-15T02:57:16.904+0000] {logging_mixin.py:188} INFO - [2024-06-15T02:57:16.904+0000] {dag.py:3047} INFO - Sync 1 DAGs
[2024-06-15T02:57:16.920+0000] {logging_mixin.py:188} INFO - [2024-06-15T02:57:16.920+0000] {dag.py:3834} INFO - Setting next_dagrun for context to None, run_after=None
[2024-06-15T02:57:16.945+0000] {processor.py:183} INFO - Processing /opt/airflow/dags/context.py took 0.078 seconds
[2024-06-15T02:57:47.425+0000] {processor.py:161} INFO - Started process (PID=1351) to work on /opt/airflow/dags/context.py
[2024-06-15T02:57:47.426+0000] {processor.py:830} INFO - Processing file /opt/airflow/dags/context.py for tasks to queue
[2024-06-15T02:57:47.427+0000] {logging_mixin.py:188} INFO - [2024-06-15T02:57:47.427+0000] {dagbag.py:540} INFO - Filling up the DagBag from /opt/airflow/dags/context.py
[2024-06-15T02:57:47.440+0000] {processor.py:840} INFO - DAG(s) 'context' retrieved from /opt/airflow/dags/context.py
[2024-06-15T02:57:47.466+0000] {logging_mixin.py:188} INFO - [2024-06-15T02:57:47.466+0000] {dag.py:3047} INFO - Sync 1 DAGs
[2024-06-15T02:57:47.483+0000] {logging_mixin.py:188} INFO - [2024-06-15T02:57:47.483+0000] {dag.py:3834} INFO - Setting next_dagrun for context to None, run_after=None
[2024-06-15T02:57:47.502+0000] {processor.py:183} INFO - Processing /opt/airflow/dags/context.py took 0.078 seconds
