[2024-06-15T02:29:46.634+0000] {processor.py:161} INFO - Started process (PID=46) to work on /opt/airflow/dags/dag_run.py
[2024-06-15T02:29:46.635+0000] {processor.py:830} INFO - Processing file /opt/airflow/dags/dag_run.py for tasks to queue
[2024-06-15T02:29:46.636+0000] {logging_mixin.py:188} INFO - [2024-06-15T02:29:46.635+0000] {dagbag.py:540} INFO - Filling up the DagBag from /opt/airflow/dags/dag_run.py
[2024-06-15T02:29:46.647+0000] {processor.py:840} INFO - DAG(s) 'dag_run' retrieved from /opt/airflow/dags/dag_run.py
[2024-06-15T02:29:46.719+0000] {logging_mixin.py:188} INFO - [2024-06-15T02:29:46.719+0000] {dag.py:3047} INFO - Sync 1 DAGs
[2024-06-15T02:29:46.740+0000] {logging_mixin.py:188} INFO - [2024-06-15T02:29:46.739+0000] {dag.py:3834} INFO - Setting next_dagrun for dag_run to None, run_after=None
[2024-06-15T02:29:46.755+0000] {processor.py:183} INFO - Processing /opt/airflow/dags/dag_run.py took 0.122 seconds
[2024-06-15T02:30:17.715+0000] {processor.py:161} INFO - Started process (PID=68) to work on /opt/airflow/dags/dag_run.py
[2024-06-15T02:30:17.716+0000] {processor.py:830} INFO - Processing file /opt/airflow/dags/dag_run.py for tasks to queue
[2024-06-15T02:30:17.717+0000] {logging_mixin.py:188} INFO - [2024-06-15T02:30:17.716+0000] {dagbag.py:540} INFO - Filling up the DagBag from /opt/airflow/dags/dag_run.py
[2024-06-15T02:30:17.726+0000] {processor.py:840} INFO - DAG(s) 'dag_run' retrieved from /opt/airflow/dags/dag_run.py
[2024-06-15T02:30:17.749+0000] {logging_mixin.py:188} INFO - [2024-06-15T02:30:17.749+0000] {dag.py:3047} INFO - Sync 1 DAGs
[2024-06-15T02:30:17.779+0000] {logging_mixin.py:188} INFO - [2024-06-15T02:30:17.779+0000] {dag.py:3834} INFO - Setting next_dagrun for dag_run to None, run_after=None
[2024-06-15T02:30:17.803+0000] {processor.py:183} INFO - Processing /opt/airflow/dags/dag_run.py took 0.090 seconds
[2024-06-15T02:30:48.316+0000] {processor.py:161} INFO - Started process (PID=90) to work on /opt/airflow/dags/dag_run.py
[2024-06-15T02:30:48.316+0000] {processor.py:830} INFO - Processing file /opt/airflow/dags/dag_run.py for tasks to queue
[2024-06-15T02:30:48.317+0000] {logging_mixin.py:188} INFO - [2024-06-15T02:30:48.317+0000] {dagbag.py:540} INFO - Filling up the DagBag from /opt/airflow/dags/dag_run.py
[2024-06-15T02:30:48.327+0000] {processor.py:840} INFO - DAG(s) 'dag_run' retrieved from /opt/airflow/dags/dag_run.py
[2024-06-15T02:30:48.347+0000] {logging_mixin.py:188} INFO - [2024-06-15T02:30:48.347+0000] {dag.py:3047} INFO - Sync 1 DAGs
[2024-06-15T02:30:48.362+0000] {logging_mixin.py:188} INFO - [2024-06-15T02:30:48.362+0000] {dag.py:3834} INFO - Setting next_dagrun for dag_run to None, run_after=None
[2024-06-15T02:30:48.385+0000] {processor.py:183} INFO - Processing /opt/airflow/dags/dag_run.py took 0.072 seconds
[2024-06-15T02:31:18.739+0000] {processor.py:161} INFO - Started process (PID=112) to work on /opt/airflow/dags/dag_run.py
[2024-06-15T02:31:18.740+0000] {processor.py:830} INFO - Processing file /opt/airflow/dags/dag_run.py for tasks to queue
[2024-06-15T02:31:18.741+0000] {logging_mixin.py:188} INFO - [2024-06-15T02:31:18.740+0000] {dagbag.py:540} INFO - Filling up the DagBag from /opt/airflow/dags/dag_run.py
[2024-06-15T02:31:18.756+0000] {processor.py:840} INFO - DAG(s) 'dag_run' retrieved from /opt/airflow/dags/dag_run.py
[2024-06-15T02:31:18.779+0000] {logging_mixin.py:188} INFO - [2024-06-15T02:31:18.779+0000] {dag.py:3047} INFO - Sync 1 DAGs
[2024-06-15T02:31:18.793+0000] {logging_mixin.py:188} INFO - [2024-06-15T02:31:18.793+0000] {dag.py:3834} INFO - Setting next_dagrun for dag_run to None, run_after=None
[2024-06-15T02:31:18.810+0000] {processor.py:183} INFO - Processing /opt/airflow/dags/dag_run.py took 0.073 seconds
[2024-06-15T02:31:49.355+0000] {processor.py:161} INFO - Started process (PID=134) to work on /opt/airflow/dags/dag_run.py
[2024-06-15T02:31:49.356+0000] {processor.py:830} INFO - Processing file /opt/airflow/dags/dag_run.py for tasks to queue
[2024-06-15T02:31:49.357+0000] {logging_mixin.py:188} INFO - [2024-06-15T02:31:49.357+0000] {dagbag.py:540} INFO - Filling up the DagBag from /opt/airflow/dags/dag_run.py
[2024-06-15T02:31:49.371+0000] {processor.py:840} INFO - DAG(s) 'dag_run' retrieved from /opt/airflow/dags/dag_run.py
[2024-06-15T02:31:49.395+0000] {logging_mixin.py:188} INFO - [2024-06-15T02:31:49.394+0000] {dag.py:3047} INFO - Sync 1 DAGs
[2024-06-15T02:31:49.409+0000] {logging_mixin.py:188} INFO - [2024-06-15T02:31:49.409+0000] {dag.py:3834} INFO - Setting next_dagrun for dag_run to None, run_after=None
[2024-06-15T02:31:49.425+0000] {processor.py:183} INFO - Processing /opt/airflow/dags/dag_run.py took 0.072 seconds
[2024-06-15T02:32:19.802+0000] {processor.py:161} INFO - Started process (PID=156) to work on /opt/airflow/dags/dag_run.py
[2024-06-15T02:32:19.803+0000] {processor.py:830} INFO - Processing file /opt/airflow/dags/dag_run.py for tasks to queue
[2024-06-15T02:32:19.804+0000] {logging_mixin.py:188} INFO - [2024-06-15T02:32:19.804+0000] {dagbag.py:540} INFO - Filling up the DagBag from /opt/airflow/dags/dag_run.py
[2024-06-15T02:32:19.815+0000] {processor.py:840} INFO - DAG(s) 'dag_run' retrieved from /opt/airflow/dags/dag_run.py
[2024-06-15T02:32:19.842+0000] {logging_mixin.py:188} INFO - [2024-06-15T02:32:19.842+0000] {dag.py:3047} INFO - Sync 1 DAGs
[2024-06-15T02:32:19.857+0000] {logging_mixin.py:188} INFO - [2024-06-15T02:32:19.857+0000] {dag.py:3834} INFO - Setting next_dagrun for dag_run to None, run_after=None
[2024-06-15T02:32:19.879+0000] {processor.py:183} INFO - Processing /opt/airflow/dags/dag_run.py took 0.078 seconds
[2024-06-15T02:32:50.286+0000] {processor.py:161} INFO - Started process (PID=178) to work on /opt/airflow/dags/dag_run.py
[2024-06-15T02:32:50.287+0000] {processor.py:830} INFO - Processing file /opt/airflow/dags/dag_run.py for tasks to queue
[2024-06-15T02:32:50.288+0000] {logging_mixin.py:188} INFO - [2024-06-15T02:32:50.288+0000] {dagbag.py:540} INFO - Filling up the DagBag from /opt/airflow/dags/dag_run.py
[2024-06-15T02:32:50.302+0000] {processor.py:840} INFO - DAG(s) 'dag_run' retrieved from /opt/airflow/dags/dag_run.py
[2024-06-15T02:32:50.325+0000] {logging_mixin.py:188} INFO - [2024-06-15T02:32:50.325+0000] {dag.py:3047} INFO - Sync 1 DAGs
[2024-06-15T02:32:50.343+0000] {logging_mixin.py:188} INFO - [2024-06-15T02:32:50.343+0000] {dag.py:3834} INFO - Setting next_dagrun for dag_run to None, run_after=None
[2024-06-15T02:32:50.370+0000] {processor.py:183} INFO - Processing /opt/airflow/dags/dag_run.py took 0.085 seconds
[2024-06-15T02:33:21.111+0000] {processor.py:161} INFO - Started process (PID=200) to work on /opt/airflow/dags/dag_run.py
[2024-06-15T02:33:21.111+0000] {processor.py:830} INFO - Processing file /opt/airflow/dags/dag_run.py for tasks to queue
[2024-06-15T02:33:21.113+0000] {logging_mixin.py:188} INFO - [2024-06-15T02:33:21.112+0000] {dagbag.py:540} INFO - Filling up the DagBag from /opt/airflow/dags/dag_run.py
[2024-06-15T02:33:21.125+0000] {processor.py:840} INFO - DAG(s) 'dag_run' retrieved from /opt/airflow/dags/dag_run.py
[2024-06-15T02:33:21.153+0000] {logging_mixin.py:188} INFO - [2024-06-15T02:33:21.153+0000] {dag.py:3047} INFO - Sync 1 DAGs
[2024-06-15T02:33:21.173+0000] {logging_mixin.py:188} INFO - [2024-06-15T02:33:21.172+0000] {dag.py:3834} INFO - Setting next_dagrun for dag_run to None, run_after=None
[2024-06-15T02:33:21.195+0000] {processor.py:183} INFO - Processing /opt/airflow/dags/dag_run.py took 0.086 seconds
[2024-06-15T02:33:51.699+0000] {processor.py:161} INFO - Started process (PID=221) to work on /opt/airflow/dags/dag_run.py
[2024-06-15T02:33:51.700+0000] {processor.py:830} INFO - Processing file /opt/airflow/dags/dag_run.py for tasks to queue
[2024-06-15T02:33:51.701+0000] {logging_mixin.py:188} INFO - [2024-06-15T02:33:51.701+0000] {dagbag.py:540} INFO - Filling up the DagBag from /opt/airflow/dags/dag_run.py
[2024-06-15T02:33:51.714+0000] {processor.py:840} INFO - DAG(s) 'dag_run' retrieved from /opt/airflow/dags/dag_run.py
[2024-06-15T02:33:51.735+0000] {logging_mixin.py:188} INFO - [2024-06-15T02:33:51.735+0000] {dag.py:3047} INFO - Sync 1 DAGs
[2024-06-15T02:33:51.750+0000] {logging_mixin.py:188} INFO - [2024-06-15T02:33:51.750+0000] {dag.py:3834} INFO - Setting next_dagrun for dag_run to None, run_after=None
[2024-06-15T02:33:51.772+0000] {processor.py:183} INFO - Processing /opt/airflow/dags/dag_run.py took 0.074 seconds
[2024-06-15T02:34:22.222+0000] {processor.py:161} INFO - Started process (PID=243) to work on /opt/airflow/dags/dag_run.py
[2024-06-15T02:34:22.222+0000] {processor.py:830} INFO - Processing file /opt/airflow/dags/dag_run.py for tasks to queue
[2024-06-15T02:34:22.224+0000] {logging_mixin.py:188} INFO - [2024-06-15T02:34:22.224+0000] {dagbag.py:540} INFO - Filling up the DagBag from /opt/airflow/dags/dag_run.py
[2024-06-15T02:34:22.235+0000] {processor.py:840} INFO - DAG(s) 'dag_run' retrieved from /opt/airflow/dags/dag_run.py
[2024-06-15T02:34:22.254+0000] {logging_mixin.py:188} INFO - [2024-06-15T02:34:22.254+0000] {dag.py:3047} INFO - Sync 1 DAGs
[2024-06-15T02:34:22.272+0000] {logging_mixin.py:188} INFO - [2024-06-15T02:34:22.272+0000] {dag.py:3834} INFO - Setting next_dagrun for dag_run to None, run_after=None
[2024-06-15T02:34:22.297+0000] {processor.py:183} INFO - Processing /opt/airflow/dags/dag_run.py took 0.077 seconds
[2024-06-15T02:34:52.992+0000] {processor.py:161} INFO - Started process (PID=266) to work on /opt/airflow/dags/dag_run.py
[2024-06-15T02:34:52.993+0000] {processor.py:830} INFO - Processing file /opt/airflow/dags/dag_run.py for tasks to queue
[2024-06-15T02:34:52.995+0000] {logging_mixin.py:188} INFO - [2024-06-15T02:34:52.995+0000] {dagbag.py:540} INFO - Filling up the DagBag from /opt/airflow/dags/dag_run.py
[2024-06-15T02:34:53.005+0000] {processor.py:840} INFO - DAG(s) 'dag_run' retrieved from /opt/airflow/dags/dag_run.py
[2024-06-15T02:34:53.028+0000] {logging_mixin.py:188} INFO - [2024-06-15T02:34:53.028+0000] {dag.py:3047} INFO - Sync 1 DAGs
[2024-06-15T02:34:53.046+0000] {logging_mixin.py:188} INFO - [2024-06-15T02:34:53.045+0000] {dag.py:3834} INFO - Setting next_dagrun for dag_run to None, run_after=None
[2024-06-15T02:34:53.066+0000] {processor.py:183} INFO - Processing /opt/airflow/dags/dag_run.py took 0.076 seconds
[2024-06-15T02:35:23.647+0000] {processor.py:161} INFO - Started process (PID=289) to work on /opt/airflow/dags/dag_run.py
[2024-06-15T02:35:23.648+0000] {processor.py:830} INFO - Processing file /opt/airflow/dags/dag_run.py for tasks to queue
[2024-06-15T02:35:23.649+0000] {logging_mixin.py:188} INFO - [2024-06-15T02:35:23.649+0000] {dagbag.py:540} INFO - Filling up the DagBag from /opt/airflow/dags/dag_run.py
[2024-06-15T02:35:23.663+0000] {processor.py:840} INFO - DAG(s) 'dag_run' retrieved from /opt/airflow/dags/dag_run.py
[2024-06-15T02:35:23.688+0000] {logging_mixin.py:188} INFO - [2024-06-15T02:35:23.688+0000] {dag.py:3047} INFO - Sync 1 DAGs
[2024-06-15T02:35:23.707+0000] {logging_mixin.py:188} INFO - [2024-06-15T02:35:23.707+0000] {dag.py:3834} INFO - Setting next_dagrun for dag_run to None, run_after=None
[2024-06-15T02:35:23.733+0000] {processor.py:183} INFO - Processing /opt/airflow/dags/dag_run.py took 0.087 seconds
[2024-06-15T02:35:54.320+0000] {processor.py:161} INFO - Started process (PID=313) to work on /opt/airflow/dags/dag_run.py
[2024-06-15T02:35:54.321+0000] {processor.py:830} INFO - Processing file /opt/airflow/dags/dag_run.py for tasks to queue
[2024-06-15T02:35:54.322+0000] {logging_mixin.py:188} INFO - [2024-06-15T02:35:54.322+0000] {dagbag.py:540} INFO - Filling up the DagBag from /opt/airflow/dags/dag_run.py
[2024-06-15T02:35:54.334+0000] {processor.py:840} INFO - DAG(s) 'dag_run' retrieved from /opt/airflow/dags/dag_run.py
[2024-06-15T02:35:54.354+0000] {logging_mixin.py:188} INFO - [2024-06-15T02:35:54.354+0000] {dag.py:3047} INFO - Sync 1 DAGs
[2024-06-15T02:35:54.373+0000] {logging_mixin.py:188} INFO - [2024-06-15T02:35:54.373+0000] {dag.py:3834} INFO - Setting next_dagrun for dag_run to None, run_after=None
[2024-06-15T02:35:54.393+0000] {processor.py:183} INFO - Processing /opt/airflow/dags/dag_run.py took 0.075 seconds
[2024-06-15T02:36:24.730+0000] {processor.py:161} INFO - Started process (PID=336) to work on /opt/airflow/dags/dag_run.py
[2024-06-15T02:36:24.731+0000] {processor.py:830} INFO - Processing file /opt/airflow/dags/dag_run.py for tasks to queue
[2024-06-15T02:36:24.732+0000] {logging_mixin.py:188} INFO - [2024-06-15T02:36:24.732+0000] {dagbag.py:540} INFO - Filling up the DagBag from /opt/airflow/dags/dag_run.py
[2024-06-15T02:36:24.744+0000] {processor.py:840} INFO - DAG(s) 'dag_run' retrieved from /opt/airflow/dags/dag_run.py
[2024-06-15T02:36:24.763+0000] {logging_mixin.py:188} INFO - [2024-06-15T02:36:24.763+0000] {dag.py:3047} INFO - Sync 1 DAGs
[2024-06-15T02:36:24.778+0000] {logging_mixin.py:188} INFO - [2024-06-15T02:36:24.778+0000] {dag.py:3834} INFO - Setting next_dagrun for dag_run to None, run_after=None
[2024-06-15T02:36:24.806+0000] {processor.py:183} INFO - Processing /opt/airflow/dags/dag_run.py took 0.079 seconds
[2024-06-15T02:36:55.206+0000] {processor.py:161} INFO - Started process (PID=359) to work on /opt/airflow/dags/dag_run.py
[2024-06-15T02:36:55.208+0000] {processor.py:830} INFO - Processing file /opt/airflow/dags/dag_run.py for tasks to queue
[2024-06-15T02:36:55.210+0000] {logging_mixin.py:188} INFO - [2024-06-15T02:36:55.209+0000] {dagbag.py:540} INFO - Filling up the DagBag from /opt/airflow/dags/dag_run.py
[2024-06-15T02:36:55.222+0000] {processor.py:840} INFO - DAG(s) 'dag_run' retrieved from /opt/airflow/dags/dag_run.py
[2024-06-15T02:36:55.252+0000] {logging_mixin.py:188} INFO - [2024-06-15T02:36:55.251+0000] {dag.py:3047} INFO - Sync 1 DAGs
[2024-06-15T02:36:55.270+0000] {logging_mixin.py:188} INFO - [2024-06-15T02:36:55.270+0000] {dag.py:3834} INFO - Setting next_dagrun for dag_run to None, run_after=None
[2024-06-15T02:36:55.290+0000] {processor.py:183} INFO - Processing /opt/airflow/dags/dag_run.py took 0.088 seconds
[2024-06-15T02:37:25.907+0000] {processor.py:161} INFO - Started process (PID=383) to work on /opt/airflow/dags/dag_run.py
[2024-06-15T02:37:25.907+0000] {processor.py:830} INFO - Processing file /opt/airflow/dags/dag_run.py for tasks to queue
[2024-06-15T02:37:25.909+0000] {logging_mixin.py:188} INFO - [2024-06-15T02:37:25.909+0000] {dagbag.py:540} INFO - Filling up the DagBag from /opt/airflow/dags/dag_run.py
[2024-06-15T02:37:25.921+0000] {processor.py:840} INFO - DAG(s) 'dag_run' retrieved from /opt/airflow/dags/dag_run.py
[2024-06-15T02:37:25.942+0000] {logging_mixin.py:188} INFO - [2024-06-15T02:37:25.942+0000] {dag.py:3047} INFO - Sync 1 DAGs
[2024-06-15T02:37:25.958+0000] {logging_mixin.py:188} INFO - [2024-06-15T02:37:25.958+0000] {dag.py:3834} INFO - Setting next_dagrun for dag_run to None, run_after=None
[2024-06-15T02:37:25.984+0000] {processor.py:183} INFO - Processing /opt/airflow/dags/dag_run.py took 0.079 seconds
[2024-06-15T02:37:56.486+0000] {processor.py:161} INFO - Started process (PID=406) to work on /opt/airflow/dags/dag_run.py
[2024-06-15T02:37:56.487+0000] {processor.py:830} INFO - Processing file /opt/airflow/dags/dag_run.py for tasks to queue
[2024-06-15T02:37:56.488+0000] {logging_mixin.py:188} INFO - [2024-06-15T02:37:56.488+0000] {dagbag.py:540} INFO - Filling up the DagBag from /opt/airflow/dags/dag_run.py
[2024-06-15T02:37:56.497+0000] {processor.py:840} INFO - DAG(s) 'dag_run' retrieved from /opt/airflow/dags/dag_run.py
[2024-06-15T02:37:56.515+0000] {logging_mixin.py:188} INFO - [2024-06-15T02:37:56.514+0000] {dag.py:3047} INFO - Sync 1 DAGs
[2024-06-15T02:37:56.531+0000] {logging_mixin.py:188} INFO - [2024-06-15T02:37:56.531+0000] {dag.py:3834} INFO - Setting next_dagrun for dag_run to None, run_after=None
[2024-06-15T02:37:56.548+0000] {processor.py:183} INFO - Processing /opt/airflow/dags/dag_run.py took 0.064 seconds
[2024-06-15T02:38:27.352+0000] {processor.py:161} INFO - Started process (PID=430) to work on /opt/airflow/dags/dag_run.py
[2024-06-15T02:38:27.353+0000] {processor.py:830} INFO - Processing file /opt/airflow/dags/dag_run.py for tasks to queue
[2024-06-15T02:38:27.354+0000] {logging_mixin.py:188} INFO - [2024-06-15T02:38:27.354+0000] {dagbag.py:540} INFO - Filling up the DagBag from /opt/airflow/dags/dag_run.py
[2024-06-15T02:38:27.369+0000] {processor.py:840} INFO - DAG(s) 'dag_run' retrieved from /opt/airflow/dags/dag_run.py
[2024-06-15T02:38:27.409+0000] {logging_mixin.py:188} INFO - [2024-06-15T02:38:27.409+0000] {dag.py:3047} INFO - Sync 1 DAGs
[2024-06-15T02:38:27.430+0000] {logging_mixin.py:188} INFO - [2024-06-15T02:38:27.430+0000] {dag.py:3834} INFO - Setting next_dagrun for dag_run to None, run_after=None
[2024-06-15T02:38:27.451+0000] {processor.py:183} INFO - Processing /opt/airflow/dags/dag_run.py took 0.101 seconds
[2024-06-15T02:38:57.994+0000] {processor.py:161} INFO - Started process (PID=453) to work on /opt/airflow/dags/dag_run.py
[2024-06-15T02:38:57.995+0000] {processor.py:830} INFO - Processing file /opt/airflow/dags/dag_run.py for tasks to queue
[2024-06-15T02:38:57.996+0000] {logging_mixin.py:188} INFO - [2024-06-15T02:38:57.996+0000] {dagbag.py:540} INFO - Filling up the DagBag from /opt/airflow/dags/dag_run.py
[2024-06-15T02:38:58.007+0000] {processor.py:840} INFO - DAG(s) 'dag_run' retrieved from /opt/airflow/dags/dag_run.py
[2024-06-15T02:38:58.031+0000] {logging_mixin.py:188} INFO - [2024-06-15T02:38:58.030+0000] {dag.py:3047} INFO - Sync 1 DAGs
[2024-06-15T02:38:58.049+0000] {logging_mixin.py:188} INFO - [2024-06-15T02:38:58.049+0000] {dag.py:3834} INFO - Setting next_dagrun for dag_run to None, run_after=None
[2024-06-15T02:38:58.066+0000] {processor.py:183} INFO - Processing /opt/airflow/dags/dag_run.py took 0.074 seconds
[2024-06-15T02:39:28.317+0000] {processor.py:161} INFO - Started process (PID=476) to work on /opt/airflow/dags/dag_run.py
[2024-06-15T02:39:28.317+0000] {processor.py:830} INFO - Processing file /opt/airflow/dags/dag_run.py for tasks to queue
[2024-06-15T02:39:28.318+0000] {logging_mixin.py:188} INFO - [2024-06-15T02:39:28.318+0000] {dagbag.py:540} INFO - Filling up the DagBag from /opt/airflow/dags/dag_run.py
[2024-06-15T02:39:28.330+0000] {processor.py:840} INFO - DAG(s) 'dag_run' retrieved from /opt/airflow/dags/dag_run.py
[2024-06-15T02:39:28.354+0000] {logging_mixin.py:188} INFO - [2024-06-15T02:39:28.354+0000] {dag.py:3047} INFO - Sync 1 DAGs
[2024-06-15T02:39:28.372+0000] {logging_mixin.py:188} INFO - [2024-06-15T02:39:28.372+0000] {dag.py:3834} INFO - Setting next_dagrun for dag_run to None, run_after=None
[2024-06-15T02:39:28.395+0000] {processor.py:183} INFO - Processing /opt/airflow/dags/dag_run.py took 0.081 seconds
[2024-06-15T02:39:58.834+0000] {processor.py:161} INFO - Started process (PID=499) to work on /opt/airflow/dags/dag_run.py
[2024-06-15T02:39:58.834+0000] {processor.py:830} INFO - Processing file /opt/airflow/dags/dag_run.py for tasks to queue
[2024-06-15T02:39:58.835+0000] {logging_mixin.py:188} INFO - [2024-06-15T02:39:58.835+0000] {dagbag.py:540} INFO - Filling up the DagBag from /opt/airflow/dags/dag_run.py
[2024-06-15T02:39:58.848+0000] {processor.py:840} INFO - DAG(s) 'dag_run' retrieved from /opt/airflow/dags/dag_run.py
[2024-06-15T02:39:58.867+0000] {logging_mixin.py:188} INFO - [2024-06-15T02:39:58.867+0000] {dag.py:3047} INFO - Sync 1 DAGs
[2024-06-15T02:39:58.882+0000] {logging_mixin.py:188} INFO - [2024-06-15T02:39:58.882+0000] {dag.py:3834} INFO - Setting next_dagrun for dag_run to None, run_after=None
[2024-06-15T02:39:58.900+0000] {processor.py:183} INFO - Processing /opt/airflow/dags/dag_run.py took 0.068 seconds
[2024-06-15T02:40:29.145+0000] {processor.py:161} INFO - Started process (PID=522) to work on /opt/airflow/dags/dag_run.py
[2024-06-15T02:40:29.146+0000] {processor.py:830} INFO - Processing file /opt/airflow/dags/dag_run.py for tasks to queue
[2024-06-15T02:40:29.147+0000] {logging_mixin.py:188} INFO - [2024-06-15T02:40:29.147+0000] {dagbag.py:540} INFO - Filling up the DagBag from /opt/airflow/dags/dag_run.py
[2024-06-15T02:40:29.161+0000] {processor.py:840} INFO - DAG(s) 'dag_run' retrieved from /opt/airflow/dags/dag_run.py
[2024-06-15T02:40:29.191+0000] {logging_mixin.py:188} INFO - [2024-06-15T02:40:29.190+0000] {dag.py:3047} INFO - Sync 1 DAGs
[2024-06-15T02:40:29.208+0000] {logging_mixin.py:188} INFO - [2024-06-15T02:40:29.208+0000] {dag.py:3834} INFO - Setting next_dagrun for dag_run to None, run_after=None
[2024-06-15T02:40:29.225+0000] {processor.py:183} INFO - Processing /opt/airflow/dags/dag_run.py took 0.081 seconds
[2024-06-15T02:40:59.733+0000] {processor.py:161} INFO - Started process (PID=545) to work on /opt/airflow/dags/dag_run.py
[2024-06-15T02:40:59.733+0000] {processor.py:830} INFO - Processing file /opt/airflow/dags/dag_run.py for tasks to queue
[2024-06-15T02:40:59.737+0000] {logging_mixin.py:188} INFO - [2024-06-15T02:40:59.737+0000] {dagbag.py:540} INFO - Filling up the DagBag from /opt/airflow/dags/dag_run.py
[2024-06-15T02:40:59.758+0000] {processor.py:840} INFO - DAG(s) 'dag_run' retrieved from /opt/airflow/dags/dag_run.py
[2024-06-15T02:40:59.781+0000] {logging_mixin.py:188} INFO - [2024-06-15T02:40:59.781+0000] {dag.py:3047} INFO - Sync 1 DAGs
[2024-06-15T02:40:59.796+0000] {logging_mixin.py:188} INFO - [2024-06-15T02:40:59.795+0000] {dag.py:3834} INFO - Setting next_dagrun for dag_run to None, run_after=None
[2024-06-15T02:40:59.834+0000] {processor.py:183} INFO - Processing /opt/airflow/dags/dag_run.py took 0.103 seconds
[2024-06-15T02:41:30.238+0000] {processor.py:161} INFO - Started process (PID=568) to work on /opt/airflow/dags/dag_run.py
[2024-06-15T02:41:30.239+0000] {processor.py:830} INFO - Processing file /opt/airflow/dags/dag_run.py for tasks to queue
[2024-06-15T02:41:30.241+0000] {logging_mixin.py:188} INFO - [2024-06-15T02:41:30.241+0000] {dagbag.py:540} INFO - Filling up the DagBag from /opt/airflow/dags/dag_run.py
[2024-06-15T02:41:30.252+0000] {processor.py:840} INFO - DAG(s) 'dag_run' retrieved from /opt/airflow/dags/dag_run.py
[2024-06-15T02:41:30.274+0000] {logging_mixin.py:188} INFO - [2024-06-15T02:41:30.273+0000] {dag.py:3047} INFO - Sync 1 DAGs
[2024-06-15T02:41:30.291+0000] {logging_mixin.py:188} INFO - [2024-06-15T02:41:30.291+0000] {dag.py:3834} INFO - Setting next_dagrun for dag_run to None, run_after=None
[2024-06-15T02:41:30.311+0000] {processor.py:183} INFO - Processing /opt/airflow/dags/dag_run.py took 0.074 seconds
[2024-06-15T02:42:00.821+0000] {processor.py:161} INFO - Started process (PID=591) to work on /opt/airflow/dags/dag_run.py
[2024-06-15T02:42:00.822+0000] {processor.py:830} INFO - Processing file /opt/airflow/dags/dag_run.py for tasks to queue
[2024-06-15T02:42:00.824+0000] {logging_mixin.py:188} INFO - [2024-06-15T02:42:00.823+0000] {dagbag.py:540} INFO - Filling up the DagBag from /opt/airflow/dags/dag_run.py
[2024-06-15T02:42:00.834+0000] {processor.py:840} INFO - DAG(s) 'dag_run' retrieved from /opt/airflow/dags/dag_run.py
[2024-06-15T02:42:00.863+0000] {logging_mixin.py:188} INFO - [2024-06-15T02:42:00.863+0000] {dag.py:3047} INFO - Sync 1 DAGs
[2024-06-15T02:42:00.878+0000] {logging_mixin.py:188} INFO - [2024-06-15T02:42:00.878+0000] {dag.py:3834} INFO - Setting next_dagrun for dag_run to None, run_after=None
[2024-06-15T02:42:00.897+0000] {processor.py:183} INFO - Processing /opt/airflow/dags/dag_run.py took 0.077 seconds
[2024-06-15T02:42:31.332+0000] {processor.py:161} INFO - Started process (PID=614) to work on /opt/airflow/dags/dag_run.py
[2024-06-15T02:42:31.336+0000] {processor.py:830} INFO - Processing file /opt/airflow/dags/dag_run.py for tasks to queue
[2024-06-15T02:42:31.340+0000] {logging_mixin.py:188} INFO - [2024-06-15T02:42:31.339+0000] {dagbag.py:540} INFO - Filling up the DagBag from /opt/airflow/dags/dag_run.py
[2024-06-15T02:42:31.368+0000] {processor.py:840} INFO - DAG(s) 'dag_run' retrieved from /opt/airflow/dags/dag_run.py
[2024-06-15T02:42:31.396+0000] {logging_mixin.py:188} INFO - [2024-06-15T02:42:31.395+0000] {dag.py:3047} INFO - Sync 1 DAGs
[2024-06-15T02:42:31.414+0000] {logging_mixin.py:188} INFO - [2024-06-15T02:42:31.414+0000] {dag.py:3834} INFO - Setting next_dagrun for dag_run to None, run_after=None
[2024-06-15T02:42:31.434+0000] {processor.py:183} INFO - Processing /opt/airflow/dags/dag_run.py took 0.104 seconds
[2024-06-15T02:43:01.999+0000] {processor.py:161} INFO - Started process (PID=638) to work on /opt/airflow/dags/dag_run.py
[2024-06-15T02:43:02.000+0000] {processor.py:830} INFO - Processing file /opt/airflow/dags/dag_run.py for tasks to queue
[2024-06-15T02:43:02.002+0000] {logging_mixin.py:188} INFO - [2024-06-15T02:43:02.002+0000] {dagbag.py:540} INFO - Filling up the DagBag from /opt/airflow/dags/dag_run.py
[2024-06-15T02:43:02.011+0000] {processor.py:840} INFO - DAG(s) 'dag_run' retrieved from /opt/airflow/dags/dag_run.py
[2024-06-15T02:43:02.035+0000] {logging_mixin.py:188} INFO - [2024-06-15T02:43:02.035+0000] {dag.py:3047} INFO - Sync 1 DAGs
[2024-06-15T02:43:02.055+0000] {logging_mixin.py:188} INFO - [2024-06-15T02:43:02.055+0000] {dag.py:3834} INFO - Setting next_dagrun for dag_run to None, run_after=None
[2024-06-15T02:43:02.075+0000] {processor.py:183} INFO - Processing /opt/airflow/dags/dag_run.py took 0.077 seconds
[2024-06-15T02:43:32.468+0000] {processor.py:161} INFO - Started process (PID=661) to work on /opt/airflow/dags/dag_run.py
[2024-06-15T02:43:32.469+0000] {processor.py:830} INFO - Processing file /opt/airflow/dags/dag_run.py for tasks to queue
[2024-06-15T02:43:32.470+0000] {logging_mixin.py:188} INFO - [2024-06-15T02:43:32.469+0000] {dagbag.py:540} INFO - Filling up the DagBag from /opt/airflow/dags/dag_run.py
[2024-06-15T02:43:32.490+0000] {processor.py:840} INFO - DAG(s) 'dag_run' retrieved from /opt/airflow/dags/dag_run.py
[2024-06-15T02:43:32.537+0000] {logging_mixin.py:188} INFO - [2024-06-15T02:43:32.536+0000] {dag.py:3047} INFO - Sync 1 DAGs
[2024-06-15T02:43:32.557+0000] {logging_mixin.py:188} INFO - [2024-06-15T02:43:32.557+0000] {dag.py:3834} INFO - Setting next_dagrun for dag_run to None, run_after=None
[2024-06-15T02:43:32.575+0000] {processor.py:183} INFO - Processing /opt/airflow/dags/dag_run.py took 0.109 seconds
[2024-06-15T02:44:02.904+0000] {processor.py:161} INFO - Started process (PID=684) to work on /opt/airflow/dags/dag_run.py
[2024-06-15T02:44:02.904+0000] {processor.py:830} INFO - Processing file /opt/airflow/dags/dag_run.py for tasks to queue
[2024-06-15T02:44:02.905+0000] {logging_mixin.py:188} INFO - [2024-06-15T02:44:02.905+0000] {dagbag.py:540} INFO - Filling up the DagBag from /opt/airflow/dags/dag_run.py
[2024-06-15T02:44:02.921+0000] {processor.py:840} INFO - DAG(s) 'dag_run' retrieved from /opt/airflow/dags/dag_run.py
[2024-06-15T02:44:02.943+0000] {logging_mixin.py:188} INFO - [2024-06-15T02:44:02.943+0000] {dag.py:3047} INFO - Sync 1 DAGs
[2024-06-15T02:44:02.975+0000] {logging_mixin.py:188} INFO - [2024-06-15T02:44:02.974+0000] {dag.py:3834} INFO - Setting next_dagrun for dag_run to None, run_after=None
[2024-06-15T02:44:02.995+0000] {processor.py:183} INFO - Processing /opt/airflow/dags/dag_run.py took 0.093 seconds
[2024-06-15T02:44:33.568+0000] {processor.py:161} INFO - Started process (PID=707) to work on /opt/airflow/dags/dag_run.py
[2024-06-15T02:44:33.568+0000] {processor.py:830} INFO - Processing file /opt/airflow/dags/dag_run.py for tasks to queue
[2024-06-15T02:44:33.572+0000] {logging_mixin.py:188} INFO - [2024-06-15T02:44:33.571+0000] {dagbag.py:540} INFO - Filling up the DagBag from /opt/airflow/dags/dag_run.py
[2024-06-15T02:44:33.583+0000] {processor.py:840} INFO - DAG(s) 'dag_run' retrieved from /opt/airflow/dags/dag_run.py
[2024-06-15T02:44:33.603+0000] {logging_mixin.py:188} INFO - [2024-06-15T02:44:33.603+0000] {dag.py:3047} INFO - Sync 1 DAGs
[2024-06-15T02:44:33.627+0000] {logging_mixin.py:188} INFO - [2024-06-15T02:44:33.626+0000] {dag.py:3834} INFO - Setting next_dagrun for dag_run to None, run_after=None
[2024-06-15T02:44:33.664+0000] {processor.py:183} INFO - Processing /opt/airflow/dags/dag_run.py took 0.097 seconds
[2024-06-15T02:45:04.282+0000] {processor.py:161} INFO - Started process (PID=731) to work on /opt/airflow/dags/dag_run.py
[2024-06-15T02:45:04.283+0000] {processor.py:830} INFO - Processing file /opt/airflow/dags/dag_run.py for tasks to queue
[2024-06-15T02:45:04.284+0000] {logging_mixin.py:188} INFO - [2024-06-15T02:45:04.284+0000] {dagbag.py:540} INFO - Filling up the DagBag from /opt/airflow/dags/dag_run.py
[2024-06-15T02:45:04.296+0000] {processor.py:840} INFO - DAG(s) 'dag_run' retrieved from /opt/airflow/dags/dag_run.py
[2024-06-15T02:45:04.320+0000] {logging_mixin.py:188} INFO - [2024-06-15T02:45:04.319+0000] {dag.py:3047} INFO - Sync 1 DAGs
[2024-06-15T02:45:04.337+0000] {logging_mixin.py:188} INFO - [2024-06-15T02:45:04.337+0000] {dag.py:3834} INFO - Setting next_dagrun for dag_run to None, run_after=None
[2024-06-15T02:45:04.355+0000] {processor.py:183} INFO - Processing /opt/airflow/dags/dag_run.py took 0.075 seconds
[2024-06-15T02:45:34.822+0000] {processor.py:161} INFO - Started process (PID=754) to work on /opt/airflow/dags/dag_run.py
[2024-06-15T02:45:34.823+0000] {processor.py:830} INFO - Processing file /opt/airflow/dags/dag_run.py for tasks to queue
[2024-06-15T02:45:34.824+0000] {logging_mixin.py:188} INFO - [2024-06-15T02:45:34.824+0000] {dagbag.py:540} INFO - Filling up the DagBag from /opt/airflow/dags/dag_run.py
[2024-06-15T02:45:34.843+0000] {processor.py:840} INFO - DAG(s) 'dag_run' retrieved from /opt/airflow/dags/dag_run.py
[2024-06-15T02:45:34.870+0000] {logging_mixin.py:188} INFO - [2024-06-15T02:45:34.870+0000] {dag.py:3047} INFO - Sync 1 DAGs
[2024-06-15T02:45:34.892+0000] {logging_mixin.py:188} INFO - [2024-06-15T02:45:34.891+0000] {dag.py:3834} INFO - Setting next_dagrun for dag_run to None, run_after=None
[2024-06-15T02:45:34.913+0000] {processor.py:183} INFO - Processing /opt/airflow/dags/dag_run.py took 0.093 seconds
[2024-06-15T02:46:05.468+0000] {processor.py:161} INFO - Started process (PID=778) to work on /opt/airflow/dags/dag_run.py
[2024-06-15T02:46:05.468+0000] {processor.py:830} INFO - Processing file /opt/airflow/dags/dag_run.py for tasks to queue
[2024-06-15T02:46:05.469+0000] {logging_mixin.py:188} INFO - [2024-06-15T02:46:05.469+0000] {dagbag.py:540} INFO - Filling up the DagBag from /opt/airflow/dags/dag_run.py
[2024-06-15T02:46:05.494+0000] {processor.py:840} INFO - DAG(s) 'dag_run' retrieved from /opt/airflow/dags/dag_run.py
[2024-06-15T02:46:05.515+0000] {logging_mixin.py:188} INFO - [2024-06-15T02:46:05.514+0000] {dag.py:3047} INFO - Sync 1 DAGs
[2024-06-15T02:46:05.529+0000] {logging_mixin.py:188} INFO - [2024-06-15T02:46:05.529+0000] {dag.py:3834} INFO - Setting next_dagrun for dag_run to None, run_after=None
[2024-06-15T02:46:05.552+0000] {processor.py:183} INFO - Processing /opt/airflow/dags/dag_run.py took 0.086 seconds
[2024-06-15T02:46:35.784+0000] {processor.py:161} INFO - Started process (PID=801) to work on /opt/airflow/dags/dag_run.py
[2024-06-15T02:46:35.785+0000] {processor.py:830} INFO - Processing file /opt/airflow/dags/dag_run.py for tasks to queue
[2024-06-15T02:46:35.786+0000] {logging_mixin.py:188} INFO - [2024-06-15T02:46:35.786+0000] {dagbag.py:540} INFO - Filling up the DagBag from /opt/airflow/dags/dag_run.py
[2024-06-15T02:46:35.799+0000] {processor.py:840} INFO - DAG(s) 'dag_run' retrieved from /opt/airflow/dags/dag_run.py
[2024-06-15T02:46:35.826+0000] {logging_mixin.py:188} INFO - [2024-06-15T02:46:35.825+0000] {dag.py:3047} INFO - Sync 1 DAGs
[2024-06-15T02:46:35.842+0000] {logging_mixin.py:188} INFO - [2024-06-15T02:46:35.841+0000] {dag.py:3834} INFO - Setting next_dagrun for dag_run to None, run_after=None
[2024-06-15T02:46:35.875+0000] {processor.py:183} INFO - Processing /opt/airflow/dags/dag_run.py took 0.092 seconds
[2024-06-15T02:47:06.121+0000] {processor.py:161} INFO - Started process (PID=826) to work on /opt/airflow/dags/dag_run.py
[2024-06-15T02:47:06.122+0000] {processor.py:830} INFO - Processing file /opt/airflow/dags/dag_run.py for tasks to queue
[2024-06-15T02:47:06.123+0000] {logging_mixin.py:188} INFO - [2024-06-15T02:47:06.123+0000] {dagbag.py:540} INFO - Filling up the DagBag from /opt/airflow/dags/dag_run.py
[2024-06-15T02:47:06.138+0000] {processor.py:840} INFO - DAG(s) 'dag_run' retrieved from /opt/airflow/dags/dag_run.py
[2024-06-15T02:47:06.159+0000] {logging_mixin.py:188} INFO - [2024-06-15T02:47:06.159+0000] {dag.py:3047} INFO - Sync 1 DAGs
[2024-06-15T02:47:06.175+0000] {logging_mixin.py:188} INFO - [2024-06-15T02:47:06.175+0000] {dag.py:3834} INFO - Setting next_dagrun for dag_run to None, run_after=None
[2024-06-15T02:47:06.208+0000] {processor.py:183} INFO - Processing /opt/airflow/dags/dag_run.py took 0.089 seconds
[2024-06-15T02:47:36.585+0000] {processor.py:161} INFO - Started process (PID=850) to work on /opt/airflow/dags/dag_run.py
[2024-06-15T02:47:36.586+0000] {processor.py:830} INFO - Processing file /opt/airflow/dags/dag_run.py for tasks to queue
[2024-06-15T02:47:36.587+0000] {logging_mixin.py:188} INFO - [2024-06-15T02:47:36.587+0000] {dagbag.py:540} INFO - Filling up the DagBag from /opt/airflow/dags/dag_run.py
[2024-06-15T02:47:36.607+0000] {processor.py:840} INFO - DAG(s) 'dag_run' retrieved from /opt/airflow/dags/dag_run.py
[2024-06-15T02:47:36.635+0000] {logging_mixin.py:188} INFO - [2024-06-15T02:47:36.634+0000] {dag.py:3047} INFO - Sync 1 DAGs
[2024-06-15T02:47:36.651+0000] {logging_mixin.py:188} INFO - [2024-06-15T02:47:36.650+0000] {dag.py:3834} INFO - Setting next_dagrun for dag_run to None, run_after=None
[2024-06-15T02:47:36.680+0000] {processor.py:183} INFO - Processing /opt/airflow/dags/dag_run.py took 0.096 seconds
[2024-06-15T02:48:07.177+0000] {processor.py:161} INFO - Started process (PID=874) to work on /opt/airflow/dags/dag_run.py
[2024-06-15T02:48:07.177+0000] {processor.py:830} INFO - Processing file /opt/airflow/dags/dag_run.py for tasks to queue
[2024-06-15T02:48:07.178+0000] {logging_mixin.py:188} INFO - [2024-06-15T02:48:07.178+0000] {dagbag.py:540} INFO - Filling up the DagBag from /opt/airflow/dags/dag_run.py
[2024-06-15T02:48:07.187+0000] {processor.py:840} INFO - DAG(s) 'dag_run' retrieved from /opt/airflow/dags/dag_run.py
[2024-06-15T02:48:07.206+0000] {logging_mixin.py:188} INFO - [2024-06-15T02:48:07.206+0000] {dag.py:3047} INFO - Sync 1 DAGs
[2024-06-15T02:48:07.223+0000] {logging_mixin.py:188} INFO - [2024-06-15T02:48:07.223+0000] {dag.py:3834} INFO - Setting next_dagrun for dag_run to None, run_after=None
[2024-06-15T02:48:07.239+0000] {processor.py:183} INFO - Processing /opt/airflow/dags/dag_run.py took 0.064 seconds
[2024-06-15T02:48:37.661+0000] {processor.py:161} INFO - Started process (PID=897) to work on /opt/airflow/dags/dag_run.py
[2024-06-15T02:48:37.662+0000] {processor.py:830} INFO - Processing file /opt/airflow/dags/dag_run.py for tasks to queue
[2024-06-15T02:48:37.663+0000] {logging_mixin.py:188} INFO - [2024-06-15T02:48:37.663+0000] {dagbag.py:540} INFO - Filling up the DagBag from /opt/airflow/dags/dag_run.py
[2024-06-15T02:48:37.691+0000] {processor.py:840} INFO - DAG(s) 'dag_run' retrieved from /opt/airflow/dags/dag_run.py
[2024-06-15T02:48:37.721+0000] {logging_mixin.py:188} INFO - [2024-06-15T02:48:37.721+0000] {dag.py:3047} INFO - Sync 1 DAGs
[2024-06-15T02:48:37.747+0000] {logging_mixin.py:188} INFO - [2024-06-15T02:48:37.747+0000] {dag.py:3834} INFO - Setting next_dagrun for dag_run to None, run_after=None
[2024-06-15T02:48:37.771+0000] {processor.py:183} INFO - Processing /opt/airflow/dags/dag_run.py took 0.112 seconds
[2024-06-15T02:49:08.243+0000] {processor.py:161} INFO - Started process (PID=920) to work on /opt/airflow/dags/dag_run.py
[2024-06-15T02:49:08.244+0000] {processor.py:830} INFO - Processing file /opt/airflow/dags/dag_run.py for tasks to queue
[2024-06-15T02:49:08.245+0000] {logging_mixin.py:188} INFO - [2024-06-15T02:49:08.244+0000] {dagbag.py:540} INFO - Filling up the DagBag from /opt/airflow/dags/dag_run.py
[2024-06-15T02:49:08.257+0000] {processor.py:840} INFO - DAG(s) 'dag_run' retrieved from /opt/airflow/dags/dag_run.py
[2024-06-15T02:49:08.283+0000] {logging_mixin.py:188} INFO - [2024-06-15T02:49:08.283+0000] {dag.py:3047} INFO - Sync 1 DAGs
[2024-06-15T02:49:08.300+0000] {logging_mixin.py:188} INFO - [2024-06-15T02:49:08.300+0000] {dag.py:3834} INFO - Setting next_dagrun for dag_run to None, run_after=None
[2024-06-15T02:49:08.319+0000] {processor.py:183} INFO - Processing /opt/airflow/dags/dag_run.py took 0.078 seconds
[2024-06-15T02:49:38.715+0000] {processor.py:161} INFO - Started process (PID=971) to work on /opt/airflow/dags/dag_run.py
[2024-06-15T02:49:38.716+0000] {processor.py:830} INFO - Processing file /opt/airflow/dags/dag_run.py for tasks to queue
[2024-06-15T02:49:38.718+0000] {logging_mixin.py:188} INFO - [2024-06-15T02:49:38.718+0000] {dagbag.py:540} INFO - Filling up the DagBag from /opt/airflow/dags/dag_run.py
[2024-06-15T02:49:38.733+0000] {processor.py:840} INFO - DAG(s) 'dag_run' retrieved from /opt/airflow/dags/dag_run.py
[2024-06-15T02:49:38.769+0000] {logging_mixin.py:188} INFO - [2024-06-15T02:49:38.769+0000] {dag.py:3047} INFO - Sync 1 DAGs
[2024-06-15T02:49:38.785+0000] {logging_mixin.py:188} INFO - [2024-06-15T02:49:38.785+0000] {dag.py:3834} INFO - Setting next_dagrun for dag_run to None, run_after=None
[2024-06-15T02:49:38.798+0000] {processor.py:183} INFO - Processing /opt/airflow/dags/dag_run.py took 0.085 seconds
[2024-06-15T02:50:09.180+0000] {processor.py:161} INFO - Started process (PID=999) to work on /opt/airflow/dags/dag_run.py
[2024-06-15T02:50:09.181+0000] {processor.py:830} INFO - Processing file /opt/airflow/dags/dag_run.py for tasks to queue
[2024-06-15T02:50:09.182+0000] {logging_mixin.py:188} INFO - [2024-06-15T02:50:09.182+0000] {dagbag.py:540} INFO - Filling up the DagBag from /opt/airflow/dags/dag_run.py
[2024-06-15T02:50:09.192+0000] {processor.py:840} INFO - DAG(s) 'dag_run' retrieved from /opt/airflow/dags/dag_run.py
[2024-06-15T02:50:09.221+0000] {logging_mixin.py:188} INFO - [2024-06-15T02:50:09.221+0000] {dag.py:3047} INFO - Sync 1 DAGs
[2024-06-15T02:50:09.235+0000] {logging_mixin.py:188} INFO - [2024-06-15T02:50:09.235+0000] {dag.py:3834} INFO - Setting next_dagrun for dag_run to None, run_after=None
[2024-06-15T02:50:09.250+0000] {processor.py:183} INFO - Processing /opt/airflow/dags/dag_run.py took 0.072 seconds
[2024-06-15T02:50:39.657+0000] {processor.py:161} INFO - Started process (PID=1022) to work on /opt/airflow/dags/dag_run.py
[2024-06-15T02:50:39.658+0000] {processor.py:830} INFO - Processing file /opt/airflow/dags/dag_run.py for tasks to queue
[2024-06-15T02:50:39.659+0000] {logging_mixin.py:188} INFO - [2024-06-15T02:50:39.659+0000] {dagbag.py:540} INFO - Filling up the DagBag from /opt/airflow/dags/dag_run.py
[2024-06-15T02:50:39.671+0000] {processor.py:840} INFO - DAG(s) 'dag_run' retrieved from /opt/airflow/dags/dag_run.py
[2024-06-15T02:50:39.693+0000] {logging_mixin.py:188} INFO - [2024-06-15T02:50:39.693+0000] {dag.py:3047} INFO - Sync 1 DAGs
[2024-06-15T02:50:39.708+0000] {logging_mixin.py:188} INFO - [2024-06-15T02:50:39.708+0000] {dag.py:3834} INFO - Setting next_dagrun for dag_run to None, run_after=None
[2024-06-15T02:50:39.733+0000] {processor.py:183} INFO - Processing /opt/airflow/dags/dag_run.py took 0.077 seconds
[2024-06-15T02:51:10.201+0000] {processor.py:161} INFO - Started process (PID=1045) to work on /opt/airflow/dags/dag_run.py
[2024-06-15T02:51:10.204+0000] {processor.py:830} INFO - Processing file /opt/airflow/dags/dag_run.py for tasks to queue
[2024-06-15T02:51:10.206+0000] {logging_mixin.py:188} INFO - [2024-06-15T02:51:10.206+0000] {dagbag.py:540} INFO - Filling up the DagBag from /opt/airflow/dags/dag_run.py
[2024-06-15T02:51:10.234+0000] {processor.py:840} INFO - DAG(s) 'dag_run' retrieved from /opt/airflow/dags/dag_run.py
[2024-06-15T02:51:10.252+0000] {logging_mixin.py:188} INFO - [2024-06-15T02:51:10.252+0000] {dag.py:3047} INFO - Sync 1 DAGs
[2024-06-15T02:51:10.275+0000] {logging_mixin.py:188} INFO - [2024-06-15T02:51:10.275+0000] {dag.py:3834} INFO - Setting next_dagrun for dag_run to None, run_after=None
[2024-06-15T02:51:10.303+0000] {processor.py:183} INFO - Processing /opt/airflow/dags/dag_run.py took 0.104 seconds
[2024-06-15T02:51:40.714+0000] {processor.py:161} INFO - Started process (PID=1074) to work on /opt/airflow/dags/dag_run.py
[2024-06-15T02:51:40.715+0000] {processor.py:830} INFO - Processing file /opt/airflow/dags/dag_run.py for tasks to queue
[2024-06-15T02:51:40.716+0000] {logging_mixin.py:188} INFO - [2024-06-15T02:51:40.715+0000] {dagbag.py:540} INFO - Filling up the DagBag from /opt/airflow/dags/dag_run.py
[2024-06-15T02:51:40.727+0000] {processor.py:840} INFO - DAG(s) 'dag_run' retrieved from /opt/airflow/dags/dag_run.py
[2024-06-15T02:51:40.748+0000] {logging_mixin.py:188} INFO - [2024-06-15T02:51:40.748+0000] {dag.py:3047} INFO - Sync 1 DAGs
[2024-06-15T02:51:40.765+0000] {logging_mixin.py:188} INFO - [2024-06-15T02:51:40.765+0000] {dag.py:3834} INFO - Setting next_dagrun for dag_run to None, run_after=None
[2024-06-15T02:51:40.789+0000] {processor.py:183} INFO - Processing /opt/airflow/dags/dag_run.py took 0.077 seconds
[2024-06-15T02:52:11.356+0000] {processor.py:161} INFO - Started process (PID=1097) to work on /opt/airflow/dags/dag_run.py
[2024-06-15T02:52:11.356+0000] {processor.py:830} INFO - Processing file /opt/airflow/dags/dag_run.py for tasks to queue
[2024-06-15T02:52:11.357+0000] {logging_mixin.py:188} INFO - [2024-06-15T02:52:11.357+0000] {dagbag.py:540} INFO - Filling up the DagBag from /opt/airflow/dags/dag_run.py
[2024-06-15T02:52:11.371+0000] {processor.py:840} INFO - DAG(s) 'dag_run' retrieved from /opt/airflow/dags/dag_run.py
[2024-06-15T02:52:11.410+0000] {logging_mixin.py:188} INFO - [2024-06-15T02:52:11.410+0000] {dag.py:3047} INFO - Sync 1 DAGs
[2024-06-15T02:52:11.431+0000] {logging_mixin.py:188} INFO - [2024-06-15T02:52:11.431+0000] {dag.py:3834} INFO - Setting next_dagrun for dag_run to None, run_after=None
[2024-06-15T02:52:11.454+0000] {processor.py:183} INFO - Processing /opt/airflow/dags/dag_run.py took 0.100 seconds
[2024-06-15T02:52:41.856+0000] {processor.py:161} INFO - Started process (PID=1120) to work on /opt/airflow/dags/dag_run.py
[2024-06-15T02:52:41.856+0000] {processor.py:830} INFO - Processing file /opt/airflow/dags/dag_run.py for tasks to queue
[2024-06-15T02:52:41.858+0000] {logging_mixin.py:188} INFO - [2024-06-15T02:52:41.857+0000] {dagbag.py:540} INFO - Filling up the DagBag from /opt/airflow/dags/dag_run.py
[2024-06-15T02:52:41.872+0000] {processor.py:840} INFO - DAG(s) 'dag_run' retrieved from /opt/airflow/dags/dag_run.py
[2024-06-15T02:52:41.896+0000] {logging_mixin.py:188} INFO - [2024-06-15T02:52:41.896+0000] {dag.py:3047} INFO - Sync 1 DAGs
[2024-06-15T02:52:41.914+0000] {logging_mixin.py:188} INFO - [2024-06-15T02:52:41.914+0000] {dag.py:3834} INFO - Setting next_dagrun for dag_run to None, run_after=None
[2024-06-15T02:52:41.934+0000] {processor.py:183} INFO - Processing /opt/airflow/dags/dag_run.py took 0.080 seconds
