[2024-06-15T02:34:45.448+0000] {processor.py:161} INFO - Started process (PID=257) to work on /opt/airflow/dags/dynamic_dag_generator_type_1.py
[2024-06-15T02:34:45.448+0000] {processor.py:830} INFO - Processing file /opt/airflow/dags/dynamic_dag_generator_type_1.py for tasks to queue
[2024-06-15T02:34:45.449+0000] {logging_mixin.py:188} INFO - [2024-06-15T02:34:45.449+0000] {dagbag.py:540} INFO - Filling up the DagBag from /opt/airflow/dags/dynamic_dag_generator_type_1.py
[2024-06-15T02:34:45.462+0000] {processor.py:842} WARNING - No viable dags retrieved from /opt/airflow/dags/dynamic_dag_generator_type_1.py
[2024-06-15T02:34:45.488+0000] {processor.py:183} INFO - Processing /opt/airflow/dags/dynamic_dag_generator_type_1.py took 0.042 seconds
[2024-06-15T02:35:07.878+0000] {processor.py:161} INFO - Started process (PID=274) to work on /opt/airflow/dags/dynamic_dag_generator_type_1.py
[2024-06-15T02:35:07.879+0000] {processor.py:830} INFO - Processing file /opt/airflow/dags/dynamic_dag_generator_type_1.py for tasks to queue
[2024-06-15T02:35:07.880+0000] {logging_mixin.py:188} INFO - [2024-06-15T02:35:07.880+0000] {dagbag.py:540} INFO - Filling up the DagBag from /opt/airflow/dags/dynamic_dag_generator_type_1.py
[2024-06-15T02:35:07.895+0000] {processor.py:842} WARNING - No viable dags retrieved from /opt/airflow/dags/dynamic_dag_generator_type_1.py
[2024-06-15T02:35:07.913+0000] {processor.py:183} INFO - Processing /opt/airflow/dags/dynamic_dag_generator_type_1.py took 0.036 seconds
[2024-06-15T02:35:38.523+0000] {processor.py:161} INFO - Started process (PID=297) to work on /opt/airflow/dags/dynamic_dag_generator_type_1.py
[2024-06-15T02:35:38.523+0000] {processor.py:830} INFO - Processing file /opt/airflow/dags/dynamic_dag_generator_type_1.py for tasks to queue
[2024-06-15T02:35:38.525+0000] {logging_mixin.py:188} INFO - [2024-06-15T02:35:38.524+0000] {dagbag.py:540} INFO - Filling up the DagBag from /opt/airflow/dags/dynamic_dag_generator_type_1.py
[2024-06-15T02:35:38.539+0000] {processor.py:842} WARNING - No viable dags retrieved from /opt/airflow/dags/dynamic_dag_generator_type_1.py
[2024-06-15T02:35:38.564+0000] {processor.py:183} INFO - Processing /opt/airflow/dags/dynamic_dag_generator_type_1.py took 0.044 seconds
[2024-06-15T02:35:49.837+0000] {processor.py:161} INFO - Started process (PID=304) to work on /opt/airflow/dags/dynamic_dag_generator_type_1.py
[2024-06-15T02:35:49.837+0000] {processor.py:830} INFO - Processing file /opt/airflow/dags/dynamic_dag_generator_type_1.py for tasks to queue
[2024-06-15T02:35:49.838+0000] {logging_mixin.py:188} INFO - [2024-06-15T02:35:49.838+0000] {dagbag.py:540} INFO - Filling up the DagBag from /opt/airflow/dags/dynamic_dag_generator_type_1.py
[2024-06-15T02:35:49.847+0000] {logging_mixin.py:188} INFO - [2024-06-15T02:35:49.846+0000] {dagbag.py:350} ERROR - Failed to import: /opt/airflow/dags/dynamic_dag_generator_type_1.py
Traceback (most recent call last):
  File "/home/airflow/.local/lib/python3.11/site-packages/airflow/models/dagbag.py", line 346, in parse
    loader.exec_module(new_module)
  File "<frozen importlib._bootstrap_external>", line 936, in exec_module
  File "<frozen importlib._bootstrap_external>", line 1074, in get_code
  File "<frozen importlib._bootstrap_external>", line 1004, in source_to_code
  File "<frozen importlib._bootstrap>", line 241, in _call_with_frames_removed
  File "/opt/airflow/dags/dynamic_dag_generator_type_1.py", line 11
    
    ^
IndentationError: expected an indented block after 'for' statement on line 10
[2024-06-15T02:35:49.848+0000] {processor.py:842} WARNING - No viable dags retrieved from /opt/airflow/dags/dynamic_dag_generator_type_1.py
[2024-06-15T02:35:49.878+0000] {processor.py:183} INFO - Processing /opt/airflow/dags/dynamic_dag_generator_type_1.py took 0.042 seconds
[2024-06-15T02:36:20.157+0000] {processor.py:161} INFO - Started process (PID=327) to work on /opt/airflow/dags/dynamic_dag_generator_type_1.py
[2024-06-15T02:36:20.158+0000] {processor.py:830} INFO - Processing file /opt/airflow/dags/dynamic_dag_generator_type_1.py for tasks to queue
[2024-06-15T02:36:20.159+0000] {logging_mixin.py:188} INFO - [2024-06-15T02:36:20.159+0000] {dagbag.py:540} INFO - Filling up the DagBag from /opt/airflow/dags/dynamic_dag_generator_type_1.py
[2024-06-15T02:36:20.167+0000] {logging_mixin.py:188} INFO - [2024-06-15T02:36:20.167+0000] {dagbag.py:350} ERROR - Failed to import: /opt/airflow/dags/dynamic_dag_generator_type_1.py
Traceback (most recent call last):
  File "/home/airflow/.local/lib/python3.11/site-packages/airflow/models/dagbag.py", line 346, in parse
    loader.exec_module(new_module)
  File "<frozen importlib._bootstrap_external>", line 936, in exec_module
  File "<frozen importlib._bootstrap_external>", line 1074, in get_code
  File "<frozen importlib._bootstrap_external>", line 1004, in source_to_code
  File "<frozen importlib._bootstrap>", line 241, in _call_with_frames_removed
  File "/opt/airflow/dags/dynamic_dag_generator_type_1.py", line 11
    
    ^
IndentationError: expected an indented block after 'for' statement on line 10
[2024-06-15T02:36:20.168+0000] {processor.py:842} WARNING - No viable dags retrieved from /opt/airflow/dags/dynamic_dag_generator_type_1.py
[2024-06-15T02:36:20.194+0000] {processor.py:183} INFO - Processing /opt/airflow/dags/dynamic_dag_generator_type_1.py took 0.039 seconds
[2024-06-15T02:36:50.658+0000] {processor.py:161} INFO - Started process (PID=350) to work on /opt/airflow/dags/dynamic_dag_generator_type_1.py
[2024-06-15T02:36:50.658+0000] {processor.py:830} INFO - Processing file /opt/airflow/dags/dynamic_dag_generator_type_1.py for tasks to queue
[2024-06-15T02:36:50.660+0000] {logging_mixin.py:188} INFO - [2024-06-15T02:36:50.660+0000] {dagbag.py:540} INFO - Filling up the DagBag from /opt/airflow/dags/dynamic_dag_generator_type_1.py
[2024-06-15T02:36:50.675+0000] {logging_mixin.py:188} INFO - [2024-06-15T02:36:50.674+0000] {dagbag.py:350} ERROR - Failed to import: /opt/airflow/dags/dynamic_dag_generator_type_1.py
Traceback (most recent call last):
  File "/home/airflow/.local/lib/python3.11/site-packages/airflow/models/dagbag.py", line 346, in parse
    loader.exec_module(new_module)
  File "<frozen importlib._bootstrap_external>", line 936, in exec_module
  File "<frozen importlib._bootstrap_external>", line 1074, in get_code
  File "<frozen importlib._bootstrap_external>", line 1004, in source_to_code
  File "<frozen importlib._bootstrap>", line 241, in _call_with_frames_removed
  File "/opt/airflow/dags/dynamic_dag_generator_type_1.py", line 11
    
    ^
IndentationError: expected an indented block after 'for' statement on line 10
[2024-06-15T02:36:50.676+0000] {processor.py:842} WARNING - No viable dags retrieved from /opt/airflow/dags/dynamic_dag_generator_type_1.py
[2024-06-15T02:36:50.705+0000] {processor.py:183} INFO - Processing /opt/airflow/dags/dynamic_dag_generator_type_1.py took 0.048 seconds
[2024-06-15T02:37:02.853+0000] {processor.py:161} INFO - Started process (PID=367) to work on /opt/airflow/dags/dynamic_dag_generator_type_1.py
[2024-06-15T02:37:02.854+0000] {processor.py:830} INFO - Processing file /opt/airflow/dags/dynamic_dag_generator_type_1.py for tasks to queue
[2024-06-15T02:37:02.855+0000] {logging_mixin.py:188} INFO - [2024-06-15T02:37:02.855+0000] {dagbag.py:540} INFO - Filling up the DagBag from /opt/airflow/dags/dynamic_dag_generator_type_1.py
[2024-06-15T02:37:02.894+0000] {processor.py:842} WARNING - No viable dags retrieved from /opt/airflow/dags/dynamic_dag_generator_type_1.py
[2024-06-15T02:37:02.918+0000] {processor.py:183} INFO - Processing /opt/airflow/dags/dynamic_dag_generator_type_1.py took 0.066 seconds
[2024-06-15T02:37:11.060+0000] {processor.py:161} INFO - Started process (PID=374) to work on /opt/airflow/dags/dynamic_dag_generator_type_1.py
[2024-06-15T02:37:11.061+0000] {processor.py:830} INFO - Processing file /opt/airflow/dags/dynamic_dag_generator_type_1.py for tasks to queue
[2024-06-15T02:37:11.063+0000] {logging_mixin.py:188} INFO - [2024-06-15T02:37:11.063+0000] {dagbag.py:540} INFO - Filling up the DagBag from /opt/airflow/dags/dynamic_dag_generator_type_1.py
[2024-06-15T02:37:11.086+0000] {processor.py:842} WARNING - No viable dags retrieved from /opt/airflow/dags/dynamic_dag_generator_type_1.py
[2024-06-15T02:37:11.104+0000] {processor.py:183} INFO - Processing /opt/airflow/dags/dynamic_dag_generator_type_1.py took 0.046 seconds
[2024-06-15T02:37:41.666+0000] {processor.py:161} INFO - Started process (PID=397) to work on /opt/airflow/dags/dynamic_dag_generator_type_1.py
[2024-06-15T02:37:41.666+0000] {processor.py:830} INFO - Processing file /opt/airflow/dags/dynamic_dag_generator_type_1.py for tasks to queue
[2024-06-15T02:37:41.668+0000] {logging_mixin.py:188} INFO - [2024-06-15T02:37:41.667+0000] {dagbag.py:540} INFO - Filling up the DagBag from /opt/airflow/dags/dynamic_dag_generator_type_1.py
[2024-06-15T02:37:41.684+0000] {processor.py:842} WARNING - No viable dags retrieved from /opt/airflow/dags/dynamic_dag_generator_type_1.py
[2024-06-15T02:37:41.703+0000] {processor.py:183} INFO - Processing /opt/airflow/dags/dynamic_dag_generator_type_1.py took 0.039 seconds
[2024-06-15T02:38:11.371+0000] {processor.py:161} INFO - Started process (PID=420) to work on /opt/airflow/dags/dynamic_dag_generator_type_1.py
[2024-06-15T02:38:11.372+0000] {processor.py:830} INFO - Processing file /opt/airflow/dags/dynamic_dag_generator_type_1.py for tasks to queue
[2024-06-15T02:38:11.373+0000] {logging_mixin.py:188} INFO - [2024-06-15T02:38:11.373+0000] {dagbag.py:540} INFO - Filling up the DagBag from /opt/airflow/dags/dynamic_dag_generator_type_1.py
[2024-06-15T02:38:11.394+0000] {processor.py:842} WARNING - No viable dags retrieved from /opt/airflow/dags/dynamic_dag_generator_type_1.py
[2024-06-15T02:38:11.410+0000] {processor.py:183} INFO - Processing /opt/airflow/dags/dynamic_dag_generator_type_1.py took 0.040 seconds
[2024-06-15T02:38:15.568+0000] {processor.py:161} INFO - Started process (PID=421) to work on /opt/airflow/dags/dynamic_dag_generator_type_1.py
[2024-06-15T02:38:15.569+0000] {processor.py:830} INFO - Processing file /opt/airflow/dags/dynamic_dag_generator_type_1.py for tasks to queue
[2024-06-15T02:38:15.571+0000] {logging_mixin.py:188} INFO - [2024-06-15T02:38:15.571+0000] {dagbag.py:540} INFO - Filling up the DagBag from /opt/airflow/dags/dynamic_dag_generator_type_1.py
[2024-06-15T02:38:15.598+0000] {processor.py:842} WARNING - No viable dags retrieved from /opt/airflow/dags/dynamic_dag_generator_type_1.py
[2024-06-15T02:38:15.617+0000] {processor.py:183} INFO - Processing /opt/airflow/dags/dynamic_dag_generator_type_1.py took 0.051 seconds
[2024-06-15T02:38:46.177+0000] {processor.py:161} INFO - Started process (PID=444) to work on /opt/airflow/dags/dynamic_dag_generator_type_1.py
[2024-06-15T02:38:46.177+0000] {processor.py:830} INFO - Processing file /opt/airflow/dags/dynamic_dag_generator_type_1.py for tasks to queue
[2024-06-15T02:38:46.178+0000] {logging_mixin.py:188} INFO - [2024-06-15T02:38:46.178+0000] {dagbag.py:540} INFO - Filling up the DagBag from /opt/airflow/dags/dynamic_dag_generator_type_1.py
[2024-06-15T02:38:46.196+0000] {processor.py:842} WARNING - No viable dags retrieved from /opt/airflow/dags/dynamic_dag_generator_type_1.py
[2024-06-15T02:38:46.215+0000] {processor.py:183} INFO - Processing /opt/airflow/dags/dynamic_dag_generator_type_1.py took 0.040 seconds
[2024-06-15T02:39:16.730+0000] {processor.py:161} INFO - Started process (PID=467) to work on /opt/airflow/dags/dynamic_dag_generator_type_1.py
[2024-06-15T02:39:16.731+0000] {processor.py:830} INFO - Processing file /opt/airflow/dags/dynamic_dag_generator_type_1.py for tasks to queue
[2024-06-15T02:39:16.732+0000] {logging_mixin.py:188} INFO - [2024-06-15T02:39:16.732+0000] {dagbag.py:540} INFO - Filling up the DagBag from /opt/airflow/dags/dynamic_dag_generator_type_1.py
[2024-06-15T02:39:16.746+0000] {processor.py:842} WARNING - No viable dags retrieved from /opt/airflow/dags/dynamic_dag_generator_type_1.py
[2024-06-15T02:39:16.766+0000] {processor.py:183} INFO - Processing /opt/airflow/dags/dynamic_dag_generator_type_1.py took 0.038 seconds
[2024-06-15T02:39:47.189+0000] {processor.py:161} INFO - Started process (PID=490) to work on /opt/airflow/dags/dynamic_dag_generator_type_1.py
[2024-06-15T02:39:47.190+0000] {processor.py:830} INFO - Processing file /opt/airflow/dags/dynamic_dag_generator_type_1.py for tasks to queue
[2024-06-15T02:39:47.192+0000] {logging_mixin.py:188} INFO - [2024-06-15T02:39:47.192+0000] {dagbag.py:540} INFO - Filling up the DagBag from /opt/airflow/dags/dynamic_dag_generator_type_1.py
[2024-06-15T02:39:47.214+0000] {processor.py:842} WARNING - No viable dags retrieved from /opt/airflow/dags/dynamic_dag_generator_type_1.py
[2024-06-15T02:39:47.227+0000] {processor.py:183} INFO - Processing /opt/airflow/dags/dynamic_dag_generator_type_1.py took 0.041 seconds
[2024-06-15T02:40:17.565+0000] {processor.py:161} INFO - Started process (PID=513) to work on /opt/airflow/dags/dynamic_dag_generator_type_1.py
[2024-06-15T02:40:17.566+0000] {processor.py:830} INFO - Processing file /opt/airflow/dags/dynamic_dag_generator_type_1.py for tasks to queue
[2024-06-15T02:40:17.568+0000] {logging_mixin.py:188} INFO - [2024-06-15T02:40:17.567+0000] {dagbag.py:540} INFO - Filling up the DagBag from /opt/airflow/dags/dynamic_dag_generator_type_1.py
[2024-06-15T02:40:17.586+0000] {processor.py:842} WARNING - No viable dags retrieved from /opt/airflow/dags/dynamic_dag_generator_type_1.py
[2024-06-15T02:40:17.604+0000] {processor.py:183} INFO - Processing /opt/airflow/dags/dynamic_dag_generator_type_1.py took 0.041 seconds
[2024-06-15T02:40:47.860+0000] {processor.py:161} INFO - Started process (PID=536) to work on /opt/airflow/dags/dynamic_dag_generator_type_1.py
[2024-06-15T02:40:47.860+0000] {processor.py:830} INFO - Processing file /opt/airflow/dags/dynamic_dag_generator_type_1.py for tasks to queue
[2024-06-15T02:40:47.862+0000] {logging_mixin.py:188} INFO - [2024-06-15T02:40:47.862+0000] {dagbag.py:540} INFO - Filling up the DagBag from /opt/airflow/dags/dynamic_dag_generator_type_1.py
[2024-06-15T02:40:47.877+0000] {processor.py:842} WARNING - No viable dags retrieved from /opt/airflow/dags/dynamic_dag_generator_type_1.py
[2024-06-15T02:40:47.893+0000] {processor.py:183} INFO - Processing /opt/airflow/dags/dynamic_dag_generator_type_1.py took 0.035 seconds
[2024-06-15T02:41:18.601+0000] {processor.py:161} INFO - Started process (PID=559) to work on /opt/airflow/dags/dynamic_dag_generator_type_1.py
[2024-06-15T02:41:18.601+0000] {processor.py:830} INFO - Processing file /opt/airflow/dags/dynamic_dag_generator_type_1.py for tasks to queue
[2024-06-15T02:41:18.602+0000] {logging_mixin.py:188} INFO - [2024-06-15T02:41:18.602+0000] {dagbag.py:540} INFO - Filling up the DagBag from /opt/airflow/dags/dynamic_dag_generator_type_1.py
[2024-06-15T02:41:18.614+0000] {processor.py:842} WARNING - No viable dags retrieved from /opt/airflow/dags/dynamic_dag_generator_type_1.py
[2024-06-15T02:41:18.636+0000] {processor.py:183} INFO - Processing /opt/airflow/dags/dynamic_dag_generator_type_1.py took 0.037 seconds
[2024-06-15T02:41:49.064+0000] {processor.py:161} INFO - Started process (PID=582) to work on /opt/airflow/dags/dynamic_dag_generator_type_1.py
[2024-06-15T02:41:49.064+0000] {processor.py:830} INFO - Processing file /opt/airflow/dags/dynamic_dag_generator_type_1.py for tasks to queue
[2024-06-15T02:41:49.066+0000] {logging_mixin.py:188} INFO - [2024-06-15T02:41:49.065+0000] {dagbag.py:540} INFO - Filling up the DagBag from /opt/airflow/dags/dynamic_dag_generator_type_1.py
[2024-06-15T02:41:49.080+0000] {processor.py:842} WARNING - No viable dags retrieved from /opt/airflow/dags/dynamic_dag_generator_type_1.py
[2024-06-15T02:41:49.103+0000] {processor.py:183} INFO - Processing /opt/airflow/dags/dynamic_dag_generator_type_1.py took 0.042 seconds
[2024-06-15T02:42:19.642+0000] {processor.py:161} INFO - Started process (PID=605) to work on /opt/airflow/dags/dynamic_dag_generator_type_1.py
[2024-06-15T02:42:19.642+0000] {processor.py:830} INFO - Processing file /opt/airflow/dags/dynamic_dag_generator_type_1.py for tasks to queue
[2024-06-15T02:42:19.643+0000] {logging_mixin.py:188} INFO - [2024-06-15T02:42:19.643+0000] {dagbag.py:540} INFO - Filling up the DagBag from /opt/airflow/dags/dynamic_dag_generator_type_1.py
[2024-06-15T02:42:19.656+0000] {processor.py:842} WARNING - No viable dags retrieved from /opt/airflow/dags/dynamic_dag_generator_type_1.py
[2024-06-15T02:42:19.670+0000] {processor.py:183} INFO - Processing /opt/airflow/dags/dynamic_dag_generator_type_1.py took 0.030 seconds
[2024-06-15T02:42:31.872+0000] {processor.py:161} INFO - Started process (PID=622) to work on /opt/airflow/dags/dynamic_dag_generator_type_1.py
[2024-06-15T02:42:31.872+0000] {processor.py:830} INFO - Processing file /opt/airflow/dags/dynamic_dag_generator_type_1.py for tasks to queue
[2024-06-15T02:42:31.874+0000] {logging_mixin.py:188} INFO - [2024-06-15T02:42:31.873+0000] {dagbag.py:540} INFO - Filling up the DagBag from /opt/airflow/dags/dynamic_dag_generator_type_1.py
[2024-06-15T02:42:31.896+0000] {logging_mixin.py:188} INFO - [2024-06-15T02:42:31.895+0000] {dagbag.py:350} ERROR - Failed to import: /opt/airflow/dags/dynamic_dag_generator_type_1.py
Traceback (most recent call last):
  File "/home/airflow/.local/lib/python3.11/site-packages/airflow/models/dagbag.py", line 346, in parse
    loader.exec_module(new_module)
  File "<frozen importlib._bootstrap_external>", line 940, in exec_module
  File "<frozen importlib._bootstrap>", line 241, in _call_with_frames_removed
  File "/opt/airflow/dags/dynamic_dag_generator_type_1.py", line 25, in <module>
    'start_date': datetime(CONFIG["start_date"][0], CONFIG["start_date"][1], CONFIG["start_date"][2], tzinfo=TIMEZONE)
                  ^^^^^^^^^^^^^^^^^^^^^^^^^^^^^^^^^^^^^^^^^^^^^^^^^^^^^^^^^^^^^^^^^^^^^^^^^^^^^^^^^^^^^^^^^^^^^^^^^^^^
TypeError: 'str' object cannot be interpreted as an integer
[2024-06-15T02:42:31.897+0000] {processor.py:842} WARNING - No viable dags retrieved from /opt/airflow/dags/dynamic_dag_generator_type_1.py
[2024-06-15T02:42:31.920+0000] {processor.py:183} INFO - Processing /opt/airflow/dags/dynamic_dag_generator_type_1.py took 0.052 seconds
[2024-06-15T02:43:01.997+0000] {processor.py:161} INFO - Started process (PID=637) to work on /opt/airflow/dags/dynamic_dag_generator_type_1.py
[2024-06-15T02:43:01.997+0000] {processor.py:830} INFO - Processing file /opt/airflow/dags/dynamic_dag_generator_type_1.py for tasks to queue
[2024-06-15T02:43:01.998+0000] {logging_mixin.py:188} INFO - [2024-06-15T02:43:01.998+0000] {dagbag.py:540} INFO - Filling up the DagBag from /opt/airflow/dags/dynamic_dag_generator_type_1.py
[2024-06-15T02:43:02.013+0000] {logging_mixin.py:188} INFO - [2024-06-15T02:43:02.012+0000] {dagbag.py:350} ERROR - Failed to import: /opt/airflow/dags/dynamic_dag_generator_type_1.py
Traceback (most recent call last):
  File "/home/airflow/.local/lib/python3.11/site-packages/airflow/models/dagbag.py", line 346, in parse
    loader.exec_module(new_module)
  File "<frozen importlib._bootstrap_external>", line 940, in exec_module
  File "<frozen importlib._bootstrap>", line 241, in _call_with_frames_removed
  File "/opt/airflow/dags/dynamic_dag_generator_type_1.py", line 25, in <module>
    'start_date': datetime(CONFIG["start_date"][0], CONFIG["start_date"][1], CONFIG["start_date"][2], tzinfo=TIMEZONE)
                  ^^^^^^^^^^^^^^^^^^^^^^^^^^^^^^^^^^^^^^^^^^^^^^^^^^^^^^^^^^^^^^^^^^^^^^^^^^^^^^^^^^^^^^^^^^^^^^^^^^^^
TypeError: 'str' object cannot be interpreted as an integer
[2024-06-15T02:43:02.015+0000] {processor.py:842} WARNING - No viable dags retrieved from /opt/airflow/dags/dynamic_dag_generator_type_1.py
[2024-06-15T02:43:02.038+0000] {processor.py:183} INFO - Processing /opt/airflow/dags/dynamic_dag_generator_type_1.py took 0.044 seconds
[2024-06-15T02:43:32.463+0000] {processor.py:161} INFO - Started process (PID=660) to work on /opt/airflow/dags/dynamic_dag_generator_type_1.py
[2024-06-15T02:43:32.464+0000] {processor.py:830} INFO - Processing file /opt/airflow/dags/dynamic_dag_generator_type_1.py for tasks to queue
[2024-06-15T02:43:32.465+0000] {logging_mixin.py:188} INFO - [2024-06-15T02:43:32.465+0000] {dagbag.py:540} INFO - Filling up the DagBag from /opt/airflow/dags/dynamic_dag_generator_type_1.py
[2024-06-15T02:43:32.488+0000] {logging_mixin.py:188} INFO - [2024-06-15T02:43:32.486+0000] {dagbag.py:350} ERROR - Failed to import: /opt/airflow/dags/dynamic_dag_generator_type_1.py
Traceback (most recent call last):
  File "/home/airflow/.local/lib/python3.11/site-packages/airflow/models/dagbag.py", line 346, in parse
    loader.exec_module(new_module)
  File "<frozen importlib._bootstrap_external>", line 940, in exec_module
  File "<frozen importlib._bootstrap>", line 241, in _call_with_frames_removed
  File "/opt/airflow/dags/dynamic_dag_generator_type_1.py", line 25, in <module>
    'start_date': datetime(CONFIG["start_date"][0], CONFIG["start_date"][1], CONFIG["start_date"][2], tzinfo=TIMEZONE)
                  ^^^^^^^^^^^^^^^^^^^^^^^^^^^^^^^^^^^^^^^^^^^^^^^^^^^^^^^^^^^^^^^^^^^^^^^^^^^^^^^^^^^^^^^^^^^^^^^^^^^^
TypeError: 'str' object cannot be interpreted as an integer
[2024-06-15T02:43:32.488+0000] {processor.py:842} WARNING - No viable dags retrieved from /opt/airflow/dags/dynamic_dag_generator_type_1.py
[2024-06-15T02:43:32.543+0000] {processor.py:183} INFO - Processing /opt/airflow/dags/dynamic_dag_generator_type_1.py took 0.082 seconds
[2024-06-15T02:44:02.897+0000] {processor.py:161} INFO - Started process (PID=683) to work on /opt/airflow/dags/dynamic_dag_generator_type_1.py
[2024-06-15T02:44:02.899+0000] {processor.py:830} INFO - Processing file /opt/airflow/dags/dynamic_dag_generator_type_1.py for tasks to queue
[2024-06-15T02:44:02.900+0000] {logging_mixin.py:188} INFO - [2024-06-15T02:44:02.900+0000] {dagbag.py:540} INFO - Filling up the DagBag from /opt/airflow/dags/dynamic_dag_generator_type_1.py
[2024-06-15T02:44:02.920+0000] {logging_mixin.py:188} INFO - [2024-06-15T02:44:02.918+0000] {dagbag.py:350} ERROR - Failed to import: /opt/airflow/dags/dynamic_dag_generator_type_1.py
Traceback (most recent call last):
  File "/home/airflow/.local/lib/python3.11/site-packages/airflow/models/dagbag.py", line 346, in parse
    loader.exec_module(new_module)
  File "<frozen importlib._bootstrap_external>", line 940, in exec_module
  File "<frozen importlib._bootstrap>", line 241, in _call_with_frames_removed
  File "/opt/airflow/dags/dynamic_dag_generator_type_1.py", line 25, in <module>
    'start_date': datetime(CONFIG["start_date"][0], CONFIG["start_date"][1], CONFIG["start_date"][2], tzinfo=TIMEZONE)
                  ^^^^^^^^^^^^^^^^^^^^^^^^^^^^^^^^^^^^^^^^^^^^^^^^^^^^^^^^^^^^^^^^^^^^^^^^^^^^^^^^^^^^^^^^^^^^^^^^^^^^
TypeError: 'str' object cannot be interpreted as an integer
[2024-06-15T02:44:02.921+0000] {processor.py:842} WARNING - No viable dags retrieved from /opt/airflow/dags/dynamic_dag_generator_type_1.py
[2024-06-15T02:44:02.949+0000] {processor.py:183} INFO - Processing /opt/airflow/dags/dynamic_dag_generator_type_1.py took 0.054 seconds
[2024-06-15T02:44:33.565+0000] {processor.py:161} INFO - Started process (PID=706) to work on /opt/airflow/dags/dynamic_dag_generator_type_1.py
[2024-06-15T02:44:33.565+0000] {processor.py:830} INFO - Processing file /opt/airflow/dags/dynamic_dag_generator_type_1.py for tasks to queue
[2024-06-15T02:44:33.566+0000] {logging_mixin.py:188} INFO - [2024-06-15T02:44:33.566+0000] {dagbag.py:540} INFO - Filling up the DagBag from /opt/airflow/dags/dynamic_dag_generator_type_1.py
[2024-06-15T02:44:33.584+0000] {logging_mixin.py:188} INFO - [2024-06-15T02:44:33.583+0000] {dagbag.py:350} ERROR - Failed to import: /opt/airflow/dags/dynamic_dag_generator_type_1.py
Traceback (most recent call last):
  File "/home/airflow/.local/lib/python3.11/site-packages/airflow/models/dagbag.py", line 346, in parse
    loader.exec_module(new_module)
  File "<frozen importlib._bootstrap_external>", line 940, in exec_module
  File "<frozen importlib._bootstrap>", line 241, in _call_with_frames_removed
  File "/opt/airflow/dags/dynamic_dag_generator_type_1.py", line 25, in <module>
    'start_date': datetime(CONFIG["start_date"][0], CONFIG["start_date"][1], CONFIG["start_date"][2], tzinfo=TIMEZONE)
                  ^^^^^^^^^^^^^^^^^^^^^^^^^^^^^^^^^^^^^^^^^^^^^^^^^^^^^^^^^^^^^^^^^^^^^^^^^^^^^^^^^^^^^^^^^^^^^^^^^^^^
TypeError: 'str' object cannot be interpreted as an integer
[2024-06-15T02:44:33.586+0000] {processor.py:842} WARNING - No viable dags retrieved from /opt/airflow/dags/dynamic_dag_generator_type_1.py
[2024-06-15T02:44:33.610+0000] {processor.py:183} INFO - Processing /opt/airflow/dags/dynamic_dag_generator_type_1.py took 0.047 seconds
[2024-06-15T02:44:45.326+0000] {processor.py:161} INFO - Started process (PID=721) to work on /opt/airflow/dags/dynamic_dag_generator_type_1.py
[2024-06-15T02:44:45.326+0000] {processor.py:830} INFO - Processing file /opt/airflow/dags/dynamic_dag_generator_type_1.py for tasks to queue
[2024-06-15T02:44:45.327+0000] {logging_mixin.py:188} INFO - [2024-06-15T02:44:45.327+0000] {dagbag.py:540} INFO - Filling up the DagBag from /opt/airflow/dags/dynamic_dag_generator_type_1.py
[2024-06-15T02:44:45.348+0000] {logging_mixin.py:188} INFO - [2024-06-15T02:44:45.346+0000] {dagbag.py:350} ERROR - Failed to import: /opt/airflow/dags/dynamic_dag_generator_type_1.py
Traceback (most recent call last):
  File "/home/airflow/.local/lib/python3.11/site-packages/airflow/models/dagbag.py", line 346, in parse
    loader.exec_module(new_module)
  File "<frozen importlib._bootstrap_external>", line 940, in exec_module
  File "<frozen importlib._bootstrap>", line 241, in _call_with_frames_removed
  File "/opt/airflow/dags/dynamic_dag_generator_type_1.py", line 25, in <module>
    'start_date': datetime(CONFIG["start_date"][0], CONFIG["start_date"][1], CONFIG["start_date"][2], tzinfo=TIMEZONE)
                  ^^^^^^^^^^^^^^^^^^^^^^^^^^^^^^^^^^^^^^^^^^^^^^^^^^^^^^^^^^^^^^^^^^^^^^^^^^^^^^^^^^^^^^^^^^^^^^^^^^^^
TypeError: 'str' object cannot be interpreted as an integer
[2024-06-15T02:44:45.349+0000] {processor.py:842} WARNING - No viable dags retrieved from /opt/airflow/dags/dynamic_dag_generator_type_1.py
[2024-06-15T02:44:45.380+0000] {processor.py:183} INFO - Processing /opt/airflow/dags/dynamic_dag_generator_type_1.py took 0.056 seconds
[2024-06-15T02:44:46.515+0000] {processor.py:161} INFO - Started process (PID=722) to work on /opt/airflow/dags/dynamic_dag_generator_type_1.py
[2024-06-15T02:44:46.515+0000] {processor.py:830} INFO - Processing file /opt/airflow/dags/dynamic_dag_generator_type_1.py for tasks to queue
[2024-06-15T02:44:46.516+0000] {logging_mixin.py:188} INFO - [2024-06-15T02:44:46.516+0000] {dagbag.py:540} INFO - Filling up the DagBag from /opt/airflow/dags/dynamic_dag_generator_type_1.py
[2024-06-15T02:44:46.532+0000] {logging_mixin.py:188} INFO - [2024-06-15T02:44:46.530+0000] {dagbag.py:350} ERROR - Failed to import: /opt/airflow/dags/dynamic_dag_generator_type_1.py
Traceback (most recent call last):
  File "/home/airflow/.local/lib/python3.11/site-packages/airflow/models/dagbag.py", line 346, in parse
    loader.exec_module(new_module)
  File "<frozen importlib._bootstrap_external>", line 940, in exec_module
  File "<frozen importlib._bootstrap>", line 241, in _call_with_frames_removed
  File "/opt/airflow/dags/dynamic_dag_generator_type_1.py", line 25, in <module>
    'start_date': datetime(CONFIG["start_date"][0], CONFIG["start_date"][1], CONFIG["start_date"][2], tzinfo=TIMEZONE)
                  ^^^^^^^^^^^^^^^^^^^^^^^^^^^^^^^^^^^^^^^^^^^^^^^^^^^^^^^^^^^^^^^^^^^^^^^^^^^^^^^^^^^^^^^^^^^^^^^^^^^^
TypeError: 'str' object cannot be interpreted as an integer
[2024-06-15T02:44:46.533+0000] {processor.py:842} WARNING - No viable dags retrieved from /opt/airflow/dags/dynamic_dag_generator_type_1.py
[2024-06-15T02:44:46.614+0000] {processor.py:183} INFO - Processing /opt/airflow/dags/dynamic_dag_generator_type_1.py took 0.101 seconds
[2024-06-15T02:45:17.001+0000] {processor.py:161} INFO - Started process (PID=745) to work on /opt/airflow/dags/dynamic_dag_generator_type_1.py
[2024-06-15T02:45:17.002+0000] {processor.py:830} INFO - Processing file /opt/airflow/dags/dynamic_dag_generator_type_1.py for tasks to queue
[2024-06-15T02:45:17.003+0000] {logging_mixin.py:188} INFO - [2024-06-15T02:45:17.003+0000] {dagbag.py:540} INFO - Filling up the DagBag from /opt/airflow/dags/dynamic_dag_generator_type_1.py
[2024-06-15T02:45:17.015+0000] {logging_mixin.py:188} INFO - [2024-06-15T02:45:17.014+0000] {dagbag.py:350} ERROR - Failed to import: /opt/airflow/dags/dynamic_dag_generator_type_1.py
Traceback (most recent call last):
  File "/home/airflow/.local/lib/python3.11/site-packages/airflow/models/dagbag.py", line 346, in parse
    loader.exec_module(new_module)
  File "<frozen importlib._bootstrap_external>", line 940, in exec_module
  File "<frozen importlib._bootstrap>", line 241, in _call_with_frames_removed
  File "/opt/airflow/dags/dynamic_dag_generator_type_1.py", line 25, in <module>
    'start_date': datetime(CONFIG["start_date"][0], CONFIG["start_date"][1], CONFIG["start_date"][2], tzinfo=TIMEZONE)
                  ^^^^^^^^^^^^^^^^^^^^^^^^^^^^^^^^^^^^^^^^^^^^^^^^^^^^^^^^^^^^^^^^^^^^^^^^^^^^^^^^^^^^^^^^^^^^^^^^^^^^
TypeError: 'str' object cannot be interpreted as an integer
[2024-06-15T02:45:17.016+0000] {processor.py:842} WARNING - No viable dags retrieved from /opt/airflow/dags/dynamic_dag_generator_type_1.py
[2024-06-15T02:45:17.044+0000] {processor.py:183} INFO - Processing /opt/airflow/dags/dynamic_dag_generator_type_1.py took 0.045 seconds
[2024-06-15T02:45:47.506+0000] {processor.py:161} INFO - Started process (PID=768) to work on /opt/airflow/dags/dynamic_dag_generator_type_1.py
[2024-06-15T02:45:47.507+0000] {processor.py:830} INFO - Processing file /opt/airflow/dags/dynamic_dag_generator_type_1.py for tasks to queue
[2024-06-15T02:45:47.508+0000] {logging_mixin.py:188} INFO - [2024-06-15T02:45:47.508+0000] {dagbag.py:540} INFO - Filling up the DagBag from /opt/airflow/dags/dynamic_dag_generator_type_1.py
[2024-06-15T02:45:47.528+0000] {logging_mixin.py:188} INFO - [2024-06-15T02:45:47.525+0000] {dagbag.py:350} ERROR - Failed to import: /opt/airflow/dags/dynamic_dag_generator_type_1.py
Traceback (most recent call last):
  File "/home/airflow/.local/lib/python3.11/site-packages/airflow/models/dagbag.py", line 346, in parse
    loader.exec_module(new_module)
  File "<frozen importlib._bootstrap_external>", line 940, in exec_module
  File "<frozen importlib._bootstrap>", line 241, in _call_with_frames_removed
  File "/opt/airflow/dags/dynamic_dag_generator_type_1.py", line 18, in <module>
    CONFIG["start_date"] = CONFIG["start_date"].split('-')
                           ^^^^^^^^^^^^^^^^^^^^^^^^^^
AttributeError: 'list' object has no attribute 'split'
[2024-06-15T02:45:47.529+0000] {processor.py:842} WARNING - No viable dags retrieved from /opt/airflow/dags/dynamic_dag_generator_type_1.py
[2024-06-15T02:45:47.560+0000] {processor.py:183} INFO - Processing /opt/airflow/dags/dynamic_dag_generator_type_1.py took 0.056 seconds
[2024-06-15T02:45:59.919+0000] {processor.py:161} INFO - Started process (PID=769) to work on /opt/airflow/dags/dynamic_dag_generator_type_1.py
[2024-06-15T02:45:59.919+0000] {processor.py:830} INFO - Processing file /opt/airflow/dags/dynamic_dag_generator_type_1.py for tasks to queue
[2024-06-15T02:45:59.920+0000] {logging_mixin.py:188} INFO - [2024-06-15T02:45:59.920+0000] {dagbag.py:540} INFO - Filling up the DagBag from /opt/airflow/dags/dynamic_dag_generator_type_1.py
[2024-06-15T02:45:59.946+0000] {logging_mixin.py:188} INFO - [2024-06-15T02:45:59.941+0000] {dagbag.py:350} ERROR - Failed to import: /opt/airflow/dags/dynamic_dag_generator_type_1.py
Traceback (most recent call last):
  File "/home/airflow/.local/lib/python3.11/site-packages/airflow/models/dagbag.py", line 346, in parse
    loader.exec_module(new_module)
  File "<frozen importlib._bootstrap_external>", line 940, in exec_module
  File "<frozen importlib._bootstrap>", line 241, in _call_with_frames_removed
  File "/opt/airflow/dags/dynamic_dag_generator_type_1.py", line 41, in <module>
    spark_submit = BashOperator(
                   ^^^^^^^^^^^^^
  File "/home/airflow/.local/lib/python3.11/site-packages/airflow/models/baseoperator.py", line 420, in apply_defaults
    raise AirflowException(f"missing keyword argument {missing_args.pop()!r}")
airflow.exceptions.AirflowException: missing keyword argument 'bash_command'
[2024-06-15T02:45:59.948+0000] {processor.py:842} WARNING - No viable dags retrieved from /opt/airflow/dags/dynamic_dag_generator_type_1.py
[2024-06-15T02:45:59.969+0000] {processor.py:183} INFO - Processing /opt/airflow/dags/dynamic_dag_generator_type_1.py took 0.052 seconds
[2024-06-15T02:46:07.928+0000] {processor.py:161} INFO - Started process (PID=786) to work on /opt/airflow/dags/dynamic_dag_generator_type_1.py
[2024-06-15T02:46:07.929+0000] {processor.py:830} INFO - Processing file /opt/airflow/dags/dynamic_dag_generator_type_1.py for tasks to queue
[2024-06-15T02:46:07.930+0000] {logging_mixin.py:188} INFO - [2024-06-15T02:46:07.930+0000] {dagbag.py:540} INFO - Filling up the DagBag from /opt/airflow/dags/dynamic_dag_generator_type_1.py
[2024-06-15T02:46:07.957+0000] {logging_mixin.py:188} INFO - [2024-06-15T02:46:07.955+0000] {dagbag.py:350} ERROR - Failed to import: /opt/airflow/dags/dynamic_dag_generator_type_1.py
Traceback (most recent call last):
  File "/home/airflow/.local/lib/python3.11/site-packages/airflow/models/dagbag.py", line 346, in parse
    loader.exec_module(new_module)
  File "<frozen importlib._bootstrap_external>", line 940, in exec_module
  File "<frozen importlib._bootstrap>", line 241, in _call_with_frames_removed
  File "/opt/airflow/dags/dynamic_dag_generator_type_1.py", line 40, in <module>
    spark_submit = BashOperator(
                   ^^^^^^^^^^^^^
  File "/home/airflow/.local/lib/python3.11/site-packages/airflow/models/baseoperator.py", line 420, in apply_defaults
    raise AirflowException(f"missing keyword argument {missing_args.pop()!r}")
airflow.exceptions.AirflowException: missing keyword argument 'bash_command'
[2024-06-15T02:46:07.958+0000] {processor.py:842} WARNING - No viable dags retrieved from /opt/airflow/dags/dynamic_dag_generator_type_1.py
[2024-06-15T02:46:07.991+0000] {processor.py:183} INFO - Processing /opt/airflow/dags/dynamic_dag_generator_type_1.py took 0.065 seconds
[2024-06-15T02:46:38.233+0000] {processor.py:161} INFO - Started process (PID=809) to work on /opt/airflow/dags/dynamic_dag_generator_type_1.py
[2024-06-15T02:46:38.233+0000] {processor.py:830} INFO - Processing file /opt/airflow/dags/dynamic_dag_generator_type_1.py for tasks to queue
[2024-06-15T02:46:38.234+0000] {logging_mixin.py:188} INFO - [2024-06-15T02:46:38.234+0000] {dagbag.py:540} INFO - Filling up the DagBag from /opt/airflow/dags/dynamic_dag_generator_type_1.py
[2024-06-15T02:46:38.251+0000] {logging_mixin.py:188} INFO - [2024-06-15T02:46:38.249+0000] {dagbag.py:350} ERROR - Failed to import: /opt/airflow/dags/dynamic_dag_generator_type_1.py
Traceback (most recent call last):
  File "/home/airflow/.local/lib/python3.11/site-packages/airflow/models/dagbag.py", line 346, in parse
    loader.exec_module(new_module)
  File "<frozen importlib._bootstrap_external>", line 940, in exec_module
  File "<frozen importlib._bootstrap>", line 241, in _call_with_frames_removed
  File "/opt/airflow/dags/dynamic_dag_generator_type_1.py", line 40, in <module>
    spark_submit = BashOperator(
                   ^^^^^^^^^^^^^
  File "/home/airflow/.local/lib/python3.11/site-packages/airflow/models/baseoperator.py", line 420, in apply_defaults
    raise AirflowException(f"missing keyword argument {missing_args.pop()!r}")
airflow.exceptions.AirflowException: missing keyword argument 'bash_command'
[2024-06-15T02:46:38.252+0000] {processor.py:842} WARNING - No viable dags retrieved from /opt/airflow/dags/dynamic_dag_generator_type_1.py
[2024-06-15T02:46:38.286+0000] {processor.py:183} INFO - Processing /opt/airflow/dags/dynamic_dag_generator_type_1.py took 0.055 seconds
[2024-06-15T02:46:42.357+0000] {processor.py:161} INFO - Started process (PID=816) to work on /opt/airflow/dags/dynamic_dag_generator_type_1.py
[2024-06-15T02:46:42.358+0000] {processor.py:830} INFO - Processing file /opt/airflow/dags/dynamic_dag_generator_type_1.py for tasks to queue
[2024-06-15T02:46:42.359+0000] {logging_mixin.py:188} INFO - [2024-06-15T02:46:42.359+0000] {dagbag.py:540} INFO - Filling up the DagBag from /opt/airflow/dags/dynamic_dag_generator_type_1.py
[2024-06-15T02:46:42.397+0000] {processor.py:840} INFO - DAG(s) 'type_1_dag_1' retrieved from /opt/airflow/dags/dynamic_dag_generator_type_1.py
[2024-06-15T02:46:42.484+0000] {logging_mixin.py:188} INFO - [2024-06-15T02:46:42.484+0000] {override.py:1769} INFO - Created Permission View: can edit on DAG:type_1_dag_1
[2024-06-15T02:46:42.490+0000] {logging_mixin.py:188} INFO - [2024-06-15T02:46:42.490+0000] {override.py:1769} INFO - Created Permission View: can delete on DAG:type_1_dag_1
[2024-06-15T02:46:42.494+0000] {logging_mixin.py:188} INFO - [2024-06-15T02:46:42.494+0000] {override.py:1769} INFO - Created Permission View: can read on DAG:type_1_dag_1
[2024-06-15T02:46:42.494+0000] {logging_mixin.py:188} INFO - [2024-06-15T02:46:42.494+0000] {dag.py:3047} INFO - Sync 1 DAGs
[2024-06-15T02:46:42.502+0000] {logging_mixin.py:188} INFO - [2024-06-15T02:46:42.501+0000] {dag.py:3069} INFO - Creating ORM DAG for type_1_dag_1
[2024-06-15T02:46:42.508+0000] {logging_mixin.py:188} INFO - [2024-06-15T02:46:42.508+0000] {dag.py:3834} INFO - Setting next_dagrun for type_1_dag_1 to 2024-06-01 07:00:00+00:00, run_after=2024-06-02 07:00:00+00:00
[2024-06-15T02:46:42.531+0000] {processor.py:183} INFO - Processing /opt/airflow/dags/dynamic_dag_generator_type_1.py took 0.176 seconds
[2024-06-15T02:46:43.422+0000] {processor.py:161} INFO - Started process (PID=817) to work on /opt/airflow/dags/dynamic_dag_generator_type_1.py
[2024-06-15T02:46:43.423+0000] {processor.py:830} INFO - Processing file /opt/airflow/dags/dynamic_dag_generator_type_1.py for tasks to queue
[2024-06-15T02:46:43.424+0000] {logging_mixin.py:188} INFO - [2024-06-15T02:46:43.424+0000] {dagbag.py:540} INFO - Filling up the DagBag from /opt/airflow/dags/dynamic_dag_generator_type_1.py
[2024-06-15T02:46:43.477+0000] {processor.py:840} INFO - DAG(s) 'type_1_dag_1' retrieved from /opt/airflow/dags/dynamic_dag_generator_type_1.py
[2024-06-15T02:46:43.494+0000] {logging_mixin.py:188} INFO - [2024-06-15T02:46:43.494+0000] {dag.py:3047} INFO - Sync 1 DAGs
[2024-06-15T02:46:43.511+0000] {logging_mixin.py:188} INFO - [2024-06-15T02:46:43.510+0000] {dag.py:3834} INFO - Setting next_dagrun for type_1_dag_1 to 2024-06-03 09:00:00+00:00, run_after=2024-06-04 09:00:00+00:00
[2024-06-15T02:46:43.529+0000] {processor.py:183} INFO - Processing /opt/airflow/dags/dynamic_dag_generator_type_1.py took 0.110 seconds
[2024-06-15T02:47:13.688+0000] {processor.py:161} INFO - Started process (PID=840) to work on /opt/airflow/dags/dynamic_dag_generator_type_1.py
[2024-06-15T02:47:13.688+0000] {processor.py:830} INFO - Processing file /opt/airflow/dags/dynamic_dag_generator_type_1.py for tasks to queue
[2024-06-15T02:47:13.689+0000] {logging_mixin.py:188} INFO - [2024-06-15T02:47:13.689+0000] {dagbag.py:540} INFO - Filling up the DagBag from /opt/airflow/dags/dynamic_dag_generator_type_1.py
[2024-06-15T02:47:13.707+0000] {processor.py:840} INFO - DAG(s) 'type_1_dag_1' retrieved from /opt/airflow/dags/dynamic_dag_generator_type_1.py
[2024-06-15T02:47:13.768+0000] {logging_mixin.py:188} INFO - [2024-06-15T02:47:13.768+0000] {dag.py:3047} INFO - Sync 1 DAGs
[2024-06-15T02:47:13.781+0000] {logging_mixin.py:188} INFO - [2024-06-15T02:47:13.781+0000] {dag.py:3834} INFO - Setting next_dagrun for type_1_dag_1 to 2024-06-03 09:00:00+00:00, run_after=2024-06-04 09:00:00+00:00
[2024-06-15T02:47:13.799+0000] {processor.py:183} INFO - Processing /opt/airflow/dags/dynamic_dag_generator_type_1.py took 0.112 seconds
[2024-06-15T02:47:18.813+0000] {processor.py:161} INFO - Started process (PID=841) to work on /opt/airflow/dags/dynamic_dag_generator_type_1.py
[2024-06-15T02:47:18.813+0000] {processor.py:830} INFO - Processing file /opt/airflow/dags/dynamic_dag_generator_type_1.py for tasks to queue
[2024-06-15T02:47:18.814+0000] {logging_mixin.py:188} INFO - [2024-06-15T02:47:18.814+0000] {dagbag.py:540} INFO - Filling up the DagBag from /opt/airflow/dags/dynamic_dag_generator_type_1.py
[2024-06-15T02:47:18.841+0000] {processor.py:840} INFO - DAG(s) 'type_1_dag_1' retrieved from /opt/airflow/dags/dynamic_dag_generator_type_1.py
[2024-06-15T02:47:18.855+0000] {logging_mixin.py:188} INFO - [2024-06-15T02:47:18.855+0000] {dag.py:3047} INFO - Sync 1 DAGs
[2024-06-15T02:47:18.870+0000] {logging_mixin.py:188} INFO - [2024-06-15T02:47:18.870+0000] {dag.py:3834} INFO - Setting next_dagrun for type_1_dag_1 to 2024-06-03 09:00:00+00:00, run_after=2024-06-04 09:00:00+00:00
[2024-06-15T02:47:18.889+0000] {processor.py:183} INFO - Processing /opt/airflow/dags/dynamic_dag_generator_type_1.py took 0.079 seconds
[2024-06-15T02:47:49.316+0000] {processor.py:161} INFO - Started process (PID=864) to work on /opt/airflow/dags/dynamic_dag_generator_type_1.py
[2024-06-15T02:47:49.317+0000] {processor.py:830} INFO - Processing file /opt/airflow/dags/dynamic_dag_generator_type_1.py for tasks to queue
[2024-06-15T02:47:49.318+0000] {logging_mixin.py:188} INFO - [2024-06-15T02:47:49.318+0000] {dagbag.py:540} INFO - Filling up the DagBag from /opt/airflow/dags/dynamic_dag_generator_type_1.py
[2024-06-15T02:47:49.336+0000] {processor.py:840} INFO - DAG(s) 'type_1_dag_1' retrieved from /opt/airflow/dags/dynamic_dag_generator_type_1.py
[2024-06-15T02:47:49.406+0000] {logging_mixin.py:188} INFO - [2024-06-15T02:47:49.406+0000] {dag.py:3047} INFO - Sync 1 DAGs
[2024-06-15T02:47:49.420+0000] {logging_mixin.py:188} INFO - [2024-06-15T02:47:49.420+0000] {dag.py:3834} INFO - Setting next_dagrun for type_1_dag_1 to 2024-06-02 08:00:00+00:00, run_after=2024-06-03 08:00:00+00:00
[2024-06-15T02:47:49.438+0000] {processor.py:183} INFO - Processing /opt/airflow/dags/dynamic_dag_generator_type_1.py took 0.124 seconds
[2024-06-15T02:47:52.390+0000] {processor.py:161} INFO - Started process (PID=865) to work on /opt/airflow/dags/dynamic_dag_generator_type_1.py
[2024-06-15T02:47:52.390+0000] {processor.py:830} INFO - Processing file /opt/airflow/dags/dynamic_dag_generator_type_1.py for tasks to queue
[2024-06-15T02:47:52.392+0000] {logging_mixin.py:188} INFO - [2024-06-15T02:47:52.391+0000] {dagbag.py:540} INFO - Filling up the DagBag from /opt/airflow/dags/dynamic_dag_generator_type_1.py
[2024-06-15T02:47:52.423+0000] {processor.py:840} INFO - DAG(s) 'type_1_dag_1' retrieved from /opt/airflow/dags/dynamic_dag_generator_type_1.py
[2024-06-15T02:47:52.449+0000] {logging_mixin.py:188} INFO - [2024-06-15T02:47:52.449+0000] {dag.py:3047} INFO - Sync 1 DAGs
[2024-06-15T02:47:52.468+0000] {logging_mixin.py:188} INFO - [2024-06-15T02:47:52.468+0000] {dag.py:3834} INFO - Setting next_dagrun for type_1_dag_1 to 2024-06-01 07:00:00+00:00, run_after=2024-06-02 07:00:00+00:00
[2024-06-15T02:47:52.496+0000] {processor.py:183} INFO - Processing /opt/airflow/dags/dynamic_dag_generator_type_1.py took 0.108 seconds
[2024-06-15T02:48:22.797+0000] {processor.py:161} INFO - Started process (PID=888) to work on /opt/airflow/dags/dynamic_dag_generator_type_1.py
[2024-06-15T02:48:22.798+0000] {processor.py:830} INFO - Processing file /opt/airflow/dags/dynamic_dag_generator_type_1.py for tasks to queue
[2024-06-15T02:48:22.799+0000] {logging_mixin.py:188} INFO - [2024-06-15T02:48:22.799+0000] {dagbag.py:540} INFO - Filling up the DagBag from /opt/airflow/dags/dynamic_dag_generator_type_1.py
[2024-06-15T02:48:22.824+0000] {processor.py:840} INFO - DAG(s) 'type_1_dag_1' retrieved from /opt/airflow/dags/dynamic_dag_generator_type_1.py
[2024-06-15T02:48:22.906+0000] {logging_mixin.py:188} INFO - [2024-06-15T02:48:22.906+0000] {dag.py:3047} INFO - Sync 1 DAGs
[2024-06-15T02:48:22.924+0000] {logging_mixin.py:188} INFO - [2024-06-15T02:48:22.924+0000] {dag.py:3834} INFO - Setting next_dagrun for type_1_dag_1 to 2024-06-01 07:00:00+00:00, run_after=2024-06-02 07:00:00+00:00
[2024-06-15T02:48:22.941+0000] {processor.py:183} INFO - Processing /opt/airflow/dags/dynamic_dag_generator_type_1.py took 0.146 seconds
[2024-06-15T02:48:50.424+0000] {processor.py:161} INFO - Started process (PID=911) to work on /opt/airflow/dags/dynamic_dag_generator_type_1.py
[2024-06-15T02:48:50.424+0000] {processor.py:830} INFO - Processing file /opt/airflow/dags/dynamic_dag_generator_type_1.py for tasks to queue
[2024-06-15T02:48:50.426+0000] {logging_mixin.py:188} INFO - [2024-06-15T02:48:50.426+0000] {dagbag.py:540} INFO - Filling up the DagBag from /opt/airflow/dags/dynamic_dag_generator_type_1.py
[2024-06-15T02:48:50.472+0000] {processor.py:840} INFO - DAG(s) 'type_1_dag_1', 'type_1_dag_3', 'type_1_dag_2' retrieved from /opt/airflow/dags/dynamic_dag_generator_type_1.py
[2024-06-15T02:48:50.557+0000] {logging_mixin.py:188} INFO - [2024-06-15T02:48:50.557+0000] {override.py:1769} INFO - Created Permission View: can edit on DAG:type_1_dag_3
[2024-06-15T02:48:50.564+0000] {logging_mixin.py:188} INFO - [2024-06-15T02:48:50.564+0000] {override.py:1769} INFO - Created Permission View: can delete on DAG:type_1_dag_3
[2024-06-15T02:48:50.569+0000] {logging_mixin.py:188} INFO - [2024-06-15T02:48:50.569+0000] {override.py:1769} INFO - Created Permission View: can read on DAG:type_1_dag_3
[2024-06-15T02:48:50.578+0000] {logging_mixin.py:188} INFO - [2024-06-15T02:48:50.577+0000] {override.py:1769} INFO - Created Permission View: can edit on DAG:type_1_dag_2
[2024-06-15T02:48:50.583+0000] {logging_mixin.py:188} INFO - [2024-06-15T02:48:50.583+0000] {override.py:1769} INFO - Created Permission View: can delete on DAG:type_1_dag_2
[2024-06-15T02:48:50.587+0000] {logging_mixin.py:188} INFO - [2024-06-15T02:48:50.587+0000] {override.py:1769} INFO - Created Permission View: can read on DAG:type_1_dag_2
[2024-06-15T02:48:50.588+0000] {logging_mixin.py:188} INFO - [2024-06-15T02:48:50.587+0000] {dag.py:3047} INFO - Sync 3 DAGs
[2024-06-15T02:48:50.598+0000] {logging_mixin.py:188} INFO - [2024-06-15T02:48:50.598+0000] {dag.py:3069} INFO - Creating ORM DAG for type_1_dag_3
[2024-06-15T02:48:50.599+0000] {logging_mixin.py:188} INFO - [2024-06-15T02:48:50.599+0000] {dag.py:3069} INFO - Creating ORM DAG for type_1_dag_2
[2024-06-15T02:48:50.608+0000] {logging_mixin.py:188} INFO - [2024-06-15T02:48:50.608+0000] {dag.py:3834} INFO - Setting next_dagrun for type_1_dag_1 to 2024-06-01 07:00:00+00:00, run_after=2024-06-02 07:00:00+00:00
[2024-06-15T02:48:50.611+0000] {logging_mixin.py:188} INFO - [2024-06-15T02:48:50.611+0000] {dag.py:3834} INFO - Setting next_dagrun for type_1_dag_2 to 2024-06-02 08:00:00+00:00, run_after=2024-06-03 08:00:00+00:00
[2024-06-15T02:48:50.612+0000] {logging_mixin.py:188} INFO - [2024-06-15T02:48:50.612+0000] {dag.py:3834} INFO - Setting next_dagrun for type_1_dag_3 to 2024-06-03 09:00:00+00:00, run_after=2024-06-04 09:00:00+00:00
[2024-06-15T02:48:50.631+0000] {processor.py:183} INFO - Processing /opt/airflow/dags/dynamic_dag_generator_type_1.py took 0.211 seconds
[2024-06-15T02:49:20.856+0000] {processor.py:161} INFO - Started process (PID=934) to work on /opt/airflow/dags/dynamic_dag_generator_type_1.py
[2024-06-15T02:49:20.857+0000] {processor.py:830} INFO - Processing file /opt/airflow/dags/dynamic_dag_generator_type_1.py for tasks to queue
[2024-06-15T02:49:20.858+0000] {logging_mixin.py:188} INFO - [2024-06-15T02:49:20.858+0000] {dagbag.py:540} INFO - Filling up the DagBag from /opt/airflow/dags/dynamic_dag_generator_type_1.py
[2024-06-15T02:49:20.879+0000] {processor.py:840} INFO - DAG(s) 'type_1_dag_3', 'type_1_dag_1', 'type_1_dag_2' retrieved from /opt/airflow/dags/dynamic_dag_generator_type_1.py
[2024-06-15T02:49:20.911+0000] {logging_mixin.py:188} INFO - [2024-06-15T02:49:20.911+0000] {dag.py:3047} INFO - Sync 3 DAGs
[2024-06-15T02:49:20.929+0000] {logging_mixin.py:188} INFO - [2024-06-15T02:49:20.929+0000] {dag.py:3834} INFO - Setting next_dagrun for type_1_dag_1 to 2024-06-01 07:00:00+00:00, run_after=2024-06-02 07:00:00+00:00
[2024-06-15T02:49:20.933+0000] {logging_mixin.py:188} INFO - [2024-06-15T02:49:20.933+0000] {dag.py:3834} INFO - Setting next_dagrun for type_1_dag_2 to 2024-06-02 08:00:00+00:00, run_after=2024-06-03 08:00:00+00:00
[2024-06-15T02:49:20.934+0000] {logging_mixin.py:188} INFO - [2024-06-15T02:49:20.934+0000] {dag.py:3834} INFO - Setting next_dagrun for type_1_dag_3 to 2024-06-03 09:00:00+00:00, run_after=2024-06-04 09:00:00+00:00
[2024-06-15T02:49:20.952+0000] {processor.py:183} INFO - Processing /opt/airflow/dags/dynamic_dag_generator_type_1.py took 0.098 seconds
[2024-06-15T02:49:51.461+0000] {processor.py:161} INFO - Started process (PID=990) to work on /opt/airflow/dags/dynamic_dag_generator_type_1.py
[2024-06-15T02:49:51.462+0000] {processor.py:830} INFO - Processing file /opt/airflow/dags/dynamic_dag_generator_type_1.py for tasks to queue
[2024-06-15T02:49:51.463+0000] {logging_mixin.py:188} INFO - [2024-06-15T02:49:51.463+0000] {dagbag.py:540} INFO - Filling up the DagBag from /opt/airflow/dags/dynamic_dag_generator_type_1.py
[2024-06-15T02:49:51.486+0000] {processor.py:840} INFO - DAG(s) 'type_1_dag_2', 'type_1_dag_1', 'type_1_dag_3' retrieved from /opt/airflow/dags/dynamic_dag_generator_type_1.py
[2024-06-15T02:49:51.513+0000] {logging_mixin.py:188} INFO - [2024-06-15T02:49:51.513+0000] {dag.py:3047} INFO - Sync 3 DAGs
[2024-06-15T02:49:51.531+0000] {logging_mixin.py:188} INFO - [2024-06-15T02:49:51.531+0000] {dag.py:3834} INFO - Setting next_dagrun for type_1_dag_1 to 2024-06-14 07:00:00+00:00, run_after=2024-06-15 07:00:00+00:00
[2024-06-15T02:49:51.534+0000] {logging_mixin.py:188} INFO - [2024-06-15T02:49:51.534+0000] {dag.py:3834} INFO - Setting next_dagrun for type_1_dag_2 to 2024-06-02 08:00:00+00:00, run_after=2024-06-03 08:00:00+00:00
[2024-06-15T02:49:51.536+0000] {logging_mixin.py:188} INFO - [2024-06-15T02:49:51.535+0000] {dag.py:3834} INFO - Setting next_dagrun for type_1_dag_3 to 2024-06-03 09:00:00+00:00, run_after=2024-06-04 09:00:00+00:00
[2024-06-15T02:49:51.553+0000] {processor.py:183} INFO - Processing /opt/airflow/dags/dynamic_dag_generator_type_1.py took 0.093 seconds
[2024-06-15T02:50:21.803+0000] {processor.py:161} INFO - Started process (PID=1013) to work on /opt/airflow/dags/dynamic_dag_generator_type_1.py
[2024-06-15T02:50:21.804+0000] {processor.py:830} INFO - Processing file /opt/airflow/dags/dynamic_dag_generator_type_1.py for tasks to queue
[2024-06-15T02:50:21.806+0000] {logging_mixin.py:188} INFO - [2024-06-15T02:50:21.806+0000] {dagbag.py:540} INFO - Filling up the DagBag from /opt/airflow/dags/dynamic_dag_generator_type_1.py
[2024-06-15T02:50:21.830+0000] {processor.py:840} INFO - DAG(s) 'type_1_dag_1', 'type_1_dag_3', 'type_1_dag_2' retrieved from /opt/airflow/dags/dynamic_dag_generator_type_1.py
[2024-06-15T02:50:21.854+0000] {logging_mixin.py:188} INFO - [2024-06-15T02:50:21.854+0000] {dag.py:3047} INFO - Sync 3 DAGs
[2024-06-15T02:50:21.868+0000] {logging_mixin.py:188} INFO - [2024-06-15T02:50:21.868+0000] {dag.py:3834} INFO - Setting next_dagrun for type_1_dag_1 to 2024-06-14 07:00:00+00:00, run_after=2024-06-15 07:00:00+00:00
[2024-06-15T02:50:21.871+0000] {logging_mixin.py:188} INFO - [2024-06-15T02:50:21.871+0000] {dag.py:3834} INFO - Setting next_dagrun for type_1_dag_2 to 2024-06-02 08:00:00+00:00, run_after=2024-06-03 08:00:00+00:00
[2024-06-15T02:50:21.873+0000] {logging_mixin.py:188} INFO - [2024-06-15T02:50:21.872+0000] {dag.py:3834} INFO - Setting next_dagrun for type_1_dag_3 to 2024-06-03 09:00:00+00:00, run_after=2024-06-04 09:00:00+00:00
[2024-06-15T02:50:21.891+0000] {processor.py:183} INFO - Processing /opt/airflow/dags/dynamic_dag_generator_type_1.py took 0.090 seconds
[2024-06-15T02:50:52.447+0000] {processor.py:161} INFO - Started process (PID=1036) to work on /opt/airflow/dags/dynamic_dag_generator_type_1.py
[2024-06-15T02:50:52.448+0000] {processor.py:830} INFO - Processing file /opt/airflow/dags/dynamic_dag_generator_type_1.py for tasks to queue
[2024-06-15T02:50:52.449+0000] {logging_mixin.py:188} INFO - [2024-06-15T02:50:52.449+0000] {dagbag.py:540} INFO - Filling up the DagBag from /opt/airflow/dags/dynamic_dag_generator_type_1.py
[2024-06-15T02:50:52.469+0000] {processor.py:840} INFO - DAG(s) 'type_1_dag_2', 'type_1_dag_3', 'type_1_dag_1' retrieved from /opt/airflow/dags/dynamic_dag_generator_type_1.py
[2024-06-15T02:50:52.500+0000] {logging_mixin.py:188} INFO - [2024-06-15T02:50:52.500+0000] {dag.py:3047} INFO - Sync 3 DAGs
[2024-06-15T02:50:52.519+0000] {logging_mixin.py:188} INFO - [2024-06-15T02:50:52.519+0000] {dag.py:3834} INFO - Setting next_dagrun for type_1_dag_1 to 2024-06-14 07:00:00+00:00, run_after=2024-06-15 07:00:00+00:00
[2024-06-15T02:50:52.522+0000] {logging_mixin.py:188} INFO - [2024-06-15T02:50:52.522+0000] {dag.py:3834} INFO - Setting next_dagrun for type_1_dag_2 to 2024-06-02 08:00:00+00:00, run_after=2024-06-03 08:00:00+00:00
[2024-06-15T02:50:52.524+0000] {logging_mixin.py:188} INFO - [2024-06-15T02:50:52.523+0000] {dag.py:3834} INFO - Setting next_dagrun for type_1_dag_3 to 2024-06-03 09:00:00+00:00, run_after=2024-06-04 09:00:00+00:00
[2024-06-15T02:50:52.541+0000] {processor.py:183} INFO - Processing /opt/airflow/dags/dynamic_dag_generator_type_1.py took 0.097 seconds
[2024-06-15T02:51:22.823+0000] {processor.py:161} INFO - Started process (PID=1059) to work on /opt/airflow/dags/dynamic_dag_generator_type_1.py
[2024-06-15T02:51:22.824+0000] {processor.py:830} INFO - Processing file /opt/airflow/dags/dynamic_dag_generator_type_1.py for tasks to queue
[2024-06-15T02:51:22.825+0000] {logging_mixin.py:188} INFO - [2024-06-15T02:51:22.825+0000] {dagbag.py:540} INFO - Filling up the DagBag from /opt/airflow/dags/dynamic_dag_generator_type_1.py
[2024-06-15T02:51:22.856+0000] {processor.py:840} INFO - DAG(s) 'type_1_dag_1', 'type_1_dag_3', 'type_1_dag_2' retrieved from /opt/airflow/dags/dynamic_dag_generator_type_1.py
[2024-06-15T02:51:22.918+0000] {logging_mixin.py:188} INFO - [2024-06-15T02:51:22.918+0000] {dag.py:3047} INFO - Sync 3 DAGs
[2024-06-15T02:51:22.933+0000] {logging_mixin.py:188} INFO - [2024-06-15T02:51:22.933+0000] {dag.py:3834} INFO - Setting next_dagrun for type_1_dag_1 to 2024-06-14 07:00:00+00:00, run_after=2024-06-15 07:00:00+00:00
[2024-06-15T02:51:22.936+0000] {logging_mixin.py:188} INFO - [2024-06-15T02:51:22.936+0000] {dag.py:3834} INFO - Setting next_dagrun for type_1_dag_2 to 2024-06-02 08:00:00+00:00, run_after=2024-06-03 08:00:00+00:00
[2024-06-15T02:51:22.937+0000] {logging_mixin.py:188} INFO - [2024-06-15T02:51:22.937+0000] {dag.py:3834} INFO - Setting next_dagrun for type_1_dag_3 to 2024-06-03 09:00:00+00:00, run_after=2024-06-04 09:00:00+00:00
[2024-06-15T02:51:22.953+0000] {processor.py:183} INFO - Processing /opt/airflow/dags/dynamic_dag_generator_type_1.py took 0.131 seconds
[2024-06-15T02:51:53.495+0000] {processor.py:161} INFO - Started process (PID=1082) to work on /opt/airflow/dags/dynamic_dag_generator_type_1.py
[2024-06-15T02:51:53.496+0000] {processor.py:830} INFO - Processing file /opt/airflow/dags/dynamic_dag_generator_type_1.py for tasks to queue
[2024-06-15T02:51:53.497+0000] {logging_mixin.py:188} INFO - [2024-06-15T02:51:53.497+0000] {dagbag.py:540} INFO - Filling up the DagBag from /opt/airflow/dags/dynamic_dag_generator_type_1.py
[2024-06-15T02:51:53.516+0000] {processor.py:840} INFO - DAG(s) 'type_1_dag_3', 'type_1_dag_2', 'type_1_dag_1' retrieved from /opt/airflow/dags/dynamic_dag_generator_type_1.py
[2024-06-15T02:51:53.551+0000] {logging_mixin.py:188} INFO - [2024-06-15T02:51:53.550+0000] {dag.py:3047} INFO - Sync 3 DAGs
[2024-06-15T02:51:53.586+0000] {logging_mixin.py:188} INFO - [2024-06-15T02:51:53.586+0000] {dag.py:3834} INFO - Setting next_dagrun for type_1_dag_1 to 2024-06-14 07:00:00+00:00, run_after=2024-06-15 07:00:00+00:00
[2024-06-15T02:51:53.593+0000] {logging_mixin.py:188} INFO - [2024-06-15T02:51:53.593+0000] {dag.py:3834} INFO - Setting next_dagrun for type_1_dag_2 to 2024-06-02 08:00:00+00:00, run_after=2024-06-03 08:00:00+00:00
[2024-06-15T02:51:53.595+0000] {logging_mixin.py:188} INFO - [2024-06-15T02:51:53.595+0000] {dag.py:3834} INFO - Setting next_dagrun for type_1_dag_3 to 2024-06-03 09:00:00+00:00, run_after=2024-06-04 09:00:00+00:00
[2024-06-15T02:51:53.617+0000] {processor.py:183} INFO - Processing /opt/airflow/dags/dynamic_dag_generator_type_1.py took 0.123 seconds
[2024-06-15T02:52:24.145+0000] {processor.py:161} INFO - Started process (PID=1105) to work on /opt/airflow/dags/dynamic_dag_generator_type_1.py
[2024-06-15T02:52:24.145+0000] {processor.py:830} INFO - Processing file /opt/airflow/dags/dynamic_dag_generator_type_1.py for tasks to queue
[2024-06-15T02:52:24.147+0000] {logging_mixin.py:188} INFO - [2024-06-15T02:52:24.147+0000] {dagbag.py:540} INFO - Filling up the DagBag from /opt/airflow/dags/dynamic_dag_generator_type_1.py
[2024-06-15T02:52:24.170+0000] {processor.py:840} INFO - DAG(s) 'type_1_dag_1', 'type_1_dag_3', 'type_1_dag_2' retrieved from /opt/airflow/dags/dynamic_dag_generator_type_1.py
[2024-06-15T02:52:24.197+0000] {logging_mixin.py:188} INFO - [2024-06-15T02:52:24.197+0000] {dag.py:3047} INFO - Sync 3 DAGs
[2024-06-15T02:52:24.212+0000] {logging_mixin.py:188} INFO - [2024-06-15T02:52:24.212+0000] {dag.py:3834} INFO - Setting next_dagrun for type_1_dag_1 to 2024-06-14 07:00:00+00:00, run_after=2024-06-15 07:00:00+00:00
[2024-06-15T02:52:24.215+0000] {logging_mixin.py:188} INFO - [2024-06-15T02:52:24.215+0000] {dag.py:3834} INFO - Setting next_dagrun for type_1_dag_2 to 2024-06-02 08:00:00+00:00, run_after=2024-06-03 08:00:00+00:00
[2024-06-15T02:52:24.216+0000] {logging_mixin.py:188} INFO - [2024-06-15T02:52:24.216+0000] {dag.py:3834} INFO - Setting next_dagrun for type_1_dag_3 to 2024-06-03 09:00:00+00:00, run_after=2024-06-04 09:00:00+00:00
[2024-06-15T02:52:24.233+0000] {processor.py:183} INFO - Processing /opt/airflow/dags/dynamic_dag_generator_type_1.py took 0.090 seconds
[2024-06-15T02:52:54.539+0000] {processor.py:161} INFO - Started process (PID=1128) to work on /opt/airflow/dags/dynamic_dag_generator_type_1.py
[2024-06-15T02:52:54.540+0000] {processor.py:830} INFO - Processing file /opt/airflow/dags/dynamic_dag_generator_type_1.py for tasks to queue
[2024-06-15T02:52:54.541+0000] {logging_mixin.py:188} INFO - [2024-06-15T02:52:54.541+0000] {dagbag.py:540} INFO - Filling up the DagBag from /opt/airflow/dags/dynamic_dag_generator_type_1.py
[2024-06-15T02:52:54.563+0000] {processor.py:840} INFO - DAG(s) 'type_1_dag_1', 'type_1_dag_2', 'type_1_dag_3' retrieved from /opt/airflow/dags/dynamic_dag_generator_type_1.py
[2024-06-15T02:52:54.602+0000] {logging_mixin.py:188} INFO - [2024-06-15T02:52:54.601+0000] {dag.py:3047} INFO - Sync 3 DAGs
[2024-06-15T02:52:54.625+0000] {logging_mixin.py:188} INFO - [2024-06-15T02:52:54.625+0000] {dag.py:3834} INFO - Setting next_dagrun for type_1_dag_1 to 2024-06-14 07:00:00+00:00, run_after=2024-06-15 07:00:00+00:00
[2024-06-15T02:52:54.629+0000] {logging_mixin.py:188} INFO - [2024-06-15T02:52:54.629+0000] {dag.py:3834} INFO - Setting next_dagrun for type_1_dag_2 to 2024-06-02 08:00:00+00:00, run_after=2024-06-03 08:00:00+00:00
[2024-06-15T02:52:54.630+0000] {logging_mixin.py:188} INFO - [2024-06-15T02:52:54.630+0000] {dag.py:3834} INFO - Setting next_dagrun for type_1_dag_3 to 2024-06-03 09:00:00+00:00, run_after=2024-06-04 09:00:00+00:00
[2024-06-15T02:52:54.660+0000] {processor.py:183} INFO - Processing /opt/airflow/dags/dynamic_dag_generator_type_1.py took 0.124 seconds
[2024-06-15T02:53:25.019+0000] {processor.py:161} INFO - Started process (PID=1151) to work on /opt/airflow/dags/dynamic_dag_generator_type_1.py
[2024-06-15T02:53:25.020+0000] {processor.py:830} INFO - Processing file /opt/airflow/dags/dynamic_dag_generator_type_1.py for tasks to queue
[2024-06-15T02:53:25.021+0000] {logging_mixin.py:188} INFO - [2024-06-15T02:53:25.021+0000] {dagbag.py:540} INFO - Filling up the DagBag from /opt/airflow/dags/dynamic_dag_generator_type_1.py
[2024-06-15T02:53:25.046+0000] {processor.py:840} INFO - DAG(s) 'type_1_dag_2', 'type_1_dag_3', 'type_1_dag_1' retrieved from /opt/airflow/dags/dynamic_dag_generator_type_1.py
[2024-06-15T02:53:25.075+0000] {logging_mixin.py:188} INFO - [2024-06-15T02:53:25.075+0000] {dag.py:3047} INFO - Sync 3 DAGs
[2024-06-15T02:53:25.090+0000] {logging_mixin.py:188} INFO - [2024-06-15T02:53:25.090+0000] {dag.py:3834} INFO - Setting next_dagrun for type_1_dag_1 to 2024-06-14 07:00:00+00:00, run_after=2024-06-15 07:00:00+00:00
[2024-06-15T02:53:25.093+0000] {logging_mixin.py:188} INFO - [2024-06-15T02:53:25.093+0000] {dag.py:3834} INFO - Setting next_dagrun for type_1_dag_2 to 2024-06-02 08:00:00+00:00, run_after=2024-06-03 08:00:00+00:00
[2024-06-15T02:53:25.095+0000] {logging_mixin.py:188} INFO - [2024-06-15T02:53:25.095+0000] {dag.py:3834} INFO - Setting next_dagrun for type_1_dag_3 to 2024-06-03 09:00:00+00:00, run_after=2024-06-04 09:00:00+00:00
[2024-06-15T02:53:25.112+0000] {processor.py:183} INFO - Processing /opt/airflow/dags/dynamic_dag_generator_type_1.py took 0.095 seconds
[2024-06-15T02:53:55.543+0000] {processor.py:161} INFO - Started process (PID=1174) to work on /opt/airflow/dags/dynamic_dag_generator_type_1.py
[2024-06-15T02:53:55.544+0000] {processor.py:830} INFO - Processing file /opt/airflow/dags/dynamic_dag_generator_type_1.py for tasks to queue
[2024-06-15T02:53:55.545+0000] {logging_mixin.py:188} INFO - [2024-06-15T02:53:55.545+0000] {dagbag.py:540} INFO - Filling up the DagBag from /opt/airflow/dags/dynamic_dag_generator_type_1.py
[2024-06-15T02:53:55.570+0000] {processor.py:840} INFO - DAG(s) 'type_1_dag_3', 'type_1_dag_2', 'type_1_dag_1' retrieved from /opt/airflow/dags/dynamic_dag_generator_type_1.py
[2024-06-15T02:53:55.602+0000] {logging_mixin.py:188} INFO - [2024-06-15T02:53:55.602+0000] {dag.py:3047} INFO - Sync 3 DAGs
[2024-06-15T02:53:55.622+0000] {logging_mixin.py:188} INFO - [2024-06-15T02:53:55.622+0000] {dag.py:3834} INFO - Setting next_dagrun for type_1_dag_1 to 2024-06-14 07:00:00+00:00, run_after=2024-06-15 07:00:00+00:00
[2024-06-15T02:53:55.626+0000] {logging_mixin.py:188} INFO - [2024-06-15T02:53:55.625+0000] {dag.py:3834} INFO - Setting next_dagrun for type_1_dag_2 to 2024-06-02 08:00:00+00:00, run_after=2024-06-03 08:00:00+00:00
[2024-06-15T02:53:55.628+0000] {logging_mixin.py:188} INFO - [2024-06-15T02:53:55.627+0000] {dag.py:3834} INFO - Setting next_dagrun for type_1_dag_3 to 2024-06-03 09:00:00+00:00, run_after=2024-06-04 09:00:00+00:00
[2024-06-15T02:53:55.649+0000] {processor.py:183} INFO - Processing /opt/airflow/dags/dynamic_dag_generator_type_1.py took 0.108 seconds
[2024-06-15T02:54:26.141+0000] {processor.py:161} INFO - Started process (PID=1197) to work on /opt/airflow/dags/dynamic_dag_generator_type_1.py
[2024-06-15T02:54:26.142+0000] {processor.py:830} INFO - Processing file /opt/airflow/dags/dynamic_dag_generator_type_1.py for tasks to queue
[2024-06-15T02:54:26.143+0000] {logging_mixin.py:188} INFO - [2024-06-15T02:54:26.143+0000] {dagbag.py:540} INFO - Filling up the DagBag from /opt/airflow/dags/dynamic_dag_generator_type_1.py
[2024-06-15T02:54:26.177+0000] {processor.py:840} INFO - DAG(s) 'type_1_dag_2', 'type_1_dag_1', 'type_1_dag_3' retrieved from /opt/airflow/dags/dynamic_dag_generator_type_1.py
[2024-06-15T02:54:26.208+0000] {logging_mixin.py:188} INFO - [2024-06-15T02:54:26.208+0000] {dag.py:3047} INFO - Sync 3 DAGs
[2024-06-15T02:54:26.258+0000] {logging_mixin.py:188} INFO - [2024-06-15T02:54:26.258+0000] {dag.py:3834} INFO - Setting next_dagrun for type_1_dag_1 to 2024-06-14 07:00:00+00:00, run_after=2024-06-15 07:00:00+00:00
[2024-06-15T02:54:26.262+0000] {logging_mixin.py:188} INFO - [2024-06-15T02:54:26.262+0000] {dag.py:3834} INFO - Setting next_dagrun for type_1_dag_2 to 2024-06-02 08:00:00+00:00, run_after=2024-06-03 08:00:00+00:00
[2024-06-15T02:54:26.264+0000] {logging_mixin.py:188} INFO - [2024-06-15T02:54:26.264+0000] {dag.py:3834} INFO - Setting next_dagrun for type_1_dag_3 to 2024-06-03 09:00:00+00:00, run_after=2024-06-04 09:00:00+00:00
[2024-06-15T02:54:26.285+0000] {processor.py:183} INFO - Processing /opt/airflow/dags/dynamic_dag_generator_type_1.py took 0.145 seconds
[2024-06-15T02:54:57.128+0000] {processor.py:161} INFO - Started process (PID=1220) to work on /opt/airflow/dags/dynamic_dag_generator_type_1.py
[2024-06-15T02:54:57.129+0000] {processor.py:830} INFO - Processing file /opt/airflow/dags/dynamic_dag_generator_type_1.py for tasks to queue
[2024-06-15T02:54:57.130+0000] {logging_mixin.py:188} INFO - [2024-06-15T02:54:57.130+0000] {dagbag.py:540} INFO - Filling up the DagBag from /opt/airflow/dags/dynamic_dag_generator_type_1.py
[2024-06-15T02:54:57.154+0000] {processor.py:840} INFO - DAG(s) 'type_1_dag_1', 'type_1_dag_2', 'type_1_dag_3' retrieved from /opt/airflow/dags/dynamic_dag_generator_type_1.py
[2024-06-15T02:54:57.176+0000] {logging_mixin.py:188} INFO - [2024-06-15T02:54:57.176+0000] {dag.py:3047} INFO - Sync 3 DAGs
[2024-06-15T02:54:57.195+0000] {logging_mixin.py:188} INFO - [2024-06-15T02:54:57.195+0000] {dag.py:3834} INFO - Setting next_dagrun for type_1_dag_1 to 2024-06-14 07:00:00+00:00, run_after=2024-06-15 07:00:00+00:00
[2024-06-15T02:54:57.198+0000] {logging_mixin.py:188} INFO - [2024-06-15T02:54:57.198+0000] {dag.py:3834} INFO - Setting next_dagrun for type_1_dag_2 to 2024-06-02 08:00:00+00:00, run_after=2024-06-03 08:00:00+00:00
[2024-06-15T02:54:57.199+0000] {logging_mixin.py:188} INFO - [2024-06-15T02:54:57.199+0000] {dag.py:3834} INFO - Setting next_dagrun for type_1_dag_3 to 2024-06-03 09:00:00+00:00, run_after=2024-06-04 09:00:00+00:00
[2024-06-15T02:54:57.215+0000] {processor.py:183} INFO - Processing /opt/airflow/dags/dynamic_dag_generator_type_1.py took 0.089 seconds
[2024-06-15T02:55:28.019+0000] {processor.py:161} INFO - Started process (PID=1243) to work on /opt/airflow/dags/dynamic_dag_generator_type_1.py
[2024-06-15T02:55:28.019+0000] {processor.py:830} INFO - Processing file /opt/airflow/dags/dynamic_dag_generator_type_1.py for tasks to queue
[2024-06-15T02:55:28.020+0000] {logging_mixin.py:188} INFO - [2024-06-15T02:55:28.020+0000] {dagbag.py:540} INFO - Filling up the DagBag from /opt/airflow/dags/dynamic_dag_generator_type_1.py
[2024-06-15T02:55:28.044+0000] {processor.py:840} INFO - DAG(s) 'type_1_dag_1', 'type_1_dag_2', 'type_1_dag_3' retrieved from /opt/airflow/dags/dynamic_dag_generator_type_1.py
[2024-06-15T02:55:28.065+0000] {logging_mixin.py:188} INFO - [2024-06-15T02:55:28.065+0000] {dag.py:3047} INFO - Sync 3 DAGs
[2024-06-15T02:55:28.080+0000] {logging_mixin.py:188} INFO - [2024-06-15T02:55:28.080+0000] {dag.py:3834} INFO - Setting next_dagrun for type_1_dag_1 to 2024-06-14 07:00:00+00:00, run_after=2024-06-15 07:00:00+00:00
[2024-06-15T02:55:28.083+0000] {logging_mixin.py:188} INFO - [2024-06-15T02:55:28.082+0000] {dag.py:3834} INFO - Setting next_dagrun for type_1_dag_2 to 2024-06-02 08:00:00+00:00, run_after=2024-06-03 08:00:00+00:00
[2024-06-15T02:55:28.084+0000] {logging_mixin.py:188} INFO - [2024-06-15T02:55:28.084+0000] {dag.py:3834} INFO - Setting next_dagrun for type_1_dag_3 to 2024-06-03 09:00:00+00:00, run_after=2024-06-04 09:00:00+00:00
[2024-06-15T02:55:28.112+0000] {processor.py:183} INFO - Processing /opt/airflow/dags/dynamic_dag_generator_type_1.py took 0.095 seconds
[2024-06-15T02:55:58.606+0000] {processor.py:161} INFO - Started process (PID=1266) to work on /opt/airflow/dags/dynamic_dag_generator_type_1.py
[2024-06-15T02:55:58.606+0000] {processor.py:830} INFO - Processing file /opt/airflow/dags/dynamic_dag_generator_type_1.py for tasks to queue
[2024-06-15T02:55:58.607+0000] {logging_mixin.py:188} INFO - [2024-06-15T02:55:58.607+0000] {dagbag.py:540} INFO - Filling up the DagBag from /opt/airflow/dags/dynamic_dag_generator_type_1.py
[2024-06-15T02:55:58.624+0000] {processor.py:840} INFO - DAG(s) 'type_1_dag_3', 'type_1_dag_2', 'type_1_dag_1' retrieved from /opt/airflow/dags/dynamic_dag_generator_type_1.py
[2024-06-15T02:55:58.651+0000] {logging_mixin.py:188} INFO - [2024-06-15T02:55:58.651+0000] {dag.py:3047} INFO - Sync 3 DAGs
[2024-06-15T02:55:58.666+0000] {logging_mixin.py:188} INFO - [2024-06-15T02:55:58.666+0000] {dag.py:3834} INFO - Setting next_dagrun for type_1_dag_1 to 2024-06-14 07:00:00+00:00, run_after=2024-06-15 07:00:00+00:00
[2024-06-15T02:55:58.669+0000] {logging_mixin.py:188} INFO - [2024-06-15T02:55:58.669+0000] {dag.py:3834} INFO - Setting next_dagrun for type_1_dag_2 to 2024-06-02 08:00:00+00:00, run_after=2024-06-03 08:00:00+00:00
[2024-06-15T02:55:58.670+0000] {logging_mixin.py:188} INFO - [2024-06-15T02:55:58.670+0000] {dag.py:3834} INFO - Setting next_dagrun for type_1_dag_3 to 2024-06-03 09:00:00+00:00, run_after=2024-06-04 09:00:00+00:00
[2024-06-15T02:55:58.684+0000] {processor.py:183} INFO - Processing /opt/airflow/dags/dynamic_dag_generator_type_1.py took 0.079 seconds
[2024-06-15T02:56:29.394+0000] {processor.py:161} INFO - Started process (PID=1289) to work on /opt/airflow/dags/dynamic_dag_generator_type_1.py
[2024-06-15T02:56:29.394+0000] {processor.py:830} INFO - Processing file /opt/airflow/dags/dynamic_dag_generator_type_1.py for tasks to queue
[2024-06-15T02:56:29.395+0000] {logging_mixin.py:188} INFO - [2024-06-15T02:56:29.395+0000] {dagbag.py:540} INFO - Filling up the DagBag from /opt/airflow/dags/dynamic_dag_generator_type_1.py
[2024-06-15T02:56:29.417+0000] {processor.py:840} INFO - DAG(s) 'type_1_dag_1', 'type_1_dag_2', 'type_1_dag_3' retrieved from /opt/airflow/dags/dynamic_dag_generator_type_1.py
[2024-06-15T02:56:29.443+0000] {logging_mixin.py:188} INFO - [2024-06-15T02:56:29.443+0000] {dag.py:3047} INFO - Sync 3 DAGs
[2024-06-15T02:56:29.458+0000] {logging_mixin.py:188} INFO - [2024-06-15T02:56:29.458+0000] {dag.py:3834} INFO - Setting next_dagrun for type_1_dag_1 to 2024-06-14 07:00:00+00:00, run_after=2024-06-15 07:00:00+00:00
[2024-06-15T02:56:29.461+0000] {logging_mixin.py:188} INFO - [2024-06-15T02:56:29.460+0000] {dag.py:3834} INFO - Setting next_dagrun for type_1_dag_2 to 2024-06-02 08:00:00+00:00, run_after=2024-06-03 08:00:00+00:00
[2024-06-15T02:56:29.462+0000] {logging_mixin.py:188} INFO - [2024-06-15T02:56:29.462+0000] {dag.py:3834} INFO - Setting next_dagrun for type_1_dag_3 to 2024-06-03 09:00:00+00:00, run_after=2024-06-04 09:00:00+00:00
[2024-06-15T02:56:29.475+0000] {processor.py:183} INFO - Processing /opt/airflow/dags/dynamic_dag_generator_type_1.py took 0.083 seconds
[2024-06-15T02:56:30.436+0000] {processor.py:161} INFO - Started process (PID=1290) to work on /opt/airflow/dags/dynamic_dag_generator_type_1.py
[2024-06-15T02:56:30.436+0000] {processor.py:830} INFO - Processing file /opt/airflow/dags/dynamic_dag_generator_type_1.py for tasks to queue
[2024-06-15T02:56:30.437+0000] {logging_mixin.py:188} INFO - [2024-06-15T02:56:30.437+0000] {dagbag.py:540} INFO - Filling up the DagBag from /opt/airflow/dags/dynamic_dag_generator_type_1.py
[2024-06-15T02:56:30.470+0000] {processor.py:840} INFO - DAG(s) 'type_1_dag_1', 'type_1_dag_2', 'type_1_dag_3' retrieved from /opt/airflow/dags/dynamic_dag_generator_type_1.py
[2024-06-15T02:56:30.493+0000] {logging_mixin.py:188} INFO - [2024-06-15T02:56:30.493+0000] {dag.py:3047} INFO - Sync 3 DAGs
[2024-06-15T02:56:30.517+0000] {logging_mixin.py:188} INFO - [2024-06-15T02:56:30.517+0000] {dag.py:3834} INFO - Setting next_dagrun for type_1_dag_1 to 2024-06-14 07:00:00+00:00, run_after=2024-06-15 07:00:00+00:00
[2024-06-15T02:56:30.520+0000] {logging_mixin.py:188} INFO - [2024-06-15T02:56:30.520+0000] {dag.py:3834} INFO - Setting next_dagrun for type_1_dag_2 to 2024-06-02 08:00:00+00:00, run_after=2024-06-03 08:00:00+00:00
[2024-06-15T02:56:30.521+0000] {logging_mixin.py:188} INFO - [2024-06-15T02:56:30.521+0000] {dag.py:3834} INFO - Setting next_dagrun for type_1_dag_3 to 2024-06-03 09:00:00+00:00, run_after=2024-06-04 09:00:00+00:00
[2024-06-15T02:56:30.538+0000] {processor.py:183} INFO - Processing /opt/airflow/dags/dynamic_dag_generator_type_1.py took 0.104 seconds
[2024-06-15T02:56:52.922+0000] {processor.py:161} INFO - Started process (PID=1313) to work on /opt/airflow/dags/dynamic_dag_generator_type_1.py
[2024-06-15T02:56:52.923+0000] {processor.py:830} INFO - Processing file /opt/airflow/dags/dynamic_dag_generator_type_1.py for tasks to queue
[2024-06-15T02:56:52.924+0000] {logging_mixin.py:188} INFO - [2024-06-15T02:56:52.923+0000] {dagbag.py:540} INFO - Filling up the DagBag from /opt/airflow/dags/dynamic_dag_generator_type_1.py
[2024-06-15T02:56:52.950+0000] {processor.py:840} INFO - DAG(s) 'type_1_dag_3', 'type_1_dag_2', 'type_1_dag_1' retrieved from /opt/airflow/dags/dynamic_dag_generator_type_1.py
[2024-06-15T02:56:52.976+0000] {logging_mixin.py:188} INFO - [2024-06-15T02:56:52.976+0000] {dag.py:3047} INFO - Sync 3 DAGs
[2024-06-15T02:56:52.995+0000] {logging_mixin.py:188} INFO - [2024-06-15T02:56:52.995+0000] {dag.py:3834} INFO - Setting next_dagrun for type_1_dag_1 to 2024-06-14 07:00:00+00:00, run_after=2024-06-15 07:00:00+00:00
[2024-06-15T02:56:52.999+0000] {logging_mixin.py:188} INFO - [2024-06-15T02:56:52.998+0000] {dag.py:3834} INFO - Setting next_dagrun for type_1_dag_2 to 2024-06-02 08:00:00+00:00, run_after=2024-06-03 08:00:00+00:00
[2024-06-15T02:56:53.000+0000] {logging_mixin.py:188} INFO - [2024-06-15T02:56:53.000+0000] {dag.py:3834} INFO - Setting next_dagrun for type_1_dag_3 to 2024-06-03 09:00:00+00:00, run_after=2024-06-04 09:00:00+00:00
[2024-06-15T02:56:53.024+0000] {processor.py:183} INFO - Processing /opt/airflow/dags/dynamic_dag_generator_type_1.py took 0.104 seconds
[2024-06-15T02:57:23.632+0000] {processor.py:161} INFO - Started process (PID=1336) to work on /opt/airflow/dags/dynamic_dag_generator_type_1.py
[2024-06-15T02:57:23.633+0000] {processor.py:830} INFO - Processing file /opt/airflow/dags/dynamic_dag_generator_type_1.py for tasks to queue
[2024-06-15T02:57:23.634+0000] {logging_mixin.py:188} INFO - [2024-06-15T02:57:23.634+0000] {dagbag.py:540} INFO - Filling up the DagBag from /opt/airflow/dags/dynamic_dag_generator_type_1.py
[2024-06-15T02:57:23.652+0000] {processor.py:840} INFO - DAG(s) 'type_1_dag_2', 'type_1_dag_3', 'type_1_dag_1' retrieved from /opt/airflow/dags/dynamic_dag_generator_type_1.py
[2024-06-15T02:57:23.678+0000] {logging_mixin.py:188} INFO - [2024-06-15T02:57:23.678+0000] {dag.py:3047} INFO - Sync 3 DAGs
[2024-06-15T02:57:23.700+0000] {logging_mixin.py:188} INFO - [2024-06-15T02:57:23.700+0000] {dag.py:3834} INFO - Setting next_dagrun for type_1_dag_1 to 2024-06-14 07:00:00+00:00, run_after=2024-06-15 07:00:00+00:00
[2024-06-15T02:57:23.702+0000] {logging_mixin.py:188} INFO - [2024-06-15T02:57:23.702+0000] {dag.py:3834} INFO - Setting next_dagrun for type_1_dag_2 to 2024-06-02 08:00:00+00:00, run_after=2024-06-03 08:00:00+00:00
[2024-06-15T02:57:23.704+0000] {logging_mixin.py:188} INFO - [2024-06-15T02:57:23.704+0000] {dag.py:3834} INFO - Setting next_dagrun for type_1_dag_3 to 2024-06-03 09:00:00+00:00, run_after=2024-06-04 09:00:00+00:00
[2024-06-15T02:57:23.719+0000] {processor.py:183} INFO - Processing /opt/airflow/dags/dynamic_dag_generator_type_1.py took 0.088 seconds
[2024-06-15T02:57:43.127+0000] {processor.py:161} INFO - Started process (PID=1343) to work on /opt/airflow/dags/dynamic_dag_generator_type_1.py
[2024-06-15T02:57:43.127+0000] {processor.py:830} INFO - Processing file /opt/airflow/dags/dynamic_dag_generator_type_1.py for tasks to queue
[2024-06-15T02:57:43.128+0000] {logging_mixin.py:188} INFO - [2024-06-15T02:57:43.128+0000] {dagbag.py:540} INFO - Filling up the DagBag from /opt/airflow/dags/dynamic_dag_generator_type_1.py
[2024-06-15T02:57:43.168+0000] {processor.py:840} INFO - DAG(s) 'type_1_dag_1', 'type_1_dag_3', 'type_1_dag_2' retrieved from /opt/airflow/dags/dynamic_dag_generator_type_1.py
[2024-06-15T02:57:43.192+0000] {logging_mixin.py:188} INFO - [2024-06-15T02:57:43.192+0000] {dag.py:3047} INFO - Sync 3 DAGs
[2024-06-15T02:57:43.210+0000] {logging_mixin.py:188} INFO - [2024-06-15T02:57:43.210+0000] {dag.py:3834} INFO - Setting next_dagrun for type_1_dag_1 to 2024-06-14 07:00:00+00:00, run_after=2024-06-15 07:00:00+00:00
[2024-06-15T02:57:43.213+0000] {logging_mixin.py:188} INFO - [2024-06-15T02:57:43.213+0000] {dag.py:3834} INFO - Setting next_dagrun for type_1_dag_2 to 2024-06-02 08:00:00+00:00, run_after=2024-06-03 08:00:00+00:00
[2024-06-15T02:57:43.214+0000] {logging_mixin.py:188} INFO - [2024-06-15T02:57:43.214+0000] {dag.py:3834} INFO - Setting next_dagrun for type_1_dag_3 to 2024-06-03 09:00:00+00:00, run_after=2024-06-04 09:00:00+00:00
[2024-06-15T02:57:43.239+0000] {processor.py:183} INFO - Processing /opt/airflow/dags/dynamic_dag_generator_type_1.py took 0.113 seconds
[2024-06-15T02:58:04.413+0000] {processor.py:161} INFO - Started process (PID=1360) to work on /opt/airflow/dags/dynamic_dag_generator_type_1.py
[2024-06-15T02:58:04.413+0000] {processor.py:830} INFO - Processing file /opt/airflow/dags/dynamic_dag_generator_type_1.py for tasks to queue
[2024-06-15T02:58:04.415+0000] {logging_mixin.py:188} INFO - [2024-06-15T02:58:04.414+0000] {dagbag.py:540} INFO - Filling up the DagBag from /opt/airflow/dags/dynamic_dag_generator_type_1.py
[2024-06-15T02:58:04.449+0000] {processor.py:840} INFO - DAG(s) 'type_1_dag_1', 'type_1_dag_2', 'type_1_dag_3' retrieved from /opt/airflow/dags/dynamic_dag_generator_type_1.py
[2024-06-15T02:58:04.478+0000] {logging_mixin.py:188} INFO - [2024-06-15T02:58:04.477+0000] {dag.py:3047} INFO - Sync 3 DAGs
[2024-06-15T02:58:04.495+0000] {logging_mixin.py:188} INFO - [2024-06-15T02:58:04.495+0000] {dag.py:3834} INFO - Setting next_dagrun for type_1_dag_1 to 2024-06-14 07:00:00+00:00, run_after=2024-06-15 07:00:00+00:00
[2024-06-15T02:58:04.498+0000] {logging_mixin.py:188} INFO - [2024-06-15T02:58:04.498+0000] {dag.py:3834} INFO - Setting next_dagrun for type_1_dag_2 to 2024-06-02 08:00:00+00:00, run_after=2024-06-03 08:00:00+00:00
[2024-06-15T02:58:04.499+0000] {logging_mixin.py:188} INFO - [2024-06-15T02:58:04.499+0000] {dag.py:3834} INFO - Setting next_dagrun for type_1_dag_3 to 2024-06-03 09:00:00+00:00, run_after=2024-06-04 09:00:00+00:00
[2024-06-15T02:58:04.519+0000] {processor.py:183} INFO - Processing /opt/airflow/dags/dynamic_dag_generator_type_1.py took 0.108 seconds
