[2024-06-15T02:29:46.782+0000] {processor.py:161} INFO - Started process (PID=47) to work on /opt/airflow/dags/jinja_template.py
[2024-06-15T02:29:46.782+0000] {processor.py:830} INFO - Processing file /opt/airflow/dags/jinja_template.py for tasks to queue
[2024-06-15T02:29:46.784+0000] {logging_mixin.py:188} INFO - [2024-06-15T02:29:46.783+0000] {dagbag.py:540} INFO - Filling up the DagBag from /opt/airflow/dags/jinja_template.py
[2024-06-15T02:29:46.796+0000] {processor.py:840} INFO - DAG(s) 'jinja_template' retrieved from /opt/airflow/dags/jinja_template.py
[2024-06-15T02:29:46.874+0000] {logging_mixin.py:188} INFO - [2024-06-15T02:29:46.874+0000] {dag.py:3047} INFO - Sync 1 DAGs
[2024-06-15T02:29:46.896+0000] {logging_mixin.py:188} INFO - [2024-06-15T02:29:46.896+0000] {dag.py:3834} INFO - Setting next_dagrun for jinja_template to None, run_after=None
[2024-06-15T02:29:46.917+0000] {processor.py:183} INFO - Processing /opt/airflow/dags/jinja_template.py took 0.137 seconds
[2024-06-15T02:30:17.717+0000] {processor.py:161} INFO - Started process (PID=69) to work on /opt/airflow/dags/jinja_template.py
[2024-06-15T02:30:17.718+0000] {processor.py:830} INFO - Processing file /opt/airflow/dags/jinja_template.py for tasks to queue
[2024-06-15T02:30:17.719+0000] {logging_mixin.py:188} INFO - [2024-06-15T02:30:17.719+0000] {dagbag.py:540} INFO - Filling up the DagBag from /opt/airflow/dags/jinja_template.py
[2024-06-15T02:30:17.728+0000] {processor.py:840} INFO - DAG(s) 'jinja_template' retrieved from /opt/airflow/dags/jinja_template.py
[2024-06-15T02:30:17.749+0000] {logging_mixin.py:188} INFO - [2024-06-15T02:30:17.749+0000] {dag.py:3047} INFO - Sync 1 DAGs
[2024-06-15T02:30:17.779+0000] {logging_mixin.py:188} INFO - [2024-06-15T02:30:17.779+0000] {dag.py:3834} INFO - Setting next_dagrun for jinja_template to None, run_after=None
[2024-06-15T02:30:17.799+0000] {processor.py:183} INFO - Processing /opt/airflow/dags/jinja_template.py took 0.084 seconds
[2024-06-15T02:30:48.319+0000] {processor.py:161} INFO - Started process (PID=91) to work on /opt/airflow/dags/jinja_template.py
[2024-06-15T02:30:48.320+0000] {processor.py:830} INFO - Processing file /opt/airflow/dags/jinja_template.py for tasks to queue
[2024-06-15T02:30:48.321+0000] {logging_mixin.py:188} INFO - [2024-06-15T02:30:48.321+0000] {dagbag.py:540} INFO - Filling up the DagBag from /opt/airflow/dags/jinja_template.py
[2024-06-15T02:30:48.330+0000] {processor.py:840} INFO - DAG(s) 'jinja_template' retrieved from /opt/airflow/dags/jinja_template.py
[2024-06-15T02:30:48.348+0000] {logging_mixin.py:188} INFO - [2024-06-15T02:30:48.348+0000] {dag.py:3047} INFO - Sync 1 DAGs
[2024-06-15T02:30:48.363+0000] {logging_mixin.py:188} INFO - [2024-06-15T02:30:48.363+0000] {dag.py:3834} INFO - Setting next_dagrun for jinja_template to None, run_after=None
[2024-06-15T02:30:48.391+0000] {processor.py:183} INFO - Processing /opt/airflow/dags/jinja_template.py took 0.073 seconds
[2024-06-15T02:31:18.740+0000] {processor.py:161} INFO - Started process (PID=113) to work on /opt/airflow/dags/jinja_template.py
[2024-06-15T02:31:18.740+0000] {processor.py:830} INFO - Processing file /opt/airflow/dags/jinja_template.py for tasks to queue
[2024-06-15T02:31:18.741+0000] {logging_mixin.py:188} INFO - [2024-06-15T02:31:18.741+0000] {dagbag.py:540} INFO - Filling up the DagBag from /opt/airflow/dags/jinja_template.py
[2024-06-15T02:31:18.763+0000] {processor.py:840} INFO - DAG(s) 'jinja_template' retrieved from /opt/airflow/dags/jinja_template.py
[2024-06-15T02:31:18.782+0000] {logging_mixin.py:188} INFO - [2024-06-15T02:31:18.782+0000] {dag.py:3047} INFO - Sync 1 DAGs
[2024-06-15T02:31:18.796+0000] {logging_mixin.py:188} INFO - [2024-06-15T02:31:18.796+0000] {dag.py:3834} INFO - Setting next_dagrun for jinja_template to None, run_after=None
[2024-06-15T02:31:18.814+0000] {processor.py:183} INFO - Processing /opt/airflow/dags/jinja_template.py took 0.076 seconds
[2024-06-15T02:31:49.357+0000] {processor.py:161} INFO - Started process (PID=135) to work on /opt/airflow/dags/jinja_template.py
[2024-06-15T02:31:49.357+0000] {processor.py:830} INFO - Processing file /opt/airflow/dags/jinja_template.py for tasks to queue
[2024-06-15T02:31:49.359+0000] {logging_mixin.py:188} INFO - [2024-06-15T02:31:49.358+0000] {dagbag.py:540} INFO - Filling up the DagBag from /opt/airflow/dags/jinja_template.py
[2024-06-15T02:31:49.379+0000] {processor.py:840} INFO - DAG(s) 'jinja_template' retrieved from /opt/airflow/dags/jinja_template.py
[2024-06-15T02:31:49.398+0000] {logging_mixin.py:188} INFO - [2024-06-15T02:31:49.398+0000] {dag.py:3047} INFO - Sync 1 DAGs
[2024-06-15T02:31:49.413+0000] {logging_mixin.py:188} INFO - [2024-06-15T02:31:49.412+0000] {dag.py:3834} INFO - Setting next_dagrun for jinja_template to None, run_after=None
[2024-06-15T02:31:49.431+0000] {processor.py:183} INFO - Processing /opt/airflow/dags/jinja_template.py took 0.075 seconds
[2024-06-15T02:32:19.804+0000] {processor.py:161} INFO - Started process (PID=157) to work on /opt/airflow/dags/jinja_template.py
[2024-06-15T02:32:19.805+0000] {processor.py:830} INFO - Processing file /opt/airflow/dags/jinja_template.py for tasks to queue
[2024-06-15T02:32:19.806+0000] {logging_mixin.py:188} INFO - [2024-06-15T02:32:19.806+0000] {dagbag.py:540} INFO - Filling up the DagBag from /opt/airflow/dags/jinja_template.py
[2024-06-15T02:32:19.815+0000] {processor.py:840} INFO - DAG(s) 'jinja_template' retrieved from /opt/airflow/dags/jinja_template.py
[2024-06-15T02:32:19.842+0000] {logging_mixin.py:188} INFO - [2024-06-15T02:32:19.842+0000] {dag.py:3047} INFO - Sync 1 DAGs
[2024-06-15T02:32:19.857+0000] {logging_mixin.py:188} INFO - [2024-06-15T02:32:19.857+0000] {dag.py:3834} INFO - Setting next_dagrun for jinja_template to None, run_after=None
[2024-06-15T02:32:19.887+0000] {processor.py:183} INFO - Processing /opt/airflow/dags/jinja_template.py took 0.085 seconds
[2024-06-15T02:32:50.291+0000] {processor.py:161} INFO - Started process (PID=179) to work on /opt/airflow/dags/jinja_template.py
[2024-06-15T02:32:50.291+0000] {processor.py:830} INFO - Processing file /opt/airflow/dags/jinja_template.py for tasks to queue
[2024-06-15T02:32:50.292+0000] {logging_mixin.py:188} INFO - [2024-06-15T02:32:50.292+0000] {dagbag.py:540} INFO - Filling up the DagBag from /opt/airflow/dags/jinja_template.py
[2024-06-15T02:32:50.305+0000] {processor.py:840} INFO - DAG(s) 'jinja_template' retrieved from /opt/airflow/dags/jinja_template.py
[2024-06-15T02:32:50.328+0000] {logging_mixin.py:188} INFO - [2024-06-15T02:32:50.328+0000] {dag.py:3047} INFO - Sync 1 DAGs
[2024-06-15T02:32:50.348+0000] {logging_mixin.py:188} INFO - [2024-06-15T02:32:50.348+0000] {dag.py:3834} INFO - Setting next_dagrun for jinja_template to None, run_after=None
[2024-06-15T02:32:50.373+0000] {processor.py:183} INFO - Processing /opt/airflow/dags/jinja_template.py took 0.084 seconds
[2024-06-15T02:33:21.115+0000] {processor.py:161} INFO - Started process (PID=201) to work on /opt/airflow/dags/jinja_template.py
[2024-06-15T02:33:21.116+0000] {processor.py:830} INFO - Processing file /opt/airflow/dags/jinja_template.py for tasks to queue
[2024-06-15T02:33:21.117+0000] {logging_mixin.py:188} INFO - [2024-06-15T02:33:21.117+0000] {dagbag.py:540} INFO - Filling up the DagBag from /opt/airflow/dags/jinja_template.py
[2024-06-15T02:33:21.129+0000] {processor.py:840} INFO - DAG(s) 'jinja_template' retrieved from /opt/airflow/dags/jinja_template.py
[2024-06-15T02:33:21.158+0000] {logging_mixin.py:188} INFO - [2024-06-15T02:33:21.158+0000] {dag.py:3047} INFO - Sync 1 DAGs
[2024-06-15T02:33:21.178+0000] {logging_mixin.py:188} INFO - [2024-06-15T02:33:21.177+0000] {dag.py:3834} INFO - Setting next_dagrun for jinja_template to None, run_after=None
[2024-06-15T02:33:21.203+0000] {processor.py:183} INFO - Processing /opt/airflow/dags/jinja_template.py took 0.090 seconds
[2024-06-15T02:33:51.703+0000] {processor.py:161} INFO - Started process (PID=222) to work on /opt/airflow/dags/jinja_template.py
[2024-06-15T02:33:51.704+0000] {processor.py:830} INFO - Processing file /opt/airflow/dags/jinja_template.py for tasks to queue
[2024-06-15T02:33:51.705+0000] {logging_mixin.py:188} INFO - [2024-06-15T02:33:51.705+0000] {dagbag.py:540} INFO - Filling up the DagBag from /opt/airflow/dags/jinja_template.py
[2024-06-15T02:33:51.718+0000] {processor.py:840} INFO - DAG(s) 'jinja_template' retrieved from /opt/airflow/dags/jinja_template.py
[2024-06-15T02:33:51.740+0000] {logging_mixin.py:188} INFO - [2024-06-15T02:33:51.739+0000] {dag.py:3047} INFO - Sync 1 DAGs
[2024-06-15T02:33:51.755+0000] {logging_mixin.py:188} INFO - [2024-06-15T02:33:51.755+0000] {dag.py:3834} INFO - Setting next_dagrun for jinja_template to None, run_after=None
[2024-06-15T02:33:51.777+0000] {processor.py:183} INFO - Processing /opt/airflow/dags/jinja_template.py took 0.075 seconds
[2024-06-15T02:34:22.223+0000] {processor.py:161} INFO - Started process (PID=244) to work on /opt/airflow/dags/jinja_template.py
[2024-06-15T02:34:22.224+0000] {processor.py:830} INFO - Processing file /opt/airflow/dags/jinja_template.py for tasks to queue
[2024-06-15T02:34:22.225+0000] {logging_mixin.py:188} INFO - [2024-06-15T02:34:22.225+0000] {dagbag.py:540} INFO - Filling up the DagBag from /opt/airflow/dags/jinja_template.py
[2024-06-15T02:34:22.234+0000] {processor.py:840} INFO - DAG(s) 'jinja_template' retrieved from /opt/airflow/dags/jinja_template.py
[2024-06-15T02:34:22.254+0000] {logging_mixin.py:188} INFO - [2024-06-15T02:34:22.254+0000] {dag.py:3047} INFO - Sync 1 DAGs
[2024-06-15T02:34:22.272+0000] {logging_mixin.py:188} INFO - [2024-06-15T02:34:22.272+0000] {dag.py:3834} INFO - Setting next_dagrun for jinja_template to None, run_after=None
[2024-06-15T02:34:22.290+0000] {processor.py:183} INFO - Processing /opt/airflow/dags/jinja_template.py took 0.069 seconds
[2024-06-15T02:34:52.998+0000] {processor.py:161} INFO - Started process (PID=267) to work on /opt/airflow/dags/jinja_template.py
[2024-06-15T02:34:52.999+0000] {processor.py:830} INFO - Processing file /opt/airflow/dags/jinja_template.py for tasks to queue
[2024-06-15T02:34:53.000+0000] {logging_mixin.py:188} INFO - [2024-06-15T02:34:53.000+0000] {dagbag.py:540} INFO - Filling up the DagBag from /opt/airflow/dags/jinja_template.py
[2024-06-15T02:34:53.010+0000] {processor.py:840} INFO - DAG(s) 'jinja_template' retrieved from /opt/airflow/dags/jinja_template.py
[2024-06-15T02:34:53.036+0000] {logging_mixin.py:188} INFO - [2024-06-15T02:34:53.036+0000] {dag.py:3047} INFO - Sync 1 DAGs
[2024-06-15T02:34:53.052+0000] {logging_mixin.py:188} INFO - [2024-06-15T02:34:53.052+0000] {dag.py:3834} INFO - Setting next_dagrun for jinja_template to None, run_after=None
[2024-06-15T02:34:53.072+0000] {processor.py:183} INFO - Processing /opt/airflow/dags/jinja_template.py took 0.075 seconds
[2024-06-15T02:35:23.650+0000] {processor.py:161} INFO - Started process (PID=290) to work on /opt/airflow/dags/jinja_template.py
[2024-06-15T02:35:23.650+0000] {processor.py:830} INFO - Processing file /opt/airflow/dags/jinja_template.py for tasks to queue
[2024-06-15T02:35:23.652+0000] {logging_mixin.py:188} INFO - [2024-06-15T02:35:23.652+0000] {dagbag.py:540} INFO - Filling up the DagBag from /opt/airflow/dags/jinja_template.py
[2024-06-15T02:35:23.664+0000] {processor.py:840} INFO - DAG(s) 'jinja_template' retrieved from /opt/airflow/dags/jinja_template.py
[2024-06-15T02:35:23.688+0000] {logging_mixin.py:188} INFO - [2024-06-15T02:35:23.688+0000] {dag.py:3047} INFO - Sync 1 DAGs
[2024-06-15T02:35:23.708+0000] {logging_mixin.py:188} INFO - [2024-06-15T02:35:23.708+0000] {dag.py:3834} INFO - Setting next_dagrun for jinja_template to None, run_after=None
[2024-06-15T02:35:23.739+0000] {processor.py:183} INFO - Processing /opt/airflow/dags/jinja_template.py took 0.092 seconds
[2024-06-15T02:35:54.324+0000] {processor.py:161} INFO - Started process (PID=314) to work on /opt/airflow/dags/jinja_template.py
[2024-06-15T02:35:54.324+0000] {processor.py:830} INFO - Processing file /opt/airflow/dags/jinja_template.py for tasks to queue
[2024-06-15T02:35:54.325+0000] {logging_mixin.py:188} INFO - [2024-06-15T02:35:54.325+0000] {dagbag.py:540} INFO - Filling up the DagBag from /opt/airflow/dags/jinja_template.py
[2024-06-15T02:35:54.335+0000] {processor.py:840} INFO - DAG(s) 'jinja_template' retrieved from /opt/airflow/dags/jinja_template.py
[2024-06-15T02:35:54.360+0000] {logging_mixin.py:188} INFO - [2024-06-15T02:35:54.360+0000] {dag.py:3047} INFO - Sync 1 DAGs
[2024-06-15T02:35:54.378+0000] {logging_mixin.py:188} INFO - [2024-06-15T02:35:54.378+0000] {dag.py:3834} INFO - Setting next_dagrun for jinja_template to None, run_after=None
[2024-06-15T02:35:54.398+0000] {processor.py:183} INFO - Processing /opt/airflow/dags/jinja_template.py took 0.076 seconds
[2024-06-15T02:36:24.735+0000] {processor.py:161} INFO - Started process (PID=337) to work on /opt/airflow/dags/jinja_template.py
[2024-06-15T02:36:24.735+0000] {processor.py:830} INFO - Processing file /opt/airflow/dags/jinja_template.py for tasks to queue
[2024-06-15T02:36:24.736+0000] {logging_mixin.py:188} INFO - [2024-06-15T02:36:24.736+0000] {dagbag.py:540} INFO - Filling up the DagBag from /opt/airflow/dags/jinja_template.py
[2024-06-15T02:36:24.749+0000] {processor.py:840} INFO - DAG(s) 'jinja_template' retrieved from /opt/airflow/dags/jinja_template.py
[2024-06-15T02:36:24.768+0000] {logging_mixin.py:188} INFO - [2024-06-15T02:36:24.767+0000] {dag.py:3047} INFO - Sync 1 DAGs
[2024-06-15T02:36:24.789+0000] {logging_mixin.py:188} INFO - [2024-06-15T02:36:24.789+0000] {dag.py:3834} INFO - Setting next_dagrun for jinja_template to None, run_after=None
[2024-06-15T02:36:24.816+0000] {processor.py:183} INFO - Processing /opt/airflow/dags/jinja_template.py took 0.083 seconds
[2024-06-15T02:36:55.214+0000] {processor.py:161} INFO - Started process (PID=360) to work on /opt/airflow/dags/jinja_template.py
[2024-06-15T02:36:55.214+0000] {processor.py:830} INFO - Processing file /opt/airflow/dags/jinja_template.py for tasks to queue
[2024-06-15T02:36:55.216+0000] {logging_mixin.py:188} INFO - [2024-06-15T02:36:55.216+0000] {dagbag.py:540} INFO - Filling up the DagBag from /opt/airflow/dags/jinja_template.py
[2024-06-15T02:36:55.235+0000] {processor.py:840} INFO - DAG(s) 'jinja_template' retrieved from /opt/airflow/dags/jinja_template.py
[2024-06-15T02:36:55.258+0000] {logging_mixin.py:188} INFO - [2024-06-15T02:36:55.258+0000] {dag.py:3047} INFO - Sync 1 DAGs
[2024-06-15T02:36:55.275+0000] {logging_mixin.py:188} INFO - [2024-06-15T02:36:55.275+0000] {dag.py:3834} INFO - Setting next_dagrun for jinja_template to None, run_after=None
[2024-06-15T02:36:55.298+0000] {processor.py:183} INFO - Processing /opt/airflow/dags/jinja_template.py took 0.086 seconds
[2024-06-15T02:37:25.912+0000] {processor.py:161} INFO - Started process (PID=384) to work on /opt/airflow/dags/jinja_template.py
[2024-06-15T02:37:25.912+0000] {processor.py:830} INFO - Processing file /opt/airflow/dags/jinja_template.py for tasks to queue
[2024-06-15T02:37:25.913+0000] {logging_mixin.py:188} INFO - [2024-06-15T02:37:25.913+0000] {dagbag.py:540} INFO - Filling up the DagBag from /opt/airflow/dags/jinja_template.py
[2024-06-15T02:37:25.927+0000] {processor.py:840} INFO - DAG(s) 'jinja_template' retrieved from /opt/airflow/dags/jinja_template.py
[2024-06-15T02:37:25.947+0000] {logging_mixin.py:188} INFO - [2024-06-15T02:37:25.947+0000] {dag.py:3047} INFO - Sync 1 DAGs
[2024-06-15T02:37:25.963+0000] {logging_mixin.py:188} INFO - [2024-06-15T02:37:25.962+0000] {dag.py:3834} INFO - Setting next_dagrun for jinja_template to None, run_after=None
[2024-06-15T02:37:25.990+0000] {processor.py:183} INFO - Processing /opt/airflow/dags/jinja_template.py took 0.080 seconds
[2024-06-15T02:37:56.490+0000] {processor.py:161} INFO - Started process (PID=407) to work on /opt/airflow/dags/jinja_template.py
[2024-06-15T02:37:56.491+0000] {processor.py:830} INFO - Processing file /opt/airflow/dags/jinja_template.py for tasks to queue
[2024-06-15T02:37:56.492+0000] {logging_mixin.py:188} INFO - [2024-06-15T02:37:56.492+0000] {dagbag.py:540} INFO - Filling up the DagBag from /opt/airflow/dags/jinja_template.py
[2024-06-15T02:37:56.501+0000] {processor.py:840} INFO - DAG(s) 'jinja_template' retrieved from /opt/airflow/dags/jinja_template.py
[2024-06-15T02:37:56.521+0000] {logging_mixin.py:188} INFO - [2024-06-15T02:37:56.521+0000] {dag.py:3047} INFO - Sync 1 DAGs
[2024-06-15T02:37:56.537+0000] {logging_mixin.py:188} INFO - [2024-06-15T02:37:56.537+0000] {dag.py:3834} INFO - Setting next_dagrun for jinja_template to None, run_after=None
[2024-06-15T02:37:56.554+0000] {processor.py:183} INFO - Processing /opt/airflow/dags/jinja_template.py took 0.065 seconds
[2024-06-15T02:38:27.357+0000] {processor.py:161} INFO - Started process (PID=431) to work on /opt/airflow/dags/jinja_template.py
[2024-06-15T02:38:27.360+0000] {processor.py:830} INFO - Processing file /opt/airflow/dags/jinja_template.py for tasks to queue
[2024-06-15T02:38:27.361+0000] {logging_mixin.py:188} INFO - [2024-06-15T02:38:27.361+0000] {dagbag.py:540} INFO - Filling up the DagBag from /opt/airflow/dags/jinja_template.py
[2024-06-15T02:38:27.372+0000] {processor.py:840} INFO - DAG(s) 'jinja_template' retrieved from /opt/airflow/dags/jinja_template.py
[2024-06-15T02:38:27.410+0000] {logging_mixin.py:188} INFO - [2024-06-15T02:38:27.409+0000] {dag.py:3047} INFO - Sync 1 DAGs
[2024-06-15T02:38:27.431+0000] {logging_mixin.py:188} INFO - [2024-06-15T02:38:27.430+0000] {dag.py:3834} INFO - Setting next_dagrun for jinja_template to None, run_after=None
[2024-06-15T02:38:27.459+0000] {processor.py:183} INFO - Processing /opt/airflow/dags/jinja_template.py took 0.103 seconds
[2024-06-15T02:38:57.998+0000] {processor.py:161} INFO - Started process (PID=454) to work on /opt/airflow/dags/jinja_template.py
[2024-06-15T02:38:57.999+0000] {processor.py:830} INFO - Processing file /opt/airflow/dags/jinja_template.py for tasks to queue
[2024-06-15T02:38:58.000+0000] {logging_mixin.py:188} INFO - [2024-06-15T02:38:58.000+0000] {dagbag.py:540} INFO - Filling up the DagBag from /opt/airflow/dags/jinja_template.py
[2024-06-15T02:38:58.009+0000] {processor.py:840} INFO - DAG(s) 'jinja_template' retrieved from /opt/airflow/dags/jinja_template.py
[2024-06-15T02:38:58.035+0000] {logging_mixin.py:188} INFO - [2024-06-15T02:38:58.034+0000] {dag.py:3047} INFO - Sync 1 DAGs
[2024-06-15T02:38:58.055+0000] {logging_mixin.py:188} INFO - [2024-06-15T02:38:58.055+0000] {dag.py:3834} INFO - Setting next_dagrun for jinja_template to None, run_after=None
[2024-06-15T02:38:58.077+0000] {processor.py:183} INFO - Processing /opt/airflow/dags/jinja_template.py took 0.081 seconds
[2024-06-15T02:39:28.321+0000] {processor.py:161} INFO - Started process (PID=477) to work on /opt/airflow/dags/jinja_template.py
[2024-06-15T02:39:28.322+0000] {processor.py:830} INFO - Processing file /opt/airflow/dags/jinja_template.py for tasks to queue
[2024-06-15T02:39:28.323+0000] {logging_mixin.py:188} INFO - [2024-06-15T02:39:28.323+0000] {dagbag.py:540} INFO - Filling up the DagBag from /opt/airflow/dags/jinja_template.py
[2024-06-15T02:39:28.335+0000] {processor.py:840} INFO - DAG(s) 'jinja_template' retrieved from /opt/airflow/dags/jinja_template.py
[2024-06-15T02:39:28.357+0000] {logging_mixin.py:188} INFO - [2024-06-15T02:39:28.356+0000] {dag.py:3047} INFO - Sync 1 DAGs
[2024-06-15T02:39:28.374+0000] {logging_mixin.py:188} INFO - [2024-06-15T02:39:28.373+0000] {dag.py:3834} INFO - Setting next_dagrun for jinja_template to None, run_after=None
[2024-06-15T02:39:28.400+0000] {processor.py:183} INFO - Processing /opt/airflow/dags/jinja_template.py took 0.081 seconds
[2024-06-15T02:39:58.837+0000] {processor.py:161} INFO - Started process (PID=500) to work on /opt/airflow/dags/jinja_template.py
[2024-06-15T02:39:58.839+0000] {processor.py:830} INFO - Processing file /opt/airflow/dags/jinja_template.py for tasks to queue
[2024-06-15T02:39:58.841+0000] {logging_mixin.py:188} INFO - [2024-06-15T02:39:58.840+0000] {dagbag.py:540} INFO - Filling up the DagBag from /opt/airflow/dags/jinja_template.py
[2024-06-15T02:39:58.851+0000] {processor.py:840} INFO - DAG(s) 'jinja_template' retrieved from /opt/airflow/dags/jinja_template.py
[2024-06-15T02:39:58.869+0000] {logging_mixin.py:188} INFO - [2024-06-15T02:39:58.869+0000] {dag.py:3047} INFO - Sync 1 DAGs
[2024-06-15T02:39:58.883+0000] {logging_mixin.py:188} INFO - [2024-06-15T02:39:58.883+0000] {dag.py:3834} INFO - Setting next_dagrun for jinja_template to None, run_after=None
[2024-06-15T02:39:58.905+0000] {processor.py:183} INFO - Processing /opt/airflow/dags/jinja_template.py took 0.069 seconds
[2024-06-15T02:40:29.150+0000] {processor.py:161} INFO - Started process (PID=523) to work on /opt/airflow/dags/jinja_template.py
[2024-06-15T02:40:29.151+0000] {processor.py:830} INFO - Processing file /opt/airflow/dags/jinja_template.py for tasks to queue
[2024-06-15T02:40:29.152+0000] {logging_mixin.py:188} INFO - [2024-06-15T02:40:29.152+0000] {dagbag.py:540} INFO - Filling up the DagBag from /opt/airflow/dags/jinja_template.py
[2024-06-15T02:40:29.167+0000] {processor.py:840} INFO - DAG(s) 'jinja_template' retrieved from /opt/airflow/dags/jinja_template.py
[2024-06-15T02:40:29.194+0000] {logging_mixin.py:188} INFO - [2024-06-15T02:40:29.194+0000] {dag.py:3047} INFO - Sync 1 DAGs
[2024-06-15T02:40:29.211+0000] {logging_mixin.py:188} INFO - [2024-06-15T02:40:29.211+0000] {dag.py:3834} INFO - Setting next_dagrun for jinja_template to None, run_after=None
[2024-06-15T02:40:29.231+0000] {processor.py:183} INFO - Processing /opt/airflow/dags/jinja_template.py took 0.083 seconds
[2024-06-15T02:40:59.735+0000] {processor.py:161} INFO - Started process (PID=546) to work on /opt/airflow/dags/jinja_template.py
[2024-06-15T02:40:59.737+0000] {processor.py:830} INFO - Processing file /opt/airflow/dags/jinja_template.py for tasks to queue
[2024-06-15T02:40:59.738+0000] {logging_mixin.py:188} INFO - [2024-06-15T02:40:59.738+0000] {dagbag.py:540} INFO - Filling up the DagBag from /opt/airflow/dags/jinja_template.py
[2024-06-15T02:40:59.760+0000] {processor.py:840} INFO - DAG(s) 'jinja_template' retrieved from /opt/airflow/dags/jinja_template.py
[2024-06-15T02:40:59.781+0000] {logging_mixin.py:188} INFO - [2024-06-15T02:40:59.781+0000] {dag.py:3047} INFO - Sync 1 DAGs
[2024-06-15T02:40:59.796+0000] {logging_mixin.py:188} INFO - [2024-06-15T02:40:59.796+0000] {dag.py:3834} INFO - Setting next_dagrun for jinja_template to None, run_after=None
[2024-06-15T02:40:59.838+0000] {processor.py:183} INFO - Processing /opt/airflow/dags/jinja_template.py took 0.105 seconds
[2024-06-15T02:41:30.244+0000] {processor.py:161} INFO - Started process (PID=569) to work on /opt/airflow/dags/jinja_template.py
[2024-06-15T02:41:30.245+0000] {processor.py:830} INFO - Processing file /opt/airflow/dags/jinja_template.py for tasks to queue
[2024-06-15T02:41:30.246+0000] {logging_mixin.py:188} INFO - [2024-06-15T02:41:30.246+0000] {dagbag.py:540} INFO - Filling up the DagBag from /opt/airflow/dags/jinja_template.py
[2024-06-15T02:41:30.255+0000] {processor.py:840} INFO - DAG(s) 'jinja_template' retrieved from /opt/airflow/dags/jinja_template.py
[2024-06-15T02:41:30.276+0000] {logging_mixin.py:188} INFO - [2024-06-15T02:41:30.276+0000] {dag.py:3047} INFO - Sync 1 DAGs
[2024-06-15T02:41:30.293+0000] {logging_mixin.py:188} INFO - [2024-06-15T02:41:30.292+0000] {dag.py:3834} INFO - Setting next_dagrun for jinja_template to None, run_after=None
[2024-06-15T02:41:30.318+0000] {processor.py:183} INFO - Processing /opt/airflow/dags/jinja_template.py took 0.075 seconds
[2024-06-15T02:42:00.825+0000] {processor.py:161} INFO - Started process (PID=592) to work on /opt/airflow/dags/jinja_template.py
[2024-06-15T02:42:00.826+0000] {processor.py:830} INFO - Processing file /opt/airflow/dags/jinja_template.py for tasks to queue
[2024-06-15T02:42:00.827+0000] {logging_mixin.py:188} INFO - [2024-06-15T02:42:00.826+0000] {dagbag.py:540} INFO - Filling up the DagBag from /opt/airflow/dags/jinja_template.py
[2024-06-15T02:42:00.837+0000] {processor.py:840} INFO - DAG(s) 'jinja_template' retrieved from /opt/airflow/dags/jinja_template.py
[2024-06-15T02:42:00.866+0000] {logging_mixin.py:188} INFO - [2024-06-15T02:42:00.866+0000] {dag.py:3047} INFO - Sync 1 DAGs
[2024-06-15T02:42:00.882+0000] {logging_mixin.py:188} INFO - [2024-06-15T02:42:00.881+0000] {dag.py:3834} INFO - Setting next_dagrun for jinja_template to None, run_after=None
[2024-06-15T02:42:00.904+0000] {processor.py:183} INFO - Processing /opt/airflow/dags/jinja_template.py took 0.082 seconds
[2024-06-15T02:42:31.346+0000] {processor.py:161} INFO - Started process (PID=615) to work on /opt/airflow/dags/jinja_template.py
[2024-06-15T02:42:31.347+0000] {processor.py:830} INFO - Processing file /opt/airflow/dags/jinja_template.py for tasks to queue
[2024-06-15T02:42:31.348+0000] {logging_mixin.py:188} INFO - [2024-06-15T02:42:31.348+0000] {dagbag.py:540} INFO - Filling up the DagBag from /opt/airflow/dags/jinja_template.py
[2024-06-15T02:42:31.377+0000] {processor.py:840} INFO - DAG(s) 'jinja_template' retrieved from /opt/airflow/dags/jinja_template.py
[2024-06-15T02:42:31.399+0000] {logging_mixin.py:188} INFO - [2024-06-15T02:42:31.399+0000] {dag.py:3047} INFO - Sync 1 DAGs
[2024-06-15T02:42:31.416+0000] {logging_mixin.py:188} INFO - [2024-06-15T02:42:31.416+0000] {dag.py:3834} INFO - Setting next_dagrun for jinja_template to None, run_after=None
[2024-06-15T02:42:31.439+0000] {processor.py:183} INFO - Processing /opt/airflow/dags/jinja_template.py took 0.097 seconds
[2024-06-15T02:43:02.065+0000] {processor.py:161} INFO - Started process (PID=639) to work on /opt/airflow/dags/jinja_template.py
[2024-06-15T02:43:02.066+0000] {processor.py:830} INFO - Processing file /opt/airflow/dags/jinja_template.py for tasks to queue
[2024-06-15T02:43:02.068+0000] {logging_mixin.py:188} INFO - [2024-06-15T02:43:02.067+0000] {dagbag.py:540} INFO - Filling up the DagBag from /opt/airflow/dags/jinja_template.py
[2024-06-15T02:43:02.090+0000] {processor.py:840} INFO - DAG(s) 'jinja_template' retrieved from /opt/airflow/dags/jinja_template.py
[2024-06-15T02:43:02.113+0000] {logging_mixin.py:188} INFO - [2024-06-15T02:43:02.113+0000] {dag.py:3047} INFO - Sync 1 DAGs
[2024-06-15T02:43:02.130+0000] {logging_mixin.py:188} INFO - [2024-06-15T02:43:02.129+0000] {dag.py:3834} INFO - Setting next_dagrun for jinja_template to None, run_after=None
[2024-06-15T02:43:02.143+0000] {processor.py:183} INFO - Processing /opt/airflow/dags/jinja_template.py took 0.079 seconds
[2024-06-15T02:43:32.567+0000] {processor.py:161} INFO - Started process (PID=662) to work on /opt/airflow/dags/jinja_template.py
[2024-06-15T02:43:32.568+0000] {processor.py:830} INFO - Processing file /opt/airflow/dags/jinja_template.py for tasks to queue
[2024-06-15T02:43:32.569+0000] {logging_mixin.py:188} INFO - [2024-06-15T02:43:32.569+0000] {dagbag.py:540} INFO - Filling up the DagBag from /opt/airflow/dags/jinja_template.py
[2024-06-15T02:43:32.591+0000] {processor.py:840} INFO - DAG(s) 'jinja_template' retrieved from /opt/airflow/dags/jinja_template.py
[2024-06-15T02:43:32.618+0000] {logging_mixin.py:188} INFO - [2024-06-15T02:43:32.618+0000] {dag.py:3047} INFO - Sync 1 DAGs
[2024-06-15T02:43:32.640+0000] {logging_mixin.py:188} INFO - [2024-06-15T02:43:32.640+0000] {dag.py:3834} INFO - Setting next_dagrun for jinja_template to None, run_after=None
[2024-06-15T02:43:32.654+0000] {processor.py:183} INFO - Processing /opt/airflow/dags/jinja_template.py took 0.089 seconds
[2024-06-15T02:44:02.980+0000] {processor.py:161} INFO - Started process (PID=685) to work on /opt/airflow/dags/jinja_template.py
[2024-06-15T02:44:02.980+0000] {processor.py:830} INFO - Processing file /opt/airflow/dags/jinja_template.py for tasks to queue
[2024-06-15T02:44:02.982+0000] {logging_mixin.py:188} INFO - [2024-06-15T02:44:02.982+0000] {dagbag.py:540} INFO - Filling up the DagBag from /opt/airflow/dags/jinja_template.py
[2024-06-15T02:44:02.997+0000] {processor.py:840} INFO - DAG(s) 'jinja_template' retrieved from /opt/airflow/dags/jinja_template.py
[2024-06-15T02:44:03.023+0000] {logging_mixin.py:188} INFO - [2024-06-15T02:44:03.023+0000] {dag.py:3047} INFO - Sync 1 DAGs
[2024-06-15T02:44:03.042+0000] {logging_mixin.py:188} INFO - [2024-06-15T02:44:03.042+0000] {dag.py:3834} INFO - Setting next_dagrun for jinja_template to None, run_after=None
[2024-06-15T02:44:03.056+0000] {processor.py:183} INFO - Processing /opt/airflow/dags/jinja_template.py took 0.078 seconds
[2024-06-15T02:44:33.654+0000] {processor.py:161} INFO - Started process (PID=708) to work on /opt/airflow/dags/jinja_template.py
[2024-06-15T02:44:33.655+0000] {processor.py:830} INFO - Processing file /opt/airflow/dags/jinja_template.py for tasks to queue
[2024-06-15T02:44:33.656+0000] {logging_mixin.py:188} INFO - [2024-06-15T02:44:33.656+0000] {dagbag.py:540} INFO - Filling up the DagBag from /opt/airflow/dags/jinja_template.py
[2024-06-15T02:44:33.673+0000] {processor.py:840} INFO - DAG(s) 'jinja_template' retrieved from /opt/airflow/dags/jinja_template.py
[2024-06-15T02:44:33.700+0000] {logging_mixin.py:188} INFO - [2024-06-15T02:44:33.700+0000] {dag.py:3047} INFO - Sync 1 DAGs
[2024-06-15T02:44:33.717+0000] {logging_mixin.py:188} INFO - [2024-06-15T02:44:33.717+0000] {dag.py:3834} INFO - Setting next_dagrun for jinja_template to None, run_after=None
[2024-06-15T02:44:33.733+0000] {processor.py:183} INFO - Processing /opt/airflow/dags/jinja_template.py took 0.081 seconds
[2024-06-15T02:45:04.285+0000] {processor.py:161} INFO - Started process (PID=732) to work on /opt/airflow/dags/jinja_template.py
[2024-06-15T02:45:04.286+0000] {processor.py:830} INFO - Processing file /opt/airflow/dags/jinja_template.py for tasks to queue
[2024-06-15T02:45:04.286+0000] {logging_mixin.py:188} INFO - [2024-06-15T02:45:04.286+0000] {dagbag.py:540} INFO - Filling up the DagBag from /opt/airflow/dags/jinja_template.py
[2024-06-15T02:45:04.298+0000] {processor.py:840} INFO - DAG(s) 'jinja_template' retrieved from /opt/airflow/dags/jinja_template.py
[2024-06-15T02:45:04.319+0000] {logging_mixin.py:188} INFO - [2024-06-15T02:45:04.319+0000] {dag.py:3047} INFO - Sync 1 DAGs
[2024-06-15T02:45:04.338+0000] {logging_mixin.py:188} INFO - [2024-06-15T02:45:04.338+0000] {dag.py:3834} INFO - Setting next_dagrun for jinja_template to None, run_after=None
[2024-06-15T02:45:04.365+0000] {processor.py:183} INFO - Processing /opt/airflow/dags/jinja_template.py took 0.082 seconds
[2024-06-15T02:45:34.826+0000] {processor.py:161} INFO - Started process (PID=755) to work on /opt/airflow/dags/jinja_template.py
[2024-06-15T02:45:34.827+0000] {processor.py:830} INFO - Processing file /opt/airflow/dags/jinja_template.py for tasks to queue
[2024-06-15T02:45:34.828+0000] {logging_mixin.py:188} INFO - [2024-06-15T02:45:34.828+0000] {dagbag.py:540} INFO - Filling up the DagBag from /opt/airflow/dags/jinja_template.py
[2024-06-15T02:45:34.855+0000] {processor.py:840} INFO - DAG(s) 'jinja_template' retrieved from /opt/airflow/dags/jinja_template.py
[2024-06-15T02:45:34.878+0000] {logging_mixin.py:188} INFO - [2024-06-15T02:45:34.878+0000] {dag.py:3047} INFO - Sync 1 DAGs
[2024-06-15T02:45:34.898+0000] {logging_mixin.py:188} INFO - [2024-06-15T02:45:34.898+0000] {dag.py:3834} INFO - Setting next_dagrun for jinja_template to None, run_after=None
[2024-06-15T02:45:34.918+0000] {processor.py:183} INFO - Processing /opt/airflow/dags/jinja_template.py took 0.095 seconds
[2024-06-15T02:46:05.479+0000] {processor.py:161} INFO - Started process (PID=779) to work on /opt/airflow/dags/jinja_template.py
[2024-06-15T02:46:05.479+0000] {processor.py:830} INFO - Processing file /opt/airflow/dags/jinja_template.py for tasks to queue
[2024-06-15T02:46:05.481+0000] {logging_mixin.py:188} INFO - [2024-06-15T02:46:05.480+0000] {dagbag.py:540} INFO - Filling up the DagBag from /opt/airflow/dags/jinja_template.py
[2024-06-15T02:46:05.496+0000] {processor.py:840} INFO - DAG(s) 'jinja_template' retrieved from /opt/airflow/dags/jinja_template.py
[2024-06-15T02:46:05.515+0000] {logging_mixin.py:188} INFO - [2024-06-15T02:46:05.515+0000] {dag.py:3047} INFO - Sync 1 DAGs
[2024-06-15T02:46:05.529+0000] {logging_mixin.py:188} INFO - [2024-06-15T02:46:05.529+0000] {dag.py:3834} INFO - Setting next_dagrun for jinja_template to None, run_after=None
[2024-06-15T02:46:05.561+0000] {processor.py:183} INFO - Processing /opt/airflow/dags/jinja_template.py took 0.084 seconds
[2024-06-15T02:46:35.789+0000] {processor.py:161} INFO - Started process (PID=802) to work on /opt/airflow/dags/jinja_template.py
[2024-06-15T02:46:35.790+0000] {processor.py:830} INFO - Processing file /opt/airflow/dags/jinja_template.py for tasks to queue
[2024-06-15T02:46:35.791+0000] {logging_mixin.py:188} INFO - [2024-06-15T02:46:35.791+0000] {dagbag.py:540} INFO - Filling up the DagBag from /opt/airflow/dags/jinja_template.py
[2024-06-15T02:46:35.800+0000] {processor.py:840} INFO - DAG(s) 'jinja_template' retrieved from /opt/airflow/dags/jinja_template.py
[2024-06-15T02:46:35.826+0000] {logging_mixin.py:188} INFO - [2024-06-15T02:46:35.826+0000] {dag.py:3047} INFO - Sync 1 DAGs
[2024-06-15T02:46:35.842+0000] {logging_mixin.py:188} INFO - [2024-06-15T02:46:35.842+0000] {dag.py:3834} INFO - Setting next_dagrun for jinja_template to None, run_after=None
[2024-06-15T02:46:35.867+0000] {processor.py:183} INFO - Processing /opt/airflow/dags/jinja_template.py took 0.080 seconds
[2024-06-15T02:47:06.126+0000] {processor.py:161} INFO - Started process (PID=827) to work on /opt/airflow/dags/jinja_template.py
[2024-06-15T02:47:06.127+0000] {processor.py:830} INFO - Processing file /opt/airflow/dags/jinja_template.py for tasks to queue
[2024-06-15T02:47:06.128+0000] {logging_mixin.py:188} INFO - [2024-06-15T02:47:06.128+0000] {dagbag.py:540} INFO - Filling up the DagBag from /opt/airflow/dags/jinja_template.py
[2024-06-15T02:47:06.142+0000] {processor.py:840} INFO - DAG(s) 'jinja_template' retrieved from /opt/airflow/dags/jinja_template.py
[2024-06-15T02:47:06.161+0000] {logging_mixin.py:188} INFO - [2024-06-15T02:47:06.161+0000] {dag.py:3047} INFO - Sync 1 DAGs
[2024-06-15T02:47:06.179+0000] {logging_mixin.py:188} INFO - [2024-06-15T02:47:06.179+0000] {dag.py:3834} INFO - Setting next_dagrun for jinja_template to None, run_after=None
[2024-06-15T02:47:06.217+0000] {processor.py:183} INFO - Processing /opt/airflow/dags/jinja_template.py took 0.092 seconds
[2024-06-15T02:47:36.586+0000] {processor.py:161} INFO - Started process (PID=851) to work on /opt/airflow/dags/jinja_template.py
[2024-06-15T02:47:36.587+0000] {processor.py:830} INFO - Processing file /opt/airflow/dags/jinja_template.py for tasks to queue
[2024-06-15T02:47:36.588+0000] {logging_mixin.py:188} INFO - [2024-06-15T02:47:36.588+0000] {dagbag.py:540} INFO - Filling up the DagBag from /opt/airflow/dags/jinja_template.py
[2024-06-15T02:47:36.608+0000] {processor.py:840} INFO - DAG(s) 'jinja_template' retrieved from /opt/airflow/dags/jinja_template.py
[2024-06-15T02:47:36.635+0000] {logging_mixin.py:188} INFO - [2024-06-15T02:47:36.634+0000] {dag.py:3047} INFO - Sync 1 DAGs
[2024-06-15T02:47:36.651+0000] {logging_mixin.py:188} INFO - [2024-06-15T02:47:36.651+0000] {dag.py:3834} INFO - Setting next_dagrun for jinja_template to None, run_after=None
[2024-06-15T02:47:36.688+0000] {processor.py:183} INFO - Processing /opt/airflow/dags/jinja_template.py took 0.104 seconds
[2024-06-15T02:48:07.180+0000] {processor.py:161} INFO - Started process (PID=875) to work on /opt/airflow/dags/jinja_template.py
[2024-06-15T02:48:07.180+0000] {processor.py:830} INFO - Processing file /opt/airflow/dags/jinja_template.py for tasks to queue
[2024-06-15T02:48:07.181+0000] {logging_mixin.py:188} INFO - [2024-06-15T02:48:07.181+0000] {dagbag.py:540} INFO - Filling up the DagBag from /opt/airflow/dags/jinja_template.py
[2024-06-15T02:48:07.190+0000] {processor.py:840} INFO - DAG(s) 'jinja_template' retrieved from /opt/airflow/dags/jinja_template.py
[2024-06-15T02:48:07.208+0000] {logging_mixin.py:188} INFO - [2024-06-15T02:48:07.208+0000] {dag.py:3047} INFO - Sync 1 DAGs
[2024-06-15T02:48:07.224+0000] {logging_mixin.py:188} INFO - [2024-06-15T02:48:07.224+0000] {dag.py:3834} INFO - Setting next_dagrun for jinja_template to None, run_after=None
[2024-06-15T02:48:07.243+0000] {processor.py:183} INFO - Processing /opt/airflow/dags/jinja_template.py took 0.065 seconds
[2024-06-15T02:48:37.666+0000] {processor.py:161} INFO - Started process (PID=898) to work on /opt/airflow/dags/jinja_template.py
[2024-06-15T02:48:37.667+0000] {processor.py:830} INFO - Processing file /opt/airflow/dags/jinja_template.py for tasks to queue
[2024-06-15T02:48:37.668+0000] {logging_mixin.py:188} INFO - [2024-06-15T02:48:37.668+0000] {dagbag.py:540} INFO - Filling up the DagBag from /opt/airflow/dags/jinja_template.py
[2024-06-15T02:48:37.694+0000] {processor.py:840} INFO - DAG(s) 'jinja_template' retrieved from /opt/airflow/dags/jinja_template.py
[2024-06-15T02:48:37.722+0000] {logging_mixin.py:188} INFO - [2024-06-15T02:48:37.722+0000] {dag.py:3047} INFO - Sync 1 DAGs
[2024-06-15T02:48:37.748+0000] {logging_mixin.py:188} INFO - [2024-06-15T02:48:37.747+0000] {dag.py:3834} INFO - Setting next_dagrun for jinja_template to None, run_after=None
[2024-06-15T02:48:37.778+0000] {processor.py:183} INFO - Processing /opt/airflow/dags/jinja_template.py took 0.114 seconds
[2024-06-15T02:49:08.247+0000] {processor.py:161} INFO - Started process (PID=921) to work on /opt/airflow/dags/jinja_template.py
[2024-06-15T02:49:08.248+0000] {processor.py:830} INFO - Processing file /opt/airflow/dags/jinja_template.py for tasks to queue
[2024-06-15T02:49:08.249+0000] {logging_mixin.py:188} INFO - [2024-06-15T02:49:08.249+0000] {dagbag.py:540} INFO - Filling up the DagBag from /opt/airflow/dags/jinja_template.py
[2024-06-15T02:49:08.261+0000] {processor.py:840} INFO - DAG(s) 'jinja_template' retrieved from /opt/airflow/dags/jinja_template.py
[2024-06-15T02:49:08.284+0000] {logging_mixin.py:188} INFO - [2024-06-15T02:49:08.284+0000] {dag.py:3047} INFO - Sync 1 DAGs
[2024-06-15T02:49:08.302+0000] {logging_mixin.py:188} INFO - [2024-06-15T02:49:08.301+0000] {dag.py:3834} INFO - Setting next_dagrun for jinja_template to None, run_after=None
[2024-06-15T02:49:08.331+0000] {processor.py:183} INFO - Processing /opt/airflow/dags/jinja_template.py took 0.085 seconds
[2024-06-15T02:49:38.723+0000] {processor.py:161} INFO - Started process (PID=972) to work on /opt/airflow/dags/jinja_template.py
[2024-06-15T02:49:38.724+0000] {processor.py:830} INFO - Processing file /opt/airflow/dags/jinja_template.py for tasks to queue
[2024-06-15T02:49:38.726+0000] {logging_mixin.py:188} INFO - [2024-06-15T02:49:38.725+0000] {dagbag.py:540} INFO - Filling up the DagBag from /opt/airflow/dags/jinja_template.py
[2024-06-15T02:49:38.737+0000] {processor.py:840} INFO - DAG(s) 'jinja_template' retrieved from /opt/airflow/dags/jinja_template.py
[2024-06-15T02:49:38.771+0000] {logging_mixin.py:188} INFO - [2024-06-15T02:49:38.771+0000] {dag.py:3047} INFO - Sync 1 DAGs
[2024-06-15T02:49:38.789+0000] {logging_mixin.py:188} INFO - [2024-06-15T02:49:38.788+0000] {dag.py:3834} INFO - Setting next_dagrun for jinja_template to None, run_after=None
[2024-06-15T02:49:38.807+0000] {processor.py:183} INFO - Processing /opt/airflow/dags/jinja_template.py took 0.086 seconds
[2024-06-15T02:50:09.183+0000] {processor.py:161} INFO - Started process (PID=1000) to work on /opt/airflow/dags/jinja_template.py
[2024-06-15T02:50:09.184+0000] {processor.py:830} INFO - Processing file /opt/airflow/dags/jinja_template.py for tasks to queue
[2024-06-15T02:50:09.185+0000] {logging_mixin.py:188} INFO - [2024-06-15T02:50:09.185+0000] {dagbag.py:540} INFO - Filling up the DagBag from /opt/airflow/dags/jinja_template.py
[2024-06-15T02:50:09.205+0000] {processor.py:840} INFO - DAG(s) 'jinja_template' retrieved from /opt/airflow/dags/jinja_template.py
[2024-06-15T02:50:09.224+0000] {logging_mixin.py:188} INFO - [2024-06-15T02:50:09.224+0000] {dag.py:3047} INFO - Sync 1 DAGs
[2024-06-15T02:50:09.238+0000] {logging_mixin.py:188} INFO - [2024-06-15T02:50:09.238+0000] {dag.py:3834} INFO - Setting next_dagrun for jinja_template to None, run_after=None
[2024-06-15T02:50:09.255+0000] {processor.py:183} INFO - Processing /opt/airflow/dags/jinja_template.py took 0.073 seconds
[2024-06-15T02:50:39.661+0000] {processor.py:161} INFO - Started process (PID=1023) to work on /opt/airflow/dags/jinja_template.py
[2024-06-15T02:50:39.662+0000] {processor.py:830} INFO - Processing file /opt/airflow/dags/jinja_template.py for tasks to queue
[2024-06-15T02:50:39.663+0000] {logging_mixin.py:188} INFO - [2024-06-15T02:50:39.663+0000] {dagbag.py:540} INFO - Filling up the DagBag from /opt/airflow/dags/jinja_template.py
[2024-06-15T02:50:39.675+0000] {processor.py:840} INFO - DAG(s) 'jinja_template' retrieved from /opt/airflow/dags/jinja_template.py
[2024-06-15T02:50:39.696+0000] {logging_mixin.py:188} INFO - [2024-06-15T02:50:39.696+0000] {dag.py:3047} INFO - Sync 1 DAGs
[2024-06-15T02:50:39.713+0000] {logging_mixin.py:188} INFO - [2024-06-15T02:50:39.713+0000] {dag.py:3834} INFO - Setting next_dagrun for jinja_template to None, run_after=None
[2024-06-15T02:50:39.738+0000] {processor.py:183} INFO - Processing /opt/airflow/dags/jinja_template.py took 0.079 seconds
[2024-06-15T02:51:10.214+0000] {processor.py:161} INFO - Started process (PID=1046) to work on /opt/airflow/dags/jinja_template.py
[2024-06-15T02:51:10.215+0000] {processor.py:830} INFO - Processing file /opt/airflow/dags/jinja_template.py for tasks to queue
[2024-06-15T02:51:10.217+0000] {logging_mixin.py:188} INFO - [2024-06-15T02:51:10.217+0000] {dagbag.py:540} INFO - Filling up the DagBag from /opt/airflow/dags/jinja_template.py
[2024-06-15T02:51:10.234+0000] {processor.py:840} INFO - DAG(s) 'jinja_template' retrieved from /opt/airflow/dags/jinja_template.py
[2024-06-15T02:51:10.252+0000] {logging_mixin.py:188} INFO - [2024-06-15T02:51:10.252+0000] {dag.py:3047} INFO - Sync 1 DAGs
[2024-06-15T02:51:10.276+0000] {logging_mixin.py:188} INFO - [2024-06-15T02:51:10.275+0000] {dag.py:3834} INFO - Setting next_dagrun for jinja_template to None, run_after=None
[2024-06-15T02:51:10.307+0000] {processor.py:183} INFO - Processing /opt/airflow/dags/jinja_template.py took 0.095 seconds
[2024-06-15T02:51:40.719+0000] {processor.py:161} INFO - Started process (PID=1075) to work on /opt/airflow/dags/jinja_template.py
[2024-06-15T02:51:40.719+0000] {processor.py:830} INFO - Processing file /opt/airflow/dags/jinja_template.py for tasks to queue
[2024-06-15T02:51:40.720+0000] {logging_mixin.py:188} INFO - [2024-06-15T02:51:40.720+0000] {dagbag.py:540} INFO - Filling up the DagBag from /opt/airflow/dags/jinja_template.py
[2024-06-15T02:51:40.731+0000] {processor.py:840} INFO - DAG(s) 'jinja_template' retrieved from /opt/airflow/dags/jinja_template.py
[2024-06-15T02:51:40.751+0000] {logging_mixin.py:188} INFO - [2024-06-15T02:51:40.751+0000] {dag.py:3047} INFO - Sync 1 DAGs
[2024-06-15T02:51:40.767+0000] {logging_mixin.py:188} INFO - [2024-06-15T02:51:40.767+0000] {dag.py:3834} INFO - Setting next_dagrun for jinja_template to None, run_after=None
[2024-06-15T02:51:40.798+0000] {processor.py:183} INFO - Processing /opt/airflow/dags/jinja_template.py took 0.081 seconds
