[2024-06-15T02:29:45.943+0000] {processor.py:161} INFO - Started process (PID=40) to work on /opt/airflow/dags/pool.py
[2024-06-15T02:29:45.944+0000] {processor.py:830} INFO - Processing file /opt/airflow/dags/pool.py for tasks to queue
[2024-06-15T02:29:45.945+0000] {logging_mixin.py:188} INFO - [2024-06-15T02:29:45.944+0000] {dagbag.py:540} INFO - Filling up the DagBag from /opt/airflow/dags/pool.py
[2024-06-15T02:29:45.958+0000] {processor.py:840} INFO - DAG(s) 'pool' retrieved from /opt/airflow/dags/pool.py
[2024-06-15T02:29:46.040+0000] {logging_mixin.py:188} INFO - [2024-06-15T02:29:46.040+0000] {dag.py:3047} INFO - Sync 1 DAGs
[2024-06-15T02:29:46.056+0000] {logging_mixin.py:188} INFO - [2024-06-15T02:29:46.056+0000] {dag.py:3834} INFO - Setting next_dagrun for pool to None, run_after=None
[2024-06-15T02:29:46.074+0000] {processor.py:183} INFO - Processing /opt/airflow/dags/pool.py took 0.133 seconds
[2024-06-15T02:30:16.341+0000] {processor.py:161} INFO - Started process (PID=62) to work on /opt/airflow/dags/pool.py
[2024-06-15T02:30:16.342+0000] {processor.py:830} INFO - Processing file /opt/airflow/dags/pool.py for tasks to queue
[2024-06-15T02:30:16.343+0000] {logging_mixin.py:188} INFO - [2024-06-15T02:30:16.343+0000] {dagbag.py:540} INFO - Filling up the DagBag from /opt/airflow/dags/pool.py
[2024-06-15T02:30:16.354+0000] {processor.py:840} INFO - DAG(s) 'pool' retrieved from /opt/airflow/dags/pool.py
[2024-06-15T02:30:16.375+0000] {logging_mixin.py:188} INFO - [2024-06-15T02:30:16.375+0000] {dag.py:3047} INFO - Sync 1 DAGs
[2024-06-15T02:30:16.450+0000] {logging_mixin.py:188} INFO - [2024-06-15T02:30:16.449+0000] {dag.py:3834} INFO - Setting next_dagrun for pool to None, run_after=None
[2024-06-15T02:30:16.463+0000] {processor.py:183} INFO - Processing /opt/airflow/dags/pool.py took 0.123 seconds
[2024-06-15T02:30:46.996+0000] {processor.py:161} INFO - Started process (PID=84) to work on /opt/airflow/dags/pool.py
[2024-06-15T02:30:46.996+0000] {processor.py:830} INFO - Processing file /opt/airflow/dags/pool.py for tasks to queue
[2024-06-15T02:30:46.998+0000] {logging_mixin.py:188} INFO - [2024-06-15T02:30:46.997+0000] {dagbag.py:540} INFO - Filling up the DagBag from /opt/airflow/dags/pool.py
[2024-06-15T02:30:47.010+0000] {processor.py:840} INFO - DAG(s) 'pool' retrieved from /opt/airflow/dags/pool.py
[2024-06-15T02:30:47.033+0000] {logging_mixin.py:188} INFO - [2024-06-15T02:30:47.033+0000] {dag.py:3047} INFO - Sync 1 DAGs
[2024-06-15T02:30:47.050+0000] {logging_mixin.py:188} INFO - [2024-06-15T02:30:47.050+0000] {dag.py:3834} INFO - Setting next_dagrun for pool to None, run_after=None
[2024-06-15T02:30:47.067+0000] {processor.py:183} INFO - Processing /opt/airflow/dags/pool.py took 0.072 seconds
[2024-06-15T02:31:17.331+0000] {processor.py:161} INFO - Started process (PID=106) to work on /opt/airflow/dags/pool.py
[2024-06-15T02:31:17.332+0000] {processor.py:830} INFO - Processing file /opt/airflow/dags/pool.py for tasks to queue
[2024-06-15T02:31:17.333+0000] {logging_mixin.py:188} INFO - [2024-06-15T02:31:17.333+0000] {dagbag.py:540} INFO - Filling up the DagBag from /opt/airflow/dags/pool.py
[2024-06-15T02:31:17.345+0000] {processor.py:840} INFO - DAG(s) 'pool' retrieved from /opt/airflow/dags/pool.py
[2024-06-15T02:31:17.369+0000] {logging_mixin.py:188} INFO - [2024-06-15T02:31:17.369+0000] {dag.py:3047} INFO - Sync 1 DAGs
[2024-06-15T02:31:17.399+0000] {logging_mixin.py:188} INFO - [2024-06-15T02:31:17.399+0000] {dag.py:3834} INFO - Setting next_dagrun for pool to None, run_after=None
[2024-06-15T02:31:17.420+0000] {processor.py:183} INFO - Processing /opt/airflow/dags/pool.py took 0.091 seconds
[2024-06-15T02:31:48.038+0000] {processor.py:161} INFO - Started process (PID=128) to work on /opt/airflow/dags/pool.py
[2024-06-15T02:31:48.039+0000] {processor.py:830} INFO - Processing file /opt/airflow/dags/pool.py for tasks to queue
[2024-06-15T02:31:48.041+0000] {logging_mixin.py:188} INFO - [2024-06-15T02:31:48.040+0000] {dagbag.py:540} INFO - Filling up the DagBag from /opt/airflow/dags/pool.py
[2024-06-15T02:31:48.055+0000] {processor.py:840} INFO - DAG(s) 'pool' retrieved from /opt/airflow/dags/pool.py
[2024-06-15T02:31:48.081+0000] {logging_mixin.py:188} INFO - [2024-06-15T02:31:48.081+0000] {dag.py:3047} INFO - Sync 1 DAGs
[2024-06-15T02:31:48.099+0000] {logging_mixin.py:188} INFO - [2024-06-15T02:31:48.099+0000] {dag.py:3834} INFO - Setting next_dagrun for pool to None, run_after=None
[2024-06-15T02:31:48.114+0000] {processor.py:183} INFO - Processing /opt/airflow/dags/pool.py took 0.078 seconds
[2024-06-15T02:32:18.484+0000] {processor.py:161} INFO - Started process (PID=150) to work on /opt/airflow/dags/pool.py
[2024-06-15T02:32:18.485+0000] {processor.py:830} INFO - Processing file /opt/airflow/dags/pool.py for tasks to queue
[2024-06-15T02:32:18.486+0000] {logging_mixin.py:188} INFO - [2024-06-15T02:32:18.485+0000] {dagbag.py:540} INFO - Filling up the DagBag from /opt/airflow/dags/pool.py
[2024-06-15T02:32:18.503+0000] {processor.py:840} INFO - DAG(s) 'pool' retrieved from /opt/airflow/dags/pool.py
[2024-06-15T02:32:18.534+0000] {logging_mixin.py:188} INFO - [2024-06-15T02:32:18.533+0000] {dag.py:3047} INFO - Sync 1 DAGs
[2024-06-15T02:32:18.551+0000] {logging_mixin.py:188} INFO - [2024-06-15T02:32:18.551+0000] {dag.py:3834} INFO - Setting next_dagrun for pool to None, run_after=None
[2024-06-15T02:32:18.565+0000] {processor.py:183} INFO - Processing /opt/airflow/dags/pool.py took 0.083 seconds
[2024-06-15T02:32:48.972+0000] {processor.py:161} INFO - Started process (PID=172) to work on /opt/airflow/dags/pool.py
[2024-06-15T02:32:48.973+0000] {processor.py:830} INFO - Processing file /opt/airflow/dags/pool.py for tasks to queue
[2024-06-15T02:32:48.974+0000] {logging_mixin.py:188} INFO - [2024-06-15T02:32:48.974+0000] {dagbag.py:540} INFO - Filling up the DagBag from /opt/airflow/dags/pool.py
[2024-06-15T02:32:48.988+0000] {processor.py:840} INFO - DAG(s) 'pool' retrieved from /opt/airflow/dags/pool.py
[2024-06-15T02:32:49.014+0000] {logging_mixin.py:188} INFO - [2024-06-15T02:32:49.014+0000] {dag.py:3047} INFO - Sync 1 DAGs
[2024-06-15T02:32:49.033+0000] {logging_mixin.py:188} INFO - [2024-06-15T02:32:49.033+0000] {dag.py:3834} INFO - Setting next_dagrun for pool to None, run_after=None
[2024-06-15T02:32:49.049+0000] {processor.py:183} INFO - Processing /opt/airflow/dags/pool.py took 0.079 seconds
[2024-06-15T02:33:19.786+0000] {processor.py:161} INFO - Started process (PID=194) to work on /opt/airflow/dags/pool.py
[2024-06-15T02:33:19.786+0000] {processor.py:830} INFO - Processing file /opt/airflow/dags/pool.py for tasks to queue
[2024-06-15T02:33:19.788+0000] {logging_mixin.py:188} INFO - [2024-06-15T02:33:19.787+0000] {dagbag.py:540} INFO - Filling up the DagBag from /opt/airflow/dags/pool.py
[2024-06-15T02:33:19.800+0000] {processor.py:840} INFO - DAG(s) 'pool' retrieved from /opt/airflow/dags/pool.py
[2024-06-15T02:33:19.826+0000] {logging_mixin.py:188} INFO - [2024-06-15T02:33:19.826+0000] {dag.py:3047} INFO - Sync 1 DAGs
[2024-06-15T02:33:19.846+0000] {logging_mixin.py:188} INFO - [2024-06-15T02:33:19.846+0000] {dag.py:3834} INFO - Setting next_dagrun for pool to None, run_after=None
[2024-06-15T02:33:19.861+0000] {processor.py:183} INFO - Processing /opt/airflow/dags/pool.py took 0.078 seconds
[2024-06-15T02:33:50.342+0000] {processor.py:161} INFO - Started process (PID=215) to work on /opt/airflow/dags/pool.py
[2024-06-15T02:33:50.343+0000] {processor.py:830} INFO - Processing file /opt/airflow/dags/pool.py for tasks to queue
[2024-06-15T02:33:50.344+0000] {logging_mixin.py:188} INFO - [2024-06-15T02:33:50.344+0000] {dagbag.py:540} INFO - Filling up the DagBag from /opt/airflow/dags/pool.py
[2024-06-15T02:33:50.357+0000] {processor.py:840} INFO - DAG(s) 'pool' retrieved from /opt/airflow/dags/pool.py
[2024-06-15T02:33:50.392+0000] {logging_mixin.py:188} INFO - [2024-06-15T02:33:50.392+0000] {dag.py:3047} INFO - Sync 1 DAGs
[2024-06-15T02:33:50.412+0000] {logging_mixin.py:188} INFO - [2024-06-15T02:33:50.412+0000] {dag.py:3834} INFO - Setting next_dagrun for pool to None, run_after=None
[2024-06-15T02:33:50.432+0000] {processor.py:183} INFO - Processing /opt/airflow/dags/pool.py took 0.091 seconds
[2024-06-15T02:34:20.880+0000] {processor.py:161} INFO - Started process (PID=237) to work on /opt/airflow/dags/pool.py
[2024-06-15T02:34:20.881+0000] {processor.py:830} INFO - Processing file /opt/airflow/dags/pool.py for tasks to queue
[2024-06-15T02:34:20.882+0000] {logging_mixin.py:188} INFO - [2024-06-15T02:34:20.882+0000] {dagbag.py:540} INFO - Filling up the DagBag from /opt/airflow/dags/pool.py
[2024-06-15T02:34:20.895+0000] {processor.py:840} INFO - DAG(s) 'pool' retrieved from /opt/airflow/dags/pool.py
[2024-06-15T02:34:20.922+0000] {logging_mixin.py:188} INFO - [2024-06-15T02:34:20.922+0000] {dag.py:3047} INFO - Sync 1 DAGs
[2024-06-15T02:34:20.942+0000] {logging_mixin.py:188} INFO - [2024-06-15T02:34:20.942+0000] {dag.py:3834} INFO - Setting next_dagrun for pool to None, run_after=None
[2024-06-15T02:34:20.968+0000] {processor.py:183} INFO - Processing /opt/airflow/dags/pool.py took 0.089 seconds
[2024-06-15T02:34:51.620+0000] {processor.py:161} INFO - Started process (PID=260) to work on /opt/airflow/dags/pool.py
[2024-06-15T02:34:51.620+0000] {processor.py:830} INFO - Processing file /opt/airflow/dags/pool.py for tasks to queue
[2024-06-15T02:34:51.621+0000] {logging_mixin.py:188} INFO - [2024-06-15T02:34:51.621+0000] {dagbag.py:540} INFO - Filling up the DagBag from /opt/airflow/dags/pool.py
[2024-06-15T02:34:51.668+0000] {processor.py:840} INFO - DAG(s) 'pool' retrieved from /opt/airflow/dags/pool.py
[2024-06-15T02:34:51.725+0000] {logging_mixin.py:188} INFO - [2024-06-15T02:34:51.725+0000] {dag.py:3047} INFO - Sync 1 DAGs
[2024-06-15T02:34:51.742+0000] {logging_mixin.py:188} INFO - [2024-06-15T02:34:51.742+0000] {dag.py:3834} INFO - Setting next_dagrun for pool to None, run_after=None
[2024-06-15T02:34:51.755+0000] {processor.py:183} INFO - Processing /opt/airflow/dags/pool.py took 0.137 seconds
[2024-06-15T02:35:22.347+0000] {processor.py:161} INFO - Started process (PID=283) to work on /opt/airflow/dags/pool.py
[2024-06-15T02:35:22.347+0000] {processor.py:830} INFO - Processing file /opt/airflow/dags/pool.py for tasks to queue
[2024-06-15T02:35:22.349+0000] {logging_mixin.py:188} INFO - [2024-06-15T02:35:22.348+0000] {dagbag.py:540} INFO - Filling up the DagBag from /opt/airflow/dags/pool.py
[2024-06-15T02:35:22.360+0000] {processor.py:840} INFO - DAG(s) 'pool' retrieved from /opt/airflow/dags/pool.py
[2024-06-15T02:35:22.382+0000] {logging_mixin.py:188} INFO - [2024-06-15T02:35:22.381+0000] {dag.py:3047} INFO - Sync 1 DAGs
[2024-06-15T02:35:22.398+0000] {logging_mixin.py:188} INFO - [2024-06-15T02:35:22.398+0000] {dag.py:3834} INFO - Setting next_dagrun for pool to None, run_after=None
[2024-06-15T02:35:22.410+0000] {processor.py:183} INFO - Processing /opt/airflow/dags/pool.py took 0.065 seconds
[2024-06-15T02:35:53.000+0000] {processor.py:161} INFO - Started process (PID=307) to work on /opt/airflow/dags/pool.py
[2024-06-15T02:35:53.001+0000] {processor.py:830} INFO - Processing file /opt/airflow/dags/pool.py for tasks to queue
[2024-06-15T02:35:53.002+0000] {logging_mixin.py:188} INFO - [2024-06-15T02:35:53.002+0000] {dagbag.py:540} INFO - Filling up the DagBag from /opt/airflow/dags/pool.py
[2024-06-15T02:35:53.015+0000] {processor.py:840} INFO - DAG(s) 'pool' retrieved from /opt/airflow/dags/pool.py
[2024-06-15T02:35:53.041+0000] {logging_mixin.py:188} INFO - [2024-06-15T02:35:53.040+0000] {dag.py:3047} INFO - Sync 1 DAGs
[2024-06-15T02:35:53.063+0000] {logging_mixin.py:188} INFO - [2024-06-15T02:35:53.063+0000] {dag.py:3834} INFO - Setting next_dagrun for pool to None, run_after=None
[2024-06-15T02:35:53.080+0000] {processor.py:183} INFO - Processing /opt/airflow/dags/pool.py took 0.082 seconds
[2024-06-15T02:36:23.360+0000] {processor.py:161} INFO - Started process (PID=330) to work on /opt/airflow/dags/pool.py
[2024-06-15T02:36:23.361+0000] {processor.py:830} INFO - Processing file /opt/airflow/dags/pool.py for tasks to queue
[2024-06-15T02:36:23.362+0000] {logging_mixin.py:188} INFO - [2024-06-15T02:36:23.362+0000] {dagbag.py:540} INFO - Filling up the DagBag from /opt/airflow/dags/pool.py
[2024-06-15T02:36:23.376+0000] {processor.py:840} INFO - DAG(s) 'pool' retrieved from /opt/airflow/dags/pool.py
[2024-06-15T02:36:23.402+0000] {logging_mixin.py:188} INFO - [2024-06-15T02:36:23.402+0000] {dag.py:3047} INFO - Sync 1 DAGs
[2024-06-15T02:36:23.419+0000] {logging_mixin.py:188} INFO - [2024-06-15T02:36:23.419+0000] {dag.py:3834} INFO - Setting next_dagrun for pool to None, run_after=None
[2024-06-15T02:36:23.432+0000] {processor.py:183} INFO - Processing /opt/airflow/dags/pool.py took 0.074 seconds
[2024-06-15T02:36:53.864+0000] {processor.py:161} INFO - Started process (PID=353) to work on /opt/airflow/dags/pool.py
[2024-06-15T02:36:53.865+0000] {processor.py:830} INFO - Processing file /opt/airflow/dags/pool.py for tasks to queue
[2024-06-15T02:36:53.866+0000] {logging_mixin.py:188} INFO - [2024-06-15T02:36:53.865+0000] {dagbag.py:540} INFO - Filling up the DagBag from /opt/airflow/dags/pool.py
[2024-06-15T02:36:53.886+0000] {processor.py:840} INFO - DAG(s) 'pool' retrieved from /opt/airflow/dags/pool.py
[2024-06-15T02:36:53.910+0000] {logging_mixin.py:188} INFO - [2024-06-15T02:36:53.909+0000] {dag.py:3047} INFO - Sync 1 DAGs
[2024-06-15T02:36:53.928+0000] {logging_mixin.py:188} INFO - [2024-06-15T02:36:53.927+0000] {dag.py:3834} INFO - Setting next_dagrun for pool to None, run_after=None
[2024-06-15T02:36:53.942+0000] {processor.py:183} INFO - Processing /opt/airflow/dags/pool.py took 0.080 seconds
[2024-06-15T02:37:24.603+0000] {processor.py:161} INFO - Started process (PID=377) to work on /opt/airflow/dags/pool.py
[2024-06-15T02:37:24.603+0000] {processor.py:830} INFO - Processing file /opt/airflow/dags/pool.py for tasks to queue
[2024-06-15T02:37:24.605+0000] {logging_mixin.py:188} INFO - [2024-06-15T02:37:24.604+0000] {dagbag.py:540} INFO - Filling up the DagBag from /opt/airflow/dags/pool.py
[2024-06-15T02:37:24.614+0000] {processor.py:840} INFO - DAG(s) 'pool' retrieved from /opt/airflow/dags/pool.py
[2024-06-15T02:37:24.636+0000] {logging_mixin.py:188} INFO - [2024-06-15T02:37:24.636+0000] {dag.py:3047} INFO - Sync 1 DAGs
[2024-06-15T02:37:24.661+0000] {logging_mixin.py:188} INFO - [2024-06-15T02:37:24.661+0000] {dag.py:3834} INFO - Setting next_dagrun for pool to None, run_after=None
[2024-06-15T02:37:24.675+0000] {processor.py:183} INFO - Processing /opt/airflow/dags/pool.py took 0.074 seconds
[2024-06-15T02:37:55.074+0000] {processor.py:161} INFO - Started process (PID=400) to work on /opt/airflow/dags/pool.py
[2024-06-15T02:37:55.074+0000] {processor.py:830} INFO - Processing file /opt/airflow/dags/pool.py for tasks to queue
[2024-06-15T02:37:55.075+0000] {logging_mixin.py:188} INFO - [2024-06-15T02:37:55.075+0000] {dagbag.py:540} INFO - Filling up the DagBag from /opt/airflow/dags/pool.py
[2024-06-15T02:37:55.086+0000] {processor.py:840} INFO - DAG(s) 'pool' retrieved from /opt/airflow/dags/pool.py
[2024-06-15T02:37:55.108+0000] {logging_mixin.py:188} INFO - [2024-06-15T02:37:55.108+0000] {dag.py:3047} INFO - Sync 1 DAGs
[2024-06-15T02:37:55.123+0000] {logging_mixin.py:188} INFO - [2024-06-15T02:37:55.123+0000] {dag.py:3834} INFO - Setting next_dagrun for pool to None, run_after=None
[2024-06-15T02:37:55.140+0000] {processor.py:183} INFO - Processing /opt/airflow/dags/pool.py took 0.068 seconds
[2024-06-15T02:38:26.043+0000] {processor.py:161} INFO - Started process (PID=424) to work on /opt/airflow/dags/pool.py
[2024-06-15T02:38:26.044+0000] {processor.py:830} INFO - Processing file /opt/airflow/dags/pool.py for tasks to queue
[2024-06-15T02:38:26.045+0000] {logging_mixin.py:188} INFO - [2024-06-15T02:38:26.045+0000] {dagbag.py:540} INFO - Filling up the DagBag from /opt/airflow/dags/pool.py
[2024-06-15T02:38:26.057+0000] {processor.py:840} INFO - DAG(s) 'pool' retrieved from /opt/airflow/dags/pool.py
[2024-06-15T02:38:26.080+0000] {logging_mixin.py:188} INFO - [2024-06-15T02:38:26.080+0000] {dag.py:3047} INFO - Sync 1 DAGs
[2024-06-15T02:38:26.103+0000] {logging_mixin.py:188} INFO - [2024-06-15T02:38:26.103+0000] {dag.py:3834} INFO - Setting next_dagrun for pool to None, run_after=None
[2024-06-15T02:38:26.116+0000] {processor.py:183} INFO - Processing /opt/airflow/dags/pool.py took 0.075 seconds
[2024-06-15T02:38:56.577+0000] {processor.py:161} INFO - Started process (PID=447) to work on /opt/airflow/dags/pool.py
[2024-06-15T02:38:56.578+0000] {processor.py:830} INFO - Processing file /opt/airflow/dags/pool.py for tasks to queue
[2024-06-15T02:38:56.579+0000] {logging_mixin.py:188} INFO - [2024-06-15T02:38:56.579+0000] {dagbag.py:540} INFO - Filling up the DagBag from /opt/airflow/dags/pool.py
[2024-06-15T02:38:56.591+0000] {processor.py:840} INFO - DAG(s) 'pool' retrieved from /opt/airflow/dags/pool.py
[2024-06-15T02:38:56.616+0000] {logging_mixin.py:188} INFO - [2024-06-15T02:38:56.616+0000] {dag.py:3047} INFO - Sync 1 DAGs
[2024-06-15T02:38:56.632+0000] {logging_mixin.py:188} INFO - [2024-06-15T02:38:56.632+0000] {dag.py:3834} INFO - Setting next_dagrun for pool to None, run_after=None
[2024-06-15T02:38:56.645+0000] {processor.py:183} INFO - Processing /opt/airflow/dags/pool.py took 0.070 seconds
[2024-06-15T02:39:26.978+0000] {processor.py:161} INFO - Started process (PID=470) to work on /opt/airflow/dags/pool.py
[2024-06-15T02:39:26.978+0000] {processor.py:830} INFO - Processing file /opt/airflow/dags/pool.py for tasks to queue
[2024-06-15T02:39:26.979+0000] {logging_mixin.py:188} INFO - [2024-06-15T02:39:26.979+0000] {dagbag.py:540} INFO - Filling up the DagBag from /opt/airflow/dags/pool.py
[2024-06-15T02:39:26.989+0000] {processor.py:840} INFO - DAG(s) 'pool' retrieved from /opt/airflow/dags/pool.py
[2024-06-15T02:39:27.012+0000] {logging_mixin.py:188} INFO - [2024-06-15T02:39:27.012+0000] {dag.py:3047} INFO - Sync 1 DAGs
[2024-06-15T02:39:27.033+0000] {logging_mixin.py:188} INFO - [2024-06-15T02:39:27.033+0000] {dag.py:3834} INFO - Setting next_dagrun for pool to None, run_after=None
[2024-06-15T02:39:27.050+0000] {processor.py:183} INFO - Processing /opt/airflow/dags/pool.py took 0.074 seconds
[2024-06-15T02:39:57.550+0000] {processor.py:161} INFO - Started process (PID=493) to work on /opt/airflow/dags/pool.py
[2024-06-15T02:39:57.551+0000] {processor.py:830} INFO - Processing file /opt/airflow/dags/pool.py for tasks to queue
[2024-06-15T02:39:57.552+0000] {logging_mixin.py:188} INFO - [2024-06-15T02:39:57.552+0000] {dagbag.py:540} INFO - Filling up the DagBag from /opt/airflow/dags/pool.py
[2024-06-15T02:39:57.562+0000] {processor.py:840} INFO - DAG(s) 'pool' retrieved from /opt/airflow/dags/pool.py
[2024-06-15T02:39:57.585+0000] {logging_mixin.py:188} INFO - [2024-06-15T02:39:57.584+0000] {dag.py:3047} INFO - Sync 1 DAGs
[2024-06-15T02:39:57.603+0000] {logging_mixin.py:188} INFO - [2024-06-15T02:39:57.603+0000] {dag.py:3834} INFO - Setting next_dagrun for pool to None, run_after=None
[2024-06-15T02:39:57.617+0000] {processor.py:183} INFO - Processing /opt/airflow/dags/pool.py took 0.069 seconds
[2024-06-15T02:40:27.847+0000] {processor.py:161} INFO - Started process (PID=516) to work on /opt/airflow/dags/pool.py
[2024-06-15T02:40:27.848+0000] {processor.py:830} INFO - Processing file /opt/airflow/dags/pool.py for tasks to queue
[2024-06-15T02:40:27.849+0000] {logging_mixin.py:188} INFO - [2024-06-15T02:40:27.849+0000] {dagbag.py:540} INFO - Filling up the DagBag from /opt/airflow/dags/pool.py
[2024-06-15T02:40:27.860+0000] {processor.py:840} INFO - DAG(s) 'pool' retrieved from /opt/airflow/dags/pool.py
[2024-06-15T02:40:27.884+0000] {logging_mixin.py:188} INFO - [2024-06-15T02:40:27.884+0000] {dag.py:3047} INFO - Sync 1 DAGs
[2024-06-15T02:40:27.900+0000] {logging_mixin.py:188} INFO - [2024-06-15T02:40:27.900+0000] {dag.py:3834} INFO - Setting next_dagrun for pool to None, run_after=None
[2024-06-15T02:40:27.913+0000] {processor.py:183} INFO - Processing /opt/airflow/dags/pool.py took 0.068 seconds
[2024-06-15T02:40:58.380+0000] {processor.py:161} INFO - Started process (PID=539) to work on /opt/airflow/dags/pool.py
[2024-06-15T02:40:58.381+0000] {processor.py:830} INFO - Processing file /opt/airflow/dags/pool.py for tasks to queue
[2024-06-15T02:40:58.382+0000] {logging_mixin.py:188} INFO - [2024-06-15T02:40:58.382+0000] {dagbag.py:540} INFO - Filling up the DagBag from /opt/airflow/dags/pool.py
[2024-06-15T02:40:58.394+0000] {processor.py:840} INFO - DAG(s) 'pool' retrieved from /opt/airflow/dags/pool.py
[2024-06-15T02:40:58.417+0000] {logging_mixin.py:188} INFO - [2024-06-15T02:40:58.416+0000] {dag.py:3047} INFO - Sync 1 DAGs
[2024-06-15T02:40:58.433+0000] {logging_mixin.py:188} INFO - [2024-06-15T02:40:58.433+0000] {dag.py:3834} INFO - Setting next_dagrun for pool to None, run_after=None
[2024-06-15T02:40:58.447+0000] {processor.py:183} INFO - Processing /opt/airflow/dags/pool.py took 0.068 seconds
[2024-06-15T02:41:28.959+0000] {processor.py:161} INFO - Started process (PID=562) to work on /opt/airflow/dags/pool.py
[2024-06-15T02:41:28.960+0000] {processor.py:830} INFO - Processing file /opt/airflow/dags/pool.py for tasks to queue
[2024-06-15T02:41:28.961+0000] {logging_mixin.py:188} INFO - [2024-06-15T02:41:28.960+0000] {dagbag.py:540} INFO - Filling up the DagBag from /opt/airflow/dags/pool.py
[2024-06-15T02:41:28.970+0000] {processor.py:840} INFO - DAG(s) 'pool' retrieved from /opt/airflow/dags/pool.py
[2024-06-15T02:41:29.003+0000] {logging_mixin.py:188} INFO - [2024-06-15T02:41:29.003+0000] {dag.py:3047} INFO - Sync 1 DAGs
[2024-06-15T02:41:29.019+0000] {logging_mixin.py:188} INFO - [2024-06-15T02:41:29.019+0000] {dag.py:3834} INFO - Setting next_dagrun for pool to None, run_after=None
[2024-06-15T02:41:29.032+0000] {processor.py:183} INFO - Processing /opt/airflow/dags/pool.py took 0.075 seconds
[2024-06-15T02:41:59.408+0000] {processor.py:161} INFO - Started process (PID=585) to work on /opt/airflow/dags/pool.py
[2024-06-15T02:41:59.409+0000] {processor.py:830} INFO - Processing file /opt/airflow/dags/pool.py for tasks to queue
[2024-06-15T02:41:59.410+0000] {logging_mixin.py:188} INFO - [2024-06-15T02:41:59.409+0000] {dagbag.py:540} INFO - Filling up the DagBag from /opt/airflow/dags/pool.py
[2024-06-15T02:41:59.421+0000] {processor.py:840} INFO - DAG(s) 'pool' retrieved from /opt/airflow/dags/pool.py
[2024-06-15T02:41:59.443+0000] {logging_mixin.py:188} INFO - [2024-06-15T02:41:59.443+0000] {dag.py:3047} INFO - Sync 1 DAGs
[2024-06-15T02:41:59.458+0000] {logging_mixin.py:188} INFO - [2024-06-15T02:41:59.458+0000] {dag.py:3834} INFO - Setting next_dagrun for pool to None, run_after=None
[2024-06-15T02:41:59.476+0000] {processor.py:183} INFO - Processing /opt/airflow/dags/pool.py took 0.070 seconds
[2024-06-15T02:42:29.998+0000] {processor.py:161} INFO - Started process (PID=608) to work on /opt/airflow/dags/pool.py
[2024-06-15T02:42:29.999+0000] {processor.py:830} INFO - Processing file /opt/airflow/dags/pool.py for tasks to queue
[2024-06-15T02:42:30.001+0000] {logging_mixin.py:188} INFO - [2024-06-15T02:42:30.001+0000] {dagbag.py:540} INFO - Filling up the DagBag from /opt/airflow/dags/pool.py
[2024-06-15T02:42:30.031+0000] {processor.py:840} INFO - DAG(s) 'pool' retrieved from /opt/airflow/dags/pool.py
[2024-06-15T02:42:30.052+0000] {logging_mixin.py:188} INFO - [2024-06-15T02:42:30.052+0000] {dag.py:3047} INFO - Sync 1 DAGs
[2024-06-15T02:42:30.072+0000] {logging_mixin.py:188} INFO - [2024-06-15T02:42:30.072+0000] {dag.py:3834} INFO - Setting next_dagrun for pool to None, run_after=None
[2024-06-15T02:42:30.084+0000] {processor.py:183} INFO - Processing /opt/airflow/dags/pool.py took 0.088 seconds
[2024-06-15T02:43:00.694+0000] {processor.py:161} INFO - Started process (PID=631) to work on /opt/airflow/dags/pool.py
[2024-06-15T02:43:00.695+0000] {processor.py:830} INFO - Processing file /opt/airflow/dags/pool.py for tasks to queue
[2024-06-15T02:43:00.696+0000] {logging_mixin.py:188} INFO - [2024-06-15T02:43:00.696+0000] {dagbag.py:540} INFO - Filling up the DagBag from /opt/airflow/dags/pool.py
[2024-06-15T02:43:00.709+0000] {processor.py:840} INFO - DAG(s) 'pool' retrieved from /opt/airflow/dags/pool.py
[2024-06-15T02:43:00.735+0000] {logging_mixin.py:188} INFO - [2024-06-15T02:43:00.734+0000] {dag.py:3047} INFO - Sync 1 DAGs
[2024-06-15T02:43:00.755+0000] {logging_mixin.py:188} INFO - [2024-06-15T02:43:00.754+0000] {dag.py:3834} INFO - Setting next_dagrun for pool to None, run_after=None
[2024-06-15T02:43:00.778+0000] {processor.py:183} INFO - Processing /opt/airflow/dags/pool.py took 0.085 seconds
[2024-06-15T02:43:31.167+0000] {processor.py:161} INFO - Started process (PID=654) to work on /opt/airflow/dags/pool.py
[2024-06-15T02:43:31.167+0000] {processor.py:830} INFO - Processing file /opt/airflow/dags/pool.py for tasks to queue
[2024-06-15T02:43:31.169+0000] {logging_mixin.py:188} INFO - [2024-06-15T02:43:31.168+0000] {dagbag.py:540} INFO - Filling up the DagBag from /opt/airflow/dags/pool.py
[2024-06-15T02:43:31.180+0000] {processor.py:840} INFO - DAG(s) 'pool' retrieved from /opt/airflow/dags/pool.py
[2024-06-15T02:43:31.206+0000] {logging_mixin.py:188} INFO - [2024-06-15T02:43:31.206+0000] {dag.py:3047} INFO - Sync 1 DAGs
[2024-06-15T02:43:31.224+0000] {logging_mixin.py:188} INFO - [2024-06-15T02:43:31.223+0000] {dag.py:3834} INFO - Setting next_dagrun for pool to None, run_after=None
[2024-06-15T02:43:31.239+0000] {processor.py:183} INFO - Processing /opt/airflow/dags/pool.py took 0.074 seconds
[2024-06-15T02:44:01.520+0000] {processor.py:161} INFO - Started process (PID=677) to work on /opt/airflow/dags/pool.py
[2024-06-15T02:44:01.520+0000] {processor.py:830} INFO - Processing file /opt/airflow/dags/pool.py for tasks to queue
[2024-06-15T02:44:01.521+0000] {logging_mixin.py:188} INFO - [2024-06-15T02:44:01.521+0000] {dagbag.py:540} INFO - Filling up the DagBag from /opt/airflow/dags/pool.py
[2024-06-15T02:44:01.536+0000] {processor.py:840} INFO - DAG(s) 'pool' retrieved from /opt/airflow/dags/pool.py
[2024-06-15T02:44:01.562+0000] {logging_mixin.py:188} INFO - [2024-06-15T02:44:01.562+0000] {dag.py:3047} INFO - Sync 1 DAGs
[2024-06-15T02:44:01.580+0000] {logging_mixin.py:188} INFO - [2024-06-15T02:44:01.580+0000] {dag.py:3834} INFO - Setting next_dagrun for pool to None, run_after=None
[2024-06-15T02:44:01.599+0000] {processor.py:183} INFO - Processing /opt/airflow/dags/pool.py took 0.081 seconds
[2024-06-15T02:44:32.243+0000] {processor.py:161} INFO - Started process (PID=700) to work on /opt/airflow/dags/pool.py
[2024-06-15T02:44:32.244+0000] {processor.py:830} INFO - Processing file /opt/airflow/dags/pool.py for tasks to queue
[2024-06-15T02:44:32.245+0000] {logging_mixin.py:188} INFO - [2024-06-15T02:44:32.245+0000] {dagbag.py:540} INFO - Filling up the DagBag from /opt/airflow/dags/pool.py
[2024-06-15T02:44:32.257+0000] {processor.py:840} INFO - DAG(s) 'pool' retrieved from /opt/airflow/dags/pool.py
[2024-06-15T02:44:32.279+0000] {logging_mixin.py:188} INFO - [2024-06-15T02:44:32.279+0000] {dag.py:3047} INFO - Sync 1 DAGs
[2024-06-15T02:44:32.295+0000] {logging_mixin.py:188} INFO - [2024-06-15T02:44:32.295+0000] {dag.py:3834} INFO - Setting next_dagrun for pool to None, run_after=None
[2024-06-15T02:44:32.308+0000] {processor.py:183} INFO - Processing /opt/airflow/dags/pool.py took 0.067 seconds
[2024-06-15T02:45:02.955+0000] {processor.py:161} INFO - Started process (PID=725) to work on /opt/airflow/dags/pool.py
[2024-06-15T02:45:02.956+0000] {processor.py:830} INFO - Processing file /opt/airflow/dags/pool.py for tasks to queue
[2024-06-15T02:45:02.957+0000] {logging_mixin.py:188} INFO - [2024-06-15T02:45:02.957+0000] {dagbag.py:540} INFO - Filling up the DagBag from /opt/airflow/dags/pool.py
[2024-06-15T02:45:02.971+0000] {processor.py:840} INFO - DAG(s) 'pool' retrieved from /opt/airflow/dags/pool.py
[2024-06-15T02:45:02.994+0000] {logging_mixin.py:188} INFO - [2024-06-15T02:45:02.994+0000] {dag.py:3047} INFO - Sync 1 DAGs
[2024-06-15T02:45:03.012+0000] {logging_mixin.py:188} INFO - [2024-06-15T02:45:03.011+0000] {dag.py:3834} INFO - Setting next_dagrun for pool to None, run_after=None
[2024-06-15T02:45:03.027+0000] {processor.py:183} INFO - Processing /opt/airflow/dags/pool.py took 0.074 seconds
[2024-06-15T02:45:33.496+0000] {processor.py:161} INFO - Started process (PID=748) to work on /opt/airflow/dags/pool.py
[2024-06-15T02:45:33.497+0000] {processor.py:830} INFO - Processing file /opt/airflow/dags/pool.py for tasks to queue
[2024-06-15T02:45:33.498+0000] {logging_mixin.py:188} INFO - [2024-06-15T02:45:33.498+0000] {dagbag.py:540} INFO - Filling up the DagBag from /opt/airflow/dags/pool.py
[2024-06-15T02:45:33.509+0000] {processor.py:840} INFO - DAG(s) 'pool' retrieved from /opt/airflow/dags/pool.py
[2024-06-15T02:45:33.532+0000] {logging_mixin.py:188} INFO - [2024-06-15T02:45:33.532+0000] {dag.py:3047} INFO - Sync 1 DAGs
[2024-06-15T02:45:33.550+0000] {logging_mixin.py:188} INFO - [2024-06-15T02:45:33.550+0000] {dag.py:3834} INFO - Setting next_dagrun for pool to None, run_after=None
[2024-06-15T02:45:33.570+0000] {processor.py:183} INFO - Processing /opt/airflow/dags/pool.py took 0.076 seconds
[2024-06-15T02:46:04.153+0000] {processor.py:161} INFO - Started process (PID=772) to work on /opt/airflow/dags/pool.py
[2024-06-15T02:46:04.154+0000] {processor.py:830} INFO - Processing file /opt/airflow/dags/pool.py for tasks to queue
[2024-06-15T02:46:04.155+0000] {logging_mixin.py:188} INFO - [2024-06-15T02:46:04.155+0000] {dagbag.py:540} INFO - Filling up the DagBag from /opt/airflow/dags/pool.py
[2024-06-15T02:46:04.165+0000] {processor.py:840} INFO - DAG(s) 'pool' retrieved from /opt/airflow/dags/pool.py
[2024-06-15T02:46:04.186+0000] {logging_mixin.py:188} INFO - [2024-06-15T02:46:04.186+0000] {dag.py:3047} INFO - Sync 1 DAGs
[2024-06-15T02:46:04.203+0000] {logging_mixin.py:188} INFO - [2024-06-15T02:46:04.202+0000] {dag.py:3834} INFO - Setting next_dagrun for pool to None, run_after=None
[2024-06-15T02:46:04.217+0000] {processor.py:183} INFO - Processing /opt/airflow/dags/pool.py took 0.066 seconds
[2024-06-15T02:46:34.505+0000] {processor.py:161} INFO - Started process (PID=795) to work on /opt/airflow/dags/pool.py
[2024-06-15T02:46:34.506+0000] {processor.py:830} INFO - Processing file /opt/airflow/dags/pool.py for tasks to queue
[2024-06-15T02:46:34.507+0000] {logging_mixin.py:188} INFO - [2024-06-15T02:46:34.507+0000] {dagbag.py:540} INFO - Filling up the DagBag from /opt/airflow/dags/pool.py
[2024-06-15T02:46:34.519+0000] {processor.py:840} INFO - DAG(s) 'pool' retrieved from /opt/airflow/dags/pool.py
[2024-06-15T02:46:34.540+0000] {logging_mixin.py:188} INFO - [2024-06-15T02:46:34.540+0000] {dag.py:3047} INFO - Sync 1 DAGs
[2024-06-15T02:46:34.555+0000] {logging_mixin.py:188} INFO - [2024-06-15T02:46:34.554+0000] {dag.py:3834} INFO - Setting next_dagrun for pool to None, run_after=None
[2024-06-15T02:46:34.572+0000] {processor.py:183} INFO - Processing /opt/airflow/dags/pool.py took 0.068 seconds
[2024-06-15T02:47:04.814+0000] {processor.py:161} INFO - Started process (PID=820) to work on /opt/airflow/dags/pool.py
[2024-06-15T02:47:04.815+0000] {processor.py:830} INFO - Processing file /opt/airflow/dags/pool.py for tasks to queue
[2024-06-15T02:47:04.816+0000] {logging_mixin.py:188} INFO - [2024-06-15T02:47:04.816+0000] {dagbag.py:540} INFO - Filling up the DagBag from /opt/airflow/dags/pool.py
[2024-06-15T02:47:04.828+0000] {processor.py:840} INFO - DAG(s) 'pool' retrieved from /opt/airflow/dags/pool.py
[2024-06-15T02:47:04.850+0000] {logging_mixin.py:188} INFO - [2024-06-15T02:47:04.850+0000] {dag.py:3047} INFO - Sync 1 DAGs
[2024-06-15T02:47:04.867+0000] {logging_mixin.py:188} INFO - [2024-06-15T02:47:04.867+0000] {dag.py:3834} INFO - Setting next_dagrun for pool to None, run_after=None
[2024-06-15T02:47:04.885+0000] {processor.py:183} INFO - Processing /opt/airflow/dags/pool.py took 0.073 seconds
[2024-06-15T02:47:35.135+0000] {processor.py:161} INFO - Started process (PID=844) to work on /opt/airflow/dags/pool.py
[2024-06-15T02:47:35.136+0000] {processor.py:830} INFO - Processing file /opt/airflow/dags/pool.py for tasks to queue
[2024-06-15T02:47:35.138+0000] {logging_mixin.py:188} INFO - [2024-06-15T02:47:35.138+0000] {dagbag.py:540} INFO - Filling up the DagBag from /opt/airflow/dags/pool.py
[2024-06-15T02:47:35.152+0000] {processor.py:840} INFO - DAG(s) 'pool' retrieved from /opt/airflow/dags/pool.py
[2024-06-15T02:47:35.180+0000] {logging_mixin.py:188} INFO - [2024-06-15T02:47:35.180+0000] {dag.py:3047} INFO - Sync 1 DAGs
[2024-06-15T02:47:35.199+0000] {logging_mixin.py:188} INFO - [2024-06-15T02:47:35.199+0000] {dag.py:3834} INFO - Setting next_dagrun for pool to None, run_after=None
[2024-06-15T02:47:35.215+0000] {processor.py:183} INFO - Processing /opt/airflow/dags/pool.py took 0.082 seconds
[2024-06-15T02:48:05.862+0000] {processor.py:161} INFO - Started process (PID=868) to work on /opt/airflow/dags/pool.py
[2024-06-15T02:48:05.862+0000] {processor.py:830} INFO - Processing file /opt/airflow/dags/pool.py for tasks to queue
[2024-06-15T02:48:05.863+0000] {logging_mixin.py:188} INFO - [2024-06-15T02:48:05.863+0000] {dagbag.py:540} INFO - Filling up the DagBag from /opt/airflow/dags/pool.py
[2024-06-15T02:48:05.874+0000] {processor.py:840} INFO - DAG(s) 'pool' retrieved from /opt/airflow/dags/pool.py
[2024-06-15T02:48:05.897+0000] {logging_mixin.py:188} INFO - [2024-06-15T02:48:05.897+0000] {dag.py:3047} INFO - Sync 1 DAGs
[2024-06-15T02:48:05.912+0000] {logging_mixin.py:188} INFO - [2024-06-15T02:48:05.912+0000] {dag.py:3834} INFO - Setting next_dagrun for pool to None, run_after=None
[2024-06-15T02:48:05.925+0000] {processor.py:183} INFO - Processing /opt/airflow/dags/pool.py took 0.065 seconds
[2024-06-15T02:48:36.370+0000] {processor.py:161} INFO - Started process (PID=891) to work on /opt/airflow/dags/pool.py
[2024-06-15T02:48:36.371+0000] {processor.py:830} INFO - Processing file /opt/airflow/dags/pool.py for tasks to queue
[2024-06-15T02:48:36.372+0000] {logging_mixin.py:188} INFO - [2024-06-15T02:48:36.372+0000] {dagbag.py:540} INFO - Filling up the DagBag from /opt/airflow/dags/pool.py
[2024-06-15T02:48:36.383+0000] {processor.py:840} INFO - DAG(s) 'pool' retrieved from /opt/airflow/dags/pool.py
[2024-06-15T02:48:36.406+0000] {logging_mixin.py:188} INFO - [2024-06-15T02:48:36.406+0000] {dag.py:3047} INFO - Sync 1 DAGs
[2024-06-15T02:48:36.421+0000] {logging_mixin.py:188} INFO - [2024-06-15T02:48:36.421+0000] {dag.py:3834} INFO - Setting next_dagrun for pool to None, run_after=None
[2024-06-15T02:48:36.437+0000] {processor.py:183} INFO - Processing /opt/airflow/dags/pool.py took 0.069 seconds
[2024-06-15T02:49:06.931+0000] {processor.py:161} INFO - Started process (PID=914) to work on /opt/airflow/dags/pool.py
[2024-06-15T02:49:06.931+0000] {processor.py:830} INFO - Processing file /opt/airflow/dags/pool.py for tasks to queue
[2024-06-15T02:49:06.932+0000] {logging_mixin.py:188} INFO - [2024-06-15T02:49:06.932+0000] {dagbag.py:540} INFO - Filling up the DagBag from /opt/airflow/dags/pool.py
[2024-06-15T02:49:06.944+0000] {processor.py:840} INFO - DAG(s) 'pool' retrieved from /opt/airflow/dags/pool.py
[2024-06-15T02:49:06.968+0000] {logging_mixin.py:188} INFO - [2024-06-15T02:49:06.968+0000] {dag.py:3047} INFO - Sync 1 DAGs
[2024-06-15T02:49:06.987+0000] {logging_mixin.py:188} INFO - [2024-06-15T02:49:06.987+0000] {dag.py:3834} INFO - Setting next_dagrun for pool to None, run_after=None
[2024-06-15T02:49:07.004+0000] {processor.py:183} INFO - Processing /opt/airflow/dags/pool.py took 0.075 seconds
[2024-06-15T02:49:37.314+0000] {processor.py:161} INFO - Started process (PID=961) to work on /opt/airflow/dags/pool.py
[2024-06-15T02:49:37.315+0000] {processor.py:830} INFO - Processing file /opt/airflow/dags/pool.py for tasks to queue
[2024-06-15T02:49:37.317+0000] {logging_mixin.py:188} INFO - [2024-06-15T02:49:37.316+0000] {dagbag.py:540} INFO - Filling up the DagBag from /opt/airflow/dags/pool.py
[2024-06-15T02:49:37.340+0000] {processor.py:840} INFO - DAG(s) 'pool' retrieved from /opt/airflow/dags/pool.py
[2024-06-15T02:49:37.380+0000] {logging_mixin.py:188} INFO - [2024-06-15T02:49:37.380+0000] {dag.py:3047} INFO - Sync 1 DAGs
[2024-06-15T02:49:37.402+0000] {logging_mixin.py:188} INFO - [2024-06-15T02:49:37.402+0000] {dag.py:3834} INFO - Setting next_dagrun for pool to None, run_after=None
[2024-06-15T02:49:37.428+0000] {processor.py:183} INFO - Processing /opt/airflow/dags/pool.py took 0.116 seconds
[2024-06-15T02:50:07.847+0000] {processor.py:161} INFO - Started process (PID=993) to work on /opt/airflow/dags/pool.py
[2024-06-15T02:50:07.848+0000] {processor.py:830} INFO - Processing file /opt/airflow/dags/pool.py for tasks to queue
[2024-06-15T02:50:07.849+0000] {logging_mixin.py:188} INFO - [2024-06-15T02:50:07.848+0000] {dagbag.py:540} INFO - Filling up the DagBag from /opt/airflow/dags/pool.py
[2024-06-15T02:50:07.859+0000] {processor.py:840} INFO - DAG(s) 'pool' retrieved from /opt/airflow/dags/pool.py
[2024-06-15T02:50:07.883+0000] {logging_mixin.py:188} INFO - [2024-06-15T02:50:07.883+0000] {dag.py:3047} INFO - Sync 1 DAGs
[2024-06-15T02:50:07.903+0000] {logging_mixin.py:188} INFO - [2024-06-15T02:50:07.903+0000] {dag.py:3834} INFO - Setting next_dagrun for pool to None, run_after=None
[2024-06-15T02:50:07.921+0000] {processor.py:183} INFO - Processing /opt/airflow/dags/pool.py took 0.076 seconds
[2024-06-15T02:50:38.350+0000] {processor.py:161} INFO - Started process (PID=1016) to work on /opt/airflow/dags/pool.py
[2024-06-15T02:50:38.351+0000] {processor.py:830} INFO - Processing file /opt/airflow/dags/pool.py for tasks to queue
[2024-06-15T02:50:38.352+0000] {logging_mixin.py:188} INFO - [2024-06-15T02:50:38.352+0000] {dagbag.py:540} INFO - Filling up the DagBag from /opt/airflow/dags/pool.py
[2024-06-15T02:50:38.364+0000] {processor.py:840} INFO - DAG(s) 'pool' retrieved from /opt/airflow/dags/pool.py
[2024-06-15T02:50:38.391+0000] {logging_mixin.py:188} INFO - [2024-06-15T02:50:38.391+0000] {dag.py:3047} INFO - Sync 1 DAGs
[2024-06-15T02:50:38.411+0000] {logging_mixin.py:188} INFO - [2024-06-15T02:50:38.411+0000] {dag.py:3834} INFO - Setting next_dagrun for pool to None, run_after=None
[2024-06-15T02:50:38.428+0000] {processor.py:183} INFO - Processing /opt/airflow/dags/pool.py took 0.080 seconds
[2024-06-15T02:51:08.905+0000] {processor.py:161} INFO - Started process (PID=1039) to work on /opt/airflow/dags/pool.py
[2024-06-15T02:51:08.906+0000] {processor.py:830} INFO - Processing file /opt/airflow/dags/pool.py for tasks to queue
[2024-06-15T02:51:08.907+0000] {logging_mixin.py:188} INFO - [2024-06-15T02:51:08.907+0000] {dagbag.py:540} INFO - Filling up the DagBag from /opt/airflow/dags/pool.py
[2024-06-15T02:51:08.918+0000] {processor.py:840} INFO - DAG(s) 'pool' retrieved from /opt/airflow/dags/pool.py
[2024-06-15T02:51:08.941+0000] {logging_mixin.py:188} INFO - [2024-06-15T02:51:08.941+0000] {dag.py:3047} INFO - Sync 1 DAGs
[2024-06-15T02:51:08.957+0000] {logging_mixin.py:188} INFO - [2024-06-15T02:51:08.957+0000] {dag.py:3834} INFO - Setting next_dagrun for pool to None, run_after=None
[2024-06-15T02:51:08.975+0000] {processor.py:183} INFO - Processing /opt/airflow/dags/pool.py took 0.072 seconds
[2024-06-15T02:51:39.396+0000] {processor.py:161} INFO - Started process (PID=1062) to work on /opt/airflow/dags/pool.py
[2024-06-15T02:51:39.397+0000] {processor.py:830} INFO - Processing file /opt/airflow/dags/pool.py for tasks to queue
[2024-06-15T02:51:39.398+0000] {logging_mixin.py:188} INFO - [2024-06-15T02:51:39.398+0000] {dagbag.py:540} INFO - Filling up the DagBag from /opt/airflow/dags/pool.py
[2024-06-15T02:51:39.408+0000] {processor.py:840} INFO - DAG(s) 'pool' retrieved from /opt/airflow/dags/pool.py
[2024-06-15T02:51:39.429+0000] {logging_mixin.py:188} INFO - [2024-06-15T02:51:39.429+0000] {dag.py:3047} INFO - Sync 1 DAGs
[2024-06-15T02:51:39.445+0000] {logging_mixin.py:188} INFO - [2024-06-15T02:51:39.445+0000] {dag.py:3834} INFO - Setting next_dagrun for pool to None, run_after=None
[2024-06-15T02:51:39.459+0000] {processor.py:183} INFO - Processing /opt/airflow/dags/pool.py took 0.064 seconds
