[2024-06-15T02:29:47.391+0000] {processor.py:161} INFO - Started process (PID=53) to work on /opt/airflow/dags/python_operator.py
[2024-06-15T02:29:47.392+0000] {processor.py:830} INFO - Processing file /opt/airflow/dags/python_operator.py for tasks to queue
[2024-06-15T02:29:47.393+0000] {logging_mixin.py:188} INFO - [2024-06-15T02:29:47.393+0000] {dagbag.py:540} INFO - Filling up the DagBag from /opt/airflow/dags/python_operator.py
[2024-06-15T02:29:47.404+0000] {processor.py:840} INFO - DAG(s) 'python_operator' retrieved from /opt/airflow/dags/python_operator.py
[2024-06-15T02:29:47.467+0000] {logging_mixin.py:188} INFO - [2024-06-15T02:29:47.467+0000] {dag.py:3047} INFO - Sync 1 DAGs
[2024-06-15T02:29:47.482+0000] {logging_mixin.py:188} INFO - [2024-06-15T02:29:47.482+0000] {dag.py:3834} INFO - Setting next_dagrun for python_operator to None, run_after=None
[2024-06-15T02:29:47.502+0000] {processor.py:183} INFO - Processing /opt/airflow/dags/python_operator.py took 0.112 seconds
[2024-06-15T02:30:18.089+0000] {processor.py:161} INFO - Started process (PID=75) to work on /opt/airflow/dags/python_operator.py
[2024-06-15T02:30:18.090+0000] {processor.py:830} INFO - Processing file /opt/airflow/dags/python_operator.py for tasks to queue
[2024-06-15T02:30:18.091+0000] {logging_mixin.py:188} INFO - [2024-06-15T02:30:18.091+0000] {dagbag.py:540} INFO - Filling up the DagBag from /opt/airflow/dags/python_operator.py
[2024-06-15T02:30:18.104+0000] {processor.py:840} INFO - DAG(s) 'python_operator' retrieved from /opt/airflow/dags/python_operator.py
[2024-06-15T02:30:18.122+0000] {logging_mixin.py:188} INFO - [2024-06-15T02:30:18.122+0000] {dag.py:3047} INFO - Sync 1 DAGs
[2024-06-15T02:30:18.138+0000] {logging_mixin.py:188} INFO - [2024-06-15T02:30:18.137+0000] {dag.py:3834} INFO - Setting next_dagrun for python_operator to None, run_after=None
[2024-06-15T02:30:18.155+0000] {processor.py:183} INFO - Processing /opt/airflow/dags/python_operator.py took 0.067 seconds
[2024-06-15T02:30:48.665+0000] {processor.py:161} INFO - Started process (PID=97) to work on /opt/airflow/dags/python_operator.py
[2024-06-15T02:30:48.665+0000] {processor.py:830} INFO - Processing file /opt/airflow/dags/python_operator.py for tasks to queue
[2024-06-15T02:30:48.666+0000] {logging_mixin.py:188} INFO - [2024-06-15T02:30:48.666+0000] {dagbag.py:540} INFO - Filling up the DagBag from /opt/airflow/dags/python_operator.py
[2024-06-15T02:30:48.677+0000] {processor.py:840} INFO - DAG(s) 'python_operator' retrieved from /opt/airflow/dags/python_operator.py
[2024-06-15T02:30:48.702+0000] {logging_mixin.py:188} INFO - [2024-06-15T02:30:48.702+0000] {dag.py:3047} INFO - Sync 1 DAGs
[2024-06-15T02:30:48.717+0000] {logging_mixin.py:188} INFO - [2024-06-15T02:30:48.717+0000] {dag.py:3834} INFO - Setting next_dagrun for python_operator to None, run_after=None
[2024-06-15T02:30:48.739+0000] {processor.py:183} INFO - Processing /opt/airflow/dags/python_operator.py took 0.076 seconds
[2024-06-15T02:31:19.133+0000] {processor.py:161} INFO - Started process (PID=119) to work on /opt/airflow/dags/python_operator.py
[2024-06-15T02:31:19.134+0000] {processor.py:830} INFO - Processing file /opt/airflow/dags/python_operator.py for tasks to queue
[2024-06-15T02:31:19.135+0000] {logging_mixin.py:188} INFO - [2024-06-15T02:31:19.135+0000] {dagbag.py:540} INFO - Filling up the DagBag from /opt/airflow/dags/python_operator.py
[2024-06-15T02:31:19.151+0000] {processor.py:840} INFO - DAG(s) 'python_operator' retrieved from /opt/airflow/dags/python_operator.py
[2024-06-15T02:31:19.173+0000] {logging_mixin.py:188} INFO - [2024-06-15T02:31:19.173+0000] {dag.py:3047} INFO - Sync 1 DAGs
[2024-06-15T02:31:19.188+0000] {logging_mixin.py:188} INFO - [2024-06-15T02:31:19.188+0000] {dag.py:3834} INFO - Setting next_dagrun for python_operator to None, run_after=None
[2024-06-15T02:31:19.210+0000] {processor.py:183} INFO - Processing /opt/airflow/dags/python_operator.py took 0.078 seconds
[2024-06-15T02:31:49.696+0000] {processor.py:161} INFO - Started process (PID=141) to work on /opt/airflow/dags/python_operator.py
[2024-06-15T02:31:49.697+0000] {processor.py:830} INFO - Processing file /opt/airflow/dags/python_operator.py for tasks to queue
[2024-06-15T02:31:49.699+0000] {logging_mixin.py:188} INFO - [2024-06-15T02:31:49.698+0000] {dagbag.py:540} INFO - Filling up the DagBag from /opt/airflow/dags/python_operator.py
[2024-06-15T02:31:49.710+0000] {processor.py:840} INFO - DAG(s) 'python_operator' retrieved from /opt/airflow/dags/python_operator.py
[2024-06-15T02:31:49.729+0000] {logging_mixin.py:188} INFO - [2024-06-15T02:31:49.729+0000] {dag.py:3047} INFO - Sync 1 DAGs
[2024-06-15T02:31:49.746+0000] {logging_mixin.py:188} INFO - [2024-06-15T02:31:49.746+0000] {dag.py:3834} INFO - Setting next_dagrun for python_operator to None, run_after=None
[2024-06-15T02:31:49.777+0000] {processor.py:183} INFO - Processing /opt/airflow/dags/python_operator.py took 0.083 seconds
[2024-06-15T02:32:20.160+0000] {processor.py:161} INFO - Started process (PID=163) to work on /opt/airflow/dags/python_operator.py
[2024-06-15T02:32:20.161+0000] {processor.py:830} INFO - Processing file /opt/airflow/dags/python_operator.py for tasks to queue
[2024-06-15T02:32:20.162+0000] {logging_mixin.py:188} INFO - [2024-06-15T02:32:20.162+0000] {dagbag.py:540} INFO - Filling up the DagBag from /opt/airflow/dags/python_operator.py
[2024-06-15T02:32:20.176+0000] {processor.py:840} INFO - DAG(s) 'python_operator' retrieved from /opt/airflow/dags/python_operator.py
[2024-06-15T02:32:20.195+0000] {logging_mixin.py:188} INFO - [2024-06-15T02:32:20.195+0000] {dag.py:3047} INFO - Sync 1 DAGs
[2024-06-15T02:32:20.211+0000] {logging_mixin.py:188} INFO - [2024-06-15T02:32:20.211+0000] {dag.py:3834} INFO - Setting next_dagrun for python_operator to None, run_after=None
[2024-06-15T02:32:20.222+0000] {processor.py:183} INFO - Processing /opt/airflow/dags/python_operator.py took 0.064 seconds
[2024-06-15T02:32:50.783+0000] {processor.py:161} INFO - Started process (PID=185) to work on /opt/airflow/dags/python_operator.py
[2024-06-15T02:32:50.784+0000] {processor.py:830} INFO - Processing file /opt/airflow/dags/python_operator.py for tasks to queue
[2024-06-15T02:32:50.785+0000] {logging_mixin.py:188} INFO - [2024-06-15T02:32:50.785+0000] {dagbag.py:540} INFO - Filling up the DagBag from /opt/airflow/dags/python_operator.py
[2024-06-15T02:32:50.800+0000] {processor.py:840} INFO - DAG(s) 'python_operator' retrieved from /opt/airflow/dags/python_operator.py
[2024-06-15T02:32:50.824+0000] {logging_mixin.py:188} INFO - [2024-06-15T02:32:50.824+0000] {dag.py:3047} INFO - Sync 1 DAGs
[2024-06-15T02:32:50.844+0000] {logging_mixin.py:188} INFO - [2024-06-15T02:32:50.844+0000] {dag.py:3834} INFO - Setting next_dagrun for python_operator to None, run_after=None
[2024-06-15T02:32:50.866+0000] {processor.py:183} INFO - Processing /opt/airflow/dags/python_operator.py took 0.086 seconds
[2024-06-15T02:33:21.522+0000] {processor.py:161} INFO - Started process (PID=207) to work on /opt/airflow/dags/python_operator.py
[2024-06-15T02:33:21.523+0000] {processor.py:830} INFO - Processing file /opt/airflow/dags/python_operator.py for tasks to queue
[2024-06-15T02:33:21.524+0000] {logging_mixin.py:188} INFO - [2024-06-15T02:33:21.523+0000] {dagbag.py:540} INFO - Filling up the DagBag from /opt/airflow/dags/python_operator.py
[2024-06-15T02:33:21.537+0000] {processor.py:840} INFO - DAG(s) 'python_operator' retrieved from /opt/airflow/dags/python_operator.py
[2024-06-15T02:33:21.562+0000] {logging_mixin.py:188} INFO - [2024-06-15T02:33:21.562+0000] {dag.py:3047} INFO - Sync 1 DAGs
[2024-06-15T02:33:21.581+0000] {logging_mixin.py:188} INFO - [2024-06-15T02:33:21.581+0000] {dag.py:3834} INFO - Setting next_dagrun for python_operator to None, run_after=None
[2024-06-15T02:33:21.600+0000] {processor.py:183} INFO - Processing /opt/airflow/dags/python_operator.py took 0.080 seconds
[2024-06-15T02:33:52.087+0000] {processor.py:161} INFO - Started process (PID=228) to work on /opt/airflow/dags/python_operator.py
[2024-06-15T02:33:52.088+0000] {processor.py:830} INFO - Processing file /opt/airflow/dags/python_operator.py for tasks to queue
[2024-06-15T02:33:52.089+0000] {logging_mixin.py:188} INFO - [2024-06-15T02:33:52.089+0000] {dagbag.py:540} INFO - Filling up the DagBag from /opt/airflow/dags/python_operator.py
[2024-06-15T02:33:52.101+0000] {processor.py:840} INFO - DAG(s) 'python_operator' retrieved from /opt/airflow/dags/python_operator.py
[2024-06-15T02:33:52.121+0000] {logging_mixin.py:188} INFO - [2024-06-15T02:33:52.121+0000] {dag.py:3047} INFO - Sync 1 DAGs
[2024-06-15T02:33:52.137+0000] {logging_mixin.py:188} INFO - [2024-06-15T02:33:52.136+0000] {dag.py:3834} INFO - Setting next_dagrun for python_operator to None, run_after=None
[2024-06-15T02:33:52.148+0000] {processor.py:183} INFO - Processing /opt/airflow/dags/python_operator.py took 0.063 seconds
[2024-06-15T02:34:22.588+0000] {processor.py:161} INFO - Started process (PID=250) to work on /opt/airflow/dags/python_operator.py
[2024-06-15T02:34:22.588+0000] {processor.py:830} INFO - Processing file /opt/airflow/dags/python_operator.py for tasks to queue
[2024-06-15T02:34:22.589+0000] {logging_mixin.py:188} INFO - [2024-06-15T02:34:22.589+0000] {dagbag.py:540} INFO - Filling up the DagBag from /opt/airflow/dags/python_operator.py
[2024-06-15T02:34:22.604+0000] {processor.py:840} INFO - DAG(s) 'python_operator' retrieved from /opt/airflow/dags/python_operator.py
[2024-06-15T02:34:22.625+0000] {logging_mixin.py:188} INFO - [2024-06-15T02:34:22.625+0000] {dag.py:3047} INFO - Sync 1 DAGs
[2024-06-15T02:34:22.642+0000] {logging_mixin.py:188} INFO - [2024-06-15T02:34:22.642+0000] {dag.py:3834} INFO - Setting next_dagrun for python_operator to None, run_after=None
[2024-06-15T02:34:22.657+0000] {processor.py:183} INFO - Processing /opt/airflow/dags/python_operator.py took 0.071 seconds
[2024-06-15T02:34:53.367+0000] {processor.py:161} INFO - Started process (PID=273) to work on /opt/airflow/dags/python_operator.py
[2024-06-15T02:34:53.367+0000] {processor.py:830} INFO - Processing file /opt/airflow/dags/python_operator.py for tasks to queue
[2024-06-15T02:34:53.369+0000] {logging_mixin.py:188} INFO - [2024-06-15T02:34:53.368+0000] {dagbag.py:540} INFO - Filling up the DagBag from /opt/airflow/dags/python_operator.py
[2024-06-15T02:34:53.384+0000] {processor.py:840} INFO - DAG(s) 'python_operator' retrieved from /opt/airflow/dags/python_operator.py
[2024-06-15T02:34:53.407+0000] {logging_mixin.py:188} INFO - [2024-06-15T02:34:53.407+0000] {dag.py:3047} INFO - Sync 1 DAGs
[2024-06-15T02:34:53.426+0000] {logging_mixin.py:188} INFO - [2024-06-15T02:34:53.426+0000] {dag.py:3834} INFO - Setting next_dagrun for python_operator to None, run_after=None
[2024-06-15T02:34:53.446+0000] {processor.py:183} INFO - Processing /opt/airflow/dags/python_operator.py took 0.082 seconds
[2024-06-15T02:35:24.051+0000] {processor.py:161} INFO - Started process (PID=296) to work on /opt/airflow/dags/python_operator.py
[2024-06-15T02:35:24.052+0000] {processor.py:830} INFO - Processing file /opt/airflow/dags/python_operator.py for tasks to queue
[2024-06-15T02:35:24.053+0000] {logging_mixin.py:188} INFO - [2024-06-15T02:35:24.053+0000] {dagbag.py:540} INFO - Filling up the DagBag from /opt/airflow/dags/python_operator.py
[2024-06-15T02:35:24.065+0000] {processor.py:840} INFO - DAG(s) 'python_operator' retrieved from /opt/airflow/dags/python_operator.py
[2024-06-15T02:35:24.087+0000] {logging_mixin.py:188} INFO - [2024-06-15T02:35:24.087+0000] {dag.py:3047} INFO - Sync 1 DAGs
[2024-06-15T02:35:24.105+0000] {logging_mixin.py:188} INFO - [2024-06-15T02:35:24.105+0000] {dag.py:3834} INFO - Setting next_dagrun for python_operator to None, run_after=None
[2024-06-15T02:35:24.126+0000] {processor.py:183} INFO - Processing /opt/airflow/dags/python_operator.py took 0.077 seconds
[2024-06-15T02:35:54.677+0000] {processor.py:161} INFO - Started process (PID=320) to work on /opt/airflow/dags/python_operator.py
[2024-06-15T02:35:54.678+0000] {processor.py:830} INFO - Processing file /opt/airflow/dags/python_operator.py for tasks to queue
[2024-06-15T02:35:54.680+0000] {logging_mixin.py:188} INFO - [2024-06-15T02:35:54.680+0000] {dagbag.py:540} INFO - Filling up the DagBag from /opt/airflow/dags/python_operator.py
[2024-06-15T02:35:54.700+0000] {processor.py:840} INFO - DAG(s) 'python_operator' retrieved from /opt/airflow/dags/python_operator.py
[2024-06-15T02:35:54.723+0000] {logging_mixin.py:188} INFO - [2024-06-15T02:35:54.723+0000] {dag.py:3047} INFO - Sync 1 DAGs
[2024-06-15T02:35:54.748+0000] {logging_mixin.py:188} INFO - [2024-06-15T02:35:54.748+0000] {dag.py:3834} INFO - Setting next_dagrun for python_operator to None, run_after=None
[2024-06-15T02:35:54.762+0000] {processor.py:183} INFO - Processing /opt/airflow/dags/python_operator.py took 0.087 seconds
[2024-06-15T02:36:25.025+0000] {processor.py:161} INFO - Started process (PID=343) to work on /opt/airflow/dags/python_operator.py
[2024-06-15T02:36:25.025+0000] {processor.py:830} INFO - Processing file /opt/airflow/dags/python_operator.py for tasks to queue
[2024-06-15T02:36:25.026+0000] {logging_mixin.py:188} INFO - [2024-06-15T02:36:25.026+0000] {dagbag.py:540} INFO - Filling up the DagBag from /opt/airflow/dags/python_operator.py
[2024-06-15T02:36:25.039+0000] {processor.py:840} INFO - DAG(s) 'python_operator' retrieved from /opt/airflow/dags/python_operator.py
[2024-06-15T02:36:25.066+0000] {logging_mixin.py:188} INFO - [2024-06-15T02:36:25.066+0000] {dag.py:3047} INFO - Sync 1 DAGs
[2024-06-15T02:36:25.085+0000] {logging_mixin.py:188} INFO - [2024-06-15T02:36:25.085+0000] {dag.py:3834} INFO - Setting next_dagrun for python_operator to None, run_after=None
[2024-06-15T02:36:25.105+0000] {processor.py:183} INFO - Processing /opt/airflow/dags/python_operator.py took 0.082 seconds
[2024-06-15T02:36:55.573+0000] {processor.py:161} INFO - Started process (PID=366) to work on /opt/airflow/dags/python_operator.py
[2024-06-15T02:36:55.573+0000] {processor.py:830} INFO - Processing file /opt/airflow/dags/python_operator.py for tasks to queue
[2024-06-15T02:36:55.575+0000] {logging_mixin.py:188} INFO - [2024-06-15T02:36:55.574+0000] {dagbag.py:540} INFO - Filling up the DagBag from /opt/airflow/dags/python_operator.py
[2024-06-15T02:36:55.586+0000] {processor.py:840} INFO - DAG(s) 'python_operator' retrieved from /opt/airflow/dags/python_operator.py
[2024-06-15T02:36:55.613+0000] {logging_mixin.py:188} INFO - [2024-06-15T02:36:55.613+0000] {dag.py:3047} INFO - Sync 1 DAGs
[2024-06-15T02:36:55.631+0000] {logging_mixin.py:188} INFO - [2024-06-15T02:36:55.631+0000] {dag.py:3834} INFO - Setting next_dagrun for python_operator to None, run_after=None
[2024-06-15T02:36:55.659+0000] {processor.py:183} INFO - Processing /opt/airflow/dags/python_operator.py took 0.088 seconds
[2024-06-15T02:37:26.272+0000] {processor.py:161} INFO - Started process (PID=390) to work on /opt/airflow/dags/python_operator.py
[2024-06-15T02:37:26.273+0000] {processor.py:830} INFO - Processing file /opt/airflow/dags/python_operator.py for tasks to queue
[2024-06-15T02:37:26.274+0000] {logging_mixin.py:188} INFO - [2024-06-15T02:37:26.274+0000] {dagbag.py:540} INFO - Filling up the DagBag from /opt/airflow/dags/python_operator.py
[2024-06-15T02:37:26.284+0000] {processor.py:840} INFO - DAG(s) 'python_operator' retrieved from /opt/airflow/dags/python_operator.py
[2024-06-15T02:37:26.302+0000] {logging_mixin.py:188} INFO - [2024-06-15T02:37:26.302+0000] {dag.py:3047} INFO - Sync 1 DAGs
[2024-06-15T02:37:26.319+0000] {logging_mixin.py:188} INFO - [2024-06-15T02:37:26.319+0000] {dag.py:3834} INFO - Setting next_dagrun for python_operator to None, run_after=None
[2024-06-15T02:37:26.338+0000] {processor.py:183} INFO - Processing /opt/airflow/dags/python_operator.py took 0.068 seconds
[2024-06-15T02:37:56.835+0000] {processor.py:161} INFO - Started process (PID=413) to work on /opt/airflow/dags/python_operator.py
[2024-06-15T02:37:56.836+0000] {processor.py:830} INFO - Processing file /opt/airflow/dags/python_operator.py for tasks to queue
[2024-06-15T02:37:56.837+0000] {logging_mixin.py:188} INFO - [2024-06-15T02:37:56.837+0000] {dagbag.py:540} INFO - Filling up the DagBag from /opt/airflow/dags/python_operator.py
[2024-06-15T02:37:56.850+0000] {processor.py:840} INFO - DAG(s) 'python_operator' retrieved from /opt/airflow/dags/python_operator.py
[2024-06-15T02:37:56.870+0000] {logging_mixin.py:188} INFO - [2024-06-15T02:37:56.870+0000] {dag.py:3047} INFO - Sync 1 DAGs
[2024-06-15T02:37:56.886+0000] {logging_mixin.py:188} INFO - [2024-06-15T02:37:56.886+0000] {dag.py:3834} INFO - Setting next_dagrun for python_operator to None, run_after=None
[2024-06-15T02:37:56.917+0000] {processor.py:183} INFO - Processing /opt/airflow/dags/python_operator.py took 0.084 seconds
[2024-06-15T02:38:27.723+0000] {processor.py:161} INFO - Started process (PID=437) to work on /opt/airflow/dags/python_operator.py
[2024-06-15T02:38:27.724+0000] {processor.py:830} INFO - Processing file /opt/airflow/dags/python_operator.py for tasks to queue
[2024-06-15T02:38:27.725+0000] {logging_mixin.py:188} INFO - [2024-06-15T02:38:27.725+0000] {dagbag.py:540} INFO - Filling up the DagBag from /opt/airflow/dags/python_operator.py
[2024-06-15T02:38:27.743+0000] {processor.py:840} INFO - DAG(s) 'python_operator' retrieved from /opt/airflow/dags/python_operator.py
[2024-06-15T02:38:27.764+0000] {logging_mixin.py:188} INFO - [2024-06-15T02:38:27.763+0000] {dag.py:3047} INFO - Sync 1 DAGs
[2024-06-15T02:38:27.792+0000] {logging_mixin.py:188} INFO - [2024-06-15T02:38:27.792+0000] {dag.py:3834} INFO - Setting next_dagrun for python_operator to None, run_after=None
[2024-06-15T02:38:27.813+0000] {processor.py:183} INFO - Processing /opt/airflow/dags/python_operator.py took 0.092 seconds
[2024-06-15T02:38:58.291+0000] {processor.py:161} INFO - Started process (PID=460) to work on /opt/airflow/dags/python_operator.py
[2024-06-15T02:38:58.292+0000] {processor.py:830} INFO - Processing file /opt/airflow/dags/python_operator.py for tasks to queue
[2024-06-15T02:38:58.293+0000] {logging_mixin.py:188} INFO - [2024-06-15T02:38:58.293+0000] {dagbag.py:540} INFO - Filling up the DagBag from /opt/airflow/dags/python_operator.py
[2024-06-15T02:38:58.305+0000] {processor.py:840} INFO - DAG(s) 'python_operator' retrieved from /opt/airflow/dags/python_operator.py
[2024-06-15T02:38:58.327+0000] {logging_mixin.py:188} INFO - [2024-06-15T02:38:58.327+0000] {dag.py:3047} INFO - Sync 1 DAGs
[2024-06-15T02:38:58.348+0000] {logging_mixin.py:188} INFO - [2024-06-15T02:38:58.348+0000] {dag.py:3834} INFO - Setting next_dagrun for python_operator to None, run_after=None
[2024-06-15T02:38:58.363+0000] {processor.py:183} INFO - Processing /opt/airflow/dags/python_operator.py took 0.073 seconds
[2024-06-15T02:39:28.815+0000] {processor.py:161} INFO - Started process (PID=483) to work on /opt/airflow/dags/python_operator.py
[2024-06-15T02:39:28.816+0000] {processor.py:830} INFO - Processing file /opt/airflow/dags/python_operator.py for tasks to queue
[2024-06-15T02:39:28.817+0000] {logging_mixin.py:188} INFO - [2024-06-15T02:39:28.817+0000] {dagbag.py:540} INFO - Filling up the DagBag from /opt/airflow/dags/python_operator.py
[2024-06-15T02:39:28.828+0000] {processor.py:840} INFO - DAG(s) 'python_operator' retrieved from /opt/airflow/dags/python_operator.py
[2024-06-15T02:39:28.848+0000] {logging_mixin.py:188} INFO - [2024-06-15T02:39:28.848+0000] {dag.py:3047} INFO - Sync 1 DAGs
[2024-06-15T02:39:28.865+0000] {logging_mixin.py:188} INFO - [2024-06-15T02:39:28.865+0000] {dag.py:3834} INFO - Setting next_dagrun for python_operator to None, run_after=None
[2024-06-15T02:39:28.902+0000] {processor.py:183} INFO - Processing /opt/airflow/dags/python_operator.py took 0.088 seconds
[2024-06-15T02:39:59.221+0000] {processor.py:161} INFO - Started process (PID=506) to work on /opt/airflow/dags/python_operator.py
[2024-06-15T02:39:59.222+0000] {processor.py:830} INFO - Processing file /opt/airflow/dags/python_operator.py for tasks to queue
[2024-06-15T02:39:59.223+0000] {logging_mixin.py:188} INFO - [2024-06-15T02:39:59.222+0000] {dagbag.py:540} INFO - Filling up the DagBag from /opt/airflow/dags/python_operator.py
[2024-06-15T02:39:59.236+0000] {processor.py:840} INFO - DAG(s) 'python_operator' retrieved from /opt/airflow/dags/python_operator.py
[2024-06-15T02:39:59.258+0000] {logging_mixin.py:188} INFO - [2024-06-15T02:39:59.258+0000] {dag.py:3047} INFO - Sync 1 DAGs
[2024-06-15T02:39:59.276+0000] {logging_mixin.py:188} INFO - [2024-06-15T02:39:59.275+0000] {dag.py:3834} INFO - Setting next_dagrun for python_operator to None, run_after=None
[2024-06-15T02:39:59.291+0000] {processor.py:183} INFO - Processing /opt/airflow/dags/python_operator.py took 0.072 seconds
[2024-06-15T02:40:29.539+0000] {processor.py:161} INFO - Started process (PID=529) to work on /opt/airflow/dags/python_operator.py
[2024-06-15T02:40:29.540+0000] {processor.py:830} INFO - Processing file /opt/airflow/dags/python_operator.py for tasks to queue
[2024-06-15T02:40:29.541+0000] {logging_mixin.py:188} INFO - [2024-06-15T02:40:29.541+0000] {dagbag.py:540} INFO - Filling up the DagBag from /opt/airflow/dags/python_operator.py
[2024-06-15T02:40:29.551+0000] {processor.py:840} INFO - DAG(s) 'python_operator' retrieved from /opt/airflow/dags/python_operator.py
[2024-06-15T02:40:29.572+0000] {logging_mixin.py:188} INFO - [2024-06-15T02:40:29.571+0000] {dag.py:3047} INFO - Sync 1 DAGs
[2024-06-15T02:40:29.586+0000] {logging_mixin.py:188} INFO - [2024-06-15T02:40:29.586+0000] {dag.py:3834} INFO - Setting next_dagrun for python_operator to None, run_after=None
[2024-06-15T02:40:29.608+0000] {processor.py:183} INFO - Processing /opt/airflow/dags/python_operator.py took 0.070 seconds
[2024-06-15T02:41:00.134+0000] {processor.py:161} INFO - Started process (PID=552) to work on /opt/airflow/dags/python_operator.py
[2024-06-15T02:41:00.135+0000] {processor.py:830} INFO - Processing file /opt/airflow/dags/python_operator.py for tasks to queue
[2024-06-15T02:41:00.136+0000] {logging_mixin.py:188} INFO - [2024-06-15T02:41:00.136+0000] {dagbag.py:540} INFO - Filling up the DagBag from /opt/airflow/dags/python_operator.py
[2024-06-15T02:41:00.153+0000] {processor.py:840} INFO - DAG(s) 'python_operator' retrieved from /opt/airflow/dags/python_operator.py
[2024-06-15T02:41:00.172+0000] {logging_mixin.py:188} INFO - [2024-06-15T02:41:00.171+0000] {dag.py:3047} INFO - Sync 1 DAGs
[2024-06-15T02:41:00.188+0000] {logging_mixin.py:188} INFO - [2024-06-15T02:41:00.187+0000] {dag.py:3834} INFO - Setting next_dagrun for python_operator to None, run_after=None
[2024-06-15T02:41:00.200+0000] {processor.py:183} INFO - Processing /opt/airflow/dags/python_operator.py took 0.068 seconds
[2024-06-15T02:41:30.588+0000] {processor.py:161} INFO - Started process (PID=575) to work on /opt/airflow/dags/python_operator.py
[2024-06-15T02:41:30.589+0000] {processor.py:830} INFO - Processing file /opt/airflow/dags/python_operator.py for tasks to queue
[2024-06-15T02:41:30.590+0000] {logging_mixin.py:188} INFO - [2024-06-15T02:41:30.590+0000] {dagbag.py:540} INFO - Filling up the DagBag from /opt/airflow/dags/python_operator.py
[2024-06-15T02:41:30.604+0000] {processor.py:840} INFO - DAG(s) 'python_operator' retrieved from /opt/airflow/dags/python_operator.py
[2024-06-15T02:41:30.626+0000] {logging_mixin.py:188} INFO - [2024-06-15T02:41:30.625+0000] {dag.py:3047} INFO - Sync 1 DAGs
[2024-06-15T02:41:30.643+0000] {logging_mixin.py:188} INFO - [2024-06-15T02:41:30.643+0000] {dag.py:3834} INFO - Setting next_dagrun for python_operator to None, run_after=None
[2024-06-15T02:41:30.658+0000] {processor.py:183} INFO - Processing /opt/airflow/dags/python_operator.py took 0.071 seconds
[2024-06-15T02:42:01.210+0000] {processor.py:161} INFO - Started process (PID=598) to work on /opt/airflow/dags/python_operator.py
[2024-06-15T02:42:01.211+0000] {processor.py:830} INFO - Processing file /opt/airflow/dags/python_operator.py for tasks to queue
[2024-06-15T02:42:01.212+0000] {logging_mixin.py:188} INFO - [2024-06-15T02:42:01.212+0000] {dagbag.py:540} INFO - Filling up the DagBag from /opt/airflow/dags/python_operator.py
[2024-06-15T02:42:01.227+0000] {processor.py:840} INFO - DAG(s) 'python_operator' retrieved from /opt/airflow/dags/python_operator.py
[2024-06-15T02:42:01.253+0000] {logging_mixin.py:188} INFO - [2024-06-15T02:42:01.252+0000] {dag.py:3047} INFO - Sync 1 DAGs
[2024-06-15T02:42:01.270+0000] {logging_mixin.py:188} INFO - [2024-06-15T02:42:01.270+0000] {dag.py:3834} INFO - Setting next_dagrun for python_operator to None, run_after=None
[2024-06-15T02:42:01.285+0000] {processor.py:183} INFO - Processing /opt/airflow/dags/python_operator.py took 0.077 seconds
[2024-06-15T02:42:31.766+0000] {processor.py:161} INFO - Started process (PID=621) to work on /opt/airflow/dags/python_operator.py
[2024-06-15T02:42:31.767+0000] {processor.py:830} INFO - Processing file /opt/airflow/dags/python_operator.py for tasks to queue
[2024-06-15T02:42:31.768+0000] {logging_mixin.py:188} INFO - [2024-06-15T02:42:31.768+0000] {dagbag.py:540} INFO - Filling up the DagBag from /opt/airflow/dags/python_operator.py
[2024-06-15T02:42:31.780+0000] {processor.py:840} INFO - DAG(s) 'python_operator' retrieved from /opt/airflow/dags/python_operator.py
[2024-06-15T02:42:31.806+0000] {logging_mixin.py:188} INFO - [2024-06-15T02:42:31.805+0000] {dag.py:3047} INFO - Sync 1 DAGs
[2024-06-15T02:42:31.826+0000] {logging_mixin.py:188} INFO - [2024-06-15T02:42:31.826+0000] {dag.py:3834} INFO - Setting next_dagrun for python_operator to None, run_after=None
[2024-06-15T02:42:31.839+0000] {processor.py:183} INFO - Processing /opt/airflow/dags/python_operator.py took 0.075 seconds
[2024-06-15T02:43:02.335+0000] {processor.py:161} INFO - Started process (PID=645) to work on /opt/airflow/dags/python_operator.py
[2024-06-15T02:43:02.335+0000] {processor.py:830} INFO - Processing file /opt/airflow/dags/python_operator.py for tasks to queue
[2024-06-15T02:43:02.337+0000] {logging_mixin.py:188} INFO - [2024-06-15T02:43:02.337+0000] {dagbag.py:540} INFO - Filling up the DagBag from /opt/airflow/dags/python_operator.py
[2024-06-15T02:43:02.351+0000] {processor.py:840} INFO - DAG(s) 'python_operator' retrieved from /opt/airflow/dags/python_operator.py
[2024-06-15T02:43:02.372+0000] {logging_mixin.py:188} INFO - [2024-06-15T02:43:02.372+0000] {dag.py:3047} INFO - Sync 1 DAGs
[2024-06-15T02:43:02.389+0000] {logging_mixin.py:188} INFO - [2024-06-15T02:43:02.389+0000] {dag.py:3834} INFO - Setting next_dagrun for python_operator to None, run_after=None
[2024-06-15T02:43:02.401+0000] {processor.py:183} INFO - Processing /opt/airflow/dags/python_operator.py took 0.069 seconds
[2024-06-15T02:43:32.856+0000] {processor.py:161} INFO - Started process (PID=668) to work on /opt/airflow/dags/python_operator.py
[2024-06-15T02:43:32.857+0000] {processor.py:830} INFO - Processing file /opt/airflow/dags/python_operator.py for tasks to queue
[2024-06-15T02:43:32.858+0000] {logging_mixin.py:188} INFO - [2024-06-15T02:43:32.858+0000] {dagbag.py:540} INFO - Filling up the DagBag from /opt/airflow/dags/python_operator.py
[2024-06-15T02:43:32.872+0000] {processor.py:840} INFO - DAG(s) 'python_operator' retrieved from /opt/airflow/dags/python_operator.py
[2024-06-15T02:43:32.895+0000] {logging_mixin.py:188} INFO - [2024-06-15T02:43:32.894+0000] {dag.py:3047} INFO - Sync 1 DAGs
[2024-06-15T02:43:32.912+0000] {logging_mixin.py:188} INFO - [2024-06-15T02:43:32.912+0000] {dag.py:3834} INFO - Setting next_dagrun for python_operator to None, run_after=None
[2024-06-15T02:43:32.925+0000] {processor.py:183} INFO - Processing /opt/airflow/dags/python_operator.py took 0.071 seconds
[2024-06-15T02:44:03.300+0000] {processor.py:161} INFO - Started process (PID=691) to work on /opt/airflow/dags/python_operator.py
[2024-06-15T02:44:03.300+0000] {processor.py:830} INFO - Processing file /opt/airflow/dags/python_operator.py for tasks to queue
[2024-06-15T02:44:03.302+0000] {logging_mixin.py:188} INFO - [2024-06-15T02:44:03.302+0000] {dagbag.py:540} INFO - Filling up the DagBag from /opt/airflow/dags/python_operator.py
[2024-06-15T02:44:03.315+0000] {processor.py:840} INFO - DAG(s) 'python_operator' retrieved from /opt/airflow/dags/python_operator.py
[2024-06-15T02:44:03.335+0000] {logging_mixin.py:188} INFO - [2024-06-15T02:44:03.334+0000] {dag.py:3047} INFO - Sync 1 DAGs
[2024-06-15T02:44:03.349+0000] {logging_mixin.py:188} INFO - [2024-06-15T02:44:03.349+0000] {dag.py:3834} INFO - Setting next_dagrun for python_operator to None, run_after=None
[2024-06-15T02:44:03.365+0000] {processor.py:183} INFO - Processing /opt/airflow/dags/python_operator.py took 0.067 seconds
[2024-06-15T02:44:33.927+0000] {processor.py:161} INFO - Started process (PID=714) to work on /opt/airflow/dags/python_operator.py
[2024-06-15T02:44:33.927+0000] {processor.py:830} INFO - Processing file /opt/airflow/dags/python_operator.py for tasks to queue
[2024-06-15T02:44:33.928+0000] {logging_mixin.py:188} INFO - [2024-06-15T02:44:33.928+0000] {dagbag.py:540} INFO - Filling up the DagBag from /opt/airflow/dags/python_operator.py
[2024-06-15T02:44:33.940+0000] {processor.py:840} INFO - DAG(s) 'python_operator' retrieved from /opt/airflow/dags/python_operator.py
[2024-06-15T02:44:33.963+0000] {logging_mixin.py:188} INFO - [2024-06-15T02:44:33.963+0000] {dag.py:3047} INFO - Sync 1 DAGs
[2024-06-15T02:44:33.980+0000] {logging_mixin.py:188} INFO - [2024-06-15T02:44:33.980+0000] {dag.py:3834} INFO - Setting next_dagrun for python_operator to None, run_after=None
[2024-06-15T02:44:33.991+0000] {processor.py:183} INFO - Processing /opt/airflow/dags/python_operator.py took 0.066 seconds
[2024-06-15T02:45:04.679+0000] {processor.py:161} INFO - Started process (PID=738) to work on /opt/airflow/dags/python_operator.py
[2024-06-15T02:45:04.680+0000] {processor.py:830} INFO - Processing file /opt/airflow/dags/python_operator.py for tasks to queue
[2024-06-15T02:45:04.681+0000] {logging_mixin.py:188} INFO - [2024-06-15T02:45:04.681+0000] {dagbag.py:540} INFO - Filling up the DagBag from /opt/airflow/dags/python_operator.py
[2024-06-15T02:45:04.693+0000] {processor.py:840} INFO - DAG(s) 'python_operator' retrieved from /opt/airflow/dags/python_operator.py
[2024-06-15T02:45:04.718+0000] {logging_mixin.py:188} INFO - [2024-06-15T02:45:04.718+0000] {dag.py:3047} INFO - Sync 1 DAGs
[2024-06-15T02:45:04.733+0000] {logging_mixin.py:188} INFO - [2024-06-15T02:45:04.733+0000] {dag.py:3834} INFO - Setting next_dagrun for python_operator to None, run_after=None
[2024-06-15T02:45:04.751+0000] {processor.py:183} INFO - Processing /opt/airflow/dags/python_operator.py took 0.074 seconds
[2024-06-15T02:45:35.191+0000] {processor.py:161} INFO - Started process (PID=761) to work on /opt/airflow/dags/python_operator.py
[2024-06-15T02:45:35.192+0000] {processor.py:830} INFO - Processing file /opt/airflow/dags/python_operator.py for tasks to queue
[2024-06-15T02:45:35.193+0000] {logging_mixin.py:188} INFO - [2024-06-15T02:45:35.193+0000] {dagbag.py:540} INFO - Filling up the DagBag from /opt/airflow/dags/python_operator.py
[2024-06-15T02:45:35.214+0000] {processor.py:840} INFO - DAG(s) 'python_operator' retrieved from /opt/airflow/dags/python_operator.py
[2024-06-15T02:45:35.236+0000] {logging_mixin.py:188} INFO - [2024-06-15T02:45:35.236+0000] {dag.py:3047} INFO - Sync 1 DAGs
[2024-06-15T02:45:35.253+0000] {logging_mixin.py:188} INFO - [2024-06-15T02:45:35.253+0000] {dag.py:3834} INFO - Setting next_dagrun for python_operator to None, run_after=None
[2024-06-15T02:45:35.269+0000] {processor.py:183} INFO - Processing /opt/airflow/dags/python_operator.py took 0.080 seconds
[2024-06-15T02:46:05.773+0000] {processor.py:161} INFO - Started process (PID=785) to work on /opt/airflow/dags/python_operator.py
[2024-06-15T02:46:05.774+0000] {processor.py:830} INFO - Processing file /opt/airflow/dags/python_operator.py for tasks to queue
[2024-06-15T02:46:05.775+0000] {logging_mixin.py:188} INFO - [2024-06-15T02:46:05.775+0000] {dagbag.py:540} INFO - Filling up the DagBag from /opt/airflow/dags/python_operator.py
[2024-06-15T02:46:05.787+0000] {processor.py:840} INFO - DAG(s) 'python_operator' retrieved from /opt/airflow/dags/python_operator.py
[2024-06-15T02:46:05.808+0000] {logging_mixin.py:188} INFO - [2024-06-15T02:46:05.808+0000] {dag.py:3047} INFO - Sync 1 DAGs
[2024-06-15T02:46:05.823+0000] {logging_mixin.py:188} INFO - [2024-06-15T02:46:05.823+0000] {dag.py:3834} INFO - Setting next_dagrun for python_operator to None, run_after=None
[2024-06-15T02:46:05.839+0000] {processor.py:183} INFO - Processing /opt/airflow/dags/python_operator.py took 0.067 seconds
[2024-06-15T02:46:36.159+0000] {processor.py:161} INFO - Started process (PID=808) to work on /opt/airflow/dags/python_operator.py
[2024-06-15T02:46:36.160+0000] {processor.py:830} INFO - Processing file /opt/airflow/dags/python_operator.py for tasks to queue
[2024-06-15T02:46:36.161+0000] {logging_mixin.py:188} INFO - [2024-06-15T02:46:36.161+0000] {dagbag.py:540} INFO - Filling up the DagBag from /opt/airflow/dags/python_operator.py
[2024-06-15T02:46:36.176+0000] {processor.py:840} INFO - DAG(s) 'python_operator' retrieved from /opt/airflow/dags/python_operator.py
[2024-06-15T02:46:36.201+0000] {logging_mixin.py:188} INFO - [2024-06-15T02:46:36.201+0000] {dag.py:3047} INFO - Sync 1 DAGs
[2024-06-15T02:46:36.217+0000] {logging_mixin.py:188} INFO - [2024-06-15T02:46:36.217+0000] {dag.py:3834} INFO - Setting next_dagrun for python_operator to None, run_after=None
[2024-06-15T02:46:36.232+0000] {processor.py:183} INFO - Processing /opt/airflow/dags/python_operator.py took 0.074 seconds
[2024-06-15T02:47:06.520+0000] {processor.py:161} INFO - Started process (PID=833) to work on /opt/airflow/dags/python_operator.py
[2024-06-15T02:47:06.520+0000] {processor.py:830} INFO - Processing file /opt/airflow/dags/python_operator.py for tasks to queue
[2024-06-15T02:47:06.521+0000] {logging_mixin.py:188} INFO - [2024-06-15T02:47:06.521+0000] {dagbag.py:540} INFO - Filling up the DagBag from /opt/airflow/dags/python_operator.py
[2024-06-15T02:47:06.536+0000] {processor.py:840} INFO - DAG(s) 'python_operator' retrieved from /opt/airflow/dags/python_operator.py
[2024-06-15T02:47:06.560+0000] {logging_mixin.py:188} INFO - [2024-06-15T02:47:06.560+0000] {dag.py:3047} INFO - Sync 1 DAGs
[2024-06-15T02:47:06.576+0000] {logging_mixin.py:188} INFO - [2024-06-15T02:47:06.576+0000] {dag.py:3834} INFO - Setting next_dagrun for python_operator to None, run_after=None
[2024-06-15T02:47:06.590+0000] {processor.py:183} INFO - Processing /opt/airflow/dags/python_operator.py took 0.072 seconds
[2024-06-15T02:47:37.040+0000] {processor.py:161} INFO - Started process (PID=857) to work on /opt/airflow/dags/python_operator.py
[2024-06-15T02:47:37.041+0000] {processor.py:830} INFO - Processing file /opt/airflow/dags/python_operator.py for tasks to queue
[2024-06-15T02:47:37.042+0000] {logging_mixin.py:188} INFO - [2024-06-15T02:47:37.042+0000] {dagbag.py:540} INFO - Filling up the DagBag from /opt/airflow/dags/python_operator.py
[2024-06-15T02:47:37.056+0000] {processor.py:840} INFO - DAG(s) 'python_operator' retrieved from /opt/airflow/dags/python_operator.py
[2024-06-15T02:47:37.084+0000] {logging_mixin.py:188} INFO - [2024-06-15T02:47:37.084+0000] {dag.py:3047} INFO - Sync 1 DAGs
[2024-06-15T02:47:37.103+0000] {logging_mixin.py:188} INFO - [2024-06-15T02:47:37.103+0000] {dag.py:3834} INFO - Setting next_dagrun for python_operator to None, run_after=None
[2024-06-15T02:47:37.118+0000] {processor.py:183} INFO - Processing /opt/airflow/dags/python_operator.py took 0.080 seconds
[2024-06-15T02:48:07.553+0000] {processor.py:161} INFO - Started process (PID=881) to work on /opt/airflow/dags/python_operator.py
[2024-06-15T02:48:07.554+0000] {processor.py:830} INFO - Processing file /opt/airflow/dags/python_operator.py for tasks to queue
[2024-06-15T02:48:07.555+0000] {logging_mixin.py:188} INFO - [2024-06-15T02:48:07.555+0000] {dagbag.py:540} INFO - Filling up the DagBag from /opt/airflow/dags/python_operator.py
[2024-06-15T02:48:07.576+0000] {processor.py:840} INFO - DAG(s) 'python_operator' retrieved from /opt/airflow/dags/python_operator.py
[2024-06-15T02:48:07.612+0000] {logging_mixin.py:188} INFO - [2024-06-15T02:48:07.612+0000] {dag.py:3047} INFO - Sync 1 DAGs
[2024-06-15T02:48:07.638+0000] {logging_mixin.py:188} INFO - [2024-06-15T02:48:07.638+0000] {dag.py:3834} INFO - Setting next_dagrun for python_operator to None, run_after=None
[2024-06-15T02:48:07.664+0000] {processor.py:183} INFO - Processing /opt/airflow/dags/python_operator.py took 0.114 seconds
[2024-06-15T02:48:38.059+0000] {processor.py:161} INFO - Started process (PID=904) to work on /opt/airflow/dags/python_operator.py
[2024-06-15T02:48:38.060+0000] {processor.py:830} INFO - Processing file /opt/airflow/dags/python_operator.py for tasks to queue
[2024-06-15T02:48:38.062+0000] {logging_mixin.py:188} INFO - [2024-06-15T02:48:38.062+0000] {dagbag.py:540} INFO - Filling up the DagBag from /opt/airflow/dags/python_operator.py
[2024-06-15T02:48:38.077+0000] {processor.py:840} INFO - DAG(s) 'python_operator' retrieved from /opt/airflow/dags/python_operator.py
[2024-06-15T02:48:38.101+0000] {logging_mixin.py:188} INFO - [2024-06-15T02:48:38.101+0000] {dag.py:3047} INFO - Sync 1 DAGs
[2024-06-15T02:48:38.121+0000] {logging_mixin.py:188} INFO - [2024-06-15T02:48:38.121+0000] {dag.py:3834} INFO - Setting next_dagrun for python_operator to None, run_after=None
[2024-06-15T02:48:38.142+0000] {processor.py:183} INFO - Processing /opt/airflow/dags/python_operator.py took 0.085 seconds
[2024-06-15T02:49:08.526+0000] {processor.py:161} INFO - Started process (PID=927) to work on /opt/airflow/dags/python_operator.py
[2024-06-15T02:49:08.527+0000] {processor.py:830} INFO - Processing file /opt/airflow/dags/python_operator.py for tasks to queue
[2024-06-15T02:49:08.528+0000] {logging_mixin.py:188} INFO - [2024-06-15T02:49:08.528+0000] {dagbag.py:540} INFO - Filling up the DagBag from /opt/airflow/dags/python_operator.py
[2024-06-15T02:49:08.541+0000] {processor.py:840} INFO - DAG(s) 'python_operator' retrieved from /opt/airflow/dags/python_operator.py
[2024-06-15T02:49:08.564+0000] {logging_mixin.py:188} INFO - [2024-06-15T02:49:08.564+0000] {dag.py:3047} INFO - Sync 1 DAGs
[2024-06-15T02:49:08.584+0000] {logging_mixin.py:188} INFO - [2024-06-15T02:49:08.584+0000] {dag.py:3834} INFO - Setting next_dagrun for python_operator to None, run_after=None
[2024-06-15T02:49:08.600+0000] {processor.py:183} INFO - Processing /opt/airflow/dags/python_operator.py took 0.075 seconds
[2024-06-15T02:49:39.042+0000] {processor.py:161} INFO - Started process (PID=978) to work on /opt/airflow/dags/python_operator.py
[2024-06-15T02:49:39.043+0000] {processor.py:830} INFO - Processing file /opt/airflow/dags/python_operator.py for tasks to queue
[2024-06-15T02:49:39.045+0000] {logging_mixin.py:188} INFO - [2024-06-15T02:49:39.044+0000] {dagbag.py:540} INFO - Filling up the DagBag from /opt/airflow/dags/python_operator.py
[2024-06-15T02:49:39.062+0000] {processor.py:840} INFO - DAG(s) 'python_operator' retrieved from /opt/airflow/dags/python_operator.py
[2024-06-15T02:49:39.098+0000] {logging_mixin.py:188} INFO - [2024-06-15T02:49:39.097+0000] {dag.py:3047} INFO - Sync 1 DAGs
[2024-06-15T02:49:39.121+0000] {logging_mixin.py:188} INFO - [2024-06-15T02:49:39.121+0000] {dag.py:3834} INFO - Setting next_dagrun for python_operator to None, run_after=None
[2024-06-15T02:49:39.148+0000] {processor.py:183} INFO - Processing /opt/airflow/dags/python_operator.py took 0.108 seconds
[2024-06-15T02:50:09.544+0000] {processor.py:161} INFO - Started process (PID=1006) to work on /opt/airflow/dags/python_operator.py
[2024-06-15T02:50:09.545+0000] {processor.py:830} INFO - Processing file /opt/airflow/dags/python_operator.py for tasks to queue
[2024-06-15T02:50:09.546+0000] {logging_mixin.py:188} INFO - [2024-06-15T02:50:09.546+0000] {dagbag.py:540} INFO - Filling up the DagBag from /opt/airflow/dags/python_operator.py
[2024-06-15T02:50:09.558+0000] {processor.py:840} INFO - DAG(s) 'python_operator' retrieved from /opt/airflow/dags/python_operator.py
[2024-06-15T02:50:09.583+0000] {logging_mixin.py:188} INFO - [2024-06-15T02:50:09.583+0000] {dag.py:3047} INFO - Sync 1 DAGs
[2024-06-15T02:50:09.602+0000] {logging_mixin.py:188} INFO - [2024-06-15T02:50:09.601+0000] {dag.py:3834} INFO - Setting next_dagrun for python_operator to None, run_after=None
[2024-06-15T02:50:09.621+0000] {processor.py:183} INFO - Processing /opt/airflow/dags/python_operator.py took 0.079 seconds
[2024-06-15T02:50:40.027+0000] {processor.py:161} INFO - Started process (PID=1029) to work on /opt/airflow/dags/python_operator.py
[2024-06-15T02:50:40.028+0000] {processor.py:830} INFO - Processing file /opt/airflow/dags/python_operator.py for tasks to queue
[2024-06-15T02:50:40.029+0000] {logging_mixin.py:188} INFO - [2024-06-15T02:50:40.029+0000] {dagbag.py:540} INFO - Filling up the DagBag from /opt/airflow/dags/python_operator.py
[2024-06-15T02:50:40.044+0000] {processor.py:840} INFO - DAG(s) 'python_operator' retrieved from /opt/airflow/dags/python_operator.py
[2024-06-15T02:50:40.064+0000] {logging_mixin.py:188} INFO - [2024-06-15T02:50:40.064+0000] {dag.py:3047} INFO - Sync 1 DAGs
[2024-06-15T02:50:40.087+0000] {logging_mixin.py:188} INFO - [2024-06-15T02:50:40.087+0000] {dag.py:3834} INFO - Setting next_dagrun for python_operator to None, run_after=None
[2024-06-15T02:50:40.103+0000] {processor.py:183} INFO - Processing /opt/airflow/dags/python_operator.py took 0.078 seconds
[2024-06-15T02:51:10.611+0000] {processor.py:161} INFO - Started process (PID=1058) to work on /opt/airflow/dags/python_operator.py
[2024-06-15T02:51:10.611+0000] {processor.py:830} INFO - Processing file /opt/airflow/dags/python_operator.py for tasks to queue
[2024-06-15T02:51:10.613+0000] {logging_mixin.py:188} INFO - [2024-06-15T02:51:10.613+0000] {dagbag.py:540} INFO - Filling up the DagBag from /opt/airflow/dags/python_operator.py
[2024-06-15T02:51:10.627+0000] {processor.py:840} INFO - DAG(s) 'python_operator' retrieved from /opt/airflow/dags/python_operator.py
[2024-06-15T02:51:10.647+0000] {logging_mixin.py:188} INFO - [2024-06-15T02:51:10.647+0000] {dag.py:3047} INFO - Sync 1 DAGs
[2024-06-15T02:51:10.665+0000] {logging_mixin.py:188} INFO - [2024-06-15T02:51:10.664+0000] {dag.py:3834} INFO - Setting next_dagrun for python_operator to None, run_after=None
[2024-06-15T02:51:10.678+0000] {processor.py:183} INFO - Processing /opt/airflow/dags/python_operator.py took 0.069 seconds
[2024-06-15T02:51:41.004+0000] {processor.py:161} INFO - Started process (PID=1081) to work on /opt/airflow/dags/python_operator.py
[2024-06-15T02:51:41.005+0000] {processor.py:830} INFO - Processing file /opt/airflow/dags/python_operator.py for tasks to queue
[2024-06-15T02:51:41.006+0000] {logging_mixin.py:188} INFO - [2024-06-15T02:51:41.006+0000] {dagbag.py:540} INFO - Filling up the DagBag from /opt/airflow/dags/python_operator.py
[2024-06-15T02:51:41.020+0000] {processor.py:840} INFO - DAG(s) 'python_operator' retrieved from /opt/airflow/dags/python_operator.py
[2024-06-15T02:51:41.047+0000] {logging_mixin.py:188} INFO - [2024-06-15T02:51:41.047+0000] {dag.py:3047} INFO - Sync 1 DAGs
[2024-06-15T02:51:41.066+0000] {logging_mixin.py:188} INFO - [2024-06-15T02:51:41.066+0000] {dag.py:3834} INFO - Setting next_dagrun for python_operator to None, run_after=None
[2024-06-15T02:51:41.082+0000] {processor.py:183} INFO - Processing /opt/airflow/dags/python_operator.py took 0.079 seconds
[2024-06-15T02:52:11.781+0000] {processor.py:161} INFO - Started process (PID=1104) to work on /opt/airflow/dags/python_operator.py
[2024-06-15T02:52:11.782+0000] {processor.py:830} INFO - Processing file /opt/airflow/dags/python_operator.py for tasks to queue
[2024-06-15T02:52:11.784+0000] {logging_mixin.py:188} INFO - [2024-06-15T02:52:11.784+0000] {dagbag.py:540} INFO - Filling up the DagBag from /opt/airflow/dags/python_operator.py
[2024-06-15T02:52:11.797+0000] {processor.py:840} INFO - DAG(s) 'python_operator' retrieved from /opt/airflow/dags/python_operator.py
[2024-06-15T02:52:11.822+0000] {logging_mixin.py:188} INFO - [2024-06-15T02:52:11.822+0000] {dag.py:3047} INFO - Sync 1 DAGs
[2024-06-15T02:52:11.842+0000] {logging_mixin.py:188} INFO - [2024-06-15T02:52:11.842+0000] {dag.py:3834} INFO - Setting next_dagrun for python_operator to None, run_after=None
[2024-06-15T02:52:11.865+0000] {processor.py:183} INFO - Processing /opt/airflow/dags/python_operator.py took 0.086 seconds
[2024-06-15T02:52:42.224+0000] {processor.py:161} INFO - Started process (PID=1127) to work on /opt/airflow/dags/python_operator.py
[2024-06-15T02:52:42.225+0000] {processor.py:830} INFO - Processing file /opt/airflow/dags/python_operator.py for tasks to queue
[2024-06-15T02:52:42.226+0000] {logging_mixin.py:188} INFO - [2024-06-15T02:52:42.226+0000] {dagbag.py:540} INFO - Filling up the DagBag from /opt/airflow/dags/python_operator.py
[2024-06-15T02:52:42.240+0000] {processor.py:840} INFO - DAG(s) 'python_operator' retrieved from /opt/airflow/dags/python_operator.py
[2024-06-15T02:52:42.259+0000] {logging_mixin.py:188} INFO - [2024-06-15T02:52:42.259+0000] {dag.py:3047} INFO - Sync 1 DAGs
[2024-06-15T02:52:42.282+0000] {logging_mixin.py:188} INFO - [2024-06-15T02:52:42.282+0000] {dag.py:3834} INFO - Setting next_dagrun for python_operator to None, run_after=None
[2024-06-15T02:52:42.302+0000] {processor.py:183} INFO - Processing /opt/airflow/dags/python_operator.py took 0.079 seconds
[2024-06-15T02:53:12.721+0000] {processor.py:161} INFO - Started process (PID=1150) to work on /opt/airflow/dags/python_operator.py
[2024-06-15T02:53:12.722+0000] {processor.py:830} INFO - Processing file /opt/airflow/dags/python_operator.py for tasks to queue
[2024-06-15T02:53:12.723+0000] {logging_mixin.py:188} INFO - [2024-06-15T02:53:12.723+0000] {dagbag.py:540} INFO - Filling up the DagBag from /opt/airflow/dags/python_operator.py
[2024-06-15T02:53:12.739+0000] {processor.py:840} INFO - DAG(s) 'python_operator' retrieved from /opt/airflow/dags/python_operator.py
[2024-06-15T02:53:12.761+0000] {logging_mixin.py:188} INFO - [2024-06-15T02:53:12.760+0000] {dag.py:3047} INFO - Sync 1 DAGs
[2024-06-15T02:53:12.777+0000] {logging_mixin.py:188} INFO - [2024-06-15T02:53:12.777+0000] {dag.py:3834} INFO - Setting next_dagrun for python_operator to None, run_after=None
[2024-06-15T02:53:12.791+0000] {processor.py:183} INFO - Processing /opt/airflow/dags/python_operator.py took 0.071 seconds
[2024-06-15T02:53:43.314+0000] {processor.py:161} INFO - Started process (PID=1173) to work on /opt/airflow/dags/python_operator.py
[2024-06-15T02:53:43.314+0000] {processor.py:830} INFO - Processing file /opt/airflow/dags/python_operator.py for tasks to queue
[2024-06-15T02:53:43.315+0000] {logging_mixin.py:188} INFO - [2024-06-15T02:53:43.315+0000] {dagbag.py:540} INFO - Filling up the DagBag from /opt/airflow/dags/python_operator.py
[2024-06-15T02:53:43.325+0000] {processor.py:840} INFO - DAG(s) 'python_operator' retrieved from /opt/airflow/dags/python_operator.py
[2024-06-15T02:53:43.357+0000] {logging_mixin.py:188} INFO - [2024-06-15T02:53:43.356+0000] {dag.py:3047} INFO - Sync 1 DAGs
[2024-06-15T02:53:43.372+0000] {logging_mixin.py:188} INFO - [2024-06-15T02:53:43.372+0000] {dag.py:3834} INFO - Setting next_dagrun for python_operator to None, run_after=None
[2024-06-15T02:53:43.390+0000] {processor.py:183} INFO - Processing /opt/airflow/dags/python_operator.py took 0.078 seconds
[2024-06-15T02:54:13.792+0000] {processor.py:161} INFO - Started process (PID=1196) to work on /opt/airflow/dags/python_operator.py
[2024-06-15T02:54:13.792+0000] {processor.py:830} INFO - Processing file /opt/airflow/dags/python_operator.py for tasks to queue
[2024-06-15T02:54:13.793+0000] {logging_mixin.py:188} INFO - [2024-06-15T02:54:13.793+0000] {dagbag.py:540} INFO - Filling up the DagBag from /opt/airflow/dags/python_operator.py
[2024-06-15T02:54:13.807+0000] {processor.py:840} INFO - DAG(s) 'python_operator' retrieved from /opt/airflow/dags/python_operator.py
[2024-06-15T02:54:13.828+0000] {logging_mixin.py:188} INFO - [2024-06-15T02:54:13.827+0000] {dag.py:3047} INFO - Sync 1 DAGs
[2024-06-15T02:54:13.851+0000] {logging_mixin.py:188} INFO - [2024-06-15T02:54:13.850+0000] {dag.py:3834} INFO - Setting next_dagrun for python_operator to None, run_after=None
[2024-06-15T02:54:13.873+0000] {processor.py:183} INFO - Processing /opt/airflow/dags/python_operator.py took 0.084 seconds
[2024-06-15T02:54:44.480+0000] {processor.py:161} INFO - Started process (PID=1219) to work on /opt/airflow/dags/python_operator.py
[2024-06-15T02:54:44.480+0000] {processor.py:830} INFO - Processing file /opt/airflow/dags/python_operator.py for tasks to queue
[2024-06-15T02:54:44.482+0000] {logging_mixin.py:188} INFO - [2024-06-15T02:54:44.481+0000] {dagbag.py:540} INFO - Filling up the DagBag from /opt/airflow/dags/python_operator.py
[2024-06-15T02:54:44.492+0000] {processor.py:840} INFO - DAG(s) 'python_operator' retrieved from /opt/airflow/dags/python_operator.py
[2024-06-15T02:54:44.514+0000] {logging_mixin.py:188} INFO - [2024-06-15T02:54:44.514+0000] {dag.py:3047} INFO - Sync 1 DAGs
[2024-06-15T02:54:44.530+0000] {logging_mixin.py:188} INFO - [2024-06-15T02:54:44.530+0000] {dag.py:3834} INFO - Setting next_dagrun for python_operator to None, run_after=None
[2024-06-15T02:54:44.548+0000] {processor.py:183} INFO - Processing /opt/airflow/dags/python_operator.py took 0.071 seconds
[2024-06-15T02:55:15.494+0000] {processor.py:161} INFO - Started process (PID=1242) to work on /opt/airflow/dags/python_operator.py
[2024-06-15T02:55:15.495+0000] {processor.py:830} INFO - Processing file /opt/airflow/dags/python_operator.py for tasks to queue
[2024-06-15T02:55:15.496+0000] {logging_mixin.py:188} INFO - [2024-06-15T02:55:15.496+0000] {dagbag.py:540} INFO - Filling up the DagBag from /opt/airflow/dags/python_operator.py
[2024-06-15T02:55:15.510+0000] {processor.py:840} INFO - DAG(s) 'python_operator' retrieved from /opt/airflow/dags/python_operator.py
[2024-06-15T02:55:15.529+0000] {logging_mixin.py:188} INFO - [2024-06-15T02:55:15.529+0000] {dag.py:3047} INFO - Sync 1 DAGs
[2024-06-15T02:55:15.549+0000] {logging_mixin.py:188} INFO - [2024-06-15T02:55:15.549+0000] {dag.py:3834} INFO - Setting next_dagrun for python_operator to None, run_after=None
[2024-06-15T02:55:15.579+0000] {processor.py:183} INFO - Processing /opt/airflow/dags/python_operator.py took 0.087 seconds
[2024-06-15T02:55:46.051+0000] {processor.py:161} INFO - Started process (PID=1265) to work on /opt/airflow/dags/python_operator.py
[2024-06-15T02:55:46.052+0000] {processor.py:830} INFO - Processing file /opt/airflow/dags/python_operator.py for tasks to queue
[2024-06-15T02:55:46.053+0000] {logging_mixin.py:188} INFO - [2024-06-15T02:55:46.053+0000] {dagbag.py:540} INFO - Filling up the DagBag from /opt/airflow/dags/python_operator.py
[2024-06-15T02:55:46.066+0000] {processor.py:840} INFO - DAG(s) 'python_operator' retrieved from /opt/airflow/dags/python_operator.py
[2024-06-15T02:55:46.089+0000] {logging_mixin.py:188} INFO - [2024-06-15T02:55:46.089+0000] {dag.py:3047} INFO - Sync 1 DAGs
[2024-06-15T02:55:46.106+0000] {logging_mixin.py:188} INFO - [2024-06-15T02:55:46.106+0000] {dag.py:3834} INFO - Setting next_dagrun for python_operator to None, run_after=None
[2024-06-15T02:55:46.127+0000] {processor.py:183} INFO - Processing /opt/airflow/dags/python_operator.py took 0.077 seconds
[2024-06-15T02:56:16.940+0000] {processor.py:161} INFO - Started process (PID=1288) to work on /opt/airflow/dags/python_operator.py
[2024-06-15T02:56:16.940+0000] {processor.py:830} INFO - Processing file /opt/airflow/dags/python_operator.py for tasks to queue
[2024-06-15T02:56:16.942+0000] {logging_mixin.py:188} INFO - [2024-06-15T02:56:16.941+0000] {dagbag.py:540} INFO - Filling up the DagBag from /opt/airflow/dags/python_operator.py
[2024-06-15T02:56:16.954+0000] {processor.py:840} INFO - DAG(s) 'python_operator' retrieved from /opt/airflow/dags/python_operator.py
[2024-06-15T02:56:16.975+0000] {logging_mixin.py:188} INFO - [2024-06-15T02:56:16.975+0000] {dag.py:3047} INFO - Sync 1 DAGs
[2024-06-15T02:56:16.989+0000] {logging_mixin.py:188} INFO - [2024-06-15T02:56:16.989+0000] {dag.py:3834} INFO - Setting next_dagrun for python_operator to None, run_after=None
[2024-06-15T02:56:17.010+0000] {processor.py:183} INFO - Processing /opt/airflow/dags/python_operator.py took 0.072 seconds
[2024-06-15T02:56:47.766+0000] {processor.py:161} INFO - Started process (PID=1312) to work on /opt/airflow/dags/python_operator.py
[2024-06-15T02:56:47.766+0000] {processor.py:830} INFO - Processing file /opt/airflow/dags/python_operator.py for tasks to queue
[2024-06-15T02:56:47.768+0000] {logging_mixin.py:188} INFO - [2024-06-15T02:56:47.768+0000] {dagbag.py:540} INFO - Filling up the DagBag from /opt/airflow/dags/python_operator.py
[2024-06-15T02:56:47.779+0000] {processor.py:840} INFO - DAG(s) 'python_operator' retrieved from /opt/airflow/dags/python_operator.py
[2024-06-15T02:56:47.806+0000] {logging_mixin.py:188} INFO - [2024-06-15T02:56:47.806+0000] {dag.py:3047} INFO - Sync 1 DAGs
[2024-06-15T02:56:47.824+0000] {logging_mixin.py:188} INFO - [2024-06-15T02:56:47.824+0000] {dag.py:3834} INFO - Setting next_dagrun for python_operator to None, run_after=None
[2024-06-15T02:56:47.837+0000] {processor.py:183} INFO - Processing /opt/airflow/dags/python_operator.py took 0.073 seconds
