[2024-06-15T02:29:45.595+0000] {processor.py:161} INFO - Started process (PID=38) to work on /opt/airflow/dags/task_group.py
[2024-06-15T02:29:45.596+0000] {processor.py:830} INFO - Processing file /opt/airflow/dags/task_group.py for tasks to queue
[2024-06-15T02:29:45.598+0000] {logging_mixin.py:188} INFO - [2024-06-15T02:29:45.598+0000] {dagbag.py:540} INFO - Filling up the DagBag from /opt/airflow/dags/task_group.py
[2024-06-15T02:29:45.623+0000] {processor.py:840} INFO - DAG(s) 'task_group' retrieved from /opt/airflow/dags/task_group.py
[2024-06-15T02:29:45.849+0000] {logging_mixin.py:188} INFO - [2024-06-15T02:29:45.849+0000] {dag.py:3047} INFO - Sync 1 DAGs
[2024-06-15T02:29:45.883+0000] {logging_mixin.py:188} INFO - [2024-06-15T02:29:45.883+0000] {dag.py:3834} INFO - Setting next_dagrun for task_group to None, run_after=None
[2024-06-15T02:29:45.917+0000] {processor.py:183} INFO - Processing /opt/airflow/dags/task_group.py took 0.324 seconds
[2024-06-15T02:30:16.246+0000] {processor.py:161} INFO - Started process (PID=60) to work on /opt/airflow/dags/task_group.py
[2024-06-15T02:30:16.247+0000] {processor.py:830} INFO - Processing file /opt/airflow/dags/task_group.py for tasks to queue
[2024-06-15T02:30:16.249+0000] {logging_mixin.py:188} INFO - [2024-06-15T02:30:16.249+0000] {dagbag.py:540} INFO - Filling up the DagBag from /opt/airflow/dags/task_group.py
[2024-06-15T02:30:16.260+0000] {processor.py:840} INFO - DAG(s) 'task_group' retrieved from /opt/airflow/dags/task_group.py
[2024-06-15T02:30:16.281+0000] {logging_mixin.py:188} INFO - [2024-06-15T02:30:16.281+0000] {dag.py:3047} INFO - Sync 1 DAGs
[2024-06-15T02:30:16.291+0000] {logging_mixin.py:188} INFO - [2024-06-15T02:30:16.291+0000] {dag.py:3834} INFO - Setting next_dagrun for task_group to None, run_after=None
[2024-06-15T02:30:16.317+0000] {processor.py:183} INFO - Processing /opt/airflow/dags/task_group.py took 0.073 seconds
[2024-06-15T02:30:46.886+0000] {processor.py:161} INFO - Started process (PID=82) to work on /opt/airflow/dags/task_group.py
[2024-06-15T02:30:46.886+0000] {processor.py:830} INFO - Processing file /opt/airflow/dags/task_group.py for tasks to queue
[2024-06-15T02:30:46.888+0000] {logging_mixin.py:188} INFO - [2024-06-15T02:30:46.888+0000] {dagbag.py:540} INFO - Filling up the DagBag from /opt/airflow/dags/task_group.py
[2024-06-15T02:30:46.907+0000] {processor.py:840} INFO - DAG(s) 'task_group' retrieved from /opt/airflow/dags/task_group.py
[2024-06-15T02:30:46.926+0000] {logging_mixin.py:188} INFO - [2024-06-15T02:30:46.926+0000] {dag.py:3047} INFO - Sync 1 DAGs
[2024-06-15T02:30:46.951+0000] {logging_mixin.py:188} INFO - [2024-06-15T02:30:46.951+0000] {dag.py:3834} INFO - Setting next_dagrun for task_group to None, run_after=None
[2024-06-15T02:30:46.980+0000] {processor.py:183} INFO - Processing /opt/airflow/dags/task_group.py took 0.096 seconds
[2024-06-15T02:31:17.223+0000] {processor.py:161} INFO - Started process (PID=104) to work on /opt/airflow/dags/task_group.py
[2024-06-15T02:31:17.224+0000] {processor.py:830} INFO - Processing file /opt/airflow/dags/task_group.py for tasks to queue
[2024-06-15T02:31:17.225+0000] {logging_mixin.py:188} INFO - [2024-06-15T02:31:17.225+0000] {dagbag.py:540} INFO - Filling up the DagBag from /opt/airflow/dags/task_group.py
[2024-06-15T02:31:17.248+0000] {processor.py:840} INFO - DAG(s) 'task_group' retrieved from /opt/airflow/dags/task_group.py
[2024-06-15T02:31:17.276+0000] {logging_mixin.py:188} INFO - [2024-06-15T02:31:17.276+0000] {dag.py:3047} INFO - Sync 1 DAGs
[2024-06-15T02:31:17.284+0000] {logging_mixin.py:188} INFO - [2024-06-15T02:31:17.284+0000] {dag.py:3834} INFO - Setting next_dagrun for task_group to None, run_after=None
[2024-06-15T02:31:17.309+0000] {processor.py:183} INFO - Processing /opt/airflow/dags/task_group.py took 0.088 seconds
[2024-06-15T02:31:47.950+0000] {processor.py:161} INFO - Started process (PID=126) to work on /opt/airflow/dags/task_group.py
[2024-06-15T02:31:47.951+0000] {processor.py:830} INFO - Processing file /opt/airflow/dags/task_group.py for tasks to queue
[2024-06-15T02:31:47.952+0000] {logging_mixin.py:188} INFO - [2024-06-15T02:31:47.952+0000] {dagbag.py:540} INFO - Filling up the DagBag from /opt/airflow/dags/task_group.py
[2024-06-15T02:31:47.962+0000] {processor.py:840} INFO - DAG(s) 'task_group' retrieved from /opt/airflow/dags/task_group.py
[2024-06-15T02:31:47.986+0000] {logging_mixin.py:188} INFO - [2024-06-15T02:31:47.986+0000] {dag.py:3047} INFO - Sync 1 DAGs
[2024-06-15T02:31:47.996+0000] {logging_mixin.py:188} INFO - [2024-06-15T02:31:47.996+0000] {dag.py:3834} INFO - Setting next_dagrun for task_group to None, run_after=None
[2024-06-15T02:31:48.017+0000] {processor.py:183} INFO - Processing /opt/airflow/dags/task_group.py took 0.069 seconds
[2024-06-15T02:32:18.394+0000] {processor.py:161} INFO - Started process (PID=148) to work on /opt/airflow/dags/task_group.py
[2024-06-15T02:32:18.395+0000] {processor.py:830} INFO - Processing file /opt/airflow/dags/task_group.py for tasks to queue
[2024-06-15T02:32:18.397+0000] {logging_mixin.py:188} INFO - [2024-06-15T02:32:18.397+0000] {dagbag.py:540} INFO - Filling up the DagBag from /opt/airflow/dags/task_group.py
[2024-06-15T02:32:18.406+0000] {processor.py:840} INFO - DAG(s) 'task_group' retrieved from /opt/airflow/dags/task_group.py
[2024-06-15T02:32:18.425+0000] {logging_mixin.py:188} INFO - [2024-06-15T02:32:18.425+0000] {dag.py:3047} INFO - Sync 1 DAGs
[2024-06-15T02:32:18.434+0000] {logging_mixin.py:188} INFO - [2024-06-15T02:32:18.434+0000] {dag.py:3834} INFO - Setting next_dagrun for task_group to None, run_after=None
[2024-06-15T02:32:18.461+0000] {processor.py:183} INFO - Processing /opt/airflow/dags/task_group.py took 0.069 seconds
[2024-06-15T02:32:48.856+0000] {processor.py:161} INFO - Started process (PID=170) to work on /opt/airflow/dags/task_group.py
[2024-06-15T02:32:48.857+0000] {processor.py:830} INFO - Processing file /opt/airflow/dags/task_group.py for tasks to queue
[2024-06-15T02:32:48.858+0000] {logging_mixin.py:188} INFO - [2024-06-15T02:32:48.858+0000] {dagbag.py:540} INFO - Filling up the DagBag from /opt/airflow/dags/task_group.py
[2024-06-15T02:32:48.890+0000] {processor.py:840} INFO - DAG(s) 'task_group' retrieved from /opt/airflow/dags/task_group.py
[2024-06-15T02:32:48.913+0000] {logging_mixin.py:188} INFO - [2024-06-15T02:32:48.913+0000] {dag.py:3047} INFO - Sync 1 DAGs
[2024-06-15T02:32:48.921+0000] {logging_mixin.py:188} INFO - [2024-06-15T02:32:48.921+0000] {dag.py:3834} INFO - Setting next_dagrun for task_group to None, run_after=None
[2024-06-15T02:32:48.944+0000] {processor.py:183} INFO - Processing /opt/airflow/dags/task_group.py took 0.090 seconds
[2024-06-15T02:33:19.690+0000] {processor.py:161} INFO - Started process (PID=192) to work on /opt/airflow/dags/task_group.py
[2024-06-15T02:33:19.690+0000] {processor.py:830} INFO - Processing file /opt/airflow/dags/task_group.py for tasks to queue
[2024-06-15T02:33:19.691+0000] {logging_mixin.py:188} INFO - [2024-06-15T02:33:19.691+0000] {dagbag.py:540} INFO - Filling up the DagBag from /opt/airflow/dags/task_group.py
[2024-06-15T02:33:19.702+0000] {processor.py:840} INFO - DAG(s) 'task_group' retrieved from /opt/airflow/dags/task_group.py
[2024-06-15T02:33:19.722+0000] {logging_mixin.py:188} INFO - [2024-06-15T02:33:19.721+0000] {dag.py:3047} INFO - Sync 1 DAGs
[2024-06-15T02:33:19.730+0000] {logging_mixin.py:188} INFO - [2024-06-15T02:33:19.730+0000] {dag.py:3834} INFO - Setting next_dagrun for task_group to None, run_after=None
[2024-06-15T02:33:19.761+0000] {processor.py:183} INFO - Processing /opt/airflow/dags/task_group.py took 0.074 seconds
[2024-06-15T02:33:50.233+0000] {processor.py:161} INFO - Started process (PID=213) to work on /opt/airflow/dags/task_group.py
[2024-06-15T02:33:50.234+0000] {processor.py:830} INFO - Processing file /opt/airflow/dags/task_group.py for tasks to queue
[2024-06-15T02:33:50.236+0000] {logging_mixin.py:188} INFO - [2024-06-15T02:33:50.236+0000] {dagbag.py:540} INFO - Filling up the DagBag from /opt/airflow/dags/task_group.py
[2024-06-15T02:33:50.251+0000] {processor.py:840} INFO - DAG(s) 'task_group' retrieved from /opt/airflow/dags/task_group.py
[2024-06-15T02:33:50.277+0000] {logging_mixin.py:188} INFO - [2024-06-15T02:33:50.277+0000] {dag.py:3047} INFO - Sync 1 DAGs
[2024-06-15T02:33:50.292+0000] {logging_mixin.py:188} INFO - [2024-06-15T02:33:50.292+0000] {dag.py:3834} INFO - Setting next_dagrun for task_group to None, run_after=None
[2024-06-15T02:33:50.321+0000] {processor.py:183} INFO - Processing /opt/airflow/dags/task_group.py took 0.089 seconds
[2024-06-15T02:34:20.780+0000] {processor.py:161} INFO - Started process (PID=235) to work on /opt/airflow/dags/task_group.py
[2024-06-15T02:34:20.781+0000] {processor.py:830} INFO - Processing file /opt/airflow/dags/task_group.py for tasks to queue
[2024-06-15T02:34:20.782+0000] {logging_mixin.py:188} INFO - [2024-06-15T02:34:20.782+0000] {dagbag.py:540} INFO - Filling up the DagBag from /opt/airflow/dags/task_group.py
[2024-06-15T02:34:20.797+0000] {processor.py:840} INFO - DAG(s) 'task_group' retrieved from /opt/airflow/dags/task_group.py
[2024-06-15T02:34:20.825+0000] {logging_mixin.py:188} INFO - [2024-06-15T02:34:20.825+0000] {dag.py:3047} INFO - Sync 1 DAGs
[2024-06-15T02:34:20.835+0000] {logging_mixin.py:188} INFO - [2024-06-15T02:34:20.835+0000] {dag.py:3834} INFO - Setting next_dagrun for task_group to None, run_after=None
[2024-06-15T02:34:20.859+0000] {processor.py:183} INFO - Processing /opt/airflow/dags/task_group.py took 0.082 seconds
[2024-06-15T02:34:51.523+0000] {processor.py:161} INFO - Started process (PID=258) to work on /opt/airflow/dags/task_group.py
[2024-06-15T02:34:51.524+0000] {processor.py:830} INFO - Processing file /opt/airflow/dags/task_group.py for tasks to queue
[2024-06-15T02:34:51.525+0000] {logging_mixin.py:188} INFO - [2024-06-15T02:34:51.525+0000] {dagbag.py:540} INFO - Filling up the DagBag from /opt/airflow/dags/task_group.py
[2024-06-15T02:34:51.538+0000] {processor.py:840} INFO - DAG(s) 'task_group' retrieved from /opt/airflow/dags/task_group.py
[2024-06-15T02:34:51.566+0000] {logging_mixin.py:188} INFO - [2024-06-15T02:34:51.566+0000] {dag.py:3047} INFO - Sync 1 DAGs
[2024-06-15T02:34:51.576+0000] {logging_mixin.py:188} INFO - [2024-06-15T02:34:51.576+0000] {dag.py:3834} INFO - Setting next_dagrun for task_group to None, run_after=None
[2024-06-15T02:34:51.599+0000] {processor.py:183} INFO - Processing /opt/airflow/dags/task_group.py took 0.078 seconds
[2024-06-15T02:35:22.247+0000] {processor.py:161} INFO - Started process (PID=281) to work on /opt/airflow/dags/task_group.py
[2024-06-15T02:35:22.248+0000] {processor.py:830} INFO - Processing file /opt/airflow/dags/task_group.py for tasks to queue
[2024-06-15T02:35:22.249+0000] {logging_mixin.py:188} INFO - [2024-06-15T02:35:22.249+0000] {dagbag.py:540} INFO - Filling up the DagBag from /opt/airflow/dags/task_group.py
[2024-06-15T02:35:22.261+0000] {processor.py:840} INFO - DAG(s) 'task_group' retrieved from /opt/airflow/dags/task_group.py
[2024-06-15T02:35:22.298+0000] {logging_mixin.py:188} INFO - [2024-06-15T02:35:22.298+0000] {dag.py:3047} INFO - Sync 1 DAGs
[2024-06-15T02:35:22.307+0000] {logging_mixin.py:188} INFO - [2024-06-15T02:35:22.307+0000] {dag.py:3834} INFO - Setting next_dagrun for task_group to None, run_after=None
[2024-06-15T02:35:22.327+0000] {processor.py:183} INFO - Processing /opt/airflow/dags/task_group.py took 0.082 seconds
[2024-06-15T02:35:52.901+0000] {processor.py:161} INFO - Started process (PID=305) to work on /opt/airflow/dags/task_group.py
[2024-06-15T02:35:52.903+0000] {processor.py:830} INFO - Processing file /opt/airflow/dags/task_group.py for tasks to queue
[2024-06-15T02:35:52.905+0000] {logging_mixin.py:188} INFO - [2024-06-15T02:35:52.904+0000] {dagbag.py:540} INFO - Filling up the DagBag from /opt/airflow/dags/task_group.py
[2024-06-15T02:35:52.919+0000] {processor.py:840} INFO - DAG(s) 'task_group' retrieved from /opt/airflow/dags/task_group.py
[2024-06-15T02:35:52.943+0000] {logging_mixin.py:188} INFO - [2024-06-15T02:35:52.943+0000] {dag.py:3047} INFO - Sync 1 DAGs
[2024-06-15T02:35:52.953+0000] {logging_mixin.py:188} INFO - [2024-06-15T02:35:52.953+0000] {dag.py:3834} INFO - Setting next_dagrun for task_group to None, run_after=None
[2024-06-15T02:35:52.978+0000] {processor.py:183} INFO - Processing /opt/airflow/dags/task_group.py took 0.079 seconds
[2024-06-15T02:36:23.252+0000] {processor.py:161} INFO - Started process (PID=328) to work on /opt/airflow/dags/task_group.py
[2024-06-15T02:36:23.252+0000] {processor.py:830} INFO - Processing file /opt/airflow/dags/task_group.py for tasks to queue
[2024-06-15T02:36:23.253+0000] {logging_mixin.py:188} INFO - [2024-06-15T02:36:23.253+0000] {dagbag.py:540} INFO - Filling up the DagBag from /opt/airflow/dags/task_group.py
[2024-06-15T02:36:23.263+0000] {processor.py:840} INFO - DAG(s) 'task_group' retrieved from /opt/airflow/dags/task_group.py
[2024-06-15T02:36:23.303+0000] {logging_mixin.py:188} INFO - [2024-06-15T02:36:23.303+0000] {dag.py:3047} INFO - Sync 1 DAGs
[2024-06-15T02:36:23.312+0000] {logging_mixin.py:188} INFO - [2024-06-15T02:36:23.312+0000] {dag.py:3834} INFO - Setting next_dagrun for task_group to None, run_after=None
[2024-06-15T02:36:23.329+0000] {processor.py:183} INFO - Processing /opt/airflow/dags/task_group.py took 0.079 seconds
[2024-06-15T02:36:53.767+0000] {processor.py:161} INFO - Started process (PID=351) to work on /opt/airflow/dags/task_group.py
[2024-06-15T02:36:53.768+0000] {processor.py:830} INFO - Processing file /opt/airflow/dags/task_group.py for tasks to queue
[2024-06-15T02:36:53.769+0000] {logging_mixin.py:188} INFO - [2024-06-15T02:36:53.769+0000] {dagbag.py:540} INFO - Filling up the DagBag from /opt/airflow/dags/task_group.py
[2024-06-15T02:36:53.779+0000] {processor.py:840} INFO - DAG(s) 'task_group' retrieved from /opt/airflow/dags/task_group.py
[2024-06-15T02:36:53.809+0000] {logging_mixin.py:188} INFO - [2024-06-15T02:36:53.809+0000] {dag.py:3047} INFO - Sync 1 DAGs
[2024-06-15T02:36:53.820+0000] {logging_mixin.py:188} INFO - [2024-06-15T02:36:53.820+0000] {dag.py:3834} INFO - Setting next_dagrun for task_group to None, run_after=None
[2024-06-15T02:36:53.845+0000] {processor.py:183} INFO - Processing /opt/airflow/dags/task_group.py took 0.079 seconds
[2024-06-15T02:37:24.504+0000] {processor.py:161} INFO - Started process (PID=375) to work on /opt/airflow/dags/task_group.py
[2024-06-15T02:37:24.505+0000] {processor.py:830} INFO - Processing file /opt/airflow/dags/task_group.py for tasks to queue
[2024-06-15T02:37:24.506+0000] {logging_mixin.py:188} INFO - [2024-06-15T02:37:24.506+0000] {dagbag.py:540} INFO - Filling up the DagBag from /opt/airflow/dags/task_group.py
[2024-06-15T02:37:24.518+0000] {processor.py:840} INFO - DAG(s) 'task_group' retrieved from /opt/airflow/dags/task_group.py
[2024-06-15T02:37:24.550+0000] {logging_mixin.py:188} INFO - [2024-06-15T02:37:24.550+0000] {dag.py:3047} INFO - Sync 1 DAGs
[2024-06-15T02:37:24.559+0000] {logging_mixin.py:188} INFO - [2024-06-15T02:37:24.559+0000] {dag.py:3834} INFO - Setting next_dagrun for task_group to None, run_after=None
[2024-06-15T02:37:24.580+0000] {processor.py:183} INFO - Processing /opt/airflow/dags/task_group.py took 0.078 seconds
[2024-06-15T02:37:54.981+0000] {processor.py:161} INFO - Started process (PID=398) to work on /opt/airflow/dags/task_group.py
[2024-06-15T02:37:54.983+0000] {processor.py:830} INFO - Processing file /opt/airflow/dags/task_group.py for tasks to queue
[2024-06-15T02:37:54.985+0000] {logging_mixin.py:188} INFO - [2024-06-15T02:37:54.985+0000] {dagbag.py:540} INFO - Filling up the DagBag from /opt/airflow/dags/task_group.py
[2024-06-15T02:37:55.000+0000] {processor.py:840} INFO - DAG(s) 'task_group' retrieved from /opt/airflow/dags/task_group.py
[2024-06-15T02:37:55.024+0000] {logging_mixin.py:188} INFO - [2024-06-15T02:37:55.024+0000] {dag.py:3047} INFO - Sync 1 DAGs
[2024-06-15T02:37:55.033+0000] {logging_mixin.py:188} INFO - [2024-06-15T02:37:55.033+0000] {dag.py:3834} INFO - Setting next_dagrun for task_group to None, run_after=None
[2024-06-15T02:37:55.054+0000] {processor.py:183} INFO - Processing /opt/airflow/dags/task_group.py took 0.074 seconds
[2024-06-15T02:38:25.914+0000] {processor.py:161} INFO - Started process (PID=422) to work on /opt/airflow/dags/task_group.py
[2024-06-15T02:38:25.915+0000] {processor.py:830} INFO - Processing file /opt/airflow/dags/task_group.py for tasks to queue
[2024-06-15T02:38:25.916+0000] {logging_mixin.py:188} INFO - [2024-06-15T02:38:25.916+0000] {dagbag.py:540} INFO - Filling up the DagBag from /opt/airflow/dags/task_group.py
[2024-06-15T02:38:25.943+0000] {processor.py:840} INFO - DAG(s) 'task_group' retrieved from /opt/airflow/dags/task_group.py
[2024-06-15T02:38:25.973+0000] {logging_mixin.py:188} INFO - [2024-06-15T02:38:25.973+0000] {dag.py:3047} INFO - Sync 1 DAGs
[2024-06-15T02:38:25.989+0000] {logging_mixin.py:188} INFO - [2024-06-15T02:38:25.989+0000] {dag.py:3834} INFO - Setting next_dagrun for task_group to None, run_after=None
[2024-06-15T02:38:26.018+0000] {processor.py:183} INFO - Processing /opt/airflow/dags/task_group.py took 0.106 seconds
[2024-06-15T02:38:56.476+0000] {processor.py:161} INFO - Started process (PID=445) to work on /opt/airflow/dags/task_group.py
[2024-06-15T02:38:56.476+0000] {processor.py:830} INFO - Processing file /opt/airflow/dags/task_group.py for tasks to queue
[2024-06-15T02:38:56.478+0000] {logging_mixin.py:188} INFO - [2024-06-15T02:38:56.477+0000] {dagbag.py:540} INFO - Filling up the DagBag from /opt/airflow/dags/task_group.py
[2024-06-15T02:38:56.492+0000] {processor.py:840} INFO - DAG(s) 'task_group' retrieved from /opt/airflow/dags/task_group.py
[2024-06-15T02:38:56.528+0000] {logging_mixin.py:188} INFO - [2024-06-15T02:38:56.528+0000] {dag.py:3047} INFO - Sync 1 DAGs
[2024-06-15T02:38:56.538+0000] {logging_mixin.py:188} INFO - [2024-06-15T02:38:56.538+0000] {dag.py:3834} INFO - Setting next_dagrun for task_group to None, run_after=None
[2024-06-15T02:38:56.557+0000] {processor.py:183} INFO - Processing /opt/airflow/dags/task_group.py took 0.084 seconds
[2024-06-15T02:39:26.889+0000] {processor.py:161} INFO - Started process (PID=468) to work on /opt/airflow/dags/task_group.py
[2024-06-15T02:39:26.890+0000] {processor.py:830} INFO - Processing file /opt/airflow/dags/task_group.py for tasks to queue
[2024-06-15T02:39:26.891+0000] {logging_mixin.py:188} INFO - [2024-06-15T02:39:26.891+0000] {dagbag.py:540} INFO - Filling up the DagBag from /opt/airflow/dags/task_group.py
[2024-06-15T02:39:26.904+0000] {processor.py:840} INFO - DAG(s) 'task_group' retrieved from /opt/airflow/dags/task_group.py
[2024-06-15T02:39:26.926+0000] {logging_mixin.py:188} INFO - [2024-06-15T02:39:26.926+0000] {dag.py:3047} INFO - Sync 1 DAGs
[2024-06-15T02:39:26.935+0000] {logging_mixin.py:188} INFO - [2024-06-15T02:39:26.934+0000] {dag.py:3834} INFO - Setting next_dagrun for task_group to None, run_after=None
[2024-06-15T02:39:26.952+0000] {processor.py:183} INFO - Processing /opt/airflow/dags/task_group.py took 0.065 seconds
[2024-06-15T02:39:57.464+0000] {processor.py:161} INFO - Started process (PID=491) to work on /opt/airflow/dags/task_group.py
[2024-06-15T02:39:57.465+0000] {processor.py:830} INFO - Processing file /opt/airflow/dags/task_group.py for tasks to queue
[2024-06-15T02:39:57.466+0000] {logging_mixin.py:188} INFO - [2024-06-15T02:39:57.466+0000] {dagbag.py:540} INFO - Filling up the DagBag from /opt/airflow/dags/task_group.py
[2024-06-15T02:39:57.480+0000] {processor.py:840} INFO - DAG(s) 'task_group' retrieved from /opt/airflow/dags/task_group.py
[2024-06-15T02:39:57.503+0000] {logging_mixin.py:188} INFO - [2024-06-15T02:39:57.503+0000] {dag.py:3047} INFO - Sync 1 DAGs
[2024-06-15T02:39:57.512+0000] {logging_mixin.py:188} INFO - [2024-06-15T02:39:57.512+0000] {dag.py:3834} INFO - Setting next_dagrun for task_group to None, run_after=None
[2024-06-15T02:39:57.531+0000] {processor.py:183} INFO - Processing /opt/airflow/dags/task_group.py took 0.068 seconds
[2024-06-15T02:40:27.756+0000] {processor.py:161} INFO - Started process (PID=514) to work on /opt/airflow/dags/task_group.py
[2024-06-15T02:40:27.757+0000] {processor.py:830} INFO - Processing file /opt/airflow/dags/task_group.py for tasks to queue
[2024-06-15T02:40:27.758+0000] {logging_mixin.py:188} INFO - [2024-06-15T02:40:27.758+0000] {dagbag.py:540} INFO - Filling up the DagBag from /opt/airflow/dags/task_group.py
[2024-06-15T02:40:27.770+0000] {processor.py:840} INFO - DAG(s) 'task_group' retrieved from /opt/airflow/dags/task_group.py
[2024-06-15T02:40:27.798+0000] {logging_mixin.py:188} INFO - [2024-06-15T02:40:27.798+0000] {dag.py:3047} INFO - Sync 1 DAGs
[2024-06-15T02:40:27.808+0000] {logging_mixin.py:188} INFO - [2024-06-15T02:40:27.808+0000] {dag.py:3834} INFO - Setting next_dagrun for task_group to None, run_after=None
[2024-06-15T02:40:27.828+0000] {processor.py:183} INFO - Processing /opt/airflow/dags/task_group.py took 0.074 seconds
[2024-06-15T02:40:58.263+0000] {processor.py:161} INFO - Started process (PID=537) to work on /opt/airflow/dags/task_group.py
[2024-06-15T02:40:58.263+0000] {processor.py:830} INFO - Processing file /opt/airflow/dags/task_group.py for tasks to queue
[2024-06-15T02:40:58.264+0000] {logging_mixin.py:188} INFO - [2024-06-15T02:40:58.264+0000] {dagbag.py:540} INFO - Filling up the DagBag from /opt/airflow/dags/task_group.py
[2024-06-15T02:40:58.278+0000] {processor.py:840} INFO - DAG(s) 'task_group' retrieved from /opt/airflow/dags/task_group.py
[2024-06-15T02:40:58.312+0000] {logging_mixin.py:188} INFO - [2024-06-15T02:40:58.312+0000] {dag.py:3047} INFO - Sync 1 DAGs
[2024-06-15T02:40:58.324+0000] {logging_mixin.py:188} INFO - [2024-06-15T02:40:58.324+0000] {dag.py:3834} INFO - Setting next_dagrun for task_group to None, run_after=None
[2024-06-15T02:40:58.366+0000] {processor.py:183} INFO - Processing /opt/airflow/dags/task_group.py took 0.104 seconds
[2024-06-15T02:41:28.849+0000] {processor.py:161} INFO - Started process (PID=560) to work on /opt/airflow/dags/task_group.py
[2024-06-15T02:41:28.850+0000] {processor.py:830} INFO - Processing file /opt/airflow/dags/task_group.py for tasks to queue
[2024-06-15T02:41:28.851+0000] {logging_mixin.py:188} INFO - [2024-06-15T02:41:28.851+0000] {dagbag.py:540} INFO - Filling up the DagBag from /opt/airflow/dags/task_group.py
[2024-06-15T02:41:28.863+0000] {processor.py:840} INFO - DAG(s) 'task_group' retrieved from /opt/airflow/dags/task_group.py
[2024-06-15T02:41:28.909+0000] {logging_mixin.py:188} INFO - [2024-06-15T02:41:28.909+0000] {dag.py:3047} INFO - Sync 1 DAGs
[2024-06-15T02:41:28.919+0000] {logging_mixin.py:188} INFO - [2024-06-15T02:41:28.919+0000] {dag.py:3834} INFO - Setting next_dagrun for task_group to None, run_after=None
[2024-06-15T02:41:28.937+0000] {processor.py:183} INFO - Processing /opt/airflow/dags/task_group.py took 0.089 seconds
[2024-06-15T02:41:59.305+0000] {processor.py:161} INFO - Started process (PID=583) to work on /opt/airflow/dags/task_group.py
[2024-06-15T02:41:59.306+0000] {processor.py:830} INFO - Processing file /opt/airflow/dags/task_group.py for tasks to queue
[2024-06-15T02:41:59.307+0000] {logging_mixin.py:188} INFO - [2024-06-15T02:41:59.307+0000] {dagbag.py:540} INFO - Filling up the DagBag from /opt/airflow/dags/task_group.py
[2024-06-15T02:41:59.317+0000] {processor.py:840} INFO - DAG(s) 'task_group' retrieved from /opt/airflow/dags/task_group.py
[2024-06-15T02:41:59.339+0000] {logging_mixin.py:188} INFO - [2024-06-15T02:41:59.339+0000] {dag.py:3047} INFO - Sync 1 DAGs
[2024-06-15T02:41:59.354+0000] {logging_mixin.py:188} INFO - [2024-06-15T02:41:59.354+0000] {dag.py:3834} INFO - Setting next_dagrun for task_group to None, run_after=None
[2024-06-15T02:41:59.375+0000] {processor.py:183} INFO - Processing /opt/airflow/dags/task_group.py took 0.072 seconds
[2024-06-15T02:42:29.897+0000] {processor.py:161} INFO - Started process (PID=606) to work on /opt/airflow/dags/task_group.py
[2024-06-15T02:42:29.899+0000] {processor.py:830} INFO - Processing file /opt/airflow/dags/task_group.py for tasks to queue
[2024-06-15T02:42:29.901+0000] {logging_mixin.py:188} INFO - [2024-06-15T02:42:29.901+0000] {dagbag.py:540} INFO - Filling up the DagBag from /opt/airflow/dags/task_group.py
[2024-06-15T02:42:29.918+0000] {processor.py:840} INFO - DAG(s) 'task_group' retrieved from /opt/airflow/dags/task_group.py
[2024-06-15T02:42:29.940+0000] {logging_mixin.py:188} INFO - [2024-06-15T02:42:29.940+0000] {dag.py:3047} INFO - Sync 1 DAGs
[2024-06-15T02:42:29.949+0000] {logging_mixin.py:188} INFO - [2024-06-15T02:42:29.949+0000] {dag.py:3834} INFO - Setting next_dagrun for task_group to None, run_after=None
[2024-06-15T02:42:29.974+0000] {processor.py:183} INFO - Processing /opt/airflow/dags/task_group.py took 0.078 seconds
[2024-06-15T02:43:00.603+0000] {processor.py:161} INFO - Started process (PID=629) to work on /opt/airflow/dags/task_group.py
[2024-06-15T02:43:00.603+0000] {processor.py:830} INFO - Processing file /opt/airflow/dags/task_group.py for tasks to queue
[2024-06-15T02:43:00.605+0000] {logging_mixin.py:188} INFO - [2024-06-15T02:43:00.604+0000] {dagbag.py:540} INFO - Filling up the DagBag from /opt/airflow/dags/task_group.py
[2024-06-15T02:43:00.616+0000] {processor.py:840} INFO - DAG(s) 'task_group' retrieved from /opt/airflow/dags/task_group.py
[2024-06-15T02:43:00.638+0000] {logging_mixin.py:188} INFO - [2024-06-15T02:43:00.637+0000] {dag.py:3047} INFO - Sync 1 DAGs
[2024-06-15T02:43:00.646+0000] {logging_mixin.py:188} INFO - [2024-06-15T02:43:00.646+0000] {dag.py:3834} INFO - Setting next_dagrun for task_group to None, run_after=None
[2024-06-15T02:43:00.669+0000] {processor.py:183} INFO - Processing /opt/airflow/dags/task_group.py took 0.069 seconds
[2024-06-15T02:43:31.065+0000] {processor.py:161} INFO - Started process (PID=652) to work on /opt/airflow/dags/task_group.py
[2024-06-15T02:43:31.066+0000] {processor.py:830} INFO - Processing file /opt/airflow/dags/task_group.py for tasks to queue
[2024-06-15T02:43:31.067+0000] {logging_mixin.py:188} INFO - [2024-06-15T02:43:31.067+0000] {dagbag.py:540} INFO - Filling up the DagBag from /opt/airflow/dags/task_group.py
[2024-06-15T02:43:31.082+0000] {processor.py:840} INFO - DAG(s) 'task_group' retrieved from /opt/airflow/dags/task_group.py
[2024-06-15T02:43:31.110+0000] {logging_mixin.py:188} INFO - [2024-06-15T02:43:31.110+0000] {dag.py:3047} INFO - Sync 1 DAGs
[2024-06-15T02:43:31.122+0000] {logging_mixin.py:188} INFO - [2024-06-15T02:43:31.121+0000] {dag.py:3834} INFO - Setting next_dagrun for task_group to None, run_after=None
[2024-06-15T02:43:31.145+0000] {processor.py:183} INFO - Processing /opt/airflow/dags/task_group.py took 0.082 seconds
[2024-06-15T02:44:01.432+0000] {processor.py:161} INFO - Started process (PID=675) to work on /opt/airflow/dags/task_group.py
[2024-06-15T02:44:01.433+0000] {processor.py:830} INFO - Processing file /opt/airflow/dags/task_group.py for tasks to queue
[2024-06-15T02:44:01.434+0000] {logging_mixin.py:188} INFO - [2024-06-15T02:44:01.434+0000] {dagbag.py:540} INFO - Filling up the DagBag from /opt/airflow/dags/task_group.py
[2024-06-15T02:44:01.446+0000] {processor.py:840} INFO - DAG(s) 'task_group' retrieved from /opt/airflow/dags/task_group.py
[2024-06-15T02:44:01.469+0000] {logging_mixin.py:188} INFO - [2024-06-15T02:44:01.469+0000] {dag.py:3047} INFO - Sync 1 DAGs
[2024-06-15T02:44:01.478+0000] {logging_mixin.py:188} INFO - [2024-06-15T02:44:01.478+0000] {dag.py:3834} INFO - Setting next_dagrun for task_group to None, run_after=None
[2024-06-15T02:44:01.497+0000] {processor.py:183} INFO - Processing /opt/airflow/dags/task_group.py took 0.066 seconds
[2024-06-15T02:44:32.157+0000] {processor.py:161} INFO - Started process (PID=698) to work on /opt/airflow/dags/task_group.py
[2024-06-15T02:44:32.157+0000] {processor.py:830} INFO - Processing file /opt/airflow/dags/task_group.py for tasks to queue
[2024-06-15T02:44:32.159+0000] {logging_mixin.py:188} INFO - [2024-06-15T02:44:32.159+0000] {dagbag.py:540} INFO - Filling up the DagBag from /opt/airflow/dags/task_group.py
[2024-06-15T02:44:32.173+0000] {processor.py:840} INFO - DAG(s) 'task_group' retrieved from /opt/airflow/dags/task_group.py
[2024-06-15T02:44:32.197+0000] {logging_mixin.py:188} INFO - [2024-06-15T02:44:32.196+0000] {dag.py:3047} INFO - Sync 1 DAGs
[2024-06-15T02:44:32.205+0000] {logging_mixin.py:188} INFO - [2024-06-15T02:44:32.205+0000] {dag.py:3834} INFO - Setting next_dagrun for task_group to None, run_after=None
[2024-06-15T02:44:32.225+0000] {processor.py:183} INFO - Processing /opt/airflow/dags/task_group.py took 0.070 seconds
[2024-06-15T02:45:02.855+0000] {processor.py:161} INFO - Started process (PID=723) to work on /opt/airflow/dags/task_group.py
[2024-06-15T02:45:02.856+0000] {processor.py:830} INFO - Processing file /opt/airflow/dags/task_group.py for tasks to queue
[2024-06-15T02:45:02.857+0000] {logging_mixin.py:188} INFO - [2024-06-15T02:45:02.857+0000] {dagbag.py:540} INFO - Filling up the DagBag from /opt/airflow/dags/task_group.py
[2024-06-15T02:45:02.871+0000] {processor.py:840} INFO - DAG(s) 'task_group' retrieved from /opt/airflow/dags/task_group.py
[2024-06-15T02:45:02.899+0000] {logging_mixin.py:188} INFO - [2024-06-15T02:45:02.899+0000] {dag.py:3047} INFO - Sync 1 DAGs
[2024-06-15T02:45:02.909+0000] {logging_mixin.py:188} INFO - [2024-06-15T02:45:02.909+0000] {dag.py:3834} INFO - Setting next_dagrun for task_group to None, run_after=None
[2024-06-15T02:45:02.929+0000] {processor.py:183} INFO - Processing /opt/airflow/dags/task_group.py took 0.076 seconds
[2024-06-15T02:45:33.405+0000] {processor.py:161} INFO - Started process (PID=746) to work on /opt/airflow/dags/task_group.py
[2024-06-15T02:45:33.406+0000] {processor.py:830} INFO - Processing file /opt/airflow/dags/task_group.py for tasks to queue
[2024-06-15T02:45:33.408+0000] {logging_mixin.py:188} INFO - [2024-06-15T02:45:33.408+0000] {dagbag.py:540} INFO - Filling up the DagBag from /opt/airflow/dags/task_group.py
[2024-06-15T02:45:33.421+0000] {processor.py:840} INFO - DAG(s) 'task_group' retrieved from /opt/airflow/dags/task_group.py
[2024-06-15T02:45:33.444+0000] {logging_mixin.py:188} INFO - [2024-06-15T02:45:33.444+0000] {dag.py:3047} INFO - Sync 1 DAGs
[2024-06-15T02:45:33.453+0000] {logging_mixin.py:188} INFO - [2024-06-15T02:45:33.453+0000] {dag.py:3834} INFO - Setting next_dagrun for task_group to None, run_after=None
[2024-06-15T02:45:33.475+0000] {processor.py:183} INFO - Processing /opt/airflow/dags/task_group.py took 0.071 seconds
[2024-06-15T02:46:04.069+0000] {processor.py:161} INFO - Started process (PID=770) to work on /opt/airflow/dags/task_group.py
[2024-06-15T02:46:04.069+0000] {processor.py:830} INFO - Processing file /opt/airflow/dags/task_group.py for tasks to queue
[2024-06-15T02:46:04.071+0000] {logging_mixin.py:188} INFO - [2024-06-15T02:46:04.071+0000] {dagbag.py:540} INFO - Filling up the DagBag from /opt/airflow/dags/task_group.py
[2024-06-15T02:46:04.082+0000] {processor.py:840} INFO - DAG(s) 'task_group' retrieved from /opt/airflow/dags/task_group.py
[2024-06-15T02:46:04.108+0000] {logging_mixin.py:188} INFO - [2024-06-15T02:46:04.108+0000] {dag.py:3047} INFO - Sync 1 DAGs
[2024-06-15T02:46:04.116+0000] {logging_mixin.py:188} INFO - [2024-06-15T02:46:04.115+0000] {dag.py:3834} INFO - Setting next_dagrun for task_group to None, run_after=None
[2024-06-15T02:46:04.131+0000] {processor.py:183} INFO - Processing /opt/airflow/dags/task_group.py took 0.064 seconds
[2024-06-15T02:46:34.419+0000] {processor.py:161} INFO - Started process (PID=793) to work on /opt/airflow/dags/task_group.py
[2024-06-15T02:46:34.420+0000] {processor.py:830} INFO - Processing file /opt/airflow/dags/task_group.py for tasks to queue
[2024-06-15T02:46:34.421+0000] {logging_mixin.py:188} INFO - [2024-06-15T02:46:34.420+0000] {dagbag.py:540} INFO - Filling up the DagBag from /opt/airflow/dags/task_group.py
[2024-06-15T02:46:34.430+0000] {processor.py:840} INFO - DAG(s) 'task_group' retrieved from /opt/airflow/dags/task_group.py
[2024-06-15T02:46:34.461+0000] {logging_mixin.py:188} INFO - [2024-06-15T02:46:34.461+0000] {dag.py:3047} INFO - Sync 1 DAGs
[2024-06-15T02:46:34.470+0000] {logging_mixin.py:188} INFO - [2024-06-15T02:46:34.469+0000] {dag.py:3834} INFO - Setting next_dagrun for task_group to None, run_after=None
[2024-06-15T02:46:34.487+0000] {processor.py:183} INFO - Processing /opt/airflow/dags/task_group.py took 0.070 seconds
[2024-06-15T02:47:04.720+0000] {processor.py:161} INFO - Started process (PID=818) to work on /opt/airflow/dags/task_group.py
[2024-06-15T02:47:04.720+0000] {processor.py:830} INFO - Processing file /opt/airflow/dags/task_group.py for tasks to queue
[2024-06-15T02:47:04.722+0000] {logging_mixin.py:188} INFO - [2024-06-15T02:47:04.721+0000] {dagbag.py:540} INFO - Filling up the DagBag from /opt/airflow/dags/task_group.py
[2024-06-15T02:47:04.731+0000] {processor.py:840} INFO - DAG(s) 'task_group' retrieved from /opt/airflow/dags/task_group.py
[2024-06-15T02:47:04.761+0000] {logging_mixin.py:188} INFO - [2024-06-15T02:47:04.761+0000] {dag.py:3047} INFO - Sync 1 DAGs
[2024-06-15T02:47:04.769+0000] {logging_mixin.py:188} INFO - [2024-06-15T02:47:04.769+0000] {dag.py:3834} INFO - Setting next_dagrun for task_group to None, run_after=None
[2024-06-15T02:47:04.790+0000] {processor.py:183} INFO - Processing /opt/airflow/dags/task_group.py took 0.072 seconds
[2024-06-15T02:47:35.035+0000] {processor.py:161} INFO - Started process (PID=842) to work on /opt/airflow/dags/task_group.py
[2024-06-15T02:47:35.036+0000] {processor.py:830} INFO - Processing file /opt/airflow/dags/task_group.py for tasks to queue
[2024-06-15T02:47:35.037+0000] {logging_mixin.py:188} INFO - [2024-06-15T02:47:35.037+0000] {dagbag.py:540} INFO - Filling up the DagBag from /opt/airflow/dags/task_group.py
[2024-06-15T02:47:35.050+0000] {processor.py:840} INFO - DAG(s) 'task_group' retrieved from /opt/airflow/dags/task_group.py
[2024-06-15T02:47:35.078+0000] {logging_mixin.py:188} INFO - [2024-06-15T02:47:35.078+0000] {dag.py:3047} INFO - Sync 1 DAGs
[2024-06-15T02:47:35.088+0000] {logging_mixin.py:188} INFO - [2024-06-15T02:47:35.088+0000] {dag.py:3834} INFO - Setting next_dagrun for task_group to None, run_after=None
[2024-06-15T02:47:35.111+0000] {processor.py:183} INFO - Processing /opt/airflow/dags/task_group.py took 0.077 seconds
[2024-06-15T02:48:05.672+0000] {processor.py:161} INFO - Started process (PID=866) to work on /opt/airflow/dags/task_group.py
[2024-06-15T02:48:05.672+0000] {processor.py:830} INFO - Processing file /opt/airflow/dags/task_group.py for tasks to queue
[2024-06-15T02:48:05.673+0000] {logging_mixin.py:188} INFO - [2024-06-15T02:48:05.673+0000] {dagbag.py:540} INFO - Filling up the DagBag from /opt/airflow/dags/task_group.py
[2024-06-15T02:48:05.702+0000] {processor.py:840} INFO - DAG(s) 'task_group' retrieved from /opt/airflow/dags/task_group.py
[2024-06-15T02:48:05.790+0000] {logging_mixin.py:188} INFO - [2024-06-15T02:48:05.790+0000] {dag.py:3047} INFO - Sync 1 DAGs
[2024-06-15T02:48:05.799+0000] {logging_mixin.py:188} INFO - [2024-06-15T02:48:05.799+0000] {dag.py:3834} INFO - Setting next_dagrun for task_group to None, run_after=None
[2024-06-15T02:48:05.840+0000] {processor.py:183} INFO - Processing /opt/airflow/dags/task_group.py took 0.170 seconds
[2024-06-15T02:48:36.288+0000] {processor.py:161} INFO - Started process (PID=889) to work on /opt/airflow/dags/task_group.py
[2024-06-15T02:48:36.288+0000] {processor.py:830} INFO - Processing file /opt/airflow/dags/task_group.py for tasks to queue
[2024-06-15T02:48:36.289+0000] {logging_mixin.py:188} INFO - [2024-06-15T02:48:36.289+0000] {dagbag.py:540} INFO - Filling up the DagBag from /opt/airflow/dags/task_group.py
[2024-06-15T02:48:36.301+0000] {processor.py:840} INFO - DAG(s) 'task_group' retrieved from /opt/airflow/dags/task_group.py
[2024-06-15T02:48:36.324+0000] {logging_mixin.py:188} INFO - [2024-06-15T02:48:36.324+0000] {dag.py:3047} INFO - Sync 1 DAGs
[2024-06-15T02:48:36.335+0000] {logging_mixin.py:188} INFO - [2024-06-15T02:48:36.335+0000] {dag.py:3834} INFO - Setting next_dagrun for task_group to None, run_after=None
[2024-06-15T02:48:36.351+0000] {processor.py:183} INFO - Processing /opt/airflow/dags/task_group.py took 0.064 seconds
[2024-06-15T02:49:06.825+0000] {processor.py:161} INFO - Started process (PID=912) to work on /opt/airflow/dags/task_group.py
[2024-06-15T02:49:06.826+0000] {processor.py:830} INFO - Processing file /opt/airflow/dags/task_group.py for tasks to queue
[2024-06-15T02:49:06.828+0000] {logging_mixin.py:188} INFO - [2024-06-15T02:49:06.827+0000] {dagbag.py:540} INFO - Filling up the DagBag from /opt/airflow/dags/task_group.py
[2024-06-15T02:49:06.838+0000] {processor.py:840} INFO - DAG(s) 'task_group' retrieved from /opt/airflow/dags/task_group.py
[2024-06-15T02:49:06.857+0000] {logging_mixin.py:188} INFO - [2024-06-15T02:49:06.857+0000] {dag.py:3047} INFO - Sync 1 DAGs
[2024-06-15T02:49:06.869+0000] {logging_mixin.py:188} INFO - [2024-06-15T02:49:06.869+0000] {dag.py:3834} INFO - Setting next_dagrun for task_group to None, run_after=None
[2024-06-15T02:49:06.904+0000] {processor.py:183} INFO - Processing /opt/airflow/dags/task_group.py took 0.081 seconds
[2024-06-15T02:49:37.162+0000] {processor.py:161} INFO - Started process (PID=959) to work on /opt/airflow/dags/task_group.py
[2024-06-15T02:49:37.163+0000] {processor.py:830} INFO - Processing file /opt/airflow/dags/task_group.py for tasks to queue
[2024-06-15T02:49:37.165+0000] {logging_mixin.py:188} INFO - [2024-06-15T02:49:37.164+0000] {dagbag.py:540} INFO - Filling up the DagBag from /opt/airflow/dags/task_group.py
[2024-06-15T02:49:37.188+0000] {processor.py:840} INFO - DAG(s) 'task_group' retrieved from /opt/airflow/dags/task_group.py
[2024-06-15T02:49:37.236+0000] {logging_mixin.py:188} INFO - [2024-06-15T02:49:37.235+0000] {dag.py:3047} INFO - Sync 1 DAGs
[2024-06-15T02:49:37.249+0000] {logging_mixin.py:188} INFO - [2024-06-15T02:49:37.249+0000] {dag.py:3834} INFO - Setting next_dagrun for task_group to None, run_after=None
[2024-06-15T02:49:37.279+0000] {processor.py:183} INFO - Processing /opt/airflow/dags/task_group.py took 0.120 seconds
[2024-06-15T02:50:07.751+0000] {processor.py:161} INFO - Started process (PID=991) to work on /opt/airflow/dags/task_group.py
[2024-06-15T02:50:07.752+0000] {processor.py:830} INFO - Processing file /opt/airflow/dags/task_group.py for tasks to queue
[2024-06-15T02:50:07.753+0000] {logging_mixin.py:188} INFO - [2024-06-15T02:50:07.753+0000] {dagbag.py:540} INFO - Filling up the DagBag from /opt/airflow/dags/task_group.py
[2024-06-15T02:50:07.767+0000] {processor.py:840} INFO - DAG(s) 'task_group' retrieved from /opt/airflow/dags/task_group.py
[2024-06-15T02:50:07.800+0000] {logging_mixin.py:188} INFO - [2024-06-15T02:50:07.799+0000] {dag.py:3047} INFO - Sync 1 DAGs
[2024-06-15T02:50:07.808+0000] {logging_mixin.py:188} INFO - [2024-06-15T02:50:07.807+0000] {dag.py:3834} INFO - Setting next_dagrun for task_group to None, run_after=None
[2024-06-15T02:50:07.825+0000] {processor.py:183} INFO - Processing /opt/airflow/dags/task_group.py took 0.075 seconds
[2024-06-15T02:50:38.210+0000] {processor.py:161} INFO - Started process (PID=1014) to work on /opt/airflow/dags/task_group.py
[2024-06-15T02:50:38.211+0000] {processor.py:830} INFO - Processing file /opt/airflow/dags/task_group.py for tasks to queue
[2024-06-15T02:50:38.213+0000] {logging_mixin.py:188} INFO - [2024-06-15T02:50:38.213+0000] {dagbag.py:540} INFO - Filling up the DagBag from /opt/airflow/dags/task_group.py
[2024-06-15T02:50:38.270+0000] {processor.py:840} INFO - DAG(s) 'task_group' retrieved from /opt/airflow/dags/task_group.py
[2024-06-15T02:50:38.291+0000] {logging_mixin.py:188} INFO - [2024-06-15T02:50:38.291+0000] {dag.py:3047} INFO - Sync 1 DAGs
[2024-06-15T02:50:38.299+0000] {logging_mixin.py:188} INFO - [2024-06-15T02:50:38.299+0000] {dag.py:3834} INFO - Setting next_dagrun for task_group to None, run_after=None
[2024-06-15T02:50:38.325+0000] {processor.py:183} INFO - Processing /opt/airflow/dags/task_group.py took 0.117 seconds
[2024-06-15T02:51:08.810+0000] {processor.py:161} INFO - Started process (PID=1037) to work on /opt/airflow/dags/task_group.py
[2024-06-15T02:51:08.811+0000] {processor.py:830} INFO - Processing file /opt/airflow/dags/task_group.py for tasks to queue
[2024-06-15T02:51:08.812+0000] {logging_mixin.py:188} INFO - [2024-06-15T02:51:08.812+0000] {dagbag.py:540} INFO - Filling up the DagBag from /opt/airflow/dags/task_group.py
[2024-06-15T02:51:08.826+0000] {processor.py:840} INFO - DAG(s) 'task_group' retrieved from /opt/airflow/dags/task_group.py
[2024-06-15T02:51:08.854+0000] {logging_mixin.py:188} INFO - [2024-06-15T02:51:08.854+0000] {dag.py:3047} INFO - Sync 1 DAGs
[2024-06-15T02:51:08.866+0000] {logging_mixin.py:188} INFO - [2024-06-15T02:51:08.866+0000] {dag.py:3834} INFO - Setting next_dagrun for task_group to None, run_after=None
[2024-06-15T02:51:08.885+0000] {processor.py:183} INFO - Processing /opt/airflow/dags/task_group.py took 0.076 seconds
[2024-06-15T02:51:39.315+0000] {processor.py:161} INFO - Started process (PID=1060) to work on /opt/airflow/dags/task_group.py
[2024-06-15T02:51:39.316+0000] {processor.py:830} INFO - Processing file /opt/airflow/dags/task_group.py for tasks to queue
[2024-06-15T02:51:39.317+0000] {logging_mixin.py:188} INFO - [2024-06-15T02:51:39.317+0000] {dagbag.py:540} INFO - Filling up the DagBag from /opt/airflow/dags/task_group.py
[2024-06-15T02:51:39.328+0000] {processor.py:840} INFO - DAG(s) 'task_group' retrieved from /opt/airflow/dags/task_group.py
[2024-06-15T02:51:39.348+0000] {logging_mixin.py:188} INFO - [2024-06-15T02:51:39.348+0000] {dag.py:3047} INFO - Sync 1 DAGs
[2024-06-15T02:51:39.357+0000] {logging_mixin.py:188} INFO - [2024-06-15T02:51:39.357+0000] {dag.py:3834} INFO - Setting next_dagrun for task_group to None, run_after=None
[2024-06-15T02:51:39.375+0000] {processor.py:183} INFO - Processing /opt/airflow/dags/task_group.py took 0.062 seconds
[2024-06-15T02:52:09.812+0000] {processor.py:161} INFO - Started process (PID=1083) to work on /opt/airflow/dags/task_group.py
[2024-06-15T02:52:09.817+0000] {processor.py:830} INFO - Processing file /opt/airflow/dags/task_group.py for tasks to queue
[2024-06-15T02:52:09.819+0000] {logging_mixin.py:188} INFO - [2024-06-15T02:52:09.819+0000] {dagbag.py:540} INFO - Filling up the DagBag from /opt/airflow/dags/task_group.py
[2024-06-15T02:52:09.847+0000] {processor.py:840} INFO - DAG(s) 'task_group' retrieved from /opt/airflow/dags/task_group.py
[2024-06-15T02:52:09.871+0000] {logging_mixin.py:188} INFO - [2024-06-15T02:52:09.871+0000] {dag.py:3047} INFO - Sync 1 DAGs
[2024-06-15T02:52:09.881+0000] {logging_mixin.py:188} INFO - [2024-06-15T02:52:09.880+0000] {dag.py:3834} INFO - Setting next_dagrun for task_group to None, run_after=None
[2024-06-15T02:52:09.900+0000] {processor.py:183} INFO - Processing /opt/airflow/dags/task_group.py took 0.090 seconds
[2024-06-15T02:52:40.468+0000] {processor.py:161} INFO - Started process (PID=1106) to work on /opt/airflow/dags/task_group.py
[2024-06-15T02:52:40.469+0000] {processor.py:830} INFO - Processing file /opt/airflow/dags/task_group.py for tasks to queue
[2024-06-15T02:52:40.470+0000] {logging_mixin.py:188} INFO - [2024-06-15T02:52:40.470+0000] {dagbag.py:540} INFO - Filling up the DagBag from /opt/airflow/dags/task_group.py
[2024-06-15T02:52:40.480+0000] {processor.py:840} INFO - DAG(s) 'task_group' retrieved from /opt/airflow/dags/task_group.py
[2024-06-15T02:52:40.513+0000] {logging_mixin.py:188} INFO - [2024-06-15T02:52:40.512+0000] {dag.py:3047} INFO - Sync 1 DAGs
[2024-06-15T02:52:40.521+0000] {logging_mixin.py:188} INFO - [2024-06-15T02:52:40.520+0000] {dag.py:3834} INFO - Setting next_dagrun for task_group to None, run_after=None
[2024-06-15T02:52:40.542+0000] {processor.py:183} INFO - Processing /opt/airflow/dags/task_group.py took 0.076 seconds
[2024-06-15T02:53:10.913+0000] {processor.py:161} INFO - Started process (PID=1135) to work on /opt/airflow/dags/task_group.py
[2024-06-15T02:53:10.913+0000] {processor.py:830} INFO - Processing file /opt/airflow/dags/task_group.py for tasks to queue
[2024-06-15T02:53:10.915+0000] {logging_mixin.py:188} INFO - [2024-06-15T02:53:10.914+0000] {dagbag.py:540} INFO - Filling up the DagBag from /opt/airflow/dags/task_group.py
[2024-06-15T02:53:10.928+0000] {processor.py:840} INFO - DAG(s) 'task_group' retrieved from /opt/airflow/dags/task_group.py
[2024-06-15T02:53:10.955+0000] {logging_mixin.py:188} INFO - [2024-06-15T02:53:10.955+0000] {dag.py:3047} INFO - Sync 1 DAGs
[2024-06-15T02:53:10.966+0000] {logging_mixin.py:188} INFO - [2024-06-15T02:53:10.966+0000] {dag.py:3834} INFO - Setting next_dagrun for task_group to None, run_after=None
[2024-06-15T02:53:10.987+0000] {processor.py:183} INFO - Processing /opt/airflow/dags/task_group.py took 0.076 seconds
[2024-06-15T02:53:41.442+0000] {processor.py:161} INFO - Started process (PID=1158) to work on /opt/airflow/dags/task_group.py
[2024-06-15T02:53:41.443+0000] {processor.py:830} INFO - Processing file /opt/airflow/dags/task_group.py for tasks to queue
[2024-06-15T02:53:41.445+0000] {logging_mixin.py:188} INFO - [2024-06-15T02:53:41.445+0000] {dagbag.py:540} INFO - Filling up the DagBag from /opt/airflow/dags/task_group.py
[2024-06-15T02:53:41.473+0000] {processor.py:840} INFO - DAG(s) 'task_group' retrieved from /opt/airflow/dags/task_group.py
[2024-06-15T02:53:41.503+0000] {logging_mixin.py:188} INFO - [2024-06-15T02:53:41.503+0000] {dag.py:3047} INFO - Sync 1 DAGs
[2024-06-15T02:53:41.515+0000] {logging_mixin.py:188} INFO - [2024-06-15T02:53:41.514+0000] {dag.py:3834} INFO - Setting next_dagrun for task_group to None, run_after=None
[2024-06-15T02:53:41.545+0000] {processor.py:183} INFO - Processing /opt/airflow/dags/task_group.py took 0.105 seconds
[2024-06-15T02:54:11.871+0000] {processor.py:161} INFO - Started process (PID=1181) to work on /opt/airflow/dags/task_group.py
[2024-06-15T02:54:11.871+0000] {processor.py:830} INFO - Processing file /opt/airflow/dags/task_group.py for tasks to queue
[2024-06-15T02:54:11.873+0000] {logging_mixin.py:188} INFO - [2024-06-15T02:54:11.873+0000] {dagbag.py:540} INFO - Filling up the DagBag from /opt/airflow/dags/task_group.py
[2024-06-15T02:54:11.886+0000] {processor.py:840} INFO - DAG(s) 'task_group' retrieved from /opt/airflow/dags/task_group.py
[2024-06-15T02:54:11.909+0000] {logging_mixin.py:188} INFO - [2024-06-15T02:54:11.909+0000] {dag.py:3047} INFO - Sync 1 DAGs
[2024-06-15T02:54:11.920+0000] {logging_mixin.py:188} INFO - [2024-06-15T02:54:11.920+0000] {dag.py:3834} INFO - Setting next_dagrun for task_group to None, run_after=None
[2024-06-15T02:54:11.942+0000] {processor.py:183} INFO - Processing /opt/airflow/dags/task_group.py took 0.073 seconds
[2024-06-15T02:54:42.558+0000] {processor.py:161} INFO - Started process (PID=1204) to work on /opt/airflow/dags/task_group.py
[2024-06-15T02:54:42.559+0000] {processor.py:830} INFO - Processing file /opt/airflow/dags/task_group.py for tasks to queue
[2024-06-15T02:54:42.560+0000] {logging_mixin.py:188} INFO - [2024-06-15T02:54:42.560+0000] {dagbag.py:540} INFO - Filling up the DagBag from /opt/airflow/dags/task_group.py
[2024-06-15T02:54:42.576+0000] {processor.py:840} INFO - DAG(s) 'task_group' retrieved from /opt/airflow/dags/task_group.py
[2024-06-15T02:54:42.599+0000] {logging_mixin.py:188} INFO - [2024-06-15T02:54:42.599+0000] {dag.py:3047} INFO - Sync 1 DAGs
[2024-06-15T02:54:42.624+0000] {logging_mixin.py:188} INFO - [2024-06-15T02:54:42.624+0000] {dag.py:3834} INFO - Setting next_dagrun for task_group to None, run_after=None
[2024-06-15T02:54:42.667+0000] {processor.py:183} INFO - Processing /opt/airflow/dags/task_group.py took 0.111 seconds
[2024-06-15T02:55:12.751+0000] {processor.py:161} INFO - Started process (PID=1227) to work on /opt/airflow/dags/task_group.py
[2024-06-15T02:55:12.751+0000] {processor.py:830} INFO - Processing file /opt/airflow/dags/task_group.py for tasks to queue
[2024-06-15T02:55:12.753+0000] {logging_mixin.py:188} INFO - [2024-06-15T02:55:12.753+0000] {dagbag.py:540} INFO - Filling up the DagBag from /opt/airflow/dags/task_group.py
[2024-06-15T02:55:12.769+0000] {processor.py:840} INFO - DAG(s) 'task_group' retrieved from /opt/airflow/dags/task_group.py
[2024-06-15T02:55:12.789+0000] {logging_mixin.py:188} INFO - [2024-06-15T02:55:12.789+0000] {dag.py:3047} INFO - Sync 1 DAGs
[2024-06-15T02:55:12.797+0000] {logging_mixin.py:188} INFO - [2024-06-15T02:55:12.797+0000] {dag.py:3834} INFO - Setting next_dagrun for task_group to None, run_after=None
[2024-06-15T02:55:12.815+0000] {processor.py:183} INFO - Processing /opt/airflow/dags/task_group.py took 0.067 seconds
[2024-06-15T02:55:43.404+0000] {processor.py:161} INFO - Started process (PID=1250) to work on /opt/airflow/dags/task_group.py
[2024-06-15T02:55:43.404+0000] {processor.py:830} INFO - Processing file /opt/airflow/dags/task_group.py for tasks to queue
[2024-06-15T02:55:43.405+0000] {logging_mixin.py:188} INFO - [2024-06-15T02:55:43.405+0000] {dagbag.py:540} INFO - Filling up the DagBag from /opt/airflow/dags/task_group.py
[2024-06-15T02:55:43.421+0000] {processor.py:840} INFO - DAG(s) 'task_group' retrieved from /opt/airflow/dags/task_group.py
[2024-06-15T02:55:43.441+0000] {logging_mixin.py:188} INFO - [2024-06-15T02:55:43.441+0000] {dag.py:3047} INFO - Sync 1 DAGs
[2024-06-15T02:55:43.449+0000] {logging_mixin.py:188} INFO - [2024-06-15T02:55:43.449+0000] {dag.py:3834} INFO - Setting next_dagrun for task_group to None, run_after=None
[2024-06-15T02:55:43.464+0000] {processor.py:183} INFO - Processing /opt/airflow/dags/task_group.py took 0.062 seconds
[2024-06-15T02:56:13.930+0000] {processor.py:161} INFO - Started process (PID=1273) to work on /opt/airflow/dags/task_group.py
[2024-06-15T02:56:13.931+0000] {processor.py:830} INFO - Processing file /opt/airflow/dags/task_group.py for tasks to queue
[2024-06-15T02:56:13.932+0000] {logging_mixin.py:188} INFO - [2024-06-15T02:56:13.932+0000] {dagbag.py:540} INFO - Filling up the DagBag from /opt/airflow/dags/task_group.py
[2024-06-15T02:56:13.945+0000] {processor.py:840} INFO - DAG(s) 'task_group' retrieved from /opt/airflow/dags/task_group.py
[2024-06-15T02:56:13.967+0000] {logging_mixin.py:188} INFO - [2024-06-15T02:56:13.967+0000] {dag.py:3047} INFO - Sync 1 DAGs
[2024-06-15T02:56:13.976+0000] {logging_mixin.py:188} INFO - [2024-06-15T02:56:13.976+0000] {dag.py:3834} INFO - Setting next_dagrun for task_group to None, run_after=None
[2024-06-15T02:56:13.997+0000] {processor.py:183} INFO - Processing /opt/airflow/dags/task_group.py took 0.068 seconds
[2024-06-15T02:56:44.967+0000] {processor.py:161} INFO - Started process (PID=1297) to work on /opt/airflow/dags/task_group.py
[2024-06-15T02:56:44.968+0000] {processor.py:830} INFO - Processing file /opt/airflow/dags/task_group.py for tasks to queue
[2024-06-15T02:56:44.969+0000] {logging_mixin.py:188} INFO - [2024-06-15T02:56:44.969+0000] {dagbag.py:540} INFO - Filling up the DagBag from /opt/airflow/dags/task_group.py
[2024-06-15T02:56:44.985+0000] {processor.py:840} INFO - DAG(s) 'task_group' retrieved from /opt/airflow/dags/task_group.py
[2024-06-15T02:56:45.011+0000] {logging_mixin.py:188} INFO - [2024-06-15T02:56:45.011+0000] {dag.py:3047} INFO - Sync 1 DAGs
[2024-06-15T02:56:45.021+0000] {logging_mixin.py:188} INFO - [2024-06-15T02:56:45.021+0000] {dag.py:3834} INFO - Setting next_dagrun for task_group to None, run_after=None
[2024-06-15T02:56:45.048+0000] {processor.py:183} INFO - Processing /opt/airflow/dags/task_group.py took 0.083 seconds
[2024-06-15T02:57:15.489+0000] {processor.py:161} INFO - Started process (PID=1320) to work on /opt/airflow/dags/task_group.py
[2024-06-15T02:57:15.490+0000] {processor.py:830} INFO - Processing file /opt/airflow/dags/task_group.py for tasks to queue
[2024-06-15T02:57:15.491+0000] {logging_mixin.py:188} INFO - [2024-06-15T02:57:15.491+0000] {dagbag.py:540} INFO - Filling up the DagBag from /opt/airflow/dags/task_group.py
[2024-06-15T02:57:15.505+0000] {processor.py:840} INFO - DAG(s) 'task_group' retrieved from /opt/airflow/dags/task_group.py
[2024-06-15T02:57:15.527+0000] {logging_mixin.py:188} INFO - [2024-06-15T02:57:15.526+0000] {dag.py:3047} INFO - Sync 1 DAGs
[2024-06-15T02:57:15.536+0000] {logging_mixin.py:188} INFO - [2024-06-15T02:57:15.536+0000] {dag.py:3834} INFO - Setting next_dagrun for task_group to None, run_after=None
[2024-06-15T02:57:15.552+0000] {processor.py:183} INFO - Processing /opt/airflow/dags/task_group.py took 0.064 seconds
[2024-06-15T02:57:46.197+0000] {processor.py:161} INFO - Started process (PID=1344) to work on /opt/airflow/dags/task_group.py
[2024-06-15T02:57:46.198+0000] {processor.py:830} INFO - Processing file /opt/airflow/dags/task_group.py for tasks to queue
[2024-06-15T02:57:46.199+0000] {logging_mixin.py:188} INFO - [2024-06-15T02:57:46.199+0000] {dagbag.py:540} INFO - Filling up the DagBag from /opt/airflow/dags/task_group.py
[2024-06-15T02:57:46.209+0000] {processor.py:840} INFO - DAG(s) 'task_group' retrieved from /opt/airflow/dags/task_group.py
[2024-06-15T02:57:46.232+0000] {logging_mixin.py:188} INFO - [2024-06-15T02:57:46.232+0000] {dag.py:3047} INFO - Sync 1 DAGs
[2024-06-15T02:57:46.240+0000] {logging_mixin.py:188} INFO - [2024-06-15T02:57:46.240+0000] {dag.py:3834} INFO - Setting next_dagrun for task_group to None, run_after=None
[2024-06-15T02:57:46.256+0000] {processor.py:183} INFO - Processing /opt/airflow/dags/task_group.py took 0.060 seconds
