[2024-06-15T02:29:46.254+0000] {processor.py:161} INFO - Started process (PID=43) to work on /opt/airflow/dags/task_instance.py
[2024-06-15T02:29:46.254+0000] {processor.py:830} INFO - Processing file /opt/airflow/dags/task_instance.py for tasks to queue
[2024-06-15T02:29:46.255+0000] {logging_mixin.py:188} INFO - [2024-06-15T02:29:46.255+0000] {dagbag.py:540} INFO - Filling up the DagBag from /opt/airflow/dags/task_instance.py
[2024-06-15T02:29:46.267+0000] {processor.py:840} INFO - DAG(s) 'task_instance' retrieved from /opt/airflow/dags/task_instance.py
[2024-06-15T02:29:46.345+0000] {logging_mixin.py:188} INFO - [2024-06-15T02:29:46.345+0000] {dag.py:3047} INFO - Sync 1 DAGs
[2024-06-15T02:29:46.370+0000] {logging_mixin.py:188} INFO - [2024-06-15T02:29:46.370+0000] {dag.py:3834} INFO - Setting next_dagrun for task_instance to None, run_after=None
[2024-06-15T02:29:46.399+0000] {processor.py:183} INFO - Processing /opt/airflow/dags/task_instance.py took 0.147 seconds
[2024-06-15T02:30:16.576+0000] {processor.py:161} INFO - Started process (PID=65) to work on /opt/airflow/dags/task_instance.py
[2024-06-15T02:30:16.576+0000] {processor.py:830} INFO - Processing file /opt/airflow/dags/task_instance.py for tasks to queue
[2024-06-15T02:30:16.577+0000] {logging_mixin.py:188} INFO - [2024-06-15T02:30:16.577+0000] {dagbag.py:540} INFO - Filling up the DagBag from /opt/airflow/dags/task_instance.py
[2024-06-15T02:30:16.586+0000] {processor.py:840} INFO - DAG(s) 'task_instance' retrieved from /opt/airflow/dags/task_instance.py
[2024-06-15T02:30:16.607+0000] {logging_mixin.py:188} INFO - [2024-06-15T02:30:16.607+0000] {dag.py:3047} INFO - Sync 1 DAGs
[2024-06-15T02:30:16.622+0000] {logging_mixin.py:188} INFO - [2024-06-15T02:30:16.622+0000] {dag.py:3834} INFO - Setting next_dagrun for task_instance to None, run_after=None
[2024-06-15T02:30:16.635+0000] {processor.py:183} INFO - Processing /opt/airflow/dags/task_instance.py took 0.062 seconds
[2024-06-15T02:30:47.179+0000] {processor.py:161} INFO - Started process (PID=87) to work on /opt/airflow/dags/task_instance.py
[2024-06-15T02:30:47.180+0000] {processor.py:830} INFO - Processing file /opt/airflow/dags/task_instance.py for tasks to queue
[2024-06-15T02:30:47.181+0000] {logging_mixin.py:188} INFO - [2024-06-15T02:30:47.181+0000] {dagbag.py:540} INFO - Filling up the DagBag from /opt/airflow/dags/task_instance.py
[2024-06-15T02:30:47.195+0000] {processor.py:840} INFO - DAG(s) 'task_instance' retrieved from /opt/airflow/dags/task_instance.py
[2024-06-15T02:30:47.214+0000] {logging_mixin.py:188} INFO - [2024-06-15T02:30:47.214+0000] {dag.py:3047} INFO - Sync 1 DAGs
[2024-06-15T02:30:47.229+0000] {logging_mixin.py:188} INFO - [2024-06-15T02:30:47.229+0000] {dag.py:3834} INFO - Setting next_dagrun for task_instance to None, run_after=None
[2024-06-15T02:30:47.243+0000] {processor.py:183} INFO - Processing /opt/airflow/dags/task_instance.py took 0.066 seconds
[2024-06-15T02:31:17.531+0000] {processor.py:161} INFO - Started process (PID=109) to work on /opt/airflow/dags/task_instance.py
[2024-06-15T02:31:17.532+0000] {processor.py:830} INFO - Processing file /opt/airflow/dags/task_instance.py for tasks to queue
[2024-06-15T02:31:17.533+0000] {logging_mixin.py:188} INFO - [2024-06-15T02:31:17.533+0000] {dagbag.py:540} INFO - Filling up the DagBag from /opt/airflow/dags/task_instance.py
[2024-06-15T02:31:17.550+0000] {processor.py:840} INFO - DAG(s) 'task_instance' retrieved from /opt/airflow/dags/task_instance.py
[2024-06-15T02:31:17.574+0000] {logging_mixin.py:188} INFO - [2024-06-15T02:31:17.573+0000] {dag.py:3047} INFO - Sync 1 DAGs
[2024-06-15T02:31:17.591+0000] {logging_mixin.py:188} INFO - [2024-06-15T02:31:17.591+0000] {dag.py:3834} INFO - Setting next_dagrun for task_instance to None, run_after=None
[2024-06-15T02:31:17.602+0000] {processor.py:183} INFO - Processing /opt/airflow/dags/task_instance.py took 0.073 seconds
[2024-06-15T02:31:48.214+0000] {processor.py:161} INFO - Started process (PID=131) to work on /opt/airflow/dags/task_instance.py
[2024-06-15T02:31:48.214+0000] {processor.py:830} INFO - Processing file /opt/airflow/dags/task_instance.py for tasks to queue
[2024-06-15T02:31:48.215+0000] {logging_mixin.py:188} INFO - [2024-06-15T02:31:48.215+0000] {dagbag.py:540} INFO - Filling up the DagBag from /opt/airflow/dags/task_instance.py
[2024-06-15T02:31:48.226+0000] {processor.py:840} INFO - DAG(s) 'task_instance' retrieved from /opt/airflow/dags/task_instance.py
[2024-06-15T02:31:48.247+0000] {logging_mixin.py:188} INFO - [2024-06-15T02:31:48.247+0000] {dag.py:3047} INFO - Sync 1 DAGs
[2024-06-15T02:31:48.263+0000] {logging_mixin.py:188} INFO - [2024-06-15T02:31:48.263+0000] {dag.py:3834} INFO - Setting next_dagrun for task_instance to None, run_after=None
[2024-06-15T02:31:48.281+0000] {processor.py:183} INFO - Processing /opt/airflow/dags/task_instance.py took 0.069 seconds
[2024-06-15T02:32:18.672+0000] {processor.py:161} INFO - Started process (PID=153) to work on /opt/airflow/dags/task_instance.py
[2024-06-15T02:32:18.673+0000] {processor.py:830} INFO - Processing file /opt/airflow/dags/task_instance.py for tasks to queue
[2024-06-15T02:32:18.674+0000] {logging_mixin.py:188} INFO - [2024-06-15T02:32:18.674+0000] {dagbag.py:540} INFO - Filling up the DagBag from /opt/airflow/dags/task_instance.py
[2024-06-15T02:32:18.687+0000] {processor.py:840} INFO - DAG(s) 'task_instance' retrieved from /opt/airflow/dags/task_instance.py
[2024-06-15T02:32:18.707+0000] {logging_mixin.py:188} INFO - [2024-06-15T02:32:18.706+0000] {dag.py:3047} INFO - Sync 1 DAGs
[2024-06-15T02:32:18.722+0000] {logging_mixin.py:188} INFO - [2024-06-15T02:32:18.722+0000] {dag.py:3834} INFO - Setting next_dagrun for task_instance to None, run_after=None
[2024-06-15T02:32:18.739+0000] {processor.py:183} INFO - Processing /opt/airflow/dags/task_instance.py took 0.069 seconds
[2024-06-15T02:32:49.149+0000] {processor.py:161} INFO - Started process (PID=175) to work on /opt/airflow/dags/task_instance.py
[2024-06-15T02:32:49.149+0000] {processor.py:830} INFO - Processing file /opt/airflow/dags/task_instance.py for tasks to queue
[2024-06-15T02:32:49.150+0000] {logging_mixin.py:188} INFO - [2024-06-15T02:32:49.150+0000] {dagbag.py:540} INFO - Filling up the DagBag from /opt/airflow/dags/task_instance.py
[2024-06-15T02:32:49.163+0000] {processor.py:840} INFO - DAG(s) 'task_instance' retrieved from /opt/airflow/dags/task_instance.py
[2024-06-15T02:32:49.186+0000] {logging_mixin.py:188} INFO - [2024-06-15T02:32:49.186+0000] {dag.py:3047} INFO - Sync 1 DAGs
[2024-06-15T02:32:49.202+0000] {logging_mixin.py:188} INFO - [2024-06-15T02:32:49.202+0000] {dag.py:3834} INFO - Setting next_dagrun for task_instance to None, run_after=None
[2024-06-15T02:32:49.218+0000] {processor.py:183} INFO - Processing /opt/airflow/dags/task_instance.py took 0.071 seconds
[2024-06-15T02:33:19.981+0000] {processor.py:161} INFO - Started process (PID=197) to work on /opt/airflow/dags/task_instance.py
[2024-06-15T02:33:19.982+0000] {processor.py:830} INFO - Processing file /opt/airflow/dags/task_instance.py for tasks to queue
[2024-06-15T02:33:19.983+0000] {logging_mixin.py:188} INFO - [2024-06-15T02:33:19.983+0000] {dagbag.py:540} INFO - Filling up the DagBag from /opt/airflow/dags/task_instance.py
[2024-06-15T02:33:19.995+0000] {processor.py:840} INFO - DAG(s) 'task_instance' retrieved from /opt/airflow/dags/task_instance.py
[2024-06-15T02:33:20.021+0000] {logging_mixin.py:188} INFO - [2024-06-15T02:33:20.021+0000] {dag.py:3047} INFO - Sync 1 DAGs
[2024-06-15T02:33:20.038+0000] {logging_mixin.py:188} INFO - [2024-06-15T02:33:20.038+0000] {dag.py:3834} INFO - Setting next_dagrun for task_instance to None, run_after=None
[2024-06-15T02:33:20.063+0000] {processor.py:183} INFO - Processing /opt/airflow/dags/task_instance.py took 0.083 seconds
[2024-06-15T02:33:50.537+0000] {processor.py:161} INFO - Started process (PID=218) to work on /opt/airflow/dags/task_instance.py
[2024-06-15T02:33:50.538+0000] {processor.py:830} INFO - Processing file /opt/airflow/dags/task_instance.py for tasks to queue
[2024-06-15T02:33:50.539+0000] {logging_mixin.py:188} INFO - [2024-06-15T02:33:50.539+0000] {dagbag.py:540} INFO - Filling up the DagBag from /opt/airflow/dags/task_instance.py
[2024-06-15T02:33:50.551+0000] {processor.py:840} INFO - DAG(s) 'task_instance' retrieved from /opt/airflow/dags/task_instance.py
[2024-06-15T02:33:50.572+0000] {logging_mixin.py:188} INFO - [2024-06-15T02:33:50.572+0000] {dag.py:3047} INFO - Sync 1 DAGs
[2024-06-15T02:33:50.588+0000] {logging_mixin.py:188} INFO - [2024-06-15T02:33:50.588+0000] {dag.py:3834} INFO - Setting next_dagrun for task_instance to None, run_after=None
[2024-06-15T02:33:50.606+0000] {processor.py:183} INFO - Processing /opt/airflow/dags/task_instance.py took 0.071 seconds
[2024-06-15T02:34:21.066+0000] {processor.py:161} INFO - Started process (PID=240) to work on /opt/airflow/dags/task_instance.py
[2024-06-15T02:34:21.067+0000] {processor.py:830} INFO - Processing file /opt/airflow/dags/task_instance.py for tasks to queue
[2024-06-15T02:34:21.068+0000] {logging_mixin.py:188} INFO - [2024-06-15T02:34:21.068+0000] {dagbag.py:540} INFO - Filling up the DagBag from /opt/airflow/dags/task_instance.py
[2024-06-15T02:34:21.081+0000] {processor.py:840} INFO - DAG(s) 'task_instance' retrieved from /opt/airflow/dags/task_instance.py
[2024-06-15T02:34:21.107+0000] {logging_mixin.py:188} INFO - [2024-06-15T02:34:21.107+0000] {dag.py:3047} INFO - Sync 1 DAGs
[2024-06-15T02:34:21.124+0000] {logging_mixin.py:188} INFO - [2024-06-15T02:34:21.124+0000] {dag.py:3834} INFO - Setting next_dagrun for task_instance to None, run_after=None
[2024-06-15T02:34:21.138+0000] {processor.py:183} INFO - Processing /opt/airflow/dags/task_instance.py took 0.074 seconds
[2024-06-15T02:34:51.864+0000] {processor.py:161} INFO - Started process (PID=263) to work on /opt/airflow/dags/task_instance.py
[2024-06-15T02:34:51.865+0000] {processor.py:830} INFO - Processing file /opt/airflow/dags/task_instance.py for tasks to queue
[2024-06-15T02:34:51.866+0000] {logging_mixin.py:188} INFO - [2024-06-15T02:34:51.866+0000] {dagbag.py:540} INFO - Filling up the DagBag from /opt/airflow/dags/task_instance.py
[2024-06-15T02:34:51.876+0000] {processor.py:840} INFO - DAG(s) 'task_instance' retrieved from /opt/airflow/dags/task_instance.py
[2024-06-15T02:34:51.897+0000] {logging_mixin.py:188} INFO - [2024-06-15T02:34:51.897+0000] {dag.py:3047} INFO - Sync 1 DAGs
[2024-06-15T02:34:51.917+0000] {logging_mixin.py:188} INFO - [2024-06-15T02:34:51.917+0000] {dag.py:3834} INFO - Setting next_dagrun for task_instance to None, run_after=None
[2024-06-15T02:34:51.933+0000] {processor.py:183} INFO - Processing /opt/airflow/dags/task_instance.py took 0.070 seconds
[2024-06-15T02:35:22.519+0000] {processor.py:161} INFO - Started process (PID=286) to work on /opt/airflow/dags/task_instance.py
[2024-06-15T02:35:22.520+0000] {processor.py:830} INFO - Processing file /opt/airflow/dags/task_instance.py for tasks to queue
[2024-06-15T02:35:22.521+0000] {logging_mixin.py:188} INFO - [2024-06-15T02:35:22.521+0000] {dagbag.py:540} INFO - Filling up the DagBag from /opt/airflow/dags/task_instance.py
[2024-06-15T02:35:22.532+0000] {processor.py:840} INFO - DAG(s) 'task_instance' retrieved from /opt/airflow/dags/task_instance.py
[2024-06-15T02:35:22.557+0000] {logging_mixin.py:188} INFO - [2024-06-15T02:35:22.557+0000] {dag.py:3047} INFO - Sync 1 DAGs
[2024-06-15T02:35:22.577+0000] {logging_mixin.py:188} INFO - [2024-06-15T02:35:22.577+0000] {dag.py:3834} INFO - Setting next_dagrun for task_instance to None, run_after=None
[2024-06-15T02:35:22.594+0000] {processor.py:183} INFO - Processing /opt/airflow/dags/task_instance.py took 0.077 seconds
[2024-06-15T02:35:53.191+0000] {processor.py:161} INFO - Started process (PID=310) to work on /opt/airflow/dags/task_instance.py
[2024-06-15T02:35:53.192+0000] {processor.py:830} INFO - Processing file /opt/airflow/dags/task_instance.py for tasks to queue
[2024-06-15T02:35:53.193+0000] {logging_mixin.py:188} INFO - [2024-06-15T02:35:53.193+0000] {dagbag.py:540} INFO - Filling up the DagBag from /opt/airflow/dags/task_instance.py
[2024-06-15T02:35:53.205+0000] {processor.py:840} INFO - DAG(s) 'task_instance' retrieved from /opt/airflow/dags/task_instance.py
[2024-06-15T02:35:53.226+0000] {logging_mixin.py:188} INFO - [2024-06-15T02:35:53.226+0000] {dag.py:3047} INFO - Sync 1 DAGs
[2024-06-15T02:35:53.243+0000] {logging_mixin.py:188} INFO - [2024-06-15T02:35:53.243+0000] {dag.py:3834} INFO - Setting next_dagrun for task_instance to None, run_after=None
[2024-06-15T02:35:53.257+0000] {processor.py:183} INFO - Processing /opt/airflow/dags/task_instance.py took 0.068 seconds
[2024-06-15T02:36:23.548+0000] {processor.py:161} INFO - Started process (PID=333) to work on /opt/airflow/dags/task_instance.py
[2024-06-15T02:36:23.549+0000] {processor.py:830} INFO - Processing file /opt/airflow/dags/task_instance.py for tasks to queue
[2024-06-15T02:36:23.550+0000] {logging_mixin.py:188} INFO - [2024-06-15T02:36:23.550+0000] {dagbag.py:540} INFO - Filling up the DagBag from /opt/airflow/dags/task_instance.py
[2024-06-15T02:36:23.561+0000] {processor.py:840} INFO - DAG(s) 'task_instance' retrieved from /opt/airflow/dags/task_instance.py
[2024-06-15T02:36:23.587+0000] {logging_mixin.py:188} INFO - [2024-06-15T02:36:23.587+0000] {dag.py:3047} INFO - Sync 1 DAGs
[2024-06-15T02:36:23.604+0000] {logging_mixin.py:188} INFO - [2024-06-15T02:36:23.604+0000] {dag.py:3834} INFO - Setting next_dagrun for task_instance to None, run_after=None
[2024-06-15T02:36:23.617+0000] {processor.py:183} INFO - Processing /opt/airflow/dags/task_instance.py took 0.071 seconds
[2024-06-15T02:36:53.979+0000] {processor.py:161} INFO - Started process (PID=356) to work on /opt/airflow/dags/task_instance.py
[2024-06-15T02:36:53.980+0000] {processor.py:830} INFO - Processing file /opt/airflow/dags/task_instance.py for tasks to queue
[2024-06-15T02:36:53.981+0000] {logging_mixin.py:188} INFO - [2024-06-15T02:36:53.980+0000] {dagbag.py:540} INFO - Filling up the DagBag from /opt/airflow/dags/task_instance.py
[2024-06-15T02:36:53.994+0000] {processor.py:840} INFO - DAG(s) 'task_instance' retrieved from /opt/airflow/dags/task_instance.py
[2024-06-15T02:36:54.018+0000] {logging_mixin.py:188} INFO - [2024-06-15T02:36:54.018+0000] {dag.py:3047} INFO - Sync 1 DAGs
[2024-06-15T02:36:54.037+0000] {logging_mixin.py:188} INFO - [2024-06-15T02:36:54.037+0000] {dag.py:3834} INFO - Setting next_dagrun for task_instance to None, run_after=None
[2024-06-15T02:36:54.060+0000] {processor.py:183} INFO - Processing /opt/airflow/dags/task_instance.py took 0.083 seconds
[2024-06-15T02:37:24.788+0000] {processor.py:161} INFO - Started process (PID=380) to work on /opt/airflow/dags/task_instance.py
[2024-06-15T02:37:24.789+0000] {processor.py:830} INFO - Processing file /opt/airflow/dags/task_instance.py for tasks to queue
[2024-06-15T02:37:24.790+0000] {logging_mixin.py:188} INFO - [2024-06-15T02:37:24.789+0000] {dagbag.py:540} INFO - Filling up the DagBag from /opt/airflow/dags/task_instance.py
[2024-06-15T02:37:24.800+0000] {processor.py:840} INFO - DAG(s) 'task_instance' retrieved from /opt/airflow/dags/task_instance.py
[2024-06-15T02:37:24.818+0000] {logging_mixin.py:188} INFO - [2024-06-15T02:37:24.818+0000] {dag.py:3047} INFO - Sync 1 DAGs
[2024-06-15T02:37:24.846+0000] {logging_mixin.py:188} INFO - [2024-06-15T02:37:24.846+0000] {dag.py:3834} INFO - Setting next_dagrun for task_instance to None, run_after=None
[2024-06-15T02:37:24.859+0000] {processor.py:183} INFO - Processing /opt/airflow/dags/task_instance.py took 0.073 seconds
[2024-06-15T02:37:55.275+0000] {processor.py:161} INFO - Started process (PID=403) to work on /opt/airflow/dags/task_instance.py
[2024-06-15T02:37:55.276+0000] {processor.py:830} INFO - Processing file /opt/airflow/dags/task_instance.py for tasks to queue
[2024-06-15T02:37:55.277+0000] {logging_mixin.py:188} INFO - [2024-06-15T02:37:55.276+0000] {dagbag.py:540} INFO - Filling up the DagBag from /opt/airflow/dags/task_instance.py
[2024-06-15T02:37:55.286+0000] {processor.py:840} INFO - DAG(s) 'task_instance' retrieved from /opt/airflow/dags/task_instance.py
[2024-06-15T02:37:55.309+0000] {logging_mixin.py:188} INFO - [2024-06-15T02:37:55.309+0000] {dag.py:3047} INFO - Sync 1 DAGs
[2024-06-15T02:37:55.327+0000] {logging_mixin.py:188} INFO - [2024-06-15T02:37:55.326+0000] {dag.py:3834} INFO - Setting next_dagrun for task_instance to None, run_after=None
[2024-06-15T02:37:55.341+0000] {processor.py:183} INFO - Processing /opt/airflow/dags/task_instance.py took 0.068 seconds
[2024-06-15T02:38:26.239+0000] {processor.py:161} INFO - Started process (PID=427) to work on /opt/airflow/dags/task_instance.py
[2024-06-15T02:38:26.240+0000] {processor.py:830} INFO - Processing file /opt/airflow/dags/task_instance.py for tasks to queue
[2024-06-15T02:38:26.241+0000] {logging_mixin.py:188} INFO - [2024-06-15T02:38:26.241+0000] {dagbag.py:540} INFO - Filling up the DagBag from /opt/airflow/dags/task_instance.py
[2024-06-15T02:38:26.251+0000] {processor.py:840} INFO - DAG(s) 'task_instance' retrieved from /opt/airflow/dags/task_instance.py
[2024-06-15T02:38:26.270+0000] {logging_mixin.py:188} INFO - [2024-06-15T02:38:26.270+0000] {dag.py:3047} INFO - Sync 1 DAGs
[2024-06-15T02:38:26.285+0000] {logging_mixin.py:188} INFO - [2024-06-15T02:38:26.285+0000] {dag.py:3834} INFO - Setting next_dagrun for task_instance to None, run_after=None
[2024-06-15T02:38:26.297+0000] {processor.py:183} INFO - Processing /opt/airflow/dags/task_instance.py took 0.060 seconds
[2024-06-15T02:38:56.759+0000] {processor.py:161} INFO - Started process (PID=450) to work on /opt/airflow/dags/task_instance.py
[2024-06-15T02:38:56.760+0000] {processor.py:830} INFO - Processing file /opt/airflow/dags/task_instance.py for tasks to queue
[2024-06-15T02:38:56.761+0000] {logging_mixin.py:188} INFO - [2024-06-15T02:38:56.761+0000] {dagbag.py:540} INFO - Filling up the DagBag from /opt/airflow/dags/task_instance.py
[2024-06-15T02:38:56.773+0000] {processor.py:840} INFO - DAG(s) 'task_instance' retrieved from /opt/airflow/dags/task_instance.py
[2024-06-15T02:38:56.796+0000] {logging_mixin.py:188} INFO - [2024-06-15T02:38:56.796+0000] {dag.py:3047} INFO - Sync 1 DAGs
[2024-06-15T02:38:56.815+0000] {logging_mixin.py:188} INFO - [2024-06-15T02:38:56.815+0000] {dag.py:3834} INFO - Setting next_dagrun for task_instance to None, run_after=None
[2024-06-15T02:38:56.830+0000] {processor.py:183} INFO - Processing /opt/airflow/dags/task_instance.py took 0.073 seconds
[2024-06-15T02:39:27.151+0000] {processor.py:161} INFO - Started process (PID=473) to work on /opt/airflow/dags/task_instance.py
[2024-06-15T02:39:27.152+0000] {processor.py:830} INFO - Processing file /opt/airflow/dags/task_instance.py for tasks to queue
[2024-06-15T02:39:27.153+0000] {logging_mixin.py:188} INFO - [2024-06-15T02:39:27.153+0000] {dagbag.py:540} INFO - Filling up the DagBag from /opt/airflow/dags/task_instance.py
[2024-06-15T02:39:27.162+0000] {processor.py:840} INFO - DAG(s) 'task_instance' retrieved from /opt/airflow/dags/task_instance.py
[2024-06-15T02:39:27.182+0000] {logging_mixin.py:188} INFO - [2024-06-15T02:39:27.182+0000] {dag.py:3047} INFO - Sync 1 DAGs
[2024-06-15T02:39:27.197+0000] {logging_mixin.py:188} INFO - [2024-06-15T02:39:27.197+0000] {dag.py:3834} INFO - Setting next_dagrun for task_instance to None, run_after=None
[2024-06-15T02:39:27.216+0000] {processor.py:183} INFO - Processing /opt/airflow/dags/task_instance.py took 0.066 seconds
[2024-06-15T02:39:57.718+0000] {processor.py:161} INFO - Started process (PID=496) to work on /opt/airflow/dags/task_instance.py
[2024-06-15T02:39:57.718+0000] {processor.py:830} INFO - Processing file /opt/airflow/dags/task_instance.py for tasks to queue
[2024-06-15T02:39:57.719+0000] {logging_mixin.py:188} INFO - [2024-06-15T02:39:57.719+0000] {dagbag.py:540} INFO - Filling up the DagBag from /opt/airflow/dags/task_instance.py
[2024-06-15T02:39:57.733+0000] {processor.py:840} INFO - DAG(s) 'task_instance' retrieved from /opt/airflow/dags/task_instance.py
[2024-06-15T02:39:57.752+0000] {logging_mixin.py:188} INFO - [2024-06-15T02:39:57.752+0000] {dag.py:3047} INFO - Sync 1 DAGs
[2024-06-15T02:39:57.768+0000] {logging_mixin.py:188} INFO - [2024-06-15T02:39:57.768+0000] {dag.py:3834} INFO - Setting next_dagrun for task_instance to None, run_after=None
[2024-06-15T02:39:57.779+0000] {processor.py:183} INFO - Processing /opt/airflow/dags/task_instance.py took 0.064 seconds
[2024-06-15T02:40:28.017+0000] {processor.py:161} INFO - Started process (PID=519) to work on /opt/airflow/dags/task_instance.py
[2024-06-15T02:40:28.018+0000] {processor.py:830} INFO - Processing file /opt/airflow/dags/task_instance.py for tasks to queue
[2024-06-15T02:40:28.019+0000] {logging_mixin.py:188} INFO - [2024-06-15T02:40:28.019+0000] {dagbag.py:540} INFO - Filling up the DagBag from /opt/airflow/dags/task_instance.py
[2024-06-15T02:40:28.030+0000] {processor.py:840} INFO - DAG(s) 'task_instance' retrieved from /opt/airflow/dags/task_instance.py
[2024-06-15T02:40:28.050+0000] {logging_mixin.py:188} INFO - [2024-06-15T02:40:28.050+0000] {dag.py:3047} INFO - Sync 1 DAGs
[2024-06-15T02:40:28.069+0000] {logging_mixin.py:188} INFO - [2024-06-15T02:40:28.069+0000] {dag.py:3834} INFO - Setting next_dagrun for task_instance to None, run_after=None
[2024-06-15T02:40:28.082+0000] {processor.py:183} INFO - Processing /opt/airflow/dags/task_instance.py took 0.066 seconds
[2024-06-15T02:40:58.538+0000] {processor.py:161} INFO - Started process (PID=542) to work on /opt/airflow/dags/task_instance.py
[2024-06-15T02:40:58.539+0000] {processor.py:830} INFO - Processing file /opt/airflow/dags/task_instance.py for tasks to queue
[2024-06-15T02:40:58.540+0000] {logging_mixin.py:188} INFO - [2024-06-15T02:40:58.539+0000] {dagbag.py:540} INFO - Filling up the DagBag from /opt/airflow/dags/task_instance.py
[2024-06-15T02:40:58.552+0000] {processor.py:840} INFO - DAG(s) 'task_instance' retrieved from /opt/airflow/dags/task_instance.py
[2024-06-15T02:40:58.570+0000] {logging_mixin.py:188} INFO - [2024-06-15T02:40:58.570+0000] {dag.py:3047} INFO - Sync 1 DAGs
[2024-06-15T02:40:58.589+0000] {logging_mixin.py:188} INFO - [2024-06-15T02:40:58.589+0000] {dag.py:3834} INFO - Setting next_dagrun for task_instance to None, run_after=None
[2024-06-15T02:40:58.612+0000] {processor.py:183} INFO - Processing /opt/airflow/dags/task_instance.py took 0.076 seconds
[2024-06-15T02:41:29.141+0000] {processor.py:161} INFO - Started process (PID=565) to work on /opt/airflow/dags/task_instance.py
[2024-06-15T02:41:29.142+0000] {processor.py:830} INFO - Processing file /opt/airflow/dags/task_instance.py for tasks to queue
[2024-06-15T02:41:29.143+0000] {logging_mixin.py:188} INFO - [2024-06-15T02:41:29.143+0000] {dagbag.py:540} INFO - Filling up the DagBag from /opt/airflow/dags/task_instance.py
[2024-06-15T02:41:29.154+0000] {processor.py:840} INFO - DAG(s) 'task_instance' retrieved from /opt/airflow/dags/task_instance.py
[2024-06-15T02:41:29.173+0000] {logging_mixin.py:188} INFO - [2024-06-15T02:41:29.173+0000] {dag.py:3047} INFO - Sync 1 DAGs
[2024-06-15T02:41:29.188+0000] {logging_mixin.py:188} INFO - [2024-06-15T02:41:29.188+0000] {dag.py:3834} INFO - Setting next_dagrun for task_instance to None, run_after=None
[2024-06-15T02:41:29.201+0000] {processor.py:183} INFO - Processing /opt/airflow/dags/task_instance.py took 0.062 seconds
[2024-06-15T02:41:59.594+0000] {processor.py:161} INFO - Started process (PID=588) to work on /opt/airflow/dags/task_instance.py
[2024-06-15T02:41:59.595+0000] {processor.py:830} INFO - Processing file /opt/airflow/dags/task_instance.py for tasks to queue
[2024-06-15T02:41:59.596+0000] {logging_mixin.py:188} INFO - [2024-06-15T02:41:59.596+0000] {dagbag.py:540} INFO - Filling up the DagBag from /opt/airflow/dags/task_instance.py
[2024-06-15T02:41:59.605+0000] {processor.py:840} INFO - DAG(s) 'task_instance' retrieved from /opt/airflow/dags/task_instance.py
[2024-06-15T02:41:59.626+0000] {logging_mixin.py:188} INFO - [2024-06-15T02:41:59.625+0000] {dag.py:3047} INFO - Sync 1 DAGs
[2024-06-15T02:41:59.640+0000] {logging_mixin.py:188} INFO - [2024-06-15T02:41:59.640+0000] {dag.py:3834} INFO - Setting next_dagrun for task_instance to None, run_after=None
[2024-06-15T02:41:59.652+0000] {processor.py:183} INFO - Processing /opt/airflow/dags/task_instance.py took 0.059 seconds
[2024-06-15T02:42:30.199+0000] {processor.py:161} INFO - Started process (PID=611) to work on /opt/airflow/dags/task_instance.py
[2024-06-15T02:42:30.201+0000] {processor.py:830} INFO - Processing file /opt/airflow/dags/task_instance.py for tasks to queue
[2024-06-15T02:42:30.202+0000] {logging_mixin.py:188} INFO - [2024-06-15T02:42:30.202+0000] {dagbag.py:540} INFO - Filling up the DagBag from /opt/airflow/dags/task_instance.py
[2024-06-15T02:42:30.216+0000] {processor.py:840} INFO - DAG(s) 'task_instance' retrieved from /opt/airflow/dags/task_instance.py
[2024-06-15T02:42:30.238+0000] {logging_mixin.py:188} INFO - [2024-06-15T02:42:30.238+0000] {dag.py:3047} INFO - Sync 1 DAGs
[2024-06-15T02:42:30.254+0000] {logging_mixin.py:188} INFO - [2024-06-15T02:42:30.254+0000] {dag.py:3834} INFO - Setting next_dagrun for task_instance to None, run_after=None
[2024-06-15T02:42:30.269+0000] {processor.py:183} INFO - Processing /opt/airflow/dags/task_instance.py took 0.072 seconds
[2024-06-15T02:43:00.886+0000] {processor.py:161} INFO - Started process (PID=634) to work on /opt/airflow/dags/task_instance.py
[2024-06-15T02:43:00.887+0000] {processor.py:830} INFO - Processing file /opt/airflow/dags/task_instance.py for tasks to queue
[2024-06-15T02:43:00.888+0000] {logging_mixin.py:188} INFO - [2024-06-15T02:43:00.888+0000] {dagbag.py:540} INFO - Filling up the DagBag from /opt/airflow/dags/task_instance.py
[2024-06-15T02:43:00.898+0000] {processor.py:840} INFO - DAG(s) 'task_instance' retrieved from /opt/airflow/dags/task_instance.py
[2024-06-15T02:43:00.918+0000] {logging_mixin.py:188} INFO - [2024-06-15T02:43:00.918+0000] {dag.py:3047} INFO - Sync 1 DAGs
[2024-06-15T02:43:00.934+0000] {logging_mixin.py:188} INFO - [2024-06-15T02:43:00.934+0000] {dag.py:3834} INFO - Setting next_dagrun for task_instance to None, run_after=None
[2024-06-15T02:43:00.958+0000] {processor.py:183} INFO - Processing /opt/airflow/dags/task_instance.py took 0.074 seconds
[2024-06-15T02:43:31.350+0000] {processor.py:161} INFO - Started process (PID=657) to work on /opt/airflow/dags/task_instance.py
[2024-06-15T02:43:31.350+0000] {processor.py:830} INFO - Processing file /opt/airflow/dags/task_instance.py for tasks to queue
[2024-06-15T02:43:31.351+0000] {logging_mixin.py:188} INFO - [2024-06-15T02:43:31.351+0000] {dagbag.py:540} INFO - Filling up the DagBag from /opt/airflow/dags/task_instance.py
[2024-06-15T02:43:31.362+0000] {processor.py:840} INFO - DAG(s) 'task_instance' retrieved from /opt/airflow/dags/task_instance.py
[2024-06-15T02:43:31.384+0000] {logging_mixin.py:188} INFO - [2024-06-15T02:43:31.384+0000] {dag.py:3047} INFO - Sync 1 DAGs
[2024-06-15T02:43:31.400+0000] {logging_mixin.py:188} INFO - [2024-06-15T02:43:31.400+0000] {dag.py:3834} INFO - Setting next_dagrun for task_instance to None, run_after=None
[2024-06-15T02:43:31.414+0000] {processor.py:183} INFO - Processing /opt/airflow/dags/task_instance.py took 0.066 seconds
[2024-06-15T02:44:01.711+0000] {processor.py:161} INFO - Started process (PID=680) to work on /opt/airflow/dags/task_instance.py
[2024-06-15T02:44:01.712+0000] {processor.py:830} INFO - Processing file /opt/airflow/dags/task_instance.py for tasks to queue
[2024-06-15T02:44:01.714+0000] {logging_mixin.py:188} INFO - [2024-06-15T02:44:01.713+0000] {dagbag.py:540} INFO - Filling up the DagBag from /opt/airflow/dags/task_instance.py
[2024-06-15T02:44:01.724+0000] {processor.py:840} INFO - DAG(s) 'task_instance' retrieved from /opt/airflow/dags/task_instance.py
[2024-06-15T02:44:01.744+0000] {logging_mixin.py:188} INFO - [2024-06-15T02:44:01.744+0000] {dag.py:3047} INFO - Sync 1 DAGs
[2024-06-15T02:44:01.764+0000] {logging_mixin.py:188} INFO - [2024-06-15T02:44:01.763+0000] {dag.py:3834} INFO - Setting next_dagrun for task_instance to None, run_after=None
[2024-06-15T02:44:01.782+0000] {processor.py:183} INFO - Processing /opt/airflow/dags/task_instance.py took 0.072 seconds
[2024-06-15T02:44:32.404+0000] {processor.py:161} INFO - Started process (PID=703) to work on /opt/airflow/dags/task_instance.py
[2024-06-15T02:44:32.405+0000] {processor.py:830} INFO - Processing file /opt/airflow/dags/task_instance.py for tasks to queue
[2024-06-15T02:44:32.406+0000] {logging_mixin.py:188} INFO - [2024-06-15T02:44:32.406+0000] {dagbag.py:540} INFO - Filling up the DagBag from /opt/airflow/dags/task_instance.py
[2024-06-15T02:44:32.416+0000] {processor.py:840} INFO - DAG(s) 'task_instance' retrieved from /opt/airflow/dags/task_instance.py
[2024-06-15T02:44:32.438+0000] {logging_mixin.py:188} INFO - [2024-06-15T02:44:32.437+0000] {dag.py:3047} INFO - Sync 1 DAGs
[2024-06-15T02:44:32.452+0000] {logging_mixin.py:188} INFO - [2024-06-15T02:44:32.452+0000] {dag.py:3834} INFO - Setting next_dagrun for task_instance to None, run_after=None
[2024-06-15T02:44:32.474+0000] {processor.py:183} INFO - Processing /opt/airflow/dags/task_instance.py took 0.071 seconds
[2024-06-15T02:45:03.147+0000] {processor.py:161} INFO - Started process (PID=728) to work on /opt/airflow/dags/task_instance.py
[2024-06-15T02:45:03.147+0000] {processor.py:830} INFO - Processing file /opt/airflow/dags/task_instance.py for tasks to queue
[2024-06-15T02:45:03.148+0000] {logging_mixin.py:188} INFO - [2024-06-15T02:45:03.148+0000] {dagbag.py:540} INFO - Filling up the DagBag from /opt/airflow/dags/task_instance.py
[2024-06-15T02:45:03.164+0000] {processor.py:840} INFO - DAG(s) 'task_instance' retrieved from /opt/airflow/dags/task_instance.py
[2024-06-15T02:45:03.187+0000] {logging_mixin.py:188} INFO - [2024-06-15T02:45:03.187+0000] {dag.py:3047} INFO - Sync 1 DAGs
[2024-06-15T02:45:03.206+0000] {logging_mixin.py:188} INFO - [2024-06-15T02:45:03.206+0000] {dag.py:3834} INFO - Setting next_dagrun for task_instance to None, run_after=None
[2024-06-15T02:45:03.222+0000] {processor.py:183} INFO - Processing /opt/airflow/dags/task_instance.py took 0.077 seconds
[2024-06-15T02:45:33.683+0000] {processor.py:161} INFO - Started process (PID=751) to work on /opt/airflow/dags/task_instance.py
[2024-06-15T02:45:33.684+0000] {processor.py:830} INFO - Processing file /opt/airflow/dags/task_instance.py for tasks to queue
[2024-06-15T02:45:33.685+0000] {logging_mixin.py:188} INFO - [2024-06-15T02:45:33.685+0000] {dagbag.py:540} INFO - Filling up the DagBag from /opt/airflow/dags/task_instance.py
[2024-06-15T02:45:33.698+0000] {processor.py:840} INFO - DAG(s) 'task_instance' retrieved from /opt/airflow/dags/task_instance.py
[2024-06-15T02:45:33.725+0000] {logging_mixin.py:188} INFO - [2024-06-15T02:45:33.725+0000] {dag.py:3047} INFO - Sync 1 DAGs
[2024-06-15T02:45:33.743+0000] {logging_mixin.py:188} INFO - [2024-06-15T02:45:33.743+0000] {dag.py:3834} INFO - Setting next_dagrun for task_instance to None, run_after=None
[2024-06-15T02:45:33.762+0000] {processor.py:183} INFO - Processing /opt/airflow/dags/task_instance.py took 0.081 seconds
[2024-06-15T02:46:04.331+0000] {processor.py:161} INFO - Started process (PID=775) to work on /opt/airflow/dags/task_instance.py
[2024-06-15T02:46:04.331+0000] {processor.py:830} INFO - Processing file /opt/airflow/dags/task_instance.py for tasks to queue
[2024-06-15T02:46:04.332+0000] {logging_mixin.py:188} INFO - [2024-06-15T02:46:04.332+0000] {dagbag.py:540} INFO - Filling up the DagBag from /opt/airflow/dags/task_instance.py
[2024-06-15T02:46:04.344+0000] {processor.py:840} INFO - DAG(s) 'task_instance' retrieved from /opt/airflow/dags/task_instance.py
[2024-06-15T02:46:04.369+0000] {logging_mixin.py:188} INFO - [2024-06-15T02:46:04.368+0000] {dag.py:3047} INFO - Sync 1 DAGs
[2024-06-15T02:46:04.388+0000] {logging_mixin.py:188} INFO - [2024-06-15T02:46:04.388+0000] {dag.py:3834} INFO - Setting next_dagrun for task_instance to None, run_after=None
[2024-06-15T02:46:04.415+0000] {processor.py:183} INFO - Processing /opt/airflow/dags/task_instance.py took 0.086 seconds
[2024-06-15T02:46:34.671+0000] {processor.py:161} INFO - Started process (PID=798) to work on /opt/airflow/dags/task_instance.py
[2024-06-15T02:46:34.672+0000] {processor.py:830} INFO - Processing file /opt/airflow/dags/task_instance.py for tasks to queue
[2024-06-15T02:46:34.673+0000] {logging_mixin.py:188} INFO - [2024-06-15T02:46:34.673+0000] {dagbag.py:540} INFO - Filling up the DagBag from /opt/airflow/dags/task_instance.py
[2024-06-15T02:46:34.682+0000] {processor.py:840} INFO - DAG(s) 'task_instance' retrieved from /opt/airflow/dags/task_instance.py
[2024-06-15T02:46:34.701+0000] {logging_mixin.py:188} INFO - [2024-06-15T02:46:34.701+0000] {dag.py:3047} INFO - Sync 1 DAGs
[2024-06-15T02:46:34.715+0000] {logging_mixin.py:188} INFO - [2024-06-15T02:46:34.715+0000] {dag.py:3834} INFO - Setting next_dagrun for task_instance to None, run_after=None
[2024-06-15T02:46:34.731+0000] {processor.py:183} INFO - Processing /opt/airflow/dags/task_instance.py took 0.062 seconds
[2024-06-15T02:47:04.979+0000] {processor.py:161} INFO - Started process (PID=823) to work on /opt/airflow/dags/task_instance.py
[2024-06-15T02:47:04.979+0000] {processor.py:830} INFO - Processing file /opt/airflow/dags/task_instance.py for tasks to queue
[2024-06-15T02:47:04.980+0000] {logging_mixin.py:188} INFO - [2024-06-15T02:47:04.980+0000] {dagbag.py:540} INFO - Filling up the DagBag from /opt/airflow/dags/task_instance.py
[2024-06-15T02:47:04.990+0000] {processor.py:840} INFO - DAG(s) 'task_instance' retrieved from /opt/airflow/dags/task_instance.py
[2024-06-15T02:47:05.020+0000] {logging_mixin.py:188} INFO - [2024-06-15T02:47:05.019+0000] {dag.py:3047} INFO - Sync 1 DAGs
[2024-06-15T02:47:05.033+0000] {logging_mixin.py:188} INFO - [2024-06-15T02:47:05.033+0000] {dag.py:3834} INFO - Setting next_dagrun for task_instance to None, run_after=None
[2024-06-15T02:47:05.045+0000] {processor.py:183} INFO - Processing /opt/airflow/dags/task_instance.py took 0.067 seconds
[2024-06-15T02:47:35.334+0000] {processor.py:161} INFO - Started process (PID=847) to work on /opt/airflow/dags/task_instance.py
[2024-06-15T02:47:35.335+0000] {processor.py:830} INFO - Processing file /opt/airflow/dags/task_instance.py for tasks to queue
[2024-06-15T02:47:35.336+0000] {logging_mixin.py:188} INFO - [2024-06-15T02:47:35.336+0000] {dagbag.py:540} INFO - Filling up the DagBag from /opt/airflow/dags/task_instance.py
[2024-06-15T02:47:35.347+0000] {processor.py:840} INFO - DAG(s) 'task_instance' retrieved from /opt/airflow/dags/task_instance.py
[2024-06-15T02:47:35.376+0000] {logging_mixin.py:188} INFO - [2024-06-15T02:47:35.375+0000] {dag.py:3047} INFO - Sync 1 DAGs
[2024-06-15T02:47:35.397+0000] {logging_mixin.py:188} INFO - [2024-06-15T02:47:35.397+0000] {dag.py:3834} INFO - Setting next_dagrun for task_instance to None, run_after=None
[2024-06-15T02:47:35.416+0000] {processor.py:183} INFO - Processing /opt/airflow/dags/task_instance.py took 0.084 seconds
[2024-06-15T02:48:06.044+0000] {processor.py:161} INFO - Started process (PID=871) to work on /opt/airflow/dags/task_instance.py
[2024-06-15T02:48:06.044+0000] {processor.py:830} INFO - Processing file /opt/airflow/dags/task_instance.py for tasks to queue
[2024-06-15T02:48:06.046+0000] {logging_mixin.py:188} INFO - [2024-06-15T02:48:06.045+0000] {dagbag.py:540} INFO - Filling up the DagBag from /opt/airflow/dags/task_instance.py
[2024-06-15T02:48:06.058+0000] {processor.py:840} INFO - DAG(s) 'task_instance' retrieved from /opt/airflow/dags/task_instance.py
[2024-06-15T02:48:06.082+0000] {logging_mixin.py:188} INFO - [2024-06-15T02:48:06.082+0000] {dag.py:3047} INFO - Sync 1 DAGs
[2024-06-15T02:48:06.097+0000] {logging_mixin.py:188} INFO - [2024-06-15T02:48:06.096+0000] {dag.py:3834} INFO - Setting next_dagrun for task_instance to None, run_after=None
[2024-06-15T02:48:06.109+0000] {processor.py:183} INFO - Processing /opt/airflow/dags/task_instance.py took 0.067 seconds
[2024-06-15T02:48:36.553+0000] {processor.py:161} INFO - Started process (PID=894) to work on /opt/airflow/dags/task_instance.py
[2024-06-15T02:48:36.553+0000] {processor.py:830} INFO - Processing file /opt/airflow/dags/task_instance.py for tasks to queue
[2024-06-15T02:48:36.554+0000] {logging_mixin.py:188} INFO - [2024-06-15T02:48:36.554+0000] {dagbag.py:540} INFO - Filling up the DagBag from /opt/airflow/dags/task_instance.py
[2024-06-15T02:48:36.565+0000] {processor.py:840} INFO - DAG(s) 'task_instance' retrieved from /opt/airflow/dags/task_instance.py
[2024-06-15T02:48:36.589+0000] {logging_mixin.py:188} INFO - [2024-06-15T02:48:36.589+0000] {dag.py:3047} INFO - Sync 1 DAGs
[2024-06-15T02:48:36.606+0000] {logging_mixin.py:188} INFO - [2024-06-15T02:48:36.606+0000] {dag.py:3834} INFO - Setting next_dagrun for task_instance to None, run_after=None
[2024-06-15T02:48:36.623+0000] {processor.py:183} INFO - Processing /opt/airflow/dags/task_instance.py took 0.072 seconds
[2024-06-15T02:49:07.104+0000] {processor.py:161} INFO - Started process (PID=917) to work on /opt/airflow/dags/task_instance.py
[2024-06-15T02:49:07.105+0000] {processor.py:830} INFO - Processing file /opt/airflow/dags/task_instance.py for tasks to queue
[2024-06-15T02:49:07.106+0000] {logging_mixin.py:188} INFO - [2024-06-15T02:49:07.106+0000] {dagbag.py:540} INFO - Filling up the DagBag from /opt/airflow/dags/task_instance.py
[2024-06-15T02:49:07.115+0000] {processor.py:840} INFO - DAG(s) 'task_instance' retrieved from /opt/airflow/dags/task_instance.py
[2024-06-15T02:49:07.148+0000] {logging_mixin.py:188} INFO - [2024-06-15T02:49:07.148+0000] {dag.py:3047} INFO - Sync 1 DAGs
[2024-06-15T02:49:07.165+0000] {logging_mixin.py:188} INFO - [2024-06-15T02:49:07.165+0000] {dag.py:3834} INFO - Setting next_dagrun for task_instance to None, run_after=None
[2024-06-15T02:49:07.179+0000] {processor.py:183} INFO - Processing /opt/airflow/dags/task_instance.py took 0.077 seconds
[2024-06-15T02:49:37.585+0000] {processor.py:161} INFO - Started process (PID=964) to work on /opt/airflow/dags/task_instance.py
[2024-06-15T02:49:37.586+0000] {processor.py:830} INFO - Processing file /opt/airflow/dags/task_instance.py for tasks to queue
[2024-06-15T02:49:37.587+0000] {logging_mixin.py:188} INFO - [2024-06-15T02:49:37.587+0000] {dagbag.py:540} INFO - Filling up the DagBag from /opt/airflow/dags/task_instance.py
[2024-06-15T02:49:37.602+0000] {processor.py:840} INFO - DAG(s) 'task_instance' retrieved from /opt/airflow/dags/task_instance.py
[2024-06-15T02:49:37.635+0000] {logging_mixin.py:188} INFO - [2024-06-15T02:49:37.635+0000] {dag.py:3047} INFO - Sync 1 DAGs
[2024-06-15T02:49:37.654+0000] {logging_mixin.py:188} INFO - [2024-06-15T02:49:37.654+0000] {dag.py:3834} INFO - Setting next_dagrun for task_instance to None, run_after=None
[2024-06-15T02:49:37.674+0000] {processor.py:183} INFO - Processing /opt/airflow/dags/task_instance.py took 0.091 seconds
[2024-06-15T02:50:08.022+0000] {processor.py:161} INFO - Started process (PID=996) to work on /opt/airflow/dags/task_instance.py
[2024-06-15T02:50:08.023+0000] {processor.py:830} INFO - Processing file /opt/airflow/dags/task_instance.py for tasks to queue
[2024-06-15T02:50:08.024+0000] {logging_mixin.py:188} INFO - [2024-06-15T02:50:08.024+0000] {dagbag.py:540} INFO - Filling up the DagBag from /opt/airflow/dags/task_instance.py
[2024-06-15T02:50:08.034+0000] {processor.py:840} INFO - DAG(s) 'task_instance' retrieved from /opt/airflow/dags/task_instance.py
[2024-06-15T02:50:08.056+0000] {logging_mixin.py:188} INFO - [2024-06-15T02:50:08.056+0000] {dag.py:3047} INFO - Sync 1 DAGs
[2024-06-15T02:50:08.075+0000] {logging_mixin.py:188} INFO - [2024-06-15T02:50:08.075+0000] {dag.py:3834} INFO - Setting next_dagrun for task_instance to None, run_after=None
[2024-06-15T02:50:08.094+0000] {processor.py:183} INFO - Processing /opt/airflow/dags/task_instance.py took 0.074 seconds
[2024-06-15T02:50:38.531+0000] {processor.py:161} INFO - Started process (PID=1019) to work on /opt/airflow/dags/task_instance.py
[2024-06-15T02:50:38.532+0000] {processor.py:830} INFO - Processing file /opt/airflow/dags/task_instance.py for tasks to queue
[2024-06-15T02:50:38.533+0000] {logging_mixin.py:188} INFO - [2024-06-15T02:50:38.533+0000] {dagbag.py:540} INFO - Filling up the DagBag from /opt/airflow/dags/task_instance.py
[2024-06-15T02:50:38.544+0000] {processor.py:840} INFO - DAG(s) 'task_instance' retrieved from /opt/airflow/dags/task_instance.py
[2024-06-15T02:50:38.565+0000] {logging_mixin.py:188} INFO - [2024-06-15T02:50:38.565+0000] {dag.py:3047} INFO - Sync 1 DAGs
[2024-06-15T02:50:38.583+0000] {logging_mixin.py:188} INFO - [2024-06-15T02:50:38.583+0000] {dag.py:3834} INFO - Setting next_dagrun for task_instance to None, run_after=None
[2024-06-15T02:50:38.596+0000] {processor.py:183} INFO - Processing /opt/airflow/dags/task_instance.py took 0.066 seconds
[2024-06-15T02:51:09.077+0000] {processor.py:161} INFO - Started process (PID=1042) to work on /opt/airflow/dags/task_instance.py
[2024-06-15T02:51:09.078+0000] {processor.py:830} INFO - Processing file /opt/airflow/dags/task_instance.py for tasks to queue
[2024-06-15T02:51:09.079+0000] {logging_mixin.py:188} INFO - [2024-06-15T02:51:09.079+0000] {dagbag.py:540} INFO - Filling up the DagBag from /opt/airflow/dags/task_instance.py
[2024-06-15T02:51:09.091+0000] {processor.py:840} INFO - DAG(s) 'task_instance' retrieved from /opt/airflow/dags/task_instance.py
[2024-06-15T02:51:09.113+0000] {logging_mixin.py:188} INFO - [2024-06-15T02:51:09.113+0000] {dag.py:3047} INFO - Sync 1 DAGs
[2024-06-15T02:51:09.130+0000] {logging_mixin.py:188} INFO - [2024-06-15T02:51:09.130+0000] {dag.py:3834} INFO - Setting next_dagrun for task_instance to None, run_after=None
[2024-06-15T02:51:09.145+0000] {processor.py:183} INFO - Processing /opt/airflow/dags/task_instance.py took 0.070 seconds
[2024-06-15T02:51:39.570+0000] {processor.py:161} INFO - Started process (PID=1065) to work on /opt/airflow/dags/task_instance.py
[2024-06-15T02:51:39.570+0000] {processor.py:830} INFO - Processing file /opt/airflow/dags/task_instance.py for tasks to queue
[2024-06-15T02:51:39.571+0000] {logging_mixin.py:188} INFO - [2024-06-15T02:51:39.571+0000] {dagbag.py:540} INFO - Filling up the DagBag from /opt/airflow/dags/task_instance.py
[2024-06-15T02:51:39.583+0000] {processor.py:840} INFO - DAG(s) 'task_instance' retrieved from /opt/airflow/dags/task_instance.py
[2024-06-15T02:51:39.603+0000] {logging_mixin.py:188} INFO - [2024-06-15T02:51:39.603+0000] {dag.py:3047} INFO - Sync 1 DAGs
[2024-06-15T02:51:39.620+0000] {logging_mixin.py:188} INFO - [2024-06-15T02:51:39.619+0000] {dag.py:3834} INFO - Setting next_dagrun for task_instance to None, run_after=None
[2024-06-15T02:51:39.639+0000] {processor.py:183} INFO - Processing /opt/airflow/dags/task_instance.py took 0.071 seconds
[2024-06-15T02:52:10.104+0000] {processor.py:161} INFO - Started process (PID=1088) to work on /opt/airflow/dags/task_instance.py
[2024-06-15T02:52:10.105+0000] {processor.py:830} INFO - Processing file /opt/airflow/dags/task_instance.py for tasks to queue
[2024-06-15T02:52:10.106+0000] {logging_mixin.py:188} INFO - [2024-06-15T02:52:10.106+0000] {dagbag.py:540} INFO - Filling up the DagBag from /opt/airflow/dags/task_instance.py
[2024-06-15T02:52:10.122+0000] {processor.py:840} INFO - DAG(s) 'task_instance' retrieved from /opt/airflow/dags/task_instance.py
[2024-06-15T02:52:10.152+0000] {logging_mixin.py:188} INFO - [2024-06-15T02:52:10.152+0000] {dag.py:3047} INFO - Sync 1 DAGs
[2024-06-15T02:52:10.183+0000] {logging_mixin.py:188} INFO - [2024-06-15T02:52:10.183+0000] {dag.py:3834} INFO - Setting next_dagrun for task_instance to None, run_after=None
[2024-06-15T02:52:10.199+0000] {processor.py:183} INFO - Processing /opt/airflow/dags/task_instance.py took 0.097 seconds
[2024-06-15T02:52:40.734+0000] {processor.py:161} INFO - Started process (PID=1117) to work on /opt/airflow/dags/task_instance.py
[2024-06-15T02:52:40.735+0000] {processor.py:830} INFO - Processing file /opt/airflow/dags/task_instance.py for tasks to queue
[2024-06-15T02:52:40.736+0000] {logging_mixin.py:188} INFO - [2024-06-15T02:52:40.736+0000] {dagbag.py:540} INFO - Filling up the DagBag from /opt/airflow/dags/task_instance.py
[2024-06-15T02:52:40.746+0000] {processor.py:840} INFO - DAG(s) 'task_instance' retrieved from /opt/airflow/dags/task_instance.py
[2024-06-15T02:52:40.768+0000] {logging_mixin.py:188} INFO - [2024-06-15T02:52:40.768+0000] {dag.py:3047} INFO - Sync 1 DAGs
[2024-06-15T02:52:40.783+0000] {logging_mixin.py:188} INFO - [2024-06-15T02:52:40.783+0000] {dag.py:3834} INFO - Setting next_dagrun for task_instance to None, run_after=None
[2024-06-15T02:52:40.796+0000] {processor.py:183} INFO - Processing /opt/airflow/dags/task_instance.py took 0.063 seconds
[2024-06-15T02:53:11.204+0000] {processor.py:161} INFO - Started process (PID=1140) to work on /opt/airflow/dags/task_instance.py
[2024-06-15T02:53:11.206+0000] {processor.py:830} INFO - Processing file /opt/airflow/dags/task_instance.py for tasks to queue
[2024-06-15T02:53:11.207+0000] {logging_mixin.py:188} INFO - [2024-06-15T02:53:11.207+0000] {dagbag.py:540} INFO - Filling up the DagBag from /opt/airflow/dags/task_instance.py
[2024-06-15T02:53:11.218+0000] {processor.py:840} INFO - DAG(s) 'task_instance' retrieved from /opt/airflow/dags/task_instance.py
[2024-06-15T02:53:11.241+0000] {logging_mixin.py:188} INFO - [2024-06-15T02:53:11.241+0000] {dag.py:3047} INFO - Sync 1 DAGs
[2024-06-15T02:53:11.259+0000] {logging_mixin.py:188} INFO - [2024-06-15T02:53:11.258+0000] {dag.py:3834} INFO - Setting next_dagrun for task_instance to None, run_after=None
[2024-06-15T02:53:11.281+0000] {processor.py:183} INFO - Processing /opt/airflow/dags/task_instance.py took 0.079 seconds
[2024-06-15T02:53:41.757+0000] {processor.py:161} INFO - Started process (PID=1163) to work on /opt/airflow/dags/task_instance.py
[2024-06-15T02:53:41.758+0000] {processor.py:830} INFO - Processing file /opt/airflow/dags/task_instance.py for tasks to queue
[2024-06-15T02:53:41.759+0000] {logging_mixin.py:188} INFO - [2024-06-15T02:53:41.759+0000] {dagbag.py:540} INFO - Filling up the DagBag from /opt/airflow/dags/task_instance.py
[2024-06-15T02:53:41.769+0000] {processor.py:840} INFO - DAG(s) 'task_instance' retrieved from /opt/airflow/dags/task_instance.py
[2024-06-15T02:53:41.790+0000] {logging_mixin.py:188} INFO - [2024-06-15T02:53:41.790+0000] {dag.py:3047} INFO - Sync 1 DAGs
[2024-06-15T02:53:41.807+0000] {logging_mixin.py:188} INFO - [2024-06-15T02:53:41.807+0000] {dag.py:3834} INFO - Setting next_dagrun for task_instance to None, run_after=None
[2024-06-15T02:53:41.820+0000] {processor.py:183} INFO - Processing /opt/airflow/dags/task_instance.py took 0.065 seconds
[2024-06-15T02:54:12.136+0000] {processor.py:161} INFO - Started process (PID=1186) to work on /opt/airflow/dags/task_instance.py
[2024-06-15T02:54:12.136+0000] {processor.py:830} INFO - Processing file /opt/airflow/dags/task_instance.py for tasks to queue
[2024-06-15T02:54:12.138+0000] {logging_mixin.py:188} INFO - [2024-06-15T02:54:12.137+0000] {dagbag.py:540} INFO - Filling up the DagBag from /opt/airflow/dags/task_instance.py
[2024-06-15T02:54:12.148+0000] {processor.py:840} INFO - DAG(s) 'task_instance' retrieved from /opt/airflow/dags/task_instance.py
[2024-06-15T02:54:12.165+0000] {logging_mixin.py:188} INFO - [2024-06-15T02:54:12.165+0000] {dag.py:3047} INFO - Sync 1 DAGs
[2024-06-15T02:54:12.182+0000] {logging_mixin.py:188} INFO - [2024-06-15T02:54:12.182+0000] {dag.py:3834} INFO - Setting next_dagrun for task_instance to None, run_after=None
[2024-06-15T02:54:12.230+0000] {processor.py:183} INFO - Processing /opt/airflow/dags/task_instance.py took 0.096 seconds
[2024-06-15T02:54:42.937+0000] {processor.py:161} INFO - Started process (PID=1209) to work on /opt/airflow/dags/task_instance.py
[2024-06-15T02:54:42.938+0000] {processor.py:830} INFO - Processing file /opt/airflow/dags/task_instance.py for tasks to queue
[2024-06-15T02:54:42.939+0000] {logging_mixin.py:188} INFO - [2024-06-15T02:54:42.939+0000] {dagbag.py:540} INFO - Filling up the DagBag from /opt/airflow/dags/task_instance.py
[2024-06-15T02:54:42.950+0000] {processor.py:840} INFO - DAG(s) 'task_instance' retrieved from /opt/airflow/dags/task_instance.py
[2024-06-15T02:54:42.968+0000] {logging_mixin.py:188} INFO - [2024-06-15T02:54:42.968+0000] {dag.py:3047} INFO - Sync 1 DAGs
[2024-06-15T02:54:42.986+0000] {logging_mixin.py:188} INFO - [2024-06-15T02:54:42.985+0000] {dag.py:3834} INFO - Setting next_dagrun for task_instance to None, run_after=None
[2024-06-15T02:54:43.006+0000] {processor.py:183} INFO - Processing /opt/airflow/dags/task_instance.py took 0.070 seconds
