[2024-06-15T02:29:46.111+0000] {processor.py:161} INFO - Started process (PID=42) to work on /opt/airflow/dags/trigger_dag_run_dag1.py
[2024-06-15T02:29:46.112+0000] {processor.py:830} INFO - Processing file /opt/airflow/dags/trigger_dag_run_dag1.py for tasks to queue
[2024-06-15T02:29:46.113+0000] {logging_mixin.py:188} INFO - [2024-06-15T02:29:46.113+0000] {dagbag.py:540} INFO - Filling up the DagBag from /opt/airflow/dags/trigger_dag_run_dag1.py
[2024-06-15T02:29:46.125+0000] {processor.py:840} INFO - DAG(s) 'trigger_dag_run_dag1' retrieved from /opt/airflow/dags/trigger_dag_run_dag1.py
[2024-06-15T02:29:46.197+0000] {logging_mixin.py:188} INFO - [2024-06-15T02:29:46.196+0000] {dag.py:3047} INFO - Sync 1 DAGs
[2024-06-15T02:29:46.206+0000] {logging_mixin.py:188} INFO - [2024-06-15T02:29:46.206+0000] {dag.py:3834} INFO - Setting next_dagrun for trigger_dag_run_dag1 to None, run_after=None
[2024-06-15T02:29:46.224+0000] {processor.py:183} INFO - Processing /opt/airflow/dags/trigger_dag_run_dag1.py took 0.115 seconds
[2024-06-15T02:30:16.501+0000] {processor.py:161} INFO - Started process (PID=64) to work on /opt/airflow/dags/trigger_dag_run_dag1.py
[2024-06-15T02:30:16.501+0000] {processor.py:830} INFO - Processing file /opt/airflow/dags/trigger_dag_run_dag1.py for tasks to queue
[2024-06-15T02:30:16.502+0000] {logging_mixin.py:188} INFO - [2024-06-15T02:30:16.502+0000] {dagbag.py:540} INFO - Filling up the DagBag from /opt/airflow/dags/trigger_dag_run_dag1.py
[2024-06-15T02:30:16.511+0000] {processor.py:840} INFO - DAG(s) 'trigger_dag_run_dag1' retrieved from /opt/airflow/dags/trigger_dag_run_dag1.py
[2024-06-15T02:30:16.530+0000] {logging_mixin.py:188} INFO - [2024-06-15T02:30:16.529+0000] {dag.py:3047} INFO - Sync 1 DAGs
[2024-06-15T02:30:16.539+0000] {logging_mixin.py:188} INFO - [2024-06-15T02:30:16.539+0000] {dag.py:3834} INFO - Setting next_dagrun for trigger_dag_run_dag1 to None, run_after=None
[2024-06-15T02:30:16.555+0000] {processor.py:183} INFO - Processing /opt/airflow/dags/trigger_dag_run_dag1.py took 0.055 seconds
[2024-06-15T02:30:47.092+0000] {processor.py:161} INFO - Started process (PID=86) to work on /opt/airflow/dags/trigger_dag_run_dag1.py
[2024-06-15T02:30:47.093+0000] {processor.py:830} INFO - Processing file /opt/airflow/dags/trigger_dag_run_dag1.py for tasks to queue
[2024-06-15T02:30:47.094+0000] {logging_mixin.py:188} INFO - [2024-06-15T02:30:47.093+0000] {dagbag.py:540} INFO - Filling up the DagBag from /opt/airflow/dags/trigger_dag_run_dag1.py
[2024-06-15T02:30:47.102+0000] {processor.py:840} INFO - DAG(s) 'trigger_dag_run_dag1' retrieved from /opt/airflow/dags/trigger_dag_run_dag1.py
[2024-06-15T02:30:47.127+0000] {logging_mixin.py:188} INFO - [2024-06-15T02:30:47.127+0000] {dag.py:3047} INFO - Sync 1 DAGs
[2024-06-15T02:30:47.136+0000] {logging_mixin.py:188} INFO - [2024-06-15T02:30:47.136+0000] {dag.py:3834} INFO - Setting next_dagrun for trigger_dag_run_dag1 to None, run_after=None
[2024-06-15T02:30:47.157+0000] {processor.py:183} INFO - Processing /opt/airflow/dags/trigger_dag_run_dag1.py took 0.067 seconds
[2024-06-15T02:31:17.447+0000] {processor.py:161} INFO - Started process (PID=108) to work on /opt/airflow/dags/trigger_dag_run_dag1.py
[2024-06-15T02:31:17.448+0000] {processor.py:830} INFO - Processing file /opt/airflow/dags/trigger_dag_run_dag1.py for tasks to queue
[2024-06-15T02:31:17.449+0000] {logging_mixin.py:188} INFO - [2024-06-15T02:31:17.449+0000] {dagbag.py:540} INFO - Filling up the DagBag from /opt/airflow/dags/trigger_dag_run_dag1.py
[2024-06-15T02:31:17.456+0000] {processor.py:840} INFO - DAG(s) 'trigger_dag_run_dag1' retrieved from /opt/airflow/dags/trigger_dag_run_dag1.py
[2024-06-15T02:31:17.486+0000] {logging_mixin.py:188} INFO - [2024-06-15T02:31:17.486+0000] {dag.py:3047} INFO - Sync 1 DAGs
[2024-06-15T02:31:17.495+0000] {logging_mixin.py:188} INFO - [2024-06-15T02:31:17.495+0000] {dag.py:3834} INFO - Setting next_dagrun for trigger_dag_run_dag1 to None, run_after=None
[2024-06-15T02:31:17.513+0000] {processor.py:183} INFO - Processing /opt/airflow/dags/trigger_dag_run_dag1.py took 0.068 seconds
[2024-06-15T02:31:48.139+0000] {processor.py:161} INFO - Started process (PID=130) to work on /opt/airflow/dags/trigger_dag_run_dag1.py
[2024-06-15T02:31:48.140+0000] {processor.py:830} INFO - Processing file /opt/airflow/dags/trigger_dag_run_dag1.py for tasks to queue
[2024-06-15T02:31:48.141+0000] {logging_mixin.py:188} INFO - [2024-06-15T02:31:48.141+0000] {dagbag.py:540} INFO - Filling up the DagBag from /opt/airflow/dags/trigger_dag_run_dag1.py
[2024-06-15T02:31:48.150+0000] {processor.py:840} INFO - DAG(s) 'trigger_dag_run_dag1' retrieved from /opt/airflow/dags/trigger_dag_run_dag1.py
[2024-06-15T02:31:48.170+0000] {logging_mixin.py:188} INFO - [2024-06-15T02:31:48.170+0000] {dag.py:3047} INFO - Sync 1 DAGs
[2024-06-15T02:31:48.178+0000] {logging_mixin.py:188} INFO - [2024-06-15T02:31:48.178+0000] {dag.py:3834} INFO - Setting next_dagrun for trigger_dag_run_dag1 to None, run_after=None
[2024-06-15T02:31:48.191+0000] {processor.py:183} INFO - Processing /opt/airflow/dags/trigger_dag_run_dag1.py took 0.053 seconds
[2024-06-15T02:32:18.590+0000] {processor.py:161} INFO - Started process (PID=152) to work on /opt/airflow/dags/trigger_dag_run_dag1.py
[2024-06-15T02:32:18.590+0000] {processor.py:830} INFO - Processing file /opt/airflow/dags/trigger_dag_run_dag1.py for tasks to queue
[2024-06-15T02:32:18.591+0000] {logging_mixin.py:188} INFO - [2024-06-15T02:32:18.591+0000] {dagbag.py:540} INFO - Filling up the DagBag from /opt/airflow/dags/trigger_dag_run_dag1.py
[2024-06-15T02:32:18.601+0000] {processor.py:840} INFO - DAG(s) 'trigger_dag_run_dag1' retrieved from /opt/airflow/dags/trigger_dag_run_dag1.py
[2024-06-15T02:32:18.622+0000] {logging_mixin.py:188} INFO - [2024-06-15T02:32:18.622+0000] {dag.py:3047} INFO - Sync 1 DAGs
[2024-06-15T02:32:18.632+0000] {logging_mixin.py:188} INFO - [2024-06-15T02:32:18.632+0000] {dag.py:3834} INFO - Setting next_dagrun for trigger_dag_run_dag1 to None, run_after=None
[2024-06-15T02:32:18.656+0000] {processor.py:183} INFO - Processing /opt/airflow/dags/trigger_dag_run_dag1.py took 0.069 seconds
[2024-06-15T02:32:49.076+0000] {processor.py:161} INFO - Started process (PID=174) to work on /opt/airflow/dags/trigger_dag_run_dag1.py
[2024-06-15T02:32:49.076+0000] {processor.py:830} INFO - Processing file /opt/airflow/dags/trigger_dag_run_dag1.py for tasks to queue
[2024-06-15T02:32:49.077+0000] {logging_mixin.py:188} INFO - [2024-06-15T02:32:49.077+0000] {dagbag.py:540} INFO - Filling up the DagBag from /opt/airflow/dags/trigger_dag_run_dag1.py
[2024-06-15T02:32:49.086+0000] {processor.py:840} INFO - DAG(s) 'trigger_dag_run_dag1' retrieved from /opt/airflow/dags/trigger_dag_run_dag1.py
[2024-06-15T02:32:49.106+0000] {logging_mixin.py:188} INFO - [2024-06-15T02:32:49.106+0000] {dag.py:3047} INFO - Sync 1 DAGs
[2024-06-15T02:32:49.114+0000] {logging_mixin.py:188} INFO - [2024-06-15T02:32:49.114+0000] {dag.py:3834} INFO - Setting next_dagrun for trigger_dag_run_dag1 to None, run_after=None
[2024-06-15T02:32:49.127+0000] {processor.py:183} INFO - Processing /opt/airflow/dags/trigger_dag_run_dag1.py took 0.053 seconds
[2024-06-15T02:33:19.887+0000] {processor.py:161} INFO - Started process (PID=196) to work on /opt/airflow/dags/trigger_dag_run_dag1.py
[2024-06-15T02:33:19.888+0000] {processor.py:830} INFO - Processing file /opt/airflow/dags/trigger_dag_run_dag1.py for tasks to queue
[2024-06-15T02:33:19.889+0000] {logging_mixin.py:188} INFO - [2024-06-15T02:33:19.888+0000] {dagbag.py:540} INFO - Filling up the DagBag from /opt/airflow/dags/trigger_dag_run_dag1.py
[2024-06-15T02:33:19.898+0000] {processor.py:840} INFO - DAG(s) 'trigger_dag_run_dag1' retrieved from /opt/airflow/dags/trigger_dag_run_dag1.py
[2024-06-15T02:33:19.921+0000] {logging_mixin.py:188} INFO - [2024-06-15T02:33:19.921+0000] {dag.py:3047} INFO - Sync 1 DAGs
[2024-06-15T02:33:19.931+0000] {logging_mixin.py:188} INFO - [2024-06-15T02:33:19.931+0000] {dag.py:3834} INFO - Setting next_dagrun for trigger_dag_run_dag1 to None, run_after=None
[2024-06-15T02:33:19.960+0000] {processor.py:183} INFO - Processing /opt/airflow/dags/trigger_dag_run_dag1.py took 0.075 seconds
[2024-06-15T02:33:50.460+0000] {processor.py:161} INFO - Started process (PID=217) to work on /opt/airflow/dags/trigger_dag_run_dag1.py
[2024-06-15T02:33:50.460+0000] {processor.py:830} INFO - Processing file /opt/airflow/dags/trigger_dag_run_dag1.py for tasks to queue
[2024-06-15T02:33:50.462+0000] {logging_mixin.py:188} INFO - [2024-06-15T02:33:50.462+0000] {dagbag.py:540} INFO - Filling up the DagBag from /opt/airflow/dags/trigger_dag_run_dag1.py
[2024-06-15T02:33:50.472+0000] {processor.py:840} INFO - DAG(s) 'trigger_dag_run_dag1' retrieved from /opt/airflow/dags/trigger_dag_run_dag1.py
[2024-06-15T02:33:50.494+0000] {logging_mixin.py:188} INFO - [2024-06-15T02:33:50.494+0000] {dag.py:3047} INFO - Sync 1 DAGs
[2024-06-15T02:33:50.504+0000] {logging_mixin.py:188} INFO - [2024-06-15T02:33:50.504+0000] {dag.py:3834} INFO - Setting next_dagrun for trigger_dag_run_dag1 to None, run_after=None
[2024-06-15T02:33:50.520+0000] {processor.py:183} INFO - Processing /opt/airflow/dags/trigger_dag_run_dag1.py took 0.062 seconds
[2024-06-15T02:34:20.983+0000] {processor.py:161} INFO - Started process (PID=239) to work on /opt/airflow/dags/trigger_dag_run_dag1.py
[2024-06-15T02:34:20.983+0000] {processor.py:830} INFO - Processing file /opt/airflow/dags/trigger_dag_run_dag1.py for tasks to queue
[2024-06-15T02:34:20.984+0000] {logging_mixin.py:188} INFO - [2024-06-15T02:34:20.984+0000] {dagbag.py:540} INFO - Filling up the DagBag from /opt/airflow/dags/trigger_dag_run_dag1.py
[2024-06-15T02:34:20.995+0000] {processor.py:840} INFO - DAG(s) 'trigger_dag_run_dag1' retrieved from /opt/airflow/dags/trigger_dag_run_dag1.py
[2024-06-15T02:34:21.018+0000] {logging_mixin.py:188} INFO - [2024-06-15T02:34:21.018+0000] {dag.py:3047} INFO - Sync 1 DAGs
[2024-06-15T02:34:21.028+0000] {logging_mixin.py:188} INFO - [2024-06-15T02:34:21.028+0000] {dag.py:3834} INFO - Setting next_dagrun for trigger_dag_run_dag1 to None, run_after=None
[2024-06-15T02:34:21.045+0000] {processor.py:183} INFO - Processing /opt/airflow/dags/trigger_dag_run_dag1.py took 0.064 seconds
[2024-06-15T02:34:51.781+0000] {processor.py:161} INFO - Started process (PID=262) to work on /opt/airflow/dags/trigger_dag_run_dag1.py
[2024-06-15T02:34:51.782+0000] {processor.py:830} INFO - Processing file /opt/airflow/dags/trigger_dag_run_dag1.py for tasks to queue
[2024-06-15T02:34:51.783+0000] {logging_mixin.py:188} INFO - [2024-06-15T02:34:51.783+0000] {dagbag.py:540} INFO - Filling up the DagBag from /opt/airflow/dags/trigger_dag_run_dag1.py
[2024-06-15T02:34:51.792+0000] {processor.py:840} INFO - DAG(s) 'trigger_dag_run_dag1' retrieved from /opt/airflow/dags/trigger_dag_run_dag1.py
[2024-06-15T02:34:51.816+0000] {logging_mixin.py:188} INFO - [2024-06-15T02:34:51.816+0000] {dag.py:3047} INFO - Sync 1 DAGs
[2024-06-15T02:34:51.827+0000] {logging_mixin.py:188} INFO - [2024-06-15T02:34:51.827+0000] {dag.py:3834} INFO - Setting next_dagrun for trigger_dag_run_dag1 to None, run_after=None
[2024-06-15T02:34:51.841+0000] {processor.py:183} INFO - Processing /opt/airflow/dags/trigger_dag_run_dag1.py took 0.061 seconds
[2024-06-15T02:35:22.437+0000] {processor.py:161} INFO - Started process (PID=285) to work on /opt/airflow/dags/trigger_dag_run_dag1.py
[2024-06-15T02:35:22.438+0000] {processor.py:830} INFO - Processing file /opt/airflow/dags/trigger_dag_run_dag1.py for tasks to queue
[2024-06-15T02:35:22.439+0000] {logging_mixin.py:188} INFO - [2024-06-15T02:35:22.438+0000] {dagbag.py:540} INFO - Filling up the DagBag from /opt/airflow/dags/trigger_dag_run_dag1.py
[2024-06-15T02:35:22.446+0000] {processor.py:840} INFO - DAG(s) 'trigger_dag_run_dag1' retrieved from /opt/airflow/dags/trigger_dag_run_dag1.py
[2024-06-15T02:35:22.466+0000] {logging_mixin.py:188} INFO - [2024-06-15T02:35:22.466+0000] {dag.py:3047} INFO - Sync 1 DAGs
[2024-06-15T02:35:22.481+0000] {logging_mixin.py:188} INFO - [2024-06-15T02:35:22.481+0000] {dag.py:3834} INFO - Setting next_dagrun for trigger_dag_run_dag1 to None, run_after=None
[2024-06-15T02:35:22.507+0000] {processor.py:183} INFO - Processing /opt/airflow/dags/trigger_dag_run_dag1.py took 0.072 seconds
[2024-06-15T02:35:53.107+0000] {processor.py:161} INFO - Started process (PID=309) to work on /opt/airflow/dags/trigger_dag_run_dag1.py
[2024-06-15T02:35:53.108+0000] {processor.py:830} INFO - Processing file /opt/airflow/dags/trigger_dag_run_dag1.py for tasks to queue
[2024-06-15T02:35:53.109+0000] {logging_mixin.py:188} INFO - [2024-06-15T02:35:53.109+0000] {dagbag.py:540} INFO - Filling up the DagBag from /opt/airflow/dags/trigger_dag_run_dag1.py
[2024-06-15T02:35:53.120+0000] {processor.py:840} INFO - DAG(s) 'trigger_dag_run_dag1' retrieved from /opt/airflow/dags/trigger_dag_run_dag1.py
[2024-06-15T02:35:53.146+0000] {logging_mixin.py:188} INFO - [2024-06-15T02:35:53.146+0000] {dag.py:3047} INFO - Sync 1 DAGs
[2024-06-15T02:35:53.155+0000] {logging_mixin.py:188} INFO - [2024-06-15T02:35:53.155+0000] {dag.py:3834} INFO - Setting next_dagrun for trigger_dag_run_dag1 to None, run_after=None
[2024-06-15T02:35:53.176+0000] {processor.py:183} INFO - Processing /opt/airflow/dags/trigger_dag_run_dag1.py took 0.071 seconds
[2024-06-15T02:36:23.459+0000] {processor.py:161} INFO - Started process (PID=332) to work on /opt/airflow/dags/trigger_dag_run_dag1.py
[2024-06-15T02:36:23.459+0000] {processor.py:830} INFO - Processing file /opt/airflow/dags/trigger_dag_run_dag1.py for tasks to queue
[2024-06-15T02:36:23.461+0000] {logging_mixin.py:188} INFO - [2024-06-15T02:36:23.461+0000] {dagbag.py:540} INFO - Filling up the DagBag from /opt/airflow/dags/trigger_dag_run_dag1.py
[2024-06-15T02:36:23.473+0000] {processor.py:840} INFO - DAG(s) 'trigger_dag_run_dag1' retrieved from /opt/airflow/dags/trigger_dag_run_dag1.py
[2024-06-15T02:36:23.498+0000] {logging_mixin.py:188} INFO - [2024-06-15T02:36:23.498+0000] {dag.py:3047} INFO - Sync 1 DAGs
[2024-06-15T02:36:23.508+0000] {logging_mixin.py:188} INFO - [2024-06-15T02:36:23.508+0000] {dag.py:3834} INFO - Setting next_dagrun for trigger_dag_run_dag1 to None, run_after=None
[2024-06-15T02:36:23.528+0000] {processor.py:183} INFO - Processing /opt/airflow/dags/trigger_dag_run_dag1.py took 0.072 seconds
[2024-06-15T02:36:53.971+0000] {processor.py:161} INFO - Started process (PID=355) to work on /opt/airflow/dags/trigger_dag_run_dag1.py
[2024-06-15T02:36:53.971+0000] {processor.py:830} INFO - Processing file /opt/airflow/dags/trigger_dag_run_dag1.py for tasks to queue
[2024-06-15T02:36:53.972+0000] {logging_mixin.py:188} INFO - [2024-06-15T02:36:53.972+0000] {dagbag.py:540} INFO - Filling up the DagBag from /opt/airflow/dags/trigger_dag_run_dag1.py
[2024-06-15T02:36:53.983+0000] {processor.py:840} INFO - DAG(s) 'trigger_dag_run_dag1' retrieved from /opt/airflow/dags/trigger_dag_run_dag1.py
[2024-06-15T02:36:54.010+0000] {logging_mixin.py:188} INFO - [2024-06-15T02:36:54.009+0000] {dag.py:3047} INFO - Sync 1 DAGs
[2024-06-15T02:36:54.019+0000] {logging_mixin.py:188} INFO - [2024-06-15T02:36:54.019+0000] {dag.py:3834} INFO - Setting next_dagrun for trigger_dag_run_dag1 to None, run_after=None
[2024-06-15T02:36:54.037+0000] {processor.py:183} INFO - Processing /opt/airflow/dags/trigger_dag_run_dag1.py took 0.068 seconds
[2024-06-15T02:37:24.709+0000] {processor.py:161} INFO - Started process (PID=379) to work on /opt/airflow/dags/trigger_dag_run_dag1.py
[2024-06-15T02:37:24.710+0000] {processor.py:830} INFO - Processing file /opt/airflow/dags/trigger_dag_run_dag1.py for tasks to queue
[2024-06-15T02:37:24.712+0000] {logging_mixin.py:188} INFO - [2024-06-15T02:37:24.711+0000] {dagbag.py:540} INFO - Filling up the DagBag from /opt/airflow/dags/trigger_dag_run_dag1.py
[2024-06-15T02:37:24.723+0000] {processor.py:840} INFO - DAG(s) 'trigger_dag_run_dag1' retrieved from /opt/airflow/dags/trigger_dag_run_dag1.py
[2024-06-15T02:37:24.743+0000] {logging_mixin.py:188} INFO - [2024-06-15T02:37:24.743+0000] {dag.py:3047} INFO - Sync 1 DAGs
[2024-06-15T02:37:24.752+0000] {logging_mixin.py:188} INFO - [2024-06-15T02:37:24.752+0000] {dag.py:3834} INFO - Setting next_dagrun for trigger_dag_run_dag1 to None, run_after=None
[2024-06-15T02:37:24.765+0000] {processor.py:183} INFO - Processing /opt/airflow/dags/trigger_dag_run_dag1.py took 0.059 seconds
[2024-06-15T02:37:55.164+0000] {processor.py:161} INFO - Started process (PID=402) to work on /opt/airflow/dags/trigger_dag_run_dag1.py
[2024-06-15T02:37:55.165+0000] {processor.py:830} INFO - Processing file /opt/airflow/dags/trigger_dag_run_dag1.py for tasks to queue
[2024-06-15T02:37:55.166+0000] {logging_mixin.py:188} INFO - [2024-06-15T02:37:55.166+0000] {dagbag.py:540} INFO - Filling up the DagBag from /opt/airflow/dags/trigger_dag_run_dag1.py
[2024-06-15T02:37:55.174+0000] {processor.py:840} INFO - DAG(s) 'trigger_dag_run_dag1' retrieved from /opt/airflow/dags/trigger_dag_run_dag1.py
[2024-06-15T02:37:55.226+0000] {logging_mixin.py:188} INFO - [2024-06-15T02:37:55.226+0000] {dag.py:3047} INFO - Sync 1 DAGs
[2024-06-15T02:37:55.235+0000] {logging_mixin.py:188} INFO - [2024-06-15T02:37:55.234+0000] {dag.py:3834} INFO - Setting next_dagrun for trigger_dag_run_dag1 to None, run_after=None
[2024-06-15T02:37:55.250+0000] {processor.py:183} INFO - Processing /opt/airflow/dags/trigger_dag_run_dag1.py took 0.088 seconds
[2024-06-15T02:38:26.147+0000] {processor.py:161} INFO - Started process (PID=426) to work on /opt/airflow/dags/trigger_dag_run_dag1.py
[2024-06-15T02:38:26.147+0000] {processor.py:830} INFO - Processing file /opt/airflow/dags/trigger_dag_run_dag1.py for tasks to queue
[2024-06-15T02:38:26.148+0000] {logging_mixin.py:188} INFO - [2024-06-15T02:38:26.148+0000] {dagbag.py:540} INFO - Filling up the DagBag from /opt/airflow/dags/trigger_dag_run_dag1.py
[2024-06-15T02:38:26.158+0000] {processor.py:840} INFO - DAG(s) 'trigger_dag_run_dag1' retrieved from /opt/airflow/dags/trigger_dag_run_dag1.py
[2024-06-15T02:38:26.193+0000] {logging_mixin.py:188} INFO - [2024-06-15T02:38:26.193+0000] {dag.py:3047} INFO - Sync 1 DAGs
[2024-06-15T02:38:26.202+0000] {logging_mixin.py:188} INFO - [2024-06-15T02:38:26.202+0000] {dag.py:3834} INFO - Setting next_dagrun for trigger_dag_run_dag1 to None, run_after=None
[2024-06-15T02:38:26.222+0000] {processor.py:183} INFO - Processing /opt/airflow/dags/trigger_dag_run_dag1.py took 0.077 seconds
[2024-06-15T02:38:56.675+0000] {processor.py:161} INFO - Started process (PID=449) to work on /opt/airflow/dags/trigger_dag_run_dag1.py
[2024-06-15T02:38:56.676+0000] {processor.py:830} INFO - Processing file /opt/airflow/dags/trigger_dag_run_dag1.py for tasks to queue
[2024-06-15T02:38:56.677+0000] {logging_mixin.py:188} INFO - [2024-06-15T02:38:56.677+0000] {dagbag.py:540} INFO - Filling up the DagBag from /opt/airflow/dags/trigger_dag_run_dag1.py
[2024-06-15T02:38:56.686+0000] {processor.py:840} INFO - DAG(s) 'trigger_dag_run_dag1' retrieved from /opt/airflow/dags/trigger_dag_run_dag1.py
[2024-06-15T02:38:56.706+0000] {logging_mixin.py:188} INFO - [2024-06-15T02:38:56.706+0000] {dag.py:3047} INFO - Sync 1 DAGs
[2024-06-15T02:38:56.715+0000] {logging_mixin.py:188} INFO - [2024-06-15T02:38:56.715+0000] {dag.py:3834} INFO - Setting next_dagrun for trigger_dag_run_dag1 to None, run_after=None
[2024-06-15T02:38:56.732+0000] {processor.py:183} INFO - Processing /opt/airflow/dags/trigger_dag_run_dag1.py took 0.059 seconds
[2024-06-15T02:39:27.075+0000] {processor.py:161} INFO - Started process (PID=472) to work on /opt/airflow/dags/trigger_dag_run_dag1.py
[2024-06-15T02:39:27.075+0000] {processor.py:830} INFO - Processing file /opt/airflow/dags/trigger_dag_run_dag1.py for tasks to queue
[2024-06-15T02:39:27.076+0000] {logging_mixin.py:188} INFO - [2024-06-15T02:39:27.076+0000] {dagbag.py:540} INFO - Filling up the DagBag from /opt/airflow/dags/trigger_dag_run_dag1.py
[2024-06-15T02:39:27.085+0000] {processor.py:840} INFO - DAG(s) 'trigger_dag_run_dag1' retrieved from /opt/airflow/dags/trigger_dag_run_dag1.py
[2024-06-15T02:39:27.107+0000] {logging_mixin.py:188} INFO - [2024-06-15T02:39:27.107+0000] {dag.py:3047} INFO - Sync 1 DAGs
[2024-06-15T02:39:27.116+0000] {logging_mixin.py:188} INFO - [2024-06-15T02:39:27.116+0000] {dag.py:3834} INFO - Setting next_dagrun for trigger_dag_run_dag1 to None, run_after=None
[2024-06-15T02:39:27.129+0000] {processor.py:183} INFO - Processing /opt/airflow/dags/trigger_dag_run_dag1.py took 0.056 seconds
[2024-06-15T02:39:57.641+0000] {processor.py:161} INFO - Started process (PID=495) to work on /opt/airflow/dags/trigger_dag_run_dag1.py
[2024-06-15T02:39:57.641+0000] {processor.py:830} INFO - Processing file /opt/airflow/dags/trigger_dag_run_dag1.py for tasks to queue
[2024-06-15T02:39:57.642+0000] {logging_mixin.py:188} INFO - [2024-06-15T02:39:57.642+0000] {dagbag.py:540} INFO - Filling up the DagBag from /opt/airflow/dags/trigger_dag_run_dag1.py
[2024-06-15T02:39:57.651+0000] {processor.py:840} INFO - DAG(s) 'trigger_dag_run_dag1' retrieved from /opt/airflow/dags/trigger_dag_run_dag1.py
[2024-06-15T02:39:57.671+0000] {logging_mixin.py:188} INFO - [2024-06-15T02:39:57.671+0000] {dag.py:3047} INFO - Sync 1 DAGs
[2024-06-15T02:39:57.680+0000] {logging_mixin.py:188} INFO - [2024-06-15T02:39:57.680+0000] {dag.py:3834} INFO - Setting next_dagrun for trigger_dag_run_dag1 to None, run_after=None
[2024-06-15T02:39:57.699+0000] {processor.py:183} INFO - Processing /opt/airflow/dags/trigger_dag_run_dag1.py took 0.060 seconds
[2024-06-15T02:40:27.936+0000] {processor.py:161} INFO - Started process (PID=518) to work on /opt/airflow/dags/trigger_dag_run_dag1.py
[2024-06-15T02:40:27.937+0000] {processor.py:830} INFO - Processing file /opt/airflow/dags/trigger_dag_run_dag1.py for tasks to queue
[2024-06-15T02:40:27.938+0000] {logging_mixin.py:188} INFO - [2024-06-15T02:40:27.938+0000] {dagbag.py:540} INFO - Filling up the DagBag from /opt/airflow/dags/trigger_dag_run_dag1.py
[2024-06-15T02:40:27.948+0000] {processor.py:840} INFO - DAG(s) 'trigger_dag_run_dag1' retrieved from /opt/airflow/dags/trigger_dag_run_dag1.py
[2024-06-15T02:40:27.969+0000] {logging_mixin.py:188} INFO - [2024-06-15T02:40:27.968+0000] {dag.py:3047} INFO - Sync 1 DAGs
[2024-06-15T02:40:27.977+0000] {logging_mixin.py:188} INFO - [2024-06-15T02:40:27.977+0000] {dag.py:3834} INFO - Setting next_dagrun for trigger_dag_run_dag1 to None, run_after=None
[2024-06-15T02:40:27.989+0000] {processor.py:183} INFO - Processing /opt/airflow/dags/trigger_dag_run_dag1.py took 0.055 seconds
[2024-06-15T02:40:58.469+0000] {processor.py:161} INFO - Started process (PID=541) to work on /opt/airflow/dags/trigger_dag_run_dag1.py
[2024-06-15T02:40:58.470+0000] {processor.py:830} INFO - Processing file /opt/airflow/dags/trigger_dag_run_dag1.py for tasks to queue
[2024-06-15T02:40:58.471+0000] {logging_mixin.py:188} INFO - [2024-06-15T02:40:58.470+0000] {dagbag.py:540} INFO - Filling up the DagBag from /opt/airflow/dags/trigger_dag_run_dag1.py
[2024-06-15T02:40:58.483+0000] {processor.py:840} INFO - DAG(s) 'trigger_dag_run_dag1' retrieved from /opt/airflow/dags/trigger_dag_run_dag1.py
[2024-06-15T02:40:58.504+0000] {logging_mixin.py:188} INFO - [2024-06-15T02:40:58.504+0000] {dag.py:3047} INFO - Sync 1 DAGs
[2024-06-15T02:40:58.512+0000] {logging_mixin.py:188} INFO - [2024-06-15T02:40:58.512+0000] {dag.py:3834} INFO - Setting next_dagrun for trigger_dag_run_dag1 to None, run_after=None
[2024-06-15T02:40:58.529+0000] {processor.py:183} INFO - Processing /opt/airflow/dags/trigger_dag_run_dag1.py took 0.061 seconds
[2024-06-15T02:41:29.062+0000] {processor.py:161} INFO - Started process (PID=564) to work on /opt/airflow/dags/trigger_dag_run_dag1.py
[2024-06-15T02:41:29.063+0000] {processor.py:830} INFO - Processing file /opt/airflow/dags/trigger_dag_run_dag1.py for tasks to queue
[2024-06-15T02:41:29.065+0000] {logging_mixin.py:188} INFO - [2024-06-15T02:41:29.065+0000] {dagbag.py:540} INFO - Filling up the DagBag from /opt/airflow/dags/trigger_dag_run_dag1.py
[2024-06-15T02:41:29.076+0000] {processor.py:840} INFO - DAG(s) 'trigger_dag_run_dag1' retrieved from /opt/airflow/dags/trigger_dag_run_dag1.py
[2024-06-15T02:41:29.099+0000] {logging_mixin.py:188} INFO - [2024-06-15T02:41:29.099+0000] {dag.py:3047} INFO - Sync 1 DAGs
[2024-06-15T02:41:29.108+0000] {logging_mixin.py:188} INFO - [2024-06-15T02:41:29.108+0000] {dag.py:3834} INFO - Setting next_dagrun for trigger_dag_run_dag1 to None, run_after=None
[2024-06-15T02:41:29.122+0000] {processor.py:183} INFO - Processing /opt/airflow/dags/trigger_dag_run_dag1.py took 0.061 seconds
[2024-06-15T02:41:59.509+0000] {processor.py:161} INFO - Started process (PID=587) to work on /opt/airflow/dags/trigger_dag_run_dag1.py
[2024-06-15T02:41:59.510+0000] {processor.py:830} INFO - Processing file /opt/airflow/dags/trigger_dag_run_dag1.py for tasks to queue
[2024-06-15T02:41:59.511+0000] {logging_mixin.py:188} INFO - [2024-06-15T02:41:59.511+0000] {dagbag.py:540} INFO - Filling up the DagBag from /opt/airflow/dags/trigger_dag_run_dag1.py
[2024-06-15T02:41:59.520+0000] {processor.py:840} INFO - DAG(s) 'trigger_dag_run_dag1' retrieved from /opt/airflow/dags/trigger_dag_run_dag1.py
[2024-06-15T02:41:59.548+0000] {logging_mixin.py:188} INFO - [2024-06-15T02:41:59.548+0000] {dag.py:3047} INFO - Sync 1 DAGs
[2024-06-15T02:41:59.557+0000] {logging_mixin.py:188} INFO - [2024-06-15T02:41:59.557+0000] {dag.py:3834} INFO - Setting next_dagrun for trigger_dag_run_dag1 to None, run_after=None
[2024-06-15T02:41:59.577+0000] {processor.py:183} INFO - Processing /opt/airflow/dags/trigger_dag_run_dag1.py took 0.069 seconds
[2024-06-15T02:42:30.115+0000] {processor.py:161} INFO - Started process (PID=610) to work on /opt/airflow/dags/trigger_dag_run_dag1.py
[2024-06-15T02:42:30.116+0000] {processor.py:830} INFO - Processing file /opt/airflow/dags/trigger_dag_run_dag1.py for tasks to queue
[2024-06-15T02:42:30.117+0000] {logging_mixin.py:188} INFO - [2024-06-15T02:42:30.116+0000] {dagbag.py:540} INFO - Filling up the DagBag from /opt/airflow/dags/trigger_dag_run_dag1.py
[2024-06-15T02:42:30.126+0000] {processor.py:840} INFO - DAG(s) 'trigger_dag_run_dag1' retrieved from /opt/airflow/dags/trigger_dag_run_dag1.py
[2024-06-15T02:42:30.155+0000] {logging_mixin.py:188} INFO - [2024-06-15T02:42:30.154+0000] {dag.py:3047} INFO - Sync 1 DAGs
[2024-06-15T02:42:30.163+0000] {logging_mixin.py:188} INFO - [2024-06-15T02:42:30.163+0000] {dag.py:3834} INFO - Setting next_dagrun for trigger_dag_run_dag1 to None, run_after=None
[2024-06-15T02:42:30.181+0000] {processor.py:183} INFO - Processing /opt/airflow/dags/trigger_dag_run_dag1.py took 0.068 seconds
[2024-06-15T02:43:00.804+0000] {processor.py:161} INFO - Started process (PID=633) to work on /opt/airflow/dags/trigger_dag_run_dag1.py
[2024-06-15T02:43:00.804+0000] {processor.py:830} INFO - Processing file /opt/airflow/dags/trigger_dag_run_dag1.py for tasks to queue
[2024-06-15T02:43:00.805+0000] {logging_mixin.py:188} INFO - [2024-06-15T02:43:00.805+0000] {dagbag.py:540} INFO - Filling up the DagBag from /opt/airflow/dags/trigger_dag_run_dag1.py
[2024-06-15T02:43:00.813+0000] {processor.py:840} INFO - DAG(s) 'trigger_dag_run_dag1' retrieved from /opt/airflow/dags/trigger_dag_run_dag1.py
[2024-06-15T02:43:00.832+0000] {logging_mixin.py:188} INFO - [2024-06-15T02:43:00.832+0000] {dag.py:3047} INFO - Sync 1 DAGs
[2024-06-15T02:43:00.847+0000] {logging_mixin.py:188} INFO - [2024-06-15T02:43:00.846+0000] {dag.py:3834} INFO - Setting next_dagrun for trigger_dag_run_dag1 to None, run_after=None
[2024-06-15T02:43:00.861+0000] {processor.py:183} INFO - Processing /opt/airflow/dags/trigger_dag_run_dag1.py took 0.058 seconds
[2024-06-15T02:43:31.265+0000] {processor.py:161} INFO - Started process (PID=656) to work on /opt/airflow/dags/trigger_dag_run_dag1.py
[2024-06-15T02:43:31.266+0000] {processor.py:830} INFO - Processing file /opt/airflow/dags/trigger_dag_run_dag1.py for tasks to queue
[2024-06-15T02:43:31.268+0000] {logging_mixin.py:188} INFO - [2024-06-15T02:43:31.268+0000] {dagbag.py:540} INFO - Filling up the DagBag from /opt/airflow/dags/trigger_dag_run_dag1.py
[2024-06-15T02:43:31.279+0000] {processor.py:840} INFO - DAG(s) 'trigger_dag_run_dag1' retrieved from /opt/airflow/dags/trigger_dag_run_dag1.py
[2024-06-15T02:43:31.304+0000] {logging_mixin.py:188} INFO - [2024-06-15T02:43:31.304+0000] {dag.py:3047} INFO - Sync 1 DAGs
[2024-06-15T02:43:31.314+0000] {logging_mixin.py:188} INFO - [2024-06-15T02:43:31.314+0000] {dag.py:3834} INFO - Setting next_dagrun for trigger_dag_run_dag1 to None, run_after=None
[2024-06-15T02:43:31.330+0000] {processor.py:183} INFO - Processing /opt/airflow/dags/trigger_dag_run_dag1.py took 0.067 seconds
[2024-06-15T02:44:01.616+0000] {processor.py:161} INFO - Started process (PID=679) to work on /opt/airflow/dags/trigger_dag_run_dag1.py
[2024-06-15T02:44:01.617+0000] {processor.py:830} INFO - Processing file /opt/airflow/dags/trigger_dag_run_dag1.py for tasks to queue
[2024-06-15T02:44:01.618+0000] {logging_mixin.py:188} INFO - [2024-06-15T02:44:01.618+0000] {dagbag.py:540} INFO - Filling up the DagBag from /opt/airflow/dags/trigger_dag_run_dag1.py
[2024-06-15T02:44:01.628+0000] {processor.py:840} INFO - DAG(s) 'trigger_dag_run_dag1' retrieved from /opt/airflow/dags/trigger_dag_run_dag1.py
[2024-06-15T02:44:01.653+0000] {logging_mixin.py:188} INFO - [2024-06-15T02:44:01.653+0000] {dag.py:3047} INFO - Sync 1 DAGs
[2024-06-15T02:44:01.662+0000] {logging_mixin.py:188} INFO - [2024-06-15T02:44:01.662+0000] {dag.py:3834} INFO - Setting next_dagrun for trigger_dag_run_dag1 to None, run_after=None
[2024-06-15T02:44:01.679+0000] {processor.py:183} INFO - Processing /opt/airflow/dags/trigger_dag_run_dag1.py took 0.064 seconds
[2024-06-15T02:44:32.329+0000] {processor.py:161} INFO - Started process (PID=702) to work on /opt/airflow/dags/trigger_dag_run_dag1.py
[2024-06-15T02:44:32.330+0000] {processor.py:830} INFO - Processing file /opt/airflow/dags/trigger_dag_run_dag1.py for tasks to queue
[2024-06-15T02:44:32.331+0000] {logging_mixin.py:188} INFO - [2024-06-15T02:44:32.331+0000] {dagbag.py:540} INFO - Filling up the DagBag from /opt/airflow/dags/trigger_dag_run_dag1.py
[2024-06-15T02:44:32.341+0000] {processor.py:840} INFO - DAG(s) 'trigger_dag_run_dag1' retrieved from /opt/airflow/dags/trigger_dag_run_dag1.py
[2024-06-15T02:44:32.362+0000] {logging_mixin.py:188} INFO - [2024-06-15T02:44:32.362+0000] {dag.py:3047} INFO - Sync 1 DAGs
[2024-06-15T02:44:32.371+0000] {logging_mixin.py:188} INFO - [2024-06-15T02:44:32.371+0000] {dag.py:3834} INFO - Setting next_dagrun for trigger_dag_run_dag1 to None, run_after=None
[2024-06-15T02:44:32.385+0000] {processor.py:183} INFO - Processing /opt/airflow/dags/trigger_dag_run_dag1.py took 0.057 seconds
[2024-06-15T02:45:03.052+0000] {processor.py:161} INFO - Started process (PID=727) to work on /opt/airflow/dags/trigger_dag_run_dag1.py
[2024-06-15T02:45:03.052+0000] {processor.py:830} INFO - Processing file /opt/airflow/dags/trigger_dag_run_dag1.py for tasks to queue
[2024-06-15T02:45:03.054+0000] {logging_mixin.py:188} INFO - [2024-06-15T02:45:03.053+0000] {dagbag.py:540} INFO - Filling up the DagBag from /opt/airflow/dags/trigger_dag_run_dag1.py
[2024-06-15T02:45:03.062+0000] {processor.py:840} INFO - DAG(s) 'trigger_dag_run_dag1' retrieved from /opt/airflow/dags/trigger_dag_run_dag1.py
[2024-06-15T02:45:03.093+0000] {logging_mixin.py:188} INFO - [2024-06-15T02:45:03.093+0000] {dag.py:3047} INFO - Sync 1 DAGs
[2024-06-15T02:45:03.108+0000] {logging_mixin.py:188} INFO - [2024-06-15T02:45:03.108+0000] {dag.py:3834} INFO - Setting next_dagrun for trigger_dag_run_dag1 to None, run_after=None
[2024-06-15T02:45:03.124+0000] {processor.py:183} INFO - Processing /opt/airflow/dags/trigger_dag_run_dag1.py took 0.074 seconds
[2024-06-15T02:45:33.602+0000] {processor.py:161} INFO - Started process (PID=750) to work on /opt/airflow/dags/trigger_dag_run_dag1.py
[2024-06-15T02:45:33.603+0000] {processor.py:830} INFO - Processing file /opt/airflow/dags/trigger_dag_run_dag1.py for tasks to queue
[2024-06-15T02:45:33.604+0000] {logging_mixin.py:188} INFO - [2024-06-15T02:45:33.604+0000] {dagbag.py:540} INFO - Filling up the DagBag from /opt/airflow/dags/trigger_dag_run_dag1.py
[2024-06-15T02:45:33.612+0000] {processor.py:840} INFO - DAG(s) 'trigger_dag_run_dag1' retrieved from /opt/airflow/dags/trigger_dag_run_dag1.py
[2024-06-15T02:45:33.635+0000] {logging_mixin.py:188} INFO - [2024-06-15T02:45:33.635+0000] {dag.py:3047} INFO - Sync 1 DAGs
[2024-06-15T02:45:33.644+0000] {logging_mixin.py:188} INFO - [2024-06-15T02:45:33.644+0000] {dag.py:3834} INFO - Setting next_dagrun for trigger_dag_run_dag1 to None, run_after=None
[2024-06-15T02:45:33.658+0000] {processor.py:183} INFO - Processing /opt/airflow/dags/trigger_dag_run_dag1.py took 0.057 seconds
[2024-06-15T02:46:04.239+0000] {processor.py:161} INFO - Started process (PID=774) to work on /opt/airflow/dags/trigger_dag_run_dag1.py
[2024-06-15T02:46:04.239+0000] {processor.py:830} INFO - Processing file /opt/airflow/dags/trigger_dag_run_dag1.py for tasks to queue
[2024-06-15T02:46:04.240+0000] {logging_mixin.py:188} INFO - [2024-06-15T02:46:04.240+0000] {dagbag.py:540} INFO - Filling up the DagBag from /opt/airflow/dags/trigger_dag_run_dag1.py
[2024-06-15T02:46:04.248+0000] {processor.py:840} INFO - DAG(s) 'trigger_dag_run_dag1' retrieved from /opt/airflow/dags/trigger_dag_run_dag1.py
[2024-06-15T02:46:04.269+0000] {logging_mixin.py:188} INFO - [2024-06-15T02:46:04.269+0000] {dag.py:3047} INFO - Sync 1 DAGs
[2024-06-15T02:46:04.279+0000] {logging_mixin.py:188} INFO - [2024-06-15T02:46:04.279+0000] {dag.py:3834} INFO - Setting next_dagrun for trigger_dag_run_dag1 to None, run_after=None
[2024-06-15T02:46:04.304+0000] {processor.py:183} INFO - Processing /opt/airflow/dags/trigger_dag_run_dag1.py took 0.067 seconds
[2024-06-15T02:46:34.588+0000] {processor.py:161} INFO - Started process (PID=797) to work on /opt/airflow/dags/trigger_dag_run_dag1.py
[2024-06-15T02:46:34.588+0000] {processor.py:830} INFO - Processing file /opt/airflow/dags/trigger_dag_run_dag1.py for tasks to queue
[2024-06-15T02:46:34.590+0000] {logging_mixin.py:188} INFO - [2024-06-15T02:46:34.589+0000] {dagbag.py:540} INFO - Filling up the DagBag from /opt/airflow/dags/trigger_dag_run_dag1.py
[2024-06-15T02:46:34.598+0000] {processor.py:840} INFO - DAG(s) 'trigger_dag_run_dag1' retrieved from /opt/airflow/dags/trigger_dag_run_dag1.py
[2024-06-15T02:46:34.616+0000] {logging_mixin.py:188} INFO - [2024-06-15T02:46:34.616+0000] {dag.py:3047} INFO - Sync 1 DAGs
[2024-06-15T02:46:34.624+0000] {logging_mixin.py:188} INFO - [2024-06-15T02:46:34.624+0000] {dag.py:3834} INFO - Setting next_dagrun for trigger_dag_run_dag1 to None, run_after=None
[2024-06-15T02:46:34.638+0000] {processor.py:183} INFO - Processing /opt/airflow/dags/trigger_dag_run_dag1.py took 0.052 seconds
[2024-06-15T02:47:04.899+0000] {processor.py:161} INFO - Started process (PID=822) to work on /opt/airflow/dags/trigger_dag_run_dag1.py
[2024-06-15T02:47:04.900+0000] {processor.py:830} INFO - Processing file /opt/airflow/dags/trigger_dag_run_dag1.py for tasks to queue
[2024-06-15T02:47:04.901+0000] {logging_mixin.py:188} INFO - [2024-06-15T02:47:04.901+0000] {dagbag.py:540} INFO - Filling up the DagBag from /opt/airflow/dags/trigger_dag_run_dag1.py
[2024-06-15T02:47:04.910+0000] {processor.py:840} INFO - DAG(s) 'trigger_dag_run_dag1' retrieved from /opt/airflow/dags/trigger_dag_run_dag1.py
[2024-06-15T02:47:04.930+0000] {logging_mixin.py:188} INFO - [2024-06-15T02:47:04.930+0000] {dag.py:3047} INFO - Sync 1 DAGs
[2024-06-15T02:47:04.938+0000] {logging_mixin.py:188} INFO - [2024-06-15T02:47:04.938+0000] {dag.py:3834} INFO - Setting next_dagrun for trigger_dag_run_dag1 to None, run_after=None
[2024-06-15T02:47:04.951+0000] {processor.py:183} INFO - Processing /opt/airflow/dags/trigger_dag_run_dag1.py took 0.053 seconds
[2024-06-15T02:47:35.245+0000] {processor.py:161} INFO - Started process (PID=846) to work on /opt/airflow/dags/trigger_dag_run_dag1.py
[2024-06-15T02:47:35.245+0000] {processor.py:830} INFO - Processing file /opt/airflow/dags/trigger_dag_run_dag1.py for tasks to queue
[2024-06-15T02:47:35.247+0000] {logging_mixin.py:188} INFO - [2024-06-15T02:47:35.247+0000] {dagbag.py:540} INFO - Filling up the DagBag from /opt/airflow/dags/trigger_dag_run_dag1.py
[2024-06-15T02:47:35.257+0000] {processor.py:840} INFO - DAG(s) 'trigger_dag_run_dag1' retrieved from /opt/airflow/dags/trigger_dag_run_dag1.py
[2024-06-15T02:47:35.280+0000] {logging_mixin.py:188} INFO - [2024-06-15T02:47:35.279+0000] {dag.py:3047} INFO - Sync 1 DAGs
[2024-06-15T02:47:35.289+0000] {logging_mixin.py:188} INFO - [2024-06-15T02:47:35.289+0000] {dag.py:3834} INFO - Setting next_dagrun for trigger_dag_run_dag1 to None, run_after=None
[2024-06-15T02:47:35.305+0000] {processor.py:183} INFO - Processing /opt/airflow/dags/trigger_dag_run_dag1.py took 0.062 seconds
[2024-06-15T02:48:05.956+0000] {processor.py:161} INFO - Started process (PID=870) to work on /opt/airflow/dags/trigger_dag_run_dag1.py
[2024-06-15T02:48:05.957+0000] {processor.py:830} INFO - Processing file /opt/airflow/dags/trigger_dag_run_dag1.py for tasks to queue
[2024-06-15T02:48:05.958+0000] {logging_mixin.py:188} INFO - [2024-06-15T02:48:05.957+0000] {dagbag.py:540} INFO - Filling up the DagBag from /opt/airflow/dags/trigger_dag_run_dag1.py
[2024-06-15T02:48:05.978+0000] {processor.py:840} INFO - DAG(s) 'trigger_dag_run_dag1' retrieved from /opt/airflow/dags/trigger_dag_run_dag1.py
[2024-06-15T02:48:06.002+0000] {logging_mixin.py:188} INFO - [2024-06-15T02:48:06.002+0000] {dag.py:3047} INFO - Sync 1 DAGs
[2024-06-15T02:48:06.013+0000] {logging_mixin.py:188} INFO - [2024-06-15T02:48:06.013+0000] {dag.py:3834} INFO - Setting next_dagrun for trigger_dag_run_dag1 to None, run_after=None
[2024-06-15T02:48:06.036+0000] {processor.py:183} INFO - Processing /opt/airflow/dags/trigger_dag_run_dag1.py took 0.082 seconds
[2024-06-15T02:48:36.467+0000] {processor.py:161} INFO - Started process (PID=893) to work on /opt/airflow/dags/trigger_dag_run_dag1.py
[2024-06-15T02:48:36.468+0000] {processor.py:830} INFO - Processing file /opt/airflow/dags/trigger_dag_run_dag1.py for tasks to queue
[2024-06-15T02:48:36.469+0000] {logging_mixin.py:188} INFO - [2024-06-15T02:48:36.469+0000] {dagbag.py:540} INFO - Filling up the DagBag from /opt/airflow/dags/trigger_dag_run_dag1.py
[2024-06-15T02:48:36.481+0000] {processor.py:840} INFO - DAG(s) 'trigger_dag_run_dag1' retrieved from /opt/airflow/dags/trigger_dag_run_dag1.py
[2024-06-15T02:48:36.508+0000] {logging_mixin.py:188} INFO - [2024-06-15T02:48:36.508+0000] {dag.py:3047} INFO - Sync 1 DAGs
[2024-06-15T02:48:36.518+0000] {logging_mixin.py:188} INFO - [2024-06-15T02:48:36.518+0000] {dag.py:3834} INFO - Setting next_dagrun for trigger_dag_run_dag1 to None, run_after=None
[2024-06-15T02:48:36.532+0000] {processor.py:183} INFO - Processing /opt/airflow/dags/trigger_dag_run_dag1.py took 0.067 seconds
[2024-06-15T02:49:07.028+0000] {processor.py:161} INFO - Started process (PID=916) to work on /opt/airflow/dags/trigger_dag_run_dag1.py
[2024-06-15T02:49:07.029+0000] {processor.py:830} INFO - Processing file /opt/airflow/dags/trigger_dag_run_dag1.py for tasks to queue
[2024-06-15T02:49:07.030+0000] {logging_mixin.py:188} INFO - [2024-06-15T02:49:07.029+0000] {dagbag.py:540} INFO - Filling up the DagBag from /opt/airflow/dags/trigger_dag_run_dag1.py
[2024-06-15T02:49:07.038+0000] {processor.py:840} INFO - DAG(s) 'trigger_dag_run_dag1' retrieved from /opt/airflow/dags/trigger_dag_run_dag1.py
[2024-06-15T02:49:07.059+0000] {logging_mixin.py:188} INFO - [2024-06-15T02:49:07.058+0000] {dag.py:3047} INFO - Sync 1 DAGs
[2024-06-15T02:49:07.067+0000] {logging_mixin.py:188} INFO - [2024-06-15T02:49:07.067+0000] {dag.py:3834} INFO - Setting next_dagrun for trigger_dag_run_dag1 to None, run_after=None
[2024-06-15T02:49:07.080+0000] {processor.py:183} INFO - Processing /opt/airflow/dags/trigger_dag_run_dag1.py took 0.053 seconds
[2024-06-15T02:49:37.459+0000] {processor.py:161} INFO - Started process (PID=963) to work on /opt/airflow/dags/trigger_dag_run_dag1.py
[2024-06-15T02:49:37.460+0000] {processor.py:830} INFO - Processing file /opt/airflow/dags/trigger_dag_run_dag1.py for tasks to queue
[2024-06-15T02:49:37.461+0000] {logging_mixin.py:188} INFO - [2024-06-15T02:49:37.461+0000] {dagbag.py:540} INFO - Filling up the DagBag from /opt/airflow/dags/trigger_dag_run_dag1.py
[2024-06-15T02:49:37.479+0000] {processor.py:840} INFO - DAG(s) 'trigger_dag_run_dag1' retrieved from /opt/airflow/dags/trigger_dag_run_dag1.py
[2024-06-15T02:49:37.514+0000] {logging_mixin.py:188} INFO - [2024-06-15T02:49:37.514+0000] {dag.py:3047} INFO - Sync 1 DAGs
[2024-06-15T02:49:37.526+0000] {logging_mixin.py:188} INFO - [2024-06-15T02:49:37.526+0000] {dag.py:3834} INFO - Setting next_dagrun for trigger_dag_run_dag1 to None, run_after=None
[2024-06-15T02:49:37.544+0000] {processor.py:183} INFO - Processing /opt/airflow/dags/trigger_dag_run_dag1.py took 0.087 seconds
[2024-06-15T02:50:07.944+0000] {processor.py:161} INFO - Started process (PID=995) to work on /opt/airflow/dags/trigger_dag_run_dag1.py
[2024-06-15T02:50:07.945+0000] {processor.py:830} INFO - Processing file /opt/airflow/dags/trigger_dag_run_dag1.py for tasks to queue
[2024-06-15T02:50:07.946+0000] {logging_mixin.py:188} INFO - [2024-06-15T02:50:07.946+0000] {dagbag.py:540} INFO - Filling up the DagBag from /opt/airflow/dags/trigger_dag_run_dag1.py
[2024-06-15T02:50:07.953+0000] {processor.py:840} INFO - DAG(s) 'trigger_dag_run_dag1' retrieved from /opt/airflow/dags/trigger_dag_run_dag1.py
[2024-06-15T02:50:07.971+0000] {logging_mixin.py:188} INFO - [2024-06-15T02:50:07.971+0000] {dag.py:3047} INFO - Sync 1 DAGs
[2024-06-15T02:50:07.979+0000] {logging_mixin.py:188} INFO - [2024-06-15T02:50:07.979+0000] {dag.py:3834} INFO - Setting next_dagrun for trigger_dag_run_dag1 to None, run_after=None
[2024-06-15T02:50:08.007+0000] {processor.py:183} INFO - Processing /opt/airflow/dags/trigger_dag_run_dag1.py took 0.065 seconds
[2024-06-15T02:50:38.458+0000] {processor.py:161} INFO - Started process (PID=1018) to work on /opt/airflow/dags/trigger_dag_run_dag1.py
[2024-06-15T02:50:38.459+0000] {processor.py:830} INFO - Processing file /opt/airflow/dags/trigger_dag_run_dag1.py for tasks to queue
[2024-06-15T02:50:38.460+0000] {logging_mixin.py:188} INFO - [2024-06-15T02:50:38.459+0000] {dagbag.py:540} INFO - Filling up the DagBag from /opt/airflow/dags/trigger_dag_run_dag1.py
[2024-06-15T02:50:38.472+0000] {processor.py:840} INFO - DAG(s) 'trigger_dag_run_dag1' retrieved from /opt/airflow/dags/trigger_dag_run_dag1.py
[2024-06-15T02:50:38.494+0000] {logging_mixin.py:188} INFO - [2024-06-15T02:50:38.494+0000] {dag.py:3047} INFO - Sync 1 DAGs
[2024-06-15T02:50:38.504+0000] {logging_mixin.py:188} INFO - [2024-06-15T02:50:38.503+0000] {dag.py:3834} INFO - Setting next_dagrun for trigger_dag_run_dag1 to None, run_after=None
[2024-06-15T02:50:38.524+0000] {processor.py:183} INFO - Processing /opt/airflow/dags/trigger_dag_run_dag1.py took 0.067 seconds
[2024-06-15T02:51:09.000+0000] {processor.py:161} INFO - Started process (PID=1041) to work on /opt/airflow/dags/trigger_dag_run_dag1.py
[2024-06-15T02:51:09.001+0000] {processor.py:830} INFO - Processing file /opt/airflow/dags/trigger_dag_run_dag1.py for tasks to queue
[2024-06-15T02:51:09.002+0000] {logging_mixin.py:188} INFO - [2024-06-15T02:51:09.001+0000] {dagbag.py:540} INFO - Filling up the DagBag from /opt/airflow/dags/trigger_dag_run_dag1.py
[2024-06-15T02:51:09.011+0000] {processor.py:840} INFO - DAG(s) 'trigger_dag_run_dag1' retrieved from /opt/airflow/dags/trigger_dag_run_dag1.py
[2024-06-15T02:51:09.031+0000] {logging_mixin.py:188} INFO - [2024-06-15T02:51:09.030+0000] {dag.py:3047} INFO - Sync 1 DAGs
[2024-06-15T02:51:09.040+0000] {logging_mixin.py:188} INFO - [2024-06-15T02:51:09.039+0000] {dag.py:3834} INFO - Setting next_dagrun for trigger_dag_run_dag1 to None, run_after=None
[2024-06-15T02:51:09.059+0000] {processor.py:183} INFO - Processing /opt/airflow/dags/trigger_dag_run_dag1.py took 0.061 seconds
[2024-06-15T02:51:39.480+0000] {processor.py:161} INFO - Started process (PID=1064) to work on /opt/airflow/dags/trigger_dag_run_dag1.py
[2024-06-15T02:51:39.480+0000] {processor.py:830} INFO - Processing file /opt/airflow/dags/trigger_dag_run_dag1.py for tasks to queue
[2024-06-15T02:51:39.481+0000] {logging_mixin.py:188} INFO - [2024-06-15T02:51:39.481+0000] {dagbag.py:540} INFO - Filling up the DagBag from /opt/airflow/dags/trigger_dag_run_dag1.py
[2024-06-15T02:51:39.496+0000] {processor.py:840} INFO - DAG(s) 'trigger_dag_run_dag1' retrieved from /opt/airflow/dags/trigger_dag_run_dag1.py
[2024-06-15T02:51:39.516+0000] {logging_mixin.py:188} INFO - [2024-06-15T02:51:39.516+0000] {dag.py:3047} INFO - Sync 1 DAGs
[2024-06-15T02:51:39.524+0000] {logging_mixin.py:188} INFO - [2024-06-15T02:51:39.523+0000] {dag.py:3834} INFO - Setting next_dagrun for trigger_dag_run_dag1 to None, run_after=None
[2024-06-15T02:51:39.549+0000] {processor.py:183} INFO - Processing /opt/airflow/dags/trigger_dag_run_dag1.py took 0.071 seconds
