[2024-06-15T02:29:46.949+0000] {processor.py:161} INFO - Started process (PID=49) to work on /opt/airflow/dags/trigger_dag_run_dag2.py
[2024-06-15T02:29:46.949+0000] {processor.py:830} INFO - Processing file /opt/airflow/dags/trigger_dag_run_dag2.py for tasks to queue
[2024-06-15T02:29:46.950+0000] {logging_mixin.py:188} INFO - [2024-06-15T02:29:46.950+0000] {dagbag.py:540} INFO - Filling up the DagBag from /opt/airflow/dags/trigger_dag_run_dag2.py
[2024-06-15T02:29:46.963+0000] {processor.py:840} INFO - DAG(s) 'trigger_dag_run_dag2' retrieved from /opt/airflow/dags/trigger_dag_run_dag2.py
[2024-06-15T02:29:47.039+0000] {logging_mixin.py:188} INFO - [2024-06-15T02:29:47.038+0000] {dag.py:3047} INFO - Sync 1 DAGs
[2024-06-15T02:29:47.059+0000] {logging_mixin.py:188} INFO - [2024-06-15T02:29:47.059+0000] {dag.py:3834} INFO - Setting next_dagrun for trigger_dag_run_dag2 to None, run_after=None
[2024-06-15T02:29:47.074+0000] {processor.py:183} INFO - Processing /opt/airflow/dags/trigger_dag_run_dag2.py took 0.127 seconds
[2024-06-15T02:30:17.908+0000] {processor.py:161} INFO - Started process (PID=71) to work on /opt/airflow/dags/trigger_dag_run_dag2.py
[2024-06-15T02:30:17.909+0000] {processor.py:830} INFO - Processing file /opt/airflow/dags/trigger_dag_run_dag2.py for tasks to queue
[2024-06-15T02:30:17.910+0000] {logging_mixin.py:188} INFO - [2024-06-15T02:30:17.910+0000] {dagbag.py:540} INFO - Filling up the DagBag from /opt/airflow/dags/trigger_dag_run_dag2.py
[2024-06-15T02:30:17.919+0000] {processor.py:840} INFO - DAG(s) 'trigger_dag_run_dag2' retrieved from /opt/airflow/dags/trigger_dag_run_dag2.py
[2024-06-15T02:30:17.940+0000] {logging_mixin.py:188} INFO - [2024-06-15T02:30:17.940+0000] {dag.py:3047} INFO - Sync 1 DAGs
[2024-06-15T02:30:17.962+0000] {logging_mixin.py:188} INFO - [2024-06-15T02:30:17.962+0000] {dag.py:3834} INFO - Setting next_dagrun for trigger_dag_run_dag2 to None, run_after=None
[2024-06-15T02:30:17.984+0000] {processor.py:183} INFO - Processing /opt/airflow/dags/trigger_dag_run_dag2.py took 0.078 seconds
[2024-06-15T02:30:48.502+0000] {processor.py:161} INFO - Started process (PID=93) to work on /opt/airflow/dags/trigger_dag_run_dag2.py
[2024-06-15T02:30:48.503+0000] {processor.py:830} INFO - Processing file /opt/airflow/dags/trigger_dag_run_dag2.py for tasks to queue
[2024-06-15T02:30:48.504+0000] {logging_mixin.py:188} INFO - [2024-06-15T02:30:48.504+0000] {dagbag.py:540} INFO - Filling up the DagBag from /opt/airflow/dags/trigger_dag_run_dag2.py
[2024-06-15T02:30:48.513+0000] {processor.py:840} INFO - DAG(s) 'trigger_dag_run_dag2' retrieved from /opt/airflow/dags/trigger_dag_run_dag2.py
[2024-06-15T02:30:48.533+0000] {logging_mixin.py:188} INFO - [2024-06-15T02:30:48.533+0000] {dag.py:3047} INFO - Sync 1 DAGs
[2024-06-15T02:30:48.549+0000] {logging_mixin.py:188} INFO - [2024-06-15T02:30:48.549+0000] {dag.py:3834} INFO - Setting next_dagrun for trigger_dag_run_dag2 to None, run_after=None
[2024-06-15T02:30:48.568+0000] {processor.py:183} INFO - Processing /opt/airflow/dags/trigger_dag_run_dag2.py took 0.067 seconds
[2024-06-15T02:31:18.946+0000] {processor.py:161} INFO - Started process (PID=115) to work on /opt/airflow/dags/trigger_dag_run_dag2.py
[2024-06-15T02:31:18.947+0000] {processor.py:830} INFO - Processing file /opt/airflow/dags/trigger_dag_run_dag2.py for tasks to queue
[2024-06-15T02:31:18.948+0000] {logging_mixin.py:188} INFO - [2024-06-15T02:31:18.948+0000] {dagbag.py:540} INFO - Filling up the DagBag from /opt/airflow/dags/trigger_dag_run_dag2.py
[2024-06-15T02:31:18.959+0000] {processor.py:840} INFO - DAG(s) 'trigger_dag_run_dag2' retrieved from /opt/airflow/dags/trigger_dag_run_dag2.py
[2024-06-15T02:31:18.981+0000] {logging_mixin.py:188} INFO - [2024-06-15T02:31:18.981+0000] {dag.py:3047} INFO - Sync 1 DAGs
[2024-06-15T02:31:18.997+0000] {logging_mixin.py:188} INFO - [2024-06-15T02:31:18.996+0000] {dag.py:3834} INFO - Setting next_dagrun for trigger_dag_run_dag2 to None, run_after=None
[2024-06-15T02:31:19.014+0000] {processor.py:183} INFO - Processing /opt/airflow/dags/trigger_dag_run_dag2.py took 0.070 seconds
[2024-06-15T02:31:49.527+0000] {processor.py:161} INFO - Started process (PID=137) to work on /opt/airflow/dags/trigger_dag_run_dag2.py
[2024-06-15T02:31:49.528+0000] {processor.py:830} INFO - Processing file /opt/airflow/dags/trigger_dag_run_dag2.py for tasks to queue
[2024-06-15T02:31:49.530+0000] {logging_mixin.py:188} INFO - [2024-06-15T02:31:49.529+0000] {dagbag.py:540} INFO - Filling up the DagBag from /opt/airflow/dags/trigger_dag_run_dag2.py
[2024-06-15T02:31:49.538+0000] {processor.py:840} INFO - DAG(s) 'trigger_dag_run_dag2' retrieved from /opt/airflow/dags/trigger_dag_run_dag2.py
[2024-06-15T02:31:49.561+0000] {logging_mixin.py:188} INFO - [2024-06-15T02:31:49.561+0000] {dag.py:3047} INFO - Sync 1 DAGs
[2024-06-15T02:31:49.576+0000] {logging_mixin.py:188} INFO - [2024-06-15T02:31:49.575+0000] {dag.py:3834} INFO - Setting next_dagrun for trigger_dag_run_dag2 to None, run_after=None
[2024-06-15T02:31:49.591+0000] {processor.py:183} INFO - Processing /opt/airflow/dags/trigger_dag_run_dag2.py took 0.066 seconds
[2024-06-15T02:32:19.987+0000] {processor.py:161} INFO - Started process (PID=159) to work on /opt/airflow/dags/trigger_dag_run_dag2.py
[2024-06-15T02:32:19.988+0000] {processor.py:830} INFO - Processing file /opt/airflow/dags/trigger_dag_run_dag2.py for tasks to queue
[2024-06-15T02:32:19.989+0000] {logging_mixin.py:188} INFO - [2024-06-15T02:32:19.989+0000] {dagbag.py:540} INFO - Filling up the DagBag from /opt/airflow/dags/trigger_dag_run_dag2.py
[2024-06-15T02:32:20.000+0000] {processor.py:840} INFO - DAG(s) 'trigger_dag_run_dag2' retrieved from /opt/airflow/dags/trigger_dag_run_dag2.py
[2024-06-15T02:32:20.023+0000] {logging_mixin.py:188} INFO - [2024-06-15T02:32:20.023+0000] {dag.py:3047} INFO - Sync 1 DAGs
[2024-06-15T02:32:20.043+0000] {logging_mixin.py:188} INFO - [2024-06-15T02:32:20.043+0000] {dag.py:3834} INFO - Setting next_dagrun for trigger_dag_run_dag2 to None, run_after=None
[2024-06-15T02:32:20.064+0000] {processor.py:183} INFO - Processing /opt/airflow/dags/trigger_dag_run_dag2.py took 0.079 seconds
[2024-06-15T02:32:50.485+0000] {processor.py:161} INFO - Started process (PID=181) to work on /opt/airflow/dags/trigger_dag_run_dag2.py
[2024-06-15T02:32:50.485+0000] {processor.py:830} INFO - Processing file /opt/airflow/dags/trigger_dag_run_dag2.py for tasks to queue
[2024-06-15T02:32:50.486+0000] {logging_mixin.py:188} INFO - [2024-06-15T02:32:50.486+0000] {dagbag.py:540} INFO - Filling up the DagBag from /opt/airflow/dags/trigger_dag_run_dag2.py
[2024-06-15T02:32:50.496+0000] {processor.py:840} INFO - DAG(s) 'trigger_dag_run_dag2' retrieved from /opt/airflow/dags/trigger_dag_run_dag2.py
[2024-06-15T02:32:50.573+0000] {logging_mixin.py:188} INFO - [2024-06-15T02:32:50.573+0000] {dag.py:3047} INFO - Sync 1 DAGs
[2024-06-15T02:32:50.596+0000] {logging_mixin.py:188} INFO - [2024-06-15T02:32:50.595+0000] {dag.py:3834} INFO - Setting next_dagrun for trigger_dag_run_dag2 to None, run_after=None
[2024-06-15T02:32:50.644+0000] {processor.py:183} INFO - Processing /opt/airflow/dags/trigger_dag_run_dag2.py took 0.160 seconds
[2024-06-15T02:33:21.319+0000] {processor.py:161} INFO - Started process (PID=203) to work on /opt/airflow/dags/trigger_dag_run_dag2.py
[2024-06-15T02:33:21.320+0000] {processor.py:830} INFO - Processing file /opt/airflow/dags/trigger_dag_run_dag2.py for tasks to queue
[2024-06-15T02:33:21.321+0000] {logging_mixin.py:188} INFO - [2024-06-15T02:33:21.321+0000] {dagbag.py:540} INFO - Filling up the DagBag from /opt/airflow/dags/trigger_dag_run_dag2.py
[2024-06-15T02:33:21.333+0000] {processor.py:840} INFO - DAG(s) 'trigger_dag_run_dag2' retrieved from /opt/airflow/dags/trigger_dag_run_dag2.py
[2024-06-15T02:33:21.359+0000] {logging_mixin.py:188} INFO - [2024-06-15T02:33:21.359+0000] {dag.py:3047} INFO - Sync 1 DAGs
[2024-06-15T02:33:21.381+0000] {logging_mixin.py:188} INFO - [2024-06-15T02:33:21.381+0000] {dag.py:3834} INFO - Setting next_dagrun for trigger_dag_run_dag2 to None, run_after=None
[2024-06-15T02:33:21.405+0000] {processor.py:183} INFO - Processing /opt/airflow/dags/trigger_dag_run_dag2.py took 0.088 seconds
[2024-06-15T02:33:51.908+0000] {processor.py:161} INFO - Started process (PID=224) to work on /opt/airflow/dags/trigger_dag_run_dag2.py
[2024-06-15T02:33:51.909+0000] {processor.py:830} INFO - Processing file /opt/airflow/dags/trigger_dag_run_dag2.py for tasks to queue
[2024-06-15T02:33:51.911+0000] {logging_mixin.py:188} INFO - [2024-06-15T02:33:51.911+0000] {dagbag.py:540} INFO - Filling up the DagBag from /opt/airflow/dags/trigger_dag_run_dag2.py
[2024-06-15T02:33:51.922+0000] {processor.py:840} INFO - DAG(s) 'trigger_dag_run_dag2' retrieved from /opt/airflow/dags/trigger_dag_run_dag2.py
[2024-06-15T02:33:51.945+0000] {logging_mixin.py:188} INFO - [2024-06-15T02:33:51.945+0000] {dag.py:3047} INFO - Sync 1 DAGs
[2024-06-15T02:33:51.963+0000] {logging_mixin.py:188} INFO - [2024-06-15T02:33:51.963+0000] {dag.py:3834} INFO - Setting next_dagrun for trigger_dag_run_dag2 to None, run_after=None
[2024-06-15T02:33:51.987+0000] {processor.py:183} INFO - Processing /opt/airflow/dags/trigger_dag_run_dag2.py took 0.081 seconds
[2024-06-15T02:34:22.407+0000] {processor.py:161} INFO - Started process (PID=246) to work on /opt/airflow/dags/trigger_dag_run_dag2.py
[2024-06-15T02:34:22.408+0000] {processor.py:830} INFO - Processing file /opt/airflow/dags/trigger_dag_run_dag2.py for tasks to queue
[2024-06-15T02:34:22.409+0000] {logging_mixin.py:188} INFO - [2024-06-15T02:34:22.409+0000] {dagbag.py:540} INFO - Filling up the DagBag from /opt/airflow/dags/trigger_dag_run_dag2.py
[2024-06-15T02:34:22.421+0000] {processor.py:840} INFO - DAG(s) 'trigger_dag_run_dag2' retrieved from /opt/airflow/dags/trigger_dag_run_dag2.py
[2024-06-15T02:34:22.455+0000] {logging_mixin.py:188} INFO - [2024-06-15T02:34:22.455+0000] {dag.py:3047} INFO - Sync 1 DAGs
[2024-06-15T02:34:22.473+0000] {logging_mixin.py:188} INFO - [2024-06-15T02:34:22.473+0000] {dag.py:3834} INFO - Setting next_dagrun for trigger_dag_run_dag2 to None, run_after=None
[2024-06-15T02:34:22.496+0000] {processor.py:183} INFO - Processing /opt/airflow/dags/trigger_dag_run_dag2.py took 0.091 seconds
[2024-06-15T02:34:53.189+0000] {processor.py:161} INFO - Started process (PID=269) to work on /opt/airflow/dags/trigger_dag_run_dag2.py
[2024-06-15T02:34:53.189+0000] {processor.py:830} INFO - Processing file /opt/airflow/dags/trigger_dag_run_dag2.py for tasks to queue
[2024-06-15T02:34:53.191+0000] {logging_mixin.py:188} INFO - [2024-06-15T02:34:53.191+0000] {dagbag.py:540} INFO - Filling up the DagBag from /opt/airflow/dags/trigger_dag_run_dag2.py
[2024-06-15T02:34:53.202+0000] {processor.py:840} INFO - DAG(s) 'trigger_dag_run_dag2' retrieved from /opt/airflow/dags/trigger_dag_run_dag2.py
[2024-06-15T02:34:53.225+0000] {logging_mixin.py:188} INFO - [2024-06-15T02:34:53.225+0000] {dag.py:3047} INFO - Sync 1 DAGs
[2024-06-15T02:34:53.242+0000] {logging_mixin.py:188} INFO - [2024-06-15T02:34:53.242+0000] {dag.py:3834} INFO - Setting next_dagrun for trigger_dag_run_dag2 to None, run_after=None
[2024-06-15T02:34:53.265+0000] {processor.py:183} INFO - Processing /opt/airflow/dags/trigger_dag_run_dag2.py took 0.078 seconds
[2024-06-15T02:35:23.851+0000] {processor.py:161} INFO - Started process (PID=292) to work on /opt/airflow/dags/trigger_dag_run_dag2.py
[2024-06-15T02:35:23.852+0000] {processor.py:830} INFO - Processing file /opt/airflow/dags/trigger_dag_run_dag2.py for tasks to queue
[2024-06-15T02:35:23.854+0000] {logging_mixin.py:188} INFO - [2024-06-15T02:35:23.853+0000] {dagbag.py:540} INFO - Filling up the DagBag from /opt/airflow/dags/trigger_dag_run_dag2.py
[2024-06-15T02:35:23.866+0000] {processor.py:840} INFO - DAG(s) 'trigger_dag_run_dag2' retrieved from /opt/airflow/dags/trigger_dag_run_dag2.py
[2024-06-15T02:35:23.890+0000] {logging_mixin.py:188} INFO - [2024-06-15T02:35:23.890+0000] {dag.py:3047} INFO - Sync 1 DAGs
[2024-06-15T02:35:23.910+0000] {logging_mixin.py:188} INFO - [2024-06-15T02:35:23.910+0000] {dag.py:3834} INFO - Setting next_dagrun for trigger_dag_run_dag2 to None, run_after=None
[2024-06-15T02:35:23.930+0000] {processor.py:183} INFO - Processing /opt/airflow/dags/trigger_dag_run_dag2.py took 0.081 seconds
[2024-06-15T02:35:54.501+0000] {processor.py:161} INFO - Started process (PID=316) to work on /opt/airflow/dags/trigger_dag_run_dag2.py
[2024-06-15T02:35:54.502+0000] {processor.py:830} INFO - Processing file /opt/airflow/dags/trigger_dag_run_dag2.py for tasks to queue
[2024-06-15T02:35:54.503+0000] {logging_mixin.py:188} INFO - [2024-06-15T02:35:54.503+0000] {dagbag.py:540} INFO - Filling up the DagBag from /opt/airflow/dags/trigger_dag_run_dag2.py
[2024-06-15T02:35:54.515+0000] {processor.py:840} INFO - DAG(s) 'trigger_dag_run_dag2' retrieved from /opt/airflow/dags/trigger_dag_run_dag2.py
[2024-06-15T02:35:54.538+0000] {logging_mixin.py:188} INFO - [2024-06-15T02:35:54.538+0000] {dag.py:3047} INFO - Sync 1 DAGs
[2024-06-15T02:35:54.553+0000] {logging_mixin.py:188} INFO - [2024-06-15T02:35:54.553+0000] {dag.py:3834} INFO - Setting next_dagrun for trigger_dag_run_dag2 to None, run_after=None
[2024-06-15T02:35:54.576+0000] {processor.py:183} INFO - Processing /opt/airflow/dags/trigger_dag_run_dag2.py took 0.077 seconds
[2024-06-15T02:36:24.835+0000] {processor.py:161} INFO - Started process (PID=339) to work on /opt/airflow/dags/trigger_dag_run_dag2.py
[2024-06-15T02:36:24.835+0000] {processor.py:830} INFO - Processing file /opt/airflow/dags/trigger_dag_run_dag2.py for tasks to queue
[2024-06-15T02:36:24.837+0000] {logging_mixin.py:188} INFO - [2024-06-15T02:36:24.836+0000] {dagbag.py:540} INFO - Filling up the DagBag from /opt/airflow/dags/trigger_dag_run_dag2.py
[2024-06-15T02:36:24.848+0000] {processor.py:840} INFO - DAG(s) 'trigger_dag_run_dag2' retrieved from /opt/airflow/dags/trigger_dag_run_dag2.py
[2024-06-15T02:36:24.872+0000] {logging_mixin.py:188} INFO - [2024-06-15T02:36:24.872+0000] {dag.py:3047} INFO - Sync 1 DAGs
[2024-06-15T02:36:24.892+0000] {logging_mixin.py:188} INFO - [2024-06-15T02:36:24.891+0000] {dag.py:3834} INFO - Setting next_dagrun for trigger_dag_run_dag2 to None, run_after=None
[2024-06-15T02:36:24.912+0000] {processor.py:183} INFO - Processing /opt/airflow/dags/trigger_dag_run_dag2.py took 0.079 seconds
[2024-06-15T02:36:55.408+0000] {processor.py:161} INFO - Started process (PID=362) to work on /opt/airflow/dags/trigger_dag_run_dag2.py
[2024-06-15T02:36:55.409+0000] {processor.py:830} INFO - Processing file /opt/airflow/dags/trigger_dag_run_dag2.py for tasks to queue
[2024-06-15T02:36:55.411+0000] {logging_mixin.py:188} INFO - [2024-06-15T02:36:55.411+0000] {dagbag.py:540} INFO - Filling up the DagBag from /opt/airflow/dags/trigger_dag_run_dag2.py
[2024-06-15T02:36:55.422+0000] {processor.py:840} INFO - DAG(s) 'trigger_dag_run_dag2' retrieved from /opt/airflow/dags/trigger_dag_run_dag2.py
[2024-06-15T02:36:55.441+0000] {logging_mixin.py:188} INFO - [2024-06-15T02:36:55.441+0000] {dag.py:3047} INFO - Sync 1 DAGs
[2024-06-15T02:36:55.455+0000] {logging_mixin.py:188} INFO - [2024-06-15T02:36:55.455+0000] {dag.py:3834} INFO - Setting next_dagrun for trigger_dag_run_dag2 to None, run_after=None
[2024-06-15T02:36:55.474+0000] {processor.py:183} INFO - Processing /opt/airflow/dags/trigger_dag_run_dag2.py took 0.068 seconds
[2024-06-15T02:37:26.112+0000] {processor.py:161} INFO - Started process (PID=386) to work on /opt/airflow/dags/trigger_dag_run_dag2.py
[2024-06-15T02:37:26.112+0000] {processor.py:830} INFO - Processing file /opt/airflow/dags/trigger_dag_run_dag2.py for tasks to queue
[2024-06-15T02:37:26.113+0000] {logging_mixin.py:188} INFO - [2024-06-15T02:37:26.113+0000] {dagbag.py:540} INFO - Filling up the DagBag from /opt/airflow/dags/trigger_dag_run_dag2.py
[2024-06-15T02:37:26.124+0000] {processor.py:840} INFO - DAG(s) 'trigger_dag_run_dag2' retrieved from /opt/airflow/dags/trigger_dag_run_dag2.py
[2024-06-15T02:37:26.145+0000] {logging_mixin.py:188} INFO - [2024-06-15T02:37:26.144+0000] {dag.py:3047} INFO - Sync 1 DAGs
[2024-06-15T02:37:26.161+0000] {logging_mixin.py:188} INFO - [2024-06-15T02:37:26.161+0000] {dag.py:3834} INFO - Setting next_dagrun for trigger_dag_run_dag2 to None, run_after=None
[2024-06-15T02:37:26.176+0000] {processor.py:183} INFO - Processing /opt/airflow/dags/trigger_dag_run_dag2.py took 0.066 seconds
[2024-06-15T02:37:56.653+0000] {processor.py:161} INFO - Started process (PID=409) to work on /opt/airflow/dags/trigger_dag_run_dag2.py
[2024-06-15T02:37:56.654+0000] {processor.py:830} INFO - Processing file /opt/airflow/dags/trigger_dag_run_dag2.py for tasks to queue
[2024-06-15T02:37:56.655+0000] {logging_mixin.py:188} INFO - [2024-06-15T02:37:56.655+0000] {dagbag.py:540} INFO - Filling up the DagBag from /opt/airflow/dags/trigger_dag_run_dag2.py
[2024-06-15T02:37:56.667+0000] {processor.py:840} INFO - DAG(s) 'trigger_dag_run_dag2' retrieved from /opt/airflow/dags/trigger_dag_run_dag2.py
[2024-06-15T02:37:56.687+0000] {logging_mixin.py:188} INFO - [2024-06-15T02:37:56.687+0000] {dag.py:3047} INFO - Sync 1 DAGs
[2024-06-15T02:37:56.702+0000] {logging_mixin.py:188} INFO - [2024-06-15T02:37:56.702+0000] {dag.py:3834} INFO - Setting next_dagrun for trigger_dag_run_dag2 to None, run_after=None
[2024-06-15T02:37:56.722+0000] {processor.py:183} INFO - Processing /opt/airflow/dags/trigger_dag_run_dag2.py took 0.070 seconds
[2024-06-15T02:38:27.559+0000] {processor.py:161} INFO - Started process (PID=433) to work on /opt/airflow/dags/trigger_dag_run_dag2.py
[2024-06-15T02:38:27.560+0000] {processor.py:830} INFO - Processing file /opt/airflow/dags/trigger_dag_run_dag2.py for tasks to queue
[2024-06-15T02:38:27.561+0000] {logging_mixin.py:188} INFO - [2024-06-15T02:38:27.561+0000] {dagbag.py:540} INFO - Filling up the DagBag from /opt/airflow/dags/trigger_dag_run_dag2.py
[2024-06-15T02:38:27.572+0000] {processor.py:840} INFO - DAG(s) 'trigger_dag_run_dag2' retrieved from /opt/airflow/dags/trigger_dag_run_dag2.py
[2024-06-15T02:38:27.593+0000] {logging_mixin.py:188} INFO - [2024-06-15T02:38:27.593+0000] {dag.py:3047} INFO - Sync 1 DAGs
[2024-06-15T02:38:27.608+0000] {logging_mixin.py:188} INFO - [2024-06-15T02:38:27.608+0000] {dag.py:3834} INFO - Setting next_dagrun for trigger_dag_run_dag2 to None, run_after=None
[2024-06-15T02:38:27.627+0000] {processor.py:183} INFO - Processing /opt/airflow/dags/trigger_dag_run_dag2.py took 0.069 seconds
[2024-06-15T02:38:58.121+0000] {processor.py:161} INFO - Started process (PID=456) to work on /opt/airflow/dags/trigger_dag_run_dag2.py
[2024-06-15T02:38:58.123+0000] {processor.py:830} INFO - Processing file /opt/airflow/dags/trigger_dag_run_dag2.py for tasks to queue
[2024-06-15T02:38:58.124+0000] {logging_mixin.py:188} INFO - [2024-06-15T02:38:58.124+0000] {dagbag.py:540} INFO - Filling up the DagBag from /opt/airflow/dags/trigger_dag_run_dag2.py
[2024-06-15T02:38:58.137+0000] {processor.py:840} INFO - DAG(s) 'trigger_dag_run_dag2' retrieved from /opt/airflow/dags/trigger_dag_run_dag2.py
[2024-06-15T02:38:58.159+0000] {logging_mixin.py:188} INFO - [2024-06-15T02:38:58.158+0000] {dag.py:3047} INFO - Sync 1 DAGs
[2024-06-15T02:38:58.175+0000] {logging_mixin.py:188} INFO - [2024-06-15T02:38:58.175+0000] {dag.py:3834} INFO - Setting next_dagrun for trigger_dag_run_dag2 to None, run_after=None
[2024-06-15T02:38:58.195+0000] {processor.py:183} INFO - Processing /opt/airflow/dags/trigger_dag_run_dag2.py took 0.075 seconds
[2024-06-15T02:39:28.527+0000] {processor.py:161} INFO - Started process (PID=479) to work on /opt/airflow/dags/trigger_dag_run_dag2.py
[2024-06-15T02:39:28.528+0000] {processor.py:830} INFO - Processing file /opt/airflow/dags/trigger_dag_run_dag2.py for tasks to queue
[2024-06-15T02:39:28.529+0000] {logging_mixin.py:188} INFO - [2024-06-15T02:39:28.528+0000] {dagbag.py:540} INFO - Filling up the DagBag from /opt/airflow/dags/trigger_dag_run_dag2.py
[2024-06-15T02:39:28.541+0000] {processor.py:840} INFO - DAG(s) 'trigger_dag_run_dag2' retrieved from /opt/airflow/dags/trigger_dag_run_dag2.py
[2024-06-15T02:39:28.566+0000] {logging_mixin.py:188} INFO - [2024-06-15T02:39:28.566+0000] {dag.py:3047} INFO - Sync 1 DAGs
[2024-06-15T02:39:28.588+0000] {logging_mixin.py:188} INFO - [2024-06-15T02:39:28.588+0000] {dag.py:3834} INFO - Setting next_dagrun for trigger_dag_run_dag2 to None, run_after=None
[2024-06-15T02:39:28.600+0000] {processor.py:183} INFO - Processing /opt/airflow/dags/trigger_dag_run_dag2.py took 0.075 seconds
[2024-06-15T02:39:59.022+0000] {processor.py:161} INFO - Started process (PID=502) to work on /opt/airflow/dags/trigger_dag_run_dag2.py
[2024-06-15T02:39:59.022+0000] {processor.py:830} INFO - Processing file /opt/airflow/dags/trigger_dag_run_dag2.py for tasks to queue
[2024-06-15T02:39:59.023+0000] {logging_mixin.py:188} INFO - [2024-06-15T02:39:59.023+0000] {dagbag.py:540} INFO - Filling up the DagBag from /opt/airflow/dags/trigger_dag_run_dag2.py
[2024-06-15T02:39:59.038+0000] {processor.py:840} INFO - DAG(s) 'trigger_dag_run_dag2' retrieved from /opt/airflow/dags/trigger_dag_run_dag2.py
[2024-06-15T02:39:59.061+0000] {logging_mixin.py:188} INFO - [2024-06-15T02:39:59.061+0000] {dag.py:3047} INFO - Sync 1 DAGs
[2024-06-15T02:39:59.080+0000] {logging_mixin.py:188} INFO - [2024-06-15T02:39:59.080+0000] {dag.py:3834} INFO - Setting next_dagrun for trigger_dag_run_dag2 to None, run_after=None
[2024-06-15T02:39:59.099+0000] {processor.py:183} INFO - Processing /opt/airflow/dags/trigger_dag_run_dag2.py took 0.079 seconds
[2024-06-15T02:40:29.355+0000] {processor.py:161} INFO - Started process (PID=525) to work on /opt/airflow/dags/trigger_dag_run_dag2.py
[2024-06-15T02:40:29.355+0000] {processor.py:830} INFO - Processing file /opt/airflow/dags/trigger_dag_run_dag2.py for tasks to queue
[2024-06-15T02:40:29.356+0000] {logging_mixin.py:188} INFO - [2024-06-15T02:40:29.356+0000] {dagbag.py:540} INFO - Filling up the DagBag from /opt/airflow/dags/trigger_dag_run_dag2.py
[2024-06-15T02:40:29.369+0000] {processor.py:840} INFO - DAG(s) 'trigger_dag_run_dag2' retrieved from /opt/airflow/dags/trigger_dag_run_dag2.py
[2024-06-15T02:40:29.390+0000] {logging_mixin.py:188} INFO - [2024-06-15T02:40:29.390+0000] {dag.py:3047} INFO - Sync 1 DAGs
[2024-06-15T02:40:29.405+0000] {logging_mixin.py:188} INFO - [2024-06-15T02:40:29.405+0000] {dag.py:3834} INFO - Setting next_dagrun for trigger_dag_run_dag2 to None, run_after=None
[2024-06-15T02:40:29.428+0000] {processor.py:183} INFO - Processing /opt/airflow/dags/trigger_dag_run_dag2.py took 0.075 seconds
[2024-06-15T02:40:59.968+0000] {processor.py:161} INFO - Started process (PID=548) to work on /opt/airflow/dags/trigger_dag_run_dag2.py
[2024-06-15T02:40:59.968+0000] {processor.py:830} INFO - Processing file /opt/airflow/dags/trigger_dag_run_dag2.py for tasks to queue
[2024-06-15T02:40:59.970+0000] {logging_mixin.py:188} INFO - [2024-06-15T02:40:59.969+0000] {dagbag.py:540} INFO - Filling up the DagBag from /opt/airflow/dags/trigger_dag_run_dag2.py
[2024-06-15T02:40:59.978+0000] {processor.py:840} INFO - DAG(s) 'trigger_dag_run_dag2' retrieved from /opt/airflow/dags/trigger_dag_run_dag2.py
[2024-06-15T02:41:00.000+0000] {logging_mixin.py:188} INFO - [2024-06-15T02:41:00.000+0000] {dag.py:3047} INFO - Sync 1 DAGs
[2024-06-15T02:41:00.030+0000] {logging_mixin.py:188} INFO - [2024-06-15T02:41:00.030+0000] {dag.py:3834} INFO - Setting next_dagrun for trigger_dag_run_dag2 to None, run_after=None
[2024-06-15T02:41:00.049+0000] {processor.py:183} INFO - Processing /opt/airflow/dags/trigger_dag_run_dag2.py took 0.084 seconds
[2024-06-15T02:41:30.433+0000] {processor.py:161} INFO - Started process (PID=571) to work on /opt/airflow/dags/trigger_dag_run_dag2.py
[2024-06-15T02:41:30.433+0000] {processor.py:830} INFO - Processing file /opt/airflow/dags/trigger_dag_run_dag2.py for tasks to queue
[2024-06-15T02:41:30.434+0000] {logging_mixin.py:188} INFO - [2024-06-15T02:41:30.434+0000] {dagbag.py:540} INFO - Filling up the DagBag from /opt/airflow/dags/trigger_dag_run_dag2.py
[2024-06-15T02:41:30.445+0000] {processor.py:840} INFO - DAG(s) 'trigger_dag_run_dag2' retrieved from /opt/airflow/dags/trigger_dag_run_dag2.py
[2024-06-15T02:41:30.469+0000] {logging_mixin.py:188} INFO - [2024-06-15T02:41:30.469+0000] {dag.py:3047} INFO - Sync 1 DAGs
[2024-06-15T02:41:30.486+0000] {logging_mixin.py:188} INFO - [2024-06-15T02:41:30.486+0000] {dag.py:3834} INFO - Setting next_dagrun for trigger_dag_run_dag2 to None, run_after=None
[2024-06-15T02:41:30.504+0000] {processor.py:183} INFO - Processing /opt/airflow/dags/trigger_dag_run_dag2.py took 0.074 seconds
[2024-06-15T02:42:01.035+0000] {processor.py:161} INFO - Started process (PID=594) to work on /opt/airflow/dags/trigger_dag_run_dag2.py
[2024-06-15T02:42:01.036+0000] {processor.py:830} INFO - Processing file /opt/airflow/dags/trigger_dag_run_dag2.py for tasks to queue
[2024-06-15T02:42:01.038+0000] {logging_mixin.py:188} INFO - [2024-06-15T02:42:01.037+0000] {dagbag.py:540} INFO - Filling up the DagBag from /opt/airflow/dags/trigger_dag_run_dag2.py
[2024-06-15T02:42:01.049+0000] {processor.py:840} INFO - DAG(s) 'trigger_dag_run_dag2' retrieved from /opt/airflow/dags/trigger_dag_run_dag2.py
[2024-06-15T02:42:01.073+0000] {logging_mixin.py:188} INFO - [2024-06-15T02:42:01.073+0000] {dag.py:3047} INFO - Sync 1 DAGs
[2024-06-15T02:42:01.091+0000] {logging_mixin.py:188} INFO - [2024-06-15T02:42:01.091+0000] {dag.py:3834} INFO - Setting next_dagrun for trigger_dag_run_dag2 to None, run_after=None
[2024-06-15T02:42:01.113+0000] {processor.py:183} INFO - Processing /opt/airflow/dags/trigger_dag_run_dag2.py took 0.080 seconds
[2024-06-15T02:42:31.556+0000] {processor.py:161} INFO - Started process (PID=617) to work on /opt/airflow/dags/trigger_dag_run_dag2.py
[2024-06-15T02:42:31.557+0000] {processor.py:830} INFO - Processing file /opt/airflow/dags/trigger_dag_run_dag2.py for tasks to queue
[2024-06-15T02:42:31.558+0000] {logging_mixin.py:188} INFO - [2024-06-15T02:42:31.557+0000] {dagbag.py:540} INFO - Filling up the DagBag from /opt/airflow/dags/trigger_dag_run_dag2.py
[2024-06-15T02:42:31.573+0000] {processor.py:840} INFO - DAG(s) 'trigger_dag_run_dag2' retrieved from /opt/airflow/dags/trigger_dag_run_dag2.py
[2024-06-15T02:42:31.595+0000] {logging_mixin.py:188} INFO - [2024-06-15T02:42:31.595+0000] {dag.py:3047} INFO - Sync 1 DAGs
[2024-06-15T02:42:31.613+0000] {logging_mixin.py:188} INFO - [2024-06-15T02:42:31.613+0000] {dag.py:3834} INFO - Setting next_dagrun for trigger_dag_run_dag2 to None, run_after=None
[2024-06-15T02:42:31.640+0000] {processor.py:183} INFO - Processing /opt/airflow/dags/trigger_dag_run_dag2.py took 0.086 seconds
[2024-06-15T02:43:02.160+0000] {processor.py:161} INFO - Started process (PID=641) to work on /opt/airflow/dags/trigger_dag_run_dag2.py
[2024-06-15T02:43:02.161+0000] {processor.py:830} INFO - Processing file /opt/airflow/dags/trigger_dag_run_dag2.py for tasks to queue
[2024-06-15T02:43:02.162+0000] {logging_mixin.py:188} INFO - [2024-06-15T02:43:02.162+0000] {dagbag.py:540} INFO - Filling up the DagBag from /opt/airflow/dags/trigger_dag_run_dag2.py
[2024-06-15T02:43:02.175+0000] {processor.py:840} INFO - DAG(s) 'trigger_dag_run_dag2' retrieved from /opt/airflow/dags/trigger_dag_run_dag2.py
[2024-06-15T02:43:02.196+0000] {logging_mixin.py:188} INFO - [2024-06-15T02:43:02.196+0000] {dag.py:3047} INFO - Sync 1 DAGs
[2024-06-15T02:43:02.212+0000] {logging_mixin.py:188} INFO - [2024-06-15T02:43:02.212+0000] {dag.py:3834} INFO - Setting next_dagrun for trigger_dag_run_dag2 to None, run_after=None
[2024-06-15T02:43:02.224+0000] {processor.py:183} INFO - Processing /opt/airflow/dags/trigger_dag_run_dag2.py took 0.066 seconds
[2024-06-15T02:43:32.676+0000] {processor.py:161} INFO - Started process (PID=664) to work on /opt/airflow/dags/trigger_dag_run_dag2.py
[2024-06-15T02:43:32.677+0000] {processor.py:830} INFO - Processing file /opt/airflow/dags/trigger_dag_run_dag2.py for tasks to queue
[2024-06-15T02:43:32.678+0000] {logging_mixin.py:188} INFO - [2024-06-15T02:43:32.678+0000] {dagbag.py:540} INFO - Filling up the DagBag from /opt/airflow/dags/trigger_dag_run_dag2.py
[2024-06-15T02:43:32.691+0000] {processor.py:840} INFO - DAG(s) 'trigger_dag_run_dag2' retrieved from /opt/airflow/dags/trigger_dag_run_dag2.py
[2024-06-15T02:43:32.722+0000] {logging_mixin.py:188} INFO - [2024-06-15T02:43:32.722+0000] {dag.py:3047} INFO - Sync 1 DAGs
[2024-06-15T02:43:32.739+0000] {logging_mixin.py:188} INFO - [2024-06-15T02:43:32.739+0000] {dag.py:3834} INFO - Setting next_dagrun for trigger_dag_run_dag2 to None, run_after=None
[2024-06-15T02:43:32.753+0000] {processor.py:183} INFO - Processing /opt/airflow/dags/trigger_dag_run_dag2.py took 0.079 seconds
[2024-06-15T02:44:03.074+0000] {processor.py:161} INFO - Started process (PID=687) to work on /opt/airflow/dags/trigger_dag_run_dag2.py
[2024-06-15T02:44:03.075+0000] {processor.py:830} INFO - Processing file /opt/airflow/dags/trigger_dag_run_dag2.py for tasks to queue
[2024-06-15T02:44:03.076+0000] {logging_mixin.py:188} INFO - [2024-06-15T02:44:03.076+0000] {dagbag.py:540} INFO - Filling up the DagBag from /opt/airflow/dags/trigger_dag_run_dag2.py
[2024-06-15T02:44:03.087+0000] {processor.py:840} INFO - DAG(s) 'trigger_dag_run_dag2' retrieved from /opt/airflow/dags/trigger_dag_run_dag2.py
[2024-06-15T02:44:03.114+0000] {logging_mixin.py:188} INFO - [2024-06-15T02:44:03.114+0000] {dag.py:3047} INFO - Sync 1 DAGs
[2024-06-15T02:44:03.138+0000] {logging_mixin.py:188} INFO - [2024-06-15T02:44:03.138+0000] {dag.py:3834} INFO - Setting next_dagrun for trigger_dag_run_dag2 to None, run_after=None
[2024-06-15T02:44:03.162+0000] {processor.py:183} INFO - Processing /opt/airflow/dags/trigger_dag_run_dag2.py took 0.090 seconds
[2024-06-15T02:44:33.751+0000] {processor.py:161} INFO - Started process (PID=710) to work on /opt/airflow/dags/trigger_dag_run_dag2.py
[2024-06-15T02:44:33.752+0000] {processor.py:830} INFO - Processing file /opt/airflow/dags/trigger_dag_run_dag2.py for tasks to queue
[2024-06-15T02:44:33.753+0000] {logging_mixin.py:188} INFO - [2024-06-15T02:44:33.753+0000] {dagbag.py:540} INFO - Filling up the DagBag from /opt/airflow/dags/trigger_dag_run_dag2.py
[2024-06-15T02:44:33.767+0000] {processor.py:840} INFO - DAG(s) 'trigger_dag_run_dag2' retrieved from /opt/airflow/dags/trigger_dag_run_dag2.py
[2024-06-15T02:44:33.791+0000] {logging_mixin.py:188} INFO - [2024-06-15T02:44:33.791+0000] {dag.py:3047} INFO - Sync 1 DAGs
[2024-06-15T02:44:33.808+0000] {logging_mixin.py:188} INFO - [2024-06-15T02:44:33.808+0000] {dag.py:3834} INFO - Setting next_dagrun for trigger_dag_run_dag2 to None, run_after=None
[2024-06-15T02:44:33.825+0000] {processor.py:183} INFO - Processing /opt/airflow/dags/trigger_dag_run_dag2.py took 0.075 seconds
[2024-06-15T02:45:04.467+0000] {processor.py:161} INFO - Started process (PID=734) to work on /opt/airflow/dags/trigger_dag_run_dag2.py
[2024-06-15T02:45:04.467+0000] {processor.py:830} INFO - Processing file /opt/airflow/dags/trigger_dag_run_dag2.py for tasks to queue
[2024-06-15T02:45:04.468+0000] {logging_mixin.py:188} INFO - [2024-06-15T02:45:04.468+0000] {dagbag.py:540} INFO - Filling up the DagBag from /opt/airflow/dags/trigger_dag_run_dag2.py
[2024-06-15T02:45:04.479+0000] {processor.py:840} INFO - DAG(s) 'trigger_dag_run_dag2' retrieved from /opt/airflow/dags/trigger_dag_run_dag2.py
[2024-06-15T02:45:04.505+0000] {logging_mixin.py:188} INFO - [2024-06-15T02:45:04.505+0000] {dag.py:3047} INFO - Sync 1 DAGs
[2024-06-15T02:45:04.523+0000] {logging_mixin.py:188} INFO - [2024-06-15T02:45:04.523+0000] {dag.py:3834} INFO - Setting next_dagrun for trigger_dag_run_dag2 to None, run_after=None
[2024-06-15T02:45:04.537+0000] {processor.py:183} INFO - Processing /opt/airflow/dags/trigger_dag_run_dag2.py took 0.072 seconds
[2024-06-15T02:45:35.022+0000] {processor.py:161} INFO - Started process (PID=757) to work on /opt/airflow/dags/trigger_dag_run_dag2.py
[2024-06-15T02:45:35.023+0000] {processor.py:830} INFO - Processing file /opt/airflow/dags/trigger_dag_run_dag2.py for tasks to queue
[2024-06-15T02:45:35.024+0000] {logging_mixin.py:188} INFO - [2024-06-15T02:45:35.024+0000] {dagbag.py:540} INFO - Filling up the DagBag from /opt/airflow/dags/trigger_dag_run_dag2.py
[2024-06-15T02:45:35.036+0000] {processor.py:840} INFO - DAG(s) 'trigger_dag_run_dag2' retrieved from /opt/airflow/dags/trigger_dag_run_dag2.py
[2024-06-15T02:45:35.059+0000] {logging_mixin.py:188} INFO - [2024-06-15T02:45:35.059+0000] {dag.py:3047} INFO - Sync 1 DAGs
[2024-06-15T02:45:35.079+0000] {logging_mixin.py:188} INFO - [2024-06-15T02:45:35.079+0000] {dag.py:3834} INFO - Setting next_dagrun for trigger_dag_run_dag2 to None, run_after=None
[2024-06-15T02:45:35.098+0000] {processor.py:183} INFO - Processing /opt/airflow/dags/trigger_dag_run_dag2.py took 0.078 seconds
[2024-06-15T02:46:05.594+0000] {processor.py:161} INFO - Started process (PID=781) to work on /opt/airflow/dags/trigger_dag_run_dag2.py
[2024-06-15T02:46:05.595+0000] {processor.py:830} INFO - Processing file /opt/airflow/dags/trigger_dag_run_dag2.py for tasks to queue
[2024-06-15T02:46:05.596+0000] {logging_mixin.py:188} INFO - [2024-06-15T02:46:05.596+0000] {dagbag.py:540} INFO - Filling up the DagBag from /opt/airflow/dags/trigger_dag_run_dag2.py
[2024-06-15T02:46:05.607+0000] {processor.py:840} INFO - DAG(s) 'trigger_dag_run_dag2' retrieved from /opt/airflow/dags/trigger_dag_run_dag2.py
[2024-06-15T02:46:05.632+0000] {logging_mixin.py:188} INFO - [2024-06-15T02:46:05.632+0000] {dag.py:3047} INFO - Sync 1 DAGs
[2024-06-15T02:46:05.648+0000] {logging_mixin.py:188} INFO - [2024-06-15T02:46:05.648+0000] {dag.py:3834} INFO - Setting next_dagrun for trigger_dag_run_dag2 to None, run_after=None
[2024-06-15T02:46:05.668+0000] {processor.py:183} INFO - Processing /opt/airflow/dags/trigger_dag_run_dag2.py took 0.075 seconds
[2024-06-15T02:46:35.991+0000] {processor.py:161} INFO - Started process (PID=804) to work on /opt/airflow/dags/trigger_dag_run_dag2.py
[2024-06-15T02:46:35.991+0000] {processor.py:830} INFO - Processing file /opt/airflow/dags/trigger_dag_run_dag2.py for tasks to queue
[2024-06-15T02:46:35.993+0000] {logging_mixin.py:188} INFO - [2024-06-15T02:46:35.993+0000] {dagbag.py:540} INFO - Filling up the DagBag from /opt/airflow/dags/trigger_dag_run_dag2.py
[2024-06-15T02:46:36.008+0000] {processor.py:840} INFO - DAG(s) 'trigger_dag_run_dag2' retrieved from /opt/airflow/dags/trigger_dag_run_dag2.py
[2024-06-15T02:46:36.032+0000] {logging_mixin.py:188} INFO - [2024-06-15T02:46:36.032+0000] {dag.py:3047} INFO - Sync 1 DAGs
[2024-06-15T02:46:36.051+0000] {logging_mixin.py:188} INFO - [2024-06-15T02:46:36.051+0000] {dag.py:3834} INFO - Setting next_dagrun for trigger_dag_run_dag2 to None, run_after=None
[2024-06-15T02:46:36.072+0000] {processor.py:183} INFO - Processing /opt/airflow/dags/trigger_dag_run_dag2.py took 0.083 seconds
[2024-06-15T02:47:06.358+0000] {processor.py:161} INFO - Started process (PID=829) to work on /opt/airflow/dags/trigger_dag_run_dag2.py
[2024-06-15T02:47:06.358+0000] {processor.py:830} INFO - Processing file /opt/airflow/dags/trigger_dag_run_dag2.py for tasks to queue
[2024-06-15T02:47:06.359+0000] {logging_mixin.py:188} INFO - [2024-06-15T02:47:06.359+0000] {dagbag.py:540} INFO - Filling up the DagBag from /opt/airflow/dags/trigger_dag_run_dag2.py
[2024-06-15T02:47:06.371+0000] {processor.py:840} INFO - DAG(s) 'trigger_dag_run_dag2' retrieved from /opt/airflow/dags/trigger_dag_run_dag2.py
[2024-06-15T02:47:06.395+0000] {logging_mixin.py:188} INFO - [2024-06-15T02:47:06.395+0000] {dag.py:3047} INFO - Sync 1 DAGs
[2024-06-15T02:47:06.416+0000] {logging_mixin.py:188} INFO - [2024-06-15T02:47:06.416+0000] {dag.py:3834} INFO - Setting next_dagrun for trigger_dag_run_dag2 to None, run_after=None
[2024-06-15T02:47:06.440+0000] {processor.py:183} INFO - Processing /opt/airflow/dags/trigger_dag_run_dag2.py took 0.084 seconds
[2024-06-15T02:47:36.842+0000] {processor.py:161} INFO - Started process (PID=853) to work on /opt/airflow/dags/trigger_dag_run_dag2.py
[2024-06-15T02:47:36.843+0000] {processor.py:830} INFO - Processing file /opt/airflow/dags/trigger_dag_run_dag2.py for tasks to queue
[2024-06-15T02:47:36.845+0000] {logging_mixin.py:188} INFO - [2024-06-15T02:47:36.845+0000] {dagbag.py:540} INFO - Filling up the DagBag from /opt/airflow/dags/trigger_dag_run_dag2.py
[2024-06-15T02:47:36.856+0000] {processor.py:840} INFO - DAG(s) 'trigger_dag_run_dag2' retrieved from /opt/airflow/dags/trigger_dag_run_dag2.py
[2024-06-15T02:47:36.883+0000] {logging_mixin.py:188} INFO - [2024-06-15T02:47:36.883+0000] {dag.py:3047} INFO - Sync 1 DAGs
[2024-06-15T02:47:36.903+0000] {logging_mixin.py:188} INFO - [2024-06-15T02:47:36.903+0000] {dag.py:3834} INFO - Setting next_dagrun for trigger_dag_run_dag2 to None, run_after=None
[2024-06-15T02:47:36.928+0000] {processor.py:183} INFO - Processing /opt/airflow/dags/trigger_dag_run_dag2.py took 0.088 seconds
[2024-06-15T02:48:07.357+0000] {processor.py:161} INFO - Started process (PID=877) to work on /opt/airflow/dags/trigger_dag_run_dag2.py
[2024-06-15T02:48:07.357+0000] {processor.py:830} INFO - Processing file /opt/airflow/dags/trigger_dag_run_dag2.py for tasks to queue
[2024-06-15T02:48:07.358+0000] {logging_mixin.py:188} INFO - [2024-06-15T02:48:07.358+0000] {dagbag.py:540} INFO - Filling up the DagBag from /opt/airflow/dags/trigger_dag_run_dag2.py
[2024-06-15T02:48:07.369+0000] {processor.py:840} INFO - DAG(s) 'trigger_dag_run_dag2' retrieved from /opt/airflow/dags/trigger_dag_run_dag2.py
[2024-06-15T02:48:07.390+0000] {logging_mixin.py:188} INFO - [2024-06-15T02:48:07.390+0000] {dag.py:3047} INFO - Sync 1 DAGs
[2024-06-15T02:48:07.406+0000] {logging_mixin.py:188} INFO - [2024-06-15T02:48:07.405+0000] {dag.py:3834} INFO - Setting next_dagrun for trigger_dag_run_dag2 to None, run_after=None
[2024-06-15T02:48:07.435+0000] {processor.py:183} INFO - Processing /opt/airflow/dags/trigger_dag_run_dag2.py took 0.080 seconds
[2024-06-15T02:48:37.888+0000] {processor.py:161} INFO - Started process (PID=900) to work on /opt/airflow/dags/trigger_dag_run_dag2.py
[2024-06-15T02:48:37.889+0000] {processor.py:830} INFO - Processing file /opt/airflow/dags/trigger_dag_run_dag2.py for tasks to queue
[2024-06-15T02:48:37.890+0000] {logging_mixin.py:188} INFO - [2024-06-15T02:48:37.890+0000] {dagbag.py:540} INFO - Filling up the DagBag from /opt/airflow/dags/trigger_dag_run_dag2.py
[2024-06-15T02:48:37.903+0000] {processor.py:840} INFO - DAG(s) 'trigger_dag_run_dag2' retrieved from /opt/airflow/dags/trigger_dag_run_dag2.py
[2024-06-15T02:48:37.930+0000] {logging_mixin.py:188} INFO - [2024-06-15T02:48:37.930+0000] {dag.py:3047} INFO - Sync 1 DAGs
[2024-06-15T02:48:37.951+0000] {logging_mixin.py:188} INFO - [2024-06-15T02:48:37.950+0000] {dag.py:3834} INFO - Setting next_dagrun for trigger_dag_run_dag2 to None, run_after=None
[2024-06-15T02:48:37.972+0000] {processor.py:183} INFO - Processing /opt/airflow/dags/trigger_dag_run_dag2.py took 0.085 seconds
[2024-06-15T02:49:08.350+0000] {processor.py:161} INFO - Started process (PID=923) to work on /opt/airflow/dags/trigger_dag_run_dag2.py
[2024-06-15T02:49:08.350+0000] {processor.py:830} INFO - Processing file /opt/airflow/dags/trigger_dag_run_dag2.py for tasks to queue
[2024-06-15T02:49:08.351+0000] {logging_mixin.py:188} INFO - [2024-06-15T02:49:08.351+0000] {dagbag.py:540} INFO - Filling up the DagBag from /opt/airflow/dags/trigger_dag_run_dag2.py
[2024-06-15T02:49:08.363+0000] {processor.py:840} INFO - DAG(s) 'trigger_dag_run_dag2' retrieved from /opt/airflow/dags/trigger_dag_run_dag2.py
[2024-06-15T02:49:08.385+0000] {logging_mixin.py:188} INFO - [2024-06-15T02:49:08.385+0000] {dag.py:3047} INFO - Sync 1 DAGs
[2024-06-15T02:49:08.401+0000] {logging_mixin.py:188} INFO - [2024-06-15T02:49:08.401+0000] {dag.py:3834} INFO - Setting next_dagrun for trigger_dag_run_dag2 to None, run_after=None
[2024-06-15T02:49:08.422+0000] {processor.py:183} INFO - Processing /opt/airflow/dags/trigger_dag_run_dag2.py took 0.074 seconds
[2024-06-15T02:49:38.828+0000] {processor.py:161} INFO - Started process (PID=974) to work on /opt/airflow/dags/trigger_dag_run_dag2.py
[2024-06-15T02:49:38.829+0000] {processor.py:830} INFO - Processing file /opt/airflow/dags/trigger_dag_run_dag2.py for tasks to queue
[2024-06-15T02:49:38.830+0000] {logging_mixin.py:188} INFO - [2024-06-15T02:49:38.830+0000] {dagbag.py:540} INFO - Filling up the DagBag from /opt/airflow/dags/trigger_dag_run_dag2.py
[2024-06-15T02:49:38.844+0000] {processor.py:840} INFO - DAG(s) 'trigger_dag_run_dag2' retrieved from /opt/airflow/dags/trigger_dag_run_dag2.py
[2024-06-15T02:49:38.868+0000] {logging_mixin.py:188} INFO - [2024-06-15T02:49:38.868+0000] {dag.py:3047} INFO - Sync 1 DAGs
[2024-06-15T02:49:38.886+0000] {logging_mixin.py:188} INFO - [2024-06-15T02:49:38.886+0000] {dag.py:3834} INFO - Setting next_dagrun for trigger_dag_run_dag2 to None, run_after=None
[2024-06-15T02:49:38.907+0000] {processor.py:183} INFO - Processing /opt/airflow/dags/trigger_dag_run_dag2.py took 0.081 seconds
[2024-06-15T02:50:09.350+0000] {processor.py:161} INFO - Started process (PID=1002) to work on /opt/airflow/dags/trigger_dag_run_dag2.py
[2024-06-15T02:50:09.350+0000] {processor.py:830} INFO - Processing file /opt/airflow/dags/trigger_dag_run_dag2.py for tasks to queue
[2024-06-15T02:50:09.352+0000] {logging_mixin.py:188} INFO - [2024-06-15T02:50:09.352+0000] {dagbag.py:540} INFO - Filling up the DagBag from /opt/airflow/dags/trigger_dag_run_dag2.py
[2024-06-15T02:50:09.361+0000] {processor.py:840} INFO - DAG(s) 'trigger_dag_run_dag2' retrieved from /opt/airflow/dags/trigger_dag_run_dag2.py
[2024-06-15T02:50:09.386+0000] {logging_mixin.py:188} INFO - [2024-06-15T02:50:09.385+0000] {dag.py:3047} INFO - Sync 1 DAGs
[2024-06-15T02:50:09.401+0000] {logging_mixin.py:188} INFO - [2024-06-15T02:50:09.401+0000] {dag.py:3834} INFO - Setting next_dagrun for trigger_dag_run_dag2 to None, run_after=None
[2024-06-15T02:50:09.414+0000] {processor.py:183} INFO - Processing /opt/airflow/dags/trigger_dag_run_dag2.py took 0.066 seconds
[2024-06-15T02:50:39.850+0000] {processor.py:161} INFO - Started process (PID=1025) to work on /opt/airflow/dags/trigger_dag_run_dag2.py
[2024-06-15T02:50:39.850+0000] {processor.py:830} INFO - Processing file /opt/airflow/dags/trigger_dag_run_dag2.py for tasks to queue
[2024-06-15T02:50:39.851+0000] {logging_mixin.py:188} INFO - [2024-06-15T02:50:39.851+0000] {dagbag.py:540} INFO - Filling up the DagBag from /opt/airflow/dags/trigger_dag_run_dag2.py
[2024-06-15T02:50:39.863+0000] {processor.py:840} INFO - DAG(s) 'trigger_dag_run_dag2' retrieved from /opt/airflow/dags/trigger_dag_run_dag2.py
[2024-06-15T02:50:39.886+0000] {logging_mixin.py:188} INFO - [2024-06-15T02:50:39.886+0000] {dag.py:3047} INFO - Sync 1 DAGs
[2024-06-15T02:50:39.907+0000] {logging_mixin.py:188} INFO - [2024-06-15T02:50:39.907+0000] {dag.py:3834} INFO - Setting next_dagrun for trigger_dag_run_dag2 to None, run_after=None
[2024-06-15T02:50:39.930+0000] {processor.py:183} INFO - Processing /opt/airflow/dags/trigger_dag_run_dag2.py took 0.082 seconds
[2024-06-15T02:51:10.435+0000] {processor.py:161} INFO - Started process (PID=1048) to work on /opt/airflow/dags/trigger_dag_run_dag2.py
[2024-06-15T02:51:10.436+0000] {processor.py:830} INFO - Processing file /opt/airflow/dags/trigger_dag_run_dag2.py for tasks to queue
[2024-06-15T02:51:10.438+0000] {logging_mixin.py:188} INFO - [2024-06-15T02:51:10.438+0000] {dagbag.py:540} INFO - Filling up the DagBag from /opt/airflow/dags/trigger_dag_run_dag2.py
[2024-06-15T02:51:10.455+0000] {processor.py:840} INFO - DAG(s) 'trigger_dag_run_dag2' retrieved from /opt/airflow/dags/trigger_dag_run_dag2.py
[2024-06-15T02:51:10.486+0000] {logging_mixin.py:188} INFO - [2024-06-15T02:51:10.486+0000] {dag.py:3047} INFO - Sync 1 DAGs
[2024-06-15T02:51:10.505+0000] {logging_mixin.py:188} INFO - [2024-06-15T02:51:10.504+0000] {dag.py:3834} INFO - Setting next_dagrun for trigger_dag_run_dag2 to None, run_after=None
[2024-06-15T02:51:10.526+0000] {processor.py:183} INFO - Processing /opt/airflow/dags/trigger_dag_run_dag2.py took 0.095 seconds
[2024-06-15T02:51:40.816+0000] {processor.py:161} INFO - Started process (PID=1077) to work on /opt/airflow/dags/trigger_dag_run_dag2.py
[2024-06-15T02:51:40.817+0000] {processor.py:830} INFO - Processing file /opt/airflow/dags/trigger_dag_run_dag2.py for tasks to queue
[2024-06-15T02:51:40.818+0000] {logging_mixin.py:188} INFO - [2024-06-15T02:51:40.818+0000] {dagbag.py:540} INFO - Filling up the DagBag from /opt/airflow/dags/trigger_dag_run_dag2.py
[2024-06-15T02:51:40.829+0000] {processor.py:840} INFO - DAG(s) 'trigger_dag_run_dag2' retrieved from /opt/airflow/dags/trigger_dag_run_dag2.py
[2024-06-15T02:51:40.851+0000] {logging_mixin.py:188} INFO - [2024-06-15T02:51:40.851+0000] {dag.py:3047} INFO - Sync 1 DAGs
[2024-06-15T02:51:40.867+0000] {logging_mixin.py:188} INFO - [2024-06-15T02:51:40.867+0000] {dag.py:3834} INFO - Setting next_dagrun for trigger_dag_run_dag2 to None, run_after=None
[2024-06-15T02:51:40.889+0000] {processor.py:183} INFO - Processing /opt/airflow/dags/trigger_dag_run_dag2.py took 0.075 seconds
[2024-06-15T02:52:11.579+0000] {processor.py:161} INFO - Started process (PID=1100) to work on /opt/airflow/dags/trigger_dag_run_dag2.py
[2024-06-15T02:52:11.579+0000] {processor.py:830} INFO - Processing file /opt/airflow/dags/trigger_dag_run_dag2.py for tasks to queue
[2024-06-15T02:52:11.581+0000] {logging_mixin.py:188} INFO - [2024-06-15T02:52:11.581+0000] {dagbag.py:540} INFO - Filling up the DagBag from /opt/airflow/dags/trigger_dag_run_dag2.py
[2024-06-15T02:52:11.593+0000] {processor.py:840} INFO - DAG(s) 'trigger_dag_run_dag2' retrieved from /opt/airflow/dags/trigger_dag_run_dag2.py
[2024-06-15T02:52:11.617+0000] {logging_mixin.py:188} INFO - [2024-06-15T02:52:11.617+0000] {dag.py:3047} INFO - Sync 1 DAGs
[2024-06-15T02:52:11.638+0000] {logging_mixin.py:188} INFO - [2024-06-15T02:52:11.638+0000] {dag.py:3834} INFO - Setting next_dagrun for trigger_dag_run_dag2 to None, run_after=None
[2024-06-15T02:52:11.657+0000] {processor.py:183} INFO - Processing /opt/airflow/dags/trigger_dag_run_dag2.py took 0.080 seconds
[2024-06-15T02:52:42.036+0000] {processor.py:161} INFO - Started process (PID=1123) to work on /opt/airflow/dags/trigger_dag_run_dag2.py
[2024-06-15T02:52:42.037+0000] {processor.py:830} INFO - Processing file /opt/airflow/dags/trigger_dag_run_dag2.py for tasks to queue
[2024-06-15T02:52:42.038+0000] {logging_mixin.py:188} INFO - [2024-06-15T02:52:42.038+0000] {dagbag.py:540} INFO - Filling up the DagBag from /opt/airflow/dags/trigger_dag_run_dag2.py
[2024-06-15T02:52:42.047+0000] {processor.py:840} INFO - DAG(s) 'trigger_dag_run_dag2' retrieved from /opt/airflow/dags/trigger_dag_run_dag2.py
[2024-06-15T02:52:42.072+0000] {logging_mixin.py:188} INFO - [2024-06-15T02:52:42.071+0000] {dag.py:3047} INFO - Sync 1 DAGs
[2024-06-15T02:52:42.090+0000] {logging_mixin.py:188} INFO - [2024-06-15T02:52:42.089+0000] {dag.py:3834} INFO - Setting next_dagrun for trigger_dag_run_dag2 to None, run_after=None
[2024-06-15T02:52:42.110+0000] {processor.py:183} INFO - Processing /opt/airflow/dags/trigger_dag_run_dag2.py took 0.075 seconds
[2024-06-15T02:53:12.558+0000] {processor.py:161} INFO - Started process (PID=1146) to work on /opt/airflow/dags/trigger_dag_run_dag2.py
[2024-06-15T02:53:12.559+0000] {processor.py:830} INFO - Processing file /opt/airflow/dags/trigger_dag_run_dag2.py for tasks to queue
[2024-06-15T02:53:12.560+0000] {logging_mixin.py:188} INFO - [2024-06-15T02:53:12.560+0000] {dagbag.py:540} INFO - Filling up the DagBag from /opt/airflow/dags/trigger_dag_run_dag2.py
[2024-06-15T02:53:12.571+0000] {processor.py:840} INFO - DAG(s) 'trigger_dag_run_dag2' retrieved from /opt/airflow/dags/trigger_dag_run_dag2.py
[2024-06-15T02:53:12.596+0000] {logging_mixin.py:188} INFO - [2024-06-15T02:53:12.596+0000] {dag.py:3047} INFO - Sync 1 DAGs
[2024-06-15T02:53:12.613+0000] {logging_mixin.py:188} INFO - [2024-06-15T02:53:12.612+0000] {dag.py:3834} INFO - Setting next_dagrun for trigger_dag_run_dag2 to None, run_after=None
[2024-06-15T02:53:12.632+0000] {processor.py:183} INFO - Processing /opt/airflow/dags/trigger_dag_run_dag2.py took 0.077 seconds
[2024-06-15T02:53:43.147+0000] {processor.py:161} INFO - Started process (PID=1169) to work on /opt/airflow/dags/trigger_dag_run_dag2.py
[2024-06-15T02:53:43.148+0000] {processor.py:830} INFO - Processing file /opt/airflow/dags/trigger_dag_run_dag2.py for tasks to queue
[2024-06-15T02:53:43.149+0000] {logging_mixin.py:188} INFO - [2024-06-15T02:53:43.149+0000] {dagbag.py:540} INFO - Filling up the DagBag from /opt/airflow/dags/trigger_dag_run_dag2.py
[2024-06-15T02:53:43.159+0000] {processor.py:840} INFO - DAG(s) 'trigger_dag_run_dag2' retrieved from /opt/airflow/dags/trigger_dag_run_dag2.py
[2024-06-15T02:53:43.183+0000] {logging_mixin.py:188} INFO - [2024-06-15T02:53:43.183+0000] {dag.py:3047} INFO - Sync 1 DAGs
[2024-06-15T02:53:43.197+0000] {logging_mixin.py:188} INFO - [2024-06-15T02:53:43.197+0000] {dag.py:3834} INFO - Setting next_dagrun for trigger_dag_run_dag2 to None, run_after=None
[2024-06-15T02:53:43.219+0000] {processor.py:183} INFO - Processing /opt/airflow/dags/trigger_dag_run_dag2.py took 0.074 seconds
[2024-06-15T02:54:13.607+0000] {processor.py:161} INFO - Started process (PID=1192) to work on /opt/airflow/dags/trigger_dag_run_dag2.py
[2024-06-15T02:54:13.607+0000] {processor.py:830} INFO - Processing file /opt/airflow/dags/trigger_dag_run_dag2.py for tasks to queue
[2024-06-15T02:54:13.608+0000] {logging_mixin.py:188} INFO - [2024-06-15T02:54:13.608+0000] {dagbag.py:540} INFO - Filling up the DagBag from /opt/airflow/dags/trigger_dag_run_dag2.py
[2024-06-15T02:54:13.619+0000] {processor.py:840} INFO - DAG(s) 'trigger_dag_run_dag2' retrieved from /opt/airflow/dags/trigger_dag_run_dag2.py
[2024-06-15T02:54:13.645+0000] {logging_mixin.py:188} INFO - [2024-06-15T02:54:13.645+0000] {dag.py:3047} INFO - Sync 1 DAGs
[2024-06-15T02:54:13.663+0000] {logging_mixin.py:188} INFO - [2024-06-15T02:54:13.663+0000] {dag.py:3834} INFO - Setting next_dagrun for trigger_dag_run_dag2 to None, run_after=None
[2024-06-15T02:54:13.685+0000] {processor.py:183} INFO - Processing /opt/airflow/dags/trigger_dag_run_dag2.py took 0.080 seconds
[2024-06-15T02:54:44.290+0000] {processor.py:161} INFO - Started process (PID=1215) to work on /opt/airflow/dags/trigger_dag_run_dag2.py
[2024-06-15T02:54:44.291+0000] {processor.py:830} INFO - Processing file /opt/airflow/dags/trigger_dag_run_dag2.py for tasks to queue
[2024-06-15T02:54:44.292+0000] {logging_mixin.py:188} INFO - [2024-06-15T02:54:44.292+0000] {dagbag.py:540} INFO - Filling up the DagBag from /opt/airflow/dags/trigger_dag_run_dag2.py
[2024-06-15T02:54:44.303+0000] {processor.py:840} INFO - DAG(s) 'trigger_dag_run_dag2' retrieved from /opt/airflow/dags/trigger_dag_run_dag2.py
[2024-06-15T02:54:44.325+0000] {logging_mixin.py:188} INFO - [2024-06-15T02:54:44.325+0000] {dag.py:3047} INFO - Sync 1 DAGs
[2024-06-15T02:54:44.345+0000] {logging_mixin.py:188} INFO - [2024-06-15T02:54:44.345+0000] {dag.py:3834} INFO - Setting next_dagrun for trigger_dag_run_dag2 to None, run_after=None
[2024-06-15T02:54:44.366+0000] {processor.py:183} INFO - Processing /opt/airflow/dags/trigger_dag_run_dag2.py took 0.077 seconds
