[2024-06-15T02:29:46.435+0000] {processor.py:161} INFO - Started process (PID=44) to work on /opt/airflow/dags/xcom.py
[2024-06-15T02:29:46.436+0000] {processor.py:830} INFO - Processing file /opt/airflow/dags/xcom.py for tasks to queue
[2024-06-15T02:29:46.437+0000] {logging_mixin.py:188} INFO - [2024-06-15T02:29:46.437+0000] {dagbag.py:540} INFO - Filling up the DagBag from /opt/airflow/dags/xcom.py
[2024-06-15T02:29:46.453+0000] {processor.py:840} INFO - DAG(s) 'xcom' retrieved from /opt/airflow/dags/xcom.py
[2024-06-15T02:29:46.537+0000] {logging_mixin.py:188} INFO - [2024-06-15T02:29:46.537+0000] {dag.py:3047} INFO - Sync 1 DAGs
[2024-06-15T02:29:46.580+0000] {logging_mixin.py:188} INFO - [2024-06-15T02:29:46.579+0000] {dag.py:3834} INFO - Setting next_dagrun for xcom to None, run_after=None
[2024-06-15T02:29:46.610+0000] {processor.py:183} INFO - Processing /opt/airflow/dags/xcom.py took 0.177 seconds
[2024-06-15T02:30:16.661+0000] {processor.py:161} INFO - Started process (PID=66) to work on /opt/airflow/dags/xcom.py
[2024-06-15T02:30:16.662+0000] {processor.py:830} INFO - Processing file /opt/airflow/dags/xcom.py for tasks to queue
[2024-06-15T02:30:16.663+0000] {logging_mixin.py:188} INFO - [2024-06-15T02:30:16.662+0000] {dagbag.py:540} INFO - Filling up the DagBag from /opt/airflow/dags/xcom.py
[2024-06-15T02:30:16.677+0000] {processor.py:840} INFO - DAG(s) 'xcom' retrieved from /opt/airflow/dags/xcom.py
[2024-06-15T02:30:16.699+0000] {logging_mixin.py:188} INFO - [2024-06-15T02:30:16.699+0000] {dag.py:3047} INFO - Sync 1 DAGs
[2024-06-15T02:30:16.715+0000] {logging_mixin.py:188} INFO - [2024-06-15T02:30:16.715+0000] {dag.py:3834} INFO - Setting next_dagrun for xcom to None, run_after=None
[2024-06-15T02:30:16.727+0000] {processor.py:183} INFO - Processing /opt/airflow/dags/xcom.py took 0.068 seconds
[2024-06-15T02:30:47.260+0000] {processor.py:161} INFO - Started process (PID=88) to work on /opt/airflow/dags/xcom.py
[2024-06-15T02:30:47.261+0000] {processor.py:830} INFO - Processing file /opt/airflow/dags/xcom.py for tasks to queue
[2024-06-15T02:30:47.262+0000] {logging_mixin.py:188} INFO - [2024-06-15T02:30:47.262+0000] {dagbag.py:540} INFO - Filling up the DagBag from /opt/airflow/dags/xcom.py
[2024-06-15T02:30:47.273+0000] {processor.py:840} INFO - DAG(s) 'xcom' retrieved from /opt/airflow/dags/xcom.py
[2024-06-15T02:30:47.294+0000] {logging_mixin.py:188} INFO - [2024-06-15T02:30:47.294+0000] {dag.py:3047} INFO - Sync 1 DAGs
[2024-06-15T02:30:47.310+0000] {logging_mixin.py:188} INFO - [2024-06-15T02:30:47.310+0000] {dag.py:3834} INFO - Setting next_dagrun for xcom to None, run_after=None
[2024-06-15T02:30:47.322+0000] {processor.py:183} INFO - Processing /opt/airflow/dags/xcom.py took 0.063 seconds
[2024-06-15T02:31:17.627+0000] {processor.py:161} INFO - Started process (PID=110) to work on /opt/airflow/dags/xcom.py
[2024-06-15T02:31:17.628+0000] {processor.py:830} INFO - Processing file /opt/airflow/dags/xcom.py for tasks to queue
[2024-06-15T02:31:17.629+0000] {logging_mixin.py:188} INFO - [2024-06-15T02:31:17.629+0000] {dagbag.py:540} INFO - Filling up the DagBag from /opt/airflow/dags/xcom.py
[2024-06-15T02:31:17.639+0000] {processor.py:840} INFO - DAG(s) 'xcom' retrieved from /opt/airflow/dags/xcom.py
[2024-06-15T02:31:17.660+0000] {logging_mixin.py:188} INFO - [2024-06-15T02:31:17.660+0000] {dag.py:3047} INFO - Sync 1 DAGs
[2024-06-15T02:31:17.676+0000] {logging_mixin.py:188} INFO - [2024-06-15T02:31:17.676+0000] {dag.py:3834} INFO - Setting next_dagrun for xcom to None, run_after=None
[2024-06-15T02:31:17.688+0000] {processor.py:183} INFO - Processing /opt/airflow/dags/xcom.py took 0.062 seconds
[2024-06-15T02:31:48.303+0000] {processor.py:161} INFO - Started process (PID=132) to work on /opt/airflow/dags/xcom.py
[2024-06-15T02:31:48.303+0000] {processor.py:830} INFO - Processing file /opt/airflow/dags/xcom.py for tasks to queue
[2024-06-15T02:31:48.305+0000] {logging_mixin.py:188} INFO - [2024-06-15T02:31:48.304+0000] {dagbag.py:540} INFO - Filling up the DagBag from /opt/airflow/dags/xcom.py
[2024-06-15T02:31:48.315+0000] {processor.py:840} INFO - DAG(s) 'xcom' retrieved from /opt/airflow/dags/xcom.py
[2024-06-15T02:31:48.342+0000] {logging_mixin.py:188} INFO - [2024-06-15T02:31:48.342+0000] {dag.py:3047} INFO - Sync 1 DAGs
[2024-06-15T02:31:48.356+0000] {logging_mixin.py:188} INFO - [2024-06-15T02:31:48.356+0000] {dag.py:3834} INFO - Setting next_dagrun for xcom to None, run_after=None
[2024-06-15T02:31:48.375+0000] {processor.py:183} INFO - Processing /opt/airflow/dags/xcom.py took 0.074 seconds
[2024-06-15T02:32:18.765+0000] {processor.py:161} INFO - Started process (PID=154) to work on /opt/airflow/dags/xcom.py
[2024-06-15T02:32:18.765+0000] {processor.py:830} INFO - Processing file /opt/airflow/dags/xcom.py for tasks to queue
[2024-06-15T02:32:18.766+0000] {logging_mixin.py:188} INFO - [2024-06-15T02:32:18.766+0000] {dagbag.py:540} INFO - Filling up the DagBag from /opt/airflow/dags/xcom.py
[2024-06-15T02:32:18.777+0000] {processor.py:840} INFO - DAG(s) 'xcom' retrieved from /opt/airflow/dags/xcom.py
[2024-06-15T02:32:18.800+0000] {logging_mixin.py:188} INFO - [2024-06-15T02:32:18.799+0000] {dag.py:3047} INFO - Sync 1 DAGs
[2024-06-15T02:32:18.814+0000] {logging_mixin.py:188} INFO - [2024-06-15T02:32:18.814+0000] {dag.py:3834} INFO - Setting next_dagrun for xcom to None, run_after=None
[2024-06-15T02:32:18.826+0000] {processor.py:183} INFO - Processing /opt/airflow/dags/xcom.py took 0.063 seconds
[2024-06-15T02:32:49.167+0000] {processor.py:161} INFO - Started process (PID=176) to work on /opt/airflow/dags/xcom.py
[2024-06-15T02:32:49.168+0000] {processor.py:830} INFO - Processing file /opt/airflow/dags/xcom.py for tasks to queue
[2024-06-15T02:32:49.169+0000] {logging_mixin.py:188} INFO - [2024-06-15T02:32:49.169+0000] {dagbag.py:540} INFO - Filling up the DagBag from /opt/airflow/dags/xcom.py
[2024-06-15T02:32:49.182+0000] {processor.py:840} INFO - DAG(s) 'xcom' retrieved from /opt/airflow/dags/xcom.py
[2024-06-15T02:32:49.205+0000] {logging_mixin.py:188} INFO - [2024-06-15T02:32:49.205+0000] {dag.py:3047} INFO - Sync 1 DAGs
[2024-06-15T02:32:49.224+0000] {logging_mixin.py:188} INFO - [2024-06-15T02:32:49.224+0000] {dag.py:3834} INFO - Setting next_dagrun for xcom to None, run_after=None
[2024-06-15T02:32:49.239+0000] {processor.py:183} INFO - Processing /opt/airflow/dags/xcom.py took 0.074 seconds
[2024-06-15T02:33:20.086+0000] {processor.py:161} INFO - Started process (PID=198) to work on /opt/airflow/dags/xcom.py
[2024-06-15T02:33:20.087+0000] {processor.py:830} INFO - Processing file /opt/airflow/dags/xcom.py for tasks to queue
[2024-06-15T02:33:20.089+0000] {logging_mixin.py:188} INFO - [2024-06-15T02:33:20.089+0000] {dagbag.py:540} INFO - Filling up the DagBag from /opt/airflow/dags/xcom.py
[2024-06-15T02:33:20.103+0000] {processor.py:840} INFO - DAG(s) 'xcom' retrieved from /opt/airflow/dags/xcom.py
[2024-06-15T02:33:20.132+0000] {logging_mixin.py:188} INFO - [2024-06-15T02:33:20.132+0000] {dag.py:3047} INFO - Sync 1 DAGs
[2024-06-15T02:33:20.151+0000] {logging_mixin.py:188} INFO - [2024-06-15T02:33:20.151+0000] {dag.py:3834} INFO - Setting next_dagrun for xcom to None, run_after=None
[2024-06-15T02:33:20.173+0000] {processor.py:183} INFO - Processing /opt/airflow/dags/xcom.py took 0.089 seconds
[2024-06-15T02:33:50.548+0000] {processor.py:161} INFO - Started process (PID=219) to work on /opt/airflow/dags/xcom.py
[2024-06-15T02:33:50.549+0000] {processor.py:830} INFO - Processing file /opt/airflow/dags/xcom.py for tasks to queue
[2024-06-15T02:33:50.550+0000] {logging_mixin.py:188} INFO - [2024-06-15T02:33:50.550+0000] {dagbag.py:540} INFO - Filling up the DagBag from /opt/airflow/dags/xcom.py
[2024-06-15T02:33:50.563+0000] {processor.py:840} INFO - DAG(s) 'xcom' retrieved from /opt/airflow/dags/xcom.py
[2024-06-15T02:33:50.585+0000] {logging_mixin.py:188} INFO - [2024-06-15T02:33:50.585+0000] {dag.py:3047} INFO - Sync 1 DAGs
[2024-06-15T02:33:50.601+0000] {logging_mixin.py:188} INFO - [2024-06-15T02:33:50.601+0000] {dag.py:3834} INFO - Setting next_dagrun for xcom to None, run_after=None
[2024-06-15T02:33:50.617+0000] {processor.py:183} INFO - Processing /opt/airflow/dags/xcom.py took 0.071 seconds
[2024-06-15T02:34:21.071+0000] {processor.py:161} INFO - Started process (PID=241) to work on /opt/airflow/dags/xcom.py
[2024-06-15T02:34:21.071+0000] {processor.py:830} INFO - Processing file /opt/airflow/dags/xcom.py for tasks to queue
[2024-06-15T02:34:21.072+0000] {logging_mixin.py:188} INFO - [2024-06-15T02:34:21.072+0000] {dagbag.py:540} INFO - Filling up the DagBag from /opt/airflow/dags/xcom.py
[2024-06-15T02:34:21.085+0000] {processor.py:840} INFO - DAG(s) 'xcom' retrieved from /opt/airflow/dags/xcom.py
[2024-06-15T02:34:21.112+0000] {logging_mixin.py:188} INFO - [2024-06-15T02:34:21.111+0000] {dag.py:3047} INFO - Sync 1 DAGs
[2024-06-15T02:34:21.129+0000] {logging_mixin.py:188} INFO - [2024-06-15T02:34:21.128+0000] {dag.py:3834} INFO - Setting next_dagrun for xcom to None, run_after=None
[2024-06-15T02:34:21.147+0000] {processor.py:183} INFO - Processing /opt/airflow/dags/xcom.py took 0.078 seconds
[2024-06-15T02:34:51.961+0000] {processor.py:161} INFO - Started process (PID=264) to work on /opt/airflow/dags/xcom.py
[2024-06-15T02:34:51.961+0000] {processor.py:830} INFO - Processing file /opt/airflow/dags/xcom.py for tasks to queue
[2024-06-15T02:34:51.963+0000] {logging_mixin.py:188} INFO - [2024-06-15T02:34:51.962+0000] {dagbag.py:540} INFO - Filling up the DagBag from /opt/airflow/dags/xcom.py
[2024-06-15T02:34:51.976+0000] {processor.py:840} INFO - DAG(s) 'xcom' retrieved from /opt/airflow/dags/xcom.py
[2024-06-15T02:34:52.000+0000] {logging_mixin.py:188} INFO - [2024-06-15T02:34:52.000+0000] {dag.py:3047} INFO - Sync 1 DAGs
[2024-06-15T02:34:52.018+0000] {logging_mixin.py:188} INFO - [2024-06-15T02:34:52.018+0000] {dag.py:3834} INFO - Setting next_dagrun for xcom to None, run_after=None
[2024-06-15T02:34:52.031+0000] {processor.py:183} INFO - Processing /opt/airflow/dags/xcom.py took 0.072 seconds
[2024-06-15T02:35:22.619+0000] {processor.py:161} INFO - Started process (PID=287) to work on /opt/airflow/dags/xcom.py
[2024-06-15T02:35:22.619+0000] {processor.py:830} INFO - Processing file /opt/airflow/dags/xcom.py for tasks to queue
[2024-06-15T02:35:22.620+0000] {logging_mixin.py:188} INFO - [2024-06-15T02:35:22.620+0000] {dagbag.py:540} INFO - Filling up the DagBag from /opt/airflow/dags/xcom.py
[2024-06-15T02:35:22.632+0000] {processor.py:840} INFO - DAG(s) 'xcom' retrieved from /opt/airflow/dags/xcom.py
[2024-06-15T02:35:22.654+0000] {logging_mixin.py:188} INFO - [2024-06-15T02:35:22.653+0000] {dag.py:3047} INFO - Sync 1 DAGs
[2024-06-15T02:35:22.670+0000] {logging_mixin.py:188} INFO - [2024-06-15T02:35:22.670+0000] {dag.py:3834} INFO - Setting next_dagrun for xcom to None, run_after=None
[2024-06-15T02:35:22.689+0000] {processor.py:183} INFO - Processing /opt/airflow/dags/xcom.py took 0.073 seconds
[2024-06-15T02:35:53.276+0000] {processor.py:161} INFO - Started process (PID=311) to work on /opt/airflow/dags/xcom.py
[2024-06-15T02:35:53.277+0000] {processor.py:830} INFO - Processing file /opt/airflow/dags/xcom.py for tasks to queue
[2024-06-15T02:35:53.278+0000] {logging_mixin.py:188} INFO - [2024-06-15T02:35:53.278+0000] {dagbag.py:540} INFO - Filling up the DagBag from /opt/airflow/dags/xcom.py
[2024-06-15T02:35:53.292+0000] {processor.py:840} INFO - DAG(s) 'xcom' retrieved from /opt/airflow/dags/xcom.py
[2024-06-15T02:35:53.319+0000] {logging_mixin.py:188} INFO - [2024-06-15T02:35:53.319+0000] {dag.py:3047} INFO - Sync 1 DAGs
[2024-06-15T02:35:53.334+0000] {logging_mixin.py:188} INFO - [2024-06-15T02:35:53.334+0000] {dag.py:3834} INFO - Setting next_dagrun for xcom to None, run_after=None
[2024-06-15T02:35:53.348+0000] {processor.py:183} INFO - Processing /opt/airflow/dags/xcom.py took 0.073 seconds
[2024-06-15T02:36:23.645+0000] {processor.py:161} INFO - Started process (PID=334) to work on /opt/airflow/dags/xcom.py
[2024-06-15T02:36:23.646+0000] {processor.py:830} INFO - Processing file /opt/airflow/dags/xcom.py for tasks to queue
[2024-06-15T02:36:23.647+0000] {logging_mixin.py:188} INFO - [2024-06-15T02:36:23.646+0000] {dagbag.py:540} INFO - Filling up the DagBag from /opt/airflow/dags/xcom.py
[2024-06-15T02:36:23.661+0000] {processor.py:840} INFO - DAG(s) 'xcom' retrieved from /opt/airflow/dags/xcom.py
[2024-06-15T02:36:23.688+0000] {logging_mixin.py:188} INFO - [2024-06-15T02:36:23.688+0000] {dag.py:3047} INFO - Sync 1 DAGs
[2024-06-15T02:36:23.704+0000] {logging_mixin.py:188} INFO - [2024-06-15T02:36:23.704+0000] {dag.py:3834} INFO - Setting next_dagrun for xcom to None, run_after=None
[2024-06-15T02:36:23.723+0000] {processor.py:183} INFO - Processing /opt/airflow/dags/xcom.py took 0.080 seconds
[2024-06-15T02:36:54.060+0000] {processor.py:161} INFO - Started process (PID=357) to work on /opt/airflow/dags/xcom.py
[2024-06-15T02:36:54.061+0000] {processor.py:830} INFO - Processing file /opt/airflow/dags/xcom.py for tasks to queue
[2024-06-15T02:36:54.062+0000] {logging_mixin.py:188} INFO - [2024-06-15T02:36:54.062+0000] {dagbag.py:540} INFO - Filling up the DagBag from /opt/airflow/dags/xcom.py
[2024-06-15T02:36:54.075+0000] {processor.py:840} INFO - DAG(s) 'xcom' retrieved from /opt/airflow/dags/xcom.py
[2024-06-15T02:36:54.098+0000] {logging_mixin.py:188} INFO - [2024-06-15T02:36:54.098+0000] {dag.py:3047} INFO - Sync 1 DAGs
[2024-06-15T02:36:54.119+0000] {logging_mixin.py:188} INFO - [2024-06-15T02:36:54.119+0000] {dag.py:3834} INFO - Setting next_dagrun for xcom to None, run_after=None
[2024-06-15T02:36:54.135+0000] {processor.py:183} INFO - Processing /opt/airflow/dags/xcom.py took 0.077 seconds
[2024-06-15T02:37:24.876+0000] {processor.py:161} INFO - Started process (PID=381) to work on /opt/airflow/dags/xcom.py
[2024-06-15T02:37:24.877+0000] {processor.py:830} INFO - Processing file /opt/airflow/dags/xcom.py for tasks to queue
[2024-06-15T02:37:24.878+0000] {logging_mixin.py:188} INFO - [2024-06-15T02:37:24.878+0000] {dagbag.py:540} INFO - Filling up the DagBag from /opt/airflow/dags/xcom.py
[2024-06-15T02:37:24.887+0000] {processor.py:840} INFO - DAG(s) 'xcom' retrieved from /opt/airflow/dags/xcom.py
[2024-06-15T02:37:24.910+0000] {logging_mixin.py:188} INFO - [2024-06-15T02:37:24.909+0000] {dag.py:3047} INFO - Sync 1 DAGs
[2024-06-15T02:37:24.926+0000] {logging_mixin.py:188} INFO - [2024-06-15T02:37:24.925+0000] {dag.py:3834} INFO - Setting next_dagrun for xcom to None, run_after=None
[2024-06-15T02:37:24.938+0000] {processor.py:183} INFO - Processing /opt/airflow/dags/xcom.py took 0.064 seconds
[2024-06-15T02:37:55.362+0000] {processor.py:161} INFO - Started process (PID=404) to work on /opt/airflow/dags/xcom.py
[2024-06-15T02:37:55.363+0000] {processor.py:830} INFO - Processing file /opt/airflow/dags/xcom.py for tasks to queue
[2024-06-15T02:37:55.364+0000] {logging_mixin.py:188} INFO - [2024-06-15T02:37:55.364+0000] {dagbag.py:540} INFO - Filling up the DagBag from /opt/airflow/dags/xcom.py
[2024-06-15T02:37:55.377+0000] {processor.py:840} INFO - DAG(s) 'xcom' retrieved from /opt/airflow/dags/xcom.py
[2024-06-15T02:37:55.397+0000] {logging_mixin.py:188} INFO - [2024-06-15T02:37:55.396+0000] {dag.py:3047} INFO - Sync 1 DAGs
[2024-06-15T02:37:55.411+0000] {logging_mixin.py:188} INFO - [2024-06-15T02:37:55.411+0000] {dag.py:3834} INFO - Setting next_dagrun for xcom to None, run_after=None
[2024-06-15T02:37:55.424+0000] {processor.py:183} INFO - Processing /opt/airflow/dags/xcom.py took 0.064 seconds
[2024-06-15T02:38:26.313+0000] {processor.py:161} INFO - Started process (PID=428) to work on /opt/airflow/dags/xcom.py
[2024-06-15T02:38:26.314+0000] {processor.py:830} INFO - Processing file /opt/airflow/dags/xcom.py for tasks to queue
[2024-06-15T02:38:26.315+0000] {logging_mixin.py:188} INFO - [2024-06-15T02:38:26.315+0000] {dagbag.py:540} INFO - Filling up the DagBag from /opt/airflow/dags/xcom.py
[2024-06-15T02:38:26.334+0000] {processor.py:840} INFO - DAG(s) 'xcom' retrieved from /opt/airflow/dags/xcom.py
[2024-06-15T02:38:26.354+0000] {logging_mixin.py:188} INFO - [2024-06-15T02:38:26.354+0000] {dag.py:3047} INFO - Sync 1 DAGs
[2024-06-15T02:38:26.369+0000] {logging_mixin.py:188} INFO - [2024-06-15T02:38:26.369+0000] {dag.py:3834} INFO - Setting next_dagrun for xcom to None, run_after=None
[2024-06-15T02:38:26.381+0000] {processor.py:183} INFO - Processing /opt/airflow/dags/xcom.py took 0.070 seconds
[2024-06-15T02:38:56.858+0000] {processor.py:161} INFO - Started process (PID=451) to work on /opt/airflow/dags/xcom.py
[2024-06-15T02:38:56.859+0000] {processor.py:830} INFO - Processing file /opt/airflow/dags/xcom.py for tasks to queue
[2024-06-15T02:38:56.861+0000] {logging_mixin.py:188} INFO - [2024-06-15T02:38:56.861+0000] {dagbag.py:540} INFO - Filling up the DagBag from /opt/airflow/dags/xcom.py
[2024-06-15T02:38:56.872+0000] {processor.py:840} INFO - DAG(s) 'xcom' retrieved from /opt/airflow/dags/xcom.py
[2024-06-15T02:38:56.896+0000] {logging_mixin.py:188} INFO - [2024-06-15T02:38:56.896+0000] {dag.py:3047} INFO - Sync 1 DAGs
[2024-06-15T02:38:56.912+0000] {logging_mixin.py:188} INFO - [2024-06-15T02:38:56.912+0000] {dag.py:3834} INFO - Setting next_dagrun for xcom to None, run_after=None
[2024-06-15T02:38:56.928+0000] {processor.py:183} INFO - Processing /opt/airflow/dags/xcom.py took 0.073 seconds
[2024-06-15T02:39:27.241+0000] {processor.py:161} INFO - Started process (PID=474) to work on /opt/airflow/dags/xcom.py
[2024-06-15T02:39:27.242+0000] {processor.py:830} INFO - Processing file /opt/airflow/dags/xcom.py for tasks to queue
[2024-06-15T02:39:27.243+0000] {logging_mixin.py:188} INFO - [2024-06-15T02:39:27.243+0000] {dagbag.py:540} INFO - Filling up the DagBag from /opt/airflow/dags/xcom.py
[2024-06-15T02:39:27.253+0000] {processor.py:840} INFO - DAG(s) 'xcom' retrieved from /opt/airflow/dags/xcom.py
[2024-06-15T02:39:27.273+0000] {logging_mixin.py:188} INFO - [2024-06-15T02:39:27.273+0000] {dag.py:3047} INFO - Sync 1 DAGs
[2024-06-15T02:39:27.287+0000] {logging_mixin.py:188} INFO - [2024-06-15T02:39:27.287+0000] {dag.py:3834} INFO - Setting next_dagrun for xcom to None, run_after=None
[2024-06-15T02:39:27.301+0000] {processor.py:183} INFO - Processing /opt/airflow/dags/xcom.py took 0.062 seconds
[2024-06-15T02:39:57.804+0000] {processor.py:161} INFO - Started process (PID=497) to work on /opt/airflow/dags/xcom.py
[2024-06-15T02:39:57.805+0000] {processor.py:830} INFO - Processing file /opt/airflow/dags/xcom.py for tasks to queue
[2024-06-15T02:39:57.806+0000] {logging_mixin.py:188} INFO - [2024-06-15T02:39:57.805+0000] {dagbag.py:540} INFO - Filling up the DagBag from /opt/airflow/dags/xcom.py
[2024-06-15T02:39:57.816+0000] {processor.py:840} INFO - DAG(s) 'xcom' retrieved from /opt/airflow/dags/xcom.py
[2024-06-15T02:39:57.839+0000] {logging_mixin.py:188} INFO - [2024-06-15T02:39:57.839+0000] {dag.py:3047} INFO - Sync 1 DAGs
[2024-06-15T02:39:57.872+0000] {logging_mixin.py:188} INFO - [2024-06-15T02:39:57.872+0000] {dag.py:3834} INFO - Setting next_dagrun for xcom to None, run_after=None
[2024-06-15T02:39:57.891+0000] {processor.py:183} INFO - Processing /opt/airflow/dags/xcom.py took 0.089 seconds
[2024-06-15T02:40:28.098+0000] {processor.py:161} INFO - Started process (PID=520) to work on /opt/airflow/dags/xcom.py
[2024-06-15T02:40:28.099+0000] {processor.py:830} INFO - Processing file /opt/airflow/dags/xcom.py for tasks to queue
[2024-06-15T02:40:28.100+0000] {logging_mixin.py:188} INFO - [2024-06-15T02:40:28.100+0000] {dagbag.py:540} INFO - Filling up the DagBag from /opt/airflow/dags/xcom.py
[2024-06-15T02:40:28.110+0000] {processor.py:840} INFO - DAG(s) 'xcom' retrieved from /opt/airflow/dags/xcom.py
[2024-06-15T02:40:28.131+0000] {logging_mixin.py:188} INFO - [2024-06-15T02:40:28.131+0000] {dag.py:3047} INFO - Sync 1 DAGs
[2024-06-15T02:40:28.146+0000] {logging_mixin.py:188} INFO - [2024-06-15T02:40:28.146+0000] {dag.py:3834} INFO - Setting next_dagrun for xcom to None, run_after=None
[2024-06-15T02:40:28.160+0000] {processor.py:183} INFO - Processing /opt/airflow/dags/xcom.py took 0.064 seconds
[2024-06-15T02:40:58.555+0000] {processor.py:161} INFO - Started process (PID=543) to work on /opt/airflow/dags/xcom.py
[2024-06-15T02:40:58.556+0000] {processor.py:830} INFO - Processing file /opt/airflow/dags/xcom.py for tasks to queue
[2024-06-15T02:40:58.557+0000] {logging_mixin.py:188} INFO - [2024-06-15T02:40:58.556+0000] {dagbag.py:540} INFO - Filling up the DagBag from /opt/airflow/dags/xcom.py
[2024-06-15T02:40:58.567+0000] {processor.py:840} INFO - DAG(s) 'xcom' retrieved from /opt/airflow/dags/xcom.py
[2024-06-15T02:40:58.590+0000] {logging_mixin.py:188} INFO - [2024-06-15T02:40:58.590+0000] {dag.py:3047} INFO - Sync 1 DAGs
[2024-06-15T02:40:58.610+0000] {logging_mixin.py:188} INFO - [2024-06-15T02:40:58.610+0000] {dag.py:3834} INFO - Setting next_dagrun for xcom to None, run_after=None
[2024-06-15T02:40:58.638+0000] {processor.py:183} INFO - Processing /opt/airflow/dags/xcom.py took 0.085 seconds
[2024-06-15T02:41:29.147+0000] {processor.py:161} INFO - Started process (PID=566) to work on /opt/airflow/dags/xcom.py
[2024-06-15T02:41:29.148+0000] {processor.py:830} INFO - Processing file /opt/airflow/dags/xcom.py for tasks to queue
[2024-06-15T02:41:29.149+0000] {logging_mixin.py:188} INFO - [2024-06-15T02:41:29.149+0000] {dagbag.py:540} INFO - Filling up the DagBag from /opt/airflow/dags/xcom.py
[2024-06-15T02:41:29.160+0000] {processor.py:840} INFO - DAG(s) 'xcom' retrieved from /opt/airflow/dags/xcom.py
[2024-06-15T02:41:29.179+0000] {logging_mixin.py:188} INFO - [2024-06-15T02:41:29.178+0000] {dag.py:3047} INFO - Sync 1 DAGs
[2024-06-15T02:41:29.193+0000] {logging_mixin.py:188} INFO - [2024-06-15T02:41:29.193+0000] {dag.py:3834} INFO - Setting next_dagrun for xcom to None, run_after=None
[2024-06-15T02:41:29.210+0000] {processor.py:183} INFO - Processing /opt/airflow/dags/xcom.py took 0.065 seconds
[2024-06-15T02:41:59.678+0000] {processor.py:161} INFO - Started process (PID=589) to work on /opt/airflow/dags/xcom.py
[2024-06-15T02:41:59.679+0000] {processor.py:830} INFO - Processing file /opt/airflow/dags/xcom.py for tasks to queue
[2024-06-15T02:41:59.680+0000] {logging_mixin.py:188} INFO - [2024-06-15T02:41:59.680+0000] {dagbag.py:540} INFO - Filling up the DagBag from /opt/airflow/dags/xcom.py
[2024-06-15T02:41:59.692+0000] {processor.py:840} INFO - DAG(s) 'xcom' retrieved from /opt/airflow/dags/xcom.py
[2024-06-15T02:41:59.712+0000] {logging_mixin.py:188} INFO - [2024-06-15T02:41:59.712+0000] {dag.py:3047} INFO - Sync 1 DAGs
[2024-06-15T02:41:59.731+0000] {logging_mixin.py:188} INFO - [2024-06-15T02:41:59.730+0000] {dag.py:3834} INFO - Setting next_dagrun for xcom to None, run_after=None
[2024-06-15T02:41:59.746+0000] {processor.py:183} INFO - Processing /opt/airflow/dags/xcom.py took 0.069 seconds
[2024-06-15T02:42:30.293+0000] {processor.py:161} INFO - Started process (PID=612) to work on /opt/airflow/dags/xcom.py
[2024-06-15T02:42:30.294+0000] {processor.py:830} INFO - Processing file /opt/airflow/dags/xcom.py for tasks to queue
[2024-06-15T02:42:30.295+0000] {logging_mixin.py:188} INFO - [2024-06-15T02:42:30.295+0000] {dagbag.py:540} INFO - Filling up the DagBag from /opt/airflow/dags/xcom.py
[2024-06-15T02:42:30.309+0000] {processor.py:840} INFO - DAG(s) 'xcom' retrieved from /opt/airflow/dags/xcom.py
[2024-06-15T02:42:30.331+0000] {logging_mixin.py:188} INFO - [2024-06-15T02:42:30.330+0000] {dag.py:3047} INFO - Sync 1 DAGs
[2024-06-15T02:42:30.348+0000] {logging_mixin.py:188} INFO - [2024-06-15T02:42:30.348+0000] {dag.py:3834} INFO - Setting next_dagrun for xcom to None, run_after=None
[2024-06-15T02:42:30.362+0000] {processor.py:183} INFO - Processing /opt/airflow/dags/xcom.py took 0.071 seconds
[2024-06-15T02:43:00.985+0000] {processor.py:161} INFO - Started process (PID=635) to work on /opt/airflow/dags/xcom.py
[2024-06-15T02:43:00.985+0000] {processor.py:830} INFO - Processing file /opt/airflow/dags/xcom.py for tasks to queue
[2024-06-15T02:43:00.987+0000] {logging_mixin.py:188} INFO - [2024-06-15T02:43:00.987+0000] {dagbag.py:540} INFO - Filling up the DagBag from /opt/airflow/dags/xcom.py
[2024-06-15T02:43:01.003+0000] {processor.py:840} INFO - DAG(s) 'xcom' retrieved from /opt/airflow/dags/xcom.py
[2024-06-15T02:43:01.044+0000] {logging_mixin.py:188} INFO - [2024-06-15T02:43:01.044+0000] {dag.py:3047} INFO - Sync 1 DAGs
[2024-06-15T02:43:01.069+0000] {logging_mixin.py:188} INFO - [2024-06-15T02:43:01.069+0000] {dag.py:3834} INFO - Setting next_dagrun for xcom to None, run_after=None
[2024-06-15T02:43:01.091+0000] {processor.py:183} INFO - Processing /opt/airflow/dags/xcom.py took 0.109 seconds
[2024-06-15T02:43:31.441+0000] {processor.py:161} INFO - Started process (PID=658) to work on /opt/airflow/dags/xcom.py
[2024-06-15T02:43:31.442+0000] {processor.py:830} INFO - Processing file /opt/airflow/dags/xcom.py for tasks to queue
[2024-06-15T02:43:31.443+0000] {logging_mixin.py:188} INFO - [2024-06-15T02:43:31.443+0000] {dagbag.py:540} INFO - Filling up the DagBag from /opt/airflow/dags/xcom.py
[2024-06-15T02:43:31.455+0000] {processor.py:840} INFO - DAG(s) 'xcom' retrieved from /opt/airflow/dags/xcom.py
[2024-06-15T02:43:31.477+0000] {logging_mixin.py:188} INFO - [2024-06-15T02:43:31.477+0000] {dag.py:3047} INFO - Sync 1 DAGs
[2024-06-15T02:43:31.493+0000] {logging_mixin.py:188} INFO - [2024-06-15T02:43:31.492+0000] {dag.py:3834} INFO - Setting next_dagrun for xcom to None, run_after=None
[2024-06-15T02:43:31.507+0000] {processor.py:183} INFO - Processing /opt/airflow/dags/xcom.py took 0.067 seconds
[2024-06-15T02:44:01.718+0000] {processor.py:161} INFO - Started process (PID=681) to work on /opt/airflow/dags/xcom.py
[2024-06-15T02:44:01.718+0000] {processor.py:830} INFO - Processing file /opt/airflow/dags/xcom.py for tasks to queue
[2024-06-15T02:44:01.719+0000] {logging_mixin.py:188} INFO - [2024-06-15T02:44:01.719+0000] {dagbag.py:540} INFO - Filling up the DagBag from /opt/airflow/dags/xcom.py
[2024-06-15T02:44:01.729+0000] {processor.py:840} INFO - DAG(s) 'xcom' retrieved from /opt/airflow/dags/xcom.py
[2024-06-15T02:44:01.749+0000] {logging_mixin.py:188} INFO - [2024-06-15T02:44:01.749+0000] {dag.py:3047} INFO - Sync 1 DAGs
[2024-06-15T02:44:01.770+0000] {logging_mixin.py:188} INFO - [2024-06-15T02:44:01.769+0000] {dag.py:3834} INFO - Setting next_dagrun for xcom to None, run_after=None
[2024-06-15T02:44:01.793+0000] {processor.py:183} INFO - Processing /opt/airflow/dags/xcom.py took 0.078 seconds
[2024-06-15T02:44:32.408+0000] {processor.py:161} INFO - Started process (PID=704) to work on /opt/airflow/dags/xcom.py
[2024-06-15T02:44:32.409+0000] {processor.py:830} INFO - Processing file /opt/airflow/dags/xcom.py for tasks to queue
[2024-06-15T02:44:32.410+0000] {logging_mixin.py:188} INFO - [2024-06-15T02:44:32.410+0000] {dagbag.py:540} INFO - Filling up the DagBag from /opt/airflow/dags/xcom.py
[2024-06-15T02:44:32.421+0000] {processor.py:840} INFO - DAG(s) 'xcom' retrieved from /opt/airflow/dags/xcom.py
[2024-06-15T02:44:32.441+0000] {logging_mixin.py:188} INFO - [2024-06-15T02:44:32.441+0000] {dag.py:3047} INFO - Sync 1 DAGs
[2024-06-15T02:44:32.458+0000] {logging_mixin.py:188} INFO - [2024-06-15T02:44:32.457+0000] {dag.py:3834} INFO - Setting next_dagrun for xcom to None, run_after=None
[2024-06-15T02:44:32.480+0000] {processor.py:183} INFO - Processing /opt/airflow/dags/xcom.py took 0.074 seconds
[2024-06-15T02:45:03.241+0000] {processor.py:161} INFO - Started process (PID=729) to work on /opt/airflow/dags/xcom.py
[2024-06-15T02:45:03.242+0000] {processor.py:830} INFO - Processing file /opt/airflow/dags/xcom.py for tasks to queue
[2024-06-15T02:45:03.243+0000] {logging_mixin.py:188} INFO - [2024-06-15T02:45:03.243+0000] {dagbag.py:540} INFO - Filling up the DagBag from /opt/airflow/dags/xcom.py
[2024-06-15T02:45:03.255+0000] {processor.py:840} INFO - DAG(s) 'xcom' retrieved from /opt/airflow/dags/xcom.py
[2024-06-15T02:45:03.277+0000] {logging_mixin.py:188} INFO - [2024-06-15T02:45:03.277+0000] {dag.py:3047} INFO - Sync 1 DAGs
[2024-06-15T02:45:03.291+0000] {logging_mixin.py:188} INFO - [2024-06-15T02:45:03.291+0000] {dag.py:3834} INFO - Setting next_dagrun for xcom to None, run_after=None
[2024-06-15T02:45:03.312+0000] {processor.py:183} INFO - Processing /opt/airflow/dags/xcom.py took 0.072 seconds
[2024-06-15T02:45:33.789+0000] {processor.py:161} INFO - Started process (PID=752) to work on /opt/airflow/dags/xcom.py
[2024-06-15T02:45:33.790+0000] {processor.py:830} INFO - Processing file /opt/airflow/dags/xcom.py for tasks to queue
[2024-06-15T02:45:33.792+0000] {logging_mixin.py:188} INFO - [2024-06-15T02:45:33.791+0000] {dagbag.py:540} INFO - Filling up the DagBag from /opt/airflow/dags/xcom.py
[2024-06-15T02:45:33.805+0000] {processor.py:840} INFO - DAG(s) 'xcom' retrieved from /opt/airflow/dags/xcom.py
[2024-06-15T02:45:33.829+0000] {logging_mixin.py:188} INFO - [2024-06-15T02:45:33.829+0000] {dag.py:3047} INFO - Sync 1 DAGs
[2024-06-15T02:45:33.845+0000] {logging_mixin.py:188} INFO - [2024-06-15T02:45:33.845+0000] {dag.py:3834} INFO - Setting next_dagrun for xcom to None, run_after=None
[2024-06-15T02:45:33.860+0000] {processor.py:183} INFO - Processing /opt/airflow/dags/xcom.py took 0.073 seconds
[2024-06-15T02:46:04.437+0000] {processor.py:161} INFO - Started process (PID=776) to work on /opt/airflow/dags/xcom.py
[2024-06-15T02:46:04.438+0000] {processor.py:830} INFO - Processing file /opt/airflow/dags/xcom.py for tasks to queue
[2024-06-15T02:46:04.439+0000] {logging_mixin.py:188} INFO - [2024-06-15T02:46:04.439+0000] {dagbag.py:540} INFO - Filling up the DagBag from /opt/airflow/dags/xcom.py
[2024-06-15T02:46:04.449+0000] {processor.py:840} INFO - DAG(s) 'xcom' retrieved from /opt/airflow/dags/xcom.py
[2024-06-15T02:46:04.474+0000] {logging_mixin.py:188} INFO - [2024-06-15T02:46:04.474+0000] {dag.py:3047} INFO - Sync 1 DAGs
[2024-06-15T02:46:04.487+0000] {logging_mixin.py:188} INFO - [2024-06-15T02:46:04.487+0000] {dag.py:3834} INFO - Setting next_dagrun for xcom to None, run_after=None
[2024-06-15T02:46:04.499+0000] {processor.py:183} INFO - Processing /opt/airflow/dags/xcom.py took 0.064 seconds
[2024-06-15T02:46:34.676+0000] {processor.py:161} INFO - Started process (PID=799) to work on /opt/airflow/dags/xcom.py
[2024-06-15T02:46:34.677+0000] {processor.py:830} INFO - Processing file /opt/airflow/dags/xcom.py for tasks to queue
[2024-06-15T02:46:34.677+0000] {logging_mixin.py:188} INFO - [2024-06-15T02:46:34.677+0000] {dagbag.py:540} INFO - Filling up the DagBag from /opt/airflow/dags/xcom.py
[2024-06-15T02:46:34.687+0000] {processor.py:840} INFO - DAG(s) 'xcom' retrieved from /opt/airflow/dags/xcom.py
[2024-06-15T02:46:34.705+0000] {logging_mixin.py:188} INFO - [2024-06-15T02:46:34.705+0000] {dag.py:3047} INFO - Sync 1 DAGs
[2024-06-15T02:46:34.719+0000] {logging_mixin.py:188} INFO - [2024-06-15T02:46:34.719+0000] {dag.py:3834} INFO - Setting next_dagrun for xcom to None, run_after=None
[2024-06-15T02:46:34.747+0000] {processor.py:183} INFO - Processing /opt/airflow/dags/xcom.py took 0.073 seconds
[2024-06-15T02:47:04.983+0000] {processor.py:161} INFO - Started process (PID=824) to work on /opt/airflow/dags/xcom.py
[2024-06-15T02:47:04.984+0000] {processor.py:830} INFO - Processing file /opt/airflow/dags/xcom.py for tasks to queue
[2024-06-15T02:47:04.985+0000] {logging_mixin.py:188} INFO - [2024-06-15T02:47:04.984+0000] {dagbag.py:540} INFO - Filling up the DagBag from /opt/airflow/dags/xcom.py
[2024-06-15T02:47:04.994+0000] {processor.py:840} INFO - DAG(s) 'xcom' retrieved from /opt/airflow/dags/xcom.py
[2024-06-15T02:47:05.022+0000] {logging_mixin.py:188} INFO - [2024-06-15T02:47:05.022+0000] {dag.py:3047} INFO - Sync 1 DAGs
[2024-06-15T02:47:05.036+0000] {logging_mixin.py:188} INFO - [2024-06-15T02:47:05.036+0000] {dag.py:3834} INFO - Setting next_dagrun for xcom to None, run_after=None
[2024-06-15T02:47:05.052+0000] {processor.py:183} INFO - Processing /opt/airflow/dags/xcom.py took 0.070 seconds
[2024-06-15T02:47:35.435+0000] {processor.py:161} INFO - Started process (PID=848) to work on /opt/airflow/dags/xcom.py
[2024-06-15T02:47:35.436+0000] {processor.py:830} INFO - Processing file /opt/airflow/dags/xcom.py for tasks to queue
[2024-06-15T02:47:35.437+0000] {logging_mixin.py:188} INFO - [2024-06-15T02:47:35.437+0000] {dagbag.py:540} INFO - Filling up the DagBag from /opt/airflow/dags/xcom.py
[2024-06-15T02:47:35.447+0000] {processor.py:840} INFO - DAG(s) 'xcom' retrieved from /opt/airflow/dags/xcom.py
[2024-06-15T02:47:35.467+0000] {logging_mixin.py:188} INFO - [2024-06-15T02:47:35.467+0000] {dag.py:3047} INFO - Sync 1 DAGs
[2024-06-15T02:47:35.482+0000] {logging_mixin.py:188} INFO - [2024-06-15T02:47:35.482+0000] {dag.py:3834} INFO - Setting next_dagrun for xcom to None, run_after=None
[2024-06-15T02:47:35.500+0000] {processor.py:183} INFO - Processing /opt/airflow/dags/xcom.py took 0.067 seconds
[2024-06-15T02:48:06.056+0000] {processor.py:161} INFO - Started process (PID=872) to work on /opt/airflow/dags/xcom.py
[2024-06-15T02:48:06.057+0000] {processor.py:830} INFO - Processing file /opt/airflow/dags/xcom.py for tasks to queue
[2024-06-15T02:48:06.058+0000] {logging_mixin.py:188} INFO - [2024-06-15T02:48:06.057+0000] {dagbag.py:540} INFO - Filling up the DagBag from /opt/airflow/dags/xcom.py
[2024-06-15T02:48:06.069+0000] {processor.py:840} INFO - DAG(s) 'xcom' retrieved from /opt/airflow/dags/xcom.py
[2024-06-15T02:48:06.091+0000] {logging_mixin.py:188} INFO - [2024-06-15T02:48:06.091+0000] {dag.py:3047} INFO - Sync 1 DAGs
[2024-06-15T02:48:06.107+0000] {logging_mixin.py:188} INFO - [2024-06-15T02:48:06.107+0000] {dag.py:3834} INFO - Setting next_dagrun for xcom to None, run_after=None
[2024-06-15T02:48:06.133+0000] {processor.py:183} INFO - Processing /opt/airflow/dags/xcom.py took 0.078 seconds
[2024-06-15T02:48:36.645+0000] {processor.py:161} INFO - Started process (PID=895) to work on /opt/airflow/dags/xcom.py
[2024-06-15T02:48:36.645+0000] {processor.py:830} INFO - Processing file /opt/airflow/dags/xcom.py for tasks to queue
[2024-06-15T02:48:36.646+0000] {logging_mixin.py:188} INFO - [2024-06-15T02:48:36.646+0000] {dagbag.py:540} INFO - Filling up the DagBag from /opt/airflow/dags/xcom.py
[2024-06-15T02:48:36.657+0000] {processor.py:840} INFO - DAG(s) 'xcom' retrieved from /opt/airflow/dags/xcom.py
[2024-06-15T02:48:36.681+0000] {logging_mixin.py:188} INFO - [2024-06-15T02:48:36.681+0000] {dag.py:3047} INFO - Sync 1 DAGs
[2024-06-15T02:48:36.696+0000] {logging_mixin.py:188} INFO - [2024-06-15T02:48:36.696+0000] {dag.py:3834} INFO - Setting next_dagrun for xcom to None, run_after=None
[2024-06-15T02:48:36.708+0000] {processor.py:183} INFO - Processing /opt/airflow/dags/xcom.py took 0.065 seconds
[2024-06-15T02:49:07.201+0000] {processor.py:161} INFO - Started process (PID=918) to work on /opt/airflow/dags/xcom.py
[2024-06-15T02:49:07.201+0000] {processor.py:830} INFO - Processing file /opt/airflow/dags/xcom.py for tasks to queue
[2024-06-15T02:49:07.202+0000] {logging_mixin.py:188} INFO - [2024-06-15T02:49:07.202+0000] {dagbag.py:540} INFO - Filling up the DagBag from /opt/airflow/dags/xcom.py
[2024-06-15T02:49:07.212+0000] {processor.py:840} INFO - DAG(s) 'xcom' retrieved from /opt/airflow/dags/xcom.py
[2024-06-15T02:49:07.231+0000] {logging_mixin.py:188} INFO - [2024-06-15T02:49:07.231+0000] {dag.py:3047} INFO - Sync 1 DAGs
[2024-06-15T02:49:07.255+0000] {logging_mixin.py:188} INFO - [2024-06-15T02:49:07.255+0000] {dag.py:3834} INFO - Setting next_dagrun for xcom to None, run_after=None
[2024-06-15T02:49:07.268+0000] {processor.py:183} INFO - Processing /opt/airflow/dags/xcom.py took 0.069 seconds
[2024-06-15T02:49:37.590+0000] {processor.py:161} INFO - Started process (PID=965) to work on /opt/airflow/dags/xcom.py
[2024-06-15T02:49:37.591+0000] {processor.py:830} INFO - Processing file /opt/airflow/dags/xcom.py for tasks to queue
[2024-06-15T02:49:37.592+0000] {logging_mixin.py:188} INFO - [2024-06-15T02:49:37.592+0000] {dagbag.py:540} INFO - Filling up the DagBag from /opt/airflow/dags/xcom.py
[2024-06-15T02:49:37.608+0000] {processor.py:840} INFO - DAG(s) 'xcom' retrieved from /opt/airflow/dags/xcom.py
[2024-06-15T02:49:37.640+0000] {logging_mixin.py:188} INFO - [2024-06-15T02:49:37.640+0000] {dag.py:3047} INFO - Sync 1 DAGs
[2024-06-15T02:49:37.660+0000] {logging_mixin.py:188} INFO - [2024-06-15T02:49:37.659+0000] {dag.py:3834} INFO - Setting next_dagrun for xcom to None, run_after=None
[2024-06-15T02:49:37.681+0000] {processor.py:183} INFO - Processing /opt/airflow/dags/xcom.py took 0.093 seconds
[2024-06-15T02:50:08.027+0000] {processor.py:161} INFO - Started process (PID=997) to work on /opt/airflow/dags/xcom.py
[2024-06-15T02:50:08.028+0000] {processor.py:830} INFO - Processing file /opt/airflow/dags/xcom.py for tasks to queue
[2024-06-15T02:50:08.029+0000] {logging_mixin.py:188} INFO - [2024-06-15T02:50:08.029+0000] {dagbag.py:540} INFO - Filling up the DagBag from /opt/airflow/dags/xcom.py
[2024-06-15T02:50:08.042+0000] {processor.py:840} INFO - DAG(s) 'xcom' retrieved from /opt/airflow/dags/xcom.py
[2024-06-15T02:50:08.065+0000] {logging_mixin.py:188} INFO - [2024-06-15T02:50:08.065+0000] {dag.py:3047} INFO - Sync 1 DAGs
[2024-06-15T02:50:08.082+0000] {logging_mixin.py:188} INFO - [2024-06-15T02:50:08.082+0000] {dag.py:3834} INFO - Setting next_dagrun for xcom to None, run_after=None
[2024-06-15T02:50:08.102+0000] {processor.py:183} INFO - Processing /opt/airflow/dags/xcom.py took 0.076 seconds
[2024-06-15T02:50:38.542+0000] {processor.py:161} INFO - Started process (PID=1020) to work on /opt/airflow/dags/xcom.py
[2024-06-15T02:50:38.542+0000] {processor.py:830} INFO - Processing file /opt/airflow/dags/xcom.py for tasks to queue
[2024-06-15T02:50:38.543+0000] {logging_mixin.py:188} INFO - [2024-06-15T02:50:38.543+0000] {dagbag.py:540} INFO - Filling up the DagBag from /opt/airflow/dags/xcom.py
[2024-06-15T02:50:38.555+0000] {processor.py:840} INFO - DAG(s) 'xcom' retrieved from /opt/airflow/dags/xcom.py
[2024-06-15T02:50:38.579+0000] {logging_mixin.py:188} INFO - [2024-06-15T02:50:38.579+0000] {dag.py:3047} INFO - Sync 1 DAGs
[2024-06-15T02:50:38.594+0000] {logging_mixin.py:188} INFO - [2024-06-15T02:50:38.594+0000] {dag.py:3834} INFO - Setting next_dagrun for xcom to None, run_after=None
[2024-06-15T02:50:38.617+0000] {processor.py:183} INFO - Processing /opt/airflow/dags/xcom.py took 0.076 seconds
[2024-06-15T02:51:09.166+0000] {processor.py:161} INFO - Started process (PID=1043) to work on /opt/airflow/dags/xcom.py
[2024-06-15T02:51:09.167+0000] {processor.py:830} INFO - Processing file /opt/airflow/dags/xcom.py for tasks to queue
[2024-06-15T02:51:09.168+0000] {logging_mixin.py:188} INFO - [2024-06-15T02:51:09.168+0000] {dagbag.py:540} INFO - Filling up the DagBag from /opt/airflow/dags/xcom.py
[2024-06-15T02:51:09.181+0000] {processor.py:840} INFO - DAG(s) 'xcom' retrieved from /opt/airflow/dags/xcom.py
[2024-06-15T02:51:09.202+0000] {logging_mixin.py:188} INFO - [2024-06-15T02:51:09.202+0000] {dag.py:3047} INFO - Sync 1 DAGs
[2024-06-15T02:51:09.217+0000] {logging_mixin.py:188} INFO - [2024-06-15T02:51:09.216+0000] {dag.py:3834} INFO - Setting next_dagrun for xcom to None, run_after=None
[2024-06-15T02:51:09.231+0000] {processor.py:183} INFO - Processing /opt/airflow/dags/xcom.py took 0.067 seconds
[2024-06-15T02:51:39.658+0000] {processor.py:161} INFO - Started process (PID=1066) to work on /opt/airflow/dags/xcom.py
[2024-06-15T02:51:39.659+0000] {processor.py:830} INFO - Processing file /opt/airflow/dags/xcom.py for tasks to queue
[2024-06-15T02:51:39.660+0000] {logging_mixin.py:188} INFO - [2024-06-15T02:51:39.660+0000] {dagbag.py:540} INFO - Filling up the DagBag from /opt/airflow/dags/xcom.py
[2024-06-15T02:51:39.677+0000] {processor.py:840} INFO - DAG(s) 'xcom' retrieved from /opt/airflow/dags/xcom.py
[2024-06-15T02:51:39.705+0000] {logging_mixin.py:188} INFO - [2024-06-15T02:51:39.705+0000] {dag.py:3047} INFO - Sync 1 DAGs
[2024-06-15T02:51:39.720+0000] {logging_mixin.py:188} INFO - [2024-06-15T02:51:39.720+0000] {dag.py:3834} INFO - Setting next_dagrun for xcom to None, run_after=None
[2024-06-15T02:51:39.739+0000] {processor.py:183} INFO - Processing /opt/airflow/dags/xcom.py took 0.083 seconds
[2024-06-15T02:52:10.219+0000] {processor.py:161} INFO - Started process (PID=1089) to work on /opt/airflow/dags/xcom.py
[2024-06-15T02:52:10.220+0000] {processor.py:830} INFO - Processing file /opt/airflow/dags/xcom.py for tasks to queue
[2024-06-15T02:52:10.221+0000] {logging_mixin.py:188} INFO - [2024-06-15T02:52:10.221+0000] {dagbag.py:540} INFO - Filling up the DagBag from /opt/airflow/dags/xcom.py
[2024-06-15T02:52:10.231+0000] {processor.py:840} INFO - DAG(s) 'xcom' retrieved from /opt/airflow/dags/xcom.py
[2024-06-15T02:52:10.252+0000] {logging_mixin.py:188} INFO - [2024-06-15T02:52:10.252+0000] {dag.py:3047} INFO - Sync 1 DAGs
[2024-06-15T02:52:10.267+0000] {logging_mixin.py:188} INFO - [2024-06-15T02:52:10.267+0000] {dag.py:3834} INFO - Setting next_dagrun for xcom to None, run_after=None
[2024-06-15T02:52:10.294+0000] {processor.py:183} INFO - Processing /opt/airflow/dags/xcom.py took 0.077 seconds
[2024-06-15T02:52:40.816+0000] {processor.py:161} INFO - Started process (PID=1118) to work on /opt/airflow/dags/xcom.py
[2024-06-15T02:52:40.817+0000] {processor.py:830} INFO - Processing file /opt/airflow/dags/xcom.py for tasks to queue
[2024-06-15T02:52:40.818+0000] {logging_mixin.py:188} INFO - [2024-06-15T02:52:40.818+0000] {dagbag.py:540} INFO - Filling up the DagBag from /opt/airflow/dags/xcom.py
[2024-06-15T02:52:40.829+0000] {processor.py:840} INFO - DAG(s) 'xcom' retrieved from /opt/airflow/dags/xcom.py
[2024-06-15T02:52:40.851+0000] {logging_mixin.py:188} INFO - [2024-06-15T02:52:40.851+0000] {dag.py:3047} INFO - Sync 1 DAGs
[2024-06-15T02:52:40.867+0000] {logging_mixin.py:188} INFO - [2024-06-15T02:52:40.867+0000] {dag.py:3834} INFO - Setting next_dagrun for xcom to None, run_after=None
[2024-06-15T02:52:40.883+0000] {processor.py:183} INFO - Processing /opt/airflow/dags/xcom.py took 0.069 seconds
[2024-06-15T02:53:11.221+0000] {processor.py:161} INFO - Started process (PID=1141) to work on /opt/airflow/dags/xcom.py
[2024-06-15T02:53:11.221+0000] {processor.py:830} INFO - Processing file /opt/airflow/dags/xcom.py for tasks to queue
[2024-06-15T02:53:11.222+0000] {logging_mixin.py:188} INFO - [2024-06-15T02:53:11.222+0000] {dagbag.py:540} INFO - Filling up the DagBag from /opt/airflow/dags/xcom.py
[2024-06-15T02:53:11.236+0000] {processor.py:840} INFO - DAG(s) 'xcom' retrieved from /opt/airflow/dags/xcom.py
[2024-06-15T02:53:11.261+0000] {logging_mixin.py:188} INFO - [2024-06-15T02:53:11.261+0000] {dag.py:3047} INFO - Sync 1 DAGs
[2024-06-15T02:53:11.283+0000] {logging_mixin.py:188} INFO - [2024-06-15T02:53:11.283+0000] {dag.py:3834} INFO - Setting next_dagrun for xcom to None, run_after=None
[2024-06-15T02:53:11.303+0000] {processor.py:183} INFO - Processing /opt/airflow/dags/xcom.py took 0.084 seconds
[2024-06-15T02:53:41.840+0000] {processor.py:161} INFO - Started process (PID=1164) to work on /opt/airflow/dags/xcom.py
[2024-06-15T02:53:41.841+0000] {processor.py:830} INFO - Processing file /opt/airflow/dags/xcom.py for tasks to queue
[2024-06-15T02:53:41.842+0000] {logging_mixin.py:188} INFO - [2024-06-15T02:53:41.842+0000] {dagbag.py:540} INFO - Filling up the DagBag from /opt/airflow/dags/xcom.py
[2024-06-15T02:53:41.853+0000] {processor.py:840} INFO - DAG(s) 'xcom' retrieved from /opt/airflow/dags/xcom.py
[2024-06-15T02:53:41.875+0000] {logging_mixin.py:188} INFO - [2024-06-15T02:53:41.875+0000] {dag.py:3047} INFO - Sync 1 DAGs
[2024-06-15T02:53:41.893+0000] {logging_mixin.py:188} INFO - [2024-06-15T02:53:41.892+0000] {dag.py:3834} INFO - Setting next_dagrun for xcom to None, run_after=None
[2024-06-15T02:53:41.906+0000] {processor.py:183} INFO - Processing /opt/airflow/dags/xcom.py took 0.068 seconds
[2024-06-15T02:54:12.269+0000] {processor.py:161} INFO - Started process (PID=1187) to work on /opt/airflow/dags/xcom.py
[2024-06-15T02:54:12.269+0000] {processor.py:830} INFO - Processing file /opt/airflow/dags/xcom.py for tasks to queue
[2024-06-15T02:54:12.271+0000] {logging_mixin.py:188} INFO - [2024-06-15T02:54:12.270+0000] {dagbag.py:540} INFO - Filling up the DagBag from /opt/airflow/dags/xcom.py
[2024-06-15T02:54:12.286+0000] {processor.py:840} INFO - DAG(s) 'xcom' retrieved from /opt/airflow/dags/xcom.py
[2024-06-15T02:54:12.313+0000] {logging_mixin.py:188} INFO - [2024-06-15T02:54:12.313+0000] {dag.py:3047} INFO - Sync 1 DAGs
[2024-06-15T02:54:12.331+0000] {logging_mixin.py:188} INFO - [2024-06-15T02:54:12.331+0000] {dag.py:3834} INFO - Setting next_dagrun for xcom to None, run_after=None
[2024-06-15T02:54:12.347+0000] {processor.py:183} INFO - Processing /opt/airflow/dags/xcom.py took 0.080 seconds
[2024-06-15T02:54:42.948+0000] {processor.py:161} INFO - Started process (PID=1210) to work on /opt/airflow/dags/xcom.py
[2024-06-15T02:54:42.948+0000] {processor.py:830} INFO - Processing file /opt/airflow/dags/xcom.py for tasks to queue
[2024-06-15T02:54:42.949+0000] {logging_mixin.py:188} INFO - [2024-06-15T02:54:42.949+0000] {dagbag.py:540} INFO - Filling up the DagBag from /opt/airflow/dags/xcom.py
[2024-06-15T02:54:42.960+0000] {processor.py:840} INFO - DAG(s) 'xcom' retrieved from /opt/airflow/dags/xcom.py
[2024-06-15T02:54:42.979+0000] {logging_mixin.py:188} INFO - [2024-06-15T02:54:42.979+0000] {dag.py:3047} INFO - Sync 1 DAGs
[2024-06-15T02:54:43.000+0000] {logging_mixin.py:188} INFO - [2024-06-15T02:54:43.000+0000] {dag.py:3834} INFO - Setting next_dagrun for xcom to None, run_after=None
[2024-06-15T02:54:43.024+0000] {processor.py:183} INFO - Processing /opt/airflow/dags/xcom.py took 0.078 seconds
[2024-06-15T02:55:14.014+0000] {processor.py:161} INFO - Started process (PID=1233) to work on /opt/airflow/dags/xcom.py
[2024-06-15T02:55:14.015+0000] {processor.py:830} INFO - Processing file /opt/airflow/dags/xcom.py for tasks to queue
[2024-06-15T02:55:14.016+0000] {logging_mixin.py:188} INFO - [2024-06-15T02:55:14.016+0000] {dagbag.py:540} INFO - Filling up the DagBag from /opt/airflow/dags/xcom.py
[2024-06-15T02:55:14.031+0000] {processor.py:840} INFO - DAG(s) 'xcom' retrieved from /opt/airflow/dags/xcom.py
[2024-06-15T02:55:14.054+0000] {logging_mixin.py:188} INFO - [2024-06-15T02:55:14.054+0000] {dag.py:3047} INFO - Sync 1 DAGs
[2024-06-15T02:55:14.069+0000] {logging_mixin.py:188} INFO - [2024-06-15T02:55:14.068+0000] {dag.py:3834} INFO - Setting next_dagrun for xcom to None, run_after=None
[2024-06-15T02:55:14.081+0000] {processor.py:183} INFO - Processing /opt/airflow/dags/xcom.py took 0.068 seconds
[2024-06-15T02:55:44.629+0000] {processor.py:161} INFO - Started process (PID=1256) to work on /opt/airflow/dags/xcom.py
[2024-06-15T02:55:44.630+0000] {processor.py:830} INFO - Processing file /opt/airflow/dags/xcom.py for tasks to queue
[2024-06-15T02:55:44.631+0000] {logging_mixin.py:188} INFO - [2024-06-15T02:55:44.631+0000] {dagbag.py:540} INFO - Filling up the DagBag from /opt/airflow/dags/xcom.py
[2024-06-15T02:55:44.641+0000] {processor.py:840} INFO - DAG(s) 'xcom' retrieved from /opt/airflow/dags/xcom.py
[2024-06-15T02:55:44.660+0000] {logging_mixin.py:188} INFO - [2024-06-15T02:55:44.659+0000] {dag.py:3047} INFO - Sync 1 DAGs
[2024-06-15T02:55:44.676+0000] {logging_mixin.py:188} INFO - [2024-06-15T02:55:44.675+0000] {dag.py:3834} INFO - Setting next_dagrun for xcom to None, run_after=None
[2024-06-15T02:55:44.696+0000] {processor.py:183} INFO - Processing /opt/airflow/dags/xcom.py took 0.068 seconds
[2024-06-15T02:56:15.181+0000] {processor.py:161} INFO - Started process (PID=1279) to work on /opt/airflow/dags/xcom.py
[2024-06-15T02:56:15.182+0000] {processor.py:830} INFO - Processing file /opt/airflow/dags/xcom.py for tasks to queue
[2024-06-15T02:56:15.183+0000] {logging_mixin.py:188} INFO - [2024-06-15T02:56:15.183+0000] {dagbag.py:540} INFO - Filling up the DagBag from /opt/airflow/dags/xcom.py
[2024-06-15T02:56:15.193+0000] {processor.py:840} INFO - DAG(s) 'xcom' retrieved from /opt/airflow/dags/xcom.py
[2024-06-15T02:56:15.211+0000] {logging_mixin.py:188} INFO - [2024-06-15T02:56:15.211+0000] {dag.py:3047} INFO - Sync 1 DAGs
[2024-06-15T02:56:15.227+0000] {logging_mixin.py:188} INFO - [2024-06-15T02:56:15.227+0000] {dag.py:3834} INFO - Setting next_dagrun for xcom to None, run_after=None
[2024-06-15T02:56:15.245+0000] {processor.py:183} INFO - Processing /opt/airflow/dags/xcom.py took 0.065 seconds
[2024-06-15T02:56:46.354+0000] {processor.py:161} INFO - Started process (PID=1303) to work on /opt/airflow/dags/xcom.py
[2024-06-15T02:56:46.354+0000] {processor.py:830} INFO - Processing file /opt/airflow/dags/xcom.py for tasks to queue
[2024-06-15T02:56:46.355+0000] {logging_mixin.py:188} INFO - [2024-06-15T02:56:46.355+0000] {dagbag.py:540} INFO - Filling up the DagBag from /opt/airflow/dags/xcom.py
[2024-06-15T02:56:46.367+0000] {processor.py:840} INFO - DAG(s) 'xcom' retrieved from /opt/airflow/dags/xcom.py
[2024-06-15T02:56:46.389+0000] {logging_mixin.py:188} INFO - [2024-06-15T02:56:46.389+0000] {dag.py:3047} INFO - Sync 1 DAGs
[2024-06-15T02:56:46.405+0000] {logging_mixin.py:188} INFO - [2024-06-15T02:56:46.405+0000] {dag.py:3834} INFO - Setting next_dagrun for xcom to None, run_after=None
[2024-06-15T02:56:46.425+0000] {processor.py:183} INFO - Processing /opt/airflow/dags/xcom.py took 0.074 seconds
