[2024-02-29T16:11:57.986+0000] {logging_mixin.py:188} INFO - Changing /opt/***/logs/dag_id=context/run_id=scheduled__2024-01-04T00:00:00+00:00/task_id=print_ds permission to 509
[2024-02-29T16:11:57.989+0000] {logging_mixin.py:188} INFO - Changing /opt/***/logs/dag_id=context/run_id=scheduled__2024-01-04T00:00:00+00:00 permission to 509
[2024-02-29T16:11:57.991+0000] {logging_mixin.py:188} INFO - Changing /opt/***/logs/dag_id=context permission to 509
[2024-02-29T16:11:57.993+0000] {logging_mixin.py:188} INFO - Changing /opt/***/logs permission to 509
[2024-02-29T16:11:58.057+0000] {logging_mixin.py:188} INFO - Changing /opt/***/logs/dag_id=context/run_id=scheduled__2024-01-04T00:00:00+00:00/task_id=print_ds permission to 509
[2024-02-29T16:11:58.059+0000] {logging_mixin.py:188} INFO - Changing /opt/***/logs/dag_id=context/run_id=scheduled__2024-01-04T00:00:00+00:00 permission to 509
[2024-02-29T16:11:58.061+0000] {logging_mixin.py:188} INFO - Changing /opt/***/logs/dag_id=context permission to 509
[2024-02-29T16:11:58.062+0000] {logging_mixin.py:188} INFO - Changing /opt/***/logs permission to 509
[2024-02-29T16:11:58.108+0000] {taskinstance.py:1979} INFO - Dependencies all met for dep_context=non-requeueable deps ti=<TaskInstance: context.print_ds scheduled__2024-01-04T00:00:00+00:00 [queued]>
[2024-02-29T16:11:58.116+0000] {taskinstance.py:1979} INFO - Dependencies all met for dep_context=requeueable deps ti=<TaskInstance: context.print_ds scheduled__2024-01-04T00:00:00+00:00 [queued]>
[2024-02-29T16:11:58.117+0000] {taskinstance.py:2193} INFO - Starting attempt 1 of 3
[2024-02-29T16:11:58.135+0000] {taskinstance.py:2214} INFO - Executing <Task(PythonOperator): print_ds> on 2024-01-04 00:00:00+00:00
[2024-02-29T16:11:58.139+0000] {standard_task_runner.py:60} INFO - Started process 65 to run task
[2024-02-29T16:11:58.142+0000] {standard_task_runner.py:87} INFO - Running: ['***', 'tasks', 'run', 'context', 'print_ds', 'scheduled__2024-01-04T00:00:00+00:00', '--job-id', '85', '--raw', '--subdir', 'DAGS_FOLDER/context.py', '--cfg-path', '/tmp/tmp72ryjkvg']
[2024-02-29T16:11:58.143+0000] {standard_task_runner.py:88} INFO - Job 85: Subtask print_ds
[2024-02-29T16:11:58.261+0000] {logging_mixin.py:188} INFO - Changing /opt/***/logs/dag_id=context/run_id=scheduled__2024-01-04T00:00:00+00:00/task_id=print_ds permission to 509
[2024-02-29T16:11:58.263+0000] {logging_mixin.py:188} INFO - Changing /opt/***/logs/dag_id=context/run_id=scheduled__2024-01-04T00:00:00+00:00 permission to 509
[2024-02-29T16:11:58.265+0000] {logging_mixin.py:188} INFO - Changing /opt/***/logs/dag_id=context permission to 509
[2024-02-29T16:11:58.266+0000] {logging_mixin.py:188} INFO - Changing /opt/***/logs permission to 509
[2024-02-29T16:11:58.268+0000] {task_command.py:423} INFO - Running <TaskInstance: context.print_ds scheduled__2024-01-04T00:00:00+00:00 [running]> on host 68829ac68ce6
[2024-02-29T16:11:58.468+0000] {taskinstance.py:2510} INFO - Exporting env vars: AIRFLOW_CTX_DAG_OWNER='vutt' AIRFLOW_CTX_DAG_ID='context' AIRFLOW_CTX_TASK_ID='print_ds' AIRFLOW_CTX_EXECUTION_DATE='2024-01-04T00:00:00+00:00' AIRFLOW_CTX_TRY_NUMBER='1' AIRFLOW_CTX_DAG_RUN_ID='scheduled__2024-01-04T00:00:00+00:00'
[2024-02-29T16:11:58.469+0000] {logging_mixin.py:188} INFO - 2024-01-04
[2024-02-29T16:11:58.470+0000] {python.py:202} INFO - Done. Returned value was: None
[2024-02-29T16:11:58.497+0000] {taskinstance.py:1149} INFO - Marking task as SUCCESS. dag_id=context, task_id=print_ds, execution_date=20240104T000000, start_date=20240229T161158, end_date=20240229T161158
[2024-02-29T16:11:58.555+0000] {local_task_job_runner.py:234} INFO - Task exited with return code 0
[2024-02-29T16:11:58.592+0000] {taskinstance.py:3309} INFO - 0 downstream tasks scheduled from follow-on schedule check
[2024-02-29T16:13:23.318+0000] {logging_mixin.py:188} INFO - Changing /opt/***/logs/dag_id=context/run_id=scheduled__2024-01-04T00:00:00+00:00/task_id=print_ds permission to 509
[2024-02-29T16:13:23.320+0000] {logging_mixin.py:188} INFO - Changing /opt/***/logs/dag_id=context/run_id=scheduled__2024-01-04T00:00:00+00:00 permission to 509
[2024-02-29T16:13:23.321+0000] {logging_mixin.py:188} INFO - Changing /opt/***/logs/dag_id=context permission to 509
[2024-02-29T16:13:23.323+0000] {logging_mixin.py:188} INFO - Changing /opt/***/logs permission to 509
[2024-02-29T16:13:23.392+0000] {logging_mixin.py:188} INFO - Changing /opt/***/logs/dag_id=context/run_id=scheduled__2024-01-04T00:00:00+00:00/task_id=print_ds permission to 509
[2024-02-29T16:13:23.395+0000] {logging_mixin.py:188} INFO - Changing /opt/***/logs/dag_id=context/run_id=scheduled__2024-01-04T00:00:00+00:00 permission to 509
[2024-02-29T16:13:23.398+0000] {logging_mixin.py:188} INFO - Changing /opt/***/logs/dag_id=context permission to 509
[2024-02-29T16:13:23.399+0000] {logging_mixin.py:188} INFO - Changing /opt/***/logs permission to 509
[2024-02-29T16:13:23.449+0000] {taskinstance.py:1979} INFO - Dependencies all met for dep_context=non-requeueable deps ti=<TaskInstance: context.print_ds scheduled__2024-01-04T00:00:00+00:00 [queued]>
[2024-02-29T16:13:23.458+0000] {taskinstance.py:1979} INFO - Dependencies all met for dep_context=requeueable deps ti=<TaskInstance: context.print_ds scheduled__2024-01-04T00:00:00+00:00 [queued]>
[2024-02-29T16:13:23.458+0000] {taskinstance.py:2193} INFO - Starting attempt 1 of 3
[2024-02-29T16:13:23.476+0000] {taskinstance.py:2214} INFO - Executing <Task(PythonOperator): print_ds> on 2024-01-04 00:00:00+00:00
[2024-02-29T16:13:23.481+0000] {standard_task_runner.py:60} INFO - Started process 128 to run task
[2024-02-29T16:13:23.483+0000] {standard_task_runner.py:87} INFO - Running: ['***', 'tasks', 'run', 'context', 'print_ds', 'scheduled__2024-01-04T00:00:00+00:00', '--job-id', '106', '--raw', '--subdir', 'DAGS_FOLDER/context.py', '--cfg-path', '/tmp/tmpjsg4koss']
[2024-02-29T16:13:23.484+0000] {standard_task_runner.py:88} INFO - Job 106: Subtask print_ds
[2024-02-29T16:13:23.637+0000] {logging_mixin.py:188} INFO - Changing /opt/***/logs/dag_id=context/run_id=scheduled__2024-01-04T00:00:00+00:00/task_id=print_ds permission to 509
[2024-02-29T16:13:23.640+0000] {logging_mixin.py:188} INFO - Changing /opt/***/logs/dag_id=context/run_id=scheduled__2024-01-04T00:00:00+00:00 permission to 509
[2024-02-29T16:13:23.643+0000] {logging_mixin.py:188} INFO - Changing /opt/***/logs/dag_id=context permission to 509
[2024-02-29T16:13:23.645+0000] {logging_mixin.py:188} INFO - Changing /opt/***/logs permission to 509
[2024-02-29T16:13:23.648+0000] {task_command.py:423} INFO - Running <TaskInstance: context.print_ds scheduled__2024-01-04T00:00:00+00:00 [running]> on host 68829ac68ce6
[2024-02-29T16:13:23.858+0000] {taskinstance.py:2510} INFO - Exporting env vars: AIRFLOW_CTX_DAG_OWNER='vutt' AIRFLOW_CTX_DAG_ID='context' AIRFLOW_CTX_TASK_ID='print_ds' AIRFLOW_CTX_EXECUTION_DATE='2024-01-04T00:00:00+00:00' AIRFLOW_CTX_TRY_NUMBER='1' AIRFLOW_CTX_DAG_RUN_ID='scheduled__2024-01-04T00:00:00+00:00'
[2024-02-29T16:13:23.859+0000] {logging_mixin.py:188} INFO - 2024-01-04
[2024-02-29T16:13:23.860+0000] {python.py:202} INFO - Done. Returned value was: None
[2024-02-29T16:13:23.890+0000] {taskinstance.py:1149} INFO - Marking task as SUCCESS. dag_id=context, task_id=print_ds, execution_date=20240104T000000, start_date=20240229T161323, end_date=20240229T161323
[2024-02-29T16:13:23.937+0000] {local_task_job_runner.py:234} INFO - Task exited with return code 0
[2024-02-29T16:13:23.979+0000] {taskinstance.py:3309} INFO - 0 downstream tasks scheduled from follow-on schedule check
