[2024-02-27T16:13:04.298+0000] {taskinstance.py:1979} INFO - Dependencies all met for dep_context=non-requeueable deps ti=<TaskInstance: python_operator.print_execution_date scheduled__2024-01-02T03:00:00+00:00 [queued]>
[2024-02-27T16:13:04.307+0000] {taskinstance.py:1979} INFO - Dependencies all met for dep_context=requeueable deps ti=<TaskInstance: python_operator.print_execution_date scheduled__2024-01-02T03:00:00+00:00 [queued]>
[2024-02-27T16:13:04.308+0000] {taskinstance.py:2193} INFO - Starting attempt 1 of 3
[2024-02-27T16:13:04.324+0000] {taskinstance.py:2214} INFO - Executing <Task(PythonOperator): print_execution_date> on 2024-01-02 03:00:00+00:00
[2024-02-27T16:13:04.327+0000] {standard_task_runner.py:60} INFO - Started process 95 to run task
[2024-02-27T16:13:04.329+0000] {standard_task_runner.py:87} INFO - Running: ['***', 'tasks', 'run', 'python_operator', 'print_execution_date', 'scheduled__2024-01-02T03:00:00+00:00', '--job-id', '18', '--raw', '--subdir', 'DAGS_FOLDER/python_operator.py', '--cfg-path', '/tmp/tmppqkdhsbv']
[2024-02-27T16:13:04.330+0000] {standard_task_runner.py:88} INFO - Job 18: Subtask print_execution_date
[2024-02-27T16:13:04.403+0000] {task_command.py:423} INFO - Running <TaskInstance: python_operator.print_execution_date scheduled__2024-01-02T03:00:00+00:00 [running]> on host 1927bc465fbc
[2024-02-27T16:13:04.520+0000] {taskinstance.py:2510} INFO - Exporting env vars: AIRFLOW_CTX_DAG_OWNER='vutt' AIRFLOW_CTX_DAG_ID='python_operator' AIRFLOW_CTX_TASK_ID='print_execution_date' AIRFLOW_CTX_EXECUTION_DATE='2024-01-02T03:00:00+00:00' AIRFLOW_CTX_TRY_NUMBER='1' AIRFLOW_CTX_DAG_RUN_ID='scheduled__2024-01-02T03:00:00+00:00'
[2024-02-27T16:13:04.521+0000] {warnings.py:110} WARNING - /home/***/.local/lib/python3.11/site-packages/***/utils/context.py:315: AirflowContextDeprecationWarning: Accessing 'execution_date' from the template is deprecated and will be removed in a future version. Please use 'data_interval_start' or 'logical_date' instead.
  warnings.warn(_create_deprecation_warning(k, replacements))

[2024-02-27T16:13:04.522+0000] {logging_mixin.py:188} INFO - 2024-01-02 03:00:00+00:00
[2024-02-27T16:13:04.522+0000] {python.py:202} INFO - Done. Returned value was: None
[2024-02-27T16:13:04.541+0000] {taskinstance.py:1149} INFO - Marking task as SUCCESS. dag_id=python_operator, task_id=print_execution_date, execution_date=20240102T030000, start_date=20240227T161304, end_date=20240227T161304
[2024-02-27T16:13:04.582+0000] {local_task_job_runner.py:234} INFO - Task exited with return code 0
[2024-02-27T16:13:04.615+0000] {taskinstance.py:3309} INFO - 1 downstream tasks scheduled from follow-on schedule check
[2024-02-27T16:13:44.422+0000] {taskinstance.py:1979} INFO - Dependencies all met for dep_context=non-requeueable deps ti=<TaskInstance: python_operator.print_execution_date scheduled__2024-01-02T03:00:00+00:00 [queued]>
[2024-02-27T16:13:44.431+0000] {taskinstance.py:1979} INFO - Dependencies all met for dep_context=requeueable deps ti=<TaskInstance: python_operator.print_execution_date scheduled__2024-01-02T03:00:00+00:00 [queued]>
[2024-02-27T16:13:44.431+0000] {taskinstance.py:2193} INFO - Starting attempt 1 of 3
[2024-02-27T16:13:44.441+0000] {taskinstance.py:2214} INFO - Executing <Task(PythonOperator): print_execution_date> on 2024-01-02 03:00:00+00:00
[2024-02-27T16:13:44.444+0000] {standard_task_runner.py:60} INFO - Started process 60 to run task
[2024-02-27T16:13:44.446+0000] {standard_task_runner.py:87} INFO - Running: ['***', 'tasks', 'run', 'python_operator', 'print_execution_date', 'scheduled__2024-01-02T03:00:00+00:00', '--job-id', '26', '--raw', '--subdir', 'DAGS_FOLDER/python_operator.py', '--cfg-path', '/tmp/tmpklrljztv']
[2024-02-27T16:13:44.447+0000] {standard_task_runner.py:88} INFO - Job 26: Subtask print_execution_date
[2024-02-27T16:13:44.515+0000] {task_command.py:423} INFO - Running <TaskInstance: python_operator.print_execution_date scheduled__2024-01-02T03:00:00+00:00 [running]> on host 1927bc465fbc
[2024-02-27T16:13:44.640+0000] {taskinstance.py:2510} INFO - Exporting env vars: AIRFLOW_CTX_DAG_OWNER='vutt' AIRFLOW_CTX_DAG_ID='python_operator' AIRFLOW_CTX_TASK_ID='print_execution_date' AIRFLOW_CTX_EXECUTION_DATE='2024-01-02T03:00:00+00:00' AIRFLOW_CTX_TRY_NUMBER='1' AIRFLOW_CTX_DAG_RUN_ID='scheduled__2024-01-02T03:00:00+00:00'
[2024-02-27T16:13:44.641+0000] {warnings.py:110} WARNING - /home/***/.local/lib/python3.11/site-packages/***/utils/context.py:315: AirflowContextDeprecationWarning: Accessing 'execution_date' from the template is deprecated and will be removed in a future version. Please use 'data_interval_start' or 'logical_date' instead.
  warnings.warn(_create_deprecation_warning(k, replacements))

[2024-02-27T16:13:44.642+0000] {logging_mixin.py:188} INFO - 2024-01-02 03:00:00+00:00
[2024-02-27T16:13:44.642+0000] {python.py:202} INFO - Done. Returned value was: None
[2024-02-27T16:13:44.659+0000] {taskinstance.py:1149} INFO - Marking task as SUCCESS. dag_id=python_operator, task_id=print_execution_date, execution_date=20240102T030000, start_date=20240227T161344, end_date=20240227T161344
[2024-02-27T16:13:44.699+0000] {local_task_job_runner.py:234} INFO - Task exited with return code 0
[2024-02-27T16:13:44.729+0000] {taskinstance.py:3309} INFO - 1 downstream tasks scheduled from follow-on schedule check
