[2024-03-01T15:47:40.012+0000] {logging_mixin.py:188} INFO - Changing /opt/***/logs/dag_id=pool/run_id=scheduled__2024-01-05T00:00:00+00:00/task_id=task_5 permission to 509
[2024-03-01T15:47:40.016+0000] {logging_mixin.py:188} INFO - Changing /opt/***/logs/dag_id=pool/run_id=scheduled__2024-01-05T00:00:00+00:00 permission to 509
[2024-03-01T15:47:40.019+0000] {logging_mixin.py:188} INFO - Changing /opt/***/logs/dag_id=pool permission to 509
[2024-03-01T15:47:40.021+0000] {logging_mixin.py:188} INFO - Changing /opt/***/logs permission to 509
[2024-03-01T15:47:40.100+0000] {logging_mixin.py:188} INFO - Changing /opt/***/logs/dag_id=pool/run_id=scheduled__2024-01-05T00:00:00+00:00/task_id=task_5 permission to 509
[2024-03-01T15:47:40.102+0000] {logging_mixin.py:188} INFO - Changing /opt/***/logs/dag_id=pool/run_id=scheduled__2024-01-05T00:00:00+00:00 permission to 509
[2024-03-01T15:47:40.105+0000] {logging_mixin.py:188} INFO - Changing /opt/***/logs/dag_id=pool permission to 509
[2024-03-01T15:47:40.108+0000] {logging_mixin.py:188} INFO - Changing /opt/***/logs permission to 509
[2024-03-01T15:47:40.157+0000] {taskinstance.py:1979} INFO - Dependencies all met for dep_context=non-requeueable deps ti=<TaskInstance: pool.task_5 scheduled__2024-01-05T00:00:00+00:00 [queued]>
[2024-03-01T15:47:40.166+0000] {taskinstance.py:1979} INFO - Dependencies all met for dep_context=requeueable deps ti=<TaskInstance: pool.task_5 scheduled__2024-01-05T00:00:00+00:00 [queued]>
[2024-03-01T15:47:40.166+0000] {taskinstance.py:2193} INFO - Starting attempt 1 of 3
[2024-03-01T15:47:40.191+0000] {taskinstance.py:2214} INFO - Executing <Task(BashOperator): task_5> on 2024-01-05 00:00:00+00:00
[2024-03-01T15:47:40.197+0000] {standard_task_runner.py:60} INFO - Started process 846 to run task
[2024-03-01T15:47:40.200+0000] {standard_task_runner.py:87} INFO - Running: ['***', 'tasks', 'run', 'pool', 'task_5', 'scheduled__2024-01-05T00:00:00+00:00', '--job-id', '200', '--raw', '--subdir', 'DAGS_FOLDER/pool.py', '--cfg-path', '/tmp/tmplh6x365_']
[2024-03-01T15:47:40.201+0000] {standard_task_runner.py:88} INFO - Job 200: Subtask task_5
[2024-03-01T15:47:40.307+0000] {logging_mixin.py:188} INFO - Changing /opt/***/logs/dag_id=pool/run_id=scheduled__2024-01-05T00:00:00+00:00/task_id=task_5 permission to 509
[2024-03-01T15:47:40.309+0000] {logging_mixin.py:188} INFO - Changing /opt/***/logs/dag_id=pool/run_id=scheduled__2024-01-05T00:00:00+00:00 permission to 509
[2024-03-01T15:47:40.311+0000] {logging_mixin.py:188} INFO - Changing /opt/***/logs/dag_id=pool permission to 509
[2024-03-01T15:47:40.313+0000] {logging_mixin.py:188} INFO - Changing /opt/***/logs permission to 509
[2024-03-01T15:47:40.316+0000] {task_command.py:423} INFO - Running <TaskInstance: pool.task_5 scheduled__2024-01-05T00:00:00+00:00 [running]> on host 68829ac68ce6
[2024-03-01T15:47:40.531+0000] {taskinstance.py:2510} INFO - Exporting env vars: AIRFLOW_CTX_DAG_OWNER='vutt' AIRFLOW_CTX_DAG_ID='pool' AIRFLOW_CTX_TASK_ID='task_5' AIRFLOW_CTX_EXECUTION_DATE='2024-01-05T00:00:00+00:00' AIRFLOW_CTX_TRY_NUMBER='1' AIRFLOW_CTX_DAG_RUN_ID='scheduled__2024-01-05T00:00:00+00:00'
[2024-03-01T15:47:40.532+0000] {subprocess.py:63} INFO - Tmp dir root location: /tmp
[2024-03-01T15:47:40.533+0000] {subprocess.py:75} INFO - Running command: ['/usr/bin/bash', '-c', 'echo task_5']
[2024-03-01T15:47:40.542+0000] {subprocess.py:86} INFO - Output:
[2024-03-01T15:47:40.543+0000] {subprocess.py:93} INFO - task_5
[2024-03-01T15:47:40.543+0000] {subprocess.py:97} INFO - Command exited with return code 0
[2024-03-01T15:47:40.621+0000] {taskinstance.py:1149} INFO - Marking task as SUCCESS. dag_id=pool, task_id=task_5, execution_date=20240105T000000, start_date=20240301T154740, end_date=20240301T154740
[2024-03-01T15:47:40.653+0000] {local_task_job_runner.py:234} INFO - Task exited with return code 0
[2024-03-01T15:47:40.695+0000] {taskinstance.py:3309} INFO - 0 downstream tasks scheduled from follow-on schedule check
