[2024-02-28T04:01:07.561+0000] {logging_mixin.py:188} INFO - Changing /opt/***/logs/dag_id=deferrable_operator/run_id=manual__2024-02-28T04:01:06.847878+00:00/task_id=wait_event permission to 509
[2024-02-28T04:01:07.564+0000] {logging_mixin.py:188} INFO - Changing /opt/***/logs/dag_id=deferrable_operator/run_id=manual__2024-02-28T04:01:06.847878+00:00 permission to 509
[2024-02-28T04:01:07.569+0000] {logging_mixin.py:188} INFO - Changing /opt/***/logs/dag_id=deferrable_operator permission to 509
[2024-02-28T04:01:07.573+0000] {logging_mixin.py:188} INFO - Changing /opt/***/logs permission to 509
[2024-02-28T04:01:07.624+0000] {logging_mixin.py:188} INFO - Changing /opt/***/logs/dag_id=deferrable_operator/run_id=manual__2024-02-28T04:01:06.847878+00:00/task_id=wait_event permission to 509
[2024-02-28T04:01:07.625+0000] {logging_mixin.py:188} INFO - Changing /opt/***/logs/dag_id=deferrable_operator/run_id=manual__2024-02-28T04:01:06.847878+00:00 permission to 509
[2024-02-28T04:01:07.626+0000] {logging_mixin.py:188} INFO - Changing /opt/***/logs/dag_id=deferrable_operator permission to 509
[2024-02-28T04:01:07.627+0000] {logging_mixin.py:188} INFO - Changing /opt/***/logs permission to 509
[2024-02-28T04:01:07.661+0000] {taskinstance.py:1979} INFO - Dependencies all met for dep_context=non-requeueable deps ti=<TaskInstance: deferrable_operator.wait_event manual__2024-02-28T04:01:06.847878+00:00 [queued]>
[2024-02-28T04:01:07.666+0000] {taskinstance.py:1979} INFO - Dependencies all met for dep_context=requeueable deps ti=<TaskInstance: deferrable_operator.wait_event manual__2024-02-28T04:01:06.847878+00:00 [queued]>
[2024-02-28T04:01:07.667+0000] {taskinstance.py:2193} INFO - Starting attempt 1 of 3
[2024-02-28T04:01:07.677+0000] {taskinstance.py:2214} INFO - Executing <Task(WaitFiveMinutesSensor): wait_event> on 2024-02-28 04:01:06.847878+00:00
[2024-02-28T04:01:07.681+0000] {standard_task_runner.py:60} INFO - Started process 1676 to run task
[2024-02-28T04:01:07.684+0000] {standard_task_runner.py:87} INFO - Running: ['***', 'tasks', 'run', 'deferrable_operator', 'wait_event', 'manual__2024-02-28T04:01:06.847878+00:00', '--job-id', '62', '--raw', '--subdir', 'DAGS_FOLDER/deferrable_operator.py', '--cfg-path', '/tmp/tmp13m922wd']
[2024-02-28T04:01:07.685+0000] {standard_task_runner.py:88} INFO - Job 62: Subtask wait_event
[2024-02-28T04:01:07.762+0000] {logging_mixin.py:188} INFO - Changing /opt/***/logs/dag_id=deferrable_operator/run_id=manual__2024-02-28T04:01:06.847878+00:00/task_id=wait_event permission to 509
[2024-02-28T04:01:07.763+0000] {logging_mixin.py:188} INFO - Changing /opt/***/logs/dag_id=deferrable_operator/run_id=manual__2024-02-28T04:01:06.847878+00:00 permission to 509
[2024-02-28T04:01:07.764+0000] {logging_mixin.py:188} INFO - Changing /opt/***/logs/dag_id=deferrable_operator permission to 509
[2024-02-28T04:01:07.765+0000] {logging_mixin.py:188} INFO - Changing /opt/***/logs permission to 509
[2024-02-28T04:01:07.767+0000] {task_command.py:423} INFO - Running <TaskInstance: deferrable_operator.wait_event manual__2024-02-28T04:01:06.847878+00:00 [running]> on host 68829ac68ce6
[2024-02-28T04:01:07.871+0000] {taskinstance.py:2510} INFO - Exporting env vars: AIRFLOW_CTX_DAG_OWNER='vutt' AIRFLOW_CTX_DAG_ID='deferrable_operator' AIRFLOW_CTX_TASK_ID='wait_event' AIRFLOW_CTX_EXECUTION_DATE='2024-02-28T04:01:06.847878+00:00' AIRFLOW_CTX_TRY_NUMBER='1' AIRFLOW_CTX_DAG_RUN_ID='manual__2024-02-28T04:01:06.847878+00:00'
[2024-02-28T04:01:07.872+0000] {logging_mixin.py:188} INFO - Sleeping 5 minutes...
[2024-02-28T04:06:07.900+0000] {taskinstance.py:1149} INFO - Marking task as SUCCESS. dag_id=deferrable_operator, task_id=wait_event, execution_date=20240228T040106, start_date=20240228T040107, end_date=20240228T040607
[2024-02-28T04:06:07.927+0000] {local_task_job_runner.py:234} INFO - Task exited with return code 0
[2024-02-28T04:06:07.958+0000] {taskinstance.py:3309} INFO - 1 downstream tasks scheduled from follow-on schedule check
