[2024-03-01T15:47:28.603+0000] {logging_mixin.py:188} INFO - Changing /opt/***/logs/dag_id=pool/run_id=scheduled__2024-01-05T00:00:00+00:00/task_id=task_1 permission to 509
[2024-03-01T15:47:28.606+0000] {logging_mixin.py:188} INFO - Changing /opt/***/logs/dag_id=pool/run_id=scheduled__2024-01-05T00:00:00+00:00 permission to 509
[2024-03-01T15:47:28.609+0000] {logging_mixin.py:188} INFO - Changing /opt/***/logs/dag_id=pool permission to 509
[2024-03-01T15:47:28.612+0000] {logging_mixin.py:188} INFO - Changing /opt/***/logs permission to 509
[2024-03-01T15:47:28.685+0000] {logging_mixin.py:188} INFO - Changing /opt/***/logs/dag_id=pool/run_id=scheduled__2024-01-05T00:00:00+00:00/task_id=task_1 permission to 509
[2024-03-01T15:47:28.688+0000] {logging_mixin.py:188} INFO - Changing /opt/***/logs/dag_id=pool/run_id=scheduled__2024-01-05T00:00:00+00:00 permission to 509
[2024-03-01T15:47:28.690+0000] {logging_mixin.py:188} INFO - Changing /opt/***/logs/dag_id=pool permission to 509
[2024-03-01T15:47:28.692+0000] {logging_mixin.py:188} INFO - Changing /opt/***/logs permission to 509
[2024-03-01T15:47:28.739+0000] {taskinstance.py:1979} INFO - Dependencies all met for dep_context=non-requeueable deps ti=<TaskInstance: pool.task_1 scheduled__2024-01-05T00:00:00+00:00 [queued]>
[2024-03-01T15:47:28.749+0000] {taskinstance.py:1979} INFO - Dependencies all met for dep_context=requeueable deps ti=<TaskInstance: pool.task_1 scheduled__2024-01-05T00:00:00+00:00 [queued]>
[2024-03-01T15:47:28.750+0000] {taskinstance.py:2193} INFO - Starting attempt 1 of 3
[2024-03-01T15:47:28.774+0000] {taskinstance.py:2214} INFO - Executing <Task(BashOperator): task_1> on 2024-01-05 00:00:00+00:00
[2024-03-01T15:47:28.779+0000] {standard_task_runner.py:60} INFO - Started process 744 to run task
[2024-03-01T15:47:28.782+0000] {standard_task_runner.py:87} INFO - Running: ['***', 'tasks', 'run', 'pool', 'task_1', 'scheduled__2024-01-05T00:00:00+00:00', '--job-id', '165', '--raw', '--subdir', 'DAGS_FOLDER/pool.py', '--cfg-path', '/tmp/tmpyq5o8s0_']
[2024-03-01T15:47:28.783+0000] {standard_task_runner.py:88} INFO - Job 165: Subtask task_1
[2024-03-01T15:47:28.889+0000] {logging_mixin.py:188} INFO - Changing /opt/***/logs/dag_id=pool/run_id=scheduled__2024-01-05T00:00:00+00:00/task_id=task_1 permission to 509
[2024-03-01T15:47:28.891+0000] {logging_mixin.py:188} INFO - Changing /opt/***/logs/dag_id=pool/run_id=scheduled__2024-01-05T00:00:00+00:00 permission to 509
[2024-03-01T15:47:28.892+0000] {logging_mixin.py:188} INFO - Changing /opt/***/logs/dag_id=pool permission to 509
[2024-03-01T15:47:28.894+0000] {logging_mixin.py:188} INFO - Changing /opt/***/logs permission to 509
[2024-03-01T15:47:28.896+0000] {task_command.py:423} INFO - Running <TaskInstance: pool.task_1 scheduled__2024-01-05T00:00:00+00:00 [running]> on host 68829ac68ce6
[2024-03-01T15:47:29.075+0000] {taskinstance.py:2510} INFO - Exporting env vars: AIRFLOW_CTX_DAG_OWNER='vutt' AIRFLOW_CTX_DAG_ID='pool' AIRFLOW_CTX_TASK_ID='task_1' AIRFLOW_CTX_EXECUTION_DATE='2024-01-05T00:00:00+00:00' AIRFLOW_CTX_TRY_NUMBER='1' AIRFLOW_CTX_DAG_RUN_ID='scheduled__2024-01-05T00:00:00+00:00'
[2024-03-01T15:47:29.076+0000] {subprocess.py:63} INFO - Tmp dir root location: /tmp
[2024-03-01T15:47:29.077+0000] {subprocess.py:75} INFO - Running command: ['/usr/bin/bash', '-c', 'echo task_1']
[2024-03-01T15:47:29.083+0000] {subprocess.py:86} INFO - Output:
[2024-03-01T15:47:29.084+0000] {subprocess.py:93} INFO - task_1
[2024-03-01T15:47:29.085+0000] {subprocess.py:97} INFO - Command exited with return code 0
[2024-03-01T15:47:29.163+0000] {taskinstance.py:1149} INFO - Marking task as SUCCESS. dag_id=pool, task_id=task_1, execution_date=20240105T000000, start_date=20240301T154728, end_date=20240301T154729
[2024-03-01T15:47:29.195+0000] {local_task_job_runner.py:234} INFO - Task exited with return code 0
[2024-03-01T15:47:29.276+0000] {taskinstance.py:3309} INFO - 0 downstream tasks scheduled from follow-on schedule check
