[2024-02-27T15:37:19.313+0000] {processor.py:161} INFO - Started process (PID=227) to work on /opt/airflow/dags/classic_python_operator.py
[2024-02-27T15:37:19.313+0000] {processor.py:830} INFO - Processing file /opt/airflow/dags/classic_python_operator.py for tasks to queue
[2024-02-27T15:37:19.314+0000] {logging_mixin.py:188} INFO - [2024-02-27T15:37:19.314+0000] {dagbag.py:540} INFO - Filling up the DagBag from /opt/airflow/dags/classic_python_operator.py
[2024-02-27T15:37:19.334+0000] {processor.py:840} INFO - DAG(s) 'classic_python_operator' retrieved from /opt/airflow/dags/classic_python_operator.py
[2024-02-27T15:37:19.415+0000] {logging_mixin.py:188} INFO - [2024-02-27T15:37:19.415+0000] {dag.py:3047} INFO - Sync 1 DAGs
[2024-02-27T15:37:19.437+0000] {logging_mixin.py:188} INFO - [2024-02-27T15:37:19.437+0000] {dag.py:3834} INFO - Setting next_dagrun for classic_python_operator to 2024-01-01 00:00:00+00:00, run_after=2024-01-02 00:00:00+00:00
[2024-02-27T15:37:19.461+0000] {processor.py:183} INFO - Processing /opt/airflow/dags/classic_python_operator.py took 0.150 seconds
[2024-02-27T15:37:49.593+0000] {processor.py:161} INFO - Started process (PID=234) to work on /opt/airflow/dags/classic_python_operator.py
[2024-02-27T15:37:49.594+0000] {processor.py:830} INFO - Processing file /opt/airflow/dags/classic_python_operator.py for tasks to queue
[2024-02-27T15:37:49.595+0000] {logging_mixin.py:188} INFO - [2024-02-27T15:37:49.594+0000] {dagbag.py:540} INFO - Filling up the DagBag from /opt/airflow/dags/classic_python_operator.py
[2024-02-27T15:37:49.609+0000] {processor.py:840} INFO - DAG(s) 'classic_python_operator' retrieved from /opt/airflow/dags/classic_python_operator.py
[2024-02-27T15:37:49.635+0000] {logging_mixin.py:188} INFO - [2024-02-27T15:37:49.634+0000] {dag.py:3047} INFO - Sync 1 DAGs
[2024-02-27T15:37:49.654+0000] {logging_mixin.py:188} INFO - [2024-02-27T15:37:49.654+0000] {dag.py:3834} INFO - Setting next_dagrun for classic_python_operator to 2024-01-01 00:00:00+00:00, run_after=2024-01-02 00:00:00+00:00
[2024-02-27T15:37:49.673+0000] {processor.py:183} INFO - Processing /opt/airflow/dags/classic_python_operator.py took 0.081 seconds
[2024-02-27T15:38:19.924+0000] {processor.py:161} INFO - Started process (PID=241) to work on /opt/airflow/dags/classic_python_operator.py
[2024-02-27T15:38:19.926+0000] {processor.py:830} INFO - Processing file /opt/airflow/dags/classic_python_operator.py for tasks to queue
[2024-02-27T15:38:19.926+0000] {logging_mixin.py:188} INFO - [2024-02-27T15:38:19.926+0000] {dagbag.py:540} INFO - Filling up the DagBag from /opt/airflow/dags/classic_python_operator.py
[2024-02-27T15:38:19.941+0000] {processor.py:840} INFO - DAG(s) 'classic_python_operator' retrieved from /opt/airflow/dags/classic_python_operator.py
[2024-02-27T15:38:19.968+0000] {logging_mixin.py:188} INFO - [2024-02-27T15:38:19.968+0000] {dag.py:3047} INFO - Sync 1 DAGs
[2024-02-27T15:38:19.985+0000] {logging_mixin.py:188} INFO - [2024-02-27T15:38:19.984+0000] {dag.py:3834} INFO - Setting next_dagrun for classic_python_operator to 2024-01-01 00:00:00+00:00, run_after=2024-01-02 00:00:00+00:00
[2024-02-27T15:38:20.007+0000] {processor.py:183} INFO - Processing /opt/airflow/dags/classic_python_operator.py took 0.085 seconds
[2024-02-27T15:38:50.195+0000] {processor.py:161} INFO - Started process (PID=248) to work on /opt/airflow/dags/classic_python_operator.py
[2024-02-27T15:38:50.196+0000] {processor.py:830} INFO - Processing file /opt/airflow/dags/classic_python_operator.py for tasks to queue
[2024-02-27T15:38:50.197+0000] {logging_mixin.py:188} INFO - [2024-02-27T15:38:50.196+0000] {dagbag.py:540} INFO - Filling up the DagBag from /opt/airflow/dags/classic_python_operator.py
[2024-02-27T15:38:50.211+0000] {processor.py:840} INFO - DAG(s) 'classic_python_operator' retrieved from /opt/airflow/dags/classic_python_operator.py
[2024-02-27T15:38:50.256+0000] {logging_mixin.py:188} INFO - [2024-02-27T15:38:50.256+0000] {dag.py:3047} INFO - Sync 1 DAGs
[2024-02-27T15:38:50.273+0000] {logging_mixin.py:188} INFO - [2024-02-27T15:38:50.273+0000] {dag.py:3834} INFO - Setting next_dagrun for classic_python_operator to 2024-01-01 00:00:00+00:00, run_after=2024-01-02 00:00:00+00:00
[2024-02-27T15:38:50.296+0000] {processor.py:183} INFO - Processing /opt/airflow/dags/classic_python_operator.py took 0.102 seconds
[2024-02-27T15:39:20.410+0000] {processor.py:161} INFO - Started process (PID=255) to work on /opt/airflow/dags/classic_python_operator.py
[2024-02-27T15:39:20.410+0000] {processor.py:830} INFO - Processing file /opt/airflow/dags/classic_python_operator.py for tasks to queue
[2024-02-27T15:39:20.411+0000] {logging_mixin.py:188} INFO - [2024-02-27T15:39:20.411+0000] {dagbag.py:540} INFO - Filling up the DagBag from /opt/airflow/dags/classic_python_operator.py
[2024-02-27T15:39:20.427+0000] {processor.py:840} INFO - DAG(s) 'classic_python_operator' retrieved from /opt/airflow/dags/classic_python_operator.py
[2024-02-27T15:39:20.452+0000] {logging_mixin.py:188} INFO - [2024-02-27T15:39:20.452+0000] {dag.py:3047} INFO - Sync 1 DAGs
[2024-02-27T15:39:20.471+0000] {logging_mixin.py:188} INFO - [2024-02-27T15:39:20.471+0000] {dag.py:3834} INFO - Setting next_dagrun for classic_python_operator to 2024-01-01 00:00:00+00:00, run_after=2024-01-02 00:00:00+00:00
[2024-02-27T15:39:20.497+0000] {processor.py:183} INFO - Processing /opt/airflow/dags/classic_python_operator.py took 0.089 seconds
[2024-02-27T15:39:23.523+0000] {processor.py:161} INFO - Started process (PID=256) to work on /opt/airflow/dags/classic_python_operator.py
[2024-02-27T15:39:23.524+0000] {processor.py:830} INFO - Processing file /opt/airflow/dags/classic_python_operator.py for tasks to queue
[2024-02-27T15:39:23.524+0000] {logging_mixin.py:188} INFO - [2024-02-27T15:39:23.524+0000] {dagbag.py:540} INFO - Filling up the DagBag from /opt/airflow/dags/classic_python_operator.py
[2024-02-27T15:39:23.545+0000] {processor.py:840} INFO - DAG(s) 'classic_python_operator' retrieved from /opt/airflow/dags/classic_python_operator.py
[2024-02-27T15:39:23.588+0000] {logging_mixin.py:188} INFO - [2024-02-27T15:39:23.587+0000] {dag.py:3047} INFO - Sync 1 DAGs
[2024-02-27T15:39:23.615+0000] {logging_mixin.py:188} INFO - [2024-02-27T15:39:23.615+0000] {dag.py:3834} INFO - Setting next_dagrun for classic_python_operator to 2024-01-01 00:00:00+00:00, run_after=2024-01-02 00:00:00+00:00
[2024-02-27T15:39:23.652+0000] {processor.py:183} INFO - Processing /opt/airflow/dags/classic_python_operator.py took 0.130 seconds
[2024-02-27T15:39:38.665+0000] {processor.py:161} INFO - Started process (PID=257) to work on /opt/airflow/dags/classic_python_operator.py
[2024-02-27T15:39:38.666+0000] {processor.py:830} INFO - Processing file /opt/airflow/dags/classic_python_operator.py for tasks to queue
[2024-02-27T15:39:38.666+0000] {logging_mixin.py:188} INFO - [2024-02-27T15:39:38.666+0000] {dagbag.py:540} INFO - Filling up the DagBag from /opt/airflow/dags/classic_python_operator.py
[2024-02-27T15:39:38.685+0000] {logging_mixin.py:188} INFO - [2024-02-27T15:39:38.683+0000] {dagbag.py:350} ERROR - Failed to import: /opt/airflow/dags/classic_python_operator.py
Traceback (most recent call last):
  File "/home/airflow/.local/lib/python3.11/site-packages/airflow/models/dagbag.py", line 346, in parse
    loader.exec_module(new_module)
  File "<frozen importlib._bootstrap_external>", line 940, in exec_module
  File "<frozen importlib._bootstrap>", line 241, in _call_with_frames_removed
  File "/opt/airflow/dags/classic_python_operator.py", line 18, in <module>
    'retry_delay': datetime.timedelta(hours=1),
                   ^^^^^^^^^^^^^^^^^^
AttributeError: type object 'datetime.datetime' has no attribute 'timedelta'
[2024-02-27T15:39:38.685+0000] {processor.py:842} WARNING - No viable dags retrieved from /opt/airflow/dags/classic_python_operator.py
[2024-02-27T15:39:38.714+0000] {processor.py:183} INFO - Processing /opt/airflow/dags/classic_python_operator.py took 0.051 seconds
[2024-02-27T15:39:42.708+0000] {processor.py:161} INFO - Started process (PID=264) to work on /opt/airflow/dags/classic_python_operator.py
[2024-02-27T15:39:42.709+0000] {processor.py:830} INFO - Processing file /opt/airflow/dags/classic_python_operator.py for tasks to queue
[2024-02-27T15:39:42.710+0000] {logging_mixin.py:188} INFO - [2024-02-27T15:39:42.709+0000] {dagbag.py:540} INFO - Filling up the DagBag from /opt/airflow/dags/classic_python_operator.py
[2024-02-27T15:39:42.730+0000] {logging_mixin.py:188} INFO - [2024-02-27T15:39:42.728+0000] {dagbag.py:350} ERROR - Failed to import: /opt/airflow/dags/classic_python_operator.py
Traceback (most recent call last):
  File "/home/airflow/.local/lib/python3.11/site-packages/airflow/models/dagbag.py", line 346, in parse
    loader.exec_module(new_module)
  File "<frozen importlib._bootstrap_external>", line 940, in exec_module
  File "<frozen importlib._bootstrap>", line 241, in _call_with_frames_removed
  File "/opt/airflow/dags/classic_python_operator.py", line 18, in <module>
    'retry_delay': datetime.timedelta(hours=1),
                   ^^^^^^^^^^^^^^^^^^
AttributeError: type object 'datetime.datetime' has no attribute 'timedelta'
[2024-02-27T15:39:42.731+0000] {processor.py:842} WARNING - No viable dags retrieved from /opt/airflow/dags/classic_python_operator.py
[2024-02-27T15:39:42.756+0000] {processor.py:183} INFO - Processing /opt/airflow/dags/classic_python_operator.py took 0.050 seconds
[2024-02-27T15:39:49.844+0000] {processor.py:161} INFO - Started process (PID=265) to work on /opt/airflow/dags/classic_python_operator.py
[2024-02-27T15:39:49.845+0000] {processor.py:830} INFO - Processing file /opt/airflow/dags/classic_python_operator.py for tasks to queue
[2024-02-27T15:39:49.846+0000] {logging_mixin.py:188} INFO - [2024-02-27T15:39:49.846+0000] {dagbag.py:540} INFO - Filling up the DagBag from /opt/airflow/dags/classic_python_operator.py
[2024-02-27T15:39:49.867+0000] {logging_mixin.py:188} INFO - [2024-02-27T15:39:49.865+0000] {dagbag.py:350} ERROR - Failed to import: /opt/airflow/dags/classic_python_operator.py
Traceback (most recent call last):
  File "/home/airflow/.local/lib/python3.11/site-packages/airflow/models/dagbag.py", line 346, in parse
    loader.exec_module(new_module)
  File "<frozen importlib._bootstrap_external>", line 940, in exec_module
  File "<frozen importlib._bootstrap>", line 241, in _call_with_frames_removed
  File "/opt/airflow/dags/classic_python_operator.py", line 18, in <module>
    'retry_delay': datetime.timedelta(hours=1),
                   ^^^^^^^^^^^^^^^^^^
AttributeError: type object 'datetime.datetime' has no attribute 'timedelta'
[2024-02-27T15:39:49.868+0000] {processor.py:842} WARNING - No viable dags retrieved from /opt/airflow/dags/classic_python_operator.py
[2024-02-27T15:39:49.894+0000] {processor.py:183} INFO - Processing /opt/airflow/dags/classic_python_operator.py took 0.052 seconds
[2024-02-27T15:39:51.880+0000] {processor.py:161} INFO - Started process (PID=266) to work on /opt/airflow/dags/classic_python_operator.py
[2024-02-27T15:39:51.881+0000] {processor.py:830} INFO - Processing file /opt/airflow/dags/classic_python_operator.py for tasks to queue
[2024-02-27T15:39:51.882+0000] {logging_mixin.py:188} INFO - [2024-02-27T15:39:51.882+0000] {dagbag.py:540} INFO - Filling up the DagBag from /opt/airflow/dags/classic_python_operator.py
[2024-02-27T15:39:51.904+0000] {logging_mixin.py:188} INFO - [2024-02-27T15:39:51.901+0000] {dagbag.py:350} ERROR - Failed to import: /opt/airflow/dags/classic_python_operator.py
Traceback (most recent call last):
  File "/home/airflow/.local/lib/python3.11/site-packages/airflow/models/dagbag.py", line 346, in parse
    loader.exec_module(new_module)
  File "<frozen importlib._bootstrap_external>", line 940, in exec_module
  File "<frozen importlib._bootstrap>", line 241, in _call_with_frames_removed
  File "/opt/airflow/dags/classic_python_operator.py", line 18, in <module>
    'retry_delay': datetime.timedelta(hours=1),
                   ^^^^^^^^^^^^^^^^^^
AttributeError: type object 'datetime.datetime' has no attribute 'timedelta'
[2024-02-27T15:39:51.905+0000] {processor.py:842} WARNING - No viable dags retrieved from /opt/airflow/dags/classic_python_operator.py
[2024-02-27T15:39:51.934+0000] {processor.py:183} INFO - Processing /opt/airflow/dags/classic_python_operator.py took 0.055 seconds
[2024-02-27T15:40:01.988+0000] {processor.py:161} INFO - Started process (PID=267) to work on /opt/airflow/dags/classic_python_operator.py
[2024-02-27T15:40:01.989+0000] {processor.py:830} INFO - Processing file /opt/airflow/dags/classic_python_operator.py for tasks to queue
[2024-02-27T15:40:01.990+0000] {logging_mixin.py:188} INFO - [2024-02-27T15:40:01.989+0000] {dagbag.py:540} INFO - Filling up the DagBag from /opt/airflow/dags/classic_python_operator.py
[2024-02-27T15:40:02.013+0000] {logging_mixin.py:188} INFO - [2024-02-27T15:40:02.008+0000] {dagbag.py:350} ERROR - Failed to import: /opt/airflow/dags/classic_python_operator.py
Traceback (most recent call last):
  File "/home/airflow/.local/lib/python3.11/site-packages/airflow/models/dagbag.py", line 346, in parse
    loader.exec_module(new_module)
  File "<frozen importlib._bootstrap_external>", line 940, in exec_module
  File "<frozen importlib._bootstrap>", line 241, in _call_with_frames_removed
  File "/opt/airflow/dags/classic_python_operator.py", line 19, in <module>
    'retry_delay': datetime.timedelta(hours=1),
                   ^^^^^^^^^^^^^^^^^^
AttributeError: type object 'datetime.datetime' has no attribute 'timedelta'
[2024-02-27T15:40:02.015+0000] {processor.py:842} WARNING - No viable dags retrieved from /opt/airflow/dags/classic_python_operator.py
[2024-02-27T15:40:02.050+0000] {processor.py:183} INFO - Processing /opt/airflow/dags/classic_python_operator.py took 0.064 seconds
[2024-02-27T15:40:32.220+0000] {processor.py:161} INFO - Started process (PID=274) to work on /opt/airflow/dags/classic_python_operator.py
[2024-02-27T15:40:32.221+0000] {processor.py:830} INFO - Processing file /opt/airflow/dags/classic_python_operator.py for tasks to queue
[2024-02-27T15:40:32.221+0000] {logging_mixin.py:188} INFO - [2024-02-27T15:40:32.221+0000] {dagbag.py:540} INFO - Filling up the DagBag from /opt/airflow/dags/classic_python_operator.py
[2024-02-27T15:40:32.235+0000] {logging_mixin.py:188} INFO - [2024-02-27T15:40:32.232+0000] {dagbag.py:350} ERROR - Failed to import: /opt/airflow/dags/classic_python_operator.py
Traceback (most recent call last):
  File "/home/airflow/.local/lib/python3.11/site-packages/airflow/models/dagbag.py", line 346, in parse
    loader.exec_module(new_module)
  File "<frozen importlib._bootstrap_external>", line 940, in exec_module
  File "<frozen importlib._bootstrap>", line 241, in _call_with_frames_removed
  File "/opt/airflow/dags/classic_python_operator.py", line 19, in <module>
    'retry_delay': datetime.timedelta(hours=1),
                   ^^^^^^^^^^^^^^^^^^
AttributeError: type object 'datetime.datetime' has no attribute 'timedelta'
[2024-02-27T15:40:32.236+0000] {processor.py:842} WARNING - No viable dags retrieved from /opt/airflow/dags/classic_python_operator.py
[2024-02-27T15:40:32.265+0000] {processor.py:183} INFO - Processing /opt/airflow/dags/classic_python_operator.py took 0.047 seconds
[2024-02-27T15:40:45.325+0000] {processor.py:161} INFO - Started process (PID=281) to work on /opt/airflow/dags/classic_python_operator.py
[2024-02-27T15:40:45.326+0000] {processor.py:830} INFO - Processing file /opt/airflow/dags/classic_python_operator.py for tasks to queue
[2024-02-27T15:40:45.327+0000] {logging_mixin.py:188} INFO - [2024-02-27T15:40:45.326+0000] {dagbag.py:540} INFO - Filling up the DagBag from /opt/airflow/dags/classic_python_operator.py
[2024-02-27T15:40:45.366+0000] {logging_mixin.py:188} INFO - [2024-02-27T15:40:45.362+0000] {dagbag.py:350} ERROR - Failed to import: /opt/airflow/dags/classic_python_operator.py
Traceback (most recent call last):
  File "/home/airflow/.local/lib/python3.11/site-packages/airflow/models/dagbag.py", line 346, in parse
    loader.exec_module(new_module)
  File "<frozen importlib._bootstrap_external>", line 940, in exec_module
  File "<frozen importlib._bootstrap>", line 241, in _call_with_frames_removed
  File "/opt/airflow/dags/classic_python_operator.py", line 19, in <module>
    'retry_delay': datetime.timedelta(hours=1)
                   ^^^^^^^^^^^^^^^^^^
AttributeError: type object 'datetime.datetime' has no attribute 'timedelta'
[2024-02-27T15:40:45.369+0000] {processor.py:842} WARNING - No viable dags retrieved from /opt/airflow/dags/classic_python_operator.py
[2024-02-27T15:40:45.413+0000] {processor.py:183} INFO - Processing /opt/airflow/dags/classic_python_operator.py took 0.090 seconds
[2024-02-27T15:41:09.596+0000] {processor.py:161} INFO - Started process (PID=288) to work on /opt/airflow/dags/classic_python_operator.py
[2024-02-27T15:41:09.596+0000] {processor.py:830} INFO - Processing file /opt/airflow/dags/classic_python_operator.py for tasks to queue
[2024-02-27T15:41:09.597+0000] {logging_mixin.py:188} INFO - [2024-02-27T15:41:09.597+0000] {dagbag.py:540} INFO - Filling up the DagBag from /opt/airflow/dags/classic_python_operator.py
[2024-02-27T15:41:09.615+0000] {logging_mixin.py:188} INFO - [2024-02-27T15:41:09.613+0000] {dagbag.py:350} ERROR - Failed to import: /opt/airflow/dags/classic_python_operator.py
Traceback (most recent call last):
  File "/home/airflow/.local/lib/python3.11/site-packages/airflow/models/dagbag.py", line 346, in parse
    loader.exec_module(new_module)
  File "<frozen importlib._bootstrap_external>", line 940, in exec_module
  File "<frozen importlib._bootstrap>", line 241, in _call_with_frames_removed
  File "/opt/airflow/dags/classic_python_operator.py", line 19, in <module>
    'retry_delay': datetime.timedelta(hours=1)
                   ^^^^^^^^^^^^^^^^^^
AttributeError: type object 'datetime.datetime' has no attribute 'timedelta'
[2024-02-27T15:41:09.616+0000] {processor.py:842} WARNING - No viable dags retrieved from /opt/airflow/dags/classic_python_operator.py
[2024-02-27T15:41:09.641+0000] {processor.py:183} INFO - Processing /opt/airflow/dags/classic_python_operator.py took 0.048 seconds
[2024-02-27T15:41:21.779+0000] {processor.py:161} INFO - Started process (PID=289) to work on /opt/airflow/dags/classic_python_operator.py
[2024-02-27T15:41:21.780+0000] {processor.py:830} INFO - Processing file /opt/airflow/dags/classic_python_operator.py for tasks to queue
[2024-02-27T15:41:21.781+0000] {logging_mixin.py:188} INFO - [2024-02-27T15:41:21.780+0000] {dagbag.py:540} INFO - Filling up the DagBag from /opt/airflow/dags/classic_python_operator.py
[2024-02-27T15:41:21.801+0000] {logging_mixin.py:188} INFO - [2024-02-27T15:41:21.797+0000] {dagbag.py:350} ERROR - Failed to import: /opt/airflow/dags/classic_python_operator.py
Traceback (most recent call last):
  File "/home/airflow/.local/lib/python3.11/site-packages/airflow/models/dagbag.py", line 346, in parse
    loader.exec_module(new_module)
  File "<frozen importlib._bootstrap_external>", line 940, in exec_module
  File "<frozen importlib._bootstrap>", line 241, in _call_with_frames_removed
  File "/opt/airflow/dags/classic_python_operator.py", line 19, in <module>
    'retry_delay': datetime.timedelta(hours=1)
                   ^^^^^^^^^^^^^^^^^^
AttributeError: type object 'datetime.datetime' has no attribute 'timedelta'
[2024-02-27T15:41:21.804+0000] {processor.py:842} WARNING - No viable dags retrieved from /opt/airflow/dags/classic_python_operator.py
[2024-02-27T15:41:21.838+0000] {processor.py:183} INFO - Processing /opt/airflow/dags/classic_python_operator.py took 0.060 seconds
[2024-02-27T15:41:52.061+0000] {processor.py:161} INFO - Started process (PID=296) to work on /opt/airflow/dags/classic_python_operator.py
[2024-02-27T15:41:52.061+0000] {processor.py:830} INFO - Processing file /opt/airflow/dags/classic_python_operator.py for tasks to queue
[2024-02-27T15:41:52.062+0000] {logging_mixin.py:188} INFO - [2024-02-27T15:41:52.062+0000] {dagbag.py:540} INFO - Filling up the DagBag from /opt/airflow/dags/classic_python_operator.py
[2024-02-27T15:41:52.075+0000] {logging_mixin.py:188} INFO - [2024-02-27T15:41:52.072+0000] {dagbag.py:350} ERROR - Failed to import: /opt/airflow/dags/classic_python_operator.py
Traceback (most recent call last):
  File "/home/airflow/.local/lib/python3.11/site-packages/airflow/models/dagbag.py", line 346, in parse
    loader.exec_module(new_module)
  File "<frozen importlib._bootstrap_external>", line 940, in exec_module
  File "<frozen importlib._bootstrap>", line 241, in _call_with_frames_removed
  File "/opt/airflow/dags/classic_python_operator.py", line 19, in <module>
    'retry_delay': datetime.timedelta(hours=1)
                   ^^^^^^^^^^^^^^^^^^
AttributeError: type object 'datetime.datetime' has no attribute 'timedelta'
[2024-02-27T15:41:52.075+0000] {processor.py:842} WARNING - No viable dags retrieved from /opt/airflow/dags/classic_python_operator.py
[2024-02-27T15:41:52.099+0000] {processor.py:183} INFO - Processing /opt/airflow/dags/classic_python_operator.py took 0.040 seconds
[2024-02-27T15:41:53.088+0000] {processor.py:161} INFO - Started process (PID=297) to work on /opt/airflow/dags/classic_python_operator.py
[2024-02-27T15:41:53.088+0000] {processor.py:830} INFO - Processing file /opt/airflow/dags/classic_python_operator.py for tasks to queue
[2024-02-27T15:41:53.089+0000] {logging_mixin.py:188} INFO - [2024-02-27T15:41:53.089+0000] {dagbag.py:540} INFO - Filling up the DagBag from /opt/airflow/dags/classic_python_operator.py
[2024-02-27T15:41:53.116+0000] {logging_mixin.py:188} INFO - [2024-02-27T15:41:53.108+0000] {dagbag.py:350} ERROR - Failed to import: /opt/airflow/dags/classic_python_operator.py
Traceback (most recent call last):
  File "/home/airflow/.local/lib/python3.11/site-packages/airflow/models/dagbag.py", line 346, in parse
    loader.exec_module(new_module)
  File "<frozen importlib._bootstrap_external>", line 940, in exec_module
  File "<frozen importlib._bootstrap>", line 241, in _call_with_frames_removed
  File "/opt/airflow/dags/classic_python_operator.py", line 19, in <module>
    'retry_delay': datetime.timedelta(hours=1)
                   ^^^^^^^^^^^^^^^^^^
AttributeError: type object 'datetime.datetime' has no attribute 'timedelta'
[2024-02-27T15:41:53.119+0000] {processor.py:842} WARNING - No viable dags retrieved from /opt/airflow/dags/classic_python_operator.py
[2024-02-27T15:41:53.149+0000] {processor.py:183} INFO - Processing /opt/airflow/dags/classic_python_operator.py took 0.064 seconds
[2024-02-27T15:42:23.363+0000] {processor.py:161} INFO - Started process (PID=304) to work on /opt/airflow/dags/classic_python_operator.py
[2024-02-27T15:42:23.365+0000] {processor.py:830} INFO - Processing file /opt/airflow/dags/classic_python_operator.py for tasks to queue
[2024-02-27T15:42:23.365+0000] {logging_mixin.py:188} INFO - [2024-02-27T15:42:23.365+0000] {dagbag.py:540} INFO - Filling up the DagBag from /opt/airflow/dags/classic_python_operator.py
[2024-02-27T15:42:23.396+0000] {logging_mixin.py:188} INFO - [2024-02-27T15:42:23.390+0000] {dagbag.py:350} ERROR - Failed to import: /opt/airflow/dags/classic_python_operator.py
Traceback (most recent call last):
  File "/home/airflow/.local/lib/python3.11/site-packages/airflow/models/dagbag.py", line 346, in parse
    loader.exec_module(new_module)
  File "<frozen importlib._bootstrap_external>", line 940, in exec_module
  File "<frozen importlib._bootstrap>", line 241, in _call_with_frames_removed
  File "/opt/airflow/dags/classic_python_operator.py", line 19, in <module>
    'retry_delay': datetime.timedelta(hours=1)
                   ^^^^^^^^^^^^^^^^^^
AttributeError: type object 'datetime.datetime' has no attribute 'timedelta'
[2024-02-27T15:42:23.398+0000] {processor.py:842} WARNING - No viable dags retrieved from /opt/airflow/dags/classic_python_operator.py
[2024-02-27T15:42:23.434+0000] {processor.py:183} INFO - Processing /opt/airflow/dags/classic_python_operator.py took 0.073 seconds
[2024-02-27T15:42:53.638+0000] {processor.py:161} INFO - Started process (PID=311) to work on /opt/airflow/dags/classic_python_operator.py
[2024-02-27T15:42:53.639+0000] {processor.py:830} INFO - Processing file /opt/airflow/dags/classic_python_operator.py for tasks to queue
[2024-02-27T15:42:53.640+0000] {logging_mixin.py:188} INFO - [2024-02-27T15:42:53.639+0000] {dagbag.py:540} INFO - Filling up the DagBag from /opt/airflow/dags/classic_python_operator.py
[2024-02-27T15:42:53.653+0000] {logging_mixin.py:188} INFO - [2024-02-27T15:42:53.652+0000] {dagbag.py:350} ERROR - Failed to import: /opt/airflow/dags/classic_python_operator.py
Traceback (most recent call last):
  File "/home/airflow/.local/lib/python3.11/site-packages/airflow/models/dagbag.py", line 346, in parse
    loader.exec_module(new_module)
  File "<frozen importlib._bootstrap_external>", line 940, in exec_module
  File "<frozen importlib._bootstrap>", line 241, in _call_with_frames_removed
  File "/opt/airflow/dags/classic_python_operator.py", line 19, in <module>
    'retry_delay': datetime.timedelta(hours=1)
                   ^^^^^^^^^^^^^^^^^^
AttributeError: type object 'datetime.datetime' has no attribute 'timedelta'
[2024-02-27T15:42:53.654+0000] {processor.py:842} WARNING - No viable dags retrieved from /opt/airflow/dags/classic_python_operator.py
[2024-02-27T15:42:53.678+0000] {processor.py:183} INFO - Processing /opt/airflow/dags/classic_python_operator.py took 0.041 seconds
[2024-02-27T15:43:20.947+0000] {processor.py:161} INFO - Started process (PID=318) to work on /opt/airflow/dags/classic_python_operator.py
[2024-02-27T15:43:20.949+0000] {processor.py:830} INFO - Processing file /opt/airflow/dags/classic_python_operator.py for tasks to queue
[2024-02-27T15:43:20.950+0000] {logging_mixin.py:188} INFO - [2024-02-27T15:43:20.950+0000] {dagbag.py:540} INFO - Filling up the DagBag from /opt/airflow/dags/classic_python_operator.py
[2024-02-27T15:43:21.004+0000] {logging_mixin.py:188} INFO - [2024-02-27T15:43:20.996+0000] {dagbag.py:350} ERROR - Failed to import: /opt/airflow/dags/classic_python_operator.py
Traceback (most recent call last):
  File "/home/airflow/.local/lib/python3.11/site-packages/airflow/models/dagbag.py", line 346, in parse
    loader.exec_module(new_module)
  File "<frozen importlib._bootstrap_external>", line 940, in exec_module
  File "<frozen importlib._bootstrap>", line 241, in _call_with_frames_removed
  File "/opt/airflow/dags/classic_python_operator.py", line 19, in <module>
    'retry_delay': datetime.timedelta(hours=1)
                   ^^^^^^^^^^^^^^^^^^
AttributeError: type object 'datetime.datetime' has no attribute 'timedelta'
[2024-02-27T15:43:21.006+0000] {processor.py:842} WARNING - No viable dags retrieved from /opt/airflow/dags/classic_python_operator.py
[2024-02-27T15:43:21.040+0000] {processor.py:183} INFO - Processing /opt/airflow/dags/classic_python_operator.py took 0.095 seconds
[2024-02-27T15:43:51.197+0000] {processor.py:161} INFO - Started process (PID=325) to work on /opt/airflow/dags/classic_python_operator.py
[2024-02-27T15:43:51.197+0000] {processor.py:830} INFO - Processing file /opt/airflow/dags/classic_python_operator.py for tasks to queue
[2024-02-27T15:43:51.198+0000] {logging_mixin.py:188} INFO - [2024-02-27T15:43:51.198+0000] {dagbag.py:540} INFO - Filling up the DagBag from /opt/airflow/dags/classic_python_operator.py
[2024-02-27T15:43:51.210+0000] {logging_mixin.py:188} INFO - [2024-02-27T15:43:51.208+0000] {dagbag.py:350} ERROR - Failed to import: /opt/airflow/dags/classic_python_operator.py
Traceback (most recent call last):
  File "/home/airflow/.local/lib/python3.11/site-packages/airflow/models/dagbag.py", line 346, in parse
    loader.exec_module(new_module)
  File "<frozen importlib._bootstrap_external>", line 940, in exec_module
  File "<frozen importlib._bootstrap>", line 241, in _call_with_frames_removed
  File "/opt/airflow/dags/classic_python_operator.py", line 19, in <module>
    'retry_delay': datetime.timedelta(hours=1)
                   ^^^^^^^^^^^^^^^^^^
AttributeError: type object 'datetime.datetime' has no attribute 'timedelta'
[2024-02-27T15:43:51.210+0000] {processor.py:842} WARNING - No viable dags retrieved from /opt/airflow/dags/classic_python_operator.py
[2024-02-27T15:43:51.234+0000] {processor.py:183} INFO - Processing /opt/airflow/dags/classic_python_operator.py took 0.039 seconds
[2024-02-27T15:44:21.446+0000] {processor.py:161} INFO - Started process (PID=332) to work on /opt/airflow/dags/classic_python_operator.py
[2024-02-27T15:44:21.447+0000] {processor.py:830} INFO - Processing file /opt/airflow/dags/classic_python_operator.py for tasks to queue
[2024-02-27T15:44:21.447+0000] {logging_mixin.py:188} INFO - [2024-02-27T15:44:21.447+0000] {dagbag.py:540} INFO - Filling up the DagBag from /opt/airflow/dags/classic_python_operator.py
[2024-02-27T15:44:21.458+0000] {logging_mixin.py:188} INFO - [2024-02-27T15:44:21.456+0000] {dagbag.py:350} ERROR - Failed to import: /opt/airflow/dags/classic_python_operator.py
Traceback (most recent call last):
  File "/home/airflow/.local/lib/python3.11/site-packages/airflow/models/dagbag.py", line 346, in parse
    loader.exec_module(new_module)
  File "<frozen importlib._bootstrap_external>", line 940, in exec_module
  File "<frozen importlib._bootstrap>", line 241, in _call_with_frames_removed
  File "/opt/airflow/dags/classic_python_operator.py", line 19, in <module>
    'retry_delay': datetime.timedelta(hours=1)
                   ^^^^^^^^^^^^^^^^^^
AttributeError: type object 'datetime.datetime' has no attribute 'timedelta'
[2024-02-27T15:44:21.459+0000] {processor.py:842} WARNING - No viable dags retrieved from /opt/airflow/dags/classic_python_operator.py
[2024-02-27T15:44:21.483+0000] {processor.py:183} INFO - Processing /opt/airflow/dags/classic_python_operator.py took 0.039 seconds
[2024-02-27T15:44:51.729+0000] {processor.py:161} INFO - Started process (PID=339) to work on /opt/airflow/dags/classic_python_operator.py
[2024-02-27T15:44:51.729+0000] {processor.py:830} INFO - Processing file /opt/airflow/dags/classic_python_operator.py for tasks to queue
[2024-02-27T15:44:51.730+0000] {logging_mixin.py:188} INFO - [2024-02-27T15:44:51.730+0000] {dagbag.py:540} INFO - Filling up the DagBag from /opt/airflow/dags/classic_python_operator.py
[2024-02-27T15:44:51.741+0000] {logging_mixin.py:188} INFO - [2024-02-27T15:44:51.739+0000] {dagbag.py:350} ERROR - Failed to import: /opt/airflow/dags/classic_python_operator.py
Traceback (most recent call last):
  File "/home/airflow/.local/lib/python3.11/site-packages/airflow/models/dagbag.py", line 346, in parse
    loader.exec_module(new_module)
  File "<frozen importlib._bootstrap_external>", line 940, in exec_module
  File "<frozen importlib._bootstrap>", line 241, in _call_with_frames_removed
  File "/opt/airflow/dags/classic_python_operator.py", line 19, in <module>
    'retry_delay': datetime.timedelta(hours=1)
                   ^^^^^^^^^^^^^^^^^^
AttributeError: type object 'datetime.datetime' has no attribute 'timedelta'
[2024-02-27T15:44:51.742+0000] {processor.py:842} WARNING - No viable dags retrieved from /opt/airflow/dags/classic_python_operator.py
[2024-02-27T15:44:51.775+0000] {processor.py:183} INFO - Processing /opt/airflow/dags/classic_python_operator.py took 0.048 seconds
[2024-02-27T15:45:21.981+0000] {processor.py:161} INFO - Started process (PID=346) to work on /opt/airflow/dags/classic_python_operator.py
[2024-02-27T15:45:21.981+0000] {processor.py:830} INFO - Processing file /opt/airflow/dags/classic_python_operator.py for tasks to queue
[2024-02-27T15:45:21.982+0000] {logging_mixin.py:188} INFO - [2024-02-27T15:45:21.982+0000] {dagbag.py:540} INFO - Filling up the DagBag from /opt/airflow/dags/classic_python_operator.py
[2024-02-27T15:45:21.993+0000] {logging_mixin.py:188} INFO - [2024-02-27T15:45:21.991+0000] {dagbag.py:350} ERROR - Failed to import: /opt/airflow/dags/classic_python_operator.py
Traceback (most recent call last):
  File "/home/airflow/.local/lib/python3.11/site-packages/airflow/models/dagbag.py", line 346, in parse
    loader.exec_module(new_module)
  File "<frozen importlib._bootstrap_external>", line 940, in exec_module
  File "<frozen importlib._bootstrap>", line 241, in _call_with_frames_removed
  File "/opt/airflow/dags/classic_python_operator.py", line 19, in <module>
    'retry_delay': datetime.timedelta(hours=1)
                   ^^^^^^^^^^^^^^^^^^
AttributeError: type object 'datetime.datetime' has no attribute 'timedelta'
[2024-02-27T15:45:21.993+0000] {processor.py:842} WARNING - No viable dags retrieved from /opt/airflow/dags/classic_python_operator.py
[2024-02-27T15:45:22.017+0000] {processor.py:183} INFO - Processing /opt/airflow/dags/classic_python_operator.py took 0.038 seconds
[2024-02-27T15:45:33.108+0000] {processor.py:161} INFO - Started process (PID=347) to work on /opt/airflow/dags/classic_python_operator.py
[2024-02-27T15:45:33.108+0000] {processor.py:830} INFO - Processing file /opt/airflow/dags/classic_python_operator.py for tasks to queue
[2024-02-27T15:45:33.109+0000] {logging_mixin.py:188} INFO - [2024-02-27T15:45:33.109+0000] {dagbag.py:540} INFO - Filling up the DagBag from /opt/airflow/dags/classic_python_operator.py
[2024-02-27T15:45:33.127+0000] {logging_mixin.py:188} INFO - [2024-02-27T15:45:33.124+0000] {dagbag.py:350} ERROR - Failed to import: /opt/airflow/dags/classic_python_operator.py
Traceback (most recent call last):
  File "/home/airflow/.local/lib/python3.11/site-packages/airflow/models/dagbag.py", line 346, in parse
    loader.exec_module(new_module)
  File "<frozen importlib._bootstrap_external>", line 940, in exec_module
  File "<frozen importlib._bootstrap>", line 241, in _call_with_frames_removed
  File "/opt/airflow/dags/classic_python_operator.py", line 19, in <module>
    'retry_delay': datetime.timedelta(hours=1)
                   ^^^^^^^^^^^^^^^^^^
AttributeError: type object 'datetime.datetime' has no attribute 'timedelta'
[2024-02-27T15:45:33.128+0000] {processor.py:842} WARNING - No viable dags retrieved from /opt/airflow/dags/classic_python_operator.py
[2024-02-27T15:45:33.167+0000] {processor.py:183} INFO - Processing /opt/airflow/dags/classic_python_operator.py took 0.061 seconds
[2024-02-27T15:46:03.325+0000] {processor.py:161} INFO - Started process (PID=354) to work on /opt/airflow/dags/classic_python_operator.py
[2024-02-27T15:46:03.326+0000] {processor.py:830} INFO - Processing file /opt/airflow/dags/classic_python_operator.py for tasks to queue
[2024-02-27T15:46:03.327+0000] {logging_mixin.py:188} INFO - [2024-02-27T15:46:03.327+0000] {dagbag.py:540} INFO - Filling up the DagBag from /opt/airflow/dags/classic_python_operator.py
[2024-02-27T15:46:03.338+0000] {logging_mixin.py:188} INFO - [2024-02-27T15:46:03.336+0000] {dagbag.py:350} ERROR - Failed to import: /opt/airflow/dags/classic_python_operator.py
Traceback (most recent call last):
  File "/home/airflow/.local/lib/python3.11/site-packages/airflow/models/dagbag.py", line 346, in parse
    loader.exec_module(new_module)
  File "<frozen importlib._bootstrap_external>", line 940, in exec_module
  File "<frozen importlib._bootstrap>", line 241, in _call_with_frames_removed
  File "/opt/airflow/dags/classic_python_operator.py", line 19, in <module>
    'retry_delay': datetime.timedelta(hours=1)
                   ^^^^^^^^^^^^^^^^^^
AttributeError: type object 'datetime.datetime' has no attribute 'timedelta'
[2024-02-27T15:46:03.339+0000] {processor.py:842} WARNING - No viable dags retrieved from /opt/airflow/dags/classic_python_operator.py
[2024-02-27T15:46:03.374+0000] {processor.py:183} INFO - Processing /opt/airflow/dags/classic_python_operator.py took 0.050 seconds
[2024-02-27T15:46:33.546+0000] {processor.py:161} INFO - Started process (PID=361) to work on /opt/airflow/dags/classic_python_operator.py
[2024-02-27T15:46:33.547+0000] {processor.py:830} INFO - Processing file /opt/airflow/dags/classic_python_operator.py for tasks to queue
[2024-02-27T15:46:33.547+0000] {logging_mixin.py:188} INFO - [2024-02-27T15:46:33.547+0000] {dagbag.py:540} INFO - Filling up the DagBag from /opt/airflow/dags/classic_python_operator.py
[2024-02-27T15:46:33.559+0000] {logging_mixin.py:188} INFO - [2024-02-27T15:46:33.557+0000] {dagbag.py:350} ERROR - Failed to import: /opt/airflow/dags/classic_python_operator.py
Traceback (most recent call last):
  File "/home/airflow/.local/lib/python3.11/site-packages/airflow/models/dagbag.py", line 346, in parse
    loader.exec_module(new_module)
  File "<frozen importlib._bootstrap_external>", line 940, in exec_module
  File "<frozen importlib._bootstrap>", line 241, in _call_with_frames_removed
  File "/opt/airflow/dags/classic_python_operator.py", line 19, in <module>
    'retry_delay': datetime.timedelta(hours=1)
                   ^^^^^^^^^^^^^^^^^^
AttributeError: type object 'datetime.datetime' has no attribute 'timedelta'
[2024-02-27T15:46:33.560+0000] {processor.py:842} WARNING - No viable dags retrieved from /opt/airflow/dags/classic_python_operator.py
[2024-02-27T15:46:33.591+0000] {processor.py:183} INFO - Processing /opt/airflow/dags/classic_python_operator.py took 0.047 seconds
[2024-02-27T15:46:38.600+0000] {processor.py:161} INFO - Started process (PID=362) to work on /opt/airflow/dags/classic_python_operator.py
[2024-02-27T15:46:38.601+0000] {processor.py:830} INFO - Processing file /opt/airflow/dags/classic_python_operator.py for tasks to queue
[2024-02-27T15:46:38.602+0000] {logging_mixin.py:188} INFO - [2024-02-27T15:46:38.602+0000] {dagbag.py:540} INFO - Filling up the DagBag from /opt/airflow/dags/classic_python_operator.py
[2024-02-27T15:46:38.626+0000] {logging_mixin.py:188} INFO - [2024-02-27T15:46:38.622+0000] {dagbag.py:350} ERROR - Failed to import: /opt/airflow/dags/classic_python_operator.py
Traceback (most recent call last):
  File "/home/airflow/.local/lib/python3.11/site-packages/airflow/models/dagbag.py", line 346, in parse
    loader.exec_module(new_module)
  File "<frozen importlib._bootstrap_external>", line 940, in exec_module
  File "<frozen importlib._bootstrap>", line 241, in _call_with_frames_removed
  File "/opt/airflow/dags/classic_python_operator.py", line 19, in <module>
    'retry_delay': datetime.timedelta(hours=1)
                   ^^^^^^^^^^^^^^^^^^
AttributeError: type object 'datetime.datetime' has no attribute 'timedelta'
[2024-02-27T15:46:38.627+0000] {processor.py:842} WARNING - No viable dags retrieved from /opt/airflow/dags/classic_python_operator.py
[2024-02-27T15:46:38.653+0000] {processor.py:183} INFO - Processing /opt/airflow/dags/classic_python_operator.py took 0.055 seconds
[2024-02-27T15:47:08.870+0000] {processor.py:161} INFO - Started process (PID=369) to work on /opt/airflow/dags/classic_python_operator.py
[2024-02-27T15:47:08.870+0000] {processor.py:830} INFO - Processing file /opt/airflow/dags/classic_python_operator.py for tasks to queue
[2024-02-27T15:47:08.871+0000] {logging_mixin.py:188} INFO - [2024-02-27T15:47:08.871+0000] {dagbag.py:540} INFO - Filling up the DagBag from /opt/airflow/dags/classic_python_operator.py
[2024-02-27T15:47:08.884+0000] {logging_mixin.py:188} INFO - [2024-02-27T15:47:08.882+0000] {dagbag.py:350} ERROR - Failed to import: /opt/airflow/dags/classic_python_operator.py
Traceback (most recent call last):
  File "/home/airflow/.local/lib/python3.11/site-packages/airflow/models/dagbag.py", line 346, in parse
    loader.exec_module(new_module)
  File "<frozen importlib._bootstrap_external>", line 940, in exec_module
  File "<frozen importlib._bootstrap>", line 241, in _call_with_frames_removed
  File "/opt/airflow/dags/classic_python_operator.py", line 19, in <module>
    'retry_delay': datetime.timedelta(hours=1)
                   ^^^^^^^^^^^^^^^^^^
AttributeError: type object 'datetime.datetime' has no attribute 'timedelta'
[2024-02-27T15:47:08.885+0000] {processor.py:842} WARNING - No viable dags retrieved from /opt/airflow/dags/classic_python_operator.py
[2024-02-27T15:47:08.909+0000] {processor.py:183} INFO - Processing /opt/airflow/dags/classic_python_operator.py took 0.041 seconds
[2024-02-27T15:47:39.187+0000] {processor.py:161} INFO - Started process (PID=376) to work on /opt/airflow/dags/classic_python_operator.py
[2024-02-27T15:47:39.188+0000] {processor.py:830} INFO - Processing file /opt/airflow/dags/classic_python_operator.py for tasks to queue
[2024-02-27T15:47:39.189+0000] {logging_mixin.py:188} INFO - [2024-02-27T15:47:39.188+0000] {dagbag.py:540} INFO - Filling up the DagBag from /opt/airflow/dags/classic_python_operator.py
[2024-02-27T15:47:39.200+0000] {logging_mixin.py:188} INFO - [2024-02-27T15:47:39.198+0000] {dagbag.py:350} ERROR - Failed to import: /opt/airflow/dags/classic_python_operator.py
Traceback (most recent call last):
  File "/home/airflow/.local/lib/python3.11/site-packages/airflow/models/dagbag.py", line 346, in parse
    loader.exec_module(new_module)
  File "<frozen importlib._bootstrap_external>", line 940, in exec_module
  File "<frozen importlib._bootstrap>", line 241, in _call_with_frames_removed
  File "/opt/airflow/dags/classic_python_operator.py", line 19, in <module>
    'retry_delay': datetime.timedelta(hours=1)
                   ^^^^^^^^^^^^^^^^^^
AttributeError: type object 'datetime.datetime' has no attribute 'timedelta'
[2024-02-27T15:47:39.201+0000] {processor.py:842} WARNING - No viable dags retrieved from /opt/airflow/dags/classic_python_operator.py
[2024-02-27T15:47:39.225+0000] {processor.py:183} INFO - Processing /opt/airflow/dags/classic_python_operator.py took 0.040 seconds
[2024-02-27T15:47:56.318+0000] {processor.py:161} INFO - Started process (PID=383) to work on /opt/airflow/dags/classic_python_operator.py
[2024-02-27T15:47:56.319+0000] {processor.py:830} INFO - Processing file /opt/airflow/dags/classic_python_operator.py for tasks to queue
[2024-02-27T15:47:56.320+0000] {logging_mixin.py:188} INFO - [2024-02-27T15:47:56.319+0000] {dagbag.py:540} INFO - Filling up the DagBag from /opt/airflow/dags/classic_python_operator.py
[2024-02-27T15:47:56.340+0000] {processor.py:840} INFO - DAG(s) 'classic_python_operator' retrieved from /opt/airflow/dags/classic_python_operator.py
[2024-02-27T15:47:56.405+0000] {logging_mixin.py:188} INFO - [2024-02-27T15:47:56.405+0000] {dag.py:3047} INFO - Sync 1 DAGs
[2024-02-27T15:47:56.421+0000] {logging_mixin.py:188} INFO - [2024-02-27T15:47:56.421+0000] {dag.py:3834} INFO - Setting next_dagrun for classic_python_operator to 2024-02-26 03:00:00+00:00, run_after=2024-02-27 03:00:00+00:00
[2024-02-27T15:47:56.442+0000] {processor.py:183} INFO - Processing /opt/airflow/dags/classic_python_operator.py took 0.125 seconds
[2024-02-27T15:48:26.583+0000] {processor.py:161} INFO - Started process (PID=390) to work on /opt/airflow/dags/classic_python_operator.py
[2024-02-27T15:48:26.583+0000] {processor.py:830} INFO - Processing file /opt/airflow/dags/classic_python_operator.py for tasks to queue
[2024-02-27T15:48:26.584+0000] {logging_mixin.py:188} INFO - [2024-02-27T15:48:26.584+0000] {dagbag.py:540} INFO - Filling up the DagBag from /opt/airflow/dags/classic_python_operator.py
[2024-02-27T15:48:26.601+0000] {processor.py:840} INFO - DAG(s) 'classic_python_operator' retrieved from /opt/airflow/dags/classic_python_operator.py
[2024-02-27T15:48:26.628+0000] {logging_mixin.py:188} INFO - [2024-02-27T15:48:26.628+0000] {dag.py:3047} INFO - Sync 1 DAGs
[2024-02-27T15:48:26.645+0000] {logging_mixin.py:188} INFO - [2024-02-27T15:48:26.645+0000] {dag.py:3834} INFO - Setting next_dagrun for classic_python_operator to 2024-02-26 03:00:00+00:00, run_after=2024-02-27 03:00:00+00:00
[2024-02-27T15:48:26.664+0000] {processor.py:183} INFO - Processing /opt/airflow/dags/classic_python_operator.py took 0.083 seconds
[2024-02-27T15:48:56.961+0000] {processor.py:161} INFO - Started process (PID=397) to work on /opt/airflow/dags/classic_python_operator.py
[2024-02-27T15:48:56.961+0000] {processor.py:830} INFO - Processing file /opt/airflow/dags/classic_python_operator.py for tasks to queue
[2024-02-27T15:48:56.962+0000] {logging_mixin.py:188} INFO - [2024-02-27T15:48:56.962+0000] {dagbag.py:540} INFO - Filling up the DagBag from /opt/airflow/dags/classic_python_operator.py
[2024-02-27T15:48:56.979+0000] {processor.py:840} INFO - DAG(s) 'classic_python_operator' retrieved from /opt/airflow/dags/classic_python_operator.py
[2024-02-27T15:48:57.003+0000] {logging_mixin.py:188} INFO - [2024-02-27T15:48:57.003+0000] {dag.py:3047} INFO - Sync 1 DAGs
[2024-02-27T15:48:57.020+0000] {logging_mixin.py:188} INFO - [2024-02-27T15:48:57.020+0000] {dag.py:3834} INFO - Setting next_dagrun for classic_python_operator to 2024-02-26 03:00:00+00:00, run_after=2024-02-27 03:00:00+00:00
[2024-02-27T15:48:57.037+0000] {processor.py:183} INFO - Processing /opt/airflow/dags/classic_python_operator.py took 0.079 seconds
[2024-02-27T15:49:27.264+0000] {processor.py:161} INFO - Started process (PID=404) to work on /opt/airflow/dags/classic_python_operator.py
[2024-02-27T15:49:27.265+0000] {processor.py:830} INFO - Processing file /opt/airflow/dags/classic_python_operator.py for tasks to queue
[2024-02-27T15:49:27.266+0000] {logging_mixin.py:188} INFO - [2024-02-27T15:49:27.266+0000] {dagbag.py:540} INFO - Filling up the DagBag from /opt/airflow/dags/classic_python_operator.py
[2024-02-27T15:49:27.280+0000] {processor.py:840} INFO - DAG(s) 'classic_python_operator' retrieved from /opt/airflow/dags/classic_python_operator.py
[2024-02-27T15:49:27.308+0000] {logging_mixin.py:188} INFO - [2024-02-27T15:49:27.308+0000] {dag.py:3047} INFO - Sync 1 DAGs
[2024-02-27T15:49:27.325+0000] {logging_mixin.py:188} INFO - [2024-02-27T15:49:27.324+0000] {dag.py:3834} INFO - Setting next_dagrun for classic_python_operator to 2024-02-26 03:00:00+00:00, run_after=2024-02-27 03:00:00+00:00
[2024-02-27T15:49:27.342+0000] {processor.py:183} INFO - Processing /opt/airflow/dags/classic_python_operator.py took 0.080 seconds
[2024-02-27T15:49:54.553+0000] {processor.py:161} INFO - Started process (PID=411) to work on /opt/airflow/dags/classic_python_operator.py
[2024-02-27T15:49:54.554+0000] {processor.py:830} INFO - Processing file /opt/airflow/dags/classic_python_operator.py for tasks to queue
[2024-02-27T15:49:54.555+0000] {logging_mixin.py:188} INFO - [2024-02-27T15:49:54.554+0000] {dagbag.py:540} INFO - Filling up the DagBag from /opt/airflow/dags/classic_python_operator.py
[2024-02-27T15:49:54.576+0000] {processor.py:840} INFO - DAG(s) 'classic_python_operator' retrieved from /opt/airflow/dags/classic_python_operator.py
[2024-02-27T15:49:54.598+0000] {logging_mixin.py:188} INFO - [2024-02-27T15:49:54.598+0000] {dag.py:3047} INFO - Sync 1 DAGs
[2024-02-27T15:49:54.616+0000] {logging_mixin.py:188} INFO - [2024-02-27T15:49:54.616+0000] {dag.py:3834} INFO - Setting next_dagrun for classic_python_operator to 2024-02-27 03:00:00+00:00, run_after=2024-02-28 03:00:00+00:00
[2024-02-27T15:49:54.636+0000] {processor.py:183} INFO - Processing /opt/airflow/dags/classic_python_operator.py took 0.085 seconds
[2024-02-27T15:50:24.803+0000] {processor.py:161} INFO - Started process (PID=418) to work on /opt/airflow/dags/classic_python_operator.py
[2024-02-27T15:50:24.803+0000] {processor.py:830} INFO - Processing file /opt/airflow/dags/classic_python_operator.py for tasks to queue
[2024-02-27T15:50:24.804+0000] {logging_mixin.py:188} INFO - [2024-02-27T15:50:24.804+0000] {dagbag.py:540} INFO - Filling up the DagBag from /opt/airflow/dags/classic_python_operator.py
[2024-02-27T15:50:24.825+0000] {processor.py:840} INFO - DAG(s) 'classic_python_operator' retrieved from /opt/airflow/dags/classic_python_operator.py
[2024-02-27T15:50:24.848+0000] {logging_mixin.py:188} INFO - [2024-02-27T15:50:24.847+0000] {dag.py:3047} INFO - Sync 1 DAGs
[2024-02-27T15:50:24.864+0000] {logging_mixin.py:188} INFO - [2024-02-27T15:50:24.864+0000] {dag.py:3834} INFO - Setting next_dagrun for classic_python_operator to 2024-02-26 03:00:00+00:00, run_after=2024-02-27 03:00:00+00:00
[2024-02-27T15:50:24.885+0000] {processor.py:183} INFO - Processing /opt/airflow/dags/classic_python_operator.py took 0.085 seconds
[2024-02-27T15:50:55.043+0000] {processor.py:161} INFO - Started process (PID=425) to work on /opt/airflow/dags/classic_python_operator.py
[2024-02-27T15:50:55.044+0000] {processor.py:830} INFO - Processing file /opt/airflow/dags/classic_python_operator.py for tasks to queue
[2024-02-27T15:50:55.045+0000] {logging_mixin.py:188} INFO - [2024-02-27T15:50:55.044+0000] {dagbag.py:540} INFO - Filling up the DagBag from /opt/airflow/dags/classic_python_operator.py
[2024-02-27T15:50:55.060+0000] {processor.py:840} INFO - DAG(s) 'classic_python_operator' retrieved from /opt/airflow/dags/classic_python_operator.py
[2024-02-27T15:50:55.084+0000] {logging_mixin.py:188} INFO - [2024-02-27T15:50:55.083+0000] {dag.py:3047} INFO - Sync 1 DAGs
[2024-02-27T15:50:55.103+0000] {logging_mixin.py:188} INFO - [2024-02-27T15:50:55.103+0000] {dag.py:3834} INFO - Setting next_dagrun for classic_python_operator to 2024-02-27 03:00:00+00:00, run_after=2024-02-28 03:00:00+00:00
[2024-02-27T15:50:55.124+0000] {processor.py:183} INFO - Processing /opt/airflow/dags/classic_python_operator.py took 0.082 seconds
[2024-02-27T15:51:25.264+0000] {processor.py:161} INFO - Started process (PID=433) to work on /opt/airflow/dags/classic_python_operator.py
[2024-02-27T15:51:25.265+0000] {processor.py:830} INFO - Processing file /opt/airflow/dags/classic_python_operator.py for tasks to queue
[2024-02-27T15:51:25.265+0000] {logging_mixin.py:188} INFO - [2024-02-27T15:51:25.265+0000] {dagbag.py:540} INFO - Filling up the DagBag from /opt/airflow/dags/classic_python_operator.py
[2024-02-27T15:51:25.279+0000] {processor.py:840} INFO - DAG(s) 'classic_python_operator' retrieved from /opt/airflow/dags/classic_python_operator.py
[2024-02-27T15:51:25.303+0000] {logging_mixin.py:188} INFO - [2024-02-27T15:51:25.303+0000] {dag.py:3047} INFO - Sync 1 DAGs
[2024-02-27T15:51:25.321+0000] {logging_mixin.py:188} INFO - [2024-02-27T15:51:25.321+0000] {dag.py:3834} INFO - Setting next_dagrun for classic_python_operator to 2024-02-27 03:00:00+00:00, run_after=2024-02-28 03:00:00+00:00
[2024-02-27T15:51:25.337+0000] {processor.py:183} INFO - Processing /opt/airflow/dags/classic_python_operator.py took 0.075 seconds
[2024-02-27T15:51:55.536+0000] {processor.py:161} INFO - Started process (PID=440) to work on /opt/airflow/dags/classic_python_operator.py
[2024-02-27T15:51:55.536+0000] {processor.py:830} INFO - Processing file /opt/airflow/dags/classic_python_operator.py for tasks to queue
[2024-02-27T15:51:55.537+0000] {logging_mixin.py:188} INFO - [2024-02-27T15:51:55.537+0000] {dagbag.py:540} INFO - Filling up the DagBag from /opt/airflow/dags/classic_python_operator.py
[2024-02-27T15:51:55.555+0000] {processor.py:840} INFO - DAG(s) 'classic_python_operator' retrieved from /opt/airflow/dags/classic_python_operator.py
[2024-02-27T15:51:55.580+0000] {logging_mixin.py:188} INFO - [2024-02-27T15:51:55.580+0000] {dag.py:3047} INFO - Sync 1 DAGs
[2024-02-27T15:51:55.599+0000] {logging_mixin.py:188} INFO - [2024-02-27T15:51:55.599+0000] {dag.py:3834} INFO - Setting next_dagrun for classic_python_operator to 2024-02-27 03:00:00+00:00, run_after=2024-02-28 03:00:00+00:00
[2024-02-27T15:51:55.619+0000] {processor.py:183} INFO - Processing /opt/airflow/dags/classic_python_operator.py took 0.085 seconds
[2024-02-27T15:52:25.879+0000] {processor.py:161} INFO - Started process (PID=447) to work on /opt/airflow/dags/classic_python_operator.py
[2024-02-27T15:52:25.880+0000] {processor.py:830} INFO - Processing file /opt/airflow/dags/classic_python_operator.py for tasks to queue
[2024-02-27T15:52:25.880+0000] {logging_mixin.py:188} INFO - [2024-02-27T15:52:25.880+0000] {dagbag.py:540} INFO - Filling up the DagBag from /opt/airflow/dags/classic_python_operator.py
[2024-02-27T15:52:25.896+0000] {processor.py:840} INFO - DAG(s) 'classic_python_operator' retrieved from /opt/airflow/dags/classic_python_operator.py
[2024-02-27T15:52:25.924+0000] {logging_mixin.py:188} INFO - [2024-02-27T15:52:25.924+0000] {dag.py:3047} INFO - Sync 1 DAGs
[2024-02-27T15:52:25.941+0000] {logging_mixin.py:188} INFO - [2024-02-27T15:52:25.941+0000] {dag.py:3834} INFO - Setting next_dagrun for classic_python_operator to 2024-02-27 03:00:00+00:00, run_after=2024-02-28 03:00:00+00:00
[2024-02-27T15:52:25.958+0000] {processor.py:183} INFO - Processing /opt/airflow/dags/classic_python_operator.py took 0.081 seconds
[2024-02-27T15:52:56.156+0000] {processor.py:161} INFO - Started process (PID=454) to work on /opt/airflow/dags/classic_python_operator.py
[2024-02-27T15:52:56.157+0000] {processor.py:830} INFO - Processing file /opt/airflow/dags/classic_python_operator.py for tasks to queue
[2024-02-27T15:52:56.158+0000] {logging_mixin.py:188} INFO - [2024-02-27T15:52:56.157+0000] {dagbag.py:540} INFO - Filling up the DagBag from /opt/airflow/dags/classic_python_operator.py
[2024-02-27T15:52:56.174+0000] {processor.py:840} INFO - DAG(s) 'classic_python_operator' retrieved from /opt/airflow/dags/classic_python_operator.py
[2024-02-27T15:52:56.198+0000] {logging_mixin.py:188} INFO - [2024-02-27T15:52:56.197+0000] {dag.py:3047} INFO - Sync 1 DAGs
[2024-02-27T15:52:56.215+0000] {logging_mixin.py:188} INFO - [2024-02-27T15:52:56.214+0000] {dag.py:3834} INFO - Setting next_dagrun for classic_python_operator to 2024-02-27 03:00:00+00:00, run_after=2024-02-28 03:00:00+00:00
[2024-02-27T15:52:56.234+0000] {processor.py:183} INFO - Processing /opt/airflow/dags/classic_python_operator.py took 0.079 seconds
[2024-02-27T15:53:21.328+0000] {processor.py:161} INFO - Started process (PID=461) to work on /opt/airflow/dags/classic_python_operator.py
[2024-02-27T15:53:21.329+0000] {processor.py:830} INFO - Processing file /opt/airflow/dags/classic_python_operator.py for tasks to queue
[2024-02-27T15:53:21.330+0000] {logging_mixin.py:188} INFO - [2024-02-27T15:53:21.330+0000] {dagbag.py:540} INFO - Filling up the DagBag from /opt/airflow/dags/classic_python_operator.py
[2024-02-27T15:53:21.354+0000] {processor.py:840} INFO - DAG(s) 'classic_python_operator' retrieved from /opt/airflow/dags/classic_python_operator.py
[2024-02-27T15:53:21.378+0000] {logging_mixin.py:188} INFO - [2024-02-27T15:53:21.378+0000] {dag.py:3047} INFO - Sync 1 DAGs
[2024-02-27T15:53:21.400+0000] {logging_mixin.py:188} INFO - [2024-02-27T15:53:21.400+0000] {dag.py:3834} INFO - Setting next_dagrun for classic_python_operator to 2024-02-27 03:00:00+00:00, run_after=2024-02-28 03:00:00+00:00
[2024-02-27T15:53:21.433+0000] {processor.py:183} INFO - Processing /opt/airflow/dags/classic_python_operator.py took 0.107 seconds
[2024-02-27T15:53:51.568+0000] {processor.py:161} INFO - Started process (PID=468) to work on /opt/airflow/dags/classic_python_operator.py
[2024-02-27T15:53:51.568+0000] {processor.py:830} INFO - Processing file /opt/airflow/dags/classic_python_operator.py for tasks to queue
[2024-02-27T15:53:51.569+0000] {logging_mixin.py:188} INFO - [2024-02-27T15:53:51.569+0000] {dagbag.py:540} INFO - Filling up the DagBag from /opt/airflow/dags/classic_python_operator.py
[2024-02-27T15:53:51.583+0000] {processor.py:840} INFO - DAG(s) 'classic_python_operator' retrieved from /opt/airflow/dags/classic_python_operator.py
[2024-02-27T15:53:51.606+0000] {logging_mixin.py:188} INFO - [2024-02-27T15:53:51.606+0000] {dag.py:3047} INFO - Sync 1 DAGs
[2024-02-27T15:53:51.624+0000] {logging_mixin.py:188} INFO - [2024-02-27T15:53:51.624+0000] {dag.py:3834} INFO - Setting next_dagrun for classic_python_operator to 2024-02-27 03:00:00+00:00, run_after=2024-02-28 03:00:00+00:00
[2024-02-27T15:53:51.641+0000] {processor.py:183} INFO - Processing /opt/airflow/dags/classic_python_operator.py took 0.075 seconds
[2024-02-27T15:54:21.753+0000] {processor.py:161} INFO - Started process (PID=475) to work on /opt/airflow/dags/classic_python_operator.py
[2024-02-27T15:54:21.755+0000] {processor.py:830} INFO - Processing file /opt/airflow/dags/classic_python_operator.py for tasks to queue
[2024-02-27T15:54:21.756+0000] {logging_mixin.py:188} INFO - [2024-02-27T15:54:21.756+0000] {dagbag.py:540} INFO - Filling up the DagBag from /opt/airflow/dags/classic_python_operator.py
[2024-02-27T15:54:21.772+0000] {processor.py:840} INFO - DAG(s) 'classic_python_operator' retrieved from /opt/airflow/dags/classic_python_operator.py
[2024-02-27T15:54:21.797+0000] {logging_mixin.py:188} INFO - [2024-02-27T15:54:21.797+0000] {dag.py:3047} INFO - Sync 1 DAGs
[2024-02-27T15:54:21.816+0000] {logging_mixin.py:188} INFO - [2024-02-27T15:54:21.816+0000] {dag.py:3834} INFO - Setting next_dagrun for classic_python_operator to 2024-02-27 03:00:00+00:00, run_after=2024-02-28 03:00:00+00:00
[2024-02-27T15:54:21.834+0000] {processor.py:183} INFO - Processing /opt/airflow/dags/classic_python_operator.py took 0.083 seconds
[2024-02-27T15:54:51.986+0000] {processor.py:161} INFO - Started process (PID=482) to work on /opt/airflow/dags/classic_python_operator.py
[2024-02-27T15:54:51.986+0000] {processor.py:830} INFO - Processing file /opt/airflow/dags/classic_python_operator.py for tasks to queue
[2024-02-27T15:54:51.987+0000] {logging_mixin.py:188} INFO - [2024-02-27T15:54:51.987+0000] {dagbag.py:540} INFO - Filling up the DagBag from /opt/airflow/dags/classic_python_operator.py
[2024-02-27T15:54:52.002+0000] {processor.py:840} INFO - DAG(s) 'classic_python_operator' retrieved from /opt/airflow/dags/classic_python_operator.py
[2024-02-27T15:54:52.028+0000] {logging_mixin.py:188} INFO - [2024-02-27T15:54:52.027+0000] {dag.py:3047} INFO - Sync 1 DAGs
[2024-02-27T15:54:52.045+0000] {logging_mixin.py:188} INFO - [2024-02-27T15:54:52.045+0000] {dag.py:3834} INFO - Setting next_dagrun for classic_python_operator to 2024-02-27 03:00:00+00:00, run_after=2024-02-28 03:00:00+00:00
[2024-02-27T15:54:52.063+0000] {processor.py:183} INFO - Processing /opt/airflow/dags/classic_python_operator.py took 0.079 seconds
[2024-02-27T15:55:22.269+0000] {processor.py:161} INFO - Started process (PID=489) to work on /opt/airflow/dags/classic_python_operator.py
[2024-02-27T15:55:22.270+0000] {processor.py:830} INFO - Processing file /opt/airflow/dags/classic_python_operator.py for tasks to queue
[2024-02-27T15:55:22.270+0000] {logging_mixin.py:188} INFO - [2024-02-27T15:55:22.270+0000] {dagbag.py:540} INFO - Filling up the DagBag from /opt/airflow/dags/classic_python_operator.py
[2024-02-27T15:55:22.288+0000] {processor.py:840} INFO - DAG(s) 'classic_python_operator' retrieved from /opt/airflow/dags/classic_python_operator.py
[2024-02-27T15:55:22.310+0000] {logging_mixin.py:188} INFO - [2024-02-27T15:55:22.310+0000] {dag.py:3047} INFO - Sync 1 DAGs
[2024-02-27T15:55:22.328+0000] {logging_mixin.py:188} INFO - [2024-02-27T15:55:22.327+0000] {dag.py:3834} INFO - Setting next_dagrun for classic_python_operator to 2024-02-27 03:00:00+00:00, run_after=2024-02-28 03:00:00+00:00
[2024-02-27T15:55:22.346+0000] {processor.py:183} INFO - Processing /opt/airflow/dags/classic_python_operator.py took 0.079 seconds
[2024-02-27T15:55:52.556+0000] {processor.py:161} INFO - Started process (PID=496) to work on /opt/airflow/dags/classic_python_operator.py
[2024-02-27T15:55:52.557+0000] {processor.py:830} INFO - Processing file /opt/airflow/dags/classic_python_operator.py for tasks to queue
[2024-02-27T15:55:52.558+0000] {logging_mixin.py:188} INFO - [2024-02-27T15:55:52.557+0000] {dagbag.py:540} INFO - Filling up the DagBag from /opt/airflow/dags/classic_python_operator.py
[2024-02-27T15:55:52.573+0000] {processor.py:840} INFO - DAG(s) 'classic_python_operator' retrieved from /opt/airflow/dags/classic_python_operator.py
[2024-02-27T15:55:52.595+0000] {logging_mixin.py:188} INFO - [2024-02-27T15:55:52.594+0000] {dag.py:3047} INFO - Sync 1 DAGs
[2024-02-27T15:55:52.611+0000] {logging_mixin.py:188} INFO - [2024-02-27T15:55:52.611+0000] {dag.py:3834} INFO - Setting next_dagrun for classic_python_operator to 2024-02-27 03:00:00+00:00, run_after=2024-02-28 03:00:00+00:00
[2024-02-27T15:55:52.629+0000] {processor.py:183} INFO - Processing /opt/airflow/dags/classic_python_operator.py took 0.075 seconds
[2024-02-27T15:56:22.819+0000] {processor.py:161} INFO - Started process (PID=503) to work on /opt/airflow/dags/classic_python_operator.py
[2024-02-27T15:56:22.820+0000] {processor.py:830} INFO - Processing file /opt/airflow/dags/classic_python_operator.py for tasks to queue
[2024-02-27T15:56:22.820+0000] {logging_mixin.py:188} INFO - [2024-02-27T15:56:22.820+0000] {dagbag.py:540} INFO - Filling up the DagBag from /opt/airflow/dags/classic_python_operator.py
[2024-02-27T15:56:22.834+0000] {processor.py:840} INFO - DAG(s) 'classic_python_operator' retrieved from /opt/airflow/dags/classic_python_operator.py
[2024-02-27T15:56:22.857+0000] {logging_mixin.py:188} INFO - [2024-02-27T15:56:22.857+0000] {dag.py:3047} INFO - Sync 1 DAGs
[2024-02-27T15:56:22.874+0000] {logging_mixin.py:188} INFO - [2024-02-27T15:56:22.874+0000] {dag.py:3834} INFO - Setting next_dagrun for classic_python_operator to 2024-02-27 03:00:00+00:00, run_after=2024-02-28 03:00:00+00:00
[2024-02-27T15:56:22.893+0000] {processor.py:183} INFO - Processing /opt/airflow/dags/classic_python_operator.py took 0.076 seconds
[2024-02-27T15:56:53.036+0000] {processor.py:161} INFO - Started process (PID=510) to work on /opt/airflow/dags/classic_python_operator.py
[2024-02-27T15:56:53.037+0000] {processor.py:830} INFO - Processing file /opt/airflow/dags/classic_python_operator.py for tasks to queue
[2024-02-27T15:56:53.038+0000] {logging_mixin.py:188} INFO - [2024-02-27T15:56:53.037+0000] {dagbag.py:540} INFO - Filling up the DagBag from /opt/airflow/dags/classic_python_operator.py
[2024-02-27T15:56:53.059+0000] {processor.py:840} INFO - DAG(s) 'classic_python_operator' retrieved from /opt/airflow/dags/classic_python_operator.py
[2024-02-27T15:56:53.093+0000] {logging_mixin.py:188} INFO - [2024-02-27T15:56:53.093+0000] {dag.py:3047} INFO - Sync 1 DAGs
[2024-02-27T15:56:53.118+0000] {logging_mixin.py:188} INFO - [2024-02-27T15:56:53.118+0000] {dag.py:3834} INFO - Setting next_dagrun for classic_python_operator to 2024-02-27 03:00:00+00:00, run_after=2024-02-28 03:00:00+00:00
[2024-02-27T15:56:53.145+0000] {processor.py:183} INFO - Processing /opt/airflow/dags/classic_python_operator.py took 0.111 seconds
[2024-02-27T15:57:23.355+0000] {processor.py:161} INFO - Started process (PID=518) to work on /opt/airflow/dags/classic_python_operator.py
[2024-02-27T15:57:23.356+0000] {processor.py:830} INFO - Processing file /opt/airflow/dags/classic_python_operator.py for tasks to queue
[2024-02-27T15:57:23.356+0000] {logging_mixin.py:188} INFO - [2024-02-27T15:57:23.356+0000] {dagbag.py:540} INFO - Filling up the DagBag from /opt/airflow/dags/classic_python_operator.py
[2024-02-27T15:57:23.371+0000] {processor.py:840} INFO - DAG(s) 'classic_python_operator' retrieved from /opt/airflow/dags/classic_python_operator.py
[2024-02-27T15:57:23.400+0000] {logging_mixin.py:188} INFO - [2024-02-27T15:57:23.399+0000] {dag.py:3047} INFO - Sync 1 DAGs
[2024-02-27T15:57:23.417+0000] {logging_mixin.py:188} INFO - [2024-02-27T15:57:23.417+0000] {dag.py:3834} INFO - Setting next_dagrun for classic_python_operator to 2024-02-27 03:00:00+00:00, run_after=2024-02-28 03:00:00+00:00
[2024-02-27T15:57:23.437+0000] {processor.py:183} INFO - Processing /opt/airflow/dags/classic_python_operator.py took 0.084 seconds
[2024-02-27T15:57:53.751+0000] {processor.py:161} INFO - Started process (PID=527) to work on /opt/airflow/dags/classic_python_operator.py
[2024-02-27T15:57:53.752+0000] {processor.py:830} INFO - Processing file /opt/airflow/dags/classic_python_operator.py for tasks to queue
[2024-02-27T15:57:53.752+0000] {logging_mixin.py:188} INFO - [2024-02-27T15:57:53.752+0000] {dagbag.py:540} INFO - Filling up the DagBag from /opt/airflow/dags/classic_python_operator.py
[2024-02-27T15:57:53.768+0000] {processor.py:840} INFO - DAG(s) 'classic_python_operator' retrieved from /opt/airflow/dags/classic_python_operator.py
[2024-02-27T15:57:53.813+0000] {logging_mixin.py:188} INFO - [2024-02-27T15:57:53.813+0000] {dag.py:3047} INFO - Sync 1 DAGs
[2024-02-27T15:57:53.837+0000] {logging_mixin.py:188} INFO - [2024-02-27T15:57:53.837+0000] {dag.py:3834} INFO - Setting next_dagrun for classic_python_operator to 2024-02-27 03:00:00+00:00, run_after=2024-02-28 03:00:00+00:00
[2024-02-27T15:57:53.858+0000] {processor.py:183} INFO - Processing /opt/airflow/dags/classic_python_operator.py took 0.109 seconds
[2024-02-27T15:58:24.018+0000] {processor.py:161} INFO - Started process (PID=535) to work on /opt/airflow/dags/classic_python_operator.py
[2024-02-27T15:58:24.019+0000] {processor.py:830} INFO - Processing file /opt/airflow/dags/classic_python_operator.py for tasks to queue
[2024-02-27T15:58:24.020+0000] {logging_mixin.py:188} INFO - [2024-02-27T15:58:24.020+0000] {dagbag.py:540} INFO - Filling up the DagBag from /opt/airflow/dags/classic_python_operator.py
[2024-02-27T15:58:24.035+0000] {processor.py:840} INFO - DAG(s) 'classic_python_operator' retrieved from /opt/airflow/dags/classic_python_operator.py
[2024-02-27T15:58:24.060+0000] {logging_mixin.py:188} INFO - [2024-02-27T15:58:24.060+0000] {dag.py:3047} INFO - Sync 1 DAGs
[2024-02-27T15:58:24.080+0000] {logging_mixin.py:188} INFO - [2024-02-27T15:58:24.080+0000] {dag.py:3834} INFO - Setting next_dagrun for classic_python_operator to 2024-02-27 03:00:00+00:00, run_after=2024-02-28 03:00:00+00:00
[2024-02-27T15:58:24.100+0000] {processor.py:183} INFO - Processing /opt/airflow/dags/classic_python_operator.py took 0.083 seconds
[2024-02-27T15:58:54.300+0000] {processor.py:161} INFO - Started process (PID=542) to work on /opt/airflow/dags/classic_python_operator.py
[2024-02-27T15:58:54.300+0000] {processor.py:830} INFO - Processing file /opt/airflow/dags/classic_python_operator.py for tasks to queue
[2024-02-27T15:58:54.301+0000] {logging_mixin.py:188} INFO - [2024-02-27T15:58:54.301+0000] {dagbag.py:540} INFO - Filling up the DagBag from /opt/airflow/dags/classic_python_operator.py
[2024-02-27T15:58:54.319+0000] {processor.py:840} INFO - DAG(s) 'classic_python_operator' retrieved from /opt/airflow/dags/classic_python_operator.py
[2024-02-27T15:58:54.349+0000] {logging_mixin.py:188} INFO - [2024-02-27T15:58:54.349+0000] {dag.py:3047} INFO - Sync 1 DAGs
[2024-02-27T15:58:54.370+0000] {logging_mixin.py:188} INFO - [2024-02-27T15:58:54.370+0000] {dag.py:3834} INFO - Setting next_dagrun for classic_python_operator to 2024-02-27 03:00:00+00:00, run_after=2024-02-28 03:00:00+00:00
[2024-02-27T15:58:54.387+0000] {processor.py:183} INFO - Processing /opt/airflow/dags/classic_python_operator.py took 0.089 seconds
[2024-02-27T15:59:24.588+0000] {processor.py:161} INFO - Started process (PID=549) to work on /opt/airflow/dags/classic_python_operator.py
[2024-02-27T15:59:24.589+0000] {processor.py:830} INFO - Processing file /opt/airflow/dags/classic_python_operator.py for tasks to queue
[2024-02-27T15:59:24.590+0000] {logging_mixin.py:188} INFO - [2024-02-27T15:59:24.589+0000] {dagbag.py:540} INFO - Filling up the DagBag from /opt/airflow/dags/classic_python_operator.py
[2024-02-27T15:59:24.607+0000] {processor.py:840} INFO - DAG(s) 'classic_python_operator' retrieved from /opt/airflow/dags/classic_python_operator.py
[2024-02-27T15:59:24.643+0000] {logging_mixin.py:188} INFO - [2024-02-27T15:59:24.643+0000] {dag.py:3047} INFO - Sync 1 DAGs
[2024-02-27T15:59:24.667+0000] {logging_mixin.py:188} INFO - [2024-02-27T15:59:24.667+0000] {dag.py:3834} INFO - Setting next_dagrun for classic_python_operator to 2024-02-27 03:00:00+00:00, run_after=2024-02-28 03:00:00+00:00
[2024-02-27T15:59:24.689+0000] {processor.py:183} INFO - Processing /opt/airflow/dags/classic_python_operator.py took 0.103 seconds
[2024-02-27T15:59:54.892+0000] {processor.py:161} INFO - Started process (PID=556) to work on /opt/airflow/dags/classic_python_operator.py
[2024-02-27T15:59:54.893+0000] {processor.py:830} INFO - Processing file /opt/airflow/dags/classic_python_operator.py for tasks to queue
[2024-02-27T15:59:54.893+0000] {logging_mixin.py:188} INFO - [2024-02-27T15:59:54.893+0000] {dagbag.py:540} INFO - Filling up the DagBag from /opt/airflow/dags/classic_python_operator.py
[2024-02-27T15:59:54.909+0000] {processor.py:840} INFO - DAG(s) 'classic_python_operator' retrieved from /opt/airflow/dags/classic_python_operator.py
[2024-02-27T15:59:54.933+0000] {logging_mixin.py:188} INFO - [2024-02-27T15:59:54.933+0000] {dag.py:3047} INFO - Sync 1 DAGs
[2024-02-27T15:59:54.957+0000] {logging_mixin.py:188} INFO - [2024-02-27T15:59:54.957+0000] {dag.py:3834} INFO - Setting next_dagrun for classic_python_operator to 2024-02-27 03:00:00+00:00, run_after=2024-02-28 03:00:00+00:00
[2024-02-27T15:59:54.987+0000] {processor.py:183} INFO - Processing /opt/airflow/dags/classic_python_operator.py took 0.097 seconds
[2024-02-27T16:00:25.113+0000] {processor.py:161} INFO - Started process (PID=563) to work on /opt/airflow/dags/classic_python_operator.py
[2024-02-27T16:00:25.114+0000] {processor.py:830} INFO - Processing file /opt/airflow/dags/classic_python_operator.py for tasks to queue
[2024-02-27T16:00:25.114+0000] {logging_mixin.py:188} INFO - [2024-02-27T16:00:25.114+0000] {dagbag.py:540} INFO - Filling up the DagBag from /opt/airflow/dags/classic_python_operator.py
[2024-02-27T16:00:25.130+0000] {processor.py:840} INFO - DAG(s) 'classic_python_operator' retrieved from /opt/airflow/dags/classic_python_operator.py
[2024-02-27T16:00:25.155+0000] {logging_mixin.py:188} INFO - [2024-02-27T16:00:25.155+0000] {dag.py:3047} INFO - Sync 1 DAGs
[2024-02-27T16:00:25.173+0000] {logging_mixin.py:188} INFO - [2024-02-27T16:00:25.172+0000] {dag.py:3834} INFO - Setting next_dagrun for classic_python_operator to 2024-02-27 03:00:00+00:00, run_after=2024-02-28 03:00:00+00:00
[2024-02-27T16:00:25.194+0000] {processor.py:183} INFO - Processing /opt/airflow/dags/classic_python_operator.py took 0.083 seconds
[2024-02-27T16:00:55.387+0000] {processor.py:161} INFO - Started process (PID=570) to work on /opt/airflow/dags/classic_python_operator.py
[2024-02-27T16:00:55.388+0000] {processor.py:830} INFO - Processing file /opt/airflow/dags/classic_python_operator.py for tasks to queue
[2024-02-27T16:00:55.388+0000] {logging_mixin.py:188} INFO - [2024-02-27T16:00:55.388+0000] {dagbag.py:540} INFO - Filling up the DagBag from /opt/airflow/dags/classic_python_operator.py
[2024-02-27T16:00:55.403+0000] {processor.py:840} INFO - DAG(s) 'classic_python_operator' retrieved from /opt/airflow/dags/classic_python_operator.py
[2024-02-27T16:00:55.431+0000] {logging_mixin.py:188} INFO - [2024-02-27T16:00:55.431+0000] {dag.py:3047} INFO - Sync 1 DAGs
[2024-02-27T16:00:55.450+0000] {logging_mixin.py:188} INFO - [2024-02-27T16:00:55.450+0000] {dag.py:3834} INFO - Setting next_dagrun for classic_python_operator to 2024-02-27 03:00:00+00:00, run_after=2024-02-28 03:00:00+00:00
[2024-02-27T16:00:55.475+0000] {processor.py:183} INFO - Processing /opt/airflow/dags/classic_python_operator.py took 0.090 seconds
[2024-02-27T16:01:25.628+0000] {processor.py:161} INFO - Started process (PID=577) to work on /opt/airflow/dags/classic_python_operator.py
[2024-02-27T16:01:25.629+0000] {processor.py:830} INFO - Processing file /opt/airflow/dags/classic_python_operator.py for tasks to queue
[2024-02-27T16:01:25.630+0000] {logging_mixin.py:188} INFO - [2024-02-27T16:01:25.630+0000] {dagbag.py:540} INFO - Filling up the DagBag from /opt/airflow/dags/classic_python_operator.py
[2024-02-27T16:01:25.647+0000] {processor.py:840} INFO - DAG(s) 'classic_python_operator' retrieved from /opt/airflow/dags/classic_python_operator.py
[2024-02-27T16:01:25.669+0000] {logging_mixin.py:188} INFO - [2024-02-27T16:01:25.669+0000] {dag.py:3047} INFO - Sync 1 DAGs
[2024-02-27T16:01:25.686+0000] {logging_mixin.py:188} INFO - [2024-02-27T16:01:25.686+0000] {dag.py:3834} INFO - Setting next_dagrun for classic_python_operator to 2024-02-27 03:00:00+00:00, run_after=2024-02-28 03:00:00+00:00
[2024-02-27T16:01:25.704+0000] {processor.py:183} INFO - Processing /opt/airflow/dags/classic_python_operator.py took 0.078 seconds
[2024-02-27T16:01:55.862+0000] {processor.py:161} INFO - Started process (PID=584) to work on /opt/airflow/dags/classic_python_operator.py
[2024-02-27T16:01:55.862+0000] {processor.py:830} INFO - Processing file /opt/airflow/dags/classic_python_operator.py for tasks to queue
[2024-02-27T16:01:55.863+0000] {logging_mixin.py:188} INFO - [2024-02-27T16:01:55.863+0000] {dagbag.py:540} INFO - Filling up the DagBag from /opt/airflow/dags/classic_python_operator.py
[2024-02-27T16:01:55.879+0000] {processor.py:840} INFO - DAG(s) 'classic_python_operator' retrieved from /opt/airflow/dags/classic_python_operator.py
[2024-02-27T16:01:55.904+0000] {logging_mixin.py:188} INFO - [2024-02-27T16:01:55.904+0000] {dag.py:3047} INFO - Sync 1 DAGs
[2024-02-27T16:01:55.922+0000] {logging_mixin.py:188} INFO - [2024-02-27T16:01:55.921+0000] {dag.py:3834} INFO - Setting next_dagrun for classic_python_operator to 2024-02-27 03:00:00+00:00, run_after=2024-02-28 03:00:00+00:00
[2024-02-27T16:01:55.938+0000] {processor.py:183} INFO - Processing /opt/airflow/dags/classic_python_operator.py took 0.078 seconds
[2024-02-27T16:02:26.179+0000] {processor.py:161} INFO - Started process (PID=592) to work on /opt/airflow/dags/classic_python_operator.py
[2024-02-27T16:02:26.179+0000] {processor.py:830} INFO - Processing file /opt/airflow/dags/classic_python_operator.py for tasks to queue
[2024-02-27T16:02:26.180+0000] {logging_mixin.py:188} INFO - [2024-02-27T16:02:26.180+0000] {dagbag.py:540} INFO - Filling up the DagBag from /opt/airflow/dags/classic_python_operator.py
[2024-02-27T16:02:26.192+0000] {processor.py:840} INFO - DAG(s) 'classic_python_operator' retrieved from /opt/airflow/dags/classic_python_operator.py
[2024-02-27T16:02:26.216+0000] {logging_mixin.py:188} INFO - [2024-02-27T16:02:26.215+0000] {dag.py:3047} INFO - Sync 1 DAGs
[2024-02-27T16:02:26.233+0000] {logging_mixin.py:188} INFO - [2024-02-27T16:02:26.233+0000] {dag.py:3834} INFO - Setting next_dagrun for classic_python_operator to 2024-02-27 03:00:00+00:00, run_after=2024-02-28 03:00:00+00:00
[2024-02-27T16:02:26.251+0000] {processor.py:183} INFO - Processing /opt/airflow/dags/classic_python_operator.py took 0.074 seconds
[2024-02-27T16:02:56.500+0000] {processor.py:161} INFO - Started process (PID=600) to work on /opt/airflow/dags/classic_python_operator.py
[2024-02-27T16:02:56.501+0000] {processor.py:830} INFO - Processing file /opt/airflow/dags/classic_python_operator.py for tasks to queue
[2024-02-27T16:02:56.502+0000] {logging_mixin.py:188} INFO - [2024-02-27T16:02:56.502+0000] {dagbag.py:540} INFO - Filling up the DagBag from /opt/airflow/dags/classic_python_operator.py
[2024-02-27T16:02:56.517+0000] {processor.py:840} INFO - DAG(s) 'classic_python_operator' retrieved from /opt/airflow/dags/classic_python_operator.py
[2024-02-27T16:02:56.548+0000] {logging_mixin.py:188} INFO - [2024-02-27T16:02:56.548+0000] {dag.py:3047} INFO - Sync 1 DAGs
[2024-02-27T16:02:56.568+0000] {logging_mixin.py:188} INFO - [2024-02-27T16:02:56.568+0000] {dag.py:3834} INFO - Setting next_dagrun for classic_python_operator to 2024-02-27 03:00:00+00:00, run_after=2024-02-28 03:00:00+00:00
[2024-02-27T16:02:56.588+0000] {processor.py:183} INFO - Processing /opt/airflow/dags/classic_python_operator.py took 0.089 seconds
