[2024-02-27T16:48:30.412+0000] {processor.py:161} INFO - Started process (PID=638) to work on /opt/airflow/dags/dag_run.py
[2024-02-27T16:48:30.413+0000] {processor.py:830} INFO - Processing file /opt/airflow/dags/dag_run.py for tasks to queue
[2024-02-27T16:48:30.414+0000] {logging_mixin.py:188} INFO - [2024-02-27T16:48:30.414+0000] {dagbag.py:540} INFO - Filling up the DagBag from /opt/airflow/dags/dag_run.py
[2024-02-27T16:48:30.433+0000] {processor.py:842} WARNING - No viable dags retrieved from /opt/airflow/dags/dag_run.py
[2024-02-27T16:48:30.462+0000] {processor.py:183} INFO - Processing /opt/airflow/dags/dag_run.py took 0.051 seconds
[2024-02-27T16:49:00.911+0000] {processor.py:161} INFO - Started process (PID=648) to work on /opt/airflow/dags/dag_run.py
[2024-02-27T16:49:00.912+0000] {processor.py:830} INFO - Processing file /opt/airflow/dags/dag_run.py for tasks to queue
[2024-02-27T16:49:00.913+0000] {logging_mixin.py:188} INFO - [2024-02-27T16:49:00.913+0000] {dagbag.py:540} INFO - Filling up the DagBag from /opt/airflow/dags/dag_run.py
[2024-02-27T16:49:00.926+0000] {processor.py:842} WARNING - No viable dags retrieved from /opt/airflow/dags/dag_run.py
[2024-02-27T16:49:00.949+0000] {processor.py:183} INFO - Processing /opt/airflow/dags/dag_run.py took 0.040 seconds
[2024-02-27T16:49:31.461+0000] {processor.py:161} INFO - Started process (PID=658) to work on /opt/airflow/dags/dag_run.py
[2024-02-27T16:49:31.462+0000] {processor.py:830} INFO - Processing file /opt/airflow/dags/dag_run.py for tasks to queue
[2024-02-27T16:49:31.464+0000] {logging_mixin.py:188} INFO - [2024-02-27T16:49:31.464+0000] {dagbag.py:540} INFO - Filling up the DagBag from /opt/airflow/dags/dag_run.py
[2024-02-27T16:49:31.478+0000] {processor.py:842} WARNING - No viable dags retrieved from /opt/airflow/dags/dag_run.py
[2024-02-27T16:49:31.505+0000] {processor.py:183} INFO - Processing /opt/airflow/dags/dag_run.py took 0.045 seconds
[2024-02-27T16:50:01.873+0000] {processor.py:161} INFO - Started process (PID=668) to work on /opt/airflow/dags/dag_run.py
[2024-02-27T16:50:01.873+0000] {processor.py:830} INFO - Processing file /opt/airflow/dags/dag_run.py for tasks to queue
[2024-02-27T16:50:01.875+0000] {logging_mixin.py:188} INFO - [2024-02-27T16:50:01.874+0000] {dagbag.py:540} INFO - Filling up the DagBag from /opt/airflow/dags/dag_run.py
[2024-02-27T16:50:01.886+0000] {processor.py:842} WARNING - No viable dags retrieved from /opt/airflow/dags/dag_run.py
[2024-02-27T16:50:01.916+0000] {processor.py:183} INFO - Processing /opt/airflow/dags/dag_run.py took 0.046 seconds
[2024-02-27T16:50:13.104+0000] {processor.py:161} INFO - Started process (PID=670) to work on /opt/airflow/dags/dag_run.py
[2024-02-27T16:50:13.104+0000] {processor.py:830} INFO - Processing file /opt/airflow/dags/dag_run.py for tasks to queue
[2024-02-27T16:50:13.106+0000] {logging_mixin.py:188} INFO - [2024-02-27T16:50:13.106+0000] {dagbag.py:540} INFO - Filling up the DagBag from /opt/airflow/dags/dag_run.py
[2024-02-27T16:50:13.139+0000] {processor.py:840} INFO - DAG(s) 'dag_run' retrieved from /opt/airflow/dags/dag_run.py
[2024-02-27T16:50:13.231+0000] {logging_mixin.py:188} INFO - [2024-02-27T16:50:13.230+0000] {override.py:1769} INFO - Created Permission View: can delete on DAG:dag_run
[2024-02-27T16:50:13.238+0000] {logging_mixin.py:188} INFO - [2024-02-27T16:50:13.238+0000] {override.py:1769} INFO - Created Permission View: can edit on DAG:dag_run
[2024-02-27T16:50:13.242+0000] {logging_mixin.py:188} INFO - [2024-02-27T16:50:13.242+0000] {override.py:1769} INFO - Created Permission View: can read on DAG:dag_run
[2024-02-27T16:50:13.243+0000] {logging_mixin.py:188} INFO - [2024-02-27T16:50:13.242+0000] {dag.py:3047} INFO - Sync 1 DAGs
[2024-02-27T16:50:13.251+0000] {logging_mixin.py:188} INFO - [2024-02-27T16:50:13.251+0000] {dag.py:3069} INFO - Creating ORM DAG for dag_run
[2024-02-27T16:50:13.259+0000] {logging_mixin.py:188} INFO - [2024-02-27T16:50:13.259+0000] {dag.py:3834} INFO - Setting next_dagrun for dag_run to 2024-01-01 00:00:00+00:00, run_after=2024-01-01 00:00:00+00:00
[2024-02-27T16:50:13.273+0000] {processor.py:183} INFO - Processing /opt/airflow/dags/dag_run.py took 0.171 seconds
[2024-02-27T16:50:23.252+0000] {processor.py:161} INFO - Started process (PID=678) to work on /opt/airflow/dags/dag_run.py
[2024-02-27T16:50:23.253+0000] {processor.py:830} INFO - Processing file /opt/airflow/dags/dag_run.py for tasks to queue
[2024-02-27T16:50:23.255+0000] {logging_mixin.py:188} INFO - [2024-02-27T16:50:23.255+0000] {dagbag.py:540} INFO - Filling up the DagBag from /opt/airflow/dags/dag_run.py
[2024-02-27T16:50:23.281+0000] {processor.py:840} INFO - DAG(s) 'dag_run' retrieved from /opt/airflow/dags/dag_run.py
[2024-02-27T16:50:23.303+0000] {logging_mixin.py:188} INFO - [2024-02-27T16:50:23.303+0000] {dag.py:3047} INFO - Sync 1 DAGs
[2024-02-27T16:50:23.320+0000] {logging_mixin.py:188} INFO - [2024-02-27T16:50:23.319+0000] {dag.py:3834} INFO - Setting next_dagrun for dag_run to 2024-01-01 00:00:00+00:00, run_after=2024-01-01 00:00:00+00:00
[2024-02-27T16:50:23.350+0000] {processor.py:183} INFO - Processing /opt/airflow/dags/dag_run.py took 0.099 seconds
[2024-02-27T16:50:53.810+0000] {processor.py:161} INFO - Started process (PID=688) to work on /opt/airflow/dags/dag_run.py
[2024-02-27T16:50:53.810+0000] {processor.py:830} INFO - Processing file /opt/airflow/dags/dag_run.py for tasks to queue
[2024-02-27T16:50:53.812+0000] {logging_mixin.py:188} INFO - [2024-02-27T16:50:53.812+0000] {dagbag.py:540} INFO - Filling up the DagBag from /opt/airflow/dags/dag_run.py
[2024-02-27T16:50:53.825+0000] {processor.py:840} INFO - DAG(s) 'dag_run' retrieved from /opt/airflow/dags/dag_run.py
[2024-02-27T16:50:53.857+0000] {logging_mixin.py:188} INFO - [2024-02-27T16:50:53.857+0000] {dag.py:3047} INFO - Sync 1 DAGs
[2024-02-27T16:50:53.874+0000] {logging_mixin.py:188} INFO - [2024-02-27T16:50:53.874+0000] {dag.py:3834} INFO - Setting next_dagrun for dag_run to 2024-01-01 00:00:00+00:00, run_after=2024-01-01 00:00:00+00:00
[2024-02-27T16:50:53.892+0000] {processor.py:183} INFO - Processing /opt/airflow/dags/dag_run.py took 0.085 seconds
[2024-02-27T16:51:24.491+0000] {processor.py:161} INFO - Started process (PID=699) to work on /opt/airflow/dags/dag_run.py
[2024-02-27T16:51:24.492+0000] {processor.py:830} INFO - Processing file /opt/airflow/dags/dag_run.py for tasks to queue
[2024-02-27T16:51:24.493+0000] {logging_mixin.py:188} INFO - [2024-02-27T16:51:24.493+0000] {dagbag.py:540} INFO - Filling up the DagBag from /opt/airflow/dags/dag_run.py
[2024-02-27T16:51:24.510+0000] {processor.py:840} INFO - DAG(s) 'dag_run' retrieved from /opt/airflow/dags/dag_run.py
[2024-02-27T16:51:24.536+0000] {logging_mixin.py:188} INFO - [2024-02-27T16:51:24.536+0000] {dag.py:3047} INFO - Sync 1 DAGs
[2024-02-27T16:51:24.551+0000] {logging_mixin.py:188} INFO - [2024-02-27T16:51:24.551+0000] {dag.py:3834} INFO - Setting next_dagrun for dag_run to 2024-01-01 00:00:00+00:00, run_after=2024-01-01 00:00:00+00:00
[2024-02-27T16:51:24.588+0000] {processor.py:183} INFO - Processing /opt/airflow/dags/dag_run.py took 0.099 seconds
[2024-02-27T16:51:55.087+0000] {processor.py:161} INFO - Started process (PID=709) to work on /opt/airflow/dags/dag_run.py
[2024-02-27T16:51:55.088+0000] {processor.py:830} INFO - Processing file /opt/airflow/dags/dag_run.py for tasks to queue
[2024-02-27T16:51:55.089+0000] {logging_mixin.py:188} INFO - [2024-02-27T16:51:55.089+0000] {dagbag.py:540} INFO - Filling up the DagBag from /opt/airflow/dags/dag_run.py
[2024-02-27T16:51:55.107+0000] {processor.py:840} INFO - DAG(s) 'dag_run' retrieved from /opt/airflow/dags/dag_run.py
[2024-02-27T16:51:55.135+0000] {logging_mixin.py:188} INFO - [2024-02-27T16:51:55.135+0000] {dag.py:3047} INFO - Sync 1 DAGs
[2024-02-27T16:51:55.154+0000] {logging_mixin.py:188} INFO - [2024-02-27T16:51:55.154+0000] {dag.py:3834} INFO - Setting next_dagrun for dag_run to 2024-01-01 00:00:00+00:00, run_after=2024-01-01 00:00:00+00:00
[2024-02-27T16:51:55.176+0000] {processor.py:183} INFO - Processing /opt/airflow/dags/dag_run.py took 0.091 seconds
[2024-02-27T16:52:25.537+0000] {processor.py:161} INFO - Started process (PID=719) to work on /opt/airflow/dags/dag_run.py
[2024-02-27T16:52:25.537+0000] {processor.py:830} INFO - Processing file /opt/airflow/dags/dag_run.py for tasks to queue
[2024-02-27T16:52:25.539+0000] {logging_mixin.py:188} INFO - [2024-02-27T16:52:25.538+0000] {dagbag.py:540} INFO - Filling up the DagBag from /opt/airflow/dags/dag_run.py
[2024-02-27T16:52:25.552+0000] {processor.py:840} INFO - DAG(s) 'dag_run' retrieved from /opt/airflow/dags/dag_run.py
[2024-02-27T16:52:25.580+0000] {logging_mixin.py:188} INFO - [2024-02-27T16:52:25.580+0000] {dag.py:3047} INFO - Sync 1 DAGs
[2024-02-27T16:52:25.598+0000] {logging_mixin.py:188} INFO - [2024-02-27T16:52:25.598+0000] {dag.py:3834} INFO - Setting next_dagrun for dag_run to None, run_after=None
[2024-02-27T16:52:25.617+0000] {processor.py:183} INFO - Processing /opt/airflow/dags/dag_run.py took 0.083 seconds
[2024-02-27T16:52:56.192+0000] {processor.py:161} INFO - Started process (PID=729) to work on /opt/airflow/dags/dag_run.py
[2024-02-27T16:52:56.193+0000] {processor.py:830} INFO - Processing file /opt/airflow/dags/dag_run.py for tasks to queue
[2024-02-27T16:52:56.195+0000] {logging_mixin.py:188} INFO - [2024-02-27T16:52:56.194+0000] {dagbag.py:540} INFO - Filling up the DagBag from /opt/airflow/dags/dag_run.py
[2024-02-27T16:52:56.209+0000] {processor.py:840} INFO - DAG(s) 'dag_run' retrieved from /opt/airflow/dags/dag_run.py
[2024-02-27T16:52:56.234+0000] {logging_mixin.py:188} INFO - [2024-02-27T16:52:56.233+0000] {dag.py:3047} INFO - Sync 1 DAGs
[2024-02-27T16:52:56.253+0000] {logging_mixin.py:188} INFO - [2024-02-27T16:52:56.253+0000] {dag.py:3834} INFO - Setting next_dagrun for dag_run to None, run_after=None
[2024-02-27T16:52:56.277+0000] {processor.py:183} INFO - Processing /opt/airflow/dags/dag_run.py took 0.087 seconds
[2024-02-27T16:53:26.806+0000] {processor.py:161} INFO - Started process (PID=739) to work on /opt/airflow/dags/dag_run.py
[2024-02-27T16:53:26.807+0000] {processor.py:830} INFO - Processing file /opt/airflow/dags/dag_run.py for tasks to queue
[2024-02-27T16:53:26.808+0000] {logging_mixin.py:188} INFO - [2024-02-27T16:53:26.807+0000] {dagbag.py:540} INFO - Filling up the DagBag from /opt/airflow/dags/dag_run.py
[2024-02-27T16:53:26.824+0000] {processor.py:840} INFO - DAG(s) 'dag_run' retrieved from /opt/airflow/dags/dag_run.py
[2024-02-27T16:53:26.874+0000] {logging_mixin.py:188} INFO - [2024-02-27T16:53:26.873+0000] {dag.py:3047} INFO - Sync 1 DAGs
[2024-02-27T16:53:26.943+0000] {logging_mixin.py:188} INFO - [2024-02-27T16:53:26.943+0000] {dag.py:3834} INFO - Setting next_dagrun for dag_run to None, run_after=None
[2024-02-27T16:53:26.991+0000] {processor.py:183} INFO - Processing /opt/airflow/dags/dag_run.py took 0.187 seconds
[2024-02-27T16:53:57.325+0000] {processor.py:161} INFO - Started process (PID=749) to work on /opt/airflow/dags/dag_run.py
[2024-02-27T16:53:57.326+0000] {processor.py:830} INFO - Processing file /opt/airflow/dags/dag_run.py for tasks to queue
[2024-02-27T16:53:57.328+0000] {logging_mixin.py:188} INFO - [2024-02-27T16:53:57.327+0000] {dagbag.py:540} INFO - Filling up the DagBag from /opt/airflow/dags/dag_run.py
[2024-02-27T16:53:57.362+0000] {processor.py:840} INFO - DAG(s) 'dag_run' retrieved from /opt/airflow/dags/dag_run.py
[2024-02-27T16:53:57.390+0000] {logging_mixin.py:188} INFO - [2024-02-27T16:53:57.390+0000] {dag.py:3047} INFO - Sync 1 DAGs
[2024-02-27T16:53:57.409+0000] {logging_mixin.py:188} INFO - [2024-02-27T16:53:57.409+0000] {dag.py:3834} INFO - Setting next_dagrun for dag_run to None, run_after=None
[2024-02-27T16:53:57.444+0000] {processor.py:183} INFO - Processing /opt/airflow/dags/dag_run.py took 0.122 seconds
[2024-02-27T16:54:27.927+0000] {processor.py:161} INFO - Started process (PID=759) to work on /opt/airflow/dags/dag_run.py
[2024-02-27T16:54:27.928+0000] {processor.py:830} INFO - Processing file /opt/airflow/dags/dag_run.py for tasks to queue
[2024-02-27T16:54:27.930+0000] {logging_mixin.py:188} INFO - [2024-02-27T16:54:27.930+0000] {dagbag.py:540} INFO - Filling up the DagBag from /opt/airflow/dags/dag_run.py
[2024-02-27T16:54:27.950+0000] {processor.py:840} INFO - DAG(s) 'dag_run' retrieved from /opt/airflow/dags/dag_run.py
[2024-02-27T16:54:27.980+0000] {logging_mixin.py:188} INFO - [2024-02-27T16:54:27.980+0000] {dag.py:3047} INFO - Sync 1 DAGs
[2024-02-27T16:54:28.001+0000] {logging_mixin.py:188} INFO - [2024-02-27T16:54:28.001+0000] {dag.py:3834} INFO - Setting next_dagrun for dag_run to None, run_after=None
[2024-02-27T16:54:28.026+0000] {processor.py:183} INFO - Processing /opt/airflow/dags/dag_run.py took 0.101 seconds
[2024-02-27T16:54:58.488+0000] {processor.py:161} INFO - Started process (PID=769) to work on /opt/airflow/dags/dag_run.py
[2024-02-27T16:54:58.489+0000] {processor.py:830} INFO - Processing file /opt/airflow/dags/dag_run.py for tasks to queue
[2024-02-27T16:54:58.490+0000] {logging_mixin.py:188} INFO - [2024-02-27T16:54:58.490+0000] {dagbag.py:540} INFO - Filling up the DagBag from /opt/airflow/dags/dag_run.py
[2024-02-27T16:54:58.508+0000] {processor.py:840} INFO - DAG(s) 'dag_run' retrieved from /opt/airflow/dags/dag_run.py
[2024-02-27T16:54:58.536+0000] {logging_mixin.py:188} INFO - [2024-02-27T16:54:58.536+0000] {dag.py:3047} INFO - Sync 1 DAGs
[2024-02-27T16:54:58.556+0000] {logging_mixin.py:188} INFO - [2024-02-27T16:54:58.556+0000] {dag.py:3834} INFO - Setting next_dagrun for dag_run to None, run_after=None
[2024-02-27T16:54:58.582+0000] {processor.py:183} INFO - Processing /opt/airflow/dags/dag_run.py took 0.096 seconds
[2024-02-27T16:55:29.151+0000] {processor.py:161} INFO - Started process (PID=779) to work on /opt/airflow/dags/dag_run.py
[2024-02-27T16:55:29.153+0000] {processor.py:830} INFO - Processing file /opt/airflow/dags/dag_run.py for tasks to queue
[2024-02-27T16:55:29.154+0000] {logging_mixin.py:188} INFO - [2024-02-27T16:55:29.154+0000] {dagbag.py:540} INFO - Filling up the DagBag from /opt/airflow/dags/dag_run.py
[2024-02-27T16:55:29.173+0000] {processor.py:840} INFO - DAG(s) 'dag_run' retrieved from /opt/airflow/dags/dag_run.py
[2024-02-27T16:55:29.206+0000] {logging_mixin.py:188} INFO - [2024-02-27T16:55:29.205+0000] {dag.py:3047} INFO - Sync 1 DAGs
[2024-02-27T16:55:29.229+0000] {logging_mixin.py:188} INFO - [2024-02-27T16:55:29.228+0000] {dag.py:3834} INFO - Setting next_dagrun for dag_run to None, run_after=None
[2024-02-27T16:55:29.250+0000] {processor.py:183} INFO - Processing /opt/airflow/dags/dag_run.py took 0.102 seconds
[2024-02-27T16:55:59.640+0000] {processor.py:161} INFO - Started process (PID=789) to work on /opt/airflow/dags/dag_run.py
[2024-02-27T16:55:59.641+0000] {processor.py:830} INFO - Processing file /opt/airflow/dags/dag_run.py for tasks to queue
[2024-02-27T16:55:59.642+0000] {logging_mixin.py:188} INFO - [2024-02-27T16:55:59.641+0000] {dagbag.py:540} INFO - Filling up the DagBag from /opt/airflow/dags/dag_run.py
[2024-02-27T16:55:59.662+0000] {processor.py:840} INFO - DAG(s) 'dag_run' retrieved from /opt/airflow/dags/dag_run.py
[2024-02-27T16:55:59.689+0000] {logging_mixin.py:188} INFO - [2024-02-27T16:55:59.689+0000] {dag.py:3047} INFO - Sync 1 DAGs
[2024-02-27T16:55:59.715+0000] {logging_mixin.py:188} INFO - [2024-02-27T16:55:59.714+0000] {dag.py:3834} INFO - Setting next_dagrun for dag_run to None, run_after=None
[2024-02-27T16:55:59.745+0000] {processor.py:183} INFO - Processing /opt/airflow/dags/dag_run.py took 0.107 seconds
[2024-02-27T16:56:30.152+0000] {processor.py:161} INFO - Started process (PID=799) to work on /opt/airflow/dags/dag_run.py
[2024-02-27T16:56:30.153+0000] {processor.py:830} INFO - Processing file /opt/airflow/dags/dag_run.py for tasks to queue
[2024-02-27T16:56:30.155+0000] {logging_mixin.py:188} INFO - [2024-02-27T16:56:30.155+0000] {dagbag.py:540} INFO - Filling up the DagBag from /opt/airflow/dags/dag_run.py
[2024-02-27T16:56:30.173+0000] {processor.py:840} INFO - DAG(s) 'dag_run' retrieved from /opt/airflow/dags/dag_run.py
[2024-02-27T16:56:30.205+0000] {logging_mixin.py:188} INFO - [2024-02-27T16:56:30.205+0000] {dag.py:3047} INFO - Sync 1 DAGs
[2024-02-27T16:56:30.227+0000] {logging_mixin.py:188} INFO - [2024-02-27T16:56:30.227+0000] {dag.py:3834} INFO - Setting next_dagrun for dag_run to None, run_after=None
[2024-02-27T16:56:30.252+0000] {processor.py:183} INFO - Processing /opt/airflow/dags/dag_run.py took 0.102 seconds
[2024-02-27T16:57:00.744+0000] {processor.py:161} INFO - Started process (PID=809) to work on /opt/airflow/dags/dag_run.py
[2024-02-27T16:57:00.745+0000] {processor.py:830} INFO - Processing file /opt/airflow/dags/dag_run.py for tasks to queue
[2024-02-27T16:57:00.747+0000] {logging_mixin.py:188} INFO - [2024-02-27T16:57:00.746+0000] {dagbag.py:540} INFO - Filling up the DagBag from /opt/airflow/dags/dag_run.py
[2024-02-27T16:57:00.769+0000] {processor.py:840} INFO - DAG(s) 'dag_run' retrieved from /opt/airflow/dags/dag_run.py
[2024-02-27T16:57:00.795+0000] {logging_mixin.py:188} INFO - [2024-02-27T16:57:00.794+0000] {dag.py:3047} INFO - Sync 1 DAGs
[2024-02-27T16:57:00.816+0000] {logging_mixin.py:188} INFO - [2024-02-27T16:57:00.816+0000] {dag.py:3834} INFO - Setting next_dagrun for dag_run to None, run_after=None
[2024-02-27T16:57:00.846+0000] {processor.py:183} INFO - Processing /opt/airflow/dags/dag_run.py took 0.103 seconds
[2024-02-27T16:57:31.383+0000] {processor.py:161} INFO - Started process (PID=819) to work on /opt/airflow/dags/dag_run.py
[2024-02-27T16:57:31.384+0000] {processor.py:830} INFO - Processing file /opt/airflow/dags/dag_run.py for tasks to queue
[2024-02-27T16:57:31.385+0000] {logging_mixin.py:188} INFO - [2024-02-27T16:57:31.385+0000] {dagbag.py:540} INFO - Filling up the DagBag from /opt/airflow/dags/dag_run.py
[2024-02-27T16:57:31.402+0000] {processor.py:840} INFO - DAG(s) 'dag_run' retrieved from /opt/airflow/dags/dag_run.py
[2024-02-27T16:57:31.430+0000] {logging_mixin.py:188} INFO - [2024-02-27T16:57:31.430+0000] {dag.py:3047} INFO - Sync 1 DAGs
[2024-02-27T16:57:31.450+0000] {logging_mixin.py:188} INFO - [2024-02-27T16:57:31.450+0000] {dag.py:3834} INFO - Setting next_dagrun for dag_run to None, run_after=None
[2024-02-27T16:57:31.471+0000] {processor.py:183} INFO - Processing /opt/airflow/dags/dag_run.py took 0.090 seconds
[2024-02-27T16:58:01.934+0000] {processor.py:161} INFO - Started process (PID=829) to work on /opt/airflow/dags/dag_run.py
[2024-02-27T16:58:01.935+0000] {processor.py:830} INFO - Processing file /opt/airflow/dags/dag_run.py for tasks to queue
[2024-02-27T16:58:01.937+0000] {logging_mixin.py:188} INFO - [2024-02-27T16:58:01.937+0000] {dagbag.py:540} INFO - Filling up the DagBag from /opt/airflow/dags/dag_run.py
[2024-02-27T16:58:01.956+0000] {processor.py:840} INFO - DAG(s) 'dag_run' retrieved from /opt/airflow/dags/dag_run.py
[2024-02-27T16:58:01.989+0000] {logging_mixin.py:188} INFO - [2024-02-27T16:58:01.989+0000] {dag.py:3047} INFO - Sync 1 DAGs
[2024-02-27T16:58:02.008+0000] {logging_mixin.py:188} INFO - [2024-02-27T16:58:02.008+0000] {dag.py:3834} INFO - Setting next_dagrun for dag_run to None, run_after=None
[2024-02-27T16:58:02.030+0000] {processor.py:183} INFO - Processing /opt/airflow/dags/dag_run.py took 0.098 seconds
[2024-02-27T17:03:29.059+0000] {processor.py:161} INFO - Started process (PID=38) to work on /opt/airflow/dags/dag_run.py
[2024-02-27T17:03:29.059+0000] {processor.py:830} INFO - Processing file /opt/airflow/dags/dag_run.py for tasks to queue
[2024-02-27T17:03:29.061+0000] {logging_mixin.py:188} INFO - [2024-02-27T17:03:29.061+0000] {dagbag.py:540} INFO - Filling up the DagBag from /opt/airflow/dags/dag_run.py
[2024-02-27T17:03:29.090+0000] {processor.py:840} INFO - DAG(s) 'dag_run' retrieved from /opt/airflow/dags/dag_run.py
[2024-02-27T17:03:29.244+0000] {logging_mixin.py:188} INFO - [2024-02-27T17:03:29.243+0000] {dag.py:3047} INFO - Sync 1 DAGs
[2024-02-27T17:03:29.266+0000] {logging_mixin.py:188} INFO - [2024-02-27T17:03:29.266+0000] {dag.py:3834} INFO - Setting next_dagrun for dag_run to None, run_after=None
[2024-02-27T17:03:29.292+0000] {processor.py:183} INFO - Processing /opt/airflow/dags/dag_run.py took 0.235 seconds
[2024-02-27T17:03:59.782+0000] {processor.py:161} INFO - Started process (PID=48) to work on /opt/airflow/dags/dag_run.py
[2024-02-27T17:03:59.783+0000] {processor.py:830} INFO - Processing file /opt/airflow/dags/dag_run.py for tasks to queue
[2024-02-27T17:03:59.784+0000] {logging_mixin.py:188} INFO - [2024-02-27T17:03:59.784+0000] {dagbag.py:540} INFO - Filling up the DagBag from /opt/airflow/dags/dag_run.py
[2024-02-27T17:03:59.799+0000] {processor.py:840} INFO - DAG(s) 'dag_run' retrieved from /opt/airflow/dags/dag_run.py
[2024-02-27T17:03:59.843+0000] {logging_mixin.py:188} INFO - [2024-02-27T17:03:59.843+0000] {dag.py:3047} INFO - Sync 1 DAGs
[2024-02-27T17:03:59.862+0000] {logging_mixin.py:188} INFO - [2024-02-27T17:03:59.862+0000] {dag.py:3834} INFO - Setting next_dagrun for dag_run to None, run_after=None
[2024-02-27T17:03:59.881+0000] {processor.py:183} INFO - Processing /opt/airflow/dags/dag_run.py took 0.101 seconds
[2024-02-27T17:04:30.371+0000] {processor.py:161} INFO - Started process (PID=58) to work on /opt/airflow/dags/dag_run.py
[2024-02-27T17:04:30.372+0000] {processor.py:830} INFO - Processing file /opt/airflow/dags/dag_run.py for tasks to queue
[2024-02-27T17:04:30.373+0000] {logging_mixin.py:188} INFO - [2024-02-27T17:04:30.373+0000] {dagbag.py:540} INFO - Filling up the DagBag from /opt/airflow/dags/dag_run.py
[2024-02-27T17:04:30.388+0000] {processor.py:840} INFO - DAG(s) 'dag_run' retrieved from /opt/airflow/dags/dag_run.py
[2024-02-27T17:04:30.412+0000] {logging_mixin.py:188} INFO - [2024-02-27T17:04:30.412+0000] {dag.py:3047} INFO - Sync 1 DAGs
[2024-02-27T17:04:30.429+0000] {logging_mixin.py:188} INFO - [2024-02-27T17:04:30.429+0000] {dag.py:3834} INFO - Setting next_dagrun for dag_run to None, run_after=None
[2024-02-27T17:04:30.448+0000] {processor.py:183} INFO - Processing /opt/airflow/dags/dag_run.py took 0.079 seconds
[2024-02-27T17:05:01.035+0000] {processor.py:161} INFO - Started process (PID=68) to work on /opt/airflow/dags/dag_run.py
[2024-02-27T17:05:01.035+0000] {processor.py:830} INFO - Processing file /opt/airflow/dags/dag_run.py for tasks to queue
[2024-02-27T17:05:01.037+0000] {logging_mixin.py:188} INFO - [2024-02-27T17:05:01.037+0000] {dagbag.py:540} INFO - Filling up the DagBag from /opt/airflow/dags/dag_run.py
[2024-02-27T17:05:01.051+0000] {processor.py:840} INFO - DAG(s) 'dag_run' retrieved from /opt/airflow/dags/dag_run.py
[2024-02-27T17:05:01.078+0000] {logging_mixin.py:188} INFO - [2024-02-27T17:05:01.078+0000] {dag.py:3047} INFO - Sync 1 DAGs
[2024-02-27T17:05:01.097+0000] {logging_mixin.py:188} INFO - [2024-02-27T17:05:01.096+0000] {dag.py:3834} INFO - Setting next_dagrun for dag_run to None, run_after=None
[2024-02-27T17:05:01.121+0000] {processor.py:183} INFO - Processing /opt/airflow/dags/dag_run.py took 0.088 seconds
[2024-02-27T17:05:31.703+0000] {processor.py:161} INFO - Started process (PID=78) to work on /opt/airflow/dags/dag_run.py
[2024-02-27T17:05:31.704+0000] {processor.py:830} INFO - Processing file /opt/airflow/dags/dag_run.py for tasks to queue
[2024-02-27T17:05:31.706+0000] {logging_mixin.py:188} INFO - [2024-02-27T17:05:31.705+0000] {dagbag.py:540} INFO - Filling up the DagBag from /opt/airflow/dags/dag_run.py
[2024-02-27T17:05:31.725+0000] {processor.py:840} INFO - DAG(s) 'dag_run' retrieved from /opt/airflow/dags/dag_run.py
[2024-02-27T17:05:31.755+0000] {logging_mixin.py:188} INFO - [2024-02-27T17:05:31.755+0000] {dag.py:3047} INFO - Sync 1 DAGs
[2024-02-27T17:05:31.774+0000] {logging_mixin.py:188} INFO - [2024-02-27T17:05:31.774+0000] {dag.py:3834} INFO - Setting next_dagrun for dag_run to None, run_after=None
[2024-02-27T17:05:31.799+0000] {processor.py:183} INFO - Processing /opt/airflow/dags/dag_run.py took 0.098 seconds
[2024-02-27T17:06:02.288+0000] {processor.py:161} INFO - Started process (PID=88) to work on /opt/airflow/dags/dag_run.py
[2024-02-27T17:06:02.289+0000] {processor.py:830} INFO - Processing file /opt/airflow/dags/dag_run.py for tasks to queue
[2024-02-27T17:06:02.290+0000] {logging_mixin.py:188} INFO - [2024-02-27T17:06:02.290+0000] {dagbag.py:540} INFO - Filling up the DagBag from /opt/airflow/dags/dag_run.py
[2024-02-27T17:06:02.305+0000] {processor.py:840} INFO - DAG(s) 'dag_run' retrieved from /opt/airflow/dags/dag_run.py
[2024-02-27T17:06:02.327+0000] {logging_mixin.py:188} INFO - [2024-02-27T17:06:02.327+0000] {dag.py:3047} INFO - Sync 1 DAGs
[2024-02-27T17:06:02.344+0000] {logging_mixin.py:188} INFO - [2024-02-27T17:06:02.344+0000] {dag.py:3834} INFO - Setting next_dagrun for dag_run to None, run_after=None
[2024-02-27T17:06:02.366+0000] {processor.py:183} INFO - Processing /opt/airflow/dags/dag_run.py took 0.079 seconds
[2024-02-27T17:06:32.904+0000] {processor.py:161} INFO - Started process (PID=98) to work on /opt/airflow/dags/dag_run.py
[2024-02-27T17:06:32.906+0000] {processor.py:830} INFO - Processing file /opt/airflow/dags/dag_run.py for tasks to queue
[2024-02-27T17:06:32.907+0000] {logging_mixin.py:188} INFO - [2024-02-27T17:06:32.907+0000] {dagbag.py:540} INFO - Filling up the DagBag from /opt/airflow/dags/dag_run.py
[2024-02-27T17:06:32.921+0000] {processor.py:840} INFO - DAG(s) 'dag_run' retrieved from /opt/airflow/dags/dag_run.py
[2024-02-27T17:06:32.960+0000] {logging_mixin.py:188} INFO - [2024-02-27T17:06:32.959+0000] {dag.py:3047} INFO - Sync 1 DAGs
[2024-02-27T17:06:32.978+0000] {logging_mixin.py:188} INFO - [2024-02-27T17:06:32.978+0000] {dag.py:3834} INFO - Setting next_dagrun for dag_run to None, run_after=None
[2024-02-27T17:06:33.003+0000] {processor.py:183} INFO - Processing /opt/airflow/dags/dag_run.py took 0.101 seconds
[2024-02-27T17:07:03.438+0000] {processor.py:161} INFO - Started process (PID=108) to work on /opt/airflow/dags/dag_run.py
[2024-02-27T17:07:03.438+0000] {processor.py:830} INFO - Processing file /opt/airflow/dags/dag_run.py for tasks to queue
[2024-02-27T17:07:03.440+0000] {logging_mixin.py:188} INFO - [2024-02-27T17:07:03.440+0000] {dagbag.py:540} INFO - Filling up the DagBag from /opt/airflow/dags/dag_run.py
[2024-02-27T17:07:03.456+0000] {processor.py:840} INFO - DAG(s) 'dag_run' retrieved from /opt/airflow/dags/dag_run.py
[2024-02-27T17:07:03.482+0000] {logging_mixin.py:188} INFO - [2024-02-27T17:07:03.482+0000] {dag.py:3047} INFO - Sync 1 DAGs
[2024-02-27T17:07:03.517+0000] {logging_mixin.py:188} INFO - [2024-02-27T17:07:03.517+0000] {dag.py:3834} INFO - Setting next_dagrun for dag_run to None, run_after=None
[2024-02-27T17:07:03.540+0000] {processor.py:183} INFO - Processing /opt/airflow/dags/dag_run.py took 0.105 seconds
[2024-02-27T17:07:34.076+0000] {processor.py:161} INFO - Started process (PID=118) to work on /opt/airflow/dags/dag_run.py
[2024-02-27T17:07:34.076+0000] {processor.py:830} INFO - Processing file /opt/airflow/dags/dag_run.py for tasks to queue
[2024-02-27T17:07:34.078+0000] {logging_mixin.py:188} INFO - [2024-02-27T17:07:34.077+0000] {dagbag.py:540} INFO - Filling up the DagBag from /opt/airflow/dags/dag_run.py
[2024-02-27T17:07:34.092+0000] {processor.py:840} INFO - DAG(s) 'dag_run' retrieved from /opt/airflow/dags/dag_run.py
[2024-02-27T17:07:34.115+0000] {logging_mixin.py:188} INFO - [2024-02-27T17:07:34.115+0000] {dag.py:3047} INFO - Sync 1 DAGs
[2024-02-27T17:07:34.133+0000] {logging_mixin.py:188} INFO - [2024-02-27T17:07:34.133+0000] {dag.py:3834} INFO - Setting next_dagrun for dag_run to None, run_after=None
[2024-02-27T17:07:34.151+0000] {processor.py:183} INFO - Processing /opt/airflow/dags/dag_run.py took 0.077 seconds
[2024-02-27T17:08:04.715+0000] {processor.py:161} INFO - Started process (PID=128) to work on /opt/airflow/dags/dag_run.py
[2024-02-27T17:08:04.716+0000] {processor.py:830} INFO - Processing file /opt/airflow/dags/dag_run.py for tasks to queue
[2024-02-27T17:08:04.717+0000] {logging_mixin.py:188} INFO - [2024-02-27T17:08:04.716+0000] {dagbag.py:540} INFO - Filling up the DagBag from /opt/airflow/dags/dag_run.py
[2024-02-27T17:08:04.738+0000] {processor.py:840} INFO - DAG(s) 'dag_run' retrieved from /opt/airflow/dags/dag_run.py
[2024-02-27T17:08:04.763+0000] {logging_mixin.py:188} INFO - [2024-02-27T17:08:04.762+0000] {dag.py:3047} INFO - Sync 1 DAGs
[2024-02-27T17:08:04.780+0000] {logging_mixin.py:188} INFO - [2024-02-27T17:08:04.780+0000] {dag.py:3834} INFO - Setting next_dagrun for dag_run to None, run_after=None
[2024-02-27T17:08:04.801+0000] {processor.py:183} INFO - Processing /opt/airflow/dags/dag_run.py took 0.088 seconds
