[2024-02-28T01:58:46.238+0000] {processor.py:161} INFO - Started process (PID=38) to work on /opt/airflow/dags/dag_run.py
[2024-02-28T01:58:46.239+0000] {processor.py:830} INFO - Processing file /opt/airflow/dags/dag_run.py for tasks to queue
[2024-02-28T01:58:46.240+0000] {logging_mixin.py:188} INFO - [2024-02-28T01:58:46.240+0000] {dagbag.py:540} INFO - Filling up the DagBag from /opt/airflow/dags/dag_run.py
[2024-02-28T01:58:46.266+0000] {processor.py:840} INFO - DAG(s) 'dag_run' retrieved from /opt/airflow/dags/dag_run.py
[2024-02-28T01:58:46.499+0000] {logging_mixin.py:188} INFO - [2024-02-28T01:58:46.499+0000] {override.py:1769} INFO - Created Permission View: can read on DAG:dag_run
[2024-02-28T01:58:46.506+0000] {logging_mixin.py:188} INFO - [2024-02-28T01:58:46.506+0000] {override.py:1769} INFO - Created Permission View: can edit on DAG:dag_run
[2024-02-28T01:58:46.509+0000] {logging_mixin.py:188} INFO - [2024-02-28T01:58:46.509+0000] {override.py:1769} INFO - Created Permission View: can delete on DAG:dag_run
[2024-02-28T01:58:46.510+0000] {logging_mixin.py:188} INFO - [2024-02-28T01:58:46.510+0000] {dag.py:3047} INFO - Sync 1 DAGs
[2024-02-28T01:58:46.517+0000] {logging_mixin.py:188} INFO - [2024-02-28T01:58:46.517+0000] {dag.py:3069} INFO - Creating ORM DAG for dag_run
[2024-02-28T01:58:46.523+0000] {logging_mixin.py:188} INFO - [2024-02-28T01:58:46.523+0000] {dag.py:3834} INFO - Setting next_dagrun for dag_run to 2024-01-01 00:00:00+00:00, run_after=2024-01-01 00:00:00+00:00
[2024-02-28T01:58:46.536+0000] {processor.py:183} INFO - Processing /opt/airflow/dags/dag_run.py took 0.300 seconds
[2024-02-28T01:59:17.270+0000] {processor.py:161} INFO - Started process (PID=49) to work on /opt/airflow/dags/dag_run.py
[2024-02-28T01:59:17.270+0000] {processor.py:830} INFO - Processing file /opt/airflow/dags/dag_run.py for tasks to queue
[2024-02-28T01:59:17.272+0000] {logging_mixin.py:188} INFO - [2024-02-28T01:59:17.272+0000] {dagbag.py:540} INFO - Filling up the DagBag from /opt/airflow/dags/dag_run.py
[2024-02-28T01:59:17.289+0000] {processor.py:840} INFO - DAG(s) 'dag_run' retrieved from /opt/airflow/dags/dag_run.py
[2024-02-28T01:59:17.302+0000] {logging_mixin.py:188} INFO - [2024-02-28T01:59:17.302+0000] {dag.py:3047} INFO - Sync 1 DAGs
[2024-02-28T01:59:17.314+0000] {logging_mixin.py:188} INFO - [2024-02-28T01:59:17.314+0000] {dag.py:3834} INFO - Setting next_dagrun for dag_run to 2024-01-01 00:00:00+00:00, run_after=2024-01-01 00:00:00+00:00
[2024-02-28T01:59:17.325+0000] {processor.py:183} INFO - Processing /opt/airflow/dags/dag_run.py took 0.057 seconds
[2024-02-28T01:59:47.852+0000] {processor.py:161} INFO - Started process (PID=59) to work on /opt/airflow/dags/dag_run.py
[2024-02-28T01:59:47.853+0000] {processor.py:830} INFO - Processing file /opt/airflow/dags/dag_run.py for tasks to queue
[2024-02-28T01:59:47.855+0000] {logging_mixin.py:188} INFO - [2024-02-28T01:59:47.855+0000] {dagbag.py:540} INFO - Filling up the DagBag from /opt/airflow/dags/dag_run.py
[2024-02-28T01:59:47.885+0000] {processor.py:840} INFO - DAG(s) 'dag_run' retrieved from /opt/airflow/dags/dag_run.py
[2024-02-28T01:59:47.898+0000] {logging_mixin.py:188} INFO - [2024-02-28T01:59:47.898+0000] {dag.py:3047} INFO - Sync 1 DAGs
[2024-02-28T01:59:47.910+0000] {logging_mixin.py:188} INFO - [2024-02-28T01:59:47.910+0000] {dag.py:3834} INFO - Setting next_dagrun for dag_run to 2024-01-01 00:00:00+00:00, run_after=2024-01-01 00:00:00+00:00
[2024-02-28T01:59:47.919+0000] {processor.py:183} INFO - Processing /opt/airflow/dags/dag_run.py took 0.069 seconds
[2024-02-28T02:00:18.489+0000] {processor.py:161} INFO - Started process (PID=69) to work on /opt/airflow/dags/dag_run.py
[2024-02-28T02:00:18.491+0000] {processor.py:830} INFO - Processing file /opt/airflow/dags/dag_run.py for tasks to queue
[2024-02-28T02:00:18.493+0000] {logging_mixin.py:188} INFO - [2024-02-28T02:00:18.493+0000] {dagbag.py:540} INFO - Filling up the DagBag from /opt/airflow/dags/dag_run.py
[2024-02-28T02:00:18.510+0000] {processor.py:840} INFO - DAG(s) 'dag_run' retrieved from /opt/airflow/dags/dag_run.py
[2024-02-28T02:00:18.524+0000] {logging_mixin.py:188} INFO - [2024-02-28T02:00:18.524+0000] {dag.py:3047} INFO - Sync 1 DAGs
[2024-02-28T02:00:18.536+0000] {logging_mixin.py:188} INFO - [2024-02-28T02:00:18.536+0000] {dag.py:3834} INFO - Setting next_dagrun for dag_run to 2024-01-01 00:00:00+00:00, run_after=2024-01-01 00:00:00+00:00
[2024-02-28T02:00:18.546+0000] {processor.py:183} INFO - Processing /opt/airflow/dags/dag_run.py took 0.058 seconds
[2024-02-28T02:00:49.047+0000] {processor.py:161} INFO - Started process (PID=79) to work on /opt/airflow/dags/dag_run.py
[2024-02-28T02:00:49.047+0000] {processor.py:830} INFO - Processing file /opt/airflow/dags/dag_run.py for tasks to queue
[2024-02-28T02:00:49.049+0000] {logging_mixin.py:188} INFO - [2024-02-28T02:00:49.048+0000] {dagbag.py:540} INFO - Filling up the DagBag from /opt/airflow/dags/dag_run.py
[2024-02-28T02:00:49.062+0000] {processor.py:840} INFO - DAG(s) 'dag_run' retrieved from /opt/airflow/dags/dag_run.py
[2024-02-28T02:00:49.076+0000] {logging_mixin.py:188} INFO - [2024-02-28T02:00:49.075+0000] {dag.py:3047} INFO - Sync 1 DAGs
[2024-02-28T02:00:49.086+0000] {logging_mixin.py:188} INFO - [2024-02-28T02:00:49.086+0000] {dag.py:3834} INFO - Setting next_dagrun for dag_run to 2024-01-01 00:00:00+00:00, run_after=2024-01-01 00:00:00+00:00
[2024-02-28T02:00:49.096+0000] {processor.py:183} INFO - Processing /opt/airflow/dags/dag_run.py took 0.051 seconds
[2024-02-28T02:01:28.776+0000] {processor.py:161} INFO - Started process (PID=38) to work on /opt/airflow/dags/dag_run.py
[2024-02-28T02:01:28.777+0000] {processor.py:830} INFO - Processing file /opt/airflow/dags/dag_run.py for tasks to queue
[2024-02-28T02:01:28.778+0000] {logging_mixin.py:188} INFO - [2024-02-28T02:01:28.778+0000] {dagbag.py:540} INFO - Filling up the DagBag from /opt/airflow/dags/dag_run.py
[2024-02-28T02:01:28.796+0000] {processor.py:840} INFO - DAG(s) 'dag_run' retrieved from /opt/airflow/dags/dag_run.py
[2024-02-28T02:01:28.963+0000] {logging_mixin.py:188} INFO - [2024-02-28T02:01:28.962+0000] {dag.py:3047} INFO - Sync 1 DAGs
[2024-02-28T02:01:28.983+0000] {logging_mixin.py:188} INFO - [2024-02-28T02:01:28.983+0000] {dag.py:3834} INFO - Setting next_dagrun for dag_run to None, run_after=None
[2024-02-28T02:01:29.007+0000] {processor.py:183} INFO - Processing /opt/airflow/dags/dag_run.py took 0.233 seconds
[2024-02-28T02:01:59.569+0000] {processor.py:161} INFO - Started process (PID=49) to work on /opt/airflow/dags/dag_run.py
[2024-02-28T02:01:59.570+0000] {processor.py:830} INFO - Processing file /opt/airflow/dags/dag_run.py for tasks to queue
[2024-02-28T02:01:59.571+0000] {logging_mixin.py:188} INFO - [2024-02-28T02:01:59.571+0000] {dagbag.py:540} INFO - Filling up the DagBag from /opt/airflow/dags/dag_run.py
[2024-02-28T02:01:59.595+0000] {processor.py:840} INFO - DAG(s) 'dag_run' retrieved from /opt/airflow/dags/dag_run.py
[2024-02-28T02:01:59.626+0000] {logging_mixin.py:188} INFO - [2024-02-28T02:01:59.626+0000] {dag.py:3047} INFO - Sync 1 DAGs
[2024-02-28T02:01:59.655+0000] {logging_mixin.py:188} INFO - [2024-02-28T02:01:59.655+0000] {dag.py:3834} INFO - Setting next_dagrun for dag_run to None, run_after=None
[2024-02-28T02:01:59.677+0000] {processor.py:183} INFO - Processing /opt/airflow/dags/dag_run.py took 0.110 seconds
[2024-02-28T02:02:30.233+0000] {processor.py:161} INFO - Started process (PID=59) to work on /opt/airflow/dags/dag_run.py
[2024-02-28T02:02:30.234+0000] {processor.py:830} INFO - Processing file /opt/airflow/dags/dag_run.py for tasks to queue
[2024-02-28T02:02:30.235+0000] {logging_mixin.py:188} INFO - [2024-02-28T02:02:30.235+0000] {dagbag.py:540} INFO - Filling up the DagBag from /opt/airflow/dags/dag_run.py
[2024-02-28T02:02:30.250+0000] {processor.py:840} INFO - DAG(s) 'dag_run' retrieved from /opt/airflow/dags/dag_run.py
[2024-02-28T02:02:30.274+0000] {logging_mixin.py:188} INFO - [2024-02-28T02:02:30.274+0000] {dag.py:3047} INFO - Sync 1 DAGs
[2024-02-28T02:02:30.291+0000] {logging_mixin.py:188} INFO - [2024-02-28T02:02:30.291+0000] {dag.py:3834} INFO - Setting next_dagrun for dag_run to None, run_after=None
[2024-02-28T02:02:30.308+0000] {processor.py:183} INFO - Processing /opt/airflow/dags/dag_run.py took 0.077 seconds
[2024-02-28T02:03:00.896+0000] {processor.py:161} INFO - Started process (PID=69) to work on /opt/airflow/dags/dag_run.py
[2024-02-28T02:03:00.902+0000] {processor.py:830} INFO - Processing file /opt/airflow/dags/dag_run.py for tasks to queue
[2024-02-28T02:03:00.903+0000] {logging_mixin.py:188} INFO - [2024-02-28T02:03:00.903+0000] {dagbag.py:540} INFO - Filling up the DagBag from /opt/airflow/dags/dag_run.py
[2024-02-28T02:03:00.917+0000] {processor.py:840} INFO - DAG(s) 'dag_run' retrieved from /opt/airflow/dags/dag_run.py
[2024-02-28T02:03:00.941+0000] {logging_mixin.py:188} INFO - [2024-02-28T02:03:00.941+0000] {dag.py:3047} INFO - Sync 1 DAGs
[2024-02-28T02:03:00.958+0000] {logging_mixin.py:188} INFO - [2024-02-28T02:03:00.958+0000] {dag.py:3834} INFO - Setting next_dagrun for dag_run to None, run_after=None
[2024-02-28T02:03:00.988+0000] {processor.py:183} INFO - Processing /opt/airflow/dags/dag_run.py took 0.094 seconds
[2024-02-28T02:03:31.591+0000] {processor.py:161} INFO - Started process (PID=79) to work on /opt/airflow/dags/dag_run.py
[2024-02-28T02:03:31.593+0000] {processor.py:830} INFO - Processing file /opt/airflow/dags/dag_run.py for tasks to queue
[2024-02-28T02:03:31.594+0000] {logging_mixin.py:188} INFO - [2024-02-28T02:03:31.594+0000] {dagbag.py:540} INFO - Filling up the DagBag from /opt/airflow/dags/dag_run.py
[2024-02-28T02:03:31.614+0000] {processor.py:840} INFO - DAG(s) 'dag_run' retrieved from /opt/airflow/dags/dag_run.py
[2024-02-28T02:03:31.641+0000] {logging_mixin.py:188} INFO - [2024-02-28T02:03:31.641+0000] {dag.py:3047} INFO - Sync 1 DAGs
[2024-02-28T02:03:31.657+0000] {logging_mixin.py:188} INFO - [2024-02-28T02:03:31.657+0000] {dag.py:3834} INFO - Setting next_dagrun for dag_run to None, run_after=None
[2024-02-28T02:03:31.679+0000] {processor.py:183} INFO - Processing /opt/airflow/dags/dag_run.py took 0.089 seconds
[2024-02-28T02:04:02.245+0000] {processor.py:161} INFO - Started process (PID=89) to work on /opt/airflow/dags/dag_run.py
[2024-02-28T02:04:02.246+0000] {processor.py:830} INFO - Processing file /opt/airflow/dags/dag_run.py for tasks to queue
[2024-02-28T02:04:02.248+0000] {logging_mixin.py:188} INFO - [2024-02-28T02:04:02.248+0000] {dagbag.py:540} INFO - Filling up the DagBag from /opt/airflow/dags/dag_run.py
[2024-02-28T02:04:02.261+0000] {processor.py:840} INFO - DAG(s) 'dag_run' retrieved from /opt/airflow/dags/dag_run.py
[2024-02-28T02:04:02.287+0000] {logging_mixin.py:188} INFO - [2024-02-28T02:04:02.287+0000] {dag.py:3047} INFO - Sync 1 DAGs
[2024-02-28T02:04:02.304+0000] {logging_mixin.py:188} INFO - [2024-02-28T02:04:02.304+0000] {dag.py:3834} INFO - Setting next_dagrun for dag_run to None, run_after=None
[2024-02-28T02:04:02.338+0000] {processor.py:183} INFO - Processing /opt/airflow/dags/dag_run.py took 0.095 seconds
[2024-02-28T02:04:32.887+0000] {processor.py:161} INFO - Started process (PID=99) to work on /opt/airflow/dags/dag_run.py
[2024-02-28T02:04:32.887+0000] {processor.py:830} INFO - Processing file /opt/airflow/dags/dag_run.py for tasks to queue
[2024-02-28T02:04:32.889+0000] {logging_mixin.py:188} INFO - [2024-02-28T02:04:32.889+0000] {dagbag.py:540} INFO - Filling up the DagBag from /opt/airflow/dags/dag_run.py
[2024-02-28T02:04:32.908+0000] {processor.py:840} INFO - DAG(s) 'dag_run' retrieved from /opt/airflow/dags/dag_run.py
[2024-02-28T02:04:32.932+0000] {logging_mixin.py:188} INFO - [2024-02-28T02:04:32.932+0000] {dag.py:3047} INFO - Sync 1 DAGs
[2024-02-28T02:04:32.949+0000] {logging_mixin.py:188} INFO - [2024-02-28T02:04:32.949+0000] {dag.py:3834} INFO - Setting next_dagrun for dag_run to None, run_after=None
[2024-02-28T02:04:32.973+0000] {processor.py:183} INFO - Processing /opt/airflow/dags/dag_run.py took 0.089 seconds
[2024-02-28T02:05:03.486+0000] {processor.py:161} INFO - Started process (PID=109) to work on /opt/airflow/dags/dag_run.py
[2024-02-28T02:05:03.487+0000] {processor.py:830} INFO - Processing file /opt/airflow/dags/dag_run.py for tasks to queue
[2024-02-28T02:05:03.488+0000] {logging_mixin.py:188} INFO - [2024-02-28T02:05:03.488+0000] {dagbag.py:540} INFO - Filling up the DagBag from /opt/airflow/dags/dag_run.py
[2024-02-28T02:05:03.504+0000] {processor.py:840} INFO - DAG(s) 'dag_run' retrieved from /opt/airflow/dags/dag_run.py
[2024-02-28T02:05:03.532+0000] {logging_mixin.py:188} INFO - [2024-02-28T02:05:03.532+0000] {dag.py:3047} INFO - Sync 1 DAGs
[2024-02-28T02:05:03.555+0000] {logging_mixin.py:188} INFO - [2024-02-28T02:05:03.555+0000] {dag.py:3834} INFO - Setting next_dagrun for dag_run to None, run_after=None
[2024-02-28T02:05:03.585+0000] {processor.py:183} INFO - Processing /opt/airflow/dags/dag_run.py took 0.101 seconds
[2024-02-28T02:05:34.090+0000] {processor.py:161} INFO - Started process (PID=119) to work on /opt/airflow/dags/dag_run.py
[2024-02-28T02:05:34.093+0000] {processor.py:830} INFO - Processing file /opt/airflow/dags/dag_run.py for tasks to queue
[2024-02-28T02:05:34.095+0000] {logging_mixin.py:188} INFO - [2024-02-28T02:05:34.095+0000] {dagbag.py:540} INFO - Filling up the DagBag from /opt/airflow/dags/dag_run.py
[2024-02-28T02:05:34.107+0000] {processor.py:840} INFO - DAG(s) 'dag_run' retrieved from /opt/airflow/dags/dag_run.py
[2024-02-28T02:05:34.139+0000] {logging_mixin.py:188} INFO - [2024-02-28T02:05:34.139+0000] {dag.py:3047} INFO - Sync 1 DAGs
[2024-02-28T02:05:34.157+0000] {logging_mixin.py:188} INFO - [2024-02-28T02:05:34.157+0000] {dag.py:3834} INFO - Setting next_dagrun for dag_run to None, run_after=None
[2024-02-28T02:05:34.174+0000] {processor.py:183} INFO - Processing /opt/airflow/dags/dag_run.py took 0.086 seconds
[2024-02-28T02:06:04.717+0000] {processor.py:161} INFO - Started process (PID=129) to work on /opt/airflow/dags/dag_run.py
[2024-02-28T02:06:04.718+0000] {processor.py:830} INFO - Processing file /opt/airflow/dags/dag_run.py for tasks to queue
[2024-02-28T02:06:04.719+0000] {logging_mixin.py:188} INFO - [2024-02-28T02:06:04.719+0000] {dagbag.py:540} INFO - Filling up the DagBag from /opt/airflow/dags/dag_run.py
[2024-02-28T02:06:04.737+0000] {processor.py:840} INFO - DAG(s) 'dag_run' retrieved from /opt/airflow/dags/dag_run.py
[2024-02-28T02:06:04.761+0000] {logging_mixin.py:188} INFO - [2024-02-28T02:06:04.760+0000] {dag.py:3047} INFO - Sync 1 DAGs
[2024-02-28T02:06:04.776+0000] {logging_mixin.py:188} INFO - [2024-02-28T02:06:04.776+0000] {dag.py:3834} INFO - Setting next_dagrun for dag_run to None, run_after=None
[2024-02-28T02:06:04.795+0000] {processor.py:183} INFO - Processing /opt/airflow/dags/dag_run.py took 0.080 seconds
[2024-02-28T02:06:35.399+0000] {processor.py:161} INFO - Started process (PID=139) to work on /opt/airflow/dags/dag_run.py
[2024-02-28T02:06:35.400+0000] {processor.py:830} INFO - Processing file /opt/airflow/dags/dag_run.py for tasks to queue
[2024-02-28T02:06:35.401+0000] {logging_mixin.py:188} INFO - [2024-02-28T02:06:35.401+0000] {dagbag.py:540} INFO - Filling up the DagBag from /opt/airflow/dags/dag_run.py
[2024-02-28T02:06:35.417+0000] {processor.py:840} INFO - DAG(s) 'dag_run' retrieved from /opt/airflow/dags/dag_run.py
[2024-02-28T02:06:35.444+0000] {logging_mixin.py:188} INFO - [2024-02-28T02:06:35.444+0000] {dag.py:3047} INFO - Sync 1 DAGs
[2024-02-28T02:06:35.466+0000] {logging_mixin.py:188} INFO - [2024-02-28T02:06:35.466+0000] {dag.py:3834} INFO - Setting next_dagrun for dag_run to None, run_after=None
[2024-02-28T02:06:35.495+0000] {processor.py:183} INFO - Processing /opt/airflow/dags/dag_run.py took 0.098 seconds
[2024-02-28T02:07:06.078+0000] {processor.py:161} INFO - Started process (PID=149) to work on /opt/airflow/dags/dag_run.py
[2024-02-28T02:07:06.079+0000] {processor.py:830} INFO - Processing file /opt/airflow/dags/dag_run.py for tasks to queue
[2024-02-28T02:07:06.080+0000] {logging_mixin.py:188} INFO - [2024-02-28T02:07:06.080+0000] {dagbag.py:540} INFO - Filling up the DagBag from /opt/airflow/dags/dag_run.py
[2024-02-28T02:07:06.096+0000] {processor.py:840} INFO - DAG(s) 'dag_run' retrieved from /opt/airflow/dags/dag_run.py
[2024-02-28T02:07:06.123+0000] {logging_mixin.py:188} INFO - [2024-02-28T02:07:06.123+0000] {dag.py:3047} INFO - Sync 1 DAGs
[2024-02-28T02:07:06.145+0000] {logging_mixin.py:188} INFO - [2024-02-28T02:07:06.145+0000] {dag.py:3834} INFO - Setting next_dagrun for dag_run to None, run_after=None
[2024-02-28T02:07:06.177+0000] {processor.py:183} INFO - Processing /opt/airflow/dags/dag_run.py took 0.101 seconds
[2024-02-28T02:07:36.713+0000] {processor.py:161} INFO - Started process (PID=159) to work on /opt/airflow/dags/dag_run.py
[2024-02-28T02:07:36.714+0000] {processor.py:830} INFO - Processing file /opt/airflow/dags/dag_run.py for tasks to queue
[2024-02-28T02:07:36.716+0000] {logging_mixin.py:188} INFO - [2024-02-28T02:07:36.716+0000] {dagbag.py:540} INFO - Filling up the DagBag from /opt/airflow/dags/dag_run.py
[2024-02-28T02:07:36.734+0000] {processor.py:840} INFO - DAG(s) 'dag_run' retrieved from /opt/airflow/dags/dag_run.py
[2024-02-28T02:07:36.762+0000] {logging_mixin.py:188} INFO - [2024-02-28T02:07:36.762+0000] {dag.py:3047} INFO - Sync 1 DAGs
[2024-02-28T02:07:36.784+0000] {logging_mixin.py:188} INFO - [2024-02-28T02:07:36.784+0000] {dag.py:3834} INFO - Setting next_dagrun for dag_run to None, run_after=None
[2024-02-28T02:07:36.806+0000] {processor.py:183} INFO - Processing /opt/airflow/dags/dag_run.py took 0.095 seconds
[2024-02-28T02:08:07.371+0000] {processor.py:161} INFO - Started process (PID=170) to work on /opt/airflow/dags/dag_run.py
[2024-02-28T02:08:07.371+0000] {processor.py:830} INFO - Processing file /opt/airflow/dags/dag_run.py for tasks to queue
[2024-02-28T02:08:07.373+0000] {logging_mixin.py:188} INFO - [2024-02-28T02:08:07.373+0000] {dagbag.py:540} INFO - Filling up the DagBag from /opt/airflow/dags/dag_run.py
[2024-02-28T02:08:07.387+0000] {processor.py:840} INFO - DAG(s) 'dag_run' retrieved from /opt/airflow/dags/dag_run.py
[2024-02-28T02:08:07.411+0000] {logging_mixin.py:188} INFO - [2024-02-28T02:08:07.411+0000] {dag.py:3047} INFO - Sync 1 DAGs
[2024-02-28T02:08:07.429+0000] {logging_mixin.py:188} INFO - [2024-02-28T02:08:07.429+0000] {dag.py:3834} INFO - Setting next_dagrun for dag_run to None, run_after=None
[2024-02-28T02:08:07.447+0000] {processor.py:183} INFO - Processing /opt/airflow/dags/dag_run.py took 0.079 seconds
[2024-02-28T02:08:38.014+0000] {processor.py:161} INFO - Started process (PID=180) to work on /opt/airflow/dags/dag_run.py
[2024-02-28T02:08:38.016+0000] {processor.py:830} INFO - Processing file /opt/airflow/dags/dag_run.py for tasks to queue
[2024-02-28T02:08:38.017+0000] {logging_mixin.py:188} INFO - [2024-02-28T02:08:38.017+0000] {dagbag.py:540} INFO - Filling up the DagBag from /opt/airflow/dags/dag_run.py
[2024-02-28T02:08:38.030+0000] {processor.py:840} INFO - DAG(s) 'dag_run' retrieved from /opt/airflow/dags/dag_run.py
[2024-02-28T02:08:38.055+0000] {logging_mixin.py:188} INFO - [2024-02-28T02:08:38.055+0000] {dag.py:3047} INFO - Sync 1 DAGs
[2024-02-28T02:08:38.070+0000] {logging_mixin.py:188} INFO - [2024-02-28T02:08:38.070+0000] {dag.py:3834} INFO - Setting next_dagrun for dag_run to None, run_after=None
[2024-02-28T02:08:38.089+0000] {processor.py:183} INFO - Processing /opt/airflow/dags/dag_run.py took 0.076 seconds
[2024-02-28T02:09:08.756+0000] {processor.py:161} INFO - Started process (PID=190) to work on /opt/airflow/dags/dag_run.py
[2024-02-28T02:09:08.757+0000] {processor.py:830} INFO - Processing file /opt/airflow/dags/dag_run.py for tasks to queue
[2024-02-28T02:09:08.758+0000] {logging_mixin.py:188} INFO - [2024-02-28T02:09:08.758+0000] {dagbag.py:540} INFO - Filling up the DagBag from /opt/airflow/dags/dag_run.py
[2024-02-28T02:09:08.773+0000] {processor.py:840} INFO - DAG(s) 'dag_run' retrieved from /opt/airflow/dags/dag_run.py
[2024-02-28T02:09:08.801+0000] {logging_mixin.py:188} INFO - [2024-02-28T02:09:08.800+0000] {dag.py:3047} INFO - Sync 1 DAGs
[2024-02-28T02:09:08.817+0000] {logging_mixin.py:188} INFO - [2024-02-28T02:09:08.817+0000] {dag.py:3834} INFO - Setting next_dagrun for dag_run to None, run_after=None
[2024-02-28T02:09:08.836+0000] {processor.py:183} INFO - Processing /opt/airflow/dags/dag_run.py took 0.082 seconds
[2024-02-28T02:09:39.334+0000] {processor.py:161} INFO - Started process (PID=200) to work on /opt/airflow/dags/dag_run.py
[2024-02-28T02:09:39.335+0000] {processor.py:830} INFO - Processing file /opt/airflow/dags/dag_run.py for tasks to queue
[2024-02-28T02:09:39.336+0000] {logging_mixin.py:188} INFO - [2024-02-28T02:09:39.336+0000] {dagbag.py:540} INFO - Filling up the DagBag from /opt/airflow/dags/dag_run.py
[2024-02-28T02:09:39.357+0000] {processor.py:840} INFO - DAG(s) 'dag_run' retrieved from /opt/airflow/dags/dag_run.py
[2024-02-28T02:09:39.387+0000] {logging_mixin.py:188} INFO - [2024-02-28T02:09:39.387+0000] {dag.py:3047} INFO - Sync 1 DAGs
[2024-02-28T02:09:39.406+0000] {logging_mixin.py:188} INFO - [2024-02-28T02:09:39.406+0000] {dag.py:3834} INFO - Setting next_dagrun for dag_run to None, run_after=None
[2024-02-28T02:09:39.430+0000] {processor.py:183} INFO - Processing /opt/airflow/dags/dag_run.py took 0.099 seconds
[2024-02-28T02:10:09.836+0000] {processor.py:161} INFO - Started process (PID=210) to work on /opt/airflow/dags/dag_run.py
[2024-02-28T02:10:09.837+0000] {processor.py:830} INFO - Processing file /opt/airflow/dags/dag_run.py for tasks to queue
[2024-02-28T02:10:09.838+0000] {logging_mixin.py:188} INFO - [2024-02-28T02:10:09.838+0000] {dagbag.py:540} INFO - Filling up the DagBag from /opt/airflow/dags/dag_run.py
[2024-02-28T02:10:09.851+0000] {processor.py:840} INFO - DAG(s) 'dag_run' retrieved from /opt/airflow/dags/dag_run.py
[2024-02-28T02:10:09.875+0000] {logging_mixin.py:188} INFO - [2024-02-28T02:10:09.875+0000] {dag.py:3047} INFO - Sync 1 DAGs
[2024-02-28T02:10:09.891+0000] {logging_mixin.py:188} INFO - [2024-02-28T02:10:09.891+0000] {dag.py:3834} INFO - Setting next_dagrun for dag_run to None, run_after=None
[2024-02-28T02:10:09.910+0000] {processor.py:183} INFO - Processing /opt/airflow/dags/dag_run.py took 0.075 seconds
[2024-02-28T02:10:40.472+0000] {processor.py:161} INFO - Started process (PID=220) to work on /opt/airflow/dags/dag_run.py
[2024-02-28T02:10:40.473+0000] {processor.py:830} INFO - Processing file /opt/airflow/dags/dag_run.py for tasks to queue
[2024-02-28T02:10:40.474+0000] {logging_mixin.py:188} INFO - [2024-02-28T02:10:40.474+0000] {dagbag.py:540} INFO - Filling up the DagBag from /opt/airflow/dags/dag_run.py
[2024-02-28T02:10:40.499+0000] {processor.py:840} INFO - DAG(s) 'dag_run' retrieved from /opt/airflow/dags/dag_run.py
[2024-02-28T02:10:40.528+0000] {logging_mixin.py:188} INFO - [2024-02-28T02:10:40.528+0000] {dag.py:3047} INFO - Sync 1 DAGs
[2024-02-28T02:10:40.544+0000] {logging_mixin.py:188} INFO - [2024-02-28T02:10:40.544+0000] {dag.py:3834} INFO - Setting next_dagrun for dag_run to None, run_after=None
[2024-02-28T02:10:40.565+0000] {processor.py:183} INFO - Processing /opt/airflow/dags/dag_run.py took 0.095 seconds
[2024-02-28T02:11:11.176+0000] {processor.py:161} INFO - Started process (PID=230) to work on /opt/airflow/dags/dag_run.py
[2024-02-28T02:11:11.177+0000] {processor.py:830} INFO - Processing file /opt/airflow/dags/dag_run.py for tasks to queue
[2024-02-28T02:11:11.178+0000] {logging_mixin.py:188} INFO - [2024-02-28T02:11:11.178+0000] {dagbag.py:540} INFO - Filling up the DagBag from /opt/airflow/dags/dag_run.py
[2024-02-28T02:11:11.195+0000] {processor.py:840} INFO - DAG(s) 'dag_run' retrieved from /opt/airflow/dags/dag_run.py
[2024-02-28T02:11:11.230+0000] {logging_mixin.py:188} INFO - [2024-02-28T02:11:11.230+0000] {dag.py:3047} INFO - Sync 1 DAGs
[2024-02-28T02:11:11.248+0000] {logging_mixin.py:188} INFO - [2024-02-28T02:11:11.248+0000] {dag.py:3834} INFO - Setting next_dagrun for dag_run to None, run_after=None
[2024-02-28T02:11:11.276+0000] {processor.py:183} INFO - Processing /opt/airflow/dags/dag_run.py took 0.103 seconds
[2024-02-28T02:11:42.005+0000] {processor.py:161} INFO - Started process (PID=241) to work on /opt/airflow/dags/dag_run.py
[2024-02-28T02:11:42.006+0000] {processor.py:830} INFO - Processing file /opt/airflow/dags/dag_run.py for tasks to queue
[2024-02-28T02:11:42.008+0000] {logging_mixin.py:188} INFO - [2024-02-28T02:11:42.008+0000] {dagbag.py:540} INFO - Filling up the DagBag from /opt/airflow/dags/dag_run.py
[2024-02-28T02:11:42.033+0000] {processor.py:840} INFO - DAG(s) 'dag_run' retrieved from /opt/airflow/dags/dag_run.py
[2024-02-28T02:11:42.056+0000] {logging_mixin.py:188} INFO - [2024-02-28T02:11:42.056+0000] {dag.py:3047} INFO - Sync 1 DAGs
[2024-02-28T02:11:42.072+0000] {logging_mixin.py:188} INFO - [2024-02-28T02:11:42.071+0000] {dag.py:3834} INFO - Setting next_dagrun for dag_run to None, run_after=None
[2024-02-28T02:11:42.090+0000] {processor.py:183} INFO - Processing /opt/airflow/dags/dag_run.py took 0.087 seconds
[2024-02-28T02:12:12.631+0000] {processor.py:161} INFO - Started process (PID=252) to work on /opt/airflow/dags/dag_run.py
[2024-02-28T02:12:12.632+0000] {processor.py:830} INFO - Processing file /opt/airflow/dags/dag_run.py for tasks to queue
[2024-02-28T02:12:12.633+0000] {logging_mixin.py:188} INFO - [2024-02-28T02:12:12.633+0000] {dagbag.py:540} INFO - Filling up the DagBag from /opt/airflow/dags/dag_run.py
[2024-02-28T02:12:12.644+0000] {processor.py:840} INFO - DAG(s) 'dag_run' retrieved from /opt/airflow/dags/dag_run.py
[2024-02-28T02:12:12.665+0000] {logging_mixin.py:188} INFO - [2024-02-28T02:12:12.665+0000] {dag.py:3047} INFO - Sync 1 DAGs
[2024-02-28T02:12:12.681+0000] {logging_mixin.py:188} INFO - [2024-02-28T02:12:12.681+0000] {dag.py:3834} INFO - Setting next_dagrun for dag_run to None, run_after=None
[2024-02-28T02:12:12.698+0000] {processor.py:183} INFO - Processing /opt/airflow/dags/dag_run.py took 0.069 seconds
[2024-02-28T02:12:43.365+0000] {processor.py:161} INFO - Started process (PID=263) to work on /opt/airflow/dags/dag_run.py
[2024-02-28T02:12:43.365+0000] {processor.py:830} INFO - Processing file /opt/airflow/dags/dag_run.py for tasks to queue
[2024-02-28T02:12:43.367+0000] {logging_mixin.py:188} INFO - [2024-02-28T02:12:43.366+0000] {dagbag.py:540} INFO - Filling up the DagBag from /opt/airflow/dags/dag_run.py
[2024-02-28T02:12:43.381+0000] {processor.py:840} INFO - DAG(s) 'dag_run' retrieved from /opt/airflow/dags/dag_run.py
[2024-02-28T02:12:43.405+0000] {logging_mixin.py:188} INFO - [2024-02-28T02:12:43.404+0000] {dag.py:3047} INFO - Sync 1 DAGs
[2024-02-28T02:12:43.421+0000] {logging_mixin.py:188} INFO - [2024-02-28T02:12:43.421+0000] {dag.py:3834} INFO - Setting next_dagrun for dag_run to None, run_after=None
[2024-02-28T02:12:43.454+0000] {processor.py:183} INFO - Processing /opt/airflow/dags/dag_run.py took 0.091 seconds
[2024-02-28T02:13:14.073+0000] {processor.py:161} INFO - Started process (PID=274) to work on /opt/airflow/dags/dag_run.py
[2024-02-28T02:13:14.074+0000] {processor.py:830} INFO - Processing file /opt/airflow/dags/dag_run.py for tasks to queue
[2024-02-28T02:13:14.075+0000] {logging_mixin.py:188} INFO - [2024-02-28T02:13:14.075+0000] {dagbag.py:540} INFO - Filling up the DagBag from /opt/airflow/dags/dag_run.py
[2024-02-28T02:13:14.088+0000] {processor.py:840} INFO - DAG(s) 'dag_run' retrieved from /opt/airflow/dags/dag_run.py
[2024-02-28T02:13:14.114+0000] {logging_mixin.py:188} INFO - [2024-02-28T02:13:14.113+0000] {dag.py:3047} INFO - Sync 1 DAGs
[2024-02-28T02:13:14.131+0000] {logging_mixin.py:188} INFO - [2024-02-28T02:13:14.130+0000] {dag.py:3834} INFO - Setting next_dagrun for dag_run to None, run_after=None
[2024-02-28T02:13:14.153+0000] {processor.py:183} INFO - Processing /opt/airflow/dags/dag_run.py took 0.082 seconds
[2024-02-28T02:13:44.783+0000] {processor.py:161} INFO - Started process (PID=285) to work on /opt/airflow/dags/dag_run.py
[2024-02-28T02:13:44.784+0000] {processor.py:830} INFO - Processing file /opt/airflow/dags/dag_run.py for tasks to queue
[2024-02-28T02:13:44.785+0000] {logging_mixin.py:188} INFO - [2024-02-28T02:13:44.785+0000] {dagbag.py:540} INFO - Filling up the DagBag from /opt/airflow/dags/dag_run.py
[2024-02-28T02:13:44.798+0000] {processor.py:840} INFO - DAG(s) 'dag_run' retrieved from /opt/airflow/dags/dag_run.py
[2024-02-28T02:13:44.821+0000] {logging_mixin.py:188} INFO - [2024-02-28T02:13:44.821+0000] {dag.py:3047} INFO - Sync 1 DAGs
[2024-02-28T02:13:44.838+0000] {logging_mixin.py:188} INFO - [2024-02-28T02:13:44.837+0000] {dag.py:3834} INFO - Setting next_dagrun for dag_run to None, run_after=None
[2024-02-28T02:13:44.854+0000] {processor.py:183} INFO - Processing /opt/airflow/dags/dag_run.py took 0.073 seconds
[2024-02-28T02:14:15.481+0000] {processor.py:161} INFO - Started process (PID=296) to work on /opt/airflow/dags/dag_run.py
[2024-02-28T02:14:15.482+0000] {processor.py:830} INFO - Processing file /opt/airflow/dags/dag_run.py for tasks to queue
[2024-02-28T02:14:15.483+0000] {logging_mixin.py:188} INFO - [2024-02-28T02:14:15.483+0000] {dagbag.py:540} INFO - Filling up the DagBag from /opt/airflow/dags/dag_run.py
[2024-02-28T02:14:15.504+0000] {processor.py:840} INFO - DAG(s) 'dag_run' retrieved from /opt/airflow/dags/dag_run.py
[2024-02-28T02:14:15.530+0000] {logging_mixin.py:188} INFO - [2024-02-28T02:14:15.530+0000] {dag.py:3047} INFO - Sync 1 DAGs
[2024-02-28T02:14:15.548+0000] {logging_mixin.py:188} INFO - [2024-02-28T02:14:15.548+0000] {dag.py:3834} INFO - Setting next_dagrun for dag_run to None, run_after=None
[2024-02-28T02:14:15.572+0000] {processor.py:183} INFO - Processing /opt/airflow/dags/dag_run.py took 0.093 seconds
[2024-02-28T02:14:46.179+0000] {processor.py:161} INFO - Started process (PID=307) to work on /opt/airflow/dags/dag_run.py
[2024-02-28T02:14:46.180+0000] {processor.py:830} INFO - Processing file /opt/airflow/dags/dag_run.py for tasks to queue
[2024-02-28T02:14:46.181+0000] {logging_mixin.py:188} INFO - [2024-02-28T02:14:46.181+0000] {dagbag.py:540} INFO - Filling up the DagBag from /opt/airflow/dags/dag_run.py
[2024-02-28T02:14:46.194+0000] {processor.py:840} INFO - DAG(s) 'dag_run' retrieved from /opt/airflow/dags/dag_run.py
[2024-02-28T02:14:46.219+0000] {logging_mixin.py:188} INFO - [2024-02-28T02:14:46.219+0000] {dag.py:3047} INFO - Sync 1 DAGs
[2024-02-28T02:14:46.234+0000] {logging_mixin.py:188} INFO - [2024-02-28T02:14:46.234+0000] {dag.py:3834} INFO - Setting next_dagrun for dag_run to None, run_after=None
[2024-02-28T02:14:46.252+0000] {processor.py:183} INFO - Processing /opt/airflow/dags/dag_run.py took 0.075 seconds
[2024-02-28T02:15:16.851+0000] {processor.py:161} INFO - Started process (PID=319) to work on /opt/airflow/dags/dag_run.py
[2024-02-28T02:15:16.851+0000] {processor.py:830} INFO - Processing file /opt/airflow/dags/dag_run.py for tasks to queue
[2024-02-28T02:15:16.853+0000] {logging_mixin.py:188} INFO - [2024-02-28T02:15:16.853+0000] {dagbag.py:540} INFO - Filling up the DagBag from /opt/airflow/dags/dag_run.py
[2024-02-28T02:15:16.874+0000] {processor.py:840} INFO - DAG(s) 'dag_run' retrieved from /opt/airflow/dags/dag_run.py
[2024-02-28T02:15:16.900+0000] {logging_mixin.py:188} INFO - [2024-02-28T02:15:16.900+0000] {dag.py:3047} INFO - Sync 1 DAGs
[2024-02-28T02:15:16.917+0000] {logging_mixin.py:188} INFO - [2024-02-28T02:15:16.916+0000] {dag.py:3834} INFO - Setting next_dagrun for dag_run to None, run_after=None
[2024-02-28T02:15:16.936+0000] {processor.py:183} INFO - Processing /opt/airflow/dags/dag_run.py took 0.088 seconds
[2024-02-28T02:15:47.640+0000] {processor.py:161} INFO - Started process (PID=330) to work on /opt/airflow/dags/dag_run.py
[2024-02-28T02:15:47.642+0000] {processor.py:830} INFO - Processing file /opt/airflow/dags/dag_run.py for tasks to queue
[2024-02-28T02:15:47.645+0000] {logging_mixin.py:188} INFO - [2024-02-28T02:15:47.645+0000] {dagbag.py:540} INFO - Filling up the DagBag from /opt/airflow/dags/dag_run.py
[2024-02-28T02:15:47.662+0000] {processor.py:840} INFO - DAG(s) 'dag_run' retrieved from /opt/airflow/dags/dag_run.py
[2024-02-28T02:15:47.692+0000] {logging_mixin.py:188} INFO - [2024-02-28T02:15:47.692+0000] {dag.py:3047} INFO - Sync 1 DAGs
[2024-02-28T02:15:47.710+0000] {logging_mixin.py:188} INFO - [2024-02-28T02:15:47.710+0000] {dag.py:3834} INFO - Setting next_dagrun for dag_run to None, run_after=None
[2024-02-28T02:15:47.743+0000] {processor.py:183} INFO - Processing /opt/airflow/dags/dag_run.py took 0.105 seconds
[2024-02-28T02:16:18.449+0000] {processor.py:161} INFO - Started process (PID=341) to work on /opt/airflow/dags/dag_run.py
[2024-02-28T02:16:18.449+0000] {processor.py:830} INFO - Processing file /opt/airflow/dags/dag_run.py for tasks to queue
[2024-02-28T02:16:18.451+0000] {logging_mixin.py:188} INFO - [2024-02-28T02:16:18.450+0000] {dagbag.py:540} INFO - Filling up the DagBag from /opt/airflow/dags/dag_run.py
[2024-02-28T02:16:18.463+0000] {processor.py:840} INFO - DAG(s) 'dag_run' retrieved from /opt/airflow/dags/dag_run.py
[2024-02-28T02:16:18.488+0000] {logging_mixin.py:188} INFO - [2024-02-28T02:16:18.488+0000] {dag.py:3047} INFO - Sync 1 DAGs
[2024-02-28T02:16:18.506+0000] {logging_mixin.py:188} INFO - [2024-02-28T02:16:18.506+0000] {dag.py:3834} INFO - Setting next_dagrun for dag_run to None, run_after=None
[2024-02-28T02:16:18.532+0000] {processor.py:183} INFO - Processing /opt/airflow/dags/dag_run.py took 0.085 seconds
[2024-02-28T02:16:49.204+0000] {processor.py:161} INFO - Started process (PID=352) to work on /opt/airflow/dags/dag_run.py
[2024-02-28T02:16:49.204+0000] {processor.py:830} INFO - Processing file /opt/airflow/dags/dag_run.py for tasks to queue
[2024-02-28T02:16:49.206+0000] {logging_mixin.py:188} INFO - [2024-02-28T02:16:49.205+0000] {dagbag.py:540} INFO - Filling up the DagBag from /opt/airflow/dags/dag_run.py
[2024-02-28T02:16:49.221+0000] {processor.py:840} INFO - DAG(s) 'dag_run' retrieved from /opt/airflow/dags/dag_run.py
[2024-02-28T02:16:49.247+0000] {logging_mixin.py:188} INFO - [2024-02-28T02:16:49.247+0000] {dag.py:3047} INFO - Sync 1 DAGs
[2024-02-28T02:16:49.264+0000] {logging_mixin.py:188} INFO - [2024-02-28T02:16:49.264+0000] {dag.py:3834} INFO - Setting next_dagrun for dag_run to None, run_after=None
[2024-02-28T02:16:49.283+0000] {processor.py:183} INFO - Processing /opt/airflow/dags/dag_run.py took 0.081 seconds
[2024-02-28T02:17:19.939+0000] {processor.py:161} INFO - Started process (PID=363) to work on /opt/airflow/dags/dag_run.py
[2024-02-28T02:17:19.940+0000] {processor.py:830} INFO - Processing file /opt/airflow/dags/dag_run.py for tasks to queue
[2024-02-28T02:17:19.941+0000] {logging_mixin.py:188} INFO - [2024-02-28T02:17:19.941+0000] {dagbag.py:540} INFO - Filling up the DagBag from /opt/airflow/dags/dag_run.py
[2024-02-28T02:17:19.955+0000] {processor.py:840} INFO - DAG(s) 'dag_run' retrieved from /opt/airflow/dags/dag_run.py
[2024-02-28T02:17:19.979+0000] {logging_mixin.py:188} INFO - [2024-02-28T02:17:19.979+0000] {dag.py:3047} INFO - Sync 1 DAGs
[2024-02-28T02:17:19.995+0000] {logging_mixin.py:188} INFO - [2024-02-28T02:17:19.995+0000] {dag.py:3834} INFO - Setting next_dagrun for dag_run to None, run_after=None
[2024-02-28T02:17:20.013+0000] {processor.py:183} INFO - Processing /opt/airflow/dags/dag_run.py took 0.075 seconds
[2024-02-28T02:17:50.566+0000] {processor.py:161} INFO - Started process (PID=374) to work on /opt/airflow/dags/dag_run.py
[2024-02-28T02:17:50.567+0000] {processor.py:830} INFO - Processing file /opt/airflow/dags/dag_run.py for tasks to queue
[2024-02-28T02:17:50.568+0000] {logging_mixin.py:188} INFO - [2024-02-28T02:17:50.568+0000] {dagbag.py:540} INFO - Filling up the DagBag from /opt/airflow/dags/dag_run.py
[2024-02-28T02:17:50.582+0000] {processor.py:840} INFO - DAG(s) 'dag_run' retrieved from /opt/airflow/dags/dag_run.py
[2024-02-28T02:17:50.607+0000] {logging_mixin.py:188} INFO - [2024-02-28T02:17:50.607+0000] {dag.py:3047} INFO - Sync 1 DAGs
[2024-02-28T02:17:50.623+0000] {logging_mixin.py:188} INFO - [2024-02-28T02:17:50.623+0000] {dag.py:3834} INFO - Setting next_dagrun for dag_run to None, run_after=None
[2024-02-28T02:17:50.647+0000] {processor.py:183} INFO - Processing /opt/airflow/dags/dag_run.py took 0.082 seconds
[2024-02-28T02:18:21.376+0000] {processor.py:161} INFO - Started process (PID=385) to work on /opt/airflow/dags/dag_run.py
[2024-02-28T02:18:21.377+0000] {processor.py:830} INFO - Processing file /opt/airflow/dags/dag_run.py for tasks to queue
[2024-02-28T02:18:21.378+0000] {logging_mixin.py:188} INFO - [2024-02-28T02:18:21.378+0000] {dagbag.py:540} INFO - Filling up the DagBag from /opt/airflow/dags/dag_run.py
[2024-02-28T02:18:21.399+0000] {processor.py:840} INFO - DAG(s) 'dag_run' retrieved from /opt/airflow/dags/dag_run.py
[2024-02-28T02:18:21.424+0000] {logging_mixin.py:188} INFO - [2024-02-28T02:18:21.424+0000] {dag.py:3047} INFO - Sync 1 DAGs
[2024-02-28T02:18:21.440+0000] {logging_mixin.py:188} INFO - [2024-02-28T02:18:21.439+0000] {dag.py:3834} INFO - Setting next_dagrun for dag_run to None, run_after=None
[2024-02-28T02:18:21.459+0000] {processor.py:183} INFO - Processing /opt/airflow/dags/dag_run.py took 0.084 seconds
[2024-02-28T02:18:52.132+0000] {processor.py:161} INFO - Started process (PID=396) to work on /opt/airflow/dags/dag_run.py
[2024-02-28T02:18:52.133+0000] {processor.py:830} INFO - Processing file /opt/airflow/dags/dag_run.py for tasks to queue
[2024-02-28T02:18:52.135+0000] {logging_mixin.py:188} INFO - [2024-02-28T02:18:52.134+0000] {dagbag.py:540} INFO - Filling up the DagBag from /opt/airflow/dags/dag_run.py
[2024-02-28T02:18:52.148+0000] {processor.py:840} INFO - DAG(s) 'dag_run' retrieved from /opt/airflow/dags/dag_run.py
[2024-02-28T02:18:52.182+0000] {logging_mixin.py:188} INFO - [2024-02-28T02:18:52.181+0000] {dag.py:3047} INFO - Sync 1 DAGs
[2024-02-28T02:18:52.199+0000] {logging_mixin.py:188} INFO - [2024-02-28T02:18:52.199+0000] {dag.py:3834} INFO - Setting next_dagrun for dag_run to None, run_after=None
[2024-02-28T02:18:52.225+0000] {processor.py:183} INFO - Processing /opt/airflow/dags/dag_run.py took 0.095 seconds
[2024-02-28T02:19:22.873+0000] {processor.py:161} INFO - Started process (PID=407) to work on /opt/airflow/dags/dag_run.py
[2024-02-28T02:19:22.874+0000] {processor.py:830} INFO - Processing file /opt/airflow/dags/dag_run.py for tasks to queue
[2024-02-28T02:19:22.876+0000] {logging_mixin.py:188} INFO - [2024-02-28T02:19:22.875+0000] {dagbag.py:540} INFO - Filling up the DagBag from /opt/airflow/dags/dag_run.py
[2024-02-28T02:19:22.891+0000] {processor.py:840} INFO - DAG(s) 'dag_run' retrieved from /opt/airflow/dags/dag_run.py
[2024-02-28T02:19:22.918+0000] {logging_mixin.py:188} INFO - [2024-02-28T02:19:22.918+0000] {dag.py:3047} INFO - Sync 1 DAGs
[2024-02-28T02:19:22.936+0000] {logging_mixin.py:188} INFO - [2024-02-28T02:19:22.936+0000] {dag.py:3834} INFO - Setting next_dagrun for dag_run to None, run_after=None
[2024-02-28T02:19:22.957+0000] {processor.py:183} INFO - Processing /opt/airflow/dags/dag_run.py took 0.086 seconds
[2024-02-28T02:19:53.591+0000] {processor.py:161} INFO - Started process (PID=418) to work on /opt/airflow/dags/dag_run.py
[2024-02-28T02:19:53.591+0000] {processor.py:830} INFO - Processing file /opt/airflow/dags/dag_run.py for tasks to queue
[2024-02-28T02:19:53.593+0000] {logging_mixin.py:188} INFO - [2024-02-28T02:19:53.592+0000] {dagbag.py:540} INFO - Filling up the DagBag from /opt/airflow/dags/dag_run.py
[2024-02-28T02:19:53.606+0000] {processor.py:840} INFO - DAG(s) 'dag_run' retrieved from /opt/airflow/dags/dag_run.py
[2024-02-28T02:19:53.634+0000] {logging_mixin.py:188} INFO - [2024-02-28T02:19:53.634+0000] {dag.py:3047} INFO - Sync 1 DAGs
[2024-02-28T02:19:53.651+0000] {logging_mixin.py:188} INFO - [2024-02-28T02:19:53.651+0000] {dag.py:3834} INFO - Setting next_dagrun for dag_run to None, run_after=None
[2024-02-28T02:19:53.680+0000] {processor.py:183} INFO - Processing /opt/airflow/dags/dag_run.py took 0.092 seconds
[2024-02-28T02:20:24.344+0000] {processor.py:161} INFO - Started process (PID=435) to work on /opt/airflow/dags/dag_run.py
[2024-02-28T02:20:24.345+0000] {processor.py:830} INFO - Processing file /opt/airflow/dags/dag_run.py for tasks to queue
[2024-02-28T02:20:24.347+0000] {logging_mixin.py:188} INFO - [2024-02-28T02:20:24.346+0000] {dagbag.py:540} INFO - Filling up the DagBag from /opt/airflow/dags/dag_run.py
[2024-02-28T02:20:24.370+0000] {processor.py:840} INFO - DAG(s) 'dag_run' retrieved from /opt/airflow/dags/dag_run.py
[2024-02-28T02:20:24.396+0000] {logging_mixin.py:188} INFO - [2024-02-28T02:20:24.396+0000] {dag.py:3047} INFO - Sync 1 DAGs
[2024-02-28T02:20:24.414+0000] {logging_mixin.py:188} INFO - [2024-02-28T02:20:24.414+0000] {dag.py:3834} INFO - Setting next_dagrun for dag_run to None, run_after=None
[2024-02-28T02:20:24.445+0000] {processor.py:183} INFO - Processing /opt/airflow/dags/dag_run.py took 0.103 seconds
[2024-02-28T02:20:55.141+0000] {processor.py:161} INFO - Started process (PID=447) to work on /opt/airflow/dags/dag_run.py
[2024-02-28T02:20:55.142+0000] {processor.py:830} INFO - Processing file /opt/airflow/dags/dag_run.py for tasks to queue
[2024-02-28T02:20:55.143+0000] {logging_mixin.py:188} INFO - [2024-02-28T02:20:55.143+0000] {dagbag.py:540} INFO - Filling up the DagBag from /opt/airflow/dags/dag_run.py
[2024-02-28T02:20:55.159+0000] {processor.py:840} INFO - DAG(s) 'dag_run' retrieved from /opt/airflow/dags/dag_run.py
[2024-02-28T02:20:55.187+0000] {logging_mixin.py:188} INFO - [2024-02-28T02:20:55.187+0000] {dag.py:3047} INFO - Sync 1 DAGs
[2024-02-28T02:20:55.205+0000] {logging_mixin.py:188} INFO - [2024-02-28T02:20:55.205+0000] {dag.py:3834} INFO - Setting next_dagrun for dag_run to None, run_after=None
[2024-02-28T02:20:55.225+0000] {processor.py:183} INFO - Processing /opt/airflow/dags/dag_run.py took 0.086 seconds
[2024-02-28T02:21:25.844+0000] {processor.py:161} INFO - Started process (PID=458) to work on /opt/airflow/dags/dag_run.py
[2024-02-28T02:21:25.846+0000] {processor.py:830} INFO - Processing file /opt/airflow/dags/dag_run.py for tasks to queue
[2024-02-28T02:21:25.847+0000] {logging_mixin.py:188} INFO - [2024-02-28T02:21:25.847+0000] {dagbag.py:540} INFO - Filling up the DagBag from /opt/airflow/dags/dag_run.py
[2024-02-28T02:21:25.860+0000] {processor.py:840} INFO - DAG(s) 'dag_run' retrieved from /opt/airflow/dags/dag_run.py
[2024-02-28T02:21:25.884+0000] {logging_mixin.py:188} INFO - [2024-02-28T02:21:25.884+0000] {dag.py:3047} INFO - Sync 1 DAGs
[2024-02-28T02:21:25.900+0000] {logging_mixin.py:188} INFO - [2024-02-28T02:21:25.900+0000] {dag.py:3834} INFO - Setting next_dagrun for dag_run to None, run_after=None
[2024-02-28T02:21:25.917+0000] {processor.py:183} INFO - Processing /opt/airflow/dags/dag_run.py took 0.075 seconds
[2024-02-28T02:21:56.574+0000] {processor.py:161} INFO - Started process (PID=469) to work on /opt/airflow/dags/dag_run.py
[2024-02-28T02:21:56.575+0000] {processor.py:830} INFO - Processing file /opt/airflow/dags/dag_run.py for tasks to queue
[2024-02-28T02:21:56.576+0000] {logging_mixin.py:188} INFO - [2024-02-28T02:21:56.576+0000] {dagbag.py:540} INFO - Filling up the DagBag from /opt/airflow/dags/dag_run.py
[2024-02-28T02:21:56.589+0000] {processor.py:840} INFO - DAG(s) 'dag_run' retrieved from /opt/airflow/dags/dag_run.py
[2024-02-28T02:21:56.613+0000] {logging_mixin.py:188} INFO - [2024-02-28T02:21:56.613+0000] {dag.py:3047} INFO - Sync 1 DAGs
[2024-02-28T02:21:56.631+0000] {logging_mixin.py:188} INFO - [2024-02-28T02:21:56.631+0000] {dag.py:3834} INFO - Setting next_dagrun for dag_run to None, run_after=None
[2024-02-28T02:21:56.653+0000] {processor.py:183} INFO - Processing /opt/airflow/dags/dag_run.py took 0.081 seconds
[2024-02-28T02:22:27.413+0000] {processor.py:161} INFO - Started process (PID=480) to work on /opt/airflow/dags/dag_run.py
[2024-02-28T02:22:27.414+0000] {processor.py:830} INFO - Processing file /opt/airflow/dags/dag_run.py for tasks to queue
[2024-02-28T02:22:27.415+0000] {logging_mixin.py:188} INFO - [2024-02-28T02:22:27.415+0000] {dagbag.py:540} INFO - Filling up the DagBag from /opt/airflow/dags/dag_run.py
[2024-02-28T02:22:27.431+0000] {processor.py:840} INFO - DAG(s) 'dag_run' retrieved from /opt/airflow/dags/dag_run.py
[2024-02-28T02:22:27.456+0000] {logging_mixin.py:188} INFO - [2024-02-28T02:22:27.455+0000] {dag.py:3047} INFO - Sync 1 DAGs
[2024-02-28T02:22:27.473+0000] {logging_mixin.py:188} INFO - [2024-02-28T02:22:27.472+0000] {dag.py:3834} INFO - Setting next_dagrun for dag_run to None, run_after=None
[2024-02-28T02:22:27.490+0000] {processor.py:183} INFO - Processing /opt/airflow/dags/dag_run.py took 0.079 seconds
[2024-02-28T02:22:58.123+0000] {processor.py:161} INFO - Started process (PID=491) to work on /opt/airflow/dags/dag_run.py
[2024-02-28T02:22:58.123+0000] {processor.py:830} INFO - Processing file /opt/airflow/dags/dag_run.py for tasks to queue
[2024-02-28T02:22:58.125+0000] {logging_mixin.py:188} INFO - [2024-02-28T02:22:58.124+0000] {dagbag.py:540} INFO - Filling up the DagBag from /opt/airflow/dags/dag_run.py
[2024-02-28T02:22:58.138+0000] {processor.py:840} INFO - DAG(s) 'dag_run' retrieved from /opt/airflow/dags/dag_run.py
[2024-02-28T02:22:58.161+0000] {logging_mixin.py:188} INFO - [2024-02-28T02:22:58.161+0000] {dag.py:3047} INFO - Sync 1 DAGs
[2024-02-28T02:22:58.177+0000] {logging_mixin.py:188} INFO - [2024-02-28T02:22:58.177+0000] {dag.py:3834} INFO - Setting next_dagrun for dag_run to None, run_after=None
[2024-02-28T02:22:58.200+0000] {processor.py:183} INFO - Processing /opt/airflow/dags/dag_run.py took 0.079 seconds
[2024-02-28T02:23:28.976+0000] {processor.py:161} INFO - Started process (PID=502) to work on /opt/airflow/dags/dag_run.py
[2024-02-28T02:23:28.976+0000] {processor.py:830} INFO - Processing file /opt/airflow/dags/dag_run.py for tasks to queue
[2024-02-28T02:23:28.978+0000] {logging_mixin.py:188} INFO - [2024-02-28T02:23:28.977+0000] {dagbag.py:540} INFO - Filling up the DagBag from /opt/airflow/dags/dag_run.py
[2024-02-28T02:23:28.992+0000] {processor.py:840} INFO - DAG(s) 'dag_run' retrieved from /opt/airflow/dags/dag_run.py
[2024-02-28T02:23:29.016+0000] {logging_mixin.py:188} INFO - [2024-02-28T02:23:29.016+0000] {dag.py:3047} INFO - Sync 1 DAGs
[2024-02-28T02:23:29.034+0000] {logging_mixin.py:188} INFO - [2024-02-28T02:23:29.034+0000] {dag.py:3834} INFO - Setting next_dagrun for dag_run to None, run_after=None
[2024-02-28T02:23:29.062+0000] {processor.py:183} INFO - Processing /opt/airflow/dags/dag_run.py took 0.088 seconds
[2024-02-28T02:23:59.730+0000] {processor.py:161} INFO - Started process (PID=513) to work on /opt/airflow/dags/dag_run.py
[2024-02-28T02:23:59.731+0000] {processor.py:830} INFO - Processing file /opt/airflow/dags/dag_run.py for tasks to queue
[2024-02-28T02:23:59.733+0000] {logging_mixin.py:188} INFO - [2024-02-28T02:23:59.733+0000] {dagbag.py:540} INFO - Filling up the DagBag from /opt/airflow/dags/dag_run.py
[2024-02-28T02:23:59.752+0000] {processor.py:840} INFO - DAG(s) 'dag_run' retrieved from /opt/airflow/dags/dag_run.py
[2024-02-28T02:23:59.776+0000] {logging_mixin.py:188} INFO - [2024-02-28T02:23:59.776+0000] {dag.py:3047} INFO - Sync 1 DAGs
[2024-02-28T02:23:59.798+0000] {logging_mixin.py:188} INFO - [2024-02-28T02:23:59.798+0000] {dag.py:3834} INFO - Setting next_dagrun for dag_run to None, run_after=None
[2024-02-28T02:23:59.821+0000] {processor.py:183} INFO - Processing /opt/airflow/dags/dag_run.py took 0.093 seconds
[2024-02-28T02:24:30.457+0000] {processor.py:161} INFO - Started process (PID=524) to work on /opt/airflow/dags/dag_run.py
[2024-02-28T02:24:30.458+0000] {processor.py:830} INFO - Processing file /opt/airflow/dags/dag_run.py for tasks to queue
[2024-02-28T02:24:30.460+0000] {logging_mixin.py:188} INFO - [2024-02-28T02:24:30.460+0000] {dagbag.py:540} INFO - Filling up the DagBag from /opt/airflow/dags/dag_run.py
[2024-02-28T02:24:30.479+0000] {processor.py:840} INFO - DAG(s) 'dag_run' retrieved from /opt/airflow/dags/dag_run.py
[2024-02-28T02:24:30.511+0000] {logging_mixin.py:188} INFO - [2024-02-28T02:24:30.511+0000] {dag.py:3047} INFO - Sync 1 DAGs
[2024-02-28T02:24:30.528+0000] {logging_mixin.py:188} INFO - [2024-02-28T02:24:30.528+0000] {dag.py:3834} INFO - Setting next_dagrun for dag_run to None, run_after=None
[2024-02-28T02:24:30.560+0000] {processor.py:183} INFO - Processing /opt/airflow/dags/dag_run.py took 0.105 seconds
[2024-02-28T02:25:01.260+0000] {processor.py:161} INFO - Started process (PID=535) to work on /opt/airflow/dags/dag_run.py
[2024-02-28T02:25:01.262+0000] {processor.py:830} INFO - Processing file /opt/airflow/dags/dag_run.py for tasks to queue
[2024-02-28T02:25:01.264+0000] {logging_mixin.py:188} INFO - [2024-02-28T02:25:01.264+0000] {dagbag.py:540} INFO - Filling up the DagBag from /opt/airflow/dags/dag_run.py
[2024-02-28T02:25:01.285+0000] {processor.py:840} INFO - DAG(s) 'dag_run' retrieved from /opt/airflow/dags/dag_run.py
[2024-02-28T02:25:01.310+0000] {logging_mixin.py:188} INFO - [2024-02-28T02:25:01.310+0000] {dag.py:3047} INFO - Sync 1 DAGs
[2024-02-28T02:25:01.327+0000] {logging_mixin.py:188} INFO - [2024-02-28T02:25:01.327+0000] {dag.py:3834} INFO - Setting next_dagrun for dag_run to None, run_after=None
[2024-02-28T02:25:01.348+0000] {processor.py:183} INFO - Processing /opt/airflow/dags/dag_run.py took 0.090 seconds
[2024-02-28T02:25:32.001+0000] {processor.py:161} INFO - Started process (PID=546) to work on /opt/airflow/dags/dag_run.py
[2024-02-28T02:25:32.002+0000] {processor.py:830} INFO - Processing file /opt/airflow/dags/dag_run.py for tasks to queue
[2024-02-28T02:25:32.003+0000] {logging_mixin.py:188} INFO - [2024-02-28T02:25:32.003+0000] {dagbag.py:540} INFO - Filling up the DagBag from /opt/airflow/dags/dag_run.py
[2024-02-28T02:25:32.018+0000] {processor.py:840} INFO - DAG(s) 'dag_run' retrieved from /opt/airflow/dags/dag_run.py
[2024-02-28T02:25:32.045+0000] {logging_mixin.py:188} INFO - [2024-02-28T02:25:32.045+0000] {dag.py:3047} INFO - Sync 1 DAGs
[2024-02-28T02:25:32.064+0000] {logging_mixin.py:188} INFO - [2024-02-28T02:25:32.063+0000] {dag.py:3834} INFO - Setting next_dagrun for dag_run to None, run_after=None
[2024-02-28T02:25:32.098+0000] {processor.py:183} INFO - Processing /opt/airflow/dags/dag_run.py took 0.100 seconds
[2024-02-28T02:26:02.731+0000] {processor.py:161} INFO - Started process (PID=557) to work on /opt/airflow/dags/dag_run.py
[2024-02-28T02:26:02.731+0000] {processor.py:830} INFO - Processing file /opt/airflow/dags/dag_run.py for tasks to queue
[2024-02-28T02:26:02.733+0000] {logging_mixin.py:188} INFO - [2024-02-28T02:26:02.733+0000] {dagbag.py:540} INFO - Filling up the DagBag from /opt/airflow/dags/dag_run.py
[2024-02-28T02:26:02.750+0000] {processor.py:840} INFO - DAG(s) 'dag_run' retrieved from /opt/airflow/dags/dag_run.py
[2024-02-28T02:26:02.779+0000] {logging_mixin.py:188} INFO - [2024-02-28T02:26:02.779+0000] {dag.py:3047} INFO - Sync 1 DAGs
[2024-02-28T02:26:02.798+0000] {logging_mixin.py:188} INFO - [2024-02-28T02:26:02.798+0000] {dag.py:3834} INFO - Setting next_dagrun for dag_run to None, run_after=None
[2024-02-28T02:26:02.820+0000] {processor.py:183} INFO - Processing /opt/airflow/dags/dag_run.py took 0.092 seconds
[2024-02-28T02:26:33.370+0000] {processor.py:161} INFO - Started process (PID=568) to work on /opt/airflow/dags/dag_run.py
[2024-02-28T02:26:33.371+0000] {processor.py:830} INFO - Processing file /opt/airflow/dags/dag_run.py for tasks to queue
[2024-02-28T02:26:33.372+0000] {logging_mixin.py:188} INFO - [2024-02-28T02:26:33.372+0000] {dagbag.py:540} INFO - Filling up the DagBag from /opt/airflow/dags/dag_run.py
[2024-02-28T02:26:33.386+0000] {processor.py:840} INFO - DAG(s) 'dag_run' retrieved from /opt/airflow/dags/dag_run.py
[2024-02-28T02:26:33.413+0000] {logging_mixin.py:188} INFO - [2024-02-28T02:26:33.412+0000] {dag.py:3047} INFO - Sync 1 DAGs
[2024-02-28T02:26:33.429+0000] {logging_mixin.py:188} INFO - [2024-02-28T02:26:33.429+0000] {dag.py:3834} INFO - Setting next_dagrun for dag_run to None, run_after=None
[2024-02-28T02:26:33.447+0000] {processor.py:183} INFO - Processing /opt/airflow/dags/dag_run.py took 0.079 seconds
[2024-02-28T02:27:04.181+0000] {processor.py:161} INFO - Started process (PID=579) to work on /opt/airflow/dags/dag_run.py
[2024-02-28T02:27:04.182+0000] {processor.py:830} INFO - Processing file /opt/airflow/dags/dag_run.py for tasks to queue
[2024-02-28T02:27:04.183+0000] {logging_mixin.py:188} INFO - [2024-02-28T02:27:04.183+0000] {dagbag.py:540} INFO - Filling up the DagBag from /opt/airflow/dags/dag_run.py
[2024-02-28T02:27:04.200+0000] {processor.py:840} INFO - DAG(s) 'dag_run' retrieved from /opt/airflow/dags/dag_run.py
[2024-02-28T02:27:04.232+0000] {logging_mixin.py:188} INFO - [2024-02-28T02:27:04.232+0000] {dag.py:3047} INFO - Sync 1 DAGs
[2024-02-28T02:27:04.253+0000] {logging_mixin.py:188} INFO - [2024-02-28T02:27:04.253+0000] {dag.py:3834} INFO - Setting next_dagrun for dag_run to None, run_after=None
[2024-02-28T02:27:04.274+0000] {processor.py:183} INFO - Processing /opt/airflow/dags/dag_run.py took 0.095 seconds
[2024-02-28T02:27:34.923+0000] {processor.py:161} INFO - Started process (PID=591) to work on /opt/airflow/dags/dag_run.py
[2024-02-28T02:27:34.923+0000] {processor.py:830} INFO - Processing file /opt/airflow/dags/dag_run.py for tasks to queue
[2024-02-28T02:27:34.924+0000] {logging_mixin.py:188} INFO - [2024-02-28T02:27:34.924+0000] {dagbag.py:540} INFO - Filling up the DagBag from /opt/airflow/dags/dag_run.py
[2024-02-28T02:27:34.942+0000] {processor.py:840} INFO - DAG(s) 'dag_run' retrieved from /opt/airflow/dags/dag_run.py
[2024-02-28T02:27:34.969+0000] {logging_mixin.py:188} INFO - [2024-02-28T02:27:34.969+0000] {dag.py:3047} INFO - Sync 1 DAGs
[2024-02-28T02:27:34.987+0000] {logging_mixin.py:188} INFO - [2024-02-28T02:27:34.987+0000] {dag.py:3834} INFO - Setting next_dagrun for dag_run to None, run_after=None
[2024-02-28T02:27:35.019+0000] {processor.py:183} INFO - Processing /opt/airflow/dags/dag_run.py took 0.098 seconds
[2024-02-28T02:28:05.695+0000] {processor.py:161} INFO - Started process (PID=603) to work on /opt/airflow/dags/dag_run.py
[2024-02-28T02:28:05.696+0000] {processor.py:830} INFO - Processing file /opt/airflow/dags/dag_run.py for tasks to queue
[2024-02-28T02:28:05.698+0000] {logging_mixin.py:188} INFO - [2024-02-28T02:28:05.698+0000] {dagbag.py:540} INFO - Filling up the DagBag from /opt/airflow/dags/dag_run.py
[2024-02-28T02:28:05.713+0000] {processor.py:840} INFO - DAG(s) 'dag_run' retrieved from /opt/airflow/dags/dag_run.py
[2024-02-28T02:28:05.739+0000] {logging_mixin.py:188} INFO - [2024-02-28T02:28:05.739+0000] {dag.py:3047} INFO - Sync 1 DAGs
[2024-02-28T02:28:05.758+0000] {logging_mixin.py:188} INFO - [2024-02-28T02:28:05.758+0000] {dag.py:3834} INFO - Setting next_dagrun for dag_run to None, run_after=None
[2024-02-28T02:28:05.784+0000] {processor.py:183} INFO - Processing /opt/airflow/dags/dag_run.py took 0.091 seconds
[2024-02-28T02:28:36.459+0000] {processor.py:161} INFO - Started process (PID=614) to work on /opt/airflow/dags/dag_run.py
[2024-02-28T02:28:36.460+0000] {processor.py:830} INFO - Processing file /opt/airflow/dags/dag_run.py for tasks to queue
[2024-02-28T02:28:36.462+0000] {logging_mixin.py:188} INFO - [2024-02-28T02:28:36.462+0000] {dagbag.py:540} INFO - Filling up the DagBag from /opt/airflow/dags/dag_run.py
[2024-02-28T02:28:36.474+0000] {processor.py:840} INFO - DAG(s) 'dag_run' retrieved from /opt/airflow/dags/dag_run.py
[2024-02-28T02:28:36.496+0000] {logging_mixin.py:188} INFO - [2024-02-28T02:28:36.496+0000] {dag.py:3047} INFO - Sync 1 DAGs
[2024-02-28T02:28:36.512+0000] {logging_mixin.py:188} INFO - [2024-02-28T02:28:36.512+0000] {dag.py:3834} INFO - Setting next_dagrun for dag_run to None, run_after=None
[2024-02-28T02:28:36.534+0000] {processor.py:183} INFO - Processing /opt/airflow/dags/dag_run.py took 0.077 seconds
