[2024-02-28T01:58:46.852+0000] {processor.py:161} INFO - Started process (PID=41) to work on /opt/airflow/dags/python_operator.py
[2024-02-28T01:58:46.853+0000] {processor.py:830} INFO - Processing file /opt/airflow/dags/python_operator.py for tasks to queue
[2024-02-28T01:58:46.854+0000] {logging_mixin.py:188} INFO - [2024-02-28T01:58:46.854+0000] {dagbag.py:540} INFO - Filling up the DagBag from /opt/airflow/dags/python_operator.py
[2024-02-28T01:58:46.968+0000] {processor.py:840} INFO - DAG(s) 'python_operator' retrieved from /opt/airflow/dags/python_operator.py
[2024-02-28T01:58:47.027+0000] {logging_mixin.py:188} INFO - [2024-02-28T01:58:47.026+0000] {override.py:1769} INFO - Created Permission View: can read on DAG:python_operator
[2024-02-28T01:58:47.032+0000] {logging_mixin.py:188} INFO - [2024-02-28T01:58:47.032+0000] {override.py:1769} INFO - Created Permission View: can edit on DAG:python_operator
[2024-02-28T01:58:47.037+0000] {logging_mixin.py:188} INFO - [2024-02-28T01:58:47.036+0000] {override.py:1769} INFO - Created Permission View: can delete on DAG:python_operator
[2024-02-28T01:58:47.037+0000] {logging_mixin.py:188} INFO - [2024-02-28T01:58:47.037+0000] {dag.py:3047} INFO - Sync 1 DAGs
[2024-02-28T01:58:47.043+0000] {logging_mixin.py:188} INFO - [2024-02-28T01:58:47.043+0000] {dag.py:3069} INFO - Creating ORM DAG for python_operator
[2024-02-28T01:58:47.050+0000] {logging_mixin.py:188} INFO - [2024-02-28T01:58:47.050+0000] {dag.py:3834} INFO - Setting next_dagrun for python_operator to 2024-01-01 03:00:00+00:00, run_after=2024-01-02 03:00:00+00:00
[2024-02-28T01:58:47.063+0000] {processor.py:183} INFO - Processing /opt/airflow/dags/python_operator.py took 0.213 seconds
[2024-02-28T01:59:17.420+0000] {processor.py:161} INFO - Started process (PID=52) to work on /opt/airflow/dags/python_operator.py
[2024-02-28T01:59:17.421+0000] {processor.py:830} INFO - Processing file /opt/airflow/dags/python_operator.py for tasks to queue
[2024-02-28T01:59:17.423+0000] {logging_mixin.py:188} INFO - [2024-02-28T01:59:17.423+0000] {dagbag.py:540} INFO - Filling up the DagBag from /opt/airflow/dags/python_operator.py
[2024-02-28T01:59:17.438+0000] {processor.py:840} INFO - DAG(s) 'python_operator' retrieved from /opt/airflow/dags/python_operator.py
[2024-02-28T01:59:17.451+0000] {logging_mixin.py:188} INFO - [2024-02-28T01:59:17.451+0000] {dag.py:3047} INFO - Sync 1 DAGs
[2024-02-28T01:59:17.463+0000] {logging_mixin.py:188} INFO - [2024-02-28T01:59:17.462+0000] {dag.py:3834} INFO - Setting next_dagrun for python_operator to 2024-01-01 03:00:00+00:00, run_after=2024-01-02 03:00:00+00:00
[2024-02-28T01:59:17.473+0000] {processor.py:183} INFO - Processing /opt/airflow/dags/python_operator.py took 0.055 seconds
[2024-02-28T01:59:48.021+0000] {processor.py:161} INFO - Started process (PID=62) to work on /opt/airflow/dags/python_operator.py
[2024-02-28T01:59:48.022+0000] {processor.py:830} INFO - Processing file /opt/airflow/dags/python_operator.py for tasks to queue
[2024-02-28T01:59:48.023+0000] {logging_mixin.py:188} INFO - [2024-02-28T01:59:48.023+0000] {dagbag.py:540} INFO - Filling up the DagBag from /opt/airflow/dags/python_operator.py
[2024-02-28T01:59:48.038+0000] {processor.py:840} INFO - DAG(s) 'python_operator' retrieved from /opt/airflow/dags/python_operator.py
[2024-02-28T01:59:48.051+0000] {logging_mixin.py:188} INFO - [2024-02-28T01:59:48.051+0000] {dag.py:3047} INFO - Sync 1 DAGs
[2024-02-28T01:59:48.064+0000] {logging_mixin.py:188} INFO - [2024-02-28T01:59:48.064+0000] {dag.py:3834} INFO - Setting next_dagrun for python_operator to 2024-01-01 03:00:00+00:00, run_after=2024-01-02 03:00:00+00:00
[2024-02-28T01:59:48.074+0000] {processor.py:183} INFO - Processing /opt/airflow/dags/python_operator.py took 0.054 seconds
[2024-02-28T02:00:18.647+0000] {processor.py:161} INFO - Started process (PID=72) to work on /opt/airflow/dags/python_operator.py
[2024-02-28T02:00:18.648+0000] {processor.py:830} INFO - Processing file /opt/airflow/dags/python_operator.py for tasks to queue
[2024-02-28T02:00:18.650+0000] {logging_mixin.py:188} INFO - [2024-02-28T02:00:18.650+0000] {dagbag.py:540} INFO - Filling up the DagBag from /opt/airflow/dags/python_operator.py
[2024-02-28T02:00:18.664+0000] {processor.py:840} INFO - DAG(s) 'python_operator' retrieved from /opt/airflow/dags/python_operator.py
[2024-02-28T02:00:18.678+0000] {logging_mixin.py:188} INFO - [2024-02-28T02:00:18.678+0000] {dag.py:3047} INFO - Sync 1 DAGs
[2024-02-28T02:00:18.690+0000] {logging_mixin.py:188} INFO - [2024-02-28T02:00:18.689+0000] {dag.py:3834} INFO - Setting next_dagrun for python_operator to 2024-01-01 03:00:00+00:00, run_after=2024-01-02 03:00:00+00:00
[2024-02-28T02:00:18.698+0000] {processor.py:183} INFO - Processing /opt/airflow/dags/python_operator.py took 0.053 seconds
[2024-02-28T02:00:49.127+0000] {processor.py:161} INFO - Started process (PID=82) to work on /opt/airflow/dags/python_operator.py
[2024-02-28T02:00:49.128+0000] {processor.py:830} INFO - Processing file /opt/airflow/dags/python_operator.py for tasks to queue
[2024-02-28T02:00:49.129+0000] {logging_mixin.py:188} INFO - [2024-02-28T02:00:49.129+0000] {dagbag.py:540} INFO - Filling up the DagBag from /opt/airflow/dags/python_operator.py
[2024-02-28T02:00:49.143+0000] {processor.py:840} INFO - DAG(s) 'python_operator' retrieved from /opt/airflow/dags/python_operator.py
[2024-02-28T02:00:49.157+0000] {logging_mixin.py:188} INFO - [2024-02-28T02:00:49.156+0000] {dag.py:3047} INFO - Sync 1 DAGs
[2024-02-28T02:00:49.168+0000] {logging_mixin.py:188} INFO - [2024-02-28T02:00:49.168+0000] {dag.py:3834} INFO - Setting next_dagrun for python_operator to 2024-01-01 03:00:00+00:00, run_after=2024-01-02 03:00:00+00:00
[2024-02-28T02:00:49.177+0000] {processor.py:183} INFO - Processing /opt/airflow/dags/python_operator.py took 0.051 seconds
[2024-02-28T02:01:29.137+0000] {processor.py:161} INFO - Started process (PID=41) to work on /opt/airflow/dags/python_operator.py
[2024-02-28T02:01:29.138+0000] {processor.py:830} INFO - Processing file /opt/airflow/dags/python_operator.py for tasks to queue
[2024-02-28T02:01:29.139+0000] {logging_mixin.py:188} INFO - [2024-02-28T02:01:29.139+0000] {dagbag.py:540} INFO - Filling up the DagBag from /opt/airflow/dags/python_operator.py
[2024-02-28T02:01:29.158+0000] {processor.py:840} INFO - DAG(s) 'python_operator' retrieved from /opt/airflow/dags/python_operator.py
[2024-02-28T02:01:29.234+0000] {logging_mixin.py:188} INFO - [2024-02-28T02:01:29.234+0000] {dag.py:3047} INFO - Sync 1 DAGs
[2024-02-28T02:01:29.253+0000] {logging_mixin.py:188} INFO - [2024-02-28T02:01:29.253+0000] {dag.py:3834} INFO - Setting next_dagrun for python_operator to None, run_after=None
[2024-02-28T02:01:29.278+0000] {processor.py:183} INFO - Processing /opt/airflow/dags/python_operator.py took 0.143 seconds
[2024-02-28T02:01:59.827+0000] {processor.py:161} INFO - Started process (PID=52) to work on /opt/airflow/dags/python_operator.py
[2024-02-28T02:01:59.828+0000] {processor.py:830} INFO - Processing file /opt/airflow/dags/python_operator.py for tasks to queue
[2024-02-28T02:01:59.830+0000] {logging_mixin.py:188} INFO - [2024-02-28T02:01:59.830+0000] {dagbag.py:540} INFO - Filling up the DagBag from /opt/airflow/dags/python_operator.py
[2024-02-28T02:01:59.849+0000] {processor.py:840} INFO - DAG(s) 'python_operator' retrieved from /opt/airflow/dags/python_operator.py
[2024-02-28T02:01:59.874+0000] {logging_mixin.py:188} INFO - [2024-02-28T02:01:59.874+0000] {dag.py:3047} INFO - Sync 1 DAGs
[2024-02-28T02:01:59.896+0000] {logging_mixin.py:188} INFO - [2024-02-28T02:01:59.896+0000] {dag.py:3834} INFO - Setting next_dagrun for python_operator to None, run_after=None
[2024-02-28T02:01:59.934+0000] {processor.py:183} INFO - Processing /opt/airflow/dags/python_operator.py took 0.109 seconds
[2024-02-28T02:02:30.344+0000] {processor.py:161} INFO - Started process (PID=62) to work on /opt/airflow/dags/python_operator.py
[2024-02-28T02:02:30.345+0000] {processor.py:830} INFO - Processing file /opt/airflow/dags/python_operator.py for tasks to queue
[2024-02-28T02:02:30.346+0000] {logging_mixin.py:188} INFO - [2024-02-28T02:02:30.346+0000] {dagbag.py:540} INFO - Filling up the DagBag from /opt/airflow/dags/python_operator.py
[2024-02-28T02:02:30.360+0000] {processor.py:840} INFO - DAG(s) 'python_operator' retrieved from /opt/airflow/dags/python_operator.py
[2024-02-28T02:02:30.383+0000] {logging_mixin.py:188} INFO - [2024-02-28T02:02:30.383+0000] {dag.py:3047} INFO - Sync 1 DAGs
[2024-02-28T02:02:30.402+0000] {logging_mixin.py:188} INFO - [2024-02-28T02:02:30.401+0000] {dag.py:3834} INFO - Setting next_dagrun for python_operator to None, run_after=None
[2024-02-28T02:02:30.422+0000] {processor.py:183} INFO - Processing /opt/airflow/dags/python_operator.py took 0.081 seconds
[2024-02-28T02:03:01.010+0000] {processor.py:161} INFO - Started process (PID=72) to work on /opt/airflow/dags/python_operator.py
[2024-02-28T02:03:01.010+0000] {processor.py:830} INFO - Processing file /opt/airflow/dags/python_operator.py for tasks to queue
[2024-02-28T02:03:01.012+0000] {logging_mixin.py:188} INFO - [2024-02-28T02:03:01.011+0000] {dagbag.py:540} INFO - Filling up the DagBag from /opt/airflow/dags/python_operator.py
[2024-02-28T02:03:01.025+0000] {processor.py:840} INFO - DAG(s) 'python_operator' retrieved from /opt/airflow/dags/python_operator.py
[2024-02-28T02:03:01.047+0000] {logging_mixin.py:188} INFO - [2024-02-28T02:03:01.047+0000] {dag.py:3047} INFO - Sync 1 DAGs
[2024-02-28T02:03:01.065+0000] {logging_mixin.py:188} INFO - [2024-02-28T02:03:01.064+0000] {dag.py:3834} INFO - Setting next_dagrun for python_operator to None, run_after=None
[2024-02-28T02:03:01.090+0000] {processor.py:183} INFO - Processing /opt/airflow/dags/python_operator.py took 0.082 seconds
[2024-02-28T02:03:31.801+0000] {processor.py:161} INFO - Started process (PID=82) to work on /opt/airflow/dags/python_operator.py
[2024-02-28T02:03:31.802+0000] {processor.py:830} INFO - Processing file /opt/airflow/dags/python_operator.py for tasks to queue
[2024-02-28T02:03:31.804+0000] {logging_mixin.py:188} INFO - [2024-02-28T02:03:31.804+0000] {dagbag.py:540} INFO - Filling up the DagBag from /opt/airflow/dags/python_operator.py
[2024-02-28T02:03:31.817+0000] {processor.py:840} INFO - DAG(s) 'python_operator' retrieved from /opt/airflow/dags/python_operator.py
[2024-02-28T02:03:31.843+0000] {logging_mixin.py:188} INFO - [2024-02-28T02:03:31.843+0000] {dag.py:3047} INFO - Sync 1 DAGs
[2024-02-28T02:03:31.859+0000] {logging_mixin.py:188} INFO - [2024-02-28T02:03:31.859+0000] {dag.py:3834} INFO - Setting next_dagrun for python_operator to None, run_after=None
[2024-02-28T02:03:31.872+0000] {processor.py:183} INFO - Processing /opt/airflow/dags/python_operator.py took 0.073 seconds
[2024-02-28T02:04:02.461+0000] {processor.py:161} INFO - Started process (PID=92) to work on /opt/airflow/dags/python_operator.py
[2024-02-28T02:04:02.462+0000] {processor.py:830} INFO - Processing file /opt/airflow/dags/python_operator.py for tasks to queue
[2024-02-28T02:04:02.464+0000] {logging_mixin.py:188} INFO - [2024-02-28T02:04:02.464+0000] {dagbag.py:540} INFO - Filling up the DagBag from /opt/airflow/dags/python_operator.py
[2024-02-28T02:04:02.477+0000] {processor.py:840} INFO - DAG(s) 'python_operator' retrieved from /opt/airflow/dags/python_operator.py
[2024-02-28T02:04:02.501+0000] {logging_mixin.py:188} INFO - [2024-02-28T02:04:02.501+0000] {dag.py:3047} INFO - Sync 1 DAGs
[2024-02-28T02:04:02.517+0000] {logging_mixin.py:188} INFO - [2024-02-28T02:04:02.517+0000] {dag.py:3834} INFO - Setting next_dagrun for python_operator to None, run_after=None
[2024-02-28T02:04:02.531+0000] {processor.py:183} INFO - Processing /opt/airflow/dags/python_operator.py took 0.071 seconds
[2024-02-28T02:04:33.110+0000] {processor.py:161} INFO - Started process (PID=102) to work on /opt/airflow/dags/python_operator.py
[2024-02-28T02:04:33.111+0000] {processor.py:830} INFO - Processing file /opt/airflow/dags/python_operator.py for tasks to queue
[2024-02-28T02:04:33.113+0000] {logging_mixin.py:188} INFO - [2024-02-28T02:04:33.113+0000] {dagbag.py:540} INFO - Filling up the DagBag from /opt/airflow/dags/python_operator.py
[2024-02-28T02:04:33.134+0000] {processor.py:840} INFO - DAG(s) 'python_operator' retrieved from /opt/airflow/dags/python_operator.py
[2024-02-28T02:04:33.172+0000] {logging_mixin.py:188} INFO - [2024-02-28T02:04:33.172+0000] {dag.py:3047} INFO - Sync 1 DAGs
[2024-02-28T02:04:33.202+0000] {logging_mixin.py:188} INFO - [2024-02-28T02:04:33.202+0000] {dag.py:3834} INFO - Setting next_dagrun for python_operator to None, run_after=None
[2024-02-28T02:04:33.222+0000] {processor.py:183} INFO - Processing /opt/airflow/dags/python_operator.py took 0.115 seconds
[2024-02-28T02:05:03.711+0000] {processor.py:161} INFO - Started process (PID=112) to work on /opt/airflow/dags/python_operator.py
[2024-02-28T02:05:03.712+0000] {processor.py:830} INFO - Processing file /opt/airflow/dags/python_operator.py for tasks to queue
[2024-02-28T02:05:03.713+0000] {logging_mixin.py:188} INFO - [2024-02-28T02:05:03.713+0000] {dagbag.py:540} INFO - Filling up the DagBag from /opt/airflow/dags/python_operator.py
[2024-02-28T02:05:03.727+0000] {processor.py:840} INFO - DAG(s) 'python_operator' retrieved from /opt/airflow/dags/python_operator.py
[2024-02-28T02:05:03.751+0000] {logging_mixin.py:188} INFO - [2024-02-28T02:05:03.751+0000] {dag.py:3047} INFO - Sync 1 DAGs
[2024-02-28T02:05:03.768+0000] {logging_mixin.py:188} INFO - [2024-02-28T02:05:03.768+0000] {dag.py:3834} INFO - Setting next_dagrun for python_operator to None, run_after=None
[2024-02-28T02:05:03.788+0000] {processor.py:183} INFO - Processing /opt/airflow/dags/python_operator.py took 0.079 seconds
[2024-02-28T02:05:34.306+0000] {processor.py:161} INFO - Started process (PID=122) to work on /opt/airflow/dags/python_operator.py
[2024-02-28T02:05:34.306+0000] {processor.py:830} INFO - Processing file /opt/airflow/dags/python_operator.py for tasks to queue
[2024-02-28T02:05:34.308+0000] {logging_mixin.py:188} INFO - [2024-02-28T02:05:34.307+0000] {dagbag.py:540} INFO - Filling up the DagBag from /opt/airflow/dags/python_operator.py
[2024-02-28T02:05:34.322+0000] {processor.py:840} INFO - DAG(s) 'python_operator' retrieved from /opt/airflow/dags/python_operator.py
[2024-02-28T02:05:34.345+0000] {logging_mixin.py:188} INFO - [2024-02-28T02:05:34.345+0000] {dag.py:3047} INFO - Sync 1 DAGs
[2024-02-28T02:05:34.362+0000] {logging_mixin.py:188} INFO - [2024-02-28T02:05:34.362+0000] {dag.py:3834} INFO - Setting next_dagrun for python_operator to None, run_after=None
[2024-02-28T02:05:34.377+0000] {processor.py:183} INFO - Processing /opt/airflow/dags/python_operator.py took 0.073 seconds
[2024-02-28T02:06:04.932+0000] {processor.py:161} INFO - Started process (PID=132) to work on /opt/airflow/dags/python_operator.py
[2024-02-28T02:06:04.933+0000] {processor.py:830} INFO - Processing file /opt/airflow/dags/python_operator.py for tasks to queue
[2024-02-28T02:06:04.934+0000] {logging_mixin.py:188} INFO - [2024-02-28T02:06:04.934+0000] {dagbag.py:540} INFO - Filling up the DagBag from /opt/airflow/dags/python_operator.py
[2024-02-28T02:06:04.952+0000] {processor.py:840} INFO - DAG(s) 'python_operator' retrieved from /opt/airflow/dags/python_operator.py
[2024-02-28T02:06:04.976+0000] {logging_mixin.py:188} INFO - [2024-02-28T02:06:04.976+0000] {dag.py:3047} INFO - Sync 1 DAGs
[2024-02-28T02:06:04.995+0000] {logging_mixin.py:188} INFO - [2024-02-28T02:06:04.995+0000] {dag.py:3834} INFO - Setting next_dagrun for python_operator to None, run_after=None
[2024-02-28T02:06:05.009+0000] {processor.py:183} INFO - Processing /opt/airflow/dags/python_operator.py took 0.080 seconds
[2024-02-28T02:06:35.535+0000] {processor.py:161} INFO - Started process (PID=142) to work on /opt/airflow/dags/python_operator.py
[2024-02-28T02:06:35.536+0000] {processor.py:830} INFO - Processing file /opt/airflow/dags/python_operator.py for tasks to queue
[2024-02-28T02:06:35.537+0000] {logging_mixin.py:188} INFO - [2024-02-28T02:06:35.537+0000] {dagbag.py:540} INFO - Filling up the DagBag from /opt/airflow/dags/python_operator.py
[2024-02-28T02:06:35.553+0000] {processor.py:840} INFO - DAG(s) 'python_operator' retrieved from /opt/airflow/dags/python_operator.py
[2024-02-28T02:06:35.581+0000] {logging_mixin.py:188} INFO - [2024-02-28T02:06:35.581+0000] {dag.py:3047} INFO - Sync 1 DAGs
[2024-02-28T02:06:35.601+0000] {logging_mixin.py:188} INFO - [2024-02-28T02:06:35.600+0000] {dag.py:3834} INFO - Setting next_dagrun for python_operator to None, run_after=None
[2024-02-28T02:06:35.621+0000] {processor.py:183} INFO - Processing /opt/airflow/dags/python_operator.py took 0.088 seconds
[2024-02-28T02:07:06.351+0000] {processor.py:161} INFO - Started process (PID=152) to work on /opt/airflow/dags/python_operator.py
[2024-02-28T02:07:06.352+0000] {processor.py:830} INFO - Processing file /opt/airflow/dags/python_operator.py for tasks to queue
[2024-02-28T02:07:06.353+0000] {logging_mixin.py:188} INFO - [2024-02-28T02:07:06.353+0000] {dagbag.py:540} INFO - Filling up the DagBag from /opt/airflow/dags/python_operator.py
[2024-02-28T02:07:06.373+0000] {processor.py:840} INFO - DAG(s) 'python_operator' retrieved from /opt/airflow/dags/python_operator.py
[2024-02-28T02:07:06.401+0000] {logging_mixin.py:188} INFO - [2024-02-28T02:07:06.400+0000] {dag.py:3047} INFO - Sync 1 DAGs
[2024-02-28T02:07:06.423+0000] {logging_mixin.py:188} INFO - [2024-02-28T02:07:06.423+0000] {dag.py:3834} INFO - Setting next_dagrun for python_operator to None, run_after=None
[2024-02-28T02:07:06.438+0000] {processor.py:183} INFO - Processing /opt/airflow/dags/python_operator.py took 0.088 seconds
[2024-02-28T02:07:36.954+0000] {processor.py:161} INFO - Started process (PID=162) to work on /opt/airflow/dags/python_operator.py
[2024-02-28T02:07:36.954+0000] {processor.py:830} INFO - Processing file /opt/airflow/dags/python_operator.py for tasks to queue
[2024-02-28T02:07:36.956+0000] {logging_mixin.py:188} INFO - [2024-02-28T02:07:36.956+0000] {dagbag.py:540} INFO - Filling up the DagBag from /opt/airflow/dags/python_operator.py
[2024-02-28T02:07:36.970+0000] {processor.py:840} INFO - DAG(s) 'python_operator' retrieved from /opt/airflow/dags/python_operator.py
[2024-02-28T02:07:36.993+0000] {logging_mixin.py:188} INFO - [2024-02-28T02:07:36.993+0000] {dag.py:3047} INFO - Sync 1 DAGs
[2024-02-28T02:07:37.012+0000] {logging_mixin.py:188} INFO - [2024-02-28T02:07:37.012+0000] {dag.py:3834} INFO - Setting next_dagrun for python_operator to None, run_after=None
[2024-02-28T02:07:37.029+0000] {processor.py:183} INFO - Processing /opt/airflow/dags/python_operator.py took 0.077 seconds
[2024-02-28T02:08:07.584+0000] {processor.py:161} INFO - Started process (PID=173) to work on /opt/airflow/dags/python_operator.py
[2024-02-28T02:08:07.585+0000] {processor.py:830} INFO - Processing file /opt/airflow/dags/python_operator.py for tasks to queue
[2024-02-28T02:08:07.586+0000] {logging_mixin.py:188} INFO - [2024-02-28T02:08:07.586+0000] {dagbag.py:540} INFO - Filling up the DagBag from /opt/airflow/dags/python_operator.py
[2024-02-28T02:08:07.601+0000] {processor.py:840} INFO - DAG(s) 'python_operator' retrieved from /opt/airflow/dags/python_operator.py
[2024-02-28T02:08:07.629+0000] {logging_mixin.py:188} INFO - [2024-02-28T02:08:07.629+0000] {dag.py:3047} INFO - Sync 1 DAGs
[2024-02-28T02:08:07.647+0000] {logging_mixin.py:188} INFO - [2024-02-28T02:08:07.647+0000] {dag.py:3834} INFO - Setting next_dagrun for python_operator to None, run_after=None
[2024-02-28T02:08:07.662+0000] {processor.py:183} INFO - Processing /opt/airflow/dags/python_operator.py took 0.080 seconds
[2024-02-28T02:08:38.228+0000] {processor.py:161} INFO - Started process (PID=183) to work on /opt/airflow/dags/python_operator.py
[2024-02-28T02:08:38.228+0000] {processor.py:830} INFO - Processing file /opt/airflow/dags/python_operator.py for tasks to queue
[2024-02-28T02:08:38.229+0000] {logging_mixin.py:188} INFO - [2024-02-28T02:08:38.229+0000] {dagbag.py:540} INFO - Filling up the DagBag from /opt/airflow/dags/python_operator.py
[2024-02-28T02:08:38.244+0000] {processor.py:840} INFO - DAG(s) 'python_operator' retrieved from /opt/airflow/dags/python_operator.py
[2024-02-28T02:08:38.272+0000] {logging_mixin.py:188} INFO - [2024-02-28T02:08:38.271+0000] {dag.py:3047} INFO - Sync 1 DAGs
[2024-02-28T02:08:38.288+0000] {logging_mixin.py:188} INFO - [2024-02-28T02:08:38.288+0000] {dag.py:3834} INFO - Setting next_dagrun for python_operator to None, run_after=None
[2024-02-28T02:08:38.302+0000] {processor.py:183} INFO - Processing /opt/airflow/dags/python_operator.py took 0.076 seconds
[2024-02-28T02:09:08.977+0000] {processor.py:161} INFO - Started process (PID=193) to work on /opt/airflow/dags/python_operator.py
[2024-02-28T02:09:08.978+0000] {processor.py:830} INFO - Processing file /opt/airflow/dags/python_operator.py for tasks to queue
[2024-02-28T02:09:08.979+0000] {logging_mixin.py:188} INFO - [2024-02-28T02:09:08.979+0000] {dagbag.py:540} INFO - Filling up the DagBag from /opt/airflow/dags/python_operator.py
[2024-02-28T02:09:08.995+0000] {processor.py:840} INFO - DAG(s) 'python_operator' retrieved from /opt/airflow/dags/python_operator.py
[2024-02-28T02:09:09.019+0000] {logging_mixin.py:188} INFO - [2024-02-28T02:09:09.019+0000] {dag.py:3047} INFO - Sync 1 DAGs
[2024-02-28T02:09:09.037+0000] {logging_mixin.py:188} INFO - [2024-02-28T02:09:09.037+0000] {dag.py:3834} INFO - Setting next_dagrun for python_operator to None, run_after=None
[2024-02-28T02:09:09.054+0000] {processor.py:183} INFO - Processing /opt/airflow/dags/python_operator.py took 0.079 seconds
[2024-02-28T02:09:39.473+0000] {processor.py:161} INFO - Started process (PID=203) to work on /opt/airflow/dags/python_operator.py
[2024-02-28T02:09:39.473+0000] {processor.py:830} INFO - Processing file /opt/airflow/dags/python_operator.py for tasks to queue
[2024-02-28T02:09:39.475+0000] {logging_mixin.py:188} INFO - [2024-02-28T02:09:39.474+0000] {dagbag.py:540} INFO - Filling up the DagBag from /opt/airflow/dags/python_operator.py
[2024-02-28T02:09:39.490+0000] {processor.py:840} INFO - DAG(s) 'python_operator' retrieved from /opt/airflow/dags/python_operator.py
[2024-02-28T02:09:39.516+0000] {logging_mixin.py:188} INFO - [2024-02-28T02:09:39.516+0000] {dag.py:3047} INFO - Sync 1 DAGs
[2024-02-28T02:09:39.534+0000] {logging_mixin.py:188} INFO - [2024-02-28T02:09:39.534+0000] {dag.py:3834} INFO - Setting next_dagrun for python_operator to None, run_after=None
[2024-02-28T02:09:39.548+0000] {processor.py:183} INFO - Processing /opt/airflow/dags/python_operator.py took 0.078 seconds
[2024-02-28T02:10:09.947+0000] {processor.py:161} INFO - Started process (PID=213) to work on /opt/airflow/dags/python_operator.py
[2024-02-28T02:10:09.947+0000] {processor.py:830} INFO - Processing file /opt/airflow/dags/python_operator.py for tasks to queue
[2024-02-28T02:10:09.949+0000] {logging_mixin.py:188} INFO - [2024-02-28T02:10:09.948+0000] {dagbag.py:540} INFO - Filling up the DagBag from /opt/airflow/dags/python_operator.py
[2024-02-28T02:10:09.963+0000] {processor.py:840} INFO - DAG(s) 'python_operator' retrieved from /opt/airflow/dags/python_operator.py
[2024-02-28T02:10:09.986+0000] {logging_mixin.py:188} INFO - [2024-02-28T02:10:09.986+0000] {dag.py:3047} INFO - Sync 1 DAGs
[2024-02-28T02:10:10.004+0000] {logging_mixin.py:188} INFO - [2024-02-28T02:10:10.004+0000] {dag.py:3834} INFO - Setting next_dagrun for python_operator to None, run_after=None
[2024-02-28T02:10:10.024+0000] {processor.py:183} INFO - Processing /opt/airflow/dags/python_operator.py took 0.079 seconds
[2024-02-28T02:10:40.703+0000] {processor.py:161} INFO - Started process (PID=223) to work on /opt/airflow/dags/python_operator.py
[2024-02-28T02:10:40.704+0000] {processor.py:830} INFO - Processing file /opt/airflow/dags/python_operator.py for tasks to queue
[2024-02-28T02:10:40.705+0000] {logging_mixin.py:188} INFO - [2024-02-28T02:10:40.705+0000] {dagbag.py:540} INFO - Filling up the DagBag from /opt/airflow/dags/python_operator.py
[2024-02-28T02:10:40.722+0000] {processor.py:840} INFO - DAG(s) 'python_operator' retrieved from /opt/airflow/dags/python_operator.py
[2024-02-28T02:10:40.746+0000] {logging_mixin.py:188} INFO - [2024-02-28T02:10:40.746+0000] {dag.py:3047} INFO - Sync 1 DAGs
[2024-02-28T02:10:40.765+0000] {logging_mixin.py:188} INFO - [2024-02-28T02:10:40.765+0000] {dag.py:3834} INFO - Setting next_dagrun for python_operator to None, run_after=None
[2024-02-28T02:10:40.781+0000] {processor.py:183} INFO - Processing /opt/airflow/dags/python_operator.py took 0.080 seconds
[2024-02-28T02:11:11.403+0000] {processor.py:161} INFO - Started process (PID=233) to work on /opt/airflow/dags/python_operator.py
[2024-02-28T02:11:11.403+0000] {processor.py:830} INFO - Processing file /opt/airflow/dags/python_operator.py for tasks to queue
[2024-02-28T02:11:11.405+0000] {logging_mixin.py:188} INFO - [2024-02-28T02:11:11.404+0000] {dagbag.py:540} INFO - Filling up the DagBag from /opt/airflow/dags/python_operator.py
[2024-02-28T02:11:11.422+0000] {processor.py:840} INFO - DAG(s) 'python_operator' retrieved from /opt/airflow/dags/python_operator.py
[2024-02-28T02:11:11.450+0000] {logging_mixin.py:188} INFO - [2024-02-28T02:11:11.450+0000] {dag.py:3047} INFO - Sync 1 DAGs
[2024-02-28T02:11:11.469+0000] {logging_mixin.py:188} INFO - [2024-02-28T02:11:11.469+0000] {dag.py:3834} INFO - Setting next_dagrun for python_operator to None, run_after=None
[2024-02-28T02:11:11.483+0000] {processor.py:183} INFO - Processing /opt/airflow/dags/python_operator.py took 0.082 seconds
[2024-02-28T02:11:42.127+0000] {processor.py:161} INFO - Started process (PID=244) to work on /opt/airflow/dags/python_operator.py
[2024-02-28T02:11:42.128+0000] {processor.py:830} INFO - Processing file /opt/airflow/dags/python_operator.py for tasks to queue
[2024-02-28T02:11:42.129+0000] {logging_mixin.py:188} INFO - [2024-02-28T02:11:42.129+0000] {dagbag.py:540} INFO - Filling up the DagBag from /opt/airflow/dags/python_operator.py
[2024-02-28T02:11:42.145+0000] {processor.py:840} INFO - DAG(s) 'python_operator' retrieved from /opt/airflow/dags/python_operator.py
[2024-02-28T02:11:42.173+0000] {logging_mixin.py:188} INFO - [2024-02-28T02:11:42.172+0000] {dag.py:3047} INFO - Sync 1 DAGs
[2024-02-28T02:11:42.195+0000] {logging_mixin.py:188} INFO - [2024-02-28T02:11:42.195+0000] {dag.py:3834} INFO - Setting next_dagrun for python_operator to None, run_after=None
[2024-02-28T02:11:42.214+0000] {processor.py:183} INFO - Processing /opt/airflow/dags/python_operator.py took 0.089 seconds
[2024-02-28T02:12:12.741+0000] {processor.py:161} INFO - Started process (PID=255) to work on /opt/airflow/dags/python_operator.py
[2024-02-28T02:12:12.741+0000] {processor.py:830} INFO - Processing file /opt/airflow/dags/python_operator.py for tasks to queue
[2024-02-28T02:12:12.743+0000] {logging_mixin.py:188} INFO - [2024-02-28T02:12:12.742+0000] {dagbag.py:540} INFO - Filling up the DagBag from /opt/airflow/dags/python_operator.py
[2024-02-28T02:12:12.758+0000] {processor.py:840} INFO - DAG(s) 'python_operator' retrieved from /opt/airflow/dags/python_operator.py
[2024-02-28T02:12:12.781+0000] {logging_mixin.py:188} INFO - [2024-02-28T02:12:12.781+0000] {dag.py:3047} INFO - Sync 1 DAGs
[2024-02-28T02:12:12.799+0000] {logging_mixin.py:188} INFO - [2024-02-28T02:12:12.799+0000] {dag.py:3834} INFO - Setting next_dagrun for python_operator to None, run_after=None
[2024-02-28T02:12:12.822+0000] {processor.py:183} INFO - Processing /opt/airflow/dags/python_operator.py took 0.083 seconds
[2024-02-28T02:12:43.591+0000] {processor.py:161} INFO - Started process (PID=266) to work on /opt/airflow/dags/python_operator.py
[2024-02-28T02:12:43.592+0000] {processor.py:830} INFO - Processing file /opt/airflow/dags/python_operator.py for tasks to queue
[2024-02-28T02:12:43.593+0000] {logging_mixin.py:188} INFO - [2024-02-28T02:12:43.593+0000] {dagbag.py:540} INFO - Filling up the DagBag from /opt/airflow/dags/python_operator.py
[2024-02-28T02:12:43.608+0000] {processor.py:840} INFO - DAG(s) 'python_operator' retrieved from /opt/airflow/dags/python_operator.py
[2024-02-28T02:12:43.635+0000] {logging_mixin.py:188} INFO - [2024-02-28T02:12:43.635+0000] {dag.py:3047} INFO - Sync 1 DAGs
[2024-02-28T02:12:43.652+0000] {logging_mixin.py:188} INFO - [2024-02-28T02:12:43.652+0000] {dag.py:3834} INFO - Setting next_dagrun for python_operator to None, run_after=None
[2024-02-28T02:12:43.664+0000] {processor.py:183} INFO - Processing /opt/airflow/dags/python_operator.py took 0.075 seconds
[2024-02-28T02:13:14.282+0000] {processor.py:161} INFO - Started process (PID=277) to work on /opt/airflow/dags/python_operator.py
[2024-02-28T02:13:14.282+0000] {processor.py:830} INFO - Processing file /opt/airflow/dags/python_operator.py for tasks to queue
[2024-02-28T02:13:14.283+0000] {logging_mixin.py:188} INFO - [2024-02-28T02:13:14.283+0000] {dagbag.py:540} INFO - Filling up the DagBag from /opt/airflow/dags/python_operator.py
[2024-02-28T02:13:14.298+0000] {processor.py:840} INFO - DAG(s) 'python_operator' retrieved from /opt/airflow/dags/python_operator.py
[2024-02-28T02:13:14.322+0000] {logging_mixin.py:188} INFO - [2024-02-28T02:13:14.322+0000] {dag.py:3047} INFO - Sync 1 DAGs
[2024-02-28T02:13:14.344+0000] {logging_mixin.py:188} INFO - [2024-02-28T02:13:14.344+0000] {dag.py:3834} INFO - Setting next_dagrun for python_operator to None, run_after=None
[2024-02-28T02:13:14.359+0000] {processor.py:183} INFO - Processing /opt/airflow/dags/python_operator.py took 0.080 seconds
[2024-02-28T02:13:44.982+0000] {processor.py:161} INFO - Started process (PID=288) to work on /opt/airflow/dags/python_operator.py
[2024-02-28T02:13:44.983+0000] {processor.py:830} INFO - Processing file /opt/airflow/dags/python_operator.py for tasks to queue
[2024-02-28T02:13:44.984+0000] {logging_mixin.py:188} INFO - [2024-02-28T02:13:44.984+0000] {dagbag.py:540} INFO - Filling up the DagBag from /opt/airflow/dags/python_operator.py
[2024-02-28T02:13:44.999+0000] {processor.py:840} INFO - DAG(s) 'python_operator' retrieved from /opt/airflow/dags/python_operator.py
[2024-02-28T02:13:45.027+0000] {logging_mixin.py:188} INFO - [2024-02-28T02:13:45.027+0000] {dag.py:3047} INFO - Sync 1 DAGs
[2024-02-28T02:13:45.043+0000] {logging_mixin.py:188} INFO - [2024-02-28T02:13:45.043+0000] {dag.py:3834} INFO - Setting next_dagrun for python_operator to None, run_after=None
[2024-02-28T02:13:45.061+0000] {processor.py:183} INFO - Processing /opt/airflow/dags/python_operator.py took 0.080 seconds
[2024-02-28T02:14:15.689+0000] {processor.py:161} INFO - Started process (PID=299) to work on /opt/airflow/dags/python_operator.py
[2024-02-28T02:14:15.690+0000] {processor.py:830} INFO - Processing file /opt/airflow/dags/python_operator.py for tasks to queue
[2024-02-28T02:14:15.691+0000] {logging_mixin.py:188} INFO - [2024-02-28T02:14:15.691+0000] {dagbag.py:540} INFO - Filling up the DagBag from /opt/airflow/dags/python_operator.py
[2024-02-28T02:14:15.705+0000] {processor.py:840} INFO - DAG(s) 'python_operator' retrieved from /opt/airflow/dags/python_operator.py
[2024-02-28T02:14:15.728+0000] {logging_mixin.py:188} INFO - [2024-02-28T02:14:15.728+0000] {dag.py:3047} INFO - Sync 1 DAGs
[2024-02-28T02:14:15.745+0000] {logging_mixin.py:188} INFO - [2024-02-28T02:14:15.745+0000] {dag.py:3834} INFO - Setting next_dagrun for python_operator to None, run_after=None
[2024-02-28T02:14:15.759+0000] {processor.py:183} INFO - Processing /opt/airflow/dags/python_operator.py took 0.071 seconds
[2024-02-28T02:14:46.388+0000] {processor.py:161} INFO - Started process (PID=310) to work on /opt/airflow/dags/python_operator.py
[2024-02-28T02:14:46.389+0000] {processor.py:830} INFO - Processing file /opt/airflow/dags/python_operator.py for tasks to queue
[2024-02-28T02:14:46.390+0000] {logging_mixin.py:188} INFO - [2024-02-28T02:14:46.390+0000] {dagbag.py:540} INFO - Filling up the DagBag from /opt/airflow/dags/python_operator.py
[2024-02-28T02:14:46.404+0000] {processor.py:840} INFO - DAG(s) 'python_operator' retrieved from /opt/airflow/dags/python_operator.py
[2024-02-28T02:14:46.427+0000] {logging_mixin.py:188} INFO - [2024-02-28T02:14:46.427+0000] {dag.py:3047} INFO - Sync 1 DAGs
[2024-02-28T02:14:46.443+0000] {logging_mixin.py:188} INFO - [2024-02-28T02:14:46.443+0000] {dag.py:3834} INFO - Setting next_dagrun for python_operator to None, run_after=None
[2024-02-28T02:14:46.457+0000] {processor.py:183} INFO - Processing /opt/airflow/dags/python_operator.py took 0.071 seconds
[2024-02-28T02:15:17.078+0000] {processor.py:161} INFO - Started process (PID=322) to work on /opt/airflow/dags/python_operator.py
[2024-02-28T02:15:17.079+0000] {processor.py:830} INFO - Processing file /opt/airflow/dags/python_operator.py for tasks to queue
[2024-02-28T02:15:17.081+0000] {logging_mixin.py:188} INFO - [2024-02-28T02:15:17.081+0000] {dagbag.py:540} INFO - Filling up the DagBag from /opt/airflow/dags/python_operator.py
[2024-02-28T02:15:17.095+0000] {processor.py:840} INFO - DAG(s) 'python_operator' retrieved from /opt/airflow/dags/python_operator.py
[2024-02-28T02:15:17.121+0000] {logging_mixin.py:188} INFO - [2024-02-28T02:15:17.121+0000] {dag.py:3047} INFO - Sync 1 DAGs
[2024-02-28T02:15:17.139+0000] {logging_mixin.py:188} INFO - [2024-02-28T02:15:17.139+0000] {dag.py:3834} INFO - Setting next_dagrun for python_operator to None, run_after=None
[2024-02-28T02:15:17.152+0000] {processor.py:183} INFO - Processing /opt/airflow/dags/python_operator.py took 0.076 seconds
[2024-02-28T02:15:47.792+0000] {processor.py:161} INFO - Started process (PID=333) to work on /opt/airflow/dags/python_operator.py
[2024-02-28T02:15:47.793+0000] {processor.py:830} INFO - Processing file /opt/airflow/dags/python_operator.py for tasks to queue
[2024-02-28T02:15:47.794+0000] {logging_mixin.py:188} INFO - [2024-02-28T02:15:47.794+0000] {dagbag.py:540} INFO - Filling up the DagBag from /opt/airflow/dags/python_operator.py
[2024-02-28T02:15:47.809+0000] {processor.py:840} INFO - DAG(s) 'python_operator' retrieved from /opt/airflow/dags/python_operator.py
[2024-02-28T02:15:47.834+0000] {logging_mixin.py:188} INFO - [2024-02-28T02:15:47.834+0000] {dag.py:3047} INFO - Sync 1 DAGs
[2024-02-28T02:15:47.853+0000] {logging_mixin.py:188} INFO - [2024-02-28T02:15:47.853+0000] {dag.py:3834} INFO - Setting next_dagrun for python_operator to None, run_after=None
[2024-02-28T02:15:47.875+0000] {processor.py:183} INFO - Processing /opt/airflow/dags/python_operator.py took 0.085 seconds
[2024-02-28T02:16:18.568+0000] {processor.py:161} INFO - Started process (PID=344) to work on /opt/airflow/dags/python_operator.py
[2024-02-28T02:16:18.568+0000] {processor.py:830} INFO - Processing file /opt/airflow/dags/python_operator.py for tasks to queue
[2024-02-28T02:16:18.569+0000] {logging_mixin.py:188} INFO - [2024-02-28T02:16:18.569+0000] {dagbag.py:540} INFO - Filling up the DagBag from /opt/airflow/dags/python_operator.py
[2024-02-28T02:16:18.584+0000] {processor.py:840} INFO - DAG(s) 'python_operator' retrieved from /opt/airflow/dags/python_operator.py
[2024-02-28T02:16:18.610+0000] {logging_mixin.py:188} INFO - [2024-02-28T02:16:18.610+0000] {dag.py:3047} INFO - Sync 1 DAGs
[2024-02-28T02:16:18.638+0000] {logging_mixin.py:188} INFO - [2024-02-28T02:16:18.638+0000] {dag.py:3834} INFO - Setting next_dagrun for python_operator to None, run_after=None
[2024-02-28T02:16:18.671+0000] {processor.py:183} INFO - Processing /opt/airflow/dags/python_operator.py took 0.105 seconds
[2024-02-28T02:16:49.409+0000] {processor.py:161} INFO - Started process (PID=355) to work on /opt/airflow/dags/python_operator.py
[2024-02-28T02:16:49.410+0000] {processor.py:830} INFO - Processing file /opt/airflow/dags/python_operator.py for tasks to queue
[2024-02-28T02:16:49.411+0000] {logging_mixin.py:188} INFO - [2024-02-28T02:16:49.411+0000] {dagbag.py:540} INFO - Filling up the DagBag from /opt/airflow/dags/python_operator.py
[2024-02-28T02:16:49.425+0000] {processor.py:840} INFO - DAG(s) 'python_operator' retrieved from /opt/airflow/dags/python_operator.py
[2024-02-28T02:16:49.451+0000] {logging_mixin.py:188} INFO - [2024-02-28T02:16:49.451+0000] {dag.py:3047} INFO - Sync 1 DAGs
[2024-02-28T02:16:49.470+0000] {logging_mixin.py:188} INFO - [2024-02-28T02:16:49.470+0000] {dag.py:3834} INFO - Setting next_dagrun for python_operator to None, run_after=None
[2024-02-28T02:16:49.485+0000] {processor.py:183} INFO - Processing /opt/airflow/dags/python_operator.py took 0.078 seconds
[2024-02-28T02:17:20.149+0000] {processor.py:161} INFO - Started process (PID=366) to work on /opt/airflow/dags/python_operator.py
[2024-02-28T02:17:20.149+0000] {processor.py:830} INFO - Processing file /opt/airflow/dags/python_operator.py for tasks to queue
[2024-02-28T02:17:20.151+0000] {logging_mixin.py:188} INFO - [2024-02-28T02:17:20.150+0000] {dagbag.py:540} INFO - Filling up the DagBag from /opt/airflow/dags/python_operator.py
[2024-02-28T02:17:20.163+0000] {processor.py:840} INFO - DAG(s) 'python_operator' retrieved from /opt/airflow/dags/python_operator.py
[2024-02-28T02:17:20.186+0000] {logging_mixin.py:188} INFO - [2024-02-28T02:17:20.186+0000] {dag.py:3047} INFO - Sync 1 DAGs
[2024-02-28T02:17:20.204+0000] {logging_mixin.py:188} INFO - [2024-02-28T02:17:20.204+0000] {dag.py:3834} INFO - Setting next_dagrun for python_operator to None, run_after=None
[2024-02-28T02:17:20.217+0000] {processor.py:183} INFO - Processing /opt/airflow/dags/python_operator.py took 0.071 seconds
[2024-02-28T02:17:50.777+0000] {processor.py:161} INFO - Started process (PID=377) to work on /opt/airflow/dags/python_operator.py
[2024-02-28T02:17:50.778+0000] {processor.py:830} INFO - Processing file /opt/airflow/dags/python_operator.py for tasks to queue
[2024-02-28T02:17:50.779+0000] {logging_mixin.py:188} INFO - [2024-02-28T02:17:50.779+0000] {dagbag.py:540} INFO - Filling up the DagBag from /opt/airflow/dags/python_operator.py
[2024-02-28T02:17:50.794+0000] {processor.py:840} INFO - DAG(s) 'python_operator' retrieved from /opt/airflow/dags/python_operator.py
[2024-02-28T02:17:50.818+0000] {logging_mixin.py:188} INFO - [2024-02-28T02:17:50.818+0000] {dag.py:3047} INFO - Sync 1 DAGs
[2024-02-28T02:17:50.834+0000] {logging_mixin.py:188} INFO - [2024-02-28T02:17:50.834+0000] {dag.py:3834} INFO - Setting next_dagrun for python_operator to None, run_after=None
[2024-02-28T02:17:50.846+0000] {processor.py:183} INFO - Processing /opt/airflow/dags/python_operator.py took 0.070 seconds
[2024-02-28T02:18:21.616+0000] {processor.py:161} INFO - Started process (PID=388) to work on /opt/airflow/dags/python_operator.py
[2024-02-28T02:18:21.617+0000] {processor.py:830} INFO - Processing file /opt/airflow/dags/python_operator.py for tasks to queue
[2024-02-28T02:18:21.618+0000] {logging_mixin.py:188} INFO - [2024-02-28T02:18:21.618+0000] {dagbag.py:540} INFO - Filling up the DagBag from /opt/airflow/dags/python_operator.py
[2024-02-28T02:18:21.634+0000] {processor.py:840} INFO - DAG(s) 'python_operator' retrieved from /opt/airflow/dags/python_operator.py
[2024-02-28T02:18:21.665+0000] {logging_mixin.py:188} INFO - [2024-02-28T02:18:21.665+0000] {dag.py:3047} INFO - Sync 1 DAGs
[2024-02-28T02:18:21.684+0000] {logging_mixin.py:188} INFO - [2024-02-28T02:18:21.684+0000] {dag.py:3834} INFO - Setting next_dagrun for python_operator to None, run_after=None
[2024-02-28T02:18:21.702+0000] {processor.py:183} INFO - Processing /opt/airflow/dags/python_operator.py took 0.088 seconds
[2024-02-28T02:18:52.274+0000] {processor.py:161} INFO - Started process (PID=399) to work on /opt/airflow/dags/python_operator.py
[2024-02-28T02:18:52.275+0000] {processor.py:830} INFO - Processing file /opt/airflow/dags/python_operator.py for tasks to queue
[2024-02-28T02:18:52.277+0000] {logging_mixin.py:188} INFO - [2024-02-28T02:18:52.276+0000] {dagbag.py:540} INFO - Filling up the DagBag from /opt/airflow/dags/python_operator.py
[2024-02-28T02:18:52.293+0000] {processor.py:840} INFO - DAG(s) 'python_operator' retrieved from /opt/airflow/dags/python_operator.py
[2024-02-28T02:18:52.319+0000] {logging_mixin.py:188} INFO - [2024-02-28T02:18:52.319+0000] {dag.py:3047} INFO - Sync 1 DAGs
[2024-02-28T02:18:52.338+0000] {logging_mixin.py:188} INFO - [2024-02-28T02:18:52.338+0000] {dag.py:3834} INFO - Setting next_dagrun for python_operator to None, run_after=None
[2024-02-28T02:18:52.358+0000] {processor.py:183} INFO - Processing /opt/airflow/dags/python_operator.py took 0.086 seconds
[2024-02-28T02:19:23.003+0000] {processor.py:161} INFO - Started process (PID=410) to work on /opt/airflow/dags/python_operator.py
[2024-02-28T02:19:23.004+0000] {processor.py:830} INFO - Processing file /opt/airflow/dags/python_operator.py for tasks to queue
[2024-02-28T02:19:23.005+0000] {logging_mixin.py:188} INFO - [2024-02-28T02:19:23.005+0000] {dagbag.py:540} INFO - Filling up the DagBag from /opt/airflow/dags/python_operator.py
[2024-02-28T02:19:23.022+0000] {processor.py:840} INFO - DAG(s) 'python_operator' retrieved from /opt/airflow/dags/python_operator.py
[2024-02-28T02:19:23.050+0000] {logging_mixin.py:188} INFO - [2024-02-28T02:19:23.050+0000] {dag.py:3047} INFO - Sync 1 DAGs
[2024-02-28T02:19:23.076+0000] {logging_mixin.py:188} INFO - [2024-02-28T02:19:23.075+0000] {dag.py:3834} INFO - Setting next_dagrun for python_operator to None, run_after=None
[2024-02-28T02:19:23.101+0000] {processor.py:183} INFO - Processing /opt/airflow/dags/python_operator.py took 0.100 seconds
[2024-02-28T02:19:53.807+0000] {processor.py:161} INFO - Started process (PID=421) to work on /opt/airflow/dags/python_operator.py
[2024-02-28T02:19:53.807+0000] {processor.py:830} INFO - Processing file /opt/airflow/dags/python_operator.py for tasks to queue
[2024-02-28T02:19:53.809+0000] {logging_mixin.py:188} INFO - [2024-02-28T02:19:53.809+0000] {dagbag.py:540} INFO - Filling up the DagBag from /opt/airflow/dags/python_operator.py
[2024-02-28T02:19:53.824+0000] {processor.py:840} INFO - DAG(s) 'python_operator' retrieved from /opt/airflow/dags/python_operator.py
[2024-02-28T02:19:53.848+0000] {logging_mixin.py:188} INFO - [2024-02-28T02:19:53.848+0000] {dag.py:3047} INFO - Sync 1 DAGs
[2024-02-28T02:19:53.864+0000] {logging_mixin.py:188} INFO - [2024-02-28T02:19:53.864+0000] {dag.py:3834} INFO - Setting next_dagrun for python_operator to None, run_after=None
[2024-02-28T02:19:53.877+0000] {processor.py:183} INFO - Processing /opt/airflow/dags/python_operator.py took 0.073 seconds
[2024-02-28T02:20:24.486+0000] {processor.py:161} INFO - Started process (PID=438) to work on /opt/airflow/dags/python_operator.py
[2024-02-28T02:20:24.487+0000] {processor.py:830} INFO - Processing file /opt/airflow/dags/python_operator.py for tasks to queue
[2024-02-28T02:20:24.488+0000] {logging_mixin.py:188} INFO - [2024-02-28T02:20:24.488+0000] {dagbag.py:540} INFO - Filling up the DagBag from /opt/airflow/dags/python_operator.py
[2024-02-28T02:20:24.503+0000] {processor.py:840} INFO - DAG(s) 'python_operator' retrieved from /opt/airflow/dags/python_operator.py
[2024-02-28T02:20:24.533+0000] {logging_mixin.py:188} INFO - [2024-02-28T02:20:24.533+0000] {dag.py:3047} INFO - Sync 1 DAGs
[2024-02-28T02:20:24.553+0000] {logging_mixin.py:188} INFO - [2024-02-28T02:20:24.553+0000] {dag.py:3834} INFO - Setting next_dagrun for python_operator to None, run_after=None
[2024-02-28T02:20:24.574+0000] {processor.py:183} INFO - Processing /opt/airflow/dags/python_operator.py took 0.090 seconds
[2024-02-28T02:20:55.378+0000] {processor.py:161} INFO - Started process (PID=450) to work on /opt/airflow/dags/python_operator.py
[2024-02-28T02:20:55.379+0000] {processor.py:830} INFO - Processing file /opt/airflow/dags/python_operator.py for tasks to queue
[2024-02-28T02:20:55.380+0000] {logging_mixin.py:188} INFO - [2024-02-28T02:20:55.380+0000] {dagbag.py:540} INFO - Filling up the DagBag from /opt/airflow/dags/python_operator.py
[2024-02-28T02:20:55.400+0000] {processor.py:840} INFO - DAG(s) 'python_operator' retrieved from /opt/airflow/dags/python_operator.py
[2024-02-28T02:20:55.432+0000] {logging_mixin.py:188} INFO - [2024-02-28T02:20:55.432+0000] {dag.py:3047} INFO - Sync 1 DAGs
[2024-02-28T02:20:55.457+0000] {logging_mixin.py:188} INFO - [2024-02-28T02:20:55.457+0000] {dag.py:3834} INFO - Setting next_dagrun for python_operator to None, run_after=None
[2024-02-28T02:20:55.474+0000] {processor.py:183} INFO - Processing /opt/airflow/dags/python_operator.py took 0.098 seconds
[2024-02-28T02:21:26.049+0000] {processor.py:161} INFO - Started process (PID=461) to work on /opt/airflow/dags/python_operator.py
[2024-02-28T02:21:26.049+0000] {processor.py:830} INFO - Processing file /opt/airflow/dags/python_operator.py for tasks to queue
[2024-02-28T02:21:26.050+0000] {logging_mixin.py:188} INFO - [2024-02-28T02:21:26.050+0000] {dagbag.py:540} INFO - Filling up the DagBag from /opt/airflow/dags/python_operator.py
[2024-02-28T02:21:26.066+0000] {processor.py:840} INFO - DAG(s) 'python_operator' retrieved from /opt/airflow/dags/python_operator.py
[2024-02-28T02:21:26.089+0000] {logging_mixin.py:188} INFO - [2024-02-28T02:21:26.089+0000] {dag.py:3047} INFO - Sync 1 DAGs
[2024-02-28T02:21:26.106+0000] {logging_mixin.py:188} INFO - [2024-02-28T02:21:26.106+0000] {dag.py:3834} INFO - Setting next_dagrun for python_operator to None, run_after=None
[2024-02-28T02:21:26.120+0000] {processor.py:183} INFO - Processing /opt/airflow/dags/python_operator.py took 0.073 seconds
[2024-02-28T02:21:56.798+0000] {processor.py:161} INFO - Started process (PID=472) to work on /opt/airflow/dags/python_operator.py
[2024-02-28T02:21:56.798+0000] {processor.py:830} INFO - Processing file /opt/airflow/dags/python_operator.py for tasks to queue
[2024-02-28T02:21:56.800+0000] {logging_mixin.py:188} INFO - [2024-02-28T02:21:56.799+0000] {dagbag.py:540} INFO - Filling up the DagBag from /opt/airflow/dags/python_operator.py
[2024-02-28T02:21:56.819+0000] {processor.py:840} INFO - DAG(s) 'python_operator' retrieved from /opt/airflow/dags/python_operator.py
[2024-02-28T02:21:56.845+0000] {logging_mixin.py:188} INFO - [2024-02-28T02:21:56.845+0000] {dag.py:3047} INFO - Sync 1 DAGs
[2024-02-28T02:21:56.863+0000] {logging_mixin.py:188} INFO - [2024-02-28T02:21:56.863+0000] {dag.py:3834} INFO - Setting next_dagrun for python_operator to None, run_after=None
[2024-02-28T02:21:56.886+0000] {processor.py:183} INFO - Processing /opt/airflow/dags/python_operator.py took 0.090 seconds
[2024-02-28T02:22:27.627+0000] {processor.py:161} INFO - Started process (PID=483) to work on /opt/airflow/dags/python_operator.py
[2024-02-28T02:22:27.628+0000] {processor.py:830} INFO - Processing file /opt/airflow/dags/python_operator.py for tasks to queue
[2024-02-28T02:22:27.630+0000] {logging_mixin.py:188} INFO - [2024-02-28T02:22:27.630+0000] {dagbag.py:540} INFO - Filling up the DagBag from /opt/airflow/dags/python_operator.py
[2024-02-28T02:22:27.644+0000] {processor.py:840} INFO - DAG(s) 'python_operator' retrieved from /opt/airflow/dags/python_operator.py
[2024-02-28T02:22:27.670+0000] {logging_mixin.py:188} INFO - [2024-02-28T02:22:27.670+0000] {dag.py:3047} INFO - Sync 1 DAGs
[2024-02-28T02:22:27.688+0000] {logging_mixin.py:188} INFO - [2024-02-28T02:22:27.688+0000] {dag.py:3834} INFO - Setting next_dagrun for python_operator to None, run_after=None
[2024-02-28T02:22:27.703+0000] {processor.py:183} INFO - Processing /opt/airflow/dags/python_operator.py took 0.078 seconds
[2024-02-28T02:22:58.348+0000] {processor.py:161} INFO - Started process (PID=494) to work on /opt/airflow/dags/python_operator.py
[2024-02-28T02:22:58.349+0000] {processor.py:830} INFO - Processing file /opt/airflow/dags/python_operator.py for tasks to queue
[2024-02-28T02:22:58.350+0000] {logging_mixin.py:188} INFO - [2024-02-28T02:22:58.350+0000] {dagbag.py:540} INFO - Filling up the DagBag from /opt/airflow/dags/python_operator.py
[2024-02-28T02:22:58.364+0000] {processor.py:840} INFO - DAG(s) 'python_operator' retrieved from /opt/airflow/dags/python_operator.py
[2024-02-28T02:22:58.389+0000] {logging_mixin.py:188} INFO - [2024-02-28T02:22:58.389+0000] {dag.py:3047} INFO - Sync 1 DAGs
[2024-02-28T02:22:58.406+0000] {logging_mixin.py:188} INFO - [2024-02-28T02:22:58.406+0000] {dag.py:3834} INFO - Setting next_dagrun for python_operator to None, run_after=None
[2024-02-28T02:22:58.419+0000] {processor.py:183} INFO - Processing /opt/airflow/dags/python_operator.py took 0.074 seconds
[2024-02-28T02:23:29.192+0000] {processor.py:161} INFO - Started process (PID=505) to work on /opt/airflow/dags/python_operator.py
[2024-02-28T02:23:29.193+0000] {processor.py:830} INFO - Processing file /opt/airflow/dags/python_operator.py for tasks to queue
[2024-02-28T02:23:29.194+0000] {logging_mixin.py:188} INFO - [2024-02-28T02:23:29.194+0000] {dagbag.py:540} INFO - Filling up the DagBag from /opt/airflow/dags/python_operator.py
[2024-02-28T02:23:29.209+0000] {processor.py:840} INFO - DAG(s) 'python_operator' retrieved from /opt/airflow/dags/python_operator.py
[2024-02-28T02:23:29.231+0000] {logging_mixin.py:188} INFO - [2024-02-28T02:23:29.231+0000] {dag.py:3047} INFO - Sync 1 DAGs
[2024-02-28T02:23:29.248+0000] {logging_mixin.py:188} INFO - [2024-02-28T02:23:29.248+0000] {dag.py:3834} INFO - Setting next_dagrun for python_operator to None, run_after=None
[2024-02-28T02:23:29.261+0000] {processor.py:183} INFO - Processing /opt/airflow/dags/python_operator.py took 0.071 seconds
[2024-02-28T02:23:59.951+0000] {processor.py:161} INFO - Started process (PID=516) to work on /opt/airflow/dags/python_operator.py
[2024-02-28T02:23:59.952+0000] {processor.py:830} INFO - Processing file /opt/airflow/dags/python_operator.py for tasks to queue
[2024-02-28T02:23:59.953+0000] {logging_mixin.py:188} INFO - [2024-02-28T02:23:59.953+0000] {dagbag.py:540} INFO - Filling up the DagBag from /opt/airflow/dags/python_operator.py
[2024-02-28T02:23:59.968+0000] {processor.py:840} INFO - DAG(s) 'python_operator' retrieved from /opt/airflow/dags/python_operator.py
[2024-02-28T02:23:59.992+0000] {logging_mixin.py:188} INFO - [2024-02-28T02:23:59.991+0000] {dag.py:3047} INFO - Sync 1 DAGs
[2024-02-28T02:24:00.011+0000] {logging_mixin.py:188} INFO - [2024-02-28T02:24:00.010+0000] {dag.py:3834} INFO - Setting next_dagrun for python_operator to None, run_after=None
[2024-02-28T02:24:00.035+0000] {processor.py:183} INFO - Processing /opt/airflow/dags/python_operator.py took 0.085 seconds
[2024-02-28T02:24:30.706+0000] {processor.py:161} INFO - Started process (PID=527) to work on /opt/airflow/dags/python_operator.py
[2024-02-28T02:24:30.707+0000] {processor.py:830} INFO - Processing file /opt/airflow/dags/python_operator.py for tasks to queue
[2024-02-28T02:24:30.708+0000] {logging_mixin.py:188} INFO - [2024-02-28T02:24:30.708+0000] {dagbag.py:540} INFO - Filling up the DagBag from /opt/airflow/dags/python_operator.py
[2024-02-28T02:24:30.723+0000] {processor.py:840} INFO - DAG(s) 'python_operator' retrieved from /opt/airflow/dags/python_operator.py
[2024-02-28T02:24:30.746+0000] {logging_mixin.py:188} INFO - [2024-02-28T02:24:30.746+0000] {dag.py:3047} INFO - Sync 1 DAGs
[2024-02-28T02:24:30.761+0000] {logging_mixin.py:188} INFO - [2024-02-28T02:24:30.761+0000] {dag.py:3834} INFO - Setting next_dagrun for python_operator to None, run_after=None
[2024-02-28T02:24:30.774+0000] {processor.py:183} INFO - Processing /opt/airflow/dags/python_operator.py took 0.070 seconds
[2024-02-28T02:25:01.388+0000] {processor.py:161} INFO - Started process (PID=538) to work on /opt/airflow/dags/python_operator.py
[2024-02-28T02:25:01.389+0000] {processor.py:830} INFO - Processing file /opt/airflow/dags/python_operator.py for tasks to queue
[2024-02-28T02:25:01.390+0000] {logging_mixin.py:188} INFO - [2024-02-28T02:25:01.390+0000] {dagbag.py:540} INFO - Filling up the DagBag from /opt/airflow/dags/python_operator.py
[2024-02-28T02:25:01.405+0000] {processor.py:840} INFO - DAG(s) 'python_operator' retrieved from /opt/airflow/dags/python_operator.py
[2024-02-28T02:25:01.427+0000] {logging_mixin.py:188} INFO - [2024-02-28T02:25:01.427+0000] {dag.py:3047} INFO - Sync 1 DAGs
[2024-02-28T02:25:01.445+0000] {logging_mixin.py:188} INFO - [2024-02-28T02:25:01.445+0000] {dag.py:3834} INFO - Setting next_dagrun for python_operator to None, run_after=None
[2024-02-28T02:25:01.465+0000] {processor.py:183} INFO - Processing /opt/airflow/dags/python_operator.py took 0.078 seconds
[2024-02-28T02:25:32.123+0000] {processor.py:161} INFO - Started process (PID=549) to work on /opt/airflow/dags/python_operator.py
[2024-02-28T02:25:32.124+0000] {processor.py:830} INFO - Processing file /opt/airflow/dags/python_operator.py for tasks to queue
[2024-02-28T02:25:32.126+0000] {logging_mixin.py:188} INFO - [2024-02-28T02:25:32.125+0000] {dagbag.py:540} INFO - Filling up the DagBag from /opt/airflow/dags/python_operator.py
[2024-02-28T02:25:32.140+0000] {processor.py:840} INFO - DAG(s) 'python_operator' retrieved from /opt/airflow/dags/python_operator.py
[2024-02-28T02:25:32.164+0000] {logging_mixin.py:188} INFO - [2024-02-28T02:25:32.164+0000] {dag.py:3047} INFO - Sync 1 DAGs
[2024-02-28T02:25:32.182+0000] {logging_mixin.py:188} INFO - [2024-02-28T02:25:32.182+0000] {dag.py:3834} INFO - Setting next_dagrun for python_operator to None, run_after=None
[2024-02-28T02:25:32.210+0000] {processor.py:183} INFO - Processing /opt/airflow/dags/python_operator.py took 0.089 seconds
[2024-02-28T02:26:02.857+0000] {processor.py:161} INFO - Started process (PID=560) to work on /opt/airflow/dags/python_operator.py
[2024-02-28T02:26:02.858+0000] {processor.py:830} INFO - Processing file /opt/airflow/dags/python_operator.py for tasks to queue
[2024-02-28T02:26:02.859+0000] {logging_mixin.py:188} INFO - [2024-02-28T02:26:02.859+0000] {dagbag.py:540} INFO - Filling up the DagBag from /opt/airflow/dags/python_operator.py
[2024-02-28T02:26:02.878+0000] {processor.py:840} INFO - DAG(s) 'python_operator' retrieved from /opt/airflow/dags/python_operator.py
[2024-02-28T02:26:02.912+0000] {logging_mixin.py:188} INFO - [2024-02-28T02:26:02.912+0000] {dag.py:3047} INFO - Sync 1 DAGs
[2024-02-28T02:26:02.942+0000] {logging_mixin.py:188} INFO - [2024-02-28T02:26:02.941+0000] {dag.py:3834} INFO - Setting next_dagrun for python_operator to None, run_after=None
[2024-02-28T02:26:02.957+0000] {processor.py:183} INFO - Processing /opt/airflow/dags/python_operator.py took 0.102 seconds
[2024-02-28T02:26:33.588+0000] {processor.py:161} INFO - Started process (PID=571) to work on /opt/airflow/dags/python_operator.py
[2024-02-28T02:26:33.588+0000] {processor.py:830} INFO - Processing file /opt/airflow/dags/python_operator.py for tasks to queue
[2024-02-28T02:26:33.590+0000] {logging_mixin.py:188} INFO - [2024-02-28T02:26:33.589+0000] {dagbag.py:540} INFO - Filling up the DagBag from /opt/airflow/dags/python_operator.py
[2024-02-28T02:26:33.606+0000] {processor.py:840} INFO - DAG(s) 'python_operator' retrieved from /opt/airflow/dags/python_operator.py
[2024-02-28T02:26:33.632+0000] {logging_mixin.py:188} INFO - [2024-02-28T02:26:33.632+0000] {dag.py:3047} INFO - Sync 1 DAGs
[2024-02-28T02:26:33.651+0000] {logging_mixin.py:188} INFO - [2024-02-28T02:26:33.650+0000] {dag.py:3834} INFO - Setting next_dagrun for python_operator to None, run_after=None
[2024-02-28T02:26:33.664+0000] {processor.py:183} INFO - Processing /opt/airflow/dags/python_operator.py took 0.078 seconds
[2024-02-28T02:27:04.407+0000] {processor.py:161} INFO - Started process (PID=582) to work on /opt/airflow/dags/python_operator.py
[2024-02-28T02:27:04.408+0000] {processor.py:830} INFO - Processing file /opt/airflow/dags/python_operator.py for tasks to queue
[2024-02-28T02:27:04.409+0000] {logging_mixin.py:188} INFO - [2024-02-28T02:27:04.409+0000] {dagbag.py:540} INFO - Filling up the DagBag from /opt/airflow/dags/python_operator.py
[2024-02-28T02:27:04.423+0000] {processor.py:840} INFO - DAG(s) 'python_operator' retrieved from /opt/airflow/dags/python_operator.py
[2024-02-28T02:27:04.446+0000] {logging_mixin.py:188} INFO - [2024-02-28T02:27:04.446+0000] {dag.py:3047} INFO - Sync 1 DAGs
[2024-02-28T02:27:04.469+0000] {logging_mixin.py:188} INFO - [2024-02-28T02:27:04.469+0000] {dag.py:3834} INFO - Setting next_dagrun for python_operator to None, run_after=None
[2024-02-28T02:27:04.485+0000] {processor.py:183} INFO - Processing /opt/airflow/dags/python_operator.py took 0.080 seconds
[2024-02-28T02:27:35.058+0000] {processor.py:161} INFO - Started process (PID=594) to work on /opt/airflow/dags/python_operator.py
[2024-02-28T02:27:35.059+0000] {processor.py:830} INFO - Processing file /opt/airflow/dags/python_operator.py for tasks to queue
[2024-02-28T02:27:35.060+0000] {logging_mixin.py:188} INFO - [2024-02-28T02:27:35.060+0000] {dagbag.py:540} INFO - Filling up the DagBag from /opt/airflow/dags/python_operator.py
[2024-02-28T02:27:35.076+0000] {processor.py:840} INFO - DAG(s) 'python_operator' retrieved from /opt/airflow/dags/python_operator.py
[2024-02-28T02:27:35.103+0000] {logging_mixin.py:188} INFO - [2024-02-28T02:27:35.103+0000] {dag.py:3047} INFO - Sync 1 DAGs
[2024-02-28T02:27:35.123+0000] {logging_mixin.py:188} INFO - [2024-02-28T02:27:35.123+0000] {dag.py:3834} INFO - Setting next_dagrun for python_operator to None, run_after=None
[2024-02-28T02:27:35.147+0000] {processor.py:183} INFO - Processing /opt/airflow/dags/python_operator.py took 0.091 seconds
[2024-02-28T02:28:05.896+0000] {processor.py:161} INFO - Started process (PID=606) to work on /opt/airflow/dags/python_operator.py
[2024-02-28T02:28:05.897+0000] {processor.py:830} INFO - Processing file /opt/airflow/dags/python_operator.py for tasks to queue
[2024-02-28T02:28:05.899+0000] {logging_mixin.py:188} INFO - [2024-02-28T02:28:05.899+0000] {dagbag.py:540} INFO - Filling up the DagBag from /opt/airflow/dags/python_operator.py
[2024-02-28T02:28:05.913+0000] {processor.py:840} INFO - DAG(s) 'python_operator' retrieved from /opt/airflow/dags/python_operator.py
[2024-02-28T02:28:05.937+0000] {logging_mixin.py:188} INFO - [2024-02-28T02:28:05.937+0000] {dag.py:3047} INFO - Sync 1 DAGs
[2024-02-28T02:28:05.954+0000] {logging_mixin.py:188} INFO - [2024-02-28T02:28:05.954+0000] {dag.py:3834} INFO - Setting next_dagrun for python_operator to None, run_after=None
[2024-02-28T02:28:05.979+0000] {processor.py:183} INFO - Processing /opt/airflow/dags/python_operator.py took 0.086 seconds
[2024-02-28T02:28:36.574+0000] {processor.py:161} INFO - Started process (PID=617) to work on /opt/airflow/dags/python_operator.py
[2024-02-28T02:28:36.574+0000] {processor.py:830} INFO - Processing file /opt/airflow/dags/python_operator.py for tasks to queue
[2024-02-28T02:28:36.575+0000] {logging_mixin.py:188} INFO - [2024-02-28T02:28:36.575+0000] {dagbag.py:540} INFO - Filling up the DagBag from /opt/airflow/dags/python_operator.py
[2024-02-28T02:28:36.590+0000] {processor.py:840} INFO - DAG(s) 'python_operator' retrieved from /opt/airflow/dags/python_operator.py
[2024-02-28T02:28:36.612+0000] {logging_mixin.py:188} INFO - [2024-02-28T02:28:36.612+0000] {dag.py:3047} INFO - Sync 1 DAGs
[2024-02-28T02:28:36.629+0000] {logging_mixin.py:188} INFO - [2024-02-28T02:28:36.629+0000] {dag.py:3834} INFO - Setting next_dagrun for python_operator to None, run_after=None
[2024-02-28T02:28:36.652+0000] {processor.py:183} INFO - Processing /opt/airflow/dags/python_operator.py took 0.081 seconds
