[2024-02-28T01:58:46.242+0000] {processor.py:161} INFO - Started process (PID=39) to work on /opt/airflow/dags/task_instance.py
[2024-02-28T01:58:46.243+0000] {processor.py:830} INFO - Processing file /opt/airflow/dags/task_instance.py for tasks to queue
[2024-02-28T01:58:46.245+0000] {logging_mixin.py:188} INFO - [2024-02-28T01:58:46.245+0000] {dagbag.py:540} INFO - Filling up the DagBag from /opt/airflow/dags/task_instance.py
[2024-02-28T01:58:46.266+0000] {processor.py:840} INFO - DAG(s) 'task_instance' retrieved from /opt/airflow/dags/task_instance.py
[2024-02-28T01:58:46.499+0000] {logging_mixin.py:188} INFO - [2024-02-28T01:58:46.498+0000] {override.py:1769} INFO - Created Permission View: can read on DAG:task_instance
[2024-02-28T01:58:46.505+0000] {logging_mixin.py:188} INFO - [2024-02-28T01:58:46.505+0000] {override.py:1769} INFO - Created Permission View: can edit on DAG:task_instance
[2024-02-28T01:58:46.509+0000] {logging_mixin.py:188} INFO - [2024-02-28T01:58:46.509+0000] {override.py:1769} INFO - Created Permission View: can delete on DAG:task_instance
[2024-02-28T01:58:46.510+0000] {logging_mixin.py:188} INFO - [2024-02-28T01:58:46.510+0000] {dag.py:3047} INFO - Sync 1 DAGs
[2024-02-28T01:58:46.517+0000] {logging_mixin.py:188} INFO - [2024-02-28T01:58:46.517+0000] {dag.py:3069} INFO - Creating ORM DAG for task_instance
[2024-02-28T01:58:46.523+0000] {logging_mixin.py:188} INFO - [2024-02-28T01:58:46.523+0000] {dag.py:3834} INFO - Setting next_dagrun for task_instance to 2024-01-01 00:00:00+00:00, run_after=2024-01-01 00:00:00+00:00
[2024-02-28T01:58:46.536+0000] {processor.py:183} INFO - Processing /opt/airflow/dags/task_instance.py took 0.295 seconds
[2024-02-28T01:59:17.277+0000] {processor.py:161} INFO - Started process (PID=50) to work on /opt/airflow/dags/task_instance.py
[2024-02-28T01:59:17.278+0000] {processor.py:830} INFO - Processing file /opt/airflow/dags/task_instance.py for tasks to queue
[2024-02-28T01:59:17.279+0000] {logging_mixin.py:188} INFO - [2024-02-28T01:59:17.279+0000] {dagbag.py:540} INFO - Filling up the DagBag from /opt/airflow/dags/task_instance.py
[2024-02-28T01:59:17.294+0000] {processor.py:840} INFO - DAG(s) 'task_instance' retrieved from /opt/airflow/dags/task_instance.py
[2024-02-28T01:59:17.307+0000] {logging_mixin.py:188} INFO - [2024-02-28T01:59:17.306+0000] {dag.py:3047} INFO - Sync 1 DAGs
[2024-02-28T01:59:17.318+0000] {logging_mixin.py:188} INFO - [2024-02-28T01:59:17.318+0000] {dag.py:3834} INFO - Setting next_dagrun for task_instance to 2024-01-01 00:00:00+00:00, run_after=2024-01-01 00:00:00+00:00
[2024-02-28T01:59:17.331+0000] {processor.py:183} INFO - Processing /opt/airflow/dags/task_instance.py took 0.056 seconds
[2024-02-28T01:59:47.872+0000] {processor.py:161} INFO - Started process (PID=60) to work on /opt/airflow/dags/task_instance.py
[2024-02-28T01:59:47.873+0000] {processor.py:830} INFO - Processing file /opt/airflow/dags/task_instance.py for tasks to queue
[2024-02-28T01:59:47.875+0000] {logging_mixin.py:188} INFO - [2024-02-28T01:59:47.875+0000] {dagbag.py:540} INFO - Filling up the DagBag from /opt/airflow/dags/task_instance.py
[2024-02-28T01:59:47.888+0000] {processor.py:840} INFO - DAG(s) 'task_instance' retrieved from /opt/airflow/dags/task_instance.py
[2024-02-28T01:59:47.900+0000] {logging_mixin.py:188} INFO - [2024-02-28T01:59:47.900+0000] {dag.py:3047} INFO - Sync 1 DAGs
[2024-02-28T01:59:47.911+0000] {logging_mixin.py:188} INFO - [2024-02-28T01:59:47.910+0000] {dag.py:3834} INFO - Setting next_dagrun for task_instance to 2024-01-01 00:00:00+00:00, run_after=2024-01-01 00:00:00+00:00
[2024-02-28T01:59:47.920+0000] {processor.py:183} INFO - Processing /opt/airflow/dags/task_instance.py took 0.050 seconds
[2024-02-28T02:00:18.497+0000] {processor.py:161} INFO - Started process (PID=70) to work on /opt/airflow/dags/task_instance.py
[2024-02-28T02:00:18.497+0000] {processor.py:830} INFO - Processing file /opt/airflow/dags/task_instance.py for tasks to queue
[2024-02-28T02:00:18.499+0000] {logging_mixin.py:188} INFO - [2024-02-28T02:00:18.499+0000] {dagbag.py:540} INFO - Filling up the DagBag from /opt/airflow/dags/task_instance.py
[2024-02-28T02:00:18.514+0000] {processor.py:840} INFO - DAG(s) 'task_instance' retrieved from /opt/airflow/dags/task_instance.py
[2024-02-28T02:00:18.527+0000] {logging_mixin.py:188} INFO - [2024-02-28T02:00:18.526+0000] {dag.py:3047} INFO - Sync 1 DAGs
[2024-02-28T02:00:18.538+0000] {logging_mixin.py:188} INFO - [2024-02-28T02:00:18.538+0000] {dag.py:3834} INFO - Setting next_dagrun for task_instance to 2024-01-01 00:00:00+00:00, run_after=2024-01-01 00:00:00+00:00
[2024-02-28T02:00:18.549+0000] {processor.py:183} INFO - Processing /opt/airflow/dags/task_instance.py took 0.054 seconds
[2024-02-28T02:00:49.050+0000] {processor.py:161} INFO - Started process (PID=80) to work on /opt/airflow/dags/task_instance.py
[2024-02-28T02:00:49.050+0000] {processor.py:830} INFO - Processing file /opt/airflow/dags/task_instance.py for tasks to queue
[2024-02-28T02:00:49.052+0000] {logging_mixin.py:188} INFO - [2024-02-28T02:00:49.051+0000] {dagbag.py:540} INFO - Filling up the DagBag from /opt/airflow/dags/task_instance.py
[2024-02-28T02:00:49.064+0000] {processor.py:840} INFO - DAG(s) 'task_instance' retrieved from /opt/airflow/dags/task_instance.py
[2024-02-28T02:00:49.077+0000] {logging_mixin.py:188} INFO - [2024-02-28T02:00:49.077+0000] {dag.py:3047} INFO - Sync 1 DAGs
[2024-02-28T02:00:49.087+0000] {logging_mixin.py:188} INFO - [2024-02-28T02:00:49.087+0000] {dag.py:3834} INFO - Setting next_dagrun for task_instance to 2024-01-01 00:00:00+00:00, run_after=2024-01-01 00:00:00+00:00
[2024-02-28T02:00:49.096+0000] {processor.py:183} INFO - Processing /opt/airflow/dags/task_instance.py took 0.048 seconds
[2024-02-28T02:01:28.782+0000] {processor.py:161} INFO - Started process (PID=39) to work on /opt/airflow/dags/task_instance.py
[2024-02-28T02:01:28.783+0000] {processor.py:830} INFO - Processing file /opt/airflow/dags/task_instance.py for tasks to queue
[2024-02-28T02:01:28.784+0000] {logging_mixin.py:188} INFO - [2024-02-28T02:01:28.784+0000] {dagbag.py:540} INFO - Filling up the DagBag from /opt/airflow/dags/task_instance.py
[2024-02-28T02:01:28.801+0000] {processor.py:840} INFO - DAG(s) 'task_instance' retrieved from /opt/airflow/dags/task_instance.py
[2024-02-28T02:01:28.964+0000] {logging_mixin.py:188} INFO - [2024-02-28T02:01:28.964+0000] {dag.py:3047} INFO - Sync 1 DAGs
[2024-02-28T02:01:28.983+0000] {logging_mixin.py:188} INFO - [2024-02-28T02:01:28.983+0000] {dag.py:3834} INFO - Setting next_dagrun for task_instance to None, run_after=None
[2024-02-28T02:01:29.007+0000] {processor.py:183} INFO - Processing /opt/airflow/dags/task_instance.py took 0.227 seconds
[2024-02-28T02:01:59.578+0000] {processor.py:161} INFO - Started process (PID=50) to work on /opt/airflow/dags/task_instance.py
[2024-02-28T02:01:59.579+0000] {processor.py:830} INFO - Processing file /opt/airflow/dags/task_instance.py for tasks to queue
[2024-02-28T02:01:59.580+0000] {logging_mixin.py:188} INFO - [2024-02-28T02:01:59.580+0000] {dagbag.py:540} INFO - Filling up the DagBag from /opt/airflow/dags/task_instance.py
[2024-02-28T02:01:59.600+0000] {processor.py:840} INFO - DAG(s) 'task_instance' retrieved from /opt/airflow/dags/task_instance.py
[2024-02-28T02:01:59.627+0000] {logging_mixin.py:188} INFO - [2024-02-28T02:01:59.627+0000] {dag.py:3047} INFO - Sync 1 DAGs
[2024-02-28T02:01:59.655+0000] {logging_mixin.py:188} INFO - [2024-02-28T02:01:59.655+0000] {dag.py:3834} INFO - Setting next_dagrun for task_instance to None, run_after=None
[2024-02-28T02:01:59.687+0000] {processor.py:183} INFO - Processing /opt/airflow/dags/task_instance.py took 0.111 seconds
[2024-02-28T02:02:30.238+0000] {processor.py:161} INFO - Started process (PID=60) to work on /opt/airflow/dags/task_instance.py
[2024-02-28T02:02:30.239+0000] {processor.py:830} INFO - Processing file /opt/airflow/dags/task_instance.py for tasks to queue
[2024-02-28T02:02:30.240+0000] {logging_mixin.py:188} INFO - [2024-02-28T02:02:30.240+0000] {dagbag.py:540} INFO - Filling up the DagBag from /opt/airflow/dags/task_instance.py
[2024-02-28T02:02:30.255+0000] {processor.py:840} INFO - DAG(s) 'task_instance' retrieved from /opt/airflow/dags/task_instance.py
[2024-02-28T02:02:30.279+0000] {logging_mixin.py:188} INFO - [2024-02-28T02:02:30.279+0000] {dag.py:3047} INFO - Sync 1 DAGs
[2024-02-28T02:02:30.297+0000] {logging_mixin.py:188} INFO - [2024-02-28T02:02:30.297+0000] {dag.py:3834} INFO - Setting next_dagrun for task_instance to None, run_after=None
[2024-02-28T02:02:30.319+0000] {processor.py:183} INFO - Processing /opt/airflow/dags/task_instance.py took 0.082 seconds
[2024-02-28T02:03:00.904+0000] {processor.py:161} INFO - Started process (PID=70) to work on /opt/airflow/dags/task_instance.py
[2024-02-28T02:03:00.905+0000] {processor.py:830} INFO - Processing file /opt/airflow/dags/task_instance.py for tasks to queue
[2024-02-28T02:03:00.907+0000] {logging_mixin.py:188} INFO - [2024-02-28T02:03:00.906+0000] {dagbag.py:540} INFO - Filling up the DagBag from /opt/airflow/dags/task_instance.py
[2024-02-28T02:03:00.919+0000] {processor.py:840} INFO - DAG(s) 'task_instance' retrieved from /opt/airflow/dags/task_instance.py
[2024-02-28T02:03:00.941+0000] {logging_mixin.py:188} INFO - [2024-02-28T02:03:00.941+0000] {dag.py:3047} INFO - Sync 1 DAGs
[2024-02-28T02:03:00.958+0000] {logging_mixin.py:188} INFO - [2024-02-28T02:03:00.958+0000] {dag.py:3834} INFO - Setting next_dagrun for task_instance to None, run_after=None
[2024-02-28T02:03:00.977+0000] {processor.py:183} INFO - Processing /opt/airflow/dags/task_instance.py took 0.074 seconds
[2024-02-28T02:03:31.597+0000] {processor.py:161} INFO - Started process (PID=80) to work on /opt/airflow/dags/task_instance.py
[2024-02-28T02:03:31.597+0000] {processor.py:830} INFO - Processing file /opt/airflow/dags/task_instance.py for tasks to queue
[2024-02-28T02:03:31.599+0000] {logging_mixin.py:188} INFO - [2024-02-28T02:03:31.598+0000] {dagbag.py:540} INFO - Filling up the DagBag from /opt/airflow/dags/task_instance.py
[2024-02-28T02:03:31.618+0000] {processor.py:840} INFO - DAG(s) 'task_instance' retrieved from /opt/airflow/dags/task_instance.py
[2024-02-28T02:03:31.644+0000] {logging_mixin.py:188} INFO - [2024-02-28T02:03:31.644+0000] {dag.py:3047} INFO - Sync 1 DAGs
[2024-02-28T02:03:31.660+0000] {logging_mixin.py:188} INFO - [2024-02-28T02:03:31.660+0000] {dag.py:3834} INFO - Setting next_dagrun for task_instance to None, run_after=None
[2024-02-28T02:03:31.682+0000] {processor.py:183} INFO - Processing /opt/airflow/dags/task_instance.py took 0.087 seconds
[2024-02-28T02:04:02.252+0000] {processor.py:161} INFO - Started process (PID=90) to work on /opt/airflow/dags/task_instance.py
[2024-02-28T02:04:02.252+0000] {processor.py:830} INFO - Processing file /opt/airflow/dags/task_instance.py for tasks to queue
[2024-02-28T02:04:02.254+0000] {logging_mixin.py:188} INFO - [2024-02-28T02:04:02.254+0000] {dagbag.py:540} INFO - Filling up the DagBag from /opt/airflow/dags/task_instance.py
[2024-02-28T02:04:02.266+0000] {processor.py:840} INFO - DAG(s) 'task_instance' retrieved from /opt/airflow/dags/task_instance.py
[2024-02-28T02:04:02.290+0000] {logging_mixin.py:188} INFO - [2024-02-28T02:04:02.290+0000] {dag.py:3047} INFO - Sync 1 DAGs
[2024-02-28T02:04:02.308+0000] {logging_mixin.py:188} INFO - [2024-02-28T02:04:02.308+0000] {dag.py:3834} INFO - Setting next_dagrun for task_instance to None, run_after=None
[2024-02-28T02:04:02.344+0000] {processor.py:183} INFO - Processing /opt/airflow/dags/task_instance.py took 0.094 seconds
[2024-02-28T02:04:32.897+0000] {processor.py:161} INFO - Started process (PID=100) to work on /opt/airflow/dags/task_instance.py
[2024-02-28T02:04:32.897+0000] {processor.py:830} INFO - Processing file /opt/airflow/dags/task_instance.py for tasks to queue
[2024-02-28T02:04:32.899+0000] {logging_mixin.py:188} INFO - [2024-02-28T02:04:32.899+0000] {dagbag.py:540} INFO - Filling up the DagBag from /opt/airflow/dags/task_instance.py
[2024-02-28T02:04:32.912+0000] {processor.py:840} INFO - DAG(s) 'task_instance' retrieved from /opt/airflow/dags/task_instance.py
[2024-02-28T02:04:32.934+0000] {logging_mixin.py:188} INFO - [2024-02-28T02:04:32.934+0000] {dag.py:3047} INFO - Sync 1 DAGs
[2024-02-28T02:04:32.949+0000] {logging_mixin.py:188} INFO - [2024-02-28T02:04:32.949+0000] {dag.py:3834} INFO - Setting next_dagrun for task_instance to None, run_after=None
[2024-02-28T02:04:32.979+0000] {processor.py:183} INFO - Processing /opt/airflow/dags/task_instance.py took 0.084 seconds
[2024-02-28T02:05:03.491+0000] {processor.py:161} INFO - Started process (PID=110) to work on /opt/airflow/dags/task_instance.py
[2024-02-28T02:05:03.492+0000] {processor.py:830} INFO - Processing file /opt/airflow/dags/task_instance.py for tasks to queue
[2024-02-28T02:05:03.493+0000] {logging_mixin.py:188} INFO - [2024-02-28T02:05:03.493+0000] {dagbag.py:540} INFO - Filling up the DagBag from /opt/airflow/dags/task_instance.py
[2024-02-28T02:05:03.508+0000] {processor.py:840} INFO - DAG(s) 'task_instance' retrieved from /opt/airflow/dags/task_instance.py
[2024-02-28T02:05:03.533+0000] {logging_mixin.py:188} INFO - [2024-02-28T02:05:03.533+0000] {dag.py:3047} INFO - Sync 1 DAGs
[2024-02-28T02:05:03.555+0000] {logging_mixin.py:188} INFO - [2024-02-28T02:05:03.555+0000] {dag.py:3834} INFO - Setting next_dagrun for task_instance to None, run_after=None
[2024-02-28T02:05:03.578+0000] {processor.py:183} INFO - Processing /opt/airflow/dags/task_instance.py took 0.089 seconds
[2024-02-28T02:05:34.100+0000] {processor.py:161} INFO - Started process (PID=120) to work on /opt/airflow/dags/task_instance.py
[2024-02-28T02:05:34.101+0000] {processor.py:830} INFO - Processing file /opt/airflow/dags/task_instance.py for tasks to queue
[2024-02-28T02:05:34.102+0000] {logging_mixin.py:188} INFO - [2024-02-28T02:05:34.102+0000] {dagbag.py:540} INFO - Filling up the DagBag from /opt/airflow/dags/task_instance.py
[2024-02-28T02:05:34.121+0000] {processor.py:840} INFO - DAG(s) 'task_instance' retrieved from /opt/airflow/dags/task_instance.py
[2024-02-28T02:05:34.150+0000] {logging_mixin.py:188} INFO - [2024-02-28T02:05:34.149+0000] {dag.py:3047} INFO - Sync 1 DAGs
[2024-02-28T02:05:34.166+0000] {logging_mixin.py:188} INFO - [2024-02-28T02:05:34.166+0000] {dag.py:3834} INFO - Setting next_dagrun for task_instance to None, run_after=None
[2024-02-28T02:05:34.186+0000] {processor.py:183} INFO - Processing /opt/airflow/dags/task_instance.py took 0.088 seconds
[2024-02-28T02:06:04.724+0000] {processor.py:161} INFO - Started process (PID=130) to work on /opt/airflow/dags/task_instance.py
[2024-02-28T02:06:04.724+0000] {processor.py:830} INFO - Processing file /opt/airflow/dags/task_instance.py for tasks to queue
[2024-02-28T02:06:04.726+0000] {logging_mixin.py:188} INFO - [2024-02-28T02:06:04.726+0000] {dagbag.py:540} INFO - Filling up the DagBag from /opt/airflow/dags/task_instance.py
[2024-02-28T02:06:04.745+0000] {processor.py:840} INFO - DAG(s) 'task_instance' retrieved from /opt/airflow/dags/task_instance.py
[2024-02-28T02:06:04.768+0000] {logging_mixin.py:188} INFO - [2024-02-28T02:06:04.767+0000] {dag.py:3047} INFO - Sync 1 DAGs
[2024-02-28T02:06:04.784+0000] {logging_mixin.py:188} INFO - [2024-02-28T02:06:04.783+0000] {dag.py:3834} INFO - Setting next_dagrun for task_instance to None, run_after=None
[2024-02-28T02:06:04.803+0000] {processor.py:183} INFO - Processing /opt/airflow/dags/task_instance.py took 0.081 seconds
[2024-02-28T02:06:35.406+0000] {processor.py:161} INFO - Started process (PID=140) to work on /opt/airflow/dags/task_instance.py
[2024-02-28T02:06:35.406+0000] {processor.py:830} INFO - Processing file /opt/airflow/dags/task_instance.py for tasks to queue
[2024-02-28T02:06:35.408+0000] {logging_mixin.py:188} INFO - [2024-02-28T02:06:35.407+0000] {dagbag.py:540} INFO - Filling up the DagBag from /opt/airflow/dags/task_instance.py
[2024-02-28T02:06:35.422+0000] {processor.py:840} INFO - DAG(s) 'task_instance' retrieved from /opt/airflow/dags/task_instance.py
[2024-02-28T02:06:35.445+0000] {logging_mixin.py:188} INFO - [2024-02-28T02:06:35.445+0000] {dag.py:3047} INFO - Sync 1 DAGs
[2024-02-28T02:06:35.466+0000] {logging_mixin.py:188} INFO - [2024-02-28T02:06:35.466+0000] {dag.py:3834} INFO - Setting next_dagrun for task_instance to None, run_after=None
[2024-02-28T02:06:35.508+0000] {processor.py:183} INFO - Processing /opt/airflow/dags/task_instance.py took 0.104 seconds
[2024-02-28T02:07:06.083+0000] {processor.py:161} INFO - Started process (PID=150) to work on /opt/airflow/dags/task_instance.py
[2024-02-28T02:07:06.084+0000] {processor.py:830} INFO - Processing file /opt/airflow/dags/task_instance.py for tasks to queue
[2024-02-28T02:07:06.085+0000] {logging_mixin.py:188} INFO - [2024-02-28T02:07:06.085+0000] {dagbag.py:540} INFO - Filling up the DagBag from /opt/airflow/dags/task_instance.py
[2024-02-28T02:07:06.106+0000] {processor.py:840} INFO - DAG(s) 'task_instance' retrieved from /opt/airflow/dags/task_instance.py
[2024-02-28T02:07:06.130+0000] {logging_mixin.py:188} INFO - [2024-02-28T02:07:06.130+0000] {dag.py:3047} INFO - Sync 1 DAGs
[2024-02-28T02:07:06.152+0000] {logging_mixin.py:188} INFO - [2024-02-28T02:07:06.152+0000] {dag.py:3834} INFO - Setting next_dagrun for task_instance to None, run_after=None
[2024-02-28T02:07:06.188+0000] {processor.py:183} INFO - Processing /opt/airflow/dags/task_instance.py took 0.106 seconds
[2024-02-28T02:07:36.719+0000] {processor.py:161} INFO - Started process (PID=160) to work on /opt/airflow/dags/task_instance.py
[2024-02-28T02:07:36.719+0000] {processor.py:830} INFO - Processing file /opt/airflow/dags/task_instance.py for tasks to queue
[2024-02-28T02:07:36.721+0000] {logging_mixin.py:188} INFO - [2024-02-28T02:07:36.720+0000] {dagbag.py:540} INFO - Filling up the DagBag from /opt/airflow/dags/task_instance.py
[2024-02-28T02:07:36.737+0000] {processor.py:840} INFO - DAG(s) 'task_instance' retrieved from /opt/airflow/dags/task_instance.py
[2024-02-28T02:07:36.762+0000] {logging_mixin.py:188} INFO - [2024-02-28T02:07:36.762+0000] {dag.py:3047} INFO - Sync 1 DAGs
[2024-02-28T02:07:36.785+0000] {logging_mixin.py:188} INFO - [2024-02-28T02:07:36.784+0000] {dag.py:3834} INFO - Setting next_dagrun for task_instance to None, run_after=None
[2024-02-28T02:07:36.816+0000] {processor.py:183} INFO - Processing /opt/airflow/dags/task_instance.py took 0.100 seconds
[2024-02-28T02:08:07.376+0000] {processor.py:161} INFO - Started process (PID=171) to work on /opt/airflow/dags/task_instance.py
[2024-02-28T02:08:07.376+0000] {processor.py:830} INFO - Processing file /opt/airflow/dags/task_instance.py for tasks to queue
[2024-02-28T02:08:07.378+0000] {logging_mixin.py:188} INFO - [2024-02-28T02:08:07.378+0000] {dagbag.py:540} INFO - Filling up the DagBag from /opt/airflow/dags/task_instance.py
[2024-02-28T02:08:07.390+0000] {processor.py:840} INFO - DAG(s) 'task_instance' retrieved from /opt/airflow/dags/task_instance.py
[2024-02-28T02:08:07.413+0000] {logging_mixin.py:188} INFO - [2024-02-28T02:08:07.412+0000] {dag.py:3047} INFO - Sync 1 DAGs
[2024-02-28T02:08:07.430+0000] {logging_mixin.py:188} INFO - [2024-02-28T02:08:07.430+0000] {dag.py:3834} INFO - Setting next_dagrun for task_instance to None, run_after=None
[2024-02-28T02:08:07.453+0000] {processor.py:183} INFO - Processing /opt/airflow/dags/task_instance.py took 0.079 seconds
[2024-02-28T02:08:38.020+0000] {processor.py:161} INFO - Started process (PID=181) to work on /opt/airflow/dags/task_instance.py
[2024-02-28T02:08:38.021+0000] {processor.py:830} INFO - Processing file /opt/airflow/dags/task_instance.py for tasks to queue
[2024-02-28T02:08:38.023+0000] {logging_mixin.py:188} INFO - [2024-02-28T02:08:38.022+0000] {dagbag.py:540} INFO - Filling up the DagBag from /opt/airflow/dags/task_instance.py
[2024-02-28T02:08:38.035+0000] {processor.py:840} INFO - DAG(s) 'task_instance' retrieved from /opt/airflow/dags/task_instance.py
[2024-02-28T02:08:38.057+0000] {logging_mixin.py:188} INFO - [2024-02-28T02:08:38.057+0000] {dag.py:3047} INFO - Sync 1 DAGs
[2024-02-28T02:08:38.073+0000] {logging_mixin.py:188} INFO - [2024-02-28T02:08:38.073+0000] {dag.py:3834} INFO - Setting next_dagrun for task_instance to None, run_after=None
[2024-02-28T02:08:38.093+0000] {processor.py:183} INFO - Processing /opt/airflow/dags/task_instance.py took 0.075 seconds
[2024-02-28T02:09:08.764+0000] {processor.py:161} INFO - Started process (PID=191) to work on /opt/airflow/dags/task_instance.py
[2024-02-28T02:09:08.765+0000] {processor.py:830} INFO - Processing file /opt/airflow/dags/task_instance.py for tasks to queue
[2024-02-28T02:09:08.766+0000] {logging_mixin.py:188} INFO - [2024-02-28T02:09:08.766+0000] {dagbag.py:540} INFO - Filling up the DagBag from /opt/airflow/dags/task_instance.py
[2024-02-28T02:09:08.779+0000] {processor.py:840} INFO - DAG(s) 'task_instance' retrieved from /opt/airflow/dags/task_instance.py
[2024-02-28T02:09:08.806+0000] {logging_mixin.py:188} INFO - [2024-02-28T02:09:08.806+0000] {dag.py:3047} INFO - Sync 1 DAGs
[2024-02-28T02:09:08.823+0000] {logging_mixin.py:188} INFO - [2024-02-28T02:09:08.823+0000] {dag.py:3834} INFO - Setting next_dagrun for task_instance to None, run_after=None
[2024-02-28T02:09:08.843+0000] {processor.py:183} INFO - Processing /opt/airflow/dags/task_instance.py took 0.081 seconds
[2024-02-28T02:09:39.337+0000] {processor.py:161} INFO - Started process (PID=201) to work on /opt/airflow/dags/task_instance.py
[2024-02-28T02:09:39.338+0000] {processor.py:830} INFO - Processing file /opt/airflow/dags/task_instance.py for tasks to queue
[2024-02-28T02:09:39.339+0000] {logging_mixin.py:188} INFO - [2024-02-28T02:09:39.339+0000] {dagbag.py:540} INFO - Filling up the DagBag from /opt/airflow/dags/task_instance.py
[2024-02-28T02:09:39.358+0000] {processor.py:840} INFO - DAG(s) 'task_instance' retrieved from /opt/airflow/dags/task_instance.py
[2024-02-28T02:09:39.387+0000] {logging_mixin.py:188} INFO - [2024-02-28T02:09:39.387+0000] {dag.py:3047} INFO - Sync 1 DAGs
[2024-02-28T02:09:39.406+0000] {logging_mixin.py:188} INFO - [2024-02-28T02:09:39.406+0000] {dag.py:3834} INFO - Setting next_dagrun for task_instance to None, run_after=None
[2024-02-28T02:09:39.424+0000] {processor.py:183} INFO - Processing /opt/airflow/dags/task_instance.py took 0.088 seconds
[2024-02-28T02:10:09.840+0000] {processor.py:161} INFO - Started process (PID=211) to work on /opt/airflow/dags/task_instance.py
[2024-02-28T02:10:09.841+0000] {processor.py:830} INFO - Processing file /opt/airflow/dags/task_instance.py for tasks to queue
[2024-02-28T02:10:09.842+0000] {logging_mixin.py:188} INFO - [2024-02-28T02:10:09.842+0000] {dagbag.py:540} INFO - Filling up the DagBag from /opt/airflow/dags/task_instance.py
[2024-02-28T02:10:09.855+0000] {processor.py:840} INFO - DAG(s) 'task_instance' retrieved from /opt/airflow/dags/task_instance.py
[2024-02-28T02:10:09.878+0000] {logging_mixin.py:188} INFO - [2024-02-28T02:10:09.878+0000] {dag.py:3047} INFO - Sync 1 DAGs
[2024-02-28T02:10:09.893+0000] {logging_mixin.py:188} INFO - [2024-02-28T02:10:09.893+0000] {dag.py:3834} INFO - Setting next_dagrun for task_instance to None, run_after=None
[2024-02-28T02:10:09.923+0000] {processor.py:183} INFO - Processing /opt/airflow/dags/task_instance.py took 0.085 seconds
[2024-02-28T02:10:40.477+0000] {processor.py:161} INFO - Started process (PID=221) to work on /opt/airflow/dags/task_instance.py
[2024-02-28T02:10:40.479+0000] {processor.py:830} INFO - Processing file /opt/airflow/dags/task_instance.py for tasks to queue
[2024-02-28T02:10:40.480+0000] {logging_mixin.py:188} INFO - [2024-02-28T02:10:40.480+0000] {dagbag.py:540} INFO - Filling up the DagBag from /opt/airflow/dags/task_instance.py
[2024-02-28T02:10:40.504+0000] {processor.py:840} INFO - DAG(s) 'task_instance' retrieved from /opt/airflow/dags/task_instance.py
[2024-02-28T02:10:40.532+0000] {logging_mixin.py:188} INFO - [2024-02-28T02:10:40.532+0000] {dag.py:3047} INFO - Sync 1 DAGs
[2024-02-28T02:10:40.551+0000] {logging_mixin.py:188} INFO - [2024-02-28T02:10:40.550+0000] {dag.py:3834} INFO - Setting next_dagrun for task_instance to None, run_after=None
[2024-02-28T02:10:40.576+0000] {processor.py:183} INFO - Processing /opt/airflow/dags/task_instance.py took 0.100 seconds
[2024-02-28T02:11:11.179+0000] {processor.py:161} INFO - Started process (PID=231) to work on /opt/airflow/dags/task_instance.py
[2024-02-28T02:11:11.179+0000] {processor.py:830} INFO - Processing file /opt/airflow/dags/task_instance.py for tasks to queue
[2024-02-28T02:11:11.180+0000] {logging_mixin.py:188} INFO - [2024-02-28T02:11:11.180+0000] {dagbag.py:540} INFO - Filling up the DagBag from /opt/airflow/dags/task_instance.py
[2024-02-28T02:11:11.196+0000] {processor.py:840} INFO - DAG(s) 'task_instance' retrieved from /opt/airflow/dags/task_instance.py
[2024-02-28T02:11:11.230+0000] {logging_mixin.py:188} INFO - [2024-02-28T02:11:11.229+0000] {dag.py:3047} INFO - Sync 1 DAGs
[2024-02-28T02:11:11.248+0000] {logging_mixin.py:188} INFO - [2024-02-28T02:11:11.248+0000] {dag.py:3834} INFO - Setting next_dagrun for task_instance to None, run_after=None
[2024-02-28T02:11:11.268+0000] {processor.py:183} INFO - Processing /opt/airflow/dags/task_instance.py took 0.091 seconds
[2024-02-28T02:11:42.025+0000] {processor.py:161} INFO - Started process (PID=242) to work on /opt/airflow/dags/task_instance.py
[2024-02-28T02:11:42.025+0000] {processor.py:830} INFO - Processing file /opt/airflow/dags/task_instance.py for tasks to queue
[2024-02-28T02:11:42.027+0000] {logging_mixin.py:188} INFO - [2024-02-28T02:11:42.027+0000] {dagbag.py:540} INFO - Filling up the DagBag from /opt/airflow/dags/task_instance.py
[2024-02-28T02:11:42.040+0000] {processor.py:840} INFO - DAG(s) 'task_instance' retrieved from /opt/airflow/dags/task_instance.py
[2024-02-28T02:11:42.065+0000] {logging_mixin.py:188} INFO - [2024-02-28T02:11:42.065+0000] {dag.py:3047} INFO - Sync 1 DAGs
[2024-02-28T02:11:42.082+0000] {logging_mixin.py:188} INFO - [2024-02-28T02:11:42.082+0000] {dag.py:3834} INFO - Setting next_dagrun for task_instance to None, run_after=None
[2024-02-28T02:11:42.106+0000] {processor.py:183} INFO - Processing /opt/airflow/dags/task_instance.py took 0.084 seconds
[2024-02-28T02:12:12.636+0000] {processor.py:161} INFO - Started process (PID=253) to work on /opt/airflow/dags/task_instance.py
[2024-02-28T02:12:12.637+0000] {processor.py:830} INFO - Processing file /opt/airflow/dags/task_instance.py for tasks to queue
[2024-02-28T02:12:12.639+0000] {logging_mixin.py:188} INFO - [2024-02-28T02:12:12.638+0000] {dagbag.py:540} INFO - Filling up the DagBag from /opt/airflow/dags/task_instance.py
[2024-02-28T02:12:12.655+0000] {processor.py:840} INFO - DAG(s) 'task_instance' retrieved from /opt/airflow/dags/task_instance.py
[2024-02-28T02:12:12.677+0000] {logging_mixin.py:188} INFO - [2024-02-28T02:12:12.676+0000] {dag.py:3047} INFO - Sync 1 DAGs
[2024-02-28T02:12:12.692+0000] {logging_mixin.py:188} INFO - [2024-02-28T02:12:12.692+0000] {dag.py:3834} INFO - Setting next_dagrun for task_instance to None, run_after=None
[2024-02-28T02:12:12.717+0000] {processor.py:183} INFO - Processing /opt/airflow/dags/task_instance.py took 0.083 seconds
[2024-02-28T02:12:43.370+0000] {processor.py:161} INFO - Started process (PID=264) to work on /opt/airflow/dags/task_instance.py
[2024-02-28T02:12:43.371+0000] {processor.py:830} INFO - Processing file /opt/airflow/dags/task_instance.py for tasks to queue
[2024-02-28T02:12:43.372+0000] {logging_mixin.py:188} INFO - [2024-02-28T02:12:43.372+0000] {dagbag.py:540} INFO - Filling up the DagBag from /opt/airflow/dags/task_instance.py
[2024-02-28T02:12:43.386+0000] {processor.py:840} INFO - DAG(s) 'task_instance' retrieved from /opt/airflow/dags/task_instance.py
[2024-02-28T02:12:43.411+0000] {logging_mixin.py:188} INFO - [2024-02-28T02:12:43.411+0000] {dag.py:3047} INFO - Sync 1 DAGs
[2024-02-28T02:12:43.428+0000] {logging_mixin.py:188} INFO - [2024-02-28T02:12:43.427+0000] {dag.py:3834} INFO - Setting next_dagrun for task_instance to None, run_after=None
[2024-02-28T02:12:43.466+0000] {processor.py:183} INFO - Processing /opt/airflow/dags/task_instance.py took 0.098 seconds
[2024-02-28T02:13:14.080+0000] {processor.py:161} INFO - Started process (PID=275) to work on /opt/airflow/dags/task_instance.py
[2024-02-28T02:13:14.080+0000] {processor.py:830} INFO - Processing file /opt/airflow/dags/task_instance.py for tasks to queue
[2024-02-28T02:13:14.081+0000] {logging_mixin.py:188} INFO - [2024-02-28T02:13:14.081+0000] {dagbag.py:540} INFO - Filling up the DagBag from /opt/airflow/dags/task_instance.py
[2024-02-28T02:13:14.095+0000] {processor.py:840} INFO - DAG(s) 'task_instance' retrieved from /opt/airflow/dags/task_instance.py
[2024-02-28T02:13:14.120+0000] {logging_mixin.py:188} INFO - [2024-02-28T02:13:14.119+0000] {dag.py:3047} INFO - Sync 1 DAGs
[2024-02-28T02:13:14.137+0000] {logging_mixin.py:188} INFO - [2024-02-28T02:13:14.136+0000] {dag.py:3834} INFO - Setting next_dagrun for task_instance to None, run_after=None
[2024-02-28T02:13:14.159+0000] {processor.py:183} INFO - Processing /opt/airflow/dags/task_instance.py took 0.081 seconds
[2024-02-28T02:13:44.788+0000] {processor.py:161} INFO - Started process (PID=286) to work on /opt/airflow/dags/task_instance.py
[2024-02-28T02:13:44.788+0000] {processor.py:830} INFO - Processing file /opt/airflow/dags/task_instance.py for tasks to queue
[2024-02-28T02:13:44.789+0000] {logging_mixin.py:188} INFO - [2024-02-28T02:13:44.789+0000] {dagbag.py:540} INFO - Filling up the DagBag from /opt/airflow/dags/task_instance.py
[2024-02-28T02:13:44.801+0000] {processor.py:840} INFO - DAG(s) 'task_instance' retrieved from /opt/airflow/dags/task_instance.py
[2024-02-28T02:13:44.823+0000] {logging_mixin.py:188} INFO - [2024-02-28T02:13:44.823+0000] {dag.py:3047} INFO - Sync 1 DAGs
[2024-02-28T02:13:44.838+0000] {logging_mixin.py:188} INFO - [2024-02-28T02:13:44.838+0000] {dag.py:3834} INFO - Setting next_dagrun for task_instance to None, run_after=None
[2024-02-28T02:13:44.863+0000] {processor.py:183} INFO - Processing /opt/airflow/dags/task_instance.py took 0.077 seconds
[2024-02-28T02:14:15.487+0000] {processor.py:161} INFO - Started process (PID=297) to work on /opt/airflow/dags/task_instance.py
[2024-02-28T02:14:15.488+0000] {processor.py:830} INFO - Processing file /opt/airflow/dags/task_instance.py for tasks to queue
[2024-02-28T02:14:15.490+0000] {logging_mixin.py:188} INFO - [2024-02-28T02:14:15.489+0000] {dagbag.py:540} INFO - Filling up the DagBag from /opt/airflow/dags/task_instance.py
[2024-02-28T02:14:15.506+0000] {processor.py:840} INFO - DAG(s) 'task_instance' retrieved from /opt/airflow/dags/task_instance.py
[2024-02-28T02:14:15.531+0000] {logging_mixin.py:188} INFO - [2024-02-28T02:14:15.531+0000] {dag.py:3047} INFO - Sync 1 DAGs
[2024-02-28T02:14:15.548+0000] {logging_mixin.py:188} INFO - [2024-02-28T02:14:15.548+0000] {dag.py:3834} INFO - Setting next_dagrun for task_instance to None, run_after=None
[2024-02-28T02:14:15.566+0000] {processor.py:183} INFO - Processing /opt/airflow/dags/task_instance.py took 0.081 seconds
[2024-02-28T02:14:46.184+0000] {processor.py:161} INFO - Started process (PID=308) to work on /opt/airflow/dags/task_instance.py
[2024-02-28T02:14:46.185+0000] {processor.py:830} INFO - Processing file /opt/airflow/dags/task_instance.py for tasks to queue
[2024-02-28T02:14:46.186+0000] {logging_mixin.py:188} INFO - [2024-02-28T02:14:46.186+0000] {dagbag.py:540} INFO - Filling up the DagBag from /opt/airflow/dags/task_instance.py
[2024-02-28T02:14:46.200+0000] {processor.py:840} INFO - DAG(s) 'task_instance' retrieved from /opt/airflow/dags/task_instance.py
[2024-02-28T02:14:46.222+0000] {logging_mixin.py:188} INFO - [2024-02-28T02:14:46.222+0000] {dag.py:3047} INFO - Sync 1 DAGs
[2024-02-28T02:14:46.240+0000] {logging_mixin.py:188} INFO - [2024-02-28T02:14:46.239+0000] {dag.py:3834} INFO - Setting next_dagrun for task_instance to None, run_after=None
[2024-02-28T02:14:46.258+0000] {processor.py:183} INFO - Processing /opt/airflow/dags/task_instance.py took 0.075 seconds
[2024-02-28T02:15:16.857+0000] {processor.py:161} INFO - Started process (PID=320) to work on /opt/airflow/dags/task_instance.py
[2024-02-28T02:15:16.857+0000] {processor.py:830} INFO - Processing file /opt/airflow/dags/task_instance.py for tasks to queue
[2024-02-28T02:15:16.859+0000] {logging_mixin.py:188} INFO - [2024-02-28T02:15:16.859+0000] {dagbag.py:540} INFO - Filling up the DagBag from /opt/airflow/dags/task_instance.py
[2024-02-28T02:15:16.880+0000] {processor.py:840} INFO - DAG(s) 'task_instance' retrieved from /opt/airflow/dags/task_instance.py
[2024-02-28T02:15:16.904+0000] {logging_mixin.py:188} INFO - [2024-02-28T02:15:16.904+0000] {dag.py:3047} INFO - Sync 1 DAGs
[2024-02-28T02:15:16.920+0000] {logging_mixin.py:188} INFO - [2024-02-28T02:15:16.920+0000] {dag.py:3834} INFO - Setting next_dagrun for task_instance to None, run_after=None
[2024-02-28T02:15:16.941+0000] {processor.py:183} INFO - Processing /opt/airflow/dags/task_instance.py took 0.086 seconds
[2024-02-28T02:15:47.653+0000] {processor.py:161} INFO - Started process (PID=331) to work on /opt/airflow/dags/task_instance.py
[2024-02-28T02:15:47.653+0000] {processor.py:830} INFO - Processing file /opt/airflow/dags/task_instance.py for tasks to queue
[2024-02-28T02:15:47.657+0000] {logging_mixin.py:188} INFO - [2024-02-28T02:15:47.656+0000] {dagbag.py:540} INFO - Filling up the DagBag from /opt/airflow/dags/task_instance.py
[2024-02-28T02:15:47.675+0000] {processor.py:840} INFO - DAG(s) 'task_instance' retrieved from /opt/airflow/dags/task_instance.py
[2024-02-28T02:15:47.702+0000] {logging_mixin.py:188} INFO - [2024-02-28T02:15:47.702+0000] {dag.py:3047} INFO - Sync 1 DAGs
[2024-02-28T02:15:47.720+0000] {logging_mixin.py:188} INFO - [2024-02-28T02:15:47.719+0000] {dag.py:3834} INFO - Setting next_dagrun for task_instance to None, run_after=None
[2024-02-28T02:15:47.764+0000] {processor.py:183} INFO - Processing /opt/airflow/dags/task_instance.py took 0.113 seconds
[2024-02-28T02:16:18.454+0000] {processor.py:161} INFO - Started process (PID=342) to work on /opt/airflow/dags/task_instance.py
[2024-02-28T02:16:18.454+0000] {processor.py:830} INFO - Processing file /opt/airflow/dags/task_instance.py for tasks to queue
[2024-02-28T02:16:18.455+0000] {logging_mixin.py:188} INFO - [2024-02-28T02:16:18.455+0000] {dagbag.py:540} INFO - Filling up the DagBag from /opt/airflow/dags/task_instance.py
[2024-02-28T02:16:18.468+0000] {processor.py:840} INFO - DAG(s) 'task_instance' retrieved from /opt/airflow/dags/task_instance.py
[2024-02-28T02:16:18.495+0000] {logging_mixin.py:188} INFO - [2024-02-28T02:16:18.495+0000] {dag.py:3047} INFO - Sync 1 DAGs
[2024-02-28T02:16:18.513+0000] {logging_mixin.py:188} INFO - [2024-02-28T02:16:18.512+0000] {dag.py:3834} INFO - Setting next_dagrun for task_instance to None, run_after=None
[2024-02-28T02:16:18.537+0000] {processor.py:183} INFO - Processing /opt/airflow/dags/task_instance.py took 0.086 seconds
[2024-02-28T02:16:49.206+0000] {processor.py:161} INFO - Started process (PID=353) to work on /opt/airflow/dags/task_instance.py
[2024-02-28T02:16:49.207+0000] {processor.py:830} INFO - Processing file /opt/airflow/dags/task_instance.py for tasks to queue
[2024-02-28T02:16:49.208+0000] {logging_mixin.py:188} INFO - [2024-02-28T02:16:49.208+0000] {dagbag.py:540} INFO - Filling up the DagBag from /opt/airflow/dags/task_instance.py
[2024-02-28T02:16:49.223+0000] {processor.py:840} INFO - DAG(s) 'task_instance' retrieved from /opt/airflow/dags/task_instance.py
[2024-02-28T02:16:49.247+0000] {logging_mixin.py:188} INFO - [2024-02-28T02:16:49.247+0000] {dag.py:3047} INFO - Sync 1 DAGs
[2024-02-28T02:16:49.264+0000] {logging_mixin.py:188} INFO - [2024-02-28T02:16:49.264+0000] {dag.py:3834} INFO - Setting next_dagrun for task_instance to None, run_after=None
[2024-02-28T02:16:49.283+0000] {processor.py:183} INFO - Processing /opt/airflow/dags/task_instance.py took 0.078 seconds
[2024-02-28T02:17:19.944+0000] {processor.py:161} INFO - Started process (PID=364) to work on /opt/airflow/dags/task_instance.py
[2024-02-28T02:17:19.945+0000] {processor.py:830} INFO - Processing file /opt/airflow/dags/task_instance.py for tasks to queue
[2024-02-28T02:17:19.946+0000] {logging_mixin.py:188} INFO - [2024-02-28T02:17:19.946+0000] {dagbag.py:540} INFO - Filling up the DagBag from /opt/airflow/dags/task_instance.py
[2024-02-28T02:17:19.960+0000] {processor.py:840} INFO - DAG(s) 'task_instance' retrieved from /opt/airflow/dags/task_instance.py
[2024-02-28T02:17:19.983+0000] {logging_mixin.py:188} INFO - [2024-02-28T02:17:19.983+0000] {dag.py:3047} INFO - Sync 1 DAGs
[2024-02-28T02:17:19.999+0000] {logging_mixin.py:188} INFO - [2024-02-28T02:17:19.999+0000] {dag.py:3834} INFO - Setting next_dagrun for task_instance to None, run_after=None
[2024-02-28T02:17:20.018+0000] {processor.py:183} INFO - Processing /opt/airflow/dags/task_instance.py took 0.075 seconds
[2024-02-28T02:17:50.573+0000] {processor.py:161} INFO - Started process (PID=375) to work on /opt/airflow/dags/task_instance.py
[2024-02-28T02:17:50.573+0000] {processor.py:830} INFO - Processing file /opt/airflow/dags/task_instance.py for tasks to queue
[2024-02-28T02:17:50.574+0000] {logging_mixin.py:188} INFO - [2024-02-28T02:17:50.574+0000] {dagbag.py:540} INFO - Filling up the DagBag from /opt/airflow/dags/task_instance.py
[2024-02-28T02:17:50.588+0000] {processor.py:840} INFO - DAG(s) 'task_instance' retrieved from /opt/airflow/dags/task_instance.py
[2024-02-28T02:17:50.612+0000] {logging_mixin.py:188} INFO - [2024-02-28T02:17:50.611+0000] {dag.py:3047} INFO - Sync 1 DAGs
[2024-02-28T02:17:50.627+0000] {logging_mixin.py:188} INFO - [2024-02-28T02:17:50.627+0000] {dag.py:3834} INFO - Setting next_dagrun for task_instance to None, run_after=None
[2024-02-28T02:17:50.655+0000] {processor.py:183} INFO - Processing /opt/airflow/dags/task_instance.py took 0.084 seconds
[2024-02-28T02:18:21.389+0000] {processor.py:161} INFO - Started process (PID=386) to work on /opt/airflow/dags/task_instance.py
[2024-02-28T02:18:21.389+0000] {processor.py:830} INFO - Processing file /opt/airflow/dags/task_instance.py for tasks to queue
[2024-02-28T02:18:21.390+0000] {logging_mixin.py:188} INFO - [2024-02-28T02:18:21.390+0000] {dagbag.py:540} INFO - Filling up the DagBag from /opt/airflow/dags/task_instance.py
[2024-02-28T02:18:21.404+0000] {processor.py:840} INFO - DAG(s) 'task_instance' retrieved from /opt/airflow/dags/task_instance.py
[2024-02-28T02:18:21.427+0000] {logging_mixin.py:188} INFO - [2024-02-28T02:18:21.427+0000] {dag.py:3047} INFO - Sync 1 DAGs
[2024-02-28T02:18:21.442+0000] {logging_mixin.py:188} INFO - [2024-02-28T02:18:21.441+0000] {dag.py:3834} INFO - Setting next_dagrun for task_instance to None, run_after=None
[2024-02-28T02:18:21.467+0000] {processor.py:183} INFO - Processing /opt/airflow/dags/task_instance.py took 0.080 seconds
[2024-02-28T02:18:52.137+0000] {processor.py:161} INFO - Started process (PID=397) to work on /opt/airflow/dags/task_instance.py
[2024-02-28T02:18:52.137+0000] {processor.py:830} INFO - Processing file /opt/airflow/dags/task_instance.py for tasks to queue
[2024-02-28T02:18:52.139+0000] {logging_mixin.py:188} INFO - [2024-02-28T02:18:52.139+0000] {dagbag.py:540} INFO - Filling up the DagBag from /opt/airflow/dags/task_instance.py
[2024-02-28T02:18:52.153+0000] {processor.py:840} INFO - DAG(s) 'task_instance' retrieved from /opt/airflow/dags/task_instance.py
[2024-02-28T02:18:52.184+0000] {logging_mixin.py:188} INFO - [2024-02-28T02:18:52.184+0000] {dag.py:3047} INFO - Sync 1 DAGs
[2024-02-28T02:18:52.200+0000] {logging_mixin.py:188} INFO - [2024-02-28T02:18:52.200+0000] {dag.py:3834} INFO - Setting next_dagrun for task_instance to None, run_after=None
[2024-02-28T02:18:52.250+0000] {processor.py:183} INFO - Processing /opt/airflow/dags/task_instance.py took 0.115 seconds
[2024-02-28T02:19:22.877+0000] {processor.py:161} INFO - Started process (PID=408) to work on /opt/airflow/dags/task_instance.py
[2024-02-28T02:19:22.879+0000] {processor.py:830} INFO - Processing file /opt/airflow/dags/task_instance.py for tasks to queue
[2024-02-28T02:19:22.880+0000] {logging_mixin.py:188} INFO - [2024-02-28T02:19:22.880+0000] {dagbag.py:540} INFO - Filling up the DagBag from /opt/airflow/dags/task_instance.py
[2024-02-28T02:19:22.901+0000] {processor.py:840} INFO - DAG(s) 'task_instance' retrieved from /opt/airflow/dags/task_instance.py
[2024-02-28T02:19:22.929+0000] {logging_mixin.py:188} INFO - [2024-02-28T02:19:22.929+0000] {dag.py:3047} INFO - Sync 1 DAGs
[2024-02-28T02:19:22.948+0000] {logging_mixin.py:188} INFO - [2024-02-28T02:19:22.948+0000] {dag.py:3834} INFO - Setting next_dagrun for task_instance to None, run_after=None
[2024-02-28T02:19:22.977+0000] {processor.py:183} INFO - Processing /opt/airflow/dags/task_instance.py took 0.101 seconds
[2024-02-28T02:19:53.597+0000] {processor.py:161} INFO - Started process (PID=419) to work on /opt/airflow/dags/task_instance.py
[2024-02-28T02:19:53.598+0000] {processor.py:830} INFO - Processing file /opt/airflow/dags/task_instance.py for tasks to queue
[2024-02-28T02:19:53.599+0000] {logging_mixin.py:188} INFO - [2024-02-28T02:19:53.599+0000] {dagbag.py:540} INFO - Filling up the DagBag from /opt/airflow/dags/task_instance.py
[2024-02-28T02:19:53.613+0000] {processor.py:840} INFO - DAG(s) 'task_instance' retrieved from /opt/airflow/dags/task_instance.py
[2024-02-28T02:19:53.636+0000] {logging_mixin.py:188} INFO - [2024-02-28T02:19:53.636+0000] {dag.py:3047} INFO - Sync 1 DAGs
[2024-02-28T02:19:53.652+0000] {logging_mixin.py:188} INFO - [2024-02-28T02:19:53.652+0000] {dag.py:3834} INFO - Setting next_dagrun for task_instance to None, run_after=None
[2024-02-28T02:19:53.697+0000] {processor.py:183} INFO - Processing /opt/airflow/dags/task_instance.py took 0.102 seconds
[2024-02-28T02:20:24.350+0000] {processor.py:161} INFO - Started process (PID=436) to work on /opt/airflow/dags/task_instance.py
[2024-02-28T02:20:24.350+0000] {processor.py:830} INFO - Processing file /opt/airflow/dags/task_instance.py for tasks to queue
[2024-02-28T02:20:24.351+0000] {logging_mixin.py:188} INFO - [2024-02-28T02:20:24.351+0000] {dagbag.py:540} INFO - Filling up the DagBag from /opt/airflow/dags/task_instance.py
[2024-02-28T02:20:24.380+0000] {processor.py:840} INFO - DAG(s) 'task_instance' retrieved from /opt/airflow/dags/task_instance.py
[2024-02-28T02:20:24.408+0000] {logging_mixin.py:188} INFO - [2024-02-28T02:20:24.407+0000] {dag.py:3047} INFO - Sync 1 DAGs
[2024-02-28T02:20:24.437+0000] {logging_mixin.py:188} INFO - [2024-02-28T02:20:24.437+0000] {dag.py:3834} INFO - Setting next_dagrun for task_instance to None, run_after=None
[2024-02-28T02:20:24.460+0000] {processor.py:183} INFO - Processing /opt/airflow/dags/task_instance.py took 0.111 seconds
[2024-02-28T02:20:55.147+0000] {processor.py:161} INFO - Started process (PID=448) to work on /opt/airflow/dags/task_instance.py
[2024-02-28T02:20:55.147+0000] {processor.py:830} INFO - Processing file /opt/airflow/dags/task_instance.py for tasks to queue
[2024-02-28T02:20:55.149+0000] {logging_mixin.py:188} INFO - [2024-02-28T02:20:55.148+0000] {dagbag.py:540} INFO - Filling up the DagBag from /opt/airflow/dags/task_instance.py
[2024-02-28T02:20:55.165+0000] {processor.py:840} INFO - DAG(s) 'task_instance' retrieved from /opt/airflow/dags/task_instance.py
[2024-02-28T02:20:55.192+0000] {logging_mixin.py:188} INFO - [2024-02-28T02:20:55.192+0000] {dag.py:3047} INFO - Sync 1 DAGs
[2024-02-28T02:20:55.210+0000] {logging_mixin.py:188} INFO - [2024-02-28T02:20:55.210+0000] {dag.py:3834} INFO - Setting next_dagrun for task_instance to None, run_after=None
[2024-02-28T02:20:55.230+0000] {processor.py:183} INFO - Processing /opt/airflow/dags/task_instance.py took 0.086 seconds
[2024-02-28T02:21:25.850+0000] {processor.py:161} INFO - Started process (PID=459) to work on /opt/airflow/dags/task_instance.py
[2024-02-28T02:21:25.850+0000] {processor.py:830} INFO - Processing file /opt/airflow/dags/task_instance.py for tasks to queue
[2024-02-28T02:21:25.851+0000] {logging_mixin.py:188} INFO - [2024-02-28T02:21:25.851+0000] {dagbag.py:540} INFO - Filling up the DagBag from /opt/airflow/dags/task_instance.py
[2024-02-28T02:21:25.864+0000] {processor.py:840} INFO - DAG(s) 'task_instance' retrieved from /opt/airflow/dags/task_instance.py
[2024-02-28T02:21:25.886+0000] {logging_mixin.py:188} INFO - [2024-02-28T02:21:25.885+0000] {dag.py:3047} INFO - Sync 1 DAGs
[2024-02-28T02:21:25.900+0000] {logging_mixin.py:188} INFO - [2024-02-28T02:21:25.900+0000] {dag.py:3834} INFO - Setting next_dagrun for task_instance to None, run_after=None
[2024-02-28T02:21:25.923+0000] {processor.py:183} INFO - Processing /opt/airflow/dags/task_instance.py took 0.075 seconds
[2024-02-28T02:21:56.576+0000] {processor.py:161} INFO - Started process (PID=470) to work on /opt/airflow/dags/task_instance.py
[2024-02-28T02:21:56.577+0000] {processor.py:830} INFO - Processing file /opt/airflow/dags/task_instance.py for tasks to queue
[2024-02-28T02:21:56.578+0000] {logging_mixin.py:188} INFO - [2024-02-28T02:21:56.578+0000] {dagbag.py:540} INFO - Filling up the DagBag from /opt/airflow/dags/task_instance.py
[2024-02-28T02:21:56.590+0000] {processor.py:840} INFO - DAG(s) 'task_instance' retrieved from /opt/airflow/dags/task_instance.py
[2024-02-28T02:21:56.613+0000] {logging_mixin.py:188} INFO - [2024-02-28T02:21:56.613+0000] {dag.py:3047} INFO - Sync 1 DAGs
[2024-02-28T02:21:56.631+0000] {logging_mixin.py:188} INFO - [2024-02-28T02:21:56.631+0000] {dag.py:3834} INFO - Setting next_dagrun for task_instance to None, run_after=None
[2024-02-28T02:21:56.659+0000] {processor.py:183} INFO - Processing /opt/airflow/dags/task_instance.py took 0.084 seconds
[2024-02-28T02:22:27.419+0000] {processor.py:161} INFO - Started process (PID=481) to work on /opt/airflow/dags/task_instance.py
[2024-02-28T02:22:27.420+0000] {processor.py:830} INFO - Processing file /opt/airflow/dags/task_instance.py for tasks to queue
[2024-02-28T02:22:27.421+0000] {logging_mixin.py:188} INFO - [2024-02-28T02:22:27.421+0000] {dagbag.py:540} INFO - Filling up the DagBag from /opt/airflow/dags/task_instance.py
[2024-02-28T02:22:27.433+0000] {processor.py:840} INFO - DAG(s) 'task_instance' retrieved from /opt/airflow/dags/task_instance.py
[2024-02-28T02:22:27.456+0000] {logging_mixin.py:188} INFO - [2024-02-28T02:22:27.455+0000] {dag.py:3047} INFO - Sync 1 DAGs
[2024-02-28T02:22:27.473+0000] {logging_mixin.py:188} INFO - [2024-02-28T02:22:27.472+0000] {dag.py:3834} INFO - Setting next_dagrun for task_instance to None, run_after=None
[2024-02-28T02:22:27.497+0000] {processor.py:183} INFO - Processing /opt/airflow/dags/task_instance.py took 0.080 seconds
[2024-02-28T02:22:58.128+0000] {processor.py:161} INFO - Started process (PID=492) to work on /opt/airflow/dags/task_instance.py
[2024-02-28T02:22:58.129+0000] {processor.py:830} INFO - Processing file /opt/airflow/dags/task_instance.py for tasks to queue
[2024-02-28T02:22:58.130+0000] {logging_mixin.py:188} INFO - [2024-02-28T02:22:58.130+0000] {dagbag.py:540} INFO - Filling up the DagBag from /opt/airflow/dags/task_instance.py
[2024-02-28T02:22:58.143+0000] {processor.py:840} INFO - DAG(s) 'task_instance' retrieved from /opt/airflow/dags/task_instance.py
[2024-02-28T02:22:58.165+0000] {logging_mixin.py:188} INFO - [2024-02-28T02:22:58.165+0000] {dag.py:3047} INFO - Sync 1 DAGs
[2024-02-28T02:22:58.182+0000] {logging_mixin.py:188} INFO - [2024-02-28T02:22:58.182+0000] {dag.py:3834} INFO - Setting next_dagrun for task_instance to None, run_after=None
[2024-02-28T02:22:58.208+0000] {processor.py:183} INFO - Processing /opt/airflow/dags/task_instance.py took 0.082 seconds
[2024-02-28T02:23:28.982+0000] {processor.py:161} INFO - Started process (PID=503) to work on /opt/airflow/dags/task_instance.py
[2024-02-28T02:23:28.983+0000] {processor.py:830} INFO - Processing file /opt/airflow/dags/task_instance.py for tasks to queue
[2024-02-28T02:23:28.984+0000] {logging_mixin.py:188} INFO - [2024-02-28T02:23:28.983+0000] {dagbag.py:540} INFO - Filling up the DagBag from /opt/airflow/dags/task_instance.py
[2024-02-28T02:23:28.997+0000] {processor.py:840} INFO - DAG(s) 'task_instance' retrieved from /opt/airflow/dags/task_instance.py
[2024-02-28T02:23:29.018+0000] {logging_mixin.py:188} INFO - [2024-02-28T02:23:29.018+0000] {dag.py:3047} INFO - Sync 1 DAGs
[2024-02-28T02:23:29.038+0000] {logging_mixin.py:188} INFO - [2024-02-28T02:23:29.038+0000] {dag.py:3834} INFO - Setting next_dagrun for task_instance to None, run_after=None
[2024-02-28T02:23:29.068+0000] {processor.py:183} INFO - Processing /opt/airflow/dags/task_instance.py took 0.088 seconds
[2024-02-28T02:23:59.732+0000] {processor.py:161} INFO - Started process (PID=514) to work on /opt/airflow/dags/task_instance.py
[2024-02-28T02:23:59.733+0000] {processor.py:830} INFO - Processing file /opt/airflow/dags/task_instance.py for tasks to queue
[2024-02-28T02:23:59.735+0000] {logging_mixin.py:188} INFO - [2024-02-28T02:23:59.734+0000] {dagbag.py:540} INFO - Filling up the DagBag from /opt/airflow/dags/task_instance.py
[2024-02-28T02:23:59.752+0000] {processor.py:840} INFO - DAG(s) 'task_instance' retrieved from /opt/airflow/dags/task_instance.py
[2024-02-28T02:23:59.776+0000] {logging_mixin.py:188} INFO - [2024-02-28T02:23:59.776+0000] {dag.py:3047} INFO - Sync 1 DAGs
[2024-02-28T02:23:59.798+0000] {logging_mixin.py:188} INFO - [2024-02-28T02:23:59.798+0000] {dag.py:3834} INFO - Setting next_dagrun for task_instance to None, run_after=None
[2024-02-28T02:23:59.828+0000] {processor.py:183} INFO - Processing /opt/airflow/dags/task_instance.py took 0.098 seconds
[2024-02-28T02:24:30.460+0000] {processor.py:161} INFO - Started process (PID=525) to work on /opt/airflow/dags/task_instance.py
[2024-02-28T02:24:30.460+0000] {processor.py:830} INFO - Processing file /opt/airflow/dags/task_instance.py for tasks to queue
[2024-02-28T02:24:30.462+0000] {logging_mixin.py:188} INFO - [2024-02-28T02:24:30.461+0000] {dagbag.py:540} INFO - Filling up the DagBag from /opt/airflow/dags/task_instance.py
[2024-02-28T02:24:30.481+0000] {processor.py:840} INFO - DAG(s) 'task_instance' retrieved from /opt/airflow/dags/task_instance.py
[2024-02-28T02:24:30.511+0000] {logging_mixin.py:188} INFO - [2024-02-28T02:24:30.511+0000] {dag.py:3047} INFO - Sync 1 DAGs
[2024-02-28T02:24:30.528+0000] {logging_mixin.py:188} INFO - [2024-02-28T02:24:30.528+0000] {dag.py:3834} INFO - Setting next_dagrun for task_instance to None, run_after=None
[2024-02-28T02:24:30.555+0000] {processor.py:183} INFO - Processing /opt/airflow/dags/task_instance.py took 0.097 seconds
[2024-02-28T02:25:01.276+0000] {processor.py:161} INFO - Started process (PID=536) to work on /opt/airflow/dags/task_instance.py
[2024-02-28T02:25:01.277+0000] {processor.py:830} INFO - Processing file /opt/airflow/dags/task_instance.py for tasks to queue
[2024-02-28T02:25:01.279+0000] {logging_mixin.py:188} INFO - [2024-02-28T02:25:01.278+0000] {dagbag.py:540} INFO - Filling up the DagBag from /opt/airflow/dags/task_instance.py
[2024-02-28T02:25:01.295+0000] {processor.py:840} INFO - DAG(s) 'task_instance' retrieved from /opt/airflow/dags/task_instance.py
[2024-02-28T02:25:01.320+0000] {logging_mixin.py:188} INFO - [2024-02-28T02:25:01.320+0000] {dag.py:3047} INFO - Sync 1 DAGs
[2024-02-28T02:25:01.338+0000] {logging_mixin.py:188} INFO - [2024-02-28T02:25:01.337+0000] {dag.py:3834} INFO - Setting next_dagrun for task_instance to None, run_after=None
[2024-02-28T02:25:01.363+0000] {processor.py:183} INFO - Processing /opt/airflow/dags/task_instance.py took 0.089 seconds
[2024-02-28T02:25:32.001+0000] {processor.py:161} INFO - Started process (PID=547) to work on /opt/airflow/dags/task_instance.py
[2024-02-28T02:25:32.002+0000] {processor.py:830} INFO - Processing file /opt/airflow/dags/task_instance.py for tasks to queue
[2024-02-28T02:25:32.003+0000] {logging_mixin.py:188} INFO - [2024-02-28T02:25:32.003+0000] {dagbag.py:540} INFO - Filling up the DagBag from /opt/airflow/dags/task_instance.py
[2024-02-28T02:25:32.018+0000] {processor.py:840} INFO - DAG(s) 'task_instance' retrieved from /opt/airflow/dags/task_instance.py
[2024-02-28T02:25:32.045+0000] {logging_mixin.py:188} INFO - [2024-02-28T02:25:32.045+0000] {dag.py:3047} INFO - Sync 1 DAGs
[2024-02-28T02:25:32.064+0000] {logging_mixin.py:188} INFO - [2024-02-28T02:25:32.063+0000] {dag.py:3834} INFO - Setting next_dagrun for task_instance to None, run_after=None
[2024-02-28T02:25:32.085+0000] {processor.py:183} INFO - Processing /opt/airflow/dags/task_instance.py took 0.085 seconds
[2024-02-28T02:26:02.737+0000] {processor.py:161} INFO - Started process (PID=558) to work on /opt/airflow/dags/task_instance.py
[2024-02-28T02:26:02.738+0000] {processor.py:830} INFO - Processing file /opt/airflow/dags/task_instance.py for tasks to queue
[2024-02-28T02:26:02.739+0000] {logging_mixin.py:188} INFO - [2024-02-28T02:26:02.739+0000] {dagbag.py:540} INFO - Filling up the DagBag from /opt/airflow/dags/task_instance.py
[2024-02-28T02:26:02.754+0000] {processor.py:840} INFO - DAG(s) 'task_instance' retrieved from /opt/airflow/dags/task_instance.py
[2024-02-28T02:26:02.781+0000] {logging_mixin.py:188} INFO - [2024-02-28T02:26:02.781+0000] {dag.py:3047} INFO - Sync 1 DAGs
[2024-02-28T02:26:02.801+0000] {logging_mixin.py:188} INFO - [2024-02-28T02:26:02.801+0000] {dag.py:3834} INFO - Setting next_dagrun for task_instance to None, run_after=None
[2024-02-28T02:26:02.831+0000] {processor.py:183} INFO - Processing /opt/airflow/dags/task_instance.py took 0.096 seconds
[2024-02-28T02:26:33.374+0000] {processor.py:161} INFO - Started process (PID=569) to work on /opt/airflow/dags/task_instance.py
[2024-02-28T02:26:33.374+0000] {processor.py:830} INFO - Processing file /opt/airflow/dags/task_instance.py for tasks to queue
[2024-02-28T02:26:33.376+0000] {logging_mixin.py:188} INFO - [2024-02-28T02:26:33.375+0000] {dagbag.py:540} INFO - Filling up the DagBag from /opt/airflow/dags/task_instance.py
[2024-02-28T02:26:33.389+0000] {processor.py:840} INFO - DAG(s) 'task_instance' retrieved from /opt/airflow/dags/task_instance.py
[2024-02-28T02:26:33.413+0000] {logging_mixin.py:188} INFO - [2024-02-28T02:26:33.413+0000] {dag.py:3047} INFO - Sync 1 DAGs
[2024-02-28T02:26:33.429+0000] {logging_mixin.py:188} INFO - [2024-02-28T02:26:33.429+0000] {dag.py:3834} INFO - Setting next_dagrun for task_instance to None, run_after=None
[2024-02-28T02:26:33.454+0000] {processor.py:183} INFO - Processing /opt/airflow/dags/task_instance.py took 0.082 seconds
[2024-02-28T02:27:04.187+0000] {processor.py:161} INFO - Started process (PID=580) to work on /opt/airflow/dags/task_instance.py
[2024-02-28T02:27:04.187+0000] {processor.py:830} INFO - Processing file /opt/airflow/dags/task_instance.py for tasks to queue
[2024-02-28T02:27:04.189+0000] {logging_mixin.py:188} INFO - [2024-02-28T02:27:04.188+0000] {dagbag.py:540} INFO - Filling up the DagBag from /opt/airflow/dags/task_instance.py
[2024-02-28T02:27:04.205+0000] {processor.py:840} INFO - DAG(s) 'task_instance' retrieved from /opt/airflow/dags/task_instance.py
[2024-02-28T02:27:04.234+0000] {logging_mixin.py:188} INFO - [2024-02-28T02:27:04.234+0000] {dag.py:3047} INFO - Sync 1 DAGs
[2024-02-28T02:27:04.255+0000] {logging_mixin.py:188} INFO - [2024-02-28T02:27:04.255+0000] {dag.py:3834} INFO - Setting next_dagrun for task_instance to None, run_after=None
[2024-02-28T02:27:04.282+0000] {processor.py:183} INFO - Processing /opt/airflow/dags/task_instance.py took 0.098 seconds
[2024-02-28T02:27:34.930+0000] {processor.py:161} INFO - Started process (PID=592) to work on /opt/airflow/dags/task_instance.py
[2024-02-28T02:27:34.931+0000] {processor.py:830} INFO - Processing file /opt/airflow/dags/task_instance.py for tasks to queue
[2024-02-28T02:27:34.933+0000] {logging_mixin.py:188} INFO - [2024-02-28T02:27:34.932+0000] {dagbag.py:540} INFO - Filling up the DagBag from /opt/airflow/dags/task_instance.py
[2024-02-28T02:27:34.946+0000] {processor.py:840} INFO - DAG(s) 'task_instance' retrieved from /opt/airflow/dags/task_instance.py
[2024-02-28T02:27:34.971+0000] {logging_mixin.py:188} INFO - [2024-02-28T02:27:34.971+0000] {dag.py:3047} INFO - Sync 1 DAGs
[2024-02-28T02:27:34.987+0000] {logging_mixin.py:188} INFO - [2024-02-28T02:27:34.987+0000] {dag.py:3834} INFO - Setting next_dagrun for task_instance to None, run_after=None
[2024-02-28T02:27:35.010+0000] {processor.py:183} INFO - Processing /opt/airflow/dags/task_instance.py took 0.083 seconds
[2024-02-28T02:28:05.699+0000] {processor.py:161} INFO - Started process (PID=604) to work on /opt/airflow/dags/task_instance.py
[2024-02-28T02:28:05.700+0000] {processor.py:830} INFO - Processing file /opt/airflow/dags/task_instance.py for tasks to queue
[2024-02-28T02:28:05.701+0000] {logging_mixin.py:188} INFO - [2024-02-28T02:28:05.701+0000] {dagbag.py:540} INFO - Filling up the DagBag from /opt/airflow/dags/task_instance.py
[2024-02-28T02:28:05.714+0000] {processor.py:840} INFO - DAG(s) 'task_instance' retrieved from /opt/airflow/dags/task_instance.py
[2024-02-28T02:28:05.739+0000] {logging_mixin.py:188} INFO - [2024-02-28T02:28:05.739+0000] {dag.py:3047} INFO - Sync 1 DAGs
[2024-02-28T02:28:05.758+0000] {logging_mixin.py:188} INFO - [2024-02-28T02:28:05.758+0000] {dag.py:3834} INFO - Setting next_dagrun for task_instance to None, run_after=None
[2024-02-28T02:28:05.778+0000] {processor.py:183} INFO - Processing /opt/airflow/dags/task_instance.py took 0.081 seconds
[2024-02-28T02:28:36.465+0000] {processor.py:161} INFO - Started process (PID=615) to work on /opt/airflow/dags/task_instance.py
[2024-02-28T02:28:36.465+0000] {processor.py:830} INFO - Processing file /opt/airflow/dags/task_instance.py for tasks to queue
[2024-02-28T02:28:36.468+0000] {logging_mixin.py:188} INFO - [2024-02-28T02:28:36.467+0000] {dagbag.py:540} INFO - Filling up the DagBag from /opt/airflow/dags/task_instance.py
[2024-02-28T02:28:36.482+0000] {processor.py:840} INFO - DAG(s) 'task_instance' retrieved from /opt/airflow/dags/task_instance.py
[2024-02-28T02:28:36.505+0000] {logging_mixin.py:188} INFO - [2024-02-28T02:28:36.505+0000] {dag.py:3047} INFO - Sync 1 DAGs
[2024-02-28T02:28:36.523+0000] {logging_mixin.py:188} INFO - [2024-02-28T02:28:36.523+0000] {dag.py:3834} INFO - Setting next_dagrun for task_instance to None, run_after=None
[2024-02-28T02:28:36.548+0000] {processor.py:183} INFO - Processing /opt/airflow/dags/task_instance.py took 0.086 seconds
