[2024-02-29T16:27:03.917+0000] {logging_mixin.py:188} INFO - Changing /opt/***/logs/dag_id=jinja_template/run_id=scheduled__2024-01-01T00:00:00+00:00/task_id=echo_ds permission to 509
[2024-02-29T16:27:03.919+0000] {logging_mixin.py:188} INFO - Changing /opt/***/logs/dag_id=jinja_template/run_id=scheduled__2024-01-01T00:00:00+00:00 permission to 509
[2024-02-29T16:27:03.920+0000] {logging_mixin.py:188} INFO - Changing /opt/***/logs/dag_id=jinja_template permission to 509
[2024-02-29T16:27:03.921+0000] {logging_mixin.py:188} INFO - Changing /opt/***/logs permission to 509
[2024-02-29T16:27:03.972+0000] {logging_mixin.py:188} INFO - Changing /opt/***/logs/dag_id=jinja_template/run_id=scheduled__2024-01-01T00:00:00+00:00/task_id=echo_ds permission to 509
[2024-02-29T16:27:03.975+0000] {logging_mixin.py:188} INFO - Changing /opt/***/logs/dag_id=jinja_template/run_id=scheduled__2024-01-01T00:00:00+00:00 permission to 509
[2024-02-29T16:27:03.976+0000] {logging_mixin.py:188} INFO - Changing /opt/***/logs/dag_id=jinja_template permission to 509
[2024-02-29T16:27:03.977+0000] {logging_mixin.py:188} INFO - Changing /opt/***/logs permission to 509
[2024-02-29T16:27:04.015+0000] {taskinstance.py:1979} INFO - Dependencies all met for dep_context=non-requeueable deps ti=<TaskInstance: jinja_template.echo_ds scheduled__2024-01-01T00:00:00+00:00 [queued]>
[2024-02-29T16:27:04.022+0000] {taskinstance.py:1979} INFO - Dependencies all met for dep_context=requeueable deps ti=<TaskInstance: jinja_template.echo_ds scheduled__2024-01-01T00:00:00+00:00 [queued]>
[2024-02-29T16:27:04.022+0000] {taskinstance.py:2193} INFO - Starting attempt 1 of 3
[2024-02-29T16:27:04.046+0000] {taskinstance.py:2214} INFO - Executing <Task(BashOperator): echo_ds> on 2024-01-01 00:00:00+00:00
[2024-02-29T16:27:04.050+0000] {standard_task_runner.py:60} INFO - Started process 319 to run task
[2024-02-29T16:27:04.053+0000] {standard_task_runner.py:87} INFO - Running: ['***', 'tasks', 'run', 'jinja_template', 'echo_ds', 'scheduled__2024-01-01T00:00:00+00:00', '--job-id', '110', '--raw', '--subdir', 'DAGS_FOLDER/jinja_template.py', '--cfg-path', '/tmp/tmpkrnkkzej']
[2024-02-29T16:27:04.054+0000] {standard_task_runner.py:88} INFO - Job 110: Subtask echo_ds
[2024-02-29T16:27:04.151+0000] {logging_mixin.py:188} INFO - Changing /opt/***/logs/dag_id=jinja_template/run_id=scheduled__2024-01-01T00:00:00+00:00/task_id=echo_ds permission to 509
[2024-02-29T16:27:04.152+0000] {logging_mixin.py:188} INFO - Changing /opt/***/logs/dag_id=jinja_template/run_id=scheduled__2024-01-01T00:00:00+00:00 permission to 509
[2024-02-29T16:27:04.154+0000] {logging_mixin.py:188} INFO - Changing /opt/***/logs/dag_id=jinja_template permission to 509
[2024-02-29T16:27:04.155+0000] {logging_mixin.py:188} INFO - Changing /opt/***/logs permission to 509
[2024-02-29T16:27:04.157+0000] {task_command.py:423} INFO - Running <TaskInstance: jinja_template.echo_ds scheduled__2024-01-01T00:00:00+00:00 [running]> on host 68829ac68ce6
[2024-02-29T16:27:04.402+0000] {taskinstance.py:2510} INFO - Exporting env vars: AIRFLOW_CTX_DAG_OWNER='vutt' AIRFLOW_CTX_DAG_ID='jinja_template' AIRFLOW_CTX_TASK_ID='echo_ds' AIRFLOW_CTX_EXECUTION_DATE='2024-01-01T00:00:00+00:00' AIRFLOW_CTX_TRY_NUMBER='1' AIRFLOW_CTX_DAG_RUN_ID='scheduled__2024-01-01T00:00:00+00:00'
[2024-02-29T16:27:04.404+0000] {subprocess.py:63} INFO - Tmp dir root location: /tmp
[2024-02-29T16:27:04.406+0000] {subprocess.py:75} INFO - Running command: ['/usr/bin/bash', '-c', 'echo 20240101']
[2024-02-29T16:27:04.419+0000] {subprocess.py:86} INFO - Output:
[2024-02-29T16:27:04.421+0000] {subprocess.py:93} INFO - 20240101
[2024-02-29T16:27:04.422+0000] {subprocess.py:97} INFO - Command exited with return code 0
[2024-02-29T16:27:04.547+0000] {taskinstance.py:1149} INFO - Marking task as SUCCESS. dag_id=jinja_template, task_id=echo_ds, execution_date=20240101T000000, start_date=20240229T162704, end_date=20240229T162704
[2024-02-29T16:27:04.586+0000] {local_task_job_runner.py:234} INFO - Task exited with return code 0
[2024-02-29T16:27:04.641+0000] {taskinstance.py:3309} INFO - 0 downstream tasks scheduled from follow-on schedule check
