[2024-03-01T15:47:42.855+0000] {logging_mixin.py:188} INFO - Changing /opt/***/logs/dag_id=pool/run_id=scheduled__2024-01-06T00:00:00+00:00/task_id=task_3 permission to 509
[2024-03-01T15:47:42.858+0000] {logging_mixin.py:188} INFO - Changing /opt/***/logs/dag_id=pool/run_id=scheduled__2024-01-06T00:00:00+00:00 permission to 509
[2024-03-01T15:47:42.862+0000] {logging_mixin.py:188} INFO - Changing /opt/***/logs/dag_id=pool permission to 509
[2024-03-01T15:47:42.865+0000] {logging_mixin.py:188} INFO - Changing /opt/***/logs permission to 509
[2024-03-01T15:47:42.938+0000] {logging_mixin.py:188} INFO - Changing /opt/***/logs/dag_id=pool/run_id=scheduled__2024-01-06T00:00:00+00:00/task_id=task_3 permission to 509
[2024-03-01T15:47:42.941+0000] {logging_mixin.py:188} INFO - Changing /opt/***/logs/dag_id=pool/run_id=scheduled__2024-01-06T00:00:00+00:00 permission to 509
[2024-03-01T15:47:42.943+0000] {logging_mixin.py:188} INFO - Changing /opt/***/logs/dag_id=pool permission to 509
[2024-03-01T15:47:42.945+0000] {logging_mixin.py:188} INFO - Changing /opt/***/logs permission to 509
[2024-03-01T15:47:42.988+0000] {taskinstance.py:1979} INFO - Dependencies all met for dep_context=non-requeueable deps ti=<TaskInstance: pool.task_3 scheduled__2024-01-06T00:00:00+00:00 [queued]>
[2024-03-01T15:47:42.997+0000] {taskinstance.py:1979} INFO - Dependencies all met for dep_context=requeueable deps ti=<TaskInstance: pool.task_3 scheduled__2024-01-06T00:00:00+00:00 [queued]>
[2024-03-01T15:47:42.997+0000] {taskinstance.py:2193} INFO - Starting attempt 1 of 3
[2024-03-01T15:47:43.013+0000] {taskinstance.py:2214} INFO - Executing <Task(BashOperator): task_3> on 2024-01-06 00:00:00+00:00
[2024-03-01T15:47:43.018+0000] {standard_task_runner.py:60} INFO - Started process 875 to run task
[2024-03-01T15:47:43.020+0000] {standard_task_runner.py:87} INFO - Running: ['***', 'tasks', 'run', 'pool', 'task_3', 'scheduled__2024-01-06T00:00:00+00:00', '--job-id', '212', '--raw', '--subdir', 'DAGS_FOLDER/pool.py', '--cfg-path', '/tmp/tmprg7xh7g9']
[2024-03-01T15:47:43.021+0000] {standard_task_runner.py:88} INFO - Job 212: Subtask task_3
[2024-03-01T15:47:43.130+0000] {logging_mixin.py:188} INFO - Changing /opt/***/logs/dag_id=pool/run_id=scheduled__2024-01-06T00:00:00+00:00/task_id=task_3 permission to 509
[2024-03-01T15:47:43.132+0000] {logging_mixin.py:188} INFO - Changing /opt/***/logs/dag_id=pool/run_id=scheduled__2024-01-06T00:00:00+00:00 permission to 509
[2024-03-01T15:47:43.133+0000] {logging_mixin.py:188} INFO - Changing /opt/***/logs/dag_id=pool permission to 509
[2024-03-01T15:47:43.134+0000] {logging_mixin.py:188} INFO - Changing /opt/***/logs permission to 509
[2024-03-01T15:47:43.136+0000] {task_command.py:423} INFO - Running <TaskInstance: pool.task_3 scheduled__2024-01-06T00:00:00+00:00 [running]> on host 68829ac68ce6
[2024-03-01T15:47:43.303+0000] {taskinstance.py:2510} INFO - Exporting env vars: AIRFLOW_CTX_DAG_OWNER='vutt' AIRFLOW_CTX_DAG_ID='pool' AIRFLOW_CTX_TASK_ID='task_3' AIRFLOW_CTX_EXECUTION_DATE='2024-01-06T00:00:00+00:00' AIRFLOW_CTX_TRY_NUMBER='1' AIRFLOW_CTX_DAG_RUN_ID='scheduled__2024-01-06T00:00:00+00:00'
[2024-03-01T15:47:43.304+0000] {subprocess.py:63} INFO - Tmp dir root location: /tmp
[2024-03-01T15:47:43.305+0000] {subprocess.py:75} INFO - Running command: ['/usr/bin/bash', '-c', 'echo task_3']
[2024-03-01T15:47:43.315+0000] {subprocess.py:86} INFO - Output:
[2024-03-01T15:47:43.316+0000] {subprocess.py:93} INFO - task_3
[2024-03-01T15:47:43.316+0000] {subprocess.py:97} INFO - Command exited with return code 0
[2024-03-01T15:47:43.389+0000] {taskinstance.py:1149} INFO - Marking task as SUCCESS. dag_id=pool, task_id=task_3, execution_date=20240106T000000, start_date=20240301T154742, end_date=20240301T154743
[2024-03-01T15:47:43.433+0000] {local_task_job_runner.py:234} INFO - Task exited with return code 0
[2024-03-01T15:47:43.466+0000] {taskinstance.py:3309} INFO - 0 downstream tasks scheduled from follow-on schedule check
