[2024-03-01T15:13:26.780+0000] {logging_mixin.py:188} INFO - Changing /opt/***/logs/dag_id=trigger_dag_run_dag2/run_id=scheduled__2024-01-01T00:00:00+00:00/task_id=echo_dag2 permission to 509
[2024-03-01T15:13:26.782+0000] {logging_mixin.py:188} INFO - Changing /opt/***/logs/dag_id=trigger_dag_run_dag2/run_id=scheduled__2024-01-01T00:00:00+00:00 permission to 509
[2024-03-01T15:13:26.783+0000] {logging_mixin.py:188} INFO - Changing /opt/***/logs/dag_id=trigger_dag_run_dag2 permission to 509
[2024-03-01T15:13:26.784+0000] {logging_mixin.py:188} INFO - Changing /opt/***/logs permission to 509
[2024-03-01T15:13:26.829+0000] {logging_mixin.py:188} INFO - Changing /opt/***/logs/dag_id=trigger_dag_run_dag2/run_id=scheduled__2024-01-01T00:00:00+00:00/task_id=echo_dag2 permission to 509
[2024-03-01T15:13:26.830+0000] {logging_mixin.py:188} INFO - Changing /opt/***/logs/dag_id=trigger_dag_run_dag2/run_id=scheduled__2024-01-01T00:00:00+00:00 permission to 509
[2024-03-01T15:13:26.831+0000] {logging_mixin.py:188} INFO - Changing /opt/***/logs/dag_id=trigger_dag_run_dag2 permission to 509
[2024-03-01T15:13:26.832+0000] {logging_mixin.py:188} INFO - Changing /opt/***/logs permission to 509
[2024-03-01T15:13:26.867+0000] {taskinstance.py:1979} INFO - Dependencies all met for dep_context=non-requeueable deps ti=<TaskInstance: trigger_dag_run_dag2.echo_dag2 scheduled__2024-01-01T00:00:00+00:00 [queued]>
[2024-03-01T15:13:26.874+0000] {taskinstance.py:1979} INFO - Dependencies all met for dep_context=requeueable deps ti=<TaskInstance: trigger_dag_run_dag2.echo_dag2 scheduled__2024-01-01T00:00:00+00:00 [queued]>
[2024-03-01T15:13:26.874+0000] {taskinstance.py:2193} INFO - Starting attempt 1 of 3
[2024-03-01T15:13:26.884+0000] {taskinstance.py:2214} INFO - Executing <Task(BashOperator): echo_dag2> on 2024-01-01 00:00:00+00:00
[2024-03-01T15:13:26.887+0000] {standard_task_runner.py:60} INFO - Started process 186 to run task
[2024-03-01T15:13:26.890+0000] {standard_task_runner.py:87} INFO - Running: ['***', 'tasks', 'run', 'trigger_dag_run_dag2', 'echo_dag2', 'scheduled__2024-01-01T00:00:00+00:00', '--job-id', '132', '--raw', '--subdir', 'DAGS_FOLDER/trigger_dag_run_dag2.py', '--cfg-path', '/tmp/tmp4wwjv78t']
[2024-03-01T15:13:26.891+0000] {standard_task_runner.py:88} INFO - Job 132: Subtask echo_dag2
[2024-03-01T15:13:26.962+0000] {logging_mixin.py:188} INFO - Changing /opt/***/logs/dag_id=trigger_dag_run_dag2/run_id=scheduled__2024-01-01T00:00:00+00:00/task_id=echo_dag2 permission to 509
[2024-03-01T15:13:26.963+0000] {logging_mixin.py:188} INFO - Changing /opt/***/logs/dag_id=trigger_dag_run_dag2/run_id=scheduled__2024-01-01T00:00:00+00:00 permission to 509
[2024-03-01T15:13:26.964+0000] {logging_mixin.py:188} INFO - Changing /opt/***/logs/dag_id=trigger_dag_run_dag2 permission to 509
[2024-03-01T15:13:26.965+0000] {logging_mixin.py:188} INFO - Changing /opt/***/logs permission to 509
[2024-03-01T15:13:26.966+0000] {task_command.py:423} INFO - Running <TaskInstance: trigger_dag_run_dag2.echo_dag2 scheduled__2024-01-01T00:00:00+00:00 [running]> on host 68829ac68ce6
[2024-03-01T15:13:27.083+0000] {taskinstance.py:2510} INFO - Exporting env vars: AIRFLOW_CTX_DAG_OWNER='vutt' AIRFLOW_CTX_DAG_ID='trigger_dag_run_dag2' AIRFLOW_CTX_TASK_ID='echo_dag2' AIRFLOW_CTX_EXECUTION_DATE='2024-01-01T00:00:00+00:00' AIRFLOW_CTX_TRY_NUMBER='1' AIRFLOW_CTX_DAG_RUN_ID='scheduled__2024-01-01T00:00:00+00:00'
[2024-03-01T15:13:27.084+0000] {subprocess.py:63} INFO - Tmp dir root location: /tmp
[2024-03-01T15:13:27.085+0000] {subprocess.py:75} INFO - Running command: ['/usr/bin/bash', '-c', 'echo dag2']
[2024-03-01T15:13:27.091+0000] {subprocess.py:86} INFO - Output:
[2024-03-01T15:13:27.092+0000] {subprocess.py:93} INFO - dag2
[2024-03-01T15:13:27.092+0000] {subprocess.py:97} INFO - Command exited with return code 0
[2024-03-01T15:13:27.135+0000] {taskinstance.py:1149} INFO - Marking task as SUCCESS. dag_id=trigger_dag_run_dag2, task_id=echo_dag2, execution_date=20240101T000000, start_date=20240301T151326, end_date=20240301T151327
[2024-03-01T15:13:27.182+0000] {local_task_job_runner.py:234} INFO - Task exited with return code 0
[2024-03-01T15:13:27.211+0000] {taskinstance.py:3309} INFO - 0 downstream tasks scheduled from follow-on schedule check
