[2024-03-16T09:31:18.311+0000] {processor.py:161} INFO - Started process (PID=50) to work on /opt/airflow/dags/bash_operator.py
[2024-03-16T09:31:18.311+0000] {processor.py:830} INFO - Processing file /opt/airflow/dags/bash_operator.py for tasks to queue
[2024-03-16T09:31:18.313+0000] {logging_mixin.py:188} INFO - [2024-03-16T09:31:18.312+0000] {dagbag.py:540} INFO - Filling up the DagBag from /opt/airflow/dags/bash_operator.py
[2024-03-16T09:31:18.323+0000] {processor.py:840} INFO - DAG(s) 'bash_operator' retrieved from /opt/airflow/dags/bash_operator.py
[2024-03-16T09:31:18.392+0000] {logging_mixin.py:188} INFO - [2024-03-16T09:31:18.392+0000] {dag.py:3047} INFO - Sync 1 DAGs
[2024-03-16T09:31:18.414+0000] {logging_mixin.py:188} INFO - [2024-03-16T09:31:18.414+0000] {dag.py:3834} INFO - Setting next_dagrun for bash_operator to None, run_after=None
[2024-03-16T09:31:18.428+0000] {processor.py:183} INFO - Processing /opt/airflow/dags/bash_operator.py took 0.119 seconds
[2024-03-16T09:31:48.729+0000] {processor.py:161} INFO - Started process (PID=69) to work on /opt/airflow/dags/bash_operator.py
[2024-03-16T09:31:48.729+0000] {processor.py:830} INFO - Processing file /opt/airflow/dags/bash_operator.py for tasks to queue
[2024-03-16T09:31:48.730+0000] {logging_mixin.py:188} INFO - [2024-03-16T09:31:48.730+0000] {dagbag.py:540} INFO - Filling up the DagBag from /opt/airflow/dags/bash_operator.py
[2024-03-16T09:31:48.743+0000] {processor.py:840} INFO - DAG(s) 'bash_operator' retrieved from /opt/airflow/dags/bash_operator.py
[2024-03-16T09:31:48.775+0000] {logging_mixin.py:188} INFO - [2024-03-16T09:31:48.775+0000] {dag.py:3047} INFO - Sync 1 DAGs
[2024-03-16T09:31:48.797+0000] {logging_mixin.py:188} INFO - [2024-03-16T09:31:48.797+0000] {dag.py:3834} INFO - Setting next_dagrun for bash_operator to None, run_after=None
[2024-03-16T09:31:48.826+0000] {processor.py:183} INFO - Processing /opt/airflow/dags/bash_operator.py took 0.099 seconds
[2024-03-16T09:32:18.895+0000] {processor.py:161} INFO - Started process (PID=88) to work on /opt/airflow/dags/bash_operator.py
[2024-03-16T09:32:18.896+0000] {processor.py:830} INFO - Processing file /opt/airflow/dags/bash_operator.py for tasks to queue
[2024-03-16T09:32:18.898+0000] {logging_mixin.py:188} INFO - [2024-03-16T09:32:18.898+0000] {dagbag.py:540} INFO - Filling up the DagBag from /opt/airflow/dags/bash_operator.py
[2024-03-16T09:32:18.907+0000] {processor.py:840} INFO - DAG(s) 'bash_operator' retrieved from /opt/airflow/dags/bash_operator.py
[2024-03-16T09:32:18.927+0000] {logging_mixin.py:188} INFO - [2024-03-16T09:32:18.926+0000] {dag.py:3047} INFO - Sync 1 DAGs
[2024-03-16T09:32:18.947+0000] {logging_mixin.py:188} INFO - [2024-03-16T09:32:18.947+0000] {dag.py:3834} INFO - Setting next_dagrun for bash_operator to None, run_after=None
[2024-03-16T09:32:18.961+0000] {processor.py:183} INFO - Processing /opt/airflow/dags/bash_operator.py took 0.068 seconds
[2024-03-16T09:32:50.059+0000] {processor.py:161} INFO - Started process (PID=107) to work on /opt/airflow/dags/bash_operator.py
[2024-03-16T09:32:50.060+0000] {processor.py:830} INFO - Processing file /opt/airflow/dags/bash_operator.py for tasks to queue
[2024-03-16T09:32:50.061+0000] {logging_mixin.py:188} INFO - [2024-03-16T09:32:50.061+0000] {dagbag.py:540} INFO - Filling up the DagBag from /opt/airflow/dags/bash_operator.py
[2024-03-16T09:32:50.073+0000] {processor.py:840} INFO - DAG(s) 'bash_operator' retrieved from /opt/airflow/dags/bash_operator.py
[2024-03-16T09:32:50.095+0000] {logging_mixin.py:188} INFO - [2024-03-16T09:32:50.095+0000] {dag.py:3047} INFO - Sync 1 DAGs
[2024-03-16T09:32:50.112+0000] {logging_mixin.py:188} INFO - [2024-03-16T09:32:50.112+0000] {dag.py:3834} INFO - Setting next_dagrun for bash_operator to None, run_after=None
[2024-03-16T09:32:50.133+0000] {processor.py:183} INFO - Processing /opt/airflow/dags/bash_operator.py took 0.076 seconds
[2024-03-16T09:33:20.350+0000] {processor.py:161} INFO - Started process (PID=126) to work on /opt/airflow/dags/bash_operator.py
[2024-03-16T09:33:20.351+0000] {processor.py:830} INFO - Processing file /opt/airflow/dags/bash_operator.py for tasks to queue
[2024-03-16T09:33:20.353+0000] {logging_mixin.py:188} INFO - [2024-03-16T09:33:20.352+0000] {dagbag.py:540} INFO - Filling up the DagBag from /opt/airflow/dags/bash_operator.py
[2024-03-16T09:33:20.366+0000] {processor.py:840} INFO - DAG(s) 'bash_operator' retrieved from /opt/airflow/dags/bash_operator.py
[2024-03-16T09:33:20.387+0000] {logging_mixin.py:188} INFO - [2024-03-16T09:33:20.387+0000] {dag.py:3047} INFO - Sync 1 DAGs
[2024-03-16T09:33:20.404+0000] {logging_mixin.py:188} INFO - [2024-03-16T09:33:20.403+0000] {dag.py:3834} INFO - Setting next_dagrun for bash_operator to None, run_after=None
[2024-03-16T09:33:20.416+0000] {processor.py:183} INFO - Processing /opt/airflow/dags/bash_operator.py took 0.067 seconds
[2024-03-16T09:33:50.566+0000] {processor.py:161} INFO - Started process (PID=145) to work on /opt/airflow/dags/bash_operator.py
[2024-03-16T09:33:50.567+0000] {processor.py:830} INFO - Processing file /opt/airflow/dags/bash_operator.py for tasks to queue
[2024-03-16T09:33:50.568+0000] {logging_mixin.py:188} INFO - [2024-03-16T09:33:50.568+0000] {dagbag.py:540} INFO - Filling up the DagBag from /opt/airflow/dags/bash_operator.py
[2024-03-16T09:33:50.586+0000] {processor.py:840} INFO - DAG(s) 'bash_operator' retrieved from /opt/airflow/dags/bash_operator.py
[2024-03-16T09:33:50.606+0000] {logging_mixin.py:188} INFO - [2024-03-16T09:33:50.606+0000] {dag.py:3047} INFO - Sync 1 DAGs
[2024-03-16T09:33:50.623+0000] {logging_mixin.py:188} INFO - [2024-03-16T09:33:50.623+0000] {dag.py:3834} INFO - Setting next_dagrun for bash_operator to None, run_after=None
[2024-03-16T09:33:50.641+0000] {processor.py:183} INFO - Processing /opt/airflow/dags/bash_operator.py took 0.077 seconds
[2024-03-16T09:34:20.775+0000] {processor.py:161} INFO - Started process (PID=164) to work on /opt/airflow/dags/bash_operator.py
[2024-03-16T09:34:20.776+0000] {processor.py:830} INFO - Processing file /opt/airflow/dags/bash_operator.py for tasks to queue
[2024-03-16T09:34:20.778+0000] {logging_mixin.py:188} INFO - [2024-03-16T09:34:20.778+0000] {dagbag.py:540} INFO - Filling up the DagBag from /opt/airflow/dags/bash_operator.py
[2024-03-16T09:34:20.791+0000] {processor.py:840} INFO - DAG(s) 'bash_operator' retrieved from /opt/airflow/dags/bash_operator.py
[2024-03-16T09:34:20.815+0000] {logging_mixin.py:188} INFO - [2024-03-16T09:34:20.815+0000] {dag.py:3047} INFO - Sync 1 DAGs
[2024-03-16T09:34:20.833+0000] {logging_mixin.py:188} INFO - [2024-03-16T09:34:20.833+0000] {dag.py:3834} INFO - Setting next_dagrun for bash_operator to None, run_after=None
[2024-03-16T09:34:20.850+0000] {processor.py:183} INFO - Processing /opt/airflow/dags/bash_operator.py took 0.077 seconds
[2024-03-16T09:34:51.049+0000] {processor.py:161} INFO - Started process (PID=185) to work on /opt/airflow/dags/bash_operator.py
[2024-03-16T09:34:51.050+0000] {processor.py:830} INFO - Processing file /opt/airflow/dags/bash_operator.py for tasks to queue
[2024-03-16T09:34:51.051+0000] {logging_mixin.py:188} INFO - [2024-03-16T09:34:51.051+0000] {dagbag.py:540} INFO - Filling up the DagBag from /opt/airflow/dags/bash_operator.py
[2024-03-16T09:34:51.067+0000] {processor.py:840} INFO - DAG(s) 'bash_operator' retrieved from /opt/airflow/dags/bash_operator.py
[2024-03-16T09:34:51.087+0000] {logging_mixin.py:188} INFO - [2024-03-16T09:34:51.087+0000] {dag.py:3047} INFO - Sync 1 DAGs
[2024-03-16T09:34:51.104+0000] {logging_mixin.py:188} INFO - [2024-03-16T09:34:51.104+0000] {dag.py:3834} INFO - Setting next_dagrun for bash_operator to None, run_after=None
[2024-03-16T09:34:51.125+0000] {processor.py:183} INFO - Processing /opt/airflow/dags/bash_operator.py took 0.078 seconds
[2024-03-16T09:35:21.403+0000] {processor.py:161} INFO - Started process (PID=205) to work on /opt/airflow/dags/bash_operator.py
[2024-03-16T09:35:21.403+0000] {processor.py:830} INFO - Processing file /opt/airflow/dags/bash_operator.py for tasks to queue
[2024-03-16T09:35:21.404+0000] {logging_mixin.py:188} INFO - [2024-03-16T09:35:21.404+0000] {dagbag.py:540} INFO - Filling up the DagBag from /opt/airflow/dags/bash_operator.py
[2024-03-16T09:35:21.438+0000] {processor.py:840} INFO - DAG(s) 'bash_operator' retrieved from /opt/airflow/dags/bash_operator.py
[2024-03-16T09:35:21.479+0000] {logging_mixin.py:188} INFO - [2024-03-16T09:35:21.479+0000] {dag.py:3047} INFO - Sync 1 DAGs
[2024-03-16T09:35:21.497+0000] {logging_mixin.py:188} INFO - [2024-03-16T09:35:21.497+0000] {dag.py:3834} INFO - Setting next_dagrun for bash_operator to None, run_after=None
[2024-03-16T09:35:21.511+0000] {processor.py:183} INFO - Processing /opt/airflow/dags/bash_operator.py took 0.110 seconds
[2024-03-16T09:35:51.665+0000] {processor.py:161} INFO - Started process (PID=224) to work on /opt/airflow/dags/bash_operator.py
[2024-03-16T09:35:51.665+0000] {processor.py:830} INFO - Processing file /opt/airflow/dags/bash_operator.py for tasks to queue
[2024-03-16T09:35:51.666+0000] {logging_mixin.py:188} INFO - [2024-03-16T09:35:51.666+0000] {dagbag.py:540} INFO - Filling up the DagBag from /opt/airflow/dags/bash_operator.py
[2024-03-16T09:35:51.678+0000] {processor.py:840} INFO - DAG(s) 'bash_operator' retrieved from /opt/airflow/dags/bash_operator.py
[2024-03-16T09:35:51.700+0000] {logging_mixin.py:188} INFO - [2024-03-16T09:35:51.700+0000] {dag.py:3047} INFO - Sync 1 DAGs
[2024-03-16T09:35:51.719+0000] {logging_mixin.py:188} INFO - [2024-03-16T09:35:51.719+0000] {dag.py:3834} INFO - Setting next_dagrun for bash_operator to None, run_after=None
[2024-03-16T09:35:51.740+0000] {processor.py:183} INFO - Processing /opt/airflow/dags/bash_operator.py took 0.078 seconds
[2024-03-16T09:36:22.124+0000] {processor.py:161} INFO - Started process (PID=245) to work on /opt/airflow/dags/bash_operator.py
[2024-03-16T09:36:22.125+0000] {processor.py:830} INFO - Processing file /opt/airflow/dags/bash_operator.py for tasks to queue
[2024-03-16T09:36:22.126+0000] {logging_mixin.py:188} INFO - [2024-03-16T09:36:22.126+0000] {dagbag.py:540} INFO - Filling up the DagBag from /opt/airflow/dags/bash_operator.py
[2024-03-16T09:36:22.137+0000] {processor.py:840} INFO - DAG(s) 'bash_operator' retrieved from /opt/airflow/dags/bash_operator.py
[2024-03-16T09:36:22.161+0000] {logging_mixin.py:188} INFO - [2024-03-16T09:36:22.161+0000] {dag.py:3047} INFO - Sync 1 DAGs
[2024-03-16T09:36:22.179+0000] {logging_mixin.py:188} INFO - [2024-03-16T09:36:22.179+0000] {dag.py:3834} INFO - Setting next_dagrun for bash_operator to None, run_after=None
[2024-03-16T09:36:22.193+0000] {processor.py:183} INFO - Processing /opt/airflow/dags/bash_operator.py took 0.071 seconds
[2024-03-16T09:36:52.260+0000] {processor.py:161} INFO - Started process (PID=265) to work on /opt/airflow/dags/bash_operator.py
[2024-03-16T09:36:52.260+0000] {processor.py:830} INFO - Processing file /opt/airflow/dags/bash_operator.py for tasks to queue
[2024-03-16T09:36:52.261+0000] {logging_mixin.py:188} INFO - [2024-03-16T09:36:52.261+0000] {dagbag.py:540} INFO - Filling up the DagBag from /opt/airflow/dags/bash_operator.py
[2024-03-16T09:36:52.273+0000] {processor.py:840} INFO - DAG(s) 'bash_operator' retrieved from /opt/airflow/dags/bash_operator.py
[2024-03-16T09:36:52.297+0000] {logging_mixin.py:188} INFO - [2024-03-16T09:36:52.297+0000] {dag.py:3047} INFO - Sync 1 DAGs
[2024-03-16T09:36:52.315+0000] {logging_mixin.py:188} INFO - [2024-03-16T09:36:52.315+0000] {dag.py:3834} INFO - Setting next_dagrun for bash_operator to None, run_after=None
[2024-03-16T09:36:52.340+0000] {processor.py:183} INFO - Processing /opt/airflow/dags/bash_operator.py took 0.082 seconds
[2024-03-16T09:37:22.471+0000] {processor.py:161} INFO - Started process (PID=284) to work on /opt/airflow/dags/bash_operator.py
[2024-03-16T09:37:22.471+0000] {processor.py:830} INFO - Processing file /opt/airflow/dags/bash_operator.py for tasks to queue
[2024-03-16T09:37:22.472+0000] {logging_mixin.py:188} INFO - [2024-03-16T09:37:22.472+0000] {dagbag.py:540} INFO - Filling up the DagBag from /opt/airflow/dags/bash_operator.py
[2024-03-16T09:37:22.482+0000] {processor.py:840} INFO - DAG(s) 'bash_operator' retrieved from /opt/airflow/dags/bash_operator.py
[2024-03-16T09:37:22.501+0000] {logging_mixin.py:188} INFO - [2024-03-16T09:37:22.501+0000] {dag.py:3047} INFO - Sync 1 DAGs
[2024-03-16T09:37:22.517+0000] {logging_mixin.py:188} INFO - [2024-03-16T09:37:22.517+0000] {dag.py:3834} INFO - Setting next_dagrun for bash_operator to None, run_after=None
[2024-03-16T09:37:22.535+0000] {processor.py:183} INFO - Processing /opt/airflow/dags/bash_operator.py took 0.066 seconds
[2024-03-16T09:37:52.995+0000] {processor.py:161} INFO - Started process (PID=303) to work on /opt/airflow/dags/bash_operator.py
[2024-03-16T09:37:52.995+0000] {processor.py:830} INFO - Processing file /opt/airflow/dags/bash_operator.py for tasks to queue
[2024-03-16T09:37:52.996+0000] {logging_mixin.py:188} INFO - [2024-03-16T09:37:52.996+0000] {dagbag.py:540} INFO - Filling up the DagBag from /opt/airflow/dags/bash_operator.py
[2024-03-16T09:37:53.009+0000] {processor.py:840} INFO - DAG(s) 'bash_operator' retrieved from /opt/airflow/dags/bash_operator.py
[2024-03-16T09:37:53.034+0000] {logging_mixin.py:188} INFO - [2024-03-16T09:37:53.034+0000] {dag.py:3047} INFO - Sync 1 DAGs
[2024-03-16T09:37:53.049+0000] {logging_mixin.py:188} INFO - [2024-03-16T09:37:53.049+0000] {dag.py:3834} INFO - Setting next_dagrun for bash_operator to None, run_after=None
[2024-03-16T09:37:53.076+0000] {processor.py:183} INFO - Processing /opt/airflow/dags/bash_operator.py took 0.083 seconds
[2024-03-16T09:38:23.349+0000] {processor.py:161} INFO - Started process (PID=323) to work on /opt/airflow/dags/bash_operator.py
[2024-03-16T09:38:23.350+0000] {processor.py:830} INFO - Processing file /opt/airflow/dags/bash_operator.py for tasks to queue
[2024-03-16T09:38:23.350+0000] {logging_mixin.py:188} INFO - [2024-03-16T09:38:23.350+0000] {dagbag.py:540} INFO - Filling up the DagBag from /opt/airflow/dags/bash_operator.py
[2024-03-16T09:38:23.360+0000] {processor.py:840} INFO - DAG(s) 'bash_operator' retrieved from /opt/airflow/dags/bash_operator.py
[2024-03-16T09:38:23.379+0000] {logging_mixin.py:188} INFO - [2024-03-16T09:38:23.378+0000] {dag.py:3047} INFO - Sync 1 DAGs
[2024-03-16T09:38:23.400+0000] {logging_mixin.py:188} INFO - [2024-03-16T09:38:23.400+0000] {dag.py:3834} INFO - Setting next_dagrun for bash_operator to None, run_after=None
[2024-03-16T09:38:23.412+0000] {processor.py:183} INFO - Processing /opt/airflow/dags/bash_operator.py took 0.065 seconds
[2024-03-16T09:38:53.524+0000] {processor.py:161} INFO - Started process (PID=342) to work on /opt/airflow/dags/bash_operator.py
[2024-03-16T09:38:53.525+0000] {processor.py:830} INFO - Processing file /opt/airflow/dags/bash_operator.py for tasks to queue
[2024-03-16T09:38:53.526+0000] {logging_mixin.py:188} INFO - [2024-03-16T09:38:53.525+0000] {dagbag.py:540} INFO - Filling up the DagBag from /opt/airflow/dags/bash_operator.py
[2024-03-16T09:38:53.537+0000] {processor.py:840} INFO - DAG(s) 'bash_operator' retrieved from /opt/airflow/dags/bash_operator.py
[2024-03-16T09:38:53.558+0000] {logging_mixin.py:188} INFO - [2024-03-16T09:38:53.558+0000] {dag.py:3047} INFO - Sync 1 DAGs
[2024-03-16T09:38:53.576+0000] {logging_mixin.py:188} INFO - [2024-03-16T09:38:53.576+0000] {dag.py:3834} INFO - Setting next_dagrun for bash_operator to None, run_after=None
[2024-03-16T09:38:53.590+0000] {processor.py:183} INFO - Processing /opt/airflow/dags/bash_operator.py took 0.068 seconds
[2024-03-16T09:39:23.943+0000] {processor.py:161} INFO - Started process (PID=365) to work on /opt/airflow/dags/bash_operator.py
[2024-03-16T09:39:23.944+0000] {processor.py:830} INFO - Processing file /opt/airflow/dags/bash_operator.py for tasks to queue
[2024-03-16T09:39:23.944+0000] {logging_mixin.py:188} INFO - [2024-03-16T09:39:23.944+0000] {dagbag.py:540} INFO - Filling up the DagBag from /opt/airflow/dags/bash_operator.py
[2024-03-16T09:39:23.957+0000] {processor.py:840} INFO - DAG(s) 'bash_operator' retrieved from /opt/airflow/dags/bash_operator.py
[2024-03-16T09:39:23.979+0000] {logging_mixin.py:188} INFO - [2024-03-16T09:39:23.979+0000] {dag.py:3047} INFO - Sync 1 DAGs
[2024-03-16T09:39:23.996+0000] {logging_mixin.py:188} INFO - [2024-03-16T09:39:23.995+0000] {dag.py:3834} INFO - Setting next_dagrun for bash_operator to None, run_after=None
[2024-03-16T09:39:24.010+0000] {processor.py:183} INFO - Processing /opt/airflow/dags/bash_operator.py took 0.069 seconds
[2024-03-16T09:39:54.956+0000] {processor.py:161} INFO - Started process (PID=385) to work on /opt/airflow/dags/bash_operator.py
[2024-03-16T09:39:54.957+0000] {processor.py:830} INFO - Processing file /opt/airflow/dags/bash_operator.py for tasks to queue
[2024-03-16T09:39:54.958+0000] {logging_mixin.py:188} INFO - [2024-03-16T09:39:54.958+0000] {dagbag.py:540} INFO - Filling up the DagBag from /opt/airflow/dags/bash_operator.py
[2024-03-16T09:39:54.972+0000] {processor.py:840} INFO - DAG(s) 'bash_operator' retrieved from /opt/airflow/dags/bash_operator.py
[2024-03-16T09:39:54.991+0000] {logging_mixin.py:188} INFO - [2024-03-16T09:39:54.991+0000] {dag.py:3047} INFO - Sync 1 DAGs
[2024-03-16T09:39:55.006+0000] {logging_mixin.py:188} INFO - [2024-03-16T09:39:55.006+0000] {dag.py:3834} INFO - Setting next_dagrun for bash_operator to None, run_after=None
[2024-03-16T09:39:55.020+0000] {processor.py:183} INFO - Processing /opt/airflow/dags/bash_operator.py took 0.065 seconds
[2024-03-16T09:40:25.129+0000] {processor.py:161} INFO - Started process (PID=404) to work on /opt/airflow/dags/bash_operator.py
[2024-03-16T09:40:25.130+0000] {processor.py:830} INFO - Processing file /opt/airflow/dags/bash_operator.py for tasks to queue
[2024-03-16T09:40:25.131+0000] {logging_mixin.py:188} INFO - [2024-03-16T09:40:25.131+0000] {dagbag.py:540} INFO - Filling up the DagBag from /opt/airflow/dags/bash_operator.py
[2024-03-16T09:40:25.144+0000] {processor.py:840} INFO - DAG(s) 'bash_operator' retrieved from /opt/airflow/dags/bash_operator.py
[2024-03-16T09:40:25.166+0000] {logging_mixin.py:188} INFO - [2024-03-16T09:40:25.166+0000] {dag.py:3047} INFO - Sync 1 DAGs
[2024-03-16T09:40:25.185+0000] {logging_mixin.py:188} INFO - [2024-03-16T09:40:25.185+0000] {dag.py:3834} INFO - Setting next_dagrun for bash_operator to None, run_after=None
[2024-03-16T09:40:25.200+0000] {processor.py:183} INFO - Processing /opt/airflow/dags/bash_operator.py took 0.073 seconds
[2024-03-16T09:40:55.499+0000] {processor.py:161} INFO - Started process (PID=423) to work on /opt/airflow/dags/bash_operator.py
[2024-03-16T09:40:55.500+0000] {processor.py:830} INFO - Processing file /opt/airflow/dags/bash_operator.py for tasks to queue
[2024-03-16T09:40:55.500+0000] {logging_mixin.py:188} INFO - [2024-03-16T09:40:55.500+0000] {dagbag.py:540} INFO - Filling up the DagBag from /opt/airflow/dags/bash_operator.py
[2024-03-16T09:40:55.512+0000] {processor.py:840} INFO - DAG(s) 'bash_operator' retrieved from /opt/airflow/dags/bash_operator.py
[2024-03-16T09:40:55.533+0000] {logging_mixin.py:188} INFO - [2024-03-16T09:40:55.533+0000] {dag.py:3047} INFO - Sync 1 DAGs
[2024-03-16T09:40:55.549+0000] {logging_mixin.py:188} INFO - [2024-03-16T09:40:55.549+0000] {dag.py:3834} INFO - Setting next_dagrun for bash_operator to None, run_after=None
[2024-03-16T09:40:55.561+0000] {processor.py:183} INFO - Processing /opt/airflow/dags/bash_operator.py took 0.064 seconds
[2024-03-16T09:41:25.701+0000] {processor.py:161} INFO - Started process (PID=442) to work on /opt/airflow/dags/bash_operator.py
[2024-03-16T09:41:25.702+0000] {processor.py:830} INFO - Processing file /opt/airflow/dags/bash_operator.py for tasks to queue
[2024-03-16T09:41:25.703+0000] {logging_mixin.py:188} INFO - [2024-03-16T09:41:25.702+0000] {dagbag.py:540} INFO - Filling up the DagBag from /opt/airflow/dags/bash_operator.py
[2024-03-16T09:41:25.724+0000] {processor.py:840} INFO - DAG(s) 'bash_operator' retrieved from /opt/airflow/dags/bash_operator.py
[2024-03-16T09:41:25.744+0000] {logging_mixin.py:188} INFO - [2024-03-16T09:41:25.744+0000] {dag.py:3047} INFO - Sync 1 DAGs
[2024-03-16T09:41:25.761+0000] {logging_mixin.py:188} INFO - [2024-03-16T09:41:25.761+0000] {dag.py:3834} INFO - Setting next_dagrun for bash_operator to None, run_after=None
[2024-03-16T09:41:25.775+0000] {processor.py:183} INFO - Processing /opt/airflow/dags/bash_operator.py took 0.076 seconds
[2024-03-16T09:41:56.016+0000] {processor.py:161} INFO - Started process (PID=461) to work on /opt/airflow/dags/bash_operator.py
[2024-03-16T09:41:56.017+0000] {processor.py:830} INFO - Processing file /opt/airflow/dags/bash_operator.py for tasks to queue
[2024-03-16T09:41:56.017+0000] {logging_mixin.py:188} INFO - [2024-03-16T09:41:56.017+0000] {dagbag.py:540} INFO - Filling up the DagBag from /opt/airflow/dags/bash_operator.py
[2024-03-16T09:41:56.027+0000] {processor.py:840} INFO - DAG(s) 'bash_operator' retrieved from /opt/airflow/dags/bash_operator.py
[2024-03-16T09:41:56.046+0000] {logging_mixin.py:188} INFO - [2024-03-16T09:41:56.046+0000] {dag.py:3047} INFO - Sync 1 DAGs
[2024-03-16T09:41:56.064+0000] {logging_mixin.py:188} INFO - [2024-03-16T09:41:56.064+0000] {dag.py:3834} INFO - Setting next_dagrun for bash_operator to None, run_after=None
[2024-03-16T09:41:56.076+0000] {processor.py:183} INFO - Processing /opt/airflow/dags/bash_operator.py took 0.062 seconds
