[2024-03-16T09:31:17.083+0000] {processor.py:161} INFO - Started process (PID=39) to work on /opt/airflow/dags/context.py
[2024-03-16T09:31:17.088+0000] {processor.py:830} INFO - Processing file /opt/airflow/dags/context.py for tasks to queue
[2024-03-16T09:31:17.090+0000] {logging_mixin.py:188} INFO - [2024-03-16T09:31:17.090+0000] {dagbag.py:540} INFO - Filling up the DagBag from /opt/airflow/dags/context.py
[2024-03-16T09:31:17.115+0000] {processor.py:840} INFO - DAG(s) 'context' retrieved from /opt/airflow/dags/context.py
[2024-03-16T09:31:17.261+0000] {logging_mixin.py:188} INFO - [2024-03-16T09:31:17.261+0000] {dag.py:3047} INFO - Sync 1 DAGs
[2024-03-16T09:31:17.309+0000] {logging_mixin.py:188} INFO - [2024-03-16T09:31:17.309+0000] {dag.py:3834} INFO - Setting next_dagrun for context to None, run_after=None
[2024-03-16T09:31:17.337+0000] {processor.py:183} INFO - Processing /opt/airflow/dags/context.py took 0.256 seconds
[2024-03-16T09:31:48.051+0000] {processor.py:161} INFO - Started process (PID=58) to work on /opt/airflow/dags/context.py
[2024-03-16T09:31:48.053+0000] {processor.py:830} INFO - Processing file /opt/airflow/dags/context.py for tasks to queue
[2024-03-16T09:31:48.055+0000] {logging_mixin.py:188} INFO - [2024-03-16T09:31:48.054+0000] {dagbag.py:540} INFO - Filling up the DagBag from /opt/airflow/dags/context.py
[2024-03-16T09:31:48.067+0000] {processor.py:840} INFO - DAG(s) 'context' retrieved from /opt/airflow/dags/context.py
[2024-03-16T09:31:48.087+0000] {logging_mixin.py:188} INFO - [2024-03-16T09:31:48.087+0000] {dag.py:3047} INFO - Sync 1 DAGs
[2024-03-16T09:31:48.104+0000] {logging_mixin.py:188} INFO - [2024-03-16T09:31:48.104+0000] {dag.py:3834} INFO - Setting next_dagrun for context to None, run_after=None
[2024-03-16T09:31:48.134+0000] {processor.py:183} INFO - Processing /opt/airflow/dags/context.py took 0.085 seconds
[2024-03-16T09:32:18.409+0000] {processor.py:161} INFO - Started process (PID=77) to work on /opt/airflow/dags/context.py
[2024-03-16T09:32:18.410+0000] {processor.py:830} INFO - Processing file /opt/airflow/dags/context.py for tasks to queue
[2024-03-16T09:32:18.411+0000] {logging_mixin.py:188} INFO - [2024-03-16T09:32:18.411+0000] {dagbag.py:540} INFO - Filling up the DagBag from /opt/airflow/dags/context.py
[2024-03-16T09:32:18.425+0000] {processor.py:840} INFO - DAG(s) 'context' retrieved from /opt/airflow/dags/context.py
[2024-03-16T09:32:18.455+0000] {logging_mixin.py:188} INFO - [2024-03-16T09:32:18.455+0000] {dag.py:3047} INFO - Sync 1 DAGs
[2024-03-16T09:32:18.476+0000] {logging_mixin.py:188} INFO - [2024-03-16T09:32:18.476+0000] {dag.py:3834} INFO - Setting next_dagrun for context to None, run_after=None
[2024-03-16T09:32:18.509+0000] {processor.py:183} INFO - Processing /opt/airflow/dags/context.py took 0.102 seconds
[2024-03-16T09:32:49.469+0000] {processor.py:161} INFO - Started process (PID=96) to work on /opt/airflow/dags/context.py
[2024-03-16T09:32:49.470+0000] {processor.py:830} INFO - Processing file /opt/airflow/dags/context.py for tasks to queue
[2024-03-16T09:32:49.471+0000] {logging_mixin.py:188} INFO - [2024-03-16T09:32:49.471+0000] {dagbag.py:540} INFO - Filling up the DagBag from /opt/airflow/dags/context.py
[2024-03-16T09:32:49.493+0000] {processor.py:840} INFO - DAG(s) 'context' retrieved from /opt/airflow/dags/context.py
[2024-03-16T09:32:49.513+0000] {logging_mixin.py:188} INFO - [2024-03-16T09:32:49.513+0000] {dag.py:3047} INFO - Sync 1 DAGs
[2024-03-16T09:32:49.529+0000] {logging_mixin.py:188} INFO - [2024-03-16T09:32:49.529+0000] {dag.py:3834} INFO - Setting next_dagrun for context to None, run_after=None
[2024-03-16T09:32:49.550+0000] {processor.py:183} INFO - Processing /opt/airflow/dags/context.py took 0.083 seconds
[2024-03-16T09:33:19.679+0000] {processor.py:161} INFO - Started process (PID=116) to work on /opt/airflow/dags/context.py
[2024-03-16T09:33:19.680+0000] {processor.py:830} INFO - Processing file /opt/airflow/dags/context.py for tasks to queue
[2024-03-16T09:33:19.681+0000] {logging_mixin.py:188} INFO - [2024-03-16T09:33:19.681+0000] {dagbag.py:540} INFO - Filling up the DagBag from /opt/airflow/dags/context.py
[2024-03-16T09:33:19.696+0000] {processor.py:840} INFO - DAG(s) 'context' retrieved from /opt/airflow/dags/context.py
[2024-03-16T09:33:19.722+0000] {logging_mixin.py:188} INFO - [2024-03-16T09:33:19.721+0000] {dag.py:3047} INFO - Sync 1 DAGs
[2024-03-16T09:33:19.740+0000] {logging_mixin.py:188} INFO - [2024-03-16T09:33:19.740+0000] {dag.py:3834} INFO - Setting next_dagrun for context to None, run_after=None
[2024-03-16T09:33:19.756+0000] {processor.py:183} INFO - Processing /opt/airflow/dags/context.py took 0.079 seconds
[2024-03-16T09:33:49.853+0000] {processor.py:161} INFO - Started process (PID=134) to work on /opt/airflow/dags/context.py
[2024-03-16T09:33:49.853+0000] {processor.py:830} INFO - Processing file /opt/airflow/dags/context.py for tasks to queue
[2024-03-16T09:33:49.855+0000] {logging_mixin.py:188} INFO - [2024-03-16T09:33:49.854+0000] {dagbag.py:540} INFO - Filling up the DagBag from /opt/airflow/dags/context.py
[2024-03-16T09:33:49.868+0000] {processor.py:840} INFO - DAG(s) 'context' retrieved from /opt/airflow/dags/context.py
[2024-03-16T09:33:49.887+0000] {logging_mixin.py:188} INFO - [2024-03-16T09:33:49.887+0000] {dag.py:3047} INFO - Sync 1 DAGs
[2024-03-16T09:33:49.902+0000] {logging_mixin.py:188} INFO - [2024-03-16T09:33:49.902+0000] {dag.py:3834} INFO - Setting next_dagrun for context to None, run_after=None
[2024-03-16T09:33:49.940+0000] {processor.py:183} INFO - Processing /opt/airflow/dags/context.py took 0.089 seconds
[2024-03-16T09:34:20.183+0000] {processor.py:161} INFO - Started process (PID=154) to work on /opt/airflow/dags/context.py
[2024-03-16T09:34:20.183+0000] {processor.py:830} INFO - Processing file /opt/airflow/dags/context.py for tasks to queue
[2024-03-16T09:34:20.185+0000] {logging_mixin.py:188} INFO - [2024-03-16T09:34:20.185+0000] {dagbag.py:540} INFO - Filling up the DagBag from /opt/airflow/dags/context.py
[2024-03-16T09:34:20.197+0000] {processor.py:840} INFO - DAG(s) 'context' retrieved from /opt/airflow/dags/context.py
[2024-03-16T09:34:20.222+0000] {logging_mixin.py:188} INFO - [2024-03-16T09:34:20.222+0000] {dag.py:3047} INFO - Sync 1 DAGs
[2024-03-16T09:34:20.241+0000] {logging_mixin.py:188} INFO - [2024-03-16T09:34:20.241+0000] {dag.py:3834} INFO - Setting next_dagrun for context to None, run_after=None
[2024-03-16T09:34:20.270+0000] {processor.py:183} INFO - Processing /opt/airflow/dags/context.py took 0.089 seconds
[2024-03-16T09:34:50.505+0000] {processor.py:161} INFO - Started process (PID=175) to work on /opt/airflow/dags/context.py
[2024-03-16T09:34:50.505+0000] {processor.py:830} INFO - Processing file /opt/airflow/dags/context.py for tasks to queue
[2024-03-16T09:34:50.506+0000] {logging_mixin.py:188} INFO - [2024-03-16T09:34:50.506+0000] {dagbag.py:540} INFO - Filling up the DagBag from /opt/airflow/dags/context.py
[2024-03-16T09:34:50.517+0000] {processor.py:840} INFO - DAG(s) 'context' retrieved from /opt/airflow/dags/context.py
[2024-03-16T09:34:50.537+0000] {logging_mixin.py:188} INFO - [2024-03-16T09:34:50.537+0000] {dag.py:3047} INFO - Sync 1 DAGs
[2024-03-16T09:34:50.554+0000] {logging_mixin.py:188} INFO - [2024-03-16T09:34:50.554+0000] {dag.py:3834} INFO - Setting next_dagrun for context to None, run_after=None
[2024-03-16T09:34:50.578+0000] {processor.py:183} INFO - Processing /opt/airflow/dags/context.py took 0.075 seconds
[2024-03-16T09:35:20.758+0000] {processor.py:161} INFO - Started process (PID=195) to work on /opt/airflow/dags/context.py
[2024-03-16T09:35:20.759+0000] {processor.py:830} INFO - Processing file /opt/airflow/dags/context.py for tasks to queue
[2024-03-16T09:35:20.760+0000] {logging_mixin.py:188} INFO - [2024-03-16T09:35:20.759+0000] {dagbag.py:540} INFO - Filling up the DagBag from /opt/airflow/dags/context.py
[2024-03-16T09:35:20.774+0000] {processor.py:840} INFO - DAG(s) 'context' retrieved from /opt/airflow/dags/context.py
[2024-03-16T09:35:20.796+0000] {logging_mixin.py:188} INFO - [2024-03-16T09:35:20.796+0000] {dag.py:3047} INFO - Sync 1 DAGs
[2024-03-16T09:35:20.824+0000] {logging_mixin.py:188} INFO - [2024-03-16T09:35:20.824+0000] {dag.py:3834} INFO - Setting next_dagrun for context to None, run_after=None
[2024-03-16T09:35:20.846+0000] {processor.py:183} INFO - Processing /opt/airflow/dags/context.py took 0.090 seconds
[2024-03-16T09:35:51.170+0000] {processor.py:161} INFO - Started process (PID=214) to work on /opt/airflow/dags/context.py
[2024-03-16T09:35:51.171+0000] {processor.py:830} INFO - Processing file /opt/airflow/dags/context.py for tasks to queue
[2024-03-16T09:35:51.171+0000] {logging_mixin.py:188} INFO - [2024-03-16T09:35:51.171+0000] {dagbag.py:540} INFO - Filling up the DagBag from /opt/airflow/dags/context.py
[2024-03-16T09:35:51.191+0000] {processor.py:840} INFO - DAG(s) 'context' retrieved from /opt/airflow/dags/context.py
[2024-03-16T09:35:51.216+0000] {logging_mixin.py:188} INFO - [2024-03-16T09:35:51.216+0000] {dag.py:3047} INFO - Sync 1 DAGs
[2024-03-16T09:35:51.235+0000] {logging_mixin.py:188} INFO - [2024-03-16T09:35:51.235+0000] {dag.py:3834} INFO - Setting next_dagrun for context to None, run_after=None
[2024-03-16T09:35:51.280+0000] {processor.py:183} INFO - Processing /opt/airflow/dags/context.py took 0.112 seconds
[2024-03-16T09:36:21.427+0000] {processor.py:161} INFO - Started process (PID=235) to work on /opt/airflow/dags/context.py
[2024-03-16T09:36:21.428+0000] {processor.py:830} INFO - Processing file /opt/airflow/dags/context.py for tasks to queue
[2024-03-16T09:36:21.428+0000] {logging_mixin.py:188} INFO - [2024-03-16T09:36:21.428+0000] {dagbag.py:540} INFO - Filling up the DagBag from /opt/airflow/dags/context.py
[2024-03-16T09:36:21.442+0000] {processor.py:840} INFO - DAG(s) 'context' retrieved from /opt/airflow/dags/context.py
[2024-03-16T09:36:21.482+0000] {logging_mixin.py:188} INFO - [2024-03-16T09:36:21.482+0000] {dag.py:3047} INFO - Sync 1 DAGs
[2024-03-16T09:36:21.497+0000] {logging_mixin.py:188} INFO - [2024-03-16T09:36:21.497+0000] {dag.py:3834} INFO - Setting next_dagrun for context to None, run_after=None
[2024-03-16T09:36:21.523+0000] {processor.py:183} INFO - Processing /opt/airflow/dags/context.py took 0.097 seconds
[2024-03-16T09:36:51.581+0000] {processor.py:161} INFO - Started process (PID=255) to work on /opt/airflow/dags/context.py
[2024-03-16T09:36:51.581+0000] {processor.py:830} INFO - Processing file /opt/airflow/dags/context.py for tasks to queue
[2024-03-16T09:36:51.582+0000] {logging_mixin.py:188} INFO - [2024-03-16T09:36:51.582+0000] {dagbag.py:540} INFO - Filling up the DagBag from /opt/airflow/dags/context.py
[2024-03-16T09:36:51.595+0000] {processor.py:840} INFO - DAG(s) 'context' retrieved from /opt/airflow/dags/context.py
[2024-03-16T09:36:51.623+0000] {logging_mixin.py:188} INFO - [2024-03-16T09:36:51.622+0000] {dag.py:3047} INFO - Sync 1 DAGs
[2024-03-16T09:36:51.639+0000] {logging_mixin.py:188} INFO - [2024-03-16T09:36:51.639+0000] {dag.py:3834} INFO - Setting next_dagrun for context to None, run_after=None
[2024-03-16T09:36:51.658+0000] {processor.py:183} INFO - Processing /opt/airflow/dags/context.py took 0.079 seconds
[2024-03-16T09:37:21.983+0000] {processor.py:161} INFO - Started process (PID=274) to work on /opt/airflow/dags/context.py
[2024-03-16T09:37:21.983+0000] {processor.py:830} INFO - Processing file /opt/airflow/dags/context.py for tasks to queue
[2024-03-16T09:37:21.984+0000] {logging_mixin.py:188} INFO - [2024-03-16T09:37:21.984+0000] {dagbag.py:540} INFO - Filling up the DagBag from /opt/airflow/dags/context.py
[2024-03-16T09:37:21.997+0000] {processor.py:840} INFO - DAG(s) 'context' retrieved from /opt/airflow/dags/context.py
[2024-03-16T09:37:22.030+0000] {logging_mixin.py:188} INFO - [2024-03-16T09:37:22.030+0000] {dag.py:3047} INFO - Sync 1 DAGs
[2024-03-16T09:37:22.045+0000] {logging_mixin.py:188} INFO - [2024-03-16T09:37:22.045+0000] {dag.py:3834} INFO - Setting next_dagrun for context to None, run_after=None
[2024-03-16T09:37:22.080+0000] {processor.py:183} INFO - Processing /opt/airflow/dags/context.py took 0.099 seconds
[2024-03-16T09:37:52.187+0000] {processor.py:161} INFO - Started process (PID=293) to work on /opt/airflow/dags/context.py
[2024-03-16T09:37:52.188+0000] {processor.py:830} INFO - Processing file /opt/airflow/dags/context.py for tasks to queue
[2024-03-16T09:37:52.188+0000] {logging_mixin.py:188} INFO - [2024-03-16T09:37:52.188+0000] {dagbag.py:540} INFO - Filling up the DagBag from /opt/airflow/dags/context.py
[2024-03-16T09:37:52.199+0000] {processor.py:840} INFO - DAG(s) 'context' retrieved from /opt/airflow/dags/context.py
[2024-03-16T09:37:52.219+0000] {logging_mixin.py:188} INFO - [2024-03-16T09:37:52.219+0000] {dag.py:3047} INFO - Sync 1 DAGs
[2024-03-16T09:37:52.235+0000] {logging_mixin.py:188} INFO - [2024-03-16T09:37:52.235+0000] {dag.py:3834} INFO - Setting next_dagrun for context to None, run_after=None
[2024-03-16T09:37:52.273+0000] {processor.py:183} INFO - Processing /opt/airflow/dags/context.py took 0.087 seconds
[2024-03-16T09:38:22.736+0000] {processor.py:161} INFO - Started process (PID=313) to work on /opt/airflow/dags/context.py
[2024-03-16T09:38:22.736+0000] {processor.py:830} INFO - Processing file /opt/airflow/dags/context.py for tasks to queue
[2024-03-16T09:38:22.737+0000] {logging_mixin.py:188} INFO - [2024-03-16T09:38:22.737+0000] {dagbag.py:540} INFO - Filling up the DagBag from /opt/airflow/dags/context.py
[2024-03-16T09:38:22.750+0000] {processor.py:840} INFO - DAG(s) 'context' retrieved from /opt/airflow/dags/context.py
[2024-03-16T09:38:22.773+0000] {logging_mixin.py:188} INFO - [2024-03-16T09:38:22.773+0000] {dag.py:3047} INFO - Sync 1 DAGs
[2024-03-16T09:38:22.787+0000] {logging_mixin.py:188} INFO - [2024-03-16T09:38:22.787+0000] {dag.py:3834} INFO - Setting next_dagrun for context to None, run_after=None
[2024-03-16T09:38:22.807+0000] {processor.py:183} INFO - Processing /opt/airflow/dags/context.py took 0.072 seconds
[2024-03-16T09:38:52.963+0000] {processor.py:161} INFO - Started process (PID=332) to work on /opt/airflow/dags/context.py
[2024-03-16T09:38:52.963+0000] {processor.py:830} INFO - Processing file /opt/airflow/dags/context.py for tasks to queue
[2024-03-16T09:38:52.964+0000] {logging_mixin.py:188} INFO - [2024-03-16T09:38:52.963+0000] {dagbag.py:540} INFO - Filling up the DagBag from /opt/airflow/dags/context.py
[2024-03-16T09:38:52.976+0000] {processor.py:840} INFO - DAG(s) 'context' retrieved from /opt/airflow/dags/context.py
[2024-03-16T09:38:52.995+0000] {logging_mixin.py:188} INFO - [2024-03-16T09:38:52.995+0000] {dag.py:3047} INFO - Sync 1 DAGs
[2024-03-16T09:38:53.025+0000] {logging_mixin.py:188} INFO - [2024-03-16T09:38:53.024+0000] {dag.py:3834} INFO - Setting next_dagrun for context to None, run_after=None
[2024-03-16T09:38:53.047+0000] {processor.py:183} INFO - Processing /opt/airflow/dags/context.py took 0.087 seconds
[2024-03-16T09:39:23.415+0000] {processor.py:161} INFO - Started process (PID=356) to work on /opt/airflow/dags/context.py
[2024-03-16T09:39:23.416+0000] {processor.py:830} INFO - Processing file /opt/airflow/dags/context.py for tasks to queue
[2024-03-16T09:39:23.416+0000] {logging_mixin.py:188} INFO - [2024-03-16T09:39:23.416+0000] {dagbag.py:540} INFO - Filling up the DagBag from /opt/airflow/dags/context.py
[2024-03-16T09:39:23.428+0000] {processor.py:840} INFO - DAG(s) 'context' retrieved from /opt/airflow/dags/context.py
[2024-03-16T09:39:23.447+0000] {logging_mixin.py:188} INFO - [2024-03-16T09:39:23.447+0000] {dag.py:3047} INFO - Sync 1 DAGs
[2024-03-16T09:39:23.462+0000] {logging_mixin.py:188} INFO - [2024-03-16T09:39:23.462+0000] {dag.py:3834} INFO - Setting next_dagrun for context to None, run_after=None
[2024-03-16T09:39:23.476+0000] {processor.py:183} INFO - Processing /opt/airflow/dags/context.py took 0.063 seconds
[2024-03-16T09:39:54.511+0000] {processor.py:161} INFO - Started process (PID=376) to work on /opt/airflow/dags/context.py
[2024-03-16T09:39:54.511+0000] {processor.py:830} INFO - Processing file /opt/airflow/dags/context.py for tasks to queue
[2024-03-16T09:39:54.512+0000] {logging_mixin.py:188} INFO - [2024-03-16T09:39:54.512+0000] {dagbag.py:540} INFO - Filling up the DagBag from /opt/airflow/dags/context.py
[2024-03-16T09:39:54.528+0000] {processor.py:840} INFO - DAG(s) 'context' retrieved from /opt/airflow/dags/context.py
[2024-03-16T09:39:54.548+0000] {logging_mixin.py:188} INFO - [2024-03-16T09:39:54.548+0000] {dag.py:3047} INFO - Sync 1 DAGs
[2024-03-16T09:39:54.563+0000] {logging_mixin.py:188} INFO - [2024-03-16T09:39:54.563+0000] {dag.py:3834} INFO - Setting next_dagrun for context to None, run_after=None
[2024-03-16T09:39:54.576+0000] {processor.py:183} INFO - Processing /opt/airflow/dags/context.py took 0.068 seconds
[2024-03-16T09:40:24.745+0000] {processor.py:161} INFO - Started process (PID=395) to work on /opt/airflow/dags/context.py
[2024-03-16T09:40:24.745+0000] {processor.py:830} INFO - Processing file /opt/airflow/dags/context.py for tasks to queue
[2024-03-16T09:40:24.746+0000] {logging_mixin.py:188} INFO - [2024-03-16T09:40:24.746+0000] {dagbag.py:540} INFO - Filling up the DagBag from /opt/airflow/dags/context.py
[2024-03-16T09:40:24.759+0000] {processor.py:840} INFO - DAG(s) 'context' retrieved from /opt/airflow/dags/context.py
[2024-03-16T09:40:24.780+0000] {logging_mixin.py:188} INFO - [2024-03-16T09:40:24.780+0000] {dag.py:3047} INFO - Sync 1 DAGs
[2024-03-16T09:40:24.797+0000] {logging_mixin.py:188} INFO - [2024-03-16T09:40:24.797+0000] {dag.py:3834} INFO - Setting next_dagrun for context to None, run_after=None
[2024-03-16T09:40:24.812+0000] {processor.py:183} INFO - Processing /opt/airflow/dags/context.py took 0.070 seconds
[2024-03-16T09:40:54.983+0000] {processor.py:161} INFO - Started process (PID=414) to work on /opt/airflow/dags/context.py
[2024-03-16T09:40:54.984+0000] {processor.py:830} INFO - Processing file /opt/airflow/dags/context.py for tasks to queue
[2024-03-16T09:40:54.985+0000] {logging_mixin.py:188} INFO - [2024-03-16T09:40:54.984+0000] {dagbag.py:540} INFO - Filling up the DagBag from /opt/airflow/dags/context.py
[2024-03-16T09:40:55.000+0000] {processor.py:840} INFO - DAG(s) 'context' retrieved from /opt/airflow/dags/context.py
[2024-03-16T09:40:55.023+0000] {logging_mixin.py:188} INFO - [2024-03-16T09:40:55.023+0000] {dag.py:3047} INFO - Sync 1 DAGs
[2024-03-16T09:40:55.042+0000] {logging_mixin.py:188} INFO - [2024-03-16T09:40:55.042+0000] {dag.py:3834} INFO - Setting next_dagrun for context to None, run_after=None
[2024-03-16T09:40:55.063+0000] {processor.py:183} INFO - Processing /opt/airflow/dags/context.py took 0.082 seconds
[2024-03-16T09:41:25.171+0000] {processor.py:161} INFO - Started process (PID=433) to work on /opt/airflow/dags/context.py
[2024-03-16T09:41:25.171+0000] {processor.py:830} INFO - Processing file /opt/airflow/dags/context.py for tasks to queue
[2024-03-16T09:41:25.172+0000] {logging_mixin.py:188} INFO - [2024-03-16T09:41:25.172+0000] {dagbag.py:540} INFO - Filling up the DagBag from /opt/airflow/dags/context.py
[2024-03-16T09:41:25.183+0000] {processor.py:840} INFO - DAG(s) 'context' retrieved from /opt/airflow/dags/context.py
[2024-03-16T09:41:25.201+0000] {logging_mixin.py:188} INFO - [2024-03-16T09:41:25.201+0000] {dag.py:3047} INFO - Sync 1 DAGs
[2024-03-16T09:41:25.218+0000] {logging_mixin.py:188} INFO - [2024-03-16T09:41:25.218+0000] {dag.py:3834} INFO - Setting next_dagrun for context to None, run_after=None
[2024-03-16T09:41:25.244+0000] {processor.py:183} INFO - Processing /opt/airflow/dags/context.py took 0.075 seconds
[2024-03-16T09:41:55.508+0000] {processor.py:161} INFO - Started process (PID=452) to work on /opt/airflow/dags/context.py
[2024-03-16T09:41:55.508+0000] {processor.py:830} INFO - Processing file /opt/airflow/dags/context.py for tasks to queue
[2024-03-16T09:41:55.509+0000] {logging_mixin.py:188} INFO - [2024-03-16T09:41:55.509+0000] {dagbag.py:540} INFO - Filling up the DagBag from /opt/airflow/dags/context.py
[2024-03-16T09:41:55.520+0000] {processor.py:840} INFO - DAG(s) 'context' retrieved from /opt/airflow/dags/context.py
[2024-03-16T09:41:55.540+0000] {logging_mixin.py:188} INFO - [2024-03-16T09:41:55.540+0000] {dag.py:3047} INFO - Sync 1 DAGs
[2024-03-16T09:41:55.560+0000] {logging_mixin.py:188} INFO - [2024-03-16T09:41:55.560+0000] {dag.py:3834} INFO - Setting next_dagrun for context to None, run_after=None
[2024-03-16T09:41:55.582+0000] {processor.py:183} INFO - Processing /opt/airflow/dags/context.py took 0.076 seconds
