[2024-03-16T09:31:17.094+0000] {processor.py:161} INFO - Started process (PID=40) to work on /opt/airflow/dags/dag_run.py
[2024-03-16T09:31:17.095+0000] {processor.py:830} INFO - Processing file /opt/airflow/dags/dag_run.py for tasks to queue
[2024-03-16T09:31:17.096+0000] {logging_mixin.py:188} INFO - [2024-03-16T09:31:17.096+0000] {dagbag.py:540} INFO - Filling up the DagBag from /opt/airflow/dags/dag_run.py
[2024-03-16T09:31:17.119+0000] {processor.py:840} INFO - DAG(s) 'dag_run' retrieved from /opt/airflow/dags/dag_run.py
[2024-03-16T09:31:17.261+0000] {logging_mixin.py:188} INFO - [2024-03-16T09:31:17.261+0000] {dag.py:3047} INFO - Sync 1 DAGs
[2024-03-16T09:31:17.309+0000] {logging_mixin.py:188} INFO - [2024-03-16T09:31:17.309+0000] {dag.py:3834} INFO - Setting next_dagrun for dag_run to None, run_after=None
[2024-03-16T09:31:17.337+0000] {processor.py:183} INFO - Processing /opt/airflow/dags/dag_run.py took 0.245 seconds
[2024-03-16T09:31:48.057+0000] {processor.py:161} INFO - Started process (PID=59) to work on /opt/airflow/dags/dag_run.py
[2024-03-16T09:31:48.058+0000] {processor.py:830} INFO - Processing file /opt/airflow/dags/dag_run.py for tasks to queue
[2024-03-16T09:31:48.060+0000] {logging_mixin.py:188} INFO - [2024-03-16T09:31:48.060+0000] {dagbag.py:540} INFO - Filling up the DagBag from /opt/airflow/dags/dag_run.py
[2024-03-16T09:31:48.070+0000] {processor.py:840} INFO - DAG(s) 'dag_run' retrieved from /opt/airflow/dags/dag_run.py
[2024-03-16T09:31:48.087+0000] {logging_mixin.py:188} INFO - [2024-03-16T09:31:48.087+0000] {dag.py:3047} INFO - Sync 1 DAGs
[2024-03-16T09:31:48.104+0000] {logging_mixin.py:188} INFO - [2024-03-16T09:31:48.104+0000] {dag.py:3834} INFO - Setting next_dagrun for dag_run to None, run_after=None
[2024-03-16T09:31:48.127+0000] {processor.py:183} INFO - Processing /opt/airflow/dags/dag_run.py took 0.071 seconds
[2024-03-16T09:32:18.414+0000] {processor.py:161} INFO - Started process (PID=78) to work on /opt/airflow/dags/dag_run.py
[2024-03-16T09:32:18.415+0000] {processor.py:830} INFO - Processing file /opt/airflow/dags/dag_run.py for tasks to queue
[2024-03-16T09:32:18.416+0000] {logging_mixin.py:188} INFO - [2024-03-16T09:32:18.415+0000] {dagbag.py:540} INFO - Filling up the DagBag from /opt/airflow/dags/dag_run.py
[2024-03-16T09:32:18.429+0000] {processor.py:840} INFO - DAG(s) 'dag_run' retrieved from /opt/airflow/dags/dag_run.py
[2024-03-16T09:32:18.458+0000] {logging_mixin.py:188} INFO - [2024-03-16T09:32:18.458+0000] {dag.py:3047} INFO - Sync 1 DAGs
[2024-03-16T09:32:18.475+0000] {logging_mixin.py:188} INFO - [2024-03-16T09:32:18.475+0000] {dag.py:3834} INFO - Setting next_dagrun for dag_run to None, run_after=None
[2024-03-16T09:32:18.499+0000] {processor.py:183} INFO - Processing /opt/airflow/dags/dag_run.py took 0.086 seconds
[2024-03-16T09:32:49.474+0000] {processor.py:161} INFO - Started process (PID=97) to work on /opt/airflow/dags/dag_run.py
[2024-03-16T09:32:49.474+0000] {processor.py:830} INFO - Processing file /opt/airflow/dags/dag_run.py for tasks to queue
[2024-03-16T09:32:49.475+0000] {logging_mixin.py:188} INFO - [2024-03-16T09:32:49.475+0000] {dagbag.py:540} INFO - Filling up the DagBag from /opt/airflow/dags/dag_run.py
[2024-03-16T09:32:49.493+0000] {processor.py:840} INFO - DAG(s) 'dag_run' retrieved from /opt/airflow/dags/dag_run.py
[2024-03-16T09:32:49.513+0000] {logging_mixin.py:188} INFO - [2024-03-16T09:32:49.513+0000] {dag.py:3047} INFO - Sync 1 DAGs
[2024-03-16T09:32:49.528+0000] {logging_mixin.py:188} INFO - [2024-03-16T09:32:49.528+0000] {dag.py:3834} INFO - Setting next_dagrun for dag_run to None, run_after=None
[2024-03-16T09:32:49.546+0000] {processor.py:183} INFO - Processing /opt/airflow/dags/dag_run.py took 0.074 seconds
[2024-03-16T09:33:19.591+0000] {processor.py:161} INFO - Started process (PID=115) to work on /opt/airflow/dags/dag_run.py
[2024-03-16T09:33:19.592+0000] {processor.py:830} INFO - Processing file /opt/airflow/dags/dag_run.py for tasks to queue
[2024-03-16T09:33:19.593+0000] {logging_mixin.py:188} INFO - [2024-03-16T09:33:19.593+0000] {dagbag.py:540} INFO - Filling up the DagBag from /opt/airflow/dags/dag_run.py
[2024-03-16T09:33:19.603+0000] {processor.py:840} INFO - DAG(s) 'dag_run' retrieved from /opt/airflow/dags/dag_run.py
[2024-03-16T09:33:19.620+0000] {logging_mixin.py:188} INFO - [2024-03-16T09:33:19.620+0000] {dag.py:3047} INFO - Sync 1 DAGs
[2024-03-16T09:33:19.635+0000] {logging_mixin.py:188} INFO - [2024-03-16T09:33:19.635+0000] {dag.py:3834} INFO - Setting next_dagrun for dag_run to None, run_after=None
[2024-03-16T09:33:19.651+0000] {processor.py:183} INFO - Processing /opt/airflow/dags/dag_run.py took 0.062 seconds
[2024-03-16T09:33:49.855+0000] {processor.py:161} INFO - Started process (PID=135) to work on /opt/airflow/dags/dag_run.py
[2024-03-16T09:33:49.855+0000] {processor.py:830} INFO - Processing file /opt/airflow/dags/dag_run.py for tasks to queue
[2024-03-16T09:33:49.856+0000] {logging_mixin.py:188} INFO - [2024-03-16T09:33:49.856+0000] {dagbag.py:540} INFO - Filling up the DagBag from /opt/airflow/dags/dag_run.py
[2024-03-16T09:33:49.868+0000] {processor.py:840} INFO - DAG(s) 'dag_run' retrieved from /opt/airflow/dags/dag_run.py
[2024-03-16T09:33:49.887+0000] {logging_mixin.py:188} INFO - [2024-03-16T09:33:49.887+0000] {dag.py:3047} INFO - Sync 1 DAGs
[2024-03-16T09:33:49.901+0000] {logging_mixin.py:188} INFO - [2024-03-16T09:33:49.901+0000] {dag.py:3834} INFO - Setting next_dagrun for dag_run to None, run_after=None
[2024-03-16T09:33:49.932+0000] {processor.py:183} INFO - Processing /opt/airflow/dags/dag_run.py took 0.079 seconds
[2024-03-16T09:34:20.185+0000] {processor.py:161} INFO - Started process (PID=155) to work on /opt/airflow/dags/dag_run.py
[2024-03-16T09:34:20.186+0000] {processor.py:830} INFO - Processing file /opt/airflow/dags/dag_run.py for tasks to queue
[2024-03-16T09:34:20.188+0000] {logging_mixin.py:188} INFO - [2024-03-16T09:34:20.188+0000] {dagbag.py:540} INFO - Filling up the DagBag from /opt/airflow/dags/dag_run.py
[2024-03-16T09:34:20.198+0000] {processor.py:840} INFO - DAG(s) 'dag_run' retrieved from /opt/airflow/dags/dag_run.py
[2024-03-16T09:34:20.222+0000] {logging_mixin.py:188} INFO - [2024-03-16T09:34:20.222+0000] {dag.py:3047} INFO - Sync 1 DAGs
[2024-03-16T09:34:20.240+0000] {logging_mixin.py:188} INFO - [2024-03-16T09:34:20.240+0000] {dag.py:3834} INFO - Setting next_dagrun for dag_run to None, run_after=None
[2024-03-16T09:34:20.265+0000] {processor.py:183} INFO - Processing /opt/airflow/dags/dag_run.py took 0.082 seconds
[2024-03-16T09:34:50.509+0000] {processor.py:161} INFO - Started process (PID=176) to work on /opt/airflow/dags/dag_run.py
[2024-03-16T09:34:50.509+0000] {processor.py:830} INFO - Processing file /opt/airflow/dags/dag_run.py for tasks to queue
[2024-03-16T09:34:50.510+0000] {logging_mixin.py:188} INFO - [2024-03-16T09:34:50.510+0000] {dagbag.py:540} INFO - Filling up the DagBag from /opt/airflow/dags/dag_run.py
[2024-03-16T09:34:50.523+0000] {processor.py:840} INFO - DAG(s) 'dag_run' retrieved from /opt/airflow/dags/dag_run.py
[2024-03-16T09:34:50.542+0000] {logging_mixin.py:188} INFO - [2024-03-16T09:34:50.542+0000] {dag.py:3047} INFO - Sync 1 DAGs
[2024-03-16T09:34:50.556+0000] {logging_mixin.py:188} INFO - [2024-03-16T09:34:50.556+0000] {dag.py:3834} INFO - Setting next_dagrun for dag_run to None, run_after=None
[2024-03-16T09:34:50.581+0000] {processor.py:183} INFO - Processing /opt/airflow/dags/dag_run.py took 0.074 seconds
[2024-03-16T09:35:20.763+0000] {processor.py:161} INFO - Started process (PID=196) to work on /opt/airflow/dags/dag_run.py
[2024-03-16T09:35:20.764+0000] {processor.py:830} INFO - Processing file /opt/airflow/dags/dag_run.py for tasks to queue
[2024-03-16T09:35:20.764+0000] {logging_mixin.py:188} INFO - [2024-03-16T09:35:20.764+0000] {dagbag.py:540} INFO - Filling up the DagBag from /opt/airflow/dags/dag_run.py
[2024-03-16T09:35:20.778+0000] {processor.py:840} INFO - DAG(s) 'dag_run' retrieved from /opt/airflow/dags/dag_run.py
[2024-03-16T09:35:20.798+0000] {logging_mixin.py:188} INFO - [2024-03-16T09:35:20.798+0000] {dag.py:3047} INFO - Sync 1 DAGs
[2024-03-16T09:35:20.823+0000] {logging_mixin.py:188} INFO - [2024-03-16T09:35:20.823+0000] {dag.py:3834} INFO - Setting next_dagrun for dag_run to None, run_after=None
[2024-03-16T09:35:20.841+0000] {processor.py:183} INFO - Processing /opt/airflow/dags/dag_run.py took 0.079 seconds
[2024-03-16T09:35:51.178+0000] {processor.py:161} INFO - Started process (PID=215) to work on /opt/airflow/dags/dag_run.py
[2024-03-16T09:35:51.179+0000] {processor.py:830} INFO - Processing file /opt/airflow/dags/dag_run.py for tasks to queue
[2024-03-16T09:35:51.180+0000] {logging_mixin.py:188} INFO - [2024-03-16T09:35:51.180+0000] {dagbag.py:540} INFO - Filling up the DagBag from /opt/airflow/dags/dag_run.py
[2024-03-16T09:35:51.195+0000] {processor.py:840} INFO - DAG(s) 'dag_run' retrieved from /opt/airflow/dags/dag_run.py
[2024-03-16T09:35:51.219+0000] {logging_mixin.py:188} INFO - [2024-03-16T09:35:51.219+0000] {dag.py:3047} INFO - Sync 1 DAGs
[2024-03-16T09:35:51.235+0000] {logging_mixin.py:188} INFO - [2024-03-16T09:35:51.235+0000] {dag.py:3834} INFO - Setting next_dagrun for dag_run to None, run_after=None
[2024-03-16T09:35:51.280+0000] {processor.py:183} INFO - Processing /opt/airflow/dags/dag_run.py took 0.104 seconds
[2024-03-16T09:36:21.539+0000] {processor.py:161} INFO - Started process (PID=236) to work on /opt/airflow/dags/dag_run.py
[2024-03-16T09:36:21.540+0000] {processor.py:830} INFO - Processing file /opt/airflow/dags/dag_run.py for tasks to queue
[2024-03-16T09:36:21.540+0000] {logging_mixin.py:188} INFO - [2024-03-16T09:36:21.540+0000] {dagbag.py:540} INFO - Filling up the DagBag from /opt/airflow/dags/dag_run.py
[2024-03-16T09:36:21.554+0000] {processor.py:840} INFO - DAG(s) 'dag_run' retrieved from /opt/airflow/dags/dag_run.py
[2024-03-16T09:36:21.583+0000] {logging_mixin.py:188} INFO - [2024-03-16T09:36:21.583+0000] {dag.py:3047} INFO - Sync 1 DAGs
[2024-03-16T09:36:21.602+0000] {logging_mixin.py:188} INFO - [2024-03-16T09:36:21.602+0000] {dag.py:3834} INFO - Setting next_dagrun for dag_run to None, run_after=None
[2024-03-16T09:36:21.618+0000] {processor.py:183} INFO - Processing /opt/airflow/dags/dag_run.py took 0.080 seconds
[2024-03-16T09:36:51.674+0000] {processor.py:161} INFO - Started process (PID=256) to work on /opt/airflow/dags/dag_run.py
[2024-03-16T09:36:51.675+0000] {processor.py:830} INFO - Processing file /opt/airflow/dags/dag_run.py for tasks to queue
[2024-03-16T09:36:51.675+0000] {logging_mixin.py:188} INFO - [2024-03-16T09:36:51.675+0000] {dagbag.py:540} INFO - Filling up the DagBag from /opt/airflow/dags/dag_run.py
[2024-03-16T09:36:51.685+0000] {processor.py:840} INFO - DAG(s) 'dag_run' retrieved from /opt/airflow/dags/dag_run.py
[2024-03-16T09:36:51.706+0000] {logging_mixin.py:188} INFO - [2024-03-16T09:36:51.706+0000] {dag.py:3047} INFO - Sync 1 DAGs
[2024-03-16T09:36:51.720+0000] {logging_mixin.py:188} INFO - [2024-03-16T09:36:51.720+0000] {dag.py:3834} INFO - Setting next_dagrun for dag_run to None, run_after=None
[2024-03-16T09:36:51.734+0000] {processor.py:183} INFO - Processing /opt/airflow/dags/dag_run.py took 0.061 seconds
[2024-03-16T09:37:22.094+0000] {processor.py:161} INFO - Started process (PID=275) to work on /opt/airflow/dags/dag_run.py
[2024-03-16T09:37:22.095+0000] {processor.py:830} INFO - Processing file /opt/airflow/dags/dag_run.py for tasks to queue
[2024-03-16T09:37:22.096+0000] {logging_mixin.py:188} INFO - [2024-03-16T09:37:22.095+0000] {dagbag.py:540} INFO - Filling up the DagBag from /opt/airflow/dags/dag_run.py
[2024-03-16T09:37:22.109+0000] {processor.py:840} INFO - DAG(s) 'dag_run' retrieved from /opt/airflow/dags/dag_run.py
[2024-03-16T09:37:22.130+0000] {logging_mixin.py:188} INFO - [2024-03-16T09:37:22.130+0000] {dag.py:3047} INFO - Sync 1 DAGs
[2024-03-16T09:37:22.146+0000] {logging_mixin.py:188} INFO - [2024-03-16T09:37:22.146+0000] {dag.py:3834} INFO - Setting next_dagrun for dag_run to None, run_after=None
[2024-03-16T09:37:22.160+0000] {processor.py:183} INFO - Processing /opt/airflow/dags/dag_run.py took 0.067 seconds
[2024-03-16T09:37:52.297+0000] {processor.py:161} INFO - Started process (PID=294) to work on /opt/airflow/dags/dag_run.py
[2024-03-16T09:37:52.297+0000] {processor.py:830} INFO - Processing file /opt/airflow/dags/dag_run.py for tasks to queue
[2024-03-16T09:37:52.298+0000] {logging_mixin.py:188} INFO - [2024-03-16T09:37:52.298+0000] {dagbag.py:540} INFO - Filling up the DagBag from /opt/airflow/dags/dag_run.py
[2024-03-16T09:37:52.308+0000] {processor.py:840} INFO - DAG(s) 'dag_run' retrieved from /opt/airflow/dags/dag_run.py
[2024-03-16T09:37:52.327+0000] {logging_mixin.py:188} INFO - [2024-03-16T09:37:52.327+0000] {dag.py:3047} INFO - Sync 1 DAGs
[2024-03-16T09:37:52.347+0000] {logging_mixin.py:188} INFO - [2024-03-16T09:37:52.347+0000] {dag.py:3834} INFO - Setting next_dagrun for dag_run to None, run_after=None
[2024-03-16T09:37:52.362+0000] {processor.py:183} INFO - Processing /opt/airflow/dags/dag_run.py took 0.067 seconds
[2024-03-16T09:38:22.822+0000] {processor.py:161} INFO - Started process (PID=314) to work on /opt/airflow/dags/dag_run.py
[2024-03-16T09:38:22.823+0000] {processor.py:830} INFO - Processing file /opt/airflow/dags/dag_run.py for tasks to queue
[2024-03-16T09:38:22.823+0000] {logging_mixin.py:188} INFO - [2024-03-16T09:38:22.823+0000] {dagbag.py:540} INFO - Filling up the DagBag from /opt/airflow/dags/dag_run.py
[2024-03-16T09:38:22.834+0000] {processor.py:840} INFO - DAG(s) 'dag_run' retrieved from /opt/airflow/dags/dag_run.py
[2024-03-16T09:38:22.853+0000] {logging_mixin.py:188} INFO - [2024-03-16T09:38:22.853+0000] {dag.py:3047} INFO - Sync 1 DAGs
[2024-03-16T09:38:22.867+0000] {logging_mixin.py:188} INFO - [2024-03-16T09:38:22.867+0000] {dag.py:3834} INFO - Setting next_dagrun for dag_run to None, run_after=None
[2024-03-16T09:38:22.879+0000] {processor.py:183} INFO - Processing /opt/airflow/dags/dag_run.py took 0.059 seconds
[2024-03-16T09:38:53.057+0000] {processor.py:161} INFO - Started process (PID=333) to work on /opt/airflow/dags/dag_run.py
[2024-03-16T09:38:53.058+0000] {processor.py:830} INFO - Processing file /opt/airflow/dags/dag_run.py for tasks to queue
[2024-03-16T09:38:53.058+0000] {logging_mixin.py:188} INFO - [2024-03-16T09:38:53.058+0000] {dagbag.py:540} INFO - Filling up the DagBag from /opt/airflow/dags/dag_run.py
[2024-03-16T09:38:53.070+0000] {processor.py:840} INFO - DAG(s) 'dag_run' retrieved from /opt/airflow/dags/dag_run.py
[2024-03-16T09:38:53.092+0000] {logging_mixin.py:188} INFO - [2024-03-16T09:38:53.092+0000] {dag.py:3047} INFO - Sync 1 DAGs
[2024-03-16T09:38:53.109+0000] {logging_mixin.py:188} INFO - [2024-03-16T09:38:53.109+0000] {dag.py:3834} INFO - Setting next_dagrun for dag_run to None, run_after=None
[2024-03-16T09:38:53.122+0000] {processor.py:183} INFO - Processing /opt/airflow/dags/dag_run.py took 0.067 seconds
[2024-03-16T09:39:23.500+0000] {processor.py:161} INFO - Started process (PID=357) to work on /opt/airflow/dags/dag_run.py
[2024-03-16T09:39:23.500+0000] {processor.py:830} INFO - Processing file /opt/airflow/dags/dag_run.py for tasks to queue
[2024-03-16T09:39:23.501+0000] {logging_mixin.py:188} INFO - [2024-03-16T09:39:23.501+0000] {dagbag.py:540} INFO - Filling up the DagBag from /opt/airflow/dags/dag_run.py
[2024-03-16T09:39:23.511+0000] {processor.py:840} INFO - DAG(s) 'dag_run' retrieved from /opt/airflow/dags/dag_run.py
[2024-03-16T09:39:23.532+0000] {logging_mixin.py:188} INFO - [2024-03-16T09:39:23.531+0000] {dag.py:3047} INFO - Sync 1 DAGs
[2024-03-16T09:39:23.546+0000] {logging_mixin.py:188} INFO - [2024-03-16T09:39:23.545+0000] {dag.py:3834} INFO - Setting next_dagrun for dag_run to None, run_after=None
[2024-03-16T09:39:23.558+0000] {processor.py:183} INFO - Processing /opt/airflow/dags/dag_run.py took 0.060 seconds
[2024-03-16T09:39:54.601+0000] {processor.py:161} INFO - Started process (PID=377) to work on /opt/airflow/dags/dag_run.py
[2024-03-16T09:39:54.601+0000] {processor.py:830} INFO - Processing file /opt/airflow/dags/dag_run.py for tasks to queue
[2024-03-16T09:39:54.602+0000] {logging_mixin.py:188} INFO - [2024-03-16T09:39:54.602+0000] {dagbag.py:540} INFO - Filling up the DagBag from /opt/airflow/dags/dag_run.py
[2024-03-16T09:39:54.617+0000] {processor.py:840} INFO - DAG(s) 'dag_run' retrieved from /opt/airflow/dags/dag_run.py
[2024-03-16T09:39:54.642+0000] {logging_mixin.py:188} INFO - [2024-03-16T09:39:54.641+0000] {dag.py:3047} INFO - Sync 1 DAGs
[2024-03-16T09:39:54.657+0000] {logging_mixin.py:188} INFO - [2024-03-16T09:39:54.657+0000] {dag.py:3834} INFO - Setting next_dagrun for dag_run to None, run_after=None
[2024-03-16T09:39:54.674+0000] {processor.py:183} INFO - Processing /opt/airflow/dags/dag_run.py took 0.075 seconds
[2024-03-16T09:40:24.763+0000] {processor.py:161} INFO - Started process (PID=396) to work on /opt/airflow/dags/dag_run.py
[2024-03-16T09:40:24.763+0000] {processor.py:830} INFO - Processing file /opt/airflow/dags/dag_run.py for tasks to queue
[2024-03-16T09:40:24.764+0000] {logging_mixin.py:188} INFO - [2024-03-16T09:40:24.764+0000] {dagbag.py:540} INFO - Filling up the DagBag from /opt/airflow/dags/dag_run.py
[2024-03-16T09:40:24.775+0000] {processor.py:840} INFO - DAG(s) 'dag_run' retrieved from /opt/airflow/dags/dag_run.py
[2024-03-16T09:40:24.797+0000] {logging_mixin.py:188} INFO - [2024-03-16T09:40:24.797+0000] {dag.py:3047} INFO - Sync 1 DAGs
[2024-03-16T09:40:24.817+0000] {logging_mixin.py:188} INFO - [2024-03-16T09:40:24.816+0000] {dag.py:3834} INFO - Setting next_dagrun for dag_run to None, run_after=None
[2024-03-16T09:40:24.832+0000] {processor.py:183} INFO - Processing /opt/airflow/dags/dag_run.py took 0.070 seconds
[2024-03-16T09:40:54.988+0000] {processor.py:161} INFO - Started process (PID=415) to work on /opt/airflow/dags/dag_run.py
[2024-03-16T09:40:54.989+0000] {processor.py:830} INFO - Processing file /opt/airflow/dags/dag_run.py for tasks to queue
[2024-03-16T09:40:54.990+0000] {logging_mixin.py:188} INFO - [2024-03-16T09:40:54.989+0000] {dagbag.py:540} INFO - Filling up the DagBag from /opt/airflow/dags/dag_run.py
[2024-03-16T09:40:55.002+0000] {processor.py:840} INFO - DAG(s) 'dag_run' retrieved from /opt/airflow/dags/dag_run.py
[2024-03-16T09:40:55.024+0000] {logging_mixin.py:188} INFO - [2024-03-16T09:40:55.024+0000] {dag.py:3047} INFO - Sync 1 DAGs
[2024-03-16T09:40:55.042+0000] {logging_mixin.py:188} INFO - [2024-03-16T09:40:55.042+0000] {dag.py:3834} INFO - Setting next_dagrun for dag_run to None, run_after=None
[2024-03-16T09:40:55.057+0000] {processor.py:183} INFO - Processing /opt/airflow/dags/dag_run.py took 0.070 seconds
[2024-03-16T09:41:25.259+0000] {processor.py:161} INFO - Started process (PID=434) to work on /opt/airflow/dags/dag_run.py
[2024-03-16T09:41:25.259+0000] {processor.py:830} INFO - Processing file /opt/airflow/dags/dag_run.py for tasks to queue
[2024-03-16T09:41:25.260+0000] {logging_mixin.py:188} INFO - [2024-03-16T09:41:25.260+0000] {dagbag.py:540} INFO - Filling up the DagBag from /opt/airflow/dags/dag_run.py
[2024-03-16T09:41:25.271+0000] {processor.py:840} INFO - DAG(s) 'dag_run' retrieved from /opt/airflow/dags/dag_run.py
[2024-03-16T09:41:25.293+0000] {logging_mixin.py:188} INFO - [2024-03-16T09:41:25.293+0000] {dag.py:3047} INFO - Sync 1 DAGs
[2024-03-16T09:41:25.310+0000] {logging_mixin.py:188} INFO - [2024-03-16T09:41:25.310+0000] {dag.py:3834} INFO - Setting next_dagrun for dag_run to None, run_after=None
[2024-03-16T09:41:25.325+0000] {processor.py:183} INFO - Processing /opt/airflow/dags/dag_run.py took 0.068 seconds
[2024-03-16T09:41:55.598+0000] {processor.py:161} INFO - Started process (PID=453) to work on /opt/airflow/dags/dag_run.py
[2024-03-16T09:41:55.598+0000] {processor.py:830} INFO - Processing file /opt/airflow/dags/dag_run.py for tasks to queue
[2024-03-16T09:41:55.599+0000] {logging_mixin.py:188} INFO - [2024-03-16T09:41:55.599+0000] {dagbag.py:540} INFO - Filling up the DagBag from /opt/airflow/dags/dag_run.py
[2024-03-16T09:41:55.609+0000] {processor.py:840} INFO - DAG(s) 'dag_run' retrieved from /opt/airflow/dags/dag_run.py
[2024-03-16T09:41:55.628+0000] {logging_mixin.py:188} INFO - [2024-03-16T09:41:55.628+0000] {dag.py:3047} INFO - Sync 1 DAGs
[2024-03-16T09:41:55.642+0000] {logging_mixin.py:188} INFO - [2024-03-16T09:41:55.642+0000] {dag.py:3834} INFO - Setting next_dagrun for dag_run to None, run_after=None
[2024-03-16T09:41:55.654+0000] {processor.py:183} INFO - Processing /opt/airflow/dags/dag_run.py took 0.058 seconds
