[2024-03-16T09:31:18.173+0000] {processor.py:161} INFO - Started process (PID=48) to work on /opt/airflow/dags/deferrable_operator.py
[2024-03-16T09:31:18.174+0000] {processor.py:830} INFO - Processing file /opt/airflow/dags/deferrable_operator.py for tasks to queue
[2024-03-16T09:31:18.176+0000] {logging_mixin.py:188} INFO - [2024-03-16T09:31:18.175+0000] {dagbag.py:540} INFO - Filling up the DagBag from /opt/airflow/dags/deferrable_operator.py
[2024-03-16T09:31:18.189+0000] {processor.py:840} INFO - DAG(s) 'deferrable_operator' retrieved from /opt/airflow/dags/deferrable_operator.py
[2024-03-16T09:31:18.262+0000] {logging_mixin.py:188} INFO - [2024-03-16T09:31:18.262+0000] {dag.py:3047} INFO - Sync 1 DAGs
[2024-03-16T09:31:18.271+0000] {logging_mixin.py:188} INFO - [2024-03-16T09:31:18.270+0000] {dag.py:3834} INFO - Setting next_dagrun for deferrable_operator to None, run_after=None
[2024-03-16T09:31:18.288+0000] {processor.py:183} INFO - Processing /opt/airflow/dags/deferrable_operator.py took 0.116 seconds
[2024-03-16T09:31:48.638+0000] {processor.py:161} INFO - Started process (PID=67) to work on /opt/airflow/dags/deferrable_operator.py
[2024-03-16T09:31:48.639+0000] {processor.py:830} INFO - Processing file /opt/airflow/dags/deferrable_operator.py for tasks to queue
[2024-03-16T09:31:48.640+0000] {logging_mixin.py:188} INFO - [2024-03-16T09:31:48.639+0000] {dagbag.py:540} INFO - Filling up the DagBag from /opt/airflow/dags/deferrable_operator.py
[2024-03-16T09:31:48.652+0000] {processor.py:840} INFO - DAG(s) 'deferrable_operator' retrieved from /opt/airflow/dags/deferrable_operator.py
[2024-03-16T09:31:48.676+0000] {logging_mixin.py:188} INFO - [2024-03-16T09:31:48.676+0000] {dag.py:3047} INFO - Sync 1 DAGs
[2024-03-16T09:31:48.688+0000] {logging_mixin.py:188} INFO - [2024-03-16T09:31:48.687+0000] {dag.py:3834} INFO - Setting next_dagrun for deferrable_operator to None, run_after=None
[2024-03-16T09:31:48.703+0000] {processor.py:183} INFO - Processing /opt/airflow/dags/deferrable_operator.py took 0.067 seconds
[2024-03-16T09:32:18.818+0000] {processor.py:161} INFO - Started process (PID=86) to work on /opt/airflow/dags/deferrable_operator.py
[2024-03-16T09:32:18.819+0000] {processor.py:830} INFO - Processing file /opt/airflow/dags/deferrable_operator.py for tasks to queue
[2024-03-16T09:32:18.820+0000] {logging_mixin.py:188} INFO - [2024-03-16T09:32:18.820+0000] {dagbag.py:540} INFO - Filling up the DagBag from /opt/airflow/dags/deferrable_operator.py
[2024-03-16T09:32:18.831+0000] {processor.py:840} INFO - DAG(s) 'deferrable_operator' retrieved from /opt/airflow/dags/deferrable_operator.py
[2024-03-16T09:32:18.855+0000] {logging_mixin.py:188} INFO - [2024-03-16T09:32:18.855+0000] {dag.py:3047} INFO - Sync 1 DAGs
[2024-03-16T09:32:18.866+0000] {logging_mixin.py:188} INFO - [2024-03-16T09:32:18.866+0000] {dag.py:3834} INFO - Setting next_dagrun for deferrable_operator to None, run_after=None
[2024-03-16T09:32:18.879+0000] {processor.py:183} INFO - Processing /opt/airflow/dags/deferrable_operator.py took 0.062 seconds
[2024-03-16T09:32:49.968+0000] {processor.py:161} INFO - Started process (PID=105) to work on /opt/airflow/dags/deferrable_operator.py
[2024-03-16T09:32:49.969+0000] {processor.py:830} INFO - Processing file /opt/airflow/dags/deferrable_operator.py for tasks to queue
[2024-03-16T09:32:49.970+0000] {logging_mixin.py:188} INFO - [2024-03-16T09:32:49.970+0000] {dagbag.py:540} INFO - Filling up the DagBag from /opt/airflow/dags/deferrable_operator.py
[2024-03-16T09:32:49.981+0000] {processor.py:840} INFO - DAG(s) 'deferrable_operator' retrieved from /opt/airflow/dags/deferrable_operator.py
[2024-03-16T09:32:50.005+0000] {logging_mixin.py:188} INFO - [2024-03-16T09:32:50.005+0000] {dag.py:3047} INFO - Sync 1 DAGs
[2024-03-16T09:32:50.015+0000] {logging_mixin.py:188} INFO - [2024-03-16T09:32:50.015+0000] {dag.py:3834} INFO - Setting next_dagrun for deferrable_operator to None, run_after=None
[2024-03-16T09:32:50.030+0000] {processor.py:183} INFO - Processing /opt/airflow/dags/deferrable_operator.py took 0.063 seconds
[2024-03-16T09:33:20.153+0000] {processor.py:161} INFO - Started process (PID=123) to work on /opt/airflow/dags/deferrable_operator.py
[2024-03-16T09:33:20.153+0000] {processor.py:830} INFO - Processing file /opt/airflow/dags/deferrable_operator.py for tasks to queue
[2024-03-16T09:33:20.154+0000] {logging_mixin.py:188} INFO - [2024-03-16T09:33:20.154+0000] {dagbag.py:540} INFO - Filling up the DagBag from /opt/airflow/dags/deferrable_operator.py
[2024-03-16T09:33:20.166+0000] {processor.py:840} INFO - DAG(s) 'deferrable_operator' retrieved from /opt/airflow/dags/deferrable_operator.py
[2024-03-16T09:33:20.199+0000] {logging_mixin.py:188} INFO - [2024-03-16T09:33:20.199+0000] {dag.py:3047} INFO - Sync 1 DAGs
[2024-03-16T09:33:20.210+0000] {logging_mixin.py:188} INFO - [2024-03-16T09:33:20.210+0000] {dag.py:3834} INFO - Setting next_dagrun for deferrable_operator to None, run_after=None
[2024-03-16T09:33:20.223+0000] {processor.py:183} INFO - Processing /opt/airflow/dags/deferrable_operator.py took 0.071 seconds
[2024-03-16T09:33:50.374+0000] {processor.py:161} INFO - Started process (PID=142) to work on /opt/airflow/dags/deferrable_operator.py
[2024-03-16T09:33:50.374+0000] {processor.py:830} INFO - Processing file /opt/airflow/dags/deferrable_operator.py for tasks to queue
[2024-03-16T09:33:50.375+0000] {logging_mixin.py:188} INFO - [2024-03-16T09:33:50.375+0000] {dagbag.py:540} INFO - Filling up the DagBag from /opt/airflow/dags/deferrable_operator.py
[2024-03-16T09:33:50.385+0000] {processor.py:840} INFO - DAG(s) 'deferrable_operator' retrieved from /opt/airflow/dags/deferrable_operator.py
[2024-03-16T09:33:50.414+0000] {logging_mixin.py:188} INFO - [2024-03-16T09:33:50.414+0000] {dag.py:3047} INFO - Sync 1 DAGs
[2024-03-16T09:33:50.428+0000] {logging_mixin.py:188} INFO - [2024-03-16T09:33:50.428+0000] {dag.py:3834} INFO - Setting next_dagrun for deferrable_operator to None, run_after=None
[2024-03-16T09:33:50.441+0000] {processor.py:183} INFO - Processing /opt/airflow/dags/deferrable_operator.py took 0.069 seconds
[2024-03-16T09:34:20.590+0000] {processor.py:161} INFO - Started process (PID=161) to work on /opt/airflow/dags/deferrable_operator.py
[2024-03-16T09:34:20.591+0000] {processor.py:830} INFO - Processing file /opt/airflow/dags/deferrable_operator.py for tasks to queue
[2024-03-16T09:34:20.592+0000] {logging_mixin.py:188} INFO - [2024-03-16T09:34:20.591+0000] {dagbag.py:540} INFO - Filling up the DagBag from /opt/airflow/dags/deferrable_operator.py
[2024-03-16T09:34:20.605+0000] {processor.py:840} INFO - DAG(s) 'deferrable_operator' retrieved from /opt/airflow/dags/deferrable_operator.py
[2024-03-16T09:34:20.631+0000] {logging_mixin.py:188} INFO - [2024-03-16T09:34:20.630+0000] {dag.py:3047} INFO - Sync 1 DAGs
[2024-03-16T09:34:20.639+0000] {logging_mixin.py:188} INFO - [2024-03-16T09:34:20.639+0000] {dag.py:3834} INFO - Setting next_dagrun for deferrable_operator to None, run_after=None
[2024-03-16T09:34:20.656+0000] {processor.py:183} INFO - Processing /opt/airflow/dags/deferrable_operator.py took 0.068 seconds
[2024-03-16T09:34:50.962+0000] {processor.py:161} INFO - Started process (PID=183) to work on /opt/airflow/dags/deferrable_operator.py
[2024-03-16T09:34:50.962+0000] {processor.py:830} INFO - Processing file /opt/airflow/dags/deferrable_operator.py for tasks to queue
[2024-03-16T09:34:50.964+0000] {logging_mixin.py:188} INFO - [2024-03-16T09:34:50.963+0000] {dagbag.py:540} INFO - Filling up the DagBag from /opt/airflow/dags/deferrable_operator.py
[2024-03-16T09:34:50.974+0000] {processor.py:840} INFO - DAG(s) 'deferrable_operator' retrieved from /opt/airflow/dags/deferrable_operator.py
[2024-03-16T09:34:50.994+0000] {logging_mixin.py:188} INFO - [2024-03-16T09:34:50.994+0000] {dag.py:3047} INFO - Sync 1 DAGs
[2024-03-16T09:34:51.004+0000] {logging_mixin.py:188} INFO - [2024-03-16T09:34:51.004+0000] {dag.py:3834} INFO - Setting next_dagrun for deferrable_operator to None, run_after=None
[2024-03-16T09:34:51.017+0000] {processor.py:183} INFO - Processing /opt/airflow/dags/deferrable_operator.py took 0.057 seconds
[2024-03-16T09:35:21.229+0000] {processor.py:161} INFO - Started process (PID=203) to work on /opt/airflow/dags/deferrable_operator.py
[2024-03-16T09:35:21.230+0000] {processor.py:830} INFO - Processing file /opt/airflow/dags/deferrable_operator.py for tasks to queue
[2024-03-16T09:35:21.230+0000] {logging_mixin.py:188} INFO - [2024-03-16T09:35:21.230+0000] {dagbag.py:540} INFO - Filling up the DagBag from /opt/airflow/dags/deferrable_operator.py
[2024-03-16T09:35:21.243+0000] {processor.py:840} INFO - DAG(s) 'deferrable_operator' retrieved from /opt/airflow/dags/deferrable_operator.py
[2024-03-16T09:35:21.267+0000] {logging_mixin.py:188} INFO - [2024-03-16T09:35:21.266+0000] {dag.py:3047} INFO - Sync 1 DAGs
[2024-03-16T09:35:21.277+0000] {logging_mixin.py:188} INFO - [2024-03-16T09:35:21.277+0000] {dag.py:3834} INFO - Setting next_dagrun for deferrable_operator to None, run_after=None
[2024-03-16T09:35:21.293+0000] {processor.py:183} INFO - Processing /opt/airflow/dags/deferrable_operator.py took 0.066 seconds
[2024-03-16T09:35:51.564+0000] {processor.py:161} INFO - Started process (PID=222) to work on /opt/airflow/dags/deferrable_operator.py
[2024-03-16T09:35:51.565+0000] {processor.py:830} INFO - Processing file /opt/airflow/dags/deferrable_operator.py for tasks to queue
[2024-03-16T09:35:51.566+0000] {logging_mixin.py:188} INFO - [2024-03-16T09:35:51.566+0000] {dagbag.py:540} INFO - Filling up the DagBag from /opt/airflow/dags/deferrable_operator.py
[2024-03-16T09:35:51.589+0000] {processor.py:840} INFO - DAG(s) 'deferrable_operator' retrieved from /opt/airflow/dags/deferrable_operator.py
[2024-03-16T09:35:51.615+0000] {logging_mixin.py:188} INFO - [2024-03-16T09:35:51.614+0000] {dag.py:3047} INFO - Sync 1 DAGs
[2024-03-16T09:35:51.624+0000] {logging_mixin.py:188} INFO - [2024-03-16T09:35:51.624+0000] {dag.py:3834} INFO - Setting next_dagrun for deferrable_operator to None, run_after=None
[2024-03-16T09:35:51.638+0000] {processor.py:183} INFO - Processing /opt/airflow/dags/deferrable_operator.py took 0.076 seconds
[2024-03-16T09:36:21.947+0000] {processor.py:161} INFO - Started process (PID=243) to work on /opt/airflow/dags/deferrable_operator.py
[2024-03-16T09:36:21.948+0000] {processor.py:830} INFO - Processing file /opt/airflow/dags/deferrable_operator.py for tasks to queue
[2024-03-16T09:36:21.949+0000] {logging_mixin.py:188} INFO - [2024-03-16T09:36:21.948+0000] {dagbag.py:540} INFO - Filling up the DagBag from /opt/airflow/dags/deferrable_operator.py
[2024-03-16T09:36:21.963+0000] {processor.py:840} INFO - DAG(s) 'deferrable_operator' retrieved from /opt/airflow/dags/deferrable_operator.py
[2024-03-16T09:36:21.987+0000] {logging_mixin.py:188} INFO - [2024-03-16T09:36:21.986+0000] {dag.py:3047} INFO - Sync 1 DAGs
[2024-03-16T09:36:21.995+0000] {logging_mixin.py:188} INFO - [2024-03-16T09:36:21.995+0000] {dag.py:3834} INFO - Setting next_dagrun for deferrable_operator to None, run_after=None
[2024-03-16T09:36:22.011+0000] {processor.py:183} INFO - Processing /opt/airflow/dags/deferrable_operator.py took 0.065 seconds
[2024-03-16T09:36:52.171+0000] {processor.py:161} INFO - Started process (PID=263) to work on /opt/airflow/dags/deferrable_operator.py
[2024-03-16T09:36:52.172+0000] {processor.py:830} INFO - Processing file /opt/airflow/dags/deferrable_operator.py for tasks to queue
[2024-03-16T09:36:52.172+0000] {logging_mixin.py:188} INFO - [2024-03-16T09:36:52.172+0000] {dagbag.py:540} INFO - Filling up the DagBag from /opt/airflow/dags/deferrable_operator.py
[2024-03-16T09:36:52.183+0000] {processor.py:840} INFO - DAG(s) 'deferrable_operator' retrieved from /opt/airflow/dags/deferrable_operator.py
[2024-03-16T09:36:52.203+0000] {logging_mixin.py:188} INFO - [2024-03-16T09:36:52.203+0000] {dag.py:3047} INFO - Sync 1 DAGs
[2024-03-16T09:36:52.212+0000] {logging_mixin.py:188} INFO - [2024-03-16T09:36:52.212+0000] {dag.py:3834} INFO - Setting next_dagrun for deferrable_operator to None, run_after=None
[2024-03-16T09:36:52.225+0000] {processor.py:183} INFO - Processing /opt/airflow/dags/deferrable_operator.py took 0.055 seconds
[2024-03-16T09:37:22.389+0000] {processor.py:161} INFO - Started process (PID=282) to work on /opt/airflow/dags/deferrable_operator.py
[2024-03-16T09:37:22.390+0000] {processor.py:830} INFO - Processing file /opt/airflow/dags/deferrable_operator.py for tasks to queue
[2024-03-16T09:37:22.390+0000] {logging_mixin.py:188} INFO - [2024-03-16T09:37:22.390+0000] {dagbag.py:540} INFO - Filling up the DagBag from /opt/airflow/dags/deferrable_operator.py
[2024-03-16T09:37:22.402+0000] {processor.py:840} INFO - DAG(s) 'deferrable_operator' retrieved from /opt/airflow/dags/deferrable_operator.py
[2024-03-16T09:37:22.424+0000] {logging_mixin.py:188} INFO - [2024-03-16T09:37:22.424+0000] {dag.py:3047} INFO - Sync 1 DAGs
[2024-03-16T09:37:22.433+0000] {logging_mixin.py:188} INFO - [2024-03-16T09:37:22.432+0000] {dag.py:3834} INFO - Setting next_dagrun for deferrable_operator to None, run_after=None
[2024-03-16T09:37:22.452+0000] {processor.py:183} INFO - Processing /opt/airflow/dags/deferrable_operator.py took 0.065 seconds
[2024-03-16T09:37:52.898+0000] {processor.py:161} INFO - Started process (PID=301) to work on /opt/airflow/dags/deferrable_operator.py
[2024-03-16T09:37:52.899+0000] {processor.py:830} INFO - Processing file /opt/airflow/dags/deferrable_operator.py for tasks to queue
[2024-03-16T09:37:52.899+0000] {logging_mixin.py:188} INFO - [2024-03-16T09:37:52.899+0000] {dagbag.py:540} INFO - Filling up the DagBag from /opt/airflow/dags/deferrable_operator.py
[2024-03-16T09:37:52.913+0000] {processor.py:840} INFO - DAG(s) 'deferrable_operator' retrieved from /opt/airflow/dags/deferrable_operator.py
[2024-03-16T09:37:52.939+0000] {logging_mixin.py:188} INFO - [2024-03-16T09:37:52.939+0000] {dag.py:3047} INFO - Sync 1 DAGs
[2024-03-16T09:37:52.948+0000] {logging_mixin.py:188} INFO - [2024-03-16T09:37:52.948+0000] {dag.py:3834} INFO - Setting next_dagrun for deferrable_operator to None, run_after=None
[2024-03-16T09:37:52.963+0000] {processor.py:183} INFO - Processing /opt/airflow/dags/deferrable_operator.py took 0.067 seconds
[2024-03-16T09:38:23.259+0000] {processor.py:161} INFO - Started process (PID=321) to work on /opt/airflow/dags/deferrable_operator.py
[2024-03-16T09:38:23.260+0000] {processor.py:830} INFO - Processing file /opt/airflow/dags/deferrable_operator.py for tasks to queue
[2024-03-16T09:38:23.262+0000] {logging_mixin.py:188} INFO - [2024-03-16T09:38:23.262+0000] {dagbag.py:540} INFO - Filling up the DagBag from /opt/airflow/dags/deferrable_operator.py
[2024-03-16T09:38:23.275+0000] {processor.py:840} INFO - DAG(s) 'deferrable_operator' retrieved from /opt/airflow/dags/deferrable_operator.py
[2024-03-16T09:38:23.301+0000] {logging_mixin.py:188} INFO - [2024-03-16T09:38:23.300+0000] {dag.py:3047} INFO - Sync 1 DAGs
[2024-03-16T09:38:23.309+0000] {logging_mixin.py:188} INFO - [2024-03-16T09:38:23.309+0000] {dag.py:3834} INFO - Setting next_dagrun for deferrable_operator to None, run_after=None
[2024-03-16T09:38:23.321+0000] {processor.py:183} INFO - Processing /opt/airflow/dags/deferrable_operator.py took 0.064 seconds
[2024-03-16T09:38:53.344+0000] {processor.py:161} INFO - Started process (PID=340) to work on /opt/airflow/dags/deferrable_operator.py
[2024-03-16T09:38:53.344+0000] {processor.py:830} INFO - Processing file /opt/airflow/dags/deferrable_operator.py for tasks to queue
[2024-03-16T09:38:53.345+0000] {logging_mixin.py:188} INFO - [2024-03-16T09:38:53.345+0000] {dagbag.py:540} INFO - Filling up the DagBag from /opt/airflow/dags/deferrable_operator.py
[2024-03-16T09:38:53.357+0000] {processor.py:840} INFO - DAG(s) 'deferrable_operator' retrieved from /opt/airflow/dags/deferrable_operator.py
[2024-03-16T09:38:53.379+0000] {logging_mixin.py:188} INFO - [2024-03-16T09:38:53.379+0000] {dag.py:3047} INFO - Sync 1 DAGs
[2024-03-16T09:38:53.389+0000] {logging_mixin.py:188} INFO - [2024-03-16T09:38:53.389+0000] {dag.py:3834} INFO - Setting next_dagrun for deferrable_operator to None, run_after=None
[2024-03-16T09:38:53.485+0000] {processor.py:183} INFO - Processing /opt/airflow/dags/deferrable_operator.py took 0.143 seconds
[2024-03-16T09:39:23.868+0000] {processor.py:161} INFO - Started process (PID=363) to work on /opt/airflow/dags/deferrable_operator.py
[2024-03-16T09:39:23.869+0000] {processor.py:830} INFO - Processing file /opt/airflow/dags/deferrable_operator.py for tasks to queue
[2024-03-16T09:39:23.869+0000] {logging_mixin.py:188} INFO - [2024-03-16T09:39:23.869+0000] {dagbag.py:540} INFO - Filling up the DagBag from /opt/airflow/dags/deferrable_operator.py
[2024-03-16T09:39:23.880+0000] {processor.py:840} INFO - DAG(s) 'deferrable_operator' retrieved from /opt/airflow/dags/deferrable_operator.py
[2024-03-16T09:39:23.900+0000] {logging_mixin.py:188} INFO - [2024-03-16T09:39:23.899+0000] {dag.py:3047} INFO - Sync 1 DAGs
[2024-03-16T09:39:23.908+0000] {logging_mixin.py:188} INFO - [2024-03-16T09:39:23.907+0000] {dag.py:3834} INFO - Setting next_dagrun for deferrable_operator to None, run_after=None
[2024-03-16T09:39:23.921+0000] {processor.py:183} INFO - Processing /opt/airflow/dags/deferrable_operator.py took 0.055 seconds
[2024-03-16T09:39:54.866+0000] {processor.py:161} INFO - Started process (PID=383) to work on /opt/airflow/dags/deferrable_operator.py
[2024-03-16T09:39:54.867+0000] {processor.py:830} INFO - Processing file /opt/airflow/dags/deferrable_operator.py for tasks to queue
[2024-03-16T09:39:54.867+0000] {logging_mixin.py:188} INFO - [2024-03-16T09:39:54.867+0000] {dagbag.py:540} INFO - Filling up the DagBag from /opt/airflow/dags/deferrable_operator.py
[2024-03-16T09:39:54.882+0000] {processor.py:840} INFO - DAG(s) 'deferrable_operator' retrieved from /opt/airflow/dags/deferrable_operator.py
[2024-03-16T09:39:54.902+0000] {logging_mixin.py:188} INFO - [2024-03-16T09:39:54.902+0000] {dag.py:3047} INFO - Sync 1 DAGs
[2024-03-16T09:39:54.910+0000] {logging_mixin.py:188} INFO - [2024-03-16T09:39:54.910+0000] {dag.py:3834} INFO - Setting next_dagrun for deferrable_operator to None, run_after=None
[2024-03-16T09:39:54.928+0000] {processor.py:183} INFO - Processing /opt/airflow/dags/deferrable_operator.py took 0.064 seconds
[2024-03-16T09:40:25.044+0000] {processor.py:161} INFO - Started process (PID=402) to work on /opt/airflow/dags/deferrable_operator.py
[2024-03-16T09:40:25.045+0000] {processor.py:830} INFO - Processing file /opt/airflow/dags/deferrable_operator.py for tasks to queue
[2024-03-16T09:40:25.045+0000] {logging_mixin.py:188} INFO - [2024-03-16T09:40:25.045+0000] {dagbag.py:540} INFO - Filling up the DagBag from /opt/airflow/dags/deferrable_operator.py
[2024-03-16T09:40:25.056+0000] {processor.py:840} INFO - DAG(s) 'deferrable_operator' retrieved from /opt/airflow/dags/deferrable_operator.py
[2024-03-16T09:40:25.084+0000] {logging_mixin.py:188} INFO - [2024-03-16T09:40:25.084+0000] {dag.py:3047} INFO - Sync 1 DAGs
[2024-03-16T09:40:25.094+0000] {logging_mixin.py:188} INFO - [2024-03-16T09:40:25.094+0000] {dag.py:3834} INFO - Setting next_dagrun for deferrable_operator to None, run_after=None
[2024-03-16T09:40:25.111+0000] {processor.py:183} INFO - Processing /opt/airflow/dags/deferrable_operator.py took 0.069 seconds
[2024-03-16T09:40:55.421+0000] {processor.py:161} INFO - Started process (PID=421) to work on /opt/airflow/dags/deferrable_operator.py
[2024-03-16T09:40:55.421+0000] {processor.py:830} INFO - Processing file /opt/airflow/dags/deferrable_operator.py for tasks to queue
[2024-03-16T09:40:55.422+0000] {logging_mixin.py:188} INFO - [2024-03-16T09:40:55.422+0000] {dagbag.py:540} INFO - Filling up the DagBag from /opt/airflow/dags/deferrable_operator.py
[2024-03-16T09:40:55.433+0000] {processor.py:840} INFO - DAG(s) 'deferrable_operator' retrieved from /opt/airflow/dags/deferrable_operator.py
[2024-03-16T09:40:55.458+0000] {logging_mixin.py:188} INFO - [2024-03-16T09:40:55.458+0000] {dag.py:3047} INFO - Sync 1 DAGs
[2024-03-16T09:40:55.468+0000] {logging_mixin.py:188} INFO - [2024-03-16T09:40:55.468+0000] {dag.py:3834} INFO - Setting next_dagrun for deferrable_operator to None, run_after=None
[2024-03-16T09:40:55.481+0000] {processor.py:183} INFO - Processing /opt/airflow/dags/deferrable_operator.py took 0.062 seconds
[2024-03-16T09:41:25.625+0000] {processor.py:161} INFO - Started process (PID=440) to work on /opt/airflow/dags/deferrable_operator.py
[2024-03-16T09:41:25.626+0000] {processor.py:830} INFO - Processing file /opt/airflow/dags/deferrable_operator.py for tasks to queue
[2024-03-16T09:41:25.626+0000] {logging_mixin.py:188} INFO - [2024-03-16T09:41:25.626+0000] {dagbag.py:540} INFO - Filling up the DagBag from /opt/airflow/dags/deferrable_operator.py
[2024-03-16T09:41:25.640+0000] {processor.py:840} INFO - DAG(s) 'deferrable_operator' retrieved from /opt/airflow/dags/deferrable_operator.py
[2024-03-16T09:41:25.661+0000] {logging_mixin.py:188} INFO - [2024-03-16T09:41:25.661+0000] {dag.py:3047} INFO - Sync 1 DAGs
[2024-03-16T09:41:25.670+0000] {logging_mixin.py:188} INFO - [2024-03-16T09:41:25.670+0000] {dag.py:3834} INFO - Setting next_dagrun for deferrable_operator to None, run_after=None
[2024-03-16T09:41:25.683+0000] {processor.py:183} INFO - Processing /opt/airflow/dags/deferrable_operator.py took 0.060 seconds
[2024-03-16T09:41:55.925+0000] {processor.py:161} INFO - Started process (PID=459) to work on /opt/airflow/dags/deferrable_operator.py
[2024-03-16T09:41:55.926+0000] {processor.py:830} INFO - Processing file /opt/airflow/dags/deferrable_operator.py for tasks to queue
[2024-03-16T09:41:55.927+0000] {logging_mixin.py:188} INFO - [2024-03-16T09:41:55.926+0000] {dagbag.py:540} INFO - Filling up the DagBag from /opt/airflow/dags/deferrable_operator.py
[2024-03-16T09:41:55.943+0000] {processor.py:840} INFO - DAG(s) 'deferrable_operator' retrieved from /opt/airflow/dags/deferrable_operator.py
[2024-03-16T09:41:55.962+0000] {logging_mixin.py:188} INFO - [2024-03-16T09:41:55.962+0000] {dag.py:3047} INFO - Sync 1 DAGs
[2024-03-16T09:41:55.970+0000] {logging_mixin.py:188} INFO - [2024-03-16T09:41:55.970+0000] {dag.py:3834} INFO - Setting next_dagrun for deferrable_operator to None, run_after=None
[2024-03-16T09:41:55.983+0000] {processor.py:183} INFO - Processing /opt/airflow/dags/deferrable_operator.py took 0.060 seconds
