[2024-03-16T09:31:18.179+0000] {processor.py:161} INFO - Started process (PID=49) to work on /opt/airflow/dags/params.py
[2024-03-16T09:31:18.179+0000] {processor.py:830} INFO - Processing file /opt/airflow/dags/params.py for tasks to queue
[2024-03-16T09:31:18.181+0000] {logging_mixin.py:188} INFO - [2024-03-16T09:31:18.180+0000] {dagbag.py:540} INFO - Filling up the DagBag from /opt/airflow/dags/params.py
[2024-03-16T09:31:18.194+0000] {processor.py:840} INFO - DAG(s) 'params' retrieved from /opt/airflow/dags/params.py
[2024-03-16T09:31:18.270+0000] {logging_mixin.py:188} INFO - [2024-03-16T09:31:18.269+0000] {dag.py:3047} INFO - Sync 1 DAGs
[2024-03-16T09:31:18.278+0000] {logging_mixin.py:188} INFO - [2024-03-16T09:31:18.278+0000] {dag.py:3834} INFO - Setting next_dagrun for params to None, run_after=None
[2024-03-16T09:31:18.300+0000] {processor.py:183} INFO - Processing /opt/airflow/dags/params.py took 0.123 seconds
[2024-03-16T09:31:48.724+0000] {processor.py:161} INFO - Started process (PID=68) to work on /opt/airflow/dags/params.py
[2024-03-16T09:31:48.725+0000] {processor.py:830} INFO - Processing file /opt/airflow/dags/params.py for tasks to queue
[2024-03-16T09:31:48.726+0000] {logging_mixin.py:188} INFO - [2024-03-16T09:31:48.726+0000] {dagbag.py:540} INFO - Filling up the DagBag from /opt/airflow/dags/params.py
[2024-03-16T09:31:48.738+0000] {processor.py:840} INFO - DAG(s) 'params' retrieved from /opt/airflow/dags/params.py
[2024-03-16T09:31:48.772+0000] {logging_mixin.py:188} INFO - [2024-03-16T09:31:48.772+0000] {dag.py:3047} INFO - Sync 1 DAGs
[2024-03-16T09:31:48.785+0000] {logging_mixin.py:188} INFO - [2024-03-16T09:31:48.785+0000] {dag.py:3834} INFO - Setting next_dagrun for params to None, run_after=None
[2024-03-16T09:31:48.808+0000] {processor.py:183} INFO - Processing /opt/airflow/dags/params.py took 0.086 seconds
[2024-03-16T09:32:18.867+0000] {processor.py:161} INFO - Started process (PID=87) to work on /opt/airflow/dags/params.py
[2024-03-16T09:32:18.868+0000] {processor.py:830} INFO - Processing file /opt/airflow/dags/params.py for tasks to queue
[2024-03-16T09:32:18.869+0000] {logging_mixin.py:188} INFO - [2024-03-16T09:32:18.869+0000] {dagbag.py:540} INFO - Filling up the DagBag from /opt/airflow/dags/params.py
[2024-03-16T09:32:18.880+0000] {processor.py:840} INFO - DAG(s) 'params' retrieved from /opt/airflow/dags/params.py
[2024-03-16T09:32:18.904+0000] {logging_mixin.py:188} INFO - [2024-03-16T09:32:18.904+0000] {dag.py:3047} INFO - Sync 1 DAGs
[2024-03-16T09:32:18.913+0000] {logging_mixin.py:188} INFO - [2024-03-16T09:32:18.913+0000] {dag.py:3834} INFO - Setting next_dagrun for params to None, run_after=None
[2024-03-16T09:32:18.925+0000] {processor.py:183} INFO - Processing /opt/airflow/dags/params.py took 0.060 seconds
[2024-03-16T09:32:50.051+0000] {processor.py:161} INFO - Started process (PID=106) to work on /opt/airflow/dags/params.py
[2024-03-16T09:32:50.051+0000] {processor.py:830} INFO - Processing file /opt/airflow/dags/params.py for tasks to queue
[2024-03-16T09:32:50.053+0000] {logging_mixin.py:188} INFO - [2024-03-16T09:32:50.052+0000] {dagbag.py:540} INFO - Filling up the DagBag from /opt/airflow/dags/params.py
[2024-03-16T09:32:50.064+0000] {processor.py:840} INFO - DAG(s) 'params' retrieved from /opt/airflow/dags/params.py
[2024-03-16T09:32:50.087+0000] {logging_mixin.py:188} INFO - [2024-03-16T09:32:50.087+0000] {dag.py:3047} INFO - Sync 1 DAGs
[2024-03-16T09:32:50.096+0000] {logging_mixin.py:188} INFO - [2024-03-16T09:32:50.096+0000] {dag.py:3834} INFO - Setting next_dagrun for params to None, run_after=None
[2024-03-16T09:32:50.118+0000] {processor.py:183} INFO - Processing /opt/airflow/dags/params.py took 0.069 seconds
[2024-03-16T09:33:20.256+0000] {processor.py:161} INFO - Started process (PID=125) to work on /opt/airflow/dags/params.py
[2024-03-16T09:33:20.257+0000] {processor.py:830} INFO - Processing file /opt/airflow/dags/params.py for tasks to queue
[2024-03-16T09:33:20.258+0000] {logging_mixin.py:188} INFO - [2024-03-16T09:33:20.258+0000] {dagbag.py:540} INFO - Filling up the DagBag from /opt/airflow/dags/params.py
[2024-03-16T09:33:20.268+0000] {processor.py:840} INFO - DAG(s) 'params' retrieved from /opt/airflow/dags/params.py
[2024-03-16T09:33:20.297+0000] {logging_mixin.py:188} INFO - [2024-03-16T09:33:20.297+0000] {dag.py:3047} INFO - Sync 1 DAGs
[2024-03-16T09:33:20.308+0000] {logging_mixin.py:188} INFO - [2024-03-16T09:33:20.307+0000] {dag.py:3834} INFO - Setting next_dagrun for params to None, run_after=None
[2024-03-16T09:33:20.327+0000] {processor.py:183} INFO - Processing /opt/airflow/dags/params.py took 0.073 seconds
[2024-03-16T09:33:50.561+0000] {processor.py:161} INFO - Started process (PID=144) to work on /opt/airflow/dags/params.py
[2024-03-16T09:33:50.562+0000] {processor.py:830} INFO - Processing file /opt/airflow/dags/params.py for tasks to queue
[2024-03-16T09:33:50.564+0000] {logging_mixin.py:188} INFO - [2024-03-16T09:33:50.563+0000] {dagbag.py:540} INFO - Filling up the DagBag from /opt/airflow/dags/params.py
[2024-03-16T09:33:50.575+0000] {processor.py:840} INFO - DAG(s) 'params' retrieved from /opt/airflow/dags/params.py
[2024-03-16T09:33:50.598+0000] {logging_mixin.py:188} INFO - [2024-03-16T09:33:50.598+0000] {dag.py:3047} INFO - Sync 1 DAGs
[2024-03-16T09:33:50.607+0000] {logging_mixin.py:188} INFO - [2024-03-16T09:33:50.607+0000] {dag.py:3834} INFO - Setting next_dagrun for params to None, run_after=None
[2024-03-16T09:33:50.621+0000] {processor.py:183} INFO - Processing /opt/airflow/dags/params.py took 0.062 seconds
[2024-03-16T09:34:20.771+0000] {processor.py:161} INFO - Started process (PID=163) to work on /opt/airflow/dags/params.py
[2024-03-16T09:34:20.772+0000] {processor.py:830} INFO - Processing file /opt/airflow/dags/params.py for tasks to queue
[2024-03-16T09:34:20.773+0000] {logging_mixin.py:188} INFO - [2024-03-16T09:34:20.773+0000] {dagbag.py:540} INFO - Filling up the DagBag from /opt/airflow/dags/params.py
[2024-03-16T09:34:20.788+0000] {processor.py:840} INFO - DAG(s) 'params' retrieved from /opt/airflow/dags/params.py
[2024-03-16T09:34:20.812+0000] {logging_mixin.py:188} INFO - [2024-03-16T09:34:20.812+0000] {dag.py:3047} INFO - Sync 1 DAGs
[2024-03-16T09:34:20.823+0000] {logging_mixin.py:188} INFO - [2024-03-16T09:34:20.822+0000] {dag.py:3834} INFO - Setting next_dagrun for params to None, run_after=None
[2024-03-16T09:34:20.838+0000] {processor.py:183} INFO - Processing /opt/airflow/dags/params.py took 0.068 seconds
[2024-03-16T09:34:51.044+0000] {processor.py:161} INFO - Started process (PID=184) to work on /opt/airflow/dags/params.py
[2024-03-16T09:34:51.045+0000] {processor.py:830} INFO - Processing file /opt/airflow/dags/params.py for tasks to queue
[2024-03-16T09:34:51.046+0000] {logging_mixin.py:188} INFO - [2024-03-16T09:34:51.046+0000] {dagbag.py:540} INFO - Filling up the DagBag from /opt/airflow/dags/params.py
[2024-03-16T09:34:51.057+0000] {processor.py:840} INFO - DAG(s) 'params' retrieved from /opt/airflow/dags/params.py
[2024-03-16T09:34:51.080+0000] {logging_mixin.py:188} INFO - [2024-03-16T09:34:51.079+0000] {dag.py:3047} INFO - Sync 1 DAGs
[2024-03-16T09:34:51.088+0000] {logging_mixin.py:188} INFO - [2024-03-16T09:34:51.088+0000] {dag.py:3834} INFO - Setting next_dagrun for params to None, run_after=None
[2024-03-16T09:34:51.102+0000] {processor.py:183} INFO - Processing /opt/airflow/dags/params.py took 0.059 seconds
[2024-03-16T09:35:21.315+0000] {processor.py:161} INFO - Started process (PID=204) to work on /opt/airflow/dags/params.py
[2024-03-16T09:35:21.316+0000] {processor.py:830} INFO - Processing file /opt/airflow/dags/params.py for tasks to queue
[2024-03-16T09:35:21.316+0000] {logging_mixin.py:188} INFO - [2024-03-16T09:35:21.316+0000] {dagbag.py:540} INFO - Filling up the DagBag from /opt/airflow/dags/params.py
[2024-03-16T09:35:21.328+0000] {processor.py:840} INFO - DAG(s) 'params' retrieved from /opt/airflow/dags/params.py
[2024-03-16T09:35:21.349+0000] {logging_mixin.py:188} INFO - [2024-03-16T09:35:21.349+0000] {dag.py:3047} INFO - Sync 1 DAGs
[2024-03-16T09:35:21.357+0000] {logging_mixin.py:188} INFO - [2024-03-16T09:35:21.357+0000] {dag.py:3834} INFO - Setting next_dagrun for params to None, run_after=None
[2024-03-16T09:35:21.373+0000] {processor.py:183} INFO - Processing /opt/airflow/dags/params.py took 0.060 seconds
[2024-03-16T09:35:51.588+0000] {processor.py:161} INFO - Started process (PID=223) to work on /opt/airflow/dags/params.py
[2024-03-16T09:35:51.589+0000] {processor.py:830} INFO - Processing file /opt/airflow/dags/params.py for tasks to queue
[2024-03-16T09:35:51.589+0000] {logging_mixin.py:188} INFO - [2024-03-16T09:35:51.589+0000] {dagbag.py:540} INFO - Filling up the DagBag from /opt/airflow/dags/params.py
[2024-03-16T09:35:51.604+0000] {processor.py:840} INFO - DAG(s) 'params' retrieved from /opt/airflow/dags/params.py
[2024-03-16T09:35:51.628+0000] {logging_mixin.py:188} INFO - [2024-03-16T09:35:51.628+0000] {dag.py:3047} INFO - Sync 1 DAGs
[2024-03-16T09:35:51.637+0000] {logging_mixin.py:188} INFO - [2024-03-16T09:35:51.637+0000] {dag.py:3834} INFO - Setting next_dagrun for params to None, run_after=None
[2024-03-16T09:35:51.657+0000] {processor.py:183} INFO - Processing /opt/airflow/dags/params.py took 0.071 seconds
[2024-03-16T09:36:22.032+0000] {processor.py:161} INFO - Started process (PID=244) to work on /opt/airflow/dags/params.py
[2024-03-16T09:36:22.033+0000] {processor.py:830} INFO - Processing file /opt/airflow/dags/params.py for tasks to queue
[2024-03-16T09:36:22.033+0000] {logging_mixin.py:188} INFO - [2024-03-16T09:36:22.033+0000] {dagbag.py:540} INFO - Filling up the DagBag from /opt/airflow/dags/params.py
[2024-03-16T09:36:22.046+0000] {processor.py:840} INFO - DAG(s) 'params' retrieved from /opt/airflow/dags/params.py
[2024-03-16T09:36:22.072+0000] {logging_mixin.py:188} INFO - [2024-03-16T09:36:22.072+0000] {dag.py:3047} INFO - Sync 1 DAGs
[2024-03-16T09:36:22.082+0000] {logging_mixin.py:188} INFO - [2024-03-16T09:36:22.082+0000] {dag.py:3834} INFO - Setting next_dagrun for params to None, run_after=None
[2024-03-16T09:36:22.097+0000] {processor.py:183} INFO - Processing /opt/airflow/dags/params.py took 0.067 seconds
[2024-03-16T09:36:52.255+0000] {processor.py:161} INFO - Started process (PID=264) to work on /opt/airflow/dags/params.py
[2024-03-16T09:36:52.256+0000] {processor.py:830} INFO - Processing file /opt/airflow/dags/params.py for tasks to queue
[2024-03-16T09:36:52.257+0000] {logging_mixin.py:188} INFO - [2024-03-16T09:36:52.256+0000] {dagbag.py:540} INFO - Filling up the DagBag from /opt/airflow/dags/params.py
[2024-03-16T09:36:52.270+0000] {processor.py:840} INFO - DAG(s) 'params' retrieved from /opt/airflow/dags/params.py
[2024-03-16T09:36:52.295+0000] {logging_mixin.py:188} INFO - [2024-03-16T09:36:52.295+0000] {dag.py:3047} INFO - Sync 1 DAGs
[2024-03-16T09:36:52.305+0000] {logging_mixin.py:188} INFO - [2024-03-16T09:36:52.305+0000] {dag.py:3834} INFO - Setting next_dagrun for params to None, run_after=None
[2024-03-16T09:36:52.320+0000] {processor.py:183} INFO - Processing /opt/airflow/dags/params.py took 0.067 seconds
[2024-03-16T09:37:22.459+0000] {processor.py:161} INFO - Started process (PID=283) to work on /opt/airflow/dags/params.py
[2024-03-16T09:37:22.460+0000] {processor.py:830} INFO - Processing file /opt/airflow/dags/params.py for tasks to queue
[2024-03-16T09:37:22.461+0000] {logging_mixin.py:188} INFO - [2024-03-16T09:37:22.460+0000] {dagbag.py:540} INFO - Filling up the DagBag from /opt/airflow/dags/params.py
[2024-03-16T09:37:22.473+0000] {processor.py:840} INFO - DAG(s) 'params' retrieved from /opt/airflow/dags/params.py
[2024-03-16T09:37:22.493+0000] {logging_mixin.py:188} INFO - [2024-03-16T09:37:22.493+0000] {dag.py:3047} INFO - Sync 1 DAGs
[2024-03-16T09:37:22.504+0000] {logging_mixin.py:188} INFO - [2024-03-16T09:37:22.504+0000] {dag.py:3834} INFO - Setting next_dagrun for params to None, run_after=None
[2024-03-16T09:37:22.517+0000] {processor.py:183} INFO - Processing /opt/airflow/dags/params.py took 0.060 seconds
[2024-03-16T09:37:52.991+0000] {processor.py:161} INFO - Started process (PID=302) to work on /opt/airflow/dags/params.py
[2024-03-16T09:37:52.991+0000] {processor.py:830} INFO - Processing file /opt/airflow/dags/params.py for tasks to queue
[2024-03-16T09:37:52.992+0000] {logging_mixin.py:188} INFO - [2024-03-16T09:37:52.992+0000] {dagbag.py:540} INFO - Filling up the DagBag from /opt/airflow/dags/params.py
[2024-03-16T09:37:53.005+0000] {processor.py:840} INFO - DAG(s) 'params' retrieved from /opt/airflow/dags/params.py
[2024-03-16T09:37:53.032+0000] {logging_mixin.py:188} INFO - [2024-03-16T09:37:53.032+0000] {dag.py:3047} INFO - Sync 1 DAGs
[2024-03-16T09:37:53.042+0000] {logging_mixin.py:188} INFO - [2024-03-16T09:37:53.042+0000] {dag.py:3834} INFO - Setting next_dagrun for params to None, run_after=None
[2024-03-16T09:37:53.057+0000] {processor.py:183} INFO - Processing /opt/airflow/dags/params.py took 0.068 seconds
[2024-03-16T09:38:23.265+0000] {processor.py:161} INFO - Started process (PID=322) to work on /opt/airflow/dags/params.py
[2024-03-16T09:38:23.266+0000] {processor.py:830} INFO - Processing file /opt/airflow/dags/params.py for tasks to queue
[2024-03-16T09:38:23.267+0000] {logging_mixin.py:188} INFO - [2024-03-16T09:38:23.266+0000] {dagbag.py:540} INFO - Filling up the DagBag from /opt/airflow/dags/params.py
[2024-03-16T09:38:23.276+0000] {processor.py:840} INFO - DAG(s) 'params' retrieved from /opt/airflow/dags/params.py
[2024-03-16T09:38:23.302+0000] {logging_mixin.py:188} INFO - [2024-03-16T09:38:23.301+0000] {dag.py:3047} INFO - Sync 1 DAGs
[2024-03-16T09:38:23.310+0000] {logging_mixin.py:188} INFO - [2024-03-16T09:38:23.310+0000] {dag.py:3834} INFO - Setting next_dagrun for params to None, run_after=None
[2024-03-16T09:38:23.327+0000] {processor.py:183} INFO - Processing /opt/airflow/dags/params.py took 0.064 seconds
[2024-03-16T09:38:53.511+0000] {processor.py:161} INFO - Started process (PID=341) to work on /opt/airflow/dags/params.py
[2024-03-16T09:38:53.512+0000] {processor.py:830} INFO - Processing file /opt/airflow/dags/params.py for tasks to queue
[2024-03-16T09:38:53.513+0000] {logging_mixin.py:188} INFO - [2024-03-16T09:38:53.512+0000] {dagbag.py:540} INFO - Filling up the DagBag from /opt/airflow/dags/params.py
[2024-03-16T09:38:53.524+0000] {processor.py:840} INFO - DAG(s) 'params' retrieved from /opt/airflow/dags/params.py
[2024-03-16T09:38:53.546+0000] {logging_mixin.py:188} INFO - [2024-03-16T09:38:53.546+0000] {dag.py:3047} INFO - Sync 1 DAGs
[2024-03-16T09:38:53.555+0000] {logging_mixin.py:188} INFO - [2024-03-16T09:38:53.555+0000] {dag.py:3834} INFO - Setting next_dagrun for params to None, run_after=None
[2024-03-16T09:38:53.568+0000] {processor.py:183} INFO - Processing /opt/airflow/dags/params.py took 0.058 seconds
[2024-03-16T09:39:23.872+0000] {processor.py:161} INFO - Started process (PID=364) to work on /opt/airflow/dags/params.py
[2024-03-16T09:39:23.873+0000] {processor.py:830} INFO - Processing file /opt/airflow/dags/params.py for tasks to queue
[2024-03-16T09:39:23.873+0000] {logging_mixin.py:188} INFO - [2024-03-16T09:39:23.873+0000] {dagbag.py:540} INFO - Filling up the DagBag from /opt/airflow/dags/params.py
[2024-03-16T09:39:23.884+0000] {processor.py:840} INFO - DAG(s) 'params' retrieved from /opt/airflow/dags/params.py
[2024-03-16T09:39:23.904+0000] {logging_mixin.py:188} INFO - [2024-03-16T09:39:23.904+0000] {dag.py:3047} INFO - Sync 1 DAGs
[2024-03-16T09:39:23.912+0000] {logging_mixin.py:188} INFO - [2024-03-16T09:39:23.912+0000] {dag.py:3834} INFO - Setting next_dagrun for params to None, run_after=None
[2024-03-16T09:39:23.930+0000] {processor.py:183} INFO - Processing /opt/airflow/dags/params.py took 0.060 seconds
[2024-03-16T09:39:54.885+0000] {processor.py:161} INFO - Started process (PID=384) to work on /opt/airflow/dags/params.py
[2024-03-16T09:39:54.885+0000] {processor.py:830} INFO - Processing file /opt/airflow/dags/params.py for tasks to queue
[2024-03-16T09:39:54.886+0000] {logging_mixin.py:188} INFO - [2024-03-16T09:39:54.886+0000] {dagbag.py:540} INFO - Filling up the DagBag from /opt/airflow/dags/params.py
[2024-03-16T09:39:54.897+0000] {processor.py:840} INFO - DAG(s) 'params' retrieved from /opt/airflow/dags/params.py
[2024-03-16T09:39:54.924+0000] {logging_mixin.py:188} INFO - [2024-03-16T09:39:54.924+0000] {dag.py:3047} INFO - Sync 1 DAGs
[2024-03-16T09:39:54.935+0000] {logging_mixin.py:188} INFO - [2024-03-16T09:39:54.934+0000] {dag.py:3834} INFO - Setting next_dagrun for params to None, run_after=None
[2024-03-16T09:39:54.955+0000] {processor.py:183} INFO - Processing /opt/airflow/dags/params.py took 0.072 seconds
[2024-03-16T09:40:25.114+0000] {processor.py:161} INFO - Started process (PID=403) to work on /opt/airflow/dags/params.py
[2024-03-16T09:40:25.114+0000] {processor.py:830} INFO - Processing file /opt/airflow/dags/params.py for tasks to queue
[2024-03-16T09:40:25.115+0000] {logging_mixin.py:188} INFO - [2024-03-16T09:40:25.115+0000] {dagbag.py:540} INFO - Filling up the DagBag from /opt/airflow/dags/params.py
[2024-03-16T09:40:25.128+0000] {processor.py:840} INFO - DAG(s) 'params' retrieved from /opt/airflow/dags/params.py
[2024-03-16T09:40:25.152+0000] {logging_mixin.py:188} INFO - [2024-03-16T09:40:25.152+0000] {dag.py:3047} INFO - Sync 1 DAGs
[2024-03-16T09:40:25.160+0000] {logging_mixin.py:188} INFO - [2024-03-16T09:40:25.160+0000] {dag.py:3834} INFO - Setting next_dagrun for params to None, run_after=None
[2024-03-16T09:40:25.174+0000] {processor.py:183} INFO - Processing /opt/airflow/dags/params.py took 0.062 seconds
[2024-03-16T09:40:55.425+0000] {processor.py:161} INFO - Started process (PID=422) to work on /opt/airflow/dags/params.py
[2024-03-16T09:40:55.426+0000] {processor.py:830} INFO - Processing file /opt/airflow/dags/params.py for tasks to queue
[2024-03-16T09:40:55.426+0000] {logging_mixin.py:188} INFO - [2024-03-16T09:40:55.426+0000] {dagbag.py:540} INFO - Filling up the DagBag from /opt/airflow/dags/params.py
[2024-03-16T09:40:55.437+0000] {processor.py:840} INFO - DAG(s) 'params' retrieved from /opt/airflow/dags/params.py
[2024-03-16T09:40:55.462+0000] {logging_mixin.py:188} INFO - [2024-03-16T09:40:55.462+0000] {dag.py:3047} INFO - Sync 1 DAGs
[2024-03-16T09:40:55.471+0000] {logging_mixin.py:188} INFO - [2024-03-16T09:40:55.471+0000] {dag.py:3834} INFO - Setting next_dagrun for params to None, run_after=None
[2024-03-16T09:40:55.492+0000] {processor.py:183} INFO - Processing /opt/airflow/dags/params.py took 0.069 seconds
[2024-03-16T09:41:25.638+0000] {processor.py:161} INFO - Started process (PID=441) to work on /opt/airflow/dags/params.py
[2024-03-16T09:41:25.638+0000] {processor.py:830} INFO - Processing file /opt/airflow/dags/params.py for tasks to queue
[2024-03-16T09:41:25.639+0000] {logging_mixin.py:188} INFO - [2024-03-16T09:41:25.639+0000] {dagbag.py:540} INFO - Filling up the DagBag from /opt/airflow/dags/params.py
[2024-03-16T09:41:25.651+0000] {processor.py:840} INFO - DAG(s) 'params' retrieved from /opt/airflow/dags/params.py
[2024-03-16T09:41:25.673+0000] {logging_mixin.py:188} INFO - [2024-03-16T09:41:25.673+0000] {dag.py:3047} INFO - Sync 1 DAGs
[2024-03-16T09:41:25.681+0000] {logging_mixin.py:188} INFO - [2024-03-16T09:41:25.681+0000] {dag.py:3834} INFO - Setting next_dagrun for params to None, run_after=None
[2024-03-16T09:41:25.697+0000] {processor.py:183} INFO - Processing /opt/airflow/dags/params.py took 0.061 seconds
[2024-03-16T09:41:55.943+0000] {processor.py:161} INFO - Started process (PID=460) to work on /opt/airflow/dags/params.py
[2024-03-16T09:41:55.944+0000] {processor.py:830} INFO - Processing file /opt/airflow/dags/params.py for tasks to queue
[2024-03-16T09:41:55.944+0000] {logging_mixin.py:188} INFO - [2024-03-16T09:41:55.944+0000] {dagbag.py:540} INFO - Filling up the DagBag from /opt/airflow/dags/params.py
[2024-03-16T09:41:55.955+0000] {processor.py:840} INFO - DAG(s) 'params' retrieved from /opt/airflow/dags/params.py
[2024-03-16T09:41:55.975+0000] {logging_mixin.py:188} INFO - [2024-03-16T09:41:55.975+0000] {dag.py:3047} INFO - Sync 1 DAGs
[2024-03-16T09:41:55.983+0000] {logging_mixin.py:188} INFO - [2024-03-16T09:41:55.983+0000] {dag.py:3834} INFO - Setting next_dagrun for params to None, run_after=None
[2024-03-16T09:41:56.003+0000] {processor.py:183} INFO - Processing /opt/airflow/dags/params.py took 0.062 seconds
