[2024-03-16T09:31:17.672+0000] {processor.py:161} INFO - Started process (PID=44) to work on /opt/airflow/dags/pool.py
[2024-03-16T09:31:17.673+0000] {processor.py:830} INFO - Processing file /opt/airflow/dags/pool.py for tasks to queue
[2024-03-16T09:31:17.674+0000] {logging_mixin.py:188} INFO - [2024-03-16T09:31:17.674+0000] {dagbag.py:540} INFO - Filling up the DagBag from /opt/airflow/dags/pool.py
[2024-03-16T09:31:17.687+0000] {processor.py:840} INFO - DAG(s) 'pool' retrieved from /opt/airflow/dags/pool.py
[2024-03-16T09:31:17.771+0000] {logging_mixin.py:188} INFO - [2024-03-16T09:31:17.771+0000] {dag.py:3047} INFO - Sync 1 DAGs
[2024-03-16T09:31:17.799+0000] {logging_mixin.py:188} INFO - [2024-03-16T09:31:17.799+0000] {dag.py:3834} INFO - Setting next_dagrun for pool to None, run_after=None
[2024-03-16T09:31:17.819+0000] {processor.py:183} INFO - Processing /opt/airflow/dags/pool.py took 0.149 seconds
[2024-03-16T09:31:48.344+0000] {processor.py:161} INFO - Started process (PID=63) to work on /opt/airflow/dags/pool.py
[2024-03-16T09:31:48.344+0000] {processor.py:830} INFO - Processing file /opt/airflow/dags/pool.py for tasks to queue
[2024-03-16T09:31:48.345+0000] {logging_mixin.py:188} INFO - [2024-03-16T09:31:48.345+0000] {dagbag.py:540} INFO - Filling up the DagBag from /opt/airflow/dags/pool.py
[2024-03-16T09:31:48.357+0000] {processor.py:840} INFO - DAG(s) 'pool' retrieved from /opt/airflow/dags/pool.py
[2024-03-16T09:31:48.385+0000] {logging_mixin.py:188} INFO - [2024-03-16T09:31:48.385+0000] {dag.py:3047} INFO - Sync 1 DAGs
[2024-03-16T09:31:48.408+0000] {logging_mixin.py:188} INFO - [2024-03-16T09:31:48.408+0000] {dag.py:3834} INFO - Setting next_dagrun for pool to None, run_after=None
[2024-03-16T09:31:48.428+0000] {processor.py:183} INFO - Processing /opt/airflow/dags/pool.py took 0.086 seconds
[2024-03-16T09:32:18.620+0000] {processor.py:161} INFO - Started process (PID=82) to work on /opt/airflow/dags/pool.py
[2024-03-16T09:32:18.621+0000] {processor.py:830} INFO - Processing file /opt/airflow/dags/pool.py for tasks to queue
[2024-03-16T09:32:18.622+0000] {logging_mixin.py:188} INFO - [2024-03-16T09:32:18.622+0000] {dagbag.py:540} INFO - Filling up the DagBag from /opt/airflow/dags/pool.py
[2024-03-16T09:32:18.633+0000] {processor.py:840} INFO - DAG(s) 'pool' retrieved from /opt/airflow/dags/pool.py
[2024-03-16T09:32:18.656+0000] {logging_mixin.py:188} INFO - [2024-03-16T09:32:18.656+0000] {dag.py:3047} INFO - Sync 1 DAGs
[2024-03-16T09:32:18.677+0000] {logging_mixin.py:188} INFO - [2024-03-16T09:32:18.677+0000] {dag.py:3834} INFO - Setting next_dagrun for pool to None, run_after=None
[2024-03-16T09:32:18.691+0000] {processor.py:183} INFO - Processing /opt/airflow/dags/pool.py took 0.072 seconds
[2024-03-16T09:32:49.754+0000] {processor.py:161} INFO - Started process (PID=101) to work on /opt/airflow/dags/pool.py
[2024-03-16T09:32:49.755+0000] {processor.py:830} INFO - Processing file /opt/airflow/dags/pool.py for tasks to queue
[2024-03-16T09:32:49.756+0000] {logging_mixin.py:188} INFO - [2024-03-16T09:32:49.756+0000] {dagbag.py:540} INFO - Filling up the DagBag from /opt/airflow/dags/pool.py
[2024-03-16T09:32:49.768+0000] {processor.py:840} INFO - DAG(s) 'pool' retrieved from /opt/airflow/dags/pool.py
[2024-03-16T09:32:49.795+0000] {logging_mixin.py:188} INFO - [2024-03-16T09:32:49.795+0000] {dag.py:3047} INFO - Sync 1 DAGs
[2024-03-16T09:32:49.815+0000] {logging_mixin.py:188} INFO - [2024-03-16T09:32:49.815+0000] {dag.py:3834} INFO - Setting next_dagrun for pool to None, run_after=None
[2024-03-16T09:32:49.833+0000] {processor.py:183} INFO - Processing /opt/airflow/dags/pool.py took 0.081 seconds
[2024-03-16T09:33:19.971+0000] {processor.py:161} INFO - Started process (PID=120) to work on /opt/airflow/dags/pool.py
[2024-03-16T09:33:19.972+0000] {processor.py:830} INFO - Processing file /opt/airflow/dags/pool.py for tasks to queue
[2024-03-16T09:33:19.973+0000] {logging_mixin.py:188} INFO - [2024-03-16T09:33:19.972+0000] {dagbag.py:540} INFO - Filling up the DagBag from /opt/airflow/dags/pool.py
[2024-03-16T09:33:19.984+0000] {processor.py:840} INFO - DAG(s) 'pool' retrieved from /opt/airflow/dags/pool.py
[2024-03-16T09:33:20.007+0000] {logging_mixin.py:188} INFO - [2024-03-16T09:33:20.007+0000] {dag.py:3047} INFO - Sync 1 DAGs
[2024-03-16T09:33:20.023+0000] {logging_mixin.py:188} INFO - [2024-03-16T09:33:20.023+0000] {dag.py:3834} INFO - Setting next_dagrun for pool to None, run_after=None
[2024-03-16T09:33:20.037+0000] {processor.py:183} INFO - Processing /opt/airflow/dags/pool.py took 0.068 seconds
[2024-03-16T09:33:50.155+0000] {processor.py:161} INFO - Started process (PID=139) to work on /opt/airflow/dags/pool.py
[2024-03-16T09:33:50.155+0000] {processor.py:830} INFO - Processing file /opt/airflow/dags/pool.py for tasks to queue
[2024-03-16T09:33:50.156+0000] {logging_mixin.py:188} INFO - [2024-03-16T09:33:50.156+0000] {dagbag.py:540} INFO - Filling up the DagBag from /opt/airflow/dags/pool.py
[2024-03-16T09:33:50.170+0000] {processor.py:840} INFO - DAG(s) 'pool' retrieved from /opt/airflow/dags/pool.py
[2024-03-16T09:33:50.201+0000] {logging_mixin.py:188} INFO - [2024-03-16T09:33:50.201+0000] {dag.py:3047} INFO - Sync 1 DAGs
[2024-03-16T09:33:50.218+0000] {logging_mixin.py:188} INFO - [2024-03-16T09:33:50.218+0000] {dag.py:3834} INFO - Setting next_dagrun for pool to None, run_after=None
[2024-03-16T09:33:50.232+0000] {processor.py:183} INFO - Processing /opt/airflow/dags/pool.py took 0.079 seconds
[2024-03-16T09:34:20.481+0000] {processor.py:161} INFO - Started process (PID=159) to work on /opt/airflow/dags/pool.py
[2024-03-16T09:34:20.482+0000] {processor.py:830} INFO - Processing file /opt/airflow/dags/pool.py for tasks to queue
[2024-03-16T09:34:20.483+0000] {logging_mixin.py:188} INFO - [2024-03-16T09:34:20.483+0000] {dagbag.py:540} INFO - Filling up the DagBag from /opt/airflow/dags/pool.py
[2024-03-16T09:34:20.493+0000] {processor.py:840} INFO - DAG(s) 'pool' retrieved from /opt/airflow/dags/pool.py
[2024-03-16T09:34:20.520+0000] {logging_mixin.py:188} INFO - [2024-03-16T09:34:20.520+0000] {dag.py:3047} INFO - Sync 1 DAGs
[2024-03-16T09:34:20.536+0000] {logging_mixin.py:188} INFO - [2024-03-16T09:34:20.536+0000] {dag.py:3834} INFO - Setting next_dagrun for pool to None, run_after=None
[2024-03-16T09:34:20.550+0000] {processor.py:183} INFO - Processing /opt/airflow/dags/pool.py took 0.070 seconds
[2024-03-16T09:34:50.774+0000] {processor.py:161} INFO - Started process (PID=180) to work on /opt/airflow/dags/pool.py
[2024-03-16T09:34:50.776+0000] {processor.py:830} INFO - Processing file /opt/airflow/dags/pool.py for tasks to queue
[2024-03-16T09:34:50.777+0000] {logging_mixin.py:188} INFO - [2024-03-16T09:34:50.777+0000] {dagbag.py:540} INFO - Filling up the DagBag from /opt/airflow/dags/pool.py
[2024-03-16T09:34:50.788+0000] {processor.py:840} INFO - DAG(s) 'pool' retrieved from /opt/airflow/dags/pool.py
[2024-03-16T09:34:50.810+0000] {logging_mixin.py:188} INFO - [2024-03-16T09:34:50.809+0000] {dag.py:3047} INFO - Sync 1 DAGs
[2024-03-16T09:34:50.826+0000] {logging_mixin.py:188} INFO - [2024-03-16T09:34:50.826+0000] {dag.py:3834} INFO - Setting next_dagrun for pool to None, run_after=None
[2024-03-16T09:34:50.839+0000] {processor.py:183} INFO - Processing /opt/airflow/dags/pool.py took 0.067 seconds
[2024-03-16T09:35:21.036+0000] {processor.py:161} INFO - Started process (PID=200) to work on /opt/airflow/dags/pool.py
[2024-03-16T09:35:21.037+0000] {processor.py:830} INFO - Processing file /opt/airflow/dags/pool.py for tasks to queue
[2024-03-16T09:35:21.038+0000] {logging_mixin.py:188} INFO - [2024-03-16T09:35:21.037+0000] {dagbag.py:540} INFO - Filling up the DagBag from /opt/airflow/dags/pool.py
[2024-03-16T09:35:21.051+0000] {processor.py:840} INFO - DAG(s) 'pool' retrieved from /opt/airflow/dags/pool.py
[2024-03-16T09:35:21.073+0000] {logging_mixin.py:188} INFO - [2024-03-16T09:35:21.073+0000] {dag.py:3047} INFO - Sync 1 DAGs
[2024-03-16T09:35:21.087+0000] {logging_mixin.py:188} INFO - [2024-03-16T09:35:21.087+0000] {dag.py:3834} INFO - Setting next_dagrun for pool to None, run_after=None
[2024-03-16T09:35:21.100+0000] {processor.py:183} INFO - Processing /opt/airflow/dags/pool.py took 0.066 seconds
[2024-03-16T09:35:51.398+0000] {processor.py:161} INFO - Started process (PID=219) to work on /opt/airflow/dags/pool.py
[2024-03-16T09:35:51.399+0000] {processor.py:830} INFO - Processing file /opt/airflow/dags/pool.py for tasks to queue
[2024-03-16T09:35:51.399+0000] {logging_mixin.py:188} INFO - [2024-03-16T09:35:51.399+0000] {dagbag.py:540} INFO - Filling up the DagBag from /opt/airflow/dags/pool.py
[2024-03-16T09:35:51.411+0000] {processor.py:840} INFO - DAG(s) 'pool' retrieved from /opt/airflow/dags/pool.py
[2024-03-16T09:35:51.431+0000] {logging_mixin.py:188} INFO - [2024-03-16T09:35:51.431+0000] {dag.py:3047} INFO - Sync 1 DAGs
[2024-03-16T09:35:51.449+0000] {logging_mixin.py:188} INFO - [2024-03-16T09:35:51.449+0000] {dag.py:3834} INFO - Setting next_dagrun for pool to None, run_after=None
[2024-03-16T09:35:51.467+0000] {processor.py:183} INFO - Processing /opt/airflow/dags/pool.py took 0.071 seconds
[2024-03-16T09:36:21.829+0000] {processor.py:161} INFO - Started process (PID=240) to work on /opt/airflow/dags/pool.py
[2024-03-16T09:36:21.830+0000] {processor.py:830} INFO - Processing file /opt/airflow/dags/pool.py for tasks to queue
[2024-03-16T09:36:21.832+0000] {logging_mixin.py:188} INFO - [2024-03-16T09:36:21.832+0000] {dagbag.py:540} INFO - Filling up the DagBag from /opt/airflow/dags/pool.py
[2024-03-16T09:36:21.845+0000] {processor.py:840} INFO - DAG(s) 'pool' retrieved from /opt/airflow/dags/pool.py
[2024-03-16T09:36:21.872+0000] {logging_mixin.py:188} INFO - [2024-03-16T09:36:21.872+0000] {dag.py:3047} INFO - Sync 1 DAGs
[2024-03-16T09:36:21.891+0000] {logging_mixin.py:188} INFO - [2024-03-16T09:36:21.891+0000] {dag.py:3834} INFO - Setting next_dagrun for pool to None, run_after=None
[2024-03-16T09:36:21.925+0000] {processor.py:183} INFO - Processing /opt/airflow/dags/pool.py took 0.098 seconds
[2024-03-16T09:36:51.965+0000] {processor.py:161} INFO - Started process (PID=260) to work on /opt/airflow/dags/pool.py
[2024-03-16T09:36:51.966+0000] {processor.py:830} INFO - Processing file /opt/airflow/dags/pool.py for tasks to queue
[2024-03-16T09:36:51.966+0000] {logging_mixin.py:188} INFO - [2024-03-16T09:36:51.966+0000] {dagbag.py:540} INFO - Filling up the DagBag from /opt/airflow/dags/pool.py
[2024-03-16T09:36:51.978+0000] {processor.py:840} INFO - DAG(s) 'pool' retrieved from /opt/airflow/dags/pool.py
[2024-03-16T09:36:52.001+0000] {logging_mixin.py:188} INFO - [2024-03-16T09:36:52.001+0000] {dag.py:3047} INFO - Sync 1 DAGs
[2024-03-16T09:36:52.018+0000] {logging_mixin.py:188} INFO - [2024-03-16T09:36:52.018+0000] {dag.py:3834} INFO - Setting next_dagrun for pool to None, run_after=None
[2024-03-16T09:36:52.031+0000] {processor.py:183} INFO - Processing /opt/airflow/dags/pool.py took 0.068 seconds
[2024-03-16T09:37:22.278+0000] {processor.py:161} INFO - Started process (PID=279) to work on /opt/airflow/dags/pool.py
[2024-03-16T09:37:22.278+0000] {processor.py:830} INFO - Processing file /opt/airflow/dags/pool.py for tasks to queue
[2024-03-16T09:37:22.279+0000] {logging_mixin.py:188} INFO - [2024-03-16T09:37:22.279+0000] {dagbag.py:540} INFO - Filling up the DagBag from /opt/airflow/dags/pool.py
[2024-03-16T09:37:22.296+0000] {processor.py:840} INFO - DAG(s) 'pool' retrieved from /opt/airflow/dags/pool.py
[2024-03-16T09:37:22.319+0000] {logging_mixin.py:188} INFO - [2024-03-16T09:37:22.319+0000] {dag.py:3047} INFO - Sync 1 DAGs
[2024-03-16T09:37:22.337+0000] {logging_mixin.py:188} INFO - [2024-03-16T09:37:22.337+0000] {dag.py:3834} INFO - Setting next_dagrun for pool to None, run_after=None
[2024-03-16T09:37:22.352+0000] {processor.py:183} INFO - Processing /opt/airflow/dags/pool.py took 0.076 seconds
[2024-03-16T09:37:52.702+0000] {processor.py:161} INFO - Started process (PID=298) to work on /opt/airflow/dags/pool.py
[2024-03-16T09:37:52.703+0000] {processor.py:830} INFO - Processing file /opt/airflow/dags/pool.py for tasks to queue
[2024-03-16T09:37:52.703+0000] {logging_mixin.py:188} INFO - [2024-03-16T09:37:52.703+0000] {dagbag.py:540} INFO - Filling up the DagBag from /opt/airflow/dags/pool.py
[2024-03-16T09:37:52.716+0000] {processor.py:840} INFO - DAG(s) 'pool' retrieved from /opt/airflow/dags/pool.py
[2024-03-16T09:37:52.744+0000] {logging_mixin.py:188} INFO - [2024-03-16T09:37:52.744+0000] {dag.py:3047} INFO - Sync 1 DAGs
[2024-03-16T09:37:52.761+0000] {logging_mixin.py:188} INFO - [2024-03-16T09:37:52.761+0000] {dag.py:3834} INFO - Setting next_dagrun for pool to None, run_after=None
[2024-03-16T09:37:52.777+0000] {processor.py:183} INFO - Processing /opt/airflow/dags/pool.py took 0.077 seconds
[2024-03-16T09:38:23.093+0000] {processor.py:161} INFO - Started process (PID=318) to work on /opt/airflow/dags/pool.py
[2024-03-16T09:38:23.093+0000] {processor.py:830} INFO - Processing file /opt/airflow/dags/pool.py for tasks to queue
[2024-03-16T09:38:23.094+0000] {logging_mixin.py:188} INFO - [2024-03-16T09:38:23.094+0000] {dagbag.py:540} INFO - Filling up the DagBag from /opt/airflow/dags/pool.py
[2024-03-16T09:38:23.104+0000] {processor.py:840} INFO - DAG(s) 'pool' retrieved from /opt/airflow/dags/pool.py
[2024-03-16T09:38:23.133+0000] {logging_mixin.py:188} INFO - [2024-03-16T09:38:23.133+0000] {dag.py:3047} INFO - Sync 1 DAGs
[2024-03-16T09:38:23.149+0000] {logging_mixin.py:188} INFO - [2024-03-16T09:38:23.149+0000] {dag.py:3834} INFO - Setting next_dagrun for pool to None, run_after=None
[2024-03-16T09:38:23.161+0000] {processor.py:183} INFO - Processing /opt/airflow/dags/pool.py took 0.071 seconds
[2024-03-16T09:38:53.232+0000] {processor.py:161} INFO - Started process (PID=337) to work on /opt/airflow/dags/pool.py
[2024-03-16T09:38:53.233+0000] {processor.py:830} INFO - Processing file /opt/airflow/dags/pool.py for tasks to queue
[2024-03-16T09:38:53.233+0000] {logging_mixin.py:188} INFO - [2024-03-16T09:38:53.233+0000] {dagbag.py:540} INFO - Filling up the DagBag from /opt/airflow/dags/pool.py
[2024-03-16T09:38:53.251+0000] {processor.py:840} INFO - DAG(s) 'pool' retrieved from /opt/airflow/dags/pool.py
[2024-03-16T09:38:53.277+0000] {logging_mixin.py:188} INFO - [2024-03-16T09:38:53.276+0000] {dag.py:3047} INFO - Sync 1 DAGs
[2024-03-16T09:38:53.292+0000] {logging_mixin.py:188} INFO - [2024-03-16T09:38:53.292+0000] {dag.py:3834} INFO - Setting next_dagrun for pool to None, run_after=None
[2024-03-16T09:38:53.306+0000] {processor.py:183} INFO - Processing /opt/airflow/dags/pool.py took 0.075 seconds
[2024-03-16T09:39:23.672+0000] {processor.py:161} INFO - Started process (PID=360) to work on /opt/airflow/dags/pool.py
[2024-03-16T09:39:23.672+0000] {processor.py:830} INFO - Processing file /opt/airflow/dags/pool.py for tasks to queue
[2024-03-16T09:39:23.673+0000] {logging_mixin.py:188} INFO - [2024-03-16T09:39:23.673+0000] {dagbag.py:540} INFO - Filling up the DagBag from /opt/airflow/dags/pool.py
[2024-03-16T09:39:23.685+0000] {processor.py:840} INFO - DAG(s) 'pool' retrieved from /opt/airflow/dags/pool.py
[2024-03-16T09:39:23.708+0000] {logging_mixin.py:188} INFO - [2024-03-16T09:39:23.708+0000] {dag.py:3047} INFO - Sync 1 DAGs
[2024-03-16T09:39:23.737+0000] {logging_mixin.py:188} INFO - [2024-03-16T09:39:23.737+0000] {dag.py:3834} INFO - Setting next_dagrun for pool to None, run_after=None
[2024-03-16T09:39:23.751+0000] {processor.py:183} INFO - Processing /opt/airflow/dags/pool.py took 0.082 seconds
[2024-03-16T09:39:54.702+0000] {processor.py:161} INFO - Started process (PID=380) to work on /opt/airflow/dags/pool.py
[2024-03-16T09:39:54.702+0000] {processor.py:830} INFO - Processing file /opt/airflow/dags/pool.py for tasks to queue
[2024-03-16T09:39:54.703+0000] {logging_mixin.py:188} INFO - [2024-03-16T09:39:54.703+0000] {dagbag.py:540} INFO - Filling up the DagBag from /opt/airflow/dags/pool.py
[2024-03-16T09:39:54.716+0000] {processor.py:840} INFO - DAG(s) 'pool' retrieved from /opt/airflow/dags/pool.py
[2024-03-16T09:39:54.740+0000] {logging_mixin.py:188} INFO - [2024-03-16T09:39:54.739+0000] {dag.py:3047} INFO - Sync 1 DAGs
[2024-03-16T09:39:54.755+0000] {logging_mixin.py:188} INFO - [2024-03-16T09:39:54.755+0000] {dag.py:3834} INFO - Setting next_dagrun for pool to None, run_after=None
[2024-03-16T09:39:54.775+0000] {processor.py:183} INFO - Processing /opt/airflow/dags/pool.py took 0.075 seconds
[2024-03-16T09:40:24.922+0000] {processor.py:161} INFO - Started process (PID=399) to work on /opt/airflow/dags/pool.py
[2024-03-16T09:40:24.923+0000] {processor.py:830} INFO - Processing file /opt/airflow/dags/pool.py for tasks to queue
[2024-03-16T09:40:24.924+0000] {logging_mixin.py:188} INFO - [2024-03-16T09:40:24.923+0000] {dagbag.py:540} INFO - Filling up the DagBag from /opt/airflow/dags/pool.py
[2024-03-16T09:40:24.940+0000] {processor.py:840} INFO - DAG(s) 'pool' retrieved from /opt/airflow/dags/pool.py
[2024-03-16T09:40:24.965+0000] {logging_mixin.py:188} INFO - [2024-03-16T09:40:24.964+0000] {dag.py:3047} INFO - Sync 1 DAGs
[2024-03-16T09:40:24.984+0000] {logging_mixin.py:188} INFO - [2024-03-16T09:40:24.984+0000] {dag.py:3834} INFO - Setting next_dagrun for pool to None, run_after=None
[2024-03-16T09:40:24.998+0000] {processor.py:183} INFO - Processing /opt/airflow/dags/pool.py took 0.078 seconds
[2024-03-16T09:40:55.245+0000] {processor.py:161} INFO - Started process (PID=418) to work on /opt/airflow/dags/pool.py
[2024-03-16T09:40:55.246+0000] {processor.py:830} INFO - Processing file /opt/airflow/dags/pool.py for tasks to queue
[2024-03-16T09:40:55.247+0000] {logging_mixin.py:188} INFO - [2024-03-16T09:40:55.246+0000] {dagbag.py:540} INFO - Filling up the DagBag from /opt/airflow/dags/pool.py
[2024-03-16T09:40:55.257+0000] {processor.py:840} INFO - DAG(s) 'pool' retrieved from /opt/airflow/dags/pool.py
[2024-03-16T09:40:55.282+0000] {logging_mixin.py:188} INFO - [2024-03-16T09:40:55.282+0000] {dag.py:3047} INFO - Sync 1 DAGs
[2024-03-16T09:40:55.299+0000] {logging_mixin.py:188} INFO - [2024-03-16T09:40:55.299+0000] {dag.py:3834} INFO - Setting next_dagrun for pool to None, run_after=None
[2024-03-16T09:40:55.316+0000] {processor.py:183} INFO - Processing /opt/airflow/dags/pool.py took 0.072 seconds
[2024-03-16T09:41:25.447+0000] {processor.py:161} INFO - Started process (PID=437) to work on /opt/airflow/dags/pool.py
[2024-03-16T09:41:25.448+0000] {processor.py:830} INFO - Processing file /opt/airflow/dags/pool.py for tasks to queue
[2024-03-16T09:41:25.449+0000] {logging_mixin.py:188} INFO - [2024-03-16T09:41:25.449+0000] {dagbag.py:540} INFO - Filling up the DagBag from /opt/airflow/dags/pool.py
[2024-03-16T09:41:25.462+0000] {processor.py:840} INFO - DAG(s) 'pool' retrieved from /opt/airflow/dags/pool.py
[2024-03-16T09:41:25.486+0000] {logging_mixin.py:188} INFO - [2024-03-16T09:41:25.486+0000] {dag.py:3047} INFO - Sync 1 DAGs
[2024-03-16T09:41:25.502+0000] {logging_mixin.py:188} INFO - [2024-03-16T09:41:25.502+0000] {dag.py:3834} INFO - Setting next_dagrun for pool to None, run_after=None
[2024-03-16T09:41:25.526+0000] {processor.py:183} INFO - Processing /opt/airflow/dags/pool.py took 0.081 seconds
[2024-03-16T09:41:55.763+0000] {processor.py:161} INFO - Started process (PID=456) to work on /opt/airflow/dags/pool.py
[2024-03-16T09:41:55.763+0000] {processor.py:830} INFO - Processing file /opt/airflow/dags/pool.py for tasks to queue
[2024-03-16T09:41:55.764+0000] {logging_mixin.py:188} INFO - [2024-03-16T09:41:55.763+0000] {dagbag.py:540} INFO - Filling up the DagBag from /opt/airflow/dags/pool.py
[2024-03-16T09:41:55.774+0000] {processor.py:840} INFO - DAG(s) 'pool' retrieved from /opt/airflow/dags/pool.py
[2024-03-16T09:41:55.797+0000] {logging_mixin.py:188} INFO - [2024-03-16T09:41:55.797+0000] {dag.py:3047} INFO - Sync 1 DAGs
[2024-03-16T09:41:55.812+0000] {logging_mixin.py:188} INFO - [2024-03-16T09:41:55.812+0000] {dag.py:3834} INFO - Setting next_dagrun for pool to None, run_after=None
[2024-03-16T09:41:55.832+0000] {processor.py:183} INFO - Processing /opt/airflow/dags/pool.py took 0.071 seconds
