[2024-03-16T09:31:17.521+0000] {processor.py:161} INFO - Started process (PID=43) to work on /opt/airflow/dags/sensor.py
[2024-03-16T09:31:17.522+0000] {processor.py:830} INFO - Processing file /opt/airflow/dags/sensor.py for tasks to queue
[2024-03-16T09:31:17.523+0000] {logging_mixin.py:188} INFO - [2024-03-16T09:31:17.523+0000] {dagbag.py:540} INFO - Filling up the DagBag from /opt/airflow/dags/sensor.py
[2024-03-16T09:31:17.531+0000] {processor.py:840} INFO - DAG(s) 'sensor' retrieved from /opt/airflow/dags/sensor.py
[2024-03-16T09:31:17.610+0000] {logging_mixin.py:188} INFO - [2024-03-16T09:31:17.610+0000] {dag.py:3047} INFO - Sync 1 DAGs
[2024-03-16T09:31:17.626+0000] {logging_mixin.py:188} INFO - [2024-03-16T09:31:17.626+0000] {dag.py:3834} INFO - Setting next_dagrun for sensor to None, run_after=None
[2024-03-16T09:31:17.646+0000] {processor.py:183} INFO - Processing /opt/airflow/dags/sensor.py took 0.126 seconds
[2024-03-16T09:31:48.254+0000] {processor.py:161} INFO - Started process (PID=62) to work on /opt/airflow/dags/sensor.py
[2024-03-16T09:31:48.255+0000] {processor.py:830} INFO - Processing file /opt/airflow/dags/sensor.py for tasks to queue
[2024-03-16T09:31:48.258+0000] {logging_mixin.py:188} INFO - [2024-03-16T09:31:48.257+0000] {dagbag.py:540} INFO - Filling up the DagBag from /opt/airflow/dags/sensor.py
[2024-03-16T09:31:48.266+0000] {processor.py:840} INFO - DAG(s) 'sensor' retrieved from /opt/airflow/dags/sensor.py
[2024-03-16T09:31:48.287+0000] {logging_mixin.py:188} INFO - [2024-03-16T09:31:48.287+0000] {dag.py:3047} INFO - Sync 1 DAGs
[2024-03-16T09:31:48.305+0000] {logging_mixin.py:188} INFO - [2024-03-16T09:31:48.305+0000] {dag.py:3834} INFO - Setting next_dagrun for sensor to None, run_after=None
[2024-03-16T09:31:48.322+0000] {processor.py:183} INFO - Processing /opt/airflow/dags/sensor.py took 0.069 seconds
[2024-03-16T09:32:18.592+0000] {processor.py:161} INFO - Started process (PID=81) to work on /opt/airflow/dags/sensor.py
[2024-03-16T09:32:18.592+0000] {processor.py:830} INFO - Processing file /opt/airflow/dags/sensor.py for tasks to queue
[2024-03-16T09:32:18.593+0000] {logging_mixin.py:188} INFO - [2024-03-16T09:32:18.593+0000] {dagbag.py:540} INFO - Filling up the DagBag from /opt/airflow/dags/sensor.py
[2024-03-16T09:32:18.610+0000] {processor.py:840} INFO - DAG(s) 'sensor' retrieved from /opt/airflow/dags/sensor.py
[2024-03-16T09:32:18.630+0000] {logging_mixin.py:188} INFO - [2024-03-16T09:32:18.630+0000] {dag.py:3047} INFO - Sync 1 DAGs
[2024-03-16T09:32:18.646+0000] {logging_mixin.py:188} INFO - [2024-03-16T09:32:18.646+0000] {dag.py:3834} INFO - Setting next_dagrun for sensor to None, run_after=None
[2024-03-16T09:32:18.660+0000] {processor.py:183} INFO - Processing /opt/airflow/dags/sensor.py took 0.070 seconds
[2024-03-16T09:32:49.665+0000] {processor.py:161} INFO - Started process (PID=100) to work on /opt/airflow/dags/sensor.py
[2024-03-16T09:32:49.666+0000] {processor.py:830} INFO - Processing file /opt/airflow/dags/sensor.py for tasks to queue
[2024-03-16T09:32:49.667+0000] {logging_mixin.py:188} INFO - [2024-03-16T09:32:49.667+0000] {dagbag.py:540} INFO - Filling up the DagBag from /opt/airflow/dags/sensor.py
[2024-03-16T09:32:49.676+0000] {processor.py:840} INFO - DAG(s) 'sensor' retrieved from /opt/airflow/dags/sensor.py
[2024-03-16T09:32:49.696+0000] {logging_mixin.py:188} INFO - [2024-03-16T09:32:49.696+0000] {dag.py:3047} INFO - Sync 1 DAGs
[2024-03-16T09:32:49.713+0000] {logging_mixin.py:188} INFO - [2024-03-16T09:32:49.712+0000] {dag.py:3834} INFO - Setting next_dagrun for sensor to None, run_after=None
[2024-03-16T09:32:49.728+0000] {processor.py:183} INFO - Processing /opt/airflow/dags/sensor.py took 0.065 seconds
[2024-03-16T09:33:19.868+0000] {processor.py:161} INFO - Started process (PID=119) to work on /opt/airflow/dags/sensor.py
[2024-03-16T09:33:19.869+0000] {processor.py:830} INFO - Processing file /opt/airflow/dags/sensor.py for tasks to queue
[2024-03-16T09:33:19.870+0000] {logging_mixin.py:188} INFO - [2024-03-16T09:33:19.869+0000] {dagbag.py:540} INFO - Filling up the DagBag from /opt/airflow/dags/sensor.py
[2024-03-16T09:33:19.878+0000] {processor.py:840} INFO - DAG(s) 'sensor' retrieved from /opt/airflow/dags/sensor.py
[2024-03-16T09:33:19.910+0000] {logging_mixin.py:188} INFO - [2024-03-16T09:33:19.910+0000] {dag.py:3047} INFO - Sync 1 DAGs
[2024-03-16T09:33:19.930+0000] {logging_mixin.py:188} INFO - [2024-03-16T09:33:19.929+0000] {dag.py:3834} INFO - Setting next_dagrun for sensor to None, run_after=None
[2024-03-16T09:33:19.942+0000] {processor.py:183} INFO - Processing /opt/airflow/dags/sensor.py took 0.076 seconds
[2024-03-16T09:33:50.066+0000] {processor.py:161} INFO - Started process (PID=138) to work on /opt/airflow/dags/sensor.py
[2024-03-16T09:33:50.066+0000] {processor.py:830} INFO - Processing file /opt/airflow/dags/sensor.py for tasks to queue
[2024-03-16T09:33:50.067+0000] {logging_mixin.py:188} INFO - [2024-03-16T09:33:50.067+0000] {dagbag.py:540} INFO - Filling up the DagBag from /opt/airflow/dags/sensor.py
[2024-03-16T09:33:50.076+0000] {processor.py:840} INFO - DAG(s) 'sensor' retrieved from /opt/airflow/dags/sensor.py
[2024-03-16T09:33:50.094+0000] {logging_mixin.py:188} INFO - [2024-03-16T09:33:50.094+0000] {dag.py:3047} INFO - Sync 1 DAGs
[2024-03-16T09:33:50.111+0000] {logging_mixin.py:188} INFO - [2024-03-16T09:33:50.111+0000] {dag.py:3834} INFO - Setting next_dagrun for sensor to None, run_after=None
[2024-03-16T09:33:50.128+0000] {processor.py:183} INFO - Processing /opt/airflow/dags/sensor.py took 0.064 seconds
[2024-03-16T09:34:20.393+0000] {processor.py:161} INFO - Started process (PID=158) to work on /opt/airflow/dags/sensor.py
[2024-03-16T09:34:20.394+0000] {processor.py:830} INFO - Processing file /opt/airflow/dags/sensor.py for tasks to queue
[2024-03-16T09:34:20.395+0000] {logging_mixin.py:188} INFO - [2024-03-16T09:34:20.395+0000] {dagbag.py:540} INFO - Filling up the DagBag from /opt/airflow/dags/sensor.py
[2024-03-16T09:34:20.404+0000] {processor.py:840} INFO - DAG(s) 'sensor' retrieved from /opt/airflow/dags/sensor.py
[2024-03-16T09:34:20.425+0000] {logging_mixin.py:188} INFO - [2024-03-16T09:34:20.425+0000] {dag.py:3047} INFO - Sync 1 DAGs
[2024-03-16T09:34:20.440+0000] {logging_mixin.py:188} INFO - [2024-03-16T09:34:20.440+0000] {dag.py:3834} INFO - Setting next_dagrun for sensor to None, run_after=None
[2024-03-16T09:34:20.454+0000] {processor.py:183} INFO - Processing /opt/airflow/dags/sensor.py took 0.062 seconds
[2024-03-16T09:34:50.691+0000] {processor.py:161} INFO - Started process (PID=179) to work on /opt/airflow/dags/sensor.py
[2024-03-16T09:34:50.692+0000] {processor.py:830} INFO - Processing file /opt/airflow/dags/sensor.py for tasks to queue
[2024-03-16T09:34:50.693+0000] {logging_mixin.py:188} INFO - [2024-03-16T09:34:50.693+0000] {dagbag.py:540} INFO - Filling up the DagBag from /opt/airflow/dags/sensor.py
[2024-03-16T09:34:50.702+0000] {processor.py:840} INFO - DAG(s) 'sensor' retrieved from /opt/airflow/dags/sensor.py
[2024-03-16T09:34:50.723+0000] {logging_mixin.py:188} INFO - [2024-03-16T09:34:50.723+0000] {dag.py:3047} INFO - Sync 1 DAGs
[2024-03-16T09:34:50.737+0000] {logging_mixin.py:188} INFO - [2024-03-16T09:34:50.737+0000] {dag.py:3834} INFO - Setting next_dagrun for sensor to None, run_after=None
[2024-03-16T09:34:50.755+0000] {processor.py:183} INFO - Processing /opt/airflow/dags/sensor.py took 0.065 seconds
[2024-03-16T09:35:20.955+0000] {processor.py:161} INFO - Started process (PID=199) to work on /opt/airflow/dags/sensor.py
[2024-03-16T09:35:20.955+0000] {processor.py:830} INFO - Processing file /opt/airflow/dags/sensor.py for tasks to queue
[2024-03-16T09:35:20.956+0000] {logging_mixin.py:188} INFO - [2024-03-16T09:35:20.956+0000] {dagbag.py:540} INFO - Filling up the DagBag from /opt/airflow/dags/sensor.py
[2024-03-16T09:35:20.964+0000] {processor.py:840} INFO - DAG(s) 'sensor' retrieved from /opt/airflow/dags/sensor.py
[2024-03-16T09:35:20.986+0000] {logging_mixin.py:188} INFO - [2024-03-16T09:35:20.986+0000] {dag.py:3047} INFO - Sync 1 DAGs
[2024-03-16T09:35:21.002+0000] {logging_mixin.py:188} INFO - [2024-03-16T09:35:21.002+0000] {dag.py:3834} INFO - Setting next_dagrun for sensor to None, run_after=None
[2024-03-16T09:35:21.019+0000] {processor.py:183} INFO - Processing /opt/airflow/dags/sensor.py took 0.066 seconds
[2024-03-16T09:35:51.387+0000] {processor.py:161} INFO - Started process (PID=218) to work on /opt/airflow/dags/sensor.py
[2024-03-16T09:35:51.388+0000] {processor.py:830} INFO - Processing file /opt/airflow/dags/sensor.py for tasks to queue
[2024-03-16T09:35:51.388+0000] {logging_mixin.py:188} INFO - [2024-03-16T09:35:51.388+0000] {dagbag.py:540} INFO - Filling up the DagBag from /opt/airflow/dags/sensor.py
[2024-03-16T09:35:51.399+0000] {processor.py:840} INFO - DAG(s) 'sensor' retrieved from /opt/airflow/dags/sensor.py
[2024-03-16T09:35:51.417+0000] {logging_mixin.py:188} INFO - [2024-03-16T09:35:51.417+0000] {dag.py:3047} INFO - Sync 1 DAGs
[2024-03-16T09:35:51.432+0000] {logging_mixin.py:188} INFO - [2024-03-16T09:35:51.432+0000] {dag.py:3834} INFO - Setting next_dagrun for sensor to None, run_after=None
[2024-03-16T09:35:51.445+0000] {processor.py:183} INFO - Processing /opt/airflow/dags/sensor.py took 0.059 seconds
[2024-03-16T09:36:21.737+0000] {processor.py:161} INFO - Started process (PID=239) to work on /opt/airflow/dags/sensor.py
[2024-03-16T09:36:21.738+0000] {processor.py:830} INFO - Processing file /opt/airflow/dags/sensor.py for tasks to queue
[2024-03-16T09:36:21.738+0000] {logging_mixin.py:188} INFO - [2024-03-16T09:36:21.738+0000] {dagbag.py:540} INFO - Filling up the DagBag from /opt/airflow/dags/sensor.py
[2024-03-16T09:36:21.750+0000] {processor.py:840} INFO - DAG(s) 'sensor' retrieved from /opt/airflow/dags/sensor.py
[2024-03-16T09:36:21.773+0000] {logging_mixin.py:188} INFO - [2024-03-16T09:36:21.773+0000] {dag.py:3047} INFO - Sync 1 DAGs
[2024-03-16T09:36:21.791+0000] {logging_mixin.py:188} INFO - [2024-03-16T09:36:21.791+0000] {dag.py:3834} INFO - Setting next_dagrun for sensor to None, run_after=None
[2024-03-16T09:36:21.807+0000] {processor.py:183} INFO - Processing /opt/airflow/dags/sensor.py took 0.072 seconds
[2024-03-16T09:36:51.860+0000] {processor.py:161} INFO - Started process (PID=259) to work on /opt/airflow/dags/sensor.py
[2024-03-16T09:36:51.860+0000] {processor.py:830} INFO - Processing file /opt/airflow/dags/sensor.py for tasks to queue
[2024-03-16T09:36:51.861+0000] {logging_mixin.py:188} INFO - [2024-03-16T09:36:51.861+0000] {dagbag.py:540} INFO - Filling up the DagBag from /opt/airflow/dags/sensor.py
[2024-03-16T09:36:51.871+0000] {processor.py:840} INFO - DAG(s) 'sensor' retrieved from /opt/airflow/dags/sensor.py
[2024-03-16T09:36:51.896+0000] {logging_mixin.py:188} INFO - [2024-03-16T09:36:51.896+0000] {dag.py:3047} INFO - Sync 1 DAGs
[2024-03-16T09:36:51.923+0000] {logging_mixin.py:188} INFO - [2024-03-16T09:36:51.923+0000] {dag.py:3834} INFO - Setting next_dagrun for sensor to None, run_after=None
[2024-03-16T09:36:51.938+0000] {processor.py:183} INFO - Processing /opt/airflow/dags/sensor.py took 0.081 seconds
[2024-03-16T09:37:22.194+0000] {processor.py:161} INFO - Started process (PID=278) to work on /opt/airflow/dags/sensor.py
[2024-03-16T09:37:22.194+0000] {processor.py:830} INFO - Processing file /opt/airflow/dags/sensor.py for tasks to queue
[2024-03-16T09:37:22.195+0000] {logging_mixin.py:188} INFO - [2024-03-16T09:37:22.195+0000] {dagbag.py:540} INFO - Filling up the DagBag from /opt/airflow/dags/sensor.py
[2024-03-16T09:37:22.204+0000] {processor.py:840} INFO - DAG(s) 'sensor' retrieved from /opt/airflow/dags/sensor.py
[2024-03-16T09:37:22.226+0000] {logging_mixin.py:188} INFO - [2024-03-16T09:37:22.226+0000] {dag.py:3047} INFO - Sync 1 DAGs
[2024-03-16T09:37:22.242+0000] {logging_mixin.py:188} INFO - [2024-03-16T09:37:22.242+0000] {dag.py:3834} INFO - Setting next_dagrun for sensor to None, run_after=None
[2024-03-16T09:37:22.276+0000] {processor.py:183} INFO - Processing /opt/airflow/dags/sensor.py took 0.084 seconds
[2024-03-16T09:37:52.495+0000] {processor.py:161} INFO - Started process (PID=297) to work on /opt/airflow/dags/sensor.py
[2024-03-16T09:37:52.496+0000] {processor.py:830} INFO - Processing file /opt/airflow/dags/sensor.py for tasks to queue
[2024-03-16T09:37:52.496+0000] {logging_mixin.py:188} INFO - [2024-03-16T09:37:52.496+0000] {dagbag.py:540} INFO - Filling up the DagBag from /opt/airflow/dags/sensor.py
[2024-03-16T09:37:52.505+0000] {processor.py:840} INFO - DAG(s) 'sensor' retrieved from /opt/airflow/dags/sensor.py
[2024-03-16T09:37:52.644+0000] {logging_mixin.py:188} INFO - [2024-03-16T09:37:52.644+0000] {dag.py:3047} INFO - Sync 1 DAGs
[2024-03-16T09:37:52.661+0000] {logging_mixin.py:188} INFO - [2024-03-16T09:37:52.661+0000] {dag.py:3834} INFO - Setting next_dagrun for sensor to None, run_after=None
[2024-03-16T09:37:52.679+0000] {processor.py:183} INFO - Processing /opt/airflow/dags/sensor.py took 0.186 seconds
[2024-03-16T09:38:23.000+0000] {processor.py:161} INFO - Started process (PID=317) to work on /opt/airflow/dags/sensor.py
[2024-03-16T09:38:23.001+0000] {processor.py:830} INFO - Processing file /opt/airflow/dags/sensor.py for tasks to queue
[2024-03-16T09:38:23.002+0000] {logging_mixin.py:188} INFO - [2024-03-16T09:38:23.001+0000] {dagbag.py:540} INFO - Filling up the DagBag from /opt/airflow/dags/sensor.py
[2024-03-16T09:38:23.010+0000] {processor.py:840} INFO - DAG(s) 'sensor' retrieved from /opt/airflow/dags/sensor.py
[2024-03-16T09:38:23.030+0000] {logging_mixin.py:188} INFO - [2024-03-16T09:38:23.029+0000] {dag.py:3047} INFO - Sync 1 DAGs
[2024-03-16T09:38:23.045+0000] {logging_mixin.py:188} INFO - [2024-03-16T09:38:23.045+0000] {dag.py:3834} INFO - Setting next_dagrun for sensor to None, run_after=None
[2024-03-16T09:38:23.059+0000] {processor.py:183} INFO - Processing /opt/airflow/dags/sensor.py took 0.060 seconds
[2024-03-16T09:38:53.161+0000] {processor.py:161} INFO - Started process (PID=336) to work on /opt/airflow/dags/sensor.py
[2024-03-16T09:38:53.161+0000] {processor.py:830} INFO - Processing file /opt/airflow/dags/sensor.py for tasks to queue
[2024-03-16T09:38:53.162+0000] {logging_mixin.py:188} INFO - [2024-03-16T09:38:53.162+0000] {dagbag.py:540} INFO - Filling up the DagBag from /opt/airflow/dags/sensor.py
[2024-03-16T09:38:53.171+0000] {processor.py:840} INFO - DAG(s) 'sensor' retrieved from /opt/airflow/dags/sensor.py
[2024-03-16T09:38:53.191+0000] {logging_mixin.py:188} INFO - [2024-03-16T09:38:53.191+0000] {dag.py:3047} INFO - Sync 1 DAGs
[2024-03-16T09:38:53.205+0000] {logging_mixin.py:188} INFO - [2024-03-16T09:38:53.205+0000] {dag.py:3834} INFO - Setting next_dagrun for sensor to None, run_after=None
[2024-03-16T09:38:53.224+0000] {processor.py:183} INFO - Processing /opt/airflow/dags/sensor.py took 0.065 seconds
[2024-03-16T09:39:23.583+0000] {processor.py:161} INFO - Started process (PID=359) to work on /opt/airflow/dags/sensor.py
[2024-03-16T09:39:23.583+0000] {processor.py:830} INFO - Processing file /opt/airflow/dags/sensor.py for tasks to queue
[2024-03-16T09:39:23.584+0000] {logging_mixin.py:188} INFO - [2024-03-16T09:39:23.584+0000] {dagbag.py:540} INFO - Filling up the DagBag from /opt/airflow/dags/sensor.py
[2024-03-16T09:39:23.593+0000] {processor.py:840} INFO - DAG(s) 'sensor' retrieved from /opt/airflow/dags/sensor.py
[2024-03-16T09:39:23.613+0000] {logging_mixin.py:188} INFO - [2024-03-16T09:39:23.612+0000] {dag.py:3047} INFO - Sync 1 DAGs
[2024-03-16T09:39:23.628+0000] {logging_mixin.py:188} INFO - [2024-03-16T09:39:23.628+0000] {dag.py:3834} INFO - Setting next_dagrun for sensor to None, run_after=None
[2024-03-16T09:39:23.641+0000] {processor.py:183} INFO - Processing /opt/airflow/dags/sensor.py took 0.061 seconds
[2024-03-16T09:39:54.694+0000] {processor.py:161} INFO - Started process (PID=379) to work on /opt/airflow/dags/sensor.py
[2024-03-16T09:39:54.694+0000] {processor.py:830} INFO - Processing file /opt/airflow/dags/sensor.py for tasks to queue
[2024-03-16T09:39:54.695+0000] {logging_mixin.py:188} INFO - [2024-03-16T09:39:54.695+0000] {dagbag.py:540} INFO - Filling up the DagBag from /opt/airflow/dags/sensor.py
[2024-03-16T09:39:54.705+0000] {processor.py:840} INFO - DAG(s) 'sensor' retrieved from /opt/airflow/dags/sensor.py
[2024-03-16T09:39:54.727+0000] {logging_mixin.py:188} INFO - [2024-03-16T09:39:54.727+0000] {dag.py:3047} INFO - Sync 1 DAGs
[2024-03-16T09:39:54.742+0000] {logging_mixin.py:188} INFO - [2024-03-16T09:39:54.742+0000] {dag.py:3834} INFO - Setting next_dagrun for sensor to None, run_after=None
[2024-03-16T09:39:54.755+0000] {processor.py:183} INFO - Processing /opt/airflow/dags/sensor.py took 0.063 seconds
[2024-03-16T09:40:24.857+0000] {processor.py:161} INFO - Started process (PID=398) to work on /opt/airflow/dags/sensor.py
[2024-03-16T09:40:24.858+0000] {processor.py:830} INFO - Processing file /opt/airflow/dags/sensor.py for tasks to queue
[2024-03-16T09:40:24.858+0000] {logging_mixin.py:188} INFO - [2024-03-16T09:40:24.858+0000] {dagbag.py:540} INFO - Filling up the DagBag from /opt/airflow/dags/sensor.py
[2024-03-16T09:40:24.867+0000] {processor.py:840} INFO - DAG(s) 'sensor' retrieved from /opt/airflow/dags/sensor.py
[2024-03-16T09:40:24.886+0000] {logging_mixin.py:188} INFO - [2024-03-16T09:40:24.886+0000] {dag.py:3047} INFO - Sync 1 DAGs
[2024-03-16T09:40:24.912+0000] {logging_mixin.py:188} INFO - [2024-03-16T09:40:24.912+0000] {dag.py:3834} INFO - Setting next_dagrun for sensor to None, run_after=None
[2024-03-16T09:40:24.927+0000] {processor.py:183} INFO - Processing /opt/airflow/dags/sensor.py took 0.072 seconds
[2024-03-16T09:40:55.161+0000] {processor.py:161} INFO - Started process (PID=417) to work on /opt/airflow/dags/sensor.py
[2024-03-16T09:40:55.161+0000] {processor.py:830} INFO - Processing file /opt/airflow/dags/sensor.py for tasks to queue
[2024-03-16T09:40:55.162+0000] {logging_mixin.py:188} INFO - [2024-03-16T09:40:55.162+0000] {dagbag.py:540} INFO - Filling up the DagBag from /opt/airflow/dags/sensor.py
[2024-03-16T09:40:55.171+0000] {processor.py:840} INFO - DAG(s) 'sensor' retrieved from /opt/airflow/dags/sensor.py
[2024-03-16T09:40:55.190+0000] {logging_mixin.py:188} INFO - [2024-03-16T09:40:55.190+0000] {dag.py:3047} INFO - Sync 1 DAGs
[2024-03-16T09:40:55.206+0000] {logging_mixin.py:188} INFO - [2024-03-16T09:40:55.206+0000] {dag.py:3834} INFO - Setting next_dagrun for sensor to None, run_after=None
[2024-03-16T09:40:55.219+0000] {processor.py:183} INFO - Processing /opt/airflow/dags/sensor.py took 0.060 seconds
[2024-03-16T09:41:25.442+0000] {processor.py:161} INFO - Started process (PID=436) to work on /opt/airflow/dags/sensor.py
[2024-03-16T09:41:25.443+0000] {processor.py:830} INFO - Processing file /opt/airflow/dags/sensor.py for tasks to queue
[2024-03-16T09:41:25.443+0000] {logging_mixin.py:188} INFO - [2024-03-16T09:41:25.443+0000] {dagbag.py:540} INFO - Filling up the DagBag from /opt/airflow/dags/sensor.py
[2024-03-16T09:41:25.452+0000] {processor.py:840} INFO - DAG(s) 'sensor' retrieved from /opt/airflow/dags/sensor.py
[2024-03-16T09:41:25.475+0000] {logging_mixin.py:188} INFO - [2024-03-16T09:41:25.475+0000] {dag.py:3047} INFO - Sync 1 DAGs
[2024-03-16T09:41:25.492+0000] {logging_mixin.py:188} INFO - [2024-03-16T09:41:25.492+0000] {dag.py:3834} INFO - Setting next_dagrun for sensor to None, run_after=None
[2024-03-16T09:41:25.505+0000] {processor.py:183} INFO - Processing /opt/airflow/dags/sensor.py took 0.065 seconds
[2024-03-16T09:41:55.757+0000] {processor.py:161} INFO - Started process (PID=455) to work on /opt/airflow/dags/sensor.py
[2024-03-16T09:41:55.757+0000] {processor.py:830} INFO - Processing file /opt/airflow/dags/sensor.py for tasks to queue
[2024-03-16T09:41:55.758+0000] {logging_mixin.py:188} INFO - [2024-03-16T09:41:55.758+0000] {dagbag.py:540} INFO - Filling up the DagBag from /opt/airflow/dags/sensor.py
[2024-03-16T09:41:55.768+0000] {processor.py:840} INFO - DAG(s) 'sensor' retrieved from /opt/airflow/dags/sensor.py
[2024-03-16T09:41:55.790+0000] {logging_mixin.py:188} INFO - [2024-03-16T09:41:55.789+0000] {dag.py:3047} INFO - Sync 1 DAGs
[2024-03-16T09:41:55.806+0000] {logging_mixin.py:188} INFO - [2024-03-16T09:41:55.806+0000] {dag.py:3834} INFO - Setting next_dagrun for sensor to None, run_after=None
[2024-03-16T09:41:55.819+0000] {processor.py:183} INFO - Processing /opt/airflow/dags/sensor.py took 0.064 seconds
