[2024-03-16T09:31:17.515+0000] {processor.py:161} INFO - Started process (PID=42) to work on /opt/airflow/dags/task_instance.py
[2024-03-16T09:31:17.516+0000] {processor.py:830} INFO - Processing file /opt/airflow/dags/task_instance.py for tasks to queue
[2024-03-16T09:31:17.518+0000] {logging_mixin.py:188} INFO - [2024-03-16T09:31:17.517+0000] {dagbag.py:540} INFO - Filling up the DagBag from /opt/airflow/dags/task_instance.py
[2024-03-16T09:31:17.528+0000] {processor.py:840} INFO - DAG(s) 'task_instance' retrieved from /opt/airflow/dags/task_instance.py
[2024-03-16T09:31:17.608+0000] {logging_mixin.py:188} INFO - [2024-03-16T09:31:17.608+0000] {dag.py:3047} INFO - Sync 1 DAGs
[2024-03-16T09:31:17.626+0000] {logging_mixin.py:188} INFO - [2024-03-16T09:31:17.626+0000] {dag.py:3834} INFO - Setting next_dagrun for task_instance to None, run_after=None
[2024-03-16T09:31:17.652+0000] {processor.py:183} INFO - Processing /opt/airflow/dags/task_instance.py took 0.138 seconds
[2024-03-16T09:31:48.250+0000] {processor.py:161} INFO - Started process (PID=61) to work on /opt/airflow/dags/task_instance.py
[2024-03-16T09:31:48.251+0000] {processor.py:830} INFO - Processing file /opt/airflow/dags/task_instance.py for tasks to queue
[2024-03-16T09:31:48.254+0000] {logging_mixin.py:188} INFO - [2024-03-16T09:31:48.254+0000] {dagbag.py:540} INFO - Filling up the DagBag from /opt/airflow/dags/task_instance.py
[2024-03-16T09:31:48.264+0000] {processor.py:840} INFO - DAG(s) 'task_instance' retrieved from /opt/airflow/dags/task_instance.py
[2024-03-16T09:31:48.286+0000] {logging_mixin.py:188} INFO - [2024-03-16T09:31:48.286+0000] {dag.py:3047} INFO - Sync 1 DAGs
[2024-03-16T09:31:48.305+0000] {logging_mixin.py:188} INFO - [2024-03-16T09:31:48.305+0000] {dag.py:3834} INFO - Setting next_dagrun for task_instance to None, run_after=None
[2024-03-16T09:31:48.330+0000] {processor.py:183} INFO - Processing /opt/airflow/dags/task_instance.py took 0.081 seconds
[2024-03-16T09:32:18.528+0000] {processor.py:161} INFO - Started process (PID=80) to work on /opt/airflow/dags/task_instance.py
[2024-03-16T09:32:18.529+0000] {processor.py:830} INFO - Processing file /opt/airflow/dags/task_instance.py for tasks to queue
[2024-03-16T09:32:18.530+0000] {logging_mixin.py:188} INFO - [2024-03-16T09:32:18.530+0000] {dagbag.py:540} INFO - Filling up the DagBag from /opt/airflow/dags/task_instance.py
[2024-03-16T09:32:18.540+0000] {processor.py:840} INFO - DAG(s) 'task_instance' retrieved from /opt/airflow/dags/task_instance.py
[2024-03-16T09:32:18.560+0000] {logging_mixin.py:188} INFO - [2024-03-16T09:32:18.559+0000] {dag.py:3047} INFO - Sync 1 DAGs
[2024-03-16T09:32:18.574+0000] {logging_mixin.py:188} INFO - [2024-03-16T09:32:18.574+0000] {dag.py:3834} INFO - Setting next_dagrun for task_instance to None, run_after=None
[2024-03-16T09:32:18.591+0000] {processor.py:183} INFO - Processing /opt/airflow/dags/task_instance.py took 0.065 seconds
[2024-03-16T09:32:49.662+0000] {processor.py:161} INFO - Started process (PID=99) to work on /opt/airflow/dags/task_instance.py
[2024-03-16T09:32:49.663+0000] {processor.py:830} INFO - Processing file /opt/airflow/dags/task_instance.py for tasks to queue
[2024-03-16T09:32:49.664+0000] {logging_mixin.py:188} INFO - [2024-03-16T09:32:49.664+0000] {dagbag.py:540} INFO - Filling up the DagBag from /opt/airflow/dags/task_instance.py
[2024-03-16T09:32:49.675+0000] {processor.py:840} INFO - DAG(s) 'task_instance' retrieved from /opt/airflow/dags/task_instance.py
[2024-03-16T09:32:49.697+0000] {logging_mixin.py:188} INFO - [2024-03-16T09:32:49.696+0000] {dag.py:3047} INFO - Sync 1 DAGs
[2024-03-16T09:32:49.713+0000] {logging_mixin.py:188} INFO - [2024-03-16T09:32:49.712+0000] {dag.py:3834} INFO - Setting next_dagrun for task_instance to None, run_after=None
[2024-03-16T09:32:49.733+0000] {processor.py:183} INFO - Processing /opt/airflow/dags/task_instance.py took 0.073 seconds
[2024-03-16T09:33:19.783+0000] {processor.py:161} INFO - Started process (PID=118) to work on /opt/airflow/dags/task_instance.py
[2024-03-16T09:33:19.784+0000] {processor.py:830} INFO - Processing file /opt/airflow/dags/task_instance.py for tasks to queue
[2024-03-16T09:33:19.785+0000] {logging_mixin.py:188} INFO - [2024-03-16T09:33:19.785+0000] {dagbag.py:540} INFO - Filling up the DagBag from /opt/airflow/dags/task_instance.py
[2024-03-16T09:33:19.795+0000] {processor.py:840} INFO - DAG(s) 'task_instance' retrieved from /opt/airflow/dags/task_instance.py
[2024-03-16T09:33:19.816+0000] {logging_mixin.py:188} INFO - [2024-03-16T09:33:19.816+0000] {dag.py:3047} INFO - Sync 1 DAGs
[2024-03-16T09:33:19.831+0000] {logging_mixin.py:188} INFO - [2024-03-16T09:33:19.831+0000] {dag.py:3834} INFO - Setting next_dagrun for task_instance to None, run_after=None
[2024-03-16T09:33:19.848+0000] {processor.py:183} INFO - Processing /opt/airflow/dags/task_instance.py took 0.066 seconds
[2024-03-16T09:33:50.062+0000] {processor.py:161} INFO - Started process (PID=137) to work on /opt/airflow/dags/task_instance.py
[2024-03-16T09:33:50.063+0000] {processor.py:830} INFO - Processing file /opt/airflow/dags/task_instance.py for tasks to queue
[2024-03-16T09:33:50.064+0000] {logging_mixin.py:188} INFO - [2024-03-16T09:33:50.063+0000] {dagbag.py:540} INFO - Filling up the DagBag from /opt/airflow/dags/task_instance.py
[2024-03-16T09:33:50.073+0000] {processor.py:840} INFO - DAG(s) 'task_instance' retrieved from /opt/airflow/dags/task_instance.py
[2024-03-16T09:33:50.092+0000] {logging_mixin.py:188} INFO - [2024-03-16T09:33:50.092+0000] {dag.py:3047} INFO - Sync 1 DAGs
[2024-03-16T09:33:50.109+0000] {logging_mixin.py:188} INFO - [2024-03-16T09:33:50.109+0000] {dag.py:3834} INFO - Setting next_dagrun for task_instance to None, run_after=None
[2024-03-16T09:33:50.122+0000] {processor.py:183} INFO - Processing /opt/airflow/dags/task_instance.py took 0.062 seconds
[2024-03-16T09:34:20.389+0000] {processor.py:161} INFO - Started process (PID=157) to work on /opt/airflow/dags/task_instance.py
[2024-03-16T09:34:20.389+0000] {processor.py:830} INFO - Processing file /opt/airflow/dags/task_instance.py for tasks to queue
[2024-03-16T09:34:20.391+0000] {logging_mixin.py:188} INFO - [2024-03-16T09:34:20.391+0000] {dagbag.py:540} INFO - Filling up the DagBag from /opt/airflow/dags/task_instance.py
[2024-03-16T09:34:20.402+0000] {processor.py:840} INFO - DAG(s) 'task_instance' retrieved from /opt/airflow/dags/task_instance.py
[2024-03-16T09:34:20.423+0000] {logging_mixin.py:188} INFO - [2024-03-16T09:34:20.423+0000] {dag.py:3047} INFO - Sync 1 DAGs
[2024-03-16T09:34:20.440+0000] {logging_mixin.py:188} INFO - [2024-03-16T09:34:20.440+0000] {dag.py:3834} INFO - Setting next_dagrun for task_instance to None, run_after=None
[2024-03-16T09:34:20.459+0000] {processor.py:183} INFO - Processing /opt/airflow/dags/task_instance.py took 0.072 seconds
[2024-03-16T09:34:50.688+0000] {processor.py:161} INFO - Started process (PID=178) to work on /opt/airflow/dags/task_instance.py
[2024-03-16T09:34:50.689+0000] {processor.py:830} INFO - Processing file /opt/airflow/dags/task_instance.py for tasks to queue
[2024-03-16T09:34:50.690+0000] {logging_mixin.py:188} INFO - [2024-03-16T09:34:50.690+0000] {dagbag.py:540} INFO - Filling up the DagBag from /opt/airflow/dags/task_instance.py
[2024-03-16T09:34:50.700+0000] {processor.py:840} INFO - DAG(s) 'task_instance' retrieved from /opt/airflow/dags/task_instance.py
[2024-03-16T09:34:50.721+0000] {logging_mixin.py:188} INFO - [2024-03-16T09:34:50.720+0000] {dag.py:3047} INFO - Sync 1 DAGs
[2024-03-16T09:34:50.735+0000] {logging_mixin.py:188} INFO - [2024-03-16T09:34:50.735+0000] {dag.py:3834} INFO - Setting next_dagrun for task_instance to None, run_after=None
[2024-03-16T09:34:50.748+0000] {processor.py:183} INFO - Processing /opt/airflow/dags/task_instance.py took 0.061 seconds
[2024-03-16T09:35:20.951+0000] {processor.py:161} INFO - Started process (PID=198) to work on /opt/airflow/dags/task_instance.py
[2024-03-16T09:35:20.952+0000] {processor.py:830} INFO - Processing file /opt/airflow/dags/task_instance.py for tasks to queue
[2024-03-16T09:35:20.952+0000] {logging_mixin.py:188} INFO - [2024-03-16T09:35:20.952+0000] {dagbag.py:540} INFO - Filling up the DagBag from /opt/airflow/dags/task_instance.py
[2024-03-16T09:35:20.962+0000] {processor.py:840} INFO - DAG(s) 'task_instance' retrieved from /opt/airflow/dags/task_instance.py
[2024-03-16T09:35:20.984+0000] {logging_mixin.py:188} INFO - [2024-03-16T09:35:20.984+0000] {dag.py:3047} INFO - Sync 1 DAGs
[2024-03-16T09:35:21.000+0000] {logging_mixin.py:188} INFO - [2024-03-16T09:35:21.000+0000] {dag.py:3834} INFO - Setting next_dagrun for task_instance to None, run_after=None
[2024-03-16T09:35:21.014+0000] {processor.py:183} INFO - Processing /opt/airflow/dags/task_instance.py took 0.065 seconds
[2024-03-16T09:35:51.308+0000] {processor.py:161} INFO - Started process (PID=217) to work on /opt/airflow/dags/task_instance.py
[2024-03-16T09:35:51.308+0000] {processor.py:830} INFO - Processing file /opt/airflow/dags/task_instance.py for tasks to queue
[2024-03-16T09:35:51.309+0000] {logging_mixin.py:188} INFO - [2024-03-16T09:35:51.309+0000] {dagbag.py:540} INFO - Filling up the DagBag from /opt/airflow/dags/task_instance.py
[2024-03-16T09:35:51.320+0000] {processor.py:840} INFO - DAG(s) 'task_instance' retrieved from /opt/airflow/dags/task_instance.py
[2024-03-16T09:35:51.342+0000] {logging_mixin.py:188} INFO - [2024-03-16T09:35:51.341+0000] {dag.py:3047} INFO - Sync 1 DAGs
[2024-03-16T09:35:51.359+0000] {logging_mixin.py:188} INFO - [2024-03-16T09:35:51.359+0000] {dag.py:3834} INFO - Setting next_dagrun for task_instance to None, run_after=None
[2024-03-16T09:35:51.380+0000] {processor.py:183} INFO - Processing /opt/airflow/dags/task_instance.py took 0.074 seconds
[2024-03-16T09:36:21.645+0000] {processor.py:161} INFO - Started process (PID=238) to work on /opt/airflow/dags/task_instance.py
[2024-03-16T09:36:21.646+0000] {processor.py:830} INFO - Processing file /opt/airflow/dags/task_instance.py for tasks to queue
[2024-03-16T09:36:21.646+0000] {logging_mixin.py:188} INFO - [2024-03-16T09:36:21.646+0000] {dagbag.py:540} INFO - Filling up the DagBag from /opt/airflow/dags/task_instance.py
[2024-03-16T09:36:21.659+0000] {processor.py:840} INFO - DAG(s) 'task_instance' retrieved from /opt/airflow/dags/task_instance.py
[2024-03-16T09:36:21.684+0000] {logging_mixin.py:188} INFO - [2024-03-16T09:36:21.683+0000] {dag.py:3047} INFO - Sync 1 DAGs
[2024-03-16T09:36:21.701+0000] {logging_mixin.py:188} INFO - [2024-03-16T09:36:21.701+0000] {dag.py:3834} INFO - Setting next_dagrun for task_instance to None, run_after=None
[2024-03-16T09:36:21.722+0000] {processor.py:183} INFO - Processing /opt/airflow/dags/task_instance.py took 0.079 seconds
[2024-03-16T09:36:51.767+0000] {processor.py:161} INFO - Started process (PID=258) to work on /opt/airflow/dags/task_instance.py
[2024-03-16T09:36:51.768+0000] {processor.py:830} INFO - Processing file /opt/airflow/dags/task_instance.py for tasks to queue
[2024-03-16T09:36:51.768+0000] {logging_mixin.py:188} INFO - [2024-03-16T09:36:51.768+0000] {dagbag.py:540} INFO - Filling up the DagBag from /opt/airflow/dags/task_instance.py
[2024-03-16T09:36:51.783+0000] {processor.py:840} INFO - DAG(s) 'task_instance' retrieved from /opt/airflow/dags/task_instance.py
[2024-03-16T09:36:51.805+0000] {logging_mixin.py:188} INFO - [2024-03-16T09:36:51.805+0000] {dag.py:3047} INFO - Sync 1 DAGs
[2024-03-16T09:36:51.822+0000] {logging_mixin.py:188} INFO - [2024-03-16T09:36:51.822+0000] {dag.py:3834} INFO - Setting next_dagrun for task_instance to None, run_after=None
[2024-03-16T09:36:51.846+0000] {processor.py:183} INFO - Processing /opt/airflow/dags/task_instance.py took 0.081 seconds
[2024-03-16T09:37:22.178+0000] {processor.py:161} INFO - Started process (PID=277) to work on /opt/airflow/dags/task_instance.py
[2024-03-16T09:37:22.178+0000] {processor.py:830} INFO - Processing file /opt/airflow/dags/task_instance.py for tasks to queue
[2024-03-16T09:37:22.179+0000] {logging_mixin.py:188} INFO - [2024-03-16T09:37:22.179+0000] {dagbag.py:540} INFO - Filling up the DagBag from /opt/airflow/dags/task_instance.py
[2024-03-16T09:37:22.193+0000] {processor.py:840} INFO - DAG(s) 'task_instance' retrieved from /opt/airflow/dags/task_instance.py
[2024-03-16T09:37:22.215+0000] {logging_mixin.py:188} INFO - [2024-03-16T09:37:22.215+0000] {dag.py:3047} INFO - Sync 1 DAGs
[2024-03-16T09:37:22.231+0000] {logging_mixin.py:188} INFO - [2024-03-16T09:37:22.231+0000] {dag.py:3834} INFO - Setting next_dagrun for task_instance to None, run_after=None
[2024-03-16T09:37:22.245+0000] {processor.py:183} INFO - Processing /opt/airflow/dags/task_instance.py took 0.070 seconds
[2024-03-16T09:37:52.492+0000] {processor.py:161} INFO - Started process (PID=296) to work on /opt/airflow/dags/task_instance.py
[2024-03-16T09:37:52.493+0000] {processor.py:830} INFO - Processing file /opt/airflow/dags/task_instance.py for tasks to queue
[2024-03-16T09:37:52.494+0000] {logging_mixin.py:188} INFO - [2024-03-16T09:37:52.493+0000] {dagbag.py:540} INFO - Filling up the DagBag from /opt/airflow/dags/task_instance.py
[2024-03-16T09:37:52.504+0000] {processor.py:840} INFO - DAG(s) 'task_instance' retrieved from /opt/airflow/dags/task_instance.py
[2024-03-16T09:37:52.644+0000] {logging_mixin.py:188} INFO - [2024-03-16T09:37:52.644+0000] {dag.py:3047} INFO - Sync 1 DAGs
[2024-03-16T09:37:52.661+0000] {logging_mixin.py:188} INFO - [2024-03-16T09:37:52.661+0000] {dag.py:3834} INFO - Setting next_dagrun for task_instance to None, run_after=None
[2024-03-16T09:37:52.683+0000] {processor.py:183} INFO - Processing /opt/airflow/dags/task_instance.py took 0.193 seconds
[2024-03-16T09:38:22.902+0000] {processor.py:161} INFO - Started process (PID=316) to work on /opt/airflow/dags/task_instance.py
[2024-03-16T09:38:22.903+0000] {processor.py:830} INFO - Processing file /opt/airflow/dags/task_instance.py for tasks to queue
[2024-03-16T09:38:22.903+0000] {logging_mixin.py:188} INFO - [2024-03-16T09:38:22.903+0000] {dagbag.py:540} INFO - Filling up the DagBag from /opt/airflow/dags/task_instance.py
[2024-03-16T09:38:22.913+0000] {processor.py:840} INFO - DAG(s) 'task_instance' retrieved from /opt/airflow/dags/task_instance.py
[2024-03-16T09:38:22.934+0000] {logging_mixin.py:188} INFO - [2024-03-16T09:38:22.934+0000] {dag.py:3047} INFO - Sync 1 DAGs
[2024-03-16T09:38:22.966+0000] {logging_mixin.py:188} INFO - [2024-03-16T09:38:22.966+0000] {dag.py:3834} INFO - Setting next_dagrun for task_instance to None, run_after=None
[2024-03-16T09:38:22.978+0000] {processor.py:183} INFO - Processing /opt/airflow/dags/task_instance.py took 0.078 seconds
[2024-03-16T09:38:53.139+0000] {processor.py:161} INFO - Started process (PID=335) to work on /opt/airflow/dags/task_instance.py
[2024-03-16T09:38:53.140+0000] {processor.py:830} INFO - Processing file /opt/airflow/dags/task_instance.py for tasks to queue
[2024-03-16T09:38:53.140+0000] {logging_mixin.py:188} INFO - [2024-03-16T09:38:53.140+0000] {dagbag.py:540} INFO - Filling up the DagBag from /opt/airflow/dags/task_instance.py
[2024-03-16T09:38:53.155+0000] {processor.py:840} INFO - DAG(s) 'task_instance' retrieved from /opt/airflow/dags/task_instance.py
[2024-03-16T09:38:53.175+0000] {logging_mixin.py:188} INFO - [2024-03-16T09:38:53.175+0000] {dag.py:3047} INFO - Sync 1 DAGs
[2024-03-16T09:38:53.190+0000] {logging_mixin.py:188} INFO - [2024-03-16T09:38:53.189+0000] {dag.py:3834} INFO - Setting next_dagrun for task_instance to None, run_after=None
[2024-03-16T09:38:53.202+0000] {processor.py:183} INFO - Processing /opt/airflow/dags/task_instance.py took 0.064 seconds
[2024-03-16T09:39:08.864+0000] {processor.py:161} INFO - Started process (PID=350) to work on /opt/airflow/dags/task_instance.py
[2024-03-16T09:39:08.864+0000] {processor.py:830} INFO - Processing file /opt/airflow/dags/task_instance.py for tasks to queue
[2024-03-16T09:39:08.865+0000] {logging_mixin.py:188} INFO - [2024-03-16T09:39:08.865+0000] {dagbag.py:540} INFO - Filling up the DagBag from /opt/airflow/dags/task_instance.py
[2024-03-16T09:39:08.880+0000] {processor.py:840} INFO - DAG(s) 'task_instance' retrieved from /opt/airflow/dags/task_instance.py
[2024-03-16T09:39:08.912+0000] {logging_mixin.py:188} INFO - [2024-03-16T09:39:08.912+0000] {dag.py:3047} INFO - Sync 1 DAGs
[2024-03-16T09:39:08.926+0000] {logging_mixin.py:188} INFO - [2024-03-16T09:39:08.926+0000] {dag.py:3834} INFO - Setting next_dagrun for task_instance to None, run_after=None
[2024-03-16T09:39:08.945+0000] {processor.py:183} INFO - Processing /opt/airflow/dags/task_instance.py took 0.083 seconds
[2024-03-16T09:39:20.188+0000] {processor.py:161} INFO - Started process (PID=351) to work on /opt/airflow/dags/task_instance.py
[2024-03-16T09:39:20.189+0000] {processor.py:830} INFO - Processing file /opt/airflow/dags/task_instance.py for tasks to queue
[2024-03-16T09:39:20.189+0000] {logging_mixin.py:188} INFO - [2024-03-16T09:39:20.189+0000] {dagbag.py:540} INFO - Filling up the DagBag from /opt/airflow/dags/task_instance.py
[2024-03-16T09:39:20.196+0000] {logging_mixin.py:188} INFO - [2024-03-16T09:39:20.195+0000] {dagbag.py:350} ERROR - Failed to import: /opt/airflow/dags/task_instance.py
Traceback (most recent call last):
  File "/home/airflow/.local/lib/python3.11/site-packages/airflow/models/dagbag.py", line 346, in parse
    loader.exec_module(new_module)
  File "<frozen importlib._bootstrap_external>", line 936, in exec_module
  File "<frozen importlib._bootstrap_external>", line 1074, in get_code
  File "<frozen importlib._bootstrap_external>", line 1004, in source_to_code
  File "<frozen importlib._bootstrap>", line 241, in _call_with_frames_removed
  File "/opt/airflow/dags/task_instance.py", line 12
    'start_date': datetime(2024, 1, 1)
                  
SyntaxError: invalid syntax. Perhaps you forgot a comma?
[2024-03-16T09:39:20.196+0000] {processor.py:842} WARNING - No viable dags retrieved from /opt/airflow/dags/task_instance.py
[2024-03-16T09:39:20.224+0000] {processor.py:183} INFO - Processing /opt/airflow/dags/task_instance.py took 0.037 seconds
[2024-03-16T09:39:21.216+0000] {processor.py:161} INFO - Started process (PID=352) to work on /opt/airflow/dags/task_instance.py
[2024-03-16T09:39:21.216+0000] {processor.py:830} INFO - Processing file /opt/airflow/dags/task_instance.py for tasks to queue
[2024-03-16T09:39:21.217+0000] {logging_mixin.py:188} INFO - [2024-03-16T09:39:21.217+0000] {dagbag.py:540} INFO - Filling up the DagBag from /opt/airflow/dags/task_instance.py
[2024-03-16T09:39:21.225+0000] {logging_mixin.py:188} INFO - [2024-03-16T09:39:21.224+0000] {dagbag.py:350} ERROR - Failed to import: /opt/airflow/dags/task_instance.py
Traceback (most recent call last):
  File "/home/airflow/.local/lib/python3.11/site-packages/airflow/models/dagbag.py", line 346, in parse
    loader.exec_module(new_module)
  File "<frozen importlib._bootstrap_external>", line 936, in exec_module
  File "<frozen importlib._bootstrap_external>", line 1074, in get_code
  File "<frozen importlib._bootstrap_external>", line 1004, in source_to_code
  File "<frozen importlib._bootstrap>", line 241, in _call_with_frames_removed
  File "/opt/airflow/dags/task_instance.py", line 12
    'start_date': datetime(2024, 1, 1)
                  
SyntaxError: invalid syntax. Perhaps you forgot a comma?
[2024-03-16T09:39:21.225+0000] {processor.py:842} WARNING - No viable dags retrieved from /opt/airflow/dags/task_instance.py
[2024-03-16T09:39:21.260+0000] {processor.py:183} INFO - Processing /opt/airflow/dags/task_instance.py took 0.046 seconds
[2024-03-16T09:39:22.287+0000] {processor.py:161} INFO - Started process (PID=353) to work on /opt/airflow/dags/task_instance.py
[2024-03-16T09:39:22.288+0000] {processor.py:830} INFO - Processing file /opt/airflow/dags/task_instance.py for tasks to queue
[2024-03-16T09:39:22.288+0000] {logging_mixin.py:188} INFO - [2024-03-16T09:39:22.288+0000] {dagbag.py:540} INFO - Filling up the DagBag from /opt/airflow/dags/task_instance.py
[2024-03-16T09:39:22.306+0000] {processor.py:840} INFO - DAG(s) 'task_instance' retrieved from /opt/airflow/dags/task_instance.py
[2024-03-16T09:39:22.368+0000] {logging_mixin.py:188} INFO - [2024-03-16T09:39:22.368+0000] {dag.py:3047} INFO - Sync 1 DAGs
[2024-03-16T09:39:22.383+0000] {logging_mixin.py:188} INFO - [2024-03-16T09:39:22.383+0000] {dag.py:3834} INFO - Setting next_dagrun for task_instance to None, run_after=None
[2024-03-16T09:39:22.404+0000] {processor.py:183} INFO - Processing /opt/airflow/dags/task_instance.py took 0.118 seconds
[2024-03-16T09:39:23.321+0000] {processor.py:161} INFO - Started process (PID=354) to work on /opt/airflow/dags/task_instance.py
[2024-03-16T09:39:23.322+0000] {processor.py:830} INFO - Processing file /opt/airflow/dags/task_instance.py for tasks to queue
[2024-03-16T09:39:23.322+0000] {logging_mixin.py:188} INFO - [2024-03-16T09:39:23.322+0000] {dagbag.py:540} INFO - Filling up the DagBag from /opt/airflow/dags/task_instance.py
[2024-03-16T09:39:23.340+0000] {processor.py:840} INFO - DAG(s) 'task_instance' retrieved from /opt/airflow/dags/task_instance.py
[2024-03-16T09:39:23.358+0000] {logging_mixin.py:188} INFO - [2024-03-16T09:39:23.357+0000] {dag.py:3047} INFO - Sync 1 DAGs
[2024-03-16T09:39:23.373+0000] {logging_mixin.py:188} INFO - [2024-03-16T09:39:23.373+0000] {dag.py:3834} INFO - Setting next_dagrun for task_instance to None, run_after=None
[2024-03-16T09:39:23.392+0000] {processor.py:183} INFO - Processing /opt/airflow/dags/task_instance.py took 0.072 seconds
[2024-03-16T09:39:54.408+0000] {processor.py:161} INFO - Started process (PID=374) to work on /opt/airflow/dags/task_instance.py
[2024-03-16T09:39:54.409+0000] {processor.py:830} INFO - Processing file /opt/airflow/dags/task_instance.py for tasks to queue
[2024-03-16T09:39:54.410+0000] {logging_mixin.py:188} INFO - [2024-03-16T09:39:54.409+0000] {dagbag.py:540} INFO - Filling up the DagBag from /opt/airflow/dags/task_instance.py
[2024-03-16T09:39:54.420+0000] {processor.py:840} INFO - DAG(s) 'task_instance' retrieved from /opt/airflow/dags/task_instance.py
[2024-03-16T09:39:54.441+0000] {logging_mixin.py:188} INFO - [2024-03-16T09:39:54.441+0000] {dag.py:3047} INFO - Sync 1 DAGs
[2024-03-16T09:39:54.467+0000] {logging_mixin.py:188} INFO - [2024-03-16T09:39:54.467+0000] {dag.py:3834} INFO - Setting next_dagrun for task_instance to None, run_after=None
[2024-03-16T09:39:54.484+0000] {processor.py:183} INFO - Processing /opt/airflow/dags/task_instance.py took 0.078 seconds
[2024-03-16T09:40:24.646+0000] {processor.py:161} INFO - Started process (PID=393) to work on /opt/airflow/dags/task_instance.py
[2024-03-16T09:40:24.647+0000] {processor.py:830} INFO - Processing file /opt/airflow/dags/task_instance.py for tasks to queue
[2024-03-16T09:40:24.647+0000] {logging_mixin.py:188} INFO - [2024-03-16T09:40:24.647+0000] {dagbag.py:540} INFO - Filling up the DagBag from /opt/airflow/dags/task_instance.py
[2024-03-16T09:40:24.661+0000] {processor.py:840} INFO - DAG(s) 'task_instance' retrieved from /opt/airflow/dags/task_instance.py
[2024-03-16T09:40:24.684+0000] {logging_mixin.py:188} INFO - [2024-03-16T09:40:24.684+0000] {dag.py:3047} INFO - Sync 1 DAGs
[2024-03-16T09:40:24.701+0000] {logging_mixin.py:188} INFO - [2024-03-16T09:40:24.701+0000] {dag.py:3834} INFO - Setting next_dagrun for task_instance to None, run_after=None
[2024-03-16T09:40:24.726+0000] {processor.py:183} INFO - Processing /opt/airflow/dags/task_instance.py took 0.082 seconds
[2024-03-16T09:40:54.796+0000] {processor.py:161} INFO - Started process (PID=412) to work on /opt/airflow/dags/task_instance.py
[2024-03-16T09:40:54.797+0000] {processor.py:830} INFO - Processing file /opt/airflow/dags/task_instance.py for tasks to queue
[2024-03-16T09:40:54.797+0000] {logging_mixin.py:188} INFO - [2024-03-16T09:40:54.797+0000] {dagbag.py:540} INFO - Filling up the DagBag from /opt/airflow/dags/task_instance.py
[2024-03-16T09:40:54.811+0000] {processor.py:840} INFO - DAG(s) 'task_instance' retrieved from /opt/airflow/dags/task_instance.py
[2024-03-16T09:40:54.850+0000] {logging_mixin.py:188} INFO - [2024-03-16T09:40:54.850+0000] {dag.py:3047} INFO - Sync 1 DAGs
[2024-03-16T09:40:54.909+0000] {logging_mixin.py:188} INFO - [2024-03-16T09:40:54.909+0000] {dag.py:3834} INFO - Setting next_dagrun for task_instance to None, run_after=None
[2024-03-16T09:40:54.955+0000] {processor.py:183} INFO - Processing /opt/airflow/dags/task_instance.py took 0.160 seconds
[2024-03-16T09:41:11.905+0000] {processor.py:161} INFO - Started process (PID=431) to work on /opt/airflow/dags/task_instance.py
[2024-03-16T09:41:11.906+0000] {processor.py:830} INFO - Processing file /opt/airflow/dags/task_instance.py for tasks to queue
[2024-03-16T09:41:11.906+0000] {logging_mixin.py:188} INFO - [2024-03-16T09:41:11.906+0000] {dagbag.py:540} INFO - Filling up the DagBag from /opt/airflow/dags/task_instance.py
[2024-03-16T09:41:11.924+0000] {processor.py:840} INFO - DAG(s) 'task_instance' retrieved from /opt/airflow/dags/task_instance.py
[2024-03-16T09:41:11.943+0000] {logging_mixin.py:188} INFO - [2024-03-16T09:41:11.943+0000] {dag.py:3047} INFO - Sync 1 DAGs
[2024-03-16T09:41:11.958+0000] {logging_mixin.py:188} INFO - [2024-03-16T09:41:11.958+0000] {dag.py:3834} INFO - Setting next_dagrun for task_instance to None, run_after=None
[2024-03-16T09:41:11.978+0000] {processor.py:183} INFO - Processing /opt/airflow/dags/task_instance.py took 0.075 seconds
[2024-03-16T09:41:42.025+0000] {processor.py:161} INFO - Started process (PID=450) to work on /opt/airflow/dags/task_instance.py
[2024-03-16T09:41:42.025+0000] {processor.py:830} INFO - Processing file /opt/airflow/dags/task_instance.py for tasks to queue
[2024-03-16T09:41:42.026+0000] {logging_mixin.py:188} INFO - [2024-03-16T09:41:42.026+0000] {dagbag.py:540} INFO - Filling up the DagBag from /opt/airflow/dags/task_instance.py
[2024-03-16T09:41:42.035+0000] {processor.py:840} INFO - DAG(s) 'task_instance' retrieved from /opt/airflow/dags/task_instance.py
[2024-03-16T09:41:42.080+0000] {logging_mixin.py:188} INFO - [2024-03-16T09:41:42.080+0000] {dag.py:3047} INFO - Sync 1 DAGs
[2024-03-16T09:41:42.111+0000] {logging_mixin.py:188} INFO - [2024-03-16T09:41:42.111+0000] {dag.py:3834} INFO - Setting next_dagrun for task_instance to None, run_after=None
[2024-03-16T09:41:42.128+0000] {processor.py:183} INFO - Processing /opt/airflow/dags/task_instance.py took 0.105 seconds
