[2024-03-16T09:31:17.860+0000] {processor.py:161} INFO - Started process (PID=46) to work on /opt/airflow/dags/trigger_dag_run_dag1.py
[2024-03-16T09:31:17.860+0000] {processor.py:830} INFO - Processing file /opt/airflow/dags/trigger_dag_run_dag1.py for tasks to queue
[2024-03-16T09:31:17.862+0000] {logging_mixin.py:188} INFO - [2024-03-16T09:31:17.861+0000] {dagbag.py:540} INFO - Filling up the DagBag from /opt/airflow/dags/trigger_dag_run_dag1.py
[2024-03-16T09:31:17.874+0000] {processor.py:840} INFO - DAG(s) 'trigger_dag_run_dag1' retrieved from /opt/airflow/dags/trigger_dag_run_dag1.py
[2024-03-16T09:31:17.952+0000] {logging_mixin.py:188} INFO - [2024-03-16T09:31:17.951+0000] {dag.py:3047} INFO - Sync 1 DAGs
[2024-03-16T09:31:17.984+0000] {logging_mixin.py:188} INFO - [2024-03-16T09:31:17.984+0000] {dag.py:3834} INFO - Setting next_dagrun for trigger_dag_run_dag1 to None, run_after=None
[2024-03-16T09:31:18.010+0000] {processor.py:183} INFO - Processing /opt/airflow/dags/trigger_dag_run_dag1.py took 0.152 seconds
[2024-03-16T09:31:48.548+0000] {processor.py:161} INFO - Started process (PID=65) to work on /opt/airflow/dags/trigger_dag_run_dag1.py
[2024-03-16T09:31:48.548+0000] {processor.py:830} INFO - Processing file /opt/airflow/dags/trigger_dag_run_dag1.py for tasks to queue
[2024-03-16T09:31:48.549+0000] {logging_mixin.py:188} INFO - [2024-03-16T09:31:48.549+0000] {dagbag.py:540} INFO - Filling up the DagBag from /opt/airflow/dags/trigger_dag_run_dag1.py
[2024-03-16T09:31:48.559+0000] {processor.py:840} INFO - DAG(s) 'trigger_dag_run_dag1' retrieved from /opt/airflow/dags/trigger_dag_run_dag1.py
[2024-03-16T09:31:48.580+0000] {logging_mixin.py:188} INFO - [2024-03-16T09:31:48.580+0000] {dag.py:3047} INFO - Sync 1 DAGs
[2024-03-16T09:31:48.600+0000] {logging_mixin.py:188} INFO - [2024-03-16T09:31:48.600+0000] {dag.py:3834} INFO - Setting next_dagrun for trigger_dag_run_dag1 to None, run_after=None
[2024-03-16T09:31:48.616+0000] {processor.py:183} INFO - Processing /opt/airflow/dags/trigger_dag_run_dag1.py took 0.070 seconds
[2024-03-16T09:32:18.719+0000] {processor.py:161} INFO - Started process (PID=84) to work on /opt/airflow/dags/trigger_dag_run_dag1.py
[2024-03-16T09:32:18.720+0000] {processor.py:830} INFO - Processing file /opt/airflow/dags/trigger_dag_run_dag1.py for tasks to queue
[2024-03-16T09:32:18.721+0000] {logging_mixin.py:188} INFO - [2024-03-16T09:32:18.721+0000] {dagbag.py:540} INFO - Filling up the DagBag from /opt/airflow/dags/trigger_dag_run_dag1.py
[2024-03-16T09:32:18.732+0000] {processor.py:840} INFO - DAG(s) 'trigger_dag_run_dag1' retrieved from /opt/airflow/dags/trigger_dag_run_dag1.py
[2024-03-16T09:32:18.752+0000] {logging_mixin.py:188} INFO - [2024-03-16T09:32:18.752+0000] {dag.py:3047} INFO - Sync 1 DAGs
[2024-03-16T09:32:18.780+0000] {logging_mixin.py:188} INFO - [2024-03-16T09:32:18.780+0000] {dag.py:3834} INFO - Setting next_dagrun for trigger_dag_run_dag1 to None, run_after=None
[2024-03-16T09:32:18.796+0000] {processor.py:183} INFO - Processing /opt/airflow/dags/trigger_dag_run_dag1.py took 0.078 seconds
[2024-03-16T09:32:49.856+0000] {processor.py:161} INFO - Started process (PID=103) to work on /opt/airflow/dags/trigger_dag_run_dag1.py
[2024-03-16T09:32:49.857+0000] {processor.py:830} INFO - Processing file /opt/airflow/dags/trigger_dag_run_dag1.py for tasks to queue
[2024-03-16T09:32:49.858+0000] {logging_mixin.py:188} INFO - [2024-03-16T09:32:49.858+0000] {dagbag.py:540} INFO - Filling up the DagBag from /opt/airflow/dags/trigger_dag_run_dag1.py
[2024-03-16T09:32:49.867+0000] {processor.py:840} INFO - DAG(s) 'trigger_dag_run_dag1' retrieved from /opt/airflow/dags/trigger_dag_run_dag1.py
[2024-03-16T09:32:49.890+0000] {logging_mixin.py:188} INFO - [2024-03-16T09:32:49.890+0000] {dag.py:3047} INFO - Sync 1 DAGs
[2024-03-16T09:32:49.905+0000] {logging_mixin.py:188} INFO - [2024-03-16T09:32:49.905+0000] {dag.py:3834} INFO - Setting next_dagrun for trigger_dag_run_dag1 to None, run_after=None
[2024-03-16T09:32:49.946+0000] {processor.py:183} INFO - Processing /opt/airflow/dags/trigger_dag_run_dag1.py took 0.092 seconds
[2024-03-16T09:33:20.064+0000] {processor.py:161} INFO - Started process (PID=122) to work on /opt/airflow/dags/trigger_dag_run_dag1.py
[2024-03-16T09:33:20.064+0000] {processor.py:830} INFO - Processing file /opt/airflow/dags/trigger_dag_run_dag1.py for tasks to queue
[2024-03-16T09:33:20.065+0000] {logging_mixin.py:188} INFO - [2024-03-16T09:33:20.065+0000] {dagbag.py:540} INFO - Filling up the DagBag from /opt/airflow/dags/trigger_dag_run_dag1.py
[2024-03-16T09:33:20.077+0000] {processor.py:840} INFO - DAG(s) 'trigger_dag_run_dag1' retrieved from /opt/airflow/dags/trigger_dag_run_dag1.py
[2024-03-16T09:33:20.102+0000] {logging_mixin.py:188} INFO - [2024-03-16T09:33:20.102+0000] {dag.py:3047} INFO - Sync 1 DAGs
[2024-03-16T09:33:20.119+0000] {logging_mixin.py:188} INFO - [2024-03-16T09:33:20.118+0000] {dag.py:3834} INFO - Setting next_dagrun for trigger_dag_run_dag1 to None, run_after=None
[2024-03-16T09:33:20.133+0000] {processor.py:183} INFO - Processing /opt/airflow/dags/trigger_dag_run_dag1.py took 0.071 seconds
[2024-03-16T09:33:50.371+0000] {processor.py:161} INFO - Started process (PID=141) to work on /opt/airflow/dags/trigger_dag_run_dag1.py
[2024-03-16T09:33:50.371+0000] {processor.py:830} INFO - Processing file /opt/airflow/dags/trigger_dag_run_dag1.py for tasks to queue
[2024-03-16T09:33:50.372+0000] {logging_mixin.py:188} INFO - [2024-03-16T09:33:50.372+0000] {dagbag.py:540} INFO - Filling up the DagBag from /opt/airflow/dags/trigger_dag_run_dag1.py
[2024-03-16T09:33:50.382+0000] {processor.py:840} INFO - DAG(s) 'trigger_dag_run_dag1' retrieved from /opt/airflow/dags/trigger_dag_run_dag1.py
[2024-03-16T09:33:50.414+0000] {logging_mixin.py:188} INFO - [2024-03-16T09:33:50.414+0000] {dag.py:3047} INFO - Sync 1 DAGs
[2024-03-16T09:33:50.435+0000] {logging_mixin.py:188} INFO - [2024-03-16T09:33:50.435+0000] {dag.py:3834} INFO - Setting next_dagrun for trigger_dag_run_dag1 to None, run_after=None
[2024-03-16T09:33:50.456+0000] {processor.py:183} INFO - Processing /opt/airflow/dags/trigger_dag_run_dag1.py took 0.087 seconds
[2024-03-16T09:34:20.681+0000] {processor.py:161} INFO - Started process (PID=162) to work on /opt/airflow/dags/trigger_dag_run_dag1.py
[2024-03-16T09:34:20.682+0000] {processor.py:830} INFO - Processing file /opt/airflow/dags/trigger_dag_run_dag1.py for tasks to queue
[2024-03-16T09:34:20.683+0000] {logging_mixin.py:188} INFO - [2024-03-16T09:34:20.683+0000] {dagbag.py:540} INFO - Filling up the DagBag from /opt/airflow/dags/trigger_dag_run_dag1.py
[2024-03-16T09:34:20.693+0000] {processor.py:840} INFO - DAG(s) 'trigger_dag_run_dag1' retrieved from /opt/airflow/dags/trigger_dag_run_dag1.py
[2024-03-16T09:34:20.715+0000] {logging_mixin.py:188} INFO - [2024-03-16T09:34:20.715+0000] {dag.py:3047} INFO - Sync 1 DAGs
[2024-03-16T09:34:20.731+0000] {logging_mixin.py:188} INFO - [2024-03-16T09:34:20.731+0000] {dag.py:3834} INFO - Setting next_dagrun for trigger_dag_run_dag1 to None, run_after=None
[2024-03-16T09:34:20.744+0000] {processor.py:183} INFO - Processing /opt/airflow/dags/trigger_dag_run_dag1.py took 0.065 seconds
[2024-03-16T09:34:50.871+0000] {processor.py:161} INFO - Started process (PID=182) to work on /opt/airflow/dags/trigger_dag_run_dag1.py
[2024-03-16T09:34:50.871+0000] {processor.py:830} INFO - Processing file /opt/airflow/dags/trigger_dag_run_dag1.py for tasks to queue
[2024-03-16T09:34:50.872+0000] {logging_mixin.py:188} INFO - [2024-03-16T09:34:50.872+0000] {dagbag.py:540} INFO - Filling up the DagBag from /opt/airflow/dags/trigger_dag_run_dag1.py
[2024-03-16T09:34:50.884+0000] {processor.py:840} INFO - DAG(s) 'trigger_dag_run_dag1' retrieved from /opt/airflow/dags/trigger_dag_run_dag1.py
[2024-03-16T09:34:50.907+0000] {logging_mixin.py:188} INFO - [2024-03-16T09:34:50.907+0000] {dag.py:3047} INFO - Sync 1 DAGs
[2024-03-16T09:34:50.925+0000] {logging_mixin.py:188} INFO - [2024-03-16T09:34:50.924+0000] {dag.py:3834} INFO - Setting next_dagrun for trigger_dag_run_dag1 to None, run_after=None
[2024-03-16T09:34:50.945+0000] {processor.py:183} INFO - Processing /opt/airflow/dags/trigger_dag_run_dag1.py took 0.076 seconds
[2024-03-16T09:35:21.137+0000] {processor.py:161} INFO - Started process (PID=202) to work on /opt/airflow/dags/trigger_dag_run_dag1.py
[2024-03-16T09:35:21.138+0000] {processor.py:830} INFO - Processing file /opt/airflow/dags/trigger_dag_run_dag1.py for tasks to queue
[2024-03-16T09:35:21.138+0000] {logging_mixin.py:188} INFO - [2024-03-16T09:35:21.138+0000] {dagbag.py:540} INFO - Filling up the DagBag from /opt/airflow/dags/trigger_dag_run_dag1.py
[2024-03-16T09:35:21.148+0000] {processor.py:840} INFO - DAG(s) 'trigger_dag_run_dag1' retrieved from /opt/airflow/dags/trigger_dag_run_dag1.py
[2024-03-16T09:35:21.170+0000] {logging_mixin.py:188} INFO - [2024-03-16T09:35:21.170+0000] {dag.py:3047} INFO - Sync 1 DAGs
[2024-03-16T09:35:21.189+0000] {logging_mixin.py:188} INFO - [2024-03-16T09:35:21.189+0000] {dag.py:3834} INFO - Setting next_dagrun for trigger_dag_run_dag1 to None, run_after=None
[2024-03-16T09:35:21.211+0000] {processor.py:183} INFO - Processing /opt/airflow/dags/trigger_dag_run_dag1.py took 0.075 seconds
[2024-03-16T09:35:51.488+0000] {processor.py:161} INFO - Started process (PID=221) to work on /opt/airflow/dags/trigger_dag_run_dag1.py
[2024-03-16T09:35:51.489+0000] {processor.py:830} INFO - Processing file /opt/airflow/dags/trigger_dag_run_dag1.py for tasks to queue
[2024-03-16T09:35:51.489+0000] {logging_mixin.py:188} INFO - [2024-03-16T09:35:51.489+0000] {dagbag.py:540} INFO - Filling up the DagBag from /opt/airflow/dags/trigger_dag_run_dag1.py
[2024-03-16T09:35:51.499+0000] {processor.py:840} INFO - DAG(s) 'trigger_dag_run_dag1' retrieved from /opt/airflow/dags/trigger_dag_run_dag1.py
[2024-03-16T09:35:51.524+0000] {logging_mixin.py:188} INFO - [2024-03-16T09:35:51.524+0000] {dag.py:3047} INFO - Sync 1 DAGs
[2024-03-16T09:35:51.540+0000] {logging_mixin.py:188} INFO - [2024-03-16T09:35:51.540+0000] {dag.py:3834} INFO - Setting next_dagrun for trigger_dag_run_dag1 to None, run_after=None
[2024-03-16T09:35:51.564+0000] {processor.py:183} INFO - Processing /opt/airflow/dags/trigger_dag_run_dag1.py took 0.078 seconds
[2024-03-16T09:36:21.937+0000] {processor.py:161} INFO - Started process (PID=242) to work on /opt/airflow/dags/trigger_dag_run_dag1.py
[2024-03-16T09:36:21.938+0000] {processor.py:830} INFO - Processing file /opt/airflow/dags/trigger_dag_run_dag1.py for tasks to queue
[2024-03-16T09:36:21.938+0000] {logging_mixin.py:188} INFO - [2024-03-16T09:36:21.938+0000] {dagbag.py:540} INFO - Filling up the DagBag from /opt/airflow/dags/trigger_dag_run_dag1.py
[2024-03-16T09:36:21.952+0000] {processor.py:840} INFO - DAG(s) 'trigger_dag_run_dag1' retrieved from /opt/airflow/dags/trigger_dag_run_dag1.py
[2024-03-16T09:36:21.977+0000] {logging_mixin.py:188} INFO - [2024-03-16T09:36:21.976+0000] {dag.py:3047} INFO - Sync 1 DAGs
[2024-03-16T09:36:21.996+0000] {logging_mixin.py:188} INFO - [2024-03-16T09:36:21.995+0000] {dag.py:3834} INFO - Setting next_dagrun for trigger_dag_run_dag1 to None, run_after=None
[2024-03-16T09:36:22.017+0000] {processor.py:183} INFO - Processing /opt/airflow/dags/trigger_dag_run_dag1.py took 0.081 seconds
[2024-03-16T09:36:52.072+0000] {processor.py:161} INFO - Started process (PID=262) to work on /opt/airflow/dags/trigger_dag_run_dag1.py
[2024-03-16T09:36:52.073+0000] {processor.py:830} INFO - Processing file /opt/airflow/dags/trigger_dag_run_dag1.py for tasks to queue
[2024-03-16T09:36:52.073+0000] {logging_mixin.py:188} INFO - [2024-03-16T09:36:52.073+0000] {dagbag.py:540} INFO - Filling up the DagBag from /opt/airflow/dags/trigger_dag_run_dag1.py
[2024-03-16T09:36:52.085+0000] {processor.py:840} INFO - DAG(s) 'trigger_dag_run_dag1' retrieved from /opt/airflow/dags/trigger_dag_run_dag1.py
[2024-03-16T09:36:52.111+0000] {logging_mixin.py:188} INFO - [2024-03-16T09:36:52.110+0000] {dag.py:3047} INFO - Sync 1 DAGs
[2024-03-16T09:36:52.130+0000] {logging_mixin.py:188} INFO - [2024-03-16T09:36:52.130+0000] {dag.py:3834} INFO - Setting next_dagrun for trigger_dag_run_dag1 to None, run_after=None
[2024-03-16T09:36:52.150+0000] {processor.py:183} INFO - Processing /opt/airflow/dags/trigger_dag_run_dag1.py took 0.080 seconds
[2024-03-16T09:37:22.372+0000] {processor.py:161} INFO - Started process (PID=281) to work on /opt/airflow/dags/trigger_dag_run_dag1.py
[2024-03-16T09:37:22.372+0000] {processor.py:830} INFO - Processing file /opt/airflow/dags/trigger_dag_run_dag1.py for tasks to queue
[2024-03-16T09:37:22.373+0000] {logging_mixin.py:188} INFO - [2024-03-16T09:37:22.373+0000] {dagbag.py:540} INFO - Filling up the DagBag from /opt/airflow/dags/trigger_dag_run_dag1.py
[2024-03-16T09:37:22.385+0000] {processor.py:840} INFO - DAG(s) 'trigger_dag_run_dag1' retrieved from /opt/airflow/dags/trigger_dag_run_dag1.py
[2024-03-16T09:37:22.406+0000] {logging_mixin.py:188} INFO - [2024-03-16T09:37:22.406+0000] {dag.py:3047} INFO - Sync 1 DAGs
[2024-03-16T09:37:22.422+0000] {logging_mixin.py:188} INFO - [2024-03-16T09:37:22.422+0000] {dag.py:3834} INFO - Setting next_dagrun for trigger_dag_run_dag1 to None, run_after=None
[2024-03-16T09:37:22.436+0000] {processor.py:183} INFO - Processing /opt/airflow/dags/trigger_dag_run_dag1.py took 0.066 seconds
[2024-03-16T09:37:52.801+0000] {processor.py:161} INFO - Started process (PID=300) to work on /opt/airflow/dags/trigger_dag_run_dag1.py
[2024-03-16T09:37:52.801+0000] {processor.py:830} INFO - Processing file /opt/airflow/dags/trigger_dag_run_dag1.py for tasks to queue
[2024-03-16T09:37:52.802+0000] {logging_mixin.py:188} INFO - [2024-03-16T09:37:52.802+0000] {dagbag.py:540} INFO - Filling up the DagBag from /opt/airflow/dags/trigger_dag_run_dag1.py
[2024-03-16T09:37:52.812+0000] {processor.py:840} INFO - DAG(s) 'trigger_dag_run_dag1' retrieved from /opt/airflow/dags/trigger_dag_run_dag1.py
[2024-03-16T09:37:52.832+0000] {logging_mixin.py:188} INFO - [2024-03-16T09:37:52.832+0000] {dag.py:3047} INFO - Sync 1 DAGs
[2024-03-16T09:37:52.857+0000] {logging_mixin.py:188} INFO - [2024-03-16T09:37:52.857+0000] {dag.py:3834} INFO - Setting next_dagrun for trigger_dag_run_dag1 to None, run_after=None
[2024-03-16T09:37:52.871+0000] {processor.py:183} INFO - Processing /opt/airflow/dags/trigger_dag_run_dag1.py took 0.072 seconds
[2024-03-16T09:38:23.180+0000] {processor.py:161} INFO - Started process (PID=320) to work on /opt/airflow/dags/trigger_dag_run_dag1.py
[2024-03-16T09:38:23.181+0000] {processor.py:830} INFO - Processing file /opt/airflow/dags/trigger_dag_run_dag1.py for tasks to queue
[2024-03-16T09:38:23.181+0000] {logging_mixin.py:188} INFO - [2024-03-16T09:38:23.181+0000] {dagbag.py:540} INFO - Filling up the DagBag from /opt/airflow/dags/trigger_dag_run_dag1.py
[2024-03-16T09:38:23.191+0000] {processor.py:840} INFO - DAG(s) 'trigger_dag_run_dag1' retrieved from /opt/airflow/dags/trigger_dag_run_dag1.py
[2024-03-16T09:38:23.209+0000] {logging_mixin.py:188} INFO - [2024-03-16T09:38:23.209+0000] {dag.py:3047} INFO - Sync 1 DAGs
[2024-03-16T09:38:23.225+0000] {logging_mixin.py:188} INFO - [2024-03-16T09:38:23.225+0000] {dag.py:3834} INFO - Setting next_dagrun for trigger_dag_run_dag1 to None, run_after=None
[2024-03-16T09:38:23.238+0000] {processor.py:183} INFO - Processing /opt/airflow/dags/trigger_dag_run_dag1.py took 0.060 seconds
[2024-03-16T09:38:53.330+0000] {processor.py:161} INFO - Started process (PID=339) to work on /opt/airflow/dags/trigger_dag_run_dag1.py
[2024-03-16T09:38:53.331+0000] {processor.py:830} INFO - Processing file /opt/airflow/dags/trigger_dag_run_dag1.py for tasks to queue
[2024-03-16T09:38:53.331+0000] {logging_mixin.py:188} INFO - [2024-03-16T09:38:53.331+0000] {dagbag.py:540} INFO - Filling up the DagBag from /opt/airflow/dags/trigger_dag_run_dag1.py
[2024-03-16T09:38:53.342+0000] {processor.py:840} INFO - DAG(s) 'trigger_dag_run_dag1' retrieved from /opt/airflow/dags/trigger_dag_run_dag1.py
[2024-03-16T09:38:53.364+0000] {logging_mixin.py:188} INFO - [2024-03-16T09:38:53.364+0000] {dag.py:3047} INFO - Sync 1 DAGs
[2024-03-16T09:38:53.379+0000] {logging_mixin.py:188} INFO - [2024-03-16T09:38:53.379+0000] {dag.py:3834} INFO - Setting next_dagrun for trigger_dag_run_dag1 to None, run_after=None
[2024-03-16T09:38:53.394+0000] {processor.py:183} INFO - Processing /opt/airflow/dags/trigger_dag_run_dag1.py took 0.066 seconds
[2024-03-16T09:39:23.777+0000] {processor.py:161} INFO - Started process (PID=362) to work on /opt/airflow/dags/trigger_dag_run_dag1.py
[2024-03-16T09:39:23.778+0000] {processor.py:830} INFO - Processing file /opt/airflow/dags/trigger_dag_run_dag1.py for tasks to queue
[2024-03-16T09:39:23.778+0000] {logging_mixin.py:188} INFO - [2024-03-16T09:39:23.778+0000] {dagbag.py:540} INFO - Filling up the DagBag from /opt/airflow/dags/trigger_dag_run_dag1.py
[2024-03-16T09:39:23.790+0000] {processor.py:840} INFO - DAG(s) 'trigger_dag_run_dag1' retrieved from /opt/airflow/dags/trigger_dag_run_dag1.py
[2024-03-16T09:39:23.813+0000] {logging_mixin.py:188} INFO - [2024-03-16T09:39:23.813+0000] {dag.py:3047} INFO - Sync 1 DAGs
[2024-03-16T09:39:23.830+0000] {logging_mixin.py:188} INFO - [2024-03-16T09:39:23.830+0000] {dag.py:3834} INFO - Setting next_dagrun for trigger_dag_run_dag1 to None, run_after=None
[2024-03-16T09:39:23.844+0000] {processor.py:183} INFO - Processing /opt/airflow/dags/trigger_dag_run_dag1.py took 0.069 seconds
[2024-03-16T09:39:54.794+0000] {processor.py:161} INFO - Started process (PID=382) to work on /opt/airflow/dags/trigger_dag_run_dag1.py
[2024-03-16T09:39:54.794+0000] {processor.py:830} INFO - Processing file /opt/airflow/dags/trigger_dag_run_dag1.py for tasks to queue
[2024-03-16T09:39:54.795+0000] {logging_mixin.py:188} INFO - [2024-03-16T09:39:54.795+0000] {dagbag.py:540} INFO - Filling up the DagBag from /opt/airflow/dags/trigger_dag_run_dag1.py
[2024-03-16T09:39:54.805+0000] {processor.py:840} INFO - DAG(s) 'trigger_dag_run_dag1' retrieved from /opt/airflow/dags/trigger_dag_run_dag1.py
[2024-03-16T09:39:54.824+0000] {logging_mixin.py:188} INFO - [2024-03-16T09:39:54.824+0000] {dag.py:3047} INFO - Sync 1 DAGs
[2024-03-16T09:39:54.840+0000] {logging_mixin.py:188} INFO - [2024-03-16T09:39:54.840+0000] {dag.py:3834} INFO - Setting next_dagrun for trigger_dag_run_dag1 to None, run_after=None
[2024-03-16T09:39:54.865+0000] {processor.py:183} INFO - Processing /opt/airflow/dags/trigger_dag_run_dag1.py took 0.073 seconds
[2024-03-16T09:40:25.017+0000] {processor.py:161} INFO - Started process (PID=401) to work on /opt/airflow/dags/trigger_dag_run_dag1.py
[2024-03-16T09:40:25.018+0000] {processor.py:830} INFO - Processing file /opt/airflow/dags/trigger_dag_run_dag1.py for tasks to queue
[2024-03-16T09:40:25.018+0000] {logging_mixin.py:188} INFO - [2024-03-16T09:40:25.018+0000] {dagbag.py:540} INFO - Filling up the DagBag from /opt/airflow/dags/trigger_dag_run_dag1.py
[2024-03-16T09:40:25.029+0000] {processor.py:840} INFO - DAG(s) 'trigger_dag_run_dag1' retrieved from /opt/airflow/dags/trigger_dag_run_dag1.py
[2024-03-16T09:40:25.053+0000] {logging_mixin.py:188} INFO - [2024-03-16T09:40:25.052+0000] {dag.py:3047} INFO - Sync 1 DAGs
[2024-03-16T09:40:25.073+0000] {logging_mixin.py:188} INFO - [2024-03-16T09:40:25.073+0000] {dag.py:3834} INFO - Setting next_dagrun for trigger_dag_run_dag1 to None, run_after=None
[2024-03-16T09:40:25.088+0000] {processor.py:183} INFO - Processing /opt/airflow/dags/trigger_dag_run_dag1.py took 0.072 seconds
[2024-03-16T09:40:55.333+0000] {processor.py:161} INFO - Started process (PID=420) to work on /opt/airflow/dags/trigger_dag_run_dag1.py
[2024-03-16T09:40:55.334+0000] {processor.py:830} INFO - Processing file /opt/airflow/dags/trigger_dag_run_dag1.py for tasks to queue
[2024-03-16T09:40:55.335+0000] {logging_mixin.py:188} INFO - [2024-03-16T09:40:55.335+0000] {dagbag.py:540} INFO - Filling up the DagBag from /opt/airflow/dags/trigger_dag_run_dag1.py
[2024-03-16T09:40:55.346+0000] {processor.py:840} INFO - DAG(s) 'trigger_dag_run_dag1' retrieved from /opt/airflow/dags/trigger_dag_run_dag1.py
[2024-03-16T09:40:55.366+0000] {logging_mixin.py:188} INFO - [2024-03-16T09:40:55.366+0000] {dag.py:3047} INFO - Sync 1 DAGs
[2024-03-16T09:40:55.382+0000] {logging_mixin.py:188} INFO - [2024-03-16T09:40:55.382+0000] {dag.py:3834} INFO - Setting next_dagrun for trigger_dag_run_dag1 to None, run_after=None
[2024-03-16T09:40:55.394+0000] {processor.py:183} INFO - Processing /opt/airflow/dags/trigger_dag_run_dag1.py took 0.063 seconds
[2024-03-16T09:41:25.546+0000] {processor.py:161} INFO - Started process (PID=439) to work on /opt/airflow/dags/trigger_dag_run_dag1.py
[2024-03-16T09:41:25.546+0000] {processor.py:830} INFO - Processing file /opt/airflow/dags/trigger_dag_run_dag1.py for tasks to queue
[2024-03-16T09:41:25.547+0000] {logging_mixin.py:188} INFO - [2024-03-16T09:41:25.547+0000] {dagbag.py:540} INFO - Filling up the DagBag from /opt/airflow/dags/trigger_dag_run_dag1.py
[2024-03-16T09:41:25.559+0000] {processor.py:840} INFO - DAG(s) 'trigger_dag_run_dag1' retrieved from /opt/airflow/dags/trigger_dag_run_dag1.py
[2024-03-16T09:41:25.582+0000] {logging_mixin.py:188} INFO - [2024-03-16T09:41:25.581+0000] {dag.py:3047} INFO - Sync 1 DAGs
[2024-03-16T09:41:25.600+0000] {logging_mixin.py:188} INFO - [2024-03-16T09:41:25.600+0000] {dag.py:3834} INFO - Setting next_dagrun for trigger_dag_run_dag1 to None, run_after=None
[2024-03-16T09:41:25.619+0000] {processor.py:183} INFO - Processing /opt/airflow/dags/trigger_dag_run_dag1.py took 0.075 seconds
[2024-03-16T09:41:55.854+0000] {processor.py:161} INFO - Started process (PID=458) to work on /opt/airflow/dags/trigger_dag_run_dag1.py
[2024-03-16T09:41:55.854+0000] {processor.py:830} INFO - Processing file /opt/airflow/dags/trigger_dag_run_dag1.py for tasks to queue
[2024-03-16T09:41:55.855+0000] {logging_mixin.py:188} INFO - [2024-03-16T09:41:55.855+0000] {dagbag.py:540} INFO - Filling up the DagBag from /opt/airflow/dags/trigger_dag_run_dag1.py
[2024-03-16T09:41:55.865+0000] {processor.py:840} INFO - DAG(s) 'trigger_dag_run_dag1' retrieved from /opt/airflow/dags/trigger_dag_run_dag1.py
[2024-03-16T09:41:55.888+0000] {logging_mixin.py:188} INFO - [2024-03-16T09:41:55.888+0000] {dag.py:3047} INFO - Sync 1 DAGs
[2024-03-16T09:41:55.903+0000] {logging_mixin.py:188} INFO - [2024-03-16T09:41:55.903+0000] {dag.py:3834} INFO - Setting next_dagrun for trigger_dag_run_dag1 to None, run_after=None
[2024-03-16T09:41:55.919+0000] {processor.py:183} INFO - Processing /opt/airflow/dags/trigger_dag_run_dag1.py took 0.067 seconds
