[2024-03-16T09:31:17.853+0000] {processor.py:161} INFO - Started process (PID=45) to work on /opt/airflow/dags/trigger_dag_run_dag2.py
[2024-03-16T09:31:17.854+0000] {processor.py:830} INFO - Processing file /opt/airflow/dags/trigger_dag_run_dag2.py for tasks to queue
[2024-03-16T09:31:17.857+0000] {logging_mixin.py:188} INFO - [2024-03-16T09:31:17.856+0000] {dagbag.py:540} INFO - Filling up the DagBag from /opt/airflow/dags/trigger_dag_run_dag2.py
[2024-03-16T09:31:17.871+0000] {processor.py:840} INFO - DAG(s) 'trigger_dag_run_dag2' retrieved from /opt/airflow/dags/trigger_dag_run_dag2.py
[2024-03-16T09:31:17.948+0000] {logging_mixin.py:188} INFO - [2024-03-16T09:31:17.948+0000] {dag.py:3047} INFO - Sync 1 DAGs
[2024-03-16T09:31:17.975+0000] {logging_mixin.py:188} INFO - [2024-03-16T09:31:17.974+0000] {dag.py:3834} INFO - Setting next_dagrun for trigger_dag_run_dag2 to None, run_after=None
[2024-03-16T09:31:18.004+0000] {processor.py:183} INFO - Processing /opt/airflow/dags/trigger_dag_run_dag2.py took 0.154 seconds
[2024-03-16T09:31:48.450+0000] {processor.py:161} INFO - Started process (PID=64) to work on /opt/airflow/dags/trigger_dag_run_dag2.py
[2024-03-16T09:31:48.450+0000] {processor.py:830} INFO - Processing file /opt/airflow/dags/trigger_dag_run_dag2.py for tasks to queue
[2024-03-16T09:31:48.451+0000] {logging_mixin.py:188} INFO - [2024-03-16T09:31:48.451+0000] {dagbag.py:540} INFO - Filling up the DagBag from /opt/airflow/dags/trigger_dag_run_dag2.py
[2024-03-16T09:31:48.463+0000] {processor.py:840} INFO - DAG(s) 'trigger_dag_run_dag2' retrieved from /opt/airflow/dags/trigger_dag_run_dag2.py
[2024-03-16T09:31:48.486+0000] {logging_mixin.py:188} INFO - [2024-03-16T09:31:48.486+0000] {dag.py:3047} INFO - Sync 1 DAGs
[2024-03-16T09:31:48.507+0000] {logging_mixin.py:188} INFO - [2024-03-16T09:31:48.507+0000] {dag.py:3834} INFO - Setting next_dagrun for trigger_dag_run_dag2 to None, run_after=None
[2024-03-16T09:31:48.524+0000] {processor.py:183} INFO - Processing /opt/airflow/dags/trigger_dag_run_dag2.py took 0.076 seconds
[2024-03-16T09:32:18.683+0000] {processor.py:161} INFO - Started process (PID=83) to work on /opt/airflow/dags/trigger_dag_run_dag2.py
[2024-03-16T09:32:18.684+0000] {processor.py:830} INFO - Processing file /opt/airflow/dags/trigger_dag_run_dag2.py for tasks to queue
[2024-03-16T09:32:18.685+0000] {logging_mixin.py:188} INFO - [2024-03-16T09:32:18.684+0000] {dagbag.py:540} INFO - Filling up the DagBag from /opt/airflow/dags/trigger_dag_run_dag2.py
[2024-03-16T09:32:18.695+0000] {processor.py:840} INFO - DAG(s) 'trigger_dag_run_dag2' retrieved from /opt/airflow/dags/trigger_dag_run_dag2.py
[2024-03-16T09:32:18.723+0000] {logging_mixin.py:188} INFO - [2024-03-16T09:32:18.723+0000] {dag.py:3047} INFO - Sync 1 DAGs
[2024-03-16T09:32:18.739+0000] {logging_mixin.py:188} INFO - [2024-03-16T09:32:18.738+0000] {dag.py:3834} INFO - Setting next_dagrun for trigger_dag_run_dag2 to None, run_after=None
[2024-03-16T09:32:18.750+0000] {processor.py:183} INFO - Processing /opt/airflow/dags/trigger_dag_run_dag2.py took 0.069 seconds
[2024-03-16T09:32:49.853+0000] {processor.py:161} INFO - Started process (PID=102) to work on /opt/airflow/dags/trigger_dag_run_dag2.py
[2024-03-16T09:32:49.854+0000] {processor.py:830} INFO - Processing file /opt/airflow/dags/trigger_dag_run_dag2.py for tasks to queue
[2024-03-16T09:32:49.855+0000] {logging_mixin.py:188} INFO - [2024-03-16T09:32:49.855+0000] {dagbag.py:540} INFO - Filling up the DagBag from /opt/airflow/dags/trigger_dag_run_dag2.py
[2024-03-16T09:32:49.866+0000] {processor.py:840} INFO - DAG(s) 'trigger_dag_run_dag2' retrieved from /opt/airflow/dags/trigger_dag_run_dag2.py
[2024-03-16T09:32:49.888+0000] {logging_mixin.py:188} INFO - [2024-03-16T09:32:49.888+0000] {dag.py:3047} INFO - Sync 1 DAGs
[2024-03-16T09:32:49.905+0000] {logging_mixin.py:188} INFO - [2024-03-16T09:32:49.905+0000] {dag.py:3834} INFO - Setting next_dagrun for trigger_dag_run_dag2 to None, run_after=None
[2024-03-16T09:32:49.930+0000] {processor.py:183} INFO - Processing /opt/airflow/dags/trigger_dag_run_dag2.py took 0.079 seconds
[2024-03-16T09:33:19.974+0000] {processor.py:161} INFO - Started process (PID=121) to work on /opt/airflow/dags/trigger_dag_run_dag2.py
[2024-03-16T09:33:19.974+0000] {processor.py:830} INFO - Processing file /opt/airflow/dags/trigger_dag_run_dag2.py for tasks to queue
[2024-03-16T09:33:19.976+0000] {logging_mixin.py:188} INFO - [2024-03-16T09:33:19.975+0000] {dagbag.py:540} INFO - Filling up the DagBag from /opt/airflow/dags/trigger_dag_run_dag2.py
[2024-03-16T09:33:19.985+0000] {processor.py:840} INFO - DAG(s) 'trigger_dag_run_dag2' retrieved from /opt/airflow/dags/trigger_dag_run_dag2.py
[2024-03-16T09:33:20.006+0000] {logging_mixin.py:188} INFO - [2024-03-16T09:33:20.006+0000] {dag.py:3047} INFO - Sync 1 DAGs
[2024-03-16T09:33:20.023+0000] {logging_mixin.py:188} INFO - [2024-03-16T09:33:20.023+0000] {dag.py:3834} INFO - Setting next_dagrun for trigger_dag_run_dag2 to None, run_after=None
[2024-03-16T09:33:20.043+0000] {processor.py:183} INFO - Processing /opt/airflow/dags/trigger_dag_run_dag2.py took 0.071 seconds
[2024-03-16T09:33:50.257+0000] {processor.py:161} INFO - Started process (PID=140) to work on /opt/airflow/dags/trigger_dag_run_dag2.py
[2024-03-16T09:33:50.258+0000] {processor.py:830} INFO - Processing file /opt/airflow/dags/trigger_dag_run_dag2.py for tasks to queue
[2024-03-16T09:33:50.259+0000] {logging_mixin.py:188} INFO - [2024-03-16T09:33:50.259+0000] {dagbag.py:540} INFO - Filling up the DagBag from /opt/airflow/dags/trigger_dag_run_dag2.py
[2024-03-16T09:33:50.270+0000] {processor.py:840} INFO - DAG(s) 'trigger_dag_run_dag2' retrieved from /opt/airflow/dags/trigger_dag_run_dag2.py
[2024-03-16T09:33:50.293+0000] {logging_mixin.py:188} INFO - [2024-03-16T09:33:50.293+0000] {dag.py:3047} INFO - Sync 1 DAGs
[2024-03-16T09:33:50.309+0000] {logging_mixin.py:188} INFO - [2024-03-16T09:33:50.309+0000] {dag.py:3834} INFO - Setting next_dagrun for trigger_dag_run_dag2 to None, run_after=None
[2024-03-16T09:33:50.322+0000] {processor.py:183} INFO - Processing /opt/airflow/dags/trigger_dag_run_dag2.py took 0.066 seconds
[2024-03-16T09:34:20.587+0000] {processor.py:161} INFO - Started process (PID=160) to work on /opt/airflow/dags/trigger_dag_run_dag2.py
[2024-03-16T09:34:20.588+0000] {processor.py:830} INFO - Processing file /opt/airflow/dags/trigger_dag_run_dag2.py for tasks to queue
[2024-03-16T09:34:20.589+0000] {logging_mixin.py:188} INFO - [2024-03-16T09:34:20.589+0000] {dagbag.py:540} INFO - Filling up the DagBag from /opt/airflow/dags/trigger_dag_run_dag2.py
[2024-03-16T09:34:20.599+0000] {processor.py:840} INFO - DAG(s) 'trigger_dag_run_dag2' retrieved from /opt/airflow/dags/trigger_dag_run_dag2.py
[2024-03-16T09:34:20.628+0000] {logging_mixin.py:188} INFO - [2024-03-16T09:34:20.628+0000] {dag.py:3047} INFO - Sync 1 DAGs
[2024-03-16T09:34:20.646+0000] {logging_mixin.py:188} INFO - [2024-03-16T09:34:20.646+0000] {dag.py:3834} INFO - Setting next_dagrun for trigger_dag_run_dag2 to None, run_after=None
[2024-03-16T09:34:20.668+0000] {processor.py:183} INFO - Processing /opt/airflow/dags/trigger_dag_run_dag2.py took 0.083 seconds
[2024-03-16T09:34:50.868+0000] {processor.py:161} INFO - Started process (PID=181) to work on /opt/airflow/dags/trigger_dag_run_dag2.py
[2024-03-16T09:34:50.868+0000] {processor.py:830} INFO - Processing file /opt/airflow/dags/trigger_dag_run_dag2.py for tasks to queue
[2024-03-16T09:34:50.869+0000] {logging_mixin.py:188} INFO - [2024-03-16T09:34:50.869+0000] {dagbag.py:540} INFO - Filling up the DagBag from /opt/airflow/dags/trigger_dag_run_dag2.py
[2024-03-16T09:34:50.880+0000] {processor.py:840} INFO - DAG(s) 'trigger_dag_run_dag2' retrieved from /opt/airflow/dags/trigger_dag_run_dag2.py
[2024-03-16T09:34:50.904+0000] {logging_mixin.py:188} INFO - [2024-03-16T09:34:50.904+0000] {dag.py:3047} INFO - Sync 1 DAGs
[2024-03-16T09:34:50.920+0000] {logging_mixin.py:188} INFO - [2024-03-16T09:34:50.919+0000] {dag.py:3834} INFO - Setting next_dagrun for trigger_dag_run_dag2 to None, run_after=None
[2024-03-16T09:34:50.932+0000] {processor.py:183} INFO - Processing /opt/airflow/dags/trigger_dag_run_dag2.py took 0.066 seconds
[2024-03-16T09:35:21.133+0000] {processor.py:161} INFO - Started process (PID=201) to work on /opt/airflow/dags/trigger_dag_run_dag2.py
[2024-03-16T09:35:21.134+0000] {processor.py:830} INFO - Processing file /opt/airflow/dags/trigger_dag_run_dag2.py for tasks to queue
[2024-03-16T09:35:21.135+0000] {logging_mixin.py:188} INFO - [2024-03-16T09:35:21.135+0000] {dagbag.py:540} INFO - Filling up the DagBag from /opt/airflow/dags/trigger_dag_run_dag2.py
[2024-03-16T09:35:21.145+0000] {processor.py:840} INFO - DAG(s) 'trigger_dag_run_dag2' retrieved from /opt/airflow/dags/trigger_dag_run_dag2.py
[2024-03-16T09:35:21.168+0000] {logging_mixin.py:188} INFO - [2024-03-16T09:35:21.168+0000] {dag.py:3047} INFO - Sync 1 DAGs
[2024-03-16T09:35:21.189+0000] {logging_mixin.py:188} INFO - [2024-03-16T09:35:21.189+0000] {dag.py:3834} INFO - Setting next_dagrun for trigger_dag_run_dag2 to None, run_after=None
[2024-03-16T09:35:21.205+0000] {processor.py:183} INFO - Processing /opt/airflow/dags/trigger_dag_run_dag2.py took 0.074 seconds
[2024-03-16T09:35:51.478+0000] {processor.py:161} INFO - Started process (PID=220) to work on /opt/airflow/dags/trigger_dag_run_dag2.py
[2024-03-16T09:35:51.479+0000] {processor.py:830} INFO - Processing file /opt/airflow/dags/trigger_dag_run_dag2.py for tasks to queue
[2024-03-16T09:35:51.480+0000] {logging_mixin.py:188} INFO - [2024-03-16T09:35:51.480+0000] {dagbag.py:540} INFO - Filling up the DagBag from /opt/airflow/dags/trigger_dag_run_dag2.py
[2024-03-16T09:35:51.492+0000] {processor.py:840} INFO - DAG(s) 'trigger_dag_run_dag2' retrieved from /opt/airflow/dags/trigger_dag_run_dag2.py
[2024-03-16T09:35:51.515+0000] {logging_mixin.py:188} INFO - [2024-03-16T09:35:51.515+0000] {dag.py:3047} INFO - Sync 1 DAGs
[2024-03-16T09:35:51.531+0000] {logging_mixin.py:188} INFO - [2024-03-16T09:35:51.531+0000] {dag.py:3834} INFO - Setting next_dagrun for trigger_dag_run_dag2 to None, run_after=None
[2024-03-16T09:35:51.543+0000] {processor.py:183} INFO - Processing /opt/airflow/dags/trigger_dag_run_dag2.py took 0.067 seconds
[2024-03-16T09:36:21.836+0000] {processor.py:161} INFO - Started process (PID=241) to work on /opt/airflow/dags/trigger_dag_run_dag2.py
[2024-03-16T09:36:21.836+0000] {processor.py:830} INFO - Processing file /opt/airflow/dags/trigger_dag_run_dag2.py for tasks to queue
[2024-03-16T09:36:21.837+0000] {logging_mixin.py:188} INFO - [2024-03-16T09:36:21.837+0000] {dagbag.py:540} INFO - Filling up the DagBag from /opt/airflow/dags/trigger_dag_run_dag2.py
[2024-03-16T09:36:21.850+0000] {processor.py:840} INFO - DAG(s) 'trigger_dag_run_dag2' retrieved from /opt/airflow/dags/trigger_dag_run_dag2.py
[2024-03-16T09:36:21.874+0000] {logging_mixin.py:188} INFO - [2024-03-16T09:36:21.874+0000] {dag.py:3047} INFO - Sync 1 DAGs
[2024-03-16T09:36:21.892+0000] {logging_mixin.py:188} INFO - [2024-03-16T09:36:21.892+0000] {dag.py:3834} INFO - Setting next_dagrun for trigger_dag_run_dag2 to None, run_after=None
[2024-03-16T09:36:21.914+0000] {processor.py:183} INFO - Processing /opt/airflow/dags/trigger_dag_run_dag2.py took 0.080 seconds
[2024-03-16T09:36:51.970+0000] {processor.py:161} INFO - Started process (PID=261) to work on /opt/airflow/dags/trigger_dag_run_dag2.py
[2024-03-16T09:36:51.970+0000] {processor.py:830} INFO - Processing file /opt/airflow/dags/trigger_dag_run_dag2.py for tasks to queue
[2024-03-16T09:36:51.971+0000] {logging_mixin.py:188} INFO - [2024-03-16T09:36:51.971+0000] {dagbag.py:540} INFO - Filling up the DagBag from /opt/airflow/dags/trigger_dag_run_dag2.py
[2024-03-16T09:36:51.983+0000] {processor.py:840} INFO - DAG(s) 'trigger_dag_run_dag2' retrieved from /opt/airflow/dags/trigger_dag_run_dag2.py
[2024-03-16T09:36:52.005+0000] {logging_mixin.py:188} INFO - [2024-03-16T09:36:52.005+0000] {dag.py:3047} INFO - Sync 1 DAGs
[2024-03-16T09:36:52.024+0000] {logging_mixin.py:188} INFO - [2024-03-16T09:36:52.024+0000] {dag.py:3834} INFO - Setting next_dagrun for trigger_dag_run_dag2 to None, run_after=None
[2024-03-16T09:36:52.046+0000] {processor.py:183} INFO - Processing /opt/airflow/dags/trigger_dag_run_dag2.py took 0.078 seconds
[2024-03-16T09:37:22.298+0000] {processor.py:161} INFO - Started process (PID=280) to work on /opt/airflow/dags/trigger_dag_run_dag2.py
[2024-03-16T09:37:22.299+0000] {processor.py:830} INFO - Processing file /opt/airflow/dags/trigger_dag_run_dag2.py for tasks to queue
[2024-03-16T09:37:22.300+0000] {logging_mixin.py:188} INFO - [2024-03-16T09:37:22.299+0000] {dagbag.py:540} INFO - Filling up the DagBag from /opt/airflow/dags/trigger_dag_run_dag2.py
[2024-03-16T09:37:22.310+0000] {processor.py:840} INFO - DAG(s) 'trigger_dag_run_dag2' retrieved from /opt/airflow/dags/trigger_dag_run_dag2.py
[2024-03-16T09:37:22.337+0000] {logging_mixin.py:188} INFO - [2024-03-16T09:37:22.337+0000] {dag.py:3047} INFO - Sync 1 DAGs
[2024-03-16T09:37:22.355+0000] {logging_mixin.py:188} INFO - [2024-03-16T09:37:22.355+0000] {dag.py:3834} INFO - Setting next_dagrun for trigger_dag_run_dag2 to None, run_after=None
[2024-03-16T09:37:22.372+0000] {processor.py:183} INFO - Processing /opt/airflow/dags/trigger_dag_run_dag2.py took 0.075 seconds
[2024-03-16T09:37:52.800+0000] {processor.py:161} INFO - Started process (PID=299) to work on /opt/airflow/dags/trigger_dag_run_dag2.py
[2024-03-16T09:37:52.800+0000] {processor.py:830} INFO - Processing file /opt/airflow/dags/trigger_dag_run_dag2.py for tasks to queue
[2024-03-16T09:37:52.801+0000] {logging_mixin.py:188} INFO - [2024-03-16T09:37:52.801+0000] {dagbag.py:540} INFO - Filling up the DagBag from /opt/airflow/dags/trigger_dag_run_dag2.py
[2024-03-16T09:37:52.812+0000] {processor.py:840} INFO - DAG(s) 'trigger_dag_run_dag2' retrieved from /opt/airflow/dags/trigger_dag_run_dag2.py
[2024-03-16T09:37:52.832+0000] {logging_mixin.py:188} INFO - [2024-03-16T09:37:52.832+0000] {dag.py:3047} INFO - Sync 1 DAGs
[2024-03-16T09:37:52.858+0000] {logging_mixin.py:188} INFO - [2024-03-16T09:37:52.858+0000] {dag.py:3834} INFO - Setting next_dagrun for trigger_dag_run_dag2 to None, run_after=None
[2024-03-16T09:37:52.877+0000] {processor.py:183} INFO - Processing /opt/airflow/dags/trigger_dag_run_dag2.py took 0.080 seconds
[2024-03-16T09:38:23.096+0000] {processor.py:161} INFO - Started process (PID=319) to work on /opt/airflow/dags/trigger_dag_run_dag2.py
[2024-03-16T09:38:23.097+0000] {processor.py:830} INFO - Processing file /opt/airflow/dags/trigger_dag_run_dag2.py for tasks to queue
[2024-03-16T09:38:23.097+0000] {logging_mixin.py:188} INFO - [2024-03-16T09:38:23.097+0000] {dagbag.py:540} INFO - Filling up the DagBag from /opt/airflow/dags/trigger_dag_run_dag2.py
[2024-03-16T09:38:23.107+0000] {processor.py:840} INFO - DAG(s) 'trigger_dag_run_dag2' retrieved from /opt/airflow/dags/trigger_dag_run_dag2.py
[2024-03-16T09:38:23.134+0000] {logging_mixin.py:188} INFO - [2024-03-16T09:38:23.134+0000] {dag.py:3047} INFO - Sync 1 DAGs
[2024-03-16T09:38:23.149+0000] {logging_mixin.py:188} INFO - [2024-03-16T09:38:23.149+0000] {dag.py:3834} INFO - Setting next_dagrun for trigger_dag_run_dag2 to None, run_after=None
[2024-03-16T09:38:23.161+0000] {processor.py:183} INFO - Processing /opt/airflow/dags/trigger_dag_run_dag2.py took 0.067 seconds
[2024-03-16T09:38:53.246+0000] {processor.py:161} INFO - Started process (PID=338) to work on /opt/airflow/dags/trigger_dag_run_dag2.py
[2024-03-16T09:38:53.247+0000] {processor.py:830} INFO - Processing file /opt/airflow/dags/trigger_dag_run_dag2.py for tasks to queue
[2024-03-16T09:38:53.248+0000] {logging_mixin.py:188} INFO - [2024-03-16T09:38:53.247+0000] {dagbag.py:540} INFO - Filling up the DagBag from /opt/airflow/dags/trigger_dag_run_dag2.py
[2024-03-16T09:38:53.260+0000] {processor.py:840} INFO - DAG(s) 'trigger_dag_run_dag2' retrieved from /opt/airflow/dags/trigger_dag_run_dag2.py
[2024-03-16T09:38:53.283+0000] {logging_mixin.py:188} INFO - [2024-03-16T09:38:53.283+0000] {dag.py:3047} INFO - Sync 1 DAGs
[2024-03-16T09:38:53.300+0000] {logging_mixin.py:188} INFO - [2024-03-16T09:38:53.299+0000] {dag.py:3834} INFO - Setting next_dagrun for trigger_dag_run_dag2 to None, run_after=None
[2024-03-16T09:38:53.320+0000] {processor.py:183} INFO - Processing /opt/airflow/dags/trigger_dag_run_dag2.py took 0.076 seconds
[2024-03-16T09:39:23.673+0000] {processor.py:161} INFO - Started process (PID=361) to work on /opt/airflow/dags/trigger_dag_run_dag2.py
[2024-03-16T09:39:23.674+0000] {processor.py:830} INFO - Processing file /opt/airflow/dags/trigger_dag_run_dag2.py for tasks to queue
[2024-03-16T09:39:23.675+0000] {logging_mixin.py:188} INFO - [2024-03-16T09:39:23.674+0000] {dagbag.py:540} INFO - Filling up the DagBag from /opt/airflow/dags/trigger_dag_run_dag2.py
[2024-03-16T09:39:23.686+0000] {processor.py:840} INFO - DAG(s) 'trigger_dag_run_dag2' retrieved from /opt/airflow/dags/trigger_dag_run_dag2.py
[2024-03-16T09:39:23.707+0000] {logging_mixin.py:188} INFO - [2024-03-16T09:39:23.707+0000] {dag.py:3047} INFO - Sync 1 DAGs
[2024-03-16T09:39:23.738+0000] {logging_mixin.py:188} INFO - [2024-03-16T09:39:23.738+0000] {dag.py:3834} INFO - Setting next_dagrun for trigger_dag_run_dag2 to None, run_after=None
[2024-03-16T09:39:23.757+0000] {processor.py:183} INFO - Processing /opt/airflow/dags/trigger_dag_run_dag2.py took 0.086 seconds
[2024-03-16T09:39:54.775+0000] {processor.py:161} INFO - Started process (PID=381) to work on /opt/airflow/dags/trigger_dag_run_dag2.py
[2024-03-16T09:39:54.776+0000] {processor.py:830} INFO - Processing file /opt/airflow/dags/trigger_dag_run_dag2.py for tasks to queue
[2024-03-16T09:39:54.777+0000] {logging_mixin.py:188} INFO - [2024-03-16T09:39:54.777+0000] {dagbag.py:540} INFO - Filling up the DagBag from /opt/airflow/dags/trigger_dag_run_dag2.py
[2024-03-16T09:39:54.790+0000] {processor.py:840} INFO - DAG(s) 'trigger_dag_run_dag2' retrieved from /opt/airflow/dags/trigger_dag_run_dag2.py
[2024-03-16T09:39:54.810+0000] {logging_mixin.py:188} INFO - [2024-03-16T09:39:54.810+0000] {dag.py:3047} INFO - Sync 1 DAGs
[2024-03-16T09:39:54.827+0000] {logging_mixin.py:188} INFO - [2024-03-16T09:39:54.826+0000] {dag.py:3834} INFO - Setting next_dagrun for trigger_dag_run_dag2 to None, run_after=None
[2024-03-16T09:39:54.844+0000] {processor.py:183} INFO - Processing /opt/airflow/dags/trigger_dag_run_dag2.py took 0.070 seconds
[2024-03-16T09:40:24.954+0000] {processor.py:161} INFO - Started process (PID=400) to work on /opt/airflow/dags/trigger_dag_run_dag2.py
[2024-03-16T09:40:24.955+0000] {processor.py:830} INFO - Processing file /opt/airflow/dags/trigger_dag_run_dag2.py for tasks to queue
[2024-03-16T09:40:24.955+0000] {logging_mixin.py:188} INFO - [2024-03-16T09:40:24.955+0000] {dagbag.py:540} INFO - Filling up the DagBag from /opt/airflow/dags/trigger_dag_run_dag2.py
[2024-03-16T09:40:24.967+0000] {processor.py:840} INFO - DAG(s) 'trigger_dag_run_dag2' retrieved from /opt/airflow/dags/trigger_dag_run_dag2.py
[2024-03-16T09:40:24.993+0000] {logging_mixin.py:188} INFO - [2024-03-16T09:40:24.993+0000] {dag.py:3047} INFO - Sync 1 DAGs
[2024-03-16T09:40:25.012+0000] {logging_mixin.py:188} INFO - [2024-03-16T09:40:25.012+0000] {dag.py:3834} INFO - Setting next_dagrun for trigger_dag_run_dag2 to None, run_after=None
[2024-03-16T09:40:25.025+0000] {processor.py:183} INFO - Processing /opt/airflow/dags/trigger_dag_run_dag2.py took 0.073 seconds
[2024-03-16T09:40:55.249+0000] {processor.py:161} INFO - Started process (PID=419) to work on /opt/airflow/dags/trigger_dag_run_dag2.py
[2024-03-16T09:40:55.250+0000] {processor.py:830} INFO - Processing file /opt/airflow/dags/trigger_dag_run_dag2.py for tasks to queue
[2024-03-16T09:40:55.250+0000] {logging_mixin.py:188} INFO - [2024-03-16T09:40:55.250+0000] {dagbag.py:540} INFO - Filling up the DagBag from /opt/airflow/dags/trigger_dag_run_dag2.py
[2024-03-16T09:40:55.261+0000] {processor.py:840} INFO - DAG(s) 'trigger_dag_run_dag2' retrieved from /opt/airflow/dags/trigger_dag_run_dag2.py
[2024-03-16T09:40:55.282+0000] {logging_mixin.py:188} INFO - [2024-03-16T09:40:55.282+0000] {dag.py:3047} INFO - Sync 1 DAGs
[2024-03-16T09:40:55.299+0000] {logging_mixin.py:188} INFO - [2024-03-16T09:40:55.299+0000] {dag.py:3834} INFO - Setting next_dagrun for trigger_dag_run_dag2 to None, run_after=None
[2024-03-16T09:40:55.312+0000] {processor.py:183} INFO - Processing /opt/airflow/dags/trigger_dag_run_dag2.py took 0.064 seconds
[2024-03-16T09:41:25.527+0000] {processor.py:161} INFO - Started process (PID=438) to work on /opt/airflow/dags/trigger_dag_run_dag2.py
[2024-03-16T09:41:25.528+0000] {processor.py:830} INFO - Processing file /opt/airflow/dags/trigger_dag_run_dag2.py for tasks to queue
[2024-03-16T09:41:25.529+0000] {logging_mixin.py:188} INFO - [2024-03-16T09:41:25.528+0000] {dagbag.py:540} INFO - Filling up the DagBag from /opt/airflow/dags/trigger_dag_run_dag2.py
[2024-03-16T09:41:25.544+0000] {processor.py:840} INFO - DAG(s) 'trigger_dag_run_dag2' retrieved from /opt/airflow/dags/trigger_dag_run_dag2.py
[2024-03-16T09:41:25.567+0000] {logging_mixin.py:188} INFO - [2024-03-16T09:41:25.567+0000] {dag.py:3047} INFO - Sync 1 DAGs
[2024-03-16T09:41:25.584+0000] {logging_mixin.py:188} INFO - [2024-03-16T09:41:25.584+0000] {dag.py:3834} INFO - Setting next_dagrun for trigger_dag_run_dag2 to None, run_after=None
[2024-03-16T09:41:25.600+0000] {processor.py:183} INFO - Processing /opt/airflow/dags/trigger_dag_run_dag2.py took 0.074 seconds
[2024-03-16T09:41:55.843+0000] {processor.py:161} INFO - Started process (PID=457) to work on /opt/airflow/dags/trigger_dag_run_dag2.py
[2024-03-16T09:41:55.844+0000] {processor.py:830} INFO - Processing file /opt/airflow/dags/trigger_dag_run_dag2.py for tasks to queue
[2024-03-16T09:41:55.845+0000] {logging_mixin.py:188} INFO - [2024-03-16T09:41:55.845+0000] {dagbag.py:540} INFO - Filling up the DagBag from /opt/airflow/dags/trigger_dag_run_dag2.py
[2024-03-16T09:41:55.859+0000] {processor.py:840} INFO - DAG(s) 'trigger_dag_run_dag2' retrieved from /opt/airflow/dags/trigger_dag_run_dag2.py
[2024-03-16T09:41:55.882+0000] {logging_mixin.py:188} INFO - [2024-03-16T09:41:55.882+0000] {dag.py:3047} INFO - Sync 1 DAGs
[2024-03-16T09:41:55.897+0000] {logging_mixin.py:188} INFO - [2024-03-16T09:41:55.897+0000] {dag.py:3834} INFO - Setting next_dagrun for trigger_dag_run_dag2 to None, run_after=None
[2024-03-16T09:41:55.909+0000] {processor.py:183} INFO - Processing /opt/airflow/dags/trigger_dag_run_dag2.py took 0.067 seconds
