[2024-03-16T09:31:18.029+0000] {processor.py:161} INFO - Started process (PID=47) to work on /opt/airflow/dags/xcom.py
[2024-03-16T09:31:18.029+0000] {processor.py:830} INFO - Processing file /opt/airflow/dags/xcom.py for tasks to queue
[2024-03-16T09:31:18.030+0000] {logging_mixin.py:188} INFO - [2024-03-16T09:31:18.030+0000] {dagbag.py:540} INFO - Filling up the DagBag from /opt/airflow/dags/xcom.py
[2024-03-16T09:31:18.042+0000] {processor.py:840} INFO - DAG(s) 'xcom' retrieved from /opt/airflow/dags/xcom.py
[2024-03-16T09:31:18.118+0000] {logging_mixin.py:188} INFO - [2024-03-16T09:31:18.118+0000] {dag.py:3047} INFO - Sync 1 DAGs
[2024-03-16T09:31:18.134+0000] {logging_mixin.py:188} INFO - [2024-03-16T09:31:18.133+0000] {dag.py:3834} INFO - Setting next_dagrun for xcom to None, run_after=None
[2024-03-16T09:31:18.148+0000] {processor.py:183} INFO - Processing /opt/airflow/dags/xcom.py took 0.121 seconds
[2024-03-16T09:31:48.551+0000] {processor.py:161} INFO - Started process (PID=66) to work on /opt/airflow/dags/xcom.py
[2024-03-16T09:31:48.551+0000] {processor.py:830} INFO - Processing file /opt/airflow/dags/xcom.py for tasks to queue
[2024-03-16T09:31:48.552+0000] {logging_mixin.py:188} INFO - [2024-03-16T09:31:48.552+0000] {dagbag.py:540} INFO - Filling up the DagBag from /opt/airflow/dags/xcom.py
[2024-03-16T09:31:48.562+0000] {processor.py:840} INFO - DAG(s) 'xcom' retrieved from /opt/airflow/dags/xcom.py
[2024-03-16T09:31:48.583+0000] {logging_mixin.py:188} INFO - [2024-03-16T09:31:48.582+0000] {dag.py:3047} INFO - Sync 1 DAGs
[2024-03-16T09:31:48.602+0000] {logging_mixin.py:188} INFO - [2024-03-16T09:31:48.602+0000] {dag.py:3834} INFO - Setting next_dagrun for xcom to None, run_after=None
[2024-03-16T09:31:48.622+0000] {processor.py:183} INFO - Processing /opt/airflow/dags/xcom.py took 0.072 seconds
[2024-03-16T09:32:18.774+0000] {processor.py:161} INFO - Started process (PID=85) to work on /opt/airflow/dags/xcom.py
[2024-03-16T09:32:18.775+0000] {processor.py:830} INFO - Processing file /opt/airflow/dags/xcom.py for tasks to queue
[2024-03-16T09:32:18.777+0000] {logging_mixin.py:188} INFO - [2024-03-16T09:32:18.777+0000] {dagbag.py:540} INFO - Filling up the DagBag from /opt/airflow/dags/xcom.py
[2024-03-16T09:32:18.790+0000] {processor.py:840} INFO - DAG(s) 'xcom' retrieved from /opt/airflow/dags/xcom.py
[2024-03-16T09:32:18.815+0000] {logging_mixin.py:188} INFO - [2024-03-16T09:32:18.815+0000] {dag.py:3047} INFO - Sync 1 DAGs
[2024-03-16T09:32:18.831+0000] {logging_mixin.py:188} INFO - [2024-03-16T09:32:18.830+0000] {dag.py:3834} INFO - Setting next_dagrun for xcom to None, run_after=None
[2024-03-16T09:32:18.845+0000] {processor.py:183} INFO - Processing /opt/airflow/dags/xcom.py took 0.074 seconds
[2024-03-16T09:32:49.962+0000] {processor.py:161} INFO - Started process (PID=104) to work on /opt/airflow/dags/xcom.py
[2024-03-16T09:32:49.963+0000] {processor.py:830} INFO - Processing file /opt/airflow/dags/xcom.py for tasks to queue
[2024-03-16T09:32:49.964+0000] {logging_mixin.py:188} INFO - [2024-03-16T09:32:49.964+0000] {dagbag.py:540} INFO - Filling up the DagBag from /opt/airflow/dags/xcom.py
[2024-03-16T09:32:49.975+0000] {processor.py:840} INFO - DAG(s) 'xcom' retrieved from /opt/airflow/dags/xcom.py
[2024-03-16T09:32:50.000+0000] {logging_mixin.py:188} INFO - [2024-03-16T09:32:50.000+0000] {dag.py:3047} INFO - Sync 1 DAGs
[2024-03-16T09:32:50.017+0000] {logging_mixin.py:188} INFO - [2024-03-16T09:32:50.017+0000] {dag.py:3834} INFO - Setting next_dagrun for xcom to None, run_after=None
[2024-03-16T09:32:50.041+0000] {processor.py:183} INFO - Processing /opt/airflow/dags/xcom.py took 0.080 seconds
[2024-03-16T09:33:20.249+0000] {processor.py:161} INFO - Started process (PID=124) to work on /opt/airflow/dags/xcom.py
[2024-03-16T09:33:20.250+0000] {processor.py:830} INFO - Processing file /opt/airflow/dags/xcom.py for tasks to queue
[2024-03-16T09:33:20.251+0000] {logging_mixin.py:188} INFO - [2024-03-16T09:33:20.251+0000] {dagbag.py:540} INFO - Filling up the DagBag from /opt/airflow/dags/xcom.py
[2024-03-16T09:33:20.265+0000] {processor.py:840} INFO - DAG(s) 'xcom' retrieved from /opt/airflow/dags/xcom.py
[2024-03-16T09:33:20.292+0000] {logging_mixin.py:188} INFO - [2024-03-16T09:33:20.292+0000] {dag.py:3047} INFO - Sync 1 DAGs
[2024-03-16T09:33:20.313+0000] {logging_mixin.py:188} INFO - [2024-03-16T09:33:20.313+0000] {dag.py:3834} INFO - Setting next_dagrun for xcom to None, run_after=None
[2024-03-16T09:33:20.337+0000] {processor.py:183} INFO - Processing /opt/airflow/dags/xcom.py took 0.091 seconds
[2024-03-16T09:33:50.475+0000] {processor.py:161} INFO - Started process (PID=143) to work on /opt/airflow/dags/xcom.py
[2024-03-16T09:33:50.476+0000] {processor.py:830} INFO - Processing file /opt/airflow/dags/xcom.py for tasks to queue
[2024-03-16T09:33:50.477+0000] {logging_mixin.py:188} INFO - [2024-03-16T09:33:50.477+0000] {dagbag.py:540} INFO - Filling up the DagBag from /opt/airflow/dags/xcom.py
[2024-03-16T09:33:50.489+0000] {processor.py:840} INFO - DAG(s) 'xcom' retrieved from /opt/airflow/dags/xcom.py
[2024-03-16T09:33:50.514+0000] {logging_mixin.py:188} INFO - [2024-03-16T09:33:50.514+0000] {dag.py:3047} INFO - Sync 1 DAGs
[2024-03-16T09:33:50.529+0000] {logging_mixin.py:188} INFO - [2024-03-16T09:33:50.528+0000] {dag.py:3834} INFO - Setting next_dagrun for xcom to None, run_after=None
[2024-03-16T09:33:50.542+0000] {processor.py:183} INFO - Processing /opt/airflow/dags/xcom.py took 0.068 seconds
[2024-03-16T09:34:15.100+0000] {processor.py:161} INFO - Started process (PID=153) to work on /opt/airflow/dags/xcom.py
[2024-03-16T09:34:15.100+0000] {processor.py:830} INFO - Processing file /opt/airflow/dags/xcom.py for tasks to queue
[2024-03-16T09:34:15.102+0000] {logging_mixin.py:188} INFO - [2024-03-16T09:34:15.101+0000] {dagbag.py:540} INFO - Filling up the DagBag from /opt/airflow/dags/xcom.py
[2024-03-16T09:34:15.120+0000] {logging_mixin.py:188} INFO - [2024-03-16T09:34:15.117+0000] {dagbag.py:350} ERROR - Failed to import: /opt/airflow/dags/xcom.py
Traceback (most recent call last):
  File "/home/airflow/.local/lib/python3.11/site-packages/airflow/models/dagbag.py", line 346, in parse
    loader.exec_module(new_module)
  File "<frozen importlib._bootstrap_external>", line 940, in exec_module
  File "<frozen importlib._bootstrap>", line 241, in _call_with_frames_removed
  File "/opt/airflow/dags/xcom.py", line 38, in <module>
    xcom_bash_pull = BashOperator (
                     ^^^^^^^^^^^^
NameError: name 'BashOperator' is not defined
[2024-03-16T09:34:15.120+0000] {processor.py:842} WARNING - No viable dags retrieved from /opt/airflow/dags/xcom.py
[2024-03-16T09:34:15.167+0000] {processor.py:183} INFO - Processing /opt/airflow/dags/xcom.py took 0.069 seconds
[2024-03-16T09:34:45.412+0000] {processor.py:161} INFO - Started process (PID=172) to work on /opt/airflow/dags/xcom.py
[2024-03-16T09:34:45.413+0000] {processor.py:830} INFO - Processing file /opt/airflow/dags/xcom.py for tasks to queue
[2024-03-16T09:34:45.414+0000] {logging_mixin.py:188} INFO - [2024-03-16T09:34:45.414+0000] {dagbag.py:540} INFO - Filling up the DagBag from /opt/airflow/dags/xcom.py
[2024-03-16T09:34:45.428+0000] {logging_mixin.py:188} INFO - [2024-03-16T09:34:45.426+0000] {dagbag.py:350} ERROR - Failed to import: /opt/airflow/dags/xcom.py
Traceback (most recent call last):
  File "/home/airflow/.local/lib/python3.11/site-packages/airflow/models/dagbag.py", line 346, in parse
    loader.exec_module(new_module)
  File "<frozen importlib._bootstrap_external>", line 940, in exec_module
  File "<frozen importlib._bootstrap>", line 241, in _call_with_frames_removed
  File "/opt/airflow/dags/xcom.py", line 38, in <module>
    xcom_bash_pull = BashOperator (
                     ^^^^^^^^^^^^
NameError: name 'BashOperator' is not defined
[2024-03-16T09:34:45.429+0000] {processor.py:842} WARNING - No viable dags retrieved from /opt/airflow/dags/xcom.py
[2024-03-16T09:34:45.460+0000] {processor.py:183} INFO - Processing /opt/airflow/dags/xcom.py took 0.050 seconds
[2024-03-16T09:34:48.473+0000] {processor.py:161} INFO - Started process (PID=173) to work on /opt/airflow/dags/xcom.py
[2024-03-16T09:34:48.474+0000] {processor.py:830} INFO - Processing file /opt/airflow/dags/xcom.py for tasks to queue
[2024-03-16T09:34:48.476+0000] {logging_mixin.py:188} INFO - [2024-03-16T09:34:48.476+0000] {dagbag.py:540} INFO - Filling up the DagBag from /opt/airflow/dags/xcom.py
[2024-03-16T09:34:48.501+0000] {logging_mixin.py:188} INFO - [2024-03-16T09:34:48.498+0000] {dagbag.py:350} ERROR - Failed to import: /opt/airflow/dags/xcom.py
Traceback (most recent call last):
  File "/home/airflow/.local/lib/python3.11/site-packages/airflow/models/dagbag.py", line 346, in parse
    loader.exec_module(new_module)
  File "<frozen importlib._bootstrap_external>", line 940, in exec_module
  File "<frozen importlib._bootstrap>", line 241, in _call_with_frames_removed
  File "/opt/airflow/dags/xcom.py", line 39, in <module>
    xcom_bash_pull = BashOperator (
                     ^^^^^^^^^^^^^^
  File "/home/airflow/.local/lib/python3.11/site-packages/airflow/models/baseoperator.py", line 420, in apply_defaults
    raise AirflowException(f"missing keyword argument {missing_args.pop()!r}")
airflow.exceptions.AirflowException: missing keyword argument 'bash_command'
[2024-03-16T09:34:48.502+0000] {processor.py:842} WARNING - No viable dags retrieved from /opt/airflow/dags/xcom.py
[2024-03-16T09:34:48.526+0000] {processor.py:183} INFO - Processing /opt/airflow/dags/xcom.py took 0.054 seconds
[2024-03-16T09:34:49.487+0000] {processor.py:161} INFO - Started process (PID=174) to work on /opt/airflow/dags/xcom.py
[2024-03-16T09:34:49.487+0000] {processor.py:830} INFO - Processing file /opt/airflow/dags/xcom.py for tasks to queue
[2024-03-16T09:34:49.488+0000] {logging_mixin.py:188} INFO - [2024-03-16T09:34:49.488+0000] {dagbag.py:540} INFO - Filling up the DagBag from /opt/airflow/dags/xcom.py
[2024-03-16T09:34:49.500+0000] {logging_mixin.py:188} INFO - [2024-03-16T09:34:49.499+0000] {dagbag.py:350} ERROR - Failed to import: /opt/airflow/dags/xcom.py
Traceback (most recent call last):
  File "/home/airflow/.local/lib/python3.11/site-packages/airflow/models/dagbag.py", line 346, in parse
    loader.exec_module(new_module)
  File "<frozen importlib._bootstrap_external>", line 940, in exec_module
  File "<frozen importlib._bootstrap>", line 241, in _call_with_frames_removed
  File "/opt/airflow/dags/xcom.py", line 39, in <module>
    xcom_bash_pull = BashOperator (
                     ^^^^^^^^^^^^^^
  File "/home/airflow/.local/lib/python3.11/site-packages/airflow/models/baseoperator.py", line 420, in apply_defaults
    raise AirflowException(f"missing keyword argument {missing_args.pop()!r}")
airflow.exceptions.AirflowException: missing keyword argument 'bash_command'
[2024-03-16T09:34:49.502+0000] {processor.py:842} WARNING - No viable dags retrieved from /opt/airflow/dags/xcom.py
[2024-03-16T09:34:49.529+0000] {processor.py:183} INFO - Processing /opt/airflow/dags/xcom.py took 0.044 seconds
[2024-03-16T09:35:07.514+0000] {processor.py:161} INFO - Started process (PID=187) to work on /opt/airflow/dags/xcom.py
[2024-03-16T09:35:07.514+0000] {processor.py:830} INFO - Processing file /opt/airflow/dags/xcom.py for tasks to queue
[2024-03-16T09:35:07.515+0000] {logging_mixin.py:188} INFO - [2024-03-16T09:35:07.515+0000] {dagbag.py:540} INFO - Filling up the DagBag from /opt/airflow/dags/xcom.py
[2024-03-16T09:35:07.530+0000] {logging_mixin.py:188} INFO - [2024-03-16T09:35:07.528+0000] {dagbag.py:350} ERROR - Failed to import: /opt/airflow/dags/xcom.py
Traceback (most recent call last):
  File "/home/airflow/.local/lib/python3.11/site-packages/airflow/models/dagbag.py", line 346, in parse
    loader.exec_module(new_module)
  File "<frozen importlib._bootstrap_external>", line 940, in exec_module
  File "<frozen importlib._bootstrap>", line 241, in _call_with_frames_removed
  File "/opt/airflow/dags/xcom.py", line 39, in <module>
    xcom_bash_pull = BashOperator (
                     ^^^^^^^^^^^^^^
  File "/home/airflow/.local/lib/python3.11/site-packages/airflow/models/baseoperator.py", line 420, in apply_defaults
    raise AirflowException(f"missing keyword argument {missing_args.pop()!r}")
airflow.exceptions.AirflowException: missing keyword argument 'bash_command'
[2024-03-16T09:35:07.531+0000] {processor.py:842} WARNING - No viable dags retrieved from /opt/airflow/dags/xcom.py
[2024-03-16T09:35:07.564+0000] {processor.py:183} INFO - Processing /opt/airflow/dags/xcom.py took 0.052 seconds
[2024-03-16T09:35:08.537+0000] {processor.py:161} INFO - Started process (PID=194) to work on /opt/airflow/dags/xcom.py
[2024-03-16T09:35:08.537+0000] {processor.py:830} INFO - Processing file /opt/airflow/dags/xcom.py for tasks to queue
[2024-03-16T09:35:08.539+0000] {logging_mixin.py:188} INFO - [2024-03-16T09:35:08.538+0000] {dagbag.py:540} INFO - Filling up the DagBag from /opt/airflow/dags/xcom.py
[2024-03-16T09:35:08.571+0000] {logging_mixin.py:188} INFO - [2024-03-16T09:35:08.568+0000] {dagbag.py:350} ERROR - Failed to import: /opt/airflow/dags/xcom.py
Traceback (most recent call last):
  File "/home/airflow/.local/lib/python3.11/site-packages/airflow/models/dagbag.py", line 346, in parse
    loader.exec_module(new_module)
  File "<frozen importlib._bootstrap_external>", line 940, in exec_module
  File "<frozen importlib._bootstrap>", line 241, in _call_with_frames_removed
  File "/opt/airflow/dags/xcom.py", line 39, in <module>
    xcom_bash_pull = BashOperator (
                     ^^^^^^^^^^^^^^
  File "/home/airflow/.local/lib/python3.11/site-packages/airflow/models/baseoperator.py", line 420, in apply_defaults
    raise AirflowException(f"missing keyword argument {missing_args.pop()!r}")
airflow.exceptions.AirflowException: missing keyword argument 'bash_command'
[2024-03-16T09:35:08.572+0000] {processor.py:842} WARNING - No viable dags retrieved from /opt/airflow/dags/xcom.py
[2024-03-16T09:35:08.595+0000] {processor.py:183} INFO - Processing /opt/airflow/dags/xcom.py took 0.060 seconds
[2024-03-16T09:35:39.010+0000] {processor.py:161} INFO - Started process (PID=213) to work on /opt/airflow/dags/xcom.py
[2024-03-16T09:35:39.011+0000] {processor.py:830} INFO - Processing file /opt/airflow/dags/xcom.py for tasks to queue
[2024-03-16T09:35:39.011+0000] {logging_mixin.py:188} INFO - [2024-03-16T09:35:39.011+0000] {dagbag.py:540} INFO - Filling up the DagBag from /opt/airflow/dags/xcom.py
[2024-03-16T09:35:39.024+0000] {logging_mixin.py:188} INFO - [2024-03-16T09:35:39.021+0000] {dagbag.py:350} ERROR - Failed to import: /opt/airflow/dags/xcom.py
Traceback (most recent call last):
  File "/home/airflow/.local/lib/python3.11/site-packages/airflow/models/dagbag.py", line 346, in parse
    loader.exec_module(new_module)
  File "<frozen importlib._bootstrap_external>", line 940, in exec_module
  File "<frozen importlib._bootstrap>", line 241, in _call_with_frames_removed
  File "/opt/airflow/dags/xcom.py", line 39, in <module>
    xcom_bash_pull = BashOperator (
                     ^^^^^^^^^^^^^^
  File "/home/airflow/.local/lib/python3.11/site-packages/airflow/models/baseoperator.py", line 420, in apply_defaults
    raise AirflowException(f"missing keyword argument {missing_args.pop()!r}")
airflow.exceptions.AirflowException: missing keyword argument 'bash_command'
[2024-03-16T09:35:39.025+0000] {processor.py:842} WARNING - No viable dags retrieved from /opt/airflow/dags/xcom.py
[2024-03-16T09:35:39.051+0000] {processor.py:183} INFO - Processing /opt/airflow/dags/xcom.py took 0.043 seconds
[2024-03-16T09:36:09.130+0000] {processor.py:161} INFO - Started process (PID=232) to work on /opt/airflow/dags/xcom.py
[2024-03-16T09:36:09.131+0000] {processor.py:830} INFO - Processing file /opt/airflow/dags/xcom.py for tasks to queue
[2024-03-16T09:36:09.131+0000] {logging_mixin.py:188} INFO - [2024-03-16T09:36:09.131+0000] {dagbag.py:540} INFO - Filling up the DagBag from /opt/airflow/dags/xcom.py
[2024-03-16T09:36:09.143+0000] {logging_mixin.py:188} INFO - [2024-03-16T09:36:09.141+0000] {dagbag.py:350} ERROR - Failed to import: /opt/airflow/dags/xcom.py
Traceback (most recent call last):
  File "/home/airflow/.local/lib/python3.11/site-packages/airflow/models/dagbag.py", line 346, in parse
    loader.exec_module(new_module)
  File "<frozen importlib._bootstrap_external>", line 940, in exec_module
  File "<frozen importlib._bootstrap>", line 241, in _call_with_frames_removed
  File "/opt/airflow/dags/xcom.py", line 39, in <module>
    xcom_bash_pull = BashOperator (
                     ^^^^^^^^^^^^^^
  File "/home/airflow/.local/lib/python3.11/site-packages/airflow/models/baseoperator.py", line 420, in apply_defaults
    raise AirflowException(f"missing keyword argument {missing_args.pop()!r}")
airflow.exceptions.AirflowException: missing keyword argument 'bash_command'
[2024-03-16T09:36:09.144+0000] {processor.py:842} WARNING - No viable dags retrieved from /opt/airflow/dags/xcom.py
[2024-03-16T09:36:09.170+0000] {processor.py:183} INFO - Processing /opt/airflow/dags/xcom.py took 0.041 seconds
[2024-03-16T09:36:20.403+0000] {processor.py:161} INFO - Started process (PID=233) to work on /opt/airflow/dags/xcom.py
[2024-03-16T09:36:20.403+0000] {processor.py:830} INFO - Processing file /opt/airflow/dags/xcom.py for tasks to queue
[2024-03-16T09:36:20.404+0000] {logging_mixin.py:188} INFO - [2024-03-16T09:36:20.404+0000] {dagbag.py:540} INFO - Filling up the DagBag from /opt/airflow/dags/xcom.py
[2024-03-16T09:36:20.419+0000] {processor.py:840} INFO - DAG(s) 'xcom' retrieved from /opt/airflow/dags/xcom.py
[2024-03-16T09:36:20.486+0000] {logging_mixin.py:188} INFO - [2024-03-16T09:36:20.486+0000] {dag.py:3047} INFO - Sync 1 DAGs
[2024-03-16T09:36:20.499+0000] {logging_mixin.py:188} INFO - [2024-03-16T09:36:20.499+0000] {dag.py:3834} INFO - Setting next_dagrun for xcom to None, run_after=None
[2024-03-16T09:36:20.525+0000] {processor.py:183} INFO - Processing /opt/airflow/dags/xcom.py took 0.124 seconds
[2024-03-16T09:36:21.424+0000] {processor.py:161} INFO - Started process (PID=234) to work on /opt/airflow/dags/xcom.py
[2024-03-16T09:36:21.424+0000] {processor.py:830} INFO - Processing file /opt/airflow/dags/xcom.py for tasks to queue
[2024-03-16T09:36:21.425+0000] {logging_mixin.py:188} INFO - [2024-03-16T09:36:21.425+0000] {dagbag.py:540} INFO - Filling up the DagBag from /opt/airflow/dags/xcom.py
[2024-03-16T09:36:21.439+0000] {processor.py:840} INFO - DAG(s) 'xcom' retrieved from /opt/airflow/dags/xcom.py
[2024-03-16T09:36:21.463+0000] {logging_mixin.py:188} INFO - [2024-03-16T09:36:21.463+0000] {dag.py:3047} INFO - Sync 1 DAGs
[2024-03-16T09:36:21.490+0000] {logging_mixin.py:188} INFO - [2024-03-16T09:36:21.490+0000] {dag.py:3834} INFO - Setting next_dagrun for xcom to None, run_after=None
[2024-03-16T09:36:21.511+0000] {processor.py:183} INFO - Processing /opt/airflow/dags/xcom.py took 0.090 seconds
[2024-03-16T09:36:51.574+0000] {processor.py:161} INFO - Started process (PID=254) to work on /opt/airflow/dags/xcom.py
[2024-03-16T09:36:51.575+0000] {processor.py:830} INFO - Processing file /opt/airflow/dags/xcom.py for tasks to queue
[2024-03-16T09:36:51.576+0000] {logging_mixin.py:188} INFO - [2024-03-16T09:36:51.576+0000] {dagbag.py:540} INFO - Filling up the DagBag from /opt/airflow/dags/xcom.py
[2024-03-16T09:36:51.588+0000] {processor.py:840} INFO - DAG(s) 'xcom' retrieved from /opt/airflow/dags/xcom.py
[2024-03-16T09:36:51.611+0000] {logging_mixin.py:188} INFO - [2024-03-16T09:36:51.611+0000] {dag.py:3047} INFO - Sync 1 DAGs
[2024-03-16T09:36:51.630+0000] {logging_mixin.py:188} INFO - [2024-03-16T09:36:51.630+0000] {dag.py:3834} INFO - Setting next_dagrun for xcom to None, run_after=None
[2024-03-16T09:36:51.650+0000] {processor.py:183} INFO - Processing /opt/airflow/dags/xcom.py took 0.077 seconds
[2024-03-16T09:37:21.977+0000] {processor.py:161} INFO - Started process (PID=273) to work on /opt/airflow/dags/xcom.py
[2024-03-16T09:37:21.978+0000] {processor.py:830} INFO - Processing file /opt/airflow/dags/xcom.py for tasks to queue
[2024-03-16T09:37:21.979+0000] {logging_mixin.py:188} INFO - [2024-03-16T09:37:21.978+0000] {dagbag.py:540} INFO - Filling up the DagBag from /opt/airflow/dags/xcom.py
[2024-03-16T09:37:21.990+0000] {processor.py:840} INFO - DAG(s) 'xcom' retrieved from /opt/airflow/dags/xcom.py
[2024-03-16T09:37:22.023+0000] {logging_mixin.py:188} INFO - [2024-03-16T09:37:22.023+0000] {dag.py:3047} INFO - Sync 1 DAGs
[2024-03-16T09:37:22.039+0000] {logging_mixin.py:188} INFO - [2024-03-16T09:37:22.038+0000] {dag.py:3834} INFO - Setting next_dagrun for xcom to None, run_after=None
[2024-03-16T09:37:22.069+0000] {processor.py:183} INFO - Processing /opt/airflow/dags/xcom.py took 0.094 seconds
[2024-03-16T09:37:52.187+0000] {processor.py:161} INFO - Started process (PID=292) to work on /opt/airflow/dags/xcom.py
[2024-03-16T09:37:52.187+0000] {processor.py:830} INFO - Processing file /opt/airflow/dags/xcom.py for tasks to queue
[2024-03-16T09:37:52.188+0000] {logging_mixin.py:188} INFO - [2024-03-16T09:37:52.188+0000] {dagbag.py:540} INFO - Filling up the DagBag from /opt/airflow/dags/xcom.py
[2024-03-16T09:37:52.198+0000] {processor.py:840} INFO - DAG(s) 'xcom' retrieved from /opt/airflow/dags/xcom.py
[2024-03-16T09:37:52.219+0000] {logging_mixin.py:188} INFO - [2024-03-16T09:37:52.219+0000] {dag.py:3047} INFO - Sync 1 DAGs
[2024-03-16T09:37:52.235+0000] {logging_mixin.py:188} INFO - [2024-03-16T09:37:52.235+0000] {dag.py:3834} INFO - Setting next_dagrun for xcom to None, run_after=None
[2024-03-16T09:37:52.276+0000] {processor.py:183} INFO - Processing /opt/airflow/dags/xcom.py took 0.091 seconds
[2024-03-16T09:38:22.732+0000] {processor.py:161} INFO - Started process (PID=312) to work on /opt/airflow/dags/xcom.py
[2024-03-16T09:38:22.732+0000] {processor.py:830} INFO - Processing file /opt/airflow/dags/xcom.py for tasks to queue
[2024-03-16T09:38:22.733+0000] {logging_mixin.py:188} INFO - [2024-03-16T09:38:22.733+0000] {dagbag.py:540} INFO - Filling up the DagBag from /opt/airflow/dags/xcom.py
[2024-03-16T09:38:22.743+0000] {processor.py:840} INFO - DAG(s) 'xcom' retrieved from /opt/airflow/dags/xcom.py
[2024-03-16T09:38:22.770+0000] {logging_mixin.py:188} INFO - [2024-03-16T09:38:22.769+0000] {dag.py:3047} INFO - Sync 1 DAGs
[2024-03-16T09:38:22.784+0000] {logging_mixin.py:188} INFO - [2024-03-16T09:38:22.784+0000] {dag.py:3834} INFO - Setting next_dagrun for xcom to None, run_after=None
[2024-03-16T09:38:22.800+0000] {processor.py:183} INFO - Processing /opt/airflow/dags/xcom.py took 0.070 seconds
[2024-03-16T09:38:52.959+0000] {processor.py:161} INFO - Started process (PID=331) to work on /opt/airflow/dags/xcom.py
[2024-03-16T09:38:52.960+0000] {processor.py:830} INFO - Processing file /opt/airflow/dags/xcom.py for tasks to queue
[2024-03-16T09:38:52.960+0000] {logging_mixin.py:188} INFO - [2024-03-16T09:38:52.960+0000] {dagbag.py:540} INFO - Filling up the DagBag from /opt/airflow/dags/xcom.py
[2024-03-16T09:38:52.972+0000] {processor.py:840} INFO - DAG(s) 'xcom' retrieved from /opt/airflow/dags/xcom.py
[2024-03-16T09:38:52.993+0000] {logging_mixin.py:188} INFO - [2024-03-16T09:38:52.993+0000] {dag.py:3047} INFO - Sync 1 DAGs
[2024-03-16T09:38:53.010+0000] {logging_mixin.py:188} INFO - [2024-03-16T09:38:53.010+0000] {dag.py:3834} INFO - Setting next_dagrun for xcom to None, run_after=None
[2024-03-16T09:38:53.036+0000] {processor.py:183} INFO - Processing /opt/airflow/dags/xcom.py took 0.078 seconds
[2024-03-16T09:39:23.325+0000] {processor.py:161} INFO - Started process (PID=355) to work on /opt/airflow/dags/xcom.py
[2024-03-16T09:39:23.326+0000] {processor.py:830} INFO - Processing file /opt/airflow/dags/xcom.py for tasks to queue
[2024-03-16T09:39:23.326+0000] {logging_mixin.py:188} INFO - [2024-03-16T09:39:23.326+0000] {dagbag.py:540} INFO - Filling up the DagBag from /opt/airflow/dags/xcom.py
[2024-03-16T09:39:23.339+0000] {processor.py:840} INFO - DAG(s) 'xcom' retrieved from /opt/airflow/dags/xcom.py
[2024-03-16T09:39:23.363+0000] {logging_mixin.py:188} INFO - [2024-03-16T09:39:23.363+0000] {dag.py:3047} INFO - Sync 1 DAGs
[2024-03-16T09:39:23.378+0000] {logging_mixin.py:188} INFO - [2024-03-16T09:39:23.378+0000] {dag.py:3834} INFO - Setting next_dagrun for xcom to None, run_after=None
[2024-03-16T09:39:23.399+0000] {processor.py:183} INFO - Processing /opt/airflow/dags/xcom.py took 0.076 seconds
[2024-03-16T09:39:54.413+0000] {processor.py:161} INFO - Started process (PID=375) to work on /opt/airflow/dags/xcom.py
[2024-03-16T09:39:54.413+0000] {processor.py:830} INFO - Processing file /opt/airflow/dags/xcom.py for tasks to queue
[2024-03-16T09:39:54.414+0000] {logging_mixin.py:188} INFO - [2024-03-16T09:39:54.414+0000] {dagbag.py:540} INFO - Filling up the DagBag from /opt/airflow/dags/xcom.py
[2024-03-16T09:39:54.424+0000] {processor.py:840} INFO - DAG(s) 'xcom' retrieved from /opt/airflow/dags/xcom.py
[2024-03-16T09:39:54.444+0000] {logging_mixin.py:188} INFO - [2024-03-16T09:39:54.444+0000] {dag.py:3047} INFO - Sync 1 DAGs
[2024-03-16T09:39:54.467+0000] {logging_mixin.py:188} INFO - [2024-03-16T09:39:54.467+0000] {dag.py:3834} INFO - Setting next_dagrun for xcom to None, run_after=None
[2024-03-16T09:39:54.484+0000] {processor.py:183} INFO - Processing /opt/airflow/dags/xcom.py took 0.073 seconds
[2024-03-16T09:40:24.650+0000] {processor.py:161} INFO - Started process (PID=394) to work on /opt/airflow/dags/xcom.py
[2024-03-16T09:40:24.651+0000] {processor.py:830} INFO - Processing file /opt/airflow/dags/xcom.py for tasks to queue
[2024-03-16T09:40:24.652+0000] {logging_mixin.py:188} INFO - [2024-03-16T09:40:24.651+0000] {dagbag.py:540} INFO - Filling up the DagBag from /opt/airflow/dags/xcom.py
[2024-03-16T09:40:24.664+0000] {processor.py:840} INFO - DAG(s) 'xcom' retrieved from /opt/airflow/dags/xcom.py
[2024-03-16T09:40:24.688+0000] {logging_mixin.py:188} INFO - [2024-03-16T09:40:24.688+0000] {dag.py:3047} INFO - Sync 1 DAGs
[2024-03-16T09:40:24.705+0000] {logging_mixin.py:188} INFO - [2024-03-16T09:40:24.705+0000] {dag.py:3834} INFO - Setting next_dagrun for xcom to None, run_after=None
[2024-03-16T09:40:24.738+0000] {processor.py:183} INFO - Processing /opt/airflow/dags/xcom.py took 0.090 seconds
[2024-03-16T09:40:54.800+0000] {processor.py:161} INFO - Started process (PID=413) to work on /opt/airflow/dags/xcom.py
[2024-03-16T09:40:54.801+0000] {processor.py:830} INFO - Processing file /opt/airflow/dags/xcom.py for tasks to queue
[2024-03-16T09:40:54.802+0000] {logging_mixin.py:188} INFO - [2024-03-16T09:40:54.801+0000] {dagbag.py:540} INFO - Filling up the DagBag from /opt/airflow/dags/xcom.py
[2024-03-16T09:40:54.815+0000] {processor.py:840} INFO - DAG(s) 'xcom' retrieved from /opt/airflow/dags/xcom.py
[2024-03-16T09:40:54.851+0000] {logging_mixin.py:188} INFO - [2024-03-16T09:40:54.850+0000] {dag.py:3047} INFO - Sync 1 DAGs
[2024-03-16T09:40:54.909+0000] {logging_mixin.py:188} INFO - [2024-03-16T09:40:54.909+0000] {dag.py:3834} INFO - Setting next_dagrun for xcom to None, run_after=None
[2024-03-16T09:40:54.955+0000] {processor.py:183} INFO - Processing /opt/airflow/dags/xcom.py took 0.156 seconds
[2024-03-16T09:41:25.168+0000] {processor.py:161} INFO - Started process (PID=432) to work on /opt/airflow/dags/xcom.py
[2024-03-16T09:41:25.168+0000] {processor.py:830} INFO - Processing file /opt/airflow/dags/xcom.py for tasks to queue
[2024-03-16T09:41:25.169+0000] {logging_mixin.py:188} INFO - [2024-03-16T09:41:25.169+0000] {dagbag.py:540} INFO - Filling up the DagBag from /opt/airflow/dags/xcom.py
[2024-03-16T09:41:25.180+0000] {processor.py:840} INFO - DAG(s) 'xcom' retrieved from /opt/airflow/dags/xcom.py
[2024-03-16T09:41:25.200+0000] {logging_mixin.py:188} INFO - [2024-03-16T09:41:25.200+0000] {dag.py:3047} INFO - Sync 1 DAGs
[2024-03-16T09:41:25.217+0000] {logging_mixin.py:188} INFO - [2024-03-16T09:41:25.217+0000] {dag.py:3834} INFO - Setting next_dagrun for xcom to None, run_after=None
[2024-03-16T09:41:25.237+0000] {processor.py:183} INFO - Processing /opt/airflow/dags/xcom.py took 0.071 seconds
[2024-03-16T09:41:55.504+0000] {processor.py:161} INFO - Started process (PID=451) to work on /opt/airflow/dags/xcom.py
[2024-03-16T09:41:55.504+0000] {processor.py:830} INFO - Processing file /opt/airflow/dags/xcom.py for tasks to queue
[2024-03-16T09:41:55.505+0000] {logging_mixin.py:188} INFO - [2024-03-16T09:41:55.504+0000] {dagbag.py:540} INFO - Filling up the DagBag from /opt/airflow/dags/xcom.py
[2024-03-16T09:41:55.515+0000] {processor.py:840} INFO - DAG(s) 'xcom' retrieved from /opt/airflow/dags/xcom.py
[2024-03-16T09:41:55.536+0000] {logging_mixin.py:188} INFO - [2024-03-16T09:41:55.536+0000] {dag.py:3047} INFO - Sync 1 DAGs
[2024-03-16T09:41:55.554+0000] {logging_mixin.py:188} INFO - [2024-03-16T09:41:55.553+0000] {dag.py:3834} INFO - Setting next_dagrun for xcom to None, run_after=None
[2024-03-16T09:41:55.575+0000] {processor.py:183} INFO - Processing /opt/airflow/dags/xcom.py took 0.073 seconds
