[2024-02-28T05:46:04.340+0000] {logging_mixin.py:188} INFO - Changing /opt/***/logs/dag_id=deferrable_operator/run_id=manual__2024-02-28T05:46:03.489906+00:00/task_id=wait_event permission to 509
[2024-02-28T05:46:04.341+0000] {logging_mixin.py:188} INFO - Changing /opt/***/logs/dag_id=deferrable_operator/run_id=manual__2024-02-28T05:46:03.489906+00:00 permission to 509
[2024-02-28T05:46:04.342+0000] {logging_mixin.py:188} INFO - Changing /opt/***/logs/dag_id=deferrable_operator permission to 509
[2024-02-28T05:46:04.342+0000] {logging_mixin.py:188} INFO - Changing /opt/***/logs permission to 509
[2024-02-28T05:46:04.384+0000] {logging_mixin.py:188} INFO - Changing /opt/***/logs/dag_id=deferrable_operator/run_id=manual__2024-02-28T05:46:03.489906+00:00/task_id=wait_event permission to 509
[2024-02-28T05:46:04.385+0000] {logging_mixin.py:188} INFO - Changing /opt/***/logs/dag_id=deferrable_operator/run_id=manual__2024-02-28T05:46:03.489906+00:00 permission to 509
[2024-02-28T05:46:04.386+0000] {logging_mixin.py:188} INFO - Changing /opt/***/logs/dag_id=deferrable_operator permission to 509
[2024-02-28T05:46:04.387+0000] {logging_mixin.py:188} INFO - Changing /opt/***/logs permission to 509
[2024-02-28T05:46:04.430+0000] {taskinstance.py:1979} INFO - Dependencies all met for dep_context=non-requeueable deps ti=<TaskInstance: deferrable_operator.wait_event manual__2024-02-28T05:46:03.489906+00:00 [queued]>
[2024-02-28T05:46:04.436+0000] {taskinstance.py:1979} INFO - Dependencies all met for dep_context=requeueable deps ti=<TaskInstance: deferrable_operator.wait_event manual__2024-02-28T05:46:03.489906+00:00 [queued]>
[2024-02-28T05:46:04.436+0000] {taskinstance.py:2193} INFO - Starting attempt 1 of 3
[2024-02-28T05:46:04.445+0000] {taskinstance.py:2214} INFO - Executing <Task(WaitAMinuteTrigger): wait_event> on 2024-02-28 05:46:03.489906+00:00
[2024-02-28T05:46:04.448+0000] {standard_task_runner.py:60} INFO - Started process 3111 to run task
[2024-02-28T05:46:04.450+0000] {standard_task_runner.py:87} INFO - Running: ['***', 'tasks', 'run', 'deferrable_operator', 'wait_event', 'manual__2024-02-28T05:46:03.489906+00:00', '--job-id', '71', '--raw', '--subdir', 'DAGS_FOLDER/deferrable_operator.py', '--cfg-path', '/tmp/tmpxtkbz2n4']
[2024-02-28T05:46:04.451+0000] {standard_task_runner.py:88} INFO - Job 71: Subtask wait_event
[2024-02-28T05:46:04.516+0000] {logging_mixin.py:188} INFO - Changing /opt/***/logs/dag_id=deferrable_operator/run_id=manual__2024-02-28T05:46:03.489906+00:00/task_id=wait_event permission to 509
[2024-02-28T05:46:04.517+0000] {logging_mixin.py:188} INFO - Changing /opt/***/logs/dag_id=deferrable_operator/run_id=manual__2024-02-28T05:46:03.489906+00:00 permission to 509
[2024-02-28T05:46:04.517+0000] {logging_mixin.py:188} INFO - Changing /opt/***/logs/dag_id=deferrable_operator permission to 509
[2024-02-28T05:46:04.518+0000] {logging_mixin.py:188} INFO - Changing /opt/***/logs permission to 509
[2024-02-28T05:46:04.519+0000] {task_command.py:423} INFO - Running <TaskInstance: deferrable_operator.wait_event manual__2024-02-28T05:46:03.489906+00:00 [running]> on host 68829ac68ce6
[2024-02-28T05:46:04.656+0000] {taskinstance.py:2510} INFO - Exporting env vars: AIRFLOW_CTX_DAG_OWNER='vutt' AIRFLOW_CTX_DAG_ID='deferrable_operator' AIRFLOW_CTX_TASK_ID='wait_event' AIRFLOW_CTX_EXECUTION_DATE='2024-02-28T05:46:03.489906+00:00' AIRFLOW_CTX_TRY_NUMBER='1' AIRFLOW_CTX_DAG_RUN_ID='manual__2024-02-28T05:46:03.489906+00:00'
[2024-02-28T05:46:04.673+0000] {taskinstance.py:2367} INFO - Pausing task as DEFERRED. dag_id=deferrable_operator, task_id=wait_event, execution_date=20240228T054603, start_date=20240228T054604
[2024-02-28T05:46:04.703+0000] {local_task_job_runner.py:231} INFO - Task exited with return code 100 (task deferral)
[2024-02-28T05:47:05.858+0000] {logging_mixin.py:188} INFO - Changing /opt/***/logs/dag_id=deferrable_operator/run_id=manual__2024-02-28T05:46:03.489906+00:00/task_id=wait_event permission to 509
[2024-02-28T05:47:05.859+0000] {logging_mixin.py:188} INFO - Changing /opt/***/logs/dag_id=deferrable_operator/run_id=manual__2024-02-28T05:46:03.489906+00:00 permission to 509
[2024-02-28T05:47:05.860+0000] {logging_mixin.py:188} INFO - Changing /opt/***/logs/dag_id=deferrable_operator permission to 509
[2024-02-28T05:47:05.861+0000] {logging_mixin.py:188} INFO - Changing /opt/***/logs permission to 509
[2024-02-28T05:47:05.938+0000] {logging_mixin.py:188} INFO - Changing /opt/***/logs/dag_id=deferrable_operator/run_id=manual__2024-02-28T05:46:03.489906+00:00/task_id=wait_event permission to 509
[2024-02-28T05:47:05.940+0000] {logging_mixin.py:188} INFO - Changing /opt/***/logs/dag_id=deferrable_operator/run_id=manual__2024-02-28T05:46:03.489906+00:00 permission to 509
[2024-02-28T05:47:05.940+0000] {logging_mixin.py:188} INFO - Changing /opt/***/logs/dag_id=deferrable_operator permission to 509
[2024-02-28T05:47:05.941+0000] {logging_mixin.py:188} INFO - Changing /opt/***/logs permission to 509
[2024-02-28T05:47:05.971+0000] {taskinstance.py:1979} INFO - Dependencies all met for dep_context=non-requeueable deps ti=<TaskInstance: deferrable_operator.wait_event manual__2024-02-28T05:46:03.489906+00:00 [queued]>
[2024-02-28T05:47:05.976+0000] {taskinstance.py:1979} INFO - Dependencies all met for dep_context=requeueable deps ti=<TaskInstance: deferrable_operator.wait_event manual__2024-02-28T05:46:03.489906+00:00 [queued]>
[2024-02-28T05:47:05.976+0000] {taskinstance.py:2191} INFO - Resuming after deferral
[2024-02-28T05:47:05.985+0000] {taskinstance.py:2214} INFO - Executing <Task(WaitAMinuteTrigger): wait_event> on 2024-02-28 05:46:03.489906+00:00
[2024-02-28T05:47:05.988+0000] {standard_task_runner.py:60} INFO - Started process 3127 to run task
[2024-02-28T05:47:05.990+0000] {standard_task_runner.py:87} INFO - Running: ['***', 'tasks', 'run', 'deferrable_operator', 'wait_event', 'manual__2024-02-28T05:46:03.489906+00:00', '--job-id', '72', '--raw', '--subdir', 'DAGS_FOLDER/deferrable_operator.py', '--cfg-path', '/tmp/tmp8ci0stf3']
[2024-02-28T05:47:05.991+0000] {standard_task_runner.py:88} INFO - Job 72: Subtask wait_event
[2024-02-28T05:47:06.047+0000] {logging_mixin.py:188} INFO - Changing /opt/***/logs/dag_id=deferrable_operator/run_id=manual__2024-02-28T05:46:03.489906+00:00/task_id=wait_event permission to 509
[2024-02-28T05:47:06.048+0000] {logging_mixin.py:188} INFO - Changing /opt/***/logs/dag_id=deferrable_operator/run_id=manual__2024-02-28T05:46:03.489906+00:00 permission to 509
[2024-02-28T05:47:06.048+0000] {logging_mixin.py:188} INFO - Changing /opt/***/logs/dag_id=deferrable_operator permission to 509
[2024-02-28T05:47:06.049+0000] {logging_mixin.py:188} INFO - Changing /opt/***/logs permission to 509
[2024-02-28T05:47:06.050+0000] {task_command.py:423} INFO - Running <TaskInstance: deferrable_operator.wait_event manual__2024-02-28T05:46:03.489906+00:00 [running]> on host 68829ac68ce6
[2024-02-28T05:47:06.175+0000] {taskinstance.py:1149} INFO - Marking task as SUCCESS. dag_id=deferrable_operator, task_id=wait_event, execution_date=20240228T054603, start_date=20240228T054604, end_date=20240228T054706
[2024-02-28T05:47:06.202+0000] {local_task_job_runner.py:234} INFO - Task exited with return code 0
[2024-02-28T05:47:06.228+0000] {taskinstance.py:3309} INFO - 1 downstream tasks scheduled from follow-on schedule check
