[2024-03-01T15:47:42.855+0000] {logging_mixin.py:188} INFO - Changing /opt/***/logs/dag_id=pool/run_id=scheduled__2024-01-07T00:00:00+00:00/task_id=task_5 permission to 509
[2024-03-01T15:47:42.861+0000] {logging_mixin.py:188} INFO - Changing /opt/***/logs/dag_id=pool/run_id=scheduled__2024-01-07T00:00:00+00:00 permission to 509
[2024-03-01T15:47:42.865+0000] {logging_mixin.py:188} INFO - Changing /opt/***/logs/dag_id=pool permission to 509
[2024-03-01T15:47:42.868+0000] {logging_mixin.py:188} INFO - Changing /opt/***/logs permission to 509
[2024-03-01T15:47:42.935+0000] {logging_mixin.py:188} INFO - Changing /opt/***/logs/dag_id=pool/run_id=scheduled__2024-01-07T00:00:00+00:00/task_id=task_5 permission to 509
[2024-03-01T15:47:42.938+0000] {logging_mixin.py:188} INFO - Changing /opt/***/logs/dag_id=pool/run_id=scheduled__2024-01-07T00:00:00+00:00 permission to 509
[2024-03-01T15:47:42.941+0000] {logging_mixin.py:188} INFO - Changing /opt/***/logs/dag_id=pool permission to 509
[2024-03-01T15:47:42.943+0000] {logging_mixin.py:188} INFO - Changing /opt/***/logs permission to 509
[2024-03-01T15:47:42.987+0000] {taskinstance.py:1979} INFO - Dependencies all met for dep_context=non-requeueable deps ti=<TaskInstance: pool.task_5 scheduled__2024-01-07T00:00:00+00:00 [queued]>
[2024-03-01T15:47:42.995+0000] {taskinstance.py:1979} INFO - Dependencies all met for dep_context=requeueable deps ti=<TaskInstance: pool.task_5 scheduled__2024-01-07T00:00:00+00:00 [queued]>
[2024-03-01T15:47:42.996+0000] {taskinstance.py:2193} INFO - Starting attempt 1 of 3
[2024-03-01T15:47:43.021+0000] {taskinstance.py:2214} INFO - Executing <Task(BashOperator): task_5> on 2024-01-07 00:00:00+00:00
[2024-03-01T15:47:43.026+0000] {standard_task_runner.py:60} INFO - Started process 876 to run task
[2024-03-01T15:47:43.028+0000] {standard_task_runner.py:87} INFO - Running: ['***', 'tasks', 'run', 'pool', 'task_5', 'scheduled__2024-01-07T00:00:00+00:00', '--job-id', '213', '--raw', '--subdir', 'DAGS_FOLDER/pool.py', '--cfg-path', '/tmp/tmpc655mmis']
[2024-03-01T15:47:43.029+0000] {standard_task_runner.py:88} INFO - Job 213: Subtask task_5
[2024-03-01T15:47:43.139+0000] {logging_mixin.py:188} INFO - Changing /opt/***/logs/dag_id=pool/run_id=scheduled__2024-01-07T00:00:00+00:00/task_id=task_5 permission to 509
[2024-03-01T15:47:43.141+0000] {logging_mixin.py:188} INFO - Changing /opt/***/logs/dag_id=pool/run_id=scheduled__2024-01-07T00:00:00+00:00 permission to 509
[2024-03-01T15:47:43.142+0000] {logging_mixin.py:188} INFO - Changing /opt/***/logs/dag_id=pool permission to 509
[2024-03-01T15:47:43.143+0000] {logging_mixin.py:188} INFO - Changing /opt/***/logs permission to 509
[2024-03-01T15:47:43.145+0000] {task_command.py:423} INFO - Running <TaskInstance: pool.task_5 scheduled__2024-01-07T00:00:00+00:00 [running]> on host 68829ac68ce6
[2024-03-01T15:47:43.335+0000] {taskinstance.py:2510} INFO - Exporting env vars: AIRFLOW_CTX_DAG_OWNER='vutt' AIRFLOW_CTX_DAG_ID='pool' AIRFLOW_CTX_TASK_ID='task_5' AIRFLOW_CTX_EXECUTION_DATE='2024-01-07T00:00:00+00:00' AIRFLOW_CTX_TRY_NUMBER='1' AIRFLOW_CTX_DAG_RUN_ID='scheduled__2024-01-07T00:00:00+00:00'
[2024-03-01T15:47:43.336+0000] {subprocess.py:63} INFO - Tmp dir root location: /tmp
[2024-03-01T15:47:43.337+0000] {subprocess.py:75} INFO - Running command: ['/usr/bin/bash', '-c', 'echo task_5']
[2024-03-01T15:47:43.344+0000] {subprocess.py:86} INFO - Output:
[2024-03-01T15:47:43.345+0000] {subprocess.py:93} INFO - task_5
[2024-03-01T15:47:43.346+0000] {subprocess.py:97} INFO - Command exited with return code 0
[2024-03-01T15:47:43.415+0000] {taskinstance.py:1149} INFO - Marking task as SUCCESS. dag_id=pool, task_id=task_5, execution_date=20240107T000000, start_date=20240301T154742, end_date=20240301T154743
[2024-03-01T15:47:43.441+0000] {local_task_job_runner.py:234} INFO - Task exited with return code 0
[2024-03-01T15:47:43.487+0000] {taskinstance.py:3309} INFO - 0 downstream tasks scheduled from follow-on schedule check
