[2024-03-01T15:47:27.341+0000] {logging_mixin.py:188} INFO - Changing /opt/***/logs/dag_id=pool/run_id=scheduled__2024-01-04T00:00:00+00:00/task_id=task_6 permission to 509
[2024-03-01T15:47:27.344+0000] {logging_mixin.py:188} INFO - Changing /opt/***/logs/dag_id=pool/run_id=scheduled__2024-01-04T00:00:00+00:00 permission to 509
[2024-03-01T15:47:27.347+0000] {logging_mixin.py:188} INFO - Changing /opt/***/logs/dag_id=pool permission to 509
[2024-03-01T15:47:27.350+0000] {logging_mixin.py:188} INFO - Changing /opt/***/logs permission to 509
[2024-03-01T15:47:27.424+0000] {logging_mixin.py:188} INFO - Changing /opt/***/logs/dag_id=pool/run_id=scheduled__2024-01-04T00:00:00+00:00/task_id=task_6 permission to 509
[2024-03-01T15:47:27.427+0000] {logging_mixin.py:188} INFO - Changing /opt/***/logs/dag_id=pool/run_id=scheduled__2024-01-04T00:00:00+00:00 permission to 509
[2024-03-01T15:47:27.430+0000] {logging_mixin.py:188} INFO - Changing /opt/***/logs/dag_id=pool permission to 509
[2024-03-01T15:47:27.432+0000] {logging_mixin.py:188} INFO - Changing /opt/***/logs permission to 509
[2024-03-01T15:47:27.482+0000] {taskinstance.py:1979} INFO - Dependencies all met for dep_context=non-requeueable deps ti=<TaskInstance: pool.task_6 scheduled__2024-01-04T00:00:00+00:00 [queued]>
[2024-03-01T15:47:27.494+0000] {taskinstance.py:1979} INFO - Dependencies all met for dep_context=requeueable deps ti=<TaskInstance: pool.task_6 scheduled__2024-01-04T00:00:00+00:00 [queued]>
[2024-03-01T15:47:27.494+0000] {taskinstance.py:2193} INFO - Starting attempt 1 of 3
[2024-03-01T15:47:27.517+0000] {taskinstance.py:2214} INFO - Executing <Task(BashOperator): task_6> on 2024-01-04 00:00:00+00:00
[2024-03-01T15:47:27.523+0000] {standard_task_runner.py:60} INFO - Started process 731 to run task
[2024-03-01T15:47:27.525+0000] {standard_task_runner.py:87} INFO - Running: ['***', 'tasks', 'run', 'pool', 'task_6', 'scheduled__2024-01-04T00:00:00+00:00', '--job-id', '163', '--raw', '--subdir', 'DAGS_FOLDER/pool.py', '--cfg-path', '/tmp/tmpo4c7rr42']
[2024-03-01T15:47:27.526+0000] {standard_task_runner.py:88} INFO - Job 163: Subtask task_6
[2024-03-01T15:47:27.632+0000] {logging_mixin.py:188} INFO - Changing /opt/***/logs/dag_id=pool/run_id=scheduled__2024-01-04T00:00:00+00:00/task_id=task_6 permission to 509
[2024-03-01T15:47:27.634+0000] {logging_mixin.py:188} INFO - Changing /opt/***/logs/dag_id=pool/run_id=scheduled__2024-01-04T00:00:00+00:00 permission to 509
[2024-03-01T15:47:27.636+0000] {logging_mixin.py:188} INFO - Changing /opt/***/logs/dag_id=pool permission to 509
[2024-03-01T15:47:27.637+0000] {logging_mixin.py:188} INFO - Changing /opt/***/logs permission to 509
[2024-03-01T15:47:27.640+0000] {task_command.py:423} INFO - Running <TaskInstance: pool.task_6 scheduled__2024-01-04T00:00:00+00:00 [running]> on host 68829ac68ce6
[2024-03-01T15:47:27.816+0000] {taskinstance.py:2510} INFO - Exporting env vars: AIRFLOW_CTX_DAG_OWNER='vutt' AIRFLOW_CTX_DAG_ID='pool' AIRFLOW_CTX_TASK_ID='task_6' AIRFLOW_CTX_EXECUTION_DATE='2024-01-04T00:00:00+00:00' AIRFLOW_CTX_TRY_NUMBER='1' AIRFLOW_CTX_DAG_RUN_ID='scheduled__2024-01-04T00:00:00+00:00'
[2024-03-01T15:47:27.817+0000] {subprocess.py:63} INFO - Tmp dir root location: /tmp
[2024-03-01T15:47:27.818+0000] {subprocess.py:75} INFO - Running command: ['/usr/bin/bash', '-c', 'echo task_6']
[2024-03-01T15:47:27.830+0000] {subprocess.py:86} INFO - Output:
[2024-03-01T15:47:27.833+0000] {subprocess.py:93} INFO - task_6
[2024-03-01T15:47:27.833+0000] {subprocess.py:97} INFO - Command exited with return code 0
[2024-03-01T15:47:27.902+0000] {taskinstance.py:1149} INFO - Marking task as SUCCESS. dag_id=pool, task_id=task_6, execution_date=20240104T000000, start_date=20240301T154727, end_date=20240301T154727
[2024-03-01T15:47:27.938+0000] {local_task_job_runner.py:234} INFO - Task exited with return code 0
[2024-03-01T15:47:28.042+0000] {taskinstance.py:3309} INFO - 0 downstream tasks scheduled from follow-on schedule check
