[2024-03-01T15:47:42.850+0000] {logging_mixin.py:188} INFO - Changing /opt/***/logs/dag_id=pool/run_id=scheduled__2024-01-07T00:00:00+00:00/task_id=task_7 permission to 509
[2024-03-01T15:47:42.852+0000] {logging_mixin.py:188} INFO - Changing /opt/***/logs/dag_id=pool/run_id=scheduled__2024-01-07T00:00:00+00:00 permission to 509
[2024-03-01T15:47:42.854+0000] {logging_mixin.py:188} INFO - Changing /opt/***/logs/dag_id=pool permission to 509
[2024-03-01T15:47:42.857+0000] {logging_mixin.py:188} INFO - Changing /opt/***/logs permission to 509
[2024-03-01T15:47:42.934+0000] {logging_mixin.py:188} INFO - Changing /opt/***/logs/dag_id=pool/run_id=scheduled__2024-01-07T00:00:00+00:00/task_id=task_7 permission to 509
[2024-03-01T15:47:42.936+0000] {logging_mixin.py:188} INFO - Changing /opt/***/logs/dag_id=pool/run_id=scheduled__2024-01-07T00:00:00+00:00 permission to 509
[2024-03-01T15:47:42.939+0000] {logging_mixin.py:188} INFO - Changing /opt/***/logs/dag_id=pool permission to 509
[2024-03-01T15:47:42.941+0000] {logging_mixin.py:188} INFO - Changing /opt/***/logs permission to 509
[2024-03-01T15:47:42.988+0000] {taskinstance.py:1979} INFO - Dependencies all met for dep_context=non-requeueable deps ti=<TaskInstance: pool.task_7 scheduled__2024-01-07T00:00:00+00:00 [queued]>
[2024-03-01T15:47:42.996+0000] {taskinstance.py:1979} INFO - Dependencies all met for dep_context=requeueable deps ti=<TaskInstance: pool.task_7 scheduled__2024-01-07T00:00:00+00:00 [queued]>
[2024-03-01T15:47:42.996+0000] {taskinstance.py:2193} INFO - Starting attempt 1 of 3
[2024-03-01T15:47:43.043+0000] {taskinstance.py:2214} INFO - Executing <Task(BashOperator): task_7> on 2024-01-07 00:00:00+00:00
[2024-03-01T15:47:43.047+0000] {standard_task_runner.py:60} INFO - Started process 878 to run task
[2024-03-01T15:47:43.049+0000] {standard_task_runner.py:87} INFO - Running: ['***', 'tasks', 'run', 'pool', 'task_7', 'scheduled__2024-01-07T00:00:00+00:00', '--job-id', '211', '--raw', '--subdir', 'DAGS_FOLDER/pool.py', '--cfg-path', '/tmp/tmpuf1vp3bc']
[2024-03-01T15:47:43.050+0000] {standard_task_runner.py:88} INFO - Job 211: Subtask task_7
[2024-03-01T15:47:43.156+0000] {logging_mixin.py:188} INFO - Changing /opt/***/logs/dag_id=pool/run_id=scheduled__2024-01-07T00:00:00+00:00/task_id=task_7 permission to 509
[2024-03-01T15:47:43.158+0000] {logging_mixin.py:188} INFO - Changing /opt/***/logs/dag_id=pool/run_id=scheduled__2024-01-07T00:00:00+00:00 permission to 509
[2024-03-01T15:47:43.159+0000] {logging_mixin.py:188} INFO - Changing /opt/***/logs/dag_id=pool permission to 509
[2024-03-01T15:47:43.160+0000] {logging_mixin.py:188} INFO - Changing /opt/***/logs permission to 509
[2024-03-01T15:47:43.162+0000] {task_command.py:423} INFO - Running <TaskInstance: pool.task_7 scheduled__2024-01-07T00:00:00+00:00 [running]> on host 68829ac68ce6
[2024-03-01T15:47:43.346+0000] {taskinstance.py:2510} INFO - Exporting env vars: AIRFLOW_CTX_DAG_OWNER='vutt' AIRFLOW_CTX_DAG_ID='pool' AIRFLOW_CTX_TASK_ID='task_7' AIRFLOW_CTX_EXECUTION_DATE='2024-01-07T00:00:00+00:00' AIRFLOW_CTX_TRY_NUMBER='1' AIRFLOW_CTX_DAG_RUN_ID='scheduled__2024-01-07T00:00:00+00:00'
[2024-03-01T15:47:43.350+0000] {subprocess.py:63} INFO - Tmp dir root location: /tmp
[2024-03-01T15:47:43.351+0000] {subprocess.py:75} INFO - Running command: ['/usr/bin/bash', '-c', 'echo task_7']
[2024-03-01T15:47:43.363+0000] {subprocess.py:86} INFO - Output:
[2024-03-01T15:47:43.364+0000] {subprocess.py:93} INFO - task_7
[2024-03-01T15:47:43.365+0000] {subprocess.py:97} INFO - Command exited with return code 0
[2024-03-01T15:47:43.444+0000] {taskinstance.py:1149} INFO - Marking task as SUCCESS. dag_id=pool, task_id=task_7, execution_date=20240107T000000, start_date=20240301T154742, end_date=20240301T154743
[2024-03-01T15:47:43.462+0000] {local_task_job_runner.py:234} INFO - Task exited with return code 0
[2024-03-01T15:47:43.529+0000] {taskinstance.py:3309} INFO - 0 downstream tasks scheduled from follow-on schedule check
