[2024-03-01T15:13:19.868+0000] {logging_mixin.py:188} INFO - Changing /opt/***/logs/dag_id=trigger_dag_run_dag1/run_id=scheduled__2024-01-05T00:00:00+00:00/task_id=echo_dag1 permission to 509
[2024-03-01T15:13:19.870+0000] {logging_mixin.py:188} INFO - Changing /opt/***/logs/dag_id=trigger_dag_run_dag1/run_id=scheduled__2024-01-05T00:00:00+00:00 permission to 509
[2024-03-01T15:13:19.871+0000] {logging_mixin.py:188} INFO - Changing /opt/***/logs/dag_id=trigger_dag_run_dag1 permission to 509
[2024-03-01T15:13:19.873+0000] {logging_mixin.py:188} INFO - Changing /opt/***/logs permission to 509
[2024-03-01T15:13:19.931+0000] {logging_mixin.py:188} INFO - Changing /opt/***/logs/dag_id=trigger_dag_run_dag1/run_id=scheduled__2024-01-05T00:00:00+00:00/task_id=echo_dag1 permission to 509
[2024-03-01T15:13:19.932+0000] {logging_mixin.py:188} INFO - Changing /opt/***/logs/dag_id=trigger_dag_run_dag1/run_id=scheduled__2024-01-05T00:00:00+00:00 permission to 509
[2024-03-01T15:13:19.933+0000] {logging_mixin.py:188} INFO - Changing /opt/***/logs/dag_id=trigger_dag_run_dag1 permission to 509
[2024-03-01T15:13:19.936+0000] {logging_mixin.py:188} INFO - Changing /opt/***/logs permission to 509
[2024-03-01T15:13:19.973+0000] {taskinstance.py:1979} INFO - Dependencies all met for dep_context=non-requeueable deps ti=<TaskInstance: trigger_dag_run_dag1.echo_dag1 scheduled__2024-01-05T00:00:00+00:00 [queued]>
[2024-03-01T15:13:19.980+0000] {taskinstance.py:1979} INFO - Dependencies all met for dep_context=requeueable deps ti=<TaskInstance: trigger_dag_run_dag1.echo_dag1 scheduled__2024-01-05T00:00:00+00:00 [queued]>
[2024-03-01T15:13:19.981+0000] {taskinstance.py:2193} INFO - Starting attempt 1 of 3
[2024-03-01T15:13:19.993+0000] {taskinstance.py:2214} INFO - Executing <Task(BashOperator): echo_dag1> on 2024-01-05 00:00:00+00:00
[2024-03-01T15:13:19.996+0000] {standard_task_runner.py:60} INFO - Started process 167 to run task
[2024-03-01T15:13:19.998+0000] {standard_task_runner.py:87} INFO - Running: ['***', 'tasks', 'run', 'trigger_dag_run_dag1', 'echo_dag1', 'scheduled__2024-01-05T00:00:00+00:00', '--job-id', '128', '--raw', '--subdir', 'DAGS_FOLDER/trigger_dag_run_dag1.py', '--cfg-path', '/tmp/tmpckks0op8']
[2024-03-01T15:13:19.999+0000] {standard_task_runner.py:88} INFO - Job 128: Subtask echo_dag1
[2024-03-01T15:13:20.071+0000] {logging_mixin.py:188} INFO - Changing /opt/***/logs/dag_id=trigger_dag_run_dag1/run_id=scheduled__2024-01-05T00:00:00+00:00/task_id=echo_dag1 permission to 509
[2024-03-01T15:13:20.074+0000] {logging_mixin.py:188} INFO - Changing /opt/***/logs/dag_id=trigger_dag_run_dag1/run_id=scheduled__2024-01-05T00:00:00+00:00 permission to 509
[2024-03-01T15:13:20.075+0000] {logging_mixin.py:188} INFO - Changing /opt/***/logs/dag_id=trigger_dag_run_dag1 permission to 509
[2024-03-01T15:13:20.076+0000] {logging_mixin.py:188} INFO - Changing /opt/***/logs permission to 509
[2024-03-01T15:13:20.077+0000] {task_command.py:423} INFO - Running <TaskInstance: trigger_dag_run_dag1.echo_dag1 scheduled__2024-01-05T00:00:00+00:00 [running]> on host 68829ac68ce6
[2024-03-01T15:13:20.212+0000] {taskinstance.py:2510} INFO - Exporting env vars: AIRFLOW_CTX_DAG_OWNER='vutt' AIRFLOW_CTX_DAG_ID='trigger_dag_run_dag1' AIRFLOW_CTX_TASK_ID='echo_dag1' AIRFLOW_CTX_EXECUTION_DATE='2024-01-05T00:00:00+00:00' AIRFLOW_CTX_TRY_NUMBER='1' AIRFLOW_CTX_DAG_RUN_ID='scheduled__2024-01-05T00:00:00+00:00'
[2024-03-01T15:13:20.213+0000] {subprocess.py:63} INFO - Tmp dir root location: /tmp
[2024-03-01T15:13:20.214+0000] {subprocess.py:75} INFO - Running command: ['/usr/bin/bash', '-c', 'echo dag1']
[2024-03-01T15:13:20.220+0000] {subprocess.py:86} INFO - Output:
[2024-03-01T15:13:20.221+0000] {subprocess.py:93} INFO - dag1
[2024-03-01T15:13:20.221+0000] {subprocess.py:97} INFO - Command exited with return code 0
[2024-03-01T15:13:20.273+0000] {taskinstance.py:1149} INFO - Marking task as SUCCESS. dag_id=trigger_dag_run_dag1, task_id=echo_dag1, execution_date=20240105T000000, start_date=20240301T151319, end_date=20240301T151320
[2024-03-01T15:13:20.291+0000] {local_task_job_runner.py:234} INFO - Task exited with return code 0
[2024-03-01T15:13:20.319+0000] {taskinstance.py:3309} INFO - 0 downstream tasks scheduled from follow-on schedule check
