[2024-03-01T15:47:24.391+0000] {logging_mixin.py:188} INFO - Changing /opt/***/logs/dag_id=pool/run_id=scheduled__2024-01-02T00:00:00+00:00/task_id=task_1 permission to 509
[2024-03-01T15:47:24.393+0000] {logging_mixin.py:188} INFO - Changing /opt/***/logs/dag_id=pool/run_id=scheduled__2024-01-02T00:00:00+00:00 permission to 509
[2024-03-01T15:47:24.395+0000] {logging_mixin.py:188} INFO - Changing /opt/***/logs/dag_id=pool permission to 509
[2024-03-01T15:47:24.397+0000] {logging_mixin.py:188} INFO - Changing /opt/***/logs permission to 509
[2024-03-01T15:47:24.468+0000] {logging_mixin.py:188} INFO - Changing /opt/***/logs/dag_id=pool/run_id=scheduled__2024-01-02T00:00:00+00:00/task_id=task_1 permission to 509
[2024-03-01T15:47:24.471+0000] {logging_mixin.py:188} INFO - Changing /opt/***/logs/dag_id=pool/run_id=scheduled__2024-01-02T00:00:00+00:00 permission to 509
[2024-03-01T15:47:24.474+0000] {logging_mixin.py:188} INFO - Changing /opt/***/logs/dag_id=pool permission to 509
[2024-03-01T15:47:24.476+0000] {logging_mixin.py:188} INFO - Changing /opt/***/logs permission to 509
[2024-03-01T15:47:24.528+0000] {taskinstance.py:1979} INFO - Dependencies all met for dep_context=non-requeueable deps ti=<TaskInstance: pool.task_1 scheduled__2024-01-02T00:00:00+00:00 [queued]>
[2024-03-01T15:47:24.538+0000] {taskinstance.py:1979} INFO - Dependencies all met for dep_context=requeueable deps ti=<TaskInstance: pool.task_1 scheduled__2024-01-02T00:00:00+00:00 [queued]>
[2024-03-01T15:47:24.539+0000] {taskinstance.py:2193} INFO - Starting attempt 1 of 3
[2024-03-01T15:47:24.555+0000] {taskinstance.py:2214} INFO - Executing <Task(BashOperator): task_1> on 2024-01-02 00:00:00+00:00
[2024-03-01T15:47:24.559+0000] {standard_task_runner.py:60} INFO - Started process 700 to run task
[2024-03-01T15:47:24.563+0000] {standard_task_runner.py:87} INFO - Running: ['***', 'tasks', 'run', 'pool', 'task_1', 'scheduled__2024-01-02T00:00:00+00:00', '--job-id', '153', '--raw', '--subdir', 'DAGS_FOLDER/pool.py', '--cfg-path', '/tmp/tmpf0lklpy5']
[2024-03-01T15:47:24.565+0000] {standard_task_runner.py:88} INFO - Job 153: Subtask task_1
[2024-03-01T15:47:24.706+0000] {logging_mixin.py:188} INFO - Changing /opt/***/logs/dag_id=pool/run_id=scheduled__2024-01-02T00:00:00+00:00/task_id=task_1 permission to 509
[2024-03-01T15:47:24.708+0000] {logging_mixin.py:188} INFO - Changing /opt/***/logs/dag_id=pool/run_id=scheduled__2024-01-02T00:00:00+00:00 permission to 509
[2024-03-01T15:47:24.711+0000] {logging_mixin.py:188} INFO - Changing /opt/***/logs/dag_id=pool permission to 509
[2024-03-01T15:47:24.713+0000] {logging_mixin.py:188} INFO - Changing /opt/***/logs permission to 509
[2024-03-01T15:47:24.717+0000] {task_command.py:423} INFO - Running <TaskInstance: pool.task_1 scheduled__2024-01-02T00:00:00+00:00 [running]> on host 68829ac68ce6
[2024-03-01T15:47:25.008+0000] {taskinstance.py:2510} INFO - Exporting env vars: AIRFLOW_CTX_DAG_OWNER='vutt' AIRFLOW_CTX_DAG_ID='pool' AIRFLOW_CTX_TASK_ID='task_1' AIRFLOW_CTX_EXECUTION_DATE='2024-01-02T00:00:00+00:00' AIRFLOW_CTX_TRY_NUMBER='1' AIRFLOW_CTX_DAG_RUN_ID='scheduled__2024-01-02T00:00:00+00:00'
[2024-03-01T15:47:25.009+0000] {subprocess.py:63} INFO - Tmp dir root location: /tmp
[2024-03-01T15:47:25.010+0000] {subprocess.py:75} INFO - Running command: ['/usr/bin/bash', '-c', 'echo task_1']
[2024-03-01T15:47:25.019+0000] {subprocess.py:86} INFO - Output:
[2024-03-01T15:47:25.020+0000] {subprocess.py:93} INFO - task_1
[2024-03-01T15:47:25.020+0000] {subprocess.py:97} INFO - Command exited with return code 0
[2024-03-01T15:47:25.106+0000] {taskinstance.py:1149} INFO - Marking task as SUCCESS. dag_id=pool, task_id=task_1, execution_date=20240102T000000, start_date=20240301T154724, end_date=20240301T154725
[2024-03-01T15:47:25.174+0000] {local_task_job_runner.py:234} INFO - Task exited with return code 0
[2024-03-01T15:47:25.219+0000] {taskinstance.py:3309} INFO - 0 downstream tasks scheduled from follow-on schedule check
