[2024-03-01T15:47:35.333+0000] {logging_mixin.py:188} INFO - Changing /opt/***/logs/dag_id=pool/run_id=scheduled__2024-01-02T00:00:00+00:00/task_id=task_2 permission to 509
[2024-03-01T15:47:35.335+0000] {logging_mixin.py:188} INFO - Changing /opt/***/logs/dag_id=pool/run_id=scheduled__2024-01-02T00:00:00+00:00 permission to 509
[2024-03-01T15:47:35.337+0000] {logging_mixin.py:188} INFO - Changing /opt/***/logs/dag_id=pool permission to 509
[2024-03-01T15:47:35.340+0000] {logging_mixin.py:188} INFO - Changing /opt/***/logs permission to 509
[2024-03-01T15:47:35.411+0000] {logging_mixin.py:188} INFO - Changing /opt/***/logs/dag_id=pool/run_id=scheduled__2024-01-02T00:00:00+00:00/task_id=task_2 permission to 509
[2024-03-01T15:47:35.414+0000] {logging_mixin.py:188} INFO - Changing /opt/***/logs/dag_id=pool/run_id=scheduled__2024-01-02T00:00:00+00:00 permission to 509
[2024-03-01T15:47:35.416+0000] {logging_mixin.py:188} INFO - Changing /opt/***/logs/dag_id=pool permission to 509
[2024-03-01T15:47:35.418+0000] {logging_mixin.py:188} INFO - Changing /opt/***/logs permission to 509
[2024-03-01T15:47:35.466+0000] {taskinstance.py:1979} INFO - Dependencies all met for dep_context=non-requeueable deps ti=<TaskInstance: pool.task_2 scheduled__2024-01-02T00:00:00+00:00 [queued]>
[2024-03-01T15:47:35.476+0000] {taskinstance.py:1979} INFO - Dependencies all met for dep_context=requeueable deps ti=<TaskInstance: pool.task_2 scheduled__2024-01-02T00:00:00+00:00 [queued]>
[2024-03-01T15:47:35.476+0000] {taskinstance.py:2193} INFO - Starting attempt 1 of 3
[2024-03-01T15:47:35.494+0000] {taskinstance.py:2214} INFO - Executing <Task(BashOperator): task_2> on 2024-01-02 00:00:00+00:00
[2024-03-01T15:47:35.499+0000] {standard_task_runner.py:60} INFO - Started process 800 to run task
[2024-03-01T15:47:35.501+0000] {standard_task_runner.py:87} INFO - Running: ['***', 'tasks', 'run', 'pool', 'task_2', 'scheduled__2024-01-02T00:00:00+00:00', '--job-id', '185', '--raw', '--subdir', 'DAGS_FOLDER/pool.py', '--cfg-path', '/tmp/tmpso6vjtzx']
[2024-03-01T15:47:35.502+0000] {standard_task_runner.py:88} INFO - Job 185: Subtask task_2
[2024-03-01T15:47:35.594+0000] {logging_mixin.py:188} INFO - Changing /opt/***/logs/dag_id=pool/run_id=scheduled__2024-01-02T00:00:00+00:00/task_id=task_2 permission to 509
[2024-03-01T15:47:35.596+0000] {logging_mixin.py:188} INFO - Changing /opt/***/logs/dag_id=pool/run_id=scheduled__2024-01-02T00:00:00+00:00 permission to 509
[2024-03-01T15:47:35.597+0000] {logging_mixin.py:188} INFO - Changing /opt/***/logs/dag_id=pool permission to 509
[2024-03-01T15:47:35.599+0000] {logging_mixin.py:188} INFO - Changing /opt/***/logs permission to 509
[2024-03-01T15:47:35.602+0000] {task_command.py:423} INFO - Running <TaskInstance: pool.task_2 scheduled__2024-01-02T00:00:00+00:00 [running]> on host 68829ac68ce6
[2024-03-01T15:47:35.778+0000] {taskinstance.py:2510} INFO - Exporting env vars: AIRFLOW_CTX_DAG_OWNER='vutt' AIRFLOW_CTX_DAG_ID='pool' AIRFLOW_CTX_TASK_ID='task_2' AIRFLOW_CTX_EXECUTION_DATE='2024-01-02T00:00:00+00:00' AIRFLOW_CTX_TRY_NUMBER='1' AIRFLOW_CTX_DAG_RUN_ID='scheduled__2024-01-02T00:00:00+00:00'
[2024-03-01T15:47:35.779+0000] {subprocess.py:63} INFO - Tmp dir root location: /tmp
[2024-03-01T15:47:35.780+0000] {subprocess.py:75} INFO - Running command: ['/usr/bin/bash', '-c', 'echo task_2']
[2024-03-01T15:47:35.789+0000] {subprocess.py:86} INFO - Output:
[2024-03-01T15:47:35.790+0000] {subprocess.py:93} INFO - task_2
[2024-03-01T15:47:35.791+0000] {subprocess.py:97} INFO - Command exited with return code 0
[2024-03-01T15:47:35.879+0000] {taskinstance.py:1149} INFO - Marking task as SUCCESS. dag_id=pool, task_id=task_2, execution_date=20240102T000000, start_date=20240301T154735, end_date=20240301T154735
[2024-03-01T15:47:35.914+0000] {local_task_job_runner.py:234} INFO - Task exited with return code 0
[2024-03-01T15:47:35.966+0000] {taskinstance.py:3309} INFO - 1 downstream tasks scheduled from follow-on schedule check
