[2024-02-29T16:27:04.581+0000] {logging_mixin.py:188} INFO - Changing /opt/***/logs/dag_id=jinja_template/run_id=scheduled__2024-01-05T00:00:00+00:00/task_id=echo_ds permission to 509
[2024-02-29T16:27:04.585+0000] {logging_mixin.py:188} INFO - Changing /opt/***/logs/dag_id=jinja_template/run_id=scheduled__2024-01-05T00:00:00+00:00 permission to 509
[2024-02-29T16:27:04.587+0000] {logging_mixin.py:188} INFO - Changing /opt/***/logs/dag_id=jinja_template permission to 509
[2024-02-29T16:27:04.589+0000] {logging_mixin.py:188} INFO - Changing /opt/***/logs permission to 509
[2024-02-29T16:27:04.697+0000] {logging_mixin.py:188} INFO - Changing /opt/***/logs/dag_id=jinja_template/run_id=scheduled__2024-01-05T00:00:00+00:00/task_id=echo_ds permission to 509
[2024-02-29T16:27:04.700+0000] {logging_mixin.py:188} INFO - Changing /opt/***/logs/dag_id=jinja_template/run_id=scheduled__2024-01-05T00:00:00+00:00 permission to 509
[2024-02-29T16:27:04.703+0000] {logging_mixin.py:188} INFO - Changing /opt/***/logs/dag_id=jinja_template permission to 509
[2024-02-29T16:27:04.705+0000] {logging_mixin.py:188} INFO - Changing /opt/***/logs permission to 509
[2024-02-29T16:27:04.770+0000] {taskinstance.py:1979} INFO - Dependencies all met for dep_context=non-requeueable deps ti=<TaskInstance: jinja_template.echo_ds scheduled__2024-01-05T00:00:00+00:00 [queued]>
[2024-02-29T16:27:04.782+0000] {taskinstance.py:1979} INFO - Dependencies all met for dep_context=requeueable deps ti=<TaskInstance: jinja_template.echo_ds scheduled__2024-01-05T00:00:00+00:00 [queued]>
[2024-02-29T16:27:04.782+0000] {taskinstance.py:2193} INFO - Starting attempt 1 of 3
[2024-02-29T16:27:04.802+0000] {taskinstance.py:2214} INFO - Executing <Task(BashOperator): echo_ds> on 2024-01-05 00:00:00+00:00
[2024-02-29T16:27:04.806+0000] {standard_task_runner.py:60} INFO - Started process 329 to run task
[2024-02-29T16:27:04.808+0000] {standard_task_runner.py:87} INFO - Running: ['***', 'tasks', 'run', 'jinja_template', 'echo_ds', 'scheduled__2024-01-05T00:00:00+00:00', '--job-id', '114', '--raw', '--subdir', 'DAGS_FOLDER/jinja_template.py', '--cfg-path', '/tmp/tmppppsku3b']
[2024-02-29T16:27:04.809+0000] {standard_task_runner.py:88} INFO - Job 114: Subtask echo_ds
[2024-02-29T16:27:04.937+0000] {logging_mixin.py:188} INFO - Changing /opt/***/logs/dag_id=jinja_template/run_id=scheduled__2024-01-05T00:00:00+00:00/task_id=echo_ds permission to 509
[2024-02-29T16:27:04.938+0000] {logging_mixin.py:188} INFO - Changing /opt/***/logs/dag_id=jinja_template/run_id=scheduled__2024-01-05T00:00:00+00:00 permission to 509
[2024-02-29T16:27:04.940+0000] {logging_mixin.py:188} INFO - Changing /opt/***/logs/dag_id=jinja_template permission to 509
[2024-02-29T16:27:04.942+0000] {logging_mixin.py:188} INFO - Changing /opt/***/logs permission to 509
[2024-02-29T16:27:04.945+0000] {task_command.py:423} INFO - Running <TaskInstance: jinja_template.echo_ds scheduled__2024-01-05T00:00:00+00:00 [running]> on host 68829ac68ce6
[2024-02-29T16:27:05.114+0000] {taskinstance.py:2510} INFO - Exporting env vars: AIRFLOW_CTX_DAG_OWNER='vutt' AIRFLOW_CTX_DAG_ID='jinja_template' AIRFLOW_CTX_TASK_ID='echo_ds' AIRFLOW_CTX_EXECUTION_DATE='2024-01-05T00:00:00+00:00' AIRFLOW_CTX_TRY_NUMBER='1' AIRFLOW_CTX_DAG_RUN_ID='scheduled__2024-01-05T00:00:00+00:00'
[2024-02-29T16:27:05.115+0000] {subprocess.py:63} INFO - Tmp dir root location: /tmp
[2024-02-29T16:27:05.115+0000] {subprocess.py:75} INFO - Running command: ['/usr/bin/bash', '-c', 'echo 20240105']
[2024-02-29T16:27:05.124+0000] {subprocess.py:86} INFO - Output:
[2024-02-29T16:27:05.125+0000] {subprocess.py:93} INFO - 20240105
[2024-02-29T16:27:05.126+0000] {subprocess.py:97} INFO - Command exited with return code 0
[2024-02-29T16:27:05.187+0000] {taskinstance.py:1149} INFO - Marking task as SUCCESS. dag_id=jinja_template, task_id=echo_ds, execution_date=20240105T000000, start_date=20240229T162704, end_date=20240229T162705
[2024-02-29T16:27:05.222+0000] {local_task_job_runner.py:234} INFO - Task exited with return code 0
[2024-02-29T16:27:05.248+0000] {taskinstance.py:3309} INFO - 0 downstream tasks scheduled from follow-on schedule check
