[2024-02-28T04:51:03.480+0000] {temporal.py:60} INFO - trigger starting
[2024-02-28T04:51:03.480+0000] {temporal.py:64} INFO - 59 seconds remaining; sleeping 10 seconds
[2024-02-28T04:51:13.483+0000] {temporal.py:64} INFO - 49 seconds remaining; sleeping 10 seconds
[2024-02-28T04:51:23.485+0000] {temporal.py:64} INFO - 39 seconds remaining; sleeping 10 seconds
[2024-02-28T04:51:33.486+0000] {temporal.py:64} INFO - 29 seconds remaining; sleeping 10 seconds
[2024-02-28T04:51:43.487+0000] {temporal.py:69} INFO - sleeping 1 second...
[2024-02-28T04:51:44.489+0000] {temporal.py:69} INFO - sleeping 1 second...
[2024-02-28T04:51:45.490+0000] {temporal.py:69} INFO - sleeping 1 second...
[2024-02-28T04:51:46.492+0000] {temporal.py:69} INFO - sleeping 1 second...
[2024-02-28T04:51:47.493+0000] {temporal.py:69} INFO - sleeping 1 second...
[2024-02-28T04:51:48.494+0000] {temporal.py:69} INFO - sleeping 1 second...
[2024-02-28T04:51:49.496+0000] {temporal.py:69} INFO - sleeping 1 second...
[2024-02-28T04:51:50.497+0000] {temporal.py:69} INFO - sleeping 1 second...
[2024-02-28T04:51:51.498+0000] {temporal.py:69} INFO - sleeping 1 second...
[2024-02-28T04:51:52.499+0000] {temporal.py:69} INFO - sleeping 1 second...
[2024-02-28T04:51:53.501+0000] {temporal.py:69} INFO - sleeping 1 second...
[2024-02-28T04:51:54.502+0000] {temporal.py:69} INFO - sleeping 1 second...
[2024-02-28T04:51:55.503+0000] {temporal.py:69} INFO - sleeping 1 second...
[2024-02-28T04:51:56.504+0000] {temporal.py:69} INFO - sleeping 1 second...
[2024-02-28T04:51:57.505+0000] {temporal.py:69} INFO - sleeping 1 second...
[2024-02-28T04:51:58.507+0000] {temporal.py:69} INFO - sleeping 1 second...
[2024-02-28T04:51:59.509+0000] {temporal.py:69} INFO - sleeping 1 second...
[2024-02-28T04:52:00.511+0000] {temporal.py:69} INFO - sleeping 1 second...
[2024-02-28T04:52:01.513+0000] {temporal.py:69} INFO - sleeping 1 second...
[2024-02-28T04:52:02.514+0000] {temporal.py:69} INFO - sleeping 1 second...
[2024-02-28T04:52:03.516+0000] {temporal.py:72} INFO - yielding event with payload DateTime(2024, 2, 28, 4, 52, 2, 788273, tzinfo=Timezone('UTC'))
[2024-02-28T04:52:03.516+0000] {triggerer_job_runner.py:602} INFO - Trigger deferrable_operator/manual__2024-02-28T04:51:01.562641+00:00/wait_event/-1/1 (ID 4) fired: TriggerEvent<DateTime(2024, 2, 28, 4, 52, 2, 788273, tzinfo=Timezone('UTC'))>
