[2024-03-01T15:47:32.131+0000] {logging_mixin.py:188} INFO - Changing /opt/***/logs/dag_id=pool/run_id=scheduled__2024-01-07T00:00:00+00:00/task_id=task_6 permission to 509
[2024-03-01T15:47:32.134+0000] {logging_mixin.py:188} INFO - Changing /opt/***/logs/dag_id=pool/run_id=scheduled__2024-01-07T00:00:00+00:00 permission to 509
[2024-03-01T15:47:32.137+0000] {logging_mixin.py:188} INFO - Changing /opt/***/logs/dag_id=pool permission to 509
[2024-03-01T15:47:32.141+0000] {logging_mixin.py:188} INFO - Changing /opt/***/logs permission to 509
[2024-03-01T15:47:32.202+0000] {logging_mixin.py:188} INFO - Changing /opt/***/logs/dag_id=pool/run_id=scheduled__2024-01-07T00:00:00+00:00/task_id=task_6 permission to 509
[2024-03-01T15:47:32.204+0000] {logging_mixin.py:188} INFO - Changing /opt/***/logs/dag_id=pool/run_id=scheduled__2024-01-07T00:00:00+00:00 permission to 509
[2024-03-01T15:47:32.205+0000] {logging_mixin.py:188} INFO - Changing /opt/***/logs/dag_id=pool permission to 509
[2024-03-01T15:47:32.207+0000] {logging_mixin.py:188} INFO - Changing /opt/***/logs permission to 509
[2024-03-01T15:47:32.256+0000] {taskinstance.py:1979} INFO - Dependencies all met for dep_context=non-requeueable deps ti=<TaskInstance: pool.task_6 scheduled__2024-01-07T00:00:00+00:00 [queued]>
[2024-03-01T15:47:32.266+0000] {taskinstance.py:1979} INFO - Dependencies all met for dep_context=requeueable deps ti=<TaskInstance: pool.task_6 scheduled__2024-01-07T00:00:00+00:00 [queued]>
[2024-03-01T15:47:32.266+0000] {taskinstance.py:2193} INFO - Starting attempt 1 of 3
[2024-03-01T15:47:32.281+0000] {taskinstance.py:2214} INFO - Executing <Task(BashOperator): task_6> on 2024-01-07 00:00:00+00:00
[2024-03-01T15:47:32.285+0000] {standard_task_runner.py:60} INFO - Started process 772 to run task
[2024-03-01T15:47:32.287+0000] {standard_task_runner.py:87} INFO - Running: ['***', 'tasks', 'run', 'pool', 'task_6', 'scheduled__2024-01-07T00:00:00+00:00', '--job-id', '177', '--raw', '--subdir', 'DAGS_FOLDER/pool.py', '--cfg-path', '/tmp/tmpg1xuamey']
[2024-03-01T15:47:32.288+0000] {standard_task_runner.py:88} INFO - Job 177: Subtask task_6
[2024-03-01T15:47:32.381+0000] {logging_mixin.py:188} INFO - Changing /opt/***/logs/dag_id=pool/run_id=scheduled__2024-01-07T00:00:00+00:00/task_id=task_6 permission to 509
[2024-03-01T15:47:32.383+0000] {logging_mixin.py:188} INFO - Changing /opt/***/logs/dag_id=pool/run_id=scheduled__2024-01-07T00:00:00+00:00 permission to 509
[2024-03-01T15:47:32.384+0000] {logging_mixin.py:188} INFO - Changing /opt/***/logs/dag_id=pool permission to 509
[2024-03-01T15:47:32.385+0000] {logging_mixin.py:188} INFO - Changing /opt/***/logs permission to 509
[2024-03-01T15:47:32.387+0000] {task_command.py:423} INFO - Running <TaskInstance: pool.task_6 scheduled__2024-01-07T00:00:00+00:00 [running]> on host 68829ac68ce6
[2024-03-01T15:47:32.535+0000] {taskinstance.py:2510} INFO - Exporting env vars: AIRFLOW_CTX_DAG_OWNER='vutt' AIRFLOW_CTX_DAG_ID='pool' AIRFLOW_CTX_TASK_ID='task_6' AIRFLOW_CTX_EXECUTION_DATE='2024-01-07T00:00:00+00:00' AIRFLOW_CTX_TRY_NUMBER='1' AIRFLOW_CTX_DAG_RUN_ID='scheduled__2024-01-07T00:00:00+00:00'
[2024-03-01T15:47:32.536+0000] {subprocess.py:63} INFO - Tmp dir root location: /tmp
[2024-03-01T15:47:32.536+0000] {subprocess.py:75} INFO - Running command: ['/usr/bin/bash', '-c', 'echo task_6']
[2024-03-01T15:47:32.543+0000] {subprocess.py:86} INFO - Output:
[2024-03-01T15:47:32.544+0000] {subprocess.py:93} INFO - task_6
[2024-03-01T15:47:32.545+0000] {subprocess.py:97} INFO - Command exited with return code 0
[2024-03-01T15:47:32.607+0000] {taskinstance.py:1149} INFO - Marking task as SUCCESS. dag_id=pool, task_id=task_6, execution_date=20240107T000000, start_date=20240301T154732, end_date=20240301T154732
[2024-03-01T15:47:32.660+0000] {local_task_job_runner.py:234} INFO - Task exited with return code 0
[2024-03-01T15:47:32.706+0000] {taskinstance.py:3309} INFO - 0 downstream tasks scheduled from follow-on schedule check
