[2024-03-01T15:13:31.089+0000] {logging_mixin.py:188} INFO - Changing /opt/***/logs/dag_id=trigger_dag_run_dag2/run_id=scheduled__2024-01-05T00:00:00+00:00/task_id=triggered_by_dag1 permission to 509
[2024-03-01T15:13:31.091+0000] {logging_mixin.py:188} INFO - Changing /opt/***/logs/dag_id=trigger_dag_run_dag2/run_id=scheduled__2024-01-05T00:00:00+00:00 permission to 509
[2024-03-01T15:13:31.093+0000] {logging_mixin.py:188} INFO - Changing /opt/***/logs/dag_id=trigger_dag_run_dag2 permission to 509
[2024-03-01T15:13:31.094+0000] {logging_mixin.py:188} INFO - Changing /opt/***/logs permission to 509
[2024-03-01T15:13:31.154+0000] {logging_mixin.py:188} INFO - Changing /opt/***/logs/dag_id=trigger_dag_run_dag2/run_id=scheduled__2024-01-05T00:00:00+00:00/task_id=triggered_by_dag1 permission to 509
[2024-03-01T15:13:31.155+0000] {logging_mixin.py:188} INFO - Changing /opt/***/logs/dag_id=trigger_dag_run_dag2/run_id=scheduled__2024-01-05T00:00:00+00:00 permission to 509
[2024-03-01T15:13:31.156+0000] {logging_mixin.py:188} INFO - Changing /opt/***/logs/dag_id=trigger_dag_run_dag2 permission to 509
[2024-03-01T15:13:31.156+0000] {logging_mixin.py:188} INFO - Changing /opt/***/logs permission to 509
[2024-03-01T15:13:31.188+0000] {taskinstance.py:1979} INFO - Dependencies all met for dep_context=non-requeueable deps ti=<TaskInstance: trigger_dag_run_dag2.triggered_by_dag1 scheduled__2024-01-05T00:00:00+00:00 [queued]>
[2024-03-01T15:13:31.196+0000] {taskinstance.py:1979} INFO - Dependencies all met for dep_context=requeueable deps ti=<TaskInstance: trigger_dag_run_dag2.triggered_by_dag1 scheduled__2024-01-05T00:00:00+00:00 [queued]>
[2024-03-01T15:13:31.197+0000] {taskinstance.py:2193} INFO - Starting attempt 1 of 3
[2024-03-01T15:13:31.217+0000] {taskinstance.py:2214} INFO - Executing <Task(TriggerDagRunOperator): triggered_by_dag1> on 2024-01-05 00:00:00+00:00
[2024-03-01T15:13:31.220+0000] {standard_task_runner.py:60} INFO - Started process 202 to run task
[2024-03-01T15:13:31.222+0000] {standard_task_runner.py:87} INFO - Running: ['***', 'tasks', 'run', 'trigger_dag_run_dag2', 'triggered_by_dag1', 'scheduled__2024-01-05T00:00:00+00:00', '--job-id', '139', '--raw', '--subdir', 'DAGS_FOLDER/trigger_dag_run_dag2.py', '--cfg-path', '/tmp/tmpqc_a7i1z']
[2024-03-01T15:13:31.222+0000] {standard_task_runner.py:88} INFO - Job 139: Subtask triggered_by_dag1
[2024-03-01T15:13:31.289+0000] {logging_mixin.py:188} INFO - Changing /opt/***/logs/dag_id=trigger_dag_run_dag2/run_id=scheduled__2024-01-05T00:00:00+00:00/task_id=triggered_by_dag1 permission to 509
[2024-03-01T15:13:31.290+0000] {logging_mixin.py:188} INFO - Changing /opt/***/logs/dag_id=trigger_dag_run_dag2/run_id=scheduled__2024-01-05T00:00:00+00:00 permission to 509
[2024-03-01T15:13:31.291+0000] {logging_mixin.py:188} INFO - Changing /opt/***/logs/dag_id=trigger_dag_run_dag2 permission to 509
[2024-03-01T15:13:31.292+0000] {logging_mixin.py:188} INFO - Changing /opt/***/logs permission to 509
[2024-03-01T15:13:31.293+0000] {task_command.py:423} INFO - Running <TaskInstance: trigger_dag_run_dag2.triggered_by_dag1 scheduled__2024-01-05T00:00:00+00:00 [running]> on host 68829ac68ce6
[2024-03-01T15:13:31.426+0000] {taskinstance.py:2510} INFO - Exporting env vars: AIRFLOW_CTX_DAG_OWNER='vutt' AIRFLOW_CTX_DAG_ID='trigger_dag_run_dag2' AIRFLOW_CTX_TASK_ID='triggered_by_dag1' AIRFLOW_CTX_EXECUTION_DATE='2024-01-05T00:00:00+00:00' AIRFLOW_CTX_TRY_NUMBER='1' AIRFLOW_CTX_DAG_RUN_ID='scheduled__2024-01-05T00:00:00+00:00'
[2024-03-01T15:13:31.598+0000] {taskinstance.py:1149} INFO - Marking task as SUCCESS. dag_id=trigger_dag_run_dag2, task_id=triggered_by_dag1, execution_date=20240105T000000, start_date=20240301T151331, end_date=20240301T151331
[2024-03-01T15:13:31.635+0000] {local_task_job_runner.py:234} INFO - Task exited with return code 0
[2024-03-01T15:13:31.674+0000] {taskinstance.py:3309} INFO - 0 downstream tasks scheduled from follow-on schedule check
