[2024-03-01T15:13:29.346+0000] {logging_mixin.py:188} INFO - Changing /opt/***/logs/dag_id=trigger_dag_run_dag2/run_id=scheduled__2024-01-04T00:00:00+00:00/task_id=triggered_by_dag1 permission to 509
[2024-03-01T15:13:29.348+0000] {logging_mixin.py:188} INFO - Changing /opt/***/logs/dag_id=trigger_dag_run_dag2/run_id=scheduled__2024-01-04T00:00:00+00:00 permission to 509
[2024-03-01T15:13:29.350+0000] {logging_mixin.py:188} INFO - Changing /opt/***/logs/dag_id=trigger_dag_run_dag2 permission to 509
[2024-03-01T15:13:29.351+0000] {logging_mixin.py:188} INFO - Changing /opt/***/logs permission to 509
[2024-03-01T15:13:29.414+0000] {logging_mixin.py:188} INFO - Changing /opt/***/logs/dag_id=trigger_dag_run_dag2/run_id=scheduled__2024-01-04T00:00:00+00:00/task_id=triggered_by_dag1 permission to 509
[2024-03-01T15:13:29.415+0000] {logging_mixin.py:188} INFO - Changing /opt/***/logs/dag_id=trigger_dag_run_dag2/run_id=scheduled__2024-01-04T00:00:00+00:00 permission to 509
[2024-03-01T15:13:29.416+0000] {logging_mixin.py:188} INFO - Changing /opt/***/logs/dag_id=trigger_dag_run_dag2 permission to 509
[2024-03-01T15:13:29.416+0000] {logging_mixin.py:188} INFO - Changing /opt/***/logs permission to 509
[2024-03-01T15:13:29.457+0000] {taskinstance.py:1979} INFO - Dependencies all met for dep_context=non-requeueable deps ti=<TaskInstance: trigger_dag_run_dag2.triggered_by_dag1 scheduled__2024-01-04T00:00:00+00:00 [queued]>
[2024-03-01T15:13:29.466+0000] {taskinstance.py:1979} INFO - Dependencies all met for dep_context=requeueable deps ti=<TaskInstance: trigger_dag_run_dag2.triggered_by_dag1 scheduled__2024-01-04T00:00:00+00:00 [queued]>
[2024-03-01T15:13:29.466+0000] {taskinstance.py:2193} INFO - Starting attempt 1 of 3
[2024-03-01T15:13:29.478+0000] {taskinstance.py:2214} INFO - Executing <Task(TriggerDagRunOperator): triggered_by_dag1> on 2024-01-04 00:00:00+00:00
[2024-03-01T15:13:29.483+0000] {standard_task_runner.py:60} INFO - Started process 197 to run task
[2024-03-01T15:13:29.485+0000] {standard_task_runner.py:87} INFO - Running: ['***', 'tasks', 'run', 'trigger_dag_run_dag2', 'triggered_by_dag1', 'scheduled__2024-01-04T00:00:00+00:00', '--job-id', '137', '--raw', '--subdir', 'DAGS_FOLDER/trigger_dag_run_dag2.py', '--cfg-path', '/tmp/tmpvi0z2w2p']
[2024-03-01T15:13:29.486+0000] {standard_task_runner.py:88} INFO - Job 137: Subtask triggered_by_dag1
[2024-03-01T15:13:29.554+0000] {logging_mixin.py:188} INFO - Changing /opt/***/logs/dag_id=trigger_dag_run_dag2/run_id=scheduled__2024-01-04T00:00:00+00:00/task_id=triggered_by_dag1 permission to 509
[2024-03-01T15:13:29.555+0000] {logging_mixin.py:188} INFO - Changing /opt/***/logs/dag_id=trigger_dag_run_dag2/run_id=scheduled__2024-01-04T00:00:00+00:00 permission to 509
[2024-03-01T15:13:29.556+0000] {logging_mixin.py:188} INFO - Changing /opt/***/logs/dag_id=trigger_dag_run_dag2 permission to 509
[2024-03-01T15:13:29.556+0000] {logging_mixin.py:188} INFO - Changing /opt/***/logs permission to 509
[2024-03-01T15:13:29.558+0000] {task_command.py:423} INFO - Running <TaskInstance: trigger_dag_run_dag2.triggered_by_dag1 scheduled__2024-01-04T00:00:00+00:00 [running]> on host 68829ac68ce6
[2024-03-01T15:13:29.684+0000] {taskinstance.py:2510} INFO - Exporting env vars: AIRFLOW_CTX_DAG_OWNER='vutt' AIRFLOW_CTX_DAG_ID='trigger_dag_run_dag2' AIRFLOW_CTX_TASK_ID='triggered_by_dag1' AIRFLOW_CTX_EXECUTION_DATE='2024-01-04T00:00:00+00:00' AIRFLOW_CTX_TRY_NUMBER='1' AIRFLOW_CTX_DAG_RUN_ID='scheduled__2024-01-04T00:00:00+00:00'
[2024-03-01T15:13:29.910+0000] {taskinstance.py:1149} INFO - Marking task as SUCCESS. dag_id=trigger_dag_run_dag2, task_id=triggered_by_dag1, execution_date=20240104T000000, start_date=20240301T151329, end_date=20240301T151329
[2024-03-01T15:13:29.938+0000] {local_task_job_runner.py:234} INFO - Task exited with return code 0
[2024-03-01T15:13:29.968+0000] {taskinstance.py:3309} INFO - 1 downstream tasks scheduled from follow-on schedule check
