[2024-02-29T16:27:04.998+0000] {logging_mixin.py:188} INFO - Changing /opt/***/logs/dag_id=jinja_template/run_id=scheduled__2024-01-07T00:00:00+00:00/task_id=echo_ds permission to 509
[2024-02-29T16:27:05.000+0000] {logging_mixin.py:188} INFO - Changing /opt/***/logs/dag_id=jinja_template/run_id=scheduled__2024-01-07T00:00:00+00:00 permission to 509
[2024-02-29T16:27:05.002+0000] {logging_mixin.py:188} INFO - Changing /opt/***/logs/dag_id=jinja_template permission to 509
[2024-02-29T16:27:05.003+0000] {logging_mixin.py:188} INFO - Changing /opt/***/logs permission to 509
[2024-02-29T16:27:05.071+0000] {logging_mixin.py:188} INFO - Changing /opt/***/logs/dag_id=jinja_template/run_id=scheduled__2024-01-07T00:00:00+00:00/task_id=echo_ds permission to 509
[2024-02-29T16:27:05.072+0000] {logging_mixin.py:188} INFO - Changing /opt/***/logs/dag_id=jinja_template/run_id=scheduled__2024-01-07T00:00:00+00:00 permission to 509
[2024-02-29T16:27:05.073+0000] {logging_mixin.py:188} INFO - Changing /opt/***/logs/dag_id=jinja_template permission to 509
[2024-02-29T16:27:05.075+0000] {logging_mixin.py:188} INFO - Changing /opt/***/logs permission to 509
[2024-02-29T16:27:05.115+0000] {taskinstance.py:1979} INFO - Dependencies all met for dep_context=non-requeueable deps ti=<TaskInstance: jinja_template.echo_ds scheduled__2024-01-07T00:00:00+00:00 [queued]>
[2024-02-29T16:27:05.124+0000] {taskinstance.py:1979} INFO - Dependencies all met for dep_context=requeueable deps ti=<TaskInstance: jinja_template.echo_ds scheduled__2024-01-07T00:00:00+00:00 [queued]>
[2024-02-29T16:27:05.125+0000] {taskinstance.py:2193} INFO - Starting attempt 1 of 3
[2024-02-29T16:27:05.135+0000] {taskinstance.py:2214} INFO - Executing <Task(BashOperator): echo_ds> on 2024-01-07 00:00:00+00:00
[2024-02-29T16:27:05.140+0000] {standard_task_runner.py:60} INFO - Started process 333 to run task
[2024-02-29T16:27:05.144+0000] {standard_task_runner.py:87} INFO - Running: ['***', 'tasks', 'run', 'jinja_template', 'echo_ds', 'scheduled__2024-01-07T00:00:00+00:00', '--job-id', '116', '--raw', '--subdir', 'DAGS_FOLDER/jinja_template.py', '--cfg-path', '/tmp/tmpyh0zq9wv']
[2024-02-29T16:27:05.146+0000] {standard_task_runner.py:88} INFO - Job 116: Subtask echo_ds
[2024-02-29T16:27:05.234+0000] {logging_mixin.py:188} INFO - Changing /opt/***/logs/dag_id=jinja_template/run_id=scheduled__2024-01-07T00:00:00+00:00/task_id=echo_ds permission to 509
[2024-02-29T16:27:05.235+0000] {logging_mixin.py:188} INFO - Changing /opt/***/logs/dag_id=jinja_template/run_id=scheduled__2024-01-07T00:00:00+00:00 permission to 509
[2024-02-29T16:27:05.236+0000] {logging_mixin.py:188} INFO - Changing /opt/***/logs/dag_id=jinja_template permission to 509
[2024-02-29T16:27:05.237+0000] {logging_mixin.py:188} INFO - Changing /opt/***/logs permission to 509
[2024-02-29T16:27:05.238+0000] {task_command.py:423} INFO - Running <TaskInstance: jinja_template.echo_ds scheduled__2024-01-07T00:00:00+00:00 [running]> on host 68829ac68ce6
[2024-02-29T16:27:05.376+0000] {taskinstance.py:2510} INFO - Exporting env vars: AIRFLOW_CTX_DAG_OWNER='vutt' AIRFLOW_CTX_DAG_ID='jinja_template' AIRFLOW_CTX_TASK_ID='echo_ds' AIRFLOW_CTX_EXECUTION_DATE='2024-01-07T00:00:00+00:00' AIRFLOW_CTX_TRY_NUMBER='1' AIRFLOW_CTX_DAG_RUN_ID='scheduled__2024-01-07T00:00:00+00:00'
[2024-02-29T16:27:05.378+0000] {subprocess.py:63} INFO - Tmp dir root location: /tmp
[2024-02-29T16:27:05.379+0000] {subprocess.py:75} INFO - Running command: ['/usr/bin/bash', '-c', 'echo 20240107']
[2024-02-29T16:27:05.386+0000] {subprocess.py:86} INFO - Output:
[2024-02-29T16:27:05.387+0000] {subprocess.py:93} INFO - 20240107
[2024-02-29T16:27:05.387+0000] {subprocess.py:97} INFO - Command exited with return code 0
[2024-02-29T16:27:05.436+0000] {taskinstance.py:1149} INFO - Marking task as SUCCESS. dag_id=jinja_template, task_id=echo_ds, execution_date=20240107T000000, start_date=20240229T162705, end_date=20240229T162705
[2024-02-29T16:27:05.475+0000] {local_task_job_runner.py:234} INFO - Task exited with return code 0
[2024-02-29T16:27:05.499+0000] {taskinstance.py:3309} INFO - 0 downstream tasks scheduled from follow-on schedule check
