[2024-02-29T16:11:58.664+0000] {logging_mixin.py:188} INFO - Changing /opt/***/logs/dag_id=context/run_id=scheduled__2024-01-08T00:00:00+00:00/task_id=print_ds permission to 509
[2024-02-29T16:11:58.666+0000] {logging_mixin.py:188} INFO - Changing /opt/***/logs/dag_id=context/run_id=scheduled__2024-01-08T00:00:00+00:00 permission to 509
[2024-02-29T16:11:58.667+0000] {logging_mixin.py:188} INFO - Changing /opt/***/logs/dag_id=context permission to 509
[2024-02-29T16:11:58.668+0000] {logging_mixin.py:188} INFO - Changing /opt/***/logs permission to 509
[2024-02-29T16:11:58.726+0000] {logging_mixin.py:188} INFO - Changing /opt/***/logs/dag_id=context/run_id=scheduled__2024-01-08T00:00:00+00:00/task_id=print_ds permission to 509
[2024-02-29T16:11:58.728+0000] {logging_mixin.py:188} INFO - Changing /opt/***/logs/dag_id=context/run_id=scheduled__2024-01-08T00:00:00+00:00 permission to 509
[2024-02-29T16:11:58.729+0000] {logging_mixin.py:188} INFO - Changing /opt/***/logs/dag_id=context permission to 509
[2024-02-29T16:11:58.731+0000] {logging_mixin.py:188} INFO - Changing /opt/***/logs permission to 509
[2024-02-29T16:11:58.767+0000] {taskinstance.py:1979} INFO - Dependencies all met for dep_context=non-requeueable deps ti=<TaskInstance: context.print_ds scheduled__2024-01-08T00:00:00+00:00 [queued]>
[2024-02-29T16:11:58.774+0000] {taskinstance.py:1979} INFO - Dependencies all met for dep_context=requeueable deps ti=<TaskInstance: context.print_ds scheduled__2024-01-08T00:00:00+00:00 [queued]>
[2024-02-29T16:11:58.774+0000] {taskinstance.py:2193} INFO - Starting attempt 1 of 3
[2024-02-29T16:11:58.790+0000] {taskinstance.py:2214} INFO - Executing <Task(PythonOperator): print_ds> on 2024-01-08 00:00:00+00:00
[2024-02-29T16:11:58.794+0000] {standard_task_runner.py:60} INFO - Started process 71 to run task
[2024-02-29T16:11:58.796+0000] {standard_task_runner.py:87} INFO - Running: ['***', 'tasks', 'run', 'context', 'print_ds', 'scheduled__2024-01-08T00:00:00+00:00', '--job-id', '89', '--raw', '--subdir', 'DAGS_FOLDER/context.py', '--cfg-path', '/tmp/tmp9ioy5vvr']
[2024-02-29T16:11:58.797+0000] {standard_task_runner.py:88} INFO - Job 89: Subtask print_ds
[2024-02-29T16:11:58.891+0000] {logging_mixin.py:188} INFO - Changing /opt/***/logs/dag_id=context/run_id=scheduled__2024-01-08T00:00:00+00:00/task_id=print_ds permission to 509
[2024-02-29T16:11:58.892+0000] {logging_mixin.py:188} INFO - Changing /opt/***/logs/dag_id=context/run_id=scheduled__2024-01-08T00:00:00+00:00 permission to 509
[2024-02-29T16:11:58.893+0000] {logging_mixin.py:188} INFO - Changing /opt/***/logs/dag_id=context permission to 509
[2024-02-29T16:11:58.894+0000] {logging_mixin.py:188} INFO - Changing /opt/***/logs permission to 509
[2024-02-29T16:11:58.896+0000] {task_command.py:423} INFO - Running <TaskInstance: context.print_ds scheduled__2024-01-08T00:00:00+00:00 [running]> on host 68829ac68ce6
[2024-02-29T16:11:59.039+0000] {taskinstance.py:2510} INFO - Exporting env vars: AIRFLOW_CTX_DAG_OWNER='vutt' AIRFLOW_CTX_DAG_ID='context' AIRFLOW_CTX_TASK_ID='print_ds' AIRFLOW_CTX_EXECUTION_DATE='2024-01-08T00:00:00+00:00' AIRFLOW_CTX_TRY_NUMBER='1' AIRFLOW_CTX_DAG_RUN_ID='scheduled__2024-01-08T00:00:00+00:00'
[2024-02-29T16:11:59.040+0000] {logging_mixin.py:188} INFO - 2024-01-08
[2024-02-29T16:11:59.040+0000] {python.py:202} INFO - Done. Returned value was: None
[2024-02-29T16:11:59.058+0000] {taskinstance.py:1149} INFO - Marking task as SUCCESS. dag_id=context, task_id=print_ds, execution_date=20240108T000000, start_date=20240229T161158, end_date=20240229T161159
[2024-02-29T16:11:59.089+0000] {local_task_job_runner.py:234} INFO - Task exited with return code 0
[2024-02-29T16:11:59.111+0000] {taskinstance.py:3309} INFO - 0 downstream tasks scheduled from follow-on schedule check
