[2024-02-29T16:12:01.552+0000] {logging_mixin.py:188} INFO - Changing /opt/***/logs/dag_id=context/run_id=scheduled__2024-01-12T00:00:00+00:00/task_id=print_ds permission to 509
[2024-02-29T16:12:01.554+0000] {logging_mixin.py:188} INFO - Changing /opt/***/logs/dag_id=context/run_id=scheduled__2024-01-12T00:00:00+00:00 permission to 509
[2024-02-29T16:12:01.557+0000] {logging_mixin.py:188} INFO - Changing /opt/***/logs/dag_id=context permission to 509
[2024-02-29T16:12:01.559+0000] {logging_mixin.py:188} INFO - Changing /opt/***/logs permission to 509
[2024-02-29T16:12:01.670+0000] {logging_mixin.py:188} INFO - Changing /opt/***/logs/dag_id=context/run_id=scheduled__2024-01-12T00:00:00+00:00/task_id=print_ds permission to 509
[2024-02-29T16:12:01.674+0000] {logging_mixin.py:188} INFO - Changing /opt/***/logs/dag_id=context/run_id=scheduled__2024-01-12T00:00:00+00:00 permission to 509
[2024-02-29T16:12:01.678+0000] {logging_mixin.py:188} INFO - Changing /opt/***/logs/dag_id=context permission to 509
[2024-02-29T16:12:01.681+0000] {logging_mixin.py:188} INFO - Changing /opt/***/logs permission to 509
[2024-02-29T16:12:01.792+0000] {taskinstance.py:1979} INFO - Dependencies all met for dep_context=non-requeueable deps ti=<TaskInstance: context.print_ds scheduled__2024-01-12T00:00:00+00:00 [queued]>
[2024-02-29T16:12:01.807+0000] {taskinstance.py:1979} INFO - Dependencies all met for dep_context=requeueable deps ti=<TaskInstance: context.print_ds scheduled__2024-01-12T00:00:00+00:00 [queued]>
[2024-02-29T16:12:01.808+0000] {taskinstance.py:2193} INFO - Starting attempt 1 of 3
[2024-02-29T16:12:01.844+0000] {taskinstance.py:2214} INFO - Executing <Task(PythonOperator): print_ds> on 2024-01-12 00:00:00+00:00
[2024-02-29T16:12:01.851+0000] {standard_task_runner.py:60} INFO - Started process 82 to run task
[2024-02-29T16:12:01.854+0000] {standard_task_runner.py:87} INFO - Running: ['***', 'tasks', 'run', 'context', 'print_ds', 'scheduled__2024-01-12T00:00:00+00:00', '--job-id', '93', '--raw', '--subdir', 'DAGS_FOLDER/context.py', '--cfg-path', '/tmp/tmpaxxmonw2']
[2024-02-29T16:12:01.855+0000] {standard_task_runner.py:88} INFO - Job 93: Subtask print_ds
[2024-02-29T16:12:02.057+0000] {logging_mixin.py:188} INFO - Changing /opt/***/logs/dag_id=context/run_id=scheduled__2024-01-12T00:00:00+00:00/task_id=print_ds permission to 509
[2024-02-29T16:12:02.061+0000] {logging_mixin.py:188} INFO - Changing /opt/***/logs/dag_id=context/run_id=scheduled__2024-01-12T00:00:00+00:00 permission to 509
[2024-02-29T16:12:02.066+0000] {logging_mixin.py:188} INFO - Changing /opt/***/logs/dag_id=context permission to 509
[2024-02-29T16:12:02.075+0000] {logging_mixin.py:188} INFO - Changing /opt/***/logs permission to 509
[2024-02-29T16:12:02.082+0000] {task_command.py:423} INFO - Running <TaskInstance: context.print_ds scheduled__2024-01-12T00:00:00+00:00 [running]> on host 68829ac68ce6
[2024-02-29T16:12:02.334+0000] {taskinstance.py:2510} INFO - Exporting env vars: AIRFLOW_CTX_DAG_OWNER='vutt' AIRFLOW_CTX_DAG_ID='context' AIRFLOW_CTX_TASK_ID='print_ds' AIRFLOW_CTX_EXECUTION_DATE='2024-01-12T00:00:00+00:00' AIRFLOW_CTX_TRY_NUMBER='1' AIRFLOW_CTX_DAG_RUN_ID='scheduled__2024-01-12T00:00:00+00:00'
[2024-02-29T16:12:02.335+0000] {logging_mixin.py:188} INFO - 2024-01-12
[2024-02-29T16:12:02.336+0000] {python.py:202} INFO - Done. Returned value was: None
[2024-02-29T16:12:02.365+0000] {taskinstance.py:1149} INFO - Marking task as SUCCESS. dag_id=context, task_id=print_ds, execution_date=20240112T000000, start_date=20240229T161201, end_date=20240229T161202
[2024-02-29T16:12:02.428+0000] {local_task_job_runner.py:234} INFO - Task exited with return code 0
[2024-02-29T16:12:02.457+0000] {taskinstance.py:3309} INFO - 0 downstream tasks scheduled from follow-on schedule check
