[2024-03-21T15:48:48.455+0000] {processor.py:161} INFO - Started process (PID=50) to work on /opt/airflow/dags/bash_operator.py
[2024-03-21T15:48:48.456+0000] {processor.py:830} INFO - Processing file /opt/airflow/dags/bash_operator.py for tasks to queue
[2024-03-21T15:48:48.457+0000] {logging_mixin.py:188} INFO - [2024-03-21T15:48:48.457+0000] {dagbag.py:540} INFO - Filling up the DagBag from /opt/airflow/dags/bash_operator.py
[2024-03-21T15:48:48.474+0000] {processor.py:840} INFO - DAG(s) 'bash_operator' retrieved from /opt/airflow/dags/bash_operator.py
[2024-03-21T15:48:48.505+0000] {logging_mixin.py:188} INFO - [2024-03-21T15:48:48.505+0000] {dag.py:3047} INFO - Sync 1 DAGs
[2024-03-21T15:48:48.526+0000] {logging_mixin.py:188} INFO - [2024-03-21T15:48:48.526+0000] {dag.py:3834} INFO - Setting next_dagrun for bash_operator to None, run_after=None
[2024-03-21T15:48:48.547+0000] {processor.py:183} INFO - Processing /opt/airflow/dags/bash_operator.py took 0.095 seconds
[2024-03-21T15:49:18.730+0000] {processor.py:161} INFO - Started process (PID=72) to work on /opt/airflow/dags/bash_operator.py
[2024-03-21T15:49:18.730+0000] {processor.py:830} INFO - Processing file /opt/airflow/dags/bash_operator.py for tasks to queue
[2024-03-21T15:49:18.731+0000] {logging_mixin.py:188} INFO - [2024-03-21T15:49:18.731+0000] {dagbag.py:540} INFO - Filling up the DagBag from /opt/airflow/dags/bash_operator.py
[2024-03-21T15:49:18.742+0000] {processor.py:840} INFO - DAG(s) 'bash_operator' retrieved from /opt/airflow/dags/bash_operator.py
[2024-03-21T15:49:18.764+0000] {logging_mixin.py:188} INFO - [2024-03-21T15:49:18.764+0000] {dag.py:3047} INFO - Sync 1 DAGs
[2024-03-21T15:49:18.781+0000] {logging_mixin.py:188} INFO - [2024-03-21T15:49:18.781+0000] {dag.py:3834} INFO - Setting next_dagrun for bash_operator to None, run_after=None
[2024-03-21T15:49:18.800+0000] {processor.py:183} INFO - Processing /opt/airflow/dags/bash_operator.py took 0.073 seconds
[2024-03-21T15:49:55.880+0000] {processor.py:161} INFO - Started process (PID=50) to work on /opt/airflow/dags/bash_operator.py
[2024-03-21T15:49:55.881+0000] {processor.py:830} INFO - Processing file /opt/airflow/dags/bash_operator.py for tasks to queue
[2024-03-21T15:49:55.882+0000] {logging_mixin.py:188} INFO - [2024-03-21T15:49:55.882+0000] {dagbag.py:540} INFO - Filling up the DagBag from /opt/airflow/dags/bash_operator.py
[2024-03-21T15:49:55.894+0000] {processor.py:840} INFO - DAG(s) 'bash_operator' retrieved from /opt/airflow/dags/bash_operator.py
[2024-03-21T15:49:55.967+0000] {logging_mixin.py:188} INFO - [2024-03-21T15:49:55.967+0000] {dag.py:3047} INFO - Sync 1 DAGs
[2024-03-21T15:49:55.982+0000] {logging_mixin.py:188} INFO - [2024-03-21T15:49:55.982+0000] {dag.py:3834} INFO - Setting next_dagrun for bash_operator to None, run_after=None
[2024-03-21T15:49:56.003+0000] {processor.py:183} INFO - Processing /opt/airflow/dags/bash_operator.py took 0.124 seconds
[2024-03-21T15:50:26.230+0000] {processor.py:161} INFO - Started process (PID=71) to work on /opt/airflow/dags/bash_operator.py
[2024-03-21T15:50:26.230+0000] {processor.py:830} INFO - Processing file /opt/airflow/dags/bash_operator.py for tasks to queue
[2024-03-21T15:50:26.231+0000] {logging_mixin.py:188} INFO - [2024-03-21T15:50:26.231+0000] {dagbag.py:540} INFO - Filling up the DagBag from /opt/airflow/dags/bash_operator.py
[2024-03-21T15:50:26.242+0000] {processor.py:840} INFO - DAG(s) 'bash_operator' retrieved from /opt/airflow/dags/bash_operator.py
[2024-03-21T15:50:26.267+0000] {logging_mixin.py:188} INFO - [2024-03-21T15:50:26.267+0000] {dag.py:3047} INFO - Sync 1 DAGs
[2024-03-21T15:50:26.284+0000] {logging_mixin.py:188} INFO - [2024-03-21T15:50:26.284+0000] {dag.py:3834} INFO - Setting next_dagrun for bash_operator to None, run_after=None
[2024-03-21T15:50:26.298+0000] {processor.py:183} INFO - Processing /opt/airflow/dags/bash_operator.py took 0.071 seconds
[2024-03-21T15:50:56.656+0000] {processor.py:161} INFO - Started process (PID=91) to work on /opt/airflow/dags/bash_operator.py
[2024-03-21T15:50:56.656+0000] {processor.py:830} INFO - Processing file /opt/airflow/dags/bash_operator.py for tasks to queue
[2024-03-21T15:50:56.658+0000] {logging_mixin.py:188} INFO - [2024-03-21T15:50:56.658+0000] {dagbag.py:540} INFO - Filling up the DagBag from /opt/airflow/dags/bash_operator.py
[2024-03-21T15:50:56.671+0000] {processor.py:840} INFO - DAG(s) 'bash_operator' retrieved from /opt/airflow/dags/bash_operator.py
[2024-03-21T15:50:56.693+0000] {logging_mixin.py:188} INFO - [2024-03-21T15:50:56.692+0000] {dag.py:3047} INFO - Sync 1 DAGs
[2024-03-21T15:50:56.711+0000] {logging_mixin.py:188} INFO - [2024-03-21T15:50:56.710+0000] {dag.py:3834} INFO - Setting next_dagrun for bash_operator to None, run_after=None
[2024-03-21T15:50:56.726+0000] {processor.py:183} INFO - Processing /opt/airflow/dags/bash_operator.py took 0.072 seconds
[2024-03-21T15:51:26.849+0000] {processor.py:161} INFO - Started process (PID=111) to work on /opt/airflow/dags/bash_operator.py
[2024-03-21T15:51:26.849+0000] {processor.py:830} INFO - Processing file /opt/airflow/dags/bash_operator.py for tasks to queue
[2024-03-21T15:51:26.850+0000] {logging_mixin.py:188} INFO - [2024-03-21T15:51:26.850+0000] {dagbag.py:540} INFO - Filling up the DagBag from /opt/airflow/dags/bash_operator.py
[2024-03-21T15:51:26.860+0000] {processor.py:840} INFO - DAG(s) 'bash_operator' retrieved from /opt/airflow/dags/bash_operator.py
[2024-03-21T15:51:26.881+0000] {logging_mixin.py:188} INFO - [2024-03-21T15:51:26.881+0000] {dag.py:3047} INFO - Sync 1 DAGs
[2024-03-21T15:51:26.897+0000] {logging_mixin.py:188} INFO - [2024-03-21T15:51:26.897+0000] {dag.py:3834} INFO - Setting next_dagrun for bash_operator to None, run_after=None
[2024-03-21T15:51:26.920+0000] {processor.py:183} INFO - Processing /opt/airflow/dags/bash_operator.py took 0.073 seconds
[2024-03-21T15:51:57.253+0000] {processor.py:161} INFO - Started process (PID=131) to work on /opt/airflow/dags/bash_operator.py
[2024-03-21T15:51:57.253+0000] {processor.py:830} INFO - Processing file /opt/airflow/dags/bash_operator.py for tasks to queue
[2024-03-21T15:51:57.254+0000] {logging_mixin.py:188} INFO - [2024-03-21T15:51:57.254+0000] {dagbag.py:540} INFO - Filling up the DagBag from /opt/airflow/dags/bash_operator.py
[2024-03-21T15:51:57.269+0000] {processor.py:840} INFO - DAG(s) 'bash_operator' retrieved from /opt/airflow/dags/bash_operator.py
[2024-03-21T15:51:57.292+0000] {logging_mixin.py:188} INFO - [2024-03-21T15:51:57.291+0000] {dag.py:3047} INFO - Sync 1 DAGs
[2024-03-21T15:51:57.308+0000] {logging_mixin.py:188} INFO - [2024-03-21T15:51:57.308+0000] {dag.py:3834} INFO - Setting next_dagrun for bash_operator to None, run_after=None
[2024-03-21T15:51:57.328+0000] {processor.py:183} INFO - Processing /opt/airflow/dags/bash_operator.py took 0.077 seconds
[2024-03-21T15:52:27.497+0000] {processor.py:161} INFO - Started process (PID=151) to work on /opt/airflow/dags/bash_operator.py
[2024-03-21T15:52:27.497+0000] {processor.py:830} INFO - Processing file /opt/airflow/dags/bash_operator.py for tasks to queue
[2024-03-21T15:52:27.498+0000] {logging_mixin.py:188} INFO - [2024-03-21T15:52:27.498+0000] {dagbag.py:540} INFO - Filling up the DagBag from /opt/airflow/dags/bash_operator.py
[2024-03-21T15:52:27.508+0000] {processor.py:840} INFO - DAG(s) 'bash_operator' retrieved from /opt/airflow/dags/bash_operator.py
[2024-03-21T15:52:27.531+0000] {logging_mixin.py:188} INFO - [2024-03-21T15:52:27.531+0000] {dag.py:3047} INFO - Sync 1 DAGs
[2024-03-21T15:52:27.551+0000] {logging_mixin.py:188} INFO - [2024-03-21T15:52:27.551+0000] {dag.py:3834} INFO - Setting next_dagrun for bash_operator to None, run_after=None
[2024-03-21T15:52:27.567+0000] {processor.py:183} INFO - Processing /opt/airflow/dags/bash_operator.py took 0.072 seconds
[2024-03-21T15:52:57.848+0000] {processor.py:161} INFO - Started process (PID=171) to work on /opt/airflow/dags/bash_operator.py
[2024-03-21T15:52:57.848+0000] {processor.py:830} INFO - Processing file /opt/airflow/dags/bash_operator.py for tasks to queue
[2024-03-21T15:52:57.849+0000] {logging_mixin.py:188} INFO - [2024-03-21T15:52:57.849+0000] {dagbag.py:540} INFO - Filling up the DagBag from /opt/airflow/dags/bash_operator.py
[2024-03-21T15:52:57.860+0000] {processor.py:840} INFO - DAG(s) 'bash_operator' retrieved from /opt/airflow/dags/bash_operator.py
[2024-03-21T15:52:57.886+0000] {logging_mixin.py:188} INFO - [2024-03-21T15:52:57.886+0000] {dag.py:3047} INFO - Sync 1 DAGs
[2024-03-21T15:52:57.915+0000] {logging_mixin.py:188} INFO - [2024-03-21T15:52:57.914+0000] {dag.py:3834} INFO - Setting next_dagrun for bash_operator to None, run_after=None
[2024-03-21T15:52:57.931+0000] {processor.py:183} INFO - Processing /opt/airflow/dags/bash_operator.py took 0.085 seconds
[2024-03-21T15:53:28.144+0000] {processor.py:161} INFO - Started process (PID=191) to work on /opt/airflow/dags/bash_operator.py
[2024-03-21T15:53:28.144+0000] {processor.py:830} INFO - Processing file /opt/airflow/dags/bash_operator.py for tasks to queue
[2024-03-21T15:53:28.145+0000] {logging_mixin.py:188} INFO - [2024-03-21T15:53:28.145+0000] {dagbag.py:540} INFO - Filling up the DagBag from /opt/airflow/dags/bash_operator.py
[2024-03-21T15:53:28.156+0000] {processor.py:840} INFO - DAG(s) 'bash_operator' retrieved from /opt/airflow/dags/bash_operator.py
[2024-03-21T15:53:28.175+0000] {logging_mixin.py:188} INFO - [2024-03-21T15:53:28.175+0000] {dag.py:3047} INFO - Sync 1 DAGs
[2024-03-21T15:53:28.194+0000] {logging_mixin.py:188} INFO - [2024-03-21T15:53:28.194+0000] {dag.py:3834} INFO - Setting next_dagrun for bash_operator to None, run_after=None
[2024-03-21T15:53:28.210+0000] {processor.py:183} INFO - Processing /opt/airflow/dags/bash_operator.py took 0.068 seconds
[2024-03-21T15:53:58.615+0000] {processor.py:161} INFO - Started process (PID=211) to work on /opt/airflow/dags/bash_operator.py
[2024-03-21T15:53:58.615+0000] {processor.py:830} INFO - Processing file /opt/airflow/dags/bash_operator.py for tasks to queue
[2024-03-21T15:53:58.616+0000] {logging_mixin.py:188} INFO - [2024-03-21T15:53:58.616+0000] {dagbag.py:540} INFO - Filling up the DagBag from /opt/airflow/dags/bash_operator.py
[2024-03-21T15:53:58.625+0000] {processor.py:840} INFO - DAG(s) 'bash_operator' retrieved from /opt/airflow/dags/bash_operator.py
[2024-03-21T15:53:58.652+0000] {logging_mixin.py:188} INFO - [2024-03-21T15:53:58.652+0000] {dag.py:3047} INFO - Sync 1 DAGs
[2024-03-21T15:53:58.669+0000] {logging_mixin.py:188} INFO - [2024-03-21T15:53:58.669+0000] {dag.py:3834} INFO - Setting next_dagrun for bash_operator to None, run_after=None
[2024-03-21T15:53:58.685+0000] {processor.py:183} INFO - Processing /opt/airflow/dags/bash_operator.py took 0.073 seconds
[2024-03-21T15:54:28.874+0000] {processor.py:161} INFO - Started process (PID=231) to work on /opt/airflow/dags/bash_operator.py
[2024-03-21T15:54:28.875+0000] {processor.py:830} INFO - Processing file /opt/airflow/dags/bash_operator.py for tasks to queue
[2024-03-21T15:54:28.876+0000] {logging_mixin.py:188} INFO - [2024-03-21T15:54:28.876+0000] {dagbag.py:540} INFO - Filling up the DagBag from /opt/airflow/dags/bash_operator.py
[2024-03-21T15:54:28.886+0000] {processor.py:840} INFO - DAG(s) 'bash_operator' retrieved from /opt/airflow/dags/bash_operator.py
[2024-03-21T15:54:28.907+0000] {logging_mixin.py:188} INFO - [2024-03-21T15:54:28.907+0000] {dag.py:3047} INFO - Sync 1 DAGs
[2024-03-21T15:54:28.923+0000] {logging_mixin.py:188} INFO - [2024-03-21T15:54:28.923+0000] {dag.py:3834} INFO - Setting next_dagrun for bash_operator to None, run_after=None
[2024-03-21T15:54:28.941+0000] {processor.py:183} INFO - Processing /opt/airflow/dags/bash_operator.py took 0.069 seconds
[2024-03-21T15:54:59.298+0000] {processor.py:161} INFO - Started process (PID=251) to work on /opt/airflow/dags/bash_operator.py
[2024-03-21T15:54:59.299+0000] {processor.py:830} INFO - Processing file /opt/airflow/dags/bash_operator.py for tasks to queue
[2024-03-21T15:54:59.300+0000] {logging_mixin.py:188} INFO - [2024-03-21T15:54:59.300+0000] {dagbag.py:540} INFO - Filling up the DagBag from /opt/airflow/dags/bash_operator.py
[2024-03-21T15:54:59.311+0000] {processor.py:840} INFO - DAG(s) 'bash_operator' retrieved from /opt/airflow/dags/bash_operator.py
[2024-03-21T15:54:59.343+0000] {logging_mixin.py:188} INFO - [2024-03-21T15:54:59.342+0000] {dag.py:3047} INFO - Sync 1 DAGs
[2024-03-21T15:54:59.359+0000] {logging_mixin.py:188} INFO - [2024-03-21T15:54:59.359+0000] {dag.py:3834} INFO - Setting next_dagrun for bash_operator to None, run_after=None
[2024-03-21T15:54:59.373+0000] {processor.py:183} INFO - Processing /opt/airflow/dags/bash_operator.py took 0.076 seconds
[2024-03-21T15:55:29.453+0000] {processor.py:161} INFO - Started process (PID=271) to work on /opt/airflow/dags/bash_operator.py
[2024-03-21T15:55:29.453+0000] {processor.py:830} INFO - Processing file /opt/airflow/dags/bash_operator.py for tasks to queue
[2024-03-21T15:55:29.454+0000] {logging_mixin.py:188} INFO - [2024-03-21T15:55:29.454+0000] {dagbag.py:540} INFO - Filling up the DagBag from /opt/airflow/dags/bash_operator.py
[2024-03-21T15:55:29.465+0000] {processor.py:840} INFO - DAG(s) 'bash_operator' retrieved from /opt/airflow/dags/bash_operator.py
[2024-03-21T15:55:29.486+0000] {logging_mixin.py:188} INFO - [2024-03-21T15:55:29.486+0000] {dag.py:3047} INFO - Sync 1 DAGs
[2024-03-21T15:55:29.513+0000] {logging_mixin.py:188} INFO - [2024-03-21T15:55:29.513+0000] {dag.py:3834} INFO - Setting next_dagrun for bash_operator to None, run_after=None
[2024-03-21T15:55:29.535+0000] {processor.py:183} INFO - Processing /opt/airflow/dags/bash_operator.py took 0.085 seconds
[2024-03-21T15:55:59.637+0000] {processor.py:161} INFO - Started process (PID=291) to work on /opt/airflow/dags/bash_operator.py
[2024-03-21T15:55:59.638+0000] {processor.py:830} INFO - Processing file /opt/airflow/dags/bash_operator.py for tasks to queue
[2024-03-21T15:55:59.639+0000] {logging_mixin.py:188} INFO - [2024-03-21T15:55:59.639+0000] {dagbag.py:540} INFO - Filling up the DagBag from /opt/airflow/dags/bash_operator.py
[2024-03-21T15:55:59.653+0000] {processor.py:840} INFO - DAG(s) 'bash_operator' retrieved from /opt/airflow/dags/bash_operator.py
[2024-03-21T15:55:59.676+0000] {logging_mixin.py:188} INFO - [2024-03-21T15:55:59.676+0000] {dag.py:3047} INFO - Sync 1 DAGs
[2024-03-21T15:55:59.695+0000] {logging_mixin.py:188} INFO - [2024-03-21T15:55:59.695+0000] {dag.py:3834} INFO - Setting next_dagrun for bash_operator to None, run_after=None
[2024-03-21T15:55:59.709+0000] {processor.py:183} INFO - Processing /opt/airflow/dags/bash_operator.py took 0.074 seconds
[2024-03-21T15:56:29.834+0000] {processor.py:161} INFO - Started process (PID=312) to work on /opt/airflow/dags/bash_operator.py
[2024-03-21T15:56:29.835+0000] {processor.py:830} INFO - Processing file /opt/airflow/dags/bash_operator.py for tasks to queue
[2024-03-21T15:56:29.836+0000] {logging_mixin.py:188} INFO - [2024-03-21T15:56:29.836+0000] {dagbag.py:540} INFO - Filling up the DagBag from /opt/airflow/dags/bash_operator.py
[2024-03-21T15:56:29.847+0000] {processor.py:840} INFO - DAG(s) 'bash_operator' retrieved from /opt/airflow/dags/bash_operator.py
[2024-03-21T15:56:29.867+0000] {logging_mixin.py:188} INFO - [2024-03-21T15:56:29.867+0000] {dag.py:3047} INFO - Sync 1 DAGs
[2024-03-21T15:56:29.884+0000] {logging_mixin.py:188} INFO - [2024-03-21T15:56:29.883+0000] {dag.py:3834} INFO - Setting next_dagrun for bash_operator to None, run_after=None
[2024-03-21T15:56:29.904+0000] {processor.py:183} INFO - Processing /opt/airflow/dags/bash_operator.py took 0.071 seconds
[2024-03-21T15:57:00.130+0000] {processor.py:161} INFO - Started process (PID=332) to work on /opt/airflow/dags/bash_operator.py
[2024-03-21T15:57:00.131+0000] {processor.py:830} INFO - Processing file /opt/airflow/dags/bash_operator.py for tasks to queue
[2024-03-21T15:57:00.133+0000] {logging_mixin.py:188} INFO - [2024-03-21T15:57:00.133+0000] {dagbag.py:540} INFO - Filling up the DagBag from /opt/airflow/dags/bash_operator.py
[2024-03-21T15:57:00.146+0000] {processor.py:840} INFO - DAG(s) 'bash_operator' retrieved from /opt/airflow/dags/bash_operator.py
[2024-03-21T15:57:00.169+0000] {logging_mixin.py:188} INFO - [2024-03-21T15:57:00.169+0000] {dag.py:3047} INFO - Sync 1 DAGs
[2024-03-21T15:57:00.186+0000] {logging_mixin.py:188} INFO - [2024-03-21T15:57:00.185+0000] {dag.py:3834} INFO - Setting next_dagrun for bash_operator to None, run_after=None
[2024-03-21T15:57:00.201+0000] {processor.py:183} INFO - Processing /opt/airflow/dags/bash_operator.py took 0.074 seconds
[2024-03-21T15:57:30.288+0000] {processor.py:161} INFO - Started process (PID=352) to work on /opt/airflow/dags/bash_operator.py
[2024-03-21T15:57:30.289+0000] {processor.py:830} INFO - Processing file /opt/airflow/dags/bash_operator.py for tasks to queue
[2024-03-21T15:57:30.290+0000] {logging_mixin.py:188} INFO - [2024-03-21T15:57:30.290+0000] {dagbag.py:540} INFO - Filling up the DagBag from /opt/airflow/dags/bash_operator.py
[2024-03-21T15:57:30.302+0000] {processor.py:840} INFO - DAG(s) 'bash_operator' retrieved from /opt/airflow/dags/bash_operator.py
[2024-03-21T15:57:30.324+0000] {logging_mixin.py:188} INFO - [2024-03-21T15:57:30.324+0000] {dag.py:3047} INFO - Sync 1 DAGs
[2024-03-21T15:57:30.342+0000] {logging_mixin.py:188} INFO - [2024-03-21T15:57:30.342+0000] {dag.py:3834} INFO - Setting next_dagrun for bash_operator to None, run_after=None
[2024-03-21T15:57:30.356+0000] {processor.py:183} INFO - Processing /opt/airflow/dags/bash_operator.py took 0.069 seconds
[2024-03-21T15:58:00.639+0000] {processor.py:161} INFO - Started process (PID=372) to work on /opt/airflow/dags/bash_operator.py
[2024-03-21T15:58:00.640+0000] {processor.py:830} INFO - Processing file /opt/airflow/dags/bash_operator.py for tasks to queue
[2024-03-21T15:58:00.641+0000] {logging_mixin.py:188} INFO - [2024-03-21T15:58:00.641+0000] {dagbag.py:540} INFO - Filling up the DagBag from /opt/airflow/dags/bash_operator.py
[2024-03-21T15:58:00.655+0000] {processor.py:840} INFO - DAG(s) 'bash_operator' retrieved from /opt/airflow/dags/bash_operator.py
[2024-03-21T15:58:00.679+0000] {logging_mixin.py:188} INFO - [2024-03-21T15:58:00.678+0000] {dag.py:3047} INFO - Sync 1 DAGs
[2024-03-21T15:58:00.698+0000] {logging_mixin.py:188} INFO - [2024-03-21T15:58:00.698+0000] {dag.py:3834} INFO - Setting next_dagrun for bash_operator to None, run_after=None
[2024-03-21T15:58:00.713+0000] {processor.py:183} INFO - Processing /opt/airflow/dags/bash_operator.py took 0.076 seconds
[2024-03-21T15:58:30.844+0000] {processor.py:161} INFO - Started process (PID=392) to work on /opt/airflow/dags/bash_operator.py
[2024-03-21T15:58:30.845+0000] {processor.py:830} INFO - Processing file /opt/airflow/dags/bash_operator.py for tasks to queue
[2024-03-21T15:58:30.846+0000] {logging_mixin.py:188} INFO - [2024-03-21T15:58:30.846+0000] {dagbag.py:540} INFO - Filling up the DagBag from /opt/airflow/dags/bash_operator.py
[2024-03-21T15:58:30.858+0000] {processor.py:840} INFO - DAG(s) 'bash_operator' retrieved from /opt/airflow/dags/bash_operator.py
[2024-03-21T15:58:30.882+0000] {logging_mixin.py:188} INFO - [2024-03-21T15:58:30.882+0000] {dag.py:3047} INFO - Sync 1 DAGs
[2024-03-21T15:58:30.900+0000] {logging_mixin.py:188} INFO - [2024-03-21T15:58:30.900+0000] {dag.py:3834} INFO - Setting next_dagrun for bash_operator to None, run_after=None
[2024-03-21T15:58:30.917+0000] {processor.py:183} INFO - Processing /opt/airflow/dags/bash_operator.py took 0.076 seconds
[2024-03-21T15:59:01.335+0000] {processor.py:161} INFO - Started process (PID=412) to work on /opt/airflow/dags/bash_operator.py
[2024-03-21T15:59:01.336+0000] {processor.py:830} INFO - Processing file /opt/airflow/dags/bash_operator.py for tasks to queue
[2024-03-21T15:59:01.337+0000] {logging_mixin.py:188} INFO - [2024-03-21T15:59:01.337+0000] {dagbag.py:540} INFO - Filling up the DagBag from /opt/airflow/dags/bash_operator.py
[2024-03-21T15:59:01.347+0000] {processor.py:840} INFO - DAG(s) 'bash_operator' retrieved from /opt/airflow/dags/bash_operator.py
[2024-03-21T15:59:01.367+0000] {logging_mixin.py:188} INFO - [2024-03-21T15:59:01.367+0000] {dag.py:3047} INFO - Sync 1 DAGs
[2024-03-21T15:59:01.383+0000] {logging_mixin.py:188} INFO - [2024-03-21T15:59:01.383+0000] {dag.py:3834} INFO - Setting next_dagrun for bash_operator to None, run_after=None
[2024-03-21T15:59:01.398+0000] {processor.py:183} INFO - Processing /opt/airflow/dags/bash_operator.py took 0.065 seconds
[2024-03-21T15:59:31.641+0000] {processor.py:161} INFO - Started process (PID=433) to work on /opt/airflow/dags/bash_operator.py
[2024-03-21T15:59:31.642+0000] {processor.py:830} INFO - Processing file /opt/airflow/dags/bash_operator.py for tasks to queue
[2024-03-21T15:59:31.644+0000] {logging_mixin.py:188} INFO - [2024-03-21T15:59:31.643+0000] {dagbag.py:540} INFO - Filling up the DagBag from /opt/airflow/dags/bash_operator.py
[2024-03-21T15:59:31.653+0000] {processor.py:840} INFO - DAG(s) 'bash_operator' retrieved from /opt/airflow/dags/bash_operator.py
[2024-03-21T15:59:31.691+0000] {logging_mixin.py:188} INFO - [2024-03-21T15:59:31.690+0000] {dag.py:3047} INFO - Sync 1 DAGs
[2024-03-21T15:59:31.705+0000] {logging_mixin.py:188} INFO - [2024-03-21T15:59:31.705+0000] {dag.py:3834} INFO - Setting next_dagrun for bash_operator to None, run_after=None
[2024-03-21T15:59:31.726+0000] {processor.py:183} INFO - Processing /opt/airflow/dags/bash_operator.py took 0.087 seconds
[2024-03-21T16:00:01.810+0000] {processor.py:161} INFO - Started process (PID=453) to work on /opt/airflow/dags/bash_operator.py
[2024-03-21T16:00:01.811+0000] {processor.py:830} INFO - Processing file /opt/airflow/dags/bash_operator.py for tasks to queue
[2024-03-21T16:00:01.812+0000] {logging_mixin.py:188} INFO - [2024-03-21T16:00:01.812+0000] {dagbag.py:540} INFO - Filling up the DagBag from /opt/airflow/dags/bash_operator.py
[2024-03-21T16:00:01.827+0000] {processor.py:840} INFO - DAG(s) 'bash_operator' retrieved from /opt/airflow/dags/bash_operator.py
[2024-03-21T16:00:01.846+0000] {logging_mixin.py:188} INFO - [2024-03-21T16:00:01.846+0000] {dag.py:3047} INFO - Sync 1 DAGs
[2024-03-21T16:00:01.862+0000] {logging_mixin.py:188} INFO - [2024-03-21T16:00:01.861+0000] {dag.py:3834} INFO - Setting next_dagrun for bash_operator to None, run_after=None
[2024-03-21T16:00:01.875+0000] {processor.py:183} INFO - Processing /opt/airflow/dags/bash_operator.py took 0.068 seconds
[2024-03-21T16:00:32.198+0000] {processor.py:161} INFO - Started process (PID=473) to work on /opt/airflow/dags/bash_operator.py
[2024-03-21T16:00:32.199+0000] {processor.py:830} INFO - Processing file /opt/airflow/dags/bash_operator.py for tasks to queue
[2024-03-21T16:00:32.200+0000] {logging_mixin.py:188} INFO - [2024-03-21T16:00:32.200+0000] {dagbag.py:540} INFO - Filling up the DagBag from /opt/airflow/dags/bash_operator.py
[2024-03-21T16:00:32.213+0000] {processor.py:840} INFO - DAG(s) 'bash_operator' retrieved from /opt/airflow/dags/bash_operator.py
[2024-03-21T16:00:32.237+0000] {logging_mixin.py:188} INFO - [2024-03-21T16:00:32.237+0000] {dag.py:3047} INFO - Sync 1 DAGs
[2024-03-21T16:00:32.254+0000] {logging_mixin.py:188} INFO - [2024-03-21T16:00:32.254+0000] {dag.py:3834} INFO - Setting next_dagrun for bash_operator to None, run_after=None
[2024-03-21T16:00:32.272+0000] {processor.py:183} INFO - Processing /opt/airflow/dags/bash_operator.py took 0.076 seconds
[2024-03-21T16:01:02.367+0000] {processor.py:161} INFO - Started process (PID=494) to work on /opt/airflow/dags/bash_operator.py
[2024-03-21T16:01:02.368+0000] {processor.py:830} INFO - Processing file /opt/airflow/dags/bash_operator.py for tasks to queue
[2024-03-21T16:01:02.370+0000] {logging_mixin.py:188} INFO - [2024-03-21T16:01:02.369+0000] {dagbag.py:540} INFO - Filling up the DagBag from /opt/airflow/dags/bash_operator.py
[2024-03-21T16:01:02.381+0000] {processor.py:840} INFO - DAG(s) 'bash_operator' retrieved from /opt/airflow/dags/bash_operator.py
[2024-03-21T16:01:02.408+0000] {logging_mixin.py:188} INFO - [2024-03-21T16:01:02.408+0000] {dag.py:3047} INFO - Sync 1 DAGs
[2024-03-21T16:01:02.423+0000] {logging_mixin.py:188} INFO - [2024-03-21T16:01:02.423+0000] {dag.py:3834} INFO - Setting next_dagrun for bash_operator to None, run_after=None
[2024-03-21T16:01:02.437+0000] {processor.py:183} INFO - Processing /opt/airflow/dags/bash_operator.py took 0.071 seconds
[2024-03-21T16:01:32.562+0000] {processor.py:161} INFO - Started process (PID=514) to work on /opt/airflow/dags/bash_operator.py
[2024-03-21T16:01:32.563+0000] {processor.py:830} INFO - Processing file /opt/airflow/dags/bash_operator.py for tasks to queue
[2024-03-21T16:01:32.564+0000] {logging_mixin.py:188} INFO - [2024-03-21T16:01:32.564+0000] {dagbag.py:540} INFO - Filling up the DagBag from /opt/airflow/dags/bash_operator.py
[2024-03-21T16:01:32.580+0000] {processor.py:840} INFO - DAG(s) 'bash_operator' retrieved from /opt/airflow/dags/bash_operator.py
[2024-03-21T16:01:32.601+0000] {logging_mixin.py:188} INFO - [2024-03-21T16:01:32.601+0000] {dag.py:3047} INFO - Sync 1 DAGs
[2024-03-21T16:01:32.618+0000] {logging_mixin.py:188} INFO - [2024-03-21T16:01:32.617+0000] {dag.py:3834} INFO - Setting next_dagrun for bash_operator to None, run_after=None
[2024-03-21T16:01:32.631+0000] {processor.py:183} INFO - Processing /opt/airflow/dags/bash_operator.py took 0.071 seconds
[2024-03-21T16:02:02.923+0000] {processor.py:161} INFO - Started process (PID=534) to work on /opt/airflow/dags/bash_operator.py
[2024-03-21T16:02:02.924+0000] {processor.py:830} INFO - Processing file /opt/airflow/dags/bash_operator.py for tasks to queue
[2024-03-21T16:02:02.925+0000] {logging_mixin.py:188} INFO - [2024-03-21T16:02:02.925+0000] {dagbag.py:540} INFO - Filling up the DagBag from /opt/airflow/dags/bash_operator.py
[2024-03-21T16:02:02.940+0000] {processor.py:840} INFO - DAG(s) 'bash_operator' retrieved from /opt/airflow/dags/bash_operator.py
[2024-03-21T16:02:02.962+0000] {logging_mixin.py:188} INFO - [2024-03-21T16:02:02.962+0000] {dag.py:3047} INFO - Sync 1 DAGs
[2024-03-21T16:02:02.984+0000] {logging_mixin.py:188} INFO - [2024-03-21T16:02:02.984+0000] {dag.py:3834} INFO - Setting next_dagrun for bash_operator to None, run_after=None
[2024-03-21T16:02:03.007+0000] {processor.py:183} INFO - Processing /opt/airflow/dags/bash_operator.py took 0.085 seconds
[2024-03-21T16:02:33.110+0000] {processor.py:161} INFO - Started process (PID=554) to work on /opt/airflow/dags/bash_operator.py
[2024-03-21T16:02:33.111+0000] {processor.py:830} INFO - Processing file /opt/airflow/dags/bash_operator.py for tasks to queue
[2024-03-21T16:02:33.112+0000] {logging_mixin.py:188} INFO - [2024-03-21T16:02:33.112+0000] {dagbag.py:540} INFO - Filling up the DagBag from /opt/airflow/dags/bash_operator.py
[2024-03-21T16:02:33.124+0000] {processor.py:840} INFO - DAG(s) 'bash_operator' retrieved from /opt/airflow/dags/bash_operator.py
[2024-03-21T16:02:33.146+0000] {logging_mixin.py:188} INFO - [2024-03-21T16:02:33.146+0000] {dag.py:3047} INFO - Sync 1 DAGs
[2024-03-21T16:02:33.164+0000] {logging_mixin.py:188} INFO - [2024-03-21T16:02:33.164+0000] {dag.py:3834} INFO - Setting next_dagrun for bash_operator to None, run_after=None
[2024-03-21T16:02:33.177+0000] {processor.py:183} INFO - Processing /opt/airflow/dags/bash_operator.py took 0.069 seconds
[2024-03-21T16:03:03.358+0000] {processor.py:161} INFO - Started process (PID=574) to work on /opt/airflow/dags/bash_operator.py
[2024-03-21T16:03:03.359+0000] {processor.py:830} INFO - Processing file /opt/airflow/dags/bash_operator.py for tasks to queue
[2024-03-21T16:03:03.360+0000] {logging_mixin.py:188} INFO - [2024-03-21T16:03:03.360+0000] {dagbag.py:540} INFO - Filling up the DagBag from /opt/airflow/dags/bash_operator.py
[2024-03-21T16:03:03.373+0000] {processor.py:840} INFO - DAG(s) 'bash_operator' retrieved from /opt/airflow/dags/bash_operator.py
[2024-03-21T16:03:03.398+0000] {logging_mixin.py:188} INFO - [2024-03-21T16:03:03.398+0000] {dag.py:3047} INFO - Sync 1 DAGs
[2024-03-21T16:03:03.417+0000] {logging_mixin.py:188} INFO - [2024-03-21T16:03:03.417+0000] {dag.py:3834} INFO - Setting next_dagrun for bash_operator to None, run_after=None
[2024-03-21T16:03:03.430+0000] {processor.py:183} INFO - Processing /opt/airflow/dags/bash_operator.py took 0.074 seconds
[2024-03-21T16:03:33.667+0000] {processor.py:161} INFO - Started process (PID=594) to work on /opt/airflow/dags/bash_operator.py
[2024-03-21T16:03:33.668+0000] {processor.py:830} INFO - Processing file /opt/airflow/dags/bash_operator.py for tasks to queue
[2024-03-21T16:03:33.669+0000] {logging_mixin.py:188} INFO - [2024-03-21T16:03:33.669+0000] {dagbag.py:540} INFO - Filling up the DagBag from /opt/airflow/dags/bash_operator.py
[2024-03-21T16:03:33.683+0000] {processor.py:840} INFO - DAG(s) 'bash_operator' retrieved from /opt/airflow/dags/bash_operator.py
[2024-03-21T16:03:33.708+0000] {logging_mixin.py:188} INFO - [2024-03-21T16:03:33.707+0000] {dag.py:3047} INFO - Sync 1 DAGs
[2024-03-21T16:03:33.727+0000] {logging_mixin.py:188} INFO - [2024-03-21T16:03:33.727+0000] {dag.py:3834} INFO - Setting next_dagrun for bash_operator to None, run_after=None
[2024-03-21T16:03:33.743+0000] {processor.py:183} INFO - Processing /opt/airflow/dags/bash_operator.py took 0.078 seconds
[2024-03-21T16:04:03.897+0000] {processor.py:161} INFO - Started process (PID=614) to work on /opt/airflow/dags/bash_operator.py
[2024-03-21T16:04:03.898+0000] {processor.py:830} INFO - Processing file /opt/airflow/dags/bash_operator.py for tasks to queue
[2024-03-21T16:04:03.900+0000] {logging_mixin.py:188} INFO - [2024-03-21T16:04:03.900+0000] {dagbag.py:540} INFO - Filling up the DagBag from /opt/airflow/dags/bash_operator.py
[2024-03-21T16:04:03.912+0000] {processor.py:840} INFO - DAG(s) 'bash_operator' retrieved from /opt/airflow/dags/bash_operator.py
[2024-03-21T16:04:03.941+0000] {logging_mixin.py:188} INFO - [2024-03-21T16:04:03.940+0000] {dag.py:3047} INFO - Sync 1 DAGs
[2024-03-21T16:04:03.958+0000] {logging_mixin.py:188} INFO - [2024-03-21T16:04:03.958+0000] {dag.py:3834} INFO - Setting next_dagrun for bash_operator to None, run_after=None
[2024-03-21T16:04:03.974+0000] {processor.py:183} INFO - Processing /opt/airflow/dags/bash_operator.py took 0.079 seconds
