[2024-03-21T15:48:47.541+0000] {processor.py:161} INFO - Started process (PID=42) to work on /opt/airflow/dags/context.py
[2024-03-21T15:48:47.542+0000] {processor.py:830} INFO - Processing file /opt/airflow/dags/context.py for tasks to queue
[2024-03-21T15:48:47.645+0000] {logging_mixin.py:188} INFO - [2024-03-21T15:48:47.645+0000] {dagbag.py:540} INFO - Filling up the DagBag from /opt/airflow/dags/context.py
[2024-03-21T15:48:47.657+0000] {processor.py:840} INFO - DAG(s) 'context' retrieved from /opt/airflow/dags/context.py
[2024-03-21T15:48:47.681+0000] {logging_mixin.py:188} INFO - [2024-03-21T15:48:47.681+0000] {dag.py:3047} INFO - Sync 1 DAGs
[2024-03-21T15:48:47.698+0000] {logging_mixin.py:188} INFO - [2024-03-21T15:48:47.698+0000] {dag.py:3834} INFO - Setting next_dagrun for context to None, run_after=None
[2024-03-21T15:48:47.721+0000] {processor.py:183} INFO - Processing /opt/airflow/dags/context.py took 0.182 seconds
[2024-03-21T15:49:18.212+0000] {processor.py:161} INFO - Started process (PID=64) to work on /opt/airflow/dags/context.py
[2024-03-21T15:49:18.213+0000] {processor.py:830} INFO - Processing file /opt/airflow/dags/context.py for tasks to queue
[2024-03-21T15:49:18.214+0000] {logging_mixin.py:188} INFO - [2024-03-21T15:49:18.214+0000] {dagbag.py:540} INFO - Filling up the DagBag from /opt/airflow/dags/context.py
[2024-03-21T15:49:18.226+0000] {processor.py:840} INFO - DAG(s) 'context' retrieved from /opt/airflow/dags/context.py
[2024-03-21T15:49:18.247+0000] {logging_mixin.py:188} INFO - [2024-03-21T15:49:18.246+0000] {dag.py:3047} INFO - Sync 1 DAGs
[2024-03-21T15:49:18.266+0000] {logging_mixin.py:188} INFO - [2024-03-21T15:49:18.266+0000] {dag.py:3834} INFO - Setting next_dagrun for context to None, run_after=None
[2024-03-21T15:49:18.298+0000] {processor.py:183} INFO - Processing /opt/airflow/dags/context.py took 0.087 seconds
[2024-03-21T15:49:55.021+0000] {processor.py:161} INFO - Started process (PID=42) to work on /opt/airflow/dags/context.py
[2024-03-21T15:49:55.021+0000] {processor.py:830} INFO - Processing file /opt/airflow/dags/context.py for tasks to queue
[2024-03-21T15:49:55.022+0000] {logging_mixin.py:188} INFO - [2024-03-21T15:49:55.022+0000] {dagbag.py:540} INFO - Filling up the DagBag from /opt/airflow/dags/context.py
[2024-03-21T15:49:55.039+0000] {processor.py:840} INFO - DAG(s) 'context' retrieved from /opt/airflow/dags/context.py
[2024-03-21T15:49:55.104+0000] {logging_mixin.py:188} INFO - [2024-03-21T15:49:55.104+0000] {dag.py:3047} INFO - Sync 1 DAGs
[2024-03-21T15:49:55.117+0000] {logging_mixin.py:188} INFO - [2024-03-21T15:49:55.117+0000] {dag.py:3834} INFO - Setting next_dagrun for context to None, run_after=None
[2024-03-21T15:49:55.140+0000] {processor.py:183} INFO - Processing /opt/airflow/dags/context.py took 0.122 seconds
[2024-03-21T15:50:25.657+0000] {processor.py:161} INFO - Started process (PID=63) to work on /opt/airflow/dags/context.py
[2024-03-21T15:50:25.657+0000] {processor.py:830} INFO - Processing file /opt/airflow/dags/context.py for tasks to queue
[2024-03-21T15:50:25.659+0000] {logging_mixin.py:188} INFO - [2024-03-21T15:50:25.658+0000] {dagbag.py:540} INFO - Filling up the DagBag from /opt/airflow/dags/context.py
[2024-03-21T15:50:25.671+0000] {processor.py:840} INFO - DAG(s) 'context' retrieved from /opt/airflow/dags/context.py
[2024-03-21T15:50:25.695+0000] {logging_mixin.py:188} INFO - [2024-03-21T15:50:25.695+0000] {dag.py:3047} INFO - Sync 1 DAGs
[2024-03-21T15:50:25.713+0000] {logging_mixin.py:188} INFO - [2024-03-21T15:50:25.712+0000] {dag.py:3834} INFO - Setting next_dagrun for context to None, run_after=None
[2024-03-21T15:50:25.732+0000] {processor.py:183} INFO - Processing /opt/airflow/dags/context.py took 0.077 seconds
[2024-03-21T15:50:56.090+0000] {processor.py:161} INFO - Started process (PID=83) to work on /opt/airflow/dags/context.py
[2024-03-21T15:50:56.090+0000] {processor.py:830} INFO - Processing file /opt/airflow/dags/context.py for tasks to queue
[2024-03-21T15:50:56.091+0000] {logging_mixin.py:188} INFO - [2024-03-21T15:50:56.091+0000] {dagbag.py:540} INFO - Filling up the DagBag from /opt/airflow/dags/context.py
[2024-03-21T15:50:56.105+0000] {processor.py:840} INFO - DAG(s) 'context' retrieved from /opt/airflow/dags/context.py
[2024-03-21T15:50:56.129+0000] {logging_mixin.py:188} INFO - [2024-03-21T15:50:56.129+0000] {dag.py:3047} INFO - Sync 1 DAGs
[2024-03-21T15:50:56.146+0000] {logging_mixin.py:188} INFO - [2024-03-21T15:50:56.146+0000] {dag.py:3834} INFO - Setting next_dagrun for context to None, run_after=None
[2024-03-21T15:50:56.166+0000] {processor.py:183} INFO - Processing /opt/airflow/dags/context.py took 0.078 seconds
[2024-03-21T15:51:26.347+0000] {processor.py:161} INFO - Started process (PID=103) to work on /opt/airflow/dags/context.py
[2024-03-21T15:51:26.347+0000] {processor.py:830} INFO - Processing file /opt/airflow/dags/context.py for tasks to queue
[2024-03-21T15:51:26.348+0000] {logging_mixin.py:188} INFO - [2024-03-21T15:51:26.348+0000] {dagbag.py:540} INFO - Filling up the DagBag from /opt/airflow/dags/context.py
[2024-03-21T15:51:26.359+0000] {processor.py:840} INFO - DAG(s) 'context' retrieved from /opt/airflow/dags/context.py
[2024-03-21T15:51:26.381+0000] {logging_mixin.py:188} INFO - [2024-03-21T15:51:26.381+0000] {dag.py:3047} INFO - Sync 1 DAGs
[2024-03-21T15:51:26.397+0000] {logging_mixin.py:188} INFO - [2024-03-21T15:51:26.397+0000] {dag.py:3834} INFO - Setting next_dagrun for context to None, run_after=None
[2024-03-21T15:51:26.414+0000] {processor.py:183} INFO - Processing /opt/airflow/dags/context.py took 0.069 seconds
[2024-03-21T15:51:56.698+0000] {processor.py:161} INFO - Started process (PID=123) to work on /opt/airflow/dags/context.py
[2024-03-21T15:51:56.699+0000] {processor.py:830} INFO - Processing file /opt/airflow/dags/context.py for tasks to queue
[2024-03-21T15:51:56.700+0000] {logging_mixin.py:188} INFO - [2024-03-21T15:51:56.700+0000] {dagbag.py:540} INFO - Filling up the DagBag from /opt/airflow/dags/context.py
[2024-03-21T15:51:56.712+0000] {processor.py:840} INFO - DAG(s) 'context' retrieved from /opt/airflow/dags/context.py
[2024-03-21T15:51:56.737+0000] {logging_mixin.py:188} INFO - [2024-03-21T15:51:56.737+0000] {dag.py:3047} INFO - Sync 1 DAGs
[2024-03-21T15:51:56.758+0000] {logging_mixin.py:188} INFO - [2024-03-21T15:51:56.758+0000] {dag.py:3834} INFO - Setting next_dagrun for context to None, run_after=None
[2024-03-21T15:51:56.772+0000] {processor.py:183} INFO - Processing /opt/airflow/dags/context.py took 0.076 seconds
[2024-03-21T15:52:27.059+0000] {processor.py:161} INFO - Started process (PID=143) to work on /opt/airflow/dags/context.py
[2024-03-21T15:52:27.059+0000] {processor.py:830} INFO - Processing file /opt/airflow/dags/context.py for tasks to queue
[2024-03-21T15:52:27.060+0000] {logging_mixin.py:188} INFO - [2024-03-21T15:52:27.060+0000] {dagbag.py:540} INFO - Filling up the DagBag from /opt/airflow/dags/context.py
[2024-03-21T15:52:27.071+0000] {processor.py:840} INFO - DAG(s) 'context' retrieved from /opt/airflow/dags/context.py
[2024-03-21T15:52:27.091+0000] {logging_mixin.py:188} INFO - [2024-03-21T15:52:27.090+0000] {dag.py:3047} INFO - Sync 1 DAGs
[2024-03-21T15:52:27.106+0000] {logging_mixin.py:188} INFO - [2024-03-21T15:52:27.106+0000] {dag.py:3834} INFO - Setting next_dagrun for context to None, run_after=None
[2024-03-21T15:52:27.118+0000] {processor.py:183} INFO - Processing /opt/airflow/dags/context.py took 0.062 seconds
[2024-03-21T15:52:57.310+0000] {processor.py:161} INFO - Started process (PID=163) to work on /opt/airflow/dags/context.py
[2024-03-21T15:52:57.311+0000] {processor.py:830} INFO - Processing file /opt/airflow/dags/context.py for tasks to queue
[2024-03-21T15:52:57.313+0000] {logging_mixin.py:188} INFO - [2024-03-21T15:52:57.312+0000] {dagbag.py:540} INFO - Filling up the DagBag from /opt/airflow/dags/context.py
[2024-03-21T15:52:57.324+0000] {processor.py:840} INFO - DAG(s) 'context' retrieved from /opt/airflow/dags/context.py
[2024-03-21T15:52:57.344+0000] {logging_mixin.py:188} INFO - [2024-03-21T15:52:57.344+0000] {dag.py:3047} INFO - Sync 1 DAGs
[2024-03-21T15:52:57.359+0000] {logging_mixin.py:188} INFO - [2024-03-21T15:52:57.359+0000] {dag.py:3834} INFO - Setting next_dagrun for context to None, run_after=None
[2024-03-21T15:52:57.381+0000] {processor.py:183} INFO - Processing /opt/airflow/dags/context.py took 0.073 seconds
[2024-03-21T15:53:27.773+0000] {processor.py:161} INFO - Started process (PID=183) to work on /opt/airflow/dags/context.py
[2024-03-21T15:53:27.774+0000] {processor.py:830} INFO - Processing file /opt/airflow/dags/context.py for tasks to queue
[2024-03-21T15:53:27.777+0000] {logging_mixin.py:188} INFO - [2024-03-21T15:53:27.777+0000] {dagbag.py:540} INFO - Filling up the DagBag from /opt/airflow/dags/context.py
[2024-03-21T15:53:27.791+0000] {processor.py:840} INFO - DAG(s) 'context' retrieved from /opt/airflow/dags/context.py
[2024-03-21T15:53:27.810+0000] {logging_mixin.py:188} INFO - [2024-03-21T15:53:27.810+0000] {dag.py:3047} INFO - Sync 1 DAGs
[2024-03-21T15:53:27.827+0000] {logging_mixin.py:188} INFO - [2024-03-21T15:53:27.827+0000] {dag.py:3834} INFO - Setting next_dagrun for context to None, run_after=None
[2024-03-21T15:53:27.850+0000] {processor.py:183} INFO - Processing /opt/airflow/dags/context.py took 0.079 seconds
[2024-03-21T15:53:58.199+0000] {processor.py:161} INFO - Started process (PID=203) to work on /opt/airflow/dags/context.py
[2024-03-21T15:53:58.200+0000] {processor.py:830} INFO - Processing file /opt/airflow/dags/context.py for tasks to queue
[2024-03-21T15:53:58.201+0000] {logging_mixin.py:188} INFO - [2024-03-21T15:53:58.201+0000] {dagbag.py:540} INFO - Filling up the DagBag from /opt/airflow/dags/context.py
[2024-03-21T15:53:58.212+0000] {processor.py:840} INFO - DAG(s) 'context' retrieved from /opt/airflow/dags/context.py
[2024-03-21T15:53:58.236+0000] {logging_mixin.py:188} INFO - [2024-03-21T15:53:58.236+0000] {dag.py:3047} INFO - Sync 1 DAGs
[2024-03-21T15:53:58.255+0000] {logging_mixin.py:188} INFO - [2024-03-21T15:53:58.255+0000] {dag.py:3834} INFO - Setting next_dagrun for context to None, run_after=None
[2024-03-21T15:53:58.296+0000] {processor.py:183} INFO - Processing /opt/airflow/dags/context.py took 0.099 seconds
[2024-03-21T15:54:28.503+0000] {processor.py:161} INFO - Started process (PID=223) to work on /opt/airflow/dags/context.py
[2024-03-21T15:54:28.504+0000] {processor.py:830} INFO - Processing file /opt/airflow/dags/context.py for tasks to queue
[2024-03-21T15:54:28.505+0000] {logging_mixin.py:188} INFO - [2024-03-21T15:54:28.505+0000] {dagbag.py:540} INFO - Filling up the DagBag from /opt/airflow/dags/context.py
[2024-03-21T15:54:28.518+0000] {processor.py:840} INFO - DAG(s) 'context' retrieved from /opt/airflow/dags/context.py
[2024-03-21T15:54:28.540+0000] {logging_mixin.py:188} INFO - [2024-03-21T15:54:28.540+0000] {dag.py:3047} INFO - Sync 1 DAGs
[2024-03-21T15:54:28.558+0000] {logging_mixin.py:188} INFO - [2024-03-21T15:54:28.558+0000] {dag.py:3834} INFO - Setting next_dagrun for context to None, run_after=None
[2024-03-21T15:54:28.573+0000] {processor.py:183} INFO - Processing /opt/airflow/dags/context.py took 0.071 seconds
[2024-03-21T15:54:58.732+0000] {processor.py:161} INFO - Started process (PID=243) to work on /opt/airflow/dags/context.py
[2024-03-21T15:54:58.733+0000] {processor.py:830} INFO - Processing file /opt/airflow/dags/context.py for tasks to queue
[2024-03-21T15:54:58.734+0000] {logging_mixin.py:188} INFO - [2024-03-21T15:54:58.734+0000] {dagbag.py:540} INFO - Filling up the DagBag from /opt/airflow/dags/context.py
[2024-03-21T15:54:58.747+0000] {processor.py:840} INFO - DAG(s) 'context' retrieved from /opt/airflow/dags/context.py
[2024-03-21T15:54:58.768+0000] {logging_mixin.py:188} INFO - [2024-03-21T15:54:58.768+0000] {dag.py:3047} INFO - Sync 1 DAGs
[2024-03-21T15:54:58.787+0000] {logging_mixin.py:188} INFO - [2024-03-21T15:54:58.786+0000] {dag.py:3834} INFO - Setting next_dagrun for context to None, run_after=None
[2024-03-21T15:54:58.807+0000] {processor.py:183} INFO - Processing /opt/airflow/dags/context.py took 0.077 seconds
[2024-03-21T15:55:28.977+0000] {processor.py:161} INFO - Started process (PID=263) to work on /opt/airflow/dags/context.py
[2024-03-21T15:55:28.978+0000] {processor.py:830} INFO - Processing file /opt/airflow/dags/context.py for tasks to queue
[2024-03-21T15:55:28.979+0000] {logging_mixin.py:188} INFO - [2024-03-21T15:55:28.979+0000] {dagbag.py:540} INFO - Filling up the DagBag from /opt/airflow/dags/context.py
[2024-03-21T15:55:28.993+0000] {processor.py:840} INFO - DAG(s) 'context' retrieved from /opt/airflow/dags/context.py
[2024-03-21T15:55:29.014+0000] {logging_mixin.py:188} INFO - [2024-03-21T15:55:29.014+0000] {dag.py:3047} INFO - Sync 1 DAGs
[2024-03-21T15:55:29.031+0000] {logging_mixin.py:188} INFO - [2024-03-21T15:55:29.031+0000] {dag.py:3834} INFO - Setting next_dagrun for context to None, run_after=None
[2024-03-21T15:55:29.061+0000] {processor.py:183} INFO - Processing /opt/airflow/dags/context.py took 0.086 seconds
[2024-03-21T15:55:59.142+0000] {processor.py:161} INFO - Started process (PID=283) to work on /opt/airflow/dags/context.py
[2024-03-21T15:55:59.143+0000] {processor.py:830} INFO - Processing file /opt/airflow/dags/context.py for tasks to queue
[2024-03-21T15:55:59.144+0000] {logging_mixin.py:188} INFO - [2024-03-21T15:55:59.144+0000] {dagbag.py:540} INFO - Filling up the DagBag from /opt/airflow/dags/context.py
[2024-03-21T15:55:59.157+0000] {processor.py:840} INFO - DAG(s) 'context' retrieved from /opt/airflow/dags/context.py
[2024-03-21T15:55:59.180+0000] {logging_mixin.py:188} INFO - [2024-03-21T15:55:59.180+0000] {dag.py:3047} INFO - Sync 1 DAGs
[2024-03-21T15:55:59.197+0000] {logging_mixin.py:188} INFO - [2024-03-21T15:55:59.197+0000] {dag.py:3834} INFO - Setting next_dagrun for context to None, run_after=None
[2024-03-21T15:55:59.217+0000] {processor.py:183} INFO - Processing /opt/airflow/dags/context.py took 0.077 seconds
[2024-03-21T15:56:29.447+0000] {processor.py:161} INFO - Started process (PID=304) to work on /opt/airflow/dags/context.py
[2024-03-21T15:56:29.448+0000] {processor.py:830} INFO - Processing file /opt/airflow/dags/context.py for tasks to queue
[2024-03-21T15:56:29.449+0000] {logging_mixin.py:188} INFO - [2024-03-21T15:56:29.449+0000] {dagbag.py:540} INFO - Filling up the DagBag from /opt/airflow/dags/context.py
[2024-03-21T15:56:29.466+0000] {processor.py:840} INFO - DAG(s) 'context' retrieved from /opt/airflow/dags/context.py
[2024-03-21T15:56:29.489+0000] {logging_mixin.py:188} INFO - [2024-03-21T15:56:29.489+0000] {dag.py:3047} INFO - Sync 1 DAGs
[2024-03-21T15:56:29.507+0000] {logging_mixin.py:188} INFO - [2024-03-21T15:56:29.507+0000] {dag.py:3834} INFO - Setting next_dagrun for context to None, run_after=None
[2024-03-21T15:56:29.530+0000] {processor.py:183} INFO - Processing /opt/airflow/dags/context.py took 0.084 seconds
[2024-03-21T15:56:59.753+0000] {processor.py:161} INFO - Started process (PID=324) to work on /opt/airflow/dags/context.py
[2024-03-21T15:56:59.753+0000] {processor.py:830} INFO - Processing file /opt/airflow/dags/context.py for tasks to queue
[2024-03-21T15:56:59.755+0000] {logging_mixin.py:188} INFO - [2024-03-21T15:56:59.754+0000] {dagbag.py:540} INFO - Filling up the DagBag from /opt/airflow/dags/context.py
[2024-03-21T15:56:59.766+0000] {processor.py:840} INFO - DAG(s) 'context' retrieved from /opt/airflow/dags/context.py
[2024-03-21T15:56:59.787+0000] {logging_mixin.py:188} INFO - [2024-03-21T15:56:59.787+0000] {dag.py:3047} INFO - Sync 1 DAGs
[2024-03-21T15:56:59.805+0000] {logging_mixin.py:188} INFO - [2024-03-21T15:56:59.805+0000] {dag.py:3834} INFO - Setting next_dagrun for context to None, run_after=None
[2024-03-21T15:56:59.822+0000] {processor.py:183} INFO - Processing /opt/airflow/dags/context.py took 0.071 seconds
[2024-03-21T15:57:29.928+0000] {processor.py:161} INFO - Started process (PID=344) to work on /opt/airflow/dags/context.py
[2024-03-21T15:57:29.928+0000] {processor.py:830} INFO - Processing file /opt/airflow/dags/context.py for tasks to queue
[2024-03-21T15:57:29.929+0000] {logging_mixin.py:188} INFO - [2024-03-21T15:57:29.929+0000] {dagbag.py:540} INFO - Filling up the DagBag from /opt/airflow/dags/context.py
[2024-03-21T15:57:29.941+0000] {processor.py:840} INFO - DAG(s) 'context' retrieved from /opt/airflow/dags/context.py
[2024-03-21T15:57:29.967+0000] {logging_mixin.py:188} INFO - [2024-03-21T15:57:29.967+0000] {dag.py:3047} INFO - Sync 1 DAGs
[2024-03-21T15:57:29.984+0000] {logging_mixin.py:188} INFO - [2024-03-21T15:57:29.984+0000] {dag.py:3834} INFO - Setting next_dagrun for context to None, run_after=None
[2024-03-21T15:57:30.000+0000] {processor.py:183} INFO - Processing /opt/airflow/dags/context.py took 0.074 seconds
[2024-03-21T15:58:00.162+0000] {processor.py:161} INFO - Started process (PID=364) to work on /opt/airflow/dags/context.py
[2024-03-21T15:58:00.162+0000] {processor.py:830} INFO - Processing file /opt/airflow/dags/context.py for tasks to queue
[2024-03-21T15:58:00.163+0000] {logging_mixin.py:188} INFO - [2024-03-21T15:58:00.163+0000] {dagbag.py:540} INFO - Filling up the DagBag from /opt/airflow/dags/context.py
[2024-03-21T15:58:00.178+0000] {processor.py:840} INFO - DAG(s) 'context' retrieved from /opt/airflow/dags/context.py
[2024-03-21T15:58:00.198+0000] {logging_mixin.py:188} INFO - [2024-03-21T15:58:00.198+0000] {dag.py:3047} INFO - Sync 1 DAGs
[2024-03-21T15:58:00.213+0000] {logging_mixin.py:188} INFO - [2024-03-21T15:58:00.213+0000] {dag.py:3834} INFO - Setting next_dagrun for context to None, run_after=None
[2024-03-21T15:58:00.235+0000] {processor.py:183} INFO - Processing /opt/airflow/dags/context.py took 0.075 seconds
[2024-03-21T15:58:30.365+0000] {processor.py:161} INFO - Started process (PID=384) to work on /opt/airflow/dags/context.py
[2024-03-21T15:58:30.366+0000] {processor.py:830} INFO - Processing file /opt/airflow/dags/context.py for tasks to queue
[2024-03-21T15:58:30.367+0000] {logging_mixin.py:188} INFO - [2024-03-21T15:58:30.367+0000] {dagbag.py:540} INFO - Filling up the DagBag from /opt/airflow/dags/context.py
[2024-03-21T15:58:30.380+0000] {processor.py:840} INFO - DAG(s) 'context' retrieved from /opt/airflow/dags/context.py
[2024-03-21T15:58:30.400+0000] {logging_mixin.py:188} INFO - [2024-03-21T15:58:30.400+0000] {dag.py:3047} INFO - Sync 1 DAGs
[2024-03-21T15:58:30.417+0000] {logging_mixin.py:188} INFO - [2024-03-21T15:58:30.417+0000] {dag.py:3834} INFO - Setting next_dagrun for context to None, run_after=None
[2024-03-21T15:58:30.438+0000] {processor.py:183} INFO - Processing /opt/airflow/dags/context.py took 0.075 seconds
[2024-03-21T15:59:00.757+0000] {processor.py:161} INFO - Started process (PID=404) to work on /opt/airflow/dags/context.py
[2024-03-21T15:59:00.757+0000] {processor.py:830} INFO - Processing file /opt/airflow/dags/context.py for tasks to queue
[2024-03-21T15:59:00.758+0000] {logging_mixin.py:188} INFO - [2024-03-21T15:59:00.758+0000] {dagbag.py:540} INFO - Filling up the DagBag from /opt/airflow/dags/context.py
[2024-03-21T15:59:00.770+0000] {processor.py:840} INFO - DAG(s) 'context' retrieved from /opt/airflow/dags/context.py
[2024-03-21T15:59:00.789+0000] {logging_mixin.py:188} INFO - [2024-03-21T15:59:00.789+0000] {dag.py:3047} INFO - Sync 1 DAGs
[2024-03-21T15:59:00.804+0000] {logging_mixin.py:188} INFO - [2024-03-21T15:59:00.804+0000] {dag.py:3834} INFO - Setting next_dagrun for context to None, run_after=None
[2024-03-21T15:59:00.820+0000] {processor.py:183} INFO - Processing /opt/airflow/dags/context.py took 0.065 seconds
[2024-03-21T15:59:31.201+0000] {processor.py:161} INFO - Started process (PID=426) to work on /opt/airflow/dags/context.py
[2024-03-21T15:59:31.202+0000] {processor.py:830} INFO - Processing file /opt/airflow/dags/context.py for tasks to queue
[2024-03-21T15:59:31.203+0000] {logging_mixin.py:188} INFO - [2024-03-21T15:59:31.203+0000] {dagbag.py:540} INFO - Filling up the DagBag from /opt/airflow/dags/context.py
[2024-03-21T15:59:31.217+0000] {processor.py:840} INFO - DAG(s) 'context' retrieved from /opt/airflow/dags/context.py
[2024-03-21T15:59:31.240+0000] {logging_mixin.py:188} INFO - [2024-03-21T15:59:31.240+0000] {dag.py:3047} INFO - Sync 1 DAGs
[2024-03-21T15:59:31.257+0000] {logging_mixin.py:188} INFO - [2024-03-21T15:59:31.257+0000] {dag.py:3834} INFO - Setting next_dagrun for context to None, run_after=None
[2024-03-21T15:59:31.353+0000] {processor.py:183} INFO - Processing /opt/airflow/dags/context.py took 0.154 seconds
[2024-03-21T16:00:01.401+0000] {processor.py:161} INFO - Started process (PID=446) to work on /opt/airflow/dags/context.py
[2024-03-21T16:00:01.402+0000] {processor.py:830} INFO - Processing file /opt/airflow/dags/context.py for tasks to queue
[2024-03-21T16:00:01.404+0000] {logging_mixin.py:188} INFO - [2024-03-21T16:00:01.403+0000] {dagbag.py:540} INFO - Filling up the DagBag from /opt/airflow/dags/context.py
[2024-03-21T16:00:01.415+0000] {processor.py:840} INFO - DAG(s) 'context' retrieved from /opt/airflow/dags/context.py
[2024-03-21T16:00:01.435+0000] {logging_mixin.py:188} INFO - [2024-03-21T16:00:01.435+0000] {dag.py:3047} INFO - Sync 1 DAGs
[2024-03-21T16:00:01.492+0000] {logging_mixin.py:188} INFO - [2024-03-21T16:00:01.492+0000] {dag.py:3834} INFO - Setting next_dagrun for context to None, run_after=None
[2024-03-21T16:00:01.529+0000] {processor.py:183} INFO - Processing /opt/airflow/dags/context.py took 0.130 seconds
[2024-03-21T16:00:31.681+0000] {processor.py:161} INFO - Started process (PID=466) to work on /opt/airflow/dags/context.py
[2024-03-21T16:00:31.682+0000] {processor.py:830} INFO - Processing file /opt/airflow/dags/context.py for tasks to queue
[2024-03-21T16:00:31.683+0000] {logging_mixin.py:188} INFO - [2024-03-21T16:00:31.683+0000] {dagbag.py:540} INFO - Filling up the DagBag from /opt/airflow/dags/context.py
[2024-03-21T16:00:31.698+0000] {processor.py:840} INFO - DAG(s) 'context' retrieved from /opt/airflow/dags/context.py
[2024-03-21T16:00:31.727+0000] {logging_mixin.py:188} INFO - [2024-03-21T16:00:31.727+0000] {dag.py:3047} INFO - Sync 1 DAGs
[2024-03-21T16:00:31.745+0000] {logging_mixin.py:188} INFO - [2024-03-21T16:00:31.745+0000] {dag.py:3834} INFO - Setting next_dagrun for context to None, run_after=None
[2024-03-21T16:00:31.757+0000] {processor.py:183} INFO - Processing /opt/airflow/dags/context.py took 0.078 seconds
[2024-03-21T16:01:01.956+0000] {processor.py:161} INFO - Started process (PID=487) to work on /opt/airflow/dags/context.py
[2024-03-21T16:01:01.957+0000] {processor.py:830} INFO - Processing file /opt/airflow/dags/context.py for tasks to queue
[2024-03-21T16:01:01.958+0000] {logging_mixin.py:188} INFO - [2024-03-21T16:01:01.958+0000] {dagbag.py:540} INFO - Filling up the DagBag from /opt/airflow/dags/context.py
[2024-03-21T16:01:01.970+0000] {processor.py:840} INFO - DAG(s) 'context' retrieved from /opt/airflow/dags/context.py
[2024-03-21T16:01:01.991+0000] {logging_mixin.py:188} INFO - [2024-03-21T16:01:01.991+0000] {dag.py:3047} INFO - Sync 1 DAGs
[2024-03-21T16:01:02.024+0000] {logging_mixin.py:188} INFO - [2024-03-21T16:01:02.024+0000] {dag.py:3834} INFO - Setting next_dagrun for context to None, run_after=None
[2024-03-21T16:01:02.060+0000] {processor.py:183} INFO - Processing /opt/airflow/dags/context.py took 0.106 seconds
[2024-03-21T16:01:32.182+0000] {processor.py:161} INFO - Started process (PID=507) to work on /opt/airflow/dags/context.py
[2024-03-21T16:01:32.184+0000] {processor.py:830} INFO - Processing file /opt/airflow/dags/context.py for tasks to queue
[2024-03-21T16:01:32.185+0000] {logging_mixin.py:188} INFO - [2024-03-21T16:01:32.185+0000] {dagbag.py:540} INFO - Filling up the DagBag from /opt/airflow/dags/context.py
[2024-03-21T16:01:32.201+0000] {processor.py:840} INFO - DAG(s) 'context' retrieved from /opt/airflow/dags/context.py
[2024-03-21T16:01:32.225+0000] {logging_mixin.py:188} INFO - [2024-03-21T16:01:32.225+0000] {dag.py:3047} INFO - Sync 1 DAGs
[2024-03-21T16:01:32.245+0000] {logging_mixin.py:188} INFO - [2024-03-21T16:01:32.245+0000] {dag.py:3834} INFO - Setting next_dagrun for context to None, run_after=None
[2024-03-21T16:01:32.269+0000] {processor.py:183} INFO - Processing /opt/airflow/dags/context.py took 0.089 seconds
[2024-03-21T16:02:02.532+0000] {processor.py:161} INFO - Started process (PID=527) to work on /opt/airflow/dags/context.py
[2024-03-21T16:02:02.533+0000] {processor.py:830} INFO - Processing file /opt/airflow/dags/context.py for tasks to queue
[2024-03-21T16:02:02.534+0000] {logging_mixin.py:188} INFO - [2024-03-21T16:02:02.534+0000] {dagbag.py:540} INFO - Filling up the DagBag from /opt/airflow/dags/context.py
[2024-03-21T16:02:02.546+0000] {processor.py:840} INFO - DAG(s) 'context' retrieved from /opt/airflow/dags/context.py
[2024-03-21T16:02:02.566+0000] {logging_mixin.py:188} INFO - [2024-03-21T16:02:02.566+0000] {dag.py:3047} INFO - Sync 1 DAGs
[2024-03-21T16:02:02.584+0000] {logging_mixin.py:188} INFO - [2024-03-21T16:02:02.584+0000] {dag.py:3834} INFO - Setting next_dagrun for context to None, run_after=None
[2024-03-21T16:02:02.605+0000] {processor.py:183} INFO - Processing /opt/airflow/dags/context.py took 0.076 seconds
[2024-03-21T16:02:32.751+0000] {processor.py:161} INFO - Started process (PID=547) to work on /opt/airflow/dags/context.py
[2024-03-21T16:02:32.752+0000] {processor.py:830} INFO - Processing file /opt/airflow/dags/context.py for tasks to queue
[2024-03-21T16:02:32.753+0000] {logging_mixin.py:188} INFO - [2024-03-21T16:02:32.753+0000] {dagbag.py:540} INFO - Filling up the DagBag from /opt/airflow/dags/context.py
[2024-03-21T16:02:32.766+0000] {processor.py:840} INFO - DAG(s) 'context' retrieved from /opt/airflow/dags/context.py
[2024-03-21T16:02:32.789+0000] {logging_mixin.py:188} INFO - [2024-03-21T16:02:32.789+0000] {dag.py:3047} INFO - Sync 1 DAGs
[2024-03-21T16:02:32.806+0000] {logging_mixin.py:188} INFO - [2024-03-21T16:02:32.806+0000] {dag.py:3834} INFO - Setting next_dagrun for context to None, run_after=None
[2024-03-21T16:02:32.826+0000] {processor.py:183} INFO - Processing /opt/airflow/dags/context.py took 0.077 seconds
[2024-03-21T16:03:03.015+0000] {processor.py:161} INFO - Started process (PID=567) to work on /opt/airflow/dags/context.py
[2024-03-21T16:03:03.016+0000] {processor.py:830} INFO - Processing file /opt/airflow/dags/context.py for tasks to queue
[2024-03-21T16:03:03.017+0000] {logging_mixin.py:188} INFO - [2024-03-21T16:03:03.016+0000] {dagbag.py:540} INFO - Filling up the DagBag from /opt/airflow/dags/context.py
[2024-03-21T16:03:03.030+0000] {processor.py:840} INFO - DAG(s) 'context' retrieved from /opt/airflow/dags/context.py
[2024-03-21T16:03:03.050+0000] {logging_mixin.py:188} INFO - [2024-03-21T16:03:03.050+0000] {dag.py:3047} INFO - Sync 1 DAGs
[2024-03-21T16:03:03.067+0000] {logging_mixin.py:188} INFO - [2024-03-21T16:03:03.067+0000] {dag.py:3834} INFO - Setting next_dagrun for context to None, run_after=None
[2024-03-21T16:03:03.090+0000] {processor.py:183} INFO - Processing /opt/airflow/dags/context.py took 0.077 seconds
[2024-03-21T16:03:33.171+0000] {processor.py:161} INFO - Started process (PID=587) to work on /opt/airflow/dags/context.py
[2024-03-21T16:03:33.172+0000] {processor.py:830} INFO - Processing file /opt/airflow/dags/context.py for tasks to queue
[2024-03-21T16:03:33.173+0000] {logging_mixin.py:188} INFO - [2024-03-21T16:03:33.173+0000] {dagbag.py:540} INFO - Filling up the DagBag from /opt/airflow/dags/context.py
[2024-03-21T16:03:33.189+0000] {processor.py:840} INFO - DAG(s) 'context' retrieved from /opt/airflow/dags/context.py
[2024-03-21T16:03:33.217+0000] {logging_mixin.py:188} INFO - [2024-03-21T16:03:33.217+0000] {dag.py:3047} INFO - Sync 1 DAGs
[2024-03-21T16:03:33.237+0000] {logging_mixin.py:188} INFO - [2024-03-21T16:03:33.237+0000] {dag.py:3834} INFO - Setting next_dagrun for context to None, run_after=None
[2024-03-21T16:03:33.261+0000] {processor.py:183} INFO - Processing /opt/airflow/dags/context.py took 0.092 seconds
[2024-03-21T16:04:03.448+0000] {processor.py:161} INFO - Started process (PID=607) to work on /opt/airflow/dags/context.py
[2024-03-21T16:04:03.448+0000] {processor.py:830} INFO - Processing file /opt/airflow/dags/context.py for tasks to queue
[2024-03-21T16:04:03.449+0000] {logging_mixin.py:188} INFO - [2024-03-21T16:04:03.449+0000] {dagbag.py:540} INFO - Filling up the DagBag from /opt/airflow/dags/context.py
[2024-03-21T16:04:03.463+0000] {processor.py:840} INFO - DAG(s) 'context' retrieved from /opt/airflow/dags/context.py
[2024-03-21T16:04:03.486+0000] {logging_mixin.py:188} INFO - [2024-03-21T16:04:03.486+0000] {dag.py:3047} INFO - Sync 1 DAGs
[2024-03-21T16:04:03.505+0000] {logging_mixin.py:188} INFO - [2024-03-21T16:04:03.505+0000] {dag.py:3834} INFO - Setting next_dagrun for context to None, run_after=None
[2024-03-21T16:04:03.523+0000] {processor.py:183} INFO - Processing /opt/airflow/dags/context.py took 0.077 seconds
