[2024-03-21T15:48:47.848+0000] {processor.py:161} INFO - Started process (PID=43) to work on /opt/airflow/dags/dag_run.py
[2024-03-21T15:48:47.849+0000] {processor.py:830} INFO - Processing file /opt/airflow/dags/dag_run.py for tasks to queue
[2024-03-21T15:48:47.850+0000] {logging_mixin.py:188} INFO - [2024-03-21T15:48:47.849+0000] {dagbag.py:540} INFO - Filling up the DagBag from /opt/airflow/dags/dag_run.py
[2024-03-21T15:48:47.868+0000] {processor.py:840} INFO - DAG(s) 'dag_run' retrieved from /opt/airflow/dags/dag_run.py
[2024-03-21T15:48:47.906+0000] {logging_mixin.py:188} INFO - [2024-03-21T15:48:47.906+0000] {dag.py:3047} INFO - Sync 1 DAGs
[2024-03-21T15:48:47.942+0000] {logging_mixin.py:188} INFO - [2024-03-21T15:48:47.942+0000] {dag.py:3834} INFO - Setting next_dagrun for dag_run to None, run_after=None
[2024-03-21T15:48:47.960+0000] {processor.py:183} INFO - Processing /opt/airflow/dags/dag_run.py took 0.228 seconds
[2024-03-21T15:49:18.217+0000] {processor.py:161} INFO - Started process (PID=65) to work on /opt/airflow/dags/dag_run.py
[2024-03-21T15:49:18.217+0000] {processor.py:830} INFO - Processing file /opt/airflow/dags/dag_run.py for tasks to queue
[2024-03-21T15:49:18.218+0000] {logging_mixin.py:188} INFO - [2024-03-21T15:49:18.218+0000] {dagbag.py:540} INFO - Filling up the DagBag from /opt/airflow/dags/dag_run.py
[2024-03-21T15:49:18.228+0000] {processor.py:840} INFO - DAG(s) 'dag_run' retrieved from /opt/airflow/dags/dag_run.py
[2024-03-21T15:49:18.247+0000] {logging_mixin.py:188} INFO - [2024-03-21T15:49:18.247+0000] {dag.py:3047} INFO - Sync 1 DAGs
[2024-03-21T15:49:18.265+0000] {logging_mixin.py:188} INFO - [2024-03-21T15:49:18.264+0000] {dag.py:3834} INFO - Setting next_dagrun for dag_run to None, run_after=None
[2024-03-21T15:49:18.291+0000] {processor.py:183} INFO - Processing /opt/airflow/dags/dag_run.py took 0.076 seconds
[2024-03-21T15:49:55.155+0000] {processor.py:161} INFO - Started process (PID=43) to work on /opt/airflow/dags/dag_run.py
[2024-03-21T15:49:55.156+0000] {processor.py:830} INFO - Processing file /opt/airflow/dags/dag_run.py for tasks to queue
[2024-03-21T15:49:55.157+0000] {logging_mixin.py:188} INFO - [2024-03-21T15:49:55.157+0000] {dagbag.py:540} INFO - Filling up the DagBag from /opt/airflow/dags/dag_run.py
[2024-03-21T15:49:55.168+0000] {processor.py:840} INFO - DAG(s) 'dag_run' retrieved from /opt/airflow/dags/dag_run.py
[2024-03-21T15:49:55.236+0000] {logging_mixin.py:188} INFO - [2024-03-21T15:49:55.236+0000] {dag.py:3047} INFO - Sync 1 DAGs
[2024-03-21T15:49:55.253+0000] {logging_mixin.py:188} INFO - [2024-03-21T15:49:55.253+0000] {dag.py:3834} INFO - Setting next_dagrun for dag_run to None, run_after=None
[2024-03-21T15:49:55.267+0000] {processor.py:183} INFO - Processing /opt/airflow/dags/dag_run.py took 0.114 seconds
[2024-03-21T15:50:25.747+0000] {processor.py:161} INFO - Started process (PID=64) to work on /opt/airflow/dags/dag_run.py
[2024-03-21T15:50:25.748+0000] {processor.py:830} INFO - Processing file /opt/airflow/dags/dag_run.py for tasks to queue
[2024-03-21T15:50:25.749+0000] {logging_mixin.py:188} INFO - [2024-03-21T15:50:25.749+0000] {dagbag.py:540} INFO - Filling up the DagBag from /opt/airflow/dags/dag_run.py
[2024-03-21T15:50:25.761+0000] {processor.py:840} INFO - DAG(s) 'dag_run' retrieved from /opt/airflow/dags/dag_run.py
[2024-03-21T15:50:25.783+0000] {logging_mixin.py:188} INFO - [2024-03-21T15:50:25.783+0000] {dag.py:3047} INFO - Sync 1 DAGs
[2024-03-21T15:50:25.799+0000] {logging_mixin.py:188} INFO - [2024-03-21T15:50:25.799+0000] {dag.py:3834} INFO - Setting next_dagrun for dag_run to None, run_after=None
[2024-03-21T15:50:25.818+0000] {processor.py:183} INFO - Processing /opt/airflow/dags/dag_run.py took 0.073 seconds
[2024-03-21T15:50:56.182+0000] {processor.py:161} INFO - Started process (PID=84) to work on /opt/airflow/dags/dag_run.py
[2024-03-21T15:50:56.182+0000] {processor.py:830} INFO - Processing file /opt/airflow/dags/dag_run.py for tasks to queue
[2024-03-21T15:50:56.184+0000] {logging_mixin.py:188} INFO - [2024-03-21T15:50:56.183+0000] {dagbag.py:540} INFO - Filling up the DagBag from /opt/airflow/dags/dag_run.py
[2024-03-21T15:50:56.194+0000] {processor.py:840} INFO - DAG(s) 'dag_run' retrieved from /opt/airflow/dags/dag_run.py
[2024-03-21T15:50:56.214+0000] {logging_mixin.py:188} INFO - [2024-03-21T15:50:56.213+0000] {dag.py:3047} INFO - Sync 1 DAGs
[2024-03-21T15:50:56.230+0000] {logging_mixin.py:188} INFO - [2024-03-21T15:50:56.230+0000] {dag.py:3834} INFO - Setting next_dagrun for dag_run to None, run_after=None
[2024-03-21T15:50:56.254+0000] {processor.py:183} INFO - Processing /opt/airflow/dags/dag_run.py took 0.074 seconds
[2024-03-21T15:51:26.430+0000] {processor.py:161} INFO - Started process (PID=104) to work on /opt/airflow/dags/dag_run.py
[2024-03-21T15:51:26.431+0000] {processor.py:830} INFO - Processing file /opt/airflow/dags/dag_run.py for tasks to queue
[2024-03-21T15:51:26.432+0000] {logging_mixin.py:188} INFO - [2024-03-21T15:51:26.432+0000] {dagbag.py:540} INFO - Filling up the DagBag from /opt/airflow/dags/dag_run.py
[2024-03-21T15:51:26.447+0000] {processor.py:840} INFO - DAG(s) 'dag_run' retrieved from /opt/airflow/dags/dag_run.py
[2024-03-21T15:51:26.510+0000] {logging_mixin.py:188} INFO - [2024-03-21T15:51:26.510+0000] {dag.py:3047} INFO - Sync 1 DAGs
[2024-03-21T15:51:26.531+0000] {logging_mixin.py:188} INFO - [2024-03-21T15:51:26.531+0000] {dag.py:3834} INFO - Setting next_dagrun for dag_run to None, run_after=None
[2024-03-21T15:51:26.545+0000] {processor.py:183} INFO - Processing /opt/airflow/dags/dag_run.py took 0.117 seconds
[2024-03-21T15:51:56.798+0000] {processor.py:161} INFO - Started process (PID=124) to work on /opt/airflow/dags/dag_run.py
[2024-03-21T15:51:56.798+0000] {processor.py:830} INFO - Processing file /opt/airflow/dags/dag_run.py for tasks to queue
[2024-03-21T15:51:56.800+0000] {logging_mixin.py:188} INFO - [2024-03-21T15:51:56.799+0000] {dagbag.py:540} INFO - Filling up the DagBag from /opt/airflow/dags/dag_run.py
[2024-03-21T15:51:56.811+0000] {processor.py:840} INFO - DAG(s) 'dag_run' retrieved from /opt/airflow/dags/dag_run.py
[2024-03-21T15:51:56.834+0000] {logging_mixin.py:188} INFO - [2024-03-21T15:51:56.834+0000] {dag.py:3047} INFO - Sync 1 DAGs
[2024-03-21T15:51:56.850+0000] {logging_mixin.py:188} INFO - [2024-03-21T15:51:56.850+0000] {dag.py:3834} INFO - Setting next_dagrun for dag_run to None, run_after=None
[2024-03-21T15:51:56.863+0000] {processor.py:183} INFO - Processing /opt/airflow/dags/dag_run.py took 0.067 seconds
[2024-03-21T15:52:27.063+0000] {processor.py:161} INFO - Started process (PID=144) to work on /opt/airflow/dags/dag_run.py
[2024-03-21T15:52:27.064+0000] {processor.py:830} INFO - Processing file /opt/airflow/dags/dag_run.py for tasks to queue
[2024-03-21T15:52:27.065+0000] {logging_mixin.py:188} INFO - [2024-03-21T15:52:27.064+0000] {dagbag.py:540} INFO - Filling up the DagBag from /opt/airflow/dags/dag_run.py
[2024-03-21T15:52:27.078+0000] {processor.py:840} INFO - DAG(s) 'dag_run' retrieved from /opt/airflow/dags/dag_run.py
[2024-03-21T15:52:27.097+0000] {logging_mixin.py:188} INFO - [2024-03-21T15:52:27.096+0000] {dag.py:3047} INFO - Sync 1 DAGs
[2024-03-21T15:52:27.111+0000] {logging_mixin.py:188} INFO - [2024-03-21T15:52:27.111+0000] {dag.py:3834} INFO - Setting next_dagrun for dag_run to None, run_after=None
[2024-03-21T15:52:27.128+0000] {processor.py:183} INFO - Processing /opt/airflow/dags/dag_run.py took 0.067 seconds
[2024-03-21T15:52:57.313+0000] {processor.py:161} INFO - Started process (PID=164) to work on /opt/airflow/dags/dag_run.py
[2024-03-21T15:52:57.314+0000] {processor.py:830} INFO - Processing file /opt/airflow/dags/dag_run.py for tasks to queue
[2024-03-21T15:52:57.315+0000] {logging_mixin.py:188} INFO - [2024-03-21T15:52:57.315+0000] {dagbag.py:540} INFO - Filling up the DagBag from /opt/airflow/dags/dag_run.py
[2024-03-21T15:52:57.325+0000] {processor.py:840} INFO - DAG(s) 'dag_run' retrieved from /opt/airflow/dags/dag_run.py
[2024-03-21T15:52:57.344+0000] {logging_mixin.py:188} INFO - [2024-03-21T15:52:57.344+0000] {dag.py:3047} INFO - Sync 1 DAGs
[2024-03-21T15:52:57.359+0000] {logging_mixin.py:188} INFO - [2024-03-21T15:52:57.359+0000] {dag.py:3834} INFO - Setting next_dagrun for dag_run to None, run_after=None
[2024-03-21T15:52:57.376+0000] {processor.py:183} INFO - Processing /opt/airflow/dags/dag_run.py took 0.064 seconds
[2024-03-21T15:53:27.850+0000] {processor.py:161} INFO - Started process (PID=184) to work on /opt/airflow/dags/dag_run.py
[2024-03-21T15:53:27.851+0000] {processor.py:830} INFO - Processing file /opt/airflow/dags/dag_run.py for tasks to queue
[2024-03-21T15:53:27.852+0000] {logging_mixin.py:188} INFO - [2024-03-21T15:53:27.852+0000] {dagbag.py:540} INFO - Filling up the DagBag from /opt/airflow/dags/dag_run.py
[2024-03-21T15:53:27.865+0000] {processor.py:840} INFO - DAG(s) 'dag_run' retrieved from /opt/airflow/dags/dag_run.py
[2024-03-21T15:53:27.885+0000] {logging_mixin.py:188} INFO - [2024-03-21T15:53:27.885+0000] {dag.py:3047} INFO - Sync 1 DAGs
[2024-03-21T15:53:27.903+0000] {logging_mixin.py:188} INFO - [2024-03-21T15:53:27.903+0000] {dag.py:3834} INFO - Setting next_dagrun for dag_run to None, run_after=None
[2024-03-21T15:53:27.922+0000] {processor.py:183} INFO - Processing /opt/airflow/dags/dag_run.py took 0.074 seconds
[2024-03-21T15:53:58.204+0000] {processor.py:161} INFO - Started process (PID=204) to work on /opt/airflow/dags/dag_run.py
[2024-03-21T15:53:58.204+0000] {processor.py:830} INFO - Processing file /opt/airflow/dags/dag_run.py for tasks to queue
[2024-03-21T15:53:58.205+0000] {logging_mixin.py:188} INFO - [2024-03-21T15:53:58.205+0000] {dagbag.py:540} INFO - Filling up the DagBag from /opt/airflow/dags/dag_run.py
[2024-03-21T15:53:58.216+0000] {processor.py:840} INFO - DAG(s) 'dag_run' retrieved from /opt/airflow/dags/dag_run.py
[2024-03-21T15:53:58.238+0000] {logging_mixin.py:188} INFO - [2024-03-21T15:53:58.238+0000] {dag.py:3047} INFO - Sync 1 DAGs
[2024-03-21T15:53:58.255+0000] {logging_mixin.py:188} INFO - [2024-03-21T15:53:58.255+0000] {dag.py:3834} INFO - Setting next_dagrun for dag_run to None, run_after=None
[2024-03-21T15:53:58.292+0000] {processor.py:183} INFO - Processing /opt/airflow/dags/dag_run.py took 0.090 seconds
[2024-03-21T15:54:28.571+0000] {processor.py:161} INFO - Started process (PID=224) to work on /opt/airflow/dags/dag_run.py
[2024-03-21T15:54:28.572+0000] {processor.py:830} INFO - Processing file /opt/airflow/dags/dag_run.py for tasks to queue
[2024-03-21T15:54:28.573+0000] {logging_mixin.py:188} INFO - [2024-03-21T15:54:28.573+0000] {dagbag.py:540} INFO - Filling up the DagBag from /opt/airflow/dags/dag_run.py
[2024-03-21T15:54:28.586+0000] {processor.py:840} INFO - DAG(s) 'dag_run' retrieved from /opt/airflow/dags/dag_run.py
[2024-03-21T15:54:28.607+0000] {logging_mixin.py:188} INFO - [2024-03-21T15:54:28.607+0000] {dag.py:3047} INFO - Sync 1 DAGs
[2024-03-21T15:54:28.624+0000] {logging_mixin.py:188} INFO - [2024-03-21T15:54:28.624+0000] {dag.py:3834} INFO - Setting next_dagrun for dag_run to None, run_after=None
[2024-03-21T15:54:28.642+0000] {processor.py:183} INFO - Processing /opt/airflow/dags/dag_run.py took 0.072 seconds
[2024-03-21T15:54:58.818+0000] {processor.py:161} INFO - Started process (PID=244) to work on /opt/airflow/dags/dag_run.py
[2024-03-21T15:54:58.819+0000] {processor.py:830} INFO - Processing file /opt/airflow/dags/dag_run.py for tasks to queue
[2024-03-21T15:54:58.820+0000] {logging_mixin.py:188} INFO - [2024-03-21T15:54:58.819+0000] {dagbag.py:540} INFO - Filling up the DagBag from /opt/airflow/dags/dag_run.py
[2024-03-21T15:54:58.830+0000] {processor.py:840} INFO - DAG(s) 'dag_run' retrieved from /opt/airflow/dags/dag_run.py
[2024-03-21T15:54:58.858+0000] {logging_mixin.py:188} INFO - [2024-03-21T15:54:58.858+0000] {dag.py:3047} INFO - Sync 1 DAGs
[2024-03-21T15:54:58.873+0000] {logging_mixin.py:188} INFO - [2024-03-21T15:54:58.873+0000] {dag.py:3834} INFO - Setting next_dagrun for dag_run to None, run_after=None
[2024-03-21T15:54:58.889+0000] {processor.py:183} INFO - Processing /opt/airflow/dags/dag_run.py took 0.073 seconds
[2024-03-21T15:55:29.076+0000] {processor.py:161} INFO - Started process (PID=264) to work on /opt/airflow/dags/dag_run.py
[2024-03-21T15:55:29.077+0000] {processor.py:830} INFO - Processing file /opt/airflow/dags/dag_run.py for tasks to queue
[2024-03-21T15:55:29.079+0000] {logging_mixin.py:188} INFO - [2024-03-21T15:55:29.078+0000] {dagbag.py:540} INFO - Filling up the DagBag from /opt/airflow/dags/dag_run.py
[2024-03-21T15:55:29.089+0000] {processor.py:840} INFO - DAG(s) 'dag_run' retrieved from /opt/airflow/dags/dag_run.py
[2024-03-21T15:55:29.110+0000] {logging_mixin.py:188} INFO - [2024-03-21T15:55:29.110+0000] {dag.py:3047} INFO - Sync 1 DAGs
[2024-03-21T15:55:29.128+0000] {logging_mixin.py:188} INFO - [2024-03-21T15:55:29.128+0000] {dag.py:3834} INFO - Setting next_dagrun for dag_run to None, run_after=None
[2024-03-21T15:55:29.145+0000] {processor.py:183} INFO - Processing /opt/airflow/dags/dag_run.py took 0.071 seconds
[2024-03-21T15:55:59.233+0000] {processor.py:161} INFO - Started process (PID=284) to work on /opt/airflow/dags/dag_run.py
[2024-03-21T15:55:59.234+0000] {processor.py:830} INFO - Processing file /opt/airflow/dags/dag_run.py for tasks to queue
[2024-03-21T15:55:59.235+0000] {logging_mixin.py:188} INFO - [2024-03-21T15:55:59.235+0000] {dagbag.py:540} INFO - Filling up the DagBag from /opt/airflow/dags/dag_run.py
[2024-03-21T15:55:59.247+0000] {processor.py:840} INFO - DAG(s) 'dag_run' retrieved from /opt/airflow/dags/dag_run.py
[2024-03-21T15:55:59.273+0000] {logging_mixin.py:188} INFO - [2024-03-21T15:55:59.273+0000] {dag.py:3047} INFO - Sync 1 DAGs
[2024-03-21T15:55:59.290+0000] {logging_mixin.py:188} INFO - [2024-03-21T15:55:59.290+0000] {dag.py:3834} INFO - Setting next_dagrun for dag_run to None, run_after=None
[2024-03-21T15:55:59.308+0000] {processor.py:183} INFO - Processing /opt/airflow/dags/dag_run.py took 0.076 seconds
[2024-03-21T15:56:29.532+0000] {processor.py:161} INFO - Started process (PID=305) to work on /opt/airflow/dags/dag_run.py
[2024-03-21T15:56:29.533+0000] {processor.py:830} INFO - Processing file /opt/airflow/dags/dag_run.py for tasks to queue
[2024-03-21T15:56:29.535+0000] {logging_mixin.py:188} INFO - [2024-03-21T15:56:29.535+0000] {dagbag.py:540} INFO - Filling up the DagBag from /opt/airflow/dags/dag_run.py
[2024-03-21T15:56:29.550+0000] {processor.py:840} INFO - DAG(s) 'dag_run' retrieved from /opt/airflow/dags/dag_run.py
[2024-03-21T15:56:29.574+0000] {logging_mixin.py:188} INFO - [2024-03-21T15:56:29.574+0000] {dag.py:3047} INFO - Sync 1 DAGs
[2024-03-21T15:56:29.590+0000] {logging_mixin.py:188} INFO - [2024-03-21T15:56:29.590+0000] {dag.py:3834} INFO - Setting next_dagrun for dag_run to None, run_after=None
[2024-03-21T15:56:29.606+0000] {processor.py:183} INFO - Processing /opt/airflow/dags/dag_run.py took 0.076 seconds
[2024-03-21T15:56:59.757+0000] {processor.py:161} INFO - Started process (PID=325) to work on /opt/airflow/dags/dag_run.py
[2024-03-21T15:56:59.758+0000] {processor.py:830} INFO - Processing file /opt/airflow/dags/dag_run.py for tasks to queue
[2024-03-21T15:56:59.759+0000] {logging_mixin.py:188} INFO - [2024-03-21T15:56:59.759+0000] {dagbag.py:540} INFO - Filling up the DagBag from /opt/airflow/dags/dag_run.py
[2024-03-21T15:56:59.768+0000] {processor.py:840} INFO - DAG(s) 'dag_run' retrieved from /opt/airflow/dags/dag_run.py
[2024-03-21T15:56:59.789+0000] {logging_mixin.py:188} INFO - [2024-03-21T15:56:59.789+0000] {dag.py:3047} INFO - Sync 1 DAGs
[2024-03-21T15:56:59.804+0000] {logging_mixin.py:188} INFO - [2024-03-21T15:56:59.804+0000] {dag.py:3834} INFO - Setting next_dagrun for dag_run to None, run_after=None
[2024-03-21T15:56:59.817+0000] {processor.py:183} INFO - Processing /opt/airflow/dags/dag_run.py took 0.062 seconds
[2024-03-21T15:57:29.998+0000] {processor.py:161} INFO - Started process (PID=345) to work on /opt/airflow/dags/dag_run.py
[2024-03-21T15:57:29.999+0000] {processor.py:830} INFO - Processing file /opt/airflow/dags/dag_run.py for tasks to queue
[2024-03-21T15:57:30.000+0000] {logging_mixin.py:188} INFO - [2024-03-21T15:57:30.000+0000] {dagbag.py:540} INFO - Filling up the DagBag from /opt/airflow/dags/dag_run.py
[2024-03-21T15:57:30.014+0000] {processor.py:840} INFO - DAG(s) 'dag_run' retrieved from /opt/airflow/dags/dag_run.py
[2024-03-21T15:57:30.037+0000] {logging_mixin.py:188} INFO - [2024-03-21T15:57:30.036+0000] {dag.py:3047} INFO - Sync 1 DAGs
[2024-03-21T15:57:30.053+0000] {logging_mixin.py:188} INFO - [2024-03-21T15:57:30.053+0000] {dag.py:3834} INFO - Setting next_dagrun for dag_run to None, run_after=None
[2024-03-21T15:57:30.067+0000] {processor.py:183} INFO - Processing /opt/airflow/dags/dag_run.py took 0.071 seconds
[2024-03-21T15:58:00.266+0000] {processor.py:161} INFO - Started process (PID=365) to work on /opt/airflow/dags/dag_run.py
[2024-03-21T15:58:00.267+0000] {processor.py:830} INFO - Processing file /opt/airflow/dags/dag_run.py for tasks to queue
[2024-03-21T15:58:00.268+0000] {logging_mixin.py:188} INFO - [2024-03-21T15:58:00.268+0000] {dagbag.py:540} INFO - Filling up the DagBag from /opt/airflow/dags/dag_run.py
[2024-03-21T15:58:00.279+0000] {processor.py:840} INFO - DAG(s) 'dag_run' retrieved from /opt/airflow/dags/dag_run.py
[2024-03-21T15:58:00.300+0000] {logging_mixin.py:188} INFO - [2024-03-21T15:58:00.300+0000] {dag.py:3047} INFO - Sync 1 DAGs
[2024-03-21T15:58:00.316+0000] {logging_mixin.py:188} INFO - [2024-03-21T15:58:00.316+0000] {dag.py:3834} INFO - Setting next_dagrun for dag_run to None, run_after=None
[2024-03-21T15:58:00.329+0000] {processor.py:183} INFO - Processing /opt/airflow/dags/dag_run.py took 0.065 seconds
[2024-03-21T15:58:30.441+0000] {processor.py:161} INFO - Started process (PID=385) to work on /opt/airflow/dags/dag_run.py
[2024-03-21T15:58:30.442+0000] {processor.py:830} INFO - Processing file /opt/airflow/dags/dag_run.py for tasks to queue
[2024-03-21T15:58:30.443+0000] {logging_mixin.py:188} INFO - [2024-03-21T15:58:30.443+0000] {dagbag.py:540} INFO - Filling up the DagBag from /opt/airflow/dags/dag_run.py
[2024-03-21T15:58:30.457+0000] {processor.py:840} INFO - DAG(s) 'dag_run' retrieved from /opt/airflow/dags/dag_run.py
[2024-03-21T15:58:30.481+0000] {logging_mixin.py:188} INFO - [2024-03-21T15:58:30.481+0000] {dag.py:3047} INFO - Sync 1 DAGs
[2024-03-21T15:58:30.497+0000] {logging_mixin.py:188} INFO - [2024-03-21T15:58:30.497+0000] {dag.py:3834} INFO - Setting next_dagrun for dag_run to None, run_after=None
[2024-03-21T15:58:30.510+0000] {processor.py:183} INFO - Processing /opt/airflow/dags/dag_run.py took 0.071 seconds
[2024-03-21T15:59:00.847+0000] {processor.py:161} INFO - Started process (PID=405) to work on /opt/airflow/dags/dag_run.py
[2024-03-21T15:59:00.848+0000] {processor.py:830} INFO - Processing file /opt/airflow/dags/dag_run.py for tasks to queue
[2024-03-21T15:59:00.849+0000] {logging_mixin.py:188} INFO - [2024-03-21T15:59:00.849+0000] {dagbag.py:540} INFO - Filling up the DagBag from /opt/airflow/dags/dag_run.py
[2024-03-21T15:59:00.859+0000] {processor.py:840} INFO - DAG(s) 'dag_run' retrieved from /opt/airflow/dags/dag_run.py
[2024-03-21T15:59:00.884+0000] {logging_mixin.py:188} INFO - [2024-03-21T15:59:00.884+0000] {dag.py:3047} INFO - Sync 1 DAGs
[2024-03-21T15:59:00.903+0000] {logging_mixin.py:188} INFO - [2024-03-21T15:59:00.903+0000] {dag.py:3834} INFO - Setting next_dagrun for dag_run to None, run_after=None
[2024-03-21T15:59:00.917+0000] {processor.py:183} INFO - Processing /opt/airflow/dags/dag_run.py took 0.072 seconds
[2024-03-21T15:59:31.284+0000] {processor.py:161} INFO - Started process (PID=427) to work on /opt/airflow/dags/dag_run.py
[2024-03-21T15:59:31.285+0000] {processor.py:830} INFO - Processing file /opt/airflow/dags/dag_run.py for tasks to queue
[2024-03-21T15:59:31.287+0000] {logging_mixin.py:188} INFO - [2024-03-21T15:59:31.286+0000] {dagbag.py:540} INFO - Filling up the DagBag from /opt/airflow/dags/dag_run.py
[2024-03-21T15:59:31.300+0000] {processor.py:840} INFO - DAG(s) 'dag_run' retrieved from /opt/airflow/dags/dag_run.py
[2024-03-21T15:59:31.327+0000] {logging_mixin.py:188} INFO - [2024-03-21T15:59:31.326+0000] {dag.py:3047} INFO - Sync 1 DAGs
[2024-03-21T15:59:31.346+0000] {logging_mixin.py:188} INFO - [2024-03-21T15:59:31.345+0000] {dag.py:3834} INFO - Setting next_dagrun for dag_run to None, run_after=None
[2024-03-21T15:59:31.368+0000] {processor.py:183} INFO - Processing /opt/airflow/dags/dag_run.py took 0.087 seconds
[2024-03-21T16:00:01.526+0000] {processor.py:161} INFO - Started process (PID=447) to work on /opt/airflow/dags/dag_run.py
[2024-03-21T16:00:01.527+0000] {processor.py:830} INFO - Processing file /opt/airflow/dags/dag_run.py for tasks to queue
[2024-03-21T16:00:01.528+0000] {logging_mixin.py:188} INFO - [2024-03-21T16:00:01.528+0000] {dagbag.py:540} INFO - Filling up the DagBag from /opt/airflow/dags/dag_run.py
[2024-03-21T16:00:01.544+0000] {processor.py:840} INFO - DAG(s) 'dag_run' retrieved from /opt/airflow/dags/dag_run.py
[2024-03-21T16:00:01.569+0000] {logging_mixin.py:188} INFO - [2024-03-21T16:00:01.569+0000] {dag.py:3047} INFO - Sync 1 DAGs
[2024-03-21T16:00:01.587+0000] {logging_mixin.py:188} INFO - [2024-03-21T16:00:01.587+0000] {dag.py:3834} INFO - Setting next_dagrun for dag_run to None, run_after=None
[2024-03-21T16:00:01.604+0000] {processor.py:183} INFO - Processing /opt/airflow/dags/dag_run.py took 0.081 seconds
[2024-03-21T16:00:31.786+0000] {processor.py:161} INFO - Started process (PID=467) to work on /opt/airflow/dags/dag_run.py
[2024-03-21T16:00:31.786+0000] {processor.py:830} INFO - Processing file /opt/airflow/dags/dag_run.py for tasks to queue
[2024-03-21T16:00:31.787+0000] {logging_mixin.py:188} INFO - [2024-03-21T16:00:31.787+0000] {dagbag.py:540} INFO - Filling up the DagBag from /opt/airflow/dags/dag_run.py
[2024-03-21T16:00:31.799+0000] {processor.py:840} INFO - DAG(s) 'dag_run' retrieved from /opt/airflow/dags/dag_run.py
[2024-03-21T16:00:31.820+0000] {logging_mixin.py:188} INFO - [2024-03-21T16:00:31.820+0000] {dag.py:3047} INFO - Sync 1 DAGs
[2024-03-21T16:00:31.836+0000] {logging_mixin.py:188} INFO - [2024-03-21T16:00:31.835+0000] {dag.py:3834} INFO - Setting next_dagrun for dag_run to None, run_after=None
[2024-03-21T16:00:31.855+0000] {processor.py:183} INFO - Processing /opt/airflow/dags/dag_run.py took 0.071 seconds
[2024-03-21T16:01:02.072+0000] {processor.py:161} INFO - Started process (PID=488) to work on /opt/airflow/dags/dag_run.py
[2024-03-21T16:01:02.073+0000] {processor.py:830} INFO - Processing file /opt/airflow/dags/dag_run.py for tasks to queue
[2024-03-21T16:01:02.075+0000] {logging_mixin.py:188} INFO - [2024-03-21T16:01:02.074+0000] {dagbag.py:540} INFO - Filling up the DagBag from /opt/airflow/dags/dag_run.py
[2024-03-21T16:01:02.090+0000] {processor.py:840} INFO - DAG(s) 'dag_run' retrieved from /opt/airflow/dags/dag_run.py
[2024-03-21T16:01:02.115+0000] {logging_mixin.py:188} INFO - [2024-03-21T16:01:02.115+0000] {dag.py:3047} INFO - Sync 1 DAGs
[2024-03-21T16:01:02.133+0000] {logging_mixin.py:188} INFO - [2024-03-21T16:01:02.133+0000] {dag.py:3834} INFO - Setting next_dagrun for dag_run to None, run_after=None
[2024-03-21T16:01:02.146+0000] {processor.py:183} INFO - Processing /opt/airflow/dags/dag_run.py took 0.077 seconds
[2024-03-21T16:01:32.187+0000] {processor.py:161} INFO - Started process (PID=508) to work on /opt/airflow/dags/dag_run.py
[2024-03-21T16:01:32.188+0000] {processor.py:830} INFO - Processing file /opt/airflow/dags/dag_run.py for tasks to queue
[2024-03-21T16:01:32.189+0000] {logging_mixin.py:188} INFO - [2024-03-21T16:01:32.189+0000] {dagbag.py:540} INFO - Filling up the DagBag from /opt/airflow/dags/dag_run.py
[2024-03-21T16:01:32.202+0000] {processor.py:840} INFO - DAG(s) 'dag_run' retrieved from /opt/airflow/dags/dag_run.py
[2024-03-21T16:01:32.225+0000] {logging_mixin.py:188} INFO - [2024-03-21T16:01:32.225+0000] {dag.py:3047} INFO - Sync 1 DAGs
[2024-03-21T16:01:32.244+0000] {logging_mixin.py:188} INFO - [2024-03-21T16:01:32.244+0000] {dag.py:3834} INFO - Setting next_dagrun for dag_run to None, run_after=None
[2024-03-21T16:01:32.263+0000] {processor.py:183} INFO - Processing /opt/airflow/dags/dag_run.py took 0.078 seconds
[2024-03-21T16:02:02.534+0000] {processor.py:161} INFO - Started process (PID=528) to work on /opt/airflow/dags/dag_run.py
[2024-03-21T16:02:02.535+0000] {processor.py:830} INFO - Processing file /opt/airflow/dags/dag_run.py for tasks to queue
[2024-03-21T16:02:02.536+0000] {logging_mixin.py:188} INFO - [2024-03-21T16:02:02.536+0000] {dagbag.py:540} INFO - Filling up the DagBag from /opt/airflow/dags/dag_run.py
[2024-03-21T16:02:02.547+0000] {processor.py:840} INFO - DAG(s) 'dag_run' retrieved from /opt/airflow/dags/dag_run.py
[2024-03-21T16:02:02.566+0000] {logging_mixin.py:188} INFO - [2024-03-21T16:02:02.566+0000] {dag.py:3047} INFO - Sync 1 DAGs
[2024-03-21T16:02:02.583+0000] {logging_mixin.py:188} INFO - [2024-03-21T16:02:02.583+0000] {dag.py:3834} INFO - Setting next_dagrun for dag_run to None, run_after=None
[2024-03-21T16:02:02.600+0000] {processor.py:183} INFO - Processing /opt/airflow/dags/dag_run.py took 0.068 seconds
[2024-03-21T16:02:32.826+0000] {processor.py:161} INFO - Started process (PID=548) to work on /opt/airflow/dags/dag_run.py
[2024-03-21T16:02:32.827+0000] {processor.py:830} INFO - Processing file /opt/airflow/dags/dag_run.py for tasks to queue
[2024-03-21T16:02:32.829+0000] {logging_mixin.py:188} INFO - [2024-03-21T16:02:32.829+0000] {dagbag.py:540} INFO - Filling up the DagBag from /opt/airflow/dags/dag_run.py
[2024-03-21T16:02:32.842+0000] {processor.py:840} INFO - DAG(s) 'dag_run' retrieved from /opt/airflow/dags/dag_run.py
[2024-03-21T16:02:32.863+0000] {logging_mixin.py:188} INFO - [2024-03-21T16:02:32.863+0000] {dag.py:3047} INFO - Sync 1 DAGs
[2024-03-21T16:02:32.878+0000] {logging_mixin.py:188} INFO - [2024-03-21T16:02:32.878+0000] {dag.py:3834} INFO - Setting next_dagrun for dag_run to None, run_after=None
[2024-03-21T16:02:32.890+0000] {processor.py:183} INFO - Processing /opt/airflow/dags/dag_run.py took 0.066 seconds
[2024-03-21T16:03:03.094+0000] {processor.py:161} INFO - Started process (PID=568) to work on /opt/airflow/dags/dag_run.py
[2024-03-21T16:03:03.095+0000] {processor.py:830} INFO - Processing file /opt/airflow/dags/dag_run.py for tasks to queue
[2024-03-21T16:03:03.096+0000] {logging_mixin.py:188} INFO - [2024-03-21T16:03:03.096+0000] {dagbag.py:540} INFO - Filling up the DagBag from /opt/airflow/dags/dag_run.py
[2024-03-21T16:03:03.109+0000] {processor.py:840} INFO - DAG(s) 'dag_run' retrieved from /opt/airflow/dags/dag_run.py
[2024-03-21T16:03:03.131+0000] {logging_mixin.py:188} INFO - [2024-03-21T16:03:03.131+0000] {dag.py:3047} INFO - Sync 1 DAGs
[2024-03-21T16:03:03.146+0000] {logging_mixin.py:188} INFO - [2024-03-21T16:03:03.146+0000] {dag.py:3834} INFO - Setting next_dagrun for dag_run to None, run_after=None
[2024-03-21T16:03:03.159+0000] {processor.py:183} INFO - Processing /opt/airflow/dags/dag_run.py took 0.067 seconds
[2024-03-21T16:03:33.276+0000] {processor.py:161} INFO - Started process (PID=588) to work on /opt/airflow/dags/dag_run.py
[2024-03-21T16:03:33.276+0000] {processor.py:830} INFO - Processing file /opt/airflow/dags/dag_run.py for tasks to queue
[2024-03-21T16:03:33.278+0000] {logging_mixin.py:188} INFO - [2024-03-21T16:03:33.278+0000] {dagbag.py:540} INFO - Filling up the DagBag from /opt/airflow/dags/dag_run.py
[2024-03-21T16:03:33.292+0000] {processor.py:840} INFO - DAG(s) 'dag_run' retrieved from /opt/airflow/dags/dag_run.py
[2024-03-21T16:03:33.323+0000] {logging_mixin.py:188} INFO - [2024-03-21T16:03:33.323+0000] {dag.py:3047} INFO - Sync 1 DAGs
[2024-03-21T16:03:33.343+0000] {logging_mixin.py:188} INFO - [2024-03-21T16:03:33.343+0000] {dag.py:3834} INFO - Setting next_dagrun for dag_run to None, run_after=None
[2024-03-21T16:03:33.358+0000] {processor.py:183} INFO - Processing /opt/airflow/dags/dag_run.py took 0.084 seconds
[2024-03-21T16:04:03.529+0000] {processor.py:161} INFO - Started process (PID=608) to work on /opt/airflow/dags/dag_run.py
[2024-03-21T16:04:03.529+0000] {processor.py:830} INFO - Processing file /opt/airflow/dags/dag_run.py for tasks to queue
[2024-03-21T16:04:03.530+0000] {logging_mixin.py:188} INFO - [2024-03-21T16:04:03.530+0000] {dagbag.py:540} INFO - Filling up the DagBag from /opt/airflow/dags/dag_run.py
[2024-03-21T16:04:03.548+0000] {processor.py:840} INFO - DAG(s) 'dag_run' retrieved from /opt/airflow/dags/dag_run.py
[2024-03-21T16:04:03.567+0000] {logging_mixin.py:188} INFO - [2024-03-21T16:04:03.566+0000] {dag.py:3047} INFO - Sync 1 DAGs
[2024-03-21T16:04:03.581+0000] {logging_mixin.py:188} INFO - [2024-03-21T16:04:03.581+0000] {dag.py:3834} INFO - Setting next_dagrun for dag_run to None, run_after=None
[2024-03-21T16:04:03.598+0000] {processor.py:183} INFO - Processing /opt/airflow/dags/dag_run.py took 0.071 seconds
