[2024-03-21T15:48:48.337+0000] {processor.py:161} INFO - Started process (PID=48) to work on /opt/airflow/dags/deferrable_operator.py
[2024-03-21T15:48:48.338+0000] {processor.py:830} INFO - Processing file /opt/airflow/dags/deferrable_operator.py for tasks to queue
[2024-03-21T15:48:48.339+0000] {logging_mixin.py:188} INFO - [2024-03-21T15:48:48.339+0000] {dagbag.py:540} INFO - Filling up the DagBag from /opt/airflow/dags/deferrable_operator.py
[2024-03-21T15:48:48.352+0000] {processor.py:840} INFO - DAG(s) 'deferrable_operator' retrieved from /opt/airflow/dags/deferrable_operator.py
[2024-03-21T15:48:48.384+0000] {logging_mixin.py:188} INFO - [2024-03-21T15:48:48.384+0000] {dag.py:3047} INFO - Sync 1 DAGs
[2024-03-21T15:48:48.399+0000] {logging_mixin.py:188} INFO - [2024-03-21T15:48:48.399+0000] {dag.py:3834} INFO - Setting next_dagrun for deferrable_operator to None, run_after=None
[2024-03-21T15:48:48.421+0000] {processor.py:183} INFO - Processing /opt/airflow/dags/deferrable_operator.py took 0.086 seconds
[2024-03-21T15:49:18.637+0000] {processor.py:161} INFO - Started process (PID=70) to work on /opt/airflow/dags/deferrable_operator.py
[2024-03-21T15:49:18.638+0000] {processor.py:830} INFO - Processing file /opt/airflow/dags/deferrable_operator.py for tasks to queue
[2024-03-21T15:49:18.639+0000] {logging_mixin.py:188} INFO - [2024-03-21T15:49:18.638+0000] {dagbag.py:540} INFO - Filling up the DagBag from /opt/airflow/dags/deferrable_operator.py
[2024-03-21T15:49:18.650+0000] {processor.py:840} INFO - DAG(s) 'deferrable_operator' retrieved from /opt/airflow/dags/deferrable_operator.py
[2024-03-21T15:49:18.672+0000] {logging_mixin.py:188} INFO - [2024-03-21T15:49:18.672+0000] {dag.py:3047} INFO - Sync 1 DAGs
[2024-03-21T15:49:18.685+0000] {logging_mixin.py:188} INFO - [2024-03-21T15:49:18.685+0000] {dag.py:3834} INFO - Setting next_dagrun for deferrable_operator to None, run_after=None
[2024-03-21T15:49:18.700+0000] {processor.py:183} INFO - Processing /opt/airflow/dags/deferrable_operator.py took 0.065 seconds
[2024-03-21T15:49:55.574+0000] {processor.py:161} INFO - Started process (PID=48) to work on /opt/airflow/dags/deferrable_operator.py
[2024-03-21T15:49:55.575+0000] {processor.py:830} INFO - Processing file /opt/airflow/dags/deferrable_operator.py for tasks to queue
[2024-03-21T15:49:55.576+0000] {logging_mixin.py:188} INFO - [2024-03-21T15:49:55.575+0000] {dagbag.py:540} INFO - Filling up the DagBag from /opt/airflow/dags/deferrable_operator.py
[2024-03-21T15:49:55.586+0000] {processor.py:840} INFO - DAG(s) 'deferrable_operator' retrieved from /opt/airflow/dags/deferrable_operator.py
[2024-03-21T15:49:55.648+0000] {logging_mixin.py:188} INFO - [2024-03-21T15:49:55.648+0000] {dag.py:3047} INFO - Sync 1 DAGs
[2024-03-21T15:49:55.655+0000] {logging_mixin.py:188} INFO - [2024-03-21T15:49:55.655+0000] {dag.py:3834} INFO - Setting next_dagrun for deferrable_operator to None, run_after=None
[2024-03-21T15:49:55.681+0000] {processor.py:183} INFO - Processing /opt/airflow/dags/deferrable_operator.py took 0.109 seconds
[2024-03-21T15:50:26.041+0000] {processor.py:161} INFO - Started process (PID=69) to work on /opt/airflow/dags/deferrable_operator.py
[2024-03-21T15:50:26.042+0000] {processor.py:830} INFO - Processing file /opt/airflow/dags/deferrable_operator.py for tasks to queue
[2024-03-21T15:50:26.043+0000] {logging_mixin.py:188} INFO - [2024-03-21T15:50:26.043+0000] {dagbag.py:540} INFO - Filling up the DagBag from /opt/airflow/dags/deferrable_operator.py
[2024-03-21T15:50:26.053+0000] {processor.py:840} INFO - DAG(s) 'deferrable_operator' retrieved from /opt/airflow/dags/deferrable_operator.py
[2024-03-21T15:50:26.081+0000] {logging_mixin.py:188} INFO - [2024-03-21T15:50:26.081+0000] {dag.py:3047} INFO - Sync 1 DAGs
[2024-03-21T15:50:26.091+0000] {logging_mixin.py:188} INFO - [2024-03-21T15:50:26.090+0000] {dag.py:3834} INFO - Setting next_dagrun for deferrable_operator to None, run_after=None
[2024-03-21T15:50:26.108+0000] {processor.py:183} INFO - Processing /opt/airflow/dags/deferrable_operator.py took 0.068 seconds
[2024-03-21T15:50:56.553+0000] {processor.py:161} INFO - Started process (PID=89) to work on /opt/airflow/dags/deferrable_operator.py
[2024-03-21T15:50:56.554+0000] {processor.py:830} INFO - Processing file /opt/airflow/dags/deferrable_operator.py for tasks to queue
[2024-03-21T15:50:56.555+0000] {logging_mixin.py:188} INFO - [2024-03-21T15:50:56.555+0000] {dagbag.py:540} INFO - Filling up the DagBag from /opt/airflow/dags/deferrable_operator.py
[2024-03-21T15:50:56.566+0000] {processor.py:840} INFO - DAG(s) 'deferrable_operator' retrieved from /opt/airflow/dags/deferrable_operator.py
[2024-03-21T15:50:56.585+0000] {logging_mixin.py:188} INFO - [2024-03-21T15:50:56.585+0000] {dag.py:3047} INFO - Sync 1 DAGs
[2024-03-21T15:50:56.594+0000] {logging_mixin.py:188} INFO - [2024-03-21T15:50:56.594+0000] {dag.py:3834} INFO - Setting next_dagrun for deferrable_operator to None, run_after=None
[2024-03-21T15:50:56.615+0000] {processor.py:183} INFO - Processing /opt/airflow/dags/deferrable_operator.py took 0.063 seconds
[2024-03-21T15:51:26.762+0000] {processor.py:161} INFO - Started process (PID=109) to work on /opt/airflow/dags/deferrable_operator.py
[2024-03-21T15:51:26.763+0000] {processor.py:830} INFO - Processing file /opt/airflow/dags/deferrable_operator.py for tasks to queue
[2024-03-21T15:51:26.764+0000] {logging_mixin.py:188} INFO - [2024-03-21T15:51:26.764+0000] {dagbag.py:540} INFO - Filling up the DagBag from /opt/airflow/dags/deferrable_operator.py
[2024-03-21T15:51:26.774+0000] {processor.py:840} INFO - DAG(s) 'deferrable_operator' retrieved from /opt/airflow/dags/deferrable_operator.py
[2024-03-21T15:51:26.794+0000] {logging_mixin.py:188} INFO - [2024-03-21T15:51:26.794+0000] {dag.py:3047} INFO - Sync 1 DAGs
[2024-03-21T15:51:26.802+0000] {logging_mixin.py:188} INFO - [2024-03-21T15:51:26.802+0000] {dag.py:3834} INFO - Setting next_dagrun for deferrable_operator to None, run_after=None
[2024-03-21T15:51:26.815+0000] {processor.py:183} INFO - Processing /opt/airflow/dags/deferrable_operator.py took 0.054 seconds
[2024-03-21T15:51:57.082+0000] {processor.py:161} INFO - Started process (PID=129) to work on /opt/airflow/dags/deferrable_operator.py
[2024-03-21T15:51:57.082+0000] {processor.py:830} INFO - Processing file /opt/airflow/dags/deferrable_operator.py for tasks to queue
[2024-03-21T15:51:57.083+0000] {logging_mixin.py:188} INFO - [2024-03-21T15:51:57.083+0000] {dagbag.py:540} INFO - Filling up the DagBag from /opt/airflow/dags/deferrable_operator.py
[2024-03-21T15:51:57.094+0000] {processor.py:840} INFO - DAG(s) 'deferrable_operator' retrieved from /opt/airflow/dags/deferrable_operator.py
[2024-03-21T15:51:57.120+0000] {logging_mixin.py:188} INFO - [2024-03-21T15:51:57.120+0000] {dag.py:3047} INFO - Sync 1 DAGs
[2024-03-21T15:51:57.129+0000] {logging_mixin.py:188} INFO - [2024-03-21T15:51:57.129+0000] {dag.py:3834} INFO - Setting next_dagrun for deferrable_operator to None, run_after=None
[2024-03-21T15:51:57.153+0000] {processor.py:183} INFO - Processing /opt/airflow/dags/deferrable_operator.py took 0.073 seconds
[2024-03-21T15:52:27.323+0000] {processor.py:161} INFO - Started process (PID=149) to work on /opt/airflow/dags/deferrable_operator.py
[2024-03-21T15:52:27.324+0000] {processor.py:830} INFO - Processing file /opt/airflow/dags/deferrable_operator.py for tasks to queue
[2024-03-21T15:52:27.325+0000] {logging_mixin.py:188} INFO - [2024-03-21T15:52:27.325+0000] {dagbag.py:540} INFO - Filling up the DagBag from /opt/airflow/dags/deferrable_operator.py
[2024-03-21T15:52:27.336+0000] {processor.py:840} INFO - DAG(s) 'deferrable_operator' retrieved from /opt/airflow/dags/deferrable_operator.py
[2024-03-21T15:52:27.365+0000] {logging_mixin.py:188} INFO - [2024-03-21T15:52:27.365+0000] {dag.py:3047} INFO - Sync 1 DAGs
[2024-03-21T15:52:27.374+0000] {logging_mixin.py:188} INFO - [2024-03-21T15:52:27.374+0000] {dag.py:3834} INFO - Setting next_dagrun for deferrable_operator to None, run_after=None
[2024-03-21T15:52:27.387+0000] {processor.py:183} INFO - Processing /opt/airflow/dags/deferrable_operator.py took 0.066 seconds
[2024-03-21T15:52:57.680+0000] {processor.py:161} INFO - Started process (PID=169) to work on /opt/airflow/dags/deferrable_operator.py
[2024-03-21T15:52:57.681+0000] {processor.py:830} INFO - Processing file /opt/airflow/dags/deferrable_operator.py for tasks to queue
[2024-03-21T15:52:57.682+0000] {logging_mixin.py:188} INFO - [2024-03-21T15:52:57.682+0000] {dagbag.py:540} INFO - Filling up the DagBag from /opt/airflow/dags/deferrable_operator.py
[2024-03-21T15:52:57.694+0000] {processor.py:840} INFO - DAG(s) 'deferrable_operator' retrieved from /opt/airflow/dags/deferrable_operator.py
[2024-03-21T15:52:57.714+0000] {logging_mixin.py:188} INFO - [2024-03-21T15:52:57.714+0000] {dag.py:3047} INFO - Sync 1 DAGs
[2024-03-21T15:52:57.723+0000] {logging_mixin.py:188} INFO - [2024-03-21T15:52:57.723+0000] {dag.py:3834} INFO - Setting next_dagrun for deferrable_operator to None, run_after=None
[2024-03-21T15:52:57.742+0000] {processor.py:183} INFO - Processing /opt/airflow/dags/deferrable_operator.py took 0.063 seconds
[2024-03-21T15:53:28.063+0000] {processor.py:161} INFO - Started process (PID=189) to work on /opt/airflow/dags/deferrable_operator.py
[2024-03-21T15:53:28.063+0000] {processor.py:830} INFO - Processing file /opt/airflow/dags/deferrable_operator.py for tasks to queue
[2024-03-21T15:53:28.065+0000] {logging_mixin.py:188} INFO - [2024-03-21T15:53:28.064+0000] {dagbag.py:540} INFO - Filling up the DagBag from /opt/airflow/dags/deferrable_operator.py
[2024-03-21T15:53:28.075+0000] {processor.py:840} INFO - DAG(s) 'deferrable_operator' retrieved from /opt/airflow/dags/deferrable_operator.py
[2024-03-21T15:53:28.099+0000] {logging_mixin.py:188} INFO - [2024-03-21T15:53:28.099+0000] {dag.py:3047} INFO - Sync 1 DAGs
[2024-03-21T15:53:28.109+0000] {logging_mixin.py:188} INFO - [2024-03-21T15:53:28.109+0000] {dag.py:3834} INFO - Setting next_dagrun for deferrable_operator to None, run_after=None
[2024-03-21T15:53:28.125+0000] {processor.py:183} INFO - Processing /opt/airflow/dags/deferrable_operator.py took 0.064 seconds
[2024-03-21T15:53:58.528+0000] {processor.py:161} INFO - Started process (PID=209) to work on /opt/airflow/dags/deferrable_operator.py
[2024-03-21T15:53:58.529+0000] {processor.py:830} INFO - Processing file /opt/airflow/dags/deferrable_operator.py for tasks to queue
[2024-03-21T15:53:58.530+0000] {logging_mixin.py:188} INFO - [2024-03-21T15:53:58.530+0000] {dagbag.py:540} INFO - Filling up the DagBag from /opt/airflow/dags/deferrable_operator.py
[2024-03-21T15:53:58.541+0000] {processor.py:840} INFO - DAG(s) 'deferrable_operator' retrieved from /opt/airflow/dags/deferrable_operator.py
[2024-03-21T15:53:58.564+0000] {logging_mixin.py:188} INFO - [2024-03-21T15:53:58.564+0000] {dag.py:3047} INFO - Sync 1 DAGs
[2024-03-21T15:53:58.574+0000] {logging_mixin.py:188} INFO - [2024-03-21T15:53:58.573+0000] {dag.py:3834} INFO - Setting next_dagrun for deferrable_operator to None, run_after=None
[2024-03-21T15:53:58.595+0000] {processor.py:183} INFO - Processing /opt/airflow/dags/deferrable_operator.py took 0.068 seconds
[2024-03-21T15:54:28.788+0000] {processor.py:161} INFO - Started process (PID=229) to work on /opt/airflow/dags/deferrable_operator.py
[2024-03-21T15:54:28.789+0000] {processor.py:830} INFO - Processing file /opt/airflow/dags/deferrable_operator.py for tasks to queue
[2024-03-21T15:54:28.790+0000] {logging_mixin.py:188} INFO - [2024-03-21T15:54:28.790+0000] {dagbag.py:540} INFO - Filling up the DagBag from /opt/airflow/dags/deferrable_operator.py
[2024-03-21T15:54:28.801+0000] {processor.py:840} INFO - DAG(s) 'deferrable_operator' retrieved from /opt/airflow/dags/deferrable_operator.py
[2024-03-21T15:54:28.824+0000] {logging_mixin.py:188} INFO - [2024-03-21T15:54:28.824+0000] {dag.py:3047} INFO - Sync 1 DAGs
[2024-03-21T15:54:28.833+0000] {logging_mixin.py:188} INFO - [2024-03-21T15:54:28.833+0000] {dag.py:3834} INFO - Setting next_dagrun for deferrable_operator to None, run_after=None
[2024-03-21T15:54:28.856+0000] {processor.py:183} INFO - Processing /opt/airflow/dags/deferrable_operator.py took 0.070 seconds
[2024-03-21T15:54:59.119+0000] {processor.py:161} INFO - Started process (PID=249) to work on /opt/airflow/dags/deferrable_operator.py
[2024-03-21T15:54:59.119+0000] {processor.py:830} INFO - Processing file /opt/airflow/dags/deferrable_operator.py for tasks to queue
[2024-03-21T15:54:59.121+0000] {logging_mixin.py:188} INFO - [2024-03-21T15:54:59.120+0000] {dagbag.py:540} INFO - Filling up the DagBag from /opt/airflow/dags/deferrable_operator.py
[2024-03-21T15:54:59.131+0000] {processor.py:840} INFO - DAG(s) 'deferrable_operator' retrieved from /opt/airflow/dags/deferrable_operator.py
[2024-03-21T15:54:59.154+0000] {logging_mixin.py:188} INFO - [2024-03-21T15:54:59.154+0000] {dag.py:3047} INFO - Sync 1 DAGs
[2024-03-21T15:54:59.163+0000] {logging_mixin.py:188} INFO - [2024-03-21T15:54:59.163+0000] {dag.py:3834} INFO - Setting next_dagrun for deferrable_operator to None, run_after=None
[2024-03-21T15:54:59.177+0000] {processor.py:183} INFO - Processing /opt/airflow/dags/deferrable_operator.py took 0.061 seconds
[2024-03-21T15:55:29.277+0000] {processor.py:161} INFO - Started process (PID=269) to work on /opt/airflow/dags/deferrable_operator.py
[2024-03-21T15:55:29.277+0000] {processor.py:830} INFO - Processing file /opt/airflow/dags/deferrable_operator.py for tasks to queue
[2024-03-21T15:55:29.278+0000] {logging_mixin.py:188} INFO - [2024-03-21T15:55:29.278+0000] {dagbag.py:540} INFO - Filling up the DagBag from /opt/airflow/dags/deferrable_operator.py
[2024-03-21T15:55:29.290+0000] {processor.py:840} INFO - DAG(s) 'deferrable_operator' retrieved from /opt/airflow/dags/deferrable_operator.py
[2024-03-21T15:55:29.314+0000] {logging_mixin.py:188} INFO - [2024-03-21T15:55:29.314+0000] {dag.py:3047} INFO - Sync 1 DAGs
[2024-03-21T15:55:29.323+0000] {logging_mixin.py:188} INFO - [2024-03-21T15:55:29.323+0000] {dag.py:3834} INFO - Setting next_dagrun for deferrable_operator to None, run_after=None
[2024-03-21T15:55:29.342+0000] {processor.py:183} INFO - Processing /opt/airflow/dags/deferrable_operator.py took 0.068 seconds
[2024-03-21T15:55:59.531+0000] {processor.py:161} INFO - Started process (PID=289) to work on /opt/airflow/dags/deferrable_operator.py
[2024-03-21T15:55:59.531+0000] {processor.py:830} INFO - Processing file /opt/airflow/dags/deferrable_operator.py for tasks to queue
[2024-03-21T15:55:59.532+0000] {logging_mixin.py:188} INFO - [2024-03-21T15:55:59.532+0000] {dagbag.py:540} INFO - Filling up the DagBag from /opt/airflow/dags/deferrable_operator.py
[2024-03-21T15:55:59.543+0000] {processor.py:840} INFO - DAG(s) 'deferrable_operator' retrieved from /opt/airflow/dags/deferrable_operator.py
[2024-03-21T15:55:59.564+0000] {logging_mixin.py:188} INFO - [2024-03-21T15:55:59.564+0000] {dag.py:3047} INFO - Sync 1 DAGs
[2024-03-21T15:55:59.577+0000] {logging_mixin.py:188} INFO - [2024-03-21T15:55:59.577+0000] {dag.py:3834} INFO - Setting next_dagrun for deferrable_operator to None, run_after=None
[2024-03-21T15:55:59.593+0000] {processor.py:183} INFO - Processing /opt/airflow/dags/deferrable_operator.py took 0.064 seconds
[2024-03-21T15:56:29.740+0000] {processor.py:161} INFO - Started process (PID=310) to work on /opt/airflow/dags/deferrable_operator.py
[2024-03-21T15:56:29.741+0000] {processor.py:830} INFO - Processing file /opt/airflow/dags/deferrable_operator.py for tasks to queue
[2024-03-21T15:56:29.742+0000] {logging_mixin.py:188} INFO - [2024-03-21T15:56:29.742+0000] {dagbag.py:540} INFO - Filling up the DagBag from /opt/airflow/dags/deferrable_operator.py
[2024-03-21T15:56:29.754+0000] {processor.py:840} INFO - DAG(s) 'deferrable_operator' retrieved from /opt/airflow/dags/deferrable_operator.py
[2024-03-21T15:56:29.774+0000] {logging_mixin.py:188} INFO - [2024-03-21T15:56:29.774+0000] {dag.py:3047} INFO - Sync 1 DAGs
[2024-03-21T15:56:29.783+0000] {logging_mixin.py:188} INFO - [2024-03-21T15:56:29.782+0000] {dag.py:3834} INFO - Setting next_dagrun for deferrable_operator to None, run_after=None
[2024-03-21T15:56:29.810+0000] {processor.py:183} INFO - Processing /opt/airflow/dags/deferrable_operator.py took 0.071 seconds
[2024-03-21T15:57:00.039+0000] {processor.py:161} INFO - Started process (PID=330) to work on /opt/airflow/dags/deferrable_operator.py
[2024-03-21T15:57:00.040+0000] {processor.py:830} INFO - Processing file /opt/airflow/dags/deferrable_operator.py for tasks to queue
[2024-03-21T15:57:00.041+0000] {logging_mixin.py:188} INFO - [2024-03-21T15:57:00.040+0000] {dagbag.py:540} INFO - Filling up the DagBag from /opt/airflow/dags/deferrable_operator.py
[2024-03-21T15:57:00.053+0000] {processor.py:840} INFO - DAG(s) 'deferrable_operator' retrieved from /opt/airflow/dags/deferrable_operator.py
[2024-03-21T15:57:00.075+0000] {logging_mixin.py:188} INFO - [2024-03-21T15:57:00.075+0000] {dag.py:3047} INFO - Sync 1 DAGs
[2024-03-21T15:57:00.085+0000] {logging_mixin.py:188} INFO - [2024-03-21T15:57:00.085+0000] {dag.py:3834} INFO - Setting next_dagrun for deferrable_operator to None, run_after=None
[2024-03-21T15:57:00.098+0000] {processor.py:183} INFO - Processing /opt/airflow/dags/deferrable_operator.py took 0.061 seconds
[2024-03-21T15:57:30.213+0000] {processor.py:161} INFO - Started process (PID=350) to work on /opt/airflow/dags/deferrable_operator.py
[2024-03-21T15:57:30.213+0000] {processor.py:830} INFO - Processing file /opt/airflow/dags/deferrable_operator.py for tasks to queue
[2024-03-21T15:57:30.214+0000] {logging_mixin.py:188} INFO - [2024-03-21T15:57:30.214+0000] {dagbag.py:540} INFO - Filling up the DagBag from /opt/airflow/dags/deferrable_operator.py
[2024-03-21T15:57:30.226+0000] {processor.py:840} INFO - DAG(s) 'deferrable_operator' retrieved from /opt/airflow/dags/deferrable_operator.py
[2024-03-21T15:57:30.248+0000] {logging_mixin.py:188} INFO - [2024-03-21T15:57:30.248+0000] {dag.py:3047} INFO - Sync 1 DAGs
[2024-03-21T15:57:30.258+0000] {logging_mixin.py:188} INFO - [2024-03-21T15:57:30.258+0000] {dag.py:3834} INFO - Setting next_dagrun for deferrable_operator to None, run_after=None
[2024-03-21T15:57:30.271+0000] {processor.py:183} INFO - Processing /opt/airflow/dags/deferrable_operator.py took 0.060 seconds
[2024-03-21T15:58:00.542+0000] {processor.py:161} INFO - Started process (PID=370) to work on /opt/airflow/dags/deferrable_operator.py
[2024-03-21T15:58:00.542+0000] {processor.py:830} INFO - Processing file /opt/airflow/dags/deferrable_operator.py for tasks to queue
[2024-03-21T15:58:00.544+0000] {logging_mixin.py:188} INFO - [2024-03-21T15:58:00.544+0000] {dagbag.py:540} INFO - Filling up the DagBag from /opt/airflow/dags/deferrable_operator.py
[2024-03-21T15:58:00.556+0000] {processor.py:840} INFO - DAG(s) 'deferrable_operator' retrieved from /opt/airflow/dags/deferrable_operator.py
[2024-03-21T15:58:00.580+0000] {logging_mixin.py:188} INFO - [2024-03-21T15:58:00.579+0000] {dag.py:3047} INFO - Sync 1 DAGs
[2024-03-21T15:58:00.589+0000] {logging_mixin.py:188} INFO - [2024-03-21T15:58:00.589+0000] {dag.py:3834} INFO - Setting next_dagrun for deferrable_operator to None, run_after=None
[2024-03-21T15:58:00.605+0000] {processor.py:183} INFO - Processing /opt/airflow/dags/deferrable_operator.py took 0.066 seconds
[2024-03-21T15:58:30.655+0000] {processor.py:161} INFO - Started process (PID=390) to work on /opt/airflow/dags/deferrable_operator.py
[2024-03-21T15:58:30.655+0000] {processor.py:830} INFO - Processing file /opt/airflow/dags/deferrable_operator.py for tasks to queue
[2024-03-21T15:58:30.656+0000] {logging_mixin.py:188} INFO - [2024-03-21T15:58:30.656+0000] {dagbag.py:540} INFO - Filling up the DagBag from /opt/airflow/dags/deferrable_operator.py
[2024-03-21T15:58:30.668+0000] {processor.py:840} INFO - DAG(s) 'deferrable_operator' retrieved from /opt/airflow/dags/deferrable_operator.py
[2024-03-21T15:58:30.690+0000] {logging_mixin.py:188} INFO - [2024-03-21T15:58:30.690+0000] {dag.py:3047} INFO - Sync 1 DAGs
[2024-03-21T15:58:30.699+0000] {logging_mixin.py:188} INFO - [2024-03-21T15:58:30.699+0000] {dag.py:3834} INFO - Setting next_dagrun for deferrable_operator to None, run_after=None
[2024-03-21T15:58:30.718+0000] {processor.py:183} INFO - Processing /opt/airflow/dags/deferrable_operator.py took 0.065 seconds
[2024-03-21T15:59:01.165+0000] {processor.py:161} INFO - Started process (PID=410) to work on /opt/airflow/dags/deferrable_operator.py
[2024-03-21T15:59:01.166+0000] {processor.py:830} INFO - Processing file /opt/airflow/dags/deferrable_operator.py for tasks to queue
[2024-03-21T15:59:01.167+0000] {logging_mixin.py:188} INFO - [2024-03-21T15:59:01.167+0000] {dagbag.py:540} INFO - Filling up the DagBag from /opt/airflow/dags/deferrable_operator.py
[2024-03-21T15:59:01.177+0000] {processor.py:840} INFO - DAG(s) 'deferrable_operator' retrieved from /opt/airflow/dags/deferrable_operator.py
[2024-03-21T15:59:01.198+0000] {logging_mixin.py:188} INFO - [2024-03-21T15:59:01.198+0000] {dag.py:3047} INFO - Sync 1 DAGs
[2024-03-21T15:59:01.208+0000] {logging_mixin.py:188} INFO - [2024-03-21T15:59:01.208+0000] {dag.py:3834} INFO - Setting next_dagrun for deferrable_operator to None, run_after=None
[2024-03-21T15:59:01.221+0000] {processor.py:183} INFO - Processing /opt/airflow/dags/deferrable_operator.py took 0.058 seconds
[2024-03-21T15:59:31.475+0000] {processor.py:161} INFO - Started process (PID=431) to work on /opt/airflow/dags/deferrable_operator.py
[2024-03-21T15:59:31.476+0000] {processor.py:830} INFO - Processing file /opt/airflow/dags/deferrable_operator.py for tasks to queue
[2024-03-21T15:59:31.477+0000] {logging_mixin.py:188} INFO - [2024-03-21T15:59:31.477+0000] {dagbag.py:540} INFO - Filling up the DagBag from /opt/airflow/dags/deferrable_operator.py
[2024-03-21T15:59:31.488+0000] {processor.py:840} INFO - DAG(s) 'deferrable_operator' retrieved from /opt/airflow/dags/deferrable_operator.py
[2024-03-21T15:59:31.507+0000] {logging_mixin.py:188} INFO - [2024-03-21T15:59:31.507+0000] {dag.py:3047} INFO - Sync 1 DAGs
[2024-03-21T15:59:31.515+0000] {logging_mixin.py:188} INFO - [2024-03-21T15:59:31.515+0000] {dag.py:3834} INFO - Setting next_dagrun for deferrable_operator to None, run_after=None
[2024-03-21T15:59:31.536+0000] {processor.py:183} INFO - Processing /opt/airflow/dags/deferrable_operator.py took 0.063 seconds
[2024-03-21T16:00:01.716+0000] {processor.py:161} INFO - Started process (PID=451) to work on /opt/airflow/dags/deferrable_operator.py
[2024-03-21T16:00:01.717+0000] {processor.py:830} INFO - Processing file /opt/airflow/dags/deferrable_operator.py for tasks to queue
[2024-03-21T16:00:01.718+0000] {logging_mixin.py:188} INFO - [2024-03-21T16:00:01.718+0000] {dagbag.py:540} INFO - Filling up the DagBag from /opt/airflow/dags/deferrable_operator.py
[2024-03-21T16:00:01.729+0000] {processor.py:840} INFO - DAG(s) 'deferrable_operator' retrieved from /opt/airflow/dags/deferrable_operator.py
[2024-03-21T16:00:01.758+0000] {logging_mixin.py:188} INFO - [2024-03-21T16:00:01.757+0000] {dag.py:3047} INFO - Sync 1 DAGs
[2024-03-21T16:00:01.770+0000] {logging_mixin.py:188} INFO - [2024-03-21T16:00:01.770+0000] {dag.py:3834} INFO - Setting next_dagrun for deferrable_operator to None, run_after=None
[2024-03-21T16:00:01.785+0000] {processor.py:183} INFO - Processing /opt/airflow/dags/deferrable_operator.py took 0.071 seconds
[2024-03-21T16:00:32.087+0000] {processor.py:161} INFO - Started process (PID=471) to work on /opt/airflow/dags/deferrable_operator.py
[2024-03-21T16:00:32.088+0000] {processor.py:830} INFO - Processing file /opt/airflow/dags/deferrable_operator.py for tasks to queue
[2024-03-21T16:00:32.089+0000] {logging_mixin.py:188} INFO - [2024-03-21T16:00:32.089+0000] {dagbag.py:540} INFO - Filling up the DagBag from /opt/airflow/dags/deferrable_operator.py
[2024-03-21T16:00:32.103+0000] {processor.py:840} INFO - DAG(s) 'deferrable_operator' retrieved from /opt/airflow/dags/deferrable_operator.py
[2024-03-21T16:00:32.128+0000] {logging_mixin.py:188} INFO - [2024-03-21T16:00:32.128+0000] {dag.py:3047} INFO - Sync 1 DAGs
[2024-03-21T16:00:32.139+0000] {logging_mixin.py:188} INFO - [2024-03-21T16:00:32.138+0000] {dag.py:3834} INFO - Setting next_dagrun for deferrable_operator to None, run_after=None
[2024-03-21T16:00:32.174+0000] {processor.py:183} INFO - Processing /opt/airflow/dags/deferrable_operator.py took 0.089 seconds
[2024-03-21T16:01:02.289+0000] {processor.py:161} INFO - Started process (PID=492) to work on /opt/airflow/dags/deferrable_operator.py
[2024-03-21T16:01:02.289+0000] {processor.py:830} INFO - Processing file /opt/airflow/dags/deferrable_operator.py for tasks to queue
[2024-03-21T16:01:02.291+0000] {logging_mixin.py:188} INFO - [2024-03-21T16:01:02.291+0000] {dagbag.py:540} INFO - Filling up the DagBag from /opt/airflow/dags/deferrable_operator.py
[2024-03-21T16:01:02.304+0000] {processor.py:840} INFO - DAG(s) 'deferrable_operator' retrieved from /opt/airflow/dags/deferrable_operator.py
[2024-03-21T16:01:02.326+0000] {logging_mixin.py:188} INFO - [2024-03-21T16:01:02.326+0000] {dag.py:3047} INFO - Sync 1 DAGs
[2024-03-21T16:01:02.335+0000] {logging_mixin.py:188} INFO - [2024-03-21T16:01:02.335+0000] {dag.py:3834} INFO - Setting next_dagrun for deferrable_operator to None, run_after=None
[2024-03-21T16:01:02.348+0000] {processor.py:183} INFO - Processing /opt/airflow/dags/deferrable_operator.py took 0.062 seconds
[2024-03-21T16:01:32.479+0000] {processor.py:161} INFO - Started process (PID=512) to work on /opt/airflow/dags/deferrable_operator.py
[2024-03-21T16:01:32.480+0000] {processor.py:830} INFO - Processing file /opt/airflow/dags/deferrable_operator.py for tasks to queue
[2024-03-21T16:01:32.481+0000] {logging_mixin.py:188} INFO - [2024-03-21T16:01:32.481+0000] {dagbag.py:540} INFO - Filling up the DagBag from /opt/airflow/dags/deferrable_operator.py
[2024-03-21T16:01:32.496+0000] {processor.py:840} INFO - DAG(s) 'deferrable_operator' retrieved from /opt/airflow/dags/deferrable_operator.py
[2024-03-21T16:01:32.517+0000] {logging_mixin.py:188} INFO - [2024-03-21T16:01:32.517+0000] {dag.py:3047} INFO - Sync 1 DAGs
[2024-03-21T16:01:32.525+0000] {logging_mixin.py:188} INFO - [2024-03-21T16:01:32.525+0000] {dag.py:3834} INFO - Setting next_dagrun for deferrable_operator to None, run_after=None
[2024-03-21T16:01:32.539+0000] {processor.py:183} INFO - Processing /opt/airflow/dags/deferrable_operator.py took 0.062 seconds
[2024-03-21T16:02:02.816+0000] {processor.py:161} INFO - Started process (PID=532) to work on /opt/airflow/dags/deferrable_operator.py
[2024-03-21T16:02:02.816+0000] {processor.py:830} INFO - Processing file /opt/airflow/dags/deferrable_operator.py for tasks to queue
[2024-03-21T16:02:02.817+0000] {logging_mixin.py:188} INFO - [2024-03-21T16:02:02.817+0000] {dagbag.py:540} INFO - Filling up the DagBag from /opt/airflow/dags/deferrable_operator.py
[2024-03-21T16:02:02.830+0000] {processor.py:840} INFO - DAG(s) 'deferrable_operator' retrieved from /opt/airflow/dags/deferrable_operator.py
[2024-03-21T16:02:02.856+0000] {logging_mixin.py:188} INFO - [2024-03-21T16:02:02.856+0000] {dag.py:3047} INFO - Sync 1 DAGs
[2024-03-21T16:02:02.865+0000] {logging_mixin.py:188} INFO - [2024-03-21T16:02:02.865+0000] {dag.py:3834} INFO - Setting next_dagrun for deferrable_operator to None, run_after=None
[2024-03-21T16:02:02.879+0000] {processor.py:183} INFO - Processing /opt/airflow/dags/deferrable_operator.py took 0.065 seconds
[2024-03-21T16:02:33.021+0000] {processor.py:161} INFO - Started process (PID=552) to work on /opt/airflow/dags/deferrable_operator.py
[2024-03-21T16:02:33.022+0000] {processor.py:830} INFO - Processing file /opt/airflow/dags/deferrable_operator.py for tasks to queue
[2024-03-21T16:02:33.023+0000] {logging_mixin.py:188} INFO - [2024-03-21T16:02:33.023+0000] {dagbag.py:540} INFO - Filling up the DagBag from /opt/airflow/dags/deferrable_operator.py
[2024-03-21T16:02:33.038+0000] {processor.py:840} INFO - DAG(s) 'deferrable_operator' retrieved from /opt/airflow/dags/deferrable_operator.py
[2024-03-21T16:02:33.064+0000] {logging_mixin.py:188} INFO - [2024-03-21T16:02:33.064+0000] {dag.py:3047} INFO - Sync 1 DAGs
[2024-03-21T16:02:33.075+0000] {logging_mixin.py:188} INFO - [2024-03-21T16:02:33.075+0000] {dag.py:3834} INFO - Setting next_dagrun for deferrable_operator to None, run_after=None
[2024-03-21T16:02:33.091+0000] {processor.py:183} INFO - Processing /opt/airflow/dags/deferrable_operator.py took 0.072 seconds
[2024-03-21T16:03:03.275+0000] {processor.py:161} INFO - Started process (PID=572) to work on /opt/airflow/dags/deferrable_operator.py
[2024-03-21T16:03:03.276+0000] {processor.py:830} INFO - Processing file /opt/airflow/dags/deferrable_operator.py for tasks to queue
[2024-03-21T16:03:03.278+0000] {logging_mixin.py:188} INFO - [2024-03-21T16:03:03.278+0000] {dagbag.py:540} INFO - Filling up the DagBag from /opt/airflow/dags/deferrable_operator.py
[2024-03-21T16:03:03.294+0000] {processor.py:840} INFO - DAG(s) 'deferrable_operator' retrieved from /opt/airflow/dags/deferrable_operator.py
[2024-03-21T16:03:03.317+0000] {logging_mixin.py:188} INFO - [2024-03-21T16:03:03.316+0000] {dag.py:3047} INFO - Sync 1 DAGs
[2024-03-21T16:03:03.326+0000] {logging_mixin.py:188} INFO - [2024-03-21T16:03:03.325+0000] {dag.py:3834} INFO - Setting next_dagrun for deferrable_operator to None, run_after=None
[2024-03-21T16:03:03.339+0000] {processor.py:183} INFO - Processing /opt/airflow/dags/deferrable_operator.py took 0.066 seconds
[2024-03-21T16:03:33.576+0000] {processor.py:161} INFO - Started process (PID=592) to work on /opt/airflow/dags/deferrable_operator.py
[2024-03-21T16:03:33.576+0000] {processor.py:830} INFO - Processing file /opt/airflow/dags/deferrable_operator.py for tasks to queue
[2024-03-21T16:03:33.578+0000] {logging_mixin.py:188} INFO - [2024-03-21T16:03:33.577+0000] {dagbag.py:540} INFO - Filling up the DagBag from /opt/airflow/dags/deferrable_operator.py
[2024-03-21T16:03:33.590+0000] {processor.py:840} INFO - DAG(s) 'deferrable_operator' retrieved from /opt/airflow/dags/deferrable_operator.py
[2024-03-21T16:03:33.617+0000] {logging_mixin.py:188} INFO - [2024-03-21T16:03:33.617+0000] {dag.py:3047} INFO - Sync 1 DAGs
[2024-03-21T16:03:33.631+0000] {logging_mixin.py:188} INFO - [2024-03-21T16:03:33.631+0000] {dag.py:3834} INFO - Setting next_dagrun for deferrable_operator to None, run_after=None
[2024-03-21T16:03:33.647+0000] {processor.py:183} INFO - Processing /opt/airflow/dags/deferrable_operator.py took 0.073 seconds
[2024-03-21T16:04:03.721+0000] {processor.py:161} INFO - Started process (PID=612) to work on /opt/airflow/dags/deferrable_operator.py
[2024-03-21T16:04:03.722+0000] {processor.py:830} INFO - Processing file /opt/airflow/dags/deferrable_operator.py for tasks to queue
[2024-03-21T16:04:03.723+0000] {logging_mixin.py:188} INFO - [2024-03-21T16:04:03.723+0000] {dagbag.py:540} INFO - Filling up the DagBag from /opt/airflow/dags/deferrable_operator.py
[2024-03-21T16:04:03.733+0000] {processor.py:840} INFO - DAG(s) 'deferrable_operator' retrieved from /opt/airflow/dags/deferrable_operator.py
[2024-03-21T16:04:03.755+0000] {logging_mixin.py:188} INFO - [2024-03-21T16:04:03.755+0000] {dag.py:3047} INFO - Sync 1 DAGs
[2024-03-21T16:04:03.765+0000] {logging_mixin.py:188} INFO - [2024-03-21T16:04:03.765+0000] {dag.py:3834} INFO - Setting next_dagrun for deferrable_operator to None, run_after=None
[2024-03-21T16:04:03.778+0000] {processor.py:183} INFO - Processing /opt/airflow/dags/deferrable_operator.py took 0.059 seconds
