[2024-03-21T15:48:48.449+0000] {processor.py:161} INFO - Started process (PID=49) to work on /opt/airflow/dags/params.py
[2024-03-21T15:48:48.449+0000] {processor.py:830} INFO - Processing file /opt/airflow/dags/params.py for tasks to queue
[2024-03-21T15:48:48.451+0000] {logging_mixin.py:188} INFO - [2024-03-21T15:48:48.450+0000] {dagbag.py:540} INFO - Filling up the DagBag from /opt/airflow/dags/params.py
[2024-03-21T15:48:48.466+0000] {processor.py:840} INFO - DAG(s) 'params' retrieved from /opt/airflow/dags/params.py
[2024-03-21T15:48:48.496+0000] {logging_mixin.py:188} INFO - [2024-03-21T15:48:48.496+0000] {dag.py:3047} INFO - Sync 1 DAGs
[2024-03-21T15:48:48.509+0000] {logging_mixin.py:188} INFO - [2024-03-21T15:48:48.509+0000] {dag.py:3834} INFO - Setting next_dagrun for params to None, run_after=None
[2024-03-21T15:48:48.527+0000] {processor.py:183} INFO - Processing /opt/airflow/dags/params.py took 0.081 seconds
[2024-03-21T15:49:18.725+0000] {processor.py:161} INFO - Started process (PID=71) to work on /opt/airflow/dags/params.py
[2024-03-21T15:49:18.726+0000] {processor.py:830} INFO - Processing file /opt/airflow/dags/params.py for tasks to queue
[2024-03-21T15:49:18.727+0000] {logging_mixin.py:188} INFO - [2024-03-21T15:49:18.727+0000] {dagbag.py:540} INFO - Filling up the DagBag from /opt/airflow/dags/params.py
[2024-03-21T15:49:18.739+0000] {processor.py:840} INFO - DAG(s) 'params' retrieved from /opt/airflow/dags/params.py
[2024-03-21T15:49:18.763+0000] {logging_mixin.py:188} INFO - [2024-03-21T15:49:18.763+0000] {dag.py:3047} INFO - Sync 1 DAGs
[2024-03-21T15:49:18.773+0000] {logging_mixin.py:188} INFO - [2024-03-21T15:49:18.773+0000] {dag.py:3834} INFO - Setting next_dagrun for params to None, run_after=None
[2024-03-21T15:49:18.786+0000] {processor.py:183} INFO - Processing /opt/airflow/dags/params.py took 0.063 seconds
[2024-03-21T15:49:55.705+0000] {processor.py:161} INFO - Started process (PID=49) to work on /opt/airflow/dags/params.py
[2024-03-21T15:49:55.706+0000] {processor.py:830} INFO - Processing file /opt/airflow/dags/params.py for tasks to queue
[2024-03-21T15:49:55.707+0000] {logging_mixin.py:188} INFO - [2024-03-21T15:49:55.707+0000] {dagbag.py:540} INFO - Filling up the DagBag from /opt/airflow/dags/params.py
[2024-03-21T15:49:55.718+0000] {processor.py:840} INFO - DAG(s) 'params' retrieved from /opt/airflow/dags/params.py
[2024-03-21T15:49:55.795+0000] {logging_mixin.py:188} INFO - [2024-03-21T15:49:55.795+0000] {dag.py:3047} INFO - Sync 1 DAGs
[2024-03-21T15:49:55.812+0000] {logging_mixin.py:188} INFO - [2024-03-21T15:49:55.811+0000] {dag.py:3834} INFO - Setting next_dagrun for params to None, run_after=None
[2024-03-21T15:49:55.832+0000] {processor.py:183} INFO - Processing /opt/airflow/dags/params.py took 0.129 seconds
[2024-03-21T15:50:26.135+0000] {processor.py:161} INFO - Started process (PID=70) to work on /opt/airflow/dags/params.py
[2024-03-21T15:50:26.136+0000] {processor.py:830} INFO - Processing file /opt/airflow/dags/params.py for tasks to queue
[2024-03-21T15:50:26.138+0000] {logging_mixin.py:188} INFO - [2024-03-21T15:50:26.137+0000] {dagbag.py:540} INFO - Filling up the DagBag from /opt/airflow/dags/params.py
[2024-03-21T15:50:26.151+0000] {processor.py:840} INFO - DAG(s) 'params' retrieved from /opt/airflow/dags/params.py
[2024-03-21T15:50:26.177+0000] {logging_mixin.py:188} INFO - [2024-03-21T15:50:26.177+0000] {dag.py:3047} INFO - Sync 1 DAGs
[2024-03-21T15:50:26.189+0000] {logging_mixin.py:188} INFO - [2024-03-21T15:50:26.189+0000] {dag.py:3834} INFO - Setting next_dagrun for params to None, run_after=None
[2024-03-21T15:50:26.205+0000] {processor.py:183} INFO - Processing /opt/airflow/dags/params.py took 0.071 seconds
[2024-03-21T15:50:56.643+0000] {processor.py:161} INFO - Started process (PID=90) to work on /opt/airflow/dags/params.py
[2024-03-21T15:50:56.644+0000] {processor.py:830} INFO - Processing file /opt/airflow/dags/params.py for tasks to queue
[2024-03-21T15:50:56.645+0000] {logging_mixin.py:188} INFO - [2024-03-21T15:50:56.645+0000] {dagbag.py:540} INFO - Filling up the DagBag from /opt/airflow/dags/params.py
[2024-03-21T15:50:56.656+0000] {processor.py:840} INFO - DAG(s) 'params' retrieved from /opt/airflow/dags/params.py
[2024-03-21T15:50:56.681+0000] {logging_mixin.py:188} INFO - [2024-03-21T15:50:56.681+0000] {dag.py:3047} INFO - Sync 1 DAGs
[2024-03-21T15:50:56.691+0000] {logging_mixin.py:188} INFO - [2024-03-21T15:50:56.691+0000] {dag.py:3834} INFO - Setting next_dagrun for params to None, run_after=None
[2024-03-21T15:50:56.704+0000] {processor.py:183} INFO - Processing /opt/airflow/dags/params.py took 0.062 seconds
[2024-03-21T15:51:26.838+0000] {processor.py:161} INFO - Started process (PID=110) to work on /opt/airflow/dags/params.py
[2024-03-21T15:51:26.839+0000] {processor.py:830} INFO - Processing file /opt/airflow/dags/params.py for tasks to queue
[2024-03-21T15:51:26.840+0000] {logging_mixin.py:188} INFO - [2024-03-21T15:51:26.840+0000] {dagbag.py:540} INFO - Filling up the DagBag from /opt/airflow/dags/params.py
[2024-03-21T15:51:26.852+0000] {processor.py:840} INFO - DAG(s) 'params' retrieved from /opt/airflow/dags/params.py
[2024-03-21T15:51:26.873+0000] {logging_mixin.py:188} INFO - [2024-03-21T15:51:26.873+0000] {dag.py:3047} INFO - Sync 1 DAGs
[2024-03-21T15:51:26.882+0000] {logging_mixin.py:188} INFO - [2024-03-21T15:51:26.882+0000] {dag.py:3834} INFO - Setting next_dagrun for params to None, run_after=None
[2024-03-21T15:51:26.895+0000] {processor.py:183} INFO - Processing /opt/airflow/dags/params.py took 0.058 seconds
[2024-03-21T15:51:57.175+0000] {processor.py:161} INFO - Started process (PID=130) to work on /opt/airflow/dags/params.py
[2024-03-21T15:51:57.176+0000] {processor.py:830} INFO - Processing file /opt/airflow/dags/params.py for tasks to queue
[2024-03-21T15:51:57.177+0000] {logging_mixin.py:188} INFO - [2024-03-21T15:51:57.177+0000] {dagbag.py:540} INFO - Filling up the DagBag from /opt/airflow/dags/params.py
[2024-03-21T15:51:57.187+0000] {processor.py:840} INFO - DAG(s) 'params' retrieved from /opt/airflow/dags/params.py
[2024-03-21T15:51:57.211+0000] {logging_mixin.py:188} INFO - [2024-03-21T15:51:57.210+0000] {dag.py:3047} INFO - Sync 1 DAGs
[2024-03-21T15:51:57.220+0000] {logging_mixin.py:188} INFO - [2024-03-21T15:51:57.220+0000] {dag.py:3834} INFO - Setting next_dagrun for params to None, run_after=None
[2024-03-21T15:51:57.233+0000] {processor.py:183} INFO - Processing /opt/airflow/dags/params.py took 0.061 seconds
[2024-03-21T15:52:27.419+0000] {processor.py:161} INFO - Started process (PID=150) to work on /opt/airflow/dags/params.py
[2024-03-21T15:52:27.419+0000] {processor.py:830} INFO - Processing file /opt/airflow/dags/params.py for tasks to queue
[2024-03-21T15:52:27.420+0000] {logging_mixin.py:188} INFO - [2024-03-21T15:52:27.420+0000] {dagbag.py:540} INFO - Filling up the DagBag from /opt/airflow/dags/params.py
[2024-03-21T15:52:27.430+0000] {processor.py:840} INFO - DAG(s) 'params' retrieved from /opt/airflow/dags/params.py
[2024-03-21T15:52:27.451+0000] {logging_mixin.py:188} INFO - [2024-03-21T15:52:27.451+0000] {dag.py:3047} INFO - Sync 1 DAGs
[2024-03-21T15:52:27.459+0000] {logging_mixin.py:188} INFO - [2024-03-21T15:52:27.459+0000] {dag.py:3834} INFO - Setting next_dagrun for params to None, run_after=None
[2024-03-21T15:52:27.474+0000] {processor.py:183} INFO - Processing /opt/airflow/dags/params.py took 0.058 seconds
[2024-03-21T15:52:57.762+0000] {processor.py:161} INFO - Started process (PID=170) to work on /opt/airflow/dags/params.py
[2024-03-21T15:52:57.762+0000] {processor.py:830} INFO - Processing file /opt/airflow/dags/params.py for tasks to queue
[2024-03-21T15:52:57.763+0000] {logging_mixin.py:188} INFO - [2024-03-21T15:52:57.763+0000] {dagbag.py:540} INFO - Filling up the DagBag from /opt/airflow/dags/params.py
[2024-03-21T15:52:57.773+0000] {processor.py:840} INFO - DAG(s) 'params' retrieved from /opt/airflow/dags/params.py
[2024-03-21T15:52:57.795+0000] {logging_mixin.py:188} INFO - [2024-03-21T15:52:57.795+0000] {dag.py:3047} INFO - Sync 1 DAGs
[2024-03-21T15:52:57.804+0000] {logging_mixin.py:188} INFO - [2024-03-21T15:52:57.803+0000] {dag.py:3834} INFO - Setting next_dagrun for params to None, run_after=None
[2024-03-21T15:52:57.818+0000] {processor.py:183} INFO - Processing /opt/airflow/dags/params.py took 0.058 seconds
[2024-03-21T15:53:28.126+0000] {processor.py:161} INFO - Started process (PID=190) to work on /opt/airflow/dags/params.py
[2024-03-21T15:53:28.126+0000] {processor.py:830} INFO - Processing file /opt/airflow/dags/params.py for tasks to queue
[2024-03-21T15:53:28.128+0000] {logging_mixin.py:188} INFO - [2024-03-21T15:53:28.127+0000] {dagbag.py:540} INFO - Filling up the DagBag from /opt/airflow/dags/params.py
[2024-03-21T15:53:28.142+0000] {processor.py:840} INFO - DAG(s) 'params' retrieved from /opt/airflow/dags/params.py
[2024-03-21T15:53:28.163+0000] {logging_mixin.py:188} INFO - [2024-03-21T15:53:28.163+0000] {dag.py:3047} INFO - Sync 1 DAGs
[2024-03-21T15:53:28.172+0000] {logging_mixin.py:188} INFO - [2024-03-21T15:53:28.172+0000] {dag.py:3834} INFO - Setting next_dagrun for params to None, run_after=None
[2024-03-21T15:53:28.185+0000] {processor.py:183} INFO - Processing /opt/airflow/dags/params.py took 0.061 seconds
[2024-03-21T15:53:58.608+0000] {processor.py:161} INFO - Started process (PID=210) to work on /opt/airflow/dags/params.py
[2024-03-21T15:53:58.609+0000] {processor.py:830} INFO - Processing file /opt/airflow/dags/params.py for tasks to queue
[2024-03-21T15:53:58.610+0000] {logging_mixin.py:188} INFO - [2024-03-21T15:53:58.610+0000] {dagbag.py:540} INFO - Filling up the DagBag from /opt/airflow/dags/params.py
[2024-03-21T15:53:58.620+0000] {processor.py:840} INFO - DAG(s) 'params' retrieved from /opt/airflow/dags/params.py
[2024-03-21T15:53:58.644+0000] {logging_mixin.py:188} INFO - [2024-03-21T15:53:58.644+0000] {dag.py:3047} INFO - Sync 1 DAGs
[2024-03-21T15:53:58.654+0000] {logging_mixin.py:188} INFO - [2024-03-21T15:53:58.654+0000] {dag.py:3834} INFO - Setting next_dagrun for params to None, run_after=None
[2024-03-21T15:53:58.668+0000] {processor.py:183} INFO - Processing /opt/airflow/dags/params.py took 0.061 seconds
[2024-03-21T15:54:28.855+0000] {processor.py:161} INFO - Started process (PID=230) to work on /opt/airflow/dags/params.py
[2024-03-21T15:54:28.855+0000] {processor.py:830} INFO - Processing file /opt/airflow/dags/params.py for tasks to queue
[2024-03-21T15:54:28.857+0000] {logging_mixin.py:188} INFO - [2024-03-21T15:54:28.856+0000] {dagbag.py:540} INFO - Filling up the DagBag from /opt/airflow/dags/params.py
[2024-03-21T15:54:28.872+0000] {processor.py:840} INFO - DAG(s) 'params' retrieved from /opt/airflow/dags/params.py
[2024-03-21T15:54:28.894+0000] {logging_mixin.py:188} INFO - [2024-03-21T15:54:28.894+0000] {dag.py:3047} INFO - Sync 1 DAGs
[2024-03-21T15:54:28.902+0000] {logging_mixin.py:188} INFO - [2024-03-21T15:54:28.902+0000] {dag.py:3834} INFO - Setting next_dagrun for params to None, run_after=None
[2024-03-21T15:54:28.916+0000] {processor.py:183} INFO - Processing /opt/airflow/dags/params.py took 0.063 seconds
[2024-03-21T15:54:59.211+0000] {processor.py:161} INFO - Started process (PID=250) to work on /opt/airflow/dags/params.py
[2024-03-21T15:54:59.212+0000] {processor.py:830} INFO - Processing file /opt/airflow/dags/params.py for tasks to queue
[2024-03-21T15:54:59.213+0000] {logging_mixin.py:188} INFO - [2024-03-21T15:54:59.213+0000] {dagbag.py:540} INFO - Filling up the DagBag from /opt/airflow/dags/params.py
[2024-03-21T15:54:59.225+0000] {processor.py:840} INFO - DAG(s) 'params' retrieved from /opt/airflow/dags/params.py
[2024-03-21T15:54:59.246+0000] {logging_mixin.py:188} INFO - [2024-03-21T15:54:59.246+0000] {dag.py:3047} INFO - Sync 1 DAGs
[2024-03-21T15:54:59.254+0000] {logging_mixin.py:188} INFO - [2024-03-21T15:54:59.254+0000] {dag.py:3834} INFO - Setting next_dagrun for params to None, run_after=None
[2024-03-21T15:54:59.267+0000] {processor.py:183} INFO - Processing /opt/airflow/dags/params.py took 0.058 seconds
[2024-03-21T15:55:29.356+0000] {processor.py:161} INFO - Started process (PID=270) to work on /opt/airflow/dags/params.py
[2024-03-21T15:55:29.357+0000] {processor.py:830} INFO - Processing file /opt/airflow/dags/params.py for tasks to queue
[2024-03-21T15:55:29.359+0000] {logging_mixin.py:188} INFO - [2024-03-21T15:55:29.359+0000] {dagbag.py:540} INFO - Filling up the DagBag from /opt/airflow/dags/params.py
[2024-03-21T15:55:29.373+0000] {processor.py:840} INFO - DAG(s) 'params' retrieved from /opt/airflow/dags/params.py
[2024-03-21T15:55:29.395+0000] {logging_mixin.py:188} INFO - [2024-03-21T15:55:29.395+0000] {dag.py:3047} INFO - Sync 1 DAGs
[2024-03-21T15:55:29.404+0000] {logging_mixin.py:188} INFO - [2024-03-21T15:55:29.403+0000] {dag.py:3834} INFO - Setting next_dagrun for params to None, run_after=None
[2024-03-21T15:55:29.420+0000] {processor.py:183} INFO - Processing /opt/airflow/dags/params.py took 0.066 seconds
[2024-03-21T15:55:59.615+0000] {processor.py:161} INFO - Started process (PID=290) to work on /opt/airflow/dags/params.py
[2024-03-21T15:55:59.616+0000] {processor.py:830} INFO - Processing file /opt/airflow/dags/params.py for tasks to queue
[2024-03-21T15:55:59.617+0000] {logging_mixin.py:188} INFO - [2024-03-21T15:55:59.617+0000] {dagbag.py:540} INFO - Filling up the DagBag from /opt/airflow/dags/params.py
[2024-03-21T15:55:59.630+0000] {processor.py:840} INFO - DAG(s) 'params' retrieved from /opt/airflow/dags/params.py
[2024-03-21T15:55:59.659+0000] {logging_mixin.py:188} INFO - [2024-03-21T15:55:59.659+0000] {dag.py:3047} INFO - Sync 1 DAGs
[2024-03-21T15:55:59.669+0000] {logging_mixin.py:188} INFO - [2024-03-21T15:55:59.669+0000] {dag.py:3834} INFO - Setting next_dagrun for params to None, run_after=None
[2024-03-21T15:55:59.683+0000] {processor.py:183} INFO - Processing /opt/airflow/dags/params.py took 0.070 seconds
[2024-03-21T15:56:29.821+0000] {processor.py:161} INFO - Started process (PID=311) to work on /opt/airflow/dags/params.py
[2024-03-21T15:56:29.821+0000] {processor.py:830} INFO - Processing file /opt/airflow/dags/params.py for tasks to queue
[2024-03-21T15:56:29.822+0000] {logging_mixin.py:188} INFO - [2024-03-21T15:56:29.822+0000] {dagbag.py:540} INFO - Filling up the DagBag from /opt/airflow/dags/params.py
[2024-03-21T15:56:29.833+0000] {processor.py:840} INFO - DAG(s) 'params' retrieved from /opt/airflow/dags/params.py
[2024-03-21T15:56:29.855+0000] {logging_mixin.py:188} INFO - [2024-03-21T15:56:29.855+0000] {dag.py:3047} INFO - Sync 1 DAGs
[2024-03-21T15:56:29.864+0000] {logging_mixin.py:188} INFO - [2024-03-21T15:56:29.863+0000] {dag.py:3834} INFO - Setting next_dagrun for params to None, run_after=None
[2024-03-21T15:56:29.876+0000] {processor.py:183} INFO - Processing /opt/airflow/dags/params.py took 0.057 seconds
[2024-03-21T15:57:00.117+0000] {processor.py:161} INFO - Started process (PID=331) to work on /opt/airflow/dags/params.py
[2024-03-21T15:57:00.118+0000] {processor.py:830} INFO - Processing file /opt/airflow/dags/params.py for tasks to queue
[2024-03-21T15:57:00.119+0000] {logging_mixin.py:188} INFO - [2024-03-21T15:57:00.119+0000] {dagbag.py:540} INFO - Filling up the DagBag from /opt/airflow/dags/params.py
[2024-03-21T15:57:00.135+0000] {processor.py:840} INFO - DAG(s) 'params' retrieved from /opt/airflow/dags/params.py
[2024-03-21T15:57:00.161+0000] {logging_mixin.py:188} INFO - [2024-03-21T15:57:00.161+0000] {dag.py:3047} INFO - Sync 1 DAGs
[2024-03-21T15:57:00.170+0000] {logging_mixin.py:188} INFO - [2024-03-21T15:57:00.170+0000] {dag.py:3834} INFO - Setting next_dagrun for params to None, run_after=None
[2024-03-21T15:57:00.183+0000] {processor.py:183} INFO - Processing /opt/airflow/dags/params.py took 0.067 seconds
[2024-03-21T15:57:30.271+0000] {processor.py:161} INFO - Started process (PID=351) to work on /opt/airflow/dags/params.py
[2024-03-21T15:57:30.272+0000] {processor.py:830} INFO - Processing file /opt/airflow/dags/params.py for tasks to queue
[2024-03-21T15:57:30.273+0000] {logging_mixin.py:188} INFO - [2024-03-21T15:57:30.273+0000] {dagbag.py:540} INFO - Filling up the DagBag from /opt/airflow/dags/params.py
[2024-03-21T15:57:30.285+0000] {processor.py:840} INFO - DAG(s) 'params' retrieved from /opt/airflow/dags/params.py
[2024-03-21T15:57:30.308+0000] {logging_mixin.py:188} INFO - [2024-03-21T15:57:30.308+0000] {dag.py:3047} INFO - Sync 1 DAGs
[2024-03-21T15:57:30.318+0000] {logging_mixin.py:188} INFO - [2024-03-21T15:57:30.318+0000] {dag.py:3834} INFO - Setting next_dagrun for params to None, run_after=None
[2024-03-21T15:57:30.332+0000] {processor.py:183} INFO - Processing /opt/airflow/dags/params.py took 0.062 seconds
[2024-03-21T15:58:00.627+0000] {processor.py:161} INFO - Started process (PID=371) to work on /opt/airflow/dags/params.py
[2024-03-21T15:58:00.627+0000] {processor.py:830} INFO - Processing file /opt/airflow/dags/params.py for tasks to queue
[2024-03-21T15:58:00.629+0000] {logging_mixin.py:188} INFO - [2024-03-21T15:58:00.628+0000] {dagbag.py:540} INFO - Filling up the DagBag from /opt/airflow/dags/params.py
[2024-03-21T15:58:00.642+0000] {processor.py:840} INFO - DAG(s) 'params' retrieved from /opt/airflow/dags/params.py
[2024-03-21T15:58:00.668+0000] {logging_mixin.py:188} INFO - [2024-03-21T15:58:00.668+0000] {dag.py:3047} INFO - Sync 1 DAGs
[2024-03-21T15:58:00.678+0000] {logging_mixin.py:188} INFO - [2024-03-21T15:58:00.678+0000] {dag.py:3834} INFO - Setting next_dagrun for params to None, run_after=None
[2024-03-21T15:58:00.692+0000] {processor.py:183} INFO - Processing /opt/airflow/dags/params.py took 0.068 seconds
[2024-03-21T15:58:30.745+0000] {processor.py:161} INFO - Started process (PID=391) to work on /opt/airflow/dags/params.py
[2024-03-21T15:58:30.746+0000] {processor.py:830} INFO - Processing file /opt/airflow/dags/params.py for tasks to queue
[2024-03-21T15:58:30.747+0000] {logging_mixin.py:188} INFO - [2024-03-21T15:58:30.747+0000] {dagbag.py:540} INFO - Filling up the DagBag from /opt/airflow/dags/params.py
[2024-03-21T15:58:30.758+0000] {processor.py:840} INFO - DAG(s) 'params' retrieved from /opt/airflow/dags/params.py
[2024-03-21T15:58:30.783+0000] {logging_mixin.py:188} INFO - [2024-03-21T15:58:30.783+0000] {dag.py:3047} INFO - Sync 1 DAGs
[2024-03-21T15:58:30.794+0000] {logging_mixin.py:188} INFO - [2024-03-21T15:58:30.794+0000] {dag.py:3834} INFO - Setting next_dagrun for params to None, run_after=None
[2024-03-21T15:58:30.812+0000] {processor.py:183} INFO - Processing /opt/airflow/dags/params.py took 0.069 seconds
[2024-03-21T15:59:01.248+0000] {processor.py:161} INFO - Started process (PID=411) to work on /opt/airflow/dags/params.py
[2024-03-21T15:59:01.248+0000] {processor.py:830} INFO - Processing file /opt/airflow/dags/params.py for tasks to queue
[2024-03-21T15:59:01.250+0000] {logging_mixin.py:188} INFO - [2024-03-21T15:59:01.249+0000] {dagbag.py:540} INFO - Filling up the DagBag from /opt/airflow/dags/params.py
[2024-03-21T15:59:01.259+0000] {processor.py:840} INFO - DAG(s) 'params' retrieved from /opt/airflow/dags/params.py
[2024-03-21T15:59:01.283+0000] {logging_mixin.py:188} INFO - [2024-03-21T15:59:01.283+0000] {dag.py:3047} INFO - Sync 1 DAGs
[2024-03-21T15:59:01.291+0000] {logging_mixin.py:188} INFO - [2024-03-21T15:59:01.291+0000] {dag.py:3834} INFO - Setting next_dagrun for params to None, run_after=None
[2024-03-21T15:59:01.305+0000] {processor.py:183} INFO - Processing /opt/airflow/dags/params.py took 0.060 seconds
[2024-03-21T15:59:31.557+0000] {processor.py:161} INFO - Started process (PID=432) to work on /opt/airflow/dags/params.py
[2024-03-21T15:59:31.557+0000] {processor.py:830} INFO - Processing file /opt/airflow/dags/params.py for tasks to queue
[2024-03-21T15:59:31.559+0000] {logging_mixin.py:188} INFO - [2024-03-21T15:59:31.559+0000] {dagbag.py:540} INFO - Filling up the DagBag from /opt/airflow/dags/params.py
[2024-03-21T15:59:31.569+0000] {processor.py:840} INFO - DAG(s) 'params' retrieved from /opt/airflow/dags/params.py
[2024-03-21T15:59:31.589+0000] {logging_mixin.py:188} INFO - [2024-03-21T15:59:31.589+0000] {dag.py:3047} INFO - Sync 1 DAGs
[2024-03-21T15:59:31.600+0000] {logging_mixin.py:188} INFO - [2024-03-21T15:59:31.600+0000] {dag.py:3834} INFO - Setting next_dagrun for params to None, run_after=None
[2024-03-21T15:59:31.618+0000] {processor.py:183} INFO - Processing /opt/airflow/dags/params.py took 0.064 seconds
[2024-03-21T16:00:01.746+0000] {processor.py:161} INFO - Started process (PID=452) to work on /opt/airflow/dags/params.py
[2024-03-21T16:00:01.746+0000] {processor.py:830} INFO - Processing file /opt/airflow/dags/params.py for tasks to queue
[2024-03-21T16:00:01.749+0000] {logging_mixin.py:188} INFO - [2024-03-21T16:00:01.749+0000] {dagbag.py:540} INFO - Filling up the DagBag from /opt/airflow/dags/params.py
[2024-03-21T16:00:01.759+0000] {processor.py:840} INFO - DAG(s) 'params' retrieved from /opt/airflow/dags/params.py
[2024-03-21T16:00:01.786+0000] {logging_mixin.py:188} INFO - [2024-03-21T16:00:01.786+0000] {dag.py:3047} INFO - Sync 1 DAGs
[2024-03-21T16:00:01.797+0000] {logging_mixin.py:188} INFO - [2024-03-21T16:00:01.797+0000] {dag.py:3834} INFO - Setting next_dagrun for params to None, run_after=None
[2024-03-21T16:00:01.812+0000] {processor.py:183} INFO - Processing /opt/airflow/dags/params.py took 0.068 seconds
[2024-03-21T16:00:32.092+0000] {processor.py:161} INFO - Started process (PID=472) to work on /opt/airflow/dags/params.py
[2024-03-21T16:00:32.092+0000] {processor.py:830} INFO - Processing file /opt/airflow/dags/params.py for tasks to queue
[2024-03-21T16:00:32.094+0000] {logging_mixin.py:188} INFO - [2024-03-21T16:00:32.094+0000] {dagbag.py:540} INFO - Filling up the DagBag from /opt/airflow/dags/params.py
[2024-03-21T16:00:32.107+0000] {processor.py:840} INFO - DAG(s) 'params' retrieved from /opt/airflow/dags/params.py
[2024-03-21T16:00:32.132+0000] {logging_mixin.py:188} INFO - [2024-03-21T16:00:32.132+0000] {dag.py:3047} INFO - Sync 1 DAGs
[2024-03-21T16:00:32.158+0000] {logging_mixin.py:188} INFO - [2024-03-21T16:00:32.158+0000] {dag.py:3834} INFO - Setting next_dagrun for params to None, run_after=None
[2024-03-21T16:00:32.183+0000] {processor.py:183} INFO - Processing /opt/airflow/dags/params.py took 0.094 seconds
[2024-03-21T16:01:02.315+0000] {processor.py:161} INFO - Started process (PID=493) to work on /opt/airflow/dags/params.py
[2024-03-21T16:01:02.315+0000] {processor.py:830} INFO - Processing file /opt/airflow/dags/params.py for tasks to queue
[2024-03-21T16:01:02.317+0000] {logging_mixin.py:188} INFO - [2024-03-21T16:01:02.317+0000] {dagbag.py:540} INFO - Filling up the DagBag from /opt/airflow/dags/params.py
[2024-03-21T16:01:02.328+0000] {processor.py:840} INFO - DAG(s) 'params' retrieved from /opt/airflow/dags/params.py
[2024-03-21T16:01:02.353+0000] {logging_mixin.py:188} INFO - [2024-03-21T16:01:02.353+0000] {dag.py:3047} INFO - Sync 1 DAGs
[2024-03-21T16:01:02.364+0000] {logging_mixin.py:188} INFO - [2024-03-21T16:01:02.363+0000] {dag.py:3834} INFO - Setting next_dagrun for params to None, run_after=None
[2024-03-21T16:01:02.378+0000] {processor.py:183} INFO - Processing /opt/airflow/dags/params.py took 0.065 seconds
[2024-03-21T16:01:32.496+0000] {processor.py:161} INFO - Started process (PID=513) to work on /opt/airflow/dags/params.py
[2024-03-21T16:01:32.497+0000] {processor.py:830} INFO - Processing file /opt/airflow/dags/params.py for tasks to queue
[2024-03-21T16:01:32.498+0000] {logging_mixin.py:188} INFO - [2024-03-21T16:01:32.498+0000] {dagbag.py:540} INFO - Filling up the DagBag from /opt/airflow/dags/params.py
[2024-03-21T16:01:32.509+0000] {processor.py:840} INFO - DAG(s) 'params' retrieved from /opt/airflow/dags/params.py
[2024-03-21T16:01:32.530+0000] {logging_mixin.py:188} INFO - [2024-03-21T16:01:32.530+0000] {dag.py:3047} INFO - Sync 1 DAGs
[2024-03-21T16:01:32.540+0000] {logging_mixin.py:188} INFO - [2024-03-21T16:01:32.539+0000] {dag.py:3834} INFO - Setting next_dagrun for params to None, run_after=None
[2024-03-21T16:01:32.564+0000] {processor.py:183} INFO - Processing /opt/airflow/dags/params.py took 0.069 seconds
[2024-03-21T16:02:02.920+0000] {processor.py:161} INFO - Started process (PID=533) to work on /opt/airflow/dags/params.py
[2024-03-21T16:02:02.921+0000] {processor.py:830} INFO - Processing file /opt/airflow/dags/params.py for tasks to queue
[2024-03-21T16:02:02.922+0000] {logging_mixin.py:188} INFO - [2024-03-21T16:02:02.922+0000] {dagbag.py:540} INFO - Filling up the DagBag from /opt/airflow/dags/params.py
[2024-03-21T16:02:02.933+0000] {processor.py:840} INFO - DAG(s) 'params' retrieved from /opt/airflow/dags/params.py
[2024-03-21T16:02:02.959+0000] {logging_mixin.py:188} INFO - [2024-03-21T16:02:02.958+0000] {dag.py:3047} INFO - Sync 1 DAGs
[2024-03-21T16:02:02.969+0000] {logging_mixin.py:188} INFO - [2024-03-21T16:02:02.968+0000] {dag.py:3834} INFO - Setting next_dagrun for params to None, run_after=None
[2024-03-21T16:02:02.985+0000] {processor.py:183} INFO - Processing /opt/airflow/dags/params.py took 0.067 seconds
[2024-03-21T16:02:33.053+0000] {processor.py:161} INFO - Started process (PID=553) to work on /opt/airflow/dags/params.py
[2024-03-21T16:02:33.054+0000] {processor.py:830} INFO - Processing file /opt/airflow/dags/params.py for tasks to queue
[2024-03-21T16:02:33.055+0000] {logging_mixin.py:188} INFO - [2024-03-21T16:02:33.055+0000] {dagbag.py:540} INFO - Filling up the DagBag from /opt/airflow/dags/params.py
[2024-03-21T16:02:33.069+0000] {processor.py:840} INFO - DAG(s) 'params' retrieved from /opt/airflow/dags/params.py
[2024-03-21T16:02:33.097+0000] {logging_mixin.py:188} INFO - [2024-03-21T16:02:33.096+0000] {dag.py:3047} INFO - Sync 1 DAGs
[2024-03-21T16:02:33.106+0000] {logging_mixin.py:188} INFO - [2024-03-21T16:02:33.106+0000] {dag.py:3834} INFO - Setting next_dagrun for params to None, run_after=None
[2024-03-21T16:02:33.121+0000] {processor.py:183} INFO - Processing /opt/airflow/dags/params.py took 0.070 seconds
[2024-03-21T16:03:03.294+0000] {processor.py:161} INFO - Started process (PID=573) to work on /opt/airflow/dags/params.py
[2024-03-21T16:03:03.295+0000] {processor.py:830} INFO - Processing file /opt/airflow/dags/params.py for tasks to queue
[2024-03-21T16:03:03.297+0000] {logging_mixin.py:188} INFO - [2024-03-21T16:03:03.296+0000] {dagbag.py:540} INFO - Filling up the DagBag from /opt/airflow/dags/params.py
[2024-03-21T16:03:03.308+0000] {processor.py:840} INFO - DAG(s) 'params' retrieved from /opt/airflow/dags/params.py
[2024-03-21T16:03:03.333+0000] {logging_mixin.py:188} INFO - [2024-03-21T16:03:03.333+0000] {dag.py:3047} INFO - Sync 1 DAGs
[2024-03-21T16:03:03.343+0000] {logging_mixin.py:188} INFO - [2024-03-21T16:03:03.343+0000] {dag.py:3834} INFO - Setting next_dagrun for params to None, run_after=None
[2024-03-21T16:03:03.360+0000] {processor.py:183} INFO - Processing /opt/airflow/dags/params.py took 0.067 seconds
[2024-03-21T16:03:33.586+0000] {processor.py:161} INFO - Started process (PID=593) to work on /opt/airflow/dags/params.py
[2024-03-21T16:03:33.587+0000] {processor.py:830} INFO - Processing file /opt/airflow/dags/params.py for tasks to queue
[2024-03-21T16:03:33.588+0000] {logging_mixin.py:188} INFO - [2024-03-21T16:03:33.588+0000] {dagbag.py:540} INFO - Filling up the DagBag from /opt/airflow/dags/params.py
[2024-03-21T16:03:33.600+0000] {processor.py:840} INFO - DAG(s) 'params' retrieved from /opt/airflow/dags/params.py
[2024-03-21T16:03:33.634+0000] {logging_mixin.py:188} INFO - [2024-03-21T16:03:33.634+0000] {dag.py:3047} INFO - Sync 1 DAGs
[2024-03-21T16:03:33.644+0000] {logging_mixin.py:188} INFO - [2024-03-21T16:03:33.644+0000] {dag.py:3834} INFO - Setting next_dagrun for params to None, run_after=None
[2024-03-21T16:03:33.666+0000] {processor.py:183} INFO - Processing /opt/airflow/dags/params.py took 0.082 seconds
[2024-03-21T16:04:03.800+0000] {processor.py:161} INFO - Started process (PID=613) to work on /opt/airflow/dags/params.py
[2024-03-21T16:04:03.800+0000] {processor.py:830} INFO - Processing file /opt/airflow/dags/params.py for tasks to queue
[2024-03-21T16:04:03.802+0000] {logging_mixin.py:188} INFO - [2024-03-21T16:04:03.802+0000] {dagbag.py:540} INFO - Filling up the DagBag from /opt/airflow/dags/params.py
[2024-03-21T16:04:03.812+0000] {processor.py:840} INFO - DAG(s) 'params' retrieved from /opt/airflow/dags/params.py
[2024-03-21T16:04:03.833+0000] {logging_mixin.py:188} INFO - [2024-03-21T16:04:03.833+0000] {dag.py:3047} INFO - Sync 1 DAGs
[2024-03-21T16:04:03.845+0000] {logging_mixin.py:188} INFO - [2024-03-21T16:04:03.845+0000] {dag.py:3834} INFO - Setting next_dagrun for params to None, run_after=None
[2024-03-21T16:04:03.862+0000] {processor.py:183} INFO - Processing /opt/airflow/dags/params.py took 0.065 seconds
