[2024-03-21T15:48:48.194+0000] {processor.py:161} INFO - Started process (PID=46) to work on /opt/airflow/dags/pool.py
[2024-03-21T15:48:48.195+0000] {processor.py:830} INFO - Processing file /opt/airflow/dags/pool.py for tasks to queue
[2024-03-21T15:48:48.197+0000] {logging_mixin.py:188} INFO - [2024-03-21T15:48:48.197+0000] {dagbag.py:540} INFO - Filling up the DagBag from /opt/airflow/dags/pool.py
[2024-03-21T15:48:48.212+0000] {processor.py:840} INFO - DAG(s) 'pool' retrieved from /opt/airflow/dags/pool.py
[2024-03-21T15:48:48.259+0000] {logging_mixin.py:188} INFO - [2024-03-21T15:48:48.259+0000] {dag.py:3047} INFO - Sync 1 DAGs
[2024-03-21T15:48:48.284+0000] {logging_mixin.py:188} INFO - [2024-03-21T15:48:48.284+0000] {dag.py:3834} INFO - Setting next_dagrun for pool to None, run_after=None
[2024-03-21T15:48:48.308+0000] {processor.py:183} INFO - Processing /opt/airflow/dags/pool.py took 0.116 seconds
[2024-03-21T15:49:18.539+0000] {processor.py:161} INFO - Started process (PID=68) to work on /opt/airflow/dags/pool.py
[2024-03-21T15:49:18.540+0000] {processor.py:830} INFO - Processing file /opt/airflow/dags/pool.py for tasks to queue
[2024-03-21T15:49:18.542+0000] {logging_mixin.py:188} INFO - [2024-03-21T15:49:18.541+0000] {dagbag.py:540} INFO - Filling up the DagBag from /opt/airflow/dags/pool.py
[2024-03-21T15:49:18.556+0000] {processor.py:840} INFO - DAG(s) 'pool' retrieved from /opt/airflow/dags/pool.py
[2024-03-21T15:49:18.580+0000] {logging_mixin.py:188} INFO - [2024-03-21T15:49:18.580+0000] {dag.py:3047} INFO - Sync 1 DAGs
[2024-03-21T15:49:18.599+0000] {logging_mixin.py:188} INFO - [2024-03-21T15:49:18.598+0000] {dag.py:3834} INFO - Setting next_dagrun for pool to None, run_after=None
[2024-03-21T15:49:18.621+0000] {processor.py:183} INFO - Processing /opt/airflow/dags/pool.py took 0.084 seconds
[2024-03-21T15:49:55.417+0000] {processor.py:161} INFO - Started process (PID=46) to work on /opt/airflow/dags/pool.py
[2024-03-21T15:49:55.418+0000] {processor.py:830} INFO - Processing file /opt/airflow/dags/pool.py for tasks to queue
[2024-03-21T15:49:55.419+0000] {logging_mixin.py:188} INFO - [2024-03-21T15:49:55.419+0000] {dagbag.py:540} INFO - Filling up the DagBag from /opt/airflow/dags/pool.py
[2024-03-21T15:49:55.433+0000] {processor.py:840} INFO - DAG(s) 'pool' retrieved from /opt/airflow/dags/pool.py
[2024-03-21T15:49:55.511+0000] {logging_mixin.py:188} INFO - [2024-03-21T15:49:55.511+0000] {dag.py:3047} INFO - Sync 1 DAGs
[2024-03-21T15:49:55.525+0000] {logging_mixin.py:188} INFO - [2024-03-21T15:49:55.525+0000] {dag.py:3834} INFO - Setting next_dagrun for pool to None, run_after=None
[2024-03-21T15:49:55.544+0000] {processor.py:183} INFO - Processing /opt/airflow/dags/pool.py took 0.128 seconds
[2024-03-21T15:50:25.947+0000] {processor.py:161} INFO - Started process (PID=67) to work on /opt/airflow/dags/pool.py
[2024-03-21T15:50:25.948+0000] {processor.py:830} INFO - Processing file /opt/airflow/dags/pool.py for tasks to queue
[2024-03-21T15:50:25.949+0000] {logging_mixin.py:188} INFO - [2024-03-21T15:50:25.949+0000] {dagbag.py:540} INFO - Filling up the DagBag from /opt/airflow/dags/pool.py
[2024-03-21T15:50:25.960+0000] {processor.py:840} INFO - DAG(s) 'pool' retrieved from /opt/airflow/dags/pool.py
[2024-03-21T15:50:25.981+0000] {logging_mixin.py:188} INFO - [2024-03-21T15:50:25.981+0000] {dag.py:3047} INFO - Sync 1 DAGs
[2024-03-21T15:50:25.999+0000] {logging_mixin.py:188} INFO - [2024-03-21T15:50:25.998+0000] {dag.py:3834} INFO - Setting next_dagrun for pool to None, run_after=None
[2024-03-21T15:50:26.013+0000] {processor.py:183} INFO - Processing /opt/airflow/dags/pool.py took 0.067 seconds
[2024-03-21T15:50:56.406+0000] {processor.py:161} INFO - Started process (PID=87) to work on /opt/airflow/dags/pool.py
[2024-03-21T15:50:56.407+0000] {processor.py:830} INFO - Processing file /opt/airflow/dags/pool.py for tasks to queue
[2024-03-21T15:50:56.408+0000] {logging_mixin.py:188} INFO - [2024-03-21T15:50:56.408+0000] {dagbag.py:540} INFO - Filling up the DagBag from /opt/airflow/dags/pool.py
[2024-03-21T15:50:56.419+0000] {processor.py:840} INFO - DAG(s) 'pool' retrieved from /opt/airflow/dags/pool.py
[2024-03-21T15:50:56.460+0000] {logging_mixin.py:188} INFO - [2024-03-21T15:50:56.460+0000] {dag.py:3047} INFO - Sync 1 DAGs
[2024-03-21T15:50:56.505+0000] {logging_mixin.py:188} INFO - [2024-03-21T15:50:56.504+0000] {dag.py:3834} INFO - Setting next_dagrun for pool to None, run_after=None
[2024-03-21T15:50:56.525+0000] {processor.py:183} INFO - Processing /opt/airflow/dags/pool.py took 0.121 seconds
[2024-03-21T15:51:26.661+0000] {processor.py:161} INFO - Started process (PID=107) to work on /opt/airflow/dags/pool.py
[2024-03-21T15:51:26.661+0000] {processor.py:830} INFO - Processing file /opt/airflow/dags/pool.py for tasks to queue
[2024-03-21T15:51:26.663+0000] {logging_mixin.py:188} INFO - [2024-03-21T15:51:26.662+0000] {dagbag.py:540} INFO - Filling up the DagBag from /opt/airflow/dags/pool.py
[2024-03-21T15:51:26.675+0000] {processor.py:840} INFO - DAG(s) 'pool' retrieved from /opt/airflow/dags/pool.py
[2024-03-21T15:51:26.697+0000] {logging_mixin.py:188} INFO - [2024-03-21T15:51:26.697+0000] {dag.py:3047} INFO - Sync 1 DAGs
[2024-03-21T15:51:26.712+0000] {logging_mixin.py:188} INFO - [2024-03-21T15:51:26.712+0000] {dag.py:3834} INFO - Setting next_dagrun for pool to None, run_after=None
[2024-03-21T15:51:26.726+0000] {processor.py:183} INFO - Processing /opt/airflow/dags/pool.py took 0.067 seconds
[2024-03-21T15:51:56.982+0000] {processor.py:161} INFO - Started process (PID=127) to work on /opt/airflow/dags/pool.py
[2024-03-21T15:51:56.983+0000] {processor.py:830} INFO - Processing file /opt/airflow/dags/pool.py for tasks to queue
[2024-03-21T15:51:56.984+0000] {logging_mixin.py:188} INFO - [2024-03-21T15:51:56.984+0000] {dagbag.py:540} INFO - Filling up the DagBag from /opt/airflow/dags/pool.py
[2024-03-21T15:51:56.995+0000] {processor.py:840} INFO - DAG(s) 'pool' retrieved from /opt/airflow/dags/pool.py
[2024-03-21T15:51:57.018+0000] {logging_mixin.py:188} INFO - [2024-03-21T15:51:57.018+0000] {dag.py:3047} INFO - Sync 1 DAGs
[2024-03-21T15:51:57.033+0000] {logging_mixin.py:188} INFO - [2024-03-21T15:51:57.033+0000] {dag.py:3834} INFO - Setting next_dagrun for pool to None, run_after=None
[2024-03-21T15:51:57.047+0000] {processor.py:183} INFO - Processing /opt/airflow/dags/pool.py took 0.066 seconds
[2024-03-21T15:52:27.233+0000] {processor.py:161} INFO - Started process (PID=147) to work on /opt/airflow/dags/pool.py
[2024-03-21T15:52:27.234+0000] {processor.py:830} INFO - Processing file /opt/airflow/dags/pool.py for tasks to queue
[2024-03-21T15:52:27.235+0000] {logging_mixin.py:188} INFO - [2024-03-21T15:52:27.235+0000] {dagbag.py:540} INFO - Filling up the DagBag from /opt/airflow/dags/pool.py
[2024-03-21T15:52:27.246+0000] {processor.py:840} INFO - DAG(s) 'pool' retrieved from /opt/airflow/dags/pool.py
[2024-03-21T15:52:27.269+0000] {logging_mixin.py:188} INFO - [2024-03-21T15:52:27.269+0000] {dag.py:3047} INFO - Sync 1 DAGs
[2024-03-21T15:52:27.286+0000] {logging_mixin.py:188} INFO - [2024-03-21T15:52:27.286+0000] {dag.py:3834} INFO - Setting next_dagrun for pool to None, run_after=None
[2024-03-21T15:52:27.301+0000] {processor.py:183} INFO - Processing /opt/airflow/dags/pool.py took 0.069 seconds
[2024-03-21T15:52:57.589+0000] {processor.py:161} INFO - Started process (PID=167) to work on /opt/airflow/dags/pool.py
[2024-03-21T15:52:57.589+0000] {processor.py:830} INFO - Processing file /opt/airflow/dags/pool.py for tasks to queue
[2024-03-21T15:52:57.590+0000] {logging_mixin.py:188} INFO - [2024-03-21T15:52:57.590+0000] {dagbag.py:540} INFO - Filling up the DagBag from /opt/airflow/dags/pool.py
[2024-03-21T15:52:57.603+0000] {processor.py:840} INFO - DAG(s) 'pool' retrieved from /opt/airflow/dags/pool.py
[2024-03-21T15:52:57.626+0000] {logging_mixin.py:188} INFO - [2024-03-21T15:52:57.626+0000] {dag.py:3047} INFO - Sync 1 DAGs
[2024-03-21T15:52:57.642+0000] {logging_mixin.py:188} INFO - [2024-03-21T15:52:57.642+0000] {dag.py:3834} INFO - Setting next_dagrun for pool to None, run_after=None
[2024-03-21T15:52:57.661+0000] {processor.py:183} INFO - Processing /opt/airflow/dags/pool.py took 0.074 seconds
[2024-03-21T15:53:27.968+0000] {processor.py:161} INFO - Started process (PID=187) to work on /opt/airflow/dags/pool.py
[2024-03-21T15:53:27.968+0000] {processor.py:830} INFO - Processing file /opt/airflow/dags/pool.py for tasks to queue
[2024-03-21T15:53:27.970+0000] {logging_mixin.py:188} INFO - [2024-03-21T15:53:27.969+0000] {dagbag.py:540} INFO - Filling up the DagBag from /opt/airflow/dags/pool.py
[2024-03-21T15:53:27.980+0000] {processor.py:840} INFO - DAG(s) 'pool' retrieved from /opt/airflow/dags/pool.py
[2024-03-21T15:53:28.005+0000] {logging_mixin.py:188} INFO - [2024-03-21T15:53:28.005+0000] {dag.py:3047} INFO - Sync 1 DAGs
[2024-03-21T15:53:28.028+0000] {logging_mixin.py:188} INFO - [2024-03-21T15:53:28.028+0000] {dag.py:3834} INFO - Setting next_dagrun for pool to None, run_after=None
[2024-03-21T15:53:28.042+0000] {processor.py:183} INFO - Processing /opt/airflow/dags/pool.py took 0.076 seconds
[2024-03-21T15:53:58.420+0000] {processor.py:161} INFO - Started process (PID=207) to work on /opt/airflow/dags/pool.py
[2024-03-21T15:53:58.421+0000] {processor.py:830} INFO - Processing file /opt/airflow/dags/pool.py for tasks to queue
[2024-03-21T15:53:58.422+0000] {logging_mixin.py:188} INFO - [2024-03-21T15:53:58.421+0000] {dagbag.py:540} INFO - Filling up the DagBag from /opt/airflow/dags/pool.py
[2024-03-21T15:53:58.434+0000] {processor.py:840} INFO - DAG(s) 'pool' retrieved from /opt/airflow/dags/pool.py
[2024-03-21T15:53:58.459+0000] {logging_mixin.py:188} INFO - [2024-03-21T15:53:58.459+0000] {dag.py:3047} INFO - Sync 1 DAGs
[2024-03-21T15:53:58.475+0000] {logging_mixin.py:188} INFO - [2024-03-21T15:53:58.475+0000] {dag.py:3834} INFO - Setting next_dagrun for pool to None, run_after=None
[2024-03-21T15:53:58.505+0000] {processor.py:183} INFO - Processing /opt/airflow/dags/pool.py took 0.087 seconds
[2024-03-21T15:54:28.689+0000] {processor.py:161} INFO - Started process (PID=227) to work on /opt/airflow/dags/pool.py
[2024-03-21T15:54:28.689+0000] {processor.py:830} INFO - Processing file /opt/airflow/dags/pool.py for tasks to queue
[2024-03-21T15:54:28.691+0000] {logging_mixin.py:188} INFO - [2024-03-21T15:54:28.690+0000] {dagbag.py:540} INFO - Filling up the DagBag from /opt/airflow/dags/pool.py
[2024-03-21T15:54:28.702+0000] {processor.py:840} INFO - DAG(s) 'pool' retrieved from /opt/airflow/dags/pool.py
[2024-03-21T15:54:28.728+0000] {logging_mixin.py:188} INFO - [2024-03-21T15:54:28.728+0000] {dag.py:3047} INFO - Sync 1 DAGs
[2024-03-21T15:54:28.750+0000] {logging_mixin.py:188} INFO - [2024-03-21T15:54:28.750+0000] {dag.py:3834} INFO - Setting next_dagrun for pool to None, run_after=None
[2024-03-21T15:54:28.764+0000] {processor.py:183} INFO - Processing /opt/airflow/dags/pool.py took 0.077 seconds
[2024-03-21T15:54:59.015+0000] {processor.py:161} INFO - Started process (PID=247) to work on /opt/airflow/dags/pool.py
[2024-03-21T15:54:59.016+0000] {processor.py:830} INFO - Processing file /opt/airflow/dags/pool.py for tasks to queue
[2024-03-21T15:54:59.017+0000] {logging_mixin.py:188} INFO - [2024-03-21T15:54:59.017+0000] {dagbag.py:540} INFO - Filling up the DagBag from /opt/airflow/dags/pool.py
[2024-03-21T15:54:59.027+0000] {processor.py:840} INFO - DAG(s) 'pool' retrieved from /opt/airflow/dags/pool.py
[2024-03-21T15:54:59.048+0000] {logging_mixin.py:188} INFO - [2024-03-21T15:54:59.048+0000] {dag.py:3047} INFO - Sync 1 DAGs
[2024-03-21T15:54:59.065+0000] {logging_mixin.py:188} INFO - [2024-03-21T15:54:59.065+0000] {dag.py:3834} INFO - Setting next_dagrun for pool to None, run_after=None
[2024-03-21T15:54:59.080+0000] {processor.py:183} INFO - Processing /opt/airflow/dags/pool.py took 0.067 seconds
[2024-03-21T15:55:29.181+0000] {processor.py:161} INFO - Started process (PID=267) to work on /opt/airflow/dags/pool.py
[2024-03-21T15:55:29.181+0000] {processor.py:830} INFO - Processing file /opt/airflow/dags/pool.py for tasks to queue
[2024-03-21T15:55:29.182+0000] {logging_mixin.py:188} INFO - [2024-03-21T15:55:29.182+0000] {dagbag.py:540} INFO - Filling up the DagBag from /opt/airflow/dags/pool.py
[2024-03-21T15:55:29.195+0000] {processor.py:840} INFO - DAG(s) 'pool' retrieved from /opt/airflow/dags/pool.py
[2024-03-21T15:55:29.220+0000] {logging_mixin.py:188} INFO - [2024-03-21T15:55:29.220+0000] {dag.py:3047} INFO - Sync 1 DAGs
[2024-03-21T15:55:29.240+0000] {logging_mixin.py:188} INFO - [2024-03-21T15:55:29.240+0000] {dag.py:3834} INFO - Setting next_dagrun for pool to None, run_after=None
[2024-03-21T15:55:29.256+0000] {processor.py:183} INFO - Processing /opt/airflow/dags/pool.py took 0.077 seconds
[2024-03-21T15:55:59.421+0000] {processor.py:161} INFO - Started process (PID=287) to work on /opt/airflow/dags/pool.py
[2024-03-21T15:55:59.422+0000] {processor.py:830} INFO - Processing file /opt/airflow/dags/pool.py for tasks to queue
[2024-03-21T15:55:59.423+0000] {logging_mixin.py:188} INFO - [2024-03-21T15:55:59.423+0000] {dagbag.py:540} INFO - Filling up the DagBag from /opt/airflow/dags/pool.py
[2024-03-21T15:55:59.434+0000] {processor.py:840} INFO - DAG(s) 'pool' retrieved from /opt/airflow/dags/pool.py
[2024-03-21T15:55:59.460+0000] {logging_mixin.py:188} INFO - [2024-03-21T15:55:59.460+0000] {dag.py:3047} INFO - Sync 1 DAGs
[2024-03-21T15:55:59.479+0000] {logging_mixin.py:188} INFO - [2024-03-21T15:55:59.479+0000] {dag.py:3834} INFO - Setting next_dagrun for pool to None, run_after=None
[2024-03-21T15:55:59.491+0000] {processor.py:183} INFO - Processing /opt/airflow/dags/pool.py took 0.071 seconds
[2024-03-21T15:56:29.645+0000] {processor.py:161} INFO - Started process (PID=308) to work on /opt/airflow/dags/pool.py
[2024-03-21T15:56:29.645+0000] {processor.py:830} INFO - Processing file /opt/airflow/dags/pool.py for tasks to queue
[2024-03-21T15:56:29.646+0000] {logging_mixin.py:188} INFO - [2024-03-21T15:56:29.646+0000] {dagbag.py:540} INFO - Filling up the DagBag from /opt/airflow/dags/pool.py
[2024-03-21T15:56:29.659+0000] {processor.py:840} INFO - DAG(s) 'pool' retrieved from /opt/airflow/dags/pool.py
[2024-03-21T15:56:29.681+0000] {logging_mixin.py:188} INFO - [2024-03-21T15:56:29.681+0000] {dag.py:3047} INFO - Sync 1 DAGs
[2024-03-21T15:56:29.702+0000] {logging_mixin.py:188} INFO - [2024-03-21T15:56:29.701+0000] {dag.py:3834} INFO - Setting next_dagrun for pool to None, run_after=None
[2024-03-21T15:56:29.719+0000] {processor.py:183} INFO - Processing /opt/airflow/dags/pool.py took 0.076 seconds
[2024-03-21T15:56:59.939+0000] {processor.py:161} INFO - Started process (PID=328) to work on /opt/airflow/dags/pool.py
[2024-03-21T15:56:59.939+0000] {processor.py:830} INFO - Processing file /opt/airflow/dags/pool.py for tasks to queue
[2024-03-21T15:56:59.940+0000] {logging_mixin.py:188} INFO - [2024-03-21T15:56:59.940+0000] {dagbag.py:540} INFO - Filling up the DagBag from /opt/airflow/dags/pool.py
[2024-03-21T15:56:59.951+0000] {processor.py:840} INFO - DAG(s) 'pool' retrieved from /opt/airflow/dags/pool.py
[2024-03-21T15:56:59.973+0000] {logging_mixin.py:188} INFO - [2024-03-21T15:56:59.973+0000] {dag.py:3047} INFO - Sync 1 DAGs
[2024-03-21T15:56:59.992+0000] {logging_mixin.py:188} INFO - [2024-03-21T15:56:59.992+0000] {dag.py:3834} INFO - Setting next_dagrun for pool to None, run_after=None
[2024-03-21T15:57:00.017+0000] {processor.py:183} INFO - Processing /opt/airflow/dags/pool.py took 0.080 seconds
[2024-03-21T15:57:30.117+0000] {processor.py:161} INFO - Started process (PID=348) to work on /opt/airflow/dags/pool.py
[2024-03-21T15:57:30.118+0000] {processor.py:830} INFO - Processing file /opt/airflow/dags/pool.py for tasks to queue
[2024-03-21T15:57:30.119+0000] {logging_mixin.py:188} INFO - [2024-03-21T15:57:30.119+0000] {dagbag.py:540} INFO - Filling up the DagBag from /opt/airflow/dags/pool.py
[2024-03-21T15:57:30.130+0000] {processor.py:840} INFO - DAG(s) 'pool' retrieved from /opt/airflow/dags/pool.py
[2024-03-21T15:57:30.162+0000] {logging_mixin.py:188} INFO - [2024-03-21T15:57:30.162+0000] {dag.py:3047} INFO - Sync 1 DAGs
[2024-03-21T15:57:30.179+0000] {logging_mixin.py:188} INFO - [2024-03-21T15:57:30.179+0000] {dag.py:3834} INFO - Setting next_dagrun for pool to None, run_after=None
[2024-03-21T15:57:30.194+0000] {processor.py:183} INFO - Processing /opt/airflow/dags/pool.py took 0.078 seconds
[2024-03-21T15:58:00.436+0000] {processor.py:161} INFO - Started process (PID=368) to work on /opt/airflow/dags/pool.py
[2024-03-21T15:58:00.436+0000] {processor.py:830} INFO - Processing file /opt/airflow/dags/pool.py for tasks to queue
[2024-03-21T15:58:00.438+0000] {logging_mixin.py:188} INFO - [2024-03-21T15:58:00.437+0000] {dagbag.py:540} INFO - Filling up the DagBag from /opt/airflow/dags/pool.py
[2024-03-21T15:58:00.450+0000] {processor.py:840} INFO - DAG(s) 'pool' retrieved from /opt/airflow/dags/pool.py
[2024-03-21T15:58:00.478+0000] {logging_mixin.py:188} INFO - [2024-03-21T15:58:00.478+0000] {dag.py:3047} INFO - Sync 1 DAGs
[2024-03-21T15:58:00.496+0000] {logging_mixin.py:188} INFO - [2024-03-21T15:58:00.496+0000] {dag.py:3834} INFO - Setting next_dagrun for pool to None, run_after=None
[2024-03-21T15:58:00.509+0000] {processor.py:183} INFO - Processing /opt/airflow/dags/pool.py took 0.075 seconds
[2024-03-21T15:58:30.550+0000] {processor.py:161} INFO - Started process (PID=388) to work on /opt/airflow/dags/pool.py
[2024-03-21T15:58:30.550+0000] {processor.py:830} INFO - Processing file /opt/airflow/dags/pool.py for tasks to queue
[2024-03-21T15:58:30.551+0000] {logging_mixin.py:188} INFO - [2024-03-21T15:58:30.551+0000] {dagbag.py:540} INFO - Filling up the DagBag from /opt/airflow/dags/pool.py
[2024-03-21T15:58:30.563+0000] {processor.py:840} INFO - DAG(s) 'pool' retrieved from /opt/airflow/dags/pool.py
[2024-03-21T15:58:30.587+0000] {logging_mixin.py:188} INFO - [2024-03-21T15:58:30.587+0000] {dag.py:3047} INFO - Sync 1 DAGs
[2024-03-21T15:58:30.608+0000] {logging_mixin.py:188} INFO - [2024-03-21T15:58:30.608+0000] {dag.py:3834} INFO - Setting next_dagrun for pool to None, run_after=None
[2024-03-21T15:58:30.625+0000] {processor.py:183} INFO - Processing /opt/airflow/dags/pool.py took 0.078 seconds
[2024-03-21T15:59:01.066+0000] {processor.py:161} INFO - Started process (PID=408) to work on /opt/airflow/dags/pool.py
[2024-03-21T15:59:01.067+0000] {processor.py:830} INFO - Processing file /opt/airflow/dags/pool.py for tasks to queue
[2024-03-21T15:59:01.068+0000] {logging_mixin.py:188} INFO - [2024-03-21T15:59:01.068+0000] {dagbag.py:540} INFO - Filling up the DagBag from /opt/airflow/dags/pool.py
[2024-03-21T15:59:01.080+0000] {processor.py:840} INFO - DAG(s) 'pool' retrieved from /opt/airflow/dags/pool.py
[2024-03-21T15:59:01.105+0000] {logging_mixin.py:188} INFO - [2024-03-21T15:59:01.105+0000] {dag.py:3047} INFO - Sync 1 DAGs
[2024-03-21T15:59:01.125+0000] {logging_mixin.py:188} INFO - [2024-03-21T15:59:01.125+0000] {dag.py:3834} INFO - Setting next_dagrun for pool to None, run_after=None
[2024-03-21T15:59:01.142+0000] {processor.py:183} INFO - Processing /opt/airflow/dags/pool.py took 0.078 seconds
[2024-03-21T15:59:14.666+0000] {processor.py:161} INFO - Started process (PID=414) to work on /opt/airflow/dags/pool.py
[2024-03-21T15:59:14.667+0000] {processor.py:830} INFO - Processing file /opt/airflow/dags/pool.py for tasks to queue
[2024-03-21T15:59:14.668+0000] {logging_mixin.py:188} INFO - [2024-03-21T15:59:14.668+0000] {dagbag.py:540} INFO - Filling up the DagBag from /opt/airflow/dags/pool.py
[2024-03-21T15:59:14.686+0000] {processor.py:840} INFO - DAG(s) 'pool' retrieved from /opt/airflow/dags/pool.py
[2024-03-21T15:59:14.711+0000] {logging_mixin.py:188} INFO - [2024-03-21T15:59:14.711+0000] {dag.py:3047} INFO - Sync 1 DAGs
[2024-03-21T15:59:14.728+0000] {logging_mixin.py:188} INFO - [2024-03-21T15:59:14.728+0000] {dag.py:3834} INFO - Setting next_dagrun for pool to None, run_after=None
[2024-03-21T15:59:14.748+0000] {processor.py:183} INFO - Processing /opt/airflow/dags/pool.py took 0.084 seconds
[2024-03-21T15:59:24.881+0000] {processor.py:161} INFO - Started process (PID=421) to work on /opt/airflow/dags/pool.py
[2024-03-21T15:59:24.882+0000] {processor.py:830} INFO - Processing file /opt/airflow/dags/pool.py for tasks to queue
[2024-03-21T15:59:24.883+0000] {logging_mixin.py:188} INFO - [2024-03-21T15:59:24.883+0000] {dagbag.py:540} INFO - Filling up the DagBag from /opt/airflow/dags/pool.py
[2024-03-21T15:59:24.907+0000] {processor.py:840} INFO - DAG(s) 'pool' retrieved from /opt/airflow/dags/pool.py
[2024-03-21T15:59:24.928+0000] {logging_mixin.py:188} INFO - [2024-03-21T15:59:24.928+0000] {dag.py:3047} INFO - Sync 1 DAGs
[2024-03-21T15:59:24.944+0000] {logging_mixin.py:188} INFO - [2024-03-21T15:59:24.944+0000] {dag.py:3834} INFO - Setting next_dagrun for pool to None, run_after=None
[2024-03-21T15:59:24.966+0000] {processor.py:183} INFO - Processing /opt/airflow/dags/pool.py took 0.087 seconds
[2024-03-21T15:59:55.162+0000] {processor.py:161} INFO - Started process (PID=441) to work on /opt/airflow/dags/pool.py
[2024-03-21T15:59:55.163+0000] {processor.py:830} INFO - Processing file /opt/airflow/dags/pool.py for tasks to queue
[2024-03-21T15:59:55.164+0000] {logging_mixin.py:188} INFO - [2024-03-21T15:59:55.164+0000] {dagbag.py:540} INFO - Filling up the DagBag from /opt/airflow/dags/pool.py
[2024-03-21T15:59:55.175+0000] {processor.py:840} INFO - DAG(s) 'pool' retrieved from /opt/airflow/dags/pool.py
[2024-03-21T15:59:55.196+0000] {logging_mixin.py:188} INFO - [2024-03-21T15:59:55.195+0000] {dag.py:3047} INFO - Sync 1 DAGs
[2024-03-21T15:59:55.255+0000] {logging_mixin.py:188} INFO - [2024-03-21T15:59:55.255+0000] {dag.py:3834} INFO - Setting next_dagrun for pool to None, run_after=None
[2024-03-21T15:59:55.277+0000] {processor.py:183} INFO - Processing /opt/airflow/dags/pool.py took 0.117 seconds
[2024-03-21T16:00:10.048+0000] {processor.py:161} INFO - Started process (PID=455) to work on /opt/airflow/dags/pool.py
[2024-03-21T16:00:10.049+0000] {processor.py:830} INFO - Processing file /opt/airflow/dags/pool.py for tasks to queue
[2024-03-21T16:00:10.050+0000] {logging_mixin.py:188} INFO - [2024-03-21T16:00:10.050+0000] {dagbag.py:540} INFO - Filling up the DagBag from /opt/airflow/dags/pool.py
[2024-03-21T16:00:10.071+0000] {processor.py:840} INFO - DAG(s) 'pool' retrieved from /opt/airflow/dags/pool.py
[2024-03-21T16:00:10.093+0000] {logging_mixin.py:188} INFO - [2024-03-21T16:00:10.093+0000] {dag.py:3047} INFO - Sync 1 DAGs
[2024-03-21T16:00:10.109+0000] {logging_mixin.py:188} INFO - [2024-03-21T16:00:10.109+0000] {dag.py:3834} INFO - Setting next_dagrun for pool to None, run_after=None
[2024-03-21T16:00:10.129+0000] {processor.py:183} INFO - Processing /opt/airflow/dags/pool.py took 0.083 seconds
[2024-03-21T16:00:40.433+0000] {processor.py:161} INFO - Started process (PID=475) to work on /opt/airflow/dags/pool.py
[2024-03-21T16:00:40.434+0000] {processor.py:830} INFO - Processing file /opt/airflow/dags/pool.py for tasks to queue
[2024-03-21T16:00:40.435+0000] {logging_mixin.py:188} INFO - [2024-03-21T16:00:40.435+0000] {dagbag.py:540} INFO - Filling up the DagBag from /opt/airflow/dags/pool.py
[2024-03-21T16:00:40.445+0000] {processor.py:840} INFO - DAG(s) 'pool' retrieved from /opt/airflow/dags/pool.py
[2024-03-21T16:00:40.469+0000] {logging_mixin.py:188} INFO - [2024-03-21T16:00:40.469+0000] {dag.py:3047} INFO - Sync 1 DAGs
[2024-03-21T16:00:40.483+0000] {logging_mixin.py:188} INFO - [2024-03-21T16:00:40.483+0000] {dag.py:3834} INFO - Setting next_dagrun for pool to None, run_after=None
[2024-03-21T16:00:40.501+0000] {processor.py:183} INFO - Processing /opt/airflow/dags/pool.py took 0.070 seconds
[2024-03-21T16:01:10.612+0000] {processor.py:161} INFO - Started process (PID=496) to work on /opt/airflow/dags/pool.py
[2024-03-21T16:01:10.614+0000] {processor.py:830} INFO - Processing file /opt/airflow/dags/pool.py for tasks to queue
[2024-03-21T16:01:10.615+0000] {logging_mixin.py:188} INFO - [2024-03-21T16:01:10.615+0000] {dagbag.py:540} INFO - Filling up the DagBag from /opt/airflow/dags/pool.py
[2024-03-21T16:01:10.631+0000] {processor.py:840} INFO - DAG(s) 'pool' retrieved from /opt/airflow/dags/pool.py
[2024-03-21T16:01:10.650+0000] {logging_mixin.py:188} INFO - [2024-03-21T16:01:10.650+0000] {dag.py:3047} INFO - Sync 1 DAGs
[2024-03-21T16:01:10.665+0000] {logging_mixin.py:188} INFO - [2024-03-21T16:01:10.665+0000] {dag.py:3834} INFO - Setting next_dagrun for pool to None, run_after=None
[2024-03-21T16:01:10.683+0000] {processor.py:183} INFO - Processing /opt/airflow/dags/pool.py took 0.073 seconds
[2024-03-21T16:01:40.801+0000] {processor.py:161} INFO - Started process (PID=516) to work on /opt/airflow/dags/pool.py
[2024-03-21T16:01:40.801+0000] {processor.py:830} INFO - Processing file /opt/airflow/dags/pool.py for tasks to queue
[2024-03-21T16:01:40.802+0000] {logging_mixin.py:188} INFO - [2024-03-21T16:01:40.802+0000] {dagbag.py:540} INFO - Filling up the DagBag from /opt/airflow/dags/pool.py
[2024-03-21T16:01:40.812+0000] {processor.py:840} INFO - DAG(s) 'pool' retrieved from /opt/airflow/dags/pool.py
[2024-03-21T16:01:40.836+0000] {logging_mixin.py:188} INFO - [2024-03-21T16:01:40.836+0000] {dag.py:3047} INFO - Sync 1 DAGs
[2024-03-21T16:01:40.850+0000] {logging_mixin.py:188} INFO - [2024-03-21T16:01:40.850+0000] {dag.py:3834} INFO - Setting next_dagrun for pool to None, run_after=None
[2024-03-21T16:01:40.867+0000] {processor.py:183} INFO - Processing /opt/airflow/dags/pool.py took 0.068 seconds
[2024-03-21T16:02:11.241+0000] {processor.py:161} INFO - Started process (PID=536) to work on /opt/airflow/dags/pool.py
[2024-03-21T16:02:11.242+0000] {processor.py:830} INFO - Processing file /opt/airflow/dags/pool.py for tasks to queue
[2024-03-21T16:02:11.243+0000] {logging_mixin.py:188} INFO - [2024-03-21T16:02:11.243+0000] {dagbag.py:540} INFO - Filling up the DagBag from /opt/airflow/dags/pool.py
[2024-03-21T16:02:11.256+0000] {processor.py:840} INFO - DAG(s) 'pool' retrieved from /opt/airflow/dags/pool.py
[2024-03-21T16:02:11.283+0000] {logging_mixin.py:188} INFO - [2024-03-21T16:02:11.282+0000] {dag.py:3047} INFO - Sync 1 DAGs
[2024-03-21T16:02:11.301+0000] {logging_mixin.py:188} INFO - [2024-03-21T16:02:11.301+0000] {dag.py:3834} INFO - Setting next_dagrun for pool to None, run_after=None
[2024-03-21T16:02:11.325+0000] {processor.py:183} INFO - Processing /opt/airflow/dags/pool.py took 0.085 seconds
[2024-03-21T16:02:41.392+0000] {processor.py:161} INFO - Started process (PID=556) to work on /opt/airflow/dags/pool.py
[2024-03-21T16:02:41.393+0000] {processor.py:830} INFO - Processing file /opt/airflow/dags/pool.py for tasks to queue
[2024-03-21T16:02:41.394+0000] {logging_mixin.py:188} INFO - [2024-03-21T16:02:41.394+0000] {dagbag.py:540} INFO - Filling up the DagBag from /opt/airflow/dags/pool.py
[2024-03-21T16:02:41.408+0000] {processor.py:840} INFO - DAG(s) 'pool' retrieved from /opt/airflow/dags/pool.py
[2024-03-21T16:02:41.437+0000] {logging_mixin.py:188} INFO - [2024-03-21T16:02:41.437+0000] {dag.py:3047} INFO - Sync 1 DAGs
[2024-03-21T16:02:41.463+0000] {logging_mixin.py:188} INFO - [2024-03-21T16:02:41.463+0000] {dag.py:3834} INFO - Setting next_dagrun for pool to None, run_after=None
[2024-03-21T16:02:41.483+0000] {processor.py:183} INFO - Processing /opt/airflow/dags/pool.py took 0.092 seconds
[2024-03-21T16:03:11.625+0000] {processor.py:161} INFO - Started process (PID=576) to work on /opt/airflow/dags/pool.py
[2024-03-21T16:03:11.626+0000] {processor.py:830} INFO - Processing file /opt/airflow/dags/pool.py for tasks to queue
[2024-03-21T16:03:11.627+0000] {logging_mixin.py:188} INFO - [2024-03-21T16:03:11.627+0000] {dagbag.py:540} INFO - Filling up the DagBag from /opt/airflow/dags/pool.py
[2024-03-21T16:03:11.640+0000] {processor.py:840} INFO - DAG(s) 'pool' retrieved from /opt/airflow/dags/pool.py
[2024-03-21T16:03:11.664+0000] {logging_mixin.py:188} INFO - [2024-03-21T16:03:11.663+0000] {dag.py:3047} INFO - Sync 1 DAGs
[2024-03-21T16:03:11.681+0000] {logging_mixin.py:188} INFO - [2024-03-21T16:03:11.681+0000] {dag.py:3834} INFO - Setting next_dagrun for pool to None, run_after=None
[2024-03-21T16:03:11.705+0000] {processor.py:183} INFO - Processing /opt/airflow/dags/pool.py took 0.082 seconds
[2024-03-21T16:03:41.934+0000] {processor.py:161} INFO - Started process (PID=596) to work on /opt/airflow/dags/pool.py
[2024-03-21T16:03:41.934+0000] {processor.py:830} INFO - Processing file /opt/airflow/dags/pool.py for tasks to queue
[2024-03-21T16:03:41.936+0000] {logging_mixin.py:188} INFO - [2024-03-21T16:03:41.935+0000] {dagbag.py:540} INFO - Filling up the DagBag from /opt/airflow/dags/pool.py
[2024-03-21T16:03:41.947+0000] {processor.py:840} INFO - DAG(s) 'pool' retrieved from /opt/airflow/dags/pool.py
[2024-03-21T16:03:41.968+0000] {logging_mixin.py:188} INFO - [2024-03-21T16:03:41.968+0000] {dag.py:3047} INFO - Sync 1 DAGs
[2024-03-21T16:03:41.986+0000] {logging_mixin.py:188} INFO - [2024-03-21T16:03:41.985+0000] {dag.py:3834} INFO - Setting next_dagrun for pool to None, run_after=None
[2024-03-21T16:03:42.001+0000] {processor.py:183} INFO - Processing /opt/airflow/dags/pool.py took 0.069 seconds
[2024-03-21T16:04:12.116+0000] {processor.py:161} INFO - Started process (PID=616) to work on /opt/airflow/dags/pool.py
[2024-03-21T16:04:12.116+0000] {processor.py:830} INFO - Processing file /opt/airflow/dags/pool.py for tasks to queue
[2024-03-21T16:04:12.117+0000] {logging_mixin.py:188} INFO - [2024-03-21T16:04:12.117+0000] {dagbag.py:540} INFO - Filling up the DagBag from /opt/airflow/dags/pool.py
[2024-03-21T16:04:12.129+0000] {processor.py:840} INFO - DAG(s) 'pool' retrieved from /opt/airflow/dags/pool.py
[2024-03-21T16:04:12.152+0000] {logging_mixin.py:188} INFO - [2024-03-21T16:04:12.152+0000] {dag.py:3047} INFO - Sync 1 DAGs
[2024-03-21T16:04:12.168+0000] {logging_mixin.py:188} INFO - [2024-03-21T16:04:12.168+0000] {dag.py:3834} INFO - Setting next_dagrun for pool to None, run_after=None
[2024-03-21T16:04:12.186+0000] {processor.py:183} INFO - Processing /opt/airflow/dags/pool.py took 0.072 seconds
