[2024-03-21T15:48:48.550+0000] {processor.py:161} INFO - Started process (PID=51) to work on /opt/airflow/dags/python_operator.py
[2024-03-21T15:48:48.551+0000] {processor.py:830} INFO - Processing file /opt/airflow/dags/python_operator.py for tasks to queue
[2024-03-21T15:48:48.553+0000] {logging_mixin.py:188} INFO - [2024-03-21T15:48:48.552+0000] {dagbag.py:540} INFO - Filling up the DagBag from /opt/airflow/dags/python_operator.py
[2024-03-21T15:48:48.569+0000] {processor.py:840} INFO - DAG(s) 'python_operator' retrieved from /opt/airflow/dags/python_operator.py
[2024-03-21T15:48:48.603+0000] {logging_mixin.py:188} INFO - [2024-03-21T15:48:48.602+0000] {dag.py:3047} INFO - Sync 1 DAGs
[2024-03-21T15:48:48.630+0000] {logging_mixin.py:188} INFO - [2024-03-21T15:48:48.630+0000] {dag.py:3834} INFO - Setting next_dagrun for python_operator to None, run_after=None
[2024-03-21T15:48:48.651+0000] {processor.py:183} INFO - Processing /opt/airflow/dags/python_operator.py took 0.103 seconds
[2024-03-21T15:49:18.809+0000] {processor.py:161} INFO - Started process (PID=73) to work on /opt/airflow/dags/python_operator.py
[2024-03-21T15:49:18.811+0000] {processor.py:830} INFO - Processing file /opt/airflow/dags/python_operator.py for tasks to queue
[2024-03-21T15:49:18.812+0000] {logging_mixin.py:188} INFO - [2024-03-21T15:49:18.812+0000] {dagbag.py:540} INFO - Filling up the DagBag from /opt/airflow/dags/python_operator.py
[2024-03-21T15:49:18.824+0000] {processor.py:840} INFO - DAG(s) 'python_operator' retrieved from /opt/airflow/dags/python_operator.py
[2024-03-21T15:49:18.847+0000] {logging_mixin.py:188} INFO - [2024-03-21T15:49:18.846+0000] {dag.py:3047} INFO - Sync 1 DAGs
[2024-03-21T15:49:18.867+0000] {logging_mixin.py:188} INFO - [2024-03-21T15:49:18.867+0000] {dag.py:3834} INFO - Setting next_dagrun for python_operator to None, run_after=None
[2024-03-21T15:49:18.884+0000] {processor.py:183} INFO - Processing /opt/airflow/dags/python_operator.py took 0.076 seconds
[2024-03-21T15:49:55.884+0000] {processor.py:161} INFO - Started process (PID=51) to work on /opt/airflow/dags/python_operator.py
[2024-03-21T15:49:55.885+0000] {processor.py:830} INFO - Processing file /opt/airflow/dags/python_operator.py for tasks to queue
[2024-03-21T15:49:55.886+0000] {logging_mixin.py:188} INFO - [2024-03-21T15:49:55.886+0000] {dagbag.py:540} INFO - Filling up the DagBag from /opt/airflow/dags/python_operator.py
[2024-03-21T15:49:55.900+0000] {processor.py:840} INFO - DAG(s) 'python_operator' retrieved from /opt/airflow/dags/python_operator.py
[2024-03-21T15:49:55.967+0000] {logging_mixin.py:188} INFO - [2024-03-21T15:49:55.967+0000] {dag.py:3047} INFO - Sync 1 DAGs
[2024-03-21T15:49:55.982+0000] {logging_mixin.py:188} INFO - [2024-03-21T15:49:55.982+0000] {dag.py:3834} INFO - Setting next_dagrun for python_operator to None, run_after=None
[2024-03-21T15:49:55.997+0000] {processor.py:183} INFO - Processing /opt/airflow/dags/python_operator.py took 0.114 seconds
[2024-03-21T15:50:26.232+0000] {processor.py:161} INFO - Started process (PID=72) to work on /opt/airflow/dags/python_operator.py
[2024-03-21T15:50:26.233+0000] {processor.py:830} INFO - Processing file /opt/airflow/dags/python_operator.py for tasks to queue
[2024-03-21T15:50:26.234+0000] {logging_mixin.py:188} INFO - [2024-03-21T15:50:26.234+0000] {dagbag.py:540} INFO - Filling up the DagBag from /opt/airflow/dags/python_operator.py
[2024-03-21T15:50:26.248+0000] {processor.py:840} INFO - DAG(s) 'python_operator' retrieved from /opt/airflow/dags/python_operator.py
[2024-03-21T15:50:26.273+0000] {logging_mixin.py:188} INFO - [2024-03-21T15:50:26.273+0000] {dag.py:3047} INFO - Sync 1 DAGs
[2024-03-21T15:50:26.291+0000] {logging_mixin.py:188} INFO - [2024-03-21T15:50:26.291+0000] {dag.py:3834} INFO - Setting next_dagrun for python_operator to None, run_after=None
[2024-03-21T15:50:26.309+0000] {processor.py:183} INFO - Processing /opt/airflow/dags/python_operator.py took 0.079 seconds
[2024-03-21T15:50:56.721+0000] {processor.py:161} INFO - Started process (PID=92) to work on /opt/airflow/dags/python_operator.py
[2024-03-21T15:50:56.721+0000] {processor.py:830} INFO - Processing file /opt/airflow/dags/python_operator.py for tasks to queue
[2024-03-21T15:50:56.723+0000] {logging_mixin.py:188} INFO - [2024-03-21T15:50:56.722+0000] {dagbag.py:540} INFO - Filling up the DagBag from /opt/airflow/dags/python_operator.py
[2024-03-21T15:50:56.737+0000] {processor.py:840} INFO - DAG(s) 'python_operator' retrieved from /opt/airflow/dags/python_operator.py
[2024-03-21T15:50:56.756+0000] {logging_mixin.py:188} INFO - [2024-03-21T15:50:56.756+0000] {dag.py:3047} INFO - Sync 1 DAGs
[2024-03-21T15:50:56.772+0000] {logging_mixin.py:188} INFO - [2024-03-21T15:50:56.772+0000] {dag.py:3834} INFO - Setting next_dagrun for python_operator to None, run_after=None
[2024-03-21T15:50:56.786+0000] {processor.py:183} INFO - Processing /opt/airflow/dags/python_operator.py took 0.067 seconds
[2024-03-21T15:51:26.930+0000] {processor.py:161} INFO - Started process (PID=112) to work on /opt/airflow/dags/python_operator.py
[2024-03-21T15:51:26.931+0000] {processor.py:830} INFO - Processing file /opt/airflow/dags/python_operator.py for tasks to queue
[2024-03-21T15:51:26.932+0000] {logging_mixin.py:188} INFO - [2024-03-21T15:51:26.932+0000] {dagbag.py:540} INFO - Filling up the DagBag from /opt/airflow/dags/python_operator.py
[2024-03-21T15:51:26.944+0000] {processor.py:840} INFO - DAG(s) 'python_operator' retrieved from /opt/airflow/dags/python_operator.py
[2024-03-21T15:51:26.964+0000] {logging_mixin.py:188} INFO - [2024-03-21T15:51:26.964+0000] {dag.py:3047} INFO - Sync 1 DAGs
[2024-03-21T15:51:26.980+0000] {logging_mixin.py:188} INFO - [2024-03-21T15:51:26.980+0000] {dag.py:3834} INFO - Setting next_dagrun for python_operator to None, run_after=None
[2024-03-21T15:51:27.001+0000] {processor.py:183} INFO - Processing /opt/airflow/dags/python_operator.py took 0.073 seconds
[2024-03-21T15:51:57.257+0000] {processor.py:161} INFO - Started process (PID=132) to work on /opt/airflow/dags/python_operator.py
[2024-03-21T15:51:57.258+0000] {processor.py:830} INFO - Processing file /opt/airflow/dags/python_operator.py for tasks to queue
[2024-03-21T15:51:57.260+0000] {logging_mixin.py:188} INFO - [2024-03-21T15:51:57.260+0000] {dagbag.py:540} INFO - Filling up the DagBag from /opt/airflow/dags/python_operator.py
[2024-03-21T15:51:57.273+0000] {processor.py:840} INFO - DAG(s) 'python_operator' retrieved from /opt/airflow/dags/python_operator.py
[2024-03-21T15:51:57.294+0000] {logging_mixin.py:188} INFO - [2024-03-21T15:51:57.294+0000] {dag.py:3047} INFO - Sync 1 DAGs
[2024-03-21T15:51:57.311+0000] {logging_mixin.py:188} INFO - [2024-03-21T15:51:57.311+0000] {dag.py:3834} INFO - Setting next_dagrun for python_operator to None, run_after=None
[2024-03-21T15:51:57.333+0000] {processor.py:183} INFO - Processing /opt/airflow/dags/python_operator.py took 0.078 seconds
[2024-03-21T15:52:27.501+0000] {processor.py:161} INFO - Started process (PID=152) to work on /opt/airflow/dags/python_operator.py
[2024-03-21T15:52:27.501+0000] {processor.py:830} INFO - Processing file /opt/airflow/dags/python_operator.py for tasks to queue
[2024-03-21T15:52:27.502+0000] {logging_mixin.py:188} INFO - [2024-03-21T15:52:27.502+0000] {dagbag.py:540} INFO - Filling up the DagBag from /opt/airflow/dags/python_operator.py
[2024-03-21T15:52:27.514+0000] {processor.py:840} INFO - DAG(s) 'python_operator' retrieved from /opt/airflow/dags/python_operator.py
[2024-03-21T15:52:27.536+0000] {logging_mixin.py:188} INFO - [2024-03-21T15:52:27.535+0000] {dag.py:3047} INFO - Sync 1 DAGs
[2024-03-21T15:52:27.551+0000] {logging_mixin.py:188} INFO - [2024-03-21T15:52:27.551+0000] {dag.py:3834} INFO - Setting next_dagrun for python_operator to None, run_after=None
[2024-03-21T15:52:27.571+0000] {processor.py:183} INFO - Processing /opt/airflow/dags/python_operator.py took 0.072 seconds
[2024-03-21T15:52:57.851+0000] {processor.py:161} INFO - Started process (PID=172) to work on /opt/airflow/dags/python_operator.py
[2024-03-21T15:52:57.851+0000] {processor.py:830} INFO - Processing file /opt/airflow/dags/python_operator.py for tasks to queue
[2024-03-21T15:52:57.852+0000] {logging_mixin.py:188} INFO - [2024-03-21T15:52:57.852+0000] {dagbag.py:540} INFO - Filling up the DagBag from /opt/airflow/dags/python_operator.py
[2024-03-21T15:52:57.864+0000] {processor.py:840} INFO - DAG(s) 'python_operator' retrieved from /opt/airflow/dags/python_operator.py
[2024-03-21T15:52:57.889+0000] {logging_mixin.py:188} INFO - [2024-03-21T15:52:57.889+0000] {dag.py:3047} INFO - Sync 1 DAGs
[2024-03-21T15:52:57.919+0000] {logging_mixin.py:188} INFO - [2024-03-21T15:52:57.919+0000] {dag.py:3834} INFO - Setting next_dagrun for python_operator to None, run_after=None
[2024-03-21T15:52:57.944+0000] {processor.py:183} INFO - Processing /opt/airflow/dags/python_operator.py took 0.095 seconds
[2024-03-21T15:53:28.214+0000] {processor.py:161} INFO - Started process (PID=192) to work on /opt/airflow/dags/python_operator.py
[2024-03-21T15:53:28.215+0000] {processor.py:830} INFO - Processing file /opt/airflow/dags/python_operator.py for tasks to queue
[2024-03-21T15:53:28.216+0000] {logging_mixin.py:188} INFO - [2024-03-21T15:53:28.216+0000] {dagbag.py:540} INFO - Filling up the DagBag from /opt/airflow/dags/python_operator.py
[2024-03-21T15:53:28.231+0000] {processor.py:840} INFO - DAG(s) 'python_operator' retrieved from /opt/airflow/dags/python_operator.py
[2024-03-21T15:53:28.253+0000] {logging_mixin.py:188} INFO - [2024-03-21T15:53:28.253+0000] {dag.py:3047} INFO - Sync 1 DAGs
[2024-03-21T15:53:28.270+0000] {logging_mixin.py:188} INFO - [2024-03-21T15:53:28.270+0000] {dag.py:3834} INFO - Setting next_dagrun for python_operator to None, run_after=None
[2024-03-21T15:53:28.290+0000] {processor.py:183} INFO - Processing /opt/airflow/dags/python_operator.py took 0.078 seconds
[2024-03-21T15:53:58.686+0000] {processor.py:161} INFO - Started process (PID=212) to work on /opt/airflow/dags/python_operator.py
[2024-03-21T15:53:58.686+0000] {processor.py:830} INFO - Processing file /opt/airflow/dags/python_operator.py for tasks to queue
[2024-03-21T15:53:58.688+0000] {logging_mixin.py:188} INFO - [2024-03-21T15:53:58.687+0000] {dagbag.py:540} INFO - Filling up the DagBag from /opt/airflow/dags/python_operator.py
[2024-03-21T15:53:58.703+0000] {processor.py:840} INFO - DAG(s) 'python_operator' retrieved from /opt/airflow/dags/python_operator.py
[2024-03-21T15:53:58.726+0000] {logging_mixin.py:188} INFO - [2024-03-21T15:53:58.725+0000] {dag.py:3047} INFO - Sync 1 DAGs
[2024-03-21T15:53:58.741+0000] {logging_mixin.py:188} INFO - [2024-03-21T15:53:58.741+0000] {dag.py:3834} INFO - Setting next_dagrun for python_operator to None, run_after=None
[2024-03-21T15:53:58.754+0000] {processor.py:183} INFO - Processing /opt/airflow/dags/python_operator.py took 0.070 seconds
[2024-03-21T15:54:28.952+0000] {processor.py:161} INFO - Started process (PID=232) to work on /opt/airflow/dags/python_operator.py
[2024-03-21T15:54:28.953+0000] {processor.py:830} INFO - Processing file /opt/airflow/dags/python_operator.py for tasks to queue
[2024-03-21T15:54:28.954+0000] {logging_mixin.py:188} INFO - [2024-03-21T15:54:28.954+0000] {dagbag.py:540} INFO - Filling up the DagBag from /opt/airflow/dags/python_operator.py
[2024-03-21T15:54:28.966+0000] {processor.py:840} INFO - DAG(s) 'python_operator' retrieved from /opt/airflow/dags/python_operator.py
[2024-03-21T15:54:28.988+0000] {logging_mixin.py:188} INFO - [2024-03-21T15:54:28.988+0000] {dag.py:3047} INFO - Sync 1 DAGs
[2024-03-21T15:54:29.006+0000] {logging_mixin.py:188} INFO - [2024-03-21T15:54:29.006+0000] {dag.py:3834} INFO - Setting next_dagrun for python_operator to None, run_after=None
[2024-03-21T15:54:29.023+0000] {processor.py:183} INFO - Processing /opt/airflow/dags/python_operator.py took 0.073 seconds
[2024-03-21T15:54:59.302+0000] {processor.py:161} INFO - Started process (PID=252) to work on /opt/airflow/dags/python_operator.py
[2024-03-21T15:54:59.303+0000] {processor.py:830} INFO - Processing file /opt/airflow/dags/python_operator.py for tasks to queue
[2024-03-21T15:54:59.304+0000] {logging_mixin.py:188} INFO - [2024-03-21T15:54:59.303+0000] {dagbag.py:540} INFO - Filling up the DagBag from /opt/airflow/dags/python_operator.py
[2024-03-21T15:54:59.315+0000] {processor.py:840} INFO - DAG(s) 'python_operator' retrieved from /opt/airflow/dags/python_operator.py
[2024-03-21T15:54:59.346+0000] {logging_mixin.py:188} INFO - [2024-03-21T15:54:59.346+0000] {dag.py:3047} INFO - Sync 1 DAGs
[2024-03-21T15:54:59.363+0000] {logging_mixin.py:188} INFO - [2024-03-21T15:54:59.363+0000] {dag.py:3834} INFO - Setting next_dagrun for python_operator to None, run_after=None
[2024-03-21T15:54:59.382+0000] {processor.py:183} INFO - Processing /opt/airflow/dags/python_operator.py took 0.082 seconds
[2024-03-21T15:55:29.456+0000] {processor.py:161} INFO - Started process (PID=272) to work on /opt/airflow/dags/python_operator.py
[2024-03-21T15:55:29.457+0000] {processor.py:830} INFO - Processing file /opt/airflow/dags/python_operator.py for tasks to queue
[2024-03-21T15:55:29.458+0000] {logging_mixin.py:188} INFO - [2024-03-21T15:55:29.458+0000] {dagbag.py:540} INFO - Filling up the DagBag from /opt/airflow/dags/python_operator.py
[2024-03-21T15:55:29.470+0000] {processor.py:840} INFO - DAG(s) 'python_operator' retrieved from /opt/airflow/dags/python_operator.py
[2024-03-21T15:55:29.490+0000] {logging_mixin.py:188} INFO - [2024-03-21T15:55:29.490+0000] {dag.py:3047} INFO - Sync 1 DAGs
[2024-03-21T15:55:29.522+0000] {logging_mixin.py:188} INFO - [2024-03-21T15:55:29.521+0000] {dag.py:3834} INFO - Setting next_dagrun for python_operator to None, run_after=None
[2024-03-21T15:55:29.544+0000] {processor.py:183} INFO - Processing /opt/airflow/dags/python_operator.py took 0.091 seconds
[2024-03-21T15:55:59.701+0000] {processor.py:161} INFO - Started process (PID=292) to work on /opt/airflow/dags/python_operator.py
[2024-03-21T15:55:59.702+0000] {processor.py:830} INFO - Processing file /opt/airflow/dags/python_operator.py for tasks to queue
[2024-03-21T15:55:59.703+0000] {logging_mixin.py:188} INFO - [2024-03-21T15:55:59.703+0000] {dagbag.py:540} INFO - Filling up the DagBag from /opt/airflow/dags/python_operator.py
[2024-03-21T15:55:59.717+0000] {processor.py:840} INFO - DAG(s) 'python_operator' retrieved from /opt/airflow/dags/python_operator.py
[2024-03-21T15:55:59.739+0000] {logging_mixin.py:188} INFO - [2024-03-21T15:55:59.739+0000] {dag.py:3047} INFO - Sync 1 DAGs
[2024-03-21T15:55:59.758+0000] {logging_mixin.py:188} INFO - [2024-03-21T15:55:59.758+0000] {dag.py:3834} INFO - Setting next_dagrun for python_operator to None, run_after=None
[2024-03-21T15:55:59.772+0000] {processor.py:183} INFO - Processing /opt/airflow/dags/python_operator.py took 0.073 seconds
[2024-03-21T15:56:29.903+0000] {processor.py:161} INFO - Started process (PID=313) to work on /opt/airflow/dags/python_operator.py
[2024-03-21T15:56:29.904+0000] {processor.py:830} INFO - Processing file /opt/airflow/dags/python_operator.py for tasks to queue
[2024-03-21T15:56:29.905+0000] {logging_mixin.py:188} INFO - [2024-03-21T15:56:29.905+0000] {dagbag.py:540} INFO - Filling up the DagBag from /opt/airflow/dags/python_operator.py
[2024-03-21T15:56:29.922+0000] {processor.py:840} INFO - DAG(s) 'python_operator' retrieved from /opt/airflow/dags/python_operator.py
[2024-03-21T15:56:29.942+0000] {logging_mixin.py:188} INFO - [2024-03-21T15:56:29.942+0000] {dag.py:3047} INFO - Sync 1 DAGs
[2024-03-21T15:56:29.958+0000] {logging_mixin.py:188} INFO - [2024-03-21T15:56:29.958+0000] {dag.py:3834} INFO - Setting next_dagrun for python_operator to None, run_after=None
[2024-03-21T15:56:29.973+0000] {processor.py:183} INFO - Processing /opt/airflow/dags/python_operator.py took 0.072 seconds
[2024-03-21T15:57:00.201+0000] {processor.py:161} INFO - Started process (PID=333) to work on /opt/airflow/dags/python_operator.py
[2024-03-21T15:57:00.202+0000] {processor.py:830} INFO - Processing file /opt/airflow/dags/python_operator.py for tasks to queue
[2024-03-21T15:57:00.203+0000] {logging_mixin.py:188} INFO - [2024-03-21T15:57:00.202+0000] {dagbag.py:540} INFO - Filling up the DagBag from /opt/airflow/dags/python_operator.py
[2024-03-21T15:57:00.219+0000] {processor.py:840} INFO - DAG(s) 'python_operator' retrieved from /opt/airflow/dags/python_operator.py
[2024-03-21T15:57:00.238+0000] {logging_mixin.py:188} INFO - [2024-03-21T15:57:00.238+0000] {dag.py:3047} INFO - Sync 1 DAGs
[2024-03-21T15:57:00.262+0000] {logging_mixin.py:188} INFO - [2024-03-21T15:57:00.262+0000] {dag.py:3834} INFO - Setting next_dagrun for python_operator to None, run_after=None
[2024-03-21T15:57:00.281+0000] {processor.py:183} INFO - Processing /opt/airflow/dags/python_operator.py took 0.082 seconds
[2024-03-21T15:57:30.354+0000] {processor.py:161} INFO - Started process (PID=353) to work on /opt/airflow/dags/python_operator.py
[2024-03-21T15:57:30.355+0000] {processor.py:830} INFO - Processing file /opt/airflow/dags/python_operator.py for tasks to queue
[2024-03-21T15:57:30.356+0000] {logging_mixin.py:188} INFO - [2024-03-21T15:57:30.356+0000] {dagbag.py:540} INFO - Filling up the DagBag from /opt/airflow/dags/python_operator.py
[2024-03-21T15:57:30.371+0000] {processor.py:840} INFO - DAG(s) 'python_operator' retrieved from /opt/airflow/dags/python_operator.py
[2024-03-21T15:57:30.392+0000] {logging_mixin.py:188} INFO - [2024-03-21T15:57:30.392+0000] {dag.py:3047} INFO - Sync 1 DAGs
[2024-03-21T15:57:30.408+0000] {logging_mixin.py:188} INFO - [2024-03-21T15:57:30.408+0000] {dag.py:3834} INFO - Setting next_dagrun for python_operator to None, run_after=None
[2024-03-21T15:57:30.421+0000] {processor.py:183} INFO - Processing /opt/airflow/dags/python_operator.py took 0.068 seconds
[2024-03-21T15:58:00.712+0000] {processor.py:161} INFO - Started process (PID=373) to work on /opt/airflow/dags/python_operator.py
[2024-03-21T15:58:00.713+0000] {processor.py:830} INFO - Processing file /opt/airflow/dags/python_operator.py for tasks to queue
[2024-03-21T15:58:00.714+0000] {logging_mixin.py:188} INFO - [2024-03-21T15:58:00.714+0000] {dagbag.py:540} INFO - Filling up the DagBag from /opt/airflow/dags/python_operator.py
[2024-03-21T15:58:00.730+0000] {processor.py:840} INFO - DAG(s) 'python_operator' retrieved from /opt/airflow/dags/python_operator.py
[2024-03-21T15:58:00.752+0000] {logging_mixin.py:188} INFO - [2024-03-21T15:58:00.752+0000] {dag.py:3047} INFO - Sync 1 DAGs
[2024-03-21T15:58:00.769+0000] {logging_mixin.py:188} INFO - [2024-03-21T15:58:00.769+0000] {dag.py:3834} INFO - Setting next_dagrun for python_operator to None, run_after=None
[2024-03-21T15:58:00.781+0000] {processor.py:183} INFO - Processing /opt/airflow/dags/python_operator.py took 0.071 seconds
[2024-03-21T15:58:30.954+0000] {processor.py:161} INFO - Started process (PID=393) to work on /opt/airflow/dags/python_operator.py
[2024-03-21T15:58:30.955+0000] {processor.py:830} INFO - Processing file /opt/airflow/dags/python_operator.py for tasks to queue
[2024-03-21T15:58:30.956+0000] {logging_mixin.py:188} INFO - [2024-03-21T15:58:30.956+0000] {dagbag.py:540} INFO - Filling up the DagBag from /opt/airflow/dags/python_operator.py
[2024-03-21T15:58:30.977+0000] {processor.py:840} INFO - DAG(s) 'python_operator' retrieved from /opt/airflow/dags/python_operator.py
[2024-03-21T15:58:31.005+0000] {logging_mixin.py:188} INFO - [2024-03-21T15:58:31.005+0000] {dag.py:3047} INFO - Sync 1 DAGs
[2024-03-21T15:58:31.027+0000] {logging_mixin.py:188} INFO - [2024-03-21T15:58:31.027+0000] {dag.py:3834} INFO - Setting next_dagrun for python_operator to None, run_after=None
[2024-03-21T15:58:31.049+0000] {processor.py:183} INFO - Processing /opt/airflow/dags/python_operator.py took 0.097 seconds
[2024-03-21T15:59:01.339+0000] {processor.py:161} INFO - Started process (PID=413) to work on /opt/airflow/dags/python_operator.py
[2024-03-21T15:59:01.340+0000] {processor.py:830} INFO - Processing file /opt/airflow/dags/python_operator.py for tasks to queue
[2024-03-21T15:59:01.341+0000] {logging_mixin.py:188} INFO - [2024-03-21T15:59:01.341+0000] {dagbag.py:540} INFO - Filling up the DagBag from /opt/airflow/dags/python_operator.py
[2024-03-21T15:59:01.352+0000] {processor.py:840} INFO - DAG(s) 'python_operator' retrieved from /opt/airflow/dags/python_operator.py
[2024-03-21T15:59:01.371+0000] {logging_mixin.py:188} INFO - [2024-03-21T15:59:01.371+0000] {dag.py:3047} INFO - Sync 1 DAGs
[2024-03-21T15:59:01.391+0000] {logging_mixin.py:188} INFO - [2024-03-21T15:59:01.391+0000] {dag.py:3834} INFO - Setting next_dagrun for python_operator to None, run_after=None
[2024-03-21T15:59:01.416+0000] {processor.py:183} INFO - Processing /opt/airflow/dags/python_operator.py took 0.078 seconds
[2024-03-21T15:59:31.645+0000] {processor.py:161} INFO - Started process (PID=434) to work on /opt/airflow/dags/python_operator.py
[2024-03-21T15:59:31.646+0000] {processor.py:830} INFO - Processing file /opt/airflow/dags/python_operator.py for tasks to queue
[2024-03-21T15:59:31.648+0000] {logging_mixin.py:188} INFO - [2024-03-21T15:59:31.647+0000] {dagbag.py:540} INFO - Filling up the DagBag from /opt/airflow/dags/python_operator.py
[2024-03-21T15:59:31.659+0000] {processor.py:840} INFO - DAG(s) 'python_operator' retrieved from /opt/airflow/dags/python_operator.py
[2024-03-21T15:59:31.691+0000] {logging_mixin.py:188} INFO - [2024-03-21T15:59:31.691+0000] {dag.py:3047} INFO - Sync 1 DAGs
[2024-03-21T15:59:31.705+0000] {logging_mixin.py:188} INFO - [2024-03-21T15:59:31.705+0000] {dag.py:3834} INFO - Setting next_dagrun for python_operator to None, run_after=None
[2024-03-21T15:59:31.719+0000] {processor.py:183} INFO - Processing /opt/airflow/dags/python_operator.py took 0.076 seconds
[2024-03-21T16:00:01.831+0000] {processor.py:161} INFO - Started process (PID=454) to work on /opt/airflow/dags/python_operator.py
[2024-03-21T16:00:01.832+0000] {processor.py:830} INFO - Processing file /opt/airflow/dags/python_operator.py for tasks to queue
[2024-03-21T16:00:01.833+0000] {logging_mixin.py:188} INFO - [2024-03-21T16:00:01.833+0000] {dagbag.py:540} INFO - Filling up the DagBag from /opt/airflow/dags/python_operator.py
[2024-03-21T16:00:01.845+0000] {processor.py:840} INFO - DAG(s) 'python_operator' retrieved from /opt/airflow/dags/python_operator.py
[2024-03-21T16:00:01.864+0000] {logging_mixin.py:188} INFO - [2024-03-21T16:00:01.864+0000] {dag.py:3047} INFO - Sync 1 DAGs
[2024-03-21T16:00:01.880+0000] {logging_mixin.py:188} INFO - [2024-03-21T16:00:01.880+0000] {dag.py:3834} INFO - Setting next_dagrun for python_operator to None, run_after=None
[2024-03-21T16:00:01.897+0000] {processor.py:183} INFO - Processing /opt/airflow/dags/python_operator.py took 0.068 seconds
[2024-03-21T16:00:32.294+0000] {processor.py:161} INFO - Started process (PID=474) to work on /opt/airflow/dags/python_operator.py
[2024-03-21T16:00:32.295+0000] {processor.py:830} INFO - Processing file /opt/airflow/dags/python_operator.py for tasks to queue
[2024-03-21T16:00:32.297+0000] {logging_mixin.py:188} INFO - [2024-03-21T16:00:32.297+0000] {dagbag.py:540} INFO - Filling up the DagBag from /opt/airflow/dags/python_operator.py
[2024-03-21T16:00:32.309+0000] {processor.py:840} INFO - DAG(s) 'python_operator' retrieved from /opt/airflow/dags/python_operator.py
[2024-03-21T16:00:32.330+0000] {logging_mixin.py:188} INFO - [2024-03-21T16:00:32.330+0000] {dag.py:3047} INFO - Sync 1 DAGs
[2024-03-21T16:00:32.347+0000] {logging_mixin.py:188} INFO - [2024-03-21T16:00:32.347+0000] {dag.py:3834} INFO - Setting next_dagrun for python_operator to None, run_after=None
[2024-03-21T16:00:32.361+0000] {processor.py:183} INFO - Processing /opt/airflow/dags/python_operator.py took 0.069 seconds
[2024-03-21T16:01:02.405+0000] {processor.py:161} INFO - Started process (PID=495) to work on /opt/airflow/dags/python_operator.py
[2024-03-21T16:01:02.406+0000] {processor.py:830} INFO - Processing file /opt/airflow/dags/python_operator.py for tasks to queue
[2024-03-21T16:01:02.407+0000] {logging_mixin.py:188} INFO - [2024-03-21T16:01:02.407+0000] {dagbag.py:540} INFO - Filling up the DagBag from /opt/airflow/dags/python_operator.py
[2024-03-21T16:01:02.418+0000] {processor.py:840} INFO - DAG(s) 'python_operator' retrieved from /opt/airflow/dags/python_operator.py
[2024-03-21T16:01:02.439+0000] {logging_mixin.py:188} INFO - [2024-03-21T16:01:02.439+0000] {dag.py:3047} INFO - Sync 1 DAGs
[2024-03-21T16:01:02.460+0000] {logging_mixin.py:188} INFO - [2024-03-21T16:01:02.460+0000] {dag.py:3834} INFO - Setting next_dagrun for python_operator to None, run_after=None
[2024-03-21T16:01:02.474+0000] {processor.py:183} INFO - Processing /opt/airflow/dags/python_operator.py took 0.071 seconds
[2024-03-21T16:01:32.588+0000] {processor.py:161} INFO - Started process (PID=515) to work on /opt/airflow/dags/python_operator.py
[2024-03-21T16:01:32.588+0000] {processor.py:830} INFO - Processing file /opt/airflow/dags/python_operator.py for tasks to queue
[2024-03-21T16:01:32.589+0000] {logging_mixin.py:188} INFO - [2024-03-21T16:01:32.589+0000] {dagbag.py:540} INFO - Filling up the DagBag from /opt/airflow/dags/python_operator.py
[2024-03-21T16:01:32.600+0000] {processor.py:840} INFO - DAG(s) 'python_operator' retrieved from /opt/airflow/dags/python_operator.py
[2024-03-21T16:01:32.622+0000] {logging_mixin.py:188} INFO - [2024-03-21T16:01:32.622+0000] {dag.py:3047} INFO - Sync 1 DAGs
[2024-03-21T16:01:32.642+0000] {logging_mixin.py:188} INFO - [2024-03-21T16:01:32.642+0000] {dag.py:3834} INFO - Setting next_dagrun for python_operator to None, run_after=None
[2024-03-21T16:01:32.655+0000] {processor.py:183} INFO - Processing /opt/airflow/dags/python_operator.py took 0.069 seconds
[2024-03-21T16:02:03.005+0000] {processor.py:161} INFO - Started process (PID=535) to work on /opt/airflow/dags/python_operator.py
[2024-03-21T16:02:03.005+0000] {processor.py:830} INFO - Processing file /opt/airflow/dags/python_operator.py for tasks to queue
[2024-03-21T16:02:03.007+0000] {logging_mixin.py:188} INFO - [2024-03-21T16:02:03.007+0000] {dagbag.py:540} INFO - Filling up the DagBag from /opt/airflow/dags/python_operator.py
[2024-03-21T16:02:03.023+0000] {processor.py:840} INFO - DAG(s) 'python_operator' retrieved from /opt/airflow/dags/python_operator.py
[2024-03-21T16:02:03.043+0000] {logging_mixin.py:188} INFO - [2024-03-21T16:02:03.043+0000] {dag.py:3047} INFO - Sync 1 DAGs
[2024-03-21T16:02:03.058+0000] {logging_mixin.py:188} INFO - [2024-03-21T16:02:03.058+0000] {dag.py:3834} INFO - Setting next_dagrun for python_operator to None, run_after=None
[2024-03-21T16:02:03.074+0000] {processor.py:183} INFO - Processing /opt/airflow/dags/python_operator.py took 0.072 seconds
[2024-03-21T16:02:33.143+0000] {processor.py:161} INFO - Started process (PID=555) to work on /opt/airflow/dags/python_operator.py
[2024-03-21T16:02:33.144+0000] {processor.py:830} INFO - Processing file /opt/airflow/dags/python_operator.py for tasks to queue
[2024-03-21T16:02:33.145+0000] {logging_mixin.py:188} INFO - [2024-03-21T16:02:33.145+0000] {dagbag.py:540} INFO - Filling up the DagBag from /opt/airflow/dags/python_operator.py
[2024-03-21T16:02:33.156+0000] {processor.py:840} INFO - DAG(s) 'python_operator' retrieved from /opt/airflow/dags/python_operator.py
[2024-03-21T16:02:33.177+0000] {logging_mixin.py:188} INFO - [2024-03-21T16:02:33.177+0000] {dag.py:3047} INFO - Sync 1 DAGs
[2024-03-21T16:02:33.200+0000] {logging_mixin.py:188} INFO - [2024-03-21T16:02:33.199+0000] {dag.py:3834} INFO - Setting next_dagrun for python_operator to None, run_after=None
[2024-03-21T16:02:33.213+0000] {processor.py:183} INFO - Processing /opt/airflow/dags/python_operator.py took 0.072 seconds
[2024-03-21T16:03:03.379+0000] {processor.py:161} INFO - Started process (PID=575) to work on /opt/airflow/dags/python_operator.py
[2024-03-21T16:03:03.379+0000] {processor.py:830} INFO - Processing file /opt/airflow/dags/python_operator.py for tasks to queue
[2024-03-21T16:03:03.381+0000] {logging_mixin.py:188} INFO - [2024-03-21T16:03:03.381+0000] {dagbag.py:540} INFO - Filling up the DagBag from /opt/airflow/dags/python_operator.py
[2024-03-21T16:03:03.396+0000] {processor.py:840} INFO - DAG(s) 'python_operator' retrieved from /opt/airflow/dags/python_operator.py
[2024-03-21T16:03:03.419+0000] {logging_mixin.py:188} INFO - [2024-03-21T16:03:03.419+0000] {dag.py:3047} INFO - Sync 1 DAGs
[2024-03-21T16:03:03.435+0000] {logging_mixin.py:188} INFO - [2024-03-21T16:03:03.434+0000] {dag.py:3834} INFO - Setting next_dagrun for python_operator to None, run_after=None
[2024-03-21T16:03:03.451+0000] {processor.py:183} INFO - Processing /opt/airflow/dags/python_operator.py took 0.074 seconds
[2024-03-21T16:03:33.686+0000] {processor.py:161} INFO - Started process (PID=595) to work on /opt/airflow/dags/python_operator.py
[2024-03-21T16:03:33.687+0000] {processor.py:830} INFO - Processing file /opt/airflow/dags/python_operator.py for tasks to queue
[2024-03-21T16:03:33.688+0000] {logging_mixin.py:188} INFO - [2024-03-21T16:03:33.688+0000] {dagbag.py:540} INFO - Filling up the DagBag from /opt/airflow/dags/python_operator.py
[2024-03-21T16:03:33.702+0000] {processor.py:840} INFO - DAG(s) 'python_operator' retrieved from /opt/airflow/dags/python_operator.py
[2024-03-21T16:03:33.729+0000] {logging_mixin.py:188} INFO - [2024-03-21T16:03:33.729+0000] {dag.py:3047} INFO - Sync 1 DAGs
[2024-03-21T16:03:33.750+0000] {logging_mixin.py:188} INFO - [2024-03-21T16:03:33.750+0000] {dag.py:3834} INFO - Setting next_dagrun for python_operator to None, run_after=None
[2024-03-21T16:03:33.766+0000] {processor.py:183} INFO - Processing /opt/airflow/dags/python_operator.py took 0.082 seconds
[2024-03-21T16:04:03.902+0000] {processor.py:161} INFO - Started process (PID=615) to work on /opt/airflow/dags/python_operator.py
[2024-03-21T16:04:03.903+0000] {processor.py:830} INFO - Processing file /opt/airflow/dags/python_operator.py for tasks to queue
[2024-03-21T16:04:03.905+0000] {logging_mixin.py:188} INFO - [2024-03-21T16:04:03.905+0000] {dagbag.py:540} INFO - Filling up the DagBag from /opt/airflow/dags/python_operator.py
[2024-03-21T16:04:03.918+0000] {processor.py:840} INFO - DAG(s) 'python_operator' retrieved from /opt/airflow/dags/python_operator.py
[2024-03-21T16:04:03.947+0000] {logging_mixin.py:188} INFO - [2024-03-21T16:04:03.947+0000] {dag.py:3047} INFO - Sync 1 DAGs
[2024-03-21T16:04:03.965+0000] {logging_mixin.py:188} INFO - [2024-03-21T16:04:03.964+0000] {dag.py:3834} INFO - Setting next_dagrun for python_operator to None, run_after=None
[2024-03-21T16:04:03.987+0000] {processor.py:183} INFO - Processing /opt/airflow/dags/python_operator.py took 0.086 seconds
