[2024-03-21T15:48:47.290+0000] {processor.py:161} INFO - Started process (PID=40) to work on /opt/airflow/dags/task_instance.py
[2024-03-21T15:48:47.291+0000] {processor.py:830} INFO - Processing file /opt/airflow/dags/task_instance.py for tasks to queue
[2024-03-21T15:48:47.406+0000] {logging_mixin.py:188} INFO - [2024-03-21T15:48:47.406+0000] {dagbag.py:540} INFO - Filling up the DagBag from /opt/airflow/dags/task_instance.py
[2024-03-21T15:48:47.419+0000] {processor.py:840} INFO - DAG(s) 'task_instance' retrieved from /opt/airflow/dags/task_instance.py
[2024-03-21T15:48:47.453+0000] {logging_mixin.py:188} INFO - [2024-03-21T15:48:47.453+0000] {dag.py:3047} INFO - Sync 1 DAGs
[2024-03-21T15:48:47.494+0000] {logging_mixin.py:188} INFO - [2024-03-21T15:48:47.494+0000] {dag.py:3834} INFO - Setting next_dagrun for task_instance to None, run_after=None
[2024-03-21T15:48:47.510+0000] {processor.py:183} INFO - Processing /opt/airflow/dags/task_instance.py took 0.223 seconds
[2024-03-21T15:49:18.042+0000] {processor.py:161} INFO - Started process (PID=62) to work on /opt/airflow/dags/task_instance.py
[2024-03-21T15:49:18.043+0000] {processor.py:830} INFO - Processing file /opt/airflow/dags/task_instance.py for tasks to queue
[2024-03-21T15:49:18.044+0000] {logging_mixin.py:188} INFO - [2024-03-21T15:49:18.043+0000] {dagbag.py:540} INFO - Filling up the DagBag from /opt/airflow/dags/task_instance.py
[2024-03-21T15:49:18.056+0000] {processor.py:840} INFO - DAG(s) 'task_instance' retrieved from /opt/airflow/dags/task_instance.py
[2024-03-21T15:49:18.077+0000] {logging_mixin.py:188} INFO - [2024-03-21T15:49:18.077+0000] {dag.py:3047} INFO - Sync 1 DAGs
[2024-03-21T15:49:18.094+0000] {logging_mixin.py:188} INFO - [2024-03-21T15:49:18.094+0000] {dag.py:3834} INFO - Setting next_dagrun for task_instance to None, run_after=None
[2024-03-21T15:49:18.115+0000] {processor.py:183} INFO - Processing /opt/airflow/dags/task_instance.py took 0.074 seconds
[2024-03-21T15:49:54.881+0000] {processor.py:161} INFO - Started process (PID=40) to work on /opt/airflow/dags/task_instance.py
[2024-03-21T15:49:54.881+0000] {processor.py:830} INFO - Processing file /opt/airflow/dags/task_instance.py for tasks to queue
[2024-03-21T15:49:54.883+0000] {logging_mixin.py:188} INFO - [2024-03-21T15:49:54.882+0000] {dagbag.py:540} INFO - Filling up the DagBag from /opt/airflow/dags/task_instance.py
[2024-03-21T15:49:54.894+0000] {processor.py:840} INFO - DAG(s) 'task_instance' retrieved from /opt/airflow/dags/task_instance.py
[2024-03-21T15:49:54.963+0000] {logging_mixin.py:188} INFO - [2024-03-21T15:49:54.963+0000] {dag.py:3047} INFO - Sync 1 DAGs
[2024-03-21T15:49:54.980+0000] {logging_mixin.py:188} INFO - [2024-03-21T15:49:54.980+0000] {dag.py:3834} INFO - Setting next_dagrun for task_instance to None, run_after=None
[2024-03-21T15:49:54.995+0000] {processor.py:183} INFO - Processing /opt/airflow/dags/task_instance.py took 0.116 seconds
[2024-03-21T15:50:25.560+0000] {processor.py:161} INFO - Started process (PID=61) to work on /opt/airflow/dags/task_instance.py
[2024-03-21T15:50:25.561+0000] {processor.py:830} INFO - Processing file /opt/airflow/dags/task_instance.py for tasks to queue
[2024-03-21T15:50:25.562+0000] {logging_mixin.py:188} INFO - [2024-03-21T15:50:25.562+0000] {dagbag.py:540} INFO - Filling up the DagBag from /opt/airflow/dags/task_instance.py
[2024-03-21T15:50:25.573+0000] {processor.py:840} INFO - DAG(s) 'task_instance' retrieved from /opt/airflow/dags/task_instance.py
[2024-03-21T15:50:25.596+0000] {logging_mixin.py:188} INFO - [2024-03-21T15:50:25.596+0000] {dag.py:3047} INFO - Sync 1 DAGs
[2024-03-21T15:50:25.616+0000] {logging_mixin.py:188} INFO - [2024-03-21T15:50:25.616+0000] {dag.py:3834} INFO - Setting next_dagrun for task_instance to None, run_after=None
[2024-03-21T15:50:25.634+0000] {processor.py:183} INFO - Processing /opt/airflow/dags/task_instance.py took 0.076 seconds
[2024-03-21T15:50:55.982+0000] {processor.py:161} INFO - Started process (PID=81) to work on /opt/airflow/dags/task_instance.py
[2024-03-21T15:50:55.982+0000] {processor.py:830} INFO - Processing file /opt/airflow/dags/task_instance.py for tasks to queue
[2024-03-21T15:50:55.983+0000] {logging_mixin.py:188} INFO - [2024-03-21T15:50:55.983+0000] {dagbag.py:540} INFO - Filling up the DagBag from /opt/airflow/dags/task_instance.py
[2024-03-21T15:50:55.994+0000] {processor.py:840} INFO - DAG(s) 'task_instance' retrieved from /opt/airflow/dags/task_instance.py
[2024-03-21T15:50:56.026+0000] {logging_mixin.py:188} INFO - [2024-03-21T15:50:56.025+0000] {dag.py:3047} INFO - Sync 1 DAGs
[2024-03-21T15:50:56.046+0000] {logging_mixin.py:188} INFO - [2024-03-21T15:50:56.046+0000] {dag.py:3834} INFO - Setting next_dagrun for task_instance to None, run_after=None
[2024-03-21T15:50:56.064+0000] {processor.py:183} INFO - Processing /opt/airflow/dags/task_instance.py took 0.084 seconds
[2024-03-21T15:51:26.251+0000] {processor.py:161} INFO - Started process (PID=101) to work on /opt/airflow/dags/task_instance.py
[2024-03-21T15:51:26.251+0000] {processor.py:830} INFO - Processing file /opt/airflow/dags/task_instance.py for tasks to queue
[2024-03-21T15:51:26.253+0000] {logging_mixin.py:188} INFO - [2024-03-21T15:51:26.252+0000] {dagbag.py:540} INFO - Filling up the DagBag from /opt/airflow/dags/task_instance.py
[2024-03-21T15:51:26.263+0000] {processor.py:840} INFO - DAG(s) 'task_instance' retrieved from /opt/airflow/dags/task_instance.py
[2024-03-21T15:51:26.288+0000] {logging_mixin.py:188} INFO - [2024-03-21T15:51:26.288+0000] {dag.py:3047} INFO - Sync 1 DAGs
[2024-03-21T15:51:26.306+0000] {logging_mixin.py:188} INFO - [2024-03-21T15:51:26.306+0000] {dag.py:3834} INFO - Setting next_dagrun for task_instance to None, run_after=None
[2024-03-21T15:51:26.319+0000] {processor.py:183} INFO - Processing /opt/airflow/dags/task_instance.py took 0.070 seconds
[2024-03-21T15:51:56.600+0000] {processor.py:161} INFO - Started process (PID=121) to work on /opt/airflow/dags/task_instance.py
[2024-03-21T15:51:56.601+0000] {processor.py:830} INFO - Processing file /opt/airflow/dags/task_instance.py for tasks to queue
[2024-03-21T15:51:56.602+0000] {logging_mixin.py:188} INFO - [2024-03-21T15:51:56.602+0000] {dagbag.py:540} INFO - Filling up the DagBag from /opt/airflow/dags/task_instance.py
[2024-03-21T15:51:56.614+0000] {processor.py:840} INFO - DAG(s) 'task_instance' retrieved from /opt/airflow/dags/task_instance.py
[2024-03-21T15:51:56.642+0000] {logging_mixin.py:188} INFO - [2024-03-21T15:51:56.642+0000] {dag.py:3047} INFO - Sync 1 DAGs
[2024-03-21T15:51:56.660+0000] {logging_mixin.py:188} INFO - [2024-03-21T15:51:56.660+0000] {dag.py:3834} INFO - Setting next_dagrun for task_instance to None, run_after=None
[2024-03-21T15:51:56.675+0000] {processor.py:183} INFO - Processing /opt/airflow/dags/task_instance.py took 0.077 seconds
[2024-03-21T15:52:26.873+0000] {processor.py:161} INFO - Started process (PID=141) to work on /opt/airflow/dags/task_instance.py
[2024-03-21T15:52:26.874+0000] {processor.py:830} INFO - Processing file /opt/airflow/dags/task_instance.py for tasks to queue
[2024-03-21T15:52:26.875+0000] {logging_mixin.py:188} INFO - [2024-03-21T15:52:26.875+0000] {dagbag.py:540} INFO - Filling up the DagBag from /opt/airflow/dags/task_instance.py
[2024-03-21T15:52:26.887+0000] {processor.py:840} INFO - DAG(s) 'task_instance' retrieved from /opt/airflow/dags/task_instance.py
[2024-03-21T15:52:26.909+0000] {logging_mixin.py:188} INFO - [2024-03-21T15:52:26.909+0000] {dag.py:3047} INFO - Sync 1 DAGs
[2024-03-21T15:52:26.926+0000] {logging_mixin.py:188} INFO - [2024-03-21T15:52:26.926+0000] {dag.py:3834} INFO - Setting next_dagrun for task_instance to None, run_after=None
[2024-03-21T15:52:26.945+0000] {processor.py:183} INFO - Processing /opt/airflow/dags/task_instance.py took 0.073 seconds
[2024-03-21T15:52:57.115+0000] {processor.py:161} INFO - Started process (PID=161) to work on /opt/airflow/dags/task_instance.py
[2024-03-21T15:52:57.116+0000] {processor.py:830} INFO - Processing file /opt/airflow/dags/task_instance.py for tasks to queue
[2024-03-21T15:52:57.117+0000] {logging_mixin.py:188} INFO - [2024-03-21T15:52:57.116+0000] {dagbag.py:540} INFO - Filling up the DagBag from /opt/airflow/dags/task_instance.py
[2024-03-21T15:52:57.131+0000] {processor.py:840} INFO - DAG(s) 'task_instance' retrieved from /opt/airflow/dags/task_instance.py
[2024-03-21T15:52:57.152+0000] {logging_mixin.py:188} INFO - [2024-03-21T15:52:57.152+0000] {dag.py:3047} INFO - Sync 1 DAGs
[2024-03-21T15:52:57.169+0000] {logging_mixin.py:188} INFO - [2024-03-21T15:52:57.168+0000] {dag.py:3834} INFO - Setting next_dagrun for task_instance to None, run_after=None
[2024-03-21T15:52:57.193+0000] {processor.py:183} INFO - Processing /opt/airflow/dags/task_instance.py took 0.079 seconds
[2024-03-21T15:53:27.681+0000] {processor.py:161} INFO - Started process (PID=181) to work on /opt/airflow/dags/task_instance.py
[2024-03-21T15:53:27.684+0000] {processor.py:830} INFO - Processing file /opt/airflow/dags/task_instance.py for tasks to queue
[2024-03-21T15:53:27.685+0000] {logging_mixin.py:188} INFO - [2024-03-21T15:53:27.685+0000] {dagbag.py:540} INFO - Filling up the DagBag from /opt/airflow/dags/task_instance.py
[2024-03-21T15:53:27.695+0000] {processor.py:840} INFO - DAG(s) 'task_instance' retrieved from /opt/airflow/dags/task_instance.py
[2024-03-21T15:53:27.716+0000] {logging_mixin.py:188} INFO - [2024-03-21T15:53:27.716+0000] {dag.py:3047} INFO - Sync 1 DAGs
[2024-03-21T15:53:27.731+0000] {logging_mixin.py:188} INFO - [2024-03-21T15:53:27.730+0000] {dag.py:3834} INFO - Setting next_dagrun for task_instance to None, run_after=None
[2024-03-21T15:53:27.754+0000] {processor.py:183} INFO - Processing /opt/airflow/dags/task_instance.py took 0.075 seconds
[2024-03-21T15:53:58.011+0000] {processor.py:161} INFO - Started process (PID=201) to work on /opt/airflow/dags/task_instance.py
[2024-03-21T15:53:58.011+0000] {processor.py:830} INFO - Processing file /opt/airflow/dags/task_instance.py for tasks to queue
[2024-03-21T15:53:58.012+0000] {logging_mixin.py:188} INFO - [2024-03-21T15:53:58.012+0000] {dagbag.py:540} INFO - Filling up the DagBag from /opt/airflow/dags/task_instance.py
[2024-03-21T15:53:58.024+0000] {processor.py:840} INFO - DAG(s) 'task_instance' retrieved from /opt/airflow/dags/task_instance.py
[2024-03-21T15:53:58.046+0000] {logging_mixin.py:188} INFO - [2024-03-21T15:53:58.045+0000] {dag.py:3047} INFO - Sync 1 DAGs
[2024-03-21T15:53:58.061+0000] {logging_mixin.py:188} INFO - [2024-03-21T15:53:58.061+0000] {dag.py:3834} INFO - Setting next_dagrun for task_instance to None, run_after=None
[2024-03-21T15:53:58.091+0000] {processor.py:183} INFO - Processing /opt/airflow/dags/task_instance.py took 0.082 seconds
[2024-03-21T15:54:28.412+0000] {processor.py:161} INFO - Started process (PID=221) to work on /opt/airflow/dags/task_instance.py
[2024-03-21T15:54:28.412+0000] {processor.py:830} INFO - Processing file /opt/airflow/dags/task_instance.py for tasks to queue
[2024-03-21T15:54:28.413+0000] {logging_mixin.py:188} INFO - [2024-03-21T15:54:28.413+0000] {dagbag.py:540} INFO - Filling up the DagBag from /opt/airflow/dags/task_instance.py
[2024-03-21T15:54:28.423+0000] {processor.py:840} INFO - DAG(s) 'task_instance' retrieved from /opt/airflow/dags/task_instance.py
[2024-03-21T15:54:28.448+0000] {logging_mixin.py:188} INFO - [2024-03-21T15:54:28.448+0000] {dag.py:3047} INFO - Sync 1 DAGs
[2024-03-21T15:54:28.463+0000] {logging_mixin.py:188} INFO - [2024-03-21T15:54:28.463+0000] {dag.py:3834} INFO - Setting next_dagrun for task_instance to None, run_after=None
[2024-03-21T15:54:28.485+0000] {processor.py:183} INFO - Processing /opt/airflow/dags/task_instance.py took 0.075 seconds
[2024-03-21T15:54:58.637+0000] {processor.py:161} INFO - Started process (PID=241) to work on /opt/airflow/dags/task_instance.py
[2024-03-21T15:54:58.637+0000] {processor.py:830} INFO - Processing file /opt/airflow/dags/task_instance.py for tasks to queue
[2024-03-21T15:54:58.638+0000] {logging_mixin.py:188} INFO - [2024-03-21T15:54:58.638+0000] {dagbag.py:540} INFO - Filling up the DagBag from /opt/airflow/dags/task_instance.py
[2024-03-21T15:54:58.648+0000] {processor.py:840} INFO - DAG(s) 'task_instance' retrieved from /opt/airflow/dags/task_instance.py
[2024-03-21T15:54:58.673+0000] {logging_mixin.py:188} INFO - [2024-03-21T15:54:58.673+0000] {dag.py:3047} INFO - Sync 1 DAGs
[2024-03-21T15:54:58.689+0000] {logging_mixin.py:188} INFO - [2024-03-21T15:54:58.689+0000] {dag.py:3834} INFO - Setting next_dagrun for task_instance to None, run_after=None
[2024-03-21T15:54:58.712+0000] {processor.py:183} INFO - Processing /opt/airflow/dags/task_instance.py took 0.077 seconds
[2024-03-21T15:55:28.872+0000] {processor.py:161} INFO - Started process (PID=261) to work on /opt/airflow/dags/task_instance.py
[2024-03-21T15:55:28.873+0000] {processor.py:830} INFO - Processing file /opt/airflow/dags/task_instance.py for tasks to queue
[2024-03-21T15:55:28.875+0000] {logging_mixin.py:188} INFO - [2024-03-21T15:55:28.875+0000] {dagbag.py:540} INFO - Filling up the DagBag from /opt/airflow/dags/task_instance.py
[2024-03-21T15:55:28.886+0000] {processor.py:840} INFO - DAG(s) 'task_instance' retrieved from /opt/airflow/dags/task_instance.py
[2024-03-21T15:55:28.918+0000] {logging_mixin.py:188} INFO - [2024-03-21T15:55:28.918+0000] {dag.py:3047} INFO - Sync 1 DAGs
[2024-03-21T15:55:28.937+0000] {logging_mixin.py:188} INFO - [2024-03-21T15:55:28.937+0000] {dag.py:3834} INFO - Setting next_dagrun for task_instance to None, run_after=None
[2024-03-21T15:55:28.956+0000] {processor.py:183} INFO - Processing /opt/airflow/dags/task_instance.py took 0.087 seconds
[2024-03-21T15:55:59.038+0000] {processor.py:161} INFO - Started process (PID=281) to work on /opt/airflow/dags/task_instance.py
[2024-03-21T15:55:59.038+0000] {processor.py:830} INFO - Processing file /opt/airflow/dags/task_instance.py for tasks to queue
[2024-03-21T15:55:59.039+0000] {logging_mixin.py:188} INFO - [2024-03-21T15:55:59.039+0000] {dagbag.py:540} INFO - Filling up the DagBag from /opt/airflow/dags/task_instance.py
[2024-03-21T15:55:59.053+0000] {processor.py:840} INFO - DAG(s) 'task_instance' retrieved from /opt/airflow/dags/task_instance.py
[2024-03-21T15:55:59.077+0000] {logging_mixin.py:188} INFO - [2024-03-21T15:55:59.077+0000] {dag.py:3047} INFO - Sync 1 DAGs
[2024-03-21T15:55:59.101+0000] {logging_mixin.py:188} INFO - [2024-03-21T15:55:59.101+0000] {dag.py:3834} INFO - Setting next_dagrun for task_instance to None, run_after=None
[2024-03-21T15:55:59.122+0000] {processor.py:183} INFO - Processing /opt/airflow/dags/task_instance.py took 0.087 seconds
[2024-03-21T15:56:29.326+0000] {processor.py:161} INFO - Started process (PID=302) to work on /opt/airflow/dags/task_instance.py
[2024-03-21T15:56:29.327+0000] {processor.py:830} INFO - Processing file /opt/airflow/dags/task_instance.py for tasks to queue
[2024-03-21T15:56:29.329+0000] {logging_mixin.py:188} INFO - [2024-03-21T15:56:29.329+0000] {dagbag.py:540} INFO - Filling up the DagBag from /opt/airflow/dags/task_instance.py
[2024-03-21T15:56:29.348+0000] {processor.py:840} INFO - DAG(s) 'task_instance' retrieved from /opt/airflow/dags/task_instance.py
[2024-03-21T15:56:29.378+0000] {logging_mixin.py:188} INFO - [2024-03-21T15:56:29.377+0000] {dag.py:3047} INFO - Sync 1 DAGs
[2024-03-21T15:56:29.397+0000] {logging_mixin.py:188} INFO - [2024-03-21T15:56:29.397+0000] {dag.py:3834} INFO - Setting next_dagrun for task_instance to None, run_after=None
[2024-03-21T15:56:29.420+0000] {processor.py:183} INFO - Processing /opt/airflow/dags/task_instance.py took 0.096 seconds
[2024-03-21T15:56:59.572+0000] {processor.py:161} INFO - Started process (PID=322) to work on /opt/airflow/dags/task_instance.py
[2024-03-21T15:56:59.573+0000] {processor.py:830} INFO - Processing file /opt/airflow/dags/task_instance.py for tasks to queue
[2024-03-21T15:56:59.574+0000] {logging_mixin.py:188} INFO - [2024-03-21T15:56:59.574+0000] {dagbag.py:540} INFO - Filling up the DagBag from /opt/airflow/dags/task_instance.py
[2024-03-21T15:56:59.585+0000] {processor.py:840} INFO - DAG(s) 'task_instance' retrieved from /opt/airflow/dags/task_instance.py
[2024-03-21T15:56:59.605+0000] {logging_mixin.py:188} INFO - [2024-03-21T15:56:59.605+0000] {dag.py:3047} INFO - Sync 1 DAGs
[2024-03-21T15:56:59.623+0000] {logging_mixin.py:188} INFO - [2024-03-21T15:56:59.622+0000] {dag.py:3834} INFO - Setting next_dagrun for task_instance to None, run_after=None
[2024-03-21T15:56:59.641+0000] {processor.py:183} INFO - Processing /opt/airflow/dags/task_instance.py took 0.071 seconds
[2024-03-21T15:57:29.823+0000] {processor.py:161} INFO - Started process (PID=342) to work on /opt/airflow/dags/task_instance.py
[2024-03-21T15:57:29.823+0000] {processor.py:830} INFO - Processing file /opt/airflow/dags/task_instance.py for tasks to queue
[2024-03-21T15:57:29.825+0000] {logging_mixin.py:188} INFO - [2024-03-21T15:57:29.824+0000] {dagbag.py:540} INFO - Filling up the DagBag from /opt/airflow/dags/task_instance.py
[2024-03-21T15:57:29.838+0000] {processor.py:840} INFO - DAG(s) 'task_instance' retrieved from /opt/airflow/dags/task_instance.py
[2024-03-21T15:57:29.865+0000] {logging_mixin.py:188} INFO - [2024-03-21T15:57:29.865+0000] {dag.py:3047} INFO - Sync 1 DAGs
[2024-03-21T15:57:29.884+0000] {logging_mixin.py:188} INFO - [2024-03-21T15:57:29.884+0000] {dag.py:3834} INFO - Setting next_dagrun for task_instance to None, run_after=None
[2024-03-21T15:57:29.905+0000] {processor.py:183} INFO - Processing /opt/airflow/dags/task_instance.py took 0.084 seconds
[2024-03-21T15:57:59.977+0000] {processor.py:161} INFO - Started process (PID=362) to work on /opt/airflow/dags/task_instance.py
[2024-03-21T15:57:59.978+0000] {processor.py:830} INFO - Processing file /opt/airflow/dags/task_instance.py for tasks to queue
[2024-03-21T15:57:59.979+0000] {logging_mixin.py:188} INFO - [2024-03-21T15:57:59.979+0000] {dagbag.py:540} INFO - Filling up the DagBag from /opt/airflow/dags/task_instance.py
[2024-03-21T15:57:59.988+0000] {processor.py:840} INFO - DAG(s) 'task_instance' retrieved from /opt/airflow/dags/task_instance.py
[2024-03-21T15:58:00.009+0000] {logging_mixin.py:188} INFO - [2024-03-21T15:58:00.009+0000] {dag.py:3047} INFO - Sync 1 DAGs
[2024-03-21T15:58:00.034+0000] {logging_mixin.py:188} INFO - [2024-03-21T15:58:00.034+0000] {dag.py:3834} INFO - Setting next_dagrun for task_instance to None, run_after=None
[2024-03-21T15:58:00.058+0000] {processor.py:183} INFO - Processing /opt/airflow/dags/task_instance.py took 0.083 seconds
[2024-03-21T15:58:30.255+0000] {processor.py:161} INFO - Started process (PID=382) to work on /opt/airflow/dags/task_instance.py
[2024-03-21T15:58:30.255+0000] {processor.py:830} INFO - Processing file /opt/airflow/dags/task_instance.py for tasks to queue
[2024-03-21T15:58:30.257+0000] {logging_mixin.py:188} INFO - [2024-03-21T15:58:30.257+0000] {dagbag.py:540} INFO - Filling up the DagBag from /opt/airflow/dags/task_instance.py
[2024-03-21T15:58:30.273+0000] {processor.py:840} INFO - DAG(s) 'task_instance' retrieved from /opt/airflow/dags/task_instance.py
[2024-03-21T15:58:30.298+0000] {logging_mixin.py:188} INFO - [2024-03-21T15:58:30.298+0000] {dag.py:3047} INFO - Sync 1 DAGs
[2024-03-21T15:58:30.320+0000] {logging_mixin.py:188} INFO - [2024-03-21T15:58:30.320+0000] {dag.py:3834} INFO - Setting next_dagrun for task_instance to None, run_after=None
[2024-03-21T15:58:30.340+0000] {processor.py:183} INFO - Processing /opt/airflow/dags/task_instance.py took 0.088 seconds
[2024-03-21T15:59:00.570+0000] {processor.py:161} INFO - Started process (PID=402) to work on /opt/airflow/dags/task_instance.py
[2024-03-21T15:59:00.570+0000] {processor.py:830} INFO - Processing file /opt/airflow/dags/task_instance.py for tasks to queue
[2024-03-21T15:59:00.571+0000] {logging_mixin.py:188} INFO - [2024-03-21T15:59:00.571+0000] {dagbag.py:540} INFO - Filling up the DagBag from /opt/airflow/dags/task_instance.py
[2024-03-21T15:59:00.583+0000] {processor.py:840} INFO - DAG(s) 'task_instance' retrieved from /opt/airflow/dags/task_instance.py
[2024-03-21T15:59:00.602+0000] {logging_mixin.py:188} INFO - [2024-03-21T15:59:00.602+0000] {dag.py:3047} INFO - Sync 1 DAGs
[2024-03-21T15:59:00.618+0000] {logging_mixin.py:188} INFO - [2024-03-21T15:59:00.618+0000] {dag.py:3834} INFO - Setting next_dagrun for task_instance to None, run_after=None
[2024-03-21T15:59:00.650+0000] {processor.py:183} INFO - Processing /opt/airflow/dags/task_instance.py took 0.082 seconds
[2024-03-21T15:59:31.106+0000] {processor.py:161} INFO - Started process (PID=424) to work on /opt/airflow/dags/task_instance.py
[2024-03-21T15:59:31.106+0000] {processor.py:830} INFO - Processing file /opt/airflow/dags/task_instance.py for tasks to queue
[2024-03-21T15:59:31.107+0000] {logging_mixin.py:188} INFO - [2024-03-21T15:59:31.107+0000] {dagbag.py:540} INFO - Filling up the DagBag from /opt/airflow/dags/task_instance.py
[2024-03-21T15:59:31.119+0000] {processor.py:840} INFO - DAG(s) 'task_instance' retrieved from /opt/airflow/dags/task_instance.py
[2024-03-21T15:59:31.141+0000] {logging_mixin.py:188} INFO - [2024-03-21T15:59:31.141+0000] {dag.py:3047} INFO - Sync 1 DAGs
[2024-03-21T15:59:31.162+0000] {logging_mixin.py:188} INFO - [2024-03-21T15:59:31.162+0000] {dag.py:3834} INFO - Setting next_dagrun for task_instance to None, run_after=None
[2024-03-21T15:59:31.182+0000] {processor.py:183} INFO - Processing /opt/airflow/dags/task_instance.py took 0.078 seconds
[2024-03-21T16:00:01.296+0000] {processor.py:161} INFO - Started process (PID=444) to work on /opt/airflow/dags/task_instance.py
[2024-03-21T16:00:01.297+0000] {processor.py:830} INFO - Processing file /opt/airflow/dags/task_instance.py for tasks to queue
[2024-03-21T16:00:01.298+0000] {logging_mixin.py:188} INFO - [2024-03-21T16:00:01.298+0000] {dagbag.py:540} INFO - Filling up the DagBag from /opt/airflow/dags/task_instance.py
[2024-03-21T16:00:01.313+0000] {processor.py:840} INFO - DAG(s) 'task_instance' retrieved from /opt/airflow/dags/task_instance.py
[2024-03-21T16:00:01.337+0000] {logging_mixin.py:188} INFO - [2024-03-21T16:00:01.337+0000] {dag.py:3047} INFO - Sync 1 DAGs
[2024-03-21T16:00:01.359+0000] {logging_mixin.py:188} INFO - [2024-03-21T16:00:01.359+0000] {dag.py:3834} INFO - Setting next_dagrun for task_instance to None, run_after=None
[2024-03-21T16:00:01.377+0000] {processor.py:183} INFO - Processing /opt/airflow/dags/task_instance.py took 0.083 seconds
[2024-03-21T16:00:31.492+0000] {processor.py:161} INFO - Started process (PID=464) to work on /opt/airflow/dags/task_instance.py
[2024-03-21T16:00:31.493+0000] {processor.py:830} INFO - Processing file /opt/airflow/dags/task_instance.py for tasks to queue
[2024-03-21T16:00:31.495+0000] {logging_mixin.py:188} INFO - [2024-03-21T16:00:31.495+0000] {dagbag.py:540} INFO - Filling up the DagBag from /opt/airflow/dags/task_instance.py
[2024-03-21T16:00:31.510+0000] {processor.py:840} INFO - DAG(s) 'task_instance' retrieved from /opt/airflow/dags/task_instance.py
[2024-03-21T16:00:31.529+0000] {logging_mixin.py:188} INFO - [2024-03-21T16:00:31.529+0000] {dag.py:3047} INFO - Sync 1 DAGs
[2024-03-21T16:00:31.543+0000] {logging_mixin.py:188} INFO - [2024-03-21T16:00:31.543+0000] {dag.py:3834} INFO - Setting next_dagrun for task_instance to None, run_after=None
[2024-03-21T16:00:31.561+0000] {processor.py:183} INFO - Processing /opt/airflow/dags/task_instance.py took 0.070 seconds
[2024-03-21T16:01:01.857+0000] {processor.py:161} INFO - Started process (PID=485) to work on /opt/airflow/dags/task_instance.py
[2024-03-21T16:01:01.857+0000] {processor.py:830} INFO - Processing file /opt/airflow/dags/task_instance.py for tasks to queue
[2024-03-21T16:01:01.859+0000] {logging_mixin.py:188} INFO - [2024-03-21T16:01:01.858+0000] {dagbag.py:540} INFO - Filling up the DagBag from /opt/airflow/dags/task_instance.py
[2024-03-21T16:01:01.870+0000] {processor.py:840} INFO - DAG(s) 'task_instance' retrieved from /opt/airflow/dags/task_instance.py
[2024-03-21T16:01:01.891+0000] {logging_mixin.py:188} INFO - [2024-03-21T16:01:01.891+0000] {dag.py:3047} INFO - Sync 1 DAGs
[2024-03-21T16:01:01.910+0000] {logging_mixin.py:188} INFO - [2024-03-21T16:01:01.910+0000] {dag.py:3834} INFO - Setting next_dagrun for task_instance to None, run_after=None
[2024-03-21T16:01:01.933+0000] {processor.py:183} INFO - Processing /opt/airflow/dags/task_instance.py took 0.077 seconds
[2024-03-21T16:01:31.978+0000] {processor.py:161} INFO - Started process (PID=505) to work on /opt/airflow/dags/task_instance.py
[2024-03-21T16:01:31.978+0000] {processor.py:830} INFO - Processing file /opt/airflow/dags/task_instance.py for tasks to queue
[2024-03-21T16:01:31.980+0000] {logging_mixin.py:188} INFO - [2024-03-21T16:01:31.980+0000] {dagbag.py:540} INFO - Filling up the DagBag from /opt/airflow/dags/task_instance.py
[2024-03-21T16:01:31.989+0000] {processor.py:840} INFO - DAG(s) 'task_instance' retrieved from /opt/airflow/dags/task_instance.py
[2024-03-21T16:01:32.012+0000] {logging_mixin.py:188} INFO - [2024-03-21T16:01:32.011+0000] {dag.py:3047} INFO - Sync 1 DAGs
[2024-03-21T16:01:32.026+0000] {logging_mixin.py:188} INFO - [2024-03-21T16:01:32.026+0000] {dag.py:3834} INFO - Setting next_dagrun for task_instance to None, run_after=None
[2024-03-21T16:01:32.044+0000] {processor.py:183} INFO - Processing /opt/airflow/dags/task_instance.py took 0.068 seconds
[2024-03-21T16:02:02.297+0000] {processor.py:161} INFO - Started process (PID=525) to work on /opt/airflow/dags/task_instance.py
[2024-03-21T16:02:02.298+0000] {processor.py:830} INFO - Processing file /opt/airflow/dags/task_instance.py for tasks to queue
[2024-03-21T16:02:02.299+0000] {logging_mixin.py:188} INFO - [2024-03-21T16:02:02.299+0000] {dagbag.py:540} INFO - Filling up the DagBag from /opt/airflow/dags/task_instance.py
[2024-03-21T16:02:02.310+0000] {processor.py:840} INFO - DAG(s) 'task_instance' retrieved from /opt/airflow/dags/task_instance.py
[2024-03-21T16:02:02.371+0000] {logging_mixin.py:188} INFO - [2024-03-21T16:02:02.370+0000] {dag.py:3047} INFO - Sync 1 DAGs
[2024-03-21T16:02:02.385+0000] {logging_mixin.py:188} INFO - [2024-03-21T16:02:02.385+0000] {dag.py:3834} INFO - Setting next_dagrun for task_instance to None, run_after=None
[2024-03-21T16:02:02.413+0000] {processor.py:183} INFO - Processing /opt/airflow/dags/task_instance.py took 0.118 seconds
[2024-03-21T16:02:32.652+0000] {processor.py:161} INFO - Started process (PID=545) to work on /opt/airflow/dags/task_instance.py
[2024-03-21T16:02:32.652+0000] {processor.py:830} INFO - Processing file /opt/airflow/dags/task_instance.py for tasks to queue
[2024-03-21T16:02:32.654+0000] {logging_mixin.py:188} INFO - [2024-03-21T16:02:32.653+0000] {dagbag.py:540} INFO - Filling up the DagBag from /opt/airflow/dags/task_instance.py
[2024-03-21T16:02:32.665+0000] {processor.py:840} INFO - DAG(s) 'task_instance' retrieved from /opt/airflow/dags/task_instance.py
[2024-03-21T16:02:32.685+0000] {logging_mixin.py:188} INFO - [2024-03-21T16:02:32.685+0000] {dag.py:3047} INFO - Sync 1 DAGs
[2024-03-21T16:02:32.700+0000] {logging_mixin.py:188} INFO - [2024-03-21T16:02:32.700+0000] {dag.py:3834} INFO - Setting next_dagrun for task_instance to None, run_after=None
[2024-03-21T16:02:32.727+0000] {processor.py:183} INFO - Processing /opt/airflow/dags/task_instance.py took 0.078 seconds
[2024-03-21T16:03:02.904+0000] {processor.py:161} INFO - Started process (PID=565) to work on /opt/airflow/dags/task_instance.py
[2024-03-21T16:03:02.904+0000] {processor.py:830} INFO - Processing file /opt/airflow/dags/task_instance.py for tasks to queue
[2024-03-21T16:03:02.905+0000] {logging_mixin.py:188} INFO - [2024-03-21T16:03:02.905+0000] {dagbag.py:540} INFO - Filling up the DagBag from /opt/airflow/dags/task_instance.py
[2024-03-21T16:03:02.922+0000] {processor.py:840} INFO - DAG(s) 'task_instance' retrieved from /opt/airflow/dags/task_instance.py
[2024-03-21T16:03:02.947+0000] {logging_mixin.py:188} INFO - [2024-03-21T16:03:02.947+0000] {dag.py:3047} INFO - Sync 1 DAGs
[2024-03-21T16:03:02.962+0000] {logging_mixin.py:188} INFO - [2024-03-21T16:03:02.962+0000] {dag.py:3834} INFO - Setting next_dagrun for task_instance to None, run_after=None
[2024-03-21T16:03:02.985+0000] {processor.py:183} INFO - Processing /opt/airflow/dags/task_instance.py took 0.082 seconds
[2024-03-21T16:03:33.061+0000] {processor.py:161} INFO - Started process (PID=585) to work on /opt/airflow/dags/task_instance.py
[2024-03-21T16:03:33.062+0000] {processor.py:830} INFO - Processing file /opt/airflow/dags/task_instance.py for tasks to queue
[2024-03-21T16:03:33.063+0000] {logging_mixin.py:188} INFO - [2024-03-21T16:03:33.063+0000] {dagbag.py:540} INFO - Filling up the DagBag from /opt/airflow/dags/task_instance.py
[2024-03-21T16:03:33.079+0000] {processor.py:840} INFO - DAG(s) 'task_instance' retrieved from /opt/airflow/dags/task_instance.py
[2024-03-21T16:03:33.109+0000] {logging_mixin.py:188} INFO - [2024-03-21T16:03:33.109+0000] {dag.py:3047} INFO - Sync 1 DAGs
[2024-03-21T16:03:33.127+0000] {logging_mixin.py:188} INFO - [2024-03-21T16:03:33.127+0000] {dag.py:3834} INFO - Setting next_dagrun for task_instance to None, run_after=None
[2024-03-21T16:03:33.150+0000] {processor.py:183} INFO - Processing /opt/airflow/dags/task_instance.py took 0.090 seconds
[2024-03-21T16:04:03.351+0000] {processor.py:161} INFO - Started process (PID=605) to work on /opt/airflow/dags/task_instance.py
[2024-03-21T16:04:03.352+0000] {processor.py:830} INFO - Processing file /opt/airflow/dags/task_instance.py for tasks to queue
[2024-03-21T16:04:03.353+0000] {logging_mixin.py:188} INFO - [2024-03-21T16:04:03.352+0000] {dagbag.py:540} INFO - Filling up the DagBag from /opt/airflow/dags/task_instance.py
[2024-03-21T16:04:03.365+0000] {processor.py:840} INFO - DAG(s) 'task_instance' retrieved from /opt/airflow/dags/task_instance.py
[2024-03-21T16:04:03.388+0000] {logging_mixin.py:188} INFO - [2024-03-21T16:04:03.388+0000] {dag.py:3047} INFO - Sync 1 DAGs
[2024-03-21T16:04:03.405+0000] {logging_mixin.py:188} INFO - [2024-03-21T16:04:03.405+0000] {dag.py:3834} INFO - Setting next_dagrun for task_instance to None, run_after=None
[2024-03-21T16:04:03.428+0000] {processor.py:183} INFO - Processing /opt/airflow/dags/task_instance.py took 0.079 seconds
