[2024-03-21T15:48:48.205+0000] {processor.py:161} INFO - Started process (PID=47) to work on /opt/airflow/dags/trigger_dag_run_dag2.py
[2024-03-21T15:48:48.207+0000] {processor.py:830} INFO - Processing file /opt/airflow/dags/trigger_dag_run_dag2.py for tasks to queue
[2024-03-21T15:48:48.209+0000] {logging_mixin.py:188} INFO - [2024-03-21T15:48:48.208+0000] {dagbag.py:540} INFO - Filling up the DagBag from /opt/airflow/dags/trigger_dag_run_dag2.py
[2024-03-21T15:48:48.223+0000] {processor.py:840} INFO - DAG(s) 'trigger_dag_run_dag2' retrieved from /opt/airflow/dags/trigger_dag_run_dag2.py
[2024-03-21T15:48:48.263+0000] {logging_mixin.py:188} INFO - [2024-03-21T15:48:48.263+0000] {dag.py:3047} INFO - Sync 1 DAGs
[2024-03-21T15:48:48.288+0000] {logging_mixin.py:188} INFO - [2024-03-21T15:48:48.287+0000] {dag.py:3834} INFO - Setting next_dagrun for trigger_dag_run_dag2 to None, run_after=None
[2024-03-21T15:48:48.317+0000] {processor.py:183} INFO - Processing /opt/airflow/dags/trigger_dag_run_dag2.py took 0.113 seconds
[2024-03-21T15:49:18.544+0000] {processor.py:161} INFO - Started process (PID=69) to work on /opt/airflow/dags/trigger_dag_run_dag2.py
[2024-03-21T15:49:18.545+0000] {processor.py:830} INFO - Processing file /opt/airflow/dags/trigger_dag_run_dag2.py for tasks to queue
[2024-03-21T15:49:18.547+0000] {logging_mixin.py:188} INFO - [2024-03-21T15:49:18.546+0000] {dagbag.py:540} INFO - Filling up the DagBag from /opt/airflow/dags/trigger_dag_run_dag2.py
[2024-03-21T15:49:18.558+0000] {processor.py:840} INFO - DAG(s) 'trigger_dag_run_dag2' retrieved from /opt/airflow/dags/trigger_dag_run_dag2.py
[2024-03-21T15:49:18.580+0000] {logging_mixin.py:188} INFO - [2024-03-21T15:49:18.580+0000] {dag.py:3047} INFO - Sync 1 DAGs
[2024-03-21T15:49:18.599+0000] {logging_mixin.py:188} INFO - [2024-03-21T15:49:18.598+0000] {dag.py:3834} INFO - Setting next_dagrun for trigger_dag_run_dag2 to None, run_after=None
[2024-03-21T15:49:18.615+0000] {processor.py:183} INFO - Processing /opt/airflow/dags/trigger_dag_run_dag2.py took 0.073 seconds
[2024-03-21T15:49:55.569+0000] {processor.py:161} INFO - Started process (PID=47) to work on /opt/airflow/dags/trigger_dag_run_dag2.py
[2024-03-21T15:49:55.570+0000] {processor.py:830} INFO - Processing file /opt/airflow/dags/trigger_dag_run_dag2.py for tasks to queue
[2024-03-21T15:49:55.571+0000] {logging_mixin.py:188} INFO - [2024-03-21T15:49:55.571+0000] {dagbag.py:540} INFO - Filling up the DagBag from /opt/airflow/dags/trigger_dag_run_dag2.py
[2024-03-21T15:49:55.580+0000] {processor.py:840} INFO - DAG(s) 'trigger_dag_run_dag2' retrieved from /opt/airflow/dags/trigger_dag_run_dag2.py
[2024-03-21T15:49:55.647+0000] {logging_mixin.py:188} INFO - [2024-03-21T15:49:55.647+0000] {dag.py:3047} INFO - Sync 1 DAGs
[2024-03-21T15:49:55.662+0000] {logging_mixin.py:188} INFO - [2024-03-21T15:49:55.661+0000] {dag.py:3834} INFO - Setting next_dagrun for trigger_dag_run_dag2 to None, run_after=None
[2024-03-21T15:49:55.691+0000] {processor.py:183} INFO - Processing /opt/airflow/dags/trigger_dag_run_dag2.py took 0.124 seconds
[2024-03-21T15:50:26.038+0000] {processor.py:161} INFO - Started process (PID=68) to work on /opt/airflow/dags/trigger_dag_run_dag2.py
[2024-03-21T15:50:26.038+0000] {processor.py:830} INFO - Processing file /opt/airflow/dags/trigger_dag_run_dag2.py for tasks to queue
[2024-03-21T15:50:26.039+0000] {logging_mixin.py:188} INFO - [2024-03-21T15:50:26.039+0000] {dagbag.py:540} INFO - Filling up the DagBag from /opt/airflow/dags/trigger_dag_run_dag2.py
[2024-03-21T15:50:26.050+0000] {processor.py:840} INFO - DAG(s) 'trigger_dag_run_dag2' retrieved from /opt/airflow/dags/trigger_dag_run_dag2.py
[2024-03-21T15:50:26.081+0000] {logging_mixin.py:188} INFO - [2024-03-21T15:50:26.081+0000] {dag.py:3047} INFO - Sync 1 DAGs
[2024-03-21T15:50:26.098+0000] {logging_mixin.py:188} INFO - [2024-03-21T15:50:26.098+0000] {dag.py:3834} INFO - Setting next_dagrun for trigger_dag_run_dag2 to None, run_after=None
[2024-03-21T15:50:26.118+0000] {processor.py:183} INFO - Processing /opt/airflow/dags/trigger_dag_run_dag2.py took 0.082 seconds
[2024-03-21T15:50:56.549+0000] {processor.py:161} INFO - Started process (PID=88) to work on /opt/airflow/dags/trigger_dag_run_dag2.py
[2024-03-21T15:50:56.550+0000] {processor.py:830} INFO - Processing file /opt/airflow/dags/trigger_dag_run_dag2.py for tasks to queue
[2024-03-21T15:50:56.551+0000] {logging_mixin.py:188} INFO - [2024-03-21T15:50:56.551+0000] {dagbag.py:540} INFO - Filling up the DagBag from /opt/airflow/dags/trigger_dag_run_dag2.py
[2024-03-21T15:50:56.562+0000] {processor.py:840} INFO - DAG(s) 'trigger_dag_run_dag2' retrieved from /opt/airflow/dags/trigger_dag_run_dag2.py
[2024-03-21T15:50:56.583+0000] {logging_mixin.py:188} INFO - [2024-03-21T15:50:56.583+0000] {dag.py:3047} INFO - Sync 1 DAGs
[2024-03-21T15:50:56.599+0000] {logging_mixin.py:188} INFO - [2024-03-21T15:50:56.599+0000] {dag.py:3834} INFO - Setting next_dagrun for trigger_dag_run_dag2 to None, run_after=None
[2024-03-21T15:50:56.628+0000] {processor.py:183} INFO - Processing /opt/airflow/dags/trigger_dag_run_dag2.py took 0.080 seconds
[2024-03-21T15:51:26.758+0000] {processor.py:161} INFO - Started process (PID=108) to work on /opt/airflow/dags/trigger_dag_run_dag2.py
[2024-03-21T15:51:26.759+0000] {processor.py:830} INFO - Processing file /opt/airflow/dags/trigger_dag_run_dag2.py for tasks to queue
[2024-03-21T15:51:26.760+0000] {logging_mixin.py:188} INFO - [2024-03-21T15:51:26.760+0000] {dagbag.py:540} INFO - Filling up the DagBag from /opt/airflow/dags/trigger_dag_run_dag2.py
[2024-03-21T15:51:26.770+0000] {processor.py:840} INFO - DAG(s) 'trigger_dag_run_dag2' retrieved from /opt/airflow/dags/trigger_dag_run_dag2.py
[2024-03-21T15:51:26.792+0000] {logging_mixin.py:188} INFO - [2024-03-21T15:51:26.792+0000] {dag.py:3047} INFO - Sync 1 DAGs
[2024-03-21T15:51:26.809+0000] {logging_mixin.py:188} INFO - [2024-03-21T15:51:26.809+0000] {dag.py:3834} INFO - Setting next_dagrun for trigger_dag_run_dag2 to None, run_after=None
[2024-03-21T15:51:26.829+0000] {processor.py:183} INFO - Processing /opt/airflow/dags/trigger_dag_run_dag2.py took 0.072 seconds
[2024-03-21T15:51:57.077+0000] {processor.py:161} INFO - Started process (PID=128) to work on /opt/airflow/dags/trigger_dag_run_dag2.py
[2024-03-21T15:51:57.078+0000] {processor.py:830} INFO - Processing file /opt/airflow/dags/trigger_dag_run_dag2.py for tasks to queue
[2024-03-21T15:51:57.079+0000] {logging_mixin.py:188} INFO - [2024-03-21T15:51:57.079+0000] {dagbag.py:540} INFO - Filling up the DagBag from /opt/airflow/dags/trigger_dag_run_dag2.py
[2024-03-21T15:51:57.090+0000] {processor.py:840} INFO - DAG(s) 'trigger_dag_run_dag2' retrieved from /opt/airflow/dags/trigger_dag_run_dag2.py
[2024-03-21T15:51:57.115+0000] {logging_mixin.py:188} INFO - [2024-03-21T15:51:57.114+0000] {dag.py:3047} INFO - Sync 1 DAGs
[2024-03-21T15:51:57.131+0000] {logging_mixin.py:188} INFO - [2024-03-21T15:51:57.131+0000] {dag.py:3834} INFO - Setting next_dagrun for trigger_dag_run_dag2 to None, run_after=None
[2024-03-21T15:51:57.158+0000] {processor.py:183} INFO - Processing /opt/airflow/dags/trigger_dag_run_dag2.py took 0.082 seconds
[2024-03-21T15:52:27.320+0000] {processor.py:161} INFO - Started process (PID=148) to work on /opt/airflow/dags/trigger_dag_run_dag2.py
[2024-03-21T15:52:27.321+0000] {processor.py:830} INFO - Processing file /opt/airflow/dags/trigger_dag_run_dag2.py for tasks to queue
[2024-03-21T15:52:27.322+0000] {logging_mixin.py:188} INFO - [2024-03-21T15:52:27.322+0000] {dagbag.py:540} INFO - Filling up the DagBag from /opt/airflow/dags/trigger_dag_run_dag2.py
[2024-03-21T15:52:27.332+0000] {processor.py:840} INFO - DAG(s) 'trigger_dag_run_dag2' retrieved from /opt/airflow/dags/trigger_dag_run_dag2.py
[2024-03-21T15:52:27.364+0000] {logging_mixin.py:188} INFO - [2024-03-21T15:52:27.364+0000] {dag.py:3047} INFO - Sync 1 DAGs
[2024-03-21T15:52:27.379+0000] {logging_mixin.py:188} INFO - [2024-03-21T15:52:27.379+0000] {dag.py:3834} INFO - Setting next_dagrun for trigger_dag_run_dag2 to None, run_after=None
[2024-03-21T15:52:27.398+0000] {processor.py:183} INFO - Processing /opt/airflow/dags/trigger_dag_run_dag2.py took 0.080 seconds
[2024-03-21T15:52:57.591+0000] {processor.py:161} INFO - Started process (PID=168) to work on /opt/airflow/dags/trigger_dag_run_dag2.py
[2024-03-21T15:52:57.592+0000] {processor.py:830} INFO - Processing file /opt/airflow/dags/trigger_dag_run_dag2.py for tasks to queue
[2024-03-21T15:52:57.593+0000] {logging_mixin.py:188} INFO - [2024-03-21T15:52:57.593+0000] {dagbag.py:540} INFO - Filling up the DagBag from /opt/airflow/dags/trigger_dag_run_dag2.py
[2024-03-21T15:52:57.604+0000] {processor.py:840} INFO - DAG(s) 'trigger_dag_run_dag2' retrieved from /opt/airflow/dags/trigger_dag_run_dag2.py
[2024-03-21T15:52:57.625+0000] {logging_mixin.py:188} INFO - [2024-03-21T15:52:57.625+0000] {dag.py:3047} INFO - Sync 1 DAGs
[2024-03-21T15:52:57.641+0000] {logging_mixin.py:188} INFO - [2024-03-21T15:52:57.641+0000] {dag.py:3834} INFO - Setting next_dagrun for trigger_dag_run_dag2 to None, run_after=None
[2024-03-21T15:52:57.654+0000] {processor.py:183} INFO - Processing /opt/airflow/dags/trigger_dag_run_dag2.py took 0.065 seconds
[2024-03-21T15:53:28.031+0000] {processor.py:161} INFO - Started process (PID=188) to work on /opt/airflow/dags/trigger_dag_run_dag2.py
[2024-03-21T15:53:28.031+0000] {processor.py:830} INFO - Processing file /opt/airflow/dags/trigger_dag_run_dag2.py for tasks to queue
[2024-03-21T15:53:28.032+0000] {logging_mixin.py:188} INFO - [2024-03-21T15:53:28.032+0000] {dagbag.py:540} INFO - Filling up the DagBag from /opt/airflow/dags/trigger_dag_run_dag2.py
[2024-03-21T15:53:28.043+0000] {processor.py:840} INFO - DAG(s) 'trigger_dag_run_dag2' retrieved from /opt/airflow/dags/trigger_dag_run_dag2.py
[2024-03-21T15:53:28.071+0000] {logging_mixin.py:188} INFO - [2024-03-21T15:53:28.071+0000] {dag.py:3047} INFO - Sync 1 DAGs
[2024-03-21T15:53:28.088+0000] {logging_mixin.py:188} INFO - [2024-03-21T15:53:28.088+0000] {dag.py:3834} INFO - Setting next_dagrun for trigger_dag_run_dag2 to None, run_after=None
[2024-03-21T15:53:28.106+0000] {processor.py:183} INFO - Processing /opt/airflow/dags/trigger_dag_run_dag2.py took 0.077 seconds
[2024-03-21T15:53:58.506+0000] {processor.py:161} INFO - Started process (PID=208) to work on /opt/airflow/dags/trigger_dag_run_dag2.py
[2024-03-21T15:53:58.508+0000] {processor.py:830} INFO - Processing file /opt/airflow/dags/trigger_dag_run_dag2.py for tasks to queue
[2024-03-21T15:53:58.509+0000] {logging_mixin.py:188} INFO - [2024-03-21T15:53:58.509+0000] {dagbag.py:540} INFO - Filling up the DagBag from /opt/airflow/dags/trigger_dag_run_dag2.py
[2024-03-21T15:53:58.528+0000] {processor.py:840} INFO - DAG(s) 'trigger_dag_run_dag2' retrieved from /opt/airflow/dags/trigger_dag_run_dag2.py
[2024-03-21T15:53:58.551+0000] {logging_mixin.py:188} INFO - [2024-03-21T15:53:58.551+0000] {dag.py:3047} INFO - Sync 1 DAGs
[2024-03-21T15:53:58.570+0000] {logging_mixin.py:188} INFO - [2024-03-21T15:53:58.569+0000] {dag.py:3834} INFO - Setting next_dagrun for trigger_dag_run_dag2 to None, run_after=None
[2024-03-21T15:53:58.584+0000] {processor.py:183} INFO - Processing /opt/airflow/dags/trigger_dag_run_dag2.py took 0.080 seconds
[2024-03-21T15:54:28.759+0000] {processor.py:161} INFO - Started process (PID=228) to work on /opt/airflow/dags/trigger_dag_run_dag2.py
[2024-03-21T15:54:28.760+0000] {processor.py:830} INFO - Processing file /opt/airflow/dags/trigger_dag_run_dag2.py for tasks to queue
[2024-03-21T15:54:28.761+0000] {logging_mixin.py:188} INFO - [2024-03-21T15:54:28.760+0000] {dagbag.py:540} INFO - Filling up the DagBag from /opt/airflow/dags/trigger_dag_run_dag2.py
[2024-03-21T15:54:28.772+0000] {processor.py:840} INFO - DAG(s) 'trigger_dag_run_dag2' retrieved from /opt/airflow/dags/trigger_dag_run_dag2.py
[2024-03-21T15:54:28.799+0000] {logging_mixin.py:188} INFO - [2024-03-21T15:54:28.799+0000] {dag.py:3047} INFO - Sync 1 DAGs
[2024-03-21T15:54:28.817+0000] {logging_mixin.py:188} INFO - [2024-03-21T15:54:28.817+0000] {dag.py:3834} INFO - Setting next_dagrun for trigger_dag_run_dag2 to None, run_after=None
[2024-03-21T15:54:28.831+0000] {processor.py:183} INFO - Processing /opt/airflow/dags/trigger_dag_run_dag2.py took 0.073 seconds
[2024-03-21T15:54:59.112+0000] {processor.py:161} INFO - Started process (PID=248) to work on /opt/airflow/dags/trigger_dag_run_dag2.py
[2024-03-21T15:54:59.113+0000] {processor.py:830} INFO - Processing file /opt/airflow/dags/trigger_dag_run_dag2.py for tasks to queue
[2024-03-21T15:54:59.114+0000] {logging_mixin.py:188} INFO - [2024-03-21T15:54:59.114+0000] {dagbag.py:540} INFO - Filling up the DagBag from /opt/airflow/dags/trigger_dag_run_dag2.py
[2024-03-21T15:54:59.126+0000] {processor.py:840} INFO - DAG(s) 'trigger_dag_run_dag2' retrieved from /opt/airflow/dags/trigger_dag_run_dag2.py
[2024-03-21T15:54:59.148+0000] {logging_mixin.py:188} INFO - [2024-03-21T15:54:59.148+0000] {dag.py:3047} INFO - Sync 1 DAGs
[2024-03-21T15:54:59.165+0000] {logging_mixin.py:188} INFO - [2024-03-21T15:54:59.165+0000] {dag.py:3834} INFO - Setting next_dagrun for trigger_dag_run_dag2 to None, run_after=None
[2024-03-21T15:54:59.188+0000] {processor.py:183} INFO - Processing /opt/airflow/dags/trigger_dag_run_dag2.py took 0.078 seconds
[2024-03-21T15:55:29.256+0000] {processor.py:161} INFO - Started process (PID=268) to work on /opt/airflow/dags/trigger_dag_run_dag2.py
[2024-03-21T15:55:29.257+0000] {processor.py:830} INFO - Processing file /opt/airflow/dags/trigger_dag_run_dag2.py for tasks to queue
[2024-03-21T15:55:29.258+0000] {logging_mixin.py:188} INFO - [2024-03-21T15:55:29.258+0000] {dagbag.py:540} INFO - Filling up the DagBag from /opt/airflow/dags/trigger_dag_run_dag2.py
[2024-03-21T15:55:29.273+0000] {processor.py:840} INFO - DAG(s) 'trigger_dag_run_dag2' retrieved from /opt/airflow/dags/trigger_dag_run_dag2.py
[2024-03-21T15:55:29.297+0000] {logging_mixin.py:188} INFO - [2024-03-21T15:55:29.297+0000] {dag.py:3047} INFO - Sync 1 DAGs
[2024-03-21T15:55:29.317+0000] {logging_mixin.py:188} INFO - [2024-03-21T15:55:29.317+0000] {dag.py:3834} INFO - Setting next_dagrun for trigger_dag_run_dag2 to None, run_after=None
[2024-03-21T15:55:29.331+0000] {processor.py:183} INFO - Processing /opt/airflow/dags/trigger_dag_run_dag2.py took 0.077 seconds
[2024-03-21T15:55:59.528+0000] {processor.py:161} INFO - Started process (PID=288) to work on /opt/airflow/dags/trigger_dag_run_dag2.py
[2024-03-21T15:55:59.528+0000] {processor.py:830} INFO - Processing file /opt/airflow/dags/trigger_dag_run_dag2.py for tasks to queue
[2024-03-21T15:55:59.529+0000] {logging_mixin.py:188} INFO - [2024-03-21T15:55:59.529+0000] {dagbag.py:540} INFO - Filling up the DagBag from /opt/airflow/dags/trigger_dag_run_dag2.py
[2024-03-21T15:55:59.540+0000] {processor.py:840} INFO - DAG(s) 'trigger_dag_run_dag2' retrieved from /opt/airflow/dags/trigger_dag_run_dag2.py
[2024-03-21T15:55:59.562+0000] {logging_mixin.py:188} INFO - [2024-03-21T15:55:59.561+0000] {dag.py:3047} INFO - Sync 1 DAGs
[2024-03-21T15:55:59.584+0000] {logging_mixin.py:188} INFO - [2024-03-21T15:55:59.584+0000] {dag.py:3834} INFO - Setting next_dagrun for trigger_dag_run_dag2 to None, run_after=None
[2024-03-21T15:55:59.608+0000] {processor.py:183} INFO - Processing /opt/airflow/dags/trigger_dag_run_dag2.py took 0.082 seconds
[2024-03-21T15:56:29.721+0000] {processor.py:161} INFO - Started process (PID=309) to work on /opt/airflow/dags/trigger_dag_run_dag2.py
[2024-03-21T15:56:29.722+0000] {processor.py:830} INFO - Processing file /opt/airflow/dags/trigger_dag_run_dag2.py for tasks to queue
[2024-03-21T15:56:29.723+0000] {logging_mixin.py:188} INFO - [2024-03-21T15:56:29.723+0000] {dagbag.py:540} INFO - Filling up the DagBag from /opt/airflow/dags/trigger_dag_run_dag2.py
[2024-03-21T15:56:29.739+0000] {processor.py:840} INFO - DAG(s) 'trigger_dag_run_dag2' retrieved from /opt/airflow/dags/trigger_dag_run_dag2.py
[2024-03-21T15:56:29.761+0000] {logging_mixin.py:188} INFO - [2024-03-21T15:56:29.760+0000] {dag.py:3047} INFO - Sync 1 DAGs
[2024-03-21T15:56:29.777+0000] {logging_mixin.py:188} INFO - [2024-03-21T15:56:29.776+0000] {dag.py:3834} INFO - Setting next_dagrun for trigger_dag_run_dag2 to None, run_after=None
[2024-03-21T15:56:29.790+0000] {processor.py:183} INFO - Processing /opt/airflow/dags/trigger_dag_run_dag2.py took 0.071 seconds
[2024-03-21T15:57:00.033+0000] {processor.py:161} INFO - Started process (PID=329) to work on /opt/airflow/dags/trigger_dag_run_dag2.py
[2024-03-21T15:57:00.034+0000] {processor.py:830} INFO - Processing file /opt/airflow/dags/trigger_dag_run_dag2.py for tasks to queue
[2024-03-21T15:57:00.035+0000] {logging_mixin.py:188} INFO - [2024-03-21T15:57:00.035+0000] {dagbag.py:540} INFO - Filling up the DagBag from /opt/airflow/dags/trigger_dag_run_dag2.py
[2024-03-21T15:57:00.046+0000] {processor.py:840} INFO - DAG(s) 'trigger_dag_run_dag2' retrieved from /opt/airflow/dags/trigger_dag_run_dag2.py
[2024-03-21T15:57:00.069+0000] {logging_mixin.py:188} INFO - [2024-03-21T15:57:00.069+0000] {dag.py:3047} INFO - Sync 1 DAGs
[2024-03-21T15:57:00.087+0000] {logging_mixin.py:188} INFO - [2024-03-21T15:57:00.087+0000] {dag.py:3834} INFO - Setting next_dagrun for trigger_dag_run_dag2 to None, run_after=None
[2024-03-21T15:57:00.109+0000] {processor.py:183} INFO - Processing /opt/airflow/dags/trigger_dag_run_dag2.py took 0.078 seconds
[2024-03-21T15:57:30.179+0000] {processor.py:161} INFO - Started process (PID=349) to work on /opt/airflow/dags/trigger_dag_run_dag2.py
[2024-03-21T15:57:30.179+0000] {processor.py:830} INFO - Processing file /opt/airflow/dags/trigger_dag_run_dag2.py for tasks to queue
[2024-03-21T15:57:30.181+0000] {logging_mixin.py:188} INFO - [2024-03-21T15:57:30.180+0000] {dagbag.py:540} INFO - Filling up the DagBag from /opt/airflow/dags/trigger_dag_run_dag2.py
[2024-03-21T15:57:30.192+0000] {processor.py:840} INFO - DAG(s) 'trigger_dag_run_dag2' retrieved from /opt/airflow/dags/trigger_dag_run_dag2.py
[2024-03-21T15:57:30.218+0000] {logging_mixin.py:188} INFO - [2024-03-21T15:57:30.218+0000] {dag.py:3047} INFO - Sync 1 DAGs
[2024-03-21T15:57:30.234+0000] {logging_mixin.py:188} INFO - [2024-03-21T15:57:30.234+0000] {dag.py:3834} INFO - Setting next_dagrun for trigger_dag_run_dag2 to None, run_after=None
[2024-03-21T15:57:30.248+0000] {processor.py:183} INFO - Processing /opt/airflow/dags/trigger_dag_run_dag2.py took 0.071 seconds
[2024-03-21T15:58:00.537+0000] {processor.py:161} INFO - Started process (PID=369) to work on /opt/airflow/dags/trigger_dag_run_dag2.py
[2024-03-21T15:58:00.538+0000] {processor.py:830} INFO - Processing file /opt/airflow/dags/trigger_dag_run_dag2.py for tasks to queue
[2024-03-21T15:58:00.539+0000] {logging_mixin.py:188} INFO - [2024-03-21T15:58:00.539+0000] {dagbag.py:540} INFO - Filling up the DagBag from /opt/airflow/dags/trigger_dag_run_dag2.py
[2024-03-21T15:58:00.552+0000] {processor.py:840} INFO - DAG(s) 'trigger_dag_run_dag2' retrieved from /opt/airflow/dags/trigger_dag_run_dag2.py
[2024-03-21T15:58:00.577+0000] {logging_mixin.py:188} INFO - [2024-03-21T15:58:00.577+0000] {dag.py:3047} INFO - Sync 1 DAGs
[2024-03-21T15:58:00.597+0000] {logging_mixin.py:188} INFO - [2024-03-21T15:58:00.597+0000] {dag.py:3834} INFO - Setting next_dagrun for trigger_dag_run_dag2 to None, run_after=None
[2024-03-21T15:58:00.618+0000] {processor.py:183} INFO - Processing /opt/airflow/dags/trigger_dag_run_dag2.py took 0.083 seconds
[2024-03-21T15:58:30.651+0000] {processor.py:161} INFO - Started process (PID=389) to work on /opt/airflow/dags/trigger_dag_run_dag2.py
[2024-03-21T15:58:30.651+0000] {processor.py:830} INFO - Processing file /opt/airflow/dags/trigger_dag_run_dag2.py for tasks to queue
[2024-03-21T15:58:30.652+0000] {logging_mixin.py:188} INFO - [2024-03-21T15:58:30.652+0000] {dagbag.py:540} INFO - Filling up the DagBag from /opt/airflow/dags/trigger_dag_run_dag2.py
[2024-03-21T15:58:30.663+0000] {processor.py:840} INFO - DAG(s) 'trigger_dag_run_dag2' retrieved from /opt/airflow/dags/trigger_dag_run_dag2.py
[2024-03-21T15:58:30.687+0000] {logging_mixin.py:188} INFO - [2024-03-21T15:58:30.686+0000] {dag.py:3047} INFO - Sync 1 DAGs
[2024-03-21T15:58:30.703+0000] {logging_mixin.py:188} INFO - [2024-03-21T15:58:30.703+0000] {dag.py:3834} INFO - Setting next_dagrun for trigger_dag_run_dag2 to None, run_after=None
[2024-03-21T15:58:30.723+0000] {processor.py:183} INFO - Processing /opt/airflow/dags/trigger_dag_run_dag2.py took 0.074 seconds
[2024-03-21T15:59:01.070+0000] {processor.py:161} INFO - Started process (PID=409) to work on /opt/airflow/dags/trigger_dag_run_dag2.py
[2024-03-21T15:59:01.070+0000] {processor.py:830} INFO - Processing file /opt/airflow/dags/trigger_dag_run_dag2.py for tasks to queue
[2024-03-21T15:59:01.072+0000] {logging_mixin.py:188} INFO - [2024-03-21T15:59:01.071+0000] {dagbag.py:540} INFO - Filling up the DagBag from /opt/airflow/dags/trigger_dag_run_dag2.py
[2024-03-21T15:59:01.083+0000] {processor.py:840} INFO - DAG(s) 'trigger_dag_run_dag2' retrieved from /opt/airflow/dags/trigger_dag_run_dag2.py
[2024-03-21T15:59:01.107+0000] {logging_mixin.py:188} INFO - [2024-03-21T15:59:01.107+0000] {dag.py:3047} INFO - Sync 1 DAGs
[2024-03-21T15:59:01.125+0000] {logging_mixin.py:188} INFO - [2024-03-21T15:59:01.125+0000] {dag.py:3834} INFO - Setting next_dagrun for trigger_dag_run_dag2 to None, run_after=None
[2024-03-21T15:59:01.149+0000] {processor.py:183} INFO - Processing /opt/airflow/dags/trigger_dag_run_dag2.py took 0.080 seconds
[2024-03-21T15:59:31.460+0000] {processor.py:161} INFO - Started process (PID=430) to work on /opt/airflow/dags/trigger_dag_run_dag2.py
[2024-03-21T15:59:31.461+0000] {processor.py:830} INFO - Processing file /opt/airflow/dags/trigger_dag_run_dag2.py for tasks to queue
[2024-03-21T15:59:31.463+0000] {logging_mixin.py:188} INFO - [2024-03-21T15:59:31.463+0000] {dagbag.py:540} INFO - Filling up the DagBag from /opt/airflow/dags/trigger_dag_run_dag2.py
[2024-03-21T15:59:31.478+0000] {processor.py:840} INFO - DAG(s) 'trigger_dag_run_dag2' retrieved from /opt/airflow/dags/trigger_dag_run_dag2.py
[2024-03-21T15:59:31.498+0000] {logging_mixin.py:188} INFO - [2024-03-21T15:59:31.498+0000] {dag.py:3047} INFO - Sync 1 DAGs
[2024-03-21T15:59:31.513+0000] {logging_mixin.py:188} INFO - [2024-03-21T15:59:31.513+0000] {dag.py:3834} INFO - Setting next_dagrun for trigger_dag_run_dag2 to None, run_after=None
[2024-03-21T15:59:31.526+0000] {processor.py:183} INFO - Processing /opt/airflow/dags/trigger_dag_run_dag2.py took 0.068 seconds
[2024-03-21T16:00:01.653+0000] {processor.py:161} INFO - Started process (PID=450) to work on /opt/airflow/dags/trigger_dag_run_dag2.py
[2024-03-21T16:00:01.654+0000] {processor.py:830} INFO - Processing file /opt/airflow/dags/trigger_dag_run_dag2.py for tasks to queue
[2024-03-21T16:00:01.656+0000] {logging_mixin.py:188} INFO - [2024-03-21T16:00:01.656+0000] {dagbag.py:540} INFO - Filling up the DagBag from /opt/airflow/dags/trigger_dag_run_dag2.py
[2024-03-21T16:00:01.667+0000] {processor.py:840} INFO - DAG(s) 'trigger_dag_run_dag2' retrieved from /opt/airflow/dags/trigger_dag_run_dag2.py
[2024-03-21T16:00:01.690+0000] {logging_mixin.py:188} INFO - [2024-03-21T16:00:01.690+0000] {dag.py:3047} INFO - Sync 1 DAGs
[2024-03-21T16:00:01.710+0000] {logging_mixin.py:188} INFO - [2024-03-21T16:00:01.710+0000] {dag.py:3834} INFO - Setting next_dagrun for trigger_dag_run_dag2 to None, run_after=None
[2024-03-21T16:00:01.724+0000] {processor.py:183} INFO - Processing /opt/airflow/dags/trigger_dag_run_dag2.py took 0.072 seconds
[2024-03-21T16:00:31.971+0000] {processor.py:161} INFO - Started process (PID=470) to work on /opt/airflow/dags/trigger_dag_run_dag2.py
[2024-03-21T16:00:31.971+0000] {processor.py:830} INFO - Processing file /opt/airflow/dags/trigger_dag_run_dag2.py for tasks to queue
[2024-03-21T16:00:31.973+0000] {logging_mixin.py:188} INFO - [2024-03-21T16:00:31.972+0000] {dagbag.py:540} INFO - Filling up the DagBag from /opt/airflow/dags/trigger_dag_run_dag2.py
[2024-03-21T16:00:31.983+0000] {processor.py:840} INFO - DAG(s) 'trigger_dag_run_dag2' retrieved from /opt/airflow/dags/trigger_dag_run_dag2.py
[2024-03-21T16:00:32.009+0000] {logging_mixin.py:188} INFO - [2024-03-21T16:00:32.009+0000] {dag.py:3047} INFO - Sync 1 DAGs
[2024-03-21T16:00:32.030+0000] {logging_mixin.py:188} INFO - [2024-03-21T16:00:32.030+0000] {dag.py:3834} INFO - Setting next_dagrun for trigger_dag_run_dag2 to None, run_after=None
[2024-03-21T16:00:32.047+0000] {processor.py:183} INFO - Processing /opt/airflow/dags/trigger_dag_run_dag2.py took 0.078 seconds
[2024-03-21T16:01:02.215+0000] {processor.py:161} INFO - Started process (PID=491) to work on /opt/airflow/dags/trigger_dag_run_dag2.py
[2024-03-21T16:01:02.216+0000] {processor.py:830} INFO - Processing file /opt/airflow/dags/trigger_dag_run_dag2.py for tasks to queue
[2024-03-21T16:01:02.218+0000] {logging_mixin.py:188} INFO - [2024-03-21T16:01:02.217+0000] {dagbag.py:540} INFO - Filling up the DagBag from /opt/airflow/dags/trigger_dag_run_dag2.py
[2024-03-21T16:01:02.230+0000] {processor.py:840} INFO - DAG(s) 'trigger_dag_run_dag2' retrieved from /opt/airflow/dags/trigger_dag_run_dag2.py
[2024-03-21T16:01:02.258+0000] {logging_mixin.py:188} INFO - [2024-03-21T16:01:02.258+0000] {dag.py:3047} INFO - Sync 1 DAGs
[2024-03-21T16:01:02.277+0000] {logging_mixin.py:188} INFO - [2024-03-21T16:01:02.277+0000] {dag.py:3834} INFO - Setting next_dagrun for trigger_dag_run_dag2 to None, run_after=None
[2024-03-21T16:01:02.291+0000] {processor.py:183} INFO - Processing /opt/airflow/dags/trigger_dag_run_dag2.py took 0.078 seconds
[2024-03-21T16:01:32.397+0000] {processor.py:161} INFO - Started process (PID=511) to work on /opt/airflow/dags/trigger_dag_run_dag2.py
[2024-03-21T16:01:32.398+0000] {processor.py:830} INFO - Processing file /opt/airflow/dags/trigger_dag_run_dag2.py for tasks to queue
[2024-03-21T16:01:32.399+0000] {logging_mixin.py:188} INFO - [2024-03-21T16:01:32.399+0000] {dagbag.py:540} INFO - Filling up the DagBag from /opt/airflow/dags/trigger_dag_run_dag2.py
[2024-03-21T16:01:32.410+0000] {processor.py:840} INFO - DAG(s) 'trigger_dag_run_dag2' retrieved from /opt/airflow/dags/trigger_dag_run_dag2.py
[2024-03-21T16:01:32.435+0000] {logging_mixin.py:188} INFO - [2024-03-21T16:01:32.435+0000] {dag.py:3047} INFO - Sync 1 DAGs
[2024-03-21T16:01:32.452+0000] {logging_mixin.py:188} INFO - [2024-03-21T16:01:32.452+0000] {dag.py:3834} INFO - Setting next_dagrun for trigger_dag_run_dag2 to None, run_after=None
[2024-03-21T16:01:32.471+0000] {processor.py:183} INFO - Processing /opt/airflow/dags/trigger_dag_run_dag2.py took 0.077 seconds
[2024-03-21T16:02:02.720+0000] {processor.py:161} INFO - Started process (PID=531) to work on /opt/airflow/dags/trigger_dag_run_dag2.py
[2024-03-21T16:02:02.721+0000] {processor.py:830} INFO - Processing file /opt/airflow/dags/trigger_dag_run_dag2.py for tasks to queue
[2024-03-21T16:02:02.722+0000] {logging_mixin.py:188} INFO - [2024-03-21T16:02:02.722+0000] {dagbag.py:540} INFO - Filling up the DagBag from /opt/airflow/dags/trigger_dag_run_dag2.py
[2024-03-21T16:02:02.732+0000] {processor.py:840} INFO - DAG(s) 'trigger_dag_run_dag2' retrieved from /opt/airflow/dags/trigger_dag_run_dag2.py
[2024-03-21T16:02:02.756+0000] {logging_mixin.py:188} INFO - [2024-03-21T16:02:02.756+0000] {dag.py:3047} INFO - Sync 1 DAGs
[2024-03-21T16:02:02.772+0000] {logging_mixin.py:188} INFO - [2024-03-21T16:02:02.772+0000] {dag.py:3834} INFO - Setting next_dagrun for trigger_dag_run_dag2 to None, run_after=None
[2024-03-21T16:02:02.796+0000] {processor.py:183} INFO - Processing /opt/airflow/dags/trigger_dag_run_dag2.py took 0.078 seconds
[2024-03-21T16:02:32.940+0000] {processor.py:161} INFO - Started process (PID=551) to work on /opt/airflow/dags/trigger_dag_run_dag2.py
[2024-03-21T16:02:32.940+0000] {processor.py:830} INFO - Processing file /opt/airflow/dags/trigger_dag_run_dag2.py for tasks to queue
[2024-03-21T16:02:32.941+0000] {logging_mixin.py:188} INFO - [2024-03-21T16:02:32.941+0000] {dagbag.py:540} INFO - Filling up the DagBag from /opt/airflow/dags/trigger_dag_run_dag2.py
[2024-03-21T16:02:32.951+0000] {processor.py:840} INFO - DAG(s) 'trigger_dag_run_dag2' retrieved from /opt/airflow/dags/trigger_dag_run_dag2.py
[2024-03-21T16:02:32.977+0000] {logging_mixin.py:188} INFO - [2024-03-21T16:02:32.977+0000] {dag.py:3047} INFO - Sync 1 DAGs
[2024-03-21T16:02:33.001+0000] {logging_mixin.py:188} INFO - [2024-03-21T16:02:33.001+0000] {dag.py:3834} INFO - Setting next_dagrun for trigger_dag_run_dag2 to None, run_after=None
[2024-03-21T16:02:33.026+0000] {processor.py:183} INFO - Processing /opt/airflow/dags/trigger_dag_run_dag2.py took 0.088 seconds
[2024-03-21T16:03:03.201+0000] {processor.py:161} INFO - Started process (PID=571) to work on /opt/airflow/dags/trigger_dag_run_dag2.py
[2024-03-21T16:03:03.202+0000] {processor.py:830} INFO - Processing file /opt/airflow/dags/trigger_dag_run_dag2.py for tasks to queue
[2024-03-21T16:03:03.203+0000] {logging_mixin.py:188} INFO - [2024-03-21T16:03:03.203+0000] {dagbag.py:540} INFO - Filling up the DagBag from /opt/airflow/dags/trigger_dag_run_dag2.py
[2024-03-21T16:03:03.215+0000] {processor.py:840} INFO - DAG(s) 'trigger_dag_run_dag2' retrieved from /opt/airflow/dags/trigger_dag_run_dag2.py
[2024-03-21T16:03:03.237+0000] {logging_mixin.py:188} INFO - [2024-03-21T16:03:03.237+0000] {dag.py:3047} INFO - Sync 1 DAGs
[2024-03-21T16:03:03.255+0000] {logging_mixin.py:188} INFO - [2024-03-21T16:03:03.255+0000] {dag.py:3834} INFO - Setting next_dagrun for trigger_dag_run_dag2 to None, run_after=None
[2024-03-21T16:03:03.273+0000] {processor.py:183} INFO - Processing /opt/airflow/dags/trigger_dag_run_dag2.py took 0.074 seconds
[2024-03-21T16:03:33.488+0000] {processor.py:161} INFO - Started process (PID=591) to work on /opt/airflow/dags/trigger_dag_run_dag2.py
[2024-03-21T16:03:33.489+0000] {processor.py:830} INFO - Processing file /opt/airflow/dags/trigger_dag_run_dag2.py for tasks to queue
[2024-03-21T16:03:33.490+0000] {logging_mixin.py:188} INFO - [2024-03-21T16:03:33.490+0000] {dagbag.py:540} INFO - Filling up the DagBag from /opt/airflow/dags/trigger_dag_run_dag2.py
[2024-03-21T16:03:33.502+0000] {processor.py:840} INFO - DAG(s) 'trigger_dag_run_dag2' retrieved from /opt/airflow/dags/trigger_dag_run_dag2.py
[2024-03-21T16:03:33.526+0000] {logging_mixin.py:188} INFO - [2024-03-21T16:03:33.526+0000] {dag.py:3047} INFO - Sync 1 DAGs
[2024-03-21T16:03:33.545+0000] {logging_mixin.py:188} INFO - [2024-03-21T16:03:33.544+0000] {dag.py:3834} INFO - Setting next_dagrun for trigger_dag_run_dag2 to None, run_after=None
[2024-03-21T16:03:33.568+0000] {processor.py:183} INFO - Processing /opt/airflow/dags/trigger_dag_run_dag2.py took 0.082 seconds
[2024-03-21T16:04:03.630+0000] {processor.py:161} INFO - Started process (PID=611) to work on /opt/airflow/dags/trigger_dag_run_dag2.py
[2024-03-21T16:04:03.631+0000] {processor.py:830} INFO - Processing file /opt/airflow/dags/trigger_dag_run_dag2.py for tasks to queue
[2024-03-21T16:04:03.632+0000] {logging_mixin.py:188} INFO - [2024-03-21T16:04:03.632+0000] {dagbag.py:540} INFO - Filling up the DagBag from /opt/airflow/dags/trigger_dag_run_dag2.py
[2024-03-21T16:04:03.643+0000] {processor.py:840} INFO - DAG(s) 'trigger_dag_run_dag2' retrieved from /opt/airflow/dags/trigger_dag_run_dag2.py
[2024-03-21T16:04:03.662+0000] {logging_mixin.py:188} INFO - [2024-03-21T16:04:03.662+0000] {dag.py:3047} INFO - Sync 1 DAGs
[2024-03-21T16:04:03.685+0000] {logging_mixin.py:188} INFO - [2024-03-21T16:04:03.685+0000] {dag.py:3834} INFO - Setting next_dagrun for trigger_dag_run_dag2 to None, run_after=None
[2024-03-21T16:04:03.706+0000] {processor.py:183} INFO - Processing /opt/airflow/dags/trigger_dag_run_dag2.py took 0.078 seconds
