[2024-03-21T15:48:47.208+0000] {processor.py:161} INFO - Started process (PID=39) to work on /opt/airflow/dags/trigger_dag_run_dag1.py
[2024-03-21T15:48:47.209+0000] {processor.py:830} INFO - Processing file /opt/airflow/dags/trigger_dag_run_dag1.py for tasks to queue
[2024-03-21T15:48:47.210+0000] {logging_mixin.py:188} INFO - [2024-03-21T15:48:47.210+0000] {dagbag.py:540} INFO - Filling up the DagBag from /opt/airflow/dags/trigger_dag_run_dag1.py
[2024-03-21T15:48:47.237+0000] {processor.py:840} INFO - DAG(s) 'trigger_dag_run_dag1' retrieved from /opt/airflow/dags/trigger_dag_run_dag1.py
[2024-03-21T15:48:47.463+0000] {logging_mixin.py:188} INFO - [2024-03-21T15:48:47.463+0000] {dag.py:3047} INFO - Sync 1 DAGs
[2024-03-21T15:48:47.486+0000] {logging_mixin.py:188} INFO - [2024-03-21T15:48:47.486+0000] {dag.py:3834} INFO - Setting next_dagrun for trigger_dag_run_dag1 to None, run_after=None
[2024-03-21T15:48:47.519+0000] {processor.py:183} INFO - Processing /opt/airflow/dags/trigger_dag_run_dag1.py took 0.313 seconds
[2024-03-21T15:49:18.039+0000] {processor.py:161} INFO - Started process (PID=61) to work on /opt/airflow/dags/trigger_dag_run_dag1.py
[2024-03-21T15:49:18.040+0000] {processor.py:830} INFO - Processing file /opt/airflow/dags/trigger_dag_run_dag1.py for tasks to queue
[2024-03-21T15:49:18.041+0000] {logging_mixin.py:188} INFO - [2024-03-21T15:49:18.041+0000] {dagbag.py:540} INFO - Filling up the DagBag from /opt/airflow/dags/trigger_dag_run_dag1.py
[2024-03-21T15:49:18.051+0000] {processor.py:840} INFO - DAG(s) 'trigger_dag_run_dag1' retrieved from /opt/airflow/dags/trigger_dag_run_dag1.py
[2024-03-21T15:49:18.076+0000] {logging_mixin.py:188} INFO - [2024-03-21T15:49:18.076+0000] {dag.py:3047} INFO - Sync 1 DAGs
[2024-03-21T15:49:18.086+0000] {logging_mixin.py:188} INFO - [2024-03-21T15:49:18.086+0000] {dag.py:3834} INFO - Setting next_dagrun for trigger_dag_run_dag1 to None, run_after=None
[2024-03-21T15:49:18.108+0000] {processor.py:183} INFO - Processing /opt/airflow/dags/trigger_dag_run_dag1.py took 0.070 seconds
[2024-03-21T15:49:54.618+0000] {processor.py:161} INFO - Started process (PID=39) to work on /opt/airflow/dags/trigger_dag_run_dag1.py
[2024-03-21T15:49:54.618+0000] {processor.py:830} INFO - Processing file /opt/airflow/dags/trigger_dag_run_dag1.py for tasks to queue
[2024-03-21T15:49:54.620+0000] {logging_mixin.py:188} INFO - [2024-03-21T15:49:54.620+0000] {dagbag.py:540} INFO - Filling up the DagBag from /opt/airflow/dags/trigger_dag_run_dag1.py
[2024-03-21T15:49:54.636+0000] {processor.py:840} INFO - DAG(s) 'trigger_dag_run_dag1' retrieved from /opt/airflow/dags/trigger_dag_run_dag1.py
[2024-03-21T15:49:54.823+0000] {logging_mixin.py:188} INFO - [2024-03-21T15:49:54.823+0000] {dag.py:3047} INFO - Sync 1 DAGs
[2024-03-21T15:49:54.832+0000] {logging_mixin.py:188} INFO - [2024-03-21T15:49:54.832+0000] {dag.py:3834} INFO - Setting next_dagrun for trigger_dag_run_dag1 to None, run_after=None
[2024-03-21T15:49:54.858+0000] {processor.py:183} INFO - Processing /opt/airflow/dags/trigger_dag_run_dag1.py took 0.242 seconds
[2024-03-21T15:50:25.473+0000] {processor.py:161} INFO - Started process (PID=60) to work on /opt/airflow/dags/trigger_dag_run_dag1.py
[2024-03-21T15:50:25.473+0000] {processor.py:830} INFO - Processing file /opt/airflow/dags/trigger_dag_run_dag1.py for tasks to queue
[2024-03-21T15:50:25.474+0000] {logging_mixin.py:188} INFO - [2024-03-21T15:50:25.474+0000] {dagbag.py:540} INFO - Filling up the DagBag from /opt/airflow/dags/trigger_dag_run_dag1.py
[2024-03-21T15:50:25.483+0000] {processor.py:840} INFO - DAG(s) 'trigger_dag_run_dag1' retrieved from /opt/airflow/dags/trigger_dag_run_dag1.py
[2024-03-21T15:50:25.504+0000] {logging_mixin.py:188} INFO - [2024-03-21T15:50:25.504+0000] {dag.py:3047} INFO - Sync 1 DAGs
[2024-03-21T15:50:25.514+0000] {logging_mixin.py:188} INFO - [2024-03-21T15:50:25.514+0000] {dag.py:3834} INFO - Setting next_dagrun for trigger_dag_run_dag1 to None, run_after=None
[2024-03-21T15:50:25.532+0000] {processor.py:183} INFO - Processing /opt/airflow/dags/trigger_dag_run_dag1.py took 0.061 seconds
[2024-03-21T15:50:55.892+0000] {processor.py:161} INFO - Started process (PID=80) to work on /opt/airflow/dags/trigger_dag_run_dag1.py
[2024-03-21T15:50:55.893+0000] {processor.py:830} INFO - Processing file /opt/airflow/dags/trigger_dag_run_dag1.py for tasks to queue
[2024-03-21T15:50:55.894+0000] {logging_mixin.py:188} INFO - [2024-03-21T15:50:55.894+0000] {dagbag.py:540} INFO - Filling up the DagBag from /opt/airflow/dags/trigger_dag_run_dag1.py
[2024-03-21T15:50:55.905+0000] {processor.py:840} INFO - DAG(s) 'trigger_dag_run_dag1' retrieved from /opt/airflow/dags/trigger_dag_run_dag1.py
[2024-03-21T15:50:55.930+0000] {logging_mixin.py:188} INFO - [2024-03-21T15:50:55.929+0000] {dag.py:3047} INFO - Sync 1 DAGs
[2024-03-21T15:50:55.941+0000] {logging_mixin.py:188} INFO - [2024-03-21T15:50:55.941+0000] {dag.py:3834} INFO - Setting next_dagrun for trigger_dag_run_dag1 to None, run_after=None
[2024-03-21T15:50:55.961+0000] {processor.py:183} INFO - Processing /opt/airflow/dags/trigger_dag_run_dag1.py took 0.070 seconds
[2024-03-21T15:51:26.167+0000] {processor.py:161} INFO - Started process (PID=100) to work on /opt/airflow/dags/trigger_dag_run_dag1.py
[2024-03-21T15:51:26.168+0000] {processor.py:830} INFO - Processing file /opt/airflow/dags/trigger_dag_run_dag1.py for tasks to queue
[2024-03-21T15:51:26.169+0000] {logging_mixin.py:188} INFO - [2024-03-21T15:51:26.169+0000] {dagbag.py:540} INFO - Filling up the DagBag from /opt/airflow/dags/trigger_dag_run_dag1.py
[2024-03-21T15:51:26.178+0000] {processor.py:840} INFO - DAG(s) 'trigger_dag_run_dag1' retrieved from /opt/airflow/dags/trigger_dag_run_dag1.py
[2024-03-21T15:51:26.200+0000] {logging_mixin.py:188} INFO - [2024-03-21T15:51:26.199+0000] {dag.py:3047} INFO - Sync 1 DAGs
[2024-03-21T15:51:26.208+0000] {logging_mixin.py:188} INFO - [2024-03-21T15:51:26.208+0000] {dag.py:3834} INFO - Setting next_dagrun for trigger_dag_run_dag1 to None, run_after=None
[2024-03-21T15:51:26.227+0000] {processor.py:183} INFO - Processing /opt/airflow/dags/trigger_dag_run_dag1.py took 0.061 seconds
[2024-03-21T15:51:56.498+0000] {processor.py:161} INFO - Started process (PID=120) to work on /opt/airflow/dags/trigger_dag_run_dag1.py
[2024-03-21T15:51:56.499+0000] {processor.py:830} INFO - Processing file /opt/airflow/dags/trigger_dag_run_dag1.py for tasks to queue
[2024-03-21T15:51:56.501+0000] {logging_mixin.py:188} INFO - [2024-03-21T15:51:56.501+0000] {dagbag.py:540} INFO - Filling up the DagBag from /opt/airflow/dags/trigger_dag_run_dag1.py
[2024-03-21T15:51:56.521+0000] {processor.py:840} INFO - DAG(s) 'trigger_dag_run_dag1' retrieved from /opt/airflow/dags/trigger_dag_run_dag1.py
[2024-03-21T15:51:56.547+0000] {logging_mixin.py:188} INFO - [2024-03-21T15:51:56.547+0000] {dag.py:3047} INFO - Sync 1 DAGs
[2024-03-21T15:51:56.557+0000] {logging_mixin.py:188} INFO - [2024-03-21T15:51:56.557+0000] {dag.py:3834} INFO - Setting next_dagrun for trigger_dag_run_dag1 to None, run_after=None
[2024-03-21T15:51:56.578+0000] {processor.py:183} INFO - Processing /opt/airflow/dags/trigger_dag_run_dag1.py took 0.082 seconds
[2024-03-21T15:52:26.790+0000] {processor.py:161} INFO - Started process (PID=140) to work on /opt/airflow/dags/trigger_dag_run_dag1.py
[2024-03-21T15:52:26.791+0000] {processor.py:830} INFO - Processing file /opt/airflow/dags/trigger_dag_run_dag1.py for tasks to queue
[2024-03-21T15:52:26.792+0000] {logging_mixin.py:188} INFO - [2024-03-21T15:52:26.791+0000] {dagbag.py:540} INFO - Filling up the DagBag from /opt/airflow/dags/trigger_dag_run_dag1.py
[2024-03-21T15:52:26.799+0000] {processor.py:840} INFO - DAG(s) 'trigger_dag_run_dag1' retrieved from /opt/airflow/dags/trigger_dag_run_dag1.py
[2024-03-21T15:52:26.818+0000] {logging_mixin.py:188} INFO - [2024-03-21T15:52:26.818+0000] {dag.py:3047} INFO - Sync 1 DAGs
[2024-03-21T15:52:26.835+0000] {logging_mixin.py:188} INFO - [2024-03-21T15:52:26.835+0000] {dag.py:3834} INFO - Setting next_dagrun for trigger_dag_run_dag1 to None, run_after=None
[2024-03-21T15:52:26.850+0000] {processor.py:183} INFO - Processing /opt/airflow/dags/trigger_dag_run_dag1.py took 0.062 seconds
[2024-03-21T15:52:57.114+0000] {processor.py:161} INFO - Started process (PID=160) to work on /opt/airflow/dags/trigger_dag_run_dag1.py
[2024-03-21T15:52:57.115+0000] {processor.py:830} INFO - Processing file /opt/airflow/dags/trigger_dag_run_dag1.py for tasks to queue
[2024-03-21T15:52:57.116+0000] {logging_mixin.py:188} INFO - [2024-03-21T15:52:57.116+0000] {dagbag.py:540} INFO - Filling up the DagBag from /opt/airflow/dags/trigger_dag_run_dag1.py
[2024-03-21T15:52:57.129+0000] {processor.py:840} INFO - DAG(s) 'trigger_dag_run_dag1' retrieved from /opt/airflow/dags/trigger_dag_run_dag1.py
[2024-03-21T15:52:57.152+0000] {logging_mixin.py:188} INFO - [2024-03-21T15:52:57.152+0000] {dag.py:3047} INFO - Sync 1 DAGs
[2024-03-21T15:52:57.161+0000] {logging_mixin.py:188} INFO - [2024-03-21T15:52:57.161+0000] {dag.py:3834} INFO - Setting next_dagrun for trigger_dag_run_dag1 to None, run_after=None
[2024-03-21T15:52:57.185+0000] {processor.py:183} INFO - Processing /opt/airflow/dags/trigger_dag_run_dag1.py took 0.073 seconds
[2024-03-21T15:53:27.675+0000] {processor.py:161} INFO - Started process (PID=180) to work on /opt/airflow/dags/trigger_dag_run_dag1.py
[2024-03-21T15:53:27.677+0000] {processor.py:830} INFO - Processing file /opt/airflow/dags/trigger_dag_run_dag1.py for tasks to queue
[2024-03-21T15:53:27.678+0000] {logging_mixin.py:188} INFO - [2024-03-21T15:53:27.678+0000] {dagbag.py:540} INFO - Filling up the DagBag from /opt/airflow/dags/trigger_dag_run_dag1.py
[2024-03-21T15:53:27.691+0000] {processor.py:840} INFO - DAG(s) 'trigger_dag_run_dag1' retrieved from /opt/airflow/dags/trigger_dag_run_dag1.py
[2024-03-21T15:53:27.714+0000] {logging_mixin.py:188} INFO - [2024-03-21T15:53:27.714+0000] {dag.py:3047} INFO - Sync 1 DAGs
[2024-03-21T15:53:27.723+0000] {logging_mixin.py:188} INFO - [2024-03-21T15:53:27.723+0000] {dag.py:3834} INFO - Setting next_dagrun for trigger_dag_run_dag1 to None, run_after=None
[2024-03-21T15:53:27.740+0000] {processor.py:183} INFO - Processing /opt/airflow/dags/trigger_dag_run_dag1.py took 0.067 seconds
[2024-03-21T15:53:58.010+0000] {processor.py:161} INFO - Started process (PID=200) to work on /opt/airflow/dags/trigger_dag_run_dag1.py
[2024-03-21T15:53:58.011+0000] {processor.py:830} INFO - Processing file /opt/airflow/dags/trigger_dag_run_dag1.py for tasks to queue
[2024-03-21T15:53:58.012+0000] {logging_mixin.py:188} INFO - [2024-03-21T15:53:58.012+0000] {dagbag.py:540} INFO - Filling up the DagBag from /opt/airflow/dags/trigger_dag_run_dag1.py
[2024-03-21T15:53:58.022+0000] {processor.py:840} INFO - DAG(s) 'trigger_dag_run_dag1' retrieved from /opt/airflow/dags/trigger_dag_run_dag1.py
[2024-03-21T15:53:58.045+0000] {logging_mixin.py:188} INFO - [2024-03-21T15:53:58.045+0000] {dag.py:3047} INFO - Sync 1 DAGs
[2024-03-21T15:53:58.054+0000] {logging_mixin.py:188} INFO - [2024-03-21T15:53:58.054+0000] {dag.py:3834} INFO - Setting next_dagrun for trigger_dag_run_dag1 to None, run_after=None
[2024-03-21T15:53:58.082+0000] {processor.py:183} INFO - Processing /opt/airflow/dags/trigger_dag_run_dag1.py took 0.074 seconds
[2024-03-21T15:54:28.405+0000] {processor.py:161} INFO - Started process (PID=220) to work on /opt/airflow/dags/trigger_dag_run_dag1.py
[2024-03-21T15:54:28.407+0000] {processor.py:830} INFO - Processing file /opt/airflow/dags/trigger_dag_run_dag1.py for tasks to queue
[2024-03-21T15:54:28.408+0000] {logging_mixin.py:188} INFO - [2024-03-21T15:54:28.408+0000] {dagbag.py:540} INFO - Filling up the DagBag from /opt/airflow/dags/trigger_dag_run_dag1.py
[2024-03-21T15:54:28.417+0000] {processor.py:840} INFO - DAG(s) 'trigger_dag_run_dag1' retrieved from /opt/airflow/dags/trigger_dag_run_dag1.py
[2024-03-21T15:54:28.438+0000] {logging_mixin.py:188} INFO - [2024-03-21T15:54:28.438+0000] {dag.py:3047} INFO - Sync 1 DAGs
[2024-03-21T15:54:28.446+0000] {logging_mixin.py:188} INFO - [2024-03-21T15:54:28.446+0000] {dag.py:3834} INFO - Setting next_dagrun for trigger_dag_run_dag1 to None, run_after=None
[2024-03-21T15:54:28.462+0000] {processor.py:183} INFO - Processing /opt/airflow/dags/trigger_dag_run_dag1.py took 0.060 seconds
[2024-03-21T15:54:58.632+0000] {processor.py:161} INFO - Started process (PID=240) to work on /opt/airflow/dags/trigger_dag_run_dag1.py
[2024-03-21T15:54:58.633+0000] {processor.py:830} INFO - Processing file /opt/airflow/dags/trigger_dag_run_dag1.py for tasks to queue
[2024-03-21T15:54:58.635+0000] {logging_mixin.py:188} INFO - [2024-03-21T15:54:58.634+0000] {dagbag.py:540} INFO - Filling up the DagBag from /opt/airflow/dags/trigger_dag_run_dag1.py
[2024-03-21T15:54:58.644+0000] {processor.py:840} INFO - DAG(s) 'trigger_dag_run_dag1' retrieved from /opt/airflow/dags/trigger_dag_run_dag1.py
[2024-03-21T15:54:58.673+0000] {logging_mixin.py:188} INFO - [2024-03-21T15:54:58.672+0000] {dag.py:3047} INFO - Sync 1 DAGs
[2024-03-21T15:54:58.682+0000] {logging_mixin.py:188} INFO - [2024-03-21T15:54:58.682+0000] {dag.py:3834} INFO - Setting next_dagrun for trigger_dag_run_dag1 to None, run_after=None
[2024-03-21T15:54:58.700+0000] {processor.py:183} INFO - Processing /opt/airflow/dags/trigger_dag_run_dag1.py took 0.070 seconds
[2024-03-21T15:55:28.866+0000] {processor.py:161} INFO - Started process (PID=260) to work on /opt/airflow/dags/trigger_dag_run_dag1.py
[2024-03-21T15:55:28.867+0000] {processor.py:830} INFO - Processing file /opt/airflow/dags/trigger_dag_run_dag1.py for tasks to queue
[2024-03-21T15:55:28.869+0000] {logging_mixin.py:188} INFO - [2024-03-21T15:55:28.869+0000] {dagbag.py:540} INFO - Filling up the DagBag from /opt/airflow/dags/trigger_dag_run_dag1.py
[2024-03-21T15:55:28.880+0000] {processor.py:840} INFO - DAG(s) 'trigger_dag_run_dag1' retrieved from /opt/airflow/dags/trigger_dag_run_dag1.py
[2024-03-21T15:55:28.913+0000] {logging_mixin.py:188} INFO - [2024-03-21T15:55:28.913+0000] {dag.py:3047} INFO - Sync 1 DAGs
[2024-03-21T15:55:28.926+0000] {logging_mixin.py:188} INFO - [2024-03-21T15:55:28.926+0000] {dag.py:3834} INFO - Setting next_dagrun for trigger_dag_run_dag1 to None, run_after=None
[2024-03-21T15:55:28.946+0000] {processor.py:183} INFO - Processing /opt/airflow/dags/trigger_dag_run_dag1.py took 0.083 seconds
[2024-03-21T15:55:59.033+0000] {processor.py:161} INFO - Started process (PID=280) to work on /opt/airflow/dags/trigger_dag_run_dag1.py
[2024-03-21T15:55:59.034+0000] {processor.py:830} INFO - Processing file /opt/airflow/dags/trigger_dag_run_dag1.py for tasks to queue
[2024-03-21T15:55:59.035+0000] {logging_mixin.py:188} INFO - [2024-03-21T15:55:59.035+0000] {dagbag.py:540} INFO - Filling up the DagBag from /opt/airflow/dags/trigger_dag_run_dag1.py
[2024-03-21T15:55:59.044+0000] {processor.py:840} INFO - DAG(s) 'trigger_dag_run_dag1' retrieved from /opt/airflow/dags/trigger_dag_run_dag1.py
[2024-03-21T15:55:59.072+0000] {logging_mixin.py:188} INFO - [2024-03-21T15:55:59.072+0000] {dag.py:3047} INFO - Sync 1 DAGs
[2024-03-21T15:55:59.083+0000] {logging_mixin.py:188} INFO - [2024-03-21T15:55:59.083+0000] {dag.py:3834} INFO - Setting next_dagrun for trigger_dag_run_dag1 to None, run_after=None
[2024-03-21T15:55:59.106+0000] {processor.py:183} INFO - Processing /opt/airflow/dags/trigger_dag_run_dag1.py took 0.075 seconds
[2024-03-21T15:56:29.315+0000] {processor.py:161} INFO - Started process (PID=301) to work on /opt/airflow/dags/trigger_dag_run_dag1.py
[2024-03-21T15:56:29.315+0000] {processor.py:830} INFO - Processing file /opt/airflow/dags/trigger_dag_run_dag1.py for tasks to queue
[2024-03-21T15:56:29.317+0000] {logging_mixin.py:188} INFO - [2024-03-21T15:56:29.317+0000] {dagbag.py:540} INFO - Filling up the DagBag from /opt/airflow/dags/trigger_dag_run_dag1.py
[2024-03-21T15:56:29.343+0000] {processor.py:840} INFO - DAG(s) 'trigger_dag_run_dag1' retrieved from /opt/airflow/dags/trigger_dag_run_dag1.py
[2024-03-21T15:56:29.371+0000] {logging_mixin.py:188} INFO - [2024-03-21T15:56:29.371+0000] {dag.py:3047} INFO - Sync 1 DAGs
[2024-03-21T15:56:29.382+0000] {logging_mixin.py:188} INFO - [2024-03-21T15:56:29.382+0000] {dag.py:3834} INFO - Setting next_dagrun for trigger_dag_run_dag1 to None, run_after=None
[2024-03-21T15:56:29.402+0000] {processor.py:183} INFO - Processing /opt/airflow/dags/trigger_dag_run_dag1.py took 0.089 seconds
[2024-03-21T15:56:59.566+0000] {processor.py:161} INFO - Started process (PID=321) to work on /opt/airflow/dags/trigger_dag_run_dag1.py
[2024-03-21T15:56:59.567+0000] {processor.py:830} INFO - Processing file /opt/airflow/dags/trigger_dag_run_dag1.py for tasks to queue
[2024-03-21T15:56:59.569+0000] {logging_mixin.py:188} INFO - [2024-03-21T15:56:59.568+0000] {dagbag.py:540} INFO - Filling up the DagBag from /opt/airflow/dags/trigger_dag_run_dag1.py
[2024-03-21T15:56:59.578+0000] {processor.py:840} INFO - DAG(s) 'trigger_dag_run_dag1' retrieved from /opt/airflow/dags/trigger_dag_run_dag1.py
[2024-03-21T15:56:59.600+0000] {logging_mixin.py:188} INFO - [2024-03-21T15:56:59.600+0000] {dag.py:3047} INFO - Sync 1 DAGs
[2024-03-21T15:56:59.615+0000] {logging_mixin.py:188} INFO - [2024-03-21T15:56:59.615+0000] {dag.py:3834} INFO - Setting next_dagrun for trigger_dag_run_dag1 to None, run_after=None
[2024-03-21T15:56:59.632+0000] {processor.py:183} INFO - Processing /opt/airflow/dags/trigger_dag_run_dag1.py took 0.067 seconds
[2024-03-21T15:57:29.819+0000] {processor.py:161} INFO - Started process (PID=341) to work on /opt/airflow/dags/trigger_dag_run_dag1.py
[2024-03-21T15:57:29.819+0000] {processor.py:830} INFO - Processing file /opt/airflow/dags/trigger_dag_run_dag1.py for tasks to queue
[2024-03-21T15:57:29.821+0000] {logging_mixin.py:188} INFO - [2024-03-21T15:57:29.820+0000] {dagbag.py:540} INFO - Filling up the DagBag from /opt/airflow/dags/trigger_dag_run_dag1.py
[2024-03-21T15:57:29.830+0000] {processor.py:840} INFO - DAG(s) 'trigger_dag_run_dag1' retrieved from /opt/airflow/dags/trigger_dag_run_dag1.py
[2024-03-21T15:57:29.861+0000] {logging_mixin.py:188} INFO - [2024-03-21T15:57:29.860+0000] {dag.py:3047} INFO - Sync 1 DAGs
[2024-03-21T15:57:29.871+0000] {logging_mixin.py:188} INFO - [2024-03-21T15:57:29.871+0000] {dag.py:3834} INFO - Setting next_dagrun for trigger_dag_run_dag1 to None, run_after=None
[2024-03-21T15:57:29.892+0000] {processor.py:183} INFO - Processing /opt/airflow/dags/trigger_dag_run_dag1.py took 0.075 seconds
[2024-03-21T15:57:59.974+0000] {processor.py:161} INFO - Started process (PID=361) to work on /opt/airflow/dags/trigger_dag_run_dag1.py
[2024-03-21T15:57:59.974+0000] {processor.py:830} INFO - Processing file /opt/airflow/dags/trigger_dag_run_dag1.py for tasks to queue
[2024-03-21T15:57:59.976+0000] {logging_mixin.py:188} INFO - [2024-03-21T15:57:59.975+0000] {dagbag.py:540} INFO - Filling up the DagBag from /opt/airflow/dags/trigger_dag_run_dag1.py
[2024-03-21T15:57:59.984+0000] {processor.py:840} INFO - DAG(s) 'trigger_dag_run_dag1' retrieved from /opt/airflow/dags/trigger_dag_run_dag1.py
[2024-03-21T15:58:00.004+0000] {logging_mixin.py:188} INFO - [2024-03-21T15:58:00.004+0000] {dag.py:3047} INFO - Sync 1 DAGs
[2024-03-21T15:58:00.026+0000] {logging_mixin.py:188} INFO - [2024-03-21T15:58:00.026+0000] {dag.py:3834} INFO - Setting next_dagrun for trigger_dag_run_dag1 to None, run_after=None
[2024-03-21T15:58:00.043+0000] {processor.py:183} INFO - Processing /opt/airflow/dags/trigger_dag_run_dag1.py took 0.071 seconds
[2024-03-21T15:58:30.246+0000] {processor.py:161} INFO - Started process (PID=381) to work on /opt/airflow/dags/trigger_dag_run_dag1.py
[2024-03-21T15:58:30.247+0000] {processor.py:830} INFO - Processing file /opt/airflow/dags/trigger_dag_run_dag1.py for tasks to queue
[2024-03-21T15:58:30.249+0000] {logging_mixin.py:188} INFO - [2024-03-21T15:58:30.249+0000] {dagbag.py:540} INFO - Filling up the DagBag from /opt/airflow/dags/trigger_dag_run_dag1.py
[2024-03-21T15:58:30.264+0000] {processor.py:840} INFO - DAG(s) 'trigger_dag_run_dag1' retrieved from /opt/airflow/dags/trigger_dag_run_dag1.py
[2024-03-21T15:58:30.290+0000] {logging_mixin.py:188} INFO - [2024-03-21T15:58:30.290+0000] {dag.py:3047} INFO - Sync 1 DAGs
[2024-03-21T15:58:30.300+0000] {logging_mixin.py:188} INFO - [2024-03-21T15:58:30.300+0000] {dag.py:3834} INFO - Setting next_dagrun for trigger_dag_run_dag1 to None, run_after=None
[2024-03-21T15:58:30.321+0000] {processor.py:183} INFO - Processing /opt/airflow/dags/trigger_dag_run_dag1.py took 0.077 seconds
[2024-03-21T15:59:00.570+0000] {processor.py:161} INFO - Started process (PID=401) to work on /opt/airflow/dags/trigger_dag_run_dag1.py
[2024-03-21T15:59:00.570+0000] {processor.py:830} INFO - Processing file /opt/airflow/dags/trigger_dag_run_dag1.py for tasks to queue
[2024-03-21T15:59:00.571+0000] {logging_mixin.py:188} INFO - [2024-03-21T15:59:00.571+0000] {dagbag.py:540} INFO - Filling up the DagBag from /opt/airflow/dags/trigger_dag_run_dag1.py
[2024-03-21T15:59:00.581+0000] {processor.py:840} INFO - DAG(s) 'trigger_dag_run_dag1' retrieved from /opt/airflow/dags/trigger_dag_run_dag1.py
[2024-03-21T15:59:00.602+0000] {logging_mixin.py:188} INFO - [2024-03-21T15:59:00.602+0000] {dag.py:3047} INFO - Sync 1 DAGs
[2024-03-21T15:59:00.611+0000] {logging_mixin.py:188} INFO - [2024-03-21T15:59:00.610+0000] {dag.py:3834} INFO - Setting next_dagrun for trigger_dag_run_dag1 to None, run_after=None
[2024-03-21T15:59:00.642+0000] {processor.py:183} INFO - Processing /opt/airflow/dags/trigger_dag_run_dag1.py took 0.075 seconds
[2024-03-21T15:59:31.102+0000] {processor.py:161} INFO - Started process (PID=423) to work on /opt/airflow/dags/trigger_dag_run_dag1.py
[2024-03-21T15:59:31.102+0000] {processor.py:830} INFO - Processing file /opt/airflow/dags/trigger_dag_run_dag1.py for tasks to queue
[2024-03-21T15:59:31.104+0000] {logging_mixin.py:188} INFO - [2024-03-21T15:59:31.103+0000] {dagbag.py:540} INFO - Filling up the DagBag from /opt/airflow/dags/trigger_dag_run_dag1.py
[2024-03-21T15:59:31.113+0000] {processor.py:840} INFO - DAG(s) 'trigger_dag_run_dag1' retrieved from /opt/airflow/dags/trigger_dag_run_dag1.py
[2024-03-21T15:59:31.136+0000] {logging_mixin.py:188} INFO - [2024-03-21T15:59:31.136+0000] {dag.py:3047} INFO - Sync 1 DAGs
[2024-03-21T15:59:31.146+0000] {logging_mixin.py:188} INFO - [2024-03-21T15:59:31.146+0000] {dag.py:3834} INFO - Setting next_dagrun for trigger_dag_run_dag1 to None, run_after=None
[2024-03-21T15:59:31.170+0000] {processor.py:183} INFO - Processing /opt/airflow/dags/trigger_dag_run_dag1.py took 0.070 seconds
[2024-03-21T16:00:01.292+0000] {processor.py:161} INFO - Started process (PID=443) to work on /opt/airflow/dags/trigger_dag_run_dag1.py
[2024-03-21T16:00:01.293+0000] {processor.py:830} INFO - Processing file /opt/airflow/dags/trigger_dag_run_dag1.py for tasks to queue
[2024-03-21T16:00:01.294+0000] {logging_mixin.py:188} INFO - [2024-03-21T16:00:01.294+0000] {dagbag.py:540} INFO - Filling up the DagBag from /opt/airflow/dags/trigger_dag_run_dag1.py
[2024-03-21T16:00:01.308+0000] {processor.py:840} INFO - DAG(s) 'trigger_dag_run_dag1' retrieved from /opt/airflow/dags/trigger_dag_run_dag1.py
[2024-03-21T16:00:01.334+0000] {logging_mixin.py:188} INFO - [2024-03-21T16:00:01.334+0000] {dag.py:3047} INFO - Sync 1 DAGs
[2024-03-21T16:00:01.346+0000] {logging_mixin.py:188} INFO - [2024-03-21T16:00:01.346+0000] {dag.py:3834} INFO - Setting next_dagrun for trigger_dag_run_dag1 to None, run_after=None
[2024-03-21T16:00:01.367+0000] {processor.py:183} INFO - Processing /opt/airflow/dags/trigger_dag_run_dag1.py took 0.076 seconds
[2024-03-21T16:00:31.489+0000] {processor.py:161} INFO - Started process (PID=463) to work on /opt/airflow/dags/trigger_dag_run_dag1.py
[2024-03-21T16:00:31.489+0000] {processor.py:830} INFO - Processing file /opt/airflow/dags/trigger_dag_run_dag1.py for tasks to queue
[2024-03-21T16:00:31.493+0000] {logging_mixin.py:188} INFO - [2024-03-21T16:00:31.493+0000] {dagbag.py:540} INFO - Filling up the DagBag from /opt/airflow/dags/trigger_dag_run_dag1.py
[2024-03-21T16:00:31.506+0000] {processor.py:840} INFO - DAG(s) 'trigger_dag_run_dag1' retrieved from /opt/airflow/dags/trigger_dag_run_dag1.py
[2024-03-21T16:00:31.528+0000] {logging_mixin.py:188} INFO - [2024-03-21T16:00:31.528+0000] {dag.py:3047} INFO - Sync 1 DAGs
[2024-03-21T16:00:31.537+0000] {logging_mixin.py:188} INFO - [2024-03-21T16:00:31.536+0000] {dag.py:3834} INFO - Setting next_dagrun for trigger_dag_run_dag1 to None, run_after=None
[2024-03-21T16:00:31.553+0000] {processor.py:183} INFO - Processing /opt/airflow/dags/trigger_dag_run_dag1.py took 0.066 seconds
[2024-03-21T16:01:01.851+0000] {processor.py:161} INFO - Started process (PID=484) to work on /opt/airflow/dags/trigger_dag_run_dag1.py
[2024-03-21T16:01:01.852+0000] {processor.py:830} INFO - Processing file /opt/airflow/dags/trigger_dag_run_dag1.py for tasks to queue
[2024-03-21T16:01:01.853+0000] {logging_mixin.py:188} INFO - [2024-03-21T16:01:01.853+0000] {dagbag.py:540} INFO - Filling up the DagBag from /opt/airflow/dags/trigger_dag_run_dag1.py
[2024-03-21T16:01:01.863+0000] {processor.py:840} INFO - DAG(s) 'trigger_dag_run_dag1' retrieved from /opt/airflow/dags/trigger_dag_run_dag1.py
[2024-03-21T16:01:01.885+0000] {logging_mixin.py:188} INFO - [2024-03-21T16:01:01.884+0000] {dag.py:3047} INFO - Sync 1 DAGs
[2024-03-21T16:01:01.895+0000] {logging_mixin.py:188} INFO - [2024-03-21T16:01:01.895+0000] {dag.py:3834} INFO - Setting next_dagrun for trigger_dag_run_dag1 to None, run_after=None
[2024-03-21T16:01:01.914+0000] {processor.py:183} INFO - Processing /opt/airflow/dags/trigger_dag_run_dag1.py took 0.066 seconds
[2024-03-21T16:01:31.974+0000] {processor.py:161} INFO - Started process (PID=504) to work on /opt/airflow/dags/trigger_dag_run_dag1.py
[2024-03-21T16:01:31.975+0000] {processor.py:830} INFO - Processing file /opt/airflow/dags/trigger_dag_run_dag1.py for tasks to queue
[2024-03-21T16:01:31.976+0000] {logging_mixin.py:188} INFO - [2024-03-21T16:01:31.976+0000] {dagbag.py:540} INFO - Filling up the DagBag from /opt/airflow/dags/trigger_dag_run_dag1.py
[2024-03-21T16:01:31.984+0000] {processor.py:840} INFO - DAG(s) 'trigger_dag_run_dag1' retrieved from /opt/airflow/dags/trigger_dag_run_dag1.py
[2024-03-21T16:01:32.009+0000] {logging_mixin.py:188} INFO - [2024-03-21T16:01:32.009+0000] {dag.py:3047} INFO - Sync 1 DAGs
[2024-03-21T16:01:32.018+0000] {logging_mixin.py:188} INFO - [2024-03-21T16:01:32.017+0000] {dag.py:3834} INFO - Setting next_dagrun for trigger_dag_run_dag1 to None, run_after=None
[2024-03-21T16:01:32.036+0000] {processor.py:183} INFO - Processing /opt/airflow/dags/trigger_dag_run_dag1.py took 0.064 seconds
[2024-03-21T16:02:02.296+0000] {processor.py:161} INFO - Started process (PID=524) to work on /opt/airflow/dags/trigger_dag_run_dag1.py
[2024-03-21T16:02:02.296+0000] {processor.py:830} INFO - Processing file /opt/airflow/dags/trigger_dag_run_dag1.py for tasks to queue
[2024-03-21T16:02:02.297+0000] {logging_mixin.py:188} INFO - [2024-03-21T16:02:02.297+0000] {dagbag.py:540} INFO - Filling up the DagBag from /opt/airflow/dags/trigger_dag_run_dag1.py
[2024-03-21T16:02:02.308+0000] {processor.py:840} INFO - DAG(s) 'trigger_dag_run_dag1' retrieved from /opt/airflow/dags/trigger_dag_run_dag1.py
[2024-03-21T16:02:02.371+0000] {logging_mixin.py:188} INFO - [2024-03-21T16:02:02.370+0000] {dag.py:3047} INFO - Sync 1 DAGs
[2024-03-21T16:02:02.379+0000] {logging_mixin.py:188} INFO - [2024-03-21T16:02:02.379+0000] {dag.py:3834} INFO - Setting next_dagrun for trigger_dag_run_dag1 to None, run_after=None
[2024-03-21T16:02:02.408+0000] {processor.py:183} INFO - Processing /opt/airflow/dags/trigger_dag_run_dag1.py took 0.115 seconds
[2024-03-21T16:02:32.648+0000] {processor.py:161} INFO - Started process (PID=544) to work on /opt/airflow/dags/trigger_dag_run_dag1.py
[2024-03-21T16:02:32.648+0000] {processor.py:830} INFO - Processing file /opt/airflow/dags/trigger_dag_run_dag1.py for tasks to queue
[2024-03-21T16:02:32.650+0000] {logging_mixin.py:188} INFO - [2024-03-21T16:02:32.650+0000] {dagbag.py:540} INFO - Filling up the DagBag from /opt/airflow/dags/trigger_dag_run_dag1.py
[2024-03-21T16:02:32.660+0000] {processor.py:840} INFO - DAG(s) 'trigger_dag_run_dag1' retrieved from /opt/airflow/dags/trigger_dag_run_dag1.py
[2024-03-21T16:02:32.682+0000] {logging_mixin.py:188} INFO - [2024-03-21T16:02:32.682+0000] {dag.py:3047} INFO - Sync 1 DAGs
[2024-03-21T16:02:32.690+0000] {logging_mixin.py:188} INFO - [2024-03-21T16:02:32.690+0000] {dag.py:3834} INFO - Setting next_dagrun for trigger_dag_run_dag1 to None, run_after=None
[2024-03-21T16:02:32.711+0000] {processor.py:183} INFO - Processing /opt/airflow/dags/trigger_dag_run_dag1.py took 0.065 seconds
[2024-03-21T16:03:02.902+0000] {processor.py:161} INFO - Started process (PID=564) to work on /opt/airflow/dags/trigger_dag_run_dag1.py
[2024-03-21T16:03:02.902+0000] {processor.py:830} INFO - Processing file /opt/airflow/dags/trigger_dag_run_dag1.py for tasks to queue
[2024-03-21T16:03:02.903+0000] {logging_mixin.py:188} INFO - [2024-03-21T16:03:02.903+0000] {dagbag.py:540} INFO - Filling up the DagBag from /opt/airflow/dags/trigger_dag_run_dag1.py
[2024-03-21T16:03:02.918+0000] {processor.py:840} INFO - DAG(s) 'trigger_dag_run_dag1' retrieved from /opt/airflow/dags/trigger_dag_run_dag1.py
[2024-03-21T16:03:02.943+0000] {logging_mixin.py:188} INFO - [2024-03-21T16:03:02.943+0000] {dag.py:3047} INFO - Sync 1 DAGs
[2024-03-21T16:03:02.952+0000] {logging_mixin.py:188} INFO - [2024-03-21T16:03:02.952+0000] {dag.py:3834} INFO - Setting next_dagrun for trigger_dag_run_dag1 to None, run_after=None
[2024-03-21T16:03:02.968+0000] {processor.py:183} INFO - Processing /opt/airflow/dags/trigger_dag_run_dag1.py took 0.068 seconds
[2024-03-21T16:03:33.057+0000] {processor.py:161} INFO - Started process (PID=584) to work on /opt/airflow/dags/trigger_dag_run_dag1.py
[2024-03-21T16:03:33.058+0000] {processor.py:830} INFO - Processing file /opt/airflow/dags/trigger_dag_run_dag1.py for tasks to queue
[2024-03-21T16:03:33.060+0000] {logging_mixin.py:188} INFO - [2024-03-21T16:03:33.059+0000] {dagbag.py:540} INFO - Filling up the DagBag from /opt/airflow/dags/trigger_dag_run_dag1.py
[2024-03-21T16:03:33.072+0000] {processor.py:840} INFO - DAG(s) 'trigger_dag_run_dag1' retrieved from /opt/airflow/dags/trigger_dag_run_dag1.py
[2024-03-21T16:03:33.102+0000] {logging_mixin.py:188} INFO - [2024-03-21T16:03:33.102+0000] {dag.py:3047} INFO - Sync 1 DAGs
[2024-03-21T16:03:33.113+0000] {logging_mixin.py:188} INFO - [2024-03-21T16:03:33.112+0000] {dag.py:3834} INFO - Setting next_dagrun for trigger_dag_run_dag1 to None, run_after=None
[2024-03-21T16:03:33.133+0000] {processor.py:183} INFO - Processing /opt/airflow/dags/trigger_dag_run_dag1.py took 0.078 seconds
[2024-03-21T16:04:03.347+0000] {processor.py:161} INFO - Started process (PID=604) to work on /opt/airflow/dags/trigger_dag_run_dag1.py
[2024-03-21T16:04:03.348+0000] {processor.py:830} INFO - Processing file /opt/airflow/dags/trigger_dag_run_dag1.py for tasks to queue
[2024-03-21T16:04:03.349+0000] {logging_mixin.py:188} INFO - [2024-03-21T16:04:03.349+0000] {dagbag.py:540} INFO - Filling up the DagBag from /opt/airflow/dags/trigger_dag_run_dag1.py
[2024-03-21T16:04:03.360+0000] {processor.py:840} INFO - DAG(s) 'trigger_dag_run_dag1' retrieved from /opt/airflow/dags/trigger_dag_run_dag1.py
[2024-03-21T16:04:03.385+0000] {logging_mixin.py:188} INFO - [2024-03-21T16:04:03.385+0000] {dag.py:3047} INFO - Sync 1 DAGs
[2024-03-21T16:04:03.394+0000] {logging_mixin.py:188} INFO - [2024-03-21T16:04:03.394+0000] {dag.py:3834} INFO - Setting next_dagrun for trigger_dag_run_dag1 to None, run_after=None
[2024-03-21T16:04:03.414+0000] {processor.py:183} INFO - Processing /opt/airflow/dags/trigger_dag_run_dag1.py took 0.069 seconds
