[2024-03-21T15:48:47.534+0000] {processor.py:161} INFO - Started process (PID=41) to work on /opt/airflow/dags/xcom.py
[2024-03-21T15:48:47.535+0000] {processor.py:830} INFO - Processing file /opt/airflow/dags/xcom.py for tasks to queue
[2024-03-21T15:48:47.638+0000] {logging_mixin.py:188} INFO - [2024-03-21T15:48:47.638+0000] {dagbag.py:540} INFO - Filling up the DagBag from /opt/airflow/dags/xcom.py
[2024-03-21T15:48:47.652+0000] {processor.py:840} INFO - DAG(s) 'xcom' retrieved from /opt/airflow/dags/xcom.py
[2024-03-21T15:48:47.676+0000] {logging_mixin.py:188} INFO - [2024-03-21T15:48:47.676+0000] {dag.py:3047} INFO - Sync 1 DAGs
[2024-03-21T15:48:47.693+0000] {logging_mixin.py:188} INFO - [2024-03-21T15:48:47.693+0000] {dag.py:3834} INFO - Setting next_dagrun for xcom to None, run_after=None
[2024-03-21T15:48:47.710+0000] {processor.py:183} INFO - Processing /opt/airflow/dags/xcom.py took 0.177 seconds
[2024-03-21T15:49:18.131+0000] {processor.py:161} INFO - Started process (PID=63) to work on /opt/airflow/dags/xcom.py
[2024-03-21T15:49:18.132+0000] {processor.py:830} INFO - Processing file /opt/airflow/dags/xcom.py for tasks to queue
[2024-03-21T15:49:18.134+0000] {logging_mixin.py:188} INFO - [2024-03-21T15:49:18.133+0000] {dagbag.py:540} INFO - Filling up the DagBag from /opt/airflow/dags/xcom.py
[2024-03-21T15:49:18.146+0000] {processor.py:840} INFO - DAG(s) 'xcom' retrieved from /opt/airflow/dags/xcom.py
[2024-03-21T15:49:18.166+0000] {logging_mixin.py:188} INFO - [2024-03-21T15:49:18.166+0000] {dag.py:3047} INFO - Sync 1 DAGs
[2024-03-21T15:49:18.183+0000] {logging_mixin.py:188} INFO - [2024-03-21T15:49:18.183+0000] {dag.py:3834} INFO - Setting next_dagrun for xcom to None, run_after=None
[2024-03-21T15:49:18.196+0000] {processor.py:183} INFO - Processing /opt/airflow/dags/xcom.py took 0.067 seconds
[2024-03-21T15:49:55.017+0000] {processor.py:161} INFO - Started process (PID=41) to work on /opt/airflow/dags/xcom.py
[2024-03-21T15:49:55.017+0000] {processor.py:830} INFO - Processing file /opt/airflow/dags/xcom.py for tasks to queue
[2024-03-21T15:49:55.019+0000] {logging_mixin.py:188} INFO - [2024-03-21T15:49:55.019+0000] {dagbag.py:540} INFO - Filling up the DagBag from /opt/airflow/dags/xcom.py
[2024-03-21T15:49:55.030+0000] {processor.py:840} INFO - DAG(s) 'xcom' retrieved from /opt/airflow/dags/xcom.py
[2024-03-21T15:49:55.101+0000] {logging_mixin.py:188} INFO - [2024-03-21T15:49:55.101+0000] {dag.py:3047} INFO - Sync 1 DAGs
[2024-03-21T15:49:55.115+0000] {logging_mixin.py:188} INFO - [2024-03-21T15:49:55.114+0000] {dag.py:3834} INFO - Setting next_dagrun for xcom to None, run_after=None
[2024-03-21T15:49:55.133+0000] {processor.py:183} INFO - Processing /opt/airflow/dags/xcom.py took 0.118 seconds
[2024-03-21T15:50:25.653+0000] {processor.py:161} INFO - Started process (PID=62) to work on /opt/airflow/dags/xcom.py
[2024-03-21T15:50:25.654+0000] {processor.py:830} INFO - Processing file /opt/airflow/dags/xcom.py for tasks to queue
[2024-03-21T15:50:25.655+0000] {logging_mixin.py:188} INFO - [2024-03-21T15:50:25.655+0000] {dagbag.py:540} INFO - Filling up the DagBag from /opt/airflow/dags/xcom.py
[2024-03-21T15:50:25.667+0000] {processor.py:840} INFO - DAG(s) 'xcom' retrieved from /opt/airflow/dags/xcom.py
[2024-03-21T15:50:25.694+0000] {logging_mixin.py:188} INFO - [2024-03-21T15:50:25.694+0000] {dag.py:3047} INFO - Sync 1 DAGs
[2024-03-21T15:50:25.711+0000] {logging_mixin.py:188} INFO - [2024-03-21T15:50:25.711+0000] {dag.py:3834} INFO - Setting next_dagrun for xcom to None, run_after=None
[2024-03-21T15:50:25.724+0000] {processor.py:183} INFO - Processing /opt/airflow/dags/xcom.py took 0.073 seconds
[2024-03-21T15:50:56.086+0000] {processor.py:161} INFO - Started process (PID=82) to work on /opt/airflow/dags/xcom.py
[2024-03-21T15:50:56.087+0000] {processor.py:830} INFO - Processing file /opt/airflow/dags/xcom.py for tasks to queue
[2024-03-21T15:50:56.088+0000] {logging_mixin.py:188} INFO - [2024-03-21T15:50:56.088+0000] {dagbag.py:540} INFO - Filling up the DagBag from /opt/airflow/dags/xcom.py
[2024-03-21T15:50:56.100+0000] {processor.py:840} INFO - DAG(s) 'xcom' retrieved from /opt/airflow/dags/xcom.py
[2024-03-21T15:50:56.125+0000] {logging_mixin.py:188} INFO - [2024-03-21T15:50:56.125+0000] {dag.py:3047} INFO - Sync 1 DAGs
[2024-03-21T15:50:56.141+0000] {logging_mixin.py:188} INFO - [2024-03-21T15:50:56.141+0000] {dag.py:3834} INFO - Setting next_dagrun for xcom to None, run_after=None
[2024-03-21T15:50:56.155+0000] {processor.py:183} INFO - Processing /opt/airflow/dags/xcom.py took 0.071 seconds
[2024-03-21T15:51:26.343+0000] {processor.py:161} INFO - Started process (PID=102) to work on /opt/airflow/dags/xcom.py
[2024-03-21T15:51:26.344+0000] {processor.py:830} INFO - Processing file /opt/airflow/dags/xcom.py for tasks to queue
[2024-03-21T15:51:26.345+0000] {logging_mixin.py:188} INFO - [2024-03-21T15:51:26.345+0000] {dagbag.py:540} INFO - Filling up the DagBag from /opt/airflow/dags/xcom.py
[2024-03-21T15:51:26.356+0000] {processor.py:840} INFO - DAG(s) 'xcom' retrieved from /opt/airflow/dags/xcom.py
[2024-03-21T15:51:26.379+0000] {logging_mixin.py:188} INFO - [2024-03-21T15:51:26.379+0000] {dag.py:3047} INFO - Sync 1 DAGs
[2024-03-21T15:51:26.395+0000] {logging_mixin.py:188} INFO - [2024-03-21T15:51:26.395+0000] {dag.py:3834} INFO - Setting next_dagrun for xcom to None, run_after=None
[2024-03-21T15:51:26.409+0000] {processor.py:183} INFO - Processing /opt/airflow/dags/xcom.py took 0.067 seconds
[2024-03-21T15:51:56.604+0000] {processor.py:161} INFO - Started process (PID=122) to work on /opt/airflow/dags/xcom.py
[2024-03-21T15:51:56.605+0000] {processor.py:830} INFO - Processing file /opt/airflow/dags/xcom.py for tasks to queue
[2024-03-21T15:51:56.606+0000] {logging_mixin.py:188} INFO - [2024-03-21T15:51:56.605+0000] {dagbag.py:540} INFO - Filling up the DagBag from /opt/airflow/dags/xcom.py
[2024-03-21T15:51:56.618+0000] {processor.py:840} INFO - DAG(s) 'xcom' retrieved from /opt/airflow/dags/xcom.py
[2024-03-21T15:51:56.645+0000] {logging_mixin.py:188} INFO - [2024-03-21T15:51:56.645+0000] {dag.py:3047} INFO - Sync 1 DAGs
[2024-03-21T15:51:56.662+0000] {logging_mixin.py:188} INFO - [2024-03-21T15:51:56.662+0000] {dag.py:3834} INFO - Setting next_dagrun for xcom to None, run_after=None
[2024-03-21T15:51:56.681+0000] {processor.py:183} INFO - Processing /opt/airflow/dags/xcom.py took 0.079 seconds
[2024-03-21T15:52:26.966+0000] {processor.py:161} INFO - Started process (PID=142) to work on /opt/airflow/dags/xcom.py
[2024-03-21T15:52:26.967+0000] {processor.py:830} INFO - Processing file /opt/airflow/dags/xcom.py for tasks to queue
[2024-03-21T15:52:26.968+0000] {logging_mixin.py:188} INFO - [2024-03-21T15:52:26.968+0000] {dagbag.py:540} INFO - Filling up the DagBag from /opt/airflow/dags/xcom.py
[2024-03-21T15:52:26.978+0000] {processor.py:840} INFO - DAG(s) 'xcom' retrieved from /opt/airflow/dags/xcom.py
[2024-03-21T15:52:26.997+0000] {logging_mixin.py:188} INFO - [2024-03-21T15:52:26.997+0000] {dag.py:3047} INFO - Sync 1 DAGs
[2024-03-21T15:52:27.011+0000] {logging_mixin.py:188} INFO - [2024-03-21T15:52:27.011+0000] {dag.py:3834} INFO - Setting next_dagrun for xcom to None, run_after=None
[2024-03-21T15:52:27.024+0000] {processor.py:183} INFO - Processing /opt/airflow/dags/xcom.py took 0.060 seconds
[2024-03-21T15:52:57.209+0000] {processor.py:161} INFO - Started process (PID=162) to work on /opt/airflow/dags/xcom.py
[2024-03-21T15:52:57.209+0000] {processor.py:830} INFO - Processing file /opt/airflow/dags/xcom.py for tasks to queue
[2024-03-21T15:52:57.211+0000] {logging_mixin.py:188} INFO - [2024-03-21T15:52:57.210+0000] {dagbag.py:540} INFO - Filling up the DagBag from /opt/airflow/dags/xcom.py
[2024-03-21T15:52:57.225+0000] {processor.py:840} INFO - DAG(s) 'xcom' retrieved from /opt/airflow/dags/xcom.py
[2024-03-21T15:52:57.251+0000] {logging_mixin.py:188} INFO - [2024-03-21T15:52:57.251+0000] {dag.py:3047} INFO - Sync 1 DAGs
[2024-03-21T15:52:57.269+0000] {logging_mixin.py:188} INFO - [2024-03-21T15:52:57.269+0000] {dag.py:3834} INFO - Setting next_dagrun for xcom to None, run_after=None
[2024-03-21T15:52:57.285+0000] {processor.py:183} INFO - Processing /opt/airflow/dags/xcom.py took 0.078 seconds
[2024-03-21T15:53:27.763+0000] {processor.py:161} INFO - Started process (PID=182) to work on /opt/airflow/dags/xcom.py
[2024-03-21T15:53:27.764+0000] {processor.py:830} INFO - Processing file /opt/airflow/dags/xcom.py for tasks to queue
[2024-03-21T15:53:27.765+0000] {logging_mixin.py:188} INFO - [2024-03-21T15:53:27.765+0000] {dagbag.py:540} INFO - Filling up the DagBag from /opt/airflow/dags/xcom.py
[2024-03-21T15:53:27.777+0000] {processor.py:840} INFO - DAG(s) 'xcom' retrieved from /opt/airflow/dags/xcom.py
[2024-03-21T15:53:27.799+0000] {logging_mixin.py:188} INFO - [2024-03-21T15:53:27.799+0000] {dag.py:3047} INFO - Sync 1 DAGs
[2024-03-21T15:53:27.814+0000] {logging_mixin.py:188} INFO - [2024-03-21T15:53:27.814+0000] {dag.py:3834} INFO - Setting next_dagrun for xcom to None, run_after=None
[2024-03-21T15:53:27.829+0000] {processor.py:183} INFO - Processing /opt/airflow/dags/xcom.py took 0.068 seconds
[2024-03-21T15:53:58.106+0000] {processor.py:161} INFO - Started process (PID=202) to work on /opt/airflow/dags/xcom.py
[2024-03-21T15:53:58.106+0000] {processor.py:830} INFO - Processing file /opt/airflow/dags/xcom.py for tasks to queue
[2024-03-21T15:53:58.108+0000] {logging_mixin.py:188} INFO - [2024-03-21T15:53:58.107+0000] {dagbag.py:540} INFO - Filling up the DagBag from /opt/airflow/dags/xcom.py
[2024-03-21T15:53:58.119+0000] {processor.py:840} INFO - DAG(s) 'xcom' retrieved from /opt/airflow/dags/xcom.py
[2024-03-21T15:53:58.139+0000] {logging_mixin.py:188} INFO - [2024-03-21T15:53:58.139+0000] {dag.py:3047} INFO - Sync 1 DAGs
[2024-03-21T15:53:58.155+0000] {logging_mixin.py:188} INFO - [2024-03-21T15:53:58.155+0000] {dag.py:3834} INFO - Setting next_dagrun for xcom to None, run_after=None
[2024-03-21T15:53:58.175+0000] {processor.py:183} INFO - Processing /opt/airflow/dags/xcom.py took 0.072 seconds
[2024-03-21T15:54:28.483+0000] {processor.py:161} INFO - Started process (PID=222) to work on /opt/airflow/dags/xcom.py
[2024-03-21T15:54:28.484+0000] {processor.py:830} INFO - Processing file /opt/airflow/dags/xcom.py for tasks to queue
[2024-03-21T15:54:28.485+0000] {logging_mixin.py:188} INFO - [2024-03-21T15:54:28.485+0000] {dagbag.py:540} INFO - Filling up the DagBag from /opt/airflow/dags/xcom.py
[2024-03-21T15:54:28.500+0000] {processor.py:840} INFO - DAG(s) 'xcom' retrieved from /opt/airflow/dags/xcom.py
[2024-03-21T15:54:28.522+0000] {logging_mixin.py:188} INFO - [2024-03-21T15:54:28.522+0000] {dag.py:3047} INFO - Sync 1 DAGs
[2024-03-21T15:54:28.538+0000] {logging_mixin.py:188} INFO - [2024-03-21T15:54:28.538+0000] {dag.py:3834} INFO - Setting next_dagrun for xcom to None, run_after=None
[2024-03-21T15:54:28.553+0000] {processor.py:183} INFO - Processing /opt/airflow/dags/xcom.py took 0.071 seconds
[2024-03-21T15:54:58.725+0000] {processor.py:161} INFO - Started process (PID=242) to work on /opt/airflow/dags/xcom.py
[2024-03-21T15:54:58.725+0000] {processor.py:830} INFO - Processing file /opt/airflow/dags/xcom.py for tasks to queue
[2024-03-21T15:54:58.727+0000] {logging_mixin.py:188} INFO - [2024-03-21T15:54:58.726+0000] {dagbag.py:540} INFO - Filling up the DagBag from /opt/airflow/dags/xcom.py
[2024-03-21T15:54:58.739+0000] {processor.py:840} INFO - DAG(s) 'xcom' retrieved from /opt/airflow/dags/xcom.py
[2024-03-21T15:54:58.762+0000] {logging_mixin.py:188} INFO - [2024-03-21T15:54:58.762+0000] {dag.py:3047} INFO - Sync 1 DAGs
[2024-03-21T15:54:58.780+0000] {logging_mixin.py:188} INFO - [2024-03-21T15:54:58.779+0000] {dag.py:3834} INFO - Setting next_dagrun for xcom to None, run_after=None
[2024-03-21T15:54:58.794+0000] {processor.py:183} INFO - Processing /opt/airflow/dags/xcom.py took 0.072 seconds
[2024-03-21T15:55:28.970+0000] {processor.py:161} INFO - Started process (PID=262) to work on /opt/airflow/dags/xcom.py
[2024-03-21T15:55:28.971+0000] {processor.py:830} INFO - Processing file /opt/airflow/dags/xcom.py for tasks to queue
[2024-03-21T15:55:28.972+0000] {logging_mixin.py:188} INFO - [2024-03-21T15:55:28.972+0000] {dagbag.py:540} INFO - Filling up the DagBag from /opt/airflow/dags/xcom.py
[2024-03-21T15:55:28.983+0000] {processor.py:840} INFO - DAG(s) 'xcom' retrieved from /opt/airflow/dags/xcom.py
[2024-03-21T15:55:29.005+0000] {logging_mixin.py:188} INFO - [2024-03-21T15:55:29.004+0000] {dag.py:3047} INFO - Sync 1 DAGs
[2024-03-21T15:55:29.021+0000] {logging_mixin.py:188} INFO - [2024-03-21T15:55:29.021+0000] {dag.py:3834} INFO - Setting next_dagrun for xcom to None, run_after=None
[2024-03-21T15:55:29.035+0000] {processor.py:183} INFO - Processing /opt/airflow/dags/xcom.py took 0.067 seconds
[2024-03-21T15:55:59.132+0000] {processor.py:161} INFO - Started process (PID=282) to work on /opt/airflow/dags/xcom.py
[2024-03-21T15:55:59.133+0000] {processor.py:830} INFO - Processing file /opt/airflow/dags/xcom.py for tasks to queue
[2024-03-21T15:55:59.134+0000] {logging_mixin.py:188} INFO - [2024-03-21T15:55:59.134+0000] {dagbag.py:540} INFO - Filling up the DagBag from /opt/airflow/dags/xcom.py
[2024-03-21T15:55:59.148+0000] {processor.py:840} INFO - DAG(s) 'xcom' retrieved from /opt/airflow/dags/xcom.py
[2024-03-21T15:55:59.171+0000] {logging_mixin.py:188} INFO - [2024-03-21T15:55:59.171+0000] {dag.py:3047} INFO - Sync 1 DAGs
[2024-03-21T15:55:59.188+0000] {logging_mixin.py:188} INFO - [2024-03-21T15:55:59.188+0000] {dag.py:3834} INFO - Setting next_dagrun for xcom to None, run_after=None
[2024-03-21T15:55:59.202+0000] {processor.py:183} INFO - Processing /opt/airflow/dags/xcom.py took 0.072 seconds
[2024-03-21T15:56:29.434+0000] {processor.py:161} INFO - Started process (PID=303) to work on /opt/airflow/dags/xcom.py
[2024-03-21T15:56:29.436+0000] {processor.py:830} INFO - Processing file /opt/airflow/dags/xcom.py for tasks to queue
[2024-03-21T15:56:29.438+0000] {logging_mixin.py:188} INFO - [2024-03-21T15:56:29.437+0000] {dagbag.py:540} INFO - Filling up the DagBag from /opt/airflow/dags/xcom.py
[2024-03-21T15:56:29.453+0000] {processor.py:840} INFO - DAG(s) 'xcom' retrieved from /opt/airflow/dags/xcom.py
[2024-03-21T15:56:29.477+0000] {logging_mixin.py:188} INFO - [2024-03-21T15:56:29.476+0000] {dag.py:3047} INFO - Sync 1 DAGs
[2024-03-21T15:56:29.495+0000] {logging_mixin.py:188} INFO - [2024-03-21T15:56:29.495+0000] {dag.py:3834} INFO - Setting next_dagrun for xcom to None, run_after=None
[2024-03-21T15:56:29.509+0000] {processor.py:183} INFO - Processing /opt/airflow/dags/xcom.py took 0.077 seconds
[2024-03-21T15:56:59.661+0000] {processor.py:161} INFO - Started process (PID=323) to work on /opt/airflow/dags/xcom.py
[2024-03-21T15:56:59.662+0000] {processor.py:830} INFO - Processing file /opt/airflow/dags/xcom.py for tasks to queue
[2024-03-21T15:56:59.663+0000] {logging_mixin.py:188} INFO - [2024-03-21T15:56:59.663+0000] {dagbag.py:540} INFO - Filling up the DagBag from /opt/airflow/dags/xcom.py
[2024-03-21T15:56:59.676+0000] {processor.py:840} INFO - DAG(s) 'xcom' retrieved from /opt/airflow/dags/xcom.py
[2024-03-21T15:56:59.696+0000] {logging_mixin.py:188} INFO - [2024-03-21T15:56:59.696+0000] {dag.py:3047} INFO - Sync 1 DAGs
[2024-03-21T15:56:59.711+0000] {logging_mixin.py:188} INFO - [2024-03-21T15:56:59.711+0000] {dag.py:3834} INFO - Setting next_dagrun for xcom to None, run_after=None
[2024-03-21T15:56:59.727+0000] {processor.py:183} INFO - Processing /opt/airflow/dags/xcom.py took 0.068 seconds
[2024-03-21T15:57:29.908+0000] {processor.py:161} INFO - Started process (PID=343) to work on /opt/airflow/dags/xcom.py
[2024-03-21T15:57:29.909+0000] {processor.py:830} INFO - Processing file /opt/airflow/dags/xcom.py for tasks to queue
[2024-03-21T15:57:29.910+0000] {logging_mixin.py:188} INFO - [2024-03-21T15:57:29.910+0000] {dagbag.py:540} INFO - Filling up the DagBag from /opt/airflow/dags/xcom.py
[2024-03-21T15:57:29.923+0000] {processor.py:840} INFO - DAG(s) 'xcom' retrieved from /opt/airflow/dags/xcom.py
[2024-03-21T15:57:29.943+0000] {logging_mixin.py:188} INFO - [2024-03-21T15:57:29.942+0000] {dag.py:3047} INFO - Sync 1 DAGs
[2024-03-21T15:57:29.962+0000] {logging_mixin.py:188} INFO - [2024-03-21T15:57:29.962+0000] {dag.py:3834} INFO - Setting next_dagrun for xcom to None, run_after=None
[2024-03-21T15:57:29.977+0000] {processor.py:183} INFO - Processing /opt/airflow/dags/xcom.py took 0.071 seconds
[2024-03-21T15:58:00.073+0000] {processor.py:161} INFO - Started process (PID=363) to work on /opt/airflow/dags/xcom.py
[2024-03-21T15:58:00.073+0000] {processor.py:830} INFO - Processing file /opt/airflow/dags/xcom.py for tasks to queue
[2024-03-21T15:58:00.074+0000] {logging_mixin.py:188} INFO - [2024-03-21T15:58:00.074+0000] {dagbag.py:540} INFO - Filling up the DagBag from /opt/airflow/dags/xcom.py
[2024-03-21T15:58:00.085+0000] {processor.py:840} INFO - DAG(s) 'xcom' retrieved from /opt/airflow/dags/xcom.py
[2024-03-21T15:58:00.106+0000] {logging_mixin.py:188} INFO - [2024-03-21T15:58:00.105+0000] {dag.py:3047} INFO - Sync 1 DAGs
[2024-03-21T15:58:00.123+0000] {logging_mixin.py:188} INFO - [2024-03-21T15:58:00.123+0000] {dag.py:3834} INFO - Setting next_dagrun for xcom to None, run_after=None
[2024-03-21T15:58:00.137+0000] {processor.py:183} INFO - Processing /opt/airflow/dags/xcom.py took 0.066 seconds
[2024-03-21T15:58:30.339+0000] {processor.py:161} INFO - Started process (PID=383) to work on /opt/airflow/dags/xcom.py
[2024-03-21T15:58:30.340+0000] {processor.py:830} INFO - Processing file /opt/airflow/dags/xcom.py for tasks to queue
[2024-03-21T15:58:30.341+0000] {logging_mixin.py:188} INFO - [2024-03-21T15:58:30.341+0000] {dagbag.py:540} INFO - Filling up the DagBag from /opt/airflow/dags/xcom.py
[2024-03-21T15:58:30.355+0000] {processor.py:840} INFO - DAG(s) 'xcom' retrieved from /opt/airflow/dags/xcom.py
[2024-03-21T15:58:30.380+0000] {logging_mixin.py:188} INFO - [2024-03-21T15:58:30.380+0000] {dag.py:3047} INFO - Sync 1 DAGs
[2024-03-21T15:58:30.396+0000] {logging_mixin.py:188} INFO - [2024-03-21T15:58:30.396+0000] {dag.py:3834} INFO - Setting next_dagrun for xcom to None, run_after=None
[2024-03-21T15:58:30.411+0000] {processor.py:183} INFO - Processing /opt/airflow/dags/xcom.py took 0.074 seconds
[2024-03-21T15:59:00.664+0000] {processor.py:161} INFO - Started process (PID=403) to work on /opt/airflow/dags/xcom.py
[2024-03-21T15:59:00.665+0000] {processor.py:830} INFO - Processing file /opt/airflow/dags/xcom.py for tasks to queue
[2024-03-21T15:59:00.666+0000] {logging_mixin.py:188} INFO - [2024-03-21T15:59:00.666+0000] {dagbag.py:540} INFO - Filling up the DagBag from /opt/airflow/dags/xcom.py
[2024-03-21T15:59:00.677+0000] {processor.py:840} INFO - DAG(s) 'xcom' retrieved from /opt/airflow/dags/xcom.py
[2024-03-21T15:59:00.699+0000] {logging_mixin.py:188} INFO - [2024-03-21T15:59:00.699+0000] {dag.py:3047} INFO - Sync 1 DAGs
[2024-03-21T15:59:00.716+0000] {logging_mixin.py:188} INFO - [2024-03-21T15:59:00.715+0000] {dag.py:3834} INFO - Setting next_dagrun for xcom to None, run_after=None
[2024-03-21T15:59:00.729+0000] {processor.py:183} INFO - Processing /opt/airflow/dags/xcom.py took 0.066 seconds
[2024-03-21T15:59:31.188+0000] {processor.py:161} INFO - Started process (PID=425) to work on /opt/airflow/dags/xcom.py
[2024-03-21T15:59:31.189+0000] {processor.py:830} INFO - Processing file /opt/airflow/dags/xcom.py for tasks to queue
[2024-03-21T15:59:31.191+0000] {logging_mixin.py:188} INFO - [2024-03-21T15:59:31.191+0000] {dagbag.py:540} INFO - Filling up the DagBag from /opt/airflow/dags/xcom.py
[2024-03-21T15:59:31.203+0000] {processor.py:840} INFO - DAG(s) 'xcom' retrieved from /opt/airflow/dags/xcom.py
[2024-03-21T15:59:31.227+0000] {logging_mixin.py:188} INFO - [2024-03-21T15:59:31.227+0000] {dag.py:3047} INFO - Sync 1 DAGs
[2024-03-21T15:59:31.245+0000] {logging_mixin.py:188} INFO - [2024-03-21T15:59:31.245+0000] {dag.py:3834} INFO - Setting next_dagrun for xcom to None, run_after=None
[2024-03-21T15:59:31.260+0000] {processor.py:183} INFO - Processing /opt/airflow/dags/xcom.py took 0.075 seconds
[2024-03-21T16:00:01.386+0000] {processor.py:161} INFO - Started process (PID=445) to work on /opt/airflow/dags/xcom.py
[2024-03-21T16:00:01.387+0000] {processor.py:830} INFO - Processing file /opt/airflow/dags/xcom.py for tasks to queue
[2024-03-21T16:00:01.388+0000] {logging_mixin.py:188} INFO - [2024-03-21T16:00:01.388+0000] {dagbag.py:540} INFO - Filling up the DagBag from /opt/airflow/dags/xcom.py
[2024-03-21T16:00:01.400+0000] {processor.py:840} INFO - DAG(s) 'xcom' retrieved from /opt/airflow/dags/xcom.py
[2024-03-21T16:00:01.421+0000] {logging_mixin.py:188} INFO - [2024-03-21T16:00:01.421+0000] {dag.py:3047} INFO - Sync 1 DAGs
[2024-03-21T16:00:01.440+0000] {logging_mixin.py:188} INFO - [2024-03-21T16:00:01.439+0000] {dag.py:3834} INFO - Setting next_dagrun for xcom to None, run_after=None
[2024-03-21T16:00:01.492+0000] {processor.py:183} INFO - Processing /opt/airflow/dags/xcom.py took 0.108 seconds
[2024-03-21T16:00:31.586+0000] {processor.py:161} INFO - Started process (PID=465) to work on /opt/airflow/dags/xcom.py
[2024-03-21T16:00:31.586+0000] {processor.py:830} INFO - Processing file /opt/airflow/dags/xcom.py for tasks to queue
[2024-03-21T16:00:31.587+0000] {logging_mixin.py:188} INFO - [2024-03-21T16:00:31.587+0000] {dagbag.py:540} INFO - Filling up the DagBag from /opt/airflow/dags/xcom.py
[2024-03-21T16:00:31.598+0000] {processor.py:840} INFO - DAG(s) 'xcom' retrieved from /opt/airflow/dags/xcom.py
[2024-03-21T16:00:31.618+0000] {logging_mixin.py:188} INFO - [2024-03-21T16:00:31.618+0000] {dag.py:3047} INFO - Sync 1 DAGs
[2024-03-21T16:00:31.640+0000] {logging_mixin.py:188} INFO - [2024-03-21T16:00:31.639+0000] {dag.py:3834} INFO - Setting next_dagrun for xcom to None, run_after=None
[2024-03-21T16:00:31.652+0000] {processor.py:183} INFO - Processing /opt/airflow/dags/xcom.py took 0.069 seconds
[2024-03-21T16:01:01.940+0000] {processor.py:161} INFO - Started process (PID=486) to work on /opt/airflow/dags/xcom.py
[2024-03-21T16:01:01.941+0000] {processor.py:830} INFO - Processing file /opt/airflow/dags/xcom.py for tasks to queue
[2024-03-21T16:01:01.943+0000] {logging_mixin.py:188} INFO - [2024-03-21T16:01:01.943+0000] {dagbag.py:540} INFO - Filling up the DagBag from /opt/airflow/dags/xcom.py
[2024-03-21T16:01:01.958+0000] {processor.py:840} INFO - DAG(s) 'xcom' retrieved from /opt/airflow/dags/xcom.py
[2024-03-21T16:01:01.979+0000] {logging_mixin.py:188} INFO - [2024-03-21T16:01:01.978+0000] {dag.py:3047} INFO - Sync 1 DAGs
[2024-03-21T16:01:01.994+0000] {logging_mixin.py:188} INFO - [2024-03-21T16:01:01.994+0000] {dag.py:3834} INFO - Setting next_dagrun for xcom to None, run_after=None
[2024-03-21T16:01:02.032+0000] {processor.py:183} INFO - Processing /opt/airflow/dags/xcom.py took 0.094 seconds
[2024-03-21T16:01:32.062+0000] {processor.py:161} INFO - Started process (PID=506) to work on /opt/airflow/dags/xcom.py
[2024-03-21T16:01:32.063+0000] {processor.py:830} INFO - Processing file /opt/airflow/dags/xcom.py for tasks to queue
[2024-03-21T16:01:32.064+0000] {logging_mixin.py:188} INFO - [2024-03-21T16:01:32.064+0000] {dagbag.py:540} INFO - Filling up the DagBag from /opt/airflow/dags/xcom.py
[2024-03-21T16:01:32.075+0000] {processor.py:840} INFO - DAG(s) 'xcom' retrieved from /opt/airflow/dags/xcom.py
[2024-03-21T16:01:32.096+0000] {logging_mixin.py:188} INFO - [2024-03-21T16:01:32.096+0000] {dag.py:3047} INFO - Sync 1 DAGs
[2024-03-21T16:01:32.119+0000] {logging_mixin.py:188} INFO - [2024-03-21T16:01:32.118+0000] {dag.py:3834} INFO - Setting next_dagrun for xcom to None, run_after=None
[2024-03-21T16:01:32.147+0000] {processor.py:183} INFO - Processing /opt/airflow/dags/xcom.py took 0.087 seconds
[2024-03-21T16:02:02.431+0000] {processor.py:161} INFO - Started process (PID=526) to work on /opt/airflow/dags/xcom.py
[2024-03-21T16:02:02.432+0000] {processor.py:830} INFO - Processing file /opt/airflow/dags/xcom.py for tasks to queue
[2024-03-21T16:02:02.433+0000] {logging_mixin.py:188} INFO - [2024-03-21T16:02:02.433+0000] {dagbag.py:540} INFO - Filling up the DagBag from /opt/airflow/dags/xcom.py
[2024-03-21T16:02:02.442+0000] {processor.py:840} INFO - DAG(s) 'xcom' retrieved from /opt/airflow/dags/xcom.py
[2024-03-21T16:02:02.463+0000] {logging_mixin.py:188} INFO - [2024-03-21T16:02:02.463+0000] {dag.py:3047} INFO - Sync 1 DAGs
[2024-03-21T16:02:02.479+0000] {logging_mixin.py:188} INFO - [2024-03-21T16:02:02.479+0000] {dag.py:3834} INFO - Setting next_dagrun for xcom to None, run_after=None
[2024-03-21T16:02:02.496+0000] {processor.py:183} INFO - Processing /opt/airflow/dags/xcom.py took 0.067 seconds
[2024-03-21T16:02:32.741+0000] {processor.py:161} INFO - Started process (PID=546) to work on /opt/airflow/dags/xcom.py
[2024-03-21T16:02:32.742+0000] {processor.py:830} INFO - Processing file /opt/airflow/dags/xcom.py for tasks to queue
[2024-03-21T16:02:32.743+0000] {logging_mixin.py:188} INFO - [2024-03-21T16:02:32.743+0000] {dagbag.py:540} INFO - Filling up the DagBag from /opt/airflow/dags/xcom.py
[2024-03-21T16:02:32.756+0000] {processor.py:840} INFO - DAG(s) 'xcom' retrieved from /opt/airflow/dags/xcom.py
[2024-03-21T16:02:32.779+0000] {logging_mixin.py:188} INFO - [2024-03-21T16:02:32.779+0000] {dag.py:3047} INFO - Sync 1 DAGs
[2024-03-21T16:02:32.796+0000] {logging_mixin.py:188} INFO - [2024-03-21T16:02:32.796+0000] {dag.py:3834} INFO - Setting next_dagrun for xcom to None, run_after=None
[2024-03-21T16:02:32.808+0000] {processor.py:183} INFO - Processing /opt/airflow/dags/xcom.py took 0.069 seconds
[2024-03-21T16:03:03.003+0000] {processor.py:161} INFO - Started process (PID=566) to work on /opt/airflow/dags/xcom.py
[2024-03-21T16:03:03.004+0000] {processor.py:830} INFO - Processing file /opt/airflow/dags/xcom.py for tasks to queue
[2024-03-21T16:03:03.006+0000] {logging_mixin.py:188} INFO - [2024-03-21T16:03:03.005+0000] {dagbag.py:540} INFO - Filling up the DagBag from /opt/airflow/dags/xcom.py
[2024-03-21T16:03:03.018+0000] {processor.py:840} INFO - DAG(s) 'xcom' retrieved from /opt/airflow/dags/xcom.py
[2024-03-21T16:03:03.040+0000] {logging_mixin.py:188} INFO - [2024-03-21T16:03:03.040+0000] {dag.py:3047} INFO - Sync 1 DAGs
[2024-03-21T16:03:03.056+0000] {logging_mixin.py:188} INFO - [2024-03-21T16:03:03.056+0000] {dag.py:3834} INFO - Setting next_dagrun for xcom to None, run_after=None
[2024-03-21T16:03:03.069+0000] {processor.py:183} INFO - Processing /opt/airflow/dags/xcom.py took 0.069 seconds
[2024-03-21T16:03:33.163+0000] {processor.py:161} INFO - Started process (PID=586) to work on /opt/airflow/dags/xcom.py
[2024-03-21T16:03:33.163+0000] {processor.py:830} INFO - Processing file /opt/airflow/dags/xcom.py for tasks to queue
[2024-03-21T16:03:33.165+0000] {logging_mixin.py:188} INFO - [2024-03-21T16:03:33.165+0000] {dagbag.py:540} INFO - Filling up the DagBag from /opt/airflow/dags/xcom.py
[2024-03-21T16:03:33.178+0000] {processor.py:840} INFO - DAG(s) 'xcom' retrieved from /opt/airflow/dags/xcom.py
[2024-03-21T16:03:33.207+0000] {logging_mixin.py:188} INFO - [2024-03-21T16:03:33.207+0000] {dag.py:3047} INFO - Sync 1 DAGs
[2024-03-21T16:03:33.227+0000] {logging_mixin.py:188} INFO - [2024-03-21T16:03:33.227+0000] {dag.py:3834} INFO - Setting next_dagrun for xcom to None, run_after=None
[2024-03-21T16:03:33.246+0000] {processor.py:183} INFO - Processing /opt/airflow/dags/xcom.py took 0.085 seconds
[2024-03-21T16:04:03.434+0000] {processor.py:161} INFO - Started process (PID=606) to work on /opt/airflow/dags/xcom.py
[2024-03-21T16:04:03.435+0000] {processor.py:830} INFO - Processing file /opt/airflow/dags/xcom.py for tasks to queue
[2024-03-21T16:04:03.436+0000] {logging_mixin.py:188} INFO - [2024-03-21T16:04:03.436+0000] {dagbag.py:540} INFO - Filling up the DagBag from /opt/airflow/dags/xcom.py
[2024-03-21T16:04:03.449+0000] {processor.py:840} INFO - DAG(s) 'xcom' retrieved from /opt/airflow/dags/xcom.py
[2024-03-21T16:04:03.475+0000] {logging_mixin.py:188} INFO - [2024-03-21T16:04:03.475+0000] {dag.py:3047} INFO - Sync 1 DAGs
[2024-03-21T16:04:03.492+0000] {logging_mixin.py:188} INFO - [2024-03-21T16:04:03.492+0000] {dag.py:3834} INFO - Setting next_dagrun for xcom to None, run_after=None
[2024-03-21T16:04:03.507+0000] {processor.py:183} INFO - Processing /opt/airflow/dags/xcom.py took 0.075 seconds
