[2024-02-28T04:37:45.986+0000] {logging_mixin.py:188} INFO - Changing /opt/***/logs/dag_id=deferrable_operator/run_id=manual__2024-02-28T04:37:45.192233+00:00/task_id=wait_event permission to 509
[2024-02-28T04:37:45.988+0000] {logging_mixin.py:188} INFO - Changing /opt/***/logs/dag_id=deferrable_operator/run_id=manual__2024-02-28T04:37:45.192233+00:00 permission to 509
[2024-02-28T04:37:45.989+0000] {logging_mixin.py:188} INFO - Changing /opt/***/logs/dag_id=deferrable_operator permission to 509
[2024-02-28T04:37:45.989+0000] {logging_mixin.py:188} INFO - Changing /opt/***/logs permission to 509
[2024-02-28T04:37:46.032+0000] {logging_mixin.py:188} INFO - Changing /opt/***/logs/dag_id=deferrable_operator/run_id=manual__2024-02-28T04:37:45.192233+00:00/task_id=wait_event permission to 509
[2024-02-28T04:37:46.036+0000] {logging_mixin.py:188} INFO - Changing /opt/***/logs/dag_id=deferrable_operator/run_id=manual__2024-02-28T04:37:45.192233+00:00 permission to 509
[2024-02-28T04:37:46.039+0000] {logging_mixin.py:188} INFO - Changing /opt/***/logs/dag_id=deferrable_operator permission to 509
[2024-02-28T04:37:46.040+0000] {logging_mixin.py:188} INFO - Changing /opt/***/logs permission to 509
[2024-02-28T04:37:46.074+0000] {taskinstance.py:1979} INFO - Dependencies all met for dep_context=non-requeueable deps ti=<TaskInstance: deferrable_operator.wait_event manual__2024-02-28T04:37:45.192233+00:00 [queued]>
[2024-02-28T04:37:46.081+0000] {taskinstance.py:1979} INFO - Dependencies all met for dep_context=requeueable deps ti=<TaskInstance: deferrable_operator.wait_event manual__2024-02-28T04:37:45.192233+00:00 [queued]>
[2024-02-28T04:37:46.081+0000] {taskinstance.py:2193} INFO - Starting attempt 1 of 3
[2024-02-28T04:37:46.094+0000] {taskinstance.py:2214} INFO - Executing <Task(WaitFiveMinutesTrigger): wait_event> on 2024-02-28 04:37:45.192233+00:00
[2024-02-28T04:37:46.098+0000] {standard_task_runner.py:60} INFO - Started process 2173 to run task
[2024-02-28T04:37:46.100+0000] {standard_task_runner.py:87} INFO - Running: ['***', 'tasks', 'run', 'deferrable_operator', 'wait_event', 'manual__2024-02-28T04:37:45.192233+00:00', '--job-id', '65', '--raw', '--subdir', 'DAGS_FOLDER/deferrable_operator.py', '--cfg-path', '/tmp/tmpd7r0bmcx']
[2024-02-28T04:37:46.101+0000] {standard_task_runner.py:88} INFO - Job 65: Subtask wait_event
[2024-02-28T04:37:46.184+0000] {logging_mixin.py:188} INFO - Changing /opt/***/logs/dag_id=deferrable_operator/run_id=manual__2024-02-28T04:37:45.192233+00:00/task_id=wait_event permission to 509
[2024-02-28T04:37:46.185+0000] {logging_mixin.py:188} INFO - Changing /opt/***/logs/dag_id=deferrable_operator/run_id=manual__2024-02-28T04:37:45.192233+00:00 permission to 509
[2024-02-28T04:37:46.186+0000] {logging_mixin.py:188} INFO - Changing /opt/***/logs/dag_id=deferrable_operator permission to 509
[2024-02-28T04:37:46.186+0000] {logging_mixin.py:188} INFO - Changing /opt/***/logs permission to 509
[2024-02-28T04:37:46.187+0000] {task_command.py:423} INFO - Running <TaskInstance: deferrable_operator.wait_event manual__2024-02-28T04:37:45.192233+00:00 [running]> on host 68829ac68ce6
[2024-02-28T04:37:46.310+0000] {taskinstance.py:2510} INFO - Exporting env vars: AIRFLOW_CTX_DAG_OWNER='vutt' AIRFLOW_CTX_DAG_ID='deferrable_operator' AIRFLOW_CTX_TASK_ID='wait_event' AIRFLOW_CTX_EXECUTION_DATE='2024-02-28T04:37:45.192233+00:00' AIRFLOW_CTX_TRY_NUMBER='1' AIRFLOW_CTX_DAG_RUN_ID='manual__2024-02-28T04:37:45.192233+00:00'
[2024-02-28T04:37:46.322+0000] {taskinstance.py:2367} INFO - Pausing task as DEFERRED. dag_id=deferrable_operator, task_id=wait_event, execution_date=20240228T043745, start_date=20240228T043746
[2024-02-28T04:37:46.353+0000] {local_task_job_runner.py:231} INFO - Task exited with return code 100 (task deferral)
[2024-02-28T04:42:47.435+0000] {logging_mixin.py:188} INFO - Changing /opt/***/logs/dag_id=deferrable_operator/run_id=manual__2024-02-28T04:37:45.192233+00:00/task_id=wait_event permission to 509
[2024-02-28T04:42:47.438+0000] {logging_mixin.py:188} INFO - Changing /opt/***/logs/dag_id=deferrable_operator/run_id=manual__2024-02-28T04:37:45.192233+00:00 permission to 509
[2024-02-28T04:42:47.439+0000] {logging_mixin.py:188} INFO - Changing /opt/***/logs/dag_id=deferrable_operator permission to 509
[2024-02-28T04:42:47.440+0000] {logging_mixin.py:188} INFO - Changing /opt/***/logs permission to 509
[2024-02-28T04:42:47.495+0000] {logging_mixin.py:188} INFO - Changing /opt/***/logs/dag_id=deferrable_operator/run_id=manual__2024-02-28T04:37:45.192233+00:00/task_id=wait_event permission to 509
[2024-02-28T04:42:47.496+0000] {logging_mixin.py:188} INFO - Changing /opt/***/logs/dag_id=deferrable_operator/run_id=manual__2024-02-28T04:37:45.192233+00:00 permission to 509
[2024-02-28T04:42:47.497+0000] {logging_mixin.py:188} INFO - Changing /opt/***/logs/dag_id=deferrable_operator permission to 509
[2024-02-28T04:42:47.498+0000] {logging_mixin.py:188} INFO - Changing /opt/***/logs permission to 509
[2024-02-28T04:42:47.523+0000] {taskinstance.py:1979} INFO - Dependencies all met for dep_context=non-requeueable deps ti=<TaskInstance: deferrable_operator.wait_event manual__2024-02-28T04:37:45.192233+00:00 [queued]>
[2024-02-28T04:42:47.529+0000] {taskinstance.py:1979} INFO - Dependencies all met for dep_context=requeueable deps ti=<TaskInstance: deferrable_operator.wait_event manual__2024-02-28T04:37:45.192233+00:00 [queued]>
[2024-02-28T04:42:47.531+0000] {taskinstance.py:2191} INFO - Resuming after deferral
[2024-02-28T04:42:47.542+0000] {taskinstance.py:2214} INFO - Executing <Task(WaitFiveMinutesTrigger): wait_event> on 2024-02-28 04:37:45.192233+00:00
[2024-02-28T04:42:47.545+0000] {standard_task_runner.py:60} INFO - Started process 2245 to run task
[2024-02-28T04:42:47.547+0000] {standard_task_runner.py:87} INFO - Running: ['***', 'tasks', 'run', 'deferrable_operator', 'wait_event', 'manual__2024-02-28T04:37:45.192233+00:00', '--job-id', '66', '--raw', '--subdir', 'DAGS_FOLDER/deferrable_operator.py', '--cfg-path', '/tmp/tmpgu0m1t9e']
[2024-02-28T04:42:47.551+0000] {standard_task_runner.py:88} INFO - Job 66: Subtask wait_event
[2024-02-28T04:42:47.623+0000] {logging_mixin.py:188} INFO - Changing /opt/***/logs/dag_id=deferrable_operator/run_id=manual__2024-02-28T04:37:45.192233+00:00/task_id=wait_event permission to 509
[2024-02-28T04:42:47.624+0000] {logging_mixin.py:188} INFO - Changing /opt/***/logs/dag_id=deferrable_operator/run_id=manual__2024-02-28T04:37:45.192233+00:00 permission to 509
[2024-02-28T04:42:47.625+0000] {logging_mixin.py:188} INFO - Changing /opt/***/logs/dag_id=deferrable_operator permission to 509
[2024-02-28T04:42:47.625+0000] {logging_mixin.py:188} INFO - Changing /opt/***/logs permission to 509
[2024-02-28T04:42:47.626+0000] {task_command.py:423} INFO - Running <TaskInstance: deferrable_operator.wait_event manual__2024-02-28T04:37:45.192233+00:00 [running]> on host 68829ac68ce6
[2024-02-28T04:42:47.743+0000] {taskinstance.py:2728} ERROR - Task failed with exception
Traceback (most recent call last):
  File "/home/airflow/.local/lib/python3.11/site-packages/airflow/models/taskinstance.py", line 444, in _execute_task
    result = _execute_callable(context=context, **execute_callable_kwargs)
             ^^^^^^^^^^^^^^^^^^^^^^^^^^^^^^^^^^^^^^^^^^^^^^^^^^^^^^^^^^^^^
  File "/home/airflow/.local/lib/python3.11/site-packages/airflow/models/taskinstance.py", line 414, in _execute_callable
    return execute_callable(context=context, **execute_callable_kwargs)
           ^^^^^^^^^^^^^^^^^^^^^^^^^^^^^^^^^^^^^^^^^^^^^^^^^^^^^^^^^^^^
  File "/home/airflow/.local/lib/python3.11/site-packages/airflow/sensors/base.py", line 300, in resume_execution
    return super().resume_execution(next_method, next_kwargs, context)
           ^^^^^^^^^^^^^^^^^^^^^^^^^^^^^^^^^^^^^^^^^^^^^^^^^^^^^^^^^^^
  File "/home/airflow/.local/lib/python3.11/site-packages/airflow/models/baseoperator.py", line 1604, in resume_execution
    return execute_callable(context)
           ^^^^^^^^^^^^^^^^^^^^^^^^^
TypeError: WaitFiveMinutesTrigger.execute_complete() got an unexpected keyword argument 'event'
[2024-02-28T04:42:47.759+0000] {taskinstance.py:1149} INFO - Marking task as UP_FOR_RETRY. dag_id=deferrable_operator, task_id=wait_event, execution_date=20240228T043745, start_date=20240228T043746, end_date=20240228T044247
[2024-02-28T04:42:47.778+0000] {standard_task_runner.py:107} ERROR - Failed to execute job 66 for task wait_event (WaitFiveMinutesTrigger.execute_complete() got an unexpected keyword argument 'event'; 2245)
[2024-02-28T04:42:47.800+0000] {local_task_job_runner.py:234} INFO - Task exited with return code 1
[2024-02-28T04:42:47.827+0000] {taskinstance.py:3309} INFO - 0 downstream tasks scheduled from follow-on schedule check
