[2024-02-28T04:37:47.602+0000] {temporal.py:60} INFO - trigger starting
[2024-02-28T04:37:47.602+0000] {temporal.py:64} INFO - 298 seconds remaining; sleeping 60 seconds
[2024-02-28T04:38:47.604+0000] {temporal.py:64} INFO - 238 seconds remaining; sleeping 60 seconds
[2024-02-28T04:39:47.606+0000] {temporal.py:64} INFO - 178 seconds remaining; sleeping 60 seconds
[2024-02-28T04:40:47.607+0000] {temporal.py:64} INFO - 118 seconds remaining; sleeping 10 seconds
[2024-02-28T04:40:57.609+0000] {temporal.py:64} INFO - 108 seconds remaining; sleeping 10 seconds
[2024-02-28T04:41:07.610+0000] {temporal.py:64} INFO - 98 seconds remaining; sleeping 10 seconds
[2024-02-28T04:41:17.611+0000] {temporal.py:64} INFO - 88 seconds remaining; sleeping 10 seconds
[2024-02-28T04:41:27.613+0000] {temporal.py:64} INFO - 78 seconds remaining; sleeping 10 seconds
[2024-02-28T04:41:37.615+0000] {temporal.py:64} INFO - 68 seconds remaining; sleeping 10 seconds
[2024-02-28T04:41:47.617+0000] {temporal.py:64} INFO - 58 seconds remaining; sleeping 10 seconds
[2024-02-28T04:41:57.619+0000] {temporal.py:64} INFO - 48 seconds remaining; sleeping 10 seconds
[2024-02-28T04:42:07.622+0000] {temporal.py:64} INFO - 38 seconds remaining; sleeping 10 seconds
[2024-02-28T04:42:17.624+0000] {temporal.py:64} INFO - 28 seconds remaining; sleeping 10 seconds
[2024-02-28T04:42:27.625+0000] {temporal.py:69} INFO - sleeping 1 second...
[2024-02-28T04:42:28.628+0000] {temporal.py:69} INFO - sleeping 1 second...
[2024-02-28T04:42:29.629+0000] {temporal.py:69} INFO - sleeping 1 second...
[2024-02-28T04:42:30.632+0000] {temporal.py:69} INFO - sleeping 1 second...
[2024-02-28T04:42:31.633+0000] {temporal.py:69} INFO - sleeping 1 second...
[2024-02-28T04:42:32.634+0000] {temporal.py:69} INFO - sleeping 1 second...
[2024-02-28T04:42:33.636+0000] {temporal.py:69} INFO - sleeping 1 second...
[2024-02-28T04:42:34.637+0000] {temporal.py:69} INFO - sleeping 1 second...
[2024-02-28T04:42:35.639+0000] {temporal.py:69} INFO - sleeping 1 second...
[2024-02-28T04:42:36.641+0000] {temporal.py:69} INFO - sleeping 1 second...
[2024-02-28T04:42:37.643+0000] {temporal.py:69} INFO - sleeping 1 second...
[2024-02-28T04:42:38.645+0000] {temporal.py:69} INFO - sleeping 1 second...
[2024-02-28T04:42:39.646+0000] {temporal.py:69} INFO - sleeping 1 second...
[2024-02-28T04:42:40.646+0000] {temporal.py:69} INFO - sleeping 1 second...
[2024-02-28T04:42:41.648+0000] {temporal.py:69} INFO - sleeping 1 second...
[2024-02-28T04:42:42.650+0000] {temporal.py:69} INFO - sleeping 1 second...
[2024-02-28T04:42:43.651+0000] {temporal.py:69} INFO - sleeping 1 second...
[2024-02-28T04:42:44.652+0000] {temporal.py:69} INFO - sleeping 1 second...
[2024-02-28T04:42:45.653+0000] {temporal.py:69} INFO - sleeping 1 second...
[2024-02-28T04:42:46.654+0000] {temporal.py:72} INFO - yielding event with payload DateTime(2024, 2, 28, 4, 42, 46, 311093, tzinfo=Timezone('UTC'))
[2024-02-28T04:42:46.654+0000] {triggerer_job_runner.py:602} INFO - Trigger deferrable_operator/manual__2024-02-28T04:37:45.192233+00:00/wait_event/-1/1 (ID 2) fired: TriggerEvent<DateTime(2024, 2, 28, 4, 42, 46, 311093, tzinfo=Timezone('UTC'))>
