[2024-03-01T15:13:25.521+0000] {logging_mixin.py:188} INFO - Changing /opt/***/logs/dag_id=trigger_dag_run_dag2/run_id=scheduled__2024-01-01T00:00:00+00:00/task_id=triggered_by_dag1 permission to 509
[2024-03-01T15:13:25.523+0000] {logging_mixin.py:188} INFO - Changing /opt/***/logs/dag_id=trigger_dag_run_dag2/run_id=scheduled__2024-01-01T00:00:00+00:00 permission to 509
[2024-03-01T15:13:25.524+0000] {logging_mixin.py:188} INFO - Changing /opt/***/logs/dag_id=trigger_dag_run_dag2 permission to 509
[2024-03-01T15:13:25.525+0000] {logging_mixin.py:188} INFO - Changing /opt/***/logs permission to 509
[2024-03-01T15:13:25.569+0000] {logging_mixin.py:188} INFO - Changing /opt/***/logs/dag_id=trigger_dag_run_dag2/run_id=scheduled__2024-01-01T00:00:00+00:00/task_id=triggered_by_dag1 permission to 509
[2024-03-01T15:13:25.570+0000] {logging_mixin.py:188} INFO - Changing /opt/***/logs/dag_id=trigger_dag_run_dag2/run_id=scheduled__2024-01-01T00:00:00+00:00 permission to 509
[2024-03-01T15:13:25.570+0000] {logging_mixin.py:188} INFO - Changing /opt/***/logs/dag_id=trigger_dag_run_dag2 permission to 509
[2024-03-01T15:13:25.571+0000] {logging_mixin.py:188} INFO - Changing /opt/***/logs permission to 509
[2024-03-01T15:13:25.605+0000] {taskinstance.py:1979} INFO - Dependencies all met for dep_context=non-requeueable deps ti=<TaskInstance: trigger_dag_run_dag2.triggered_by_dag1 scheduled__2024-01-01T00:00:00+00:00 [queued]>
[2024-03-01T15:13:25.612+0000] {taskinstance.py:1979} INFO - Dependencies all met for dep_context=requeueable deps ti=<TaskInstance: trigger_dag_run_dag2.triggered_by_dag1 scheduled__2024-01-01T00:00:00+00:00 [queued]>
[2024-03-01T15:13:25.612+0000] {taskinstance.py:2193} INFO - Starting attempt 1 of 3
[2024-03-01T15:13:25.621+0000] {taskinstance.py:2214} INFO - Executing <Task(TriggerDagRunOperator): triggered_by_dag1> on 2024-01-01 00:00:00+00:00
[2024-03-01T15:13:25.624+0000] {standard_task_runner.py:60} INFO - Started process 183 to run task
[2024-03-01T15:13:25.627+0000] {standard_task_runner.py:87} INFO - Running: ['***', 'tasks', 'run', 'trigger_dag_run_dag2', 'triggered_by_dag1', 'scheduled__2024-01-01T00:00:00+00:00', '--job-id', '131', '--raw', '--subdir', 'DAGS_FOLDER/trigger_dag_run_dag2.py', '--cfg-path', '/tmp/tmpdo1gh7q7']
[2024-03-01T15:13:25.628+0000] {standard_task_runner.py:88} INFO - Job 131: Subtask triggered_by_dag1
[2024-03-01T15:13:25.700+0000] {logging_mixin.py:188} INFO - Changing /opt/***/logs/dag_id=trigger_dag_run_dag2/run_id=scheduled__2024-01-01T00:00:00+00:00/task_id=triggered_by_dag1 permission to 509
[2024-03-01T15:13:25.701+0000] {logging_mixin.py:188} INFO - Changing /opt/***/logs/dag_id=trigger_dag_run_dag2/run_id=scheduled__2024-01-01T00:00:00+00:00 permission to 509
[2024-03-01T15:13:25.702+0000] {logging_mixin.py:188} INFO - Changing /opt/***/logs/dag_id=trigger_dag_run_dag2 permission to 509
[2024-03-01T15:13:25.703+0000] {logging_mixin.py:188} INFO - Changing /opt/***/logs permission to 509
[2024-03-01T15:13:25.704+0000] {task_command.py:423} INFO - Running <TaskInstance: trigger_dag_run_dag2.triggered_by_dag1 scheduled__2024-01-01T00:00:00+00:00 [running]> on host 68829ac68ce6
[2024-03-01T15:13:25.839+0000] {taskinstance.py:2510} INFO - Exporting env vars: AIRFLOW_CTX_DAG_OWNER='vutt' AIRFLOW_CTX_DAG_ID='trigger_dag_run_dag2' AIRFLOW_CTX_TASK_ID='triggered_by_dag1' AIRFLOW_CTX_EXECUTION_DATE='2024-01-01T00:00:00+00:00' AIRFLOW_CTX_TRY_NUMBER='1' AIRFLOW_CTX_DAG_RUN_ID='scheduled__2024-01-01T00:00:00+00:00'
[2024-03-01T15:13:25.998+0000] {taskinstance.py:1149} INFO - Marking task as SUCCESS. dag_id=trigger_dag_run_dag2, task_id=triggered_by_dag1, execution_date=20240101T000000, start_date=20240301T151325, end_date=20240301T151325
[2024-03-01T15:13:26.039+0000] {local_task_job_runner.py:234} INFO - Task exited with return code 0
[2024-03-01T15:13:26.095+0000] {taskinstance.py:3309} INFO - 1 downstream tasks scheduled from follow-on schedule check
