[2024-02-28T06:31:59.807+0000] {logging_mixin.py:188} INFO - Changing /opt/***/logs/dag_id=deferrable_operator/run_id=manual__2024-02-28T06:30:56.069100+00:00/task_id=print_reach_event permission to 509
[2024-02-28T06:31:59.812+0000] {logging_mixin.py:188} INFO - Changing /opt/***/logs/dag_id=deferrable_operator/run_id=manual__2024-02-28T06:30:56.069100+00:00 permission to 509
[2024-02-28T06:31:59.813+0000] {logging_mixin.py:188} INFO - Changing /opt/***/logs/dag_id=deferrable_operator permission to 509
[2024-02-28T06:31:59.814+0000] {logging_mixin.py:188} INFO - Changing /opt/***/logs permission to 509
[2024-02-28T06:31:59.861+0000] {logging_mixin.py:188} INFO - Changing /opt/***/logs/dag_id=deferrable_operator/run_id=manual__2024-02-28T06:30:56.069100+00:00/task_id=print_reach_event permission to 509
[2024-02-28T06:31:59.862+0000] {logging_mixin.py:188} INFO - Changing /opt/***/logs/dag_id=deferrable_operator/run_id=manual__2024-02-28T06:30:56.069100+00:00 permission to 509
[2024-02-28T06:31:59.863+0000] {logging_mixin.py:188} INFO - Changing /opt/***/logs/dag_id=deferrable_operator permission to 509
[2024-02-28T06:31:59.863+0000] {logging_mixin.py:188} INFO - Changing /opt/***/logs permission to 509
[2024-02-28T06:31:59.901+0000] {taskinstance.py:1979} INFO - Dependencies all met for dep_context=non-requeueable deps ti=<TaskInstance: deferrable_operator.print_reach_event manual__2024-02-28T06:30:56.069100+00:00 [queued]>
[2024-02-28T06:31:59.908+0000] {taskinstance.py:1979} INFO - Dependencies all met for dep_context=requeueable deps ti=<TaskInstance: deferrable_operator.print_reach_event manual__2024-02-28T06:30:56.069100+00:00 [queued]>
[2024-02-28T06:31:59.909+0000] {taskinstance.py:2193} INFO - Starting attempt 1 of 1
[2024-02-28T06:31:59.919+0000] {taskinstance.py:2214} INFO - Executing <Task(PythonOperator): print_reach_event> on 2024-02-28 06:30:56.069100+00:00
[2024-02-28T06:31:59.923+0000] {standard_task_runner.py:60} INFO - Started process 3745 to run task
[2024-02-28T06:31:59.924+0000] {standard_task_runner.py:87} INFO - Running: ['***', 'tasks', 'run', 'deferrable_operator', 'print_reach_event', 'manual__2024-02-28T06:30:56.069100+00:00', '--job-id', '79', '--raw', '--subdir', 'DAGS_FOLDER/deferrable_operator.py', '--cfg-path', '/tmp/tmp_77ehl2q']
[2024-02-28T06:31:59.925+0000] {standard_task_runner.py:88} INFO - Job 79: Subtask print_reach_event
[2024-02-28T06:31:59.986+0000] {logging_mixin.py:188} INFO - Changing /opt/***/logs/dag_id=deferrable_operator/run_id=manual__2024-02-28T06:30:56.069100+00:00/task_id=print_reach_event permission to 509
[2024-02-28T06:31:59.987+0000] {logging_mixin.py:188} INFO - Changing /opt/***/logs/dag_id=deferrable_operator/run_id=manual__2024-02-28T06:30:56.069100+00:00 permission to 509
[2024-02-28T06:31:59.988+0000] {logging_mixin.py:188} INFO - Changing /opt/***/logs/dag_id=deferrable_operator permission to 509
[2024-02-28T06:31:59.989+0000] {logging_mixin.py:188} INFO - Changing /opt/***/logs permission to 509
[2024-02-28T06:31:59.990+0000] {task_command.py:423} INFO - Running <TaskInstance: deferrable_operator.print_reach_event manual__2024-02-28T06:30:56.069100+00:00 [running]> on host 68829ac68ce6
[2024-02-28T06:32:00.082+0000] {taskinstance.py:2510} INFO - Exporting env vars: AIRFLOW_CTX_DAG_OWNER='vutt' AIRFLOW_CTX_DAG_ID='deferrable_operator' AIRFLOW_CTX_TASK_ID='print_reach_event' AIRFLOW_CTX_EXECUTION_DATE='2024-02-28T06:30:56.069100+00:00' AIRFLOW_CTX_TRY_NUMBER='1' AIRFLOW_CTX_DAG_RUN_ID='manual__2024-02-28T06:30:56.069100+00:00'
[2024-02-28T06:32:00.083+0000] {logging_mixin.py:188} INFO - reach event
[2024-02-28T06:32:00.083+0000] {python.py:202} INFO - Done. Returned value was: None
[2024-02-28T06:32:00.097+0000] {taskinstance.py:1149} INFO - Marking task as SUCCESS. dag_id=deferrable_operator, task_id=print_reach_event, execution_date=20240228T063056, start_date=20240228T063159, end_date=20240228T063200
[2024-02-28T06:32:00.137+0000] {local_task_job_runner.py:234} INFO - Task exited with return code 0
[2024-02-28T06:32:00.171+0000] {taskinstance.py:3309} INFO - 0 downstream tasks scheduled from follow-on schedule check
