[2024-03-01T15:13:16.683+0000] {logging_mixin.py:188} INFO - Changing /opt/***/logs/dag_id=trigger_dag_run_dag1/run_id=scheduled__2024-01-02T00:00:00+00:00/task_id=echo_dag1 permission to 509
[2024-03-01T15:13:16.684+0000] {logging_mixin.py:188} INFO - Changing /opt/***/logs/dag_id=trigger_dag_run_dag1/run_id=scheduled__2024-01-02T00:00:00+00:00 permission to 509
[2024-03-01T15:13:16.685+0000] {logging_mixin.py:188} INFO - Changing /opt/***/logs/dag_id=trigger_dag_run_dag1 permission to 509
[2024-03-01T15:13:16.686+0000] {logging_mixin.py:188} INFO - Changing /opt/***/logs permission to 509
[2024-03-01T15:13:16.760+0000] {logging_mixin.py:188} INFO - Changing /opt/***/logs/dag_id=trigger_dag_run_dag1/run_id=scheduled__2024-01-02T00:00:00+00:00/task_id=echo_dag1 permission to 509
[2024-03-01T15:13:16.761+0000] {logging_mixin.py:188} INFO - Changing /opt/***/logs/dag_id=trigger_dag_run_dag1/run_id=scheduled__2024-01-02T00:00:00+00:00 permission to 509
[2024-03-01T15:13:16.762+0000] {logging_mixin.py:188} INFO - Changing /opt/***/logs/dag_id=trigger_dag_run_dag1 permission to 509
[2024-03-01T15:13:16.763+0000] {logging_mixin.py:188} INFO - Changing /opt/***/logs permission to 509
[2024-03-01T15:13:16.796+0000] {taskinstance.py:1979} INFO - Dependencies all met for dep_context=non-requeueable deps ti=<TaskInstance: trigger_dag_run_dag1.echo_dag1 scheduled__2024-01-02T00:00:00+00:00 [queued]>
[2024-03-01T15:13:16.803+0000] {taskinstance.py:1979} INFO - Dependencies all met for dep_context=requeueable deps ti=<TaskInstance: trigger_dag_run_dag1.echo_dag1 scheduled__2024-01-02T00:00:00+00:00 [queued]>
[2024-03-01T15:13:16.803+0000] {taskinstance.py:2193} INFO - Starting attempt 1 of 3
[2024-03-01T15:13:16.811+0000] {taskinstance.py:2214} INFO - Executing <Task(BashOperator): echo_dag1> on 2024-01-02 00:00:00+00:00
[2024-03-01T15:13:16.815+0000] {standard_task_runner.py:60} INFO - Started process 158 to run task
[2024-03-01T15:13:16.816+0000] {standard_task_runner.py:87} INFO - Running: ['***', 'tasks', 'run', 'trigger_dag_run_dag1', 'echo_dag1', 'scheduled__2024-01-02T00:00:00+00:00', '--job-id', '125', '--raw', '--subdir', 'DAGS_FOLDER/trigger_dag_run_dag1.py', '--cfg-path', '/tmp/tmp75d0x3id']
[2024-03-01T15:13:16.818+0000] {standard_task_runner.py:88} INFO - Job 125: Subtask echo_dag1
[2024-03-01T15:13:16.884+0000] {logging_mixin.py:188} INFO - Changing /opt/***/logs/dag_id=trigger_dag_run_dag1/run_id=scheduled__2024-01-02T00:00:00+00:00/task_id=echo_dag1 permission to 509
[2024-03-01T15:13:16.885+0000] {logging_mixin.py:188} INFO - Changing /opt/***/logs/dag_id=trigger_dag_run_dag1/run_id=scheduled__2024-01-02T00:00:00+00:00 permission to 509
[2024-03-01T15:13:16.886+0000] {logging_mixin.py:188} INFO - Changing /opt/***/logs/dag_id=trigger_dag_run_dag1 permission to 509
[2024-03-01T15:13:16.887+0000] {logging_mixin.py:188} INFO - Changing /opt/***/logs permission to 509
[2024-03-01T15:13:16.888+0000] {task_command.py:423} INFO - Running <TaskInstance: trigger_dag_run_dag1.echo_dag1 scheduled__2024-01-02T00:00:00+00:00 [running]> on host 68829ac68ce6
[2024-03-01T15:13:16.999+0000] {taskinstance.py:2510} INFO - Exporting env vars: AIRFLOW_CTX_DAG_OWNER='vutt' AIRFLOW_CTX_DAG_ID='trigger_dag_run_dag1' AIRFLOW_CTX_TASK_ID='echo_dag1' AIRFLOW_CTX_EXECUTION_DATE='2024-01-02T00:00:00+00:00' AIRFLOW_CTX_TRY_NUMBER='1' AIRFLOW_CTX_DAG_RUN_ID='scheduled__2024-01-02T00:00:00+00:00'
[2024-03-01T15:13:17.000+0000] {subprocess.py:63} INFO - Tmp dir root location: /tmp
[2024-03-01T15:13:17.001+0000] {subprocess.py:75} INFO - Running command: ['/usr/bin/bash', '-c', 'echo dag1']
[2024-03-01T15:13:17.006+0000] {subprocess.py:86} INFO - Output:
[2024-03-01T15:13:17.007+0000] {subprocess.py:93} INFO - dag1
[2024-03-01T15:13:17.008+0000] {subprocess.py:97} INFO - Command exited with return code 0
[2024-03-01T15:13:17.059+0000] {taskinstance.py:1149} INFO - Marking task as SUCCESS. dag_id=trigger_dag_run_dag1, task_id=echo_dag1, execution_date=20240102T000000, start_date=20240301T151316, end_date=20240301T151317
[2024-03-01T15:13:17.109+0000] {local_task_job_runner.py:234} INFO - Task exited with return code 0
[2024-03-01T15:13:17.172+0000] {taskinstance.py:3309} INFO - 0 downstream tasks scheduled from follow-on schedule check
