[2024-02-27T16:13:04.263+0000] {taskinstance.py:1979} INFO - Dependencies all met for dep_context=non-requeueable deps ti=<TaskInstance: python_operator.print_external_argument scheduled__2024-01-01T03:00:00+00:00 [queued]>
[2024-02-27T16:13:04.270+0000] {taskinstance.py:1979} INFO - Dependencies all met for dep_context=requeueable deps ti=<TaskInstance: python_operator.print_external_argument scheduled__2024-01-01T03:00:00+00:00 [queued]>
[2024-02-27T16:13:04.271+0000] {taskinstance.py:2193} INFO - Starting attempt 1 of 3
[2024-02-27T16:13:04.282+0000] {taskinstance.py:2214} INFO - Executing <Task(PythonOperator): print_external_argument> on 2024-01-01 03:00:00+00:00
[2024-02-27T16:13:04.287+0000] {standard_task_runner.py:60} INFO - Started process 94 to run task
[2024-02-27T16:13:04.288+0000] {standard_task_runner.py:87} INFO - Running: ['***', 'tasks', 'run', 'python_operator', 'print_external_argument', 'scheduled__2024-01-01T03:00:00+00:00', '--job-id', '17', '--raw', '--subdir', 'DAGS_FOLDER/python_operator.py', '--cfg-path', '/tmp/tmp783nxfbp']
[2024-02-27T16:13:04.289+0000] {standard_task_runner.py:88} INFO - Job 17: Subtask print_external_argument
[2024-02-27T16:13:04.375+0000] {task_command.py:423} INFO - Running <TaskInstance: python_operator.print_external_argument scheduled__2024-01-01T03:00:00+00:00 [running]> on host 1927bc465fbc
[2024-02-27T16:13:04.487+0000] {taskinstance.py:2510} INFO - Exporting env vars: AIRFLOW_CTX_DAG_OWNER='vutt' AIRFLOW_CTX_DAG_ID='python_operator' AIRFLOW_CTX_TASK_ID='print_external_argument' AIRFLOW_CTX_EXECUTION_DATE='2024-01-01T03:00:00+00:00' AIRFLOW_CTX_TRY_NUMBER='1' AIRFLOW_CTX_DAG_RUN_ID='scheduled__2024-01-01T03:00:00+00:00'
[2024-02-27T16:13:04.488+0000] {logging_mixin.py:188} INFO - vutt
[2024-02-27T16:13:04.489+0000] {python.py:202} INFO - Done. Returned value was: None
[2024-02-27T16:13:04.514+0000] {taskinstance.py:1149} INFO - Marking task as SUCCESS. dag_id=python_operator, task_id=print_external_argument, execution_date=20240101T030000, start_date=20240227T161304, end_date=20240227T161304
[2024-02-27T16:13:04.541+0000] {local_task_job_runner.py:234} INFO - Task exited with return code 0
[2024-02-27T16:13:04.568+0000] {taskinstance.py:3309} INFO - 0 downstream tasks scheduled from follow-on schedule check
[2024-02-27T16:13:44.465+0000] {taskinstance.py:1979} INFO - Dependencies all met for dep_context=non-requeueable deps ti=<TaskInstance: python_operator.print_external_argument scheduled__2024-01-01T03:00:00+00:00 [queued]>
[2024-02-27T16:13:44.472+0000] {taskinstance.py:1979} INFO - Dependencies all met for dep_context=requeueable deps ti=<TaskInstance: python_operator.print_external_argument scheduled__2024-01-01T03:00:00+00:00 [queued]>
[2024-02-27T16:13:44.472+0000] {taskinstance.py:2193} INFO - Starting attempt 1 of 3
[2024-02-27T16:13:44.481+0000] {taskinstance.py:2214} INFO - Executing <Task(PythonOperator): print_external_argument> on 2024-01-01 03:00:00+00:00
[2024-02-27T16:13:44.485+0000] {standard_task_runner.py:60} INFO - Started process 61 to run task
[2024-02-27T16:13:44.487+0000] {standard_task_runner.py:87} INFO - Running: ['***', 'tasks', 'run', 'python_operator', 'print_external_argument', 'scheduled__2024-01-01T03:00:00+00:00', '--job-id', '27', '--raw', '--subdir', 'DAGS_FOLDER/python_operator.py', '--cfg-path', '/tmp/tmpefkbpk9h']
[2024-02-27T16:13:44.487+0000] {standard_task_runner.py:88} INFO - Job 27: Subtask print_external_argument
[2024-02-27T16:13:44.560+0000] {task_command.py:423} INFO - Running <TaskInstance: python_operator.print_external_argument scheduled__2024-01-01T03:00:00+00:00 [running]> on host 1927bc465fbc
[2024-02-27T16:13:44.687+0000] {taskinstance.py:2510} INFO - Exporting env vars: AIRFLOW_CTX_DAG_OWNER='vutt' AIRFLOW_CTX_DAG_ID='python_operator' AIRFLOW_CTX_TASK_ID='print_external_argument' AIRFLOW_CTX_EXECUTION_DATE='2024-01-01T03:00:00+00:00' AIRFLOW_CTX_TRY_NUMBER='1' AIRFLOW_CTX_DAG_RUN_ID='scheduled__2024-01-01T03:00:00+00:00'
[2024-02-27T16:13:44.687+0000] {logging_mixin.py:188} INFO - vutt
[2024-02-27T16:13:44.688+0000] {python.py:202} INFO - Done. Returned value was: None
[2024-02-27T16:13:44.705+0000] {taskinstance.py:1149} INFO - Marking task as SUCCESS. dag_id=python_operator, task_id=print_external_argument, execution_date=20240101T030000, start_date=20240227T161344, end_date=20240227T161344
[2024-02-27T16:13:44.740+0000] {local_task_job_runner.py:234} INFO - Task exited with return code 0
[2024-02-27T16:13:44.770+0000] {taskinstance.py:3309} INFO - 0 downstream tasks scheduled from follow-on schedule check
