[2024-02-29T16:12:04.832+0000] {logging_mixin.py:188} INFO - Changing /opt/***/logs/dag_id=context/run_id=scheduled__2024-01-18T00:00:00+00:00/task_id=print_ds permission to 509
[2024-02-29T16:12:04.833+0000] {logging_mixin.py:188} INFO - Changing /opt/***/logs/dag_id=context/run_id=scheduled__2024-01-18T00:00:00+00:00 permission to 509
[2024-02-29T16:12:04.835+0000] {logging_mixin.py:188} INFO - Changing /opt/***/logs/dag_id=context permission to 509
[2024-02-29T16:12:04.836+0000] {logging_mixin.py:188} INFO - Changing /opt/***/logs permission to 509
[2024-02-29T16:12:04.907+0000] {logging_mixin.py:188} INFO - Changing /opt/***/logs/dag_id=context/run_id=scheduled__2024-01-18T00:00:00+00:00/task_id=print_ds permission to 509
[2024-02-29T16:12:04.909+0000] {logging_mixin.py:188} INFO - Changing /opt/***/logs/dag_id=context/run_id=scheduled__2024-01-18T00:00:00+00:00 permission to 509
[2024-02-29T16:12:04.910+0000] {logging_mixin.py:188} INFO - Changing /opt/***/logs/dag_id=context permission to 509
[2024-02-29T16:12:04.912+0000] {logging_mixin.py:188} INFO - Changing /opt/***/logs permission to 509
[2024-02-29T16:12:04.958+0000] {taskinstance.py:1979} INFO - Dependencies all met for dep_context=non-requeueable deps ti=<TaskInstance: context.print_ds scheduled__2024-01-18T00:00:00+00:00 [queued]>
[2024-02-29T16:12:04.966+0000] {taskinstance.py:1979} INFO - Dependencies all met for dep_context=requeueable deps ti=<TaskInstance: context.print_ds scheduled__2024-01-18T00:00:00+00:00 [queued]>
[2024-02-29T16:12:04.967+0000] {taskinstance.py:2193} INFO - Starting attempt 1 of 3
[2024-02-29T16:12:04.989+0000] {taskinstance.py:2214} INFO - Executing <Task(PythonOperator): print_ds> on 2024-01-18 00:00:00+00:00
[2024-02-29T16:12:04.994+0000] {standard_task_runner.py:60} INFO - Started process 101 to run task
[2024-02-29T16:12:04.996+0000] {standard_task_runner.py:87} INFO - Running: ['***', 'tasks', 'run', 'context', 'print_ds', 'scheduled__2024-01-18T00:00:00+00:00', '--job-id', '99', '--raw', '--subdir', 'DAGS_FOLDER/context.py', '--cfg-path', '/tmp/tmplocc1v0o']
[2024-02-29T16:12:04.997+0000] {standard_task_runner.py:88} INFO - Job 99: Subtask print_ds
[2024-02-29T16:12:05.121+0000] {logging_mixin.py:188} INFO - Changing /opt/***/logs/dag_id=context/run_id=scheduled__2024-01-18T00:00:00+00:00/task_id=print_ds permission to 509
[2024-02-29T16:12:05.123+0000] {logging_mixin.py:188} INFO - Changing /opt/***/logs/dag_id=context/run_id=scheduled__2024-01-18T00:00:00+00:00 permission to 509
[2024-02-29T16:12:05.125+0000] {logging_mixin.py:188} INFO - Changing /opt/***/logs/dag_id=context permission to 509
[2024-02-29T16:12:05.126+0000] {logging_mixin.py:188} INFO - Changing /opt/***/logs permission to 509
[2024-02-29T16:12:05.128+0000] {task_command.py:423} INFO - Running <TaskInstance: context.print_ds scheduled__2024-01-18T00:00:00+00:00 [running]> on host 68829ac68ce6
[2024-02-29T16:12:05.343+0000] {taskinstance.py:2510} INFO - Exporting env vars: AIRFLOW_CTX_DAG_OWNER='vutt' AIRFLOW_CTX_DAG_ID='context' AIRFLOW_CTX_TASK_ID='print_ds' AIRFLOW_CTX_EXECUTION_DATE='2024-01-18T00:00:00+00:00' AIRFLOW_CTX_TRY_NUMBER='1' AIRFLOW_CTX_DAG_RUN_ID='scheduled__2024-01-18T00:00:00+00:00'
[2024-02-29T16:12:05.344+0000] {logging_mixin.py:188} INFO - 2024-01-18
[2024-02-29T16:12:05.345+0000] {python.py:202} INFO - Done. Returned value was: None
[2024-02-29T16:12:05.372+0000] {taskinstance.py:1149} INFO - Marking task as SUCCESS. dag_id=context, task_id=print_ds, execution_date=20240118T000000, start_date=20240229T161204, end_date=20240229T161205
[2024-02-29T16:12:05.410+0000] {local_task_job_runner.py:234} INFO - Task exited with return code 0
[2024-02-29T16:12:05.442+0000] {taskinstance.py:3309} INFO - 0 downstream tasks scheduled from follow-on schedule check
