[2024-03-01T15:47:41.273+0000] {logging_mixin.py:188} INFO - Changing /opt/***/logs/dag_id=pool/run_id=scheduled__2024-01-05T00:00:00+00:00/task_id=task_3 permission to 509
[2024-03-01T15:47:41.276+0000] {logging_mixin.py:188} INFO - Changing /opt/***/logs/dag_id=pool/run_id=scheduled__2024-01-05T00:00:00+00:00 permission to 509
[2024-03-01T15:47:41.278+0000] {logging_mixin.py:188} INFO - Changing /opt/***/logs/dag_id=pool permission to 509
[2024-03-01T15:47:41.281+0000] {logging_mixin.py:188} INFO - Changing /opt/***/logs permission to 509
[2024-03-01T15:47:41.352+0000] {logging_mixin.py:188} INFO - Changing /opt/***/logs/dag_id=pool/run_id=scheduled__2024-01-05T00:00:00+00:00/task_id=task_3 permission to 509
[2024-03-01T15:47:41.354+0000] {logging_mixin.py:188} INFO - Changing /opt/***/logs/dag_id=pool/run_id=scheduled__2024-01-05T00:00:00+00:00 permission to 509
[2024-03-01T15:47:41.356+0000] {logging_mixin.py:188} INFO - Changing /opt/***/logs/dag_id=pool permission to 509
[2024-03-01T15:47:41.357+0000] {logging_mixin.py:188} INFO - Changing /opt/***/logs permission to 509
[2024-03-01T15:47:41.412+0000] {taskinstance.py:1979} INFO - Dependencies all met for dep_context=non-requeueable deps ti=<TaskInstance: pool.task_3 scheduled__2024-01-05T00:00:00+00:00 [queued]>
[2024-03-01T15:47:41.421+0000] {taskinstance.py:1979} INFO - Dependencies all met for dep_context=requeueable deps ti=<TaskInstance: pool.task_3 scheduled__2024-01-05T00:00:00+00:00 [queued]>
[2024-03-01T15:47:41.422+0000] {taskinstance.py:2193} INFO - Starting attempt 1 of 3
[2024-03-01T15:47:41.437+0000] {taskinstance.py:2214} INFO - Executing <Task(BashOperator): task_3> on 2024-01-05 00:00:00+00:00
[2024-03-01T15:47:41.442+0000] {standard_task_runner.py:60} INFO - Started process 859 to run task
[2024-03-01T15:47:41.443+0000] {standard_task_runner.py:87} INFO - Running: ['***', 'tasks', 'run', 'pool', 'task_3', 'scheduled__2024-01-05T00:00:00+00:00', '--job-id', '205', '--raw', '--subdir', 'DAGS_FOLDER/pool.py', '--cfg-path', '/tmp/tmpr576rspt']
[2024-03-01T15:47:41.444+0000] {standard_task_runner.py:88} INFO - Job 205: Subtask task_3
[2024-03-01T15:47:41.545+0000] {logging_mixin.py:188} INFO - Changing /opt/***/logs/dag_id=pool/run_id=scheduled__2024-01-05T00:00:00+00:00/task_id=task_3 permission to 509
[2024-03-01T15:47:41.546+0000] {logging_mixin.py:188} INFO - Changing /opt/***/logs/dag_id=pool/run_id=scheduled__2024-01-05T00:00:00+00:00 permission to 509
[2024-03-01T15:47:41.548+0000] {logging_mixin.py:188} INFO - Changing /opt/***/logs/dag_id=pool permission to 509
[2024-03-01T15:47:41.549+0000] {logging_mixin.py:188} INFO - Changing /opt/***/logs permission to 509
[2024-03-01T15:47:41.551+0000] {task_command.py:423} INFO - Running <TaskInstance: pool.task_3 scheduled__2024-01-05T00:00:00+00:00 [running]> on host 68829ac68ce6
[2024-03-01T15:47:41.713+0000] {taskinstance.py:2510} INFO - Exporting env vars: AIRFLOW_CTX_DAG_OWNER='vutt' AIRFLOW_CTX_DAG_ID='pool' AIRFLOW_CTX_TASK_ID='task_3' AIRFLOW_CTX_EXECUTION_DATE='2024-01-05T00:00:00+00:00' AIRFLOW_CTX_TRY_NUMBER='1' AIRFLOW_CTX_DAG_RUN_ID='scheduled__2024-01-05T00:00:00+00:00'
[2024-03-01T15:47:41.714+0000] {subprocess.py:63} INFO - Tmp dir root location: /tmp
[2024-03-01T15:47:41.715+0000] {subprocess.py:75} INFO - Running command: ['/usr/bin/bash', '-c', 'echo task_3']
[2024-03-01T15:47:41.722+0000] {subprocess.py:86} INFO - Output:
[2024-03-01T15:47:41.723+0000] {subprocess.py:93} INFO - task_3
[2024-03-01T15:47:41.723+0000] {subprocess.py:97} INFO - Command exited with return code 0
[2024-03-01T15:47:41.784+0000] {taskinstance.py:1149} INFO - Marking task as SUCCESS. dag_id=pool, task_id=task_3, execution_date=20240105T000000, start_date=20240301T154741, end_date=20240301T154741
[2024-03-01T15:47:41.817+0000] {local_task_job_runner.py:234} INFO - Task exited with return code 0
[2024-03-01T15:47:41.851+0000] {taskinstance.py:3309} INFO - 0 downstream tasks scheduled from follow-on schedule check
