[2024-03-01T15:13:33.179+0000] {logging_mixin.py:188} INFO - Changing /opt/***/logs/dag_id=trigger_dag_run_dag2/run_id=scheduled__2024-01-06T00:00:00+00:00/task_id=echo_dag2 permission to 509
[2024-03-01T15:13:33.183+0000] {logging_mixin.py:188} INFO - Changing /opt/***/logs/dag_id=trigger_dag_run_dag2/run_id=scheduled__2024-01-06T00:00:00+00:00 permission to 509
[2024-03-01T15:13:33.183+0000] {logging_mixin.py:188} INFO - Changing /opt/***/logs/dag_id=trigger_dag_run_dag2 permission to 509
[2024-03-01T15:13:33.184+0000] {logging_mixin.py:188} INFO - Changing /opt/***/logs permission to 509
[2024-03-01T15:13:33.246+0000] {logging_mixin.py:188} INFO - Changing /opt/***/logs/dag_id=trigger_dag_run_dag2/run_id=scheduled__2024-01-06T00:00:00+00:00/task_id=echo_dag2 permission to 509
[2024-03-01T15:13:33.247+0000] {logging_mixin.py:188} INFO - Changing /opt/***/logs/dag_id=trigger_dag_run_dag2/run_id=scheduled__2024-01-06T00:00:00+00:00 permission to 509
[2024-03-01T15:13:33.248+0000] {logging_mixin.py:188} INFO - Changing /opt/***/logs/dag_id=trigger_dag_run_dag2 permission to 509
[2024-03-01T15:13:33.249+0000] {logging_mixin.py:188} INFO - Changing /opt/***/logs permission to 509
[2024-03-01T15:13:33.280+0000] {taskinstance.py:1979} INFO - Dependencies all met for dep_context=non-requeueable deps ti=<TaskInstance: trigger_dag_run_dag2.echo_dag2 scheduled__2024-01-06T00:00:00+00:00 [queued]>
[2024-03-01T15:13:33.287+0000] {taskinstance.py:1979} INFO - Dependencies all met for dep_context=requeueable deps ti=<TaskInstance: trigger_dag_run_dag2.echo_dag2 scheduled__2024-01-06T00:00:00+00:00 [queued]>
[2024-03-01T15:13:33.287+0000] {taskinstance.py:2193} INFO - Starting attempt 1 of 3
[2024-03-01T15:13:33.295+0000] {taskinstance.py:2214} INFO - Executing <Task(BashOperator): echo_dag2> on 2024-01-06 00:00:00+00:00
[2024-03-01T15:13:33.299+0000] {standard_task_runner.py:60} INFO - Started process 210 to run task
[2024-03-01T15:13:33.300+0000] {standard_task_runner.py:87} INFO - Running: ['***', 'tasks', 'run', 'trigger_dag_run_dag2', 'echo_dag2', 'scheduled__2024-01-06T00:00:00+00:00', '--job-id', '142', '--raw', '--subdir', 'DAGS_FOLDER/trigger_dag_run_dag2.py', '--cfg-path', '/tmp/tmp6r0y95tk']
[2024-03-01T15:13:33.302+0000] {standard_task_runner.py:88} INFO - Job 142: Subtask echo_dag2
[2024-03-01T15:13:33.387+0000] {logging_mixin.py:188} INFO - Changing /opt/***/logs/dag_id=trigger_dag_run_dag2/run_id=scheduled__2024-01-06T00:00:00+00:00/task_id=echo_dag2 permission to 509
[2024-03-01T15:13:33.388+0000] {logging_mixin.py:188} INFO - Changing /opt/***/logs/dag_id=trigger_dag_run_dag2/run_id=scheduled__2024-01-06T00:00:00+00:00 permission to 509
[2024-03-01T15:13:33.389+0000] {logging_mixin.py:188} INFO - Changing /opt/***/logs/dag_id=trigger_dag_run_dag2 permission to 509
[2024-03-01T15:13:33.390+0000] {logging_mixin.py:188} INFO - Changing /opt/***/logs permission to 509
[2024-03-01T15:13:33.392+0000] {task_command.py:423} INFO - Running <TaskInstance: trigger_dag_run_dag2.echo_dag2 scheduled__2024-01-06T00:00:00+00:00 [running]> on host 68829ac68ce6
[2024-03-01T15:13:33.528+0000] {taskinstance.py:2510} INFO - Exporting env vars: AIRFLOW_CTX_DAG_OWNER='vutt' AIRFLOW_CTX_DAG_ID='trigger_dag_run_dag2' AIRFLOW_CTX_TASK_ID='echo_dag2' AIRFLOW_CTX_EXECUTION_DATE='2024-01-06T00:00:00+00:00' AIRFLOW_CTX_TRY_NUMBER='1' AIRFLOW_CTX_DAG_RUN_ID='scheduled__2024-01-06T00:00:00+00:00'
[2024-03-01T15:13:33.529+0000] {subprocess.py:63} INFO - Tmp dir root location: /tmp
[2024-03-01T15:13:33.530+0000] {subprocess.py:75} INFO - Running command: ['/usr/bin/bash', '-c', 'echo dag2']
[2024-03-01T15:13:33.535+0000] {subprocess.py:86} INFO - Output:
[2024-03-01T15:13:33.536+0000] {subprocess.py:93} INFO - dag2
[2024-03-01T15:13:33.536+0000] {subprocess.py:97} INFO - Command exited with return code 0
[2024-03-01T15:13:33.584+0000] {taskinstance.py:1149} INFO - Marking task as SUCCESS. dag_id=trigger_dag_run_dag2, task_id=echo_dag2, execution_date=20240106T000000, start_date=20240301T151333, end_date=20240301T151333
[2024-03-01T15:13:33.634+0000] {local_task_job_runner.py:234} INFO - Task exited with return code 0
[2024-03-01T15:13:33.663+0000] {taskinstance.py:3309} INFO - 0 downstream tasks scheduled from follow-on schedule check
