[2024-02-29T16:27:04.025+0000] {logging_mixin.py:188} INFO - Changing /opt/***/logs/dag_id=jinja_template/run_id=scheduled__2024-01-02T00:00:00+00:00/task_id=echo_ds permission to 509
[2024-02-29T16:27:04.027+0000] {logging_mixin.py:188} INFO - Changing /opt/***/logs/dag_id=jinja_template/run_id=scheduled__2024-01-02T00:00:00+00:00 permission to 509
[2024-02-29T16:27:04.029+0000] {logging_mixin.py:188} INFO - Changing /opt/***/logs/dag_id=jinja_template permission to 509
[2024-02-29T16:27:04.031+0000] {logging_mixin.py:188} INFO - Changing /opt/***/logs permission to 509
[2024-02-29T16:27:04.083+0000] {logging_mixin.py:188} INFO - Changing /opt/***/logs/dag_id=jinja_template/run_id=scheduled__2024-01-02T00:00:00+00:00/task_id=echo_ds permission to 509
[2024-02-29T16:27:04.085+0000] {logging_mixin.py:188} INFO - Changing /opt/***/logs/dag_id=jinja_template/run_id=scheduled__2024-01-02T00:00:00+00:00 permission to 509
[2024-02-29T16:27:04.087+0000] {logging_mixin.py:188} INFO - Changing /opt/***/logs/dag_id=jinja_template permission to 509
[2024-02-29T16:27:04.088+0000] {logging_mixin.py:188} INFO - Changing /opt/***/logs permission to 509
[2024-02-29T16:27:04.132+0000] {taskinstance.py:1979} INFO - Dependencies all met for dep_context=non-requeueable deps ti=<TaskInstance: jinja_template.echo_ds scheduled__2024-01-02T00:00:00+00:00 [queued]>
[2024-02-29T16:27:04.140+0000] {taskinstance.py:1979} INFO - Dependencies all met for dep_context=requeueable deps ti=<TaskInstance: jinja_template.echo_ds scheduled__2024-01-02T00:00:00+00:00 [queued]>
[2024-02-29T16:27:04.141+0000] {taskinstance.py:2193} INFO - Starting attempt 1 of 3
[2024-02-29T16:27:04.160+0000] {taskinstance.py:2214} INFO - Executing <Task(BashOperator): echo_ds> on 2024-01-02 00:00:00+00:00
[2024-02-29T16:27:04.164+0000] {standard_task_runner.py:60} INFO - Started process 321 to run task
[2024-02-29T16:27:04.167+0000] {standard_task_runner.py:87} INFO - Running: ['***', 'tasks', 'run', 'jinja_template', 'echo_ds', 'scheduled__2024-01-02T00:00:00+00:00', '--job-id', '111', '--raw', '--subdir', 'DAGS_FOLDER/jinja_template.py', '--cfg-path', '/tmp/tmpl7bsx2ng']
[2024-02-29T16:27:04.169+0000] {standard_task_runner.py:88} INFO - Job 111: Subtask echo_ds
[2024-02-29T16:27:04.299+0000] {logging_mixin.py:188} INFO - Changing /opt/***/logs/dag_id=jinja_template/run_id=scheduled__2024-01-02T00:00:00+00:00/task_id=echo_ds permission to 509
[2024-02-29T16:27:04.301+0000] {logging_mixin.py:188} INFO - Changing /opt/***/logs/dag_id=jinja_template/run_id=scheduled__2024-01-02T00:00:00+00:00 permission to 509
[2024-02-29T16:27:04.303+0000] {logging_mixin.py:188} INFO - Changing /opt/***/logs/dag_id=jinja_template permission to 509
[2024-02-29T16:27:04.305+0000] {logging_mixin.py:188} INFO - Changing /opt/***/logs permission to 509
[2024-02-29T16:27:04.309+0000] {task_command.py:423} INFO - Running <TaskInstance: jinja_template.echo_ds scheduled__2024-01-02T00:00:00+00:00 [running]> on host 68829ac68ce6
[2024-02-29T16:27:04.609+0000] {taskinstance.py:2510} INFO - Exporting env vars: AIRFLOW_CTX_DAG_OWNER='vutt' AIRFLOW_CTX_DAG_ID='jinja_template' AIRFLOW_CTX_TASK_ID='echo_ds' AIRFLOW_CTX_EXECUTION_DATE='2024-01-02T00:00:00+00:00' AIRFLOW_CTX_TRY_NUMBER='1' AIRFLOW_CTX_DAG_RUN_ID='scheduled__2024-01-02T00:00:00+00:00'
[2024-02-29T16:27:04.610+0000] {subprocess.py:63} INFO - Tmp dir root location: /tmp
[2024-02-29T16:27:04.612+0000] {subprocess.py:75} INFO - Running command: ['/usr/bin/bash', '-c', 'echo 20240102']
[2024-02-29T16:27:04.622+0000] {subprocess.py:86} INFO - Output:
[2024-02-29T16:27:04.623+0000] {subprocess.py:93} INFO - 20240102
[2024-02-29T16:27:04.624+0000] {subprocess.py:97} INFO - Command exited with return code 0
[2024-02-29T16:27:04.729+0000] {taskinstance.py:1149} INFO - Marking task as SUCCESS. dag_id=jinja_template, task_id=echo_ds, execution_date=20240102T000000, start_date=20240229T162704, end_date=20240229T162704
[2024-02-29T16:27:04.821+0000] {local_task_job_runner.py:234} INFO - Task exited with return code 0
[2024-02-29T16:27:04.859+0000] {taskinstance.py:3309} INFO - 0 downstream tasks scheduled from follow-on schedule check
