[2024-02-29T16:12:02.417+0000] {logging_mixin.py:188} INFO - Changing /opt/***/logs/dag_id=context/run_id=scheduled__2024-01-16T00:00:00+00:00/task_id=print_ds permission to 509
[2024-02-29T16:12:02.419+0000] {logging_mixin.py:188} INFO - Changing /opt/***/logs/dag_id=context/run_id=scheduled__2024-01-16T00:00:00+00:00 permission to 509
[2024-02-29T16:12:02.420+0000] {logging_mixin.py:188} INFO - Changing /opt/***/logs/dag_id=context permission to 509
[2024-02-29T16:12:02.422+0000] {logging_mixin.py:188} INFO - Changing /opt/***/logs permission to 509
[2024-02-29T16:12:02.490+0000] {logging_mixin.py:188} INFO - Changing /opt/***/logs/dag_id=context/run_id=scheduled__2024-01-16T00:00:00+00:00/task_id=print_ds permission to 509
[2024-02-29T16:12:02.492+0000] {logging_mixin.py:188} INFO - Changing /opt/***/logs/dag_id=context/run_id=scheduled__2024-01-16T00:00:00+00:00 permission to 509
[2024-02-29T16:12:02.493+0000] {logging_mixin.py:188} INFO - Changing /opt/***/logs/dag_id=context permission to 509
[2024-02-29T16:12:02.495+0000] {logging_mixin.py:188} INFO - Changing /opt/***/logs permission to 509
[2024-02-29T16:12:02.542+0000] {taskinstance.py:1979} INFO - Dependencies all met for dep_context=non-requeueable deps ti=<TaskInstance: context.print_ds scheduled__2024-01-16T00:00:00+00:00 [queued]>
[2024-02-29T16:12:02.549+0000] {taskinstance.py:1979} INFO - Dependencies all met for dep_context=requeueable deps ti=<TaskInstance: context.print_ds scheduled__2024-01-16T00:00:00+00:00 [queued]>
[2024-02-29T16:12:02.550+0000] {taskinstance.py:2193} INFO - Starting attempt 1 of 3
[2024-02-29T16:12:02.564+0000] {taskinstance.py:2214} INFO - Executing <Task(PythonOperator): print_ds> on 2024-01-16 00:00:00+00:00
[2024-02-29T16:12:02.568+0000] {standard_task_runner.py:60} INFO - Started process 87 to run task
[2024-02-29T16:12:02.570+0000] {standard_task_runner.py:87} INFO - Running: ['***', 'tasks', 'run', 'context', 'print_ds', 'scheduled__2024-01-16T00:00:00+00:00', '--job-id', '97', '--raw', '--subdir', 'DAGS_FOLDER/context.py', '--cfg-path', '/tmp/tmp3f6nntmu']
[2024-02-29T16:12:02.572+0000] {standard_task_runner.py:88} INFO - Job 97: Subtask print_ds
[2024-02-29T16:12:02.659+0000] {logging_mixin.py:188} INFO - Changing /opt/***/logs/dag_id=context/run_id=scheduled__2024-01-16T00:00:00+00:00/task_id=print_ds permission to 509
[2024-02-29T16:12:02.661+0000] {logging_mixin.py:188} INFO - Changing /opt/***/logs/dag_id=context/run_id=scheduled__2024-01-16T00:00:00+00:00 permission to 509
[2024-02-29T16:12:02.663+0000] {logging_mixin.py:188} INFO - Changing /opt/***/logs/dag_id=context permission to 509
[2024-02-29T16:12:02.664+0000] {logging_mixin.py:188} INFO - Changing /opt/***/logs permission to 509
[2024-02-29T16:12:02.666+0000] {task_command.py:423} INFO - Running <TaskInstance: context.print_ds scheduled__2024-01-16T00:00:00+00:00 [running]> on host 68829ac68ce6
[2024-02-29T16:12:02.813+0000] {taskinstance.py:2510} INFO - Exporting env vars: AIRFLOW_CTX_DAG_OWNER='vutt' AIRFLOW_CTX_DAG_ID='context' AIRFLOW_CTX_TASK_ID='print_ds' AIRFLOW_CTX_EXECUTION_DATE='2024-01-16T00:00:00+00:00' AIRFLOW_CTX_TRY_NUMBER='1' AIRFLOW_CTX_DAG_RUN_ID='scheduled__2024-01-16T00:00:00+00:00'
[2024-02-29T16:12:02.814+0000] {logging_mixin.py:188} INFO - 2024-01-16
[2024-02-29T16:12:02.814+0000] {python.py:202} INFO - Done. Returned value was: None
[2024-02-29T16:12:02.839+0000] {taskinstance.py:1149} INFO - Marking task as SUCCESS. dag_id=context, task_id=print_ds, execution_date=20240116T000000, start_date=20240229T161202, end_date=20240229T161202
[2024-02-29T16:12:02.863+0000] {local_task_job_runner.py:234} INFO - Task exited with return code 0
[2024-02-29T16:12:02.893+0000] {taskinstance.py:3309} INFO - 0 downstream tasks scheduled from follow-on schedule check
