[2024-03-01T15:47:41.273+0000] {logging_mixin.py:188} INFO - Changing /opt/***/logs/dag_id=pool/run_id=scheduled__2024-01-06T00:00:00+00:00/task_id=task_2 permission to 509
[2024-03-01T15:47:41.276+0000] {logging_mixin.py:188} INFO - Changing /opt/***/logs/dag_id=pool/run_id=scheduled__2024-01-06T00:00:00+00:00 permission to 509
[2024-03-01T15:47:41.278+0000] {logging_mixin.py:188} INFO - Changing /opt/***/logs/dag_id=pool permission to 509
[2024-03-01T15:47:41.281+0000] {logging_mixin.py:188} INFO - Changing /opt/***/logs permission to 509
[2024-03-01T15:47:41.359+0000] {logging_mixin.py:188} INFO - Changing /opt/***/logs/dag_id=pool/run_id=scheduled__2024-01-06T00:00:00+00:00/task_id=task_2 permission to 509
[2024-03-01T15:47:41.362+0000] {logging_mixin.py:188} INFO - Changing /opt/***/logs/dag_id=pool/run_id=scheduled__2024-01-06T00:00:00+00:00 permission to 509
[2024-03-01T15:47:41.365+0000] {logging_mixin.py:188} INFO - Changing /opt/***/logs/dag_id=pool permission to 509
[2024-03-01T15:47:41.368+0000] {logging_mixin.py:188} INFO - Changing /opt/***/logs permission to 509
[2024-03-01T15:47:41.419+0000] {taskinstance.py:1979} INFO - Dependencies all met for dep_context=non-requeueable deps ti=<TaskInstance: pool.task_2 scheduled__2024-01-06T00:00:00+00:00 [queued]>
[2024-03-01T15:47:41.428+0000] {taskinstance.py:1979} INFO - Dependencies all met for dep_context=requeueable deps ti=<TaskInstance: pool.task_2 scheduled__2024-01-06T00:00:00+00:00 [queued]>
[2024-03-01T15:47:41.428+0000] {taskinstance.py:2193} INFO - Starting attempt 1 of 3
[2024-03-01T15:47:41.463+0000] {taskinstance.py:2214} INFO - Executing <Task(BashOperator): task_2> on 2024-01-06 00:00:00+00:00
[2024-03-01T15:47:41.467+0000] {standard_task_runner.py:60} INFO - Started process 862 to run task
[2024-03-01T15:47:41.469+0000] {standard_task_runner.py:87} INFO - Running: ['***', 'tasks', 'run', 'pool', 'task_2', 'scheduled__2024-01-06T00:00:00+00:00', '--job-id', '206', '--raw', '--subdir', 'DAGS_FOLDER/pool.py', '--cfg-path', '/tmp/tmpg0_ed8j1']
[2024-03-01T15:47:41.470+0000] {standard_task_runner.py:88} INFO - Job 206: Subtask task_2
[2024-03-01T15:47:41.569+0000] {logging_mixin.py:188} INFO - Changing /opt/***/logs/dag_id=pool/run_id=scheduled__2024-01-06T00:00:00+00:00/task_id=task_2 permission to 509
[2024-03-01T15:47:41.571+0000] {logging_mixin.py:188} INFO - Changing /opt/***/logs/dag_id=pool/run_id=scheduled__2024-01-06T00:00:00+00:00 permission to 509
[2024-03-01T15:47:41.572+0000] {logging_mixin.py:188} INFO - Changing /opt/***/logs/dag_id=pool permission to 509
[2024-03-01T15:47:41.574+0000] {logging_mixin.py:188} INFO - Changing /opt/***/logs permission to 509
[2024-03-01T15:47:41.576+0000] {task_command.py:423} INFO - Running <TaskInstance: pool.task_2 scheduled__2024-01-06T00:00:00+00:00 [running]> on host 68829ac68ce6
[2024-03-01T15:47:41.734+0000] {taskinstance.py:2510} INFO - Exporting env vars: AIRFLOW_CTX_DAG_OWNER='vutt' AIRFLOW_CTX_DAG_ID='pool' AIRFLOW_CTX_TASK_ID='task_2' AIRFLOW_CTX_EXECUTION_DATE='2024-01-06T00:00:00+00:00' AIRFLOW_CTX_TRY_NUMBER='1' AIRFLOW_CTX_DAG_RUN_ID='scheduled__2024-01-06T00:00:00+00:00'
[2024-03-01T15:47:41.735+0000] {subprocess.py:63} INFO - Tmp dir root location: /tmp
[2024-03-01T15:47:41.736+0000] {subprocess.py:75} INFO - Running command: ['/usr/bin/bash', '-c', 'echo task_2']
[2024-03-01T15:47:41.743+0000] {subprocess.py:86} INFO - Output:
[2024-03-01T15:47:41.744+0000] {subprocess.py:93} INFO - task_2
[2024-03-01T15:47:41.744+0000] {subprocess.py:97} INFO - Command exited with return code 0
[2024-03-01T15:47:41.807+0000] {taskinstance.py:1149} INFO - Marking task as SUCCESS. dag_id=pool, task_id=task_2, execution_date=20240106T000000, start_date=20240301T154741, end_date=20240301T154741
[2024-03-01T15:47:41.842+0000] {local_task_job_runner.py:234} INFO - Task exited with return code 0
[2024-03-01T15:47:41.886+0000] {taskinstance.py:3309} INFO - 1 downstream tasks scheduled from follow-on schedule check
