[2024-02-28T04:32:26.253+0000] {temporal.py:60} INFO - trigger starting
[2024-02-28T04:32:26.256+0000] {temporal.py:64} INFO - 299 seconds remaining; sleeping 60 seconds
[2024-02-28T04:33:26.258+0000] {temporal.py:64} INFO - 239 seconds remaining; sleeping 60 seconds
[2024-02-28T04:34:26.265+0000] {temporal.py:64} INFO - 179 seconds remaining; sleeping 60 seconds
[2024-02-28T04:35:26.267+0000] {temporal.py:64} INFO - 119 seconds remaining; sleeping 10 seconds
[2024-02-28T04:35:36.264+0000] {temporal.py:64} INFO - 109 seconds remaining; sleeping 10 seconds
[2024-02-28T04:35:46.265+0000] {temporal.py:64} INFO - 99 seconds remaining; sleeping 10 seconds
[2024-02-28T04:35:56.266+0000] {temporal.py:64} INFO - 89 seconds remaining; sleeping 10 seconds
[2024-02-28T04:36:06.271+0000] {temporal.py:64} INFO - 79 seconds remaining; sleeping 10 seconds
[2024-02-28T04:36:16.274+0000] {temporal.py:64} INFO - 69 seconds remaining; sleeping 10 seconds
[2024-02-28T04:36:26.276+0000] {temporal.py:64} INFO - 59 seconds remaining; sleeping 10 seconds
[2024-02-28T04:36:36.279+0000] {temporal.py:64} INFO - 49 seconds remaining; sleeping 10 seconds
[2024-02-28T04:36:46.281+0000] {temporal.py:64} INFO - 39 seconds remaining; sleeping 10 seconds
[2024-02-28T04:36:56.282+0000] {temporal.py:64} INFO - 29 seconds remaining; sleeping 10 seconds
[2024-02-28T04:37:06.284+0000] {temporal.py:69} INFO - sleeping 1 second...
[2024-02-28T04:37:07.286+0000] {temporal.py:69} INFO - sleeping 1 second...
[2024-02-28T04:37:08.288+0000] {temporal.py:69} INFO - sleeping 1 second...
[2024-02-28T04:37:09.289+0000] {temporal.py:69} INFO - sleeping 1 second...
[2024-02-28T04:37:10.291+0000] {temporal.py:69} INFO - sleeping 1 second...
[2024-02-28T04:37:11.292+0000] {temporal.py:69} INFO - sleeping 1 second...
[2024-02-28T04:37:12.293+0000] {temporal.py:69} INFO - sleeping 1 second...
[2024-02-28T04:37:13.294+0000] {temporal.py:69} INFO - sleeping 1 second...
[2024-02-28T04:37:14.294+0000] {temporal.py:69} INFO - sleeping 1 second...
[2024-02-28T04:37:15.296+0000] {temporal.py:69} INFO - sleeping 1 second...
[2024-02-28T04:37:16.297+0000] {temporal.py:69} INFO - sleeping 1 second...
[2024-02-28T04:37:17.298+0000] {temporal.py:69} INFO - sleeping 1 second...
[2024-02-28T04:37:18.299+0000] {temporal.py:69} INFO - sleeping 1 second...
[2024-02-28T04:37:19.301+0000] {temporal.py:69} INFO - sleeping 1 second...
[2024-02-28T04:37:20.302+0000] {temporal.py:69} INFO - sleeping 1 second...
[2024-02-28T04:37:21.304+0000] {temporal.py:69} INFO - sleeping 1 second...
[2024-02-28T04:37:22.304+0000] {temporal.py:69} INFO - sleeping 1 second...
[2024-02-28T04:37:23.305+0000] {temporal.py:69} INFO - sleeping 1 second...
[2024-02-28T04:37:24.306+0000] {temporal.py:69} INFO - sleeping 1 second...
[2024-02-28T04:37:25.307+0000] {temporal.py:69} INFO - sleeping 1 second...
[2024-02-28T04:37:26.308+0000] {temporal.py:72} INFO - yielding event with payload DateTime(2024, 2, 28, 4, 37, 26, 81169, tzinfo=Timezone('UTC'))
[2024-02-28T04:37:26.310+0000] {triggerer_job_runner.py:602} INFO - Trigger deferrable_operator/manual__2024-02-28T04:32:25.413199+00:00/wait_event/-1/1 (ID 1) fired: TriggerEvent<DateTime(2024, 2, 28, 4, 37, 26, 81169, tzinfo=Timezone('UTC'))>
