[2024-02-29T16:12:02.235+0000] {logging_mixin.py:188} INFO - Changing /opt/***/logs/dag_id=context/run_id=scheduled__2024-01-15T00:00:00+00:00/task_id=print_ds permission to 509
[2024-02-29T16:12:02.240+0000] {logging_mixin.py:188} INFO - Changing /opt/***/logs/dag_id=context/run_id=scheduled__2024-01-15T00:00:00+00:00 permission to 509
[2024-02-29T16:12:02.243+0000] {logging_mixin.py:188} INFO - Changing /opt/***/logs/dag_id=context permission to 509
[2024-02-29T16:12:02.245+0000] {logging_mixin.py:188} INFO - Changing /opt/***/logs permission to 509
[2024-02-29T16:12:02.382+0000] {logging_mixin.py:188} INFO - Changing /opt/***/logs/dag_id=context/run_id=scheduled__2024-01-15T00:00:00+00:00/task_id=print_ds permission to 509
[2024-02-29T16:12:02.384+0000] {logging_mixin.py:188} INFO - Changing /opt/***/logs/dag_id=context/run_id=scheduled__2024-01-15T00:00:00+00:00 permission to 509
[2024-02-29T16:12:02.386+0000] {logging_mixin.py:188} INFO - Changing /opt/***/logs/dag_id=context permission to 509
[2024-02-29T16:12:02.388+0000] {logging_mixin.py:188} INFO - Changing /opt/***/logs permission to 509
[2024-02-29T16:12:02.429+0000] {taskinstance.py:1979} INFO - Dependencies all met for dep_context=non-requeueable deps ti=<TaskInstance: context.print_ds scheduled__2024-01-15T00:00:00+00:00 [queued]>
[2024-02-29T16:12:02.436+0000] {taskinstance.py:1979} INFO - Dependencies all met for dep_context=requeueable deps ti=<TaskInstance: context.print_ds scheduled__2024-01-15T00:00:00+00:00 [queued]>
[2024-02-29T16:12:02.437+0000] {taskinstance.py:2193} INFO - Starting attempt 1 of 3
[2024-02-29T16:12:02.455+0000] {taskinstance.py:2214} INFO - Executing <Task(PythonOperator): print_ds> on 2024-01-15 00:00:00+00:00
[2024-02-29T16:12:02.460+0000] {standard_task_runner.py:60} INFO - Started process 86 to run task
[2024-02-29T16:12:02.462+0000] {standard_task_runner.py:87} INFO - Running: ['***', 'tasks', 'run', 'context', 'print_ds', 'scheduled__2024-01-15T00:00:00+00:00', '--job-id', '96', '--raw', '--subdir', 'DAGS_FOLDER/context.py', '--cfg-path', '/tmp/tmpihktpwi7']
[2024-02-29T16:12:02.462+0000] {standard_task_runner.py:88} INFO - Job 96: Subtask print_ds
[2024-02-29T16:12:02.566+0000] {logging_mixin.py:188} INFO - Changing /opt/***/logs/dag_id=context/run_id=scheduled__2024-01-15T00:00:00+00:00/task_id=print_ds permission to 509
[2024-02-29T16:12:02.568+0000] {logging_mixin.py:188} INFO - Changing /opt/***/logs/dag_id=context/run_id=scheduled__2024-01-15T00:00:00+00:00 permission to 509
[2024-02-29T16:12:02.570+0000] {logging_mixin.py:188} INFO - Changing /opt/***/logs/dag_id=context permission to 509
[2024-02-29T16:12:02.571+0000] {logging_mixin.py:188} INFO - Changing /opt/***/logs permission to 509
[2024-02-29T16:12:02.573+0000] {task_command.py:423} INFO - Running <TaskInstance: context.print_ds scheduled__2024-01-15T00:00:00+00:00 [running]> on host 68829ac68ce6
[2024-02-29T16:12:02.735+0000] {taskinstance.py:2510} INFO - Exporting env vars: AIRFLOW_CTX_DAG_OWNER='vutt' AIRFLOW_CTX_DAG_ID='context' AIRFLOW_CTX_TASK_ID='print_ds' AIRFLOW_CTX_EXECUTION_DATE='2024-01-15T00:00:00+00:00' AIRFLOW_CTX_TRY_NUMBER='1' AIRFLOW_CTX_DAG_RUN_ID='scheduled__2024-01-15T00:00:00+00:00'
[2024-02-29T16:12:02.736+0000] {logging_mixin.py:188} INFO - 2024-01-15
[2024-02-29T16:12:02.736+0000] {python.py:202} INFO - Done. Returned value was: None
[2024-02-29T16:12:02.755+0000] {taskinstance.py:1149} INFO - Marking task as SUCCESS. dag_id=context, task_id=print_ds, execution_date=20240115T000000, start_date=20240229T161202, end_date=20240229T161202
[2024-02-29T16:12:02.794+0000] {local_task_job_runner.py:234} INFO - Task exited with return code 0
[2024-02-29T16:12:02.822+0000] {taskinstance.py:3309} INFO - 0 downstream tasks scheduled from follow-on schedule check
