[2024-02-27T16:13:06.864+0000] {taskinstance.py:1979} INFO - Dependencies all met for dep_context=non-requeueable deps ti=<TaskInstance: python_operator.print_external_argument scheduled__2024-01-03T03:00:00+00:00 [queued]>
[2024-02-27T16:13:06.871+0000] {taskinstance.py:1979} INFO - Dependencies all met for dep_context=requeueable deps ti=<TaskInstance: python_operator.print_external_argument scheduled__2024-01-03T03:00:00+00:00 [queued]>
[2024-02-27T16:13:06.871+0000] {taskinstance.py:2193} INFO - Starting attempt 1 of 3
[2024-02-27T16:13:06.881+0000] {taskinstance.py:2214} INFO - Executing <Task(PythonOperator): print_external_argument> on 2024-01-03 03:00:00+00:00
[2024-02-27T16:13:06.884+0000] {standard_task_runner.py:60} INFO - Started process 102 to run task
[2024-02-27T16:13:06.886+0000] {standard_task_runner.py:87} INFO - Running: ['***', 'tasks', 'run', 'python_operator', 'print_external_argument', 'scheduled__2024-01-03T03:00:00+00:00', '--job-id', '21', '--raw', '--subdir', 'DAGS_FOLDER/python_operator.py', '--cfg-path', '/tmp/tmp6e0harzy']
[2024-02-27T16:13:06.887+0000] {standard_task_runner.py:88} INFO - Job 21: Subtask print_external_argument
[2024-02-27T16:13:06.970+0000] {task_command.py:423} INFO - Running <TaskInstance: python_operator.print_external_argument scheduled__2024-01-03T03:00:00+00:00 [running]> on host 1927bc465fbc
[2024-02-27T16:13:07.115+0000] {taskinstance.py:2510} INFO - Exporting env vars: AIRFLOW_CTX_DAG_OWNER='vutt' AIRFLOW_CTX_DAG_ID='python_operator' AIRFLOW_CTX_TASK_ID='print_external_argument' AIRFLOW_CTX_EXECUTION_DATE='2024-01-03T03:00:00+00:00' AIRFLOW_CTX_TRY_NUMBER='1' AIRFLOW_CTX_DAG_RUN_ID='scheduled__2024-01-03T03:00:00+00:00'
[2024-02-27T16:13:07.117+0000] {logging_mixin.py:188} INFO - vutt
[2024-02-27T16:13:07.117+0000] {python.py:202} INFO - Done. Returned value was: None
[2024-02-27T16:13:07.138+0000] {taskinstance.py:1149} INFO - Marking task as SUCCESS. dag_id=python_operator, task_id=print_external_argument, execution_date=20240103T030000, start_date=20240227T161306, end_date=20240227T161307
[2024-02-27T16:13:07.179+0000] {local_task_job_runner.py:234} INFO - Task exited with return code 0
[2024-02-27T16:13:07.206+0000] {taskinstance.py:3309} INFO - 0 downstream tasks scheduled from follow-on schedule check
[2024-02-27T16:13:47.273+0000] {taskinstance.py:1979} INFO - Dependencies all met for dep_context=non-requeueable deps ti=<TaskInstance: python_operator.print_external_argument scheduled__2024-01-03T03:00:00+00:00 [queued]>
[2024-02-27T16:13:47.281+0000] {taskinstance.py:1979} INFO - Dependencies all met for dep_context=requeueable deps ti=<TaskInstance: python_operator.print_external_argument scheduled__2024-01-03T03:00:00+00:00 [queued]>
[2024-02-27T16:13:47.281+0000] {taskinstance.py:2193} INFO - Starting attempt 1 of 3
[2024-02-27T16:13:47.291+0000] {taskinstance.py:2214} INFO - Executing <Task(PythonOperator): print_external_argument> on 2024-01-03 03:00:00+00:00
[2024-02-27T16:13:47.295+0000] {standard_task_runner.py:60} INFO - Started process 68 to run task
[2024-02-27T16:13:47.297+0000] {standard_task_runner.py:87} INFO - Running: ['***', 'tasks', 'run', 'python_operator', 'print_external_argument', 'scheduled__2024-01-03T03:00:00+00:00', '--job-id', '30', '--raw', '--subdir', 'DAGS_FOLDER/python_operator.py', '--cfg-path', '/tmp/tmpwkmcbvsa']
[2024-02-27T16:13:47.298+0000] {standard_task_runner.py:88} INFO - Job 30: Subtask print_external_argument
[2024-02-27T16:13:47.383+0000] {task_command.py:423} INFO - Running <TaskInstance: python_operator.print_external_argument scheduled__2024-01-03T03:00:00+00:00 [running]> on host 1927bc465fbc
[2024-02-27T16:13:47.523+0000] {taskinstance.py:2510} INFO - Exporting env vars: AIRFLOW_CTX_DAG_OWNER='vutt' AIRFLOW_CTX_DAG_ID='python_operator' AIRFLOW_CTX_TASK_ID='print_external_argument' AIRFLOW_CTX_EXECUTION_DATE='2024-01-03T03:00:00+00:00' AIRFLOW_CTX_TRY_NUMBER='1' AIRFLOW_CTX_DAG_RUN_ID='scheduled__2024-01-03T03:00:00+00:00'
[2024-02-27T16:13:47.524+0000] {logging_mixin.py:188} INFO - vutt
[2024-02-27T16:13:47.525+0000] {python.py:202} INFO - Done. Returned value was: None
[2024-02-27T16:13:47.544+0000] {taskinstance.py:1149} INFO - Marking task as SUCCESS. dag_id=python_operator, task_id=print_external_argument, execution_date=20240103T030000, start_date=20240227T161347, end_date=20240227T161347
[2024-02-27T16:13:47.590+0000] {local_task_job_runner.py:234} INFO - Task exited with return code 0
[2024-02-27T16:13:47.616+0000] {taskinstance.py:3309} INFO - 0 downstream tasks scheduled from follow-on schedule check
