[2024-02-29T16:42:19.506+0000] {logging_mixin.py:188} INFO - Changing /opt/***/logs/dag_id=xcom/run_id=scheduled__2024-01-01T00:00:00+00:00/task_id=xcom_push permission to 509
[2024-02-29T16:42:19.507+0000] {logging_mixin.py:188} INFO - Changing /opt/***/logs/dag_id=xcom/run_id=scheduled__2024-01-01T00:00:00+00:00 permission to 509
[2024-02-29T16:42:19.509+0000] {logging_mixin.py:188} INFO - Changing /opt/***/logs/dag_id=xcom permission to 509
[2024-02-29T16:42:19.510+0000] {logging_mixin.py:188} INFO - Changing /opt/***/logs permission to 509
[2024-02-29T16:42:19.571+0000] {logging_mixin.py:188} INFO - Changing /opt/***/logs/dag_id=xcom/run_id=scheduled__2024-01-01T00:00:00+00:00/task_id=xcom_push permission to 509
[2024-02-29T16:42:19.572+0000] {logging_mixin.py:188} INFO - Changing /opt/***/logs/dag_id=xcom/run_id=scheduled__2024-01-01T00:00:00+00:00 permission to 509
[2024-02-29T16:42:19.574+0000] {logging_mixin.py:188} INFO - Changing /opt/***/logs/dag_id=xcom permission to 509
[2024-02-29T16:42:19.575+0000] {logging_mixin.py:188} INFO - Changing /opt/***/logs permission to 509
[2024-02-29T16:42:19.612+0000] {taskinstance.py:1979} INFO - Dependencies all met for dep_context=non-requeueable deps ti=<TaskInstance: xcom.xcom_push scheduled__2024-01-01T00:00:00+00:00 [queued]>
[2024-02-29T16:42:19.620+0000] {taskinstance.py:1979} INFO - Dependencies all met for dep_context=requeueable deps ti=<TaskInstance: xcom.xcom_push scheduled__2024-01-01T00:00:00+00:00 [queued]>
[2024-02-29T16:42:19.620+0000] {taskinstance.py:2193} INFO - Starting attempt 1 of 3
[2024-02-29T16:42:19.630+0000] {taskinstance.py:2214} INFO - Executing <Task(PythonOperator): xcom_push> on 2024-01-01 00:00:00+00:00
[2024-02-29T16:42:19.634+0000] {standard_task_runner.py:60} INFO - Started process 548 to run task
[2024-02-29T16:42:19.636+0000] {standard_task_runner.py:87} INFO - Running: ['***', 'tasks', 'run', 'xcom', 'xcom_push', 'scheduled__2024-01-01T00:00:00+00:00', '--job-id', '117', '--raw', '--subdir', 'DAGS_FOLDER/xcom.py', '--cfg-path', '/tmp/tmp9r_5rstk']
[2024-02-29T16:42:19.637+0000] {standard_task_runner.py:88} INFO - Job 117: Subtask xcom_push
[2024-02-29T16:42:19.703+0000] {logging_mixin.py:188} INFO - Changing /opt/***/logs/dag_id=xcom/run_id=scheduled__2024-01-01T00:00:00+00:00/task_id=xcom_push permission to 509
[2024-02-29T16:42:19.704+0000] {logging_mixin.py:188} INFO - Changing /opt/***/logs/dag_id=xcom/run_id=scheduled__2024-01-01T00:00:00+00:00 permission to 509
[2024-02-29T16:42:19.705+0000] {logging_mixin.py:188} INFO - Changing /opt/***/logs/dag_id=xcom permission to 509
[2024-02-29T16:42:19.706+0000] {logging_mixin.py:188} INFO - Changing /opt/***/logs permission to 509
[2024-02-29T16:42:19.707+0000] {task_command.py:423} INFO - Running <TaskInstance: xcom.xcom_push scheduled__2024-01-01T00:00:00+00:00 [running]> on host 68829ac68ce6
[2024-02-29T16:42:19.838+0000] {taskinstance.py:2510} INFO - Exporting env vars: AIRFLOW_CTX_DAG_OWNER='vutt' AIRFLOW_CTX_DAG_ID='xcom' AIRFLOW_CTX_TASK_ID='xcom_push' AIRFLOW_CTX_EXECUTION_DATE='2024-01-01T00:00:00+00:00' AIRFLOW_CTX_TRY_NUMBER='1' AIRFLOW_CTX_DAG_RUN_ID='scheduled__2024-01-01T00:00:00+00:00'
[2024-02-29T16:42:19.864+0000] {python.py:202} INFO - Done. Returned value was: None
[2024-02-29T16:42:19.886+0000] {taskinstance.py:1149} INFO - Marking task as SUCCESS. dag_id=xcom, task_id=xcom_push, execution_date=20240101T000000, start_date=20240229T164219, end_date=20240229T164219
[2024-02-29T16:42:19.929+0000] {local_task_job_runner.py:234} INFO - Task exited with return code 0
[2024-02-29T16:42:19.954+0000] {taskinstance.py:3309} INFO - 1 downstream tasks scheduled from follow-on schedule check
