[2024-03-01T15:47:38.874+0000] {logging_mixin.py:188} INFO - Changing /opt/***/logs/dag_id=pool/run_id=scheduled__2024-01-04T00:00:00+00:00/task_id=task_7 permission to 509
[2024-03-01T15:47:38.876+0000] {logging_mixin.py:188} INFO - Changing /opt/***/logs/dag_id=pool/run_id=scheduled__2024-01-04T00:00:00+00:00 permission to 509
[2024-03-01T15:47:38.878+0000] {logging_mixin.py:188} INFO - Changing /opt/***/logs/dag_id=pool permission to 509
[2024-03-01T15:47:38.881+0000] {logging_mixin.py:188} INFO - Changing /opt/***/logs permission to 509
[2024-03-01T15:47:38.956+0000] {logging_mixin.py:188} INFO - Changing /opt/***/logs/dag_id=pool/run_id=scheduled__2024-01-04T00:00:00+00:00/task_id=task_7 permission to 509
[2024-03-01T15:47:38.959+0000] {logging_mixin.py:188} INFO - Changing /opt/***/logs/dag_id=pool/run_id=scheduled__2024-01-04T00:00:00+00:00 permission to 509
[2024-03-01T15:47:38.961+0000] {logging_mixin.py:188} INFO - Changing /opt/***/logs/dag_id=pool permission to 509
[2024-03-01T15:47:38.964+0000] {logging_mixin.py:188} INFO - Changing /opt/***/logs permission to 509
[2024-03-01T15:47:39.008+0000] {taskinstance.py:1979} INFO - Dependencies all met for dep_context=non-requeueable deps ti=<TaskInstance: pool.task_7 scheduled__2024-01-04T00:00:00+00:00 [queued]>
[2024-03-01T15:47:39.016+0000] {taskinstance.py:1979} INFO - Dependencies all met for dep_context=requeueable deps ti=<TaskInstance: pool.task_7 scheduled__2024-01-04T00:00:00+00:00 [queued]>
[2024-03-01T15:47:39.017+0000] {taskinstance.py:2193} INFO - Starting attempt 1 of 3
[2024-03-01T15:47:39.058+0000] {taskinstance.py:2214} INFO - Executing <Task(BashOperator): task_7> on 2024-01-04 00:00:00+00:00
[2024-03-01T15:47:39.062+0000] {standard_task_runner.py:60} INFO - Started process 832 to run task
[2024-03-01T15:47:39.063+0000] {standard_task_runner.py:87} INFO - Running: ['***', 'tasks', 'run', 'pool', 'task_7', 'scheduled__2024-01-04T00:00:00+00:00', '--job-id', '194', '--raw', '--subdir', 'DAGS_FOLDER/pool.py', '--cfg-path', '/tmp/tmpxh_ko5bk']
[2024-03-01T15:47:39.064+0000] {standard_task_runner.py:88} INFO - Job 194: Subtask task_7
[2024-03-01T15:47:39.169+0000] {logging_mixin.py:188} INFO - Changing /opt/***/logs/dag_id=pool/run_id=scheduled__2024-01-04T00:00:00+00:00/task_id=task_7 permission to 509
[2024-03-01T15:47:39.170+0000] {logging_mixin.py:188} INFO - Changing /opt/***/logs/dag_id=pool/run_id=scheduled__2024-01-04T00:00:00+00:00 permission to 509
[2024-03-01T15:47:39.171+0000] {logging_mixin.py:188} INFO - Changing /opt/***/logs/dag_id=pool permission to 509
[2024-03-01T15:47:39.173+0000] {logging_mixin.py:188} INFO - Changing /opt/***/logs permission to 509
[2024-03-01T15:47:39.174+0000] {task_command.py:423} INFO - Running <TaskInstance: pool.task_7 scheduled__2024-01-04T00:00:00+00:00 [running]> on host 68829ac68ce6
[2024-03-01T15:47:39.348+0000] {taskinstance.py:2510} INFO - Exporting env vars: AIRFLOW_CTX_DAG_OWNER='vutt' AIRFLOW_CTX_DAG_ID='pool' AIRFLOW_CTX_TASK_ID='task_7' AIRFLOW_CTX_EXECUTION_DATE='2024-01-04T00:00:00+00:00' AIRFLOW_CTX_TRY_NUMBER='1' AIRFLOW_CTX_DAG_RUN_ID='scheduled__2024-01-04T00:00:00+00:00'
[2024-03-01T15:47:39.349+0000] {subprocess.py:63} INFO - Tmp dir root location: /tmp
[2024-03-01T15:47:39.350+0000] {subprocess.py:75} INFO - Running command: ['/usr/bin/bash', '-c', 'echo task_7']
[2024-03-01T15:47:39.359+0000] {subprocess.py:86} INFO - Output:
[2024-03-01T15:47:39.360+0000] {subprocess.py:93} INFO - task_7
[2024-03-01T15:47:39.361+0000] {subprocess.py:97} INFO - Command exited with return code 0
[2024-03-01T15:47:39.431+0000] {taskinstance.py:1149} INFO - Marking task as SUCCESS. dag_id=pool, task_id=task_7, execution_date=20240104T000000, start_date=20240301T154739, end_date=20240301T154739
[2024-03-01T15:47:39.476+0000] {local_task_job_runner.py:234} INFO - Task exited with return code 0
[2024-03-01T15:47:39.528+0000] {taskinstance.py:3309} INFO - 0 downstream tasks scheduled from follow-on schedule check
