[2024-03-01T15:47:27.340+0000] {logging_mixin.py:188} INFO - Changing /opt/***/logs/dag_id=pool/run_id=scheduled__2024-01-04T00:00:00+00:00/task_id=task_9 permission to 509
[2024-03-01T15:47:27.343+0000] {logging_mixin.py:188} INFO - Changing /opt/***/logs/dag_id=pool/run_id=scheduled__2024-01-04T00:00:00+00:00 permission to 509
[2024-03-01T15:47:27.346+0000] {logging_mixin.py:188} INFO - Changing /opt/***/logs/dag_id=pool permission to 509
[2024-03-01T15:47:27.349+0000] {logging_mixin.py:188} INFO - Changing /opt/***/logs permission to 509
[2024-03-01T15:47:27.415+0000] {logging_mixin.py:188} INFO - Changing /opt/***/logs/dag_id=pool/run_id=scheduled__2024-01-04T00:00:00+00:00/task_id=task_9 permission to 509
[2024-03-01T15:47:27.417+0000] {logging_mixin.py:188} INFO - Changing /opt/***/logs/dag_id=pool/run_id=scheduled__2024-01-04T00:00:00+00:00 permission to 509
[2024-03-01T15:47:27.420+0000] {logging_mixin.py:188} INFO - Changing /opt/***/logs/dag_id=pool permission to 509
[2024-03-01T15:47:27.421+0000] {logging_mixin.py:188} INFO - Changing /opt/***/logs permission to 509
[2024-03-01T15:47:27.474+0000] {taskinstance.py:1979} INFO - Dependencies all met for dep_context=non-requeueable deps ti=<TaskInstance: pool.task_9 scheduled__2024-01-04T00:00:00+00:00 [queued]>
[2024-03-01T15:47:27.483+0000] {taskinstance.py:1979} INFO - Dependencies all met for dep_context=requeueable deps ti=<TaskInstance: pool.task_9 scheduled__2024-01-04T00:00:00+00:00 [queued]>
[2024-03-01T15:47:27.484+0000] {taskinstance.py:2193} INFO - Starting attempt 1 of 3
[2024-03-01T15:47:27.495+0000] {taskinstance.py:2214} INFO - Executing <Task(BashOperator): task_9> on 2024-01-04 00:00:00+00:00
[2024-03-01T15:47:27.499+0000] {standard_task_runner.py:60} INFO - Started process 727 to run task
[2024-03-01T15:47:27.501+0000] {standard_task_runner.py:87} INFO - Running: ['***', 'tasks', 'run', 'pool', 'task_9', 'scheduled__2024-01-04T00:00:00+00:00', '--job-id', '160', '--raw', '--subdir', 'DAGS_FOLDER/pool.py', '--cfg-path', '/tmp/tmpnjwl7k_s']
[2024-03-01T15:47:27.502+0000] {standard_task_runner.py:88} INFO - Job 160: Subtask task_9
[2024-03-01T15:47:27.603+0000] {logging_mixin.py:188} INFO - Changing /opt/***/logs/dag_id=pool/run_id=scheduled__2024-01-04T00:00:00+00:00/task_id=task_9 permission to 509
[2024-03-01T15:47:27.604+0000] {logging_mixin.py:188} INFO - Changing /opt/***/logs/dag_id=pool/run_id=scheduled__2024-01-04T00:00:00+00:00 permission to 509
[2024-03-01T15:47:27.605+0000] {logging_mixin.py:188} INFO - Changing /opt/***/logs/dag_id=pool permission to 509
[2024-03-01T15:47:27.607+0000] {logging_mixin.py:188} INFO - Changing /opt/***/logs permission to 509
[2024-03-01T15:47:27.609+0000] {task_command.py:423} INFO - Running <TaskInstance: pool.task_9 scheduled__2024-01-04T00:00:00+00:00 [running]> on host 68829ac68ce6
[2024-03-01T15:47:27.774+0000] {taskinstance.py:2510} INFO - Exporting env vars: AIRFLOW_CTX_DAG_OWNER='vutt' AIRFLOW_CTX_DAG_ID='pool' AIRFLOW_CTX_TASK_ID='task_9' AIRFLOW_CTX_EXECUTION_DATE='2024-01-04T00:00:00+00:00' AIRFLOW_CTX_TRY_NUMBER='1' AIRFLOW_CTX_DAG_RUN_ID='scheduled__2024-01-04T00:00:00+00:00'
[2024-03-01T15:47:27.775+0000] {subprocess.py:63} INFO - Tmp dir root location: /tmp
[2024-03-01T15:47:27.776+0000] {subprocess.py:75} INFO - Running command: ['/usr/bin/bash', '-c', 'echo task_9']
[2024-03-01T15:47:27.783+0000] {subprocess.py:86} INFO - Output:
[2024-03-01T15:47:27.784+0000] {subprocess.py:93} INFO - task_9
[2024-03-01T15:47:27.785+0000] {subprocess.py:97} INFO - Command exited with return code 0
[2024-03-01T15:47:27.850+0000] {taskinstance.py:1149} INFO - Marking task as SUCCESS. dag_id=pool, task_id=task_9, execution_date=20240104T000000, start_date=20240301T154727, end_date=20240301T154727
[2024-03-01T15:47:27.915+0000] {local_task_job_runner.py:234} INFO - Task exited with return code 0
[2024-03-01T15:47:27.953+0000] {taskinstance.py:3309} INFO - 0 downstream tasks scheduled from follow-on schedule check
