[2024-02-27T16:13:05.589+0000] {taskinstance.py:1979} INFO - Dependencies all met for dep_context=non-requeueable deps ti=<TaskInstance: python_operator.print_external_argument scheduled__2024-01-02T03:00:00+00:00 [queued]>
[2024-02-27T16:13:05.597+0000] {taskinstance.py:1979} INFO - Dependencies all met for dep_context=requeueable deps ti=<TaskInstance: python_operator.print_external_argument scheduled__2024-01-02T03:00:00+00:00 [queued]>
[2024-02-27T16:13:05.597+0000] {taskinstance.py:2193} INFO - Starting attempt 1 of 3
[2024-02-27T16:13:05.635+0000] {taskinstance.py:2214} INFO - Executing <Task(PythonOperator): print_external_argument> on 2024-01-02 03:00:00+00:00
[2024-02-27T16:13:05.639+0000] {standard_task_runner.py:60} INFO - Started process 99 to run task
[2024-02-27T16:13:05.644+0000] {standard_task_runner.py:87} INFO - Running: ['***', 'tasks', 'run', 'python_operator', 'print_external_argument', 'scheduled__2024-01-02T03:00:00+00:00', '--job-id', '20', '--raw', '--subdir', 'DAGS_FOLDER/python_operator.py', '--cfg-path', '/tmp/tmpbxon2m8f']
[2024-02-27T16:13:05.645+0000] {standard_task_runner.py:88} INFO - Job 20: Subtask print_external_argument
[2024-02-27T16:13:05.726+0000] {task_command.py:423} INFO - Running <TaskInstance: python_operator.print_external_argument scheduled__2024-01-02T03:00:00+00:00 [running]> on host 1927bc465fbc
[2024-02-27T16:13:05.849+0000] {taskinstance.py:2510} INFO - Exporting env vars: AIRFLOW_CTX_DAG_OWNER='vutt' AIRFLOW_CTX_DAG_ID='python_operator' AIRFLOW_CTX_TASK_ID='print_external_argument' AIRFLOW_CTX_EXECUTION_DATE='2024-01-02T03:00:00+00:00' AIRFLOW_CTX_TRY_NUMBER='1' AIRFLOW_CTX_DAG_RUN_ID='scheduled__2024-01-02T03:00:00+00:00'
[2024-02-27T16:13:05.850+0000] {logging_mixin.py:188} INFO - vutt
[2024-02-27T16:13:05.851+0000] {python.py:202} INFO - Done. Returned value was: None
[2024-02-27T16:13:05.873+0000] {taskinstance.py:1149} INFO - Marking task as SUCCESS. dag_id=python_operator, task_id=print_external_argument, execution_date=20240102T030000, start_date=20240227T161305, end_date=20240227T161305
[2024-02-27T16:13:05.895+0000] {local_task_job_runner.py:234} INFO - Task exited with return code 0
[2024-02-27T16:13:05.923+0000] {taskinstance.py:3309} INFO - 0 downstream tasks scheduled from follow-on schedule check
[2024-02-27T16:13:45.727+0000] {taskinstance.py:1979} INFO - Dependencies all met for dep_context=non-requeueable deps ti=<TaskInstance: python_operator.print_external_argument scheduled__2024-01-02T03:00:00+00:00 [queued]>
[2024-02-27T16:13:45.734+0000] {taskinstance.py:1979} INFO - Dependencies all met for dep_context=requeueable deps ti=<TaskInstance: python_operator.print_external_argument scheduled__2024-01-02T03:00:00+00:00 [queued]>
[2024-02-27T16:13:45.735+0000] {taskinstance.py:2193} INFO - Starting attempt 1 of 3
[2024-02-27T16:13:45.751+0000] {taskinstance.py:2214} INFO - Executing <Task(PythonOperator): print_external_argument> on 2024-01-02 03:00:00+00:00
[2024-02-27T16:13:45.755+0000] {standard_task_runner.py:60} INFO - Started process 65 to run task
[2024-02-27T16:13:45.758+0000] {standard_task_runner.py:87} INFO - Running: ['***', 'tasks', 'run', 'python_operator', 'print_external_argument', 'scheduled__2024-01-02T03:00:00+00:00', '--job-id', '29', '--raw', '--subdir', 'DAGS_FOLDER/python_operator.py', '--cfg-path', '/tmp/tmpicfmylcu']
[2024-02-27T16:13:45.760+0000] {standard_task_runner.py:88} INFO - Job 29: Subtask print_external_argument
[2024-02-27T16:13:45.838+0000] {task_command.py:423} INFO - Running <TaskInstance: python_operator.print_external_argument scheduled__2024-01-02T03:00:00+00:00 [running]> on host 1927bc465fbc
[2024-02-27T16:13:45.976+0000] {taskinstance.py:2510} INFO - Exporting env vars: AIRFLOW_CTX_DAG_OWNER='vutt' AIRFLOW_CTX_DAG_ID='python_operator' AIRFLOW_CTX_TASK_ID='print_external_argument' AIRFLOW_CTX_EXECUTION_DATE='2024-01-02T03:00:00+00:00' AIRFLOW_CTX_TRY_NUMBER='1' AIRFLOW_CTX_DAG_RUN_ID='scheduled__2024-01-02T03:00:00+00:00'
[2024-02-27T16:13:45.976+0000] {logging_mixin.py:188} INFO - vutt
[2024-02-27T16:13:45.977+0000] {python.py:202} INFO - Done. Returned value was: None
[2024-02-27T16:13:45.996+0000] {taskinstance.py:1149} INFO - Marking task as SUCCESS. dag_id=python_operator, task_id=print_external_argument, execution_date=20240102T030000, start_date=20240227T161345, end_date=20240227T161345
[2024-02-27T16:13:46.050+0000] {local_task_job_runner.py:234} INFO - Task exited with return code 0
[2024-02-27T16:13:46.078+0000] {taskinstance.py:3309} INFO - 0 downstream tasks scheduled from follow-on schedule check
