[2024-02-28T04:48:56.475+0000] {logging_mixin.py:188} INFO - Changing /opt/***/logs/dag_id=deferrable_operator/run_id=manual__2024-02-28T04:48:55.332431+00:00/task_id=wait_event permission to 509
[2024-02-28T04:48:56.477+0000] {logging_mixin.py:188} INFO - Changing /opt/***/logs/dag_id=deferrable_operator/run_id=manual__2024-02-28T04:48:55.332431+00:00 permission to 509
[2024-02-28T04:48:56.477+0000] {logging_mixin.py:188} INFO - Changing /opt/***/logs/dag_id=deferrable_operator permission to 509
[2024-02-28T04:48:56.478+0000] {logging_mixin.py:188} INFO - Changing /opt/***/logs permission to 509
[2024-02-28T04:48:56.545+0000] {logging_mixin.py:188} INFO - Changing /opt/***/logs/dag_id=deferrable_operator/run_id=manual__2024-02-28T04:48:55.332431+00:00/task_id=wait_event permission to 509
[2024-02-28T04:48:56.546+0000] {logging_mixin.py:188} INFO - Changing /opt/***/logs/dag_id=deferrable_operator/run_id=manual__2024-02-28T04:48:55.332431+00:00 permission to 509
[2024-02-28T04:48:56.546+0000] {logging_mixin.py:188} INFO - Changing /opt/***/logs/dag_id=deferrable_operator permission to 509
[2024-02-28T04:48:56.547+0000] {logging_mixin.py:188} INFO - Changing /opt/***/logs permission to 509
[2024-02-28T04:48:56.578+0000] {taskinstance.py:1979} INFO - Dependencies all met for dep_context=non-requeueable deps ti=<TaskInstance: deferrable_operator.wait_event manual__2024-02-28T04:48:55.332431+00:00 [queued]>
[2024-02-28T04:48:56.584+0000] {taskinstance.py:1979} INFO - Dependencies all met for dep_context=requeueable deps ti=<TaskInstance: deferrable_operator.wait_event manual__2024-02-28T04:48:55.332431+00:00 [queued]>
[2024-02-28T04:48:56.584+0000] {taskinstance.py:2193} INFO - Starting attempt 1 of 3
[2024-02-28T04:48:56.592+0000] {taskinstance.py:2214} INFO - Executing <Task(WaitAMinuteTrigger): wait_event> on 2024-02-28 04:48:55.332431+00:00
[2024-02-28T04:48:56.596+0000] {standard_task_runner.py:60} INFO - Started process 2331 to run task
[2024-02-28T04:48:56.597+0000] {standard_task_runner.py:87} INFO - Running: ['***', 'tasks', 'run', 'deferrable_operator', 'wait_event', 'manual__2024-02-28T04:48:55.332431+00:00', '--job-id', '67', '--raw', '--subdir', 'DAGS_FOLDER/deferrable_operator.py', '--cfg-path', '/tmp/tmp7mgr6ngj']
[2024-02-28T04:48:56.599+0000] {standard_task_runner.py:88} INFO - Job 67: Subtask wait_event
[2024-02-28T04:48:56.655+0000] {logging_mixin.py:188} INFO - Changing /opt/***/logs/dag_id=deferrable_operator/run_id=manual__2024-02-28T04:48:55.332431+00:00/task_id=wait_event permission to 509
[2024-02-28T04:48:56.656+0000] {logging_mixin.py:188} INFO - Changing /opt/***/logs/dag_id=deferrable_operator/run_id=manual__2024-02-28T04:48:55.332431+00:00 permission to 509
[2024-02-28T04:48:56.656+0000] {logging_mixin.py:188} INFO - Changing /opt/***/logs/dag_id=deferrable_operator permission to 509
[2024-02-28T04:48:56.657+0000] {logging_mixin.py:188} INFO - Changing /opt/***/logs permission to 509
[2024-02-28T04:48:56.658+0000] {task_command.py:423} INFO - Running <TaskInstance: deferrable_operator.wait_event manual__2024-02-28T04:48:55.332431+00:00 [running]> on host 68829ac68ce6
[2024-02-28T04:48:56.768+0000] {taskinstance.py:2510} INFO - Exporting env vars: AIRFLOW_CTX_DAG_OWNER='vutt' AIRFLOW_CTX_DAG_ID='deferrable_operator' AIRFLOW_CTX_TASK_ID='wait_event' AIRFLOW_CTX_EXECUTION_DATE='2024-02-28T04:48:55.332431+00:00' AIRFLOW_CTX_TRY_NUMBER='1' AIRFLOW_CTX_DAG_RUN_ID='manual__2024-02-28T04:48:55.332431+00:00'
[2024-02-28T04:48:56.790+0000] {taskinstance.py:2367} INFO - Pausing task as DEFERRED. dag_id=deferrable_operator, task_id=wait_event, execution_date=20240228T044855, start_date=20240228T044856
[2024-02-28T04:48:56.810+0000] {local_task_job_runner.py:231} INFO - Task exited with return code 100 (task deferral)
[2024-02-28T04:49:57.934+0000] {logging_mixin.py:188} INFO - Changing /opt/***/logs/dag_id=deferrable_operator/run_id=manual__2024-02-28T04:48:55.332431+00:00/task_id=wait_event permission to 509
[2024-02-28T04:49:57.935+0000] {logging_mixin.py:188} INFO - Changing /opt/***/logs/dag_id=deferrable_operator/run_id=manual__2024-02-28T04:48:55.332431+00:00 permission to 509
[2024-02-28T04:49:57.936+0000] {logging_mixin.py:188} INFO - Changing /opt/***/logs/dag_id=deferrable_operator permission to 509
[2024-02-28T04:49:57.937+0000] {logging_mixin.py:188} INFO - Changing /opt/***/logs permission to 509
[2024-02-28T04:49:58.040+0000] {logging_mixin.py:188} INFO - Changing /opt/***/logs/dag_id=deferrable_operator/run_id=manual__2024-02-28T04:48:55.332431+00:00/task_id=wait_event permission to 509
[2024-02-28T04:49:58.041+0000] {logging_mixin.py:188} INFO - Changing /opt/***/logs/dag_id=deferrable_operator/run_id=manual__2024-02-28T04:48:55.332431+00:00 permission to 509
[2024-02-28T04:49:58.042+0000] {logging_mixin.py:188} INFO - Changing /opt/***/logs/dag_id=deferrable_operator permission to 509
[2024-02-28T04:49:58.043+0000] {logging_mixin.py:188} INFO - Changing /opt/***/logs permission to 509
[2024-02-28T04:49:58.095+0000] {taskinstance.py:1979} INFO - Dependencies all met for dep_context=non-requeueable deps ti=<TaskInstance: deferrable_operator.wait_event manual__2024-02-28T04:48:55.332431+00:00 [queued]>
[2024-02-28T04:49:58.100+0000] {taskinstance.py:1979} INFO - Dependencies all met for dep_context=requeueable deps ti=<TaskInstance: deferrable_operator.wait_event manual__2024-02-28T04:48:55.332431+00:00 [queued]>
[2024-02-28T04:49:58.100+0000] {taskinstance.py:2191} INFO - Resuming after deferral
[2024-02-28T04:49:58.108+0000] {taskinstance.py:2214} INFO - Executing <Task(WaitAMinuteTrigger): wait_event> on 2024-02-28 04:48:55.332431+00:00
[2024-02-28T04:49:58.111+0000] {standard_task_runner.py:60} INFO - Started process 2347 to run task
[2024-02-28T04:49:58.113+0000] {standard_task_runner.py:87} INFO - Running: ['***', 'tasks', 'run', 'deferrable_operator', 'wait_event', 'manual__2024-02-28T04:48:55.332431+00:00', '--job-id', '68', '--raw', '--subdir', 'DAGS_FOLDER/deferrable_operator.py', '--cfg-path', '/tmp/tmpd4g9ql57']
[2024-02-28T04:49:58.114+0000] {standard_task_runner.py:88} INFO - Job 68: Subtask wait_event
[2024-02-28T04:49:58.198+0000] {logging_mixin.py:188} INFO - Changing /opt/***/logs/dag_id=deferrable_operator/run_id=manual__2024-02-28T04:48:55.332431+00:00/task_id=wait_event permission to 509
[2024-02-28T04:49:58.199+0000] {logging_mixin.py:188} INFO - Changing /opt/***/logs/dag_id=deferrable_operator/run_id=manual__2024-02-28T04:48:55.332431+00:00 permission to 509
[2024-02-28T04:49:58.200+0000] {logging_mixin.py:188} INFO - Changing /opt/***/logs/dag_id=deferrable_operator permission to 509
[2024-02-28T04:49:58.201+0000] {logging_mixin.py:188} INFO - Changing /opt/***/logs permission to 509
[2024-02-28T04:49:58.202+0000] {task_command.py:423} INFO - Running <TaskInstance: deferrable_operator.wait_event manual__2024-02-28T04:48:55.332431+00:00 [running]> on host 68829ac68ce6
[2024-02-28T04:49:58.314+0000] {taskinstance.py:2728} ERROR - Task failed with exception
Traceback (most recent call last):
  File "/home/airflow/.local/lib/python3.11/site-packages/airflow/models/taskinstance.py", line 444, in _execute_task
    result = _execute_callable(context=context, **execute_callable_kwargs)
             ^^^^^^^^^^^^^^^^^^^^^^^^^^^^^^^^^^^^^^^^^^^^^^^^^^^^^^^^^^^^^
  File "/home/airflow/.local/lib/python3.11/site-packages/airflow/models/taskinstance.py", line 414, in _execute_callable
    return execute_callable(context=context, **execute_callable_kwargs)
           ^^^^^^^^^^^^^^^^^^^^^^^^^^^^^^^^^^^^^^^^^^^^^^^^^^^^^^^^^^^^
  File "/home/airflow/.local/lib/python3.11/site-packages/airflow/sensors/base.py", line 300, in resume_execution
    return super().resume_execution(next_method, next_kwargs, context)
           ^^^^^^^^^^^^^^^^^^^^^^^^^^^^^^^^^^^^^^^^^^^^^^^^^^^^^^^^^^^
  File "/home/airflow/.local/lib/python3.11/site-packages/airflow/models/baseoperator.py", line 1604, in resume_execution
    return execute_callable(context)
           ^^^^^^^^^^^^^^^^^^^^^^^^^
TypeError: WaitAMinuteTrigger.execute_complete() got an unexpected keyword argument 'event'
[2024-02-28T04:49:58.329+0000] {taskinstance.py:1149} INFO - Marking task as UP_FOR_RETRY. dag_id=deferrable_operator, task_id=wait_event, execution_date=20240228T044855, start_date=20240228T044856, end_date=20240228T044958
[2024-02-28T04:49:58.339+0000] {standard_task_runner.py:107} ERROR - Failed to execute job 68 for task wait_event (WaitAMinuteTrigger.execute_complete() got an unexpected keyword argument 'event'; 2347)
[2024-02-28T04:49:58.365+0000] {local_task_job_runner.py:234} INFO - Task exited with return code 1
[2024-02-28T04:49:58.399+0000] {taskinstance.py:3309} INFO - 0 downstream tasks scheduled from follow-on schedule check
