[2024-02-28T04:48:58.346+0000] {temporal.py:60} INFO - trigger starting
[2024-02-28T04:48:58.346+0000] {temporal.py:64} INFO - 58 seconds remaining; sleeping 10 seconds
[2024-02-28T04:49:08.346+0000] {temporal.py:64} INFO - 48 seconds remaining; sleeping 10 seconds
[2024-02-28T04:49:18.348+0000] {temporal.py:64} INFO - 38 seconds remaining; sleeping 10 seconds
[2024-02-28T04:49:28.350+0000] {temporal.py:64} INFO - 28 seconds remaining; sleeping 10 seconds
[2024-02-28T04:49:38.355+0000] {temporal.py:69} INFO - sleeping 1 second...
[2024-02-28T04:49:39.356+0000] {temporal.py:69} INFO - sleeping 1 second...
[2024-02-28T04:49:40.356+0000] {temporal.py:69} INFO - sleeping 1 second...
[2024-02-28T04:49:41.357+0000] {temporal.py:69} INFO - sleeping 1 second...
[2024-02-28T04:49:42.359+0000] {temporal.py:69} INFO - sleeping 1 second...
[2024-02-28T04:49:43.359+0000] {temporal.py:69} INFO - sleeping 1 second...
[2024-02-28T04:49:44.361+0000] {temporal.py:69} INFO - sleeping 1 second...
[2024-02-28T04:49:45.363+0000] {temporal.py:69} INFO - sleeping 1 second...
[2024-02-28T04:49:46.364+0000] {temporal.py:69} INFO - sleeping 1 second...
[2024-02-28T04:49:47.365+0000] {temporal.py:69} INFO - sleeping 1 second...
[2024-02-28T04:49:48.366+0000] {temporal.py:69} INFO - sleeping 1 second...
[2024-02-28T04:49:49.367+0000] {temporal.py:69} INFO - sleeping 1 second...
[2024-02-28T04:49:50.369+0000] {temporal.py:69} INFO - sleeping 1 second...
[2024-02-28T04:49:51.370+0000] {temporal.py:69} INFO - sleeping 1 second...
[2024-02-28T04:49:52.371+0000] {temporal.py:69} INFO - sleeping 1 second...
[2024-02-28T04:49:53.374+0000] {temporal.py:69} INFO - sleeping 1 second...
[2024-02-28T04:49:54.375+0000] {temporal.py:69} INFO - sleeping 1 second...
[2024-02-28T04:49:55.376+0000] {temporal.py:69} INFO - sleeping 1 second...
[2024-02-28T04:49:56.378+0000] {temporal.py:69} INFO - sleeping 1 second...
[2024-02-28T04:49:57.380+0000] {temporal.py:72} INFO - yielding event with payload DateTime(2024, 2, 28, 4, 49, 56, 769593, tzinfo=Timezone('UTC'))
[2024-02-28T04:49:57.381+0000] {triggerer_job_runner.py:602} INFO - Trigger deferrable_operator/manual__2024-02-28T04:48:55.332431+00:00/wait_event/-1/1 (ID 3) fired: TriggerEvent<DateTime(2024, 2, 28, 4, 49, 56, 769593, tzinfo=Timezone('UTC'))>
