[2024-02-28T02:26:26.712+0000] {logging_mixin.py:188} INFO - Changing /opt/***/logs/dag_id=params/run_id=manual__2024-02-28T02:26:20+00:00/task_id=print_sum permission to 509
[2024-02-28T02:26:26.716+0000] {logging_mixin.py:188} INFO - Changing /opt/***/logs/dag_id=params/run_id=manual__2024-02-28T02:26:20+00:00 permission to 509
[2024-02-28T02:26:26.716+0000] {logging_mixin.py:188} INFO - Changing /opt/***/logs/dag_id=params permission to 509
[2024-02-28T02:26:26.717+0000] {logging_mixin.py:188} INFO - Changing /opt/***/logs permission to 509
[2024-02-28T02:26:26.790+0000] {logging_mixin.py:188} INFO - Changing /opt/***/logs/dag_id=params/run_id=manual__2024-02-28T02:26:20+00:00/task_id=print_sum permission to 509
[2024-02-28T02:26:26.793+0000] {logging_mixin.py:188} INFO - Changing /opt/***/logs/dag_id=params/run_id=manual__2024-02-28T02:26:20+00:00 permission to 509
[2024-02-28T02:26:26.794+0000] {logging_mixin.py:188} INFO - Changing /opt/***/logs/dag_id=params permission to 509
[2024-02-28T02:26:26.795+0000] {logging_mixin.py:188} INFO - Changing /opt/***/logs permission to 509
[2024-02-28T02:26:26.834+0000] {taskinstance.py:1979} INFO - Dependencies all met for dep_context=non-requeueable deps ti=<TaskInstance: params.print_sum manual__2024-02-28T02:26:20+00:00 [queued]>
[2024-02-28T02:26:26.840+0000] {taskinstance.py:1979} INFO - Dependencies all met for dep_context=requeueable deps ti=<TaskInstance: params.print_sum manual__2024-02-28T02:26:20+00:00 [queued]>
[2024-02-28T02:26:26.840+0000] {taskinstance.py:2193} INFO - Starting attempt 1 of 3
[2024-02-28T02:26:26.853+0000] {taskinstance.py:2214} INFO - Executing <Task(PythonOperator): print_sum> on 2024-02-28 02:26:20+00:00
[2024-02-28T02:26:26.858+0000] {standard_task_runner.py:60} INFO - Started process 392 to run task
[2024-02-28T02:26:26.862+0000] {standard_task_runner.py:87} INFO - Running: ['***', 'tasks', 'run', 'params', 'print_sum', 'manual__2024-02-28T02:26:20+00:00', '--job-id', '58', '--raw', '--subdir', 'DAGS_FOLDER/params.py', '--cfg-path', '/tmp/tmpo4985w3c']
[2024-02-28T02:26:26.864+0000] {standard_task_runner.py:88} INFO - Job 58: Subtask print_sum
[2024-02-28T02:26:26.938+0000] {logging_mixin.py:188} INFO - Changing /opt/***/logs/dag_id=params/run_id=manual__2024-02-28T02:26:20+00:00/task_id=print_sum permission to 509
[2024-02-28T02:26:26.939+0000] {logging_mixin.py:188} INFO - Changing /opt/***/logs/dag_id=params/run_id=manual__2024-02-28T02:26:20+00:00 permission to 509
[2024-02-28T02:26:26.941+0000] {logging_mixin.py:188} INFO - Changing /opt/***/logs/dag_id=params permission to 509
[2024-02-28T02:26:26.942+0000] {logging_mixin.py:188} INFO - Changing /opt/***/logs permission to 509
[2024-02-28T02:26:26.943+0000] {task_command.py:423} INFO - Running <TaskInstance: params.print_sum manual__2024-02-28T02:26:20+00:00 [running]> on host 68829ac68ce6
[2024-02-28T02:26:27.050+0000] {taskinstance.py:2510} INFO - Exporting env vars: AIRFLOW_CTX_DAG_OWNER='vutt' AIRFLOW_CTX_DAG_ID='params' AIRFLOW_CTX_TASK_ID='print_sum' AIRFLOW_CTX_EXECUTION_DATE='2024-02-28T02:26:20+00:00' AIRFLOW_CTX_TRY_NUMBER='1' AIRFLOW_CTX_DAG_RUN_ID='manual__2024-02-28T02:26:20+00:00'
[2024-02-28T02:26:27.050+0000] {logging_mixin.py:188} INFO - 2
[2024-02-28T02:26:27.051+0000] {python.py:202} INFO - Done. Returned value was: None
[2024-02-28T02:26:27.068+0000] {taskinstance.py:1149} INFO - Marking task as SUCCESS. dag_id=params, task_id=print_sum, execution_date=20240228T022620, start_date=20240228T022626, end_date=20240228T022627
[2024-02-28T02:26:27.115+0000] {local_task_job_runner.py:234} INFO - Task exited with return code 0
[2024-02-28T02:26:27.145+0000] {taskinstance.py:3309} INFO - 0 downstream tasks scheduled from follow-on schedule check
