[2024-03-01T15:47:30.426+0000] {logging_mixin.py:188} INFO - Changing /opt/***/logs/dag_id=pool/run_id=scheduled__2024-01-06T00:00:00+00:00/task_id=task_1 permission to 509
[2024-03-01T15:47:30.429+0000] {logging_mixin.py:188} INFO - Changing /opt/***/logs/dag_id=pool/run_id=scheduled__2024-01-06T00:00:00+00:00 permission to 509
[2024-03-01T15:47:30.432+0000] {logging_mixin.py:188} INFO - Changing /opt/***/logs/dag_id=pool permission to 509
[2024-03-01T15:47:30.435+0000] {logging_mixin.py:188} INFO - Changing /opt/***/logs permission to 509
[2024-03-01T15:47:30.510+0000] {logging_mixin.py:188} INFO - Changing /opt/***/logs/dag_id=pool/run_id=scheduled__2024-01-06T00:00:00+00:00/task_id=task_1 permission to 509
[2024-03-01T15:47:30.515+0000] {logging_mixin.py:188} INFO - Changing /opt/***/logs/dag_id=pool/run_id=scheduled__2024-01-06T00:00:00+00:00 permission to 509
[2024-03-01T15:47:30.521+0000] {logging_mixin.py:188} INFO - Changing /opt/***/logs/dag_id=pool permission to 509
[2024-03-01T15:47:30.523+0000] {logging_mixin.py:188} INFO - Changing /opt/***/logs permission to 509
[2024-03-01T15:47:30.580+0000] {taskinstance.py:1979} INFO - Dependencies all met for dep_context=non-requeueable deps ti=<TaskInstance: pool.task_1 scheduled__2024-01-06T00:00:00+00:00 [queued]>
[2024-03-01T15:47:30.590+0000] {taskinstance.py:1979} INFO - Dependencies all met for dep_context=requeueable deps ti=<TaskInstance: pool.task_1 scheduled__2024-01-06T00:00:00+00:00 [queued]>
[2024-03-01T15:47:30.591+0000] {taskinstance.py:2193} INFO - Starting attempt 1 of 3
[2024-03-01T15:47:30.629+0000] {taskinstance.py:2214} INFO - Executing <Task(BashOperator): task_1> on 2024-01-06 00:00:00+00:00
[2024-03-01T15:47:30.634+0000] {standard_task_runner.py:60} INFO - Started process 760 to run task
[2024-03-01T15:47:30.637+0000] {standard_task_runner.py:87} INFO - Running: ['***', 'tasks', 'run', 'pool', 'task_1', 'scheduled__2024-01-06T00:00:00+00:00', '--job-id', '173', '--raw', '--subdir', 'DAGS_FOLDER/pool.py', '--cfg-path', '/tmp/tmp2k4hndir']
[2024-03-01T15:47:30.638+0000] {standard_task_runner.py:88} INFO - Job 173: Subtask task_1
[2024-03-01T15:47:30.745+0000] {logging_mixin.py:188} INFO - Changing /opt/***/logs/dag_id=pool/run_id=scheduled__2024-01-06T00:00:00+00:00/task_id=task_1 permission to 509
[2024-03-01T15:47:30.747+0000] {logging_mixin.py:188} INFO - Changing /opt/***/logs/dag_id=pool/run_id=scheduled__2024-01-06T00:00:00+00:00 permission to 509
[2024-03-01T15:47:30.748+0000] {logging_mixin.py:188} INFO - Changing /opt/***/logs/dag_id=pool permission to 509
[2024-03-01T15:47:30.749+0000] {logging_mixin.py:188} INFO - Changing /opt/***/logs permission to 509
[2024-03-01T15:47:30.751+0000] {task_command.py:423} INFO - Running <TaskInstance: pool.task_1 scheduled__2024-01-06T00:00:00+00:00 [running]> on host 68829ac68ce6
[2024-03-01T15:47:30.907+0000] {taskinstance.py:2510} INFO - Exporting env vars: AIRFLOW_CTX_DAG_OWNER='vutt' AIRFLOW_CTX_DAG_ID='pool' AIRFLOW_CTX_TASK_ID='task_1' AIRFLOW_CTX_EXECUTION_DATE='2024-01-06T00:00:00+00:00' AIRFLOW_CTX_TRY_NUMBER='1' AIRFLOW_CTX_DAG_RUN_ID='scheduled__2024-01-06T00:00:00+00:00'
[2024-03-01T15:47:30.908+0000] {subprocess.py:63} INFO - Tmp dir root location: /tmp
[2024-03-01T15:47:30.908+0000] {subprocess.py:75} INFO - Running command: ['/usr/bin/bash', '-c', 'echo task_1']
[2024-03-01T15:47:30.919+0000] {subprocess.py:86} INFO - Output:
[2024-03-01T15:47:30.921+0000] {subprocess.py:93} INFO - task_1
[2024-03-01T15:47:30.921+0000] {subprocess.py:97} INFO - Command exited with return code 0
[2024-03-01T15:47:30.985+0000] {taskinstance.py:1149} INFO - Marking task as SUCCESS. dag_id=pool, task_id=task_1, execution_date=20240106T000000, start_date=20240301T154730, end_date=20240301T154730
[2024-03-01T15:47:31.009+0000] {local_task_job_runner.py:234} INFO - Task exited with return code 0
[2024-03-01T15:47:31.049+0000] {taskinstance.py:3309} INFO - 0 downstream tasks scheduled from follow-on schedule check
