[2024-04-25T15:22:33.104+0000] {processor.py:161} INFO - Started process (PID=51) to work on /opt/airflow/dags/bash_operator.py
[2024-04-25T15:22:33.105+0000] {processor.py:830} INFO - Processing file /opt/airflow/dags/bash_operator.py for tasks to queue
[2024-04-25T15:22:33.107+0000] {logging_mixin.py:188} INFO - [2024-04-25T15:22:33.106+0000] {dagbag.py:540} INFO - Filling up the DagBag from /opt/airflow/dags/bash_operator.py
[2024-04-25T15:22:33.123+0000] {processor.py:840} INFO - DAG(s) 'bash_operator' retrieved from /opt/airflow/dags/bash_operator.py
[2024-04-25T15:22:33.153+0000] {logging_mixin.py:188} INFO - [2024-04-25T15:22:33.153+0000] {dag.py:3047} INFO - Sync 1 DAGs
[2024-04-25T15:22:33.176+0000] {logging_mixin.py:188} INFO - [2024-04-25T15:22:33.176+0000] {dag.py:3834} INFO - Setting next_dagrun for bash_operator to None, run_after=None
[2024-04-25T15:22:33.197+0000] {processor.py:183} INFO - Processing /opt/airflow/dags/bash_operator.py took 0.096 seconds
[2024-04-25T15:27:44.531+0000] {processor.py:161} INFO - Started process (PID=51) to work on /opt/airflow/dags/bash_operator.py
[2024-04-25T15:27:44.531+0000] {processor.py:830} INFO - Processing file /opt/airflow/dags/bash_operator.py for tasks to queue
[2024-04-25T15:27:44.533+0000] {logging_mixin.py:188} INFO - [2024-04-25T15:27:44.533+0000] {dagbag.py:540} INFO - Filling up the DagBag from /opt/airflow/dags/bash_operator.py
[2024-04-25T15:27:44.549+0000] {processor.py:840} INFO - DAG(s) 'bash_operator' retrieved from /opt/airflow/dags/bash_operator.py
[2024-04-25T15:27:44.579+0000] {logging_mixin.py:188} INFO - [2024-04-25T15:27:44.579+0000] {dag.py:3047} INFO - Sync 1 DAGs
[2024-04-25T15:27:44.600+0000] {logging_mixin.py:188} INFO - [2024-04-25T15:27:44.600+0000] {dag.py:3834} INFO - Setting next_dagrun for bash_operator to None, run_after=None
[2024-04-25T15:27:44.624+0000] {processor.py:183} INFO - Processing /opt/airflow/dags/bash_operator.py took 0.096 seconds
[2024-04-25T15:28:14.727+0000] {processor.py:161} INFO - Started process (PID=72) to work on /opt/airflow/dags/bash_operator.py
[2024-04-25T15:28:14.727+0000] {processor.py:830} INFO - Processing file /opt/airflow/dags/bash_operator.py for tasks to queue
[2024-04-25T15:28:14.729+0000] {logging_mixin.py:188} INFO - [2024-04-25T15:28:14.728+0000] {dagbag.py:540} INFO - Filling up the DagBag from /opt/airflow/dags/bash_operator.py
[2024-04-25T15:28:14.741+0000] {processor.py:840} INFO - DAG(s) 'bash_operator' retrieved from /opt/airflow/dags/bash_operator.py
[2024-04-25T15:28:14.769+0000] {logging_mixin.py:188} INFO - [2024-04-25T15:28:14.769+0000] {dag.py:3047} INFO - Sync 1 DAGs
[2024-04-25T15:28:14.788+0000] {logging_mixin.py:188} INFO - [2024-04-25T15:28:14.788+0000] {dag.py:3834} INFO - Setting next_dagrun for bash_operator to None, run_after=None
[2024-04-25T15:28:14.803+0000] {processor.py:183} INFO - Processing /opt/airflow/dags/bash_operator.py took 0.079 seconds
[2024-04-25T15:28:45.093+0000] {processor.py:161} INFO - Started process (PID=93) to work on /opt/airflow/dags/bash_operator.py
[2024-04-25T15:28:45.094+0000] {processor.py:830} INFO - Processing file /opt/airflow/dags/bash_operator.py for tasks to queue
[2024-04-25T15:28:45.095+0000] {logging_mixin.py:188} INFO - [2024-04-25T15:28:45.095+0000] {dagbag.py:540} INFO - Filling up the DagBag from /opt/airflow/dags/bash_operator.py
[2024-04-25T15:28:45.119+0000] {processor.py:840} INFO - DAG(s) 'bash_operator' retrieved from /opt/airflow/dags/bash_operator.py
[2024-04-25T15:28:45.142+0000] {logging_mixin.py:188} INFO - [2024-04-25T15:28:45.141+0000] {dag.py:3047} INFO - Sync 1 DAGs
[2024-04-25T15:28:45.169+0000] {logging_mixin.py:188} INFO - [2024-04-25T15:28:45.169+0000] {dag.py:3834} INFO - Setting next_dagrun for bash_operator to None, run_after=None
[2024-04-25T15:28:45.183+0000] {processor.py:183} INFO - Processing /opt/airflow/dags/bash_operator.py took 0.092 seconds
[2024-04-25T15:29:15.429+0000] {processor.py:161} INFO - Started process (PID=114) to work on /opt/airflow/dags/bash_operator.py
[2024-04-25T15:29:15.430+0000] {processor.py:830} INFO - Processing file /opt/airflow/dags/bash_operator.py for tasks to queue
[2024-04-25T15:29:15.432+0000] {logging_mixin.py:188} INFO - [2024-04-25T15:29:15.432+0000] {dagbag.py:540} INFO - Filling up the DagBag from /opt/airflow/dags/bash_operator.py
[2024-04-25T15:29:15.446+0000] {processor.py:840} INFO - DAG(s) 'bash_operator' retrieved from /opt/airflow/dags/bash_operator.py
[2024-04-25T15:29:15.471+0000] {logging_mixin.py:188} INFO - [2024-04-25T15:29:15.471+0000] {dag.py:3047} INFO - Sync 1 DAGs
[2024-04-25T15:29:15.489+0000] {logging_mixin.py:188} INFO - [2024-04-25T15:29:15.489+0000] {dag.py:3834} INFO - Setting next_dagrun for bash_operator to None, run_after=None
[2024-04-25T15:29:15.503+0000] {processor.py:183} INFO - Processing /opt/airflow/dags/bash_operator.py took 0.076 seconds
