[2024-04-25T15:22:31.807+0000] {processor.py:161} INFO - Started process (PID=40) to work on /opt/airflow/dags/branch_python_operator.py
[2024-04-25T15:22:31.808+0000] {processor.py:830} INFO - Processing file /opt/airflow/dags/branch_python_operator.py for tasks to queue
[2024-04-25T15:22:31.911+0000] {logging_mixin.py:188} INFO - [2024-04-25T15:22:31.910+0000] {dagbag.py:540} INFO - Filling up the DagBag from /opt/airflow/dags/branch_python_operator.py
[2024-04-25T15:22:31.924+0000] {processor.py:840} INFO - DAG(s) 'branch_python_operator' retrieved from /opt/airflow/dags/branch_python_operator.py
[2024-04-25T15:22:31.948+0000] {logging_mixin.py:188} INFO - [2024-04-25T15:22:31.947+0000] {dag.py:3047} INFO - Sync 1 DAGs
[2024-04-25T15:22:31.956+0000] {logging_mixin.py:188} INFO - [2024-04-25T15:22:31.956+0000] {dag.py:3834} INFO - Setting next_dagrun for branch_python_operator to None, run_after=None
[2024-04-25T15:22:31.970+0000] {processor.py:183} INFO - Processing /opt/airflow/dags/branch_python_operator.py took 0.165 seconds
[2024-04-25T15:27:43.886+0000] {processor.py:161} INFO - Started process (PID=40) to work on /opt/airflow/dags/branch_python_operator.py
[2024-04-25T15:27:43.886+0000] {processor.py:830} INFO - Processing file /opt/airflow/dags/branch_python_operator.py for tasks to queue
[2024-04-25T15:27:43.888+0000] {logging_mixin.py:188} INFO - [2024-04-25T15:27:43.887+0000] {dagbag.py:540} INFO - Filling up the DagBag from /opt/airflow/dags/branch_python_operator.py
[2024-04-25T15:27:43.903+0000] {processor.py:840} INFO - DAG(s) 'branch_python_operator' retrieved from /opt/airflow/dags/branch_python_operator.py
[2024-04-25T15:27:43.931+0000] {logging_mixin.py:188} INFO - [2024-04-25T15:27:43.931+0000] {dag.py:3047} INFO - Sync 1 DAGs
[2024-04-25T15:27:43.941+0000] {logging_mixin.py:188} INFO - [2024-04-25T15:27:43.941+0000] {dag.py:3834} INFO - Setting next_dagrun for branch_python_operator to None, run_after=None
[2024-04-25T15:27:43.954+0000] {processor.py:183} INFO - Processing /opt/airflow/dags/branch_python_operator.py took 0.071 seconds
[2024-04-25T15:28:14.154+0000] {processor.py:161} INFO - Started process (PID=61) to work on /opt/airflow/dags/branch_python_operator.py
[2024-04-25T15:28:14.155+0000] {processor.py:830} INFO - Processing file /opt/airflow/dags/branch_python_operator.py for tasks to queue
[2024-04-25T15:28:14.156+0000] {logging_mixin.py:188} INFO - [2024-04-25T15:28:14.156+0000] {dagbag.py:540} INFO - Filling up the DagBag from /opt/airflow/dags/branch_python_operator.py
[2024-04-25T15:28:14.174+0000] {processor.py:840} INFO - DAG(s) 'branch_python_operator' retrieved from /opt/airflow/dags/branch_python_operator.py
[2024-04-25T15:28:14.197+0000] {logging_mixin.py:188} INFO - [2024-04-25T15:28:14.197+0000] {dag.py:3047} INFO - Sync 1 DAGs
[2024-04-25T15:28:14.207+0000] {logging_mixin.py:188} INFO - [2024-04-25T15:28:14.207+0000] {dag.py:3834} INFO - Setting next_dagrun for branch_python_operator to None, run_after=None
[2024-04-25T15:28:14.221+0000] {processor.py:183} INFO - Processing /opt/airflow/dags/branch_python_operator.py took 0.069 seconds
[2024-04-25T15:28:44.481+0000] {processor.py:161} INFO - Started process (PID=82) to work on /opt/airflow/dags/branch_python_operator.py
[2024-04-25T15:28:44.482+0000] {processor.py:830} INFO - Processing file /opt/airflow/dags/branch_python_operator.py for tasks to queue
[2024-04-25T15:28:44.483+0000] {logging_mixin.py:188} INFO - [2024-04-25T15:28:44.483+0000] {dagbag.py:540} INFO - Filling up the DagBag from /opt/airflow/dags/branch_python_operator.py
[2024-04-25T15:28:44.497+0000] {processor.py:840} INFO - DAG(s) 'branch_python_operator' retrieved from /opt/airflow/dags/branch_python_operator.py
[2024-04-25T15:28:44.518+0000] {logging_mixin.py:188} INFO - [2024-04-25T15:28:44.518+0000] {dag.py:3047} INFO - Sync 1 DAGs
[2024-04-25T15:28:44.528+0000] {logging_mixin.py:188} INFO - [2024-04-25T15:28:44.528+0000] {dag.py:3834} INFO - Setting next_dagrun for branch_python_operator to None, run_after=None
[2024-04-25T15:28:44.546+0000] {processor.py:183} INFO - Processing /opt/airflow/dags/branch_python_operator.py took 0.067 seconds
[2024-04-25T15:29:14.835+0000] {processor.py:161} INFO - Started process (PID=103) to work on /opt/airflow/dags/branch_python_operator.py
[2024-04-25T15:29:14.836+0000] {processor.py:830} INFO - Processing file /opt/airflow/dags/branch_python_operator.py for tasks to queue
[2024-04-25T15:29:14.837+0000] {logging_mixin.py:188} INFO - [2024-04-25T15:29:14.837+0000] {dagbag.py:540} INFO - Filling up the DagBag from /opt/airflow/dags/branch_python_operator.py
[2024-04-25T15:29:14.850+0000] {processor.py:840} INFO - DAG(s) 'branch_python_operator' retrieved from /opt/airflow/dags/branch_python_operator.py
[2024-04-25T15:29:14.878+0000] {logging_mixin.py:188} INFO - [2024-04-25T15:29:14.878+0000] {dag.py:3047} INFO - Sync 1 DAGs
[2024-04-25T15:29:14.889+0000] {logging_mixin.py:188} INFO - [2024-04-25T15:29:14.888+0000] {dag.py:3834} INFO - Setting next_dagrun for branch_python_operator to None, run_after=None
[2024-04-25T15:29:14.903+0000] {processor.py:183} INFO - Processing /opt/airflow/dags/branch_python_operator.py took 0.070 seconds
