[2024-04-25T15:22:31.525+0000] {processor.py:161} INFO - Started process (PID=38) to work on /opt/airflow/dags/callback.py
[2024-04-25T15:22:31.526+0000] {processor.py:830} INFO - Processing file /opt/airflow/dags/callback.py for tasks to queue
[2024-04-25T15:22:31.527+0000] {logging_mixin.py:188} INFO - [2024-04-25T15:22:31.527+0000] {dagbag.py:540} INFO - Filling up the DagBag from /opt/airflow/dags/callback.py
[2024-04-25T15:22:31.547+0000] {processor.py:840} INFO - DAG(s) 'callback' retrieved from /opt/airflow/dags/callback.py
[2024-04-25T15:22:31.718+0000] {logging_mixin.py:188} INFO - [2024-04-25T15:22:31.717+0000] {dag.py:3047} INFO - Sync 1 DAGs
[2024-04-25T15:22:31.749+0000] {logging_mixin.py:188} INFO - [2024-04-25T15:22:31.749+0000] {dag.py:3834} INFO - Setting next_dagrun for callback to None, run_after=None
[2024-04-25T15:22:31.778+0000] {processor.py:183} INFO - Processing /opt/airflow/dags/callback.py took 0.257 seconds
[2024-04-25T15:27:43.611+0000] {processor.py:161} INFO - Started process (PID=38) to work on /opt/airflow/dags/callback.py
[2024-04-25T15:27:43.612+0000] {processor.py:830} INFO - Processing file /opt/airflow/dags/callback.py for tasks to queue
[2024-04-25T15:27:43.614+0000] {logging_mixin.py:188} INFO - [2024-04-25T15:27:43.614+0000] {dagbag.py:540} INFO - Filling up the DagBag from /opt/airflow/dags/callback.py
[2024-04-25T15:27:43.632+0000] {processor.py:840} INFO - DAG(s) 'callback' retrieved from /opt/airflow/dags/callback.py
[2024-04-25T15:27:43.829+0000] {logging_mixin.py:188} INFO - [2024-04-25T15:27:43.829+0000] {dag.py:3047} INFO - Sync 1 DAGs
[2024-04-25T15:27:43.839+0000] {logging_mixin.py:188} INFO - [2024-04-25T15:27:43.838+0000] {dag.py:3834} INFO - Setting next_dagrun for callback to None, run_after=None
[2024-04-25T15:27:43.861+0000] {processor.py:183} INFO - Processing /opt/airflow/dags/callback.py took 0.252 seconds
[2024-04-25T15:28:14.054+0000] {processor.py:161} INFO - Started process (PID=59) to work on /opt/airflow/dags/callback.py
[2024-04-25T15:28:14.055+0000] {processor.py:830} INFO - Processing file /opt/airflow/dags/callback.py for tasks to queue
[2024-04-25T15:28:14.056+0000] {logging_mixin.py:188} INFO - [2024-04-25T15:28:14.056+0000] {dagbag.py:540} INFO - Filling up the DagBag from /opt/airflow/dags/callback.py
[2024-04-25T15:28:14.072+0000] {processor.py:840} INFO - DAG(s) 'callback' retrieved from /opt/airflow/dags/callback.py
[2024-04-25T15:28:14.103+0000] {logging_mixin.py:188} INFO - [2024-04-25T15:28:14.102+0000] {dag.py:3047} INFO - Sync 1 DAGs
[2024-04-25T15:28:14.113+0000] {logging_mixin.py:188} INFO - [2024-04-25T15:28:14.113+0000] {dag.py:3834} INFO - Setting next_dagrun for callback to None, run_after=None
[2024-04-25T15:28:14.131+0000] {processor.py:183} INFO - Processing /opt/airflow/dags/callback.py took 0.079 seconds
[2024-04-25T15:28:44.377+0000] {processor.py:161} INFO - Started process (PID=80) to work on /opt/airflow/dags/callback.py
[2024-04-25T15:28:44.377+0000] {processor.py:830} INFO - Processing file /opt/airflow/dags/callback.py for tasks to queue
[2024-04-25T15:28:44.379+0000] {logging_mixin.py:188} INFO - [2024-04-25T15:28:44.379+0000] {dagbag.py:540} INFO - Filling up the DagBag from /opt/airflow/dags/callback.py
[2024-04-25T15:28:44.396+0000] {processor.py:840} INFO - DAG(s) 'callback' retrieved from /opt/airflow/dags/callback.py
[2024-04-25T15:28:44.428+0000] {logging_mixin.py:188} INFO - [2024-04-25T15:28:44.427+0000] {dag.py:3047} INFO - Sync 1 DAGs
[2024-04-25T15:28:44.438+0000] {logging_mixin.py:188} INFO - [2024-04-25T15:28:44.438+0000] {dag.py:3834} INFO - Setting next_dagrun for callback to None, run_after=None
[2024-04-25T15:28:44.456+0000] {processor.py:183} INFO - Processing /opt/airflow/dags/callback.py took 0.082 seconds
[2024-04-25T15:29:14.714+0000] {processor.py:161} INFO - Started process (PID=101) to work on /opt/airflow/dags/callback.py
[2024-04-25T15:29:14.715+0000] {processor.py:830} INFO - Processing file /opt/airflow/dags/callback.py for tasks to queue
[2024-04-25T15:29:14.720+0000] {logging_mixin.py:188} INFO - [2024-04-25T15:29:14.719+0000] {dagbag.py:540} INFO - Filling up the DagBag from /opt/airflow/dags/callback.py
[2024-04-25T15:29:14.751+0000] {processor.py:840} INFO - DAG(s) 'callback' retrieved from /opt/airflow/dags/callback.py
[2024-04-25T15:29:14.783+0000] {logging_mixin.py:188} INFO - [2024-04-25T15:29:14.783+0000] {dag.py:3047} INFO - Sync 1 DAGs
[2024-04-25T15:29:14.795+0000] {logging_mixin.py:188} INFO - [2024-04-25T15:29:14.795+0000] {dag.py:3834} INFO - Setting next_dagrun for callback to None, run_after=None
[2024-04-25T15:29:14.815+0000] {processor.py:183} INFO - Processing /opt/airflow/dags/callback.py took 0.103 seconds
