[2024-04-25T15:22:32.392+0000] {processor.py:161} INFO - Started process (PID=44) to work on /opt/airflow/dags/context.py
[2024-04-25T15:22:32.393+0000] {processor.py:830} INFO - Processing file /opt/airflow/dags/context.py for tasks to queue
[2024-04-25T15:22:32.394+0000] {logging_mixin.py:188} INFO - [2024-04-25T15:22:32.394+0000] {dagbag.py:540} INFO - Filling up the DagBag from /opt/airflow/dags/context.py
[2024-04-25T15:22:32.409+0000] {processor.py:840} INFO - DAG(s) 'context' retrieved from /opt/airflow/dags/context.py
[2024-04-25T15:22:32.439+0000] {logging_mixin.py:188} INFO - [2024-04-25T15:22:32.439+0000] {dag.py:3047} INFO - Sync 1 DAGs
[2024-04-25T15:22:32.462+0000] {logging_mixin.py:188} INFO - [2024-04-25T15:22:32.462+0000] {dag.py:3834} INFO - Setting next_dagrun for context to None, run_after=None
[2024-04-25T15:22:32.485+0000] {processor.py:183} INFO - Processing /opt/airflow/dags/context.py took 0.244 seconds
[2024-04-25T15:27:44.108+0000] {processor.py:161} INFO - Started process (PID=44) to work on /opt/airflow/dags/context.py
[2024-04-25T15:27:44.109+0000] {processor.py:830} INFO - Processing file /opt/airflow/dags/context.py for tasks to queue
[2024-04-25T15:27:44.111+0000] {logging_mixin.py:188} INFO - [2024-04-25T15:27:44.110+0000] {dagbag.py:540} INFO - Filling up the DagBag from /opt/airflow/dags/context.py
[2024-04-25T15:27:44.127+0000] {processor.py:840} INFO - DAG(s) 'context' retrieved from /opt/airflow/dags/context.py
[2024-04-25T15:27:44.157+0000] {logging_mixin.py:188} INFO - [2024-04-25T15:27:44.157+0000] {dag.py:3047} INFO - Sync 1 DAGs
[2024-04-25T15:27:44.179+0000] {logging_mixin.py:188} INFO - [2024-04-25T15:27:44.179+0000] {dag.py:3834} INFO - Setting next_dagrun for context to None, run_after=None
[2024-04-25T15:27:44.200+0000] {processor.py:183} INFO - Processing /opt/airflow/dags/context.py took 0.094 seconds
[2024-04-25T15:28:14.338+0000] {processor.py:161} INFO - Started process (PID=65) to work on /opt/airflow/dags/context.py
[2024-04-25T15:28:14.338+0000] {processor.py:830} INFO - Processing file /opt/airflow/dags/context.py for tasks to queue
[2024-04-25T15:28:14.340+0000] {logging_mixin.py:188} INFO - [2024-04-25T15:28:14.339+0000] {dagbag.py:540} INFO - Filling up the DagBag from /opt/airflow/dags/context.py
[2024-04-25T15:28:14.354+0000] {processor.py:840} INFO - DAG(s) 'context' retrieved from /opt/airflow/dags/context.py
[2024-04-25T15:28:14.383+0000] {logging_mixin.py:188} INFO - [2024-04-25T15:28:14.383+0000] {dag.py:3047} INFO - Sync 1 DAGs
[2024-04-25T15:28:14.404+0000] {logging_mixin.py:188} INFO - [2024-04-25T15:28:14.404+0000] {dag.py:3834} INFO - Setting next_dagrun for context to None, run_after=None
[2024-04-25T15:28:14.417+0000] {processor.py:183} INFO - Processing /opt/airflow/dags/context.py took 0.082 seconds
[2024-04-25T15:28:44.665+0000] {processor.py:161} INFO - Started process (PID=86) to work on /opt/airflow/dags/context.py
[2024-04-25T15:28:44.666+0000] {processor.py:830} INFO - Processing file /opt/airflow/dags/context.py for tasks to queue
[2024-04-25T15:28:44.667+0000] {logging_mixin.py:188} INFO - [2024-04-25T15:28:44.667+0000] {dagbag.py:540} INFO - Filling up the DagBag from /opt/airflow/dags/context.py
[2024-04-25T15:28:44.697+0000] {processor.py:840} INFO - DAG(s) 'context' retrieved from /opt/airflow/dags/context.py
[2024-04-25T15:28:44.728+0000] {logging_mixin.py:188} INFO - [2024-04-25T15:28:44.728+0000] {dag.py:3047} INFO - Sync 1 DAGs
[2024-04-25T15:28:44.754+0000] {logging_mixin.py:188} INFO - [2024-04-25T15:28:44.753+0000] {dag.py:3834} INFO - Setting next_dagrun for context to None, run_after=None
[2024-04-25T15:28:44.771+0000] {processor.py:183} INFO - Processing /opt/airflow/dags/context.py took 0.108 seconds
[2024-04-25T15:29:15.036+0000] {processor.py:161} INFO - Started process (PID=107) to work on /opt/airflow/dags/context.py
[2024-04-25T15:29:15.037+0000] {processor.py:830} INFO - Processing file /opt/airflow/dags/context.py for tasks to queue
[2024-04-25T15:29:15.038+0000] {logging_mixin.py:188} INFO - [2024-04-25T15:29:15.038+0000] {dagbag.py:540} INFO - Filling up the DagBag from /opt/airflow/dags/context.py
[2024-04-25T15:29:15.052+0000] {processor.py:840} INFO - DAG(s) 'context' retrieved from /opt/airflow/dags/context.py
[2024-04-25T15:29:15.088+0000] {logging_mixin.py:188} INFO - [2024-04-25T15:29:15.087+0000] {dag.py:3047} INFO - Sync 1 DAGs
[2024-04-25T15:29:15.104+0000] {logging_mixin.py:188} INFO - [2024-04-25T15:29:15.104+0000] {dag.py:3834} INFO - Setting next_dagrun for context to None, run_after=None
[2024-04-25T15:29:15.122+0000] {processor.py:183} INFO - Processing /opt/airflow/dags/context.py took 0.089 seconds
