[2024-04-25T15:22:32.609+0000] {processor.py:161} INFO - Started process (PID=45) to work on /opt/airflow/dags/dag_run.py
[2024-04-25T15:22:32.610+0000] {processor.py:830} INFO - Processing file /opt/airflow/dags/dag_run.py for tasks to queue
[2024-04-25T15:22:32.611+0000] {logging_mixin.py:188} INFO - [2024-04-25T15:22:32.610+0000] {dagbag.py:540} INFO - Filling up the DagBag from /opt/airflow/dags/dag_run.py
[2024-04-25T15:22:32.629+0000] {processor.py:840} INFO - DAG(s) 'dag_run' retrieved from /opt/airflow/dags/dag_run.py
[2024-04-25T15:22:32.658+0000] {logging_mixin.py:188} INFO - [2024-04-25T15:22:32.658+0000] {dag.py:3047} INFO - Sync 1 DAGs
[2024-04-25T15:22:32.678+0000] {logging_mixin.py:188} INFO - [2024-04-25T15:22:32.678+0000] {dag.py:3834} INFO - Setting next_dagrun for dag_run to None, run_after=None
[2024-04-25T15:22:32.695+0000] {processor.py:183} INFO - Processing /opt/airflow/dags/dag_run.py took 0.201 seconds
[2024-04-25T15:27:44.202+0000] {processor.py:161} INFO - Started process (PID=45) to work on /opt/airflow/dags/dag_run.py
[2024-04-25T15:27:44.203+0000] {processor.py:830} INFO - Processing file /opt/airflow/dags/dag_run.py for tasks to queue
[2024-04-25T15:27:44.205+0000] {logging_mixin.py:188} INFO - [2024-04-25T15:27:44.204+0000] {dagbag.py:540} INFO - Filling up the DagBag from /opt/airflow/dags/dag_run.py
[2024-04-25T15:27:44.221+0000] {processor.py:840} INFO - DAG(s) 'dag_run' retrieved from /opt/airflow/dags/dag_run.py
[2024-04-25T15:27:44.250+0000] {logging_mixin.py:188} INFO - [2024-04-25T15:27:44.250+0000] {dag.py:3047} INFO - Sync 1 DAGs
[2024-04-25T15:27:44.270+0000] {logging_mixin.py:188} INFO - [2024-04-25T15:27:44.270+0000] {dag.py:3834} INFO - Setting next_dagrun for dag_run to None, run_after=None
[2024-04-25T15:27:44.291+0000] {processor.py:183} INFO - Processing /opt/airflow/dags/dag_run.py took 0.091 seconds
[2024-04-25T15:28:14.388+0000] {processor.py:161} INFO - Started process (PID=66) to work on /opt/airflow/dags/dag_run.py
[2024-04-25T15:28:14.388+0000] {processor.py:830} INFO - Processing file /opt/airflow/dags/dag_run.py for tasks to queue
[2024-04-25T15:28:14.390+0000] {logging_mixin.py:188} INFO - [2024-04-25T15:28:14.390+0000] {dagbag.py:540} INFO - Filling up the DagBag from /opt/airflow/dags/dag_run.py
[2024-04-25T15:28:14.403+0000] {processor.py:840} INFO - DAG(s) 'dag_run' retrieved from /opt/airflow/dags/dag_run.py
[2024-04-25T15:28:14.424+0000] {logging_mixin.py:188} INFO - [2024-04-25T15:28:14.424+0000] {dag.py:3047} INFO - Sync 1 DAGs
[2024-04-25T15:28:14.451+0000] {logging_mixin.py:188} INFO - [2024-04-25T15:28:14.451+0000] {dag.py:3834} INFO - Setting next_dagrun for dag_run to None, run_after=None
[2024-04-25T15:28:14.467+0000] {processor.py:183} INFO - Processing /opt/airflow/dags/dag_run.py took 0.082 seconds
[2024-04-25T15:28:44.699+0000] {processor.py:161} INFO - Started process (PID=87) to work on /opt/airflow/dags/dag_run.py
[2024-04-25T15:28:44.700+0000] {processor.py:830} INFO - Processing file /opt/airflow/dags/dag_run.py for tasks to queue
[2024-04-25T15:28:44.701+0000] {logging_mixin.py:188} INFO - [2024-04-25T15:28:44.701+0000] {dagbag.py:540} INFO - Filling up the DagBag from /opt/airflow/dags/dag_run.py
[2024-04-25T15:28:44.716+0000] {processor.py:840} INFO - DAG(s) 'dag_run' retrieved from /opt/airflow/dags/dag_run.py
[2024-04-25T15:28:44.754+0000] {logging_mixin.py:188} INFO - [2024-04-25T15:28:44.754+0000] {dag.py:3047} INFO - Sync 1 DAGs
[2024-04-25T15:28:44.775+0000] {logging_mixin.py:188} INFO - [2024-04-25T15:28:44.774+0000] {dag.py:3834} INFO - Setting next_dagrun for dag_run to None, run_after=None
[2024-04-25T15:28:44.790+0000] {processor.py:183} INFO - Processing /opt/airflow/dags/dag_run.py took 0.093 seconds
[2024-04-25T15:29:15.132+0000] {processor.py:161} INFO - Started process (PID=108) to work on /opt/airflow/dags/dag_run.py
[2024-04-25T15:29:15.133+0000] {processor.py:830} INFO - Processing file /opt/airflow/dags/dag_run.py for tasks to queue
[2024-04-25T15:29:15.134+0000] {logging_mixin.py:188} INFO - [2024-04-25T15:29:15.134+0000] {dagbag.py:540} INFO - Filling up the DagBag from /opt/airflow/dags/dag_run.py
[2024-04-25T15:29:15.149+0000] {processor.py:840} INFO - DAG(s) 'dag_run' retrieved from /opt/airflow/dags/dag_run.py
[2024-04-25T15:29:15.170+0000] {logging_mixin.py:188} INFO - [2024-04-25T15:29:15.170+0000] {dag.py:3047} INFO - Sync 1 DAGs
[2024-04-25T15:29:15.189+0000] {logging_mixin.py:188} INFO - [2024-04-25T15:29:15.189+0000] {dag.py:3834} INFO - Setting next_dagrun for dag_run to None, run_after=None
[2024-04-25T15:29:15.202+0000] {processor.py:183} INFO - Processing /opt/airflow/dags/dag_run.py took 0.072 seconds
