[2024-04-25T15:22:32.970+0000] {processor.py:161} INFO - Started process (PID=49) to work on /opt/airflow/dags/deferrable_operator.py
[2024-04-25T15:22:32.971+0000] {processor.py:830} INFO - Processing file /opt/airflow/dags/deferrable_operator.py for tasks to queue
[2024-04-25T15:22:32.974+0000] {logging_mixin.py:188} INFO - [2024-04-25T15:22:32.973+0000] {dagbag.py:540} INFO - Filling up the DagBag from /opt/airflow/dags/deferrable_operator.py
[2024-04-25T15:22:32.992+0000] {processor.py:840} INFO - DAG(s) 'deferrable_operator' retrieved from /opt/airflow/dags/deferrable_operator.py
[2024-04-25T15:22:33.028+0000] {logging_mixin.py:188} INFO - [2024-04-25T15:22:33.028+0000] {dag.py:3047} INFO - Sync 1 DAGs
[2024-04-25T15:22:33.041+0000] {logging_mixin.py:188} INFO - [2024-04-25T15:22:33.041+0000] {dag.py:3834} INFO - Setting next_dagrun for deferrable_operator to None, run_after=None
[2024-04-25T15:22:33.062+0000] {processor.py:183} INFO - Processing /opt/airflow/dags/deferrable_operator.py took 0.096 seconds
[2024-04-25T15:27:44.432+0000] {processor.py:161} INFO - Started process (PID=49) to work on /opt/airflow/dags/deferrable_operator.py
[2024-04-25T15:27:44.432+0000] {processor.py:830} INFO - Processing file /opt/airflow/dags/deferrable_operator.py for tasks to queue
[2024-04-25T15:27:44.434+0000] {logging_mixin.py:188} INFO - [2024-04-25T15:27:44.434+0000] {dagbag.py:540} INFO - Filling up the DagBag from /opt/airflow/dags/deferrable_operator.py
[2024-04-25T15:27:44.452+0000] {processor.py:840} INFO - DAG(s) 'deferrable_operator' retrieved from /opt/airflow/dags/deferrable_operator.py
[2024-04-25T15:27:44.480+0000] {logging_mixin.py:188} INFO - [2024-04-25T15:27:44.479+0000] {dag.py:3047} INFO - Sync 1 DAGs
[2024-04-25T15:27:44.491+0000] {logging_mixin.py:188} INFO - [2024-04-25T15:27:44.491+0000] {dag.py:3834} INFO - Setting next_dagrun for deferrable_operator to None, run_after=None
[2024-04-25T15:27:44.508+0000] {processor.py:183} INFO - Processing /opt/airflow/dags/deferrable_operator.py took 0.078 seconds
[2024-04-25T15:28:14.597+0000] {processor.py:161} INFO - Started process (PID=70) to work on /opt/airflow/dags/deferrable_operator.py
[2024-04-25T15:28:14.599+0000] {processor.py:830} INFO - Processing file /opt/airflow/dags/deferrable_operator.py for tasks to queue
[2024-04-25T15:28:14.600+0000] {logging_mixin.py:188} INFO - [2024-04-25T15:28:14.600+0000] {dagbag.py:540} INFO - Filling up the DagBag from /opt/airflow/dags/deferrable_operator.py
[2024-04-25T15:28:14.612+0000] {processor.py:840} INFO - DAG(s) 'deferrable_operator' retrieved from /opt/airflow/dags/deferrable_operator.py
[2024-04-25T15:28:14.666+0000] {logging_mixin.py:188} INFO - [2024-04-25T15:28:14.665+0000] {dag.py:3047} INFO - Sync 1 DAGs
[2024-04-25T15:28:14.679+0000] {logging_mixin.py:188} INFO - [2024-04-25T15:28:14.679+0000] {dag.py:3834} INFO - Setting next_dagrun for deferrable_operator to None, run_after=None
[2024-04-25T15:28:14.697+0000] {processor.py:183} INFO - Processing /opt/airflow/dags/deferrable_operator.py took 0.102 seconds
[2024-04-25T15:28:44.915+0000] {processor.py:161} INFO - Started process (PID=91) to work on /opt/airflow/dags/deferrable_operator.py
[2024-04-25T15:28:44.915+0000] {processor.py:830} INFO - Processing file /opt/airflow/dags/deferrable_operator.py for tasks to queue
[2024-04-25T15:28:44.917+0000] {logging_mixin.py:188} INFO - [2024-04-25T15:28:44.916+0000] {dagbag.py:540} INFO - Filling up the DagBag from /opt/airflow/dags/deferrable_operator.py
[2024-04-25T15:28:44.928+0000] {processor.py:840} INFO - DAG(s) 'deferrable_operator' retrieved from /opt/airflow/dags/deferrable_operator.py
[2024-04-25T15:28:44.948+0000] {logging_mixin.py:188} INFO - [2024-04-25T15:28:44.947+0000] {dag.py:3047} INFO - Sync 1 DAGs
[2024-04-25T15:28:44.957+0000] {logging_mixin.py:188} INFO - [2024-04-25T15:28:44.957+0000] {dag.py:3834} INFO - Setting next_dagrun for deferrable_operator to None, run_after=None
[2024-04-25T15:28:44.976+0000] {processor.py:183} INFO - Processing /opt/airflow/dags/deferrable_operator.py took 0.063 seconds
[2024-04-25T15:29:15.318+0000] {processor.py:161} INFO - Started process (PID=112) to work on /opt/airflow/dags/deferrable_operator.py
[2024-04-25T15:29:15.319+0000] {processor.py:830} INFO - Processing file /opt/airflow/dags/deferrable_operator.py for tasks to queue
[2024-04-25T15:29:15.320+0000] {logging_mixin.py:188} INFO - [2024-04-25T15:29:15.320+0000] {dagbag.py:540} INFO - Filling up the DagBag from /opt/airflow/dags/deferrable_operator.py
[2024-04-25T15:29:15.347+0000] {processor.py:840} INFO - DAG(s) 'deferrable_operator' retrieved from /opt/airflow/dags/deferrable_operator.py
[2024-04-25T15:29:15.371+0000] {logging_mixin.py:188} INFO - [2024-04-25T15:29:15.371+0000] {dag.py:3047} INFO - Sync 1 DAGs
[2024-04-25T15:29:15.382+0000] {logging_mixin.py:188} INFO - [2024-04-25T15:29:15.382+0000] {dag.py:3834} INFO - Setting next_dagrun for deferrable_operator to None, run_after=None
[2024-04-25T15:29:15.397+0000] {processor.py:183} INFO - Processing /opt/airflow/dags/deferrable_operator.py took 0.081 seconds
