[2024-04-25T15:22:33.090+0000] {processor.py:161} INFO - Started process (PID=50) to work on /opt/airflow/dags/params.py
[2024-04-25T15:22:33.091+0000] {processor.py:830} INFO - Processing file /opt/airflow/dags/params.py for tasks to queue
[2024-04-25T15:22:33.093+0000] {logging_mixin.py:188} INFO - [2024-04-25T15:22:33.093+0000] {dagbag.py:540} INFO - Filling up the DagBag from /opt/airflow/dags/params.py
[2024-04-25T15:22:33.108+0000] {processor.py:840} INFO - DAG(s) 'params' retrieved from /opt/airflow/dags/params.py
[2024-04-25T15:22:33.138+0000] {logging_mixin.py:188} INFO - [2024-04-25T15:22:33.138+0000] {dag.py:3047} INFO - Sync 1 DAGs
[2024-04-25T15:22:33.152+0000] {logging_mixin.py:188} INFO - [2024-04-25T15:22:33.152+0000] {dag.py:3834} INFO - Setting next_dagrun for params to None, run_after=None
[2024-04-25T15:22:33.171+0000] {processor.py:183} INFO - Processing /opt/airflow/dags/params.py took 0.082 seconds
[2024-04-25T15:27:44.454+0000] {processor.py:161} INFO - Started process (PID=50) to work on /opt/airflow/dags/params.py
[2024-04-25T15:27:44.455+0000] {processor.py:830} INFO - Processing file /opt/airflow/dags/params.py for tasks to queue
[2024-04-25T15:27:44.456+0000] {logging_mixin.py:188} INFO - [2024-04-25T15:27:44.456+0000] {dagbag.py:540} INFO - Filling up the DagBag from /opt/airflow/dags/params.py
[2024-04-25T15:27:44.471+0000] {processor.py:840} INFO - DAG(s) 'params' retrieved from /opt/airflow/dags/params.py
[2024-04-25T15:27:44.499+0000] {logging_mixin.py:188} INFO - [2024-04-25T15:27:44.498+0000] {dag.py:3047} INFO - Sync 1 DAGs
[2024-04-25T15:27:44.509+0000] {logging_mixin.py:188} INFO - [2024-04-25T15:27:44.509+0000] {dag.py:3834} INFO - Setting next_dagrun for params to None, run_after=None
[2024-04-25T15:27:44.529+0000] {processor.py:183} INFO - Processing /opt/airflow/dags/params.py took 0.077 seconds
[2024-04-25T15:28:14.679+0000] {processor.py:161} INFO - Started process (PID=71) to work on /opt/airflow/dags/params.py
[2024-04-25T15:28:14.680+0000] {processor.py:830} INFO - Processing file /opt/airflow/dags/params.py for tasks to queue
[2024-04-25T15:28:14.682+0000] {logging_mixin.py:188} INFO - [2024-04-25T15:28:14.681+0000] {dagbag.py:540} INFO - Filling up the DagBag from /opt/airflow/dags/params.py
[2024-04-25T15:28:14.696+0000] {processor.py:840} INFO - DAG(s) 'params' retrieved from /opt/airflow/dags/params.py
[2024-04-25T15:28:14.727+0000] {logging_mixin.py:188} INFO - [2024-04-25T15:28:14.727+0000] {dag.py:3047} INFO - Sync 1 DAGs
[2024-04-25T15:28:14.737+0000] {logging_mixin.py:188} INFO - [2024-04-25T15:28:14.737+0000] {dag.py:3834} INFO - Setting next_dagrun for params to None, run_after=None
[2024-04-25T15:28:14.753+0000] {processor.py:183} INFO - Processing /opt/airflow/dags/params.py took 0.076 seconds
[2024-04-25T15:28:44.997+0000] {processor.py:161} INFO - Started process (PID=92) to work on /opt/airflow/dags/params.py
[2024-04-25T15:28:44.998+0000] {processor.py:830} INFO - Processing file /opt/airflow/dags/params.py for tasks to queue
[2024-04-25T15:28:45.000+0000] {logging_mixin.py:188} INFO - [2024-04-25T15:28:44.999+0000] {dagbag.py:540} INFO - Filling up the DagBag from /opt/airflow/dags/params.py
[2024-04-25T15:28:45.014+0000] {processor.py:840} INFO - DAG(s) 'params' retrieved from /opt/airflow/dags/params.py
[2024-04-25T15:28:45.037+0000] {logging_mixin.py:188} INFO - [2024-04-25T15:28:45.037+0000] {dag.py:3047} INFO - Sync 1 DAGs
[2024-04-25T15:28:45.047+0000] {logging_mixin.py:188} INFO - [2024-04-25T15:28:45.047+0000] {dag.py:3834} INFO - Setting next_dagrun for params to None, run_after=None
[2024-04-25T15:28:45.060+0000] {processor.py:183} INFO - Processing /opt/airflow/dags/params.py took 0.065 seconds
[2024-04-25T15:29:15.353+0000] {processor.py:161} INFO - Started process (PID=113) to work on /opt/airflow/dags/params.py
[2024-04-25T15:29:15.354+0000] {processor.py:830} INFO - Processing file /opt/airflow/dags/params.py for tasks to queue
[2024-04-25T15:29:15.356+0000] {logging_mixin.py:188} INFO - [2024-04-25T15:29:15.356+0000] {dagbag.py:540} INFO - Filling up the DagBag from /opt/airflow/dags/params.py
[2024-04-25T15:29:15.368+0000] {processor.py:840} INFO - DAG(s) 'params' retrieved from /opt/airflow/dags/params.py
[2024-04-25T15:29:15.396+0000] {logging_mixin.py:188} INFO - [2024-04-25T15:29:15.396+0000] {dag.py:3047} INFO - Sync 1 DAGs
[2024-04-25T15:29:15.415+0000] {logging_mixin.py:188} INFO - [2024-04-25T15:29:15.415+0000] {dag.py:3834} INFO - Setting next_dagrun for params to None, run_after=None
[2024-04-25T15:29:15.434+0000] {processor.py:183} INFO - Processing /opt/airflow/dags/params.py took 0.083 seconds
