[2024-04-25T15:22:31.531+0000] {processor.py:161} INFO - Started process (PID=39) to work on /opt/airflow/dags/pool.py
[2024-04-25T15:22:31.532+0000] {processor.py:830} INFO - Processing file /opt/airflow/dags/pool.py for tasks to queue
[2024-04-25T15:22:31.533+0000] {logging_mixin.py:188} INFO - [2024-04-25T15:22:31.533+0000] {dagbag.py:540} INFO - Filling up the DagBag from /opt/airflow/dags/pool.py
[2024-04-25T15:22:31.549+0000] {processor.py:840} INFO - DAG(s) 'pool' retrieved from /opt/airflow/dags/pool.py
[2024-04-25T15:22:31.718+0000] {logging_mixin.py:188} INFO - [2024-04-25T15:22:31.717+0000] {dag.py:3047} INFO - Sync 1 DAGs
[2024-04-25T15:22:31.757+0000] {logging_mixin.py:188} INFO - [2024-04-25T15:22:31.757+0000] {dag.py:3834} INFO - Setting next_dagrun for pool to None, run_after=None
[2024-04-25T15:22:31.784+0000] {processor.py:183} INFO - Processing /opt/airflow/dags/pool.py took 0.256 seconds
[2024-04-25T15:27:43.618+0000] {processor.py:161} INFO - Started process (PID=39) to work on /opt/airflow/dags/pool.py
[2024-04-25T15:27:43.620+0000] {processor.py:830} INFO - Processing file /opt/airflow/dags/pool.py for tasks to queue
[2024-04-25T15:27:43.621+0000] {logging_mixin.py:188} INFO - [2024-04-25T15:27:43.621+0000] {dagbag.py:540} INFO - Filling up the DagBag from /opt/airflow/dags/pool.py
[2024-04-25T15:27:43.638+0000] {processor.py:840} INFO - DAG(s) 'pool' retrieved from /opt/airflow/dags/pool.py
[2024-04-25T15:27:43.826+0000] {logging_mixin.py:188} INFO - [2024-04-25T15:27:43.826+0000] {dag.py:3047} INFO - Sync 1 DAGs
[2024-04-25T15:27:43.846+0000] {logging_mixin.py:188} INFO - [2024-04-25T15:27:43.846+0000] {dag.py:3834} INFO - Setting next_dagrun for pool to None, run_after=None
[2024-04-25T15:27:43.869+0000] {processor.py:183} INFO - Processing /opt/airflow/dags/pool.py took 0.253 seconds
[2024-04-25T15:28:14.060+0000] {processor.py:161} INFO - Started process (PID=60) to work on /opt/airflow/dags/pool.py
[2024-04-25T15:28:14.062+0000] {processor.py:830} INFO - Processing file /opt/airflow/dags/pool.py for tasks to queue
[2024-04-25T15:28:14.063+0000] {logging_mixin.py:188} INFO - [2024-04-25T15:28:14.063+0000] {dagbag.py:540} INFO - Filling up the DagBag from /opt/airflow/dags/pool.py
[2024-04-25T15:28:14.082+0000] {processor.py:840} INFO - DAG(s) 'pool' retrieved from /opt/airflow/dags/pool.py
[2024-04-25T15:28:14.109+0000] {logging_mixin.py:188} INFO - [2024-04-25T15:28:14.109+0000] {dag.py:3047} INFO - Sync 1 DAGs
[2024-04-25T15:28:14.128+0000] {logging_mixin.py:188} INFO - [2024-04-25T15:28:14.128+0000] {dag.py:3834} INFO - Setting next_dagrun for pool to None, run_after=None
[2024-04-25T15:28:14.155+0000] {processor.py:183} INFO - Processing /opt/airflow/dags/pool.py took 0.097 seconds
[2024-04-25T15:28:44.389+0000] {processor.py:161} INFO - Started process (PID=81) to work on /opt/airflow/dags/pool.py
[2024-04-25T15:28:44.390+0000] {processor.py:830} INFO - Processing file /opt/airflow/dags/pool.py for tasks to queue
[2024-04-25T15:28:44.391+0000] {logging_mixin.py:188} INFO - [2024-04-25T15:28:44.391+0000] {dagbag.py:540} INFO - Filling up the DagBag from /opt/airflow/dags/pool.py
[2024-04-25T15:28:44.404+0000] {processor.py:840} INFO - DAG(s) 'pool' retrieved from /opt/airflow/dags/pool.py
[2024-04-25T15:28:44.432+0000] {logging_mixin.py:188} INFO - [2024-04-25T15:28:44.432+0000] {dag.py:3047} INFO - Sync 1 DAGs
[2024-04-25T15:28:44.449+0000] {logging_mixin.py:188} INFO - [2024-04-25T15:28:44.449+0000] {dag.py:3834} INFO - Setting next_dagrun for pool to None, run_after=None
[2024-04-25T15:28:44.470+0000] {processor.py:183} INFO - Processing /opt/airflow/dags/pool.py took 0.083 seconds
[2024-04-25T15:29:14.725+0000] {processor.py:161} INFO - Started process (PID=102) to work on /opt/airflow/dags/pool.py
[2024-04-25T15:29:14.726+0000] {processor.py:830} INFO - Processing file /opt/airflow/dags/pool.py for tasks to queue
[2024-04-25T15:29:14.729+0000] {logging_mixin.py:188} INFO - [2024-04-25T15:29:14.729+0000] {dagbag.py:540} INFO - Filling up the DagBag from /opt/airflow/dags/pool.py
[2024-04-25T15:29:14.755+0000] {processor.py:840} INFO - DAG(s) 'pool' retrieved from /opt/airflow/dags/pool.py
[2024-04-25T15:29:14.783+0000] {logging_mixin.py:188} INFO - [2024-04-25T15:29:14.783+0000] {dag.py:3047} INFO - Sync 1 DAGs
[2024-04-25T15:29:14.803+0000] {logging_mixin.py:188} INFO - [2024-04-25T15:29:14.803+0000] {dag.py:3834} INFO - Setting next_dagrun for pool to None, run_after=None
[2024-04-25T15:29:14.821+0000] {processor.py:183} INFO - Processing /opt/airflow/dags/pool.py took 0.098 seconds
