[2024-04-25T15:22:32.823+0000] {processor.py:161} INFO - Started process (PID=47) to work on /opt/airflow/dags/sensor.py
[2024-04-25T15:22:32.824+0000] {processor.py:830} INFO - Processing file /opt/airflow/dags/sensor.py for tasks to queue
[2024-04-25T15:22:32.826+0000] {logging_mixin.py:188} INFO - [2024-04-25T15:22:32.826+0000] {dagbag.py:540} INFO - Filling up the DagBag from /opt/airflow/dags/sensor.py
[2024-04-25T15:22:32.841+0000] {processor.py:840} INFO - DAG(s) 'sensor' retrieved from /opt/airflow/dags/sensor.py
[2024-04-25T15:22:32.876+0000] {logging_mixin.py:188} INFO - [2024-04-25T15:22:32.876+0000] {dag.py:3047} INFO - Sync 1 DAGs
[2024-04-25T15:22:32.902+0000] {logging_mixin.py:188} INFO - [2024-04-25T15:22:32.901+0000] {dag.py:3834} INFO - Setting next_dagrun for sensor to None, run_after=None
[2024-04-25T15:22:32.921+0000] {processor.py:183} INFO - Processing /opt/airflow/dags/sensor.py took 0.100 seconds
[2024-04-25T15:27:44.319+0000] {processor.py:161} INFO - Started process (PID=47) to work on /opt/airflow/dags/sensor.py
[2024-04-25T15:27:44.320+0000] {processor.py:830} INFO - Processing file /opt/airflow/dags/sensor.py for tasks to queue
[2024-04-25T15:27:44.322+0000] {logging_mixin.py:188} INFO - [2024-04-25T15:27:44.322+0000] {dagbag.py:540} INFO - Filling up the DagBag from /opt/airflow/dags/sensor.py
[2024-04-25T15:27:44.335+0000] {processor.py:840} INFO - DAG(s) 'sensor' retrieved from /opt/airflow/dags/sensor.py
[2024-04-25T15:27:44.370+0000] {logging_mixin.py:188} INFO - [2024-04-25T15:27:44.370+0000] {dag.py:3047} INFO - Sync 1 DAGs
[2024-04-25T15:27:44.391+0000] {logging_mixin.py:188} INFO - [2024-04-25T15:27:44.390+0000] {dag.py:3834} INFO - Setting next_dagrun for sensor to None, run_after=None
[2024-04-25T15:27:44.407+0000] {processor.py:183} INFO - Processing /opt/airflow/dags/sensor.py took 0.091 seconds
[2024-04-25T15:28:14.495+0000] {processor.py:161} INFO - Started process (PID=68) to work on /opt/airflow/dags/sensor.py
[2024-04-25T15:28:14.496+0000] {processor.py:830} INFO - Processing file /opt/airflow/dags/sensor.py for tasks to queue
[2024-04-25T15:28:14.497+0000] {logging_mixin.py:188} INFO - [2024-04-25T15:28:14.497+0000] {dagbag.py:540} INFO - Filling up the DagBag from /opt/airflow/dags/sensor.py
[2024-04-25T15:28:14.509+0000] {processor.py:840} INFO - DAG(s) 'sensor' retrieved from /opt/airflow/dags/sensor.py
[2024-04-25T15:28:14.533+0000] {logging_mixin.py:188} INFO - [2024-04-25T15:28:14.533+0000] {dag.py:3047} INFO - Sync 1 DAGs
[2024-04-25T15:28:14.553+0000] {logging_mixin.py:188} INFO - [2024-04-25T15:28:14.553+0000] {dag.py:3834} INFO - Setting next_dagrun for sensor to None, run_after=None
[2024-04-25T15:28:14.569+0000] {processor.py:183} INFO - Processing /opt/airflow/dags/sensor.py took 0.076 seconds
[2024-04-25T15:28:44.820+0000] {processor.py:161} INFO - Started process (PID=89) to work on /opt/airflow/dags/sensor.py
[2024-04-25T15:28:44.821+0000] {processor.py:830} INFO - Processing file /opt/airflow/dags/sensor.py for tasks to queue
[2024-04-25T15:28:44.822+0000] {logging_mixin.py:188} INFO - [2024-04-25T15:28:44.822+0000] {dagbag.py:540} INFO - Filling up the DagBag from /opt/airflow/dags/sensor.py
[2024-04-25T15:28:44.835+0000] {processor.py:840} INFO - DAG(s) 'sensor' retrieved from /opt/airflow/dags/sensor.py
[2024-04-25T15:28:44.859+0000] {logging_mixin.py:188} INFO - [2024-04-25T15:28:44.859+0000] {dag.py:3047} INFO - Sync 1 DAGs
[2024-04-25T15:28:44.877+0000] {logging_mixin.py:188} INFO - [2024-04-25T15:28:44.877+0000] {dag.py:3834} INFO - Setting next_dagrun for sensor to None, run_after=None
[2024-04-25T15:28:44.893+0000] {processor.py:183} INFO - Processing /opt/airflow/dags/sensor.py took 0.076 seconds
[2024-04-25T15:29:15.222+0000] {processor.py:161} INFO - Started process (PID=110) to work on /opt/airflow/dags/sensor.py
[2024-04-25T15:29:15.223+0000] {processor.py:830} INFO - Processing file /opt/airflow/dags/sensor.py for tasks to queue
[2024-04-25T15:29:15.225+0000] {logging_mixin.py:188} INFO - [2024-04-25T15:29:15.225+0000] {dagbag.py:540} INFO - Filling up the DagBag from /opt/airflow/dags/sensor.py
[2024-04-25T15:29:15.239+0000] {processor.py:840} INFO - DAG(s) 'sensor' retrieved from /opt/airflow/dags/sensor.py
[2024-04-25T15:29:15.266+0000] {logging_mixin.py:188} INFO - [2024-04-25T15:29:15.266+0000] {dag.py:3047} INFO - Sync 1 DAGs
[2024-04-25T15:29:15.282+0000] {logging_mixin.py:188} INFO - [2024-04-25T15:29:15.282+0000] {dag.py:3834} INFO - Setting next_dagrun for sensor to None, run_after=None
[2024-04-25T15:29:15.296+0000] {processor.py:183} INFO - Processing /opt/airflow/dags/sensor.py took 0.077 seconds
