[2024-04-25T15:22:32.009+0000] {processor.py:161} INFO - Started process (PID=41) to work on /opt/airflow/dags/trigger_dag_run_dag1.py
[2024-04-25T15:22:32.009+0000] {processor.py:830} INFO - Processing file /opt/airflow/dags/trigger_dag_run_dag1.py for tasks to queue
[2024-04-25T15:22:32.135+0000] {logging_mixin.py:188} INFO - [2024-04-25T15:22:32.135+0000] {dagbag.py:540} INFO - Filling up the DagBag from /opt/airflow/dags/trigger_dag_run_dag1.py
[2024-04-25T15:22:32.150+0000] {processor.py:840} INFO - DAG(s) 'trigger_dag_run_dag1' retrieved from /opt/airflow/dags/trigger_dag_run_dag1.py
[2024-04-25T15:22:32.177+0000] {logging_mixin.py:188} INFO - [2024-04-25T15:22:32.177+0000] {dag.py:3047} INFO - Sync 1 DAGs
[2024-04-25T15:22:32.188+0000] {logging_mixin.py:188} INFO - [2024-04-25T15:22:32.188+0000] {dag.py:3834} INFO - Setting next_dagrun for trigger_dag_run_dag1 to None, run_after=None
[2024-04-25T15:22:32.205+0000] {processor.py:183} INFO - Processing /opt/airflow/dags/trigger_dag_run_dag1.py took 0.199 seconds
[2024-04-25T15:27:43.988+0000] {processor.py:161} INFO - Started process (PID=41) to work on /opt/airflow/dags/trigger_dag_run_dag1.py
[2024-04-25T15:27:43.989+0000] {processor.py:830} INFO - Processing file /opt/airflow/dags/trigger_dag_run_dag1.py for tasks to queue
[2024-04-25T15:27:43.990+0000] {logging_mixin.py:188} INFO - [2024-04-25T15:27:43.990+0000] {dagbag.py:540} INFO - Filling up the DagBag from /opt/airflow/dags/trigger_dag_run_dag1.py
[2024-04-25T15:27:44.003+0000] {processor.py:840} INFO - DAG(s) 'trigger_dag_run_dag1' retrieved from /opt/airflow/dags/trigger_dag_run_dag1.py
[2024-04-25T15:27:44.036+0000] {logging_mixin.py:188} INFO - [2024-04-25T15:27:44.036+0000] {dag.py:3047} INFO - Sync 1 DAGs
[2024-04-25T15:27:44.049+0000] {logging_mixin.py:188} INFO - [2024-04-25T15:27:44.049+0000] {dag.py:3834} INFO - Setting next_dagrun for trigger_dag_run_dag1 to None, run_after=None
[2024-04-25T15:27:44.068+0000] {processor.py:183} INFO - Processing /opt/airflow/dags/trigger_dag_run_dag1.py took 0.083 seconds
[2024-04-25T15:28:14.183+0000] {processor.py:161} INFO - Started process (PID=62) to work on /opt/airflow/dags/trigger_dag_run_dag1.py
[2024-04-25T15:28:14.185+0000] {processor.py:830} INFO - Processing file /opt/airflow/dags/trigger_dag_run_dag1.py for tasks to queue
[2024-04-25T15:28:14.187+0000] {logging_mixin.py:188} INFO - [2024-04-25T15:28:14.186+0000] {dagbag.py:540} INFO - Filling up the DagBag from /opt/airflow/dags/trigger_dag_run_dag1.py
[2024-04-25T15:28:14.197+0000] {processor.py:840} INFO - DAG(s) 'trigger_dag_run_dag1' retrieved from /opt/airflow/dags/trigger_dag_run_dag1.py
[2024-04-25T15:28:14.220+0000] {logging_mixin.py:188} INFO - [2024-04-25T15:28:14.220+0000] {dag.py:3047} INFO - Sync 1 DAGs
[2024-04-25T15:28:14.234+0000] {logging_mixin.py:188} INFO - [2024-04-25T15:28:14.234+0000] {dag.py:3834} INFO - Setting next_dagrun for trigger_dag_run_dag1 to None, run_after=None
[2024-04-25T15:28:14.250+0000] {processor.py:183} INFO - Processing /opt/airflow/dags/trigger_dag_run_dag1.py took 0.069 seconds
[2024-04-25T15:28:44.492+0000] {processor.py:161} INFO - Started process (PID=83) to work on /opt/airflow/dags/trigger_dag_run_dag1.py
[2024-04-25T15:28:44.493+0000] {processor.py:830} INFO - Processing file /opt/airflow/dags/trigger_dag_run_dag1.py for tasks to queue
[2024-04-25T15:28:44.494+0000] {logging_mixin.py:188} INFO - [2024-04-25T15:28:44.494+0000] {dagbag.py:540} INFO - Filling up the DagBag from /opt/airflow/dags/trigger_dag_run_dag1.py
[2024-04-25T15:28:44.504+0000] {processor.py:840} INFO - DAG(s) 'trigger_dag_run_dag1' retrieved from /opt/airflow/dags/trigger_dag_run_dag1.py
[2024-04-25T15:28:44.524+0000] {logging_mixin.py:188} INFO - [2024-04-25T15:28:44.524+0000] {dag.py:3047} INFO - Sync 1 DAGs
[2024-04-25T15:28:44.534+0000] {logging_mixin.py:188} INFO - [2024-04-25T15:28:44.534+0000] {dag.py:3834} INFO - Setting next_dagrun for trigger_dag_run_dag1 to None, run_after=None
[2024-04-25T15:28:44.562+0000] {processor.py:183} INFO - Processing /opt/airflow/dags/trigger_dag_run_dag1.py took 0.072 seconds
[2024-04-25T15:29:14.928+0000] {processor.py:161} INFO - Started process (PID=104) to work on /opt/airflow/dags/trigger_dag_run_dag1.py
[2024-04-25T15:29:14.928+0000] {processor.py:830} INFO - Processing file /opt/airflow/dags/trigger_dag_run_dag1.py for tasks to queue
[2024-04-25T15:29:14.929+0000] {logging_mixin.py:188} INFO - [2024-04-25T15:29:14.929+0000] {dagbag.py:540} INFO - Filling up the DagBag from /opt/airflow/dags/trigger_dag_run_dag1.py
[2024-04-25T15:29:14.944+0000] {processor.py:840} INFO - DAG(s) 'trigger_dag_run_dag1' retrieved from /opt/airflow/dags/trigger_dag_run_dag1.py
[2024-04-25T15:29:14.969+0000] {logging_mixin.py:188} INFO - [2024-04-25T15:29:14.968+0000] {dag.py:3047} INFO - Sync 1 DAGs
[2024-04-25T15:29:14.977+0000] {logging_mixin.py:188} INFO - [2024-04-25T15:29:14.977+0000] {dag.py:3834} INFO - Setting next_dagrun for trigger_dag_run_dag1 to None, run_after=None
[2024-04-25T15:29:14.991+0000] {processor.py:183} INFO - Processing /opt/airflow/dags/trigger_dag_run_dag1.py took 0.066 seconds
