[2024-04-25T15:22:32.963+0000] {processor.py:161} INFO - Started process (PID=48) to work on /opt/airflow/dags/trigger_dag_run_dag2.py
[2024-04-25T15:22:32.965+0000] {processor.py:830} INFO - Processing file /opt/airflow/dags/trigger_dag_run_dag2.py for tasks to queue
[2024-04-25T15:22:32.967+0000] {logging_mixin.py:188} INFO - [2024-04-25T15:22:32.967+0000] {dagbag.py:540} INFO - Filling up the DagBag from /opt/airflow/dags/trigger_dag_run_dag2.py
[2024-04-25T15:22:32.986+0000] {processor.py:840} INFO - DAG(s) 'trigger_dag_run_dag2' retrieved from /opt/airflow/dags/trigger_dag_run_dag2.py
[2024-04-25T15:22:33.025+0000] {logging_mixin.py:188} INFO - [2024-04-25T15:22:33.024+0000] {dag.py:3047} INFO - Sync 1 DAGs
[2024-04-25T15:22:33.050+0000] {logging_mixin.py:188} INFO - [2024-04-25T15:22:33.049+0000] {dag.py:3834} INFO - Setting next_dagrun for trigger_dag_run_dag2 to None, run_after=None
[2024-04-25T15:22:33.077+0000] {processor.py:183} INFO - Processing /opt/airflow/dags/trigger_dag_run_dag2.py took 0.117 seconds
[2024-04-25T15:27:44.344+0000] {processor.py:161} INFO - Started process (PID=48) to work on /opt/airflow/dags/trigger_dag_run_dag2.py
[2024-04-25T15:27:44.345+0000] {processor.py:830} INFO - Processing file /opt/airflow/dags/trigger_dag_run_dag2.py for tasks to queue
[2024-04-25T15:27:44.347+0000] {logging_mixin.py:188} INFO - [2024-04-25T15:27:44.347+0000] {dagbag.py:540} INFO - Filling up the DagBag from /opt/airflow/dags/trigger_dag_run_dag2.py
[2024-04-25T15:27:44.364+0000] {processor.py:840} INFO - DAG(s) 'trigger_dag_run_dag2' retrieved from /opt/airflow/dags/trigger_dag_run_dag2.py
[2024-04-25T15:27:44.390+0000] {logging_mixin.py:188} INFO - [2024-04-25T15:27:44.390+0000] {dag.py:3047} INFO - Sync 1 DAGs
[2024-04-25T15:27:44.412+0000] {logging_mixin.py:188} INFO - [2024-04-25T15:27:44.412+0000] {dag.py:3834} INFO - Setting next_dagrun for trigger_dag_run_dag2 to None, run_after=None
[2024-04-25T15:27:44.431+0000] {processor.py:183} INFO - Processing /opt/airflow/dags/trigger_dag_run_dag2.py took 0.089 seconds
[2024-04-25T15:28:14.549+0000] {processor.py:161} INFO - Started process (PID=69) to work on /opt/airflow/dags/trigger_dag_run_dag2.py
[2024-04-25T15:28:14.550+0000] {processor.py:830} INFO - Processing file /opt/airflow/dags/trigger_dag_run_dag2.py for tasks to queue
[2024-04-25T15:28:14.551+0000] {logging_mixin.py:188} INFO - [2024-04-25T15:28:14.551+0000] {dagbag.py:540} INFO - Filling up the DagBag from /opt/airflow/dags/trigger_dag_run_dag2.py
[2024-04-25T15:28:14.563+0000] {processor.py:840} INFO - DAG(s) 'trigger_dag_run_dag2' retrieved from /opt/airflow/dags/trigger_dag_run_dag2.py
[2024-04-25T15:28:14.591+0000] {logging_mixin.py:188} INFO - [2024-04-25T15:28:14.591+0000] {dag.py:3047} INFO - Sync 1 DAGs
[2024-04-25T15:28:14.612+0000] {logging_mixin.py:188} INFO - [2024-04-25T15:28:14.612+0000] {dag.py:3834} INFO - Setting next_dagrun for trigger_dag_run_dag2 to None, run_after=None
[2024-04-25T15:28:14.641+0000] {processor.py:183} INFO - Processing /opt/airflow/dags/trigger_dag_run_dag2.py took 0.095 seconds
[2024-04-25T15:28:44.893+0000] {processor.py:161} INFO - Started process (PID=90) to work on /opt/airflow/dags/trigger_dag_run_dag2.py
[2024-04-25T15:28:44.893+0000] {processor.py:830} INFO - Processing file /opt/airflow/dags/trigger_dag_run_dag2.py for tasks to queue
[2024-04-25T15:28:44.895+0000] {logging_mixin.py:188} INFO - [2024-04-25T15:28:44.895+0000] {dagbag.py:540} INFO - Filling up the DagBag from /opt/airflow/dags/trigger_dag_run_dag2.py
[2024-04-25T15:28:44.914+0000] {processor.py:840} INFO - DAG(s) 'trigger_dag_run_dag2' retrieved from /opt/airflow/dags/trigger_dag_run_dag2.py
[2024-04-25T15:28:44.935+0000] {logging_mixin.py:188} INFO - [2024-04-25T15:28:44.935+0000] {dag.py:3047} INFO - Sync 1 DAGs
[2024-04-25T15:28:44.952+0000] {logging_mixin.py:188} INFO - [2024-04-25T15:28:44.952+0000] {dag.py:3834} INFO - Setting next_dagrun for trigger_dag_run_dag2 to None, run_after=None
[2024-04-25T15:28:44.965+0000] {processor.py:183} INFO - Processing /opt/airflow/dags/trigger_dag_run_dag2.py took 0.074 seconds
[2024-04-25T15:29:15.241+0000] {processor.py:161} INFO - Started process (PID=111) to work on /opt/airflow/dags/trigger_dag_run_dag2.py
[2024-04-25T15:29:15.242+0000] {processor.py:830} INFO - Processing file /opt/airflow/dags/trigger_dag_run_dag2.py for tasks to queue
[2024-04-25T15:29:15.244+0000] {logging_mixin.py:188} INFO - [2024-04-25T15:29:15.243+0000] {dagbag.py:540} INFO - Filling up the DagBag from /opt/airflow/dags/trigger_dag_run_dag2.py
[2024-04-25T15:29:15.258+0000] {processor.py:840} INFO - DAG(s) 'trigger_dag_run_dag2' retrieved from /opt/airflow/dags/trigger_dag_run_dag2.py
[2024-04-25T15:29:15.281+0000] {logging_mixin.py:188} INFO - [2024-04-25T15:29:15.281+0000] {dag.py:3047} INFO - Sync 1 DAGs
[2024-04-25T15:29:15.298+0000] {logging_mixin.py:188} INFO - [2024-04-25T15:29:15.298+0000] {dag.py:3834} INFO - Setting next_dagrun for trigger_dag_run_dag2 to None, run_after=None
[2024-04-25T15:29:15.317+0000] {processor.py:183} INFO - Processing /opt/airflow/dags/trigger_dag_run_dag2.py took 0.078 seconds
