[2024-04-25T15:22:32.235+0000] {processor.py:161} INFO - Started process (PID=43) to work on /opt/airflow/dags/xcom.py
[2024-04-25T15:22:32.236+0000] {processor.py:830} INFO - Processing file /opt/airflow/dags/xcom.py for tasks to queue
[2024-04-25T15:22:32.374+0000] {logging_mixin.py:188} INFO - [2024-04-25T15:22:32.374+0000] {dagbag.py:540} INFO - Filling up the DagBag from /opt/airflow/dags/xcom.py
[2024-04-25T15:22:32.390+0000] {processor.py:840} INFO - DAG(s) 'xcom' retrieved from /opt/airflow/dags/xcom.py
[2024-04-25T15:22:32.425+0000] {logging_mixin.py:188} INFO - [2024-04-25T15:22:32.425+0000] {dag.py:3047} INFO - Sync 1 DAGs
[2024-04-25T15:22:32.445+0000] {logging_mixin.py:188} INFO - [2024-04-25T15:22:32.445+0000] {dag.py:3834} INFO - Setting next_dagrun for xcom to None, run_after=None
[2024-04-25T15:22:32.471+0000] {processor.py:183} INFO - Processing /opt/airflow/dags/xcom.py took 0.238 seconds
[2024-04-25T15:27:44.090+0000] {processor.py:161} INFO - Started process (PID=43) to work on /opt/airflow/dags/xcom.py
[2024-04-25T15:27:44.091+0000] {processor.py:830} INFO - Processing file /opt/airflow/dags/xcom.py for tasks to queue
[2024-04-25T15:27:44.092+0000] {logging_mixin.py:188} INFO - [2024-04-25T15:27:44.092+0000] {dagbag.py:540} INFO - Filling up the DagBag from /opt/airflow/dags/xcom.py
[2024-04-25T15:27:44.110+0000] {processor.py:840} INFO - DAG(s) 'xcom' retrieved from /opt/airflow/dags/xcom.py
[2024-04-25T15:27:44.141+0000] {logging_mixin.py:188} INFO - [2024-04-25T15:27:44.140+0000] {dag.py:3047} INFO - Sync 1 DAGs
[2024-04-25T15:27:44.162+0000] {logging_mixin.py:188} INFO - [2024-04-25T15:27:44.161+0000] {dag.py:3834} INFO - Setting next_dagrun for xcom to None, run_after=None
[2024-04-25T15:27:44.180+0000] {processor.py:183} INFO - Processing /opt/airflow/dags/xcom.py took 0.093 seconds
[2024-04-25T15:28:14.282+0000] {processor.py:161} INFO - Started process (PID=64) to work on /opt/airflow/dags/xcom.py
[2024-04-25T15:28:14.283+0000] {processor.py:830} INFO - Processing file /opt/airflow/dags/xcom.py for tasks to queue
[2024-04-25T15:28:14.284+0000] {logging_mixin.py:188} INFO - [2024-04-25T15:28:14.284+0000] {dagbag.py:540} INFO - Filling up the DagBag from /opt/airflow/dags/xcom.py
[2024-04-25T15:28:14.298+0000] {processor.py:840} INFO - DAG(s) 'xcom' retrieved from /opt/airflow/dags/xcom.py
[2024-04-25T15:28:14.324+0000] {logging_mixin.py:188} INFO - [2024-04-25T15:28:14.323+0000] {dag.py:3047} INFO - Sync 1 DAGs
[2024-04-25T15:28:14.344+0000] {logging_mixin.py:188} INFO - [2024-04-25T15:28:14.344+0000] {dag.py:3834} INFO - Setting next_dagrun for xcom to None, run_after=None
[2024-04-25T15:28:14.360+0000] {processor.py:183} INFO - Processing /opt/airflow/dags/xcom.py took 0.080 seconds
[2024-04-25T15:28:44.589+0000] {processor.py:161} INFO - Started process (PID=85) to work on /opt/airflow/dags/xcom.py
[2024-04-25T15:28:44.590+0000] {processor.py:830} INFO - Processing file /opt/airflow/dags/xcom.py for tasks to queue
[2024-04-25T15:28:44.591+0000] {logging_mixin.py:188} INFO - [2024-04-25T15:28:44.591+0000] {dagbag.py:540} INFO - Filling up the DagBag from /opt/airflow/dags/xcom.py
[2024-04-25T15:28:44.610+0000] {processor.py:840} INFO - DAG(s) 'xcom' retrieved from /opt/airflow/dags/xcom.py
[2024-04-25T15:28:44.631+0000] {logging_mixin.py:188} INFO - [2024-04-25T15:28:44.631+0000] {dag.py:3047} INFO - Sync 1 DAGs
[2024-04-25T15:28:44.648+0000] {logging_mixin.py:188} INFO - [2024-04-25T15:28:44.648+0000] {dag.py:3834} INFO - Setting next_dagrun for xcom to None, run_after=None
[2024-04-25T15:28:44.665+0000] {processor.py:183} INFO - Processing /opt/airflow/dags/xcom.py took 0.079 seconds
[2024-04-25T15:29:15.017+0000] {processor.py:161} INFO - Started process (PID=106) to work on /opt/airflow/dags/xcom.py
[2024-04-25T15:29:15.017+0000] {processor.py:830} INFO - Processing file /opt/airflow/dags/xcom.py for tasks to queue
[2024-04-25T15:29:15.019+0000] {logging_mixin.py:188} INFO - [2024-04-25T15:29:15.019+0000] {dagbag.py:540} INFO - Filling up the DagBag from /opt/airflow/dags/xcom.py
[2024-04-25T15:29:15.033+0000] {processor.py:840} INFO - DAG(s) 'xcom' retrieved from /opt/airflow/dags/xcom.py
[2024-04-25T15:29:15.055+0000] {logging_mixin.py:188} INFO - [2024-04-25T15:29:15.055+0000] {dag.py:3047} INFO - Sync 1 DAGs
[2024-04-25T15:29:15.084+0000] {logging_mixin.py:188} INFO - [2024-04-25T15:29:15.084+0000] {dag.py:3834} INFO - Setting next_dagrun for xcom to None, run_after=None
[2024-04-25T15:29:15.108+0000] {processor.py:183} INFO - Processing /opt/airflow/dags/xcom.py took 0.093 seconds
