[2024-02-29T16:12:05.022+0000] {logging_mixin.py:188} INFO - Changing /opt/***/logs/dag_id=context/run_id=scheduled__2024-01-19T00:00:00+00:00/task_id=print_ds permission to 509
[2024-02-29T16:12:05.024+0000] {logging_mixin.py:188} INFO - Changing /opt/***/logs/dag_id=context/run_id=scheduled__2024-01-19T00:00:00+00:00 permission to 509
[2024-02-29T16:12:05.026+0000] {logging_mixin.py:188} INFO - Changing /opt/***/logs/dag_id=context permission to 509
[2024-02-29T16:12:05.029+0000] {logging_mixin.py:188} INFO - Changing /opt/***/logs permission to 509
[2024-02-29T16:12:05.110+0000] {logging_mixin.py:188} INFO - Changing /opt/***/logs/dag_id=context/run_id=scheduled__2024-01-19T00:00:00+00:00/task_id=print_ds permission to 509
[2024-02-29T16:12:05.113+0000] {logging_mixin.py:188} INFO - Changing /opt/***/logs/dag_id=context/run_id=scheduled__2024-01-19T00:00:00+00:00 permission to 509
[2024-02-29T16:12:05.115+0000] {logging_mixin.py:188} INFO - Changing /opt/***/logs/dag_id=context permission to 509
[2024-02-29T16:12:05.118+0000] {logging_mixin.py:188} INFO - Changing /opt/***/logs permission to 509
[2024-02-29T16:12:05.164+0000] {taskinstance.py:1979} INFO - Dependencies all met for dep_context=non-requeueable deps ti=<TaskInstance: context.print_ds scheduled__2024-01-19T00:00:00+00:00 [queued]>
[2024-02-29T16:12:05.172+0000] {taskinstance.py:1979} INFO - Dependencies all met for dep_context=requeueable deps ti=<TaskInstance: context.print_ds scheduled__2024-01-19T00:00:00+00:00 [queued]>
[2024-02-29T16:12:05.201+0000] {taskinstance.py:2193} INFO - Starting attempt 1 of 3
[2024-02-29T16:12:05.232+0000] {taskinstance.py:2214} INFO - Executing <Task(PythonOperator): print_ds> on 2024-01-19 00:00:00+00:00
[2024-02-29T16:12:05.236+0000] {standard_task_runner.py:60} INFO - Started process 102 to run task
[2024-02-29T16:12:05.238+0000] {standard_task_runner.py:87} INFO - Running: ['***', 'tasks', 'run', 'context', 'print_ds', 'scheduled__2024-01-19T00:00:00+00:00', '--job-id', '100', '--raw', '--subdir', 'DAGS_FOLDER/context.py', '--cfg-path', '/tmp/tmpgwf_uud9']
[2024-02-29T16:12:05.239+0000] {standard_task_runner.py:88} INFO - Job 100: Subtask print_ds
[2024-02-29T16:12:05.350+0000] {logging_mixin.py:188} INFO - Changing /opt/***/logs/dag_id=context/run_id=scheduled__2024-01-19T00:00:00+00:00/task_id=print_ds permission to 509
[2024-02-29T16:12:05.351+0000] {logging_mixin.py:188} INFO - Changing /opt/***/logs/dag_id=context/run_id=scheduled__2024-01-19T00:00:00+00:00 permission to 509
[2024-02-29T16:12:05.352+0000] {logging_mixin.py:188} INFO - Changing /opt/***/logs/dag_id=context permission to 509
[2024-02-29T16:12:05.354+0000] {logging_mixin.py:188} INFO - Changing /opt/***/logs permission to 509
[2024-02-29T16:12:05.357+0000] {task_command.py:423} INFO - Running <TaskInstance: context.print_ds scheduled__2024-01-19T00:00:00+00:00 [running]> on host 68829ac68ce6
[2024-02-29T16:12:05.525+0000] {taskinstance.py:2510} INFO - Exporting env vars: AIRFLOW_CTX_DAG_OWNER='vutt' AIRFLOW_CTX_DAG_ID='context' AIRFLOW_CTX_TASK_ID='print_ds' AIRFLOW_CTX_EXECUTION_DATE='2024-01-19T00:00:00+00:00' AIRFLOW_CTX_TRY_NUMBER='1' AIRFLOW_CTX_DAG_RUN_ID='scheduled__2024-01-19T00:00:00+00:00'
[2024-02-29T16:12:05.526+0000] {logging_mixin.py:188} INFO - 2024-01-19
[2024-02-29T16:12:05.527+0000] {python.py:202} INFO - Done. Returned value was: None
[2024-02-29T16:12:05.549+0000] {taskinstance.py:1149} INFO - Marking task as SUCCESS. dag_id=context, task_id=print_ds, execution_date=20240119T000000, start_date=20240229T161205, end_date=20240229T161205
[2024-02-29T16:12:05.571+0000] {local_task_job_runner.py:234} INFO - Task exited with return code 0
[2024-02-29T16:12:05.599+0000] {taskinstance.py:3309} INFO - 0 downstream tasks scheduled from follow-on schedule check
