[2024-03-01T15:47:35.328+0000] {logging_mixin.py:188} INFO - Changing /opt/***/logs/dag_id=pool/run_id=scheduled__2024-01-02T00:00:00+00:00/task_id=task_10 permission to 509
[2024-03-01T15:47:35.330+0000] {logging_mixin.py:188} INFO - Changing /opt/***/logs/dag_id=pool/run_id=scheduled__2024-01-02T00:00:00+00:00 permission to 509
[2024-03-01T15:47:35.332+0000] {logging_mixin.py:188} INFO - Changing /opt/***/logs/dag_id=pool permission to 509
[2024-03-01T15:47:35.335+0000] {logging_mixin.py:188} INFO - Changing /opt/***/logs permission to 509
[2024-03-01T15:47:35.405+0000] {logging_mixin.py:188} INFO - Changing /opt/***/logs/dag_id=pool/run_id=scheduled__2024-01-02T00:00:00+00:00/task_id=task_10 permission to 509
[2024-03-01T15:47:35.407+0000] {logging_mixin.py:188} INFO - Changing /opt/***/logs/dag_id=pool/run_id=scheduled__2024-01-02T00:00:00+00:00 permission to 509
[2024-03-01T15:47:35.409+0000] {logging_mixin.py:188} INFO - Changing /opt/***/logs/dag_id=pool permission to 509
[2024-03-01T15:47:35.411+0000] {logging_mixin.py:188} INFO - Changing /opt/***/logs permission to 509
[2024-03-01T15:47:35.468+0000] {taskinstance.py:1979} INFO - Dependencies all met for dep_context=non-requeueable deps ti=<TaskInstance: pool.task_10 scheduled__2024-01-02T00:00:00+00:00 [queued]>
[2024-03-01T15:47:35.481+0000] {taskinstance.py:1979} INFO - Dependencies all met for dep_context=requeueable deps ti=<TaskInstance: pool.task_10 scheduled__2024-01-02T00:00:00+00:00 [queued]>
[2024-03-01T15:47:35.481+0000] {taskinstance.py:2193} INFO - Starting attempt 1 of 3
[2024-03-01T15:47:35.514+0000] {taskinstance.py:2214} INFO - Executing <Task(BashOperator): task_10> on 2024-01-02 00:00:00+00:00
[2024-03-01T15:47:35.521+0000] {standard_task_runner.py:60} INFO - Started process 802 to run task
[2024-03-01T15:47:35.523+0000] {standard_task_runner.py:87} INFO - Running: ['***', 'tasks', 'run', 'pool', 'task_10', 'scheduled__2024-01-02T00:00:00+00:00', '--job-id', '184', '--raw', '--subdir', 'DAGS_FOLDER/pool.py', '--cfg-path', '/tmp/tmp3owsd8b5']
[2024-03-01T15:47:35.524+0000] {standard_task_runner.py:88} INFO - Job 184: Subtask task_10
[2024-03-01T15:47:35.624+0000] {logging_mixin.py:188} INFO - Changing /opt/***/logs/dag_id=pool/run_id=scheduled__2024-01-02T00:00:00+00:00/task_id=task_10 permission to 509
[2024-03-01T15:47:35.625+0000] {logging_mixin.py:188} INFO - Changing /opt/***/logs/dag_id=pool/run_id=scheduled__2024-01-02T00:00:00+00:00 permission to 509
[2024-03-01T15:47:35.627+0000] {logging_mixin.py:188} INFO - Changing /opt/***/logs/dag_id=pool permission to 509
[2024-03-01T15:47:35.628+0000] {logging_mixin.py:188} INFO - Changing /opt/***/logs permission to 509
[2024-03-01T15:47:35.629+0000] {task_command.py:423} INFO - Running <TaskInstance: pool.task_10 scheduled__2024-01-02T00:00:00+00:00 [running]> on host 68829ac68ce6
[2024-03-01T15:47:35.814+0000] {taskinstance.py:2510} INFO - Exporting env vars: AIRFLOW_CTX_DAG_OWNER='vutt' AIRFLOW_CTX_DAG_ID='pool' AIRFLOW_CTX_TASK_ID='task_10' AIRFLOW_CTX_EXECUTION_DATE='2024-01-02T00:00:00+00:00' AIRFLOW_CTX_TRY_NUMBER='1' AIRFLOW_CTX_DAG_RUN_ID='scheduled__2024-01-02T00:00:00+00:00'
[2024-03-01T15:47:35.815+0000] {subprocess.py:63} INFO - Tmp dir root location: /tmp
[2024-03-01T15:47:35.817+0000] {subprocess.py:75} INFO - Running command: ['/usr/bin/bash', '-c', 'echo task_10']
[2024-03-01T15:47:35.825+0000] {subprocess.py:86} INFO - Output:
[2024-03-01T15:47:35.825+0000] {subprocess.py:93} INFO - task_10
[2024-03-01T15:47:35.826+0000] {subprocess.py:97} INFO - Command exited with return code 0
[2024-03-01T15:47:35.932+0000] {taskinstance.py:1149} INFO - Marking task as SUCCESS. dag_id=pool, task_id=task_10, execution_date=20240102T000000, start_date=20240301T154735, end_date=20240301T154735
[2024-03-01T15:47:35.977+0000] {local_task_job_runner.py:234} INFO - Task exited with return code 0
[2024-03-01T15:47:36.022+0000] {taskinstance.py:3309} INFO - 0 downstream tasks scheduled from follow-on schedule check
