[2024-02-29T16:11:58.567+0000] {logging_mixin.py:188} INFO - Changing /opt/***/logs/dag_id=context/run_id=scheduled__2024-01-07T00:00:00+00:00/task_id=print_ds permission to 509
[2024-02-29T16:11:58.569+0000] {logging_mixin.py:188} INFO - Changing /opt/***/logs/dag_id=context/run_id=scheduled__2024-01-07T00:00:00+00:00 permission to 509
[2024-02-29T16:11:58.570+0000] {logging_mixin.py:188} INFO - Changing /opt/***/logs/dag_id=context permission to 509
[2024-02-29T16:11:58.571+0000] {logging_mixin.py:188} INFO - Changing /opt/***/logs permission to 509
[2024-02-29T16:11:58.641+0000] {logging_mixin.py:188} INFO - Changing /opt/***/logs/dag_id=context/run_id=scheduled__2024-01-07T00:00:00+00:00/task_id=print_ds permission to 509
[2024-02-29T16:11:58.643+0000] {logging_mixin.py:188} INFO - Changing /opt/***/logs/dag_id=context/run_id=scheduled__2024-01-07T00:00:00+00:00 permission to 509
[2024-02-29T16:11:58.644+0000] {logging_mixin.py:188} INFO - Changing /opt/***/logs/dag_id=context permission to 509
[2024-02-29T16:11:58.645+0000] {logging_mixin.py:188} INFO - Changing /opt/***/logs permission to 509
[2024-02-29T16:11:58.687+0000] {taskinstance.py:1979} INFO - Dependencies all met for dep_context=non-requeueable deps ti=<TaskInstance: context.print_ds scheduled__2024-01-07T00:00:00+00:00 [queued]>
[2024-02-29T16:11:58.694+0000] {taskinstance.py:1979} INFO - Dependencies all met for dep_context=requeueable deps ti=<TaskInstance: context.print_ds scheduled__2024-01-07T00:00:00+00:00 [queued]>
[2024-02-29T16:11:58.694+0000] {taskinstance.py:2193} INFO - Starting attempt 1 of 3
[2024-02-29T16:11:58.711+0000] {taskinstance.py:2214} INFO - Executing <Task(PythonOperator): print_ds> on 2024-01-07 00:00:00+00:00
[2024-02-29T16:11:58.716+0000] {standard_task_runner.py:60} INFO - Started process 70 to run task
[2024-02-29T16:11:58.718+0000] {standard_task_runner.py:87} INFO - Running: ['***', 'tasks', 'run', 'context', 'print_ds', 'scheduled__2024-01-07T00:00:00+00:00', '--job-id', '88', '--raw', '--subdir', 'DAGS_FOLDER/context.py', '--cfg-path', '/tmp/tmpbtpx1tq_']
[2024-02-29T16:11:58.719+0000] {standard_task_runner.py:88} INFO - Job 88: Subtask print_ds
[2024-02-29T16:11:58.808+0000] {logging_mixin.py:188} INFO - Changing /opt/***/logs/dag_id=context/run_id=scheduled__2024-01-07T00:00:00+00:00/task_id=print_ds permission to 509
[2024-02-29T16:11:58.810+0000] {logging_mixin.py:188} INFO - Changing /opt/***/logs/dag_id=context/run_id=scheduled__2024-01-07T00:00:00+00:00 permission to 509
[2024-02-29T16:11:58.811+0000] {logging_mixin.py:188} INFO - Changing /opt/***/logs/dag_id=context permission to 509
[2024-02-29T16:11:58.812+0000] {logging_mixin.py:188} INFO - Changing /opt/***/logs permission to 509
[2024-02-29T16:11:58.816+0000] {task_command.py:423} INFO - Running <TaskInstance: context.print_ds scheduled__2024-01-07T00:00:00+00:00 [running]> on host 68829ac68ce6
[2024-02-29T16:11:58.951+0000] {taskinstance.py:2510} INFO - Exporting env vars: AIRFLOW_CTX_DAG_OWNER='vutt' AIRFLOW_CTX_DAG_ID='context' AIRFLOW_CTX_TASK_ID='print_ds' AIRFLOW_CTX_EXECUTION_DATE='2024-01-07T00:00:00+00:00' AIRFLOW_CTX_TRY_NUMBER='1' AIRFLOW_CTX_DAG_RUN_ID='scheduled__2024-01-07T00:00:00+00:00'
[2024-02-29T16:11:58.952+0000] {logging_mixin.py:188} INFO - 2024-01-07
[2024-02-29T16:11:58.953+0000] {python.py:202} INFO - Done. Returned value was: None
[2024-02-29T16:11:58.973+0000] {taskinstance.py:1149} INFO - Marking task as SUCCESS. dag_id=context, task_id=print_ds, execution_date=20240107T000000, start_date=20240229T161158, end_date=20240229T161158
[2024-02-29T16:11:59.010+0000] {local_task_job_runner.py:234} INFO - Task exited with return code 0
[2024-02-29T16:11:59.037+0000] {taskinstance.py:3309} INFO - 0 downstream tasks scheduled from follow-on schedule check
[2024-02-29T16:13:23.899+0000] {logging_mixin.py:188} INFO - Changing /opt/***/logs/dag_id=context/run_id=scheduled__2024-01-07T00:00:00+00:00/task_id=print_ds permission to 509
[2024-02-29T16:13:23.901+0000] {logging_mixin.py:188} INFO - Changing /opt/***/logs/dag_id=context/run_id=scheduled__2024-01-07T00:00:00+00:00 permission to 509
[2024-02-29T16:13:23.902+0000] {logging_mixin.py:188} INFO - Changing /opt/***/logs/dag_id=context permission to 509
[2024-02-29T16:13:23.904+0000] {logging_mixin.py:188} INFO - Changing /opt/***/logs permission to 509
[2024-02-29T16:13:24.006+0000] {logging_mixin.py:188} INFO - Changing /opt/***/logs/dag_id=context/run_id=scheduled__2024-01-07T00:00:00+00:00/task_id=print_ds permission to 509
[2024-02-29T16:13:24.009+0000] {logging_mixin.py:188} INFO - Changing /opt/***/logs/dag_id=context/run_id=scheduled__2024-01-07T00:00:00+00:00 permission to 509
[2024-02-29T16:13:24.011+0000] {logging_mixin.py:188} INFO - Changing /opt/***/logs/dag_id=context permission to 509
[2024-02-29T16:13:24.013+0000] {logging_mixin.py:188} INFO - Changing /opt/***/logs permission to 509
[2024-02-29T16:13:24.071+0000] {taskinstance.py:1979} INFO - Dependencies all met for dep_context=non-requeueable deps ti=<TaskInstance: context.print_ds scheduled__2024-01-07T00:00:00+00:00 [queued]>
[2024-02-29T16:13:24.084+0000] {taskinstance.py:1979} INFO - Dependencies all met for dep_context=requeueable deps ti=<TaskInstance: context.print_ds scheduled__2024-01-07T00:00:00+00:00 [queued]>
[2024-02-29T16:13:24.085+0000] {taskinstance.py:2193} INFO - Starting attempt 1 of 3
[2024-02-29T16:13:24.104+0000] {taskinstance.py:2214} INFO - Executing <Task(PythonOperator): print_ds> on 2024-01-07 00:00:00+00:00
[2024-02-29T16:13:24.111+0000] {standard_task_runner.py:60} INFO - Started process 132 to run task
[2024-02-29T16:13:24.114+0000] {standard_task_runner.py:87} INFO - Running: ['***', 'tasks', 'run', 'context', 'print_ds', 'scheduled__2024-01-07T00:00:00+00:00', '--job-id', '109', '--raw', '--subdir', 'DAGS_FOLDER/context.py', '--cfg-path', '/tmp/tmpxu7bjvwo']
[2024-02-29T16:13:24.115+0000] {standard_task_runner.py:88} INFO - Job 109: Subtask print_ds
[2024-02-29T16:13:24.201+0000] {logging_mixin.py:188} INFO - Changing /opt/***/logs/dag_id=context/run_id=scheduled__2024-01-07T00:00:00+00:00/task_id=print_ds permission to 509
[2024-02-29T16:13:24.202+0000] {logging_mixin.py:188} INFO - Changing /opt/***/logs/dag_id=context/run_id=scheduled__2024-01-07T00:00:00+00:00 permission to 509
[2024-02-29T16:13:24.204+0000] {logging_mixin.py:188} INFO - Changing /opt/***/logs/dag_id=context permission to 509
[2024-02-29T16:13:24.205+0000] {logging_mixin.py:188} INFO - Changing /opt/***/logs permission to 509
[2024-02-29T16:13:24.207+0000] {task_command.py:423} INFO - Running <TaskInstance: context.print_ds scheduled__2024-01-07T00:00:00+00:00 [running]> on host 68829ac68ce6
[2024-02-29T16:13:24.347+0000] {taskinstance.py:2510} INFO - Exporting env vars: AIRFLOW_CTX_DAG_OWNER='vutt' AIRFLOW_CTX_DAG_ID='context' AIRFLOW_CTX_TASK_ID='print_ds' AIRFLOW_CTX_EXECUTION_DATE='2024-01-07T00:00:00+00:00' AIRFLOW_CTX_TRY_NUMBER='1' AIRFLOW_CTX_DAG_RUN_ID='scheduled__2024-01-07T00:00:00+00:00'
[2024-02-29T16:13:24.348+0000] {logging_mixin.py:188} INFO - 2024-01-07
[2024-02-29T16:13:24.348+0000] {python.py:202} INFO - Done. Returned value was: None
[2024-02-29T16:13:24.367+0000] {taskinstance.py:1149} INFO - Marking task as SUCCESS. dag_id=context, task_id=print_ds, execution_date=20240107T000000, start_date=20240229T161324, end_date=20240229T161324
[2024-02-29T16:13:24.406+0000] {local_task_job_runner.py:234} INFO - Task exited with return code 0
[2024-02-29T16:13:24.435+0000] {taskinstance.py:3309} INFO - 0 downstream tasks scheduled from follow-on schedule check
