[2024-02-29T16:52:13.403+0000] {logging_mixin.py:188} INFO - Changing /opt/***/logs/dag_id=sensor/run_id=scheduled__2024-01-01T00:00:00+00:00/task_id=wait_event permission to 509
[2024-02-29T16:52:13.405+0000] {logging_mixin.py:188} INFO - Changing /opt/***/logs/dag_id=sensor/run_id=scheduled__2024-01-01T00:00:00+00:00 permission to 509
[2024-02-29T16:52:13.406+0000] {logging_mixin.py:188} INFO - Changing /opt/***/logs/dag_id=sensor permission to 509
[2024-02-29T16:52:13.407+0000] {logging_mixin.py:188} INFO - Changing /opt/***/logs permission to 509
[2024-02-29T16:52:13.449+0000] {logging_mixin.py:188} INFO - Changing /opt/***/logs/dag_id=sensor/run_id=scheduled__2024-01-01T00:00:00+00:00/task_id=wait_event permission to 509
[2024-02-29T16:52:13.451+0000] {logging_mixin.py:188} INFO - Changing /opt/***/logs/dag_id=sensor/run_id=scheduled__2024-01-01T00:00:00+00:00 permission to 509
[2024-02-29T16:52:13.451+0000] {logging_mixin.py:188} INFO - Changing /opt/***/logs/dag_id=sensor permission to 509
[2024-02-29T16:52:13.452+0000] {logging_mixin.py:188} INFO - Changing /opt/***/logs permission to 509
[2024-02-29T16:52:13.483+0000] {taskinstance.py:1979} INFO - Dependencies all met for dep_context=non-requeueable deps ti=<TaskInstance: sensor.wait_event scheduled__2024-01-01T00:00:00+00:00 [queued]>
[2024-02-29T16:52:13.489+0000] {taskinstance.py:1979} INFO - Dependencies all met for dep_context=requeueable deps ti=<TaskInstance: sensor.wait_event scheduled__2024-01-01T00:00:00+00:00 [queued]>
[2024-02-29T16:52:13.490+0000] {taskinstance.py:2193} INFO - Starting attempt 1 of 3
[2024-02-29T16:52:13.498+0000] {taskinstance.py:2214} INFO - Executing <Task(PythonSensor): wait_event> on 2024-01-01 00:00:00+00:00
[2024-02-29T16:52:13.502+0000] {standard_task_runner.py:60} INFO - Started process 684 to run task
[2024-02-29T16:52:13.504+0000] {standard_task_runner.py:87} INFO - Running: ['***', 'tasks', 'run', 'sensor', 'wait_event', 'scheduled__2024-01-01T00:00:00+00:00', '--job-id', '119', '--raw', '--subdir', 'DAGS_FOLDER/sensor.py', '--cfg-path', '/tmp/tmp36v0qje9']
[2024-02-29T16:52:13.505+0000] {standard_task_runner.py:88} INFO - Job 119: Subtask wait_event
[2024-02-29T16:52:13.574+0000] {logging_mixin.py:188} INFO - Changing /opt/***/logs/dag_id=sensor/run_id=scheduled__2024-01-01T00:00:00+00:00/task_id=wait_event permission to 509
[2024-02-29T16:52:13.576+0000] {logging_mixin.py:188} INFO - Changing /opt/***/logs/dag_id=sensor/run_id=scheduled__2024-01-01T00:00:00+00:00 permission to 509
[2024-02-29T16:52:13.576+0000] {logging_mixin.py:188} INFO - Changing /opt/***/logs/dag_id=sensor permission to 509
[2024-02-29T16:52:13.577+0000] {logging_mixin.py:188} INFO - Changing /opt/***/logs permission to 509
[2024-02-29T16:52:13.579+0000] {task_command.py:423} INFO - Running <TaskInstance: sensor.wait_event scheduled__2024-01-01T00:00:00+00:00 [running]> on host 68829ac68ce6
[2024-02-29T16:52:13.718+0000] {taskinstance.py:2510} INFO - Exporting env vars: AIRFLOW_CTX_DAG_OWNER='vutt' AIRFLOW_CTX_DAG_ID='sensor' AIRFLOW_CTX_TASK_ID='wait_event' AIRFLOW_CTX_EXECUTION_DATE='2024-01-01T00:00:00+00:00' AIRFLOW_CTX_TRY_NUMBER='1' AIRFLOW_CTX_DAG_RUN_ID='scheduled__2024-01-01T00:00:00+00:00'
[2024-02-29T16:52:13.731+0000] {python.py:75} INFO - Poking callable: <function _wait_event at 0x7f00564274c0>
[2024-02-29T16:52:13.765+0000] {taskinstance.py:2688} INFO - Rescheduling task, marking task as UP_FOR_RESCHEDULE
[2024-02-29T16:52:13.797+0000] {local_task_job_runner.py:234} INFO - Task exited with return code 0
[2024-02-29T16:52:13.824+0000] {taskinstance.py:3309} INFO - 0 downstream tasks scheduled from follow-on schedule check
[2024-02-29T16:56:12.153+0000] {logging_mixin.py:188} INFO - Changing /opt/***/logs/dag_id=sensor/run_id=scheduled__2024-01-01T00:00:00+00:00/task_id=wait_event permission to 509
[2024-02-29T16:56:12.154+0000] {logging_mixin.py:188} INFO - Changing /opt/***/logs/dag_id=sensor/run_id=scheduled__2024-01-01T00:00:00+00:00 permission to 509
[2024-02-29T16:56:12.155+0000] {logging_mixin.py:188} INFO - Changing /opt/***/logs/dag_id=sensor permission to 509
[2024-02-29T16:56:12.156+0000] {logging_mixin.py:188} INFO - Changing /opt/***/logs permission to 509
[2024-02-29T16:56:12.205+0000] {logging_mixin.py:188} INFO - Changing /opt/***/logs/dag_id=sensor/run_id=scheduled__2024-01-01T00:00:00+00:00/task_id=wait_event permission to 509
[2024-02-29T16:56:12.208+0000] {logging_mixin.py:188} INFO - Changing /opt/***/logs/dag_id=sensor/run_id=scheduled__2024-01-01T00:00:00+00:00 permission to 509
[2024-02-29T16:56:12.213+0000] {logging_mixin.py:188} INFO - Changing /opt/***/logs/dag_id=sensor permission to 509
[2024-02-29T16:56:12.214+0000] {logging_mixin.py:188} INFO - Changing /opt/***/logs permission to 509
[2024-02-29T16:56:12.250+0000] {taskinstance.py:1979} INFO - Dependencies all met for dep_context=non-requeueable deps ti=<TaskInstance: sensor.wait_event scheduled__2024-01-01T00:00:00+00:00 [queued]>
[2024-02-29T16:56:12.256+0000] {taskinstance.py:1979} INFO - Dependencies all met for dep_context=requeueable deps ti=<TaskInstance: sensor.wait_event scheduled__2024-01-01T00:00:00+00:00 [queued]>
[2024-02-29T16:56:12.256+0000] {taskinstance.py:2193} INFO - Starting attempt 1 of 3
[2024-02-29T16:56:12.264+0000] {taskinstance.py:2214} INFO - Executing <Task(PythonSensor): wait_event> on 2024-01-01 00:00:00+00:00
[2024-02-29T16:56:12.268+0000] {standard_task_runner.py:60} INFO - Started process 735 to run task
[2024-02-29T16:56:12.269+0000] {standard_task_runner.py:87} INFO - Running: ['***', 'tasks', 'run', 'sensor', 'wait_event', 'scheduled__2024-01-01T00:00:00+00:00', '--job-id', '120', '--raw', '--subdir', 'DAGS_FOLDER/sensor.py', '--cfg-path', '/tmp/tmpbwikfr8v']
[2024-02-29T16:56:12.271+0000] {standard_task_runner.py:88} INFO - Job 120: Subtask wait_event
[2024-02-29T16:56:12.339+0000] {logging_mixin.py:188} INFO - Changing /opt/***/logs/dag_id=sensor/run_id=scheduled__2024-01-01T00:00:00+00:00/task_id=wait_event permission to 509
[2024-02-29T16:56:12.340+0000] {logging_mixin.py:188} INFO - Changing /opt/***/logs/dag_id=sensor/run_id=scheduled__2024-01-01T00:00:00+00:00 permission to 509
[2024-02-29T16:56:12.341+0000] {logging_mixin.py:188} INFO - Changing /opt/***/logs/dag_id=sensor permission to 509
[2024-02-29T16:56:12.342+0000] {logging_mixin.py:188} INFO - Changing /opt/***/logs permission to 509
[2024-02-29T16:56:12.343+0000] {task_command.py:423} INFO - Running <TaskInstance: sensor.wait_event scheduled__2024-01-01T00:00:00+00:00 [running]> on host 68829ac68ce6
[2024-02-29T16:56:12.455+0000] {taskinstance.py:2510} INFO - Exporting env vars: AIRFLOW_CTX_DAG_OWNER='vutt' AIRFLOW_CTX_DAG_ID='sensor' AIRFLOW_CTX_TASK_ID='wait_event' AIRFLOW_CTX_EXECUTION_DATE='2024-01-01T00:00:00+00:00' AIRFLOW_CTX_TRY_NUMBER='1' AIRFLOW_CTX_DAG_RUN_ID='scheduled__2024-01-01T00:00:00+00:00'
[2024-02-29T16:56:12.468+0000] {python.py:75} INFO - Poking callable: <function _wait_event at 0x7f00564274c0>
[2024-02-29T16:56:12.494+0000] {taskinstance.py:2688} INFO - Rescheduling task, marking task as UP_FOR_RESCHEDULE
[2024-02-29T16:56:12.522+0000] {local_task_job_runner.py:234} INFO - Task exited with return code 0
[2024-02-29T16:56:12.556+0000] {taskinstance.py:3309} INFO - 0 downstream tasks scheduled from follow-on schedule check
[2024-02-29T16:57:13.566+0000] {logging_mixin.py:188} INFO - Changing /opt/***/logs/dag_id=sensor/run_id=scheduled__2024-01-01T00:00:00+00:00/task_id=wait_event permission to 509
[2024-02-29T16:57:13.567+0000] {logging_mixin.py:188} INFO - Changing /opt/***/logs/dag_id=sensor/run_id=scheduled__2024-01-01T00:00:00+00:00 permission to 509
[2024-02-29T16:57:13.568+0000] {logging_mixin.py:188} INFO - Changing /opt/***/logs/dag_id=sensor permission to 509
[2024-02-29T16:57:13.570+0000] {logging_mixin.py:188} INFO - Changing /opt/***/logs permission to 509
[2024-02-29T16:57:13.626+0000] {logging_mixin.py:188} INFO - Changing /opt/***/logs/dag_id=sensor/run_id=scheduled__2024-01-01T00:00:00+00:00/task_id=wait_event permission to 509
[2024-02-29T16:57:13.628+0000] {logging_mixin.py:188} INFO - Changing /opt/***/logs/dag_id=sensor/run_id=scheduled__2024-01-01T00:00:00+00:00 permission to 509
[2024-02-29T16:57:13.629+0000] {logging_mixin.py:188} INFO - Changing /opt/***/logs/dag_id=sensor permission to 509
[2024-02-29T16:57:13.629+0000] {logging_mixin.py:188} INFO - Changing /opt/***/logs permission to 509
[2024-02-29T16:57:13.692+0000] {taskinstance.py:1979} INFO - Dependencies all met for dep_context=non-requeueable deps ti=<TaskInstance: sensor.wait_event scheduled__2024-01-01T00:00:00+00:00 [queued]>
[2024-02-29T16:57:13.700+0000] {taskinstance.py:1979} INFO - Dependencies all met for dep_context=requeueable deps ti=<TaskInstance: sensor.wait_event scheduled__2024-01-01T00:00:00+00:00 [queued]>
[2024-02-29T16:57:13.700+0000] {taskinstance.py:2193} INFO - Starting attempt 1 of 3
[2024-02-29T16:57:13.711+0000] {taskinstance.py:2214} INFO - Executing <Task(PythonSensor): wait_event> on 2024-01-01 00:00:00+00:00
[2024-02-29T16:57:13.715+0000] {standard_task_runner.py:60} INFO - Started process 751 to run task
[2024-02-29T16:57:13.717+0000] {standard_task_runner.py:87} INFO - Running: ['***', 'tasks', 'run', 'sensor', 'wait_event', 'scheduled__2024-01-01T00:00:00+00:00', '--job-id', '121', '--raw', '--subdir', 'DAGS_FOLDER/sensor.py', '--cfg-path', '/tmp/tmp7qm0cew6']
[2024-02-29T16:57:13.718+0000] {standard_task_runner.py:88} INFO - Job 121: Subtask wait_event
[2024-02-29T16:57:13.792+0000] {logging_mixin.py:188} INFO - Changing /opt/***/logs/dag_id=sensor/run_id=scheduled__2024-01-01T00:00:00+00:00/task_id=wait_event permission to 509
[2024-02-29T16:57:13.794+0000] {logging_mixin.py:188} INFO - Changing /opt/***/logs/dag_id=sensor/run_id=scheduled__2024-01-01T00:00:00+00:00 permission to 509
[2024-02-29T16:57:13.795+0000] {logging_mixin.py:188} INFO - Changing /opt/***/logs/dag_id=sensor permission to 509
[2024-02-29T16:57:13.796+0000] {logging_mixin.py:188} INFO - Changing /opt/***/logs permission to 509
[2024-02-29T16:57:13.798+0000] {task_command.py:423} INFO - Running <TaskInstance: sensor.wait_event scheduled__2024-01-01T00:00:00+00:00 [running]> on host 68829ac68ce6
[2024-02-29T16:57:13.914+0000] {taskinstance.py:2510} INFO - Exporting env vars: AIRFLOW_CTX_DAG_OWNER='vutt' AIRFLOW_CTX_DAG_ID='sensor' AIRFLOW_CTX_TASK_ID='wait_event' AIRFLOW_CTX_EXECUTION_DATE='2024-01-01T00:00:00+00:00' AIRFLOW_CTX_TRY_NUMBER='1' AIRFLOW_CTX_DAG_RUN_ID='scheduled__2024-01-01T00:00:00+00:00'
[2024-02-29T16:57:13.931+0000] {python.py:75} INFO - Poking callable: <function _wait_event at 0x7f00564274c0>
[2024-02-29T16:57:13.967+0000] {taskinstance.py:2688} INFO - Rescheduling task, marking task as UP_FOR_RESCHEDULE
[2024-02-29T16:57:14.010+0000] {local_task_job_runner.py:234} INFO - Task exited with return code 0
[2024-02-29T16:57:14.049+0000] {taskinstance.py:3309} INFO - 0 downstream tasks scheduled from follow-on schedule check
