[2024-03-01T15:47:38.879+0000] {logging_mixin.py:188} INFO - Changing /opt/***/logs/dag_id=pool/run_id=scheduled__2024-01-03T00:00:00+00:00/task_id=task_3 permission to 509
[2024-03-01T15:47:38.882+0000] {logging_mixin.py:188} INFO - Changing /opt/***/logs/dag_id=pool/run_id=scheduled__2024-01-03T00:00:00+00:00 permission to 509
[2024-03-01T15:47:38.884+0000] {logging_mixin.py:188} INFO - Changing /opt/***/logs/dag_id=pool permission to 509
[2024-03-01T15:47:38.887+0000] {logging_mixin.py:188} INFO - Changing /opt/***/logs permission to 509
[2024-03-01T15:47:38.955+0000] {logging_mixin.py:188} INFO - Changing /opt/***/logs/dag_id=pool/run_id=scheduled__2024-01-03T00:00:00+00:00/task_id=task_3 permission to 509
[2024-03-01T15:47:38.958+0000] {logging_mixin.py:188} INFO - Changing /opt/***/logs/dag_id=pool/run_id=scheduled__2024-01-03T00:00:00+00:00 permission to 509
[2024-03-01T15:47:38.961+0000] {logging_mixin.py:188} INFO - Changing /opt/***/logs/dag_id=pool permission to 509
[2024-03-01T15:47:38.963+0000] {logging_mixin.py:188} INFO - Changing /opt/***/logs permission to 509
[2024-03-01T15:47:39.008+0000] {taskinstance.py:1979} INFO - Dependencies all met for dep_context=non-requeueable deps ti=<TaskInstance: pool.task_3 scheduled__2024-01-03T00:00:00+00:00 [queued]>
[2024-03-01T15:47:39.016+0000] {taskinstance.py:1979} INFO - Dependencies all met for dep_context=requeueable deps ti=<TaskInstance: pool.task_3 scheduled__2024-01-03T00:00:00+00:00 [queued]>
[2024-03-01T15:47:39.017+0000] {taskinstance.py:2193} INFO - Starting attempt 1 of 3
[2024-03-01T15:47:39.038+0000] {taskinstance.py:2214} INFO - Executing <Task(BashOperator): task_3> on 2024-01-03 00:00:00+00:00
[2024-03-01T15:47:39.042+0000] {standard_task_runner.py:60} INFO - Started process 830 to run task
[2024-03-01T15:47:39.044+0000] {standard_task_runner.py:87} INFO - Running: ['***', 'tasks', 'run', 'pool', 'task_3', 'scheduled__2024-01-03T00:00:00+00:00', '--job-id', '197', '--raw', '--subdir', 'DAGS_FOLDER/pool.py', '--cfg-path', '/tmp/tmpeydke_vc']
[2024-03-01T15:47:39.046+0000] {standard_task_runner.py:88} INFO - Job 197: Subtask task_3
[2024-03-01T15:47:39.144+0000] {logging_mixin.py:188} INFO - Changing /opt/***/logs/dag_id=pool/run_id=scheduled__2024-01-03T00:00:00+00:00/task_id=task_3 permission to 509
[2024-03-01T15:47:39.145+0000] {logging_mixin.py:188} INFO - Changing /opt/***/logs/dag_id=pool/run_id=scheduled__2024-01-03T00:00:00+00:00 permission to 509
[2024-03-01T15:47:39.146+0000] {logging_mixin.py:188} INFO - Changing /opt/***/logs/dag_id=pool permission to 509
[2024-03-01T15:47:39.148+0000] {logging_mixin.py:188} INFO - Changing /opt/***/logs permission to 509
[2024-03-01T15:47:39.150+0000] {task_command.py:423} INFO - Running <TaskInstance: pool.task_3 scheduled__2024-01-03T00:00:00+00:00 [running]> on host 68829ac68ce6
[2024-03-01T15:47:39.323+0000] {taskinstance.py:2510} INFO - Exporting env vars: AIRFLOW_CTX_DAG_OWNER='vutt' AIRFLOW_CTX_DAG_ID='pool' AIRFLOW_CTX_TASK_ID='task_3' AIRFLOW_CTX_EXECUTION_DATE='2024-01-03T00:00:00+00:00' AIRFLOW_CTX_TRY_NUMBER='1' AIRFLOW_CTX_DAG_RUN_ID='scheduled__2024-01-03T00:00:00+00:00'
[2024-03-01T15:47:39.325+0000] {subprocess.py:63} INFO - Tmp dir root location: /tmp
[2024-03-01T15:47:39.326+0000] {subprocess.py:75} INFO - Running command: ['/usr/bin/bash', '-c', 'echo task_3']
[2024-03-01T15:47:39.334+0000] {subprocess.py:86} INFO - Output:
[2024-03-01T15:47:39.335+0000] {subprocess.py:93} INFO - task_3
[2024-03-01T15:47:39.335+0000] {subprocess.py:97} INFO - Command exited with return code 0
[2024-03-01T15:47:39.408+0000] {taskinstance.py:1149} INFO - Marking task as SUCCESS. dag_id=pool, task_id=task_3, execution_date=20240103T000000, start_date=20240301T154739, end_date=20240301T154739
[2024-03-01T15:47:39.457+0000] {local_task_job_runner.py:234} INFO - Task exited with return code 0
[2024-03-01T15:47:39.491+0000] {taskinstance.py:3309} INFO - 0 downstream tasks scheduled from follow-on schedule check
