[2024-02-29T16:11:57.512+0000] {logging_mixin.py:188} INFO - Changing /opt/***/logs/dag_id=context/run_id=scheduled__2024-01-01T00:00:00+00:00/task_id=print_ds permission to 509
[2024-02-29T16:11:57.514+0000] {logging_mixin.py:188} INFO - Changing /opt/***/logs/dag_id=context/run_id=scheduled__2024-01-01T00:00:00+00:00 permission to 509
[2024-02-29T16:11:57.515+0000] {logging_mixin.py:188} INFO - Changing /opt/***/logs/dag_id=context permission to 509
[2024-02-29T16:11:57.517+0000] {logging_mixin.py:188} INFO - Changing /opt/***/logs permission to 509
[2024-02-29T16:11:57.572+0000] {logging_mixin.py:188} INFO - Changing /opt/***/logs/dag_id=context/run_id=scheduled__2024-01-01T00:00:00+00:00/task_id=print_ds permission to 509
[2024-02-29T16:11:57.574+0000] {logging_mixin.py:188} INFO - Changing /opt/***/logs/dag_id=context/run_id=scheduled__2024-01-01T00:00:00+00:00 permission to 509
[2024-02-29T16:11:57.575+0000] {logging_mixin.py:188} INFO - Changing /opt/***/logs/dag_id=context permission to 509
[2024-02-29T16:11:57.577+0000] {logging_mixin.py:188} INFO - Changing /opt/***/logs permission to 509
[2024-02-29T16:11:57.621+0000] {taskinstance.py:1979} INFO - Dependencies all met for dep_context=non-requeueable deps ti=<TaskInstance: context.print_ds scheduled__2024-01-01T00:00:00+00:00 [queued]>
[2024-02-29T16:11:57.629+0000] {taskinstance.py:1979} INFO - Dependencies all met for dep_context=requeueable deps ti=<TaskInstance: context.print_ds scheduled__2024-01-01T00:00:00+00:00 [queued]>
[2024-02-29T16:11:57.629+0000] {taskinstance.py:2193} INFO - Starting attempt 1 of 3
[2024-02-29T16:11:57.651+0000] {taskinstance.py:2214} INFO - Executing <Task(PythonOperator): print_ds> on 2024-01-01 00:00:00+00:00
[2024-02-29T16:11:57.657+0000] {standard_task_runner.py:60} INFO - Started process 60 to run task
[2024-02-29T16:11:57.659+0000] {standard_task_runner.py:87} INFO - Running: ['***', 'tasks', 'run', 'context', 'print_ds', 'scheduled__2024-01-01T00:00:00+00:00', '--job-id', '82', '--raw', '--subdir', 'DAGS_FOLDER/context.py', '--cfg-path', '/tmp/tmp8jtzmmve']
[2024-02-29T16:11:57.660+0000] {standard_task_runner.py:88} INFO - Job 82: Subtask print_ds
[2024-02-29T16:11:57.787+0000] {logging_mixin.py:188} INFO - Changing /opt/***/logs/dag_id=context/run_id=scheduled__2024-01-01T00:00:00+00:00/task_id=print_ds permission to 509
[2024-02-29T16:11:57.789+0000] {logging_mixin.py:188} INFO - Changing /opt/***/logs/dag_id=context/run_id=scheduled__2024-01-01T00:00:00+00:00 permission to 509
[2024-02-29T16:11:57.791+0000] {logging_mixin.py:188} INFO - Changing /opt/***/logs/dag_id=context permission to 509
[2024-02-29T16:11:57.792+0000] {logging_mixin.py:188} INFO - Changing /opt/***/logs permission to 509
[2024-02-29T16:11:57.794+0000] {task_command.py:423} INFO - Running <TaskInstance: context.print_ds scheduled__2024-01-01T00:00:00+00:00 [running]> on host 68829ac68ce6
[2024-02-29T16:11:58.011+0000] {taskinstance.py:2510} INFO - Exporting env vars: AIRFLOW_CTX_DAG_OWNER='vutt' AIRFLOW_CTX_DAG_ID='context' AIRFLOW_CTX_TASK_ID='print_ds' AIRFLOW_CTX_EXECUTION_DATE='2024-01-01T00:00:00+00:00' AIRFLOW_CTX_TRY_NUMBER='1' AIRFLOW_CTX_DAG_RUN_ID='scheduled__2024-01-01T00:00:00+00:00'
[2024-02-29T16:11:58.012+0000] {logging_mixin.py:188} INFO - 2024-01-01
[2024-02-29T16:11:58.013+0000] {python.py:202} INFO - Done. Returned value was: None
[2024-02-29T16:11:58.042+0000] {taskinstance.py:1149} INFO - Marking task as SUCCESS. dag_id=context, task_id=print_ds, execution_date=20240101T000000, start_date=20240229T161157, end_date=20240229T161158
[2024-02-29T16:11:58.112+0000] {local_task_job_runner.py:234} INFO - Task exited with return code 0
[2024-02-29T16:11:58.151+0000] {taskinstance.py:3309} INFO - 0 downstream tasks scheduled from follow-on schedule check
[2024-02-29T16:13:22.933+0000] {logging_mixin.py:188} INFO - Changing /opt/***/logs/dag_id=context/run_id=scheduled__2024-01-01T00:00:00+00:00/task_id=print_ds permission to 509
[2024-02-29T16:13:22.935+0000] {logging_mixin.py:188} INFO - Changing /opt/***/logs/dag_id=context/run_id=scheduled__2024-01-01T00:00:00+00:00 permission to 509
[2024-02-29T16:13:22.937+0000] {logging_mixin.py:188} INFO - Changing /opt/***/logs/dag_id=context permission to 509
[2024-02-29T16:13:22.942+0000] {logging_mixin.py:188} INFO - Changing /opt/***/logs permission to 509
[2024-02-29T16:13:22.994+0000] {logging_mixin.py:188} INFO - Changing /opt/***/logs/dag_id=context/run_id=scheduled__2024-01-01T00:00:00+00:00/task_id=print_ds permission to 509
[2024-02-29T16:13:22.996+0000] {logging_mixin.py:188} INFO - Changing /opt/***/logs/dag_id=context/run_id=scheduled__2024-01-01T00:00:00+00:00 permission to 509
[2024-02-29T16:13:22.997+0000] {logging_mixin.py:188} INFO - Changing /opt/***/logs/dag_id=context permission to 509
[2024-02-29T16:13:22.998+0000] {logging_mixin.py:188} INFO - Changing /opt/***/logs permission to 509
[2024-02-29T16:13:23.033+0000] {taskinstance.py:1979} INFO - Dependencies all met for dep_context=non-requeueable deps ti=<TaskInstance: context.print_ds scheduled__2024-01-01T00:00:00+00:00 [queued]>
[2024-02-29T16:13:23.040+0000] {taskinstance.py:1979} INFO - Dependencies all met for dep_context=requeueable deps ti=<TaskInstance: context.print_ds scheduled__2024-01-01T00:00:00+00:00 [queued]>
[2024-02-29T16:13:23.040+0000] {taskinstance.py:2193} INFO - Starting attempt 1 of 3
[2024-02-29T16:13:23.057+0000] {taskinstance.py:2214} INFO - Executing <Task(PythonOperator): print_ds> on 2024-01-01 00:00:00+00:00
[2024-02-29T16:13:23.061+0000] {standard_task_runner.py:60} INFO - Started process 123 to run task
[2024-02-29T16:13:23.064+0000] {standard_task_runner.py:87} INFO - Running: ['***', 'tasks', 'run', 'context', 'print_ds', 'scheduled__2024-01-01T00:00:00+00:00', '--job-id', '103', '--raw', '--subdir', 'DAGS_FOLDER/context.py', '--cfg-path', '/tmp/tmph46c2zrn']
[2024-02-29T16:13:23.065+0000] {standard_task_runner.py:88} INFO - Job 103: Subtask print_ds
[2024-02-29T16:13:23.153+0000] {logging_mixin.py:188} INFO - Changing /opt/***/logs/dag_id=context/run_id=scheduled__2024-01-01T00:00:00+00:00/task_id=print_ds permission to 509
[2024-02-29T16:13:23.154+0000] {logging_mixin.py:188} INFO - Changing /opt/***/logs/dag_id=context/run_id=scheduled__2024-01-01T00:00:00+00:00 permission to 509
[2024-02-29T16:13:23.155+0000] {logging_mixin.py:188} INFO - Changing /opt/***/logs/dag_id=context permission to 509
[2024-02-29T16:13:23.157+0000] {logging_mixin.py:188} INFO - Changing /opt/***/logs permission to 509
[2024-02-29T16:13:23.158+0000] {task_command.py:423} INFO - Running <TaskInstance: context.print_ds scheduled__2024-01-01T00:00:00+00:00 [running]> on host 68829ac68ce6
[2024-02-29T16:13:23.304+0000] {taskinstance.py:2510} INFO - Exporting env vars: AIRFLOW_CTX_DAG_OWNER='vutt' AIRFLOW_CTX_DAG_ID='context' AIRFLOW_CTX_TASK_ID='print_ds' AIRFLOW_CTX_EXECUTION_DATE='2024-01-01T00:00:00+00:00' AIRFLOW_CTX_TRY_NUMBER='1' AIRFLOW_CTX_DAG_RUN_ID='scheduled__2024-01-01T00:00:00+00:00'
[2024-02-29T16:13:23.305+0000] {logging_mixin.py:188} INFO - 2024-01-01
[2024-02-29T16:13:23.306+0000] {python.py:202} INFO - Done. Returned value was: None
[2024-02-29T16:13:23.337+0000] {taskinstance.py:1149} INFO - Marking task as SUCCESS. dag_id=context, task_id=print_ds, execution_date=20240101T000000, start_date=20240229T161323, end_date=20240229T161323
[2024-02-29T16:13:23.396+0000] {local_task_job_runner.py:234} INFO - Task exited with return code 0
[2024-02-29T16:13:23.475+0000] {taskinstance.py:3309} INFO - 0 downstream tasks scheduled from follow-on schedule check
