[2024-03-01T15:13:17.861+0000] {logging_mixin.py:188} INFO - Changing /opt/***/logs/dag_id=trigger_dag_run_dag1/run_id=scheduled__2024-01-03T00:00:00+00:00/task_id=echo_dag1 permission to 509
[2024-03-01T15:13:17.864+0000] {logging_mixin.py:188} INFO - Changing /opt/***/logs/dag_id=trigger_dag_run_dag1/run_id=scheduled__2024-01-03T00:00:00+00:00 permission to 509
[2024-03-01T15:13:17.866+0000] {logging_mixin.py:188} INFO - Changing /opt/***/logs/dag_id=trigger_dag_run_dag1 permission to 509
[2024-03-01T15:13:17.868+0000] {logging_mixin.py:188} INFO - Changing /opt/***/logs permission to 509
[2024-03-01T15:13:17.924+0000] {logging_mixin.py:188} INFO - Changing /opt/***/logs/dag_id=trigger_dag_run_dag1/run_id=scheduled__2024-01-03T00:00:00+00:00/task_id=echo_dag1 permission to 509
[2024-03-01T15:13:17.925+0000] {logging_mixin.py:188} INFO - Changing /opt/***/logs/dag_id=trigger_dag_run_dag1/run_id=scheduled__2024-01-03T00:00:00+00:00 permission to 509
[2024-03-01T15:13:17.926+0000] {logging_mixin.py:188} INFO - Changing /opt/***/logs/dag_id=trigger_dag_run_dag1 permission to 509
[2024-03-01T15:13:17.927+0000] {logging_mixin.py:188} INFO - Changing /opt/***/logs permission to 509
[2024-03-01T15:13:17.965+0000] {taskinstance.py:1979} INFO - Dependencies all met for dep_context=non-requeueable deps ti=<TaskInstance: trigger_dag_run_dag1.echo_dag1 scheduled__2024-01-03T00:00:00+00:00 [queued]>
[2024-03-01T15:13:17.974+0000] {taskinstance.py:1979} INFO - Dependencies all met for dep_context=requeueable deps ti=<TaskInstance: trigger_dag_run_dag1.echo_dag1 scheduled__2024-01-03T00:00:00+00:00 [queued]>
[2024-03-01T15:13:17.975+0000] {taskinstance.py:2193} INFO - Starting attempt 1 of 3
[2024-03-01T15:13:17.984+0000] {taskinstance.py:2214} INFO - Executing <Task(BashOperator): echo_dag1> on 2024-01-03 00:00:00+00:00
[2024-03-01T15:13:17.988+0000] {standard_task_runner.py:60} INFO - Started process 161 to run task
[2024-03-01T15:13:17.990+0000] {standard_task_runner.py:87} INFO - Running: ['***', 'tasks', 'run', 'trigger_dag_run_dag1', 'echo_dag1', 'scheduled__2024-01-03T00:00:00+00:00', '--job-id', '126', '--raw', '--subdir', 'DAGS_FOLDER/trigger_dag_run_dag1.py', '--cfg-path', '/tmp/tmp852hh05u']
[2024-03-01T15:13:17.990+0000] {standard_task_runner.py:88} INFO - Job 126: Subtask echo_dag1
[2024-03-01T15:13:18.071+0000] {logging_mixin.py:188} INFO - Changing /opt/***/logs/dag_id=trigger_dag_run_dag1/run_id=scheduled__2024-01-03T00:00:00+00:00/task_id=echo_dag1 permission to 509
[2024-03-01T15:13:18.073+0000] {logging_mixin.py:188} INFO - Changing /opt/***/logs/dag_id=trigger_dag_run_dag1/run_id=scheduled__2024-01-03T00:00:00+00:00 permission to 509
[2024-03-01T15:13:18.074+0000] {logging_mixin.py:188} INFO - Changing /opt/***/logs/dag_id=trigger_dag_run_dag1 permission to 509
[2024-03-01T15:13:18.075+0000] {logging_mixin.py:188} INFO - Changing /opt/***/logs permission to 509
[2024-03-01T15:13:18.077+0000] {task_command.py:423} INFO - Running <TaskInstance: trigger_dag_run_dag1.echo_dag1 scheduled__2024-01-03T00:00:00+00:00 [running]> on host 68829ac68ce6
[2024-03-01T15:13:18.213+0000] {taskinstance.py:2510} INFO - Exporting env vars: AIRFLOW_CTX_DAG_OWNER='vutt' AIRFLOW_CTX_DAG_ID='trigger_dag_run_dag1' AIRFLOW_CTX_TASK_ID='echo_dag1' AIRFLOW_CTX_EXECUTION_DATE='2024-01-03T00:00:00+00:00' AIRFLOW_CTX_TRY_NUMBER='1' AIRFLOW_CTX_DAG_RUN_ID='scheduled__2024-01-03T00:00:00+00:00'
[2024-03-01T15:13:18.214+0000] {subprocess.py:63} INFO - Tmp dir root location: /tmp
[2024-03-01T15:13:18.215+0000] {subprocess.py:75} INFO - Running command: ['/usr/bin/bash', '-c', 'echo dag1']
[2024-03-01T15:13:18.220+0000] {subprocess.py:86} INFO - Output:
[2024-03-01T15:13:18.221+0000] {subprocess.py:93} INFO - dag1
[2024-03-01T15:13:18.221+0000] {subprocess.py:97} INFO - Command exited with return code 0
[2024-03-01T15:13:18.271+0000] {taskinstance.py:1149} INFO - Marking task as SUCCESS. dag_id=trigger_dag_run_dag1, task_id=echo_dag1, execution_date=20240103T000000, start_date=20240301T151317, end_date=20240301T151318
[2024-03-01T15:13:18.322+0000] {local_task_job_runner.py:234} INFO - Task exited with return code 0
[2024-03-01T15:13:18.359+0000] {taskinstance.py:3309} INFO - 0 downstream tasks scheduled from follow-on schedule check
