[2024-03-01T15:47:22.619+0000] {logging_mixin.py:188} INFO - Changing /opt/***/logs/dag_id=pool/run_id=scheduled__2024-01-01T00:00:00+00:00/task_id=task_8 permission to 509
[2024-03-01T15:47:22.623+0000] {logging_mixin.py:188} INFO - Changing /opt/***/logs/dag_id=pool/run_id=scheduled__2024-01-01T00:00:00+00:00 permission to 509
[2024-03-01T15:47:22.626+0000] {logging_mixin.py:188} INFO - Changing /opt/***/logs/dag_id=pool permission to 509
[2024-03-01T15:47:22.629+0000] {logging_mixin.py:188} INFO - Changing /opt/***/logs permission to 509
[2024-03-01T15:47:22.718+0000] {logging_mixin.py:188} INFO - Changing /opt/***/logs/dag_id=pool/run_id=scheduled__2024-01-01T00:00:00+00:00/task_id=task_8 permission to 509
[2024-03-01T15:47:22.721+0000] {logging_mixin.py:188} INFO - Changing /opt/***/logs/dag_id=pool/run_id=scheduled__2024-01-01T00:00:00+00:00 permission to 509
[2024-03-01T15:47:22.725+0000] {logging_mixin.py:188} INFO - Changing /opt/***/logs/dag_id=pool permission to 509
[2024-03-01T15:47:22.727+0000] {logging_mixin.py:188} INFO - Changing /opt/***/logs permission to 509
[2024-03-01T15:47:22.794+0000] {taskinstance.py:1979} INFO - Dependencies all met for dep_context=non-requeueable deps ti=<TaskInstance: pool.task_8 scheduled__2024-01-01T00:00:00+00:00 [queued]>
[2024-03-01T15:47:22.808+0000] {taskinstance.py:1979} INFO - Dependencies all met for dep_context=requeueable deps ti=<TaskInstance: pool.task_8 scheduled__2024-01-01T00:00:00+00:00 [queued]>
[2024-03-01T15:47:22.808+0000] {taskinstance.py:2193} INFO - Starting attempt 1 of 3
[2024-03-01T15:47:22.830+0000] {taskinstance.py:2214} INFO - Executing <Task(BashOperator): task_8> on 2024-01-01 00:00:00+00:00
[2024-03-01T15:47:22.835+0000] {standard_task_runner.py:60} INFO - Started process 682 to run task
[2024-03-01T15:47:22.838+0000] {standard_task_runner.py:87} INFO - Running: ['***', 'tasks', 'run', 'pool', 'task_8', 'scheduled__2024-01-01T00:00:00+00:00', '--job-id', '147', '--raw', '--subdir', 'DAGS_FOLDER/pool.py', '--cfg-path', '/tmp/tmp34562rks']
[2024-03-01T15:47:22.839+0000] {standard_task_runner.py:88} INFO - Job 147: Subtask task_8
[2024-03-01T15:47:22.953+0000] {logging_mixin.py:188} INFO - Changing /opt/***/logs/dag_id=pool/run_id=scheduled__2024-01-01T00:00:00+00:00/task_id=task_8 permission to 509
[2024-03-01T15:47:22.955+0000] {logging_mixin.py:188} INFO - Changing /opt/***/logs/dag_id=pool/run_id=scheduled__2024-01-01T00:00:00+00:00 permission to 509
[2024-03-01T15:47:22.957+0000] {logging_mixin.py:188} INFO - Changing /opt/***/logs/dag_id=pool permission to 509
[2024-03-01T15:47:22.958+0000] {logging_mixin.py:188} INFO - Changing /opt/***/logs permission to 509
[2024-03-01T15:47:22.960+0000] {task_command.py:423} INFO - Running <TaskInstance: pool.task_8 scheduled__2024-01-01T00:00:00+00:00 [running]> on host 68829ac68ce6
[2024-03-01T15:47:23.115+0000] {taskinstance.py:2510} INFO - Exporting env vars: AIRFLOW_CTX_DAG_OWNER='vutt' AIRFLOW_CTX_DAG_ID='pool' AIRFLOW_CTX_TASK_ID='task_8' AIRFLOW_CTX_EXECUTION_DATE='2024-01-01T00:00:00+00:00' AIRFLOW_CTX_TRY_NUMBER='1' AIRFLOW_CTX_DAG_RUN_ID='scheduled__2024-01-01T00:00:00+00:00'
[2024-03-01T15:47:23.117+0000] {subprocess.py:63} INFO - Tmp dir root location: /tmp
[2024-03-01T15:47:23.117+0000] {subprocess.py:75} INFO - Running command: ['/usr/bin/bash', '-c', 'echo task_8']
[2024-03-01T15:47:23.125+0000] {subprocess.py:86} INFO - Output:
[2024-03-01T15:47:23.126+0000] {subprocess.py:93} INFO - task_8
[2024-03-01T15:47:23.127+0000] {subprocess.py:97} INFO - Command exited with return code 0
[2024-03-01T15:47:23.199+0000] {taskinstance.py:1149} INFO - Marking task as SUCCESS. dag_id=pool, task_id=task_8, execution_date=20240101T000000, start_date=20240301T154722, end_date=20240301T154723
[2024-03-01T15:47:23.251+0000] {local_task_job_runner.py:234} INFO - Task exited with return code 0
[2024-03-01T15:47:23.292+0000] {taskinstance.py:3309} INFO - 1 downstream tasks scheduled from follow-on schedule check
