[2024-03-01T15:47:28.716+0000] {logging_mixin.py:188} INFO - Changing /opt/***/logs/dag_id=pool/run_id=scheduled__2024-01-05T00:00:00+00:00/task_id=task_4 permission to 509
[2024-03-01T15:47:28.718+0000] {logging_mixin.py:188} INFO - Changing /opt/***/logs/dag_id=pool/run_id=scheduled__2024-01-05T00:00:00+00:00 permission to 509
[2024-03-01T15:47:28.719+0000] {logging_mixin.py:188} INFO - Changing /opt/***/logs/dag_id=pool permission to 509
[2024-03-01T15:47:28.721+0000] {logging_mixin.py:188} INFO - Changing /opt/***/logs permission to 509
[2024-03-01T15:47:28.775+0000] {logging_mixin.py:188} INFO - Changing /opt/***/logs/dag_id=pool/run_id=scheduled__2024-01-05T00:00:00+00:00/task_id=task_4 permission to 509
[2024-03-01T15:47:28.777+0000] {logging_mixin.py:188} INFO - Changing /opt/***/logs/dag_id=pool/run_id=scheduled__2024-01-05T00:00:00+00:00 permission to 509
[2024-03-01T15:47:28.780+0000] {logging_mixin.py:188} INFO - Changing /opt/***/logs/dag_id=pool permission to 509
[2024-03-01T15:47:28.783+0000] {logging_mixin.py:188} INFO - Changing /opt/***/logs permission to 509
[2024-03-01T15:47:28.835+0000] {taskinstance.py:1979} INFO - Dependencies all met for dep_context=non-requeueable deps ti=<TaskInstance: pool.task_4 scheduled__2024-01-05T00:00:00+00:00 [queued]>
[2024-03-01T15:47:28.849+0000] {taskinstance.py:1979} INFO - Dependencies all met for dep_context=requeueable deps ti=<TaskInstance: pool.task_4 scheduled__2024-01-05T00:00:00+00:00 [queued]>
[2024-03-01T15:47:28.849+0000] {taskinstance.py:2193} INFO - Starting attempt 1 of 3
[2024-03-01T15:47:28.865+0000] {taskinstance.py:2214} INFO - Executing <Task(BashOperator): task_4> on 2024-01-05 00:00:00+00:00
[2024-03-01T15:47:28.870+0000] {standard_task_runner.py:60} INFO - Started process 746 to run task
[2024-03-01T15:47:28.872+0000] {standard_task_runner.py:87} INFO - Running: ['***', 'tasks', 'run', 'pool', 'task_4', 'scheduled__2024-01-05T00:00:00+00:00', '--job-id', '169', '--raw', '--subdir', 'DAGS_FOLDER/pool.py', '--cfg-path', '/tmp/tmpz0vlv2_h']
[2024-03-01T15:47:28.873+0000] {standard_task_runner.py:88} INFO - Job 169: Subtask task_4
[2024-03-01T15:47:28.964+0000] {logging_mixin.py:188} INFO - Changing /opt/***/logs/dag_id=pool/run_id=scheduled__2024-01-05T00:00:00+00:00/task_id=task_4 permission to 509
[2024-03-01T15:47:28.966+0000] {logging_mixin.py:188} INFO - Changing /opt/***/logs/dag_id=pool/run_id=scheduled__2024-01-05T00:00:00+00:00 permission to 509
[2024-03-01T15:47:28.968+0000] {logging_mixin.py:188} INFO - Changing /opt/***/logs/dag_id=pool permission to 509
[2024-03-01T15:47:28.969+0000] {logging_mixin.py:188} INFO - Changing /opt/***/logs permission to 509
[2024-03-01T15:47:28.972+0000] {task_command.py:423} INFO - Running <TaskInstance: pool.task_4 scheduled__2024-01-05T00:00:00+00:00 [running]> on host 68829ac68ce6
[2024-03-01T15:47:29.123+0000] {taskinstance.py:2510} INFO - Exporting env vars: AIRFLOW_CTX_DAG_OWNER='vutt' AIRFLOW_CTX_DAG_ID='pool' AIRFLOW_CTX_TASK_ID='task_4' AIRFLOW_CTX_EXECUTION_DATE='2024-01-05T00:00:00+00:00' AIRFLOW_CTX_TRY_NUMBER='1' AIRFLOW_CTX_DAG_RUN_ID='scheduled__2024-01-05T00:00:00+00:00'
[2024-03-01T15:47:29.125+0000] {subprocess.py:63} INFO - Tmp dir root location: /tmp
[2024-03-01T15:47:29.125+0000] {subprocess.py:75} INFO - Running command: ['/usr/bin/bash', '-c', 'echo task_4']
[2024-03-01T15:47:29.137+0000] {subprocess.py:86} INFO - Output:
[2024-03-01T15:47:29.139+0000] {subprocess.py:93} INFO - task_4
[2024-03-01T15:47:29.140+0000] {subprocess.py:97} INFO - Command exited with return code 0
[2024-03-01T15:47:29.202+0000] {taskinstance.py:1149} INFO - Marking task as SUCCESS. dag_id=pool, task_id=task_4, execution_date=20240105T000000, start_date=20240301T154728, end_date=20240301T154729
[2024-03-01T15:47:29.286+0000] {local_task_job_runner.py:234} INFO - Task exited with return code 0
[2024-03-01T15:47:29.430+0000] {taskinstance.py:3309} INFO - 0 downstream tasks scheduled from follow-on schedule check
