[2024-02-28T06:01:00.927+0000] {temporal.py:60} INFO - trigger starting
[2024-02-28T06:01:00.927+0000] {temporal.py:64} INFO - 58 seconds remaining; sleeping 10 seconds
[2024-02-28T06:01:10.928+0000] {temporal.py:64} INFO - 48 seconds remaining; sleeping 10 seconds
[2024-02-28T06:01:20.929+0000] {temporal.py:64} INFO - 38 seconds remaining; sleeping 10 seconds
[2024-02-28T06:01:30.931+0000] {temporal.py:64} INFO - 28 seconds remaining; sleeping 10 seconds
[2024-02-28T06:01:40.932+0000] {temporal.py:69} INFO - sleeping 1 second...
[2024-02-28T06:01:41.933+0000] {temporal.py:69} INFO - sleeping 1 second...
[2024-02-28T06:01:42.934+0000] {temporal.py:69} INFO - sleeping 1 second...
[2024-02-28T06:01:43.936+0000] {temporal.py:69} INFO - sleeping 1 second...
[2024-02-28T06:01:44.938+0000] {temporal.py:69} INFO - sleeping 1 second...
[2024-02-28T06:01:45.940+0000] {temporal.py:69} INFO - sleeping 1 second...
[2024-02-28T06:01:46.941+0000] {temporal.py:69} INFO - sleeping 1 second...
[2024-02-28T06:01:47.942+0000] {temporal.py:69} INFO - sleeping 1 second...
[2024-02-28T06:01:48.944+0000] {temporal.py:69} INFO - sleeping 1 second...
[2024-02-28T06:01:49.946+0000] {temporal.py:69} INFO - sleeping 1 second...
[2024-02-28T06:01:50.948+0000] {temporal.py:69} INFO - sleeping 1 second...
[2024-02-28T06:01:51.949+0000] {temporal.py:69} INFO - sleeping 1 second...
[2024-02-28T06:01:52.951+0000] {temporal.py:69} INFO - sleeping 1 second...
[2024-02-28T06:01:53.952+0000] {temporal.py:69} INFO - sleeping 1 second...
[2024-02-28T06:01:54.954+0000] {temporal.py:69} INFO - sleeping 1 second...
[2024-02-28T06:01:55.956+0000] {temporal.py:69} INFO - sleeping 1 second...
[2024-02-28T06:01:56.957+0000] {temporal.py:69} INFO - sleeping 1 second...
[2024-02-28T06:01:57.960+0000] {temporal.py:69} INFO - sleeping 1 second...
[2024-02-28T06:01:58.961+0000] {temporal.py:69} INFO - sleeping 1 second...
[2024-02-28T06:01:59.964+0000] {temporal.py:72} INFO - yielding event with payload DateTime(2024, 2, 28, 6, 1, 59, 500290, tzinfo=Timezone('UTC'))
[2024-02-28T06:01:59.964+0000] {triggerer_job_runner.py:602} INFO - Trigger deferrable_operator/manual__2024-02-28T06:00:58.139345+00:00/wait_event/-1/1 (ID 6) fired: TriggerEvent<DateTime(2024, 2, 28, 6, 1, 59, 500290, tzinfo=Timezone('UTC'))>
