[2024-02-28T06:00:59.168+0000] {logging_mixin.py:188} INFO - Changing /opt/***/logs/dag_id=deferrable_operator/run_id=manual__2024-02-28T06:00:58.139345+00:00/task_id=wait_event permission to 509
[2024-02-28T06:00:59.169+0000] {logging_mixin.py:188} INFO - Changing /opt/***/logs/dag_id=deferrable_operator/run_id=manual__2024-02-28T06:00:58.139345+00:00 permission to 509
[2024-02-28T06:00:59.170+0000] {logging_mixin.py:188} INFO - Changing /opt/***/logs/dag_id=deferrable_operator permission to 509
[2024-02-28T06:00:59.171+0000] {logging_mixin.py:188} INFO - Changing /opt/***/logs permission to 509
[2024-02-28T06:00:59.226+0000] {logging_mixin.py:188} INFO - Changing /opt/***/logs/dag_id=deferrable_operator/run_id=manual__2024-02-28T06:00:58.139345+00:00/task_id=wait_event permission to 509
[2024-02-28T06:00:59.227+0000] {logging_mixin.py:188} INFO - Changing /opt/***/logs/dag_id=deferrable_operator/run_id=manual__2024-02-28T06:00:58.139345+00:00 permission to 509
[2024-02-28T06:00:59.228+0000] {logging_mixin.py:188} INFO - Changing /opt/***/logs/dag_id=deferrable_operator permission to 509
[2024-02-28T06:00:59.228+0000] {logging_mixin.py:188} INFO - Changing /opt/***/logs permission to 509
[2024-02-28T06:00:59.267+0000] {taskinstance.py:1979} INFO - Dependencies all met for dep_context=non-requeueable deps ti=<TaskInstance: deferrable_operator.wait_event manual__2024-02-28T06:00:58.139345+00:00 [queued]>
[2024-02-28T06:00:59.272+0000] {taskinstance.py:1979} INFO - Dependencies all met for dep_context=requeueable deps ti=<TaskInstance: deferrable_operator.wait_event manual__2024-02-28T06:00:58.139345+00:00 [queued]>
[2024-02-28T06:00:59.272+0000] {taskinstance.py:2193} INFO - Starting attempt 1 of 3
[2024-02-28T06:00:59.281+0000] {taskinstance.py:2214} INFO - Executing <Task(WaitAMinuteTrigger): wait_event> on 2024-02-28 06:00:58.139345+00:00
[2024-02-28T06:00:59.285+0000] {standard_task_runner.py:60} INFO - Started process 3313 to run task
[2024-02-28T06:00:59.286+0000] {standard_task_runner.py:87} INFO - Running: ['***', 'tasks', 'run', 'deferrable_operator', 'wait_event', 'manual__2024-02-28T06:00:58.139345+00:00', '--job-id', '74', '--raw', '--subdir', 'DAGS_FOLDER/deferrable_operator.py', '--cfg-path', '/tmp/tmpehijnygp']
[2024-02-28T06:00:59.287+0000] {standard_task_runner.py:88} INFO - Job 74: Subtask wait_event
[2024-02-28T06:00:59.367+0000] {logging_mixin.py:188} INFO - Changing /opt/***/logs/dag_id=deferrable_operator/run_id=manual__2024-02-28T06:00:58.139345+00:00/task_id=wait_event permission to 509
[2024-02-28T06:00:59.369+0000] {logging_mixin.py:188} INFO - Changing /opt/***/logs/dag_id=deferrable_operator/run_id=manual__2024-02-28T06:00:58.139345+00:00 permission to 509
[2024-02-28T06:00:59.371+0000] {logging_mixin.py:188} INFO - Changing /opt/***/logs/dag_id=deferrable_operator permission to 509
[2024-02-28T06:00:59.372+0000] {logging_mixin.py:188} INFO - Changing /opt/***/logs permission to 509
[2024-02-28T06:00:59.375+0000] {task_command.py:423} INFO - Running <TaskInstance: deferrable_operator.wait_event manual__2024-02-28T06:00:58.139345+00:00 [running]> on host 68829ac68ce6
[2024-02-28T06:00:59.499+0000] {taskinstance.py:2510} INFO - Exporting env vars: AIRFLOW_CTX_DAG_OWNER='vutt' AIRFLOW_CTX_DAG_ID='deferrable_operator' AIRFLOW_CTX_TASK_ID='wait_event' AIRFLOW_CTX_EXECUTION_DATE='2024-02-28T06:00:58.139345+00:00' AIRFLOW_CTX_TRY_NUMBER='1' AIRFLOW_CTX_DAG_RUN_ID='manual__2024-02-28T06:00:58.139345+00:00'
[2024-02-28T06:00:59.514+0000] {taskinstance.py:2367} INFO - Pausing task as DEFERRED. dag_id=deferrable_operator, task_id=wait_event, execution_date=20240228T060058, start_date=20240228T060059
[2024-02-28T06:00:59.538+0000] {local_task_job_runner.py:231} INFO - Task exited with return code 100 (task deferral)
[2024-02-28T06:02:01.564+0000] {logging_mixin.py:188} INFO - Changing /opt/***/logs/dag_id=deferrable_operator/run_id=manual__2024-02-28T06:00:58.139345+00:00/task_id=wait_event permission to 509
[2024-02-28T06:02:01.565+0000] {logging_mixin.py:188} INFO - Changing /opt/***/logs/dag_id=deferrable_operator/run_id=manual__2024-02-28T06:00:58.139345+00:00 permission to 509
[2024-02-28T06:02:01.566+0000] {logging_mixin.py:188} INFO - Changing /opt/***/logs/dag_id=deferrable_operator permission to 509
[2024-02-28T06:02:01.567+0000] {logging_mixin.py:188} INFO - Changing /opt/***/logs permission to 509
[2024-02-28T06:02:01.603+0000] {logging_mixin.py:188} INFO - Changing /opt/***/logs/dag_id=deferrable_operator/run_id=manual__2024-02-28T06:00:58.139345+00:00/task_id=wait_event permission to 509
[2024-02-28T06:02:01.604+0000] {logging_mixin.py:188} INFO - Changing /opt/***/logs/dag_id=deferrable_operator/run_id=manual__2024-02-28T06:00:58.139345+00:00 permission to 509
[2024-02-28T06:02:01.605+0000] {logging_mixin.py:188} INFO - Changing /opt/***/logs/dag_id=deferrable_operator permission to 509
[2024-02-28T06:02:01.606+0000] {logging_mixin.py:188} INFO - Changing /opt/***/logs permission to 509
[2024-02-28T06:02:01.642+0000] {taskinstance.py:1979} INFO - Dependencies all met for dep_context=non-requeueable deps ti=<TaskInstance: deferrable_operator.wait_event manual__2024-02-28T06:00:58.139345+00:00 [queued]>
[2024-02-28T06:02:01.648+0000] {taskinstance.py:1979} INFO - Dependencies all met for dep_context=requeueable deps ti=<TaskInstance: deferrable_operator.wait_event manual__2024-02-28T06:00:58.139345+00:00 [queued]>
[2024-02-28T06:02:01.648+0000] {taskinstance.py:2191} INFO - Resuming after deferral
[2024-02-28T06:02:01.661+0000] {taskinstance.py:2214} INFO - Executing <Task(WaitAMinuteTrigger): wait_event> on 2024-02-28 06:00:58.139345+00:00
[2024-02-28T06:02:01.665+0000] {standard_task_runner.py:60} INFO - Started process 3329 to run task
[2024-02-28T06:02:01.666+0000] {standard_task_runner.py:87} INFO - Running: ['***', 'tasks', 'run', 'deferrable_operator', 'wait_event', 'manual__2024-02-28T06:00:58.139345+00:00', '--job-id', '75', '--raw', '--subdir', 'DAGS_FOLDER/deferrable_operator.py', '--cfg-path', '/tmp/tmpbai8t18z']
[2024-02-28T06:02:01.668+0000] {standard_task_runner.py:88} INFO - Job 75: Subtask wait_event
[2024-02-28T06:02:01.731+0000] {logging_mixin.py:188} INFO - Changing /opt/***/logs/dag_id=deferrable_operator/run_id=manual__2024-02-28T06:00:58.139345+00:00/task_id=wait_event permission to 509
[2024-02-28T06:02:01.732+0000] {logging_mixin.py:188} INFO - Changing /opt/***/logs/dag_id=deferrable_operator/run_id=manual__2024-02-28T06:00:58.139345+00:00 permission to 509
[2024-02-28T06:02:01.733+0000] {logging_mixin.py:188} INFO - Changing /opt/***/logs/dag_id=deferrable_operator permission to 509
[2024-02-28T06:02:01.734+0000] {logging_mixin.py:188} INFO - Changing /opt/***/logs permission to 509
[2024-02-28T06:02:01.735+0000] {task_command.py:423} INFO - Running <TaskInstance: deferrable_operator.wait_event manual__2024-02-28T06:00:58.139345+00:00 [running]> on host 68829ac68ce6
[2024-02-28T06:02:01.838+0000] {taskinstance.py:1149} INFO - Marking task as SUCCESS. dag_id=deferrable_operator, task_id=wait_event, execution_date=20240228T060058, start_date=20240228T060059, end_date=20240228T060201
[2024-02-28T06:02:01.880+0000] {local_task_job_runner.py:234} INFO - Task exited with return code 0
[2024-02-28T06:02:01.910+0000] {taskinstance.py:3309} INFO - 1 downstream tasks scheduled from follow-on schedule check
