[2024-06-08T09:45:35.306+0000] {processor.py:161} INFO - Started process (PID=41) to work on /opt/airflow/dags/branch_python_operator.py
[2024-06-08T09:45:35.307+0000] {processor.py:830} INFO - Processing file /opt/airflow/dags/branch_python_operator.py for tasks to queue
[2024-06-08T09:45:35.308+0000] {logging_mixin.py:188} INFO - [2024-06-08T09:45:35.308+0000] {dagbag.py:540} INFO - Filling up the DagBag from /opt/airflow/dags/branch_python_operator.py
[2024-06-08T09:45:35.325+0000] {processor.py:840} INFO - DAG(s) 'branch_python_operator' retrieved from /opt/airflow/dags/branch_python_operator.py
[2024-06-08T09:45:35.407+0000] {logging_mixin.py:188} INFO - [2024-06-08T09:45:35.407+0000] {dag.py:3047} INFO - Sync 1 DAGs
[2024-06-08T09:45:35.417+0000] {logging_mixin.py:188} INFO - [2024-06-08T09:45:35.417+0000] {dag.py:3834} INFO - Setting next_dagrun for branch_python_operator to None, run_after=None
[2024-06-08T09:45:35.435+0000] {processor.py:183} INFO - Processing /opt/airflow/dags/branch_python_operator.py took 0.131 seconds
[2024-06-08T09:46:06.387+0000] {processor.py:161} INFO - Started process (PID=62) to work on /opt/airflow/dags/branch_python_operator.py
[2024-06-08T09:46:06.388+0000] {processor.py:830} INFO - Processing file /opt/airflow/dags/branch_python_operator.py for tasks to queue
[2024-06-08T09:46:06.389+0000] {logging_mixin.py:188} INFO - [2024-06-08T09:46:06.389+0000] {dagbag.py:540} INFO - Filling up the DagBag from /opt/airflow/dags/branch_python_operator.py
[2024-06-08T09:46:06.405+0000] {processor.py:840} INFO - DAG(s) 'branch_python_operator' retrieved from /opt/airflow/dags/branch_python_operator.py
[2024-06-08T09:46:06.428+0000] {logging_mixin.py:188} INFO - [2024-06-08T09:46:06.428+0000] {dag.py:3047} INFO - Sync 1 DAGs
[2024-06-08T09:46:06.437+0000] {logging_mixin.py:188} INFO - [2024-06-08T09:46:06.437+0000] {dag.py:3834} INFO - Setting next_dagrun for branch_python_operator to None, run_after=None
[2024-06-08T09:46:06.450+0000] {processor.py:183} INFO - Processing /opt/airflow/dags/branch_python_operator.py took 0.065 seconds
[2024-06-08T09:46:36.709+0000] {processor.py:161} INFO - Started process (PID=83) to work on /opt/airflow/dags/branch_python_operator.py
[2024-06-08T09:46:36.709+0000] {processor.py:830} INFO - Processing file /opt/airflow/dags/branch_python_operator.py for tasks to queue
[2024-06-08T09:46:36.711+0000] {logging_mixin.py:188} INFO - [2024-06-08T09:46:36.711+0000] {dagbag.py:540} INFO - Filling up the DagBag from /opt/airflow/dags/branch_python_operator.py
[2024-06-08T09:46:36.726+0000] {processor.py:840} INFO - DAG(s) 'branch_python_operator' retrieved from /opt/airflow/dags/branch_python_operator.py
[2024-06-08T09:46:36.752+0000] {logging_mixin.py:188} INFO - [2024-06-08T09:46:36.752+0000] {dag.py:3047} INFO - Sync 1 DAGs
[2024-06-08T09:46:36.764+0000] {logging_mixin.py:188} INFO - [2024-06-08T09:46:36.764+0000] {dag.py:3834} INFO - Setting next_dagrun for branch_python_operator to None, run_after=None
[2024-06-08T09:46:36.783+0000] {processor.py:183} INFO - Processing /opt/airflow/dags/branch_python_operator.py took 0.076 seconds
[2024-06-08T09:47:06.952+0000] {processor.py:161} INFO - Started process (PID=104) to work on /opt/airflow/dags/branch_python_operator.py
[2024-06-08T09:47:06.952+0000] {processor.py:830} INFO - Processing file /opt/airflow/dags/branch_python_operator.py for tasks to queue
[2024-06-08T09:47:06.954+0000] {logging_mixin.py:188} INFO - [2024-06-08T09:47:06.953+0000] {dagbag.py:540} INFO - Filling up the DagBag from /opt/airflow/dags/branch_python_operator.py
[2024-06-08T09:47:06.967+0000] {processor.py:840} INFO - DAG(s) 'branch_python_operator' retrieved from /opt/airflow/dags/branch_python_operator.py
[2024-06-08T09:47:06.990+0000] {logging_mixin.py:188} INFO - [2024-06-08T09:47:06.990+0000] {dag.py:3047} INFO - Sync 1 DAGs
[2024-06-08T09:47:07.000+0000] {logging_mixin.py:188} INFO - [2024-06-08T09:47:07.000+0000] {dag.py:3834} INFO - Setting next_dagrun for branch_python_operator to None, run_after=None
[2024-06-08T09:47:07.019+0000] {processor.py:183} INFO - Processing /opt/airflow/dags/branch_python_operator.py took 0.069 seconds
[2024-06-08T09:47:37.565+0000] {processor.py:161} INFO - Started process (PID=125) to work on /opt/airflow/dags/branch_python_operator.py
[2024-06-08T09:47:37.566+0000] {processor.py:830} INFO - Processing file /opt/airflow/dags/branch_python_operator.py for tasks to queue
[2024-06-08T09:47:37.567+0000] {logging_mixin.py:188} INFO - [2024-06-08T09:47:37.567+0000] {dagbag.py:540} INFO - Filling up the DagBag from /opt/airflow/dags/branch_python_operator.py
[2024-06-08T09:47:37.580+0000] {processor.py:840} INFO - DAG(s) 'branch_python_operator' retrieved from /opt/airflow/dags/branch_python_operator.py
[2024-06-08T09:47:37.602+0000] {logging_mixin.py:188} INFO - [2024-06-08T09:47:37.602+0000] {dag.py:3047} INFO - Sync 1 DAGs
[2024-06-08T09:47:37.611+0000] {logging_mixin.py:188} INFO - [2024-06-08T09:47:37.611+0000] {dag.py:3834} INFO - Setting next_dagrun for branch_python_operator to None, run_after=None
[2024-06-08T09:47:37.625+0000] {processor.py:183} INFO - Processing /opt/airflow/dags/branch_python_operator.py took 0.061 seconds
[2024-06-08T09:48:07.861+0000] {processor.py:161} INFO - Started process (PID=147) to work on /opt/airflow/dags/branch_python_operator.py
[2024-06-08T09:48:07.862+0000] {processor.py:830} INFO - Processing file /opt/airflow/dags/branch_python_operator.py for tasks to queue
[2024-06-08T09:48:07.863+0000] {logging_mixin.py:188} INFO - [2024-06-08T09:48:07.863+0000] {dagbag.py:540} INFO - Filling up the DagBag from /opt/airflow/dags/branch_python_operator.py
[2024-06-08T09:48:07.883+0000] {processor.py:840} INFO - DAG(s) 'branch_python_operator' retrieved from /opt/airflow/dags/branch_python_operator.py
[2024-06-08T09:48:07.912+0000] {logging_mixin.py:188} INFO - [2024-06-08T09:48:07.912+0000] {dag.py:3047} INFO - Sync 1 DAGs
[2024-06-08T09:48:07.922+0000] {logging_mixin.py:188} INFO - [2024-06-08T09:48:07.922+0000] {dag.py:3834} INFO - Setting next_dagrun for branch_python_operator to None, run_after=None
[2024-06-08T09:48:07.936+0000] {processor.py:183} INFO - Processing /opt/airflow/dags/branch_python_operator.py took 0.076 seconds
[2024-06-08T09:48:38.148+0000] {processor.py:161} INFO - Started process (PID=168) to work on /opt/airflow/dags/branch_python_operator.py
[2024-06-08T09:48:38.149+0000] {processor.py:830} INFO - Processing file /opt/airflow/dags/branch_python_operator.py for tasks to queue
[2024-06-08T09:48:38.150+0000] {logging_mixin.py:188} INFO - [2024-06-08T09:48:38.149+0000] {dagbag.py:540} INFO - Filling up the DagBag from /opt/airflow/dags/branch_python_operator.py
[2024-06-08T09:48:38.161+0000] {processor.py:840} INFO - DAG(s) 'branch_python_operator' retrieved from /opt/airflow/dags/branch_python_operator.py
[2024-06-08T09:48:38.181+0000] {logging_mixin.py:188} INFO - [2024-06-08T09:48:38.181+0000] {dag.py:3047} INFO - Sync 1 DAGs
[2024-06-08T09:48:38.189+0000] {logging_mixin.py:188} INFO - [2024-06-08T09:48:38.189+0000] {dag.py:3834} INFO - Setting next_dagrun for branch_python_operator to None, run_after=None
[2024-06-08T09:48:38.202+0000] {processor.py:183} INFO - Processing /opt/airflow/dags/branch_python_operator.py took 0.056 seconds
[2024-06-08T09:49:08.618+0000] {processor.py:161} INFO - Started process (PID=189) to work on /opt/airflow/dags/branch_python_operator.py
[2024-06-08T09:49:08.619+0000] {processor.py:830} INFO - Processing file /opt/airflow/dags/branch_python_operator.py for tasks to queue
[2024-06-08T09:49:08.620+0000] {logging_mixin.py:188} INFO - [2024-06-08T09:49:08.620+0000] {dagbag.py:540} INFO - Filling up the DagBag from /opt/airflow/dags/branch_python_operator.py
[2024-06-08T09:49:08.630+0000] {processor.py:840} INFO - DAG(s) 'branch_python_operator' retrieved from /opt/airflow/dags/branch_python_operator.py
[2024-06-08T09:49:08.658+0000] {logging_mixin.py:188} INFO - [2024-06-08T09:49:08.658+0000] {dag.py:3047} INFO - Sync 1 DAGs
[2024-06-08T09:49:08.668+0000] {logging_mixin.py:188} INFO - [2024-06-08T09:49:08.668+0000] {dag.py:3834} INFO - Setting next_dagrun for branch_python_operator to None, run_after=None
[2024-06-08T09:49:08.680+0000] {processor.py:183} INFO - Processing /opt/airflow/dags/branch_python_operator.py took 0.064 seconds
[2024-06-08T09:49:38.786+0000] {processor.py:161} INFO - Started process (PID=210) to work on /opt/airflow/dags/branch_python_operator.py
[2024-06-08T09:49:38.787+0000] {processor.py:830} INFO - Processing file /opt/airflow/dags/branch_python_operator.py for tasks to queue
[2024-06-08T09:49:38.788+0000] {logging_mixin.py:188} INFO - [2024-06-08T09:49:38.788+0000] {dagbag.py:540} INFO - Filling up the DagBag from /opt/airflow/dags/branch_python_operator.py
[2024-06-08T09:49:38.799+0000] {processor.py:840} INFO - DAG(s) 'branch_python_operator' retrieved from /opt/airflow/dags/branch_python_operator.py
[2024-06-08T09:49:38.823+0000] {logging_mixin.py:188} INFO - [2024-06-08T09:49:38.822+0000] {dag.py:3047} INFO - Sync 1 DAGs
[2024-06-08T09:49:38.832+0000] {logging_mixin.py:188} INFO - [2024-06-08T09:49:38.832+0000] {dag.py:3834} INFO - Setting next_dagrun for branch_python_operator to None, run_after=None
[2024-06-08T09:49:38.846+0000] {processor.py:183} INFO - Processing /opt/airflow/dags/branch_python_operator.py took 0.062 seconds
[2024-06-08T09:50:09.049+0000] {processor.py:161} INFO - Started process (PID=231) to work on /opt/airflow/dags/branch_python_operator.py
[2024-06-08T09:50:09.050+0000] {processor.py:830} INFO - Processing file /opt/airflow/dags/branch_python_operator.py for tasks to queue
[2024-06-08T09:50:09.051+0000] {logging_mixin.py:188} INFO - [2024-06-08T09:50:09.051+0000] {dagbag.py:540} INFO - Filling up the DagBag from /opt/airflow/dags/branch_python_operator.py
[2024-06-08T09:50:09.062+0000] {processor.py:840} INFO - DAG(s) 'branch_python_operator' retrieved from /opt/airflow/dags/branch_python_operator.py
[2024-06-08T09:50:09.083+0000] {logging_mixin.py:188} INFO - [2024-06-08T09:50:09.083+0000] {dag.py:3047} INFO - Sync 1 DAGs
[2024-06-08T09:50:09.092+0000] {logging_mixin.py:188} INFO - [2024-06-08T09:50:09.092+0000] {dag.py:3834} INFO - Setting next_dagrun for branch_python_operator to None, run_after=None
[2024-06-08T09:50:09.105+0000] {processor.py:183} INFO - Processing /opt/airflow/dags/branch_python_operator.py took 0.058 seconds
[2024-06-08T09:50:39.796+0000] {processor.py:161} INFO - Started process (PID=253) to work on /opt/airflow/dags/branch_python_operator.py
[2024-06-08T09:50:39.797+0000] {processor.py:830} INFO - Processing file /opt/airflow/dags/branch_python_operator.py for tasks to queue
[2024-06-08T09:50:39.798+0000] {logging_mixin.py:188} INFO - [2024-06-08T09:50:39.798+0000] {dagbag.py:540} INFO - Filling up the DagBag from /opt/airflow/dags/branch_python_operator.py
[2024-06-08T09:50:39.810+0000] {processor.py:840} INFO - DAG(s) 'branch_python_operator' retrieved from /opt/airflow/dags/branch_python_operator.py
[2024-06-08T09:50:39.832+0000] {logging_mixin.py:188} INFO - [2024-06-08T09:50:39.832+0000] {dag.py:3047} INFO - Sync 1 DAGs
[2024-06-08T09:50:39.841+0000] {logging_mixin.py:188} INFO - [2024-06-08T09:50:39.841+0000] {dag.py:3834} INFO - Setting next_dagrun for branch_python_operator to None, run_after=None
[2024-06-08T09:50:39.854+0000] {processor.py:183} INFO - Processing /opt/airflow/dags/branch_python_operator.py took 0.060 seconds
[2024-06-08T09:51:10.165+0000] {processor.py:161} INFO - Started process (PID=275) to work on /opt/airflow/dags/branch_python_operator.py
[2024-06-08T09:51:10.165+0000] {processor.py:830} INFO - Processing file /opt/airflow/dags/branch_python_operator.py for tasks to queue
[2024-06-08T09:51:10.167+0000] {logging_mixin.py:188} INFO - [2024-06-08T09:51:10.166+0000] {dagbag.py:540} INFO - Filling up the DagBag from /opt/airflow/dags/branch_python_operator.py
[2024-06-08T09:51:10.178+0000] {processor.py:840} INFO - DAG(s) 'branch_python_operator' retrieved from /opt/airflow/dags/branch_python_operator.py
[2024-06-08T09:51:10.200+0000] {logging_mixin.py:188} INFO - [2024-06-08T09:51:10.200+0000] {dag.py:3047} INFO - Sync 1 DAGs
[2024-06-08T09:51:10.209+0000] {logging_mixin.py:188} INFO - [2024-06-08T09:51:10.209+0000] {dag.py:3834} INFO - Setting next_dagrun for branch_python_operator to None, run_after=None
[2024-06-08T09:51:10.223+0000] {processor.py:183} INFO - Processing /opt/airflow/dags/branch_python_operator.py took 0.060 seconds
[2024-06-08T09:51:40.607+0000] {processor.py:161} INFO - Started process (PID=297) to work on /opt/airflow/dags/branch_python_operator.py
[2024-06-08T09:51:40.608+0000] {processor.py:830} INFO - Processing file /opt/airflow/dags/branch_python_operator.py for tasks to queue
[2024-06-08T09:51:40.609+0000] {logging_mixin.py:188} INFO - [2024-06-08T09:51:40.609+0000] {dagbag.py:540} INFO - Filling up the DagBag from /opt/airflow/dags/branch_python_operator.py
[2024-06-08T09:51:40.620+0000] {processor.py:840} INFO - DAG(s) 'branch_python_operator' retrieved from /opt/airflow/dags/branch_python_operator.py
[2024-06-08T09:51:40.642+0000] {logging_mixin.py:188} INFO - [2024-06-08T09:51:40.642+0000] {dag.py:3047} INFO - Sync 1 DAGs
[2024-06-08T09:51:40.651+0000] {logging_mixin.py:188} INFO - [2024-06-08T09:51:40.651+0000] {dag.py:3834} INFO - Setting next_dagrun for branch_python_operator to None, run_after=None
[2024-06-08T09:51:40.664+0000] {processor.py:183} INFO - Processing /opt/airflow/dags/branch_python_operator.py took 0.058 seconds
[2024-06-08T09:52:10.930+0000] {processor.py:161} INFO - Started process (PID=319) to work on /opt/airflow/dags/branch_python_operator.py
[2024-06-08T09:52:10.931+0000] {processor.py:830} INFO - Processing file /opt/airflow/dags/branch_python_operator.py for tasks to queue
[2024-06-08T09:52:10.932+0000] {logging_mixin.py:188} INFO - [2024-06-08T09:52:10.932+0000] {dagbag.py:540} INFO - Filling up the DagBag from /opt/airflow/dags/branch_python_operator.py
[2024-06-08T09:52:10.946+0000] {processor.py:840} INFO - DAG(s) 'branch_python_operator' retrieved from /opt/airflow/dags/branch_python_operator.py
[2024-06-08T09:52:10.983+0000] {logging_mixin.py:188} INFO - [2024-06-08T09:52:10.983+0000] {dag.py:3047} INFO - Sync 1 DAGs
[2024-06-08T09:52:10.992+0000] {logging_mixin.py:188} INFO - [2024-06-08T09:52:10.992+0000] {dag.py:3834} INFO - Setting next_dagrun for branch_python_operator to None, run_after=None
[2024-06-08T09:52:11.005+0000] {processor.py:183} INFO - Processing /opt/airflow/dags/branch_python_operator.py took 0.077 seconds
[2024-06-08T09:52:41.244+0000] {processor.py:161} INFO - Started process (PID=341) to work on /opt/airflow/dags/branch_python_operator.py
[2024-06-08T09:52:41.245+0000] {processor.py:830} INFO - Processing file /opt/airflow/dags/branch_python_operator.py for tasks to queue
[2024-06-08T09:52:41.246+0000] {logging_mixin.py:188} INFO - [2024-06-08T09:52:41.246+0000] {dagbag.py:540} INFO - Filling up the DagBag from /opt/airflow/dags/branch_python_operator.py
[2024-06-08T09:52:41.258+0000] {processor.py:840} INFO - DAG(s) 'branch_python_operator' retrieved from /opt/airflow/dags/branch_python_operator.py
[2024-06-08T09:52:41.283+0000] {logging_mixin.py:188} INFO - [2024-06-08T09:52:41.283+0000] {dag.py:3047} INFO - Sync 1 DAGs
[2024-06-08T09:52:41.292+0000] {logging_mixin.py:188} INFO - [2024-06-08T09:52:41.292+0000] {dag.py:3834} INFO - Setting next_dagrun for branch_python_operator to None, run_after=None
[2024-06-08T09:52:41.304+0000] {processor.py:183} INFO - Processing /opt/airflow/dags/branch_python_operator.py took 0.061 seconds
[2024-06-08T09:53:11.607+0000] {processor.py:161} INFO - Started process (PID=363) to work on /opt/airflow/dags/branch_python_operator.py
[2024-06-08T09:53:11.608+0000] {processor.py:830} INFO - Processing file /opt/airflow/dags/branch_python_operator.py for tasks to queue
[2024-06-08T09:53:11.609+0000] {logging_mixin.py:188} INFO - [2024-06-08T09:53:11.609+0000] {dagbag.py:540} INFO - Filling up the DagBag from /opt/airflow/dags/branch_python_operator.py
[2024-06-08T09:53:11.619+0000] {processor.py:840} INFO - DAG(s) 'branch_python_operator' retrieved from /opt/airflow/dags/branch_python_operator.py
[2024-06-08T09:53:11.639+0000] {logging_mixin.py:188} INFO - [2024-06-08T09:53:11.639+0000] {dag.py:3047} INFO - Sync 1 DAGs
[2024-06-08T09:53:11.648+0000] {logging_mixin.py:188} INFO - [2024-06-08T09:53:11.648+0000] {dag.py:3834} INFO - Setting next_dagrun for branch_python_operator to None, run_after=None
[2024-06-08T09:53:11.662+0000] {processor.py:183} INFO - Processing /opt/airflow/dags/branch_python_operator.py took 0.057 seconds
[2024-06-08T09:53:42.062+0000] {processor.py:161} INFO - Started process (PID=386) to work on /opt/airflow/dags/branch_python_operator.py
[2024-06-08T09:53:42.063+0000] {processor.py:830} INFO - Processing file /opt/airflow/dags/branch_python_operator.py for tasks to queue
[2024-06-08T09:53:42.064+0000] {logging_mixin.py:188} INFO - [2024-06-08T09:53:42.064+0000] {dagbag.py:540} INFO - Filling up the DagBag from /opt/airflow/dags/branch_python_operator.py
[2024-06-08T09:53:42.077+0000] {processor.py:840} INFO - DAG(s) 'branch_python_operator' retrieved from /opt/airflow/dags/branch_python_operator.py
[2024-06-08T09:53:42.103+0000] {logging_mixin.py:188} INFO - [2024-06-08T09:53:42.102+0000] {dag.py:3047} INFO - Sync 1 DAGs
[2024-06-08T09:53:42.125+0000] {logging_mixin.py:188} INFO - [2024-06-08T09:53:42.125+0000] {dag.py:3834} INFO - Setting next_dagrun for branch_python_operator to None, run_after=None
[2024-06-08T09:53:42.144+0000] {processor.py:183} INFO - Processing /opt/airflow/dags/branch_python_operator.py took 0.084 seconds
[2024-06-08T09:54:12.345+0000] {processor.py:161} INFO - Started process (PID=408) to work on /opt/airflow/dags/branch_python_operator.py
[2024-06-08T09:54:12.345+0000] {processor.py:830} INFO - Processing file /opt/airflow/dags/branch_python_operator.py for tasks to queue
[2024-06-08T09:54:12.347+0000] {logging_mixin.py:188} INFO - [2024-06-08T09:54:12.347+0000] {dagbag.py:540} INFO - Filling up the DagBag from /opt/airflow/dags/branch_python_operator.py
[2024-06-08T09:54:12.362+0000] {processor.py:840} INFO - DAG(s) 'branch_python_operator' retrieved from /opt/airflow/dags/branch_python_operator.py
[2024-06-08T09:54:12.391+0000] {logging_mixin.py:188} INFO - [2024-06-08T09:54:12.390+0000] {dag.py:3047} INFO - Sync 1 DAGs
[2024-06-08T09:54:12.398+0000] {logging_mixin.py:188} INFO - [2024-06-08T09:54:12.398+0000] {dag.py:3834} INFO - Setting next_dagrun for branch_python_operator to None, run_after=None
[2024-06-08T09:54:12.412+0000] {processor.py:183} INFO - Processing /opt/airflow/dags/branch_python_operator.py took 0.069 seconds
[2024-06-08T09:54:43.197+0000] {processor.py:161} INFO - Started process (PID=430) to work on /opt/airflow/dags/branch_python_operator.py
[2024-06-08T09:54:43.200+0000] {processor.py:830} INFO - Processing file /opt/airflow/dags/branch_python_operator.py for tasks to queue
[2024-06-08T09:54:43.201+0000] {logging_mixin.py:188} INFO - [2024-06-08T09:54:43.201+0000] {dagbag.py:540} INFO - Filling up the DagBag from /opt/airflow/dags/branch_python_operator.py
[2024-06-08T09:54:43.214+0000] {processor.py:840} INFO - DAG(s) 'branch_python_operator' retrieved from /opt/airflow/dags/branch_python_operator.py
[2024-06-08T09:54:43.239+0000] {logging_mixin.py:188} INFO - [2024-06-08T09:54:43.239+0000] {dag.py:3047} INFO - Sync 1 DAGs
[2024-06-08T09:54:43.247+0000] {logging_mixin.py:188} INFO - [2024-06-08T09:54:43.247+0000] {dag.py:3834} INFO - Setting next_dagrun for branch_python_operator to None, run_after=None
[2024-06-08T09:54:43.267+0000] {processor.py:183} INFO - Processing /opt/airflow/dags/branch_python_operator.py took 0.072 seconds
[2024-06-08T09:55:13.532+0000] {processor.py:161} INFO - Started process (PID=453) to work on /opt/airflow/dags/branch_python_operator.py
[2024-06-08T09:55:13.532+0000] {processor.py:830} INFO - Processing file /opt/airflow/dags/branch_python_operator.py for tasks to queue
[2024-06-08T09:55:13.534+0000] {logging_mixin.py:188} INFO - [2024-06-08T09:55:13.533+0000] {dagbag.py:540} INFO - Filling up the DagBag from /opt/airflow/dags/branch_python_operator.py
[2024-06-08T09:55:13.547+0000] {processor.py:840} INFO - DAG(s) 'branch_python_operator' retrieved from /opt/airflow/dags/branch_python_operator.py
[2024-06-08T09:55:13.572+0000] {logging_mixin.py:188} INFO - [2024-06-08T09:55:13.572+0000] {dag.py:3047} INFO - Sync 1 DAGs
[2024-06-08T09:55:13.581+0000] {logging_mixin.py:188} INFO - [2024-06-08T09:55:13.581+0000] {dag.py:3834} INFO - Setting next_dagrun for branch_python_operator to None, run_after=None
[2024-06-08T09:55:13.595+0000] {processor.py:183} INFO - Processing /opt/airflow/dags/branch_python_operator.py took 0.065 seconds
[2024-06-08T09:55:43.777+0000] {processor.py:161} INFO - Started process (PID=479) to work on /opt/airflow/dags/branch_python_operator.py
[2024-06-08T09:55:43.778+0000] {processor.py:830} INFO - Processing file /opt/airflow/dags/branch_python_operator.py for tasks to queue
[2024-06-08T09:55:43.779+0000] {logging_mixin.py:188} INFO - [2024-06-08T09:55:43.779+0000] {dagbag.py:540} INFO - Filling up the DagBag from /opt/airflow/dags/branch_python_operator.py
[2024-06-08T09:55:43.792+0000] {processor.py:840} INFO - DAG(s) 'branch_python_operator' retrieved from /opt/airflow/dags/branch_python_operator.py
[2024-06-08T09:55:43.817+0000] {logging_mixin.py:188} INFO - [2024-06-08T09:55:43.817+0000] {dag.py:3047} INFO - Sync 1 DAGs
[2024-06-08T09:55:43.831+0000] {logging_mixin.py:188} INFO - [2024-06-08T09:55:43.831+0000] {dag.py:3834} INFO - Setting next_dagrun for branch_python_operator to None, run_after=None
[2024-06-08T09:55:43.852+0000] {processor.py:183} INFO - Processing /opt/airflow/dags/branch_python_operator.py took 0.077 seconds
[2024-06-08T09:56:14.159+0000] {processor.py:161} INFO - Started process (PID=501) to work on /opt/airflow/dags/branch_python_operator.py
[2024-06-08T09:56:14.159+0000] {processor.py:830} INFO - Processing file /opt/airflow/dags/branch_python_operator.py for tasks to queue
[2024-06-08T09:56:14.160+0000] {logging_mixin.py:188} INFO - [2024-06-08T09:56:14.160+0000] {dagbag.py:540} INFO - Filling up the DagBag from /opt/airflow/dags/branch_python_operator.py
[2024-06-08T09:56:14.172+0000] {processor.py:840} INFO - DAG(s) 'branch_python_operator' retrieved from /opt/airflow/dags/branch_python_operator.py
[2024-06-08T09:56:14.191+0000] {logging_mixin.py:188} INFO - [2024-06-08T09:56:14.191+0000] {dag.py:3047} INFO - Sync 1 DAGs
[2024-06-08T09:56:14.199+0000] {logging_mixin.py:188} INFO - [2024-06-08T09:56:14.199+0000] {dag.py:3834} INFO - Setting next_dagrun for branch_python_operator to None, run_after=None
[2024-06-08T09:56:14.211+0000] {processor.py:183} INFO - Processing /opt/airflow/dags/branch_python_operator.py took 0.054 seconds
[2024-06-08T09:56:44.618+0000] {processor.py:161} INFO - Started process (PID=523) to work on /opt/airflow/dags/branch_python_operator.py
[2024-06-08T09:56:44.618+0000] {processor.py:830} INFO - Processing file /opt/airflow/dags/branch_python_operator.py for tasks to queue
[2024-06-08T09:56:44.619+0000] {logging_mixin.py:188} INFO - [2024-06-08T09:56:44.619+0000] {dagbag.py:540} INFO - Filling up the DagBag from /opt/airflow/dags/branch_python_operator.py
[2024-06-08T09:56:44.629+0000] {processor.py:840} INFO - DAG(s) 'branch_python_operator' retrieved from /opt/airflow/dags/branch_python_operator.py
[2024-06-08T09:56:44.650+0000] {logging_mixin.py:188} INFO - [2024-06-08T09:56:44.650+0000] {dag.py:3047} INFO - Sync 1 DAGs
[2024-06-08T09:56:44.659+0000] {logging_mixin.py:188} INFO - [2024-06-08T09:56:44.659+0000] {dag.py:3834} INFO - Setting next_dagrun for branch_python_operator to None, run_after=None
[2024-06-08T09:56:44.674+0000] {processor.py:183} INFO - Processing /opt/airflow/dags/branch_python_operator.py took 0.058 seconds
[2024-06-08T09:57:14.868+0000] {processor.py:161} INFO - Started process (PID=545) to work on /opt/airflow/dags/branch_python_operator.py
[2024-06-08T09:57:14.868+0000] {processor.py:830} INFO - Processing file /opt/airflow/dags/branch_python_operator.py for tasks to queue
[2024-06-08T09:57:14.869+0000] {logging_mixin.py:188} INFO - [2024-06-08T09:57:14.869+0000] {dagbag.py:540} INFO - Filling up the DagBag from /opt/airflow/dags/branch_python_operator.py
[2024-06-08T09:57:14.881+0000] {processor.py:840} INFO - DAG(s) 'branch_python_operator' retrieved from /opt/airflow/dags/branch_python_operator.py
[2024-06-08T09:57:14.903+0000] {logging_mixin.py:188} INFO - [2024-06-08T09:57:14.903+0000] {dag.py:3047} INFO - Sync 1 DAGs
[2024-06-08T09:57:14.911+0000] {logging_mixin.py:188} INFO - [2024-06-08T09:57:14.911+0000] {dag.py:3834} INFO - Setting next_dagrun for branch_python_operator to None, run_after=None
[2024-06-08T09:57:14.925+0000] {processor.py:183} INFO - Processing /opt/airflow/dags/branch_python_operator.py took 0.058 seconds
[2024-06-08T09:57:45.306+0000] {processor.py:161} INFO - Started process (PID=567) to work on /opt/airflow/dags/branch_python_operator.py
[2024-06-08T09:57:45.308+0000] {processor.py:830} INFO - Processing file /opt/airflow/dags/branch_python_operator.py for tasks to queue
[2024-06-08T09:57:45.309+0000] {logging_mixin.py:188} INFO - [2024-06-08T09:57:45.309+0000] {dagbag.py:540} INFO - Filling up the DagBag from /opt/airflow/dags/branch_python_operator.py
[2024-06-08T09:57:45.331+0000] {processor.py:840} INFO - DAG(s) 'branch_python_operator' retrieved from /opt/airflow/dags/branch_python_operator.py
[2024-06-08T09:57:45.358+0000] {logging_mixin.py:188} INFO - [2024-06-08T09:57:45.358+0000] {dag.py:3047} INFO - Sync 1 DAGs
[2024-06-08T09:57:45.368+0000] {logging_mixin.py:188} INFO - [2024-06-08T09:57:45.368+0000] {dag.py:3834} INFO - Setting next_dagrun for branch_python_operator to None, run_after=None
[2024-06-08T09:57:45.382+0000] {processor.py:183} INFO - Processing /opt/airflow/dags/branch_python_operator.py took 0.078 seconds
[2024-06-08T09:58:15.888+0000] {processor.py:161} INFO - Started process (PID=589) to work on /opt/airflow/dags/branch_python_operator.py
[2024-06-08T09:58:15.889+0000] {processor.py:830} INFO - Processing file /opt/airflow/dags/branch_python_operator.py for tasks to queue
[2024-06-08T09:58:15.890+0000] {logging_mixin.py:188} INFO - [2024-06-08T09:58:15.890+0000] {dagbag.py:540} INFO - Filling up the DagBag from /opt/airflow/dags/branch_python_operator.py
[2024-06-08T09:58:15.901+0000] {processor.py:840} INFO - DAG(s) 'branch_python_operator' retrieved from /opt/airflow/dags/branch_python_operator.py
[2024-06-08T09:58:15.920+0000] {logging_mixin.py:188} INFO - [2024-06-08T09:58:15.920+0000] {dag.py:3047} INFO - Sync 1 DAGs
[2024-06-08T09:58:15.929+0000] {logging_mixin.py:188} INFO - [2024-06-08T09:58:15.929+0000] {dag.py:3834} INFO - Setting next_dagrun for branch_python_operator to None, run_after=None
[2024-06-08T09:58:15.948+0000] {processor.py:183} INFO - Processing /opt/airflow/dags/branch_python_operator.py took 0.062 seconds
