[2024-06-08T09:45:35.011+0000] {processor.py:161} INFO - Started process (PID=39) to work on /opt/airflow/dags/callback.py
[2024-06-08T09:45:35.012+0000] {processor.py:830} INFO - Processing file /opt/airflow/dags/callback.py for tasks to queue
[2024-06-08T09:45:35.014+0000] {logging_mixin.py:188} INFO - [2024-06-08T09:45:35.014+0000] {dagbag.py:540} INFO - Filling up the DagBag from /opt/airflow/dags/callback.py
[2024-06-08T09:45:35.035+0000] {processor.py:840} INFO - DAG(s) 'callback' retrieved from /opt/airflow/dags/callback.py
[2024-06-08T09:45:35.199+0000] {logging_mixin.py:188} INFO - [2024-06-08T09:45:35.198+0000] {dag.py:3047} INFO - Sync 1 DAGs
[2024-06-08T09:45:35.228+0000] {logging_mixin.py:188} INFO - [2024-06-08T09:45:35.228+0000] {dag.py:3834} INFO - Setting next_dagrun for callback to None, run_after=None
[2024-06-08T09:45:35.274+0000] {processor.py:183} INFO - Processing /opt/airflow/dags/callback.py took 0.265 seconds
[2024-06-08T09:46:06.284+0000] {processor.py:161} INFO - Started process (PID=60) to work on /opt/airflow/dags/callback.py
[2024-06-08T09:46:06.285+0000] {processor.py:830} INFO - Processing file /opt/airflow/dags/callback.py for tasks to queue
[2024-06-08T09:46:06.286+0000] {logging_mixin.py:188} INFO - [2024-06-08T09:46:06.286+0000] {dagbag.py:540} INFO - Filling up the DagBag from /opt/airflow/dags/callback.py
[2024-06-08T09:46:06.301+0000] {processor.py:840} INFO - DAG(s) 'callback' retrieved from /opt/airflow/dags/callback.py
[2024-06-08T09:46:06.337+0000] {logging_mixin.py:188} INFO - [2024-06-08T09:46:06.337+0000] {dag.py:3047} INFO - Sync 1 DAGs
[2024-06-08T09:46:06.349+0000] {logging_mixin.py:188} INFO - [2024-06-08T09:46:06.348+0000] {dag.py:3834} INFO - Setting next_dagrun for callback to None, run_after=None
[2024-06-08T09:46:06.369+0000] {processor.py:183} INFO - Processing /opt/airflow/dags/callback.py took 0.087 seconds
[2024-06-08T09:46:36.598+0000] {processor.py:161} INFO - Started process (PID=81) to work on /opt/airflow/dags/callback.py
[2024-06-08T09:46:36.599+0000] {processor.py:830} INFO - Processing file /opt/airflow/dags/callback.py for tasks to queue
[2024-06-08T09:46:36.600+0000] {logging_mixin.py:188} INFO - [2024-06-08T09:46:36.600+0000] {dagbag.py:540} INFO - Filling up the DagBag from /opt/airflow/dags/callback.py
[2024-06-08T09:46:36.612+0000] {processor.py:840} INFO - DAG(s) 'callback' retrieved from /opt/airflow/dags/callback.py
[2024-06-08T09:46:36.648+0000] {logging_mixin.py:188} INFO - [2024-06-08T09:46:36.648+0000] {dag.py:3047} INFO - Sync 1 DAGs
[2024-06-08T09:46:36.658+0000] {logging_mixin.py:188} INFO - [2024-06-08T09:46:36.658+0000] {dag.py:3834} INFO - Setting next_dagrun for callback to None, run_after=None
[2024-06-08T09:46:36.676+0000] {processor.py:183} INFO - Processing /opt/airflow/dags/callback.py took 0.081 seconds
[2024-06-08T09:47:06.760+0000] {processor.py:161} INFO - Started process (PID=102) to work on /opt/airflow/dags/callback.py
[2024-06-08T09:47:06.761+0000] {processor.py:830} INFO - Processing file /opt/airflow/dags/callback.py for tasks to queue
[2024-06-08T09:47:06.762+0000] {logging_mixin.py:188} INFO - [2024-06-08T09:47:06.762+0000] {dagbag.py:540} INFO - Filling up the DagBag from /opt/airflow/dags/callback.py
[2024-06-08T09:47:06.791+0000] {processor.py:840} INFO - DAG(s) 'callback' retrieved from /opt/airflow/dags/callback.py
[2024-06-08T09:47:06.843+0000] {logging_mixin.py:188} INFO - [2024-06-08T09:47:06.843+0000] {dag.py:3047} INFO - Sync 1 DAGs
[2024-06-08T09:47:06.856+0000] {logging_mixin.py:188} INFO - [2024-06-08T09:47:06.855+0000] {dag.py:3834} INFO - Setting next_dagrun for callback to None, run_after=None
[2024-06-08T09:47:06.931+0000] {processor.py:183} INFO - Processing /opt/airflow/dags/callback.py took 0.172 seconds
[2024-06-08T09:47:37.474+0000] {processor.py:161} INFO - Started process (PID=123) to work on /opt/airflow/dags/callback.py
[2024-06-08T09:47:37.474+0000] {processor.py:830} INFO - Processing file /opt/airflow/dags/callback.py for tasks to queue
[2024-06-08T09:47:37.475+0000] {logging_mixin.py:188} INFO - [2024-06-08T09:47:37.475+0000] {dagbag.py:540} INFO - Filling up the DagBag from /opt/airflow/dags/callback.py
[2024-06-08T09:47:37.487+0000] {processor.py:840} INFO - DAG(s) 'callback' retrieved from /opt/airflow/dags/callback.py
[2024-06-08T09:47:37.511+0000] {logging_mixin.py:188} INFO - [2024-06-08T09:47:37.511+0000] {dag.py:3047} INFO - Sync 1 DAGs
[2024-06-08T09:47:37.523+0000] {logging_mixin.py:188} INFO - [2024-06-08T09:47:37.523+0000] {dag.py:3834} INFO - Setting next_dagrun for callback to None, run_after=None
[2024-06-08T09:47:37.539+0000] {processor.py:183} INFO - Processing /opt/airflow/dags/callback.py took 0.067 seconds
[2024-06-08T09:48:07.766+0000] {processor.py:161} INFO - Started process (PID=145) to work on /opt/airflow/dags/callback.py
[2024-06-08T09:48:07.768+0000] {processor.py:830} INFO - Processing file /opt/airflow/dags/callback.py for tasks to queue
[2024-06-08T09:48:07.770+0000] {logging_mixin.py:188} INFO - [2024-06-08T09:48:07.769+0000] {dagbag.py:540} INFO - Filling up the DagBag from /opt/airflow/dags/callback.py
[2024-06-08T09:48:07.781+0000] {processor.py:840} INFO - DAG(s) 'callback' retrieved from /opt/airflow/dags/callback.py
[2024-06-08T09:48:07.809+0000] {logging_mixin.py:188} INFO - [2024-06-08T09:48:07.809+0000] {dag.py:3047} INFO - Sync 1 DAGs
[2024-06-08T09:48:07.817+0000] {logging_mixin.py:188} INFO - [2024-06-08T09:48:07.816+0000] {dag.py:3834} INFO - Setting next_dagrun for callback to None, run_after=None
[2024-06-08T09:48:07.837+0000] {processor.py:183} INFO - Processing /opt/airflow/dags/callback.py took 0.073 seconds
[2024-06-08T09:48:38.044+0000] {processor.py:161} INFO - Started process (PID=166) to work on /opt/airflow/dags/callback.py
[2024-06-08T09:48:38.045+0000] {processor.py:830} INFO - Processing file /opt/airflow/dags/callback.py for tasks to queue
[2024-06-08T09:48:38.047+0000] {logging_mixin.py:188} INFO - [2024-06-08T09:48:38.047+0000] {dagbag.py:540} INFO - Filling up the DagBag from /opt/airflow/dags/callback.py
[2024-06-08T09:48:38.061+0000] {processor.py:840} INFO - DAG(s) 'callback' retrieved from /opt/airflow/dags/callback.py
[2024-06-08T09:48:38.091+0000] {logging_mixin.py:188} INFO - [2024-06-08T09:48:38.091+0000] {dag.py:3047} INFO - Sync 1 DAGs
[2024-06-08T09:48:38.102+0000] {logging_mixin.py:188} INFO - [2024-06-08T09:48:38.101+0000] {dag.py:3834} INFO - Setting next_dagrun for callback to None, run_after=None
[2024-06-08T09:48:38.125+0000] {processor.py:183} INFO - Processing /opt/airflow/dags/callback.py took 0.083 seconds
[2024-06-08T09:49:08.528+0000] {processor.py:161} INFO - Started process (PID=187) to work on /opt/airflow/dags/callback.py
[2024-06-08T09:49:08.529+0000] {processor.py:830} INFO - Processing file /opt/airflow/dags/callback.py for tasks to queue
[2024-06-08T09:49:08.530+0000] {logging_mixin.py:188} INFO - [2024-06-08T09:49:08.530+0000] {dagbag.py:540} INFO - Filling up the DagBag from /opt/airflow/dags/callback.py
[2024-06-08T09:49:08.540+0000] {processor.py:840} INFO - DAG(s) 'callback' retrieved from /opt/airflow/dags/callback.py
[2024-06-08T09:49:08.570+0000] {logging_mixin.py:188} INFO - [2024-06-08T09:49:08.570+0000] {dag.py:3047} INFO - Sync 1 DAGs
[2024-06-08T09:49:08.581+0000] {logging_mixin.py:188} INFO - [2024-06-08T09:49:08.581+0000] {dag.py:3834} INFO - Setting next_dagrun for callback to None, run_after=None
[2024-06-08T09:49:08.597+0000] {processor.py:183} INFO - Processing /opt/airflow/dags/callback.py took 0.071 seconds
[2024-06-08T09:49:38.697+0000] {processor.py:161} INFO - Started process (PID=208) to work on /opt/airflow/dags/callback.py
[2024-06-08T09:49:38.698+0000] {processor.py:830} INFO - Processing file /opt/airflow/dags/callback.py for tasks to queue
[2024-06-08T09:49:38.699+0000] {logging_mixin.py:188} INFO - [2024-06-08T09:49:38.698+0000] {dagbag.py:540} INFO - Filling up the DagBag from /opt/airflow/dags/callback.py
[2024-06-08T09:49:38.713+0000] {processor.py:840} INFO - DAG(s) 'callback' retrieved from /opt/airflow/dags/callback.py
[2024-06-08T09:49:38.740+0000] {logging_mixin.py:188} INFO - [2024-06-08T09:49:38.739+0000] {dag.py:3047} INFO - Sync 1 DAGs
[2024-06-08T09:49:38.748+0000] {logging_mixin.py:188} INFO - [2024-06-08T09:49:38.748+0000] {dag.py:3834} INFO - Setting next_dagrun for callback to None, run_after=None
[2024-06-08T09:49:38.766+0000] {processor.py:183} INFO - Processing /opt/airflow/dags/callback.py took 0.070 seconds
[2024-06-08T09:50:08.952+0000] {processor.py:161} INFO - Started process (PID=229) to work on /opt/airflow/dags/callback.py
[2024-06-08T09:50:08.953+0000] {processor.py:830} INFO - Processing file /opt/airflow/dags/callback.py for tasks to queue
[2024-06-08T09:50:08.954+0000] {logging_mixin.py:188} INFO - [2024-06-08T09:50:08.954+0000] {dagbag.py:540} INFO - Filling up the DagBag from /opt/airflow/dags/callback.py
[2024-06-08T09:50:08.967+0000] {processor.py:840} INFO - DAG(s) 'callback' retrieved from /opt/airflow/dags/callback.py
[2024-06-08T09:50:08.994+0000] {logging_mixin.py:188} INFO - [2024-06-08T09:50:08.994+0000] {dag.py:3047} INFO - Sync 1 DAGs
[2024-06-08T09:50:09.003+0000] {logging_mixin.py:188} INFO - [2024-06-08T09:50:09.003+0000] {dag.py:3834} INFO - Setting next_dagrun for callback to None, run_after=None
[2024-06-08T09:50:09.028+0000] {processor.py:183} INFO - Processing /opt/airflow/dags/callback.py took 0.078 seconds
[2024-06-08T09:50:39.710+0000] {processor.py:161} INFO - Started process (PID=251) to work on /opt/airflow/dags/callback.py
[2024-06-08T09:50:39.711+0000] {processor.py:830} INFO - Processing file /opt/airflow/dags/callback.py for tasks to queue
[2024-06-08T09:50:39.712+0000] {logging_mixin.py:188} INFO - [2024-06-08T09:50:39.712+0000] {dagbag.py:540} INFO - Filling up the DagBag from /opt/airflow/dags/callback.py
[2024-06-08T09:50:39.723+0000] {processor.py:840} INFO - DAG(s) 'callback' retrieved from /opt/airflow/dags/callback.py
[2024-06-08T09:50:39.749+0000] {logging_mixin.py:188} INFO - [2024-06-08T09:50:39.749+0000] {dag.py:3047} INFO - Sync 1 DAGs
[2024-06-08T09:50:39.758+0000] {logging_mixin.py:188} INFO - [2024-06-08T09:50:39.758+0000] {dag.py:3834} INFO - Setting next_dagrun for callback to None, run_after=None
[2024-06-08T09:50:39.778+0000] {processor.py:183} INFO - Processing /opt/airflow/dags/callback.py took 0.070 seconds
[2024-06-08T09:51:10.024+0000] {processor.py:161} INFO - Started process (PID=273) to work on /opt/airflow/dags/callback.py
[2024-06-08T09:51:10.024+0000] {processor.py:830} INFO - Processing file /opt/airflow/dags/callback.py for tasks to queue
[2024-06-08T09:51:10.026+0000] {logging_mixin.py:188} INFO - [2024-06-08T09:51:10.025+0000] {dagbag.py:540} INFO - Filling up the DagBag from /opt/airflow/dags/callback.py
[2024-06-08T09:51:10.037+0000] {processor.py:840} INFO - DAG(s) 'callback' retrieved from /opt/airflow/dags/callback.py
[2024-06-08T09:51:10.070+0000] {logging_mixin.py:188} INFO - [2024-06-08T09:51:10.070+0000] {dag.py:3047} INFO - Sync 1 DAGs
[2024-06-08T09:51:10.113+0000] {logging_mixin.py:188} INFO - [2024-06-08T09:51:10.113+0000] {dag.py:3834} INFO - Setting next_dagrun for callback to None, run_after=None
[2024-06-08T09:51:10.142+0000] {processor.py:183} INFO - Processing /opt/airflow/dags/callback.py took 0.120 seconds
[2024-06-08T09:51:40.513+0000] {processor.py:161} INFO - Started process (PID=295) to work on /opt/airflow/dags/callback.py
[2024-06-08T09:51:40.514+0000] {processor.py:830} INFO - Processing file /opt/airflow/dags/callback.py for tasks to queue
[2024-06-08T09:51:40.515+0000] {logging_mixin.py:188} INFO - [2024-06-08T09:51:40.515+0000] {dagbag.py:540} INFO - Filling up the DagBag from /opt/airflow/dags/callback.py
[2024-06-08T09:51:40.529+0000] {processor.py:840} INFO - DAG(s) 'callback' retrieved from /opt/airflow/dags/callback.py
[2024-06-08T09:51:40.557+0000] {logging_mixin.py:188} INFO - [2024-06-08T09:51:40.557+0000] {dag.py:3047} INFO - Sync 1 DAGs
[2024-06-08T09:51:40.567+0000] {logging_mixin.py:188} INFO - [2024-06-08T09:51:40.567+0000] {dag.py:3834} INFO - Setting next_dagrun for callback to None, run_after=None
[2024-06-08T09:51:40.589+0000] {processor.py:183} INFO - Processing /opt/airflow/dags/callback.py took 0.078 seconds
[2024-06-08T09:52:10.819+0000] {processor.py:161} INFO - Started process (PID=317) to work on /opt/airflow/dags/callback.py
[2024-06-08T09:52:10.819+0000] {processor.py:830} INFO - Processing file /opt/airflow/dags/callback.py for tasks to queue
[2024-06-08T09:52:10.820+0000] {logging_mixin.py:188} INFO - [2024-06-08T09:52:10.820+0000] {dagbag.py:540} INFO - Filling up the DagBag from /opt/airflow/dags/callback.py
[2024-06-08T09:52:10.831+0000] {processor.py:840} INFO - DAG(s) 'callback' retrieved from /opt/airflow/dags/callback.py
[2024-06-08T09:52:10.873+0000] {logging_mixin.py:188} INFO - [2024-06-08T09:52:10.873+0000] {dag.py:3047} INFO - Sync 1 DAGs
[2024-06-08T09:52:10.881+0000] {logging_mixin.py:188} INFO - [2024-06-08T09:52:10.881+0000] {dag.py:3834} INFO - Setting next_dagrun for callback to None, run_after=None
[2024-06-08T09:52:10.902+0000] {processor.py:183} INFO - Processing /opt/airflow/dags/callback.py took 0.086 seconds
[2024-06-08T09:52:41.157+0000] {processor.py:161} INFO - Started process (PID=339) to work on /opt/airflow/dags/callback.py
[2024-06-08T09:52:41.158+0000] {processor.py:830} INFO - Processing file /opt/airflow/dags/callback.py for tasks to queue
[2024-06-08T09:52:41.159+0000] {logging_mixin.py:188} INFO - [2024-06-08T09:52:41.158+0000] {dagbag.py:540} INFO - Filling up the DagBag from /opt/airflow/dags/callback.py
[2024-06-08T09:52:41.169+0000] {processor.py:840} INFO - DAG(s) 'callback' retrieved from /opt/airflow/dags/callback.py
[2024-06-08T09:52:41.193+0000] {logging_mixin.py:188} INFO - [2024-06-08T09:52:41.193+0000] {dag.py:3047} INFO - Sync 1 DAGs
[2024-06-08T09:52:41.201+0000] {logging_mixin.py:188} INFO - [2024-06-08T09:52:41.201+0000] {dag.py:3834} INFO - Setting next_dagrun for callback to None, run_after=None
[2024-06-08T09:52:41.223+0000] {processor.py:183} INFO - Processing /opt/airflow/dags/callback.py took 0.068 seconds
[2024-06-08T09:53:11.507+0000] {processor.py:161} INFO - Started process (PID=361) to work on /opt/airflow/dags/callback.py
[2024-06-08T09:53:11.508+0000] {processor.py:830} INFO - Processing file /opt/airflow/dags/callback.py for tasks to queue
[2024-06-08T09:53:11.509+0000] {logging_mixin.py:188} INFO - [2024-06-08T09:53:11.509+0000] {dagbag.py:540} INFO - Filling up the DagBag from /opt/airflow/dags/callback.py
[2024-06-08T09:53:11.522+0000] {processor.py:840} INFO - DAG(s) 'callback' retrieved from /opt/airflow/dags/callback.py
[2024-06-08T09:53:11.549+0000] {logging_mixin.py:188} INFO - [2024-06-08T09:53:11.549+0000] {dag.py:3047} INFO - Sync 1 DAGs
[2024-06-08T09:53:11.557+0000] {logging_mixin.py:188} INFO - [2024-06-08T09:53:11.557+0000] {dag.py:3834} INFO - Setting next_dagrun for callback to None, run_after=None
[2024-06-08T09:53:11.582+0000] {processor.py:183} INFO - Processing /opt/airflow/dags/callback.py took 0.077 seconds
[2024-06-08T09:53:41.971+0000] {processor.py:161} INFO - Started process (PID=384) to work on /opt/airflow/dags/callback.py
[2024-06-08T09:53:41.972+0000] {processor.py:830} INFO - Processing file /opt/airflow/dags/callback.py for tasks to queue
[2024-06-08T09:53:41.973+0000] {logging_mixin.py:188} INFO - [2024-06-08T09:53:41.973+0000] {dagbag.py:540} INFO - Filling up the DagBag from /opt/airflow/dags/callback.py
[2024-06-08T09:53:41.988+0000] {processor.py:840} INFO - DAG(s) 'callback' retrieved from /opt/airflow/dags/callback.py
[2024-06-08T09:53:42.011+0000] {logging_mixin.py:188} INFO - [2024-06-08T09:53:42.011+0000] {dag.py:3047} INFO - Sync 1 DAGs
[2024-06-08T09:53:42.018+0000] {logging_mixin.py:188} INFO - [2024-06-08T09:53:42.018+0000] {dag.py:3834} INFO - Setting next_dagrun for callback to None, run_after=None
[2024-06-08T09:53:42.034+0000] {processor.py:183} INFO - Processing /opt/airflow/dags/callback.py took 0.065 seconds
[2024-06-08T09:54:12.222+0000] {processor.py:161} INFO - Started process (PID=406) to work on /opt/airflow/dags/callback.py
[2024-06-08T09:54:12.223+0000] {processor.py:830} INFO - Processing file /opt/airflow/dags/callback.py for tasks to queue
[2024-06-08T09:54:12.224+0000] {logging_mixin.py:188} INFO - [2024-06-08T09:54:12.224+0000] {dagbag.py:540} INFO - Filling up the DagBag from /opt/airflow/dags/callback.py
[2024-06-08T09:54:12.244+0000] {processor.py:840} INFO - DAG(s) 'callback' retrieved from /opt/airflow/dags/callback.py
[2024-06-08T09:54:12.273+0000] {logging_mixin.py:188} INFO - [2024-06-08T09:54:12.273+0000] {dag.py:3047} INFO - Sync 1 DAGs
[2024-06-08T09:54:12.283+0000] {logging_mixin.py:188} INFO - [2024-06-08T09:54:12.283+0000] {dag.py:3834} INFO - Setting next_dagrun for callback to None, run_after=None
[2024-06-08T09:54:12.318+0000] {processor.py:183} INFO - Processing /opt/airflow/dags/callback.py took 0.098 seconds
[2024-06-08T09:54:43.042+0000] {processor.py:161} INFO - Started process (PID=428) to work on /opt/airflow/dags/callback.py
[2024-06-08T09:54:43.043+0000] {processor.py:830} INFO - Processing file /opt/airflow/dags/callback.py for tasks to queue
[2024-06-08T09:54:43.045+0000] {logging_mixin.py:188} INFO - [2024-06-08T09:54:43.045+0000] {dagbag.py:540} INFO - Filling up the DagBag from /opt/airflow/dags/callback.py
[2024-06-08T09:54:43.080+0000] {processor.py:840} INFO - DAG(s) 'callback' retrieved from /opt/airflow/dags/callback.py
[2024-06-08T09:54:43.104+0000] {logging_mixin.py:188} INFO - [2024-06-08T09:54:43.104+0000] {dag.py:3047} INFO - Sync 1 DAGs
[2024-06-08T09:54:43.117+0000] {logging_mixin.py:188} INFO - [2024-06-08T09:54:43.117+0000] {dag.py:3834} INFO - Setting next_dagrun for callback to None, run_after=None
[2024-06-08T09:54:43.166+0000] {processor.py:183} INFO - Processing /opt/airflow/dags/callback.py took 0.125 seconds
[2024-06-08T09:55:13.438+0000] {processor.py:161} INFO - Started process (PID=451) to work on /opt/airflow/dags/callback.py
[2024-06-08T09:55:13.439+0000] {processor.py:830} INFO - Processing file /opt/airflow/dags/callback.py for tasks to queue
[2024-06-08T09:55:13.441+0000] {logging_mixin.py:188} INFO - [2024-06-08T09:55:13.440+0000] {dagbag.py:540} INFO - Filling up the DagBag from /opt/airflow/dags/callback.py
[2024-06-08T09:55:13.454+0000] {processor.py:840} INFO - DAG(s) 'callback' retrieved from /opt/airflow/dags/callback.py
[2024-06-08T09:55:13.483+0000] {logging_mixin.py:188} INFO - [2024-06-08T09:55:13.483+0000] {dag.py:3047} INFO - Sync 1 DAGs
[2024-06-08T09:55:13.494+0000] {logging_mixin.py:188} INFO - [2024-06-08T09:55:13.494+0000] {dag.py:3834} INFO - Setting next_dagrun for callback to None, run_after=None
[2024-06-08T09:55:13.513+0000] {processor.py:183} INFO - Processing /opt/airflow/dags/callback.py took 0.076 seconds
[2024-06-08T09:55:43.680+0000] {processor.py:161} INFO - Started process (PID=477) to work on /opt/airflow/dags/callback.py
[2024-06-08T09:55:43.680+0000] {processor.py:830} INFO - Processing file /opt/airflow/dags/callback.py for tasks to queue
[2024-06-08T09:55:43.682+0000] {logging_mixin.py:188} INFO - [2024-06-08T09:55:43.681+0000] {dagbag.py:540} INFO - Filling up the DagBag from /opt/airflow/dags/callback.py
[2024-06-08T09:55:43.695+0000] {processor.py:840} INFO - DAG(s) 'callback' retrieved from /opt/airflow/dags/callback.py
[2024-06-08T09:55:43.724+0000] {logging_mixin.py:188} INFO - [2024-06-08T09:55:43.724+0000] {dag.py:3047} INFO - Sync 1 DAGs
[2024-06-08T09:55:43.734+0000] {logging_mixin.py:188} INFO - [2024-06-08T09:55:43.734+0000] {dag.py:3834} INFO - Setting next_dagrun for callback to None, run_after=None
[2024-06-08T09:55:43.754+0000] {processor.py:183} INFO - Processing /opt/airflow/dags/callback.py took 0.076 seconds
[2024-06-08T09:56:14.075+0000] {processor.py:161} INFO - Started process (PID=499) to work on /opt/airflow/dags/callback.py
[2024-06-08T09:56:14.075+0000] {processor.py:830} INFO - Processing file /opt/airflow/dags/callback.py for tasks to queue
[2024-06-08T09:56:14.076+0000] {logging_mixin.py:188} INFO - [2024-06-08T09:56:14.076+0000] {dagbag.py:540} INFO - Filling up the DagBag from /opt/airflow/dags/callback.py
[2024-06-08T09:56:14.087+0000] {processor.py:840} INFO - DAG(s) 'callback' retrieved from /opt/airflow/dags/callback.py
[2024-06-08T09:56:14.113+0000] {logging_mixin.py:188} INFO - [2024-06-08T09:56:14.113+0000] {dag.py:3047} INFO - Sync 1 DAGs
[2024-06-08T09:56:14.121+0000] {logging_mixin.py:188} INFO - [2024-06-08T09:56:14.121+0000] {dag.py:3834} INFO - Setting next_dagrun for callback to None, run_after=None
[2024-06-08T09:56:14.140+0000] {processor.py:183} INFO - Processing /opt/airflow/dags/callback.py took 0.067 seconds
[2024-06-08T09:56:44.523+0000] {processor.py:161} INFO - Started process (PID=521) to work on /opt/airflow/dags/callback.py
[2024-06-08T09:56:44.523+0000] {processor.py:830} INFO - Processing file /opt/airflow/dags/callback.py for tasks to queue
[2024-06-08T09:56:44.524+0000] {logging_mixin.py:188} INFO - [2024-06-08T09:56:44.524+0000] {dagbag.py:540} INFO - Filling up the DagBag from /opt/airflow/dags/callback.py
[2024-06-08T09:56:44.535+0000] {processor.py:840} INFO - DAG(s) 'callback' retrieved from /opt/airflow/dags/callback.py
[2024-06-08T09:56:44.569+0000] {logging_mixin.py:188} INFO - [2024-06-08T09:56:44.569+0000] {dag.py:3047} INFO - Sync 1 DAGs
[2024-06-08T09:56:44.577+0000] {logging_mixin.py:188} INFO - [2024-06-08T09:56:44.577+0000] {dag.py:3834} INFO - Setting next_dagrun for callback to None, run_after=None
[2024-06-08T09:56:44.593+0000] {processor.py:183} INFO - Processing /opt/airflow/dags/callback.py took 0.072 seconds
[2024-06-08T09:57:14.766+0000] {processor.py:161} INFO - Started process (PID=543) to work on /opt/airflow/dags/callback.py
[2024-06-08T09:57:14.767+0000] {processor.py:830} INFO - Processing file /opt/airflow/dags/callback.py for tasks to queue
[2024-06-08T09:57:14.768+0000] {logging_mixin.py:188} INFO - [2024-06-08T09:57:14.768+0000] {dagbag.py:540} INFO - Filling up the DagBag from /opt/airflow/dags/callback.py
[2024-06-08T09:57:14.780+0000] {processor.py:840} INFO - DAG(s) 'callback' retrieved from /opt/airflow/dags/callback.py
[2024-06-08T09:57:14.813+0000] {logging_mixin.py:188} INFO - [2024-06-08T09:57:14.813+0000] {dag.py:3047} INFO - Sync 1 DAGs
[2024-06-08T09:57:14.824+0000] {logging_mixin.py:188} INFO - [2024-06-08T09:57:14.824+0000] {dag.py:3834} INFO - Setting next_dagrun for callback to None, run_after=None
[2024-06-08T09:57:14.847+0000] {processor.py:183} INFO - Processing /opt/airflow/dags/callback.py took 0.083 seconds
[2024-06-08T09:57:45.189+0000] {processor.py:161} INFO - Started process (PID=565) to work on /opt/airflow/dags/callback.py
[2024-06-08T09:57:45.190+0000] {processor.py:830} INFO - Processing file /opt/airflow/dags/callback.py for tasks to queue
[2024-06-08T09:57:45.191+0000] {logging_mixin.py:188} INFO - [2024-06-08T09:57:45.191+0000] {dagbag.py:540} INFO - Filling up the DagBag from /opt/airflow/dags/callback.py
[2024-06-08T09:57:45.215+0000] {processor.py:840} INFO - DAG(s) 'callback' retrieved from /opt/airflow/dags/callback.py
[2024-06-08T09:57:45.251+0000] {logging_mixin.py:188} INFO - [2024-06-08T09:57:45.251+0000] {dag.py:3047} INFO - Sync 1 DAGs
[2024-06-08T09:57:45.262+0000] {logging_mixin.py:188} INFO - [2024-06-08T09:57:45.262+0000] {dag.py:3834} INFO - Setting next_dagrun for callback to None, run_after=None
[2024-06-08T09:57:45.283+0000] {processor.py:183} INFO - Processing /opt/airflow/dags/callback.py took 0.096 seconds
[2024-06-08T09:58:15.791+0000] {processor.py:161} INFO - Started process (PID=587) to work on /opt/airflow/dags/callback.py
[2024-06-08T09:58:15.792+0000] {processor.py:830} INFO - Processing file /opt/airflow/dags/callback.py for tasks to queue
[2024-06-08T09:58:15.793+0000] {logging_mixin.py:188} INFO - [2024-06-08T09:58:15.793+0000] {dagbag.py:540} INFO - Filling up the DagBag from /opt/airflow/dags/callback.py
[2024-06-08T09:58:15.803+0000] {processor.py:840} INFO - DAG(s) 'callback' retrieved from /opt/airflow/dags/callback.py
[2024-06-08T09:58:15.831+0000] {logging_mixin.py:188} INFO - [2024-06-08T09:58:15.831+0000] {dag.py:3047} INFO - Sync 1 DAGs
[2024-06-08T09:58:15.842+0000] {logging_mixin.py:188} INFO - [2024-06-08T09:58:15.841+0000] {dag.py:3834} INFO - Setting next_dagrun for callback to None, run_after=None
[2024-06-08T09:58:15.865+0000] {processor.py:183} INFO - Processing /opt/airflow/dags/callback.py took 0.075 seconds
