[2024-06-08T09:45:35.892+0000] {processor.py:161} INFO - Started process (PID=46) to work on /opt/airflow/dags/dag_run.py
[2024-06-08T09:45:35.893+0000] {processor.py:830} INFO - Processing file /opt/airflow/dags/dag_run.py for tasks to queue
[2024-06-08T09:45:35.895+0000] {logging_mixin.py:188} INFO - [2024-06-08T09:45:35.894+0000] {dagbag.py:540} INFO - Filling up the DagBag from /opt/airflow/dags/dag_run.py
[2024-06-08T09:45:35.913+0000] {processor.py:840} INFO - DAG(s) 'dag_run' retrieved from /opt/airflow/dags/dag_run.py
[2024-06-08T09:45:36.014+0000] {logging_mixin.py:188} INFO - [2024-06-08T09:45:36.014+0000] {dag.py:3047} INFO - Sync 1 DAGs
[2024-06-08T09:45:36.034+0000] {logging_mixin.py:188} INFO - [2024-06-08T09:45:36.034+0000] {dag.py:3834} INFO - Setting next_dagrun for dag_run to None, run_after=None
[2024-06-08T09:45:36.054+0000] {processor.py:183} INFO - Processing /opt/airflow/dags/dag_run.py took 0.164 seconds
[2024-06-08T09:46:06.591+0000] {processor.py:161} INFO - Started process (PID=67) to work on /opt/airflow/dags/dag_run.py
[2024-06-08T09:46:06.592+0000] {processor.py:830} INFO - Processing file /opt/airflow/dags/dag_run.py for tasks to queue
[2024-06-08T09:46:06.595+0000] {logging_mixin.py:188} INFO - [2024-06-08T09:46:06.595+0000] {dagbag.py:540} INFO - Filling up the DagBag from /opt/airflow/dags/dag_run.py
[2024-06-08T09:46:06.607+0000] {processor.py:840} INFO - DAG(s) 'dag_run' retrieved from /opt/airflow/dags/dag_run.py
[2024-06-08T09:46:06.637+0000] {logging_mixin.py:188} INFO - [2024-06-08T09:46:06.637+0000] {dag.py:3047} INFO - Sync 1 DAGs
[2024-06-08T09:46:06.658+0000] {logging_mixin.py:188} INFO - [2024-06-08T09:46:06.657+0000] {dag.py:3834} INFO - Setting next_dagrun for dag_run to None, run_after=None
[2024-06-08T09:46:06.675+0000] {processor.py:183} INFO - Processing /opt/airflow/dags/dag_run.py took 0.085 seconds
[2024-06-08T09:46:36.917+0000] {processor.py:161} INFO - Started process (PID=88) to work on /opt/airflow/dags/dag_run.py
[2024-06-08T09:46:36.918+0000] {processor.py:830} INFO - Processing file /opt/airflow/dags/dag_run.py for tasks to queue
[2024-06-08T09:46:36.919+0000] {logging_mixin.py:188} INFO - [2024-06-08T09:46:36.919+0000] {dagbag.py:540} INFO - Filling up the DagBag from /opt/airflow/dags/dag_run.py
[2024-06-08T09:46:36.933+0000] {processor.py:840} INFO - DAG(s) 'dag_run' retrieved from /opt/airflow/dags/dag_run.py
[2024-06-08T09:46:36.958+0000] {logging_mixin.py:188} INFO - [2024-06-08T09:46:36.958+0000] {dag.py:3047} INFO - Sync 1 DAGs
[2024-06-08T09:46:36.979+0000] {logging_mixin.py:188} INFO - [2024-06-08T09:46:36.979+0000] {dag.py:3834} INFO - Setting next_dagrun for dag_run to None, run_after=None
[2024-06-08T09:46:37.000+0000] {processor.py:183} INFO - Processing /opt/airflow/dags/dag_run.py took 0.084 seconds
[2024-06-08T09:47:07.165+0000] {processor.py:161} INFO - Started process (PID=109) to work on /opt/airflow/dags/dag_run.py
[2024-06-08T09:47:07.166+0000] {processor.py:830} INFO - Processing file /opt/airflow/dags/dag_run.py for tasks to queue
[2024-06-08T09:47:07.169+0000] {logging_mixin.py:188} INFO - [2024-06-08T09:47:07.169+0000] {dagbag.py:540} INFO - Filling up the DagBag from /opt/airflow/dags/dag_run.py
[2024-06-08T09:47:07.184+0000] {processor.py:840} INFO - DAG(s) 'dag_run' retrieved from /opt/airflow/dags/dag_run.py
[2024-06-08T09:47:07.223+0000] {logging_mixin.py:188} INFO - [2024-06-08T09:47:07.223+0000] {dag.py:3047} INFO - Sync 1 DAGs
[2024-06-08T09:47:07.243+0000] {logging_mixin.py:188} INFO - [2024-06-08T09:47:07.243+0000] {dag.py:3834} INFO - Setting next_dagrun for dag_run to None, run_after=None
[2024-06-08T09:47:07.258+0000] {processor.py:183} INFO - Processing /opt/airflow/dags/dag_run.py took 0.095 seconds
[2024-06-08T09:47:37.744+0000] {processor.py:161} INFO - Started process (PID=130) to work on /opt/airflow/dags/dag_run.py
[2024-06-08T09:47:37.744+0000] {processor.py:830} INFO - Processing file /opt/airflow/dags/dag_run.py for tasks to queue
[2024-06-08T09:47:37.745+0000] {logging_mixin.py:188} INFO - [2024-06-08T09:47:37.745+0000] {dagbag.py:540} INFO - Filling up the DagBag from /opt/airflow/dags/dag_run.py
[2024-06-08T09:47:37.760+0000] {processor.py:840} INFO - DAG(s) 'dag_run' retrieved from /opt/airflow/dags/dag_run.py
[2024-06-08T09:47:37.781+0000] {logging_mixin.py:188} INFO - [2024-06-08T09:47:37.781+0000] {dag.py:3047} INFO - Sync 1 DAGs
[2024-06-08T09:47:37.798+0000] {logging_mixin.py:188} INFO - [2024-06-08T09:47:37.797+0000] {dag.py:3834} INFO - Setting next_dagrun for dag_run to None, run_after=None
[2024-06-08T09:47:37.822+0000] {processor.py:183} INFO - Processing /opt/airflow/dags/dag_run.py took 0.080 seconds
[2024-06-08T09:48:08.061+0000] {processor.py:161} INFO - Started process (PID=152) to work on /opt/airflow/dags/dag_run.py
[2024-06-08T09:48:08.061+0000] {processor.py:830} INFO - Processing file /opt/airflow/dags/dag_run.py for tasks to queue
[2024-06-08T09:48:08.063+0000] {logging_mixin.py:188} INFO - [2024-06-08T09:48:08.062+0000] {dagbag.py:540} INFO - Filling up the DagBag from /opt/airflow/dags/dag_run.py
[2024-06-08T09:48:08.074+0000] {processor.py:840} INFO - DAG(s) 'dag_run' retrieved from /opt/airflow/dags/dag_run.py
[2024-06-08T09:48:08.096+0000] {logging_mixin.py:188} INFO - [2024-06-08T09:48:08.096+0000] {dag.py:3047} INFO - Sync 1 DAGs
[2024-06-08T09:48:08.112+0000] {logging_mixin.py:188} INFO - [2024-06-08T09:48:08.112+0000] {dag.py:3834} INFO - Setting next_dagrun for dag_run to None, run_after=None
[2024-06-08T09:48:08.136+0000] {processor.py:183} INFO - Processing /opt/airflow/dags/dag_run.py took 0.077 seconds
[2024-06-08T09:48:38.498+0000] {processor.py:161} INFO - Started process (PID=173) to work on /opt/airflow/dags/dag_run.py
[2024-06-08T09:48:38.499+0000] {processor.py:830} INFO - Processing file /opt/airflow/dags/dag_run.py for tasks to queue
[2024-06-08T09:48:38.500+0000] {logging_mixin.py:188} INFO - [2024-06-08T09:48:38.500+0000] {dagbag.py:540} INFO - Filling up the DagBag from /opt/airflow/dags/dag_run.py
[2024-06-08T09:48:38.510+0000] {processor.py:840} INFO - DAG(s) 'dag_run' retrieved from /opt/airflow/dags/dag_run.py
[2024-06-08T09:48:38.534+0000] {logging_mixin.py:188} INFO - [2024-06-08T09:48:38.533+0000] {dag.py:3047} INFO - Sync 1 DAGs
[2024-06-08T09:48:38.553+0000] {logging_mixin.py:188} INFO - [2024-06-08T09:48:38.553+0000] {dag.py:3834} INFO - Setting next_dagrun for dag_run to None, run_after=None
[2024-06-08T09:48:38.565+0000] {processor.py:183} INFO - Processing /opt/airflow/dags/dag_run.py took 0.069 seconds
[2024-06-08T09:49:08.886+0000] {processor.py:161} INFO - Started process (PID=194) to work on /opt/airflow/dags/dag_run.py
[2024-06-08T09:49:08.887+0000] {processor.py:830} INFO - Processing file /opt/airflow/dags/dag_run.py for tasks to queue
[2024-06-08T09:49:08.888+0000] {logging_mixin.py:188} INFO - [2024-06-08T09:49:08.888+0000] {dagbag.py:540} INFO - Filling up the DagBag from /opt/airflow/dags/dag_run.py
[2024-06-08T09:49:08.905+0000] {processor.py:840} INFO - DAG(s) 'dag_run' retrieved from /opt/airflow/dags/dag_run.py
[2024-06-08T09:49:08.924+0000] {logging_mixin.py:188} INFO - [2024-06-08T09:49:08.924+0000] {dag.py:3047} INFO - Sync 1 DAGs
[2024-06-08T09:49:08.938+0000] {logging_mixin.py:188} INFO - [2024-06-08T09:49:08.938+0000] {dag.py:3834} INFO - Setting next_dagrun for dag_run to None, run_after=None
[2024-06-08T09:49:08.965+0000] {processor.py:183} INFO - Processing /opt/airflow/dags/dag_run.py took 0.081 seconds
[2024-06-08T09:49:39.048+0000] {processor.py:161} INFO - Started process (PID=215) to work on /opt/airflow/dags/dag_run.py
[2024-06-08T09:49:39.049+0000] {processor.py:830} INFO - Processing file /opt/airflow/dags/dag_run.py for tasks to queue
[2024-06-08T09:49:39.050+0000] {logging_mixin.py:188} INFO - [2024-06-08T09:49:39.050+0000] {dagbag.py:540} INFO - Filling up the DagBag from /opt/airflow/dags/dag_run.py
[2024-06-08T09:49:39.062+0000] {processor.py:840} INFO - DAG(s) 'dag_run' retrieved from /opt/airflow/dags/dag_run.py
[2024-06-08T09:49:39.082+0000] {logging_mixin.py:188} INFO - [2024-06-08T09:49:39.082+0000] {dag.py:3047} INFO - Sync 1 DAGs
[2024-06-08T09:49:39.097+0000] {logging_mixin.py:188} INFO - [2024-06-08T09:49:39.097+0000] {dag.py:3834} INFO - Setting next_dagrun for dag_run to None, run_after=None
[2024-06-08T09:49:39.110+0000] {processor.py:183} INFO - Processing /opt/airflow/dags/dag_run.py took 0.064 seconds
[2024-06-08T09:50:09.309+0000] {processor.py:161} INFO - Started process (PID=236) to work on /opt/airflow/dags/dag_run.py
[2024-06-08T09:50:09.310+0000] {processor.py:830} INFO - Processing file /opt/airflow/dags/dag_run.py for tasks to queue
[2024-06-08T09:50:09.311+0000] {logging_mixin.py:188} INFO - [2024-06-08T09:50:09.311+0000] {dagbag.py:540} INFO - Filling up the DagBag from /opt/airflow/dags/dag_run.py
[2024-06-08T09:50:09.326+0000] {processor.py:840} INFO - DAG(s) 'dag_run' retrieved from /opt/airflow/dags/dag_run.py
[2024-06-08T09:50:09.360+0000] {logging_mixin.py:188} INFO - [2024-06-08T09:50:09.360+0000] {dag.py:3047} INFO - Sync 1 DAGs
[2024-06-08T09:50:09.390+0000] {logging_mixin.py:188} INFO - [2024-06-08T09:50:09.390+0000] {dag.py:3834} INFO - Setting next_dagrun for dag_run to None, run_after=None
[2024-06-08T09:50:09.402+0000] {processor.py:183} INFO - Processing /opt/airflow/dags/dag_run.py took 0.095 seconds
[2024-06-08T09:50:39.976+0000] {processor.py:161} INFO - Started process (PID=258) to work on /opt/airflow/dags/dag_run.py
[2024-06-08T09:50:39.977+0000] {processor.py:830} INFO - Processing file /opt/airflow/dags/dag_run.py for tasks to queue
[2024-06-08T09:50:39.978+0000] {logging_mixin.py:188} INFO - [2024-06-08T09:50:39.978+0000] {dagbag.py:540} INFO - Filling up the DagBag from /opt/airflow/dags/dag_run.py
[2024-06-08T09:50:39.992+0000] {processor.py:840} INFO - DAG(s) 'dag_run' retrieved from /opt/airflow/dags/dag_run.py
[2024-06-08T09:50:40.014+0000] {logging_mixin.py:188} INFO - [2024-06-08T09:50:40.014+0000] {dag.py:3047} INFO - Sync 1 DAGs
[2024-06-08T09:50:40.030+0000] {logging_mixin.py:188} INFO - [2024-06-08T09:50:40.030+0000] {dag.py:3834} INFO - Setting next_dagrun for dag_run to None, run_after=None
[2024-06-08T09:50:40.051+0000] {processor.py:183} INFO - Processing /opt/airflow/dags/dag_run.py took 0.076 seconds
[2024-06-08T09:51:10.463+0000] {processor.py:161} INFO - Started process (PID=280) to work on /opt/airflow/dags/dag_run.py
[2024-06-08T09:51:10.464+0000] {processor.py:830} INFO - Processing file /opt/airflow/dags/dag_run.py for tasks to queue
[2024-06-08T09:51:10.465+0000] {logging_mixin.py:188} INFO - [2024-06-08T09:51:10.465+0000] {dagbag.py:540} INFO - Filling up the DagBag from /opt/airflow/dags/dag_run.py
[2024-06-08T09:51:10.477+0000] {processor.py:840} INFO - DAG(s) 'dag_run' retrieved from /opt/airflow/dags/dag_run.py
[2024-06-08T09:51:10.504+0000] {logging_mixin.py:188} INFO - [2024-06-08T09:51:10.503+0000] {dag.py:3047} INFO - Sync 1 DAGs
[2024-06-08T09:51:10.520+0000] {logging_mixin.py:188} INFO - [2024-06-08T09:51:10.520+0000] {dag.py:3834} INFO - Setting next_dagrun for dag_run to None, run_after=None
[2024-06-08T09:51:10.544+0000] {processor.py:183} INFO - Processing /opt/airflow/dags/dag_run.py took 0.083 seconds
[2024-06-08T09:51:40.856+0000] {processor.py:161} INFO - Started process (PID=302) to work on /opt/airflow/dags/dag_run.py
[2024-06-08T09:51:40.856+0000] {processor.py:830} INFO - Processing file /opt/airflow/dags/dag_run.py for tasks to queue
[2024-06-08T09:51:40.858+0000] {logging_mixin.py:188} INFO - [2024-06-08T09:51:40.857+0000] {dagbag.py:540} INFO - Filling up the DagBag from /opt/airflow/dags/dag_run.py
[2024-06-08T09:51:40.870+0000] {processor.py:840} INFO - DAG(s) 'dag_run' retrieved from /opt/airflow/dags/dag_run.py
[2024-06-08T09:51:40.893+0000] {logging_mixin.py:188} INFO - [2024-06-08T09:51:40.893+0000] {dag.py:3047} INFO - Sync 1 DAGs
[2024-06-08T09:51:40.910+0000] {logging_mixin.py:188} INFO - [2024-06-08T09:51:40.910+0000] {dag.py:3834} INFO - Setting next_dagrun for dag_run to None, run_after=None
[2024-06-08T09:51:40.922+0000] {processor.py:183} INFO - Processing /opt/airflow/dags/dag_run.py took 0.069 seconds
[2024-06-08T09:52:11.139+0000] {processor.py:161} INFO - Started process (PID=324) to work on /opt/airflow/dags/dag_run.py
[2024-06-08T09:52:11.140+0000] {processor.py:830} INFO - Processing file /opt/airflow/dags/dag_run.py for tasks to queue
[2024-06-08T09:52:11.141+0000] {logging_mixin.py:188} INFO - [2024-06-08T09:52:11.141+0000] {dagbag.py:540} INFO - Filling up the DagBag from /opt/airflow/dags/dag_run.py
[2024-06-08T09:52:11.153+0000] {processor.py:840} INFO - DAG(s) 'dag_run' retrieved from /opt/airflow/dags/dag_run.py
[2024-06-08T09:52:11.172+0000] {logging_mixin.py:188} INFO - [2024-06-08T09:52:11.172+0000] {dag.py:3047} INFO - Sync 1 DAGs
[2024-06-08T09:52:11.194+0000] {logging_mixin.py:188} INFO - [2024-06-08T09:52:11.194+0000] {dag.py:3834} INFO - Setting next_dagrun for dag_run to None, run_after=None
[2024-06-08T09:52:11.211+0000] {processor.py:183} INFO - Processing /opt/airflow/dags/dag_run.py took 0.073 seconds
[2024-06-08T09:52:41.458+0000] {processor.py:161} INFO - Started process (PID=346) to work on /opt/airflow/dags/dag_run.py
[2024-06-08T09:52:41.458+0000] {processor.py:830} INFO - Processing file /opt/airflow/dags/dag_run.py for tasks to queue
[2024-06-08T09:52:41.459+0000] {logging_mixin.py:188} INFO - [2024-06-08T09:52:41.459+0000] {dagbag.py:540} INFO - Filling up the DagBag from /opt/airflow/dags/dag_run.py
[2024-06-08T09:52:41.472+0000] {processor.py:840} INFO - DAG(s) 'dag_run' retrieved from /opt/airflow/dags/dag_run.py
[2024-06-08T09:52:41.493+0000] {logging_mixin.py:188} INFO - [2024-06-08T09:52:41.493+0000] {dag.py:3047} INFO - Sync 1 DAGs
[2024-06-08T09:52:41.510+0000] {logging_mixin.py:188} INFO - [2024-06-08T09:52:41.510+0000] {dag.py:3834} INFO - Setting next_dagrun for dag_run to None, run_after=None
[2024-06-08T09:52:41.523+0000] {processor.py:183} INFO - Processing /opt/airflow/dags/dag_run.py took 0.067 seconds
[2024-06-08T09:53:11.892+0000] {processor.py:161} INFO - Started process (PID=368) to work on /opt/airflow/dags/dag_run.py
[2024-06-08T09:53:11.893+0000] {processor.py:830} INFO - Processing file /opt/airflow/dags/dag_run.py for tasks to queue
[2024-06-08T09:53:11.894+0000] {logging_mixin.py:188} INFO - [2024-06-08T09:53:11.894+0000] {dagbag.py:540} INFO - Filling up the DagBag from /opt/airflow/dags/dag_run.py
[2024-06-08T09:53:11.907+0000] {processor.py:840} INFO - DAG(s) 'dag_run' retrieved from /opt/airflow/dags/dag_run.py
[2024-06-08T09:53:11.931+0000] {logging_mixin.py:188} INFO - [2024-06-08T09:53:11.930+0000] {dag.py:3047} INFO - Sync 1 DAGs
[2024-06-08T09:53:11.947+0000] {logging_mixin.py:188} INFO - [2024-06-08T09:53:11.947+0000] {dag.py:3834} INFO - Setting next_dagrun for dag_run to None, run_after=None
[2024-06-08T09:53:11.963+0000] {processor.py:183} INFO - Processing /opt/airflow/dags/dag_run.py took 0.073 seconds
[2024-06-08T09:53:42.296+0000] {processor.py:161} INFO - Started process (PID=391) to work on /opt/airflow/dags/dag_run.py
[2024-06-08T09:53:42.297+0000] {processor.py:830} INFO - Processing file /opt/airflow/dags/dag_run.py for tasks to queue
[2024-06-08T09:53:42.298+0000] {logging_mixin.py:188} INFO - [2024-06-08T09:53:42.298+0000] {dagbag.py:540} INFO - Filling up the DagBag from /opt/airflow/dags/dag_run.py
[2024-06-08T09:53:42.311+0000] {processor.py:840} INFO - DAG(s) 'dag_run' retrieved from /opt/airflow/dags/dag_run.py
[2024-06-08T09:53:42.333+0000] {logging_mixin.py:188} INFO - [2024-06-08T09:53:42.333+0000] {dag.py:3047} INFO - Sync 1 DAGs
[2024-06-08T09:53:42.349+0000] {logging_mixin.py:188} INFO - [2024-06-08T09:53:42.349+0000] {dag.py:3834} INFO - Setting next_dagrun for dag_run to None, run_after=None
[2024-06-08T09:53:42.361+0000] {processor.py:183} INFO - Processing /opt/airflow/dags/dag_run.py took 0.067 seconds
[2024-06-08T09:54:12.576+0000] {processor.py:161} INFO - Started process (PID=413) to work on /opt/airflow/dags/dag_run.py
[2024-06-08T09:54:12.577+0000] {processor.py:830} INFO - Processing file /opt/airflow/dags/dag_run.py for tasks to queue
[2024-06-08T09:54:12.578+0000] {logging_mixin.py:188} INFO - [2024-06-08T09:54:12.578+0000] {dagbag.py:540} INFO - Filling up the DagBag from /opt/airflow/dags/dag_run.py
[2024-06-08T09:54:12.597+0000] {processor.py:840} INFO - DAG(s) 'dag_run' retrieved from /opt/airflow/dags/dag_run.py
[2024-06-08T09:54:12.618+0000] {logging_mixin.py:188} INFO - [2024-06-08T09:54:12.618+0000] {dag.py:3047} INFO - Sync 1 DAGs
[2024-06-08T09:54:12.637+0000] {logging_mixin.py:188} INFO - [2024-06-08T09:54:12.637+0000] {dag.py:3834} INFO - Setting next_dagrun for dag_run to None, run_after=None
[2024-06-08T09:54:12.657+0000] {processor.py:183} INFO - Processing /opt/airflow/dags/dag_run.py took 0.083 seconds
[2024-06-08T09:54:43.434+0000] {processor.py:161} INFO - Started process (PID=435) to work on /opt/airflow/dags/dag_run.py
[2024-06-08T09:54:43.435+0000] {processor.py:830} INFO - Processing file /opt/airflow/dags/dag_run.py for tasks to queue
[2024-06-08T09:54:43.436+0000] {logging_mixin.py:188} INFO - [2024-06-08T09:54:43.436+0000] {dagbag.py:540} INFO - Filling up the DagBag from /opt/airflow/dags/dag_run.py
[2024-06-08T09:54:43.450+0000] {processor.py:840} INFO - DAG(s) 'dag_run' retrieved from /opt/airflow/dags/dag_run.py
[2024-06-08T09:54:43.479+0000] {logging_mixin.py:188} INFO - [2024-06-08T09:54:43.479+0000] {dag.py:3047} INFO - Sync 1 DAGs
[2024-06-08T09:54:43.497+0000] {logging_mixin.py:188} INFO - [2024-06-08T09:54:43.497+0000] {dag.py:3834} INFO - Setting next_dagrun for dag_run to None, run_after=None
[2024-06-08T09:54:43.513+0000] {processor.py:183} INFO - Processing /opt/airflow/dags/dag_run.py took 0.081 seconds
[2024-06-08T09:55:13.728+0000] {processor.py:161} INFO - Started process (PID=458) to work on /opt/airflow/dags/dag_run.py
[2024-06-08T09:55:13.729+0000] {processor.py:830} INFO - Processing file /opt/airflow/dags/dag_run.py for tasks to queue
[2024-06-08T09:55:13.730+0000] {logging_mixin.py:188} INFO - [2024-06-08T09:55:13.730+0000] {dagbag.py:540} INFO - Filling up the DagBag from /opt/airflow/dags/dag_run.py
[2024-06-08T09:55:13.742+0000] {processor.py:840} INFO - DAG(s) 'dag_run' retrieved from /opt/airflow/dags/dag_run.py
[2024-06-08T09:55:13.766+0000] {logging_mixin.py:188} INFO - [2024-06-08T09:55:13.766+0000] {dag.py:3047} INFO - Sync 1 DAGs
[2024-06-08T09:55:13.783+0000] {logging_mixin.py:188} INFO - [2024-06-08T09:55:13.783+0000] {dag.py:3834} INFO - Setting next_dagrun for dag_run to None, run_after=None
[2024-06-08T09:55:13.798+0000] {processor.py:183} INFO - Processing /opt/airflow/dags/dag_run.py took 0.071 seconds
[2024-06-08T09:55:44.072+0000] {processor.py:161} INFO - Started process (PID=484) to work on /opt/airflow/dags/dag_run.py
[2024-06-08T09:55:44.073+0000] {processor.py:830} INFO - Processing file /opt/airflow/dags/dag_run.py for tasks to queue
[2024-06-08T09:55:44.075+0000] {logging_mixin.py:188} INFO - [2024-06-08T09:55:44.075+0000] {dagbag.py:540} INFO - Filling up the DagBag from /opt/airflow/dags/dag_run.py
[2024-06-08T09:55:44.086+0000] {processor.py:840} INFO - DAG(s) 'dag_run' retrieved from /opt/airflow/dags/dag_run.py
[2024-06-08T09:55:44.112+0000] {logging_mixin.py:188} INFO - [2024-06-08T09:55:44.112+0000] {dag.py:3047} INFO - Sync 1 DAGs
[2024-06-08T09:55:44.130+0000] {logging_mixin.py:188} INFO - [2024-06-08T09:55:44.130+0000] {dag.py:3834} INFO - Setting next_dagrun for dag_run to None, run_after=None
[2024-06-08T09:55:44.146+0000] {processor.py:183} INFO - Processing /opt/airflow/dags/dag_run.py took 0.075 seconds
[2024-06-08T09:56:14.336+0000] {processor.py:161} INFO - Started process (PID=506) to work on /opt/airflow/dags/dag_run.py
[2024-06-08T09:56:14.336+0000] {processor.py:830} INFO - Processing file /opt/airflow/dags/dag_run.py for tasks to queue
[2024-06-08T09:56:14.337+0000] {logging_mixin.py:188} INFO - [2024-06-08T09:56:14.337+0000] {dagbag.py:540} INFO - Filling up the DagBag from /opt/airflow/dags/dag_run.py
[2024-06-08T09:56:14.348+0000] {processor.py:840} INFO - DAG(s) 'dag_run' retrieved from /opt/airflow/dags/dag_run.py
[2024-06-08T09:56:14.368+0000] {logging_mixin.py:188} INFO - [2024-06-08T09:56:14.368+0000] {dag.py:3047} INFO - Sync 1 DAGs
[2024-06-08T09:56:14.385+0000] {logging_mixin.py:188} INFO - [2024-06-08T09:56:14.385+0000] {dag.py:3834} INFO - Setting next_dagrun for dag_run to None, run_after=None
[2024-06-08T09:56:14.402+0000] {processor.py:183} INFO - Processing /opt/airflow/dags/dag_run.py took 0.069 seconds
[2024-06-08T09:56:44.868+0000] {processor.py:161} INFO - Started process (PID=528) to work on /opt/airflow/dags/dag_run.py
[2024-06-08T09:56:44.869+0000] {processor.py:830} INFO - Processing file /opt/airflow/dags/dag_run.py for tasks to queue
[2024-06-08T09:56:44.870+0000] {logging_mixin.py:188} INFO - [2024-06-08T09:56:44.870+0000] {dagbag.py:540} INFO - Filling up the DagBag from /opt/airflow/dags/dag_run.py
[2024-06-08T09:56:44.883+0000] {processor.py:840} INFO - DAG(s) 'dag_run' retrieved from /opt/airflow/dags/dag_run.py
[2024-06-08T09:56:44.904+0000] {logging_mixin.py:188} INFO - [2024-06-08T09:56:44.904+0000] {dag.py:3047} INFO - Sync 1 DAGs
[2024-06-08T09:56:44.920+0000] {logging_mixin.py:188} INFO - [2024-06-08T09:56:44.920+0000] {dag.py:3834} INFO - Setting next_dagrun for dag_run to None, run_after=None
[2024-06-08T09:56:44.933+0000] {processor.py:183} INFO - Processing /opt/airflow/dags/dag_run.py took 0.067 seconds
[2024-06-08T09:57:15.126+0000] {processor.py:161} INFO - Started process (PID=550) to work on /opt/airflow/dags/dag_run.py
[2024-06-08T09:57:15.126+0000] {processor.py:830} INFO - Processing file /opt/airflow/dags/dag_run.py for tasks to queue
[2024-06-08T09:57:15.128+0000] {logging_mixin.py:188} INFO - [2024-06-08T09:57:15.127+0000] {dagbag.py:540} INFO - Filling up the DagBag from /opt/airflow/dags/dag_run.py
[2024-06-08T09:57:15.138+0000] {processor.py:840} INFO - DAG(s) 'dag_run' retrieved from /opt/airflow/dags/dag_run.py
[2024-06-08T09:57:15.161+0000] {logging_mixin.py:188} INFO - [2024-06-08T09:57:15.161+0000] {dag.py:3047} INFO - Sync 1 DAGs
[2024-06-08T09:57:15.176+0000] {logging_mixin.py:188} INFO - [2024-06-08T09:57:15.175+0000] {dag.py:3834} INFO - Setting next_dagrun for dag_run to None, run_after=None
[2024-06-08T09:57:15.193+0000] {processor.py:183} INFO - Processing /opt/airflow/dags/dag_run.py took 0.069 seconds
[2024-06-08T09:57:45.536+0000] {processor.py:161} INFO - Started process (PID=572) to work on /opt/airflow/dags/dag_run.py
[2024-06-08T09:57:45.537+0000] {processor.py:830} INFO - Processing file /opt/airflow/dags/dag_run.py for tasks to queue
[2024-06-08T09:57:45.538+0000] {logging_mixin.py:188} INFO - [2024-06-08T09:57:45.538+0000] {dagbag.py:540} INFO - Filling up the DagBag from /opt/airflow/dags/dag_run.py
[2024-06-08T09:57:45.554+0000] {processor.py:840} INFO - DAG(s) 'dag_run' retrieved from /opt/airflow/dags/dag_run.py
[2024-06-08T09:57:45.577+0000] {logging_mixin.py:188} INFO - [2024-06-08T09:57:45.577+0000] {dag.py:3047} INFO - Sync 1 DAGs
[2024-06-08T09:57:45.594+0000] {logging_mixin.py:188} INFO - [2024-06-08T09:57:45.594+0000] {dag.py:3834} INFO - Setting next_dagrun for dag_run to None, run_after=None
[2024-06-08T09:57:45.611+0000] {processor.py:183} INFO - Processing /opt/airflow/dags/dag_run.py took 0.077 seconds
[2024-06-08T09:58:16.148+0000] {processor.py:161} INFO - Started process (PID=594) to work on /opt/airflow/dags/dag_run.py
[2024-06-08T09:58:16.149+0000] {processor.py:830} INFO - Processing file /opt/airflow/dags/dag_run.py for tasks to queue
[2024-06-08T09:58:16.151+0000] {logging_mixin.py:188} INFO - [2024-06-08T09:58:16.150+0000] {dagbag.py:540} INFO - Filling up the DagBag from /opt/airflow/dags/dag_run.py
[2024-06-08T09:58:16.165+0000] {processor.py:840} INFO - DAG(s) 'dag_run' retrieved from /opt/airflow/dags/dag_run.py
[2024-06-08T09:58:16.198+0000] {logging_mixin.py:188} INFO - [2024-06-08T09:58:16.198+0000] {dag.py:3047} INFO - Sync 1 DAGs
[2024-06-08T09:58:16.215+0000] {logging_mixin.py:188} INFO - [2024-06-08T09:58:16.215+0000] {dag.py:3834} INFO - Setting next_dagrun for dag_run to None, run_after=None
[2024-06-08T09:58:16.231+0000] {processor.py:183} INFO - Processing /opt/airflow/dags/dag_run.py took 0.085 seconds
