[2024-06-08T09:45:36.084+0000] {processor.py:161} INFO - Started process (PID=47) to work on /opt/airflow/dags/jinja_template.py
[2024-06-08T09:45:36.085+0000] {processor.py:830} INFO - Processing file /opt/airflow/dags/jinja_template.py for tasks to queue
[2024-06-08T09:45:36.087+0000] {logging_mixin.py:188} INFO - [2024-06-08T09:45:36.086+0000] {dagbag.py:540} INFO - Filling up the DagBag from /opt/airflow/dags/jinja_template.py
[2024-06-08T09:45:36.103+0000] {processor.py:840} INFO - DAG(s) 'jinja_template' retrieved from /opt/airflow/dags/jinja_template.py
[2024-06-08T09:45:36.192+0000] {logging_mixin.py:188} INFO - [2024-06-08T09:45:36.192+0000] {dag.py:3047} INFO - Sync 1 DAGs
[2024-06-08T09:45:36.216+0000] {logging_mixin.py:188} INFO - [2024-06-08T09:45:36.216+0000] {dag.py:3834} INFO - Setting next_dagrun for jinja_template to None, run_after=None
[2024-06-08T09:45:36.236+0000] {processor.py:183} INFO - Processing /opt/airflow/dags/jinja_template.py took 0.154 seconds
[2024-06-08T09:46:06.673+0000] {processor.py:161} INFO - Started process (PID=68) to work on /opt/airflow/dags/jinja_template.py
[2024-06-08T09:46:06.674+0000] {processor.py:830} INFO - Processing file /opt/airflow/dags/jinja_template.py for tasks to queue
[2024-06-08T09:46:06.678+0000] {logging_mixin.py:188} INFO - [2024-06-08T09:46:06.678+0000] {dagbag.py:540} INFO - Filling up the DagBag from /opt/airflow/dags/jinja_template.py
[2024-06-08T09:46:06.691+0000] {processor.py:840} INFO - DAG(s) 'jinja_template' retrieved from /opt/airflow/dags/jinja_template.py
[2024-06-08T09:46:06.716+0000] {logging_mixin.py:188} INFO - [2024-06-08T09:46:06.716+0000] {dag.py:3047} INFO - Sync 1 DAGs
[2024-06-08T09:46:06.736+0000] {logging_mixin.py:188} INFO - [2024-06-08T09:46:06.736+0000] {dag.py:3834} INFO - Setting next_dagrun for jinja_template to None, run_after=None
[2024-06-08T09:46:06.756+0000] {processor.py:183} INFO - Processing /opt/airflow/dags/jinja_template.py took 0.085 seconds
[2024-06-08T09:46:37.000+0000] {processor.py:161} INFO - Started process (PID=89) to work on /opt/airflow/dags/jinja_template.py
[2024-06-08T09:46:37.001+0000] {processor.py:830} INFO - Processing file /opt/airflow/dags/jinja_template.py for tasks to queue
[2024-06-08T09:46:37.002+0000] {logging_mixin.py:188} INFO - [2024-06-08T09:46:37.002+0000] {dagbag.py:540} INFO - Filling up the DagBag from /opt/airflow/dags/jinja_template.py
[2024-06-08T09:46:37.017+0000] {processor.py:840} INFO - DAG(s) 'jinja_template' retrieved from /opt/airflow/dags/jinja_template.py
[2024-06-08T09:46:37.057+0000] {logging_mixin.py:188} INFO - [2024-06-08T09:46:37.057+0000] {dag.py:3047} INFO - Sync 1 DAGs
[2024-06-08T09:46:37.078+0000] {logging_mixin.py:188} INFO - [2024-06-08T09:46:37.078+0000] {dag.py:3834} INFO - Setting next_dagrun for jinja_template to None, run_after=None
[2024-06-08T09:46:37.095+0000] {processor.py:183} INFO - Processing /opt/airflow/dags/jinja_template.py took 0.096 seconds
[2024-06-08T09:47:07.257+0000] {processor.py:161} INFO - Started process (PID=110) to work on /opt/airflow/dags/jinja_template.py
[2024-06-08T09:47:07.258+0000] {processor.py:830} INFO - Processing file /opt/airflow/dags/jinja_template.py for tasks to queue
[2024-06-08T09:47:07.259+0000] {logging_mixin.py:188} INFO - [2024-06-08T09:47:07.259+0000] {dagbag.py:540} INFO - Filling up the DagBag from /opt/airflow/dags/jinja_template.py
[2024-06-08T09:47:07.272+0000] {processor.py:840} INFO - DAG(s) 'jinja_template' retrieved from /opt/airflow/dags/jinja_template.py
[2024-06-08T09:47:07.408+0000] {logging_mixin.py:188} INFO - [2024-06-08T09:47:07.408+0000] {dag.py:3047} INFO - Sync 1 DAGs
[2024-06-08T09:47:07.449+0000] {logging_mixin.py:188} INFO - [2024-06-08T09:47:07.449+0000] {dag.py:3834} INFO - Setting next_dagrun for jinja_template to None, run_after=None
[2024-06-08T09:47:07.476+0000] {processor.py:183} INFO - Processing /opt/airflow/dags/jinja_template.py took 0.221 seconds
[2024-06-08T09:47:37.827+0000] {processor.py:161} INFO - Started process (PID=131) to work on /opt/airflow/dags/jinja_template.py
[2024-06-08T09:47:37.827+0000] {processor.py:830} INFO - Processing file /opt/airflow/dags/jinja_template.py for tasks to queue
[2024-06-08T09:47:37.829+0000] {logging_mixin.py:188} INFO - [2024-06-08T09:47:37.829+0000] {dagbag.py:540} INFO - Filling up the DagBag from /opt/airflow/dags/jinja_template.py
[2024-06-08T09:47:37.842+0000] {processor.py:840} INFO - DAG(s) 'jinja_template' retrieved from /opt/airflow/dags/jinja_template.py
[2024-06-08T09:47:37.868+0000] {logging_mixin.py:188} INFO - [2024-06-08T09:47:37.868+0000] {dag.py:3047} INFO - Sync 1 DAGs
[2024-06-08T09:47:37.884+0000] {logging_mixin.py:188} INFO - [2024-06-08T09:47:37.884+0000] {dag.py:3834} INFO - Setting next_dagrun for jinja_template to None, run_after=None
[2024-06-08T09:47:37.900+0000] {processor.py:183} INFO - Processing /opt/airflow/dags/jinja_template.py took 0.075 seconds
[2024-06-08T09:48:08.143+0000] {processor.py:161} INFO - Started process (PID=153) to work on /opt/airflow/dags/jinja_template.py
[2024-06-08T09:48:08.144+0000] {processor.py:830} INFO - Processing file /opt/airflow/dags/jinja_template.py for tasks to queue
[2024-06-08T09:48:08.145+0000] {logging_mixin.py:188} INFO - [2024-06-08T09:48:08.145+0000] {dagbag.py:540} INFO - Filling up the DagBag from /opt/airflow/dags/jinja_template.py
[2024-06-08T09:48:08.157+0000] {processor.py:840} INFO - DAG(s) 'jinja_template' retrieved from /opt/airflow/dags/jinja_template.py
[2024-06-08T09:48:08.183+0000] {logging_mixin.py:188} INFO - [2024-06-08T09:48:08.182+0000] {dag.py:3047} INFO - Sync 1 DAGs
[2024-06-08T09:48:08.200+0000] {logging_mixin.py:188} INFO - [2024-06-08T09:48:08.200+0000] {dag.py:3834} INFO - Setting next_dagrun for jinja_template to None, run_after=None
[2024-06-08T09:48:08.212+0000] {processor.py:183} INFO - Processing /opt/airflow/dags/jinja_template.py took 0.071 seconds
[2024-06-08T09:48:38.503+0000] {processor.py:161} INFO - Started process (PID=174) to work on /opt/airflow/dags/jinja_template.py
[2024-06-08T09:48:38.504+0000] {processor.py:830} INFO - Processing file /opt/airflow/dags/jinja_template.py for tasks to queue
[2024-06-08T09:48:38.505+0000] {logging_mixin.py:188} INFO - [2024-06-08T09:48:38.504+0000] {dagbag.py:540} INFO - Filling up the DagBag from /opt/airflow/dags/jinja_template.py
[2024-06-08T09:48:38.514+0000] {processor.py:840} INFO - DAG(s) 'jinja_template' retrieved from /opt/airflow/dags/jinja_template.py
[2024-06-08T09:48:38.536+0000] {logging_mixin.py:188} INFO - [2024-06-08T09:48:38.536+0000] {dag.py:3047} INFO - Sync 1 DAGs
[2024-06-08T09:48:38.553+0000] {logging_mixin.py:188} INFO - [2024-06-08T09:48:38.553+0000] {dag.py:3834} INFO - Setting next_dagrun for jinja_template to None, run_after=None
[2024-06-08T09:48:38.570+0000] {processor.py:183} INFO - Processing /opt/airflow/dags/jinja_template.py took 0.068 seconds
[2024-06-08T09:49:08.906+0000] {processor.py:161} INFO - Started process (PID=195) to work on /opt/airflow/dags/jinja_template.py
[2024-06-08T09:49:08.906+0000] {processor.py:830} INFO - Processing file /opt/airflow/dags/jinja_template.py for tasks to queue
[2024-06-08T09:49:08.908+0000] {logging_mixin.py:188} INFO - [2024-06-08T09:49:08.907+0000] {dagbag.py:540} INFO - Filling up the DagBag from /opt/airflow/dags/jinja_template.py
[2024-06-08T09:49:08.917+0000] {processor.py:840} INFO - DAG(s) 'jinja_template' retrieved from /opt/airflow/dags/jinja_template.py
[2024-06-08T09:49:08.937+0000] {logging_mixin.py:188} INFO - [2024-06-08T09:49:08.937+0000] {dag.py:3047} INFO - Sync 1 DAGs
[2024-06-08T09:49:08.967+0000] {logging_mixin.py:188} INFO - [2024-06-08T09:49:08.967+0000] {dag.py:3834} INFO - Setting next_dagrun for jinja_template to None, run_after=None
[2024-06-08T09:49:08.987+0000] {processor.py:183} INFO - Processing /opt/airflow/dags/jinja_template.py took 0.083 seconds
[2024-06-08T09:49:39.059+0000] {processor.py:161} INFO - Started process (PID=216) to work on /opt/airflow/dags/jinja_template.py
[2024-06-08T09:49:39.059+0000] {processor.py:830} INFO - Processing file /opt/airflow/dags/jinja_template.py for tasks to queue
[2024-06-08T09:49:39.061+0000] {logging_mixin.py:188} INFO - [2024-06-08T09:49:39.060+0000] {dagbag.py:540} INFO - Filling up the DagBag from /opt/airflow/dags/jinja_template.py
[2024-06-08T09:49:39.071+0000] {processor.py:840} INFO - DAG(s) 'jinja_template' retrieved from /opt/airflow/dags/jinja_template.py
[2024-06-08T09:49:39.090+0000] {logging_mixin.py:188} INFO - [2024-06-08T09:49:39.090+0000] {dag.py:3047} INFO - Sync 1 DAGs
[2024-06-08T09:49:39.106+0000] {logging_mixin.py:188} INFO - [2024-06-08T09:49:39.106+0000] {dag.py:3834} INFO - Setting next_dagrun for jinja_template to None, run_after=None
[2024-06-08T09:49:39.123+0000] {processor.py:183} INFO - Processing /opt/airflow/dags/jinja_template.py took 0.066 seconds
[2024-06-08T09:50:09.319+0000] {processor.py:161} INFO - Started process (PID=237) to work on /opt/airflow/dags/jinja_template.py
[2024-06-08T09:50:09.320+0000] {processor.py:830} INFO - Processing file /opt/airflow/dags/jinja_template.py for tasks to queue
[2024-06-08T09:50:09.321+0000] {logging_mixin.py:188} INFO - [2024-06-08T09:50:09.321+0000] {dagbag.py:540} INFO - Filling up the DagBag from /opt/airflow/dags/jinja_template.py
[2024-06-08T09:50:09.331+0000] {processor.py:840} INFO - DAG(s) 'jinja_template' retrieved from /opt/airflow/dags/jinja_template.py
[2024-06-08T09:50:09.366+0000] {logging_mixin.py:188} INFO - [2024-06-08T09:50:09.366+0000] {dag.py:3047} INFO - Sync 1 DAGs
[2024-06-08T09:50:09.391+0000] {logging_mixin.py:188} INFO - [2024-06-08T09:50:09.391+0000] {dag.py:3834} INFO - Setting next_dagrun for jinja_template to None, run_after=None
[2024-06-08T09:50:09.407+0000] {processor.py:183} INFO - Processing /opt/airflow/dags/jinja_template.py took 0.090 seconds
[2024-06-08T09:50:40.052+0000] {processor.py:161} INFO - Started process (PID=259) to work on /opt/airflow/dags/jinja_template.py
[2024-06-08T09:50:40.053+0000] {processor.py:830} INFO - Processing file /opt/airflow/dags/jinja_template.py for tasks to queue
[2024-06-08T09:50:40.054+0000] {logging_mixin.py:188} INFO - [2024-06-08T09:50:40.054+0000] {dagbag.py:540} INFO - Filling up the DagBag from /opt/airflow/dags/jinja_template.py
[2024-06-08T09:50:40.067+0000] {processor.py:840} INFO - DAG(s) 'jinja_template' retrieved from /opt/airflow/dags/jinja_template.py
[2024-06-08T09:50:40.086+0000] {logging_mixin.py:188} INFO - [2024-06-08T09:50:40.086+0000] {dag.py:3047} INFO - Sync 1 DAGs
[2024-06-08T09:50:40.102+0000] {logging_mixin.py:188} INFO - [2024-06-08T09:50:40.102+0000] {dag.py:3834} INFO - Setting next_dagrun for jinja_template to None, run_after=None
[2024-06-08T09:50:40.115+0000] {processor.py:183} INFO - Processing /opt/airflow/dags/jinja_template.py took 0.065 seconds
[2024-06-08T09:51:10.552+0000] {processor.py:161} INFO - Started process (PID=281) to work on /opt/airflow/dags/jinja_template.py
[2024-06-08T09:51:10.553+0000] {processor.py:830} INFO - Processing file /opt/airflow/dags/jinja_template.py for tasks to queue
[2024-06-08T09:51:10.554+0000] {logging_mixin.py:188} INFO - [2024-06-08T09:51:10.554+0000] {dagbag.py:540} INFO - Filling up the DagBag from /opt/airflow/dags/jinja_template.py
[2024-06-08T09:51:10.565+0000] {processor.py:840} INFO - DAG(s) 'jinja_template' retrieved from /opt/airflow/dags/jinja_template.py
[2024-06-08T09:51:10.587+0000] {logging_mixin.py:188} INFO - [2024-06-08T09:51:10.587+0000] {dag.py:3047} INFO - Sync 1 DAGs
[2024-06-08T09:51:10.604+0000] {logging_mixin.py:188} INFO - [2024-06-08T09:51:10.604+0000] {dag.py:3834} INFO - Setting next_dagrun for jinja_template to None, run_after=None
[2024-06-08T09:51:10.619+0000] {processor.py:183} INFO - Processing /opt/airflow/dags/jinja_template.py took 0.069 seconds
[2024-06-08T09:51:40.882+0000] {processor.py:161} INFO - Started process (PID=303) to work on /opt/airflow/dags/jinja_template.py
[2024-06-08T09:51:40.883+0000] {processor.py:830} INFO - Processing file /opt/airflow/dags/jinja_template.py for tasks to queue
[2024-06-08T09:51:40.884+0000] {logging_mixin.py:188} INFO - [2024-06-08T09:51:40.884+0000] {dagbag.py:540} INFO - Filling up the DagBag from /opt/airflow/dags/jinja_template.py
[2024-06-08T09:51:40.895+0000] {processor.py:840} INFO - DAG(s) 'jinja_template' retrieved from /opt/airflow/dags/jinja_template.py
[2024-06-08T09:51:40.917+0000] {logging_mixin.py:188} INFO - [2024-06-08T09:51:40.917+0000] {dag.py:3047} INFO - Sync 1 DAGs
[2024-06-08T09:51:40.937+0000] {logging_mixin.py:188} INFO - [2024-06-08T09:51:40.937+0000] {dag.py:3834} INFO - Setting next_dagrun for jinja_template to None, run_after=None
[2024-06-08T09:51:40.952+0000] {processor.py:183} INFO - Processing /opt/airflow/dags/jinja_template.py took 0.072 seconds
[2024-06-08T09:52:11.205+0000] {processor.py:161} INFO - Started process (PID=325) to work on /opt/airflow/dags/jinja_template.py
[2024-06-08T09:52:11.206+0000] {processor.py:830} INFO - Processing file /opt/airflow/dags/jinja_template.py for tasks to queue
[2024-06-08T09:52:11.207+0000] {logging_mixin.py:188} INFO - [2024-06-08T09:52:11.207+0000] {dagbag.py:540} INFO - Filling up the DagBag from /opt/airflow/dags/jinja_template.py
[2024-06-08T09:52:11.221+0000] {processor.py:840} INFO - DAG(s) 'jinja_template' retrieved from /opt/airflow/dags/jinja_template.py
[2024-06-08T09:52:11.246+0000] {logging_mixin.py:188} INFO - [2024-06-08T09:52:11.246+0000] {dag.py:3047} INFO - Sync 1 DAGs
[2024-06-08T09:52:11.266+0000] {logging_mixin.py:188} INFO - [2024-06-08T09:52:11.266+0000] {dag.py:3834} INFO - Setting next_dagrun for jinja_template to None, run_after=None
[2024-06-08T09:52:11.279+0000] {processor.py:183} INFO - Processing /opt/airflow/dags/jinja_template.py took 0.076 seconds
[2024-06-08T09:52:41.512+0000] {processor.py:161} INFO - Started process (PID=347) to work on /opt/airflow/dags/jinja_template.py
[2024-06-08T09:52:41.513+0000] {processor.py:830} INFO - Processing file /opt/airflow/dags/jinja_template.py for tasks to queue
[2024-06-08T09:52:41.514+0000] {logging_mixin.py:188} INFO - [2024-06-08T09:52:41.514+0000] {dagbag.py:540} INFO - Filling up the DagBag from /opt/airflow/dags/jinja_template.py
[2024-06-08T09:52:41.524+0000] {processor.py:840} INFO - DAG(s) 'jinja_template' retrieved from /opt/airflow/dags/jinja_template.py
[2024-06-08T09:52:41.550+0000] {logging_mixin.py:188} INFO - [2024-06-08T09:52:41.550+0000] {dag.py:3047} INFO - Sync 1 DAGs
[2024-06-08T09:52:41.570+0000] {logging_mixin.py:188} INFO - [2024-06-08T09:52:41.570+0000] {dag.py:3834} INFO - Setting next_dagrun for jinja_template to None, run_after=None
[2024-06-08T09:52:41.585+0000] {processor.py:183} INFO - Processing /opt/airflow/dags/jinja_template.py took 0.075 seconds
[2024-06-08T09:53:11.897+0000] {processor.py:161} INFO - Started process (PID=369) to work on /opt/airflow/dags/jinja_template.py
[2024-06-08T09:53:11.897+0000] {processor.py:830} INFO - Processing file /opt/airflow/dags/jinja_template.py for tasks to queue
[2024-06-08T09:53:11.898+0000] {logging_mixin.py:188} INFO - [2024-06-08T09:53:11.898+0000] {dagbag.py:540} INFO - Filling up the DagBag from /opt/airflow/dags/jinja_template.py
[2024-06-08T09:53:11.910+0000] {processor.py:840} INFO - DAG(s) 'jinja_template' retrieved from /opt/airflow/dags/jinja_template.py
[2024-06-08T09:53:11.933+0000] {logging_mixin.py:188} INFO - [2024-06-08T09:53:11.932+0000] {dag.py:3047} INFO - Sync 1 DAGs
[2024-06-08T09:53:11.949+0000] {logging_mixin.py:188} INFO - [2024-06-08T09:53:11.949+0000] {dag.py:3834} INFO - Setting next_dagrun for jinja_template to None, run_after=None
[2024-06-08T09:53:11.972+0000] {processor.py:183} INFO - Processing /opt/airflow/dags/jinja_template.py took 0.077 seconds
[2024-06-08T09:53:42.346+0000] {processor.py:161} INFO - Started process (PID=392) to work on /opt/airflow/dags/jinja_template.py
[2024-06-08T09:53:42.347+0000] {processor.py:830} INFO - Processing file /opt/airflow/dags/jinja_template.py for tasks to queue
[2024-06-08T09:53:42.348+0000] {logging_mixin.py:188} INFO - [2024-06-08T09:53:42.348+0000] {dagbag.py:540} INFO - Filling up the DagBag from /opt/airflow/dags/jinja_template.py
[2024-06-08T09:53:42.358+0000] {processor.py:840} INFO - DAG(s) 'jinja_template' retrieved from /opt/airflow/dags/jinja_template.py
[2024-06-08T09:53:42.380+0000] {logging_mixin.py:188} INFO - [2024-06-08T09:53:42.380+0000] {dag.py:3047} INFO - Sync 1 DAGs
[2024-06-08T09:53:42.396+0000] {logging_mixin.py:188} INFO - [2024-06-08T09:53:42.396+0000] {dag.py:3834} INFO - Setting next_dagrun for jinja_template to None, run_after=None
[2024-06-08T09:53:42.410+0000] {processor.py:183} INFO - Processing /opt/airflow/dags/jinja_template.py took 0.065 seconds
[2024-06-08T09:54:12.643+0000] {processor.py:161} INFO - Started process (PID=414) to work on /opt/airflow/dags/jinja_template.py
[2024-06-08T09:54:12.643+0000] {processor.py:830} INFO - Processing file /opt/airflow/dags/jinja_template.py for tasks to queue
[2024-06-08T09:54:12.645+0000] {logging_mixin.py:188} INFO - [2024-06-08T09:54:12.644+0000] {dagbag.py:540} INFO - Filling up the DagBag from /opt/airflow/dags/jinja_template.py
[2024-06-08T09:54:12.662+0000] {processor.py:840} INFO - DAG(s) 'jinja_template' retrieved from /opt/airflow/dags/jinja_template.py
[2024-06-08T09:54:12.685+0000] {logging_mixin.py:188} INFO - [2024-06-08T09:54:12.685+0000] {dag.py:3047} INFO - Sync 1 DAGs
[2024-06-08T09:54:12.702+0000] {logging_mixin.py:188} INFO - [2024-06-08T09:54:12.702+0000] {dag.py:3834} INFO - Setting next_dagrun for jinja_template to None, run_after=None
[2024-06-08T09:54:12.715+0000] {processor.py:183} INFO - Processing /opt/airflow/dags/jinja_template.py took 0.074 seconds
[2024-06-08T09:54:43.514+0000] {processor.py:161} INFO - Started process (PID=436) to work on /opt/airflow/dags/jinja_template.py
[2024-06-08T09:54:43.514+0000] {processor.py:830} INFO - Processing file /opt/airflow/dags/jinja_template.py for tasks to queue
[2024-06-08T09:54:43.515+0000] {logging_mixin.py:188} INFO - [2024-06-08T09:54:43.515+0000] {dagbag.py:540} INFO - Filling up the DagBag from /opt/airflow/dags/jinja_template.py
[2024-06-08T09:54:43.529+0000] {processor.py:840} INFO - DAG(s) 'jinja_template' retrieved from /opt/airflow/dags/jinja_template.py
[2024-06-08T09:54:43.553+0000] {logging_mixin.py:188} INFO - [2024-06-08T09:54:43.552+0000] {dag.py:3047} INFO - Sync 1 DAGs
[2024-06-08T09:54:43.572+0000] {logging_mixin.py:188} INFO - [2024-06-08T09:54:43.572+0000] {dag.py:3834} INFO - Setting next_dagrun for jinja_template to None, run_after=None
[2024-06-08T09:54:43.586+0000] {processor.py:183} INFO - Processing /opt/airflow/dags/jinja_template.py took 0.074 seconds
[2024-06-08T09:55:13.792+0000] {processor.py:161} INFO - Started process (PID=459) to work on /opt/airflow/dags/jinja_template.py
[2024-06-08T09:55:13.793+0000] {processor.py:830} INFO - Processing file /opt/airflow/dags/jinja_template.py for tasks to queue
[2024-06-08T09:55:13.794+0000] {logging_mixin.py:188} INFO - [2024-06-08T09:55:13.794+0000] {dagbag.py:540} INFO - Filling up the DagBag from /opt/airflow/dags/jinja_template.py
[2024-06-08T09:55:13.806+0000] {processor.py:840} INFO - DAG(s) 'jinja_template' retrieved from /opt/airflow/dags/jinja_template.py
[2024-06-08T09:55:13.829+0000] {logging_mixin.py:188} INFO - [2024-06-08T09:55:13.829+0000] {dag.py:3047} INFO - Sync 1 DAGs
[2024-06-08T09:55:13.849+0000] {logging_mixin.py:188} INFO - [2024-06-08T09:55:13.849+0000] {dag.py:3834} INFO - Setting next_dagrun for jinja_template to None, run_after=None
[2024-06-08T09:55:13.862+0000] {processor.py:183} INFO - Processing /opt/airflow/dags/jinja_template.py took 0.072 seconds
[2024-06-08T09:55:44.173+0000] {processor.py:161} INFO - Started process (PID=485) to work on /opt/airflow/dags/jinja_template.py
[2024-06-08T09:55:44.174+0000] {processor.py:830} INFO - Processing file /opt/airflow/dags/jinja_template.py for tasks to queue
[2024-06-08T09:55:44.176+0000] {logging_mixin.py:188} INFO - [2024-06-08T09:55:44.176+0000] {dagbag.py:540} INFO - Filling up the DagBag from /opt/airflow/dags/jinja_template.py
[2024-06-08T09:55:44.186+0000] {processor.py:840} INFO - DAG(s) 'jinja_template' retrieved from /opt/airflow/dags/jinja_template.py
[2024-06-08T09:55:44.211+0000] {logging_mixin.py:188} INFO - [2024-06-08T09:55:44.211+0000] {dag.py:3047} INFO - Sync 1 DAGs
[2024-06-08T09:55:44.229+0000] {logging_mixin.py:188} INFO - [2024-06-08T09:55:44.229+0000] {dag.py:3834} INFO - Setting next_dagrun for jinja_template to None, run_after=None
[2024-06-08T09:55:44.245+0000] {processor.py:183} INFO - Processing /opt/airflow/dags/jinja_template.py took 0.073 seconds
[2024-06-08T09:56:14.415+0000] {processor.py:161} INFO - Started process (PID=507) to work on /opt/airflow/dags/jinja_template.py
[2024-06-08T09:56:14.416+0000] {processor.py:830} INFO - Processing file /opt/airflow/dags/jinja_template.py for tasks to queue
[2024-06-08T09:56:14.417+0000] {logging_mixin.py:188} INFO - [2024-06-08T09:56:14.417+0000] {dagbag.py:540} INFO - Filling up the DagBag from /opt/airflow/dags/jinja_template.py
[2024-06-08T09:56:14.427+0000] {processor.py:840} INFO - DAG(s) 'jinja_template' retrieved from /opt/airflow/dags/jinja_template.py
[2024-06-08T09:56:14.447+0000] {logging_mixin.py:188} INFO - [2024-06-08T09:56:14.447+0000] {dag.py:3047} INFO - Sync 1 DAGs
[2024-06-08T09:56:14.463+0000] {logging_mixin.py:188} INFO - [2024-06-08T09:56:14.463+0000] {dag.py:3834} INFO - Setting next_dagrun for jinja_template to None, run_after=None
[2024-06-08T09:56:14.477+0000] {processor.py:183} INFO - Processing /opt/airflow/dags/jinja_template.py took 0.063 seconds
[2024-06-08T09:56:44.891+0000] {processor.py:161} INFO - Started process (PID=529) to work on /opt/airflow/dags/jinja_template.py
[2024-06-08T09:56:44.892+0000] {processor.py:830} INFO - Processing file /opt/airflow/dags/jinja_template.py for tasks to queue
[2024-06-08T09:56:44.893+0000] {logging_mixin.py:188} INFO - [2024-06-08T09:56:44.893+0000] {dagbag.py:540} INFO - Filling up the DagBag from /opt/airflow/dags/jinja_template.py
[2024-06-08T09:56:44.903+0000] {processor.py:840} INFO - DAG(s) 'jinja_template' retrieved from /opt/airflow/dags/jinja_template.py
[2024-06-08T09:56:44.924+0000] {logging_mixin.py:188} INFO - [2024-06-08T09:56:44.924+0000] {dag.py:3047} INFO - Sync 1 DAGs
[2024-06-08T09:56:44.941+0000] {logging_mixin.py:188} INFO - [2024-06-08T09:56:44.941+0000] {dag.py:3834} INFO - Setting next_dagrun for jinja_template to None, run_after=None
[2024-06-08T09:56:44.956+0000] {processor.py:183} INFO - Processing /opt/airflow/dags/jinja_template.py took 0.066 seconds
[2024-06-08T09:57:15.129+0000] {processor.py:161} INFO - Started process (PID=551) to work on /opt/airflow/dags/jinja_template.py
[2024-06-08T09:57:15.130+0000] {processor.py:830} INFO - Processing file /opt/airflow/dags/jinja_template.py for tasks to queue
[2024-06-08T09:57:15.131+0000] {logging_mixin.py:188} INFO - [2024-06-08T09:57:15.131+0000] {dagbag.py:540} INFO - Filling up the DagBag from /opt/airflow/dags/jinja_template.py
[2024-06-08T09:57:15.140+0000] {processor.py:840} INFO - DAG(s) 'jinja_template' retrieved from /opt/airflow/dags/jinja_template.py
[2024-06-08T09:57:15.158+0000] {logging_mixin.py:188} INFO - [2024-06-08T09:57:15.158+0000] {dag.py:3047} INFO - Sync 1 DAGs
[2024-06-08T09:57:15.174+0000] {logging_mixin.py:188} INFO - [2024-06-08T09:57:15.174+0000] {dag.py:3834} INFO - Setting next_dagrun for jinja_template to None, run_after=None
[2024-06-08T09:57:15.186+0000] {processor.py:183} INFO - Processing /opt/airflow/dags/jinja_template.py took 0.059 seconds
[2024-06-08T09:57:45.600+0000] {processor.py:161} INFO - Started process (PID=573) to work on /opt/airflow/dags/jinja_template.py
[2024-06-08T09:57:45.601+0000] {processor.py:830} INFO - Processing file /opt/airflow/dags/jinja_template.py for tasks to queue
[2024-06-08T09:57:45.604+0000] {logging_mixin.py:188} INFO - [2024-06-08T09:57:45.603+0000] {dagbag.py:540} INFO - Filling up the DagBag from /opt/airflow/dags/jinja_template.py
[2024-06-08T09:57:45.621+0000] {processor.py:840} INFO - DAG(s) 'jinja_template' retrieved from /opt/airflow/dags/jinja_template.py
[2024-06-08T09:57:45.645+0000] {logging_mixin.py:188} INFO - [2024-06-08T09:57:45.645+0000] {dag.py:3047} INFO - Sync 1 DAGs
[2024-06-08T09:57:45.663+0000] {logging_mixin.py:188} INFO - [2024-06-08T09:57:45.663+0000] {dag.py:3834} INFO - Setting next_dagrun for jinja_template to None, run_after=None
[2024-06-08T09:57:45.678+0000] {processor.py:183} INFO - Processing /opt/airflow/dags/jinja_template.py took 0.079 seconds
[2024-06-08T09:58:16.169+0000] {processor.py:161} INFO - Started process (PID=595) to work on /opt/airflow/dags/jinja_template.py
[2024-06-08T09:58:16.169+0000] {processor.py:830} INFO - Processing file /opt/airflow/dags/jinja_template.py for tasks to queue
[2024-06-08T09:58:16.171+0000] {logging_mixin.py:188} INFO - [2024-06-08T09:58:16.171+0000] {dagbag.py:540} INFO - Filling up the DagBag from /opt/airflow/dags/jinja_template.py
[2024-06-08T09:58:16.187+0000] {processor.py:840} INFO - DAG(s) 'jinja_template' retrieved from /opt/airflow/dags/jinja_template.py
[2024-06-08T09:58:16.209+0000] {logging_mixin.py:188} INFO - [2024-06-08T09:58:16.209+0000] {dag.py:3047} INFO - Sync 1 DAGs
[2024-06-08T09:58:16.227+0000] {logging_mixin.py:188} INFO - [2024-06-08T09:58:16.227+0000] {dag.py:3834} INFO - Setting next_dagrun for jinja_template to None, run_after=None
[2024-06-08T09:58:16.246+0000] {processor.py:183} INFO - Processing /opt/airflow/dags/jinja_template.py took 0.079 seconds
