[2024-06-08T09:45:35.019+0000] {processor.py:161} INFO - Started process (PID=40) to work on /opt/airflow/dags/pool.py
[2024-06-08T09:45:35.019+0000] {processor.py:830} INFO - Processing file /opt/airflow/dags/pool.py for tasks to queue
[2024-06-08T09:45:35.021+0000] {logging_mixin.py:188} INFO - [2024-06-08T09:45:35.021+0000] {dagbag.py:540} INFO - Filling up the DagBag from /opt/airflow/dags/pool.py
[2024-06-08T09:45:35.035+0000] {processor.py:840} INFO - DAG(s) 'pool' retrieved from /opt/airflow/dags/pool.py
[2024-06-08T09:45:35.199+0000] {logging_mixin.py:188} INFO - [2024-06-08T09:45:35.199+0000] {dag.py:3047} INFO - Sync 1 DAGs
[2024-06-08T09:45:35.237+0000] {logging_mixin.py:188} INFO - [2024-06-08T09:45:35.237+0000] {dag.py:3834} INFO - Setting next_dagrun for pool to None, run_after=None
[2024-06-08T09:45:35.283+0000] {processor.py:183} INFO - Processing /opt/airflow/dags/pool.py took 0.267 seconds
[2024-06-08T09:46:06.290+0000] {processor.py:161} INFO - Started process (PID=61) to work on /opt/airflow/dags/pool.py
[2024-06-08T09:46:06.291+0000] {processor.py:830} INFO - Processing file /opt/airflow/dags/pool.py for tasks to queue
[2024-06-08T09:46:06.292+0000] {logging_mixin.py:188} INFO - [2024-06-08T09:46:06.292+0000] {dagbag.py:540} INFO - Filling up the DagBag from /opt/airflow/dags/pool.py
[2024-06-08T09:46:06.315+0000] {processor.py:840} INFO - DAG(s) 'pool' retrieved from /opt/airflow/dags/pool.py
[2024-06-08T09:46:06.346+0000] {logging_mixin.py:188} INFO - [2024-06-08T09:46:06.346+0000] {dag.py:3047} INFO - Sync 1 DAGs
[2024-06-08T09:46:06.367+0000] {logging_mixin.py:188} INFO - [2024-06-08T09:46:06.367+0000] {dag.py:3834} INFO - Setting next_dagrun for pool to None, run_after=None
[2024-06-08T09:46:06.389+0000] {processor.py:183} INFO - Processing /opt/airflow/dags/pool.py took 0.101 seconds
[2024-06-08T09:46:36.603+0000] {processor.py:161} INFO - Started process (PID=82) to work on /opt/airflow/dags/pool.py
[2024-06-08T09:46:36.604+0000] {processor.py:830} INFO - Processing file /opt/airflow/dags/pool.py for tasks to queue
[2024-06-08T09:46:36.606+0000] {logging_mixin.py:188} INFO - [2024-06-08T09:46:36.605+0000] {dagbag.py:540} INFO - Filling up the DagBag from /opt/airflow/dags/pool.py
[2024-06-08T09:46:36.617+0000] {processor.py:840} INFO - DAG(s) 'pool' retrieved from /opt/airflow/dags/pool.py
[2024-06-08T09:46:36.652+0000] {logging_mixin.py:188} INFO - [2024-06-08T09:46:36.652+0000] {dag.py:3047} INFO - Sync 1 DAGs
[2024-06-08T09:46:36.669+0000] {logging_mixin.py:188} INFO - [2024-06-08T09:46:36.669+0000] {dag.py:3834} INFO - Setting next_dagrun for pool to None, run_after=None
[2024-06-08T09:46:36.700+0000] {processor.py:183} INFO - Processing /opt/airflow/dags/pool.py took 0.099 seconds
[2024-06-08T09:47:06.768+0000] {processor.py:161} INFO - Started process (PID=103) to work on /opt/airflow/dags/pool.py
[2024-06-08T09:47:06.769+0000] {processor.py:830} INFO - Processing file /opt/airflow/dags/pool.py for tasks to queue
[2024-06-08T09:47:06.770+0000] {logging_mixin.py:188} INFO - [2024-06-08T09:47:06.770+0000] {dagbag.py:540} INFO - Filling up the DagBag from /opt/airflow/dags/pool.py
[2024-06-08T09:47:06.797+0000] {processor.py:840} INFO - DAG(s) 'pool' retrieved from /opt/airflow/dags/pool.py
[2024-06-08T09:47:06.856+0000] {logging_mixin.py:188} INFO - [2024-06-08T09:47:06.856+0000] {dag.py:3047} INFO - Sync 1 DAGs
[2024-06-08T09:47:06.930+0000] {logging_mixin.py:188} INFO - [2024-06-08T09:47:06.930+0000] {dag.py:3834} INFO - Setting next_dagrun for pool to None, run_after=None
[2024-06-08T09:47:06.952+0000] {processor.py:183} INFO - Processing /opt/airflow/dags/pool.py took 0.186 seconds
[2024-06-08T09:47:37.478+0000] {processor.py:161} INFO - Started process (PID=124) to work on /opt/airflow/dags/pool.py
[2024-06-08T09:47:37.480+0000] {processor.py:830} INFO - Processing file /opt/airflow/dags/pool.py for tasks to queue
[2024-06-08T09:47:37.480+0000] {logging_mixin.py:188} INFO - [2024-06-08T09:47:37.480+0000] {dagbag.py:540} INFO - Filling up the DagBag from /opt/airflow/dags/pool.py
[2024-06-08T09:47:37.490+0000] {processor.py:840} INFO - DAG(s) 'pool' retrieved from /opt/airflow/dags/pool.py
[2024-06-08T09:47:37.512+0000] {logging_mixin.py:188} INFO - [2024-06-08T09:47:37.512+0000] {dag.py:3047} INFO - Sync 1 DAGs
[2024-06-08T09:47:37.532+0000] {logging_mixin.py:188} INFO - [2024-06-08T09:47:37.532+0000] {dag.py:3834} INFO - Setting next_dagrun for pool to None, run_after=None
[2024-06-08T09:47:37.553+0000] {processor.py:183} INFO - Processing /opt/airflow/dags/pool.py took 0.076 seconds
[2024-06-08T09:48:07.773+0000] {processor.py:161} INFO - Started process (PID=146) to work on /opt/airflow/dags/pool.py
[2024-06-08T09:48:07.774+0000] {processor.py:830} INFO - Processing file /opt/airflow/dags/pool.py for tasks to queue
[2024-06-08T09:48:07.775+0000] {logging_mixin.py:188} INFO - [2024-06-08T09:48:07.775+0000] {dagbag.py:540} INFO - Filling up the DagBag from /opt/airflow/dags/pool.py
[2024-06-08T09:48:07.790+0000] {processor.py:840} INFO - DAG(s) 'pool' retrieved from /opt/airflow/dags/pool.py
[2024-06-08T09:48:07.815+0000] {logging_mixin.py:188} INFO - [2024-06-08T09:48:07.815+0000] {dag.py:3047} INFO - Sync 1 DAGs
[2024-06-08T09:48:07.834+0000] {logging_mixin.py:188} INFO - [2024-06-08T09:48:07.834+0000] {dag.py:3834} INFO - Setting next_dagrun for pool to None, run_after=None
[2024-06-08T09:48:07.862+0000] {processor.py:183} INFO - Processing /opt/airflow/dags/pool.py took 0.090 seconds
[2024-06-08T09:48:38.050+0000] {processor.py:161} INFO - Started process (PID=167) to work on /opt/airflow/dags/pool.py
[2024-06-08T09:48:38.050+0000] {processor.py:830} INFO - Processing file /opt/airflow/dags/pool.py for tasks to queue
[2024-06-08T09:48:38.052+0000] {logging_mixin.py:188} INFO - [2024-06-08T09:48:38.051+0000] {dagbag.py:540} INFO - Filling up the DagBag from /opt/airflow/dags/pool.py
[2024-06-08T09:48:38.067+0000] {processor.py:840} INFO - DAG(s) 'pool' retrieved from /opt/airflow/dags/pool.py
[2024-06-08T09:48:38.091+0000] {logging_mixin.py:188} INFO - [2024-06-08T09:48:38.091+0000] {dag.py:3047} INFO - Sync 1 DAGs
[2024-06-08T09:48:38.110+0000] {logging_mixin.py:188} INFO - [2024-06-08T09:48:38.110+0000] {dag.py:3834} INFO - Setting next_dagrun for pool to None, run_after=None
[2024-06-08T09:48:38.130+0000] {processor.py:183} INFO - Processing /opt/airflow/dags/pool.py took 0.083 seconds
[2024-06-08T09:49:08.530+0000] {processor.py:161} INFO - Started process (PID=188) to work on /opt/airflow/dags/pool.py
[2024-06-08T09:49:08.531+0000] {processor.py:830} INFO - Processing file /opt/airflow/dags/pool.py for tasks to queue
[2024-06-08T09:49:08.532+0000] {logging_mixin.py:188} INFO - [2024-06-08T09:49:08.532+0000] {dagbag.py:540} INFO - Filling up the DagBag from /opt/airflow/dags/pool.py
[2024-06-08T09:49:08.542+0000] {processor.py:840} INFO - DAG(s) 'pool' retrieved from /opt/airflow/dags/pool.py
[2024-06-08T09:49:08.567+0000] {logging_mixin.py:188} INFO - [2024-06-08T09:49:08.567+0000] {dag.py:3047} INFO - Sync 1 DAGs
[2024-06-08T09:49:08.583+0000] {logging_mixin.py:188} INFO - [2024-06-08T09:49:08.583+0000] {dag.py:3834} INFO - Setting next_dagrun for pool to None, run_after=None
[2024-06-08T09:49:08.604+0000] {processor.py:183} INFO - Processing /opt/airflow/dags/pool.py took 0.075 seconds
[2024-06-08T09:49:38.701+0000] {processor.py:161} INFO - Started process (PID=209) to work on /opt/airflow/dags/pool.py
[2024-06-08T09:49:38.703+0000] {processor.py:830} INFO - Processing file /opt/airflow/dags/pool.py for tasks to queue
[2024-06-08T09:49:38.704+0000] {logging_mixin.py:188} INFO - [2024-06-08T09:49:38.704+0000] {dagbag.py:540} INFO - Filling up the DagBag from /opt/airflow/dags/pool.py
[2024-06-08T09:49:38.715+0000] {processor.py:840} INFO - DAG(s) 'pool' retrieved from /opt/airflow/dags/pool.py
[2024-06-08T09:49:38.738+0000] {logging_mixin.py:188} INFO - [2024-06-08T09:49:38.738+0000] {dag.py:3047} INFO - Sync 1 DAGs
[2024-06-08T09:49:38.754+0000] {logging_mixin.py:188} INFO - [2024-06-08T09:49:38.754+0000] {dag.py:3834} INFO - Setting next_dagrun for pool to None, run_after=None
[2024-06-08T09:49:38.773+0000] {processor.py:183} INFO - Processing /opt/airflow/dags/pool.py took 0.073 seconds
[2024-06-08T09:50:08.958+0000] {processor.py:161} INFO - Started process (PID=230) to work on /opt/airflow/dags/pool.py
[2024-06-08T09:50:08.959+0000] {processor.py:830} INFO - Processing file /opt/airflow/dags/pool.py for tasks to queue
[2024-06-08T09:50:08.960+0000] {logging_mixin.py:188} INFO - [2024-06-08T09:50:08.960+0000] {dagbag.py:540} INFO - Filling up the DagBag from /opt/airflow/dags/pool.py
[2024-06-08T09:50:08.971+0000] {processor.py:840} INFO - DAG(s) 'pool' retrieved from /opt/airflow/dags/pool.py
[2024-06-08T09:50:08.994+0000] {logging_mixin.py:188} INFO - [2024-06-08T09:50:08.994+0000] {dag.py:3047} INFO - Sync 1 DAGs
[2024-06-08T09:50:09.011+0000] {logging_mixin.py:188} INFO - [2024-06-08T09:50:09.011+0000] {dag.py:3834} INFO - Setting next_dagrun for pool to None, run_after=None
[2024-06-08T09:50:09.030+0000] {processor.py:183} INFO - Processing /opt/airflow/dags/pool.py took 0.073 seconds
[2024-06-08T09:50:39.715+0000] {processor.py:161} INFO - Started process (PID=252) to work on /opt/airflow/dags/pool.py
[2024-06-08T09:50:39.716+0000] {processor.py:830} INFO - Processing file /opt/airflow/dags/pool.py for tasks to queue
[2024-06-08T09:50:39.717+0000] {logging_mixin.py:188} INFO - [2024-06-08T09:50:39.717+0000] {dagbag.py:540} INFO - Filling up the DagBag from /opt/airflow/dags/pool.py
[2024-06-08T09:50:39.728+0000] {processor.py:840} INFO - DAG(s) 'pool' retrieved from /opt/airflow/dags/pool.py
[2024-06-08T09:50:39.754+0000] {logging_mixin.py:188} INFO - [2024-06-08T09:50:39.754+0000] {dag.py:3047} INFO - Sync 1 DAGs
[2024-06-08T09:50:39.773+0000] {logging_mixin.py:188} INFO - [2024-06-08T09:50:39.773+0000] {dag.py:3834} INFO - Setting next_dagrun for pool to None, run_after=None
[2024-06-08T09:50:39.792+0000] {processor.py:183} INFO - Processing /opt/airflow/dags/pool.py took 0.078 seconds
[2024-06-08T09:51:10.031+0000] {processor.py:161} INFO - Started process (PID=274) to work on /opt/airflow/dags/pool.py
[2024-06-08T09:51:10.032+0000] {processor.py:830} INFO - Processing file /opt/airflow/dags/pool.py for tasks to queue
[2024-06-08T09:51:10.033+0000] {logging_mixin.py:188} INFO - [2024-06-08T09:51:10.033+0000] {dagbag.py:540} INFO - Filling up the DagBag from /opt/airflow/dags/pool.py
[2024-06-08T09:51:10.047+0000] {processor.py:840} INFO - DAG(s) 'pool' retrieved from /opt/airflow/dags/pool.py
[2024-06-08T09:51:10.076+0000] {logging_mixin.py:188} INFO - [2024-06-08T09:51:10.076+0000] {dag.py:3047} INFO - Sync 1 DAGs
[2024-06-08T09:51:10.130+0000] {logging_mixin.py:188} INFO - [2024-06-08T09:51:10.130+0000] {dag.py:3834} INFO - Setting next_dagrun for pool to None, run_after=None
[2024-06-08T09:51:10.150+0000] {processor.py:183} INFO - Processing /opt/airflow/dags/pool.py took 0.120 seconds
[2024-06-08T09:51:40.517+0000] {processor.py:161} INFO - Started process (PID=296) to work on /opt/airflow/dags/pool.py
[2024-06-08T09:51:40.518+0000] {processor.py:830} INFO - Processing file /opt/airflow/dags/pool.py for tasks to queue
[2024-06-08T09:51:40.519+0000] {logging_mixin.py:188} INFO - [2024-06-08T09:51:40.519+0000] {dagbag.py:540} INFO - Filling up the DagBag from /opt/airflow/dags/pool.py
[2024-06-08T09:51:40.532+0000] {processor.py:840} INFO - DAG(s) 'pool' retrieved from /opt/airflow/dags/pool.py
[2024-06-08T09:51:40.558+0000] {logging_mixin.py:188} INFO - [2024-06-08T09:51:40.558+0000] {dag.py:3047} INFO - Sync 1 DAGs
[2024-06-08T09:51:40.575+0000] {logging_mixin.py:188} INFO - [2024-06-08T09:51:40.575+0000] {dag.py:3834} INFO - Setting next_dagrun for pool to None, run_after=None
[2024-06-08T09:51:40.595+0000] {processor.py:183} INFO - Processing /opt/airflow/dags/pool.py took 0.080 seconds
[2024-06-08T09:52:10.823+0000] {processor.py:161} INFO - Started process (PID=318) to work on /opt/airflow/dags/pool.py
[2024-06-08T09:52:10.825+0000] {processor.py:830} INFO - Processing file /opt/airflow/dags/pool.py for tasks to queue
[2024-06-08T09:52:10.826+0000] {logging_mixin.py:188} INFO - [2024-06-08T09:52:10.826+0000] {dagbag.py:540} INFO - Filling up the DagBag from /opt/airflow/dags/pool.py
[2024-06-08T09:52:10.836+0000] {processor.py:840} INFO - DAG(s) 'pool' retrieved from /opt/airflow/dags/pool.py
[2024-06-08T09:52:10.877+0000] {logging_mixin.py:188} INFO - [2024-06-08T09:52:10.877+0000] {dag.py:3047} INFO - Sync 1 DAGs
[2024-06-08T09:52:10.895+0000] {logging_mixin.py:188} INFO - [2024-06-08T09:52:10.895+0000] {dag.py:3834} INFO - Setting next_dagrun for pool to None, run_after=None
[2024-06-08T09:52:10.923+0000] {processor.py:183} INFO - Processing /opt/airflow/dags/pool.py took 0.102 seconds
[2024-06-08T09:52:41.162+0000] {processor.py:161} INFO - Started process (PID=340) to work on /opt/airflow/dags/pool.py
[2024-06-08T09:52:41.162+0000] {processor.py:830} INFO - Processing file /opt/airflow/dags/pool.py for tasks to queue
[2024-06-08T09:52:41.163+0000] {logging_mixin.py:188} INFO - [2024-06-08T09:52:41.163+0000] {dagbag.py:540} INFO - Filling up the DagBag from /opt/airflow/dags/pool.py
[2024-06-08T09:52:41.177+0000] {processor.py:840} INFO - DAG(s) 'pool' retrieved from /opt/airflow/dags/pool.py
[2024-06-08T09:52:41.197+0000] {logging_mixin.py:188} INFO - [2024-06-08T09:52:41.197+0000] {dag.py:3047} INFO - Sync 1 DAGs
[2024-06-08T09:52:41.220+0000] {logging_mixin.py:188} INFO - [2024-06-08T09:52:41.220+0000] {dag.py:3834} INFO - Setting next_dagrun for pool to None, run_after=None
[2024-06-08T09:52:41.251+0000] {processor.py:183} INFO - Processing /opt/airflow/dags/pool.py took 0.091 seconds
[2024-06-08T09:53:11.510+0000] {processor.py:161} INFO - Started process (PID=362) to work on /opt/airflow/dags/pool.py
[2024-06-08T09:53:11.511+0000] {processor.py:830} INFO - Processing file /opt/airflow/dags/pool.py for tasks to queue
[2024-06-08T09:53:11.512+0000] {logging_mixin.py:188} INFO - [2024-06-08T09:53:11.512+0000] {dagbag.py:540} INFO - Filling up the DagBag from /opt/airflow/dags/pool.py
[2024-06-08T09:53:11.525+0000] {processor.py:840} INFO - DAG(s) 'pool' retrieved from /opt/airflow/dags/pool.py
[2024-06-08T09:53:11.547+0000] {logging_mixin.py:188} INFO - [2024-06-08T09:53:11.547+0000] {dag.py:3047} INFO - Sync 1 DAGs
[2024-06-08T09:53:11.563+0000] {logging_mixin.py:188} INFO - [2024-06-08T09:53:11.563+0000] {dag.py:3834} INFO - Setting next_dagrun for pool to None, run_after=None
[2024-06-08T09:53:11.592+0000] {processor.py:183} INFO - Processing /opt/airflow/dags/pool.py took 0.084 seconds
[2024-06-08T09:53:41.976+0000] {processor.py:161} INFO - Started process (PID=385) to work on /opt/airflow/dags/pool.py
[2024-06-08T09:53:41.976+0000] {processor.py:830} INFO - Processing file /opt/airflow/dags/pool.py for tasks to queue
[2024-06-08T09:53:41.978+0000] {logging_mixin.py:188} INFO - [2024-06-08T09:53:41.978+0000] {dagbag.py:540} INFO - Filling up the DagBag from /opt/airflow/dags/pool.py
[2024-06-08T09:53:41.995+0000] {processor.py:840} INFO - DAG(s) 'pool' retrieved from /opt/airflow/dags/pool.py
[2024-06-08T09:53:42.015+0000] {logging_mixin.py:188} INFO - [2024-06-08T09:53:42.014+0000] {dag.py:3047} INFO - Sync 1 DAGs
[2024-06-08T09:53:42.029+0000] {logging_mixin.py:188} INFO - [2024-06-08T09:53:42.029+0000] {dag.py:3834} INFO - Setting next_dagrun for pool to None, run_after=None
[2024-06-08T09:53:42.055+0000] {processor.py:183} INFO - Processing /opt/airflow/dags/pool.py took 0.081 seconds
[2024-06-08T09:54:12.231+0000] {processor.py:161} INFO - Started process (PID=407) to work on /opt/airflow/dags/pool.py
[2024-06-08T09:54:12.232+0000] {processor.py:830} INFO - Processing file /opt/airflow/dags/pool.py for tasks to queue
[2024-06-08T09:54:12.234+0000] {logging_mixin.py:188} INFO - [2024-06-08T09:54:12.234+0000] {dagbag.py:540} INFO - Filling up the DagBag from /opt/airflow/dags/pool.py
[2024-06-08T09:54:12.255+0000] {processor.py:840} INFO - DAG(s) 'pool' retrieved from /opt/airflow/dags/pool.py
[2024-06-08T09:54:12.279+0000] {logging_mixin.py:188} INFO - [2024-06-08T09:54:12.279+0000] {dag.py:3047} INFO - Sync 1 DAGs
[2024-06-08T09:54:12.352+0000] {logging_mixin.py:188} INFO - [2024-06-08T09:54:12.351+0000] {dag.py:3834} INFO - Setting next_dagrun for pool to None, run_after=None
[2024-06-08T09:54:12.365+0000] {processor.py:183} INFO - Processing /opt/airflow/dags/pool.py took 0.135 seconds
[2024-06-08T09:54:43.051+0000] {processor.py:161} INFO - Started process (PID=429) to work on /opt/airflow/dags/pool.py
[2024-06-08T09:54:43.060+0000] {processor.py:830} INFO - Processing file /opt/airflow/dags/pool.py for tasks to queue
[2024-06-08T09:54:43.063+0000] {logging_mixin.py:188} INFO - [2024-06-08T09:54:43.062+0000] {dagbag.py:540} INFO - Filling up the DagBag from /opt/airflow/dags/pool.py
[2024-06-08T09:54:43.084+0000] {processor.py:840} INFO - DAG(s) 'pool' retrieved from /opt/airflow/dags/pool.py
[2024-06-08T09:54:43.106+0000] {logging_mixin.py:188} INFO - [2024-06-08T09:54:43.106+0000] {dag.py:3047} INFO - Sync 1 DAGs
[2024-06-08T09:54:43.144+0000] {logging_mixin.py:188} INFO - [2024-06-08T09:54:43.144+0000] {dag.py:3834} INFO - Setting next_dagrun for pool to None, run_after=None
[2024-06-08T09:54:43.193+0000] {processor.py:183} INFO - Processing /opt/airflow/dags/pool.py took 0.143 seconds
[2024-06-08T09:55:13.444+0000] {processor.py:161} INFO - Started process (PID=452) to work on /opt/airflow/dags/pool.py
[2024-06-08T09:55:13.444+0000] {processor.py:830} INFO - Processing file /opt/airflow/dags/pool.py for tasks to queue
[2024-06-08T09:55:13.446+0000] {logging_mixin.py:188} INFO - [2024-06-08T09:55:13.445+0000] {dagbag.py:540} INFO - Filling up the DagBag from /opt/airflow/dags/pool.py
[2024-06-08T09:55:13.461+0000] {processor.py:840} INFO - DAG(s) 'pool' retrieved from /opt/airflow/dags/pool.py
[2024-06-08T09:55:13.488+0000] {logging_mixin.py:188} INFO - [2024-06-08T09:55:13.488+0000] {dag.py:3047} INFO - Sync 1 DAGs
[2024-06-08T09:55:13.507+0000] {logging_mixin.py:188} INFO - [2024-06-08T09:55:13.507+0000] {dag.py:3834} INFO - Setting next_dagrun for pool to None, run_after=None
[2024-06-08T09:55:13.527+0000] {processor.py:183} INFO - Processing /opt/airflow/dags/pool.py took 0.086 seconds
[2024-06-08T09:55:43.685+0000] {processor.py:161} INFO - Started process (PID=478) to work on /opt/airflow/dags/pool.py
[2024-06-08T09:55:43.686+0000] {processor.py:830} INFO - Processing file /opt/airflow/dags/pool.py for tasks to queue
[2024-06-08T09:55:43.687+0000] {logging_mixin.py:188} INFO - [2024-06-08T09:55:43.687+0000] {dagbag.py:540} INFO - Filling up the DagBag from /opt/airflow/dags/pool.py
[2024-06-08T09:55:43.701+0000] {processor.py:840} INFO - DAG(s) 'pool' retrieved from /opt/airflow/dags/pool.py
[2024-06-08T09:55:43.726+0000] {logging_mixin.py:188} INFO - [2024-06-08T09:55:43.726+0000] {dag.py:3047} INFO - Sync 1 DAGs
[2024-06-08T09:55:43.744+0000] {logging_mixin.py:188} INFO - [2024-06-08T09:55:43.744+0000] {dag.py:3834} INFO - Setting next_dagrun for pool to None, run_after=None
[2024-06-08T09:55:43.767+0000] {processor.py:183} INFO - Processing /opt/airflow/dags/pool.py took 0.084 seconds
[2024-06-08T09:56:14.078+0000] {processor.py:161} INFO - Started process (PID=500) to work on /opt/airflow/dags/pool.py
[2024-06-08T09:56:14.079+0000] {processor.py:830} INFO - Processing file /opt/airflow/dags/pool.py for tasks to queue
[2024-06-08T09:56:14.080+0000] {logging_mixin.py:188} INFO - [2024-06-08T09:56:14.080+0000] {dagbag.py:540} INFO - Filling up the DagBag from /opt/airflow/dags/pool.py
[2024-06-08T09:56:14.091+0000] {processor.py:840} INFO - DAG(s) 'pool' retrieved from /opt/airflow/dags/pool.py
[2024-06-08T09:56:14.115+0000] {logging_mixin.py:188} INFO - [2024-06-08T09:56:14.114+0000] {dag.py:3047} INFO - Sync 1 DAGs
[2024-06-08T09:56:14.129+0000] {logging_mixin.py:188} INFO - [2024-06-08T09:56:14.129+0000] {dag.py:3834} INFO - Setting next_dagrun for pool to None, run_after=None
[2024-06-08T09:56:14.151+0000] {processor.py:183} INFO - Processing /opt/airflow/dags/pool.py took 0.074 seconds
[2024-06-08T09:56:44.527+0000] {processor.py:161} INFO - Started process (PID=522) to work on /opt/airflow/dags/pool.py
[2024-06-08T09:56:44.528+0000] {processor.py:830} INFO - Processing file /opt/airflow/dags/pool.py for tasks to queue
[2024-06-08T09:56:44.529+0000] {logging_mixin.py:188} INFO - [2024-06-08T09:56:44.529+0000] {dagbag.py:540} INFO - Filling up the DagBag from /opt/airflow/dags/pool.py
[2024-06-08T09:56:44.540+0000] {processor.py:840} INFO - DAG(s) 'pool' retrieved from /opt/airflow/dags/pool.py
[2024-06-08T09:56:44.567+0000] {logging_mixin.py:188} INFO - [2024-06-08T09:56:44.567+0000] {dag.py:3047} INFO - Sync 1 DAGs
[2024-06-08T09:56:44.582+0000] {logging_mixin.py:188} INFO - [2024-06-08T09:56:44.582+0000] {dag.py:3834} INFO - Setting next_dagrun for pool to None, run_after=None
[2024-06-08T09:56:44.598+0000] {processor.py:183} INFO - Processing /opt/airflow/dags/pool.py took 0.073 seconds
[2024-06-08T09:57:14.772+0000] {processor.py:161} INFO - Started process (PID=544) to work on /opt/airflow/dags/pool.py
[2024-06-08T09:57:14.773+0000] {processor.py:830} INFO - Processing file /opt/airflow/dags/pool.py for tasks to queue
[2024-06-08T09:57:14.774+0000] {logging_mixin.py:188} INFO - [2024-06-08T09:57:14.774+0000] {dagbag.py:540} INFO - Filling up the DagBag from /opt/airflow/dags/pool.py
[2024-06-08T09:57:14.789+0000] {processor.py:840} INFO - DAG(s) 'pool' retrieved from /opt/airflow/dags/pool.py
[2024-06-08T09:57:14.815+0000] {logging_mixin.py:188} INFO - [2024-06-08T09:57:14.815+0000] {dag.py:3047} INFO - Sync 1 DAGs
[2024-06-08T09:57:14.836+0000] {logging_mixin.py:188} INFO - [2024-06-08T09:57:14.835+0000] {dag.py:3834} INFO - Setting next_dagrun for pool to None, run_after=None
[2024-06-08T09:57:14.857+0000] {processor.py:183} INFO - Processing /opt/airflow/dags/pool.py took 0.086 seconds
[2024-06-08T09:57:45.196+0000] {processor.py:161} INFO - Started process (PID=566) to work on /opt/airflow/dags/pool.py
[2024-06-08T09:57:45.197+0000] {processor.py:830} INFO - Processing file /opt/airflow/dags/pool.py for tasks to queue
[2024-06-08T09:57:45.199+0000] {logging_mixin.py:188} INFO - [2024-06-08T09:57:45.198+0000] {dagbag.py:540} INFO - Filling up the DagBag from /opt/airflow/dags/pool.py
[2024-06-08T09:57:45.218+0000] {processor.py:840} INFO - DAG(s) 'pool' retrieved from /opt/airflow/dags/pool.py
[2024-06-08T09:57:45.256+0000] {logging_mixin.py:188} INFO - [2024-06-08T09:57:45.256+0000] {dag.py:3047} INFO - Sync 1 DAGs
[2024-06-08T09:57:45.275+0000] {logging_mixin.py:188} INFO - [2024-06-08T09:57:45.275+0000] {dag.py:3834} INFO - Setting next_dagrun for pool to None, run_after=None
[2024-06-08T09:57:45.300+0000] {processor.py:183} INFO - Processing /opt/airflow/dags/pool.py took 0.106 seconds
[2024-06-08T09:58:15.796+0000] {processor.py:161} INFO - Started process (PID=588) to work on /opt/airflow/dags/pool.py
[2024-06-08T09:58:15.796+0000] {processor.py:830} INFO - Processing file /opt/airflow/dags/pool.py for tasks to queue
[2024-06-08T09:58:15.797+0000] {logging_mixin.py:188} INFO - [2024-06-08T09:58:15.797+0000] {dagbag.py:540} INFO - Filling up the DagBag from /opt/airflow/dags/pool.py
[2024-06-08T09:58:15.808+0000] {processor.py:840} INFO - DAG(s) 'pool' retrieved from /opt/airflow/dags/pool.py
[2024-06-08T09:58:15.831+0000] {logging_mixin.py:188} INFO - [2024-06-08T09:58:15.831+0000] {dag.py:3047} INFO - Sync 1 DAGs
[2024-06-08T09:58:15.854+0000] {logging_mixin.py:188} INFO - [2024-06-08T09:58:15.854+0000] {dag.py:3834} INFO - Setting next_dagrun for pool to None, run_after=None
[2024-06-08T09:58:15.870+0000] {processor.py:183} INFO - Processing /opt/airflow/dags/pool.py took 0.076 seconds
