[2024-06-08T09:45:36.092+0000] {processor.py:161} INFO - Started process (PID=48) to work on /opt/airflow/dags/sensor.py
[2024-06-08T09:45:36.093+0000] {processor.py:830} INFO - Processing file /opt/airflow/dags/sensor.py for tasks to queue
[2024-06-08T09:45:36.095+0000] {logging_mixin.py:188} INFO - [2024-06-08T09:45:36.095+0000] {dagbag.py:540} INFO - Filling up the DagBag from /opt/airflow/dags/sensor.py
[2024-06-08T09:45:36.108+0000] {processor.py:840} INFO - DAG(s) 'sensor' retrieved from /opt/airflow/dags/sensor.py
[2024-06-08T09:45:36.199+0000] {logging_mixin.py:188} INFO - [2024-06-08T09:45:36.199+0000] {dag.py:3047} INFO - Sync 1 DAGs
[2024-06-08T09:45:36.221+0000] {logging_mixin.py:188} INFO - [2024-06-08T09:45:36.221+0000] {dag.py:3834} INFO - Setting next_dagrun for sensor to None, run_after=None
[2024-06-08T09:45:36.247+0000] {processor.py:183} INFO - Processing /opt/airflow/dags/sensor.py took 0.157 seconds
[2024-06-08T09:46:06.702+0000] {processor.py:161} INFO - Started process (PID=69) to work on /opt/airflow/dags/sensor.py
[2024-06-08T09:46:06.702+0000] {processor.py:830} INFO - Processing file /opt/airflow/dags/sensor.py for tasks to queue
[2024-06-08T09:46:06.706+0000] {logging_mixin.py:188} INFO - [2024-06-08T09:46:06.706+0000] {dagbag.py:540} INFO - Filling up the DagBag from /opt/airflow/dags/sensor.py
[2024-06-08T09:46:06.719+0000] {processor.py:840} INFO - DAG(s) 'sensor' retrieved from /opt/airflow/dags/sensor.py
[2024-06-08T09:46:06.745+0000] {logging_mixin.py:188} INFO - [2024-06-08T09:46:06.745+0000] {dag.py:3047} INFO - Sync 1 DAGs
[2024-06-08T09:46:06.768+0000] {logging_mixin.py:188} INFO - [2024-06-08T09:46:06.768+0000] {dag.py:3834} INFO - Setting next_dagrun for sensor to None, run_after=None
[2024-06-08T09:46:06.788+0000] {processor.py:183} INFO - Processing /opt/airflow/dags/sensor.py took 0.088 seconds
[2024-06-08T09:46:37.024+0000] {processor.py:161} INFO - Started process (PID=90) to work on /opt/airflow/dags/sensor.py
[2024-06-08T09:46:37.025+0000] {processor.py:830} INFO - Processing file /opt/airflow/dags/sensor.py for tasks to queue
[2024-06-08T09:46:37.026+0000] {logging_mixin.py:188} INFO - [2024-06-08T09:46:37.026+0000] {dagbag.py:540} INFO - Filling up the DagBag from /opt/airflow/dags/sensor.py
[2024-06-08T09:46:37.045+0000] {processor.py:840} INFO - DAG(s) 'sensor' retrieved from /opt/airflow/dags/sensor.py
[2024-06-08T09:46:37.076+0000] {logging_mixin.py:188} INFO - [2024-06-08T09:46:37.076+0000] {dag.py:3047} INFO - Sync 1 DAGs
[2024-06-08T09:46:37.094+0000] {logging_mixin.py:188} INFO - [2024-06-08T09:46:37.094+0000] {dag.py:3834} INFO - Setting next_dagrun for sensor to None, run_after=None
[2024-06-08T09:46:37.113+0000] {processor.py:183} INFO - Processing /opt/airflow/dags/sensor.py took 0.091 seconds
[2024-06-08T09:47:07.281+0000] {processor.py:161} INFO - Started process (PID=111) to work on /opt/airflow/dags/sensor.py
[2024-06-08T09:47:07.283+0000] {processor.py:830} INFO - Processing file /opt/airflow/dags/sensor.py for tasks to queue
[2024-06-08T09:47:07.284+0000] {logging_mixin.py:188} INFO - [2024-06-08T09:47:07.284+0000] {dagbag.py:540} INFO - Filling up the DagBag from /opt/airflow/dags/sensor.py
[2024-06-08T09:47:07.365+0000] {processor.py:840} INFO - DAG(s) 'sensor' retrieved from /opt/airflow/dags/sensor.py
[2024-06-08T09:47:07.454+0000] {logging_mixin.py:188} INFO - [2024-06-08T09:47:07.454+0000] {dag.py:3047} INFO - Sync 1 DAGs
[2024-06-08T09:47:07.475+0000] {logging_mixin.py:188} INFO - [2024-06-08T09:47:07.475+0000] {dag.py:3834} INFO - Setting next_dagrun for sensor to None, run_after=None
[2024-06-08T09:47:07.497+0000] {processor.py:183} INFO - Processing /opt/airflow/dags/sensor.py took 0.218 seconds
[2024-06-08T09:47:37.842+0000] {processor.py:161} INFO - Started process (PID=132) to work on /opt/airflow/dags/sensor.py
[2024-06-08T09:47:37.843+0000] {processor.py:830} INFO - Processing file /opt/airflow/dags/sensor.py for tasks to queue
[2024-06-08T09:47:37.844+0000] {logging_mixin.py:188} INFO - [2024-06-08T09:47:37.844+0000] {dagbag.py:540} INFO - Filling up the DagBag from /opt/airflow/dags/sensor.py
[2024-06-08T09:47:37.855+0000] {processor.py:840} INFO - DAG(s) 'sensor' retrieved from /opt/airflow/dags/sensor.py
[2024-06-08T09:47:37.877+0000] {logging_mixin.py:188} INFO - [2024-06-08T09:47:37.877+0000] {dag.py:3047} INFO - Sync 1 DAGs
[2024-06-08T09:47:37.893+0000] {logging_mixin.py:188} INFO - [2024-06-08T09:47:37.892+0000] {dag.py:3834} INFO - Setting next_dagrun for sensor to None, run_after=None
[2024-06-08T09:47:37.911+0000] {processor.py:183} INFO - Processing /opt/airflow/dags/sensor.py took 0.071 seconds
[2024-06-08T09:48:08.156+0000] {processor.py:161} INFO - Started process (PID=154) to work on /opt/airflow/dags/sensor.py
[2024-06-08T09:48:08.156+0000] {processor.py:830} INFO - Processing file /opt/airflow/dags/sensor.py for tasks to queue
[2024-06-08T09:48:08.158+0000] {logging_mixin.py:188} INFO - [2024-06-08T09:48:08.157+0000] {dagbag.py:540} INFO - Filling up the DagBag from /opt/airflow/dags/sensor.py
[2024-06-08T09:48:08.168+0000] {processor.py:840} INFO - DAG(s) 'sensor' retrieved from /opt/airflow/dags/sensor.py
[2024-06-08T09:48:08.190+0000] {logging_mixin.py:188} INFO - [2024-06-08T09:48:08.189+0000] {dag.py:3047} INFO - Sync 1 DAGs
[2024-06-08T09:48:08.206+0000] {logging_mixin.py:188} INFO - [2024-06-08T09:48:08.206+0000] {dag.py:3834} INFO - Setting next_dagrun for sensor to None, run_after=None
[2024-06-08T09:48:08.224+0000] {processor.py:183} INFO - Processing /opt/airflow/dags/sensor.py took 0.070 seconds
[2024-06-08T09:48:38.588+0000] {processor.py:161} INFO - Started process (PID=175) to work on /opt/airflow/dags/sensor.py
[2024-06-08T09:48:38.588+0000] {processor.py:830} INFO - Processing file /opt/airflow/dags/sensor.py for tasks to queue
[2024-06-08T09:48:38.589+0000] {logging_mixin.py:188} INFO - [2024-06-08T09:48:38.589+0000] {dagbag.py:540} INFO - Filling up the DagBag from /opt/airflow/dags/sensor.py
[2024-06-08T09:48:38.599+0000] {processor.py:840} INFO - DAG(s) 'sensor' retrieved from /opt/airflow/dags/sensor.py
[2024-06-08T09:48:38.620+0000] {logging_mixin.py:188} INFO - [2024-06-08T09:48:38.620+0000] {dag.py:3047} INFO - Sync 1 DAGs
[2024-06-08T09:48:38.635+0000] {logging_mixin.py:188} INFO - [2024-06-08T09:48:38.635+0000] {dag.py:3834} INFO - Setting next_dagrun for sensor to None, run_after=None
[2024-06-08T09:48:38.648+0000] {processor.py:183} INFO - Processing /opt/airflow/dags/sensor.py took 0.062 seconds
[2024-06-08T09:49:08.986+0000] {processor.py:161} INFO - Started process (PID=196) to work on /opt/airflow/dags/sensor.py
[2024-06-08T09:49:08.987+0000] {processor.py:830} INFO - Processing file /opt/airflow/dags/sensor.py for tasks to queue
[2024-06-08T09:49:08.988+0000] {logging_mixin.py:188} INFO - [2024-06-08T09:49:08.988+0000] {dagbag.py:540} INFO - Filling up the DagBag from /opt/airflow/dags/sensor.py
[2024-06-08T09:49:09.001+0000] {processor.py:840} INFO - DAG(s) 'sensor' retrieved from /opt/airflow/dags/sensor.py
[2024-06-08T09:49:09.021+0000] {logging_mixin.py:188} INFO - [2024-06-08T09:49:09.020+0000] {dag.py:3047} INFO - Sync 1 DAGs
[2024-06-08T09:49:09.040+0000] {logging_mixin.py:188} INFO - [2024-06-08T09:49:09.040+0000] {dag.py:3834} INFO - Setting next_dagrun for sensor to None, run_after=None
[2024-06-08T09:49:09.053+0000] {processor.py:183} INFO - Processing /opt/airflow/dags/sensor.py took 0.068 seconds
[2024-06-08T09:49:39.134+0000] {processor.py:161} INFO - Started process (PID=217) to work on /opt/airflow/dags/sensor.py
[2024-06-08T09:49:39.135+0000] {processor.py:830} INFO - Processing file /opt/airflow/dags/sensor.py for tasks to queue
[2024-06-08T09:49:39.136+0000] {logging_mixin.py:188} INFO - [2024-06-08T09:49:39.136+0000] {dagbag.py:540} INFO - Filling up the DagBag from /opt/airflow/dags/sensor.py
[2024-06-08T09:49:39.149+0000] {processor.py:840} INFO - DAG(s) 'sensor' retrieved from /opt/airflow/dags/sensor.py
[2024-06-08T09:49:39.183+0000] {logging_mixin.py:188} INFO - [2024-06-08T09:49:39.183+0000] {dag.py:3047} INFO - Sync 1 DAGs
[2024-06-08T09:49:39.197+0000] {logging_mixin.py:188} INFO - [2024-06-08T09:49:39.197+0000] {dag.py:3834} INFO - Setting next_dagrun for sensor to None, run_after=None
[2024-06-08T09:49:39.210+0000] {processor.py:183} INFO - Processing /opt/airflow/dags/sensor.py took 0.078 seconds
[2024-06-08T09:50:09.424+0000] {processor.py:161} INFO - Started process (PID=238) to work on /opt/airflow/dags/sensor.py
[2024-06-08T09:50:09.425+0000] {processor.py:830} INFO - Processing file /opt/airflow/dags/sensor.py for tasks to queue
[2024-06-08T09:50:09.426+0000] {logging_mixin.py:188} INFO - [2024-06-08T09:50:09.426+0000] {dagbag.py:540} INFO - Filling up the DagBag from /opt/airflow/dags/sensor.py
[2024-06-08T09:50:09.435+0000] {processor.py:840} INFO - DAG(s) 'sensor' retrieved from /opt/airflow/dags/sensor.py
[2024-06-08T09:50:09.456+0000] {logging_mixin.py:188} INFO - [2024-06-08T09:50:09.455+0000] {dag.py:3047} INFO - Sync 1 DAGs
[2024-06-08T09:50:09.470+0000] {logging_mixin.py:188} INFO - [2024-06-08T09:50:09.470+0000] {dag.py:3834} INFO - Setting next_dagrun for sensor to None, run_after=None
[2024-06-08T09:50:09.486+0000] {processor.py:183} INFO - Processing /opt/airflow/dags/sensor.py took 0.064 seconds
[2024-06-08T09:50:40.069+0000] {processor.py:161} INFO - Started process (PID=260) to work on /opt/airflow/dags/sensor.py
[2024-06-08T09:50:40.069+0000] {processor.py:830} INFO - Processing file /opt/airflow/dags/sensor.py for tasks to queue
[2024-06-08T09:50:40.071+0000] {logging_mixin.py:188} INFO - [2024-06-08T09:50:40.071+0000] {dagbag.py:540} INFO - Filling up the DagBag from /opt/airflow/dags/sensor.py
[2024-06-08T09:50:40.079+0000] {processor.py:840} INFO - DAG(s) 'sensor' retrieved from /opt/airflow/dags/sensor.py
[2024-06-08T09:50:40.101+0000] {logging_mixin.py:188} INFO - [2024-06-08T09:50:40.101+0000] {dag.py:3047} INFO - Sync 1 DAGs
[2024-06-08T09:50:40.116+0000] {logging_mixin.py:188} INFO - [2024-06-08T09:50:40.116+0000] {dag.py:3834} INFO - Setting next_dagrun for sensor to None, run_after=None
[2024-06-08T09:50:40.142+0000] {processor.py:183} INFO - Processing /opt/airflow/dags/sensor.py took 0.075 seconds
[2024-06-08T09:51:10.562+0000] {processor.py:161} INFO - Started process (PID=282) to work on /opt/airflow/dags/sensor.py
[2024-06-08T09:51:10.563+0000] {processor.py:830} INFO - Processing file /opt/airflow/dags/sensor.py for tasks to queue
[2024-06-08T09:51:10.564+0000] {logging_mixin.py:188} INFO - [2024-06-08T09:51:10.564+0000] {dagbag.py:540} INFO - Filling up the DagBag from /opt/airflow/dags/sensor.py
[2024-06-08T09:51:10.574+0000] {processor.py:840} INFO - DAG(s) 'sensor' retrieved from /opt/airflow/dags/sensor.py
[2024-06-08T09:51:10.596+0000] {logging_mixin.py:188} INFO - [2024-06-08T09:51:10.596+0000] {dag.py:3047} INFO - Sync 1 DAGs
[2024-06-08T09:51:10.614+0000] {logging_mixin.py:188} INFO - [2024-06-08T09:51:10.614+0000] {dag.py:3834} INFO - Setting next_dagrun for sensor to None, run_after=None
[2024-06-08T09:51:10.634+0000] {processor.py:183} INFO - Processing /opt/airflow/dags/sensor.py took 0.073 seconds
[2024-06-08T09:51:40.945+0000] {processor.py:161} INFO - Started process (PID=304) to work on /opt/airflow/dags/sensor.py
[2024-06-08T09:51:40.945+0000] {processor.py:830} INFO - Processing file /opt/airflow/dags/sensor.py for tasks to queue
[2024-06-08T09:51:40.947+0000] {logging_mixin.py:188} INFO - [2024-06-08T09:51:40.946+0000] {dagbag.py:540} INFO - Filling up the DagBag from /opt/airflow/dags/sensor.py
[2024-06-08T09:51:40.958+0000] {processor.py:840} INFO - DAG(s) 'sensor' retrieved from /opt/airflow/dags/sensor.py
[2024-06-08T09:51:40.988+0000] {logging_mixin.py:188} INFO - [2024-06-08T09:51:40.988+0000] {dag.py:3047} INFO - Sync 1 DAGs
[2024-06-08T09:51:41.006+0000] {logging_mixin.py:188} INFO - [2024-06-08T09:51:41.006+0000] {dag.py:3834} INFO - Setting next_dagrun for sensor to None, run_after=None
[2024-06-08T09:51:41.025+0000] {processor.py:183} INFO - Processing /opt/airflow/dags/sensor.py took 0.082 seconds
[2024-06-08T09:52:11.239+0000] {processor.py:161} INFO - Started process (PID=326) to work on /opt/airflow/dags/sensor.py
[2024-06-08T09:52:11.240+0000] {processor.py:830} INFO - Processing file /opt/airflow/dags/sensor.py for tasks to queue
[2024-06-08T09:52:11.241+0000] {logging_mixin.py:188} INFO - [2024-06-08T09:52:11.241+0000] {dagbag.py:540} INFO - Filling up the DagBag from /opt/airflow/dags/sensor.py
[2024-06-08T09:52:11.251+0000] {processor.py:840} INFO - DAG(s) 'sensor' retrieved from /opt/airflow/dags/sensor.py
[2024-06-08T09:52:11.273+0000] {logging_mixin.py:188} INFO - [2024-06-08T09:52:11.273+0000] {dag.py:3047} INFO - Sync 1 DAGs
[2024-06-08T09:52:11.291+0000] {logging_mixin.py:188} INFO - [2024-06-08T09:52:11.290+0000] {dag.py:3834} INFO - Setting next_dagrun for sensor to None, run_after=None
[2024-06-08T09:52:11.306+0000] {processor.py:183} INFO - Processing /opt/airflow/dags/sensor.py took 0.069 seconds
[2024-06-08T09:52:41.544+0000] {processor.py:161} INFO - Started process (PID=348) to work on /opt/airflow/dags/sensor.py
[2024-06-08T09:52:41.545+0000] {processor.py:830} INFO - Processing file /opt/airflow/dags/sensor.py for tasks to queue
[2024-06-08T09:52:41.546+0000] {logging_mixin.py:188} INFO - [2024-06-08T09:52:41.546+0000] {dagbag.py:540} INFO - Filling up the DagBag from /opt/airflow/dags/sensor.py
[2024-06-08T09:52:41.554+0000] {processor.py:840} INFO - DAG(s) 'sensor' retrieved from /opt/airflow/dags/sensor.py
[2024-06-08T09:52:41.579+0000] {logging_mixin.py:188} INFO - [2024-06-08T09:52:41.579+0000] {dag.py:3047} INFO - Sync 1 DAGs
[2024-06-08T09:52:41.596+0000] {logging_mixin.py:188} INFO - [2024-06-08T09:52:41.596+0000] {dag.py:3834} INFO - Setting next_dagrun for sensor to None, run_after=None
[2024-06-08T09:52:41.614+0000] {processor.py:183} INFO - Processing /opt/airflow/dags/sensor.py took 0.071 seconds
[2024-06-08T09:53:11.986+0000] {processor.py:161} INFO - Started process (PID=370) to work on /opt/airflow/dags/sensor.py
[2024-06-08T09:53:11.987+0000] {processor.py:830} INFO - Processing file /opt/airflow/dags/sensor.py for tasks to queue
[2024-06-08T09:53:11.988+0000] {logging_mixin.py:188} INFO - [2024-06-08T09:53:11.988+0000] {dagbag.py:540} INFO - Filling up the DagBag from /opt/airflow/dags/sensor.py
[2024-06-08T09:53:11.997+0000] {processor.py:840} INFO - DAG(s) 'sensor' retrieved from /opt/airflow/dags/sensor.py
[2024-06-08T09:53:12.017+0000] {logging_mixin.py:188} INFO - [2024-06-08T09:53:12.017+0000] {dag.py:3047} INFO - Sync 1 DAGs
[2024-06-08T09:53:12.032+0000] {logging_mixin.py:188} INFO - [2024-06-08T09:53:12.032+0000] {dag.py:3834} INFO - Setting next_dagrun for sensor to None, run_after=None
[2024-06-08T09:53:12.045+0000] {processor.py:183} INFO - Processing /opt/airflow/dags/sensor.py took 0.061 seconds
[2024-06-08T09:53:42.378+0000] {processor.py:161} INFO - Started process (PID=393) to work on /opt/airflow/dags/sensor.py
[2024-06-08T09:53:42.379+0000] {processor.py:830} INFO - Processing file /opt/airflow/dags/sensor.py for tasks to queue
[2024-06-08T09:53:42.380+0000] {logging_mixin.py:188} INFO - [2024-06-08T09:53:42.380+0000] {dagbag.py:540} INFO - Filling up the DagBag from /opt/airflow/dags/sensor.py
[2024-06-08T09:53:42.390+0000] {processor.py:840} INFO - DAG(s) 'sensor' retrieved from /opt/airflow/dags/sensor.py
[2024-06-08T09:53:42.413+0000] {logging_mixin.py:188} INFO - [2024-06-08T09:53:42.413+0000] {dag.py:3047} INFO - Sync 1 DAGs
[2024-06-08T09:53:42.435+0000] {logging_mixin.py:188} INFO - [2024-06-08T09:53:42.435+0000] {dag.py:3834} INFO - Setting next_dagrun for sensor to None, run_after=None
[2024-06-08T09:53:42.451+0000] {processor.py:183} INFO - Processing /opt/airflow/dags/sensor.py took 0.074 seconds
[2024-06-08T09:54:12.691+0000] {processor.py:161} INFO - Started process (PID=415) to work on /opt/airflow/dags/sensor.py
[2024-06-08T09:54:12.692+0000] {processor.py:830} INFO - Processing file /opt/airflow/dags/sensor.py for tasks to queue
[2024-06-08T09:54:12.693+0000] {logging_mixin.py:188} INFO - [2024-06-08T09:54:12.693+0000] {dagbag.py:540} INFO - Filling up the DagBag from /opt/airflow/dags/sensor.py
[2024-06-08T09:54:12.706+0000] {processor.py:840} INFO - DAG(s) 'sensor' retrieved from /opt/airflow/dags/sensor.py
[2024-06-08T09:54:12.729+0000] {logging_mixin.py:188} INFO - [2024-06-08T09:54:12.729+0000] {dag.py:3047} INFO - Sync 1 DAGs
[2024-06-08T09:54:12.745+0000] {logging_mixin.py:188} INFO - [2024-06-08T09:54:12.744+0000] {dag.py:3834} INFO - Setting next_dagrun for sensor to None, run_after=None
[2024-06-08T09:54:12.760+0000] {processor.py:183} INFO - Processing /opt/airflow/dags/sensor.py took 0.071 seconds
[2024-06-08T09:54:43.533+0000] {processor.py:161} INFO - Started process (PID=437) to work on /opt/airflow/dags/sensor.py
[2024-06-08T09:54:43.534+0000] {processor.py:830} INFO - Processing file /opt/airflow/dags/sensor.py for tasks to queue
[2024-06-08T09:54:43.536+0000] {logging_mixin.py:188} INFO - [2024-06-08T09:54:43.535+0000] {dagbag.py:540} INFO - Filling up the DagBag from /opt/airflow/dags/sensor.py
[2024-06-08T09:54:43.545+0000] {processor.py:840} INFO - DAG(s) 'sensor' retrieved from /opt/airflow/dags/sensor.py
[2024-06-08T09:54:43.570+0000] {logging_mixin.py:188} INFO - [2024-06-08T09:54:43.569+0000] {dag.py:3047} INFO - Sync 1 DAGs
[2024-06-08T09:54:43.587+0000] {logging_mixin.py:188} INFO - [2024-06-08T09:54:43.587+0000] {dag.py:3834} INFO - Setting next_dagrun for sensor to None, run_after=None
[2024-06-08T09:54:43.604+0000] {processor.py:183} INFO - Processing /opt/airflow/dags/sensor.py took 0.073 seconds
[2024-06-08T09:55:13.819+0000] {processor.py:161} INFO - Started process (PID=460) to work on /opt/airflow/dags/sensor.py
[2024-06-08T09:55:13.820+0000] {processor.py:830} INFO - Processing file /opt/airflow/dags/sensor.py for tasks to queue
[2024-06-08T09:55:13.821+0000] {logging_mixin.py:188} INFO - [2024-06-08T09:55:13.821+0000] {dagbag.py:540} INFO - Filling up the DagBag from /opt/airflow/dags/sensor.py
[2024-06-08T09:55:13.830+0000] {processor.py:840} INFO - DAG(s) 'sensor' retrieved from /opt/airflow/dags/sensor.py
[2024-06-08T09:55:13.855+0000] {logging_mixin.py:188} INFO - [2024-06-08T09:55:13.855+0000] {dag.py:3047} INFO - Sync 1 DAGs
[2024-06-08T09:55:13.872+0000] {logging_mixin.py:188} INFO - [2024-06-08T09:55:13.872+0000] {dag.py:3834} INFO - Setting next_dagrun for sensor to None, run_after=None
[2024-06-08T09:55:13.886+0000] {processor.py:183} INFO - Processing /opt/airflow/dags/sensor.py took 0.069 seconds
[2024-06-08T09:55:44.178+0000] {processor.py:161} INFO - Started process (PID=486) to work on /opt/airflow/dags/sensor.py
[2024-06-08T09:55:44.179+0000] {processor.py:830} INFO - Processing file /opt/airflow/dags/sensor.py for tasks to queue
[2024-06-08T09:55:44.180+0000] {logging_mixin.py:188} INFO - [2024-06-08T09:55:44.180+0000] {dagbag.py:540} INFO - Filling up the DagBag from /opt/airflow/dags/sensor.py
[2024-06-08T09:55:44.189+0000] {processor.py:840} INFO - DAG(s) 'sensor' retrieved from /opt/airflow/dags/sensor.py
[2024-06-08T09:55:44.214+0000] {logging_mixin.py:188} INFO - [2024-06-08T09:55:44.214+0000] {dag.py:3047} INFO - Sync 1 DAGs
[2024-06-08T09:55:44.230+0000] {logging_mixin.py:188} INFO - [2024-06-08T09:55:44.230+0000] {dag.py:3834} INFO - Setting next_dagrun for sensor to None, run_after=None
[2024-06-08T09:55:44.250+0000] {processor.py:183} INFO - Processing /opt/airflow/dags/sensor.py took 0.074 seconds
[2024-06-08T09:56:14.424+0000] {processor.py:161} INFO - Started process (PID=508) to work on /opt/airflow/dags/sensor.py
[2024-06-08T09:56:14.425+0000] {processor.py:830} INFO - Processing file /opt/airflow/dags/sensor.py for tasks to queue
[2024-06-08T09:56:14.426+0000] {logging_mixin.py:188} INFO - [2024-06-08T09:56:14.426+0000] {dagbag.py:540} INFO - Filling up the DagBag from /opt/airflow/dags/sensor.py
[2024-06-08T09:56:14.435+0000] {processor.py:840} INFO - DAG(s) 'sensor' retrieved from /opt/airflow/dags/sensor.py
[2024-06-08T09:56:14.455+0000] {logging_mixin.py:188} INFO - [2024-06-08T09:56:14.454+0000] {dag.py:3047} INFO - Sync 1 DAGs
[2024-06-08T09:56:14.471+0000] {logging_mixin.py:188} INFO - [2024-06-08T09:56:14.470+0000] {dag.py:3834} INFO - Setting next_dagrun for sensor to None, run_after=None
[2024-06-08T09:56:14.489+0000] {processor.py:183} INFO - Processing /opt/airflow/dags/sensor.py took 0.066 seconds
[2024-06-08T09:56:44.952+0000] {processor.py:161} INFO - Started process (PID=530) to work on /opt/airflow/dags/sensor.py
[2024-06-08T09:56:44.952+0000] {processor.py:830} INFO - Processing file /opt/airflow/dags/sensor.py for tasks to queue
[2024-06-08T09:56:44.954+0000] {logging_mixin.py:188} INFO - [2024-06-08T09:56:44.954+0000] {dagbag.py:540} INFO - Filling up the DagBag from /opt/airflow/dags/sensor.py
[2024-06-08T09:56:44.964+0000] {processor.py:840} INFO - DAG(s) 'sensor' retrieved from /opt/airflow/dags/sensor.py
[2024-06-08T09:56:44.984+0000] {logging_mixin.py:188} INFO - [2024-06-08T09:56:44.984+0000] {dag.py:3047} INFO - Sync 1 DAGs
[2024-06-08T09:56:44.998+0000] {logging_mixin.py:188} INFO - [2024-06-08T09:56:44.998+0000] {dag.py:3834} INFO - Setting next_dagrun for sensor to None, run_after=None
[2024-06-08T09:56:45.011+0000] {processor.py:183} INFO - Processing /opt/airflow/dags/sensor.py took 0.061 seconds
[2024-06-08T09:57:15.218+0000] {processor.py:161} INFO - Started process (PID=552) to work on /opt/airflow/dags/sensor.py
[2024-06-08T09:57:15.218+0000] {processor.py:830} INFO - Processing file /opt/airflow/dags/sensor.py for tasks to queue
[2024-06-08T09:57:15.219+0000] {logging_mixin.py:188} INFO - [2024-06-08T09:57:15.219+0000] {dagbag.py:540} INFO - Filling up the DagBag from /opt/airflow/dags/sensor.py
[2024-06-08T09:57:15.227+0000] {processor.py:840} INFO - DAG(s) 'sensor' retrieved from /opt/airflow/dags/sensor.py
[2024-06-08T09:57:15.247+0000] {logging_mixin.py:188} INFO - [2024-06-08T09:57:15.247+0000] {dag.py:3047} INFO - Sync 1 DAGs
[2024-06-08T09:57:15.262+0000] {logging_mixin.py:188} INFO - [2024-06-08T09:57:15.262+0000] {dag.py:3834} INFO - Setting next_dagrun for sensor to None, run_after=None
[2024-06-08T09:57:15.275+0000] {processor.py:183} INFO - Processing /opt/airflow/dags/sensor.py took 0.059 seconds
[2024-06-08T09:57:45.634+0000] {processor.py:161} INFO - Started process (PID=574) to work on /opt/airflow/dags/sensor.py
[2024-06-08T09:57:45.635+0000] {processor.py:830} INFO - Processing file /opt/airflow/dags/sensor.py for tasks to queue
[2024-06-08T09:57:45.636+0000] {logging_mixin.py:188} INFO - [2024-06-08T09:57:45.636+0000] {dagbag.py:540} INFO - Filling up the DagBag from /opt/airflow/dags/sensor.py
[2024-06-08T09:57:45.646+0000] {processor.py:840} INFO - DAG(s) 'sensor' retrieved from /opt/airflow/dags/sensor.py
[2024-06-08T09:57:45.668+0000] {logging_mixin.py:188} INFO - [2024-06-08T09:57:45.668+0000] {dag.py:3047} INFO - Sync 1 DAGs
[2024-06-08T09:57:45.687+0000] {logging_mixin.py:188} INFO - [2024-06-08T09:57:45.687+0000] {dag.py:3834} INFO - Setting next_dagrun for sensor to None, run_after=None
[2024-06-08T09:57:45.700+0000] {processor.py:183} INFO - Processing /opt/airflow/dags/sensor.py took 0.068 seconds
[2024-06-08T09:58:16.250+0000] {processor.py:161} INFO - Started process (PID=596) to work on /opt/airflow/dags/sensor.py
[2024-06-08T09:58:16.251+0000] {processor.py:830} INFO - Processing file /opt/airflow/dags/sensor.py for tasks to queue
[2024-06-08T09:58:16.252+0000] {logging_mixin.py:188} INFO - [2024-06-08T09:58:16.252+0000] {dagbag.py:540} INFO - Filling up the DagBag from /opt/airflow/dags/sensor.py
[2024-06-08T09:58:16.265+0000] {processor.py:840} INFO - DAG(s) 'sensor' retrieved from /opt/airflow/dags/sensor.py
[2024-06-08T09:58:16.292+0000] {logging_mixin.py:188} INFO - [2024-06-08T09:58:16.292+0000] {dag.py:3047} INFO - Sync 1 DAGs
[2024-06-08T09:58:16.311+0000] {logging_mixin.py:188} INFO - [2024-06-08T09:58:16.311+0000] {dag.py:3834} INFO - Setting next_dagrun for sensor to None, run_after=None
[2024-06-08T09:58:16.326+0000] {processor.py:183} INFO - Processing /opt/airflow/dags/sensor.py took 0.078 seconds
