[2024-06-08T09:45:35.469+0000] {processor.py:161} INFO - Started process (PID=43) to work on /opt/airflow/dags/task_instance.py
[2024-06-08T09:45:35.469+0000] {processor.py:830} INFO - Processing file /opt/airflow/dags/task_instance.py for tasks to queue
[2024-06-08T09:45:35.471+0000] {logging_mixin.py:188} INFO - [2024-06-08T09:45:35.471+0000] {dagbag.py:540} INFO - Filling up the DagBag from /opt/airflow/dags/task_instance.py
[2024-06-08T09:45:35.487+0000] {processor.py:840} INFO - DAG(s) 'task_instance' retrieved from /opt/airflow/dags/task_instance.py
[2024-06-08T09:45:35.576+0000] {logging_mixin.py:188} INFO - [2024-06-08T09:45:35.576+0000] {dag.py:3047} INFO - Sync 1 DAGs
[2024-06-08T09:45:35.596+0000] {logging_mixin.py:188} INFO - [2024-06-08T09:45:35.595+0000] {dag.py:3834} INFO - Setting next_dagrun for task_instance to None, run_after=None
[2024-06-08T09:45:35.618+0000] {processor.py:183} INFO - Processing /opt/airflow/dags/task_instance.py took 0.152 seconds
[2024-06-08T09:46:06.470+0000] {processor.py:161} INFO - Started process (PID=64) to work on /opt/airflow/dags/task_instance.py
[2024-06-08T09:46:06.470+0000] {processor.py:830} INFO - Processing file /opt/airflow/dags/task_instance.py for tasks to queue
[2024-06-08T09:46:06.471+0000] {logging_mixin.py:188} INFO - [2024-06-08T09:46:06.471+0000] {dagbag.py:540} INFO - Filling up the DagBag from /opt/airflow/dags/task_instance.py
[2024-06-08T09:46:06.488+0000] {processor.py:840} INFO - DAG(s) 'task_instance' retrieved from /opt/airflow/dags/task_instance.py
[2024-06-08T09:46:06.513+0000] {logging_mixin.py:188} INFO - [2024-06-08T09:46:06.513+0000] {dag.py:3047} INFO - Sync 1 DAGs
[2024-06-08T09:46:06.531+0000] {logging_mixin.py:188} INFO - [2024-06-08T09:46:06.531+0000] {dag.py:3834} INFO - Setting next_dagrun for task_instance to None, run_after=None
[2024-06-08T09:46:06.547+0000] {processor.py:183} INFO - Processing /opt/airflow/dags/task_instance.py took 0.079 seconds
[2024-06-08T09:46:36.806+0000] {processor.py:161} INFO - Started process (PID=85) to work on /opt/airflow/dags/task_instance.py
[2024-06-08T09:46:36.806+0000] {processor.py:830} INFO - Processing file /opt/airflow/dags/task_instance.py for tasks to queue
[2024-06-08T09:46:36.808+0000] {logging_mixin.py:188} INFO - [2024-06-08T09:46:36.807+0000] {dagbag.py:540} INFO - Filling up the DagBag from /opt/airflow/dags/task_instance.py
[2024-06-08T09:46:36.820+0000] {processor.py:840} INFO - DAG(s) 'task_instance' retrieved from /opt/airflow/dags/task_instance.py
[2024-06-08T09:46:36.845+0000] {logging_mixin.py:188} INFO - [2024-06-08T09:46:36.845+0000] {dag.py:3047} INFO - Sync 1 DAGs
[2024-06-08T09:46:36.864+0000] {logging_mixin.py:188} INFO - [2024-06-08T09:46:36.863+0000] {dag.py:3834} INFO - Setting next_dagrun for task_instance to None, run_after=None
[2024-06-08T09:46:36.878+0000] {processor.py:183} INFO - Processing /opt/airflow/dags/task_instance.py took 0.076 seconds
[2024-06-08T09:47:07.045+0000] {processor.py:161} INFO - Started process (PID=106) to work on /opt/airflow/dags/task_instance.py
[2024-06-08T09:47:07.046+0000] {processor.py:830} INFO - Processing file /opt/airflow/dags/task_instance.py for tasks to queue
[2024-06-08T09:47:07.047+0000] {logging_mixin.py:188} INFO - [2024-06-08T09:47:07.047+0000] {dagbag.py:540} INFO - Filling up the DagBag from /opt/airflow/dags/task_instance.py
[2024-06-08T09:47:07.060+0000] {processor.py:840} INFO - DAG(s) 'task_instance' retrieved from /opt/airflow/dags/task_instance.py
[2024-06-08T09:47:07.083+0000] {logging_mixin.py:188} INFO - [2024-06-08T09:47:07.083+0000] {dag.py:3047} INFO - Sync 1 DAGs
[2024-06-08T09:47:07.099+0000] {logging_mixin.py:188} INFO - [2024-06-08T09:47:07.099+0000] {dag.py:3834} INFO - Setting next_dagrun for task_instance to None, run_after=None
[2024-06-08T09:47:07.113+0000] {processor.py:183} INFO - Processing /opt/airflow/dags/task_instance.py took 0.069 seconds
[2024-06-08T09:47:37.644+0000] {processor.py:161} INFO - Started process (PID=127) to work on /opt/airflow/dags/task_instance.py
[2024-06-08T09:47:37.644+0000] {processor.py:830} INFO - Processing file /opt/airflow/dags/task_instance.py for tasks to queue
[2024-06-08T09:47:37.645+0000] {logging_mixin.py:188} INFO - [2024-06-08T09:47:37.645+0000] {dagbag.py:540} INFO - Filling up the DagBag from /opt/airflow/dags/task_instance.py
[2024-06-08T09:47:37.656+0000] {processor.py:840} INFO - DAG(s) 'task_instance' retrieved from /opt/airflow/dags/task_instance.py
[2024-06-08T09:47:37.675+0000] {logging_mixin.py:188} INFO - [2024-06-08T09:47:37.675+0000] {dag.py:3047} INFO - Sync 1 DAGs
[2024-06-08T09:47:37.689+0000] {logging_mixin.py:188} INFO - [2024-06-08T09:47:37.689+0000] {dag.py:3834} INFO - Setting next_dagrun for task_instance to None, run_after=None
[2024-06-08T09:47:37.701+0000] {processor.py:183} INFO - Processing /opt/airflow/dags/task_instance.py took 0.059 seconds
[2024-06-08T09:48:07.954+0000] {processor.py:161} INFO - Started process (PID=149) to work on /opt/airflow/dags/task_instance.py
[2024-06-08T09:48:07.955+0000] {processor.py:830} INFO - Processing file /opt/airflow/dags/task_instance.py for tasks to queue
[2024-06-08T09:48:07.956+0000] {logging_mixin.py:188} INFO - [2024-06-08T09:48:07.956+0000] {dagbag.py:540} INFO - Filling up the DagBag from /opt/airflow/dags/task_instance.py
[2024-06-08T09:48:07.968+0000] {processor.py:840} INFO - DAG(s) 'task_instance' retrieved from /opt/airflow/dags/task_instance.py
[2024-06-08T09:48:07.991+0000] {logging_mixin.py:188} INFO - [2024-06-08T09:48:07.991+0000] {dag.py:3047} INFO - Sync 1 DAGs
[2024-06-08T09:48:08.008+0000] {logging_mixin.py:188} INFO - [2024-06-08T09:48:08.008+0000] {dag.py:3834} INFO - Setting next_dagrun for task_instance to None, run_after=None
[2024-06-08T09:48:08.022+0000] {processor.py:183} INFO - Processing /opt/airflow/dags/task_instance.py took 0.070 seconds
[2024-06-08T09:48:38.314+0000] {processor.py:161} INFO - Started process (PID=170) to work on /opt/airflow/dags/task_instance.py
[2024-06-08T09:48:38.315+0000] {processor.py:830} INFO - Processing file /opt/airflow/dags/task_instance.py for tasks to queue
[2024-06-08T09:48:38.316+0000] {logging_mixin.py:188} INFO - [2024-06-08T09:48:38.316+0000] {dagbag.py:540} INFO - Filling up the DagBag from /opt/airflow/dags/task_instance.py
[2024-06-08T09:48:38.327+0000] {processor.py:840} INFO - DAG(s) 'task_instance' retrieved from /opt/airflow/dags/task_instance.py
[2024-06-08T09:48:38.350+0000] {logging_mixin.py:188} INFO - [2024-06-08T09:48:38.350+0000] {dag.py:3047} INFO - Sync 1 DAGs
[2024-06-08T09:48:38.368+0000] {logging_mixin.py:188} INFO - [2024-06-08T09:48:38.368+0000] {dag.py:3834} INFO - Setting next_dagrun for task_instance to None, run_after=None
[2024-06-08T09:48:38.382+0000] {processor.py:183} INFO - Processing /opt/airflow/dags/task_instance.py took 0.070 seconds
[2024-06-08T09:49:08.712+0000] {processor.py:161} INFO - Started process (PID=191) to work on /opt/airflow/dags/task_instance.py
[2024-06-08T09:49:08.713+0000] {processor.py:830} INFO - Processing file /opt/airflow/dags/task_instance.py for tasks to queue
[2024-06-08T09:49:08.714+0000] {logging_mixin.py:188} INFO - [2024-06-08T09:49:08.714+0000] {dagbag.py:540} INFO - Filling up the DagBag from /opt/airflow/dags/task_instance.py
[2024-06-08T09:49:08.725+0000] {processor.py:840} INFO - DAG(s) 'task_instance' retrieved from /opt/airflow/dags/task_instance.py
[2024-06-08T09:49:08.743+0000] {logging_mixin.py:188} INFO - [2024-06-08T09:49:08.743+0000] {dag.py:3047} INFO - Sync 1 DAGs
[2024-06-08T09:49:08.760+0000] {logging_mixin.py:188} INFO - [2024-06-08T09:49:08.760+0000] {dag.py:3834} INFO - Setting next_dagrun for task_instance to None, run_after=None
[2024-06-08T09:49:08.784+0000] {processor.py:183} INFO - Processing /opt/airflow/dags/task_instance.py took 0.073 seconds
[2024-06-08T09:49:38.875+0000] {processor.py:161} INFO - Started process (PID=212) to work on /opt/airflow/dags/task_instance.py
[2024-06-08T09:49:38.875+0000] {processor.py:830} INFO - Processing file /opt/airflow/dags/task_instance.py for tasks to queue
[2024-06-08T09:49:38.876+0000] {logging_mixin.py:188} INFO - [2024-06-08T09:49:38.876+0000] {dagbag.py:540} INFO - Filling up the DagBag from /opt/airflow/dags/task_instance.py
[2024-06-08T09:49:38.886+0000] {processor.py:840} INFO - DAG(s) 'task_instance' retrieved from /opt/airflow/dags/task_instance.py
[2024-06-08T09:49:38.907+0000] {logging_mixin.py:188} INFO - [2024-06-08T09:49:38.907+0000] {dag.py:3047} INFO - Sync 1 DAGs
[2024-06-08T09:49:38.923+0000] {logging_mixin.py:188} INFO - [2024-06-08T09:49:38.923+0000] {dag.py:3834} INFO - Setting next_dagrun for task_instance to None, run_after=None
[2024-06-08T09:49:38.950+0000] {processor.py:183} INFO - Processing /opt/airflow/dags/task_instance.py took 0.077 seconds
[2024-06-08T09:50:09.134+0000] {processor.py:161} INFO - Started process (PID=233) to work on /opt/airflow/dags/task_instance.py
[2024-06-08T09:50:09.135+0000] {processor.py:830} INFO - Processing file /opt/airflow/dags/task_instance.py for tasks to queue
[2024-06-08T09:50:09.136+0000] {logging_mixin.py:188} INFO - [2024-06-08T09:50:09.136+0000] {dagbag.py:540} INFO - Filling up the DagBag from /opt/airflow/dags/task_instance.py
[2024-06-08T09:50:09.146+0000] {processor.py:840} INFO - DAG(s) 'task_instance' retrieved from /opt/airflow/dags/task_instance.py
[2024-06-08T09:50:09.168+0000] {logging_mixin.py:188} INFO - [2024-06-08T09:50:09.168+0000] {dag.py:3047} INFO - Sync 1 DAGs
[2024-06-08T09:50:09.185+0000] {logging_mixin.py:188} INFO - [2024-06-08T09:50:09.185+0000] {dag.py:3834} INFO - Setting next_dagrun for task_instance to None, run_after=None
[2024-06-08T09:50:09.207+0000] {processor.py:183} INFO - Processing /opt/airflow/dags/task_instance.py took 0.074 seconds
[2024-06-08T09:50:39.872+0000] {processor.py:161} INFO - Started process (PID=255) to work on /opt/airflow/dags/task_instance.py
[2024-06-08T09:50:39.873+0000] {processor.py:830} INFO - Processing file /opt/airflow/dags/task_instance.py for tasks to queue
[2024-06-08T09:50:39.874+0000] {logging_mixin.py:188} INFO - [2024-06-08T09:50:39.874+0000] {dagbag.py:540} INFO - Filling up the DagBag from /opt/airflow/dags/task_instance.py
[2024-06-08T09:50:39.887+0000] {processor.py:840} INFO - DAG(s) 'task_instance' retrieved from /opt/airflow/dags/task_instance.py
[2024-06-08T09:50:39.906+0000] {logging_mixin.py:188} INFO - [2024-06-08T09:50:39.906+0000] {dag.py:3047} INFO - Sync 1 DAGs
[2024-06-08T09:50:39.921+0000] {logging_mixin.py:188} INFO - [2024-06-08T09:50:39.921+0000] {dag.py:3834} INFO - Setting next_dagrun for task_instance to None, run_after=None
[2024-06-08T09:50:39.934+0000] {processor.py:183} INFO - Processing /opt/airflow/dags/task_instance.py took 0.064 seconds
[2024-06-08T09:51:10.249+0000] {processor.py:161} INFO - Started process (PID=277) to work on /opt/airflow/dags/task_instance.py
[2024-06-08T09:51:10.249+0000] {processor.py:830} INFO - Processing file /opt/airflow/dags/task_instance.py for tasks to queue
[2024-06-08T09:51:10.250+0000] {logging_mixin.py:188} INFO - [2024-06-08T09:51:10.250+0000] {dagbag.py:540} INFO - Filling up the DagBag from /opt/airflow/dags/task_instance.py
[2024-06-08T09:51:10.262+0000] {processor.py:840} INFO - DAG(s) 'task_instance' retrieved from /opt/airflow/dags/task_instance.py
[2024-06-08T09:51:10.283+0000] {logging_mixin.py:188} INFO - [2024-06-08T09:51:10.283+0000] {dag.py:3047} INFO - Sync 1 DAGs
[2024-06-08T09:51:10.301+0000] {logging_mixin.py:188} INFO - [2024-06-08T09:51:10.301+0000] {dag.py:3834} INFO - Setting next_dagrun for task_instance to None, run_after=None
[2024-06-08T09:51:10.318+0000] {processor.py:183} INFO - Processing /opt/airflow/dags/task_instance.py took 0.072 seconds
[2024-06-08T09:51:40.692+0000] {processor.py:161} INFO - Started process (PID=299) to work on /opt/airflow/dags/task_instance.py
[2024-06-08T09:51:40.692+0000] {processor.py:830} INFO - Processing file /opt/airflow/dags/task_instance.py for tasks to queue
[2024-06-08T09:51:40.694+0000] {logging_mixin.py:188} INFO - [2024-06-08T09:51:40.693+0000] {dagbag.py:540} INFO - Filling up the DagBag from /opt/airflow/dags/task_instance.py
[2024-06-08T09:51:40.707+0000] {processor.py:840} INFO - DAG(s) 'task_instance' retrieved from /opt/airflow/dags/task_instance.py
[2024-06-08T09:51:40.728+0000] {logging_mixin.py:188} INFO - [2024-06-08T09:51:40.727+0000] {dag.py:3047} INFO - Sync 1 DAGs
[2024-06-08T09:51:40.746+0000] {logging_mixin.py:188} INFO - [2024-06-08T09:51:40.745+0000] {dag.py:3834} INFO - Setting next_dagrun for task_instance to None, run_after=None
[2024-06-08T09:51:40.765+0000] {processor.py:183} INFO - Processing /opt/airflow/dags/task_instance.py took 0.075 seconds
[2024-06-08T09:52:11.023+0000] {processor.py:161} INFO - Started process (PID=321) to work on /opt/airflow/dags/task_instance.py
[2024-06-08T09:52:11.023+0000] {processor.py:830} INFO - Processing file /opt/airflow/dags/task_instance.py for tasks to queue
[2024-06-08T09:52:11.025+0000] {logging_mixin.py:188} INFO - [2024-06-08T09:52:11.024+0000] {dagbag.py:540} INFO - Filling up the DagBag from /opt/airflow/dags/task_instance.py
[2024-06-08T09:52:11.038+0000] {processor.py:840} INFO - DAG(s) 'task_instance' retrieved from /opt/airflow/dags/task_instance.py
[2024-06-08T09:52:11.059+0000] {logging_mixin.py:188} INFO - [2024-06-08T09:52:11.059+0000] {dag.py:3047} INFO - Sync 1 DAGs
[2024-06-08T09:52:11.074+0000] {logging_mixin.py:188} INFO - [2024-06-08T09:52:11.074+0000] {dag.py:3834} INFO - Setting next_dagrun for task_instance to None, run_after=None
[2024-06-08T09:52:11.087+0000] {processor.py:183} INFO - Processing /opt/airflow/dags/task_instance.py took 0.066 seconds
[2024-06-08T09:52:41.326+0000] {processor.py:161} INFO - Started process (PID=343) to work on /opt/airflow/dags/task_instance.py
[2024-06-08T09:52:41.327+0000] {processor.py:830} INFO - Processing file /opt/airflow/dags/task_instance.py for tasks to queue
[2024-06-08T09:52:41.328+0000] {logging_mixin.py:188} INFO - [2024-06-08T09:52:41.328+0000] {dagbag.py:540} INFO - Filling up the DagBag from /opt/airflow/dags/task_instance.py
[2024-06-08T09:52:41.356+0000] {processor.py:840} INFO - DAG(s) 'task_instance' retrieved from /opt/airflow/dags/task_instance.py
[2024-06-08T09:52:41.379+0000] {logging_mixin.py:188} INFO - [2024-06-08T09:52:41.379+0000] {dag.py:3047} INFO - Sync 1 DAGs
[2024-06-08T09:52:41.397+0000] {logging_mixin.py:188} INFO - [2024-06-08T09:52:41.397+0000] {dag.py:3834} INFO - Setting next_dagrun for task_instance to None, run_after=None
[2024-06-08T09:52:41.410+0000] {processor.py:183} INFO - Processing /opt/airflow/dags/task_instance.py took 0.085 seconds
[2024-06-08T09:53:11.689+0000] {processor.py:161} INFO - Started process (PID=365) to work on /opt/airflow/dags/task_instance.py
[2024-06-08T09:53:11.690+0000] {processor.py:830} INFO - Processing file /opt/airflow/dags/task_instance.py for tasks to queue
[2024-06-08T09:53:11.691+0000] {logging_mixin.py:188} INFO - [2024-06-08T09:53:11.691+0000] {dagbag.py:540} INFO - Filling up the DagBag from /opt/airflow/dags/task_instance.py
[2024-06-08T09:53:11.707+0000] {processor.py:840} INFO - DAG(s) 'task_instance' retrieved from /opt/airflow/dags/task_instance.py
[2024-06-08T09:53:11.737+0000] {logging_mixin.py:188} INFO - [2024-06-08T09:53:11.736+0000] {dag.py:3047} INFO - Sync 1 DAGs
[2024-06-08T09:53:11.752+0000] {logging_mixin.py:188} INFO - [2024-06-08T09:53:11.752+0000] {dag.py:3834} INFO - Setting next_dagrun for task_instance to None, run_after=None
[2024-06-08T09:53:11.766+0000] {processor.py:183} INFO - Processing /opt/airflow/dags/task_instance.py took 0.079 seconds
[2024-06-08T09:53:42.164+0000] {processor.py:161} INFO - Started process (PID=388) to work on /opt/airflow/dags/task_instance.py
[2024-06-08T09:53:42.165+0000] {processor.py:830} INFO - Processing file /opt/airflow/dags/task_instance.py for tasks to queue
[2024-06-08T09:53:42.166+0000] {logging_mixin.py:188} INFO - [2024-06-08T09:53:42.166+0000] {dagbag.py:540} INFO - Filling up the DagBag from /opt/airflow/dags/task_instance.py
[2024-06-08T09:53:42.181+0000] {processor.py:840} INFO - DAG(s) 'task_instance' retrieved from /opt/airflow/dags/task_instance.py
[2024-06-08T09:53:42.204+0000] {logging_mixin.py:188} INFO - [2024-06-08T09:53:42.204+0000] {dag.py:3047} INFO - Sync 1 DAGs
[2024-06-08T09:53:42.221+0000] {logging_mixin.py:188} INFO - [2024-06-08T09:53:42.221+0000] {dag.py:3834} INFO - Setting next_dagrun for task_instance to None, run_after=None
[2024-06-08T09:53:42.237+0000] {processor.py:183} INFO - Processing /opt/airflow/dags/task_instance.py took 0.075 seconds
[2024-06-08T09:54:12.442+0000] {processor.py:161} INFO - Started process (PID=410) to work on /opt/airflow/dags/task_instance.py
[2024-06-08T09:54:12.443+0000] {processor.py:830} INFO - Processing file /opt/airflow/dags/task_instance.py for tasks to queue
[2024-06-08T09:54:12.444+0000] {logging_mixin.py:188} INFO - [2024-06-08T09:54:12.444+0000] {dagbag.py:540} INFO - Filling up the DagBag from /opt/airflow/dags/task_instance.py
[2024-06-08T09:54:12.462+0000] {processor.py:840} INFO - DAG(s) 'task_instance' retrieved from /opt/airflow/dags/task_instance.py
[2024-06-08T09:54:12.483+0000] {logging_mixin.py:188} INFO - [2024-06-08T09:54:12.483+0000] {dag.py:3047} INFO - Sync 1 DAGs
[2024-06-08T09:54:12.499+0000] {logging_mixin.py:188} INFO - [2024-06-08T09:54:12.499+0000] {dag.py:3834} INFO - Setting next_dagrun for task_instance to None, run_after=None
[2024-06-08T09:54:12.513+0000] {processor.py:183} INFO - Processing /opt/airflow/dags/task_instance.py took 0.072 seconds
[2024-06-08T09:54:43.296+0000] {processor.py:161} INFO - Started process (PID=432) to work on /opt/airflow/dags/task_instance.py
[2024-06-08T09:54:43.297+0000] {processor.py:830} INFO - Processing file /opt/airflow/dags/task_instance.py for tasks to queue
[2024-06-08T09:54:43.299+0000] {logging_mixin.py:188} INFO - [2024-06-08T09:54:43.298+0000] {dagbag.py:540} INFO - Filling up the DagBag from /opt/airflow/dags/task_instance.py
[2024-06-08T09:54:43.317+0000] {processor.py:840} INFO - DAG(s) 'task_instance' retrieved from /opt/airflow/dags/task_instance.py
[2024-06-08T09:54:43.347+0000] {logging_mixin.py:188} INFO - [2024-06-08T09:54:43.347+0000] {dag.py:3047} INFO - Sync 1 DAGs
[2024-06-08T09:54:43.367+0000] {logging_mixin.py:188} INFO - [2024-06-08T09:54:43.367+0000] {dag.py:3834} INFO - Setting next_dagrun for task_instance to None, run_after=None
[2024-06-08T09:54:43.385+0000] {processor.py:183} INFO - Processing /opt/airflow/dags/task_instance.py took 0.091 seconds
[2024-06-08T09:55:13.614+0000] {processor.py:161} INFO - Started process (PID=455) to work on /opt/airflow/dags/task_instance.py
[2024-06-08T09:55:13.615+0000] {processor.py:830} INFO - Processing file /opt/airflow/dags/task_instance.py for tasks to queue
[2024-06-08T09:55:13.616+0000] {logging_mixin.py:188} INFO - [2024-06-08T09:55:13.615+0000] {dagbag.py:540} INFO - Filling up the DagBag from /opt/airflow/dags/task_instance.py
[2024-06-08T09:55:13.628+0000] {processor.py:840} INFO - DAG(s) 'task_instance' retrieved from /opt/airflow/dags/task_instance.py
[2024-06-08T09:55:13.651+0000] {logging_mixin.py:188} INFO - [2024-06-08T09:55:13.651+0000] {dag.py:3047} INFO - Sync 1 DAGs
[2024-06-08T09:55:13.667+0000] {logging_mixin.py:188} INFO - [2024-06-08T09:55:13.667+0000] {dag.py:3834} INFO - Setting next_dagrun for task_instance to None, run_after=None
[2024-06-08T09:55:13.687+0000] {processor.py:183} INFO - Processing /opt/airflow/dags/task_instance.py took 0.075 seconds
[2024-06-08T09:55:43.879+0000] {processor.py:161} INFO - Started process (PID=481) to work on /opt/airflow/dags/task_instance.py
[2024-06-08T09:55:43.880+0000] {processor.py:830} INFO - Processing file /opt/airflow/dags/task_instance.py for tasks to queue
[2024-06-08T09:55:43.881+0000] {logging_mixin.py:188} INFO - [2024-06-08T09:55:43.881+0000] {dagbag.py:540} INFO - Filling up the DagBag from /opt/airflow/dags/task_instance.py
[2024-06-08T09:55:43.895+0000] {processor.py:840} INFO - DAG(s) 'task_instance' retrieved from /opt/airflow/dags/task_instance.py
[2024-06-08T09:55:43.920+0000] {logging_mixin.py:188} INFO - [2024-06-08T09:55:43.920+0000] {dag.py:3047} INFO - Sync 1 DAGs
[2024-06-08T09:55:43.936+0000] {logging_mixin.py:188} INFO - [2024-06-08T09:55:43.936+0000] {dag.py:3834} INFO - Setting next_dagrun for task_instance to None, run_after=None
[2024-06-08T09:55:43.948+0000] {processor.py:183} INFO - Processing /opt/airflow/dags/task_instance.py took 0.071 seconds
[2024-06-08T09:56:14.231+0000] {processor.py:161} INFO - Started process (PID=503) to work on /opt/airflow/dags/task_instance.py
[2024-06-08T09:56:14.232+0000] {processor.py:830} INFO - Processing file /opt/airflow/dags/task_instance.py for tasks to queue
[2024-06-08T09:56:14.234+0000] {logging_mixin.py:188} INFO - [2024-06-08T09:56:14.234+0000] {dagbag.py:540} INFO - Filling up the DagBag from /opt/airflow/dags/task_instance.py
[2024-06-08T09:56:14.246+0000] {processor.py:840} INFO - DAG(s) 'task_instance' retrieved from /opt/airflow/dags/task_instance.py
[2024-06-08T09:56:14.267+0000] {logging_mixin.py:188} INFO - [2024-06-08T09:56:14.267+0000] {dag.py:3047} INFO - Sync 1 DAGs
[2024-06-08T09:56:14.283+0000] {logging_mixin.py:188} INFO - [2024-06-08T09:56:14.283+0000] {dag.py:3834} INFO - Setting next_dagrun for task_instance to None, run_after=None
[2024-06-08T09:56:14.296+0000] {processor.py:183} INFO - Processing /opt/airflow/dags/task_instance.py took 0.067 seconds
[2024-06-08T09:56:44.706+0000] {processor.py:161} INFO - Started process (PID=525) to work on /opt/airflow/dags/task_instance.py
[2024-06-08T09:56:44.707+0000] {processor.py:830} INFO - Processing file /opt/airflow/dags/task_instance.py for tasks to queue
[2024-06-08T09:56:44.708+0000] {logging_mixin.py:188} INFO - [2024-06-08T09:56:44.708+0000] {dagbag.py:540} INFO - Filling up the DagBag from /opt/airflow/dags/task_instance.py
[2024-06-08T09:56:44.718+0000] {processor.py:840} INFO - DAG(s) 'task_instance' retrieved from /opt/airflow/dags/task_instance.py
[2024-06-08T09:56:44.739+0000] {logging_mixin.py:188} INFO - [2024-06-08T09:56:44.739+0000] {dag.py:3047} INFO - Sync 1 DAGs
[2024-06-08T09:56:44.756+0000] {logging_mixin.py:188} INFO - [2024-06-08T09:56:44.755+0000] {dag.py:3834} INFO - Setting next_dagrun for task_instance to None, run_after=None
[2024-06-08T09:56:44.775+0000] {processor.py:183} INFO - Processing /opt/airflow/dags/task_instance.py took 0.071 seconds
[2024-06-08T09:57:14.943+0000] {processor.py:161} INFO - Started process (PID=547) to work on /opt/airflow/dags/task_instance.py
[2024-06-08T09:57:14.943+0000] {processor.py:830} INFO - Processing file /opt/airflow/dags/task_instance.py for tasks to queue
[2024-06-08T09:57:14.944+0000] {logging_mixin.py:188} INFO - [2024-06-08T09:57:14.944+0000] {dagbag.py:540} INFO - Filling up the DagBag from /opt/airflow/dags/task_instance.py
[2024-06-08T09:57:14.957+0000] {processor.py:840} INFO - DAG(s) 'task_instance' retrieved from /opt/airflow/dags/task_instance.py
[2024-06-08T09:57:14.978+0000] {logging_mixin.py:188} INFO - [2024-06-08T09:57:14.978+0000] {dag.py:3047} INFO - Sync 1 DAGs
[2024-06-08T09:57:14.992+0000] {logging_mixin.py:188} INFO - [2024-06-08T09:57:14.992+0000] {dag.py:3834} INFO - Setting next_dagrun for task_instance to None, run_after=None
[2024-06-08T09:57:15.004+0000] {processor.py:183} INFO - Processing /opt/airflow/dags/task_instance.py took 0.063 seconds
[2024-06-08T09:57:45.403+0000] {processor.py:161} INFO - Started process (PID=569) to work on /opt/airflow/dags/task_instance.py
[2024-06-08T09:57:45.403+0000] {processor.py:830} INFO - Processing file /opt/airflow/dags/task_instance.py for tasks to queue
[2024-06-08T09:57:45.405+0000] {logging_mixin.py:188} INFO - [2024-06-08T09:57:45.405+0000] {dagbag.py:540} INFO - Filling up the DagBag from /opt/airflow/dags/task_instance.py
[2024-06-08T09:57:45.426+0000] {processor.py:840} INFO - DAG(s) 'task_instance' retrieved from /opt/airflow/dags/task_instance.py
[2024-06-08T09:57:45.454+0000] {logging_mixin.py:188} INFO - [2024-06-08T09:57:45.454+0000] {dag.py:3047} INFO - Sync 1 DAGs
[2024-06-08T09:57:45.472+0000] {logging_mixin.py:188} INFO - [2024-06-08T09:57:45.472+0000] {dag.py:3834} INFO - Setting next_dagrun for task_instance to None, run_after=None
[2024-06-08T09:57:45.488+0000] {processor.py:183} INFO - Processing /opt/airflow/dags/task_instance.py took 0.087 seconds
[2024-06-08T09:58:15.977+0000] {processor.py:161} INFO - Started process (PID=591) to work on /opt/airflow/dags/task_instance.py
[2024-06-08T09:58:15.977+0000] {processor.py:830} INFO - Processing file /opt/airflow/dags/task_instance.py for tasks to queue
[2024-06-08T09:58:15.978+0000] {logging_mixin.py:188} INFO - [2024-06-08T09:58:15.978+0000] {dagbag.py:540} INFO - Filling up the DagBag from /opt/airflow/dags/task_instance.py
[2024-06-08T09:58:15.988+0000] {processor.py:840} INFO - DAG(s) 'task_instance' retrieved from /opt/airflow/dags/task_instance.py
[2024-06-08T09:58:16.007+0000] {logging_mixin.py:188} INFO - [2024-06-08T09:58:16.007+0000] {dag.py:3047} INFO - Sync 1 DAGs
[2024-06-08T09:58:16.023+0000] {logging_mixin.py:188} INFO - [2024-06-08T09:58:16.023+0000] {dag.py:3834} INFO - Setting next_dagrun for task_instance to None, run_after=None
[2024-06-08T09:58:16.045+0000] {processor.py:183} INFO - Processing /opt/airflow/dags/task_instance.py took 0.071 seconds
