[2024-06-08T09:50:35.605+0000] {processor.py:161} INFO - Started process (PID=250) to work on /opt/airflow/dags/task_group.py
[2024-06-08T09:50:35.605+0000] {processor.py:830} INFO - Processing file /opt/airflow/dags/task_group.py for tasks to queue
[2024-06-08T09:50:35.606+0000] {logging_mixin.py:188} INFO - [2024-06-08T09:50:35.606+0000] {dagbag.py:540} INFO - Filling up the DagBag from /opt/airflow/dags/task_group.py
[2024-06-08T09:50:35.627+0000] {logging_mixin.py:188} INFO - [2024-06-08T09:50:35.622+0000] {dagbag.py:350} ERROR - Failed to import: /opt/airflow/dags/task_group.py
Traceback (most recent call last):
  File "/home/airflow/.local/lib/python3.11/site-packages/airflow/models/dagbag.py", line 346, in parse
    loader.exec_module(new_module)
  File "<frozen importlib._bootstrap_external>", line 940, in exec_module
  File "<frozen importlib._bootstrap>", line 241, in _call_with_frames_removed
  File "/opt/airflow/dags/task_group.py", line 31, in <module>
    task_1 = DummyOperator(task_id="task_1")
             ^^^^^^^^^^^^^
NameError: name 'DummyOperator' is not defined
[2024-06-08T09:50:35.629+0000] {processor.py:842} WARNING - No viable dags retrieved from /opt/airflow/dags/task_group.py
[2024-06-08T09:50:35.658+0000] {processor.py:183} INFO - Processing /opt/airflow/dags/task_group.py took 0.055 seconds
[2024-06-08T09:51:05.921+0000] {processor.py:161} INFO - Started process (PID=272) to work on /opt/airflow/dags/task_group.py
[2024-06-08T09:51:05.921+0000] {processor.py:830} INFO - Processing file /opt/airflow/dags/task_group.py for tasks to queue
[2024-06-08T09:51:05.922+0000] {logging_mixin.py:188} INFO - [2024-06-08T09:51:05.922+0000] {dagbag.py:540} INFO - Filling up the DagBag from /opt/airflow/dags/task_group.py
[2024-06-08T09:51:05.936+0000] {logging_mixin.py:188} INFO - [2024-06-08T09:51:05.934+0000] {dagbag.py:350} ERROR - Failed to import: /opt/airflow/dags/task_group.py
Traceback (most recent call last):
  File "/home/airflow/.local/lib/python3.11/site-packages/airflow/models/dagbag.py", line 346, in parse
    loader.exec_module(new_module)
  File "<frozen importlib._bootstrap_external>", line 940, in exec_module
  File "<frozen importlib._bootstrap>", line 241, in _call_with_frames_removed
  File "/opt/airflow/dags/task_group.py", line 31, in <module>
    task_1 = DummyOperator(task_id="task_1")
             ^^^^^^^^^^^^^
NameError: name 'DummyOperator' is not defined
[2024-06-08T09:51:05.937+0000] {processor.py:842} WARNING - No viable dags retrieved from /opt/airflow/dags/task_group.py
[2024-06-08T09:51:05.965+0000] {processor.py:183} INFO - Processing /opt/airflow/dags/task_group.py took 0.047 seconds
[2024-06-08T09:51:29.195+0000] {processor.py:161} INFO - Started process (PID=294) to work on /opt/airflow/dags/task_group.py
[2024-06-08T09:51:29.196+0000] {processor.py:830} INFO - Processing file /opt/airflow/dags/task_group.py for tasks to queue
[2024-06-08T09:51:29.197+0000] {logging_mixin.py:188} INFO - [2024-06-08T09:51:29.197+0000] {dagbag.py:540} INFO - Filling up the DagBag from /opt/airflow/dags/task_group.py
[2024-06-08T09:51:29.216+0000] {logging_mixin.py:188} INFO - [2024-06-08T09:51:29.211+0000] {dagbag.py:350} ERROR - Failed to import: /opt/airflow/dags/task_group.py
Traceback (most recent call last):
  File "/home/airflow/.local/lib/python3.11/site-packages/airflow/models/dagbag.py", line 346, in parse
    loader.exec_module(new_module)
  File "<frozen importlib._bootstrap_external>", line 940, in exec_module
  File "<frozen importlib._bootstrap>", line 241, in _call_with_frames_removed
  File "/opt/airflow/dags/task_group.py", line 34, in <module>
    task_1 = DummyOperator(task_id="task_1")
             ^^^^^^^^^^^^^
NameError: name 'DummyOperator' is not defined
[2024-06-08T09:51:29.217+0000] {processor.py:842} WARNING - No viable dags retrieved from /opt/airflow/dags/task_group.py
[2024-06-08T09:51:29.243+0000] {processor.py:183} INFO - Processing /opt/airflow/dags/task_group.py took 0.050 seconds
[2024-06-08T09:51:59.614+0000] {processor.py:161} INFO - Started process (PID=316) to work on /opt/airflow/dags/task_group.py
[2024-06-08T09:51:59.615+0000] {processor.py:830} INFO - Processing file /opt/airflow/dags/task_group.py for tasks to queue
[2024-06-08T09:51:59.616+0000] {logging_mixin.py:188} INFO - [2024-06-08T09:51:59.616+0000] {dagbag.py:540} INFO - Filling up the DagBag from /opt/airflow/dags/task_group.py
[2024-06-08T09:51:59.631+0000] {logging_mixin.py:188} INFO - [2024-06-08T09:51:59.629+0000] {dagbag.py:350} ERROR - Failed to import: /opt/airflow/dags/task_group.py
Traceback (most recent call last):
  File "/home/airflow/.local/lib/python3.11/site-packages/airflow/models/dagbag.py", line 346, in parse
    loader.exec_module(new_module)
  File "<frozen importlib._bootstrap_external>", line 940, in exec_module
  File "<frozen importlib._bootstrap>", line 241, in _call_with_frames_removed
  File "/opt/airflow/dags/task_group.py", line 34, in <module>
    task_1 = DummyOperator(task_id="task_1")
             ^^^^^^^^^^^^^
NameError: name 'DummyOperator' is not defined
[2024-06-08T09:51:59.632+0000] {processor.py:842} WARNING - No viable dags retrieved from /opt/airflow/dags/task_group.py
[2024-06-08T09:51:59.674+0000] {processor.py:183} INFO - Processing /opt/airflow/dags/task_group.py took 0.062 seconds
[2024-06-08T09:52:29.833+0000] {processor.py:161} INFO - Started process (PID=338) to work on /opt/airflow/dags/task_group.py
[2024-06-08T09:52:29.834+0000] {processor.py:830} INFO - Processing file /opt/airflow/dags/task_group.py for tasks to queue
[2024-06-08T09:52:29.836+0000] {logging_mixin.py:188} INFO - [2024-06-08T09:52:29.835+0000] {dagbag.py:540} INFO - Filling up the DagBag from /opt/airflow/dags/task_group.py
[2024-06-08T09:52:29.852+0000] {logging_mixin.py:188} INFO - [2024-06-08T09:52:29.849+0000] {dagbag.py:350} ERROR - Failed to import: /opt/airflow/dags/task_group.py
Traceback (most recent call last):
  File "/home/airflow/.local/lib/python3.11/site-packages/airflow/models/dagbag.py", line 346, in parse
    loader.exec_module(new_module)
  File "<frozen importlib._bootstrap_external>", line 940, in exec_module
  File "<frozen importlib._bootstrap>", line 241, in _call_with_frames_removed
  File "/opt/airflow/dags/task_group.py", line 34, in <module>
    task_1 = DummyOperator(task_id="task_1")
             ^^^^^^^^^^^^^
NameError: name 'DummyOperator' is not defined
[2024-06-08T09:52:29.853+0000] {processor.py:842} WARNING - No viable dags retrieved from /opt/airflow/dags/task_group.py
[2024-06-08T09:52:29.883+0000] {processor.py:183} INFO - Processing /opt/airflow/dags/task_group.py took 0.053 seconds
[2024-06-08T09:53:00.227+0000] {processor.py:161} INFO - Started process (PID=360) to work on /opt/airflow/dags/task_group.py
[2024-06-08T09:53:00.229+0000] {processor.py:830} INFO - Processing file /opt/airflow/dags/task_group.py for tasks to queue
[2024-06-08T09:53:00.231+0000] {logging_mixin.py:188} INFO - [2024-06-08T09:53:00.230+0000] {dagbag.py:540} INFO - Filling up the DagBag from /opt/airflow/dags/task_group.py
[2024-06-08T09:53:00.245+0000] {logging_mixin.py:188} INFO - [2024-06-08T09:53:00.243+0000] {dagbag.py:350} ERROR - Failed to import: /opt/airflow/dags/task_group.py
Traceback (most recent call last):
  File "/home/airflow/.local/lib/python3.11/site-packages/airflow/models/dagbag.py", line 346, in parse
    loader.exec_module(new_module)
  File "<frozen importlib._bootstrap_external>", line 940, in exec_module
  File "<frozen importlib._bootstrap>", line 241, in _call_with_frames_removed
  File "/opt/airflow/dags/task_group.py", line 34, in <module>
    task_1 = DummyOperator(task_id="task_1")
             ^^^^^^^^^^^^^
NameError: name 'DummyOperator' is not defined
[2024-06-08T09:53:00.246+0000] {processor.py:842} WARNING - No viable dags retrieved from /opt/airflow/dags/task_group.py
[2024-06-08T09:53:00.277+0000] {processor.py:183} INFO - Processing /opt/airflow/dags/task_group.py took 0.054 seconds
[2024-06-08T09:53:25.459+0000] {processor.py:161} INFO - Started process (PID=376) to work on /opt/airflow/dags/task_group.py
[2024-06-08T09:53:25.459+0000] {processor.py:830} INFO - Processing file /opt/airflow/dags/task_group.py for tasks to queue
[2024-06-08T09:53:25.461+0000] {logging_mixin.py:188} INFO - [2024-06-08T09:53:25.460+0000] {dagbag.py:540} INFO - Filling up the DagBag from /opt/airflow/dags/task_group.py
[2024-06-08T09:53:25.486+0000] {processor.py:840} INFO - DAG(s) 'task_group' retrieved from /opt/airflow/dags/task_group.py
[2024-06-08T09:53:25.578+0000] {logging_mixin.py:188} INFO - [2024-06-08T09:53:25.577+0000] {override.py:1769} INFO - Created Permission View: can delete on DAG:task_group
[2024-06-08T09:53:25.585+0000] {logging_mixin.py:188} INFO - [2024-06-08T09:53:25.585+0000] {override.py:1769} INFO - Created Permission View: can read on DAG:task_group
[2024-06-08T09:53:25.589+0000] {logging_mixin.py:188} INFO - [2024-06-08T09:53:25.589+0000] {override.py:1769} INFO - Created Permission View: can edit on DAG:task_group
[2024-06-08T09:53:25.589+0000] {logging_mixin.py:188} INFO - [2024-06-08T09:53:25.589+0000] {dag.py:3047} INFO - Sync 1 DAGs
[2024-06-08T09:53:25.596+0000] {logging_mixin.py:188} INFO - [2024-06-08T09:53:25.596+0000] {dag.py:3069} INFO - Creating ORM DAG for task_group
[2024-06-08T09:53:25.597+0000] {logging_mixin.py:188} INFO - [2024-06-08T09:53:25.596+0000] {dag.py:3834} INFO - Setting next_dagrun for task_group to None, run_after=None
[2024-06-08T09:53:25.619+0000] {processor.py:183} INFO - Processing /opt/airflow/dags/task_group.py took 0.162 seconds
[2024-06-08T09:53:40.924+0000] {processor.py:161} INFO - Started process (PID=383) to work on /opt/airflow/dags/task_group.py
[2024-06-08T09:53:40.924+0000] {processor.py:830} INFO - Processing file /opt/airflow/dags/task_group.py for tasks to queue
[2024-06-08T09:53:40.925+0000] {logging_mixin.py:188} INFO - [2024-06-08T09:53:40.925+0000] {dagbag.py:540} INFO - Filling up the DagBag from /opt/airflow/dags/task_group.py
[2024-06-08T09:53:40.951+0000] {processor.py:840} INFO - DAG(s) 'task_group' retrieved from /opt/airflow/dags/task_group.py
[2024-06-08T09:53:40.970+0000] {logging_mixin.py:188} INFO - [2024-06-08T09:53:40.970+0000] {dag.py:3047} INFO - Sync 1 DAGs
[2024-06-08T09:53:40.980+0000] {logging_mixin.py:188} INFO - [2024-06-08T09:53:40.979+0000] {dag.py:3834} INFO - Setting next_dagrun for task_group to None, run_after=None
[2024-06-08T09:53:41.003+0000] {processor.py:183} INFO - Processing /opt/airflow/dags/task_group.py took 0.081 seconds
[2024-06-08T09:54:11.182+0000] {processor.py:161} INFO - Started process (PID=405) to work on /opt/airflow/dags/task_group.py
[2024-06-08T09:54:11.182+0000] {processor.py:830} INFO - Processing file /opt/airflow/dags/task_group.py for tasks to queue
[2024-06-08T09:54:11.183+0000] {logging_mixin.py:188} INFO - [2024-06-08T09:54:11.183+0000] {dagbag.py:540} INFO - Filling up the DagBag from /opt/airflow/dags/task_group.py
[2024-06-08T09:54:11.201+0000] {processor.py:840} INFO - DAG(s) 'task_group' retrieved from /opt/airflow/dags/task_group.py
[2024-06-08T09:54:11.353+0000] {logging_mixin.py:188} INFO - [2024-06-08T09:54:11.353+0000] {dag.py:3047} INFO - Sync 1 DAGs
[2024-06-08T09:54:11.395+0000] {logging_mixin.py:188} INFO - [2024-06-08T09:54:11.395+0000] {dag.py:3834} INFO - Setting next_dagrun for task_group to None, run_after=None
[2024-06-08T09:54:11.448+0000] {processor.py:183} INFO - Processing /opt/airflow/dags/task_group.py took 0.268 seconds
[2024-06-08T09:54:42.023+0000] {processor.py:161} INFO - Started process (PID=427) to work on /opt/airflow/dags/task_group.py
[2024-06-08T09:54:42.024+0000] {processor.py:830} INFO - Processing file /opt/airflow/dags/task_group.py for tasks to queue
[2024-06-08T09:54:42.025+0000] {logging_mixin.py:188} INFO - [2024-06-08T09:54:42.025+0000] {dagbag.py:540} INFO - Filling up the DagBag from /opt/airflow/dags/task_group.py
[2024-06-08T09:54:42.051+0000] {processor.py:840} INFO - DAG(s) 'task_group' retrieved from /opt/airflow/dags/task_group.py
[2024-06-08T09:54:42.095+0000] {logging_mixin.py:188} INFO - [2024-06-08T09:54:42.095+0000] {dag.py:3047} INFO - Sync 1 DAGs
[2024-06-08T09:54:42.109+0000] {logging_mixin.py:188} INFO - [2024-06-08T09:54:42.109+0000] {dag.py:3834} INFO - Setting next_dagrun for task_group to None, run_after=None
[2024-06-08T09:54:42.148+0000] {processor.py:183} INFO - Processing /opt/airflow/dags/task_group.py took 0.127 seconds
[2024-06-08T09:54:59.217+0000] {processor.py:161} INFO - Started process (PID=449) to work on /opt/airflow/dags/task_group.py
[2024-06-08T09:54:59.217+0000] {processor.py:830} INFO - Processing file /opt/airflow/dags/task_group.py for tasks to queue
[2024-06-08T09:54:59.218+0000] {logging_mixin.py:188} INFO - [2024-06-08T09:54:59.218+0000] {dagbag.py:540} INFO - Filling up the DagBag from /opt/airflow/dags/task_group.py
[2024-06-08T09:54:59.241+0000] {processor.py:840} INFO - DAG(s) 'task_group' retrieved from /opt/airflow/dags/task_group.py
[2024-06-08T09:54:59.268+0000] {logging_mixin.py:188} INFO - [2024-06-08T09:54:59.268+0000] {dag.py:3047} INFO - Sync 1 DAGs
[2024-06-08T09:54:59.277+0000] {logging_mixin.py:188} INFO - [2024-06-08T09:54:59.277+0000] {dag.py:3834} INFO - Setting next_dagrun for task_group to None, run_after=None
[2024-06-08T09:54:59.296+0000] {processor.py:183} INFO - Processing /opt/airflow/dags/task_group.py took 0.081 seconds
[2024-06-08T09:55:00.234+0000] {processor.py:161} INFO - Started process (PID=450) to work on /opt/airflow/dags/task_group.py
[2024-06-08T09:55:00.235+0000] {processor.py:830} INFO - Processing file /opt/airflow/dags/task_group.py for tasks to queue
[2024-06-08T09:55:00.236+0000] {logging_mixin.py:188} INFO - [2024-06-08T09:55:00.236+0000] {dagbag.py:540} INFO - Filling up the DagBag from /opt/airflow/dags/task_group.py
[2024-06-08T09:55:00.246+0000] {processor.py:840} INFO - DAG(s) 'task_group' retrieved from /opt/airflow/dags/task_group.py
[2024-06-08T09:55:00.267+0000] {logging_mixin.py:188} INFO - [2024-06-08T09:55:00.267+0000] {dag.py:3047} INFO - Sync 1 DAGs
[2024-06-08T09:55:00.276+0000] {logging_mixin.py:188} INFO - [2024-06-08T09:55:00.276+0000] {dag.py:3834} INFO - Setting next_dagrun for task_group to None, run_after=None
[2024-06-08T09:55:00.294+0000] {processor.py:183} INFO - Processing /opt/airflow/dags/task_group.py took 0.061 seconds
[2024-06-08T09:55:30.325+0000] {processor.py:161} INFO - Started process (PID=476) to work on /opt/airflow/dags/task_group.py
[2024-06-08T09:55:30.326+0000] {processor.py:830} INFO - Processing file /opt/airflow/dags/task_group.py for tasks to queue
[2024-06-08T09:55:30.327+0000] {logging_mixin.py:188} INFO - [2024-06-08T09:55:30.326+0000] {dagbag.py:540} INFO - Filling up the DagBag from /opt/airflow/dags/task_group.py
[2024-06-08T09:55:30.338+0000] {processor.py:840} INFO - DAG(s) 'task_group' retrieved from /opt/airflow/dags/task_group.py
[2024-06-08T09:55:30.359+0000] {logging_mixin.py:188} INFO - [2024-06-08T09:55:30.358+0000] {dag.py:3047} INFO - Sync 1 DAGs
[2024-06-08T09:55:30.367+0000] {logging_mixin.py:188} INFO - [2024-06-08T09:55:30.366+0000] {dag.py:3834} INFO - Setting next_dagrun for task_group to None, run_after=None
[2024-06-08T09:55:30.383+0000] {processor.py:183} INFO - Processing /opt/airflow/dags/task_group.py took 0.060 seconds
[2024-06-08T09:56:00.827+0000] {processor.py:161} INFO - Started process (PID=498) to work on /opt/airflow/dags/task_group.py
[2024-06-08T09:56:00.827+0000] {processor.py:830} INFO - Processing file /opt/airflow/dags/task_group.py for tasks to queue
[2024-06-08T09:56:00.828+0000] {logging_mixin.py:188} INFO - [2024-06-08T09:56:00.828+0000] {dagbag.py:540} INFO - Filling up the DagBag from /opt/airflow/dags/task_group.py
[2024-06-08T09:56:00.841+0000] {processor.py:840} INFO - DAG(s) 'task_group' retrieved from /opt/airflow/dags/task_group.py
[2024-06-08T09:56:00.863+0000] {logging_mixin.py:188} INFO - [2024-06-08T09:56:00.863+0000] {dag.py:3047} INFO - Sync 1 DAGs
[2024-06-08T09:56:00.871+0000] {logging_mixin.py:188} INFO - [2024-06-08T09:56:00.871+0000] {dag.py:3834} INFO - Setting next_dagrun for task_group to None, run_after=None
[2024-06-08T09:56:00.892+0000] {processor.py:183} INFO - Processing /opt/airflow/dags/task_group.py took 0.067 seconds
[2024-06-08T09:56:31.207+0000] {processor.py:161} INFO - Started process (PID=520) to work on /opt/airflow/dags/task_group.py
[2024-06-08T09:56:31.208+0000] {processor.py:830} INFO - Processing file /opt/airflow/dags/task_group.py for tasks to queue
[2024-06-08T09:56:31.209+0000] {logging_mixin.py:188} INFO - [2024-06-08T09:56:31.209+0000] {dagbag.py:540} INFO - Filling up the DagBag from /opt/airflow/dags/task_group.py
[2024-06-08T09:56:31.220+0000] {processor.py:840} INFO - DAG(s) 'task_group' retrieved from /opt/airflow/dags/task_group.py
[2024-06-08T09:56:31.241+0000] {logging_mixin.py:188} INFO - [2024-06-08T09:56:31.241+0000] {dag.py:3047} INFO - Sync 1 DAGs
[2024-06-08T09:56:31.250+0000] {logging_mixin.py:188} INFO - [2024-06-08T09:56:31.250+0000] {dag.py:3834} INFO - Setting next_dagrun for task_group to None, run_after=None
[2024-06-08T09:56:31.270+0000] {processor.py:183} INFO - Processing /opt/airflow/dags/task_group.py took 0.064 seconds
[2024-06-08T09:57:01.520+0000] {processor.py:161} INFO - Started process (PID=542) to work on /opt/airflow/dags/task_group.py
[2024-06-08T09:57:01.521+0000] {processor.py:830} INFO - Processing file /opt/airflow/dags/task_group.py for tasks to queue
[2024-06-08T09:57:01.522+0000] {logging_mixin.py:188} INFO - [2024-06-08T09:57:01.522+0000] {dagbag.py:540} INFO - Filling up the DagBag from /opt/airflow/dags/task_group.py
[2024-06-08T09:57:01.533+0000] {processor.py:840} INFO - DAG(s) 'task_group' retrieved from /opt/airflow/dags/task_group.py
[2024-06-08T09:57:01.552+0000] {logging_mixin.py:188} INFO - [2024-06-08T09:57:01.552+0000] {dag.py:3047} INFO - Sync 1 DAGs
[2024-06-08T09:57:01.571+0000] {logging_mixin.py:188} INFO - [2024-06-08T09:57:01.571+0000] {dag.py:3834} INFO - Setting next_dagrun for task_group to None, run_after=None
[2024-06-08T09:57:01.588+0000] {processor.py:183} INFO - Processing /opt/airflow/dags/task_group.py took 0.069 seconds
[2024-06-08T09:57:31.893+0000] {processor.py:161} INFO - Started process (PID=564) to work on /opt/airflow/dags/task_group.py
[2024-06-08T09:57:31.894+0000] {processor.py:830} INFO - Processing file /opt/airflow/dags/task_group.py for tasks to queue
[2024-06-08T09:57:31.895+0000] {logging_mixin.py:188} INFO - [2024-06-08T09:57:31.895+0000] {dagbag.py:540} INFO - Filling up the DagBag from /opt/airflow/dags/task_group.py
[2024-06-08T09:57:31.910+0000] {processor.py:840} INFO - DAG(s) 'task_group' retrieved from /opt/airflow/dags/task_group.py
[2024-06-08T09:57:31.930+0000] {logging_mixin.py:188} INFO - [2024-06-08T09:57:31.930+0000] {dag.py:3047} INFO - Sync 1 DAGs
[2024-06-08T09:57:31.938+0000] {logging_mixin.py:188} INFO - [2024-06-08T09:57:31.938+0000] {dag.py:3834} INFO - Setting next_dagrun for task_group to None, run_after=None
[2024-06-08T09:57:31.960+0000] {processor.py:183} INFO - Processing /opt/airflow/dags/task_group.py took 0.069 seconds
[2024-06-08T09:58:02.352+0000] {processor.py:161} INFO - Started process (PID=586) to work on /opt/airflow/dags/task_group.py
[2024-06-08T09:58:02.353+0000] {processor.py:830} INFO - Processing file /opt/airflow/dags/task_group.py for tasks to queue
[2024-06-08T09:58:02.354+0000] {logging_mixin.py:188} INFO - [2024-06-08T09:58:02.354+0000] {dagbag.py:540} INFO - Filling up the DagBag from /opt/airflow/dags/task_group.py
[2024-06-08T09:58:02.365+0000] {processor.py:840} INFO - DAG(s) 'task_group' retrieved from /opt/airflow/dags/task_group.py
[2024-06-08T09:58:02.394+0000] {logging_mixin.py:188} INFO - [2024-06-08T09:58:02.394+0000] {dag.py:3047} INFO - Sync 1 DAGs
[2024-06-08T09:58:02.402+0000] {logging_mixin.py:188} INFO - [2024-06-08T09:58:02.402+0000] {dag.py:3834} INFO - Setting next_dagrun for task_group to None, run_after=None
[2024-06-08T09:58:02.426+0000] {processor.py:183} INFO - Processing /opt/airflow/dags/task_group.py took 0.075 seconds
