[2024-06-08T09:45:36.267+0000] {processor.py:161} INFO - Started process (PID=49) to work on /opt/airflow/dags/trigger_dag_run_dag2.py
[2024-06-08T09:45:36.267+0000] {processor.py:830} INFO - Processing file /opt/airflow/dags/trigger_dag_run_dag2.py for tasks to queue
[2024-06-08T09:45:36.269+0000] {logging_mixin.py:188} INFO - [2024-06-08T09:45:36.269+0000] {dagbag.py:540} INFO - Filling up the DagBag from /opt/airflow/dags/trigger_dag_run_dag2.py
[2024-06-08T09:45:36.284+0000] {processor.py:840} INFO - DAG(s) 'trigger_dag_run_dag2' retrieved from /opt/airflow/dags/trigger_dag_run_dag2.py
[2024-06-08T09:45:36.374+0000] {logging_mixin.py:188} INFO - [2024-06-08T09:45:36.374+0000] {dag.py:3047} INFO - Sync 1 DAGs
[2024-06-08T09:45:36.393+0000] {logging_mixin.py:188} INFO - [2024-06-08T09:45:36.392+0000] {dag.py:3834} INFO - Setting next_dagrun for trigger_dag_run_dag2 to None, run_after=None
[2024-06-08T09:45:36.411+0000] {processor.py:183} INFO - Processing /opt/airflow/dags/trigger_dag_run_dag2.py took 0.147 seconds
[2024-06-08T09:46:06.778+0000] {processor.py:161} INFO - Started process (PID=70) to work on /opt/airflow/dags/trigger_dag_run_dag2.py
[2024-06-08T09:46:06.779+0000] {processor.py:830} INFO - Processing file /opt/airflow/dags/trigger_dag_run_dag2.py for tasks to queue
[2024-06-08T09:46:06.781+0000] {logging_mixin.py:188} INFO - [2024-06-08T09:46:06.780+0000] {dagbag.py:540} INFO - Filling up the DagBag from /opt/airflow/dags/trigger_dag_run_dag2.py
[2024-06-08T09:46:06.798+0000] {processor.py:840} INFO - DAG(s) 'trigger_dag_run_dag2' retrieved from /opt/airflow/dags/trigger_dag_run_dag2.py
[2024-06-08T09:46:06.829+0000] {logging_mixin.py:188} INFO - [2024-06-08T09:46:06.829+0000] {dag.py:3047} INFO - Sync 1 DAGs
[2024-06-08T09:46:06.849+0000] {logging_mixin.py:188} INFO - [2024-06-08T09:46:06.849+0000] {dag.py:3834} INFO - Setting next_dagrun for trigger_dag_run_dag2 to None, run_after=None
[2024-06-08T09:46:06.870+0000] {processor.py:183} INFO - Processing /opt/airflow/dags/trigger_dag_run_dag2.py took 0.096 seconds
[2024-06-08T09:46:37.115+0000] {processor.py:161} INFO - Started process (PID=91) to work on /opt/airflow/dags/trigger_dag_run_dag2.py
[2024-06-08T09:46:37.116+0000] {processor.py:830} INFO - Processing file /opt/airflow/dags/trigger_dag_run_dag2.py for tasks to queue
[2024-06-08T09:46:37.117+0000] {logging_mixin.py:188} INFO - [2024-06-08T09:46:37.117+0000] {dagbag.py:540} INFO - Filling up the DagBag from /opt/airflow/dags/trigger_dag_run_dag2.py
[2024-06-08T09:46:37.130+0000] {processor.py:840} INFO - DAG(s) 'trigger_dag_run_dag2' retrieved from /opt/airflow/dags/trigger_dag_run_dag2.py
[2024-06-08T09:46:37.156+0000] {logging_mixin.py:188} INFO - [2024-06-08T09:46:37.156+0000] {dag.py:3047} INFO - Sync 1 DAGs
[2024-06-08T09:46:37.175+0000] {logging_mixin.py:188} INFO - [2024-06-08T09:46:37.175+0000] {dag.py:3834} INFO - Setting next_dagrun for trigger_dag_run_dag2 to None, run_after=None
[2024-06-08T09:46:37.191+0000] {processor.py:183} INFO - Processing /opt/airflow/dags/trigger_dag_run_dag2.py took 0.079 seconds
[2024-06-08T09:47:07.497+0000] {processor.py:161} INFO - Started process (PID=112) to work on /opt/airflow/dags/trigger_dag_run_dag2.py
[2024-06-08T09:47:07.498+0000] {processor.py:830} INFO - Processing file /opt/airflow/dags/trigger_dag_run_dag2.py for tasks to queue
[2024-06-08T09:47:07.500+0000] {logging_mixin.py:188} INFO - [2024-06-08T09:47:07.499+0000] {dagbag.py:540} INFO - Filling up the DagBag from /opt/airflow/dags/trigger_dag_run_dag2.py
[2024-06-08T09:47:07.515+0000] {processor.py:840} INFO - DAG(s) 'trigger_dag_run_dag2' retrieved from /opt/airflow/dags/trigger_dag_run_dag2.py
[2024-06-08T09:47:07.553+0000] {logging_mixin.py:188} INFO - [2024-06-08T09:47:07.553+0000] {dag.py:3047} INFO - Sync 1 DAGs
[2024-06-08T09:47:07.578+0000] {logging_mixin.py:188} INFO - [2024-06-08T09:47:07.578+0000] {dag.py:3834} INFO - Setting next_dagrun for trigger_dag_run_dag2 to None, run_after=None
[2024-06-08T09:47:07.612+0000] {processor.py:183} INFO - Processing /opt/airflow/dags/trigger_dag_run_dag2.py took 0.117 seconds
[2024-06-08T09:47:37.926+0000] {processor.py:161} INFO - Started process (PID=133) to work on /opt/airflow/dags/trigger_dag_run_dag2.py
[2024-06-08T09:47:37.926+0000] {processor.py:830} INFO - Processing file /opt/airflow/dags/trigger_dag_run_dag2.py for tasks to queue
[2024-06-08T09:47:37.927+0000] {logging_mixin.py:188} INFO - [2024-06-08T09:47:37.927+0000] {dagbag.py:540} INFO - Filling up the DagBag from /opt/airflow/dags/trigger_dag_run_dag2.py
[2024-06-08T09:47:37.941+0000] {processor.py:840} INFO - DAG(s) 'trigger_dag_run_dag2' retrieved from /opt/airflow/dags/trigger_dag_run_dag2.py
[2024-06-08T09:47:37.961+0000] {logging_mixin.py:188} INFO - [2024-06-08T09:47:37.961+0000] {dag.py:3047} INFO - Sync 1 DAGs
[2024-06-08T09:47:37.977+0000] {logging_mixin.py:188} INFO - [2024-06-08T09:47:37.977+0000] {dag.py:3834} INFO - Setting next_dagrun for trigger_dag_run_dag2 to None, run_after=None
[2024-06-08T09:47:37.988+0000] {processor.py:183} INFO - Processing /opt/airflow/dags/trigger_dag_run_dag2.py took 0.065 seconds
[2024-06-08T09:48:08.231+0000] {processor.py:161} INFO - Started process (PID=155) to work on /opt/airflow/dags/trigger_dag_run_dag2.py
[2024-06-08T09:48:08.232+0000] {processor.py:830} INFO - Processing file /opt/airflow/dags/trigger_dag_run_dag2.py for tasks to queue
[2024-06-08T09:48:08.233+0000] {logging_mixin.py:188} INFO - [2024-06-08T09:48:08.233+0000] {dagbag.py:540} INFO - Filling up the DagBag from /opt/airflow/dags/trigger_dag_run_dag2.py
[2024-06-08T09:48:08.244+0000] {processor.py:840} INFO - DAG(s) 'trigger_dag_run_dag2' retrieved from /opt/airflow/dags/trigger_dag_run_dag2.py
[2024-06-08T09:48:08.267+0000] {logging_mixin.py:188} INFO - [2024-06-08T09:48:08.267+0000] {dag.py:3047} INFO - Sync 1 DAGs
[2024-06-08T09:48:08.283+0000] {logging_mixin.py:188} INFO - [2024-06-08T09:48:08.283+0000] {dag.py:3834} INFO - Setting next_dagrun for trigger_dag_run_dag2 to None, run_after=None
[2024-06-08T09:48:08.308+0000] {processor.py:183} INFO - Processing /opt/airflow/dags/trigger_dag_run_dag2.py took 0.079 seconds
[2024-06-08T09:48:38.680+0000] {processor.py:161} INFO - Started process (PID=176) to work on /opt/airflow/dags/trigger_dag_run_dag2.py
[2024-06-08T09:48:38.680+0000] {processor.py:830} INFO - Processing file /opt/airflow/dags/trigger_dag_run_dag2.py for tasks to queue
[2024-06-08T09:48:38.682+0000] {logging_mixin.py:188} INFO - [2024-06-08T09:48:38.681+0000] {dagbag.py:540} INFO - Filling up the DagBag from /opt/airflow/dags/trigger_dag_run_dag2.py
[2024-06-08T09:48:38.691+0000] {processor.py:840} INFO - DAG(s) 'trigger_dag_run_dag2' retrieved from /opt/airflow/dags/trigger_dag_run_dag2.py
[2024-06-08T09:48:38.716+0000] {logging_mixin.py:188} INFO - [2024-06-08T09:48:38.716+0000] {dag.py:3047} INFO - Sync 1 DAGs
[2024-06-08T09:48:38.732+0000] {logging_mixin.py:188} INFO - [2024-06-08T09:48:38.732+0000] {dag.py:3834} INFO - Setting next_dagrun for trigger_dag_run_dag2 to None, run_after=None
[2024-06-08T09:48:38.758+0000] {processor.py:183} INFO - Processing /opt/airflow/dags/trigger_dag_run_dag2.py took 0.080 seconds
[2024-06-08T09:49:09.006+0000] {processor.py:161} INFO - Started process (PID=197) to work on /opt/airflow/dags/trigger_dag_run_dag2.py
[2024-06-08T09:49:09.007+0000] {processor.py:830} INFO - Processing file /opt/airflow/dags/trigger_dag_run_dag2.py for tasks to queue
[2024-06-08T09:49:09.008+0000] {logging_mixin.py:188} INFO - [2024-06-08T09:49:09.007+0000] {dagbag.py:540} INFO - Filling up the DagBag from /opt/airflow/dags/trigger_dag_run_dag2.py
[2024-06-08T09:49:09.017+0000] {processor.py:840} INFO - DAG(s) 'trigger_dag_run_dag2' retrieved from /opt/airflow/dags/trigger_dag_run_dag2.py
[2024-06-08T09:49:09.048+0000] {logging_mixin.py:188} INFO - [2024-06-08T09:49:09.048+0000] {dag.py:3047} INFO - Sync 1 DAGs
[2024-06-08T09:49:09.068+0000] {logging_mixin.py:188} INFO - [2024-06-08T09:49:09.068+0000] {dag.py:3834} INFO - Setting next_dagrun for trigger_dag_run_dag2 to None, run_after=None
[2024-06-08T09:49:09.083+0000] {processor.py:183} INFO - Processing /opt/airflow/dags/trigger_dag_run_dag2.py took 0.079 seconds
[2024-06-08T09:49:39.146+0000] {processor.py:161} INFO - Started process (PID=218) to work on /opt/airflow/dags/trigger_dag_run_dag2.py
[2024-06-08T09:49:39.147+0000] {processor.py:830} INFO - Processing file /opt/airflow/dags/trigger_dag_run_dag2.py for tasks to queue
[2024-06-08T09:49:39.148+0000] {logging_mixin.py:188} INFO - [2024-06-08T09:49:39.148+0000] {dagbag.py:540} INFO - Filling up the DagBag from /opt/airflow/dags/trigger_dag_run_dag2.py
[2024-06-08T09:49:39.163+0000] {processor.py:840} INFO - DAG(s) 'trigger_dag_run_dag2' retrieved from /opt/airflow/dags/trigger_dag_run_dag2.py
[2024-06-08T09:49:39.190+0000] {logging_mixin.py:188} INFO - [2024-06-08T09:49:39.190+0000] {dag.py:3047} INFO - Sync 1 DAGs
[2024-06-08T09:49:39.205+0000] {logging_mixin.py:188} INFO - [2024-06-08T09:49:39.205+0000] {dag.py:3834} INFO - Setting next_dagrun for trigger_dag_run_dag2 to None, run_after=None
[2024-06-08T09:49:39.223+0000] {processor.py:183} INFO - Processing /opt/airflow/dags/trigger_dag_run_dag2.py took 0.078 seconds
[2024-06-08T09:50:09.521+0000] {processor.py:161} INFO - Started process (PID=239) to work on /opt/airflow/dags/trigger_dag_run_dag2.py
[2024-06-08T09:50:09.522+0000] {processor.py:830} INFO - Processing file /opt/airflow/dags/trigger_dag_run_dag2.py for tasks to queue
[2024-06-08T09:50:09.523+0000] {logging_mixin.py:188} INFO - [2024-06-08T09:50:09.523+0000] {dagbag.py:540} INFO - Filling up the DagBag from /opt/airflow/dags/trigger_dag_run_dag2.py
[2024-06-08T09:50:09.533+0000] {processor.py:840} INFO - DAG(s) 'trigger_dag_run_dag2' retrieved from /opt/airflow/dags/trigger_dag_run_dag2.py
[2024-06-08T09:50:09.562+0000] {logging_mixin.py:188} INFO - [2024-06-08T09:50:09.562+0000] {dag.py:3047} INFO - Sync 1 DAGs
[2024-06-08T09:50:09.580+0000] {logging_mixin.py:188} INFO - [2024-06-08T09:50:09.580+0000] {dag.py:3834} INFO - Setting next_dagrun for trigger_dag_run_dag2 to None, run_after=None
[2024-06-08T09:50:09.594+0000] {processor.py:183} INFO - Processing /opt/airflow/dags/trigger_dag_run_dag2.py took 0.076 seconds
[2024-06-08T09:50:40.136+0000] {processor.py:161} INFO - Started process (PID=261) to work on /opt/airflow/dags/trigger_dag_run_dag2.py
[2024-06-08T09:50:40.137+0000] {processor.py:830} INFO - Processing file /opt/airflow/dags/trigger_dag_run_dag2.py for tasks to queue
[2024-06-08T09:50:40.139+0000] {logging_mixin.py:188} INFO - [2024-06-08T09:50:40.138+0000] {dagbag.py:540} INFO - Filling up the DagBag from /opt/airflow/dags/trigger_dag_run_dag2.py
[2024-06-08T09:50:40.149+0000] {processor.py:840} INFO - DAG(s) 'trigger_dag_run_dag2' retrieved from /opt/airflow/dags/trigger_dag_run_dag2.py
[2024-06-08T09:50:40.175+0000] {logging_mixin.py:188} INFO - [2024-06-08T09:50:40.175+0000] {dag.py:3047} INFO - Sync 1 DAGs
[2024-06-08T09:50:40.193+0000] {logging_mixin.py:188} INFO - [2024-06-08T09:50:40.192+0000] {dag.py:3834} INFO - Setting next_dagrun for trigger_dag_run_dag2 to None, run_after=None
[2024-06-08T09:50:40.206+0000] {processor.py:183} INFO - Processing /opt/airflow/dags/trigger_dag_run_dag2.py took 0.072 seconds
[2024-06-08T09:51:10.644+0000] {processor.py:161} INFO - Started process (PID=283) to work on /opt/airflow/dags/trigger_dag_run_dag2.py
[2024-06-08T09:51:10.644+0000] {processor.py:830} INFO - Processing file /opt/airflow/dags/trigger_dag_run_dag2.py for tasks to queue
[2024-06-08T09:51:10.646+0000] {logging_mixin.py:188} INFO - [2024-06-08T09:51:10.645+0000] {dagbag.py:540} INFO - Filling up the DagBag from /opt/airflow/dags/trigger_dag_run_dag2.py
[2024-06-08T09:51:10.657+0000] {processor.py:840} INFO - DAG(s) 'trigger_dag_run_dag2' retrieved from /opt/airflow/dags/trigger_dag_run_dag2.py
[2024-06-08T09:51:10.683+0000] {logging_mixin.py:188} INFO - [2024-06-08T09:51:10.682+0000] {dag.py:3047} INFO - Sync 1 DAGs
[2024-06-08T09:51:10.711+0000] {logging_mixin.py:188} INFO - [2024-06-08T09:51:10.711+0000] {dag.py:3834} INFO - Setting next_dagrun for trigger_dag_run_dag2 to None, run_after=None
[2024-06-08T09:51:10.735+0000] {processor.py:183} INFO - Processing /opt/airflow/dags/trigger_dag_run_dag2.py took 0.093 seconds
[2024-06-08T09:51:40.974+0000] {processor.py:161} INFO - Started process (PID=305) to work on /opt/airflow/dags/trigger_dag_run_dag2.py
[2024-06-08T09:51:40.975+0000] {processor.py:830} INFO - Processing file /opt/airflow/dags/trigger_dag_run_dag2.py for tasks to queue
[2024-06-08T09:51:40.977+0000] {logging_mixin.py:188} INFO - [2024-06-08T09:51:40.977+0000] {dagbag.py:540} INFO - Filling up the DagBag from /opt/airflow/dags/trigger_dag_run_dag2.py
[2024-06-08T09:51:40.990+0000] {processor.py:840} INFO - DAG(s) 'trigger_dag_run_dag2' retrieved from /opt/airflow/dags/trigger_dag_run_dag2.py
[2024-06-08T09:51:41.016+0000] {logging_mixin.py:188} INFO - [2024-06-08T09:51:41.016+0000] {dag.py:3047} INFO - Sync 1 DAGs
[2024-06-08T09:51:41.037+0000] {logging_mixin.py:188} INFO - [2024-06-08T09:51:41.037+0000] {dag.py:3834} INFO - Setting next_dagrun for trigger_dag_run_dag2 to None, run_after=None
[2024-06-08T09:51:41.052+0000] {processor.py:183} INFO - Processing /opt/airflow/dags/trigger_dag_run_dag2.py took 0.081 seconds
[2024-06-08T09:52:11.299+0000] {processor.py:161} INFO - Started process (PID=327) to work on /opt/airflow/dags/trigger_dag_run_dag2.py
[2024-06-08T09:52:11.299+0000] {processor.py:830} INFO - Processing file /opt/airflow/dags/trigger_dag_run_dag2.py for tasks to queue
[2024-06-08T09:52:11.301+0000] {logging_mixin.py:188} INFO - [2024-06-08T09:52:11.300+0000] {dagbag.py:540} INFO - Filling up the DagBag from /opt/airflow/dags/trigger_dag_run_dag2.py
[2024-06-08T09:52:11.313+0000] {processor.py:840} INFO - DAG(s) 'trigger_dag_run_dag2' retrieved from /opt/airflow/dags/trigger_dag_run_dag2.py
[2024-06-08T09:52:11.340+0000] {logging_mixin.py:188} INFO - [2024-06-08T09:52:11.340+0000] {dag.py:3047} INFO - Sync 1 DAGs
[2024-06-08T09:52:11.359+0000] {logging_mixin.py:188} INFO - [2024-06-08T09:52:11.359+0000] {dag.py:3834} INFO - Setting next_dagrun for trigger_dag_run_dag2 to None, run_after=None
[2024-06-08T09:52:11.379+0000] {processor.py:183} INFO - Processing /opt/airflow/dags/trigger_dag_run_dag2.py took 0.082 seconds
[2024-06-08T09:52:41.610+0000] {processor.py:161} INFO - Started process (PID=349) to work on /opt/airflow/dags/trigger_dag_run_dag2.py
[2024-06-08T09:52:41.611+0000] {processor.py:830} INFO - Processing file /opt/airflow/dags/trigger_dag_run_dag2.py for tasks to queue
[2024-06-08T09:52:41.613+0000] {logging_mixin.py:188} INFO - [2024-06-08T09:52:41.612+0000] {dagbag.py:540} INFO - Filling up the DagBag from /opt/airflow/dags/trigger_dag_run_dag2.py
[2024-06-08T09:52:41.627+0000] {processor.py:840} INFO - DAG(s) 'trigger_dag_run_dag2' retrieved from /opt/airflow/dags/trigger_dag_run_dag2.py
[2024-06-08T09:52:41.648+0000] {logging_mixin.py:188} INFO - [2024-06-08T09:52:41.648+0000] {dag.py:3047} INFO - Sync 1 DAGs
[2024-06-08T09:52:41.664+0000] {logging_mixin.py:188} INFO - [2024-06-08T09:52:41.664+0000] {dag.py:3834} INFO - Setting next_dagrun for trigger_dag_run_dag2 to None, run_after=None
[2024-06-08T09:52:41.680+0000] {processor.py:183} INFO - Processing /opt/airflow/dags/trigger_dag_run_dag2.py took 0.072 seconds
[2024-06-08T09:53:12.061+0000] {processor.py:161} INFO - Started process (PID=371) to work on /opt/airflow/dags/trigger_dag_run_dag2.py
[2024-06-08T09:53:12.062+0000] {processor.py:830} INFO - Processing file /opt/airflow/dags/trigger_dag_run_dag2.py for tasks to queue
[2024-06-08T09:53:12.063+0000] {logging_mixin.py:188} INFO - [2024-06-08T09:53:12.063+0000] {dagbag.py:540} INFO - Filling up the DagBag from /opt/airflow/dags/trigger_dag_run_dag2.py
[2024-06-08T09:53:12.072+0000] {processor.py:840} INFO - DAG(s) 'trigger_dag_run_dag2' retrieved from /opt/airflow/dags/trigger_dag_run_dag2.py
[2024-06-08T09:53:12.092+0000] {logging_mixin.py:188} INFO - [2024-06-08T09:53:12.092+0000] {dag.py:3047} INFO - Sync 1 DAGs
[2024-06-08T09:53:12.107+0000] {logging_mixin.py:188} INFO - [2024-06-08T09:53:12.107+0000] {dag.py:3834} INFO - Setting next_dagrun for trigger_dag_run_dag2 to None, run_after=None
[2024-06-08T09:53:12.126+0000] {processor.py:183} INFO - Processing /opt/airflow/dags/trigger_dag_run_dag2.py took 0.067 seconds
[2024-06-08T09:53:42.434+0000] {processor.py:161} INFO - Started process (PID=394) to work on /opt/airflow/dags/trigger_dag_run_dag2.py
[2024-06-08T09:53:42.435+0000] {processor.py:830} INFO - Processing file /opt/airflow/dags/trigger_dag_run_dag2.py for tasks to queue
[2024-06-08T09:53:42.437+0000] {logging_mixin.py:188} INFO - [2024-06-08T09:53:42.436+0000] {dagbag.py:540} INFO - Filling up the DagBag from /opt/airflow/dags/trigger_dag_run_dag2.py
[2024-06-08T09:53:42.446+0000] {processor.py:840} INFO - DAG(s) 'trigger_dag_run_dag2' retrieved from /opt/airflow/dags/trigger_dag_run_dag2.py
[2024-06-08T09:53:42.473+0000] {logging_mixin.py:188} INFO - [2024-06-08T09:53:42.473+0000] {dag.py:3047} INFO - Sync 1 DAGs
[2024-06-08T09:53:42.504+0000] {logging_mixin.py:188} INFO - [2024-06-08T09:53:42.504+0000] {dag.py:3834} INFO - Setting next_dagrun for trigger_dag_run_dag2 to None, run_after=None
[2024-06-08T09:53:42.521+0000] {processor.py:183} INFO - Processing /opt/airflow/dags/trigger_dag_run_dag2.py took 0.089 seconds
[2024-06-08T09:54:12.741+0000] {processor.py:161} INFO - Started process (PID=416) to work on /opt/airflow/dags/trigger_dag_run_dag2.py
[2024-06-08T09:54:12.742+0000] {processor.py:830} INFO - Processing file /opt/airflow/dags/trigger_dag_run_dag2.py for tasks to queue
[2024-06-08T09:54:12.743+0000] {logging_mixin.py:188} INFO - [2024-06-08T09:54:12.743+0000] {dagbag.py:540} INFO - Filling up the DagBag from /opt/airflow/dags/trigger_dag_run_dag2.py
[2024-06-08T09:54:12.757+0000] {processor.py:840} INFO - DAG(s) 'trigger_dag_run_dag2' retrieved from /opt/airflow/dags/trigger_dag_run_dag2.py
[2024-06-08T09:54:12.816+0000] {logging_mixin.py:188} INFO - [2024-06-08T09:54:12.816+0000] {dag.py:3047} INFO - Sync 1 DAGs
[2024-06-08T09:54:12.835+0000] {logging_mixin.py:188} INFO - [2024-06-08T09:54:12.835+0000] {dag.py:3834} INFO - Setting next_dagrun for trigger_dag_run_dag2 to None, run_after=None
[2024-06-08T09:54:12.847+0000] {processor.py:183} INFO - Processing /opt/airflow/dags/trigger_dag_run_dag2.py took 0.108 seconds
[2024-06-08T09:54:43.605+0000] {processor.py:161} INFO - Started process (PID=438) to work on /opt/airflow/dags/trigger_dag_run_dag2.py
[2024-06-08T09:54:43.606+0000] {processor.py:830} INFO - Processing file /opt/airflow/dags/trigger_dag_run_dag2.py for tasks to queue
[2024-06-08T09:54:43.607+0000] {logging_mixin.py:188} INFO - [2024-06-08T09:54:43.607+0000] {dagbag.py:540} INFO - Filling up the DagBag from /opt/airflow/dags/trigger_dag_run_dag2.py
[2024-06-08T09:54:43.621+0000] {processor.py:840} INFO - DAG(s) 'trigger_dag_run_dag2' retrieved from /opt/airflow/dags/trigger_dag_run_dag2.py
[2024-06-08T09:54:43.644+0000] {logging_mixin.py:188} INFO - [2024-06-08T09:54:43.644+0000] {dag.py:3047} INFO - Sync 1 DAGs
[2024-06-08T09:54:43.663+0000] {logging_mixin.py:188} INFO - [2024-06-08T09:54:43.662+0000] {dag.py:3834} INFO - Setting next_dagrun for trigger_dag_run_dag2 to None, run_after=None
[2024-06-08T09:54:43.677+0000] {processor.py:183} INFO - Processing /opt/airflow/dags/trigger_dag_run_dag2.py took 0.073 seconds
[2024-06-08T09:55:13.886+0000] {processor.py:161} INFO - Started process (PID=461) to work on /opt/airflow/dags/trigger_dag_run_dag2.py
[2024-06-08T09:55:13.887+0000] {processor.py:830} INFO - Processing file /opt/airflow/dags/trigger_dag_run_dag2.py for tasks to queue
[2024-06-08T09:55:13.888+0000] {logging_mixin.py:188} INFO - [2024-06-08T09:55:13.888+0000] {dagbag.py:540} INFO - Filling up the DagBag from /opt/airflow/dags/trigger_dag_run_dag2.py
[2024-06-08T09:55:13.902+0000] {processor.py:840} INFO - DAG(s) 'trigger_dag_run_dag2' retrieved from /opt/airflow/dags/trigger_dag_run_dag2.py
[2024-06-08T09:55:13.924+0000] {logging_mixin.py:188} INFO - [2024-06-08T09:55:13.924+0000] {dag.py:3047} INFO - Sync 1 DAGs
[2024-06-08T09:55:13.939+0000] {logging_mixin.py:188} INFO - [2024-06-08T09:55:13.939+0000] {dag.py:3834} INFO - Setting next_dagrun for trigger_dag_run_dag2 to None, run_after=None
[2024-06-08T09:55:13.952+0000] {processor.py:183} INFO - Processing /opt/airflow/dags/trigger_dag_run_dag2.py took 0.068 seconds
[2024-06-08T09:55:44.271+0000] {processor.py:161} INFO - Started process (PID=487) to work on /opt/airflow/dags/trigger_dag_run_dag2.py
[2024-06-08T09:55:44.272+0000] {processor.py:830} INFO - Processing file /opt/airflow/dags/trigger_dag_run_dag2.py for tasks to queue
[2024-06-08T09:55:44.274+0000] {logging_mixin.py:188} INFO - [2024-06-08T09:55:44.273+0000] {dagbag.py:540} INFO - Filling up the DagBag from /opt/airflow/dags/trigger_dag_run_dag2.py
[2024-06-08T09:55:44.285+0000] {processor.py:840} INFO - DAG(s) 'trigger_dag_run_dag2' retrieved from /opt/airflow/dags/trigger_dag_run_dag2.py
[2024-06-08T09:55:44.308+0000] {logging_mixin.py:188} INFO - [2024-06-08T09:55:44.308+0000] {dag.py:3047} INFO - Sync 1 DAGs
[2024-06-08T09:55:44.325+0000] {logging_mixin.py:188} INFO - [2024-06-08T09:55:44.325+0000] {dag.py:3834} INFO - Setting next_dagrun for trigger_dag_run_dag2 to None, run_after=None
[2024-06-08T09:55:44.339+0000] {processor.py:183} INFO - Processing /opt/airflow/dags/trigger_dag_run_dag2.py took 0.069 seconds
[2024-06-08T09:56:14.499+0000] {processor.py:161} INFO - Started process (PID=509) to work on /opt/airflow/dags/trigger_dag_run_dag2.py
[2024-06-08T09:56:14.500+0000] {processor.py:830} INFO - Processing file /opt/airflow/dags/trigger_dag_run_dag2.py for tasks to queue
[2024-06-08T09:56:14.501+0000] {logging_mixin.py:188} INFO - [2024-06-08T09:56:14.501+0000] {dagbag.py:540} INFO - Filling up the DagBag from /opt/airflow/dags/trigger_dag_run_dag2.py
[2024-06-08T09:56:14.513+0000] {processor.py:840} INFO - DAG(s) 'trigger_dag_run_dag2' retrieved from /opt/airflow/dags/trigger_dag_run_dag2.py
[2024-06-08T09:56:14.534+0000] {logging_mixin.py:188} INFO - [2024-06-08T09:56:14.534+0000] {dag.py:3047} INFO - Sync 1 DAGs
[2024-06-08T09:56:14.553+0000] {logging_mixin.py:188} INFO - [2024-06-08T09:56:14.553+0000] {dag.py:3834} INFO - Setting next_dagrun for trigger_dag_run_dag2 to None, run_after=None
[2024-06-08T09:56:14.572+0000] {processor.py:183} INFO - Processing /opt/airflow/dags/trigger_dag_run_dag2.py took 0.076 seconds
[2024-06-08T09:56:44.979+0000] {processor.py:161} INFO - Started process (PID=531) to work on /opt/airflow/dags/trigger_dag_run_dag2.py
[2024-06-08T09:56:44.980+0000] {processor.py:830} INFO - Processing file /opt/airflow/dags/trigger_dag_run_dag2.py for tasks to queue
[2024-06-08T09:56:44.982+0000] {logging_mixin.py:188} INFO - [2024-06-08T09:56:44.981+0000] {dagbag.py:540} INFO - Filling up the DagBag from /opt/airflow/dags/trigger_dag_run_dag2.py
[2024-06-08T09:56:44.990+0000] {processor.py:840} INFO - DAG(s) 'trigger_dag_run_dag2' retrieved from /opt/airflow/dags/trigger_dag_run_dag2.py
[2024-06-08T09:56:45.010+0000] {logging_mixin.py:188} INFO - [2024-06-08T09:56:45.010+0000] {dag.py:3047} INFO - Sync 1 DAGs
[2024-06-08T09:56:45.030+0000] {logging_mixin.py:188} INFO - [2024-06-08T09:56:45.030+0000] {dag.py:3834} INFO - Setting next_dagrun for trigger_dag_run_dag2 to None, run_after=None
[2024-06-08T09:56:45.043+0000] {processor.py:183} INFO - Processing /opt/airflow/dags/trigger_dag_run_dag2.py took 0.065 seconds
[2024-06-08T09:57:15.306+0000] {processor.py:161} INFO - Started process (PID=553) to work on /opt/airflow/dags/trigger_dag_run_dag2.py
[2024-06-08T09:57:15.307+0000] {processor.py:830} INFO - Processing file /opt/airflow/dags/trigger_dag_run_dag2.py for tasks to queue
[2024-06-08T09:57:15.308+0000] {logging_mixin.py:188} INFO - [2024-06-08T09:57:15.308+0000] {dagbag.py:540} INFO - Filling up the DagBag from /opt/airflow/dags/trigger_dag_run_dag2.py
[2024-06-08T09:57:15.318+0000] {processor.py:840} INFO - DAG(s) 'trigger_dag_run_dag2' retrieved from /opt/airflow/dags/trigger_dag_run_dag2.py
[2024-06-08T09:57:15.339+0000] {logging_mixin.py:188} INFO - [2024-06-08T09:57:15.339+0000] {dag.py:3047} INFO - Sync 1 DAGs
[2024-06-08T09:57:15.362+0000] {logging_mixin.py:188} INFO - [2024-06-08T09:57:15.362+0000] {dag.py:3834} INFO - Setting next_dagrun for trigger_dag_run_dag2 to None, run_after=None
[2024-06-08T09:57:15.384+0000] {processor.py:183} INFO - Processing /opt/airflow/dags/trigger_dag_run_dag2.py took 0.080 seconds
[2024-06-08T09:57:45.696+0000] {processor.py:161} INFO - Started process (PID=575) to work on /opt/airflow/dags/trigger_dag_run_dag2.py
[2024-06-08T09:57:45.697+0000] {processor.py:830} INFO - Processing file /opt/airflow/dags/trigger_dag_run_dag2.py for tasks to queue
[2024-06-08T09:57:45.698+0000] {logging_mixin.py:188} INFO - [2024-06-08T09:57:45.698+0000] {dagbag.py:540} INFO - Filling up the DagBag from /opt/airflow/dags/trigger_dag_run_dag2.py
[2024-06-08T09:57:45.710+0000] {processor.py:840} INFO - DAG(s) 'trigger_dag_run_dag2' retrieved from /opt/airflow/dags/trigger_dag_run_dag2.py
[2024-06-08T09:57:45.731+0000] {logging_mixin.py:188} INFO - [2024-06-08T09:57:45.731+0000] {dag.py:3047} INFO - Sync 1 DAGs
[2024-06-08T09:57:45.749+0000] {logging_mixin.py:188} INFO - [2024-06-08T09:57:45.748+0000] {dag.py:3834} INFO - Setting next_dagrun for trigger_dag_run_dag2 to None, run_after=None
[2024-06-08T09:57:45.761+0000] {processor.py:183} INFO - Processing /opt/airflow/dags/trigger_dag_run_dag2.py took 0.067 seconds
[2024-06-08T09:58:16.276+0000] {processor.py:161} INFO - Started process (PID=597) to work on /opt/airflow/dags/trigger_dag_run_dag2.py
[2024-06-08T09:58:16.276+0000] {processor.py:830} INFO - Processing file /opt/airflow/dags/trigger_dag_run_dag2.py for tasks to queue
[2024-06-08T09:58:16.278+0000] {logging_mixin.py:188} INFO - [2024-06-08T09:58:16.277+0000] {dagbag.py:540} INFO - Filling up the DagBag from /opt/airflow/dags/trigger_dag_run_dag2.py
[2024-06-08T09:58:16.292+0000] {processor.py:840} INFO - DAG(s) 'trigger_dag_run_dag2' retrieved from /opt/airflow/dags/trigger_dag_run_dag2.py
[2024-06-08T09:58:16.319+0000] {logging_mixin.py:188} INFO - [2024-06-08T09:58:16.319+0000] {dag.py:3047} INFO - Sync 1 DAGs
[2024-06-08T09:58:16.337+0000] {logging_mixin.py:188} INFO - [2024-06-08T09:58:16.337+0000] {dag.py:3834} INFO - Setting next_dagrun for trigger_dag_run_dag2 to None, run_after=None
[2024-06-08T09:58:16.353+0000] {processor.py:183} INFO - Processing /opt/airflow/dags/trigger_dag_run_dag2.py took 0.079 seconds
