[2024-06-08T09:45:35.465+0000] {processor.py:161} INFO - Started process (PID=42) to work on /opt/airflow/dags/trigger_dag_run_dag1.py
[2024-06-08T09:45:35.466+0000] {processor.py:830} INFO - Processing file /opt/airflow/dags/trigger_dag_run_dag1.py for tasks to queue
[2024-06-08T09:45:35.468+0000] {logging_mixin.py:188} INFO - [2024-06-08T09:45:35.468+0000] {dagbag.py:540} INFO - Filling up the DagBag from /opt/airflow/dags/trigger_dag_run_dag1.py
[2024-06-08T09:45:35.483+0000] {processor.py:840} INFO - DAG(s) 'trigger_dag_run_dag1' retrieved from /opt/airflow/dags/trigger_dag_run_dag1.py
[2024-06-08T09:45:35.576+0000] {logging_mixin.py:188} INFO - [2024-06-08T09:45:35.576+0000] {dag.py:3047} INFO - Sync 1 DAGs
[2024-06-08T09:45:35.586+0000] {logging_mixin.py:188} INFO - [2024-06-08T09:45:35.586+0000] {dag.py:3834} INFO - Setting next_dagrun for trigger_dag_run_dag1 to None, run_after=None
[2024-06-08T09:45:35.605+0000] {processor.py:183} INFO - Processing /opt/airflow/dags/trigger_dag_run_dag1.py took 0.142 seconds
[2024-06-08T09:46:06.408+0000] {processor.py:161} INFO - Started process (PID=63) to work on /opt/airflow/dags/trigger_dag_run_dag1.py
[2024-06-08T09:46:06.409+0000] {processor.py:830} INFO - Processing file /opt/airflow/dags/trigger_dag_run_dag1.py for tasks to queue
[2024-06-08T09:46:06.410+0000] {logging_mixin.py:188} INFO - [2024-06-08T09:46:06.410+0000] {dagbag.py:540} INFO - Filling up the DagBag from /opt/airflow/dags/trigger_dag_run_dag1.py
[2024-06-08T09:46:06.423+0000] {processor.py:840} INFO - DAG(s) 'trigger_dag_run_dag1' retrieved from /opt/airflow/dags/trigger_dag_run_dag1.py
[2024-06-08T09:46:06.447+0000] {logging_mixin.py:188} INFO - [2024-06-08T09:46:06.446+0000] {dag.py:3047} INFO - Sync 1 DAGs
[2024-06-08T09:46:06.457+0000] {logging_mixin.py:188} INFO - [2024-06-08T09:46:06.457+0000] {dag.py:3834} INFO - Setting next_dagrun for trigger_dag_run_dag1 to None, run_after=None
[2024-06-08T09:46:06.473+0000] {processor.py:183} INFO - Processing /opt/airflow/dags/trigger_dag_run_dag1.py took 0.067 seconds
[2024-06-08T09:46:36.724+0000] {processor.py:161} INFO - Started process (PID=84) to work on /opt/airflow/dags/trigger_dag_run_dag1.py
[2024-06-08T09:46:36.725+0000] {processor.py:830} INFO - Processing file /opt/airflow/dags/trigger_dag_run_dag1.py for tasks to queue
[2024-06-08T09:46:36.726+0000] {logging_mixin.py:188} INFO - [2024-06-08T09:46:36.726+0000] {dagbag.py:540} INFO - Filling up the DagBag from /opt/airflow/dags/trigger_dag_run_dag1.py
[2024-06-08T09:46:36.737+0000] {processor.py:840} INFO - DAG(s) 'trigger_dag_run_dag1' retrieved from /opt/airflow/dags/trigger_dag_run_dag1.py
[2024-06-08T09:46:36.763+0000] {logging_mixin.py:188} INFO - [2024-06-08T09:46:36.763+0000] {dag.py:3047} INFO - Sync 1 DAGs
[2024-06-08T09:46:36.775+0000] {logging_mixin.py:188} INFO - [2024-06-08T09:46:36.775+0000] {dag.py:3834} INFO - Setting next_dagrun for trigger_dag_run_dag1 to None, run_after=None
[2024-06-08T09:46:36.797+0000] {processor.py:183} INFO - Processing /opt/airflow/dags/trigger_dag_run_dag1.py took 0.074 seconds
[2024-06-08T09:47:06.973+0000] {processor.py:161} INFO - Started process (PID=105) to work on /opt/airflow/dags/trigger_dag_run_dag1.py
[2024-06-08T09:47:06.973+0000] {processor.py:830} INFO - Processing file /opt/airflow/dags/trigger_dag_run_dag1.py for tasks to queue
[2024-06-08T09:47:06.975+0000] {logging_mixin.py:188} INFO - [2024-06-08T09:47:06.974+0000] {dagbag.py:540} INFO - Filling up the DagBag from /opt/airflow/dags/trigger_dag_run_dag1.py
[2024-06-08T09:47:06.985+0000] {processor.py:840} INFO - DAG(s) 'trigger_dag_run_dag1' retrieved from /opt/airflow/dags/trigger_dag_run_dag1.py
[2024-06-08T09:47:07.014+0000] {logging_mixin.py:188} INFO - [2024-06-08T09:47:07.014+0000] {dag.py:3047} INFO - Sync 1 DAGs
[2024-06-08T09:47:07.024+0000] {logging_mixin.py:188} INFO - [2024-06-08T09:47:07.024+0000] {dag.py:3834} INFO - Setting next_dagrun for trigger_dag_run_dag1 to None, run_after=None
[2024-06-08T09:47:07.042+0000] {processor.py:183} INFO - Processing /opt/airflow/dags/trigger_dag_run_dag1.py took 0.071 seconds
[2024-06-08T09:47:37.576+0000] {processor.py:161} INFO - Started process (PID=126) to work on /opt/airflow/dags/trigger_dag_run_dag1.py
[2024-06-08T09:47:37.577+0000] {processor.py:830} INFO - Processing file /opt/airflow/dags/trigger_dag_run_dag1.py for tasks to queue
[2024-06-08T09:47:37.578+0000] {logging_mixin.py:188} INFO - [2024-06-08T09:47:37.578+0000] {dagbag.py:540} INFO - Filling up the DagBag from /opt/airflow/dags/trigger_dag_run_dag1.py
[2024-06-08T09:47:37.587+0000] {processor.py:840} INFO - DAG(s) 'trigger_dag_run_dag1' retrieved from /opt/airflow/dags/trigger_dag_run_dag1.py
[2024-06-08T09:47:37.608+0000] {logging_mixin.py:188} INFO - [2024-06-08T09:47:37.607+0000] {dag.py:3047} INFO - Sync 1 DAGs
[2024-06-08T09:47:37.617+0000] {logging_mixin.py:188} INFO - [2024-06-08T09:47:37.617+0000] {dag.py:3834} INFO - Setting next_dagrun for trigger_dag_run_dag1 to None, run_after=None
[2024-06-08T09:47:37.636+0000] {processor.py:183} INFO - Processing /opt/airflow/dags/trigger_dag_run_dag1.py took 0.061 seconds
[2024-06-08T09:48:07.885+0000] {processor.py:161} INFO - Started process (PID=148) to work on /opt/airflow/dags/trigger_dag_run_dag1.py
[2024-06-08T09:48:07.886+0000] {processor.py:830} INFO - Processing file /opt/airflow/dags/trigger_dag_run_dag1.py for tasks to queue
[2024-06-08T09:48:07.887+0000] {logging_mixin.py:188} INFO - [2024-06-08T09:48:07.886+0000] {dagbag.py:540} INFO - Filling up the DagBag from /opt/airflow/dags/trigger_dag_run_dag1.py
[2024-06-08T09:48:07.901+0000] {processor.py:840} INFO - DAG(s) 'trigger_dag_run_dag1' retrieved from /opt/airflow/dags/trigger_dag_run_dag1.py
[2024-06-08T09:48:07.930+0000] {logging_mixin.py:188} INFO - [2024-06-08T09:48:07.930+0000] {dag.py:3047} INFO - Sync 1 DAGs
[2024-06-08T09:48:07.941+0000] {logging_mixin.py:188} INFO - [2024-06-08T09:48:07.941+0000] {dag.py:3834} INFO - Setting next_dagrun for trigger_dag_run_dag1 to None, run_after=None
[2024-06-08T09:48:07.955+0000] {processor.py:183} INFO - Processing /opt/airflow/dags/trigger_dag_run_dag1.py took 0.072 seconds
[2024-06-08T09:48:38.230+0000] {processor.py:161} INFO - Started process (PID=169) to work on /opt/airflow/dags/trigger_dag_run_dag1.py
[2024-06-08T09:48:38.231+0000] {processor.py:830} INFO - Processing file /opt/airflow/dags/trigger_dag_run_dag1.py for tasks to queue
[2024-06-08T09:48:38.232+0000] {logging_mixin.py:188} INFO - [2024-06-08T09:48:38.232+0000] {dagbag.py:540} INFO - Filling up the DagBag from /opt/airflow/dags/trigger_dag_run_dag1.py
[2024-06-08T09:48:38.243+0000] {processor.py:840} INFO - DAG(s) 'trigger_dag_run_dag1' retrieved from /opt/airflow/dags/trigger_dag_run_dag1.py
[2024-06-08T09:48:38.264+0000] {logging_mixin.py:188} INFO - [2024-06-08T09:48:38.264+0000] {dag.py:3047} INFO - Sync 1 DAGs
[2024-06-08T09:48:38.273+0000] {logging_mixin.py:188} INFO - [2024-06-08T09:48:38.273+0000] {dag.py:3834} INFO - Setting next_dagrun for trigger_dag_run_dag1 to None, run_after=None
[2024-06-08T09:48:38.287+0000] {processor.py:183} INFO - Processing /opt/airflow/dags/trigger_dag_run_dag1.py took 0.059 seconds
[2024-06-08T09:49:08.709+0000] {processor.py:161} INFO - Started process (PID=190) to work on /opt/airflow/dags/trigger_dag_run_dag1.py
[2024-06-08T09:49:08.709+0000] {processor.py:830} INFO - Processing file /opt/airflow/dags/trigger_dag_run_dag1.py for tasks to queue
[2024-06-08T09:49:08.710+0000] {logging_mixin.py:188} INFO - [2024-06-08T09:49:08.710+0000] {dagbag.py:540} INFO - Filling up the DagBag from /opt/airflow/dags/trigger_dag_run_dag1.py
[2024-06-08T09:49:08.719+0000] {processor.py:840} INFO - DAG(s) 'trigger_dag_run_dag1' retrieved from /opt/airflow/dags/trigger_dag_run_dag1.py
[2024-06-08T09:49:08.743+0000] {logging_mixin.py:188} INFO - [2024-06-08T09:49:08.743+0000] {dag.py:3047} INFO - Sync 1 DAGs
[2024-06-08T09:49:08.751+0000] {logging_mixin.py:188} INFO - [2024-06-08T09:49:08.751+0000] {dag.py:3834} INFO - Setting next_dagrun for trigger_dag_run_dag1 to None, run_after=None
[2024-06-08T09:49:08.770+0000] {processor.py:183} INFO - Processing /opt/airflow/dags/trigger_dag_run_dag1.py took 0.063 seconds
[2024-06-08T09:49:38.871+0000] {processor.py:161} INFO - Started process (PID=211) to work on /opt/airflow/dags/trigger_dag_run_dag1.py
[2024-06-08T09:49:38.871+0000] {processor.py:830} INFO - Processing file /opt/airflow/dags/trigger_dag_run_dag1.py for tasks to queue
[2024-06-08T09:49:38.872+0000] {logging_mixin.py:188} INFO - [2024-06-08T09:49:38.872+0000] {dagbag.py:540} INFO - Filling up the DagBag from /opt/airflow/dags/trigger_dag_run_dag1.py
[2024-06-08T09:49:38.881+0000] {processor.py:840} INFO - DAG(s) 'trigger_dag_run_dag1' retrieved from /opt/airflow/dags/trigger_dag_run_dag1.py
[2024-06-08T09:49:38.901+0000] {logging_mixin.py:188} INFO - [2024-06-08T09:49:38.901+0000] {dag.py:3047} INFO - Sync 1 DAGs
[2024-06-08T09:49:38.910+0000] {logging_mixin.py:188} INFO - [2024-06-08T09:49:38.910+0000] {dag.py:3834} INFO - Setting next_dagrun for trigger_dag_run_dag1 to None, run_after=None
[2024-06-08T09:49:38.923+0000] {processor.py:183} INFO - Processing /opt/airflow/dags/trigger_dag_run_dag1.py took 0.055 seconds
[2024-06-08T09:50:09.130+0000] {processor.py:161} INFO - Started process (PID=232) to work on /opt/airflow/dags/trigger_dag_run_dag1.py
[2024-06-08T09:50:09.131+0000] {processor.py:830} INFO - Processing file /opt/airflow/dags/trigger_dag_run_dag1.py for tasks to queue
[2024-06-08T09:50:09.132+0000] {logging_mixin.py:188} INFO - [2024-06-08T09:50:09.132+0000] {dagbag.py:540} INFO - Filling up the DagBag from /opt/airflow/dags/trigger_dag_run_dag1.py
[2024-06-08T09:50:09.140+0000] {processor.py:840} INFO - DAG(s) 'trigger_dag_run_dag1' retrieved from /opt/airflow/dags/trigger_dag_run_dag1.py
[2024-06-08T09:50:09.163+0000] {logging_mixin.py:188} INFO - [2024-06-08T09:50:09.163+0000] {dag.py:3047} INFO - Sync 1 DAGs
[2024-06-08T09:50:09.175+0000] {logging_mixin.py:188} INFO - [2024-06-08T09:50:09.175+0000] {dag.py:3834} INFO - Setting next_dagrun for trigger_dag_run_dag1 to None, run_after=None
[2024-06-08T09:50:09.191+0000] {processor.py:183} INFO - Processing /opt/airflow/dags/trigger_dag_run_dag1.py took 0.063 seconds
[2024-06-08T09:50:39.809+0000] {processor.py:161} INFO - Started process (PID=254) to work on /opt/airflow/dags/trigger_dag_run_dag1.py
[2024-06-08T09:50:39.810+0000] {processor.py:830} INFO - Processing file /opt/airflow/dags/trigger_dag_run_dag1.py for tasks to queue
[2024-06-08T09:50:39.811+0000] {logging_mixin.py:188} INFO - [2024-06-08T09:50:39.811+0000] {dagbag.py:540} INFO - Filling up the DagBag from /opt/airflow/dags/trigger_dag_run_dag1.py
[2024-06-08T09:50:39.821+0000] {processor.py:840} INFO - DAG(s) 'trigger_dag_run_dag1' retrieved from /opt/airflow/dags/trigger_dag_run_dag1.py
[2024-06-08T09:50:39.843+0000] {logging_mixin.py:188} INFO - [2024-06-08T09:50:39.843+0000] {dag.py:3047} INFO - Sync 1 DAGs
[2024-06-08T09:50:39.852+0000] {logging_mixin.py:188} INFO - [2024-06-08T09:50:39.852+0000] {dag.py:3834} INFO - Setting next_dagrun for trigger_dag_run_dag1 to None, run_after=None
[2024-06-08T09:50:39.872+0000] {processor.py:183} INFO - Processing /opt/airflow/dags/trigger_dag_run_dag1.py took 0.064 seconds
[2024-06-08T09:51:10.171+0000] {processor.py:161} INFO - Started process (PID=276) to work on /opt/airflow/dags/trigger_dag_run_dag1.py
[2024-06-08T09:51:10.171+0000] {processor.py:830} INFO - Processing file /opt/airflow/dags/trigger_dag_run_dag1.py for tasks to queue
[2024-06-08T09:51:10.173+0000] {logging_mixin.py:188} INFO - [2024-06-08T09:51:10.172+0000] {dagbag.py:540} INFO - Filling up the DagBag from /opt/airflow/dags/trigger_dag_run_dag1.py
[2024-06-08T09:51:10.182+0000] {processor.py:840} INFO - DAG(s) 'trigger_dag_run_dag1' retrieved from /opt/airflow/dags/trigger_dag_run_dag1.py
[2024-06-08T09:51:10.203+0000] {logging_mixin.py:188} INFO - [2024-06-08T09:51:10.203+0000] {dag.py:3047} INFO - Sync 1 DAGs
[2024-06-08T09:51:10.212+0000] {logging_mixin.py:188} INFO - [2024-06-08T09:51:10.212+0000] {dag.py:3834} INFO - Setting next_dagrun for trigger_dag_run_dag1 to None, run_after=None
[2024-06-08T09:51:10.230+0000] {processor.py:183} INFO - Processing /opt/airflow/dags/trigger_dag_run_dag1.py took 0.061 seconds
[2024-06-08T09:51:40.689+0000] {processor.py:161} INFO - Started process (PID=298) to work on /opt/airflow/dags/trigger_dag_run_dag1.py
[2024-06-08T09:51:40.690+0000] {processor.py:830} INFO - Processing file /opt/airflow/dags/trigger_dag_run_dag1.py for tasks to queue
[2024-06-08T09:51:40.691+0000] {logging_mixin.py:188} INFO - [2024-06-08T09:51:40.690+0000] {dagbag.py:540} INFO - Filling up the DagBag from /opt/airflow/dags/trigger_dag_run_dag1.py
[2024-06-08T09:51:40.701+0000] {processor.py:840} INFO - DAG(s) 'trigger_dag_run_dag1' retrieved from /opt/airflow/dags/trigger_dag_run_dag1.py
[2024-06-08T09:51:40.722+0000] {logging_mixin.py:188} INFO - [2024-06-08T09:51:40.722+0000] {dag.py:3047} INFO - Sync 1 DAGs
[2024-06-08T09:51:40.731+0000] {logging_mixin.py:188} INFO - [2024-06-08T09:51:40.731+0000] {dag.py:3834} INFO - Setting next_dagrun for trigger_dag_run_dag1 to None, run_after=None
[2024-06-08T09:51:40.746+0000] {processor.py:183} INFO - Processing /opt/airflow/dags/trigger_dag_run_dag1.py took 0.059 seconds
[2024-06-08T09:52:10.945+0000] {processor.py:161} INFO - Started process (PID=320) to work on /opt/airflow/dags/trigger_dag_run_dag1.py
[2024-06-08T09:52:10.945+0000] {processor.py:830} INFO - Processing file /opt/airflow/dags/trigger_dag_run_dag1.py for tasks to queue
[2024-06-08T09:52:10.954+0000] {logging_mixin.py:188} INFO - [2024-06-08T09:52:10.954+0000] {dagbag.py:540} INFO - Filling up the DagBag from /opt/airflow/dags/trigger_dag_run_dag1.py
[2024-06-08T09:52:10.973+0000] {processor.py:840} INFO - DAG(s) 'trigger_dag_run_dag1' retrieved from /opt/airflow/dags/trigger_dag_run_dag1.py
[2024-06-08T09:52:10.994+0000] {logging_mixin.py:188} INFO - [2024-06-08T09:52:10.994+0000] {dag.py:3047} INFO - Sync 1 DAGs
[2024-06-08T09:52:11.003+0000] {logging_mixin.py:188} INFO - [2024-06-08T09:52:11.003+0000] {dag.py:3834} INFO - Setting next_dagrun for trigger_dag_run_dag1 to None, run_after=None
[2024-06-08T09:52:11.023+0000] {processor.py:183} INFO - Processing /opt/airflow/dags/trigger_dag_run_dag1.py took 0.080 seconds
[2024-06-08T09:52:41.274+0000] {processor.py:161} INFO - Started process (PID=342) to work on /opt/airflow/dags/trigger_dag_run_dag1.py
[2024-06-08T09:52:41.274+0000] {processor.py:830} INFO - Processing file /opt/airflow/dags/trigger_dag_run_dag1.py for tasks to queue
[2024-06-08T09:52:41.276+0000] {logging_mixin.py:188} INFO - [2024-06-08T09:52:41.275+0000] {dagbag.py:540} INFO - Filling up the DagBag from /opt/airflow/dags/trigger_dag_run_dag1.py
[2024-06-08T09:52:41.284+0000] {processor.py:840} INFO - DAG(s) 'trigger_dag_run_dag1' retrieved from /opt/airflow/dags/trigger_dag_run_dag1.py
[2024-06-08T09:52:41.304+0000] {logging_mixin.py:188} INFO - [2024-06-08T09:52:41.303+0000] {dag.py:3047} INFO - Sync 1 DAGs
[2024-06-08T09:52:41.315+0000] {logging_mixin.py:188} INFO - [2024-06-08T09:52:41.315+0000] {dag.py:3834} INFO - Setting next_dagrun for trigger_dag_run_dag1 to None, run_after=None
[2024-06-08T09:52:41.334+0000] {processor.py:183} INFO - Processing /opt/airflow/dags/trigger_dag_run_dag1.py took 0.062 seconds
[2024-06-08T09:53:11.614+0000] {processor.py:161} INFO - Started process (PID=364) to work on /opt/airflow/dags/trigger_dag_run_dag1.py
[2024-06-08T09:53:11.614+0000] {processor.py:830} INFO - Processing file /opt/airflow/dags/trigger_dag_run_dag1.py for tasks to queue
[2024-06-08T09:53:11.615+0000] {logging_mixin.py:188} INFO - [2024-06-08T09:53:11.615+0000] {dagbag.py:540} INFO - Filling up the DagBag from /opt/airflow/dags/trigger_dag_run_dag1.py
[2024-06-08T09:53:11.625+0000] {processor.py:840} INFO - DAG(s) 'trigger_dag_run_dag1' retrieved from /opt/airflow/dags/trigger_dag_run_dag1.py
[2024-06-08T09:53:11.645+0000] {logging_mixin.py:188} INFO - [2024-06-08T09:53:11.645+0000] {dag.py:3047} INFO - Sync 1 DAGs
[2024-06-08T09:53:11.654+0000] {logging_mixin.py:188} INFO - [2024-06-08T09:53:11.654+0000] {dag.py:3834} INFO - Setting next_dagrun for trigger_dag_run_dag1 to None, run_after=None
[2024-06-08T09:53:11.676+0000] {processor.py:183} INFO - Processing /opt/airflow/dags/trigger_dag_run_dag1.py took 0.064 seconds
[2024-06-08T09:53:42.074+0000] {processor.py:161} INFO - Started process (PID=387) to work on /opt/airflow/dags/trigger_dag_run_dag1.py
[2024-06-08T09:53:42.075+0000] {processor.py:830} INFO - Processing file /opt/airflow/dags/trigger_dag_run_dag1.py for tasks to queue
[2024-06-08T09:53:42.076+0000] {logging_mixin.py:188} INFO - [2024-06-08T09:53:42.076+0000] {dagbag.py:540} INFO - Filling up the DagBag from /opt/airflow/dags/trigger_dag_run_dag1.py
[2024-06-08T09:53:42.085+0000] {processor.py:840} INFO - DAG(s) 'trigger_dag_run_dag1' retrieved from /opt/airflow/dags/trigger_dag_run_dag1.py
[2024-06-08T09:53:42.142+0000] {logging_mixin.py:188} INFO - [2024-06-08T09:53:42.142+0000] {dag.py:3047} INFO - Sync 1 DAGs
[2024-06-08T09:53:42.154+0000] {logging_mixin.py:188} INFO - [2024-06-08T09:53:42.153+0000] {dag.py:3834} INFO - Setting next_dagrun for trigger_dag_run_dag1 to None, run_after=None
[2024-06-08T09:53:42.169+0000] {processor.py:183} INFO - Processing /opt/airflow/dags/trigger_dag_run_dag1.py took 0.096 seconds
[2024-06-08T09:54:12.389+0000] {processor.py:161} INFO - Started process (PID=409) to work on /opt/airflow/dags/trigger_dag_run_dag1.py
[2024-06-08T09:54:12.389+0000] {processor.py:830} INFO - Processing file /opt/airflow/dags/trigger_dag_run_dag1.py for tasks to queue
[2024-06-08T09:54:12.390+0000] {logging_mixin.py:188} INFO - [2024-06-08T09:54:12.390+0000] {dagbag.py:540} INFO - Filling up the DagBag from /opt/airflow/dags/trigger_dag_run_dag1.py
[2024-06-08T09:54:12.403+0000] {processor.py:840} INFO - DAG(s) 'trigger_dag_run_dag1' retrieved from /opt/airflow/dags/trigger_dag_run_dag1.py
[2024-06-08T09:54:12.423+0000] {logging_mixin.py:188} INFO - [2024-06-08T09:54:12.423+0000] {dag.py:3047} INFO - Sync 1 DAGs
[2024-06-08T09:54:12.431+0000] {logging_mixin.py:188} INFO - [2024-06-08T09:54:12.431+0000] {dag.py:3834} INFO - Setting next_dagrun for trigger_dag_run_dag1 to None, run_after=None
[2024-06-08T09:54:12.446+0000] {processor.py:183} INFO - Processing /opt/airflow/dags/trigger_dag_run_dag1.py took 0.059 seconds
[2024-06-08T09:54:43.215+0000] {processor.py:161} INFO - Started process (PID=431) to work on /opt/airflow/dags/trigger_dag_run_dag1.py
[2024-06-08T09:54:43.216+0000] {processor.py:830} INFO - Processing file /opt/airflow/dags/trigger_dag_run_dag1.py for tasks to queue
[2024-06-08T09:54:43.217+0000] {logging_mixin.py:188} INFO - [2024-06-08T09:54:43.217+0000] {dagbag.py:540} INFO - Filling up the DagBag from /opt/airflow/dags/trigger_dag_run_dag1.py
[2024-06-08T09:54:43.228+0000] {processor.py:840} INFO - DAG(s) 'trigger_dag_run_dag1' retrieved from /opt/airflow/dags/trigger_dag_run_dag1.py
[2024-06-08T09:54:43.248+0000] {logging_mixin.py:188} INFO - [2024-06-08T09:54:43.248+0000] {dag.py:3047} INFO - Sync 1 DAGs
[2024-06-08T09:54:43.259+0000] {logging_mixin.py:188} INFO - [2024-06-08T09:54:43.259+0000] {dag.py:3834} INFO - Setting next_dagrun for trigger_dag_run_dag1 to None, run_after=None
[2024-06-08T09:54:43.289+0000] {processor.py:183} INFO - Processing /opt/airflow/dags/trigger_dag_run_dag1.py took 0.076 seconds
[2024-06-08T09:55:13.547+0000] {processor.py:161} INFO - Started process (PID=454) to work on /opt/airflow/dags/trigger_dag_run_dag1.py
[2024-06-08T09:55:13.547+0000] {processor.py:830} INFO - Processing file /opt/airflow/dags/trigger_dag_run_dag1.py for tasks to queue
[2024-06-08T09:55:13.548+0000] {logging_mixin.py:188} INFO - [2024-06-08T09:55:13.548+0000] {dagbag.py:540} INFO - Filling up the DagBag from /opt/airflow/dags/trigger_dag_run_dag1.py
[2024-06-08T09:55:13.559+0000] {processor.py:840} INFO - DAG(s) 'trigger_dag_run_dag1' retrieved from /opt/airflow/dags/trigger_dag_run_dag1.py
[2024-06-08T09:55:13.582+0000] {logging_mixin.py:188} INFO - [2024-06-08T09:55:13.582+0000] {dag.py:3047} INFO - Sync 1 DAGs
[2024-06-08T09:55:13.591+0000] {logging_mixin.py:188} INFO - [2024-06-08T09:55:13.591+0000] {dag.py:3834} INFO - Setting next_dagrun for trigger_dag_run_dag1 to None, run_after=None
[2024-06-08T09:55:13.614+0000] {processor.py:183} INFO - Processing /opt/airflow/dags/trigger_dag_run_dag1.py took 0.069 seconds
[2024-06-08T09:55:43.788+0000] {processor.py:161} INFO - Started process (PID=480) to work on /opt/airflow/dags/trigger_dag_run_dag1.py
[2024-06-08T09:55:43.789+0000] {processor.py:830} INFO - Processing file /opt/airflow/dags/trigger_dag_run_dag1.py for tasks to queue
[2024-06-08T09:55:43.790+0000] {logging_mixin.py:188} INFO - [2024-06-08T09:55:43.789+0000] {dagbag.py:540} INFO - Filling up the DagBag from /opt/airflow/dags/trigger_dag_run_dag1.py
[2024-06-08T09:55:43.800+0000] {processor.py:840} INFO - DAG(s) 'trigger_dag_run_dag1' retrieved from /opt/airflow/dags/trigger_dag_run_dag1.py
[2024-06-08T09:55:43.827+0000] {logging_mixin.py:188} INFO - [2024-06-08T09:55:43.827+0000] {dag.py:3047} INFO - Sync 1 DAGs
[2024-06-08T09:55:43.837+0000] {logging_mixin.py:188} INFO - [2024-06-08T09:55:43.837+0000] {dag.py:3834} INFO - Setting next_dagrun for trigger_dag_run_dag1 to None, run_after=None
[2024-06-08T09:55:43.858+0000] {processor.py:183} INFO - Processing /opt/airflow/dags/trigger_dag_run_dag1.py took 0.072 seconds
[2024-06-08T09:56:14.171+0000] {processor.py:161} INFO - Started process (PID=502) to work on /opt/airflow/dags/trigger_dag_run_dag1.py
[2024-06-08T09:56:14.171+0000] {processor.py:830} INFO - Processing file /opt/airflow/dags/trigger_dag_run_dag1.py for tasks to queue
[2024-06-08T09:56:14.172+0000] {logging_mixin.py:188} INFO - [2024-06-08T09:56:14.172+0000] {dagbag.py:540} INFO - Filling up the DagBag from /opt/airflow/dags/trigger_dag_run_dag1.py
[2024-06-08T09:56:14.181+0000] {processor.py:840} INFO - DAG(s) 'trigger_dag_run_dag1' retrieved from /opt/airflow/dags/trigger_dag_run_dag1.py
[2024-06-08T09:56:14.199+0000] {logging_mixin.py:188} INFO - [2024-06-08T09:56:14.198+0000] {dag.py:3047} INFO - Sync 1 DAGs
[2024-06-08T09:56:14.207+0000] {logging_mixin.py:188} INFO - [2024-06-08T09:56:14.207+0000] {dag.py:3834} INFO - Setting next_dagrun for trigger_dag_run_dag1 to None, run_after=None
[2024-06-08T09:56:14.226+0000] {processor.py:183} INFO - Processing /opt/airflow/dags/trigger_dag_run_dag1.py took 0.057 seconds
[2024-06-08T09:56:44.703+0000] {processor.py:161} INFO - Started process (PID=524) to work on /opt/airflow/dags/trigger_dag_run_dag1.py
[2024-06-08T09:56:44.704+0000] {processor.py:830} INFO - Processing file /opt/airflow/dags/trigger_dag_run_dag1.py for tasks to queue
[2024-06-08T09:56:44.705+0000] {logging_mixin.py:188} INFO - [2024-06-08T09:56:44.704+0000] {dagbag.py:540} INFO - Filling up the DagBag from /opt/airflow/dags/trigger_dag_run_dag1.py
[2024-06-08T09:56:44.714+0000] {processor.py:840} INFO - DAG(s) 'trigger_dag_run_dag1' retrieved from /opt/airflow/dags/trigger_dag_run_dag1.py
[2024-06-08T09:56:44.735+0000] {logging_mixin.py:188} INFO - [2024-06-08T09:56:44.735+0000] {dag.py:3047} INFO - Sync 1 DAGs
[2024-06-08T09:56:44.744+0000] {logging_mixin.py:188} INFO - [2024-06-08T09:56:44.744+0000] {dag.py:3834} INFO - Setting next_dagrun for trigger_dag_run_dag1 to None, run_after=None
[2024-06-08T09:56:44.758+0000] {processor.py:183} INFO - Processing /opt/airflow/dags/trigger_dag_run_dag1.py took 0.058 seconds
[2024-06-08T09:57:14.881+0000] {processor.py:161} INFO - Started process (PID=546) to work on /opt/airflow/dags/trigger_dag_run_dag1.py
[2024-06-08T09:57:14.882+0000] {processor.py:830} INFO - Processing file /opt/airflow/dags/trigger_dag_run_dag1.py for tasks to queue
[2024-06-08T09:57:14.883+0000] {logging_mixin.py:188} INFO - [2024-06-08T09:57:14.883+0000] {dagbag.py:540} INFO - Filling up the DagBag from /opt/airflow/dags/trigger_dag_run_dag1.py
[2024-06-08T09:57:14.893+0000] {processor.py:840} INFO - DAG(s) 'trigger_dag_run_dag1' retrieved from /opt/airflow/dags/trigger_dag_run_dag1.py
[2024-06-08T09:57:14.915+0000] {logging_mixin.py:188} INFO - [2024-06-08T09:57:14.915+0000] {dag.py:3047} INFO - Sync 1 DAGs
[2024-06-08T09:57:14.925+0000] {logging_mixin.py:188} INFO - [2024-06-08T09:57:14.925+0000] {dag.py:3834} INFO - Setting next_dagrun for trigger_dag_run_dag1 to None, run_after=None
[2024-06-08T09:57:14.942+0000] {processor.py:183} INFO - Processing /opt/airflow/dags/trigger_dag_run_dag1.py took 0.062 seconds
[2024-06-08T09:57:45.325+0000] {processor.py:161} INFO - Started process (PID=568) to work on /opt/airflow/dags/trigger_dag_run_dag1.py
[2024-06-08T09:57:45.325+0000] {processor.py:830} INFO - Processing file /opt/airflow/dags/trigger_dag_run_dag1.py for tasks to queue
[2024-06-08T09:57:45.327+0000] {logging_mixin.py:188} INFO - [2024-06-08T09:57:45.326+0000] {dagbag.py:540} INFO - Filling up the DagBag from /opt/airflow/dags/trigger_dag_run_dag1.py
[2024-06-08T09:57:45.341+0000] {processor.py:840} INFO - DAG(s) 'trigger_dag_run_dag1' retrieved from /opt/airflow/dags/trigger_dag_run_dag1.py
[2024-06-08T09:57:45.370+0000] {logging_mixin.py:188} INFO - [2024-06-08T09:57:45.370+0000] {dag.py:3047} INFO - Sync 1 DAGs
[2024-06-08T09:57:45.380+0000] {logging_mixin.py:188} INFO - [2024-06-08T09:57:45.380+0000] {dag.py:3834} INFO - Setting next_dagrun for trigger_dag_run_dag1 to None, run_after=None
[2024-06-08T09:57:45.402+0000] {processor.py:183} INFO - Processing /opt/airflow/dags/trigger_dag_run_dag1.py took 0.079 seconds
[2024-06-08T09:58:15.972+0000] {processor.py:161} INFO - Started process (PID=590) to work on /opt/airflow/dags/trigger_dag_run_dag1.py
[2024-06-08T09:58:15.973+0000] {processor.py:830} INFO - Processing file /opt/airflow/dags/trigger_dag_run_dag1.py for tasks to queue
[2024-06-08T09:58:15.974+0000] {logging_mixin.py:188} INFO - [2024-06-08T09:58:15.974+0000] {dagbag.py:540} INFO - Filling up the DagBag from /opt/airflow/dags/trigger_dag_run_dag1.py
[2024-06-08T09:58:15.983+0000] {processor.py:840} INFO - DAG(s) 'trigger_dag_run_dag1' retrieved from /opt/airflow/dags/trigger_dag_run_dag1.py
[2024-06-08T09:58:16.003+0000] {logging_mixin.py:188} INFO - [2024-06-08T09:58:16.003+0000] {dag.py:3047} INFO - Sync 1 DAGs
[2024-06-08T09:58:16.011+0000] {logging_mixin.py:188} INFO - [2024-06-08T09:58:16.011+0000] {dag.py:3834} INFO - Setting next_dagrun for trigger_dag_run_dag1 to None, run_after=None
[2024-06-08T09:58:16.023+0000] {processor.py:183} INFO - Processing /opt/airflow/dags/trigger_dag_run_dag1.py took 0.053 seconds
