[2024-06-08T09:45:35.626+0000] {processor.py:161} INFO - Started process (PID=44) to work on /opt/airflow/dags/xcom.py
[2024-06-08T09:45:35.628+0000] {processor.py:830} INFO - Processing file /opt/airflow/dags/xcom.py for tasks to queue
[2024-06-08T09:45:35.632+0000] {logging_mixin.py:188} INFO - [2024-06-08T09:45:35.632+0000] {dagbag.py:540} INFO - Filling up the DagBag from /opt/airflow/dags/xcom.py
[2024-06-08T09:45:35.668+0000] {processor.py:840} INFO - DAG(s) 'xcom' retrieved from /opt/airflow/dags/xcom.py
[2024-06-08T09:45:35.786+0000] {logging_mixin.py:188} INFO - [2024-06-08T09:45:35.786+0000] {dag.py:3047} INFO - Sync 1 DAGs
[2024-06-08T09:45:35.813+0000] {logging_mixin.py:188} INFO - [2024-06-08T09:45:35.813+0000] {dag.py:3834} INFO - Setting next_dagrun for xcom to None, run_after=None
[2024-06-08T09:45:35.855+0000] {processor.py:183} INFO - Processing /opt/airflow/dags/xcom.py took 0.230 seconds
[2024-06-08T09:46:06.495+0000] {processor.py:161} INFO - Started process (PID=65) to work on /opt/airflow/dags/xcom.py
[2024-06-08T09:46:06.496+0000] {processor.py:830} INFO - Processing file /opt/airflow/dags/xcom.py for tasks to queue
[2024-06-08T09:46:06.499+0000] {logging_mixin.py:188} INFO - [2024-06-08T09:46:06.499+0000] {dagbag.py:540} INFO - Filling up the DagBag from /opt/airflow/dags/xcom.py
[2024-06-08T09:46:06.511+0000] {processor.py:840} INFO - DAG(s) 'xcom' retrieved from /opt/airflow/dags/xcom.py
[2024-06-08T09:46:06.536+0000] {logging_mixin.py:188} INFO - [2024-06-08T09:46:06.536+0000] {dag.py:3047} INFO - Sync 1 DAGs
[2024-06-08T09:46:06.555+0000] {logging_mixin.py:188} INFO - [2024-06-08T09:46:06.555+0000] {dag.py:3834} INFO - Setting next_dagrun for xcom to None, run_after=None
[2024-06-08T09:46:06.572+0000] {processor.py:183} INFO - Processing /opt/airflow/dags/xcom.py took 0.079 seconds
[2024-06-08T09:46:36.819+0000] {processor.py:161} INFO - Started process (PID=86) to work on /opt/airflow/dags/xcom.py
[2024-06-08T09:46:36.820+0000] {processor.py:830} INFO - Processing file /opt/airflow/dags/xcom.py for tasks to queue
[2024-06-08T09:46:36.822+0000] {logging_mixin.py:188} INFO - [2024-06-08T09:46:36.821+0000] {dagbag.py:540} INFO - Filling up the DagBag from /opt/airflow/dags/xcom.py
[2024-06-08T09:46:36.836+0000] {processor.py:840} INFO - DAG(s) 'xcom' retrieved from /opt/airflow/dags/xcom.py
[2024-06-08T09:46:36.862+0000] {logging_mixin.py:188} INFO - [2024-06-08T09:46:36.861+0000] {dag.py:3047} INFO - Sync 1 DAGs
[2024-06-08T09:46:36.879+0000] {logging_mixin.py:188} INFO - [2024-06-08T09:46:36.879+0000] {dag.py:3834} INFO - Setting next_dagrun for xcom to None, run_after=None
[2024-06-08T09:46:36.897+0000] {processor.py:183} INFO - Processing /opt/airflow/dags/xcom.py took 0.080 seconds
[2024-06-08T09:47:07.061+0000] {processor.py:161} INFO - Started process (PID=107) to work on /opt/airflow/dags/xcom.py
[2024-06-08T09:47:07.062+0000] {processor.py:830} INFO - Processing file /opt/airflow/dags/xcom.py for tasks to queue
[2024-06-08T09:47:07.064+0000] {logging_mixin.py:188} INFO - [2024-06-08T09:47:07.063+0000] {dagbag.py:540} INFO - Filling up the DagBag from /opt/airflow/dags/xcom.py
[2024-06-08T09:47:07.076+0000] {processor.py:840} INFO - DAG(s) 'xcom' retrieved from /opt/airflow/dags/xcom.py
[2024-06-08T09:47:07.098+0000] {logging_mixin.py:188} INFO - [2024-06-08T09:47:07.097+0000] {dag.py:3047} INFO - Sync 1 DAGs
[2024-06-08T09:47:07.113+0000] {logging_mixin.py:188} INFO - [2024-06-08T09:47:07.113+0000] {dag.py:3834} INFO - Setting next_dagrun for xcom to None, run_after=None
[2024-06-08T09:47:07.130+0000] {processor.py:183} INFO - Processing /opt/airflow/dags/xcom.py took 0.070 seconds
[2024-06-08T09:47:37.655+0000] {processor.py:161} INFO - Started process (PID=128) to work on /opt/airflow/dags/xcom.py
[2024-06-08T09:47:37.655+0000] {processor.py:830} INFO - Processing file /opt/airflow/dags/xcom.py for tasks to queue
[2024-06-08T09:47:37.656+0000] {logging_mixin.py:188} INFO - [2024-06-08T09:47:37.656+0000] {dagbag.py:540} INFO - Filling up the DagBag from /opt/airflow/dags/xcom.py
[2024-06-08T09:47:37.666+0000] {processor.py:840} INFO - DAG(s) 'xcom' retrieved from /opt/airflow/dags/xcom.py
[2024-06-08T09:47:37.684+0000] {logging_mixin.py:188} INFO - [2024-06-08T09:47:37.684+0000] {dag.py:3047} INFO - Sync 1 DAGs
[2024-06-08T09:47:37.699+0000] {logging_mixin.py:188} INFO - [2024-06-08T09:47:37.699+0000] {dag.py:3834} INFO - Setting next_dagrun for xcom to None, run_after=None
[2024-06-08T09:47:37.722+0000] {processor.py:183} INFO - Processing /opt/airflow/dags/xcom.py took 0.069 seconds
[2024-06-08T09:48:07.973+0000] {processor.py:161} INFO - Started process (PID=150) to work on /opt/airflow/dags/xcom.py
[2024-06-08T09:48:07.974+0000] {processor.py:830} INFO - Processing file /opt/airflow/dags/xcom.py for tasks to queue
[2024-06-08T09:48:07.975+0000] {logging_mixin.py:188} INFO - [2024-06-08T09:48:07.974+0000] {dagbag.py:540} INFO - Filling up the DagBag from /opt/airflow/dags/xcom.py
[2024-06-08T09:48:07.987+0000] {processor.py:840} INFO - DAG(s) 'xcom' retrieved from /opt/airflow/dags/xcom.py
[2024-06-08T09:48:08.011+0000] {logging_mixin.py:188} INFO - [2024-06-08T09:48:08.011+0000] {dag.py:3047} INFO - Sync 1 DAGs
[2024-06-08T09:48:08.030+0000] {logging_mixin.py:188} INFO - [2024-06-08T09:48:08.029+0000] {dag.py:3834} INFO - Setting next_dagrun for xcom to None, run_after=None
[2024-06-08T09:48:08.043+0000] {processor.py:183} INFO - Processing /opt/airflow/dags/xcom.py took 0.071 seconds
[2024-06-08T09:48:38.317+0000] {processor.py:161} INFO - Started process (PID=171) to work on /opt/airflow/dags/xcom.py
[2024-06-08T09:48:38.317+0000] {processor.py:830} INFO - Processing file /opt/airflow/dags/xcom.py for tasks to queue
[2024-06-08T09:48:38.318+0000] {logging_mixin.py:188} INFO - [2024-06-08T09:48:38.318+0000] {dagbag.py:540} INFO - Filling up the DagBag from /opt/airflow/dags/xcom.py
[2024-06-08T09:48:38.329+0000] {processor.py:840} INFO - DAG(s) 'xcom' retrieved from /opt/airflow/dags/xcom.py
[2024-06-08T09:48:38.351+0000] {logging_mixin.py:188} INFO - [2024-06-08T09:48:38.351+0000] {dag.py:3047} INFO - Sync 1 DAGs
[2024-06-08T09:48:38.369+0000] {logging_mixin.py:188} INFO - [2024-06-08T09:48:38.368+0000] {dag.py:3834} INFO - Setting next_dagrun for xcom to None, run_after=None
[2024-06-08T09:48:38.389+0000] {processor.py:183} INFO - Processing /opt/airflow/dags/xcom.py took 0.074 seconds
[2024-06-08T09:49:08.799+0000] {processor.py:161} INFO - Started process (PID=192) to work on /opt/airflow/dags/xcom.py
[2024-06-08T09:49:08.800+0000] {processor.py:830} INFO - Processing file /opt/airflow/dags/xcom.py for tasks to queue
[2024-06-08T09:49:08.801+0000] {logging_mixin.py:188} INFO - [2024-06-08T09:49:08.801+0000] {dagbag.py:540} INFO - Filling up the DagBag from /opt/airflow/dags/xcom.py
[2024-06-08T09:49:08.811+0000] {processor.py:840} INFO - DAG(s) 'xcom' retrieved from /opt/airflow/dags/xcom.py
[2024-06-08T09:49:08.832+0000] {logging_mixin.py:188} INFO - [2024-06-08T09:49:08.832+0000] {dag.py:3047} INFO - Sync 1 DAGs
[2024-06-08T09:49:08.847+0000] {logging_mixin.py:188} INFO - [2024-06-08T09:49:08.847+0000] {dag.py:3834} INFO - Setting next_dagrun for xcom to None, run_after=None
[2024-06-08T09:49:08.859+0000] {processor.py:183} INFO - Processing /opt/airflow/dags/xcom.py took 0.062 seconds
[2024-06-08T09:49:38.951+0000] {processor.py:161} INFO - Started process (PID=213) to work on /opt/airflow/dags/xcom.py
[2024-06-08T09:49:38.952+0000] {processor.py:830} INFO - Processing file /opt/airflow/dags/xcom.py for tasks to queue
[2024-06-08T09:49:38.953+0000] {logging_mixin.py:188} INFO - [2024-06-08T09:49:38.953+0000] {dagbag.py:540} INFO - Filling up the DagBag from /opt/airflow/dags/xcom.py
[2024-06-08T09:49:38.970+0000] {processor.py:840} INFO - DAG(s) 'xcom' retrieved from /opt/airflow/dags/xcom.py
[2024-06-08T09:49:38.994+0000] {logging_mixin.py:188} INFO - [2024-06-08T09:49:38.993+0000] {dag.py:3047} INFO - Sync 1 DAGs
[2024-06-08T09:49:39.011+0000] {logging_mixin.py:188} INFO - [2024-06-08T09:49:39.010+0000] {dag.py:3834} INFO - Setting next_dagrun for xcom to None, run_after=None
[2024-06-08T09:49:39.024+0000] {processor.py:183} INFO - Processing /opt/airflow/dags/xcom.py took 0.075 seconds
[2024-06-08T09:50:09.216+0000] {processor.py:161} INFO - Started process (PID=234) to work on /opt/airflow/dags/xcom.py
[2024-06-08T09:50:09.216+0000] {processor.py:830} INFO - Processing file /opt/airflow/dags/xcom.py for tasks to queue
[2024-06-08T09:50:09.218+0000] {logging_mixin.py:188} INFO - [2024-06-08T09:50:09.217+0000] {dagbag.py:540} INFO - Filling up the DagBag from /opt/airflow/dags/xcom.py
[2024-06-08T09:50:09.229+0000] {processor.py:840} INFO - DAG(s) 'xcom' retrieved from /opt/airflow/dags/xcom.py
[2024-06-08T09:50:09.250+0000] {logging_mixin.py:188} INFO - [2024-06-08T09:50:09.250+0000] {dag.py:3047} INFO - Sync 1 DAGs
[2024-06-08T09:50:09.266+0000] {logging_mixin.py:188} INFO - [2024-06-08T09:50:09.266+0000] {dag.py:3834} INFO - Setting next_dagrun for xcom to None, run_after=None
[2024-06-08T09:50:09.278+0000] {processor.py:183} INFO - Processing /opt/airflow/dags/xcom.py took 0.064 seconds
[2024-06-08T09:50:39.890+0000] {processor.py:161} INFO - Started process (PID=256) to work on /opt/airflow/dags/xcom.py
[2024-06-08T09:50:39.891+0000] {processor.py:830} INFO - Processing file /opt/airflow/dags/xcom.py for tasks to queue
[2024-06-08T09:50:39.892+0000] {logging_mixin.py:188} INFO - [2024-06-08T09:50:39.892+0000] {dagbag.py:540} INFO - Filling up the DagBag from /opt/airflow/dags/xcom.py
[2024-06-08T09:50:39.903+0000] {processor.py:840} INFO - DAG(s) 'xcom' retrieved from /opt/airflow/dags/xcom.py
[2024-06-08T09:50:39.922+0000] {logging_mixin.py:188} INFO - [2024-06-08T09:50:39.922+0000] {dag.py:3047} INFO - Sync 1 DAGs
[2024-06-08T09:50:39.937+0000] {logging_mixin.py:188} INFO - [2024-06-08T09:50:39.936+0000] {dag.py:3834} INFO - Setting next_dagrun for xcom to None, run_after=None
[2024-06-08T09:50:39.955+0000] {processor.py:183} INFO - Processing /opt/airflow/dags/xcom.py took 0.066 seconds
[2024-06-08T09:51:10.339+0000] {processor.py:161} INFO - Started process (PID=278) to work on /opt/airflow/dags/xcom.py
[2024-06-08T09:51:10.340+0000] {processor.py:830} INFO - Processing file /opt/airflow/dags/xcom.py for tasks to queue
[2024-06-08T09:51:10.341+0000] {logging_mixin.py:188} INFO - [2024-06-08T09:51:10.341+0000] {dagbag.py:540} INFO - Filling up the DagBag from /opt/airflow/dags/xcom.py
[2024-06-08T09:51:10.351+0000] {processor.py:840} INFO - DAG(s) 'xcom' retrieved from /opt/airflow/dags/xcom.py
[2024-06-08T09:51:10.383+0000] {logging_mixin.py:188} INFO - [2024-06-08T09:51:10.383+0000] {dag.py:3047} INFO - Sync 1 DAGs
[2024-06-08T09:51:10.401+0000] {logging_mixin.py:188} INFO - [2024-06-08T09:51:10.401+0000] {dag.py:3834} INFO - Setting next_dagrun for xcom to None, run_after=None
[2024-06-08T09:51:10.424+0000] {processor.py:183} INFO - Processing /opt/airflow/dags/xcom.py took 0.086 seconds
[2024-06-08T09:51:40.766+0000] {processor.py:161} INFO - Started process (PID=300) to work on /opt/airflow/dags/xcom.py
[2024-06-08T09:51:40.766+0000] {processor.py:830} INFO - Processing file /opt/airflow/dags/xcom.py for tasks to queue
[2024-06-08T09:51:40.767+0000] {logging_mixin.py:188} INFO - [2024-06-08T09:51:40.767+0000] {dagbag.py:540} INFO - Filling up the DagBag from /opt/airflow/dags/xcom.py
[2024-06-08T09:51:40.784+0000] {processor.py:840} INFO - DAG(s) 'xcom' retrieved from /opt/airflow/dags/xcom.py
[2024-06-08T09:51:40.806+0000] {logging_mixin.py:188} INFO - [2024-06-08T09:51:40.806+0000] {dag.py:3047} INFO - Sync 1 DAGs
[2024-06-08T09:51:40.822+0000] {logging_mixin.py:188} INFO - [2024-06-08T09:51:40.822+0000] {dag.py:3834} INFO - Setting next_dagrun for xcom to None, run_after=None
[2024-06-08T09:51:40.837+0000] {processor.py:183} INFO - Processing /opt/airflow/dags/xcom.py took 0.073 seconds
[2024-06-08T09:52:11.047+0000] {processor.py:161} INFO - Started process (PID=322) to work on /opt/airflow/dags/xcom.py
[2024-06-08T09:52:11.048+0000] {processor.py:830} INFO - Processing file /opt/airflow/dags/xcom.py for tasks to queue
[2024-06-08T09:52:11.049+0000] {logging_mixin.py:188} INFO - [2024-06-08T09:52:11.049+0000] {dagbag.py:540} INFO - Filling up the DagBag from /opt/airflow/dags/xcom.py
[2024-06-08T09:52:11.060+0000] {processor.py:840} INFO - DAG(s) 'xcom' retrieved from /opt/airflow/dags/xcom.py
[2024-06-08T09:52:11.079+0000] {logging_mixin.py:188} INFO - [2024-06-08T09:52:11.079+0000] {dag.py:3047} INFO - Sync 1 DAGs
[2024-06-08T09:52:11.101+0000] {logging_mixin.py:188} INFO - [2024-06-08T09:52:11.101+0000] {dag.py:3834} INFO - Setting next_dagrun for xcom to None, run_after=None
[2024-06-08T09:52:11.116+0000] {processor.py:183} INFO - Processing /opt/airflow/dags/xcom.py took 0.071 seconds
[2024-06-08T09:52:41.372+0000] {processor.py:161} INFO - Started process (PID=344) to work on /opt/airflow/dags/xcom.py
[2024-06-08T09:52:41.372+0000] {processor.py:830} INFO - Processing file /opt/airflow/dags/xcom.py for tasks to queue
[2024-06-08T09:52:41.374+0000] {logging_mixin.py:188} INFO - [2024-06-08T09:52:41.373+0000] {dagbag.py:540} INFO - Filling up the DagBag from /opt/airflow/dags/xcom.py
[2024-06-08T09:52:41.386+0000] {processor.py:840} INFO - DAG(s) 'xcom' retrieved from /opt/airflow/dags/xcom.py
[2024-06-08T09:52:41.409+0000] {logging_mixin.py:188} INFO - [2024-06-08T09:52:41.409+0000] {dag.py:3047} INFO - Sync 1 DAGs
[2024-06-08T09:52:41.426+0000] {logging_mixin.py:188} INFO - [2024-06-08T09:52:41.425+0000] {dag.py:3834} INFO - Setting next_dagrun for xcom to None, run_after=None
[2024-06-08T09:52:41.439+0000] {processor.py:183} INFO - Processing /opt/airflow/dags/xcom.py took 0.069 seconds
[2024-06-08T09:53:11.698+0000] {processor.py:161} INFO - Started process (PID=366) to work on /opt/airflow/dags/xcom.py
[2024-06-08T09:53:11.699+0000] {processor.py:830} INFO - Processing file /opt/airflow/dags/xcom.py for tasks to queue
[2024-06-08T09:53:11.700+0000] {logging_mixin.py:188} INFO - [2024-06-08T09:53:11.700+0000] {dagbag.py:540} INFO - Filling up the DagBag from /opt/airflow/dags/xcom.py
[2024-06-08T09:53:11.715+0000] {processor.py:840} INFO - DAG(s) 'xcom' retrieved from /opt/airflow/dags/xcom.py
[2024-06-08T09:53:11.742+0000] {logging_mixin.py:188} INFO - [2024-06-08T09:53:11.742+0000] {dag.py:3047} INFO - Sync 1 DAGs
[2024-06-08T09:53:11.758+0000] {logging_mixin.py:188} INFO - [2024-06-08T09:53:11.758+0000] {dag.py:3834} INFO - Setting next_dagrun for xcom to None, run_after=None
[2024-06-08T09:53:11.778+0000] {processor.py:183} INFO - Processing /opt/airflow/dags/xcom.py took 0.082 seconds
[2024-06-08T09:53:42.190+0000] {processor.py:161} INFO - Started process (PID=389) to work on /opt/airflow/dags/xcom.py
[2024-06-08T09:53:42.191+0000] {processor.py:830} INFO - Processing file /opt/airflow/dags/xcom.py for tasks to queue
[2024-06-08T09:53:42.192+0000] {logging_mixin.py:188} INFO - [2024-06-08T09:53:42.192+0000] {dagbag.py:540} INFO - Filling up the DagBag from /opt/airflow/dags/xcom.py
[2024-06-08T09:53:42.205+0000] {processor.py:840} INFO - DAG(s) 'xcom' retrieved from /opt/airflow/dags/xcom.py
[2024-06-08T09:53:42.232+0000] {logging_mixin.py:188} INFO - [2024-06-08T09:53:42.232+0000] {dag.py:3047} INFO - Sync 1 DAGs
[2024-06-08T09:53:42.250+0000] {logging_mixin.py:188} INFO - [2024-06-08T09:53:42.250+0000] {dag.py:3834} INFO - Setting next_dagrun for xcom to None, run_after=None
[2024-06-08T09:53:42.264+0000] {processor.py:183} INFO - Processing /opt/airflow/dags/xcom.py took 0.076 seconds
[2024-06-08T09:54:12.471+0000] {processor.py:161} INFO - Started process (PID=411) to work on /opt/airflow/dags/xcom.py
[2024-06-08T09:54:12.472+0000] {processor.py:830} INFO - Processing file /opt/airflow/dags/xcom.py for tasks to queue
[2024-06-08T09:54:12.473+0000] {logging_mixin.py:188} INFO - [2024-06-08T09:54:12.473+0000] {dagbag.py:540} INFO - Filling up the DagBag from /opt/airflow/dags/xcom.py
[2024-06-08T09:54:12.490+0000] {processor.py:840} INFO - DAG(s) 'xcom' retrieved from /opt/airflow/dags/xcom.py
[2024-06-08T09:54:12.512+0000] {logging_mixin.py:188} INFO - [2024-06-08T09:54:12.512+0000] {dag.py:3047} INFO - Sync 1 DAGs
[2024-06-08T09:54:12.530+0000] {logging_mixin.py:188} INFO - [2024-06-08T09:54:12.530+0000] {dag.py:3834} INFO - Setting next_dagrun for xcom to None, run_after=None
[2024-06-08T09:54:12.544+0000] {processor.py:183} INFO - Processing /opt/airflow/dags/xcom.py took 0.075 seconds
[2024-06-08T09:54:43.314+0000] {processor.py:161} INFO - Started process (PID=433) to work on /opt/airflow/dags/xcom.py
[2024-06-08T09:54:43.315+0000] {processor.py:830} INFO - Processing file /opt/airflow/dags/xcom.py for tasks to queue
[2024-06-08T09:54:43.317+0000] {logging_mixin.py:188} INFO - [2024-06-08T09:54:43.316+0000] {dagbag.py:540} INFO - Filling up the DagBag from /opt/airflow/dags/xcom.py
[2024-06-08T09:54:43.332+0000] {processor.py:840} INFO - DAG(s) 'xcom' retrieved from /opt/airflow/dags/xcom.py
[2024-06-08T09:54:43.364+0000] {logging_mixin.py:188} INFO - [2024-06-08T09:54:43.364+0000] {dag.py:3047} INFO - Sync 1 DAGs
[2024-06-08T09:54:43.382+0000] {logging_mixin.py:188} INFO - [2024-06-08T09:54:43.382+0000] {dag.py:3834} INFO - Setting next_dagrun for xcom to None, run_after=None
[2024-06-08T09:54:43.411+0000] {processor.py:183} INFO - Processing /opt/airflow/dags/xcom.py took 0.099 seconds
[2024-06-08T09:55:13.637+0000] {processor.py:161} INFO - Started process (PID=456) to work on /opt/airflow/dags/xcom.py
[2024-06-08T09:55:13.638+0000] {processor.py:830} INFO - Processing file /opt/airflow/dags/xcom.py for tasks to queue
[2024-06-08T09:55:13.639+0000] {logging_mixin.py:188} INFO - [2024-06-08T09:55:13.639+0000] {dagbag.py:540} INFO - Filling up the DagBag from /opt/airflow/dags/xcom.py
[2024-06-08T09:55:13.653+0000] {processor.py:840} INFO - DAG(s) 'xcom' retrieved from /opt/airflow/dags/xcom.py
[2024-06-08T09:55:13.678+0000] {logging_mixin.py:188} INFO - [2024-06-08T09:55:13.677+0000] {dag.py:3047} INFO - Sync 1 DAGs
[2024-06-08T09:55:13.695+0000] {logging_mixin.py:188} INFO - [2024-06-08T09:55:13.695+0000] {dag.py:3834} INFO - Setting next_dagrun for xcom to None, run_after=None
[2024-06-08T09:55:13.710+0000] {processor.py:183} INFO - Processing /opt/airflow/dags/xcom.py took 0.075 seconds
[2024-06-08T09:55:43.972+0000] {processor.py:161} INFO - Started process (PID=482) to work on /opt/airflow/dags/xcom.py
[2024-06-08T09:55:43.972+0000] {processor.py:830} INFO - Processing file /opt/airflow/dags/xcom.py for tasks to queue
[2024-06-08T09:55:43.975+0000] {logging_mixin.py:188} INFO - [2024-06-08T09:55:43.974+0000] {dagbag.py:540} INFO - Filling up the DagBag from /opt/airflow/dags/xcom.py
[2024-06-08T09:55:43.986+0000] {processor.py:840} INFO - DAG(s) 'xcom' retrieved from /opt/airflow/dags/xcom.py
[2024-06-08T09:55:44.014+0000] {logging_mixin.py:188} INFO - [2024-06-08T09:55:44.014+0000] {dag.py:3047} INFO - Sync 1 DAGs
[2024-06-08T09:55:44.037+0000] {logging_mixin.py:188} INFO - [2024-06-08T09:55:44.036+0000] {dag.py:3834} INFO - Setting next_dagrun for xcom to None, run_after=None
[2024-06-08T09:55:44.052+0000] {processor.py:183} INFO - Processing /opt/airflow/dags/xcom.py took 0.082 seconds
[2024-06-08T09:56:14.253+0000] {processor.py:161} INFO - Started process (PID=504) to work on /opt/airflow/dags/xcom.py
[2024-06-08T09:56:14.253+0000] {processor.py:830} INFO - Processing file /opt/airflow/dags/xcom.py for tasks to queue
[2024-06-08T09:56:14.254+0000] {logging_mixin.py:188} INFO - [2024-06-08T09:56:14.254+0000] {dagbag.py:540} INFO - Filling up the DagBag from /opt/airflow/dags/xcom.py
[2024-06-08T09:56:14.266+0000] {processor.py:840} INFO - DAG(s) 'xcom' retrieved from /opt/airflow/dags/xcom.py
[2024-06-08T09:56:14.287+0000] {logging_mixin.py:188} INFO - [2024-06-08T09:56:14.287+0000] {dag.py:3047} INFO - Sync 1 DAGs
[2024-06-08T09:56:14.305+0000] {logging_mixin.py:188} INFO - [2024-06-08T09:56:14.304+0000] {dag.py:3834} INFO - Setting next_dagrun for xcom to None, run_after=None
[2024-06-08T09:56:14.318+0000] {processor.py:183} INFO - Processing /opt/airflow/dags/xcom.py took 0.067 seconds
[2024-06-08T09:56:44.776+0000] {processor.py:161} INFO - Started process (PID=526) to work on /opt/airflow/dags/xcom.py
[2024-06-08T09:56:44.776+0000] {processor.py:830} INFO - Processing file /opt/airflow/dags/xcom.py for tasks to queue
[2024-06-08T09:56:44.778+0000] {logging_mixin.py:188} INFO - [2024-06-08T09:56:44.777+0000] {dagbag.py:540} INFO - Filling up the DagBag from /opt/airflow/dags/xcom.py
[2024-06-08T09:56:44.790+0000] {processor.py:840} INFO - DAG(s) 'xcom' retrieved from /opt/airflow/dags/xcom.py
[2024-06-08T09:56:44.810+0000] {logging_mixin.py:188} INFO - [2024-06-08T09:56:44.810+0000] {dag.py:3047} INFO - Sync 1 DAGs
[2024-06-08T09:56:44.825+0000] {logging_mixin.py:188} INFO - [2024-06-08T09:56:44.825+0000] {dag.py:3834} INFO - Setting next_dagrun for xcom to None, run_after=None
[2024-06-08T09:56:44.841+0000] {processor.py:183} INFO - Processing /opt/airflow/dags/xcom.py took 0.067 seconds
[2024-06-08T09:57:14.961+0000] {processor.py:161} INFO - Started process (PID=548) to work on /opt/airflow/dags/xcom.py
[2024-06-08T09:57:14.962+0000] {processor.py:830} INFO - Processing file /opt/airflow/dags/xcom.py for tasks to queue
[2024-06-08T09:57:14.963+0000] {logging_mixin.py:188} INFO - [2024-06-08T09:57:14.963+0000] {dagbag.py:540} INFO - Filling up the DagBag from /opt/airflow/dags/xcom.py
[2024-06-08T09:57:14.974+0000] {processor.py:840} INFO - DAG(s) 'xcom' retrieved from /opt/airflow/dags/xcom.py
[2024-06-08T09:57:14.993+0000] {logging_mixin.py:188} INFO - [2024-06-08T09:57:14.992+0000] {dag.py:3047} INFO - Sync 1 DAGs
[2024-06-08T09:57:15.007+0000] {logging_mixin.py:188} INFO - [2024-06-08T09:57:15.007+0000] {dag.py:3834} INFO - Setting next_dagrun for xcom to None, run_after=None
[2024-06-08T09:57:15.025+0000] {processor.py:183} INFO - Processing /opt/airflow/dags/xcom.py took 0.065 seconds
[2024-06-08T09:57:45.425+0000] {processor.py:161} INFO - Started process (PID=570) to work on /opt/airflow/dags/xcom.py
[2024-06-08T09:57:45.426+0000] {processor.py:830} INFO - Processing file /opt/airflow/dags/xcom.py for tasks to queue
[2024-06-08T09:57:45.427+0000] {logging_mixin.py:188} INFO - [2024-06-08T09:57:45.427+0000] {dagbag.py:540} INFO - Filling up the DagBag from /opt/airflow/dags/xcom.py
[2024-06-08T09:57:45.449+0000] {processor.py:840} INFO - DAG(s) 'xcom' retrieved from /opt/airflow/dags/xcom.py
[2024-06-08T09:57:45.474+0000] {logging_mixin.py:188} INFO - [2024-06-08T09:57:45.473+0000] {dag.py:3047} INFO - Sync 1 DAGs
[2024-06-08T09:57:45.492+0000] {logging_mixin.py:188} INFO - [2024-06-08T09:57:45.492+0000] {dag.py:3834} INFO - Setting next_dagrun for xcom to None, run_after=None
[2024-06-08T09:57:45.512+0000] {processor.py:183} INFO - Processing /opt/airflow/dags/xcom.py took 0.088 seconds
[2024-06-08T09:58:16.055+0000] {processor.py:161} INFO - Started process (PID=592) to work on /opt/airflow/dags/xcom.py
[2024-06-08T09:58:16.056+0000] {processor.py:830} INFO - Processing file /opt/airflow/dags/xcom.py for tasks to queue
[2024-06-08T09:58:16.058+0000] {logging_mixin.py:188} INFO - [2024-06-08T09:58:16.058+0000] {dagbag.py:540} INFO - Filling up the DagBag from /opt/airflow/dags/xcom.py
[2024-06-08T09:58:16.075+0000] {processor.py:840} INFO - DAG(s) 'xcom' retrieved from /opt/airflow/dags/xcom.py
[2024-06-08T09:58:16.101+0000] {logging_mixin.py:188} INFO - [2024-06-08T09:58:16.101+0000] {dag.py:3047} INFO - Sync 1 DAGs
[2024-06-08T09:58:16.117+0000] {logging_mixin.py:188} INFO - [2024-06-08T09:58:16.117+0000] {dag.py:3834} INFO - Setting next_dagrun for xcom to None, run_after=None
[2024-06-08T09:58:16.130+0000] {processor.py:183} INFO - Processing /opt/airflow/dags/xcom.py took 0.079 seconds
