[2024-03-01T15:47:30.404+0000] {logging_mixin.py:188} INFO - Changing /opt/***/logs/dag_id=pool/run_id=scheduled__2024-01-06T00:00:00+00:00/task_id=task_6 permission to 509
[2024-03-01T15:47:30.408+0000] {logging_mixin.py:188} INFO - Changing /opt/***/logs/dag_id=pool/run_id=scheduled__2024-01-06T00:00:00+00:00 permission to 509
[2024-03-01T15:47:30.411+0000] {logging_mixin.py:188} INFO - Changing /opt/***/logs/dag_id=pool permission to 509
[2024-03-01T15:47:30.414+0000] {logging_mixin.py:188} INFO - Changing /opt/***/logs permission to 509
[2024-03-01T15:47:30.509+0000] {logging_mixin.py:188} INFO - Changing /opt/***/logs/dag_id=pool/run_id=scheduled__2024-01-06T00:00:00+00:00/task_id=task_6 permission to 509
[2024-03-01T15:47:30.514+0000] {logging_mixin.py:188} INFO - Changing /opt/***/logs/dag_id=pool/run_id=scheduled__2024-01-06T00:00:00+00:00 permission to 509
[2024-03-01T15:47:30.520+0000] {logging_mixin.py:188} INFO - Changing /opt/***/logs/dag_id=pool permission to 509
[2024-03-01T15:47:30.522+0000] {logging_mixin.py:188} INFO - Changing /opt/***/logs permission to 509
[2024-03-01T15:47:30.580+0000] {taskinstance.py:1979} INFO - Dependencies all met for dep_context=non-requeueable deps ti=<TaskInstance: pool.task_6 scheduled__2024-01-06T00:00:00+00:00 [queued]>
[2024-03-01T15:47:30.590+0000] {taskinstance.py:1979} INFO - Dependencies all met for dep_context=requeueable deps ti=<TaskInstance: pool.task_6 scheduled__2024-01-06T00:00:00+00:00 [queued]>
[2024-03-01T15:47:30.590+0000] {taskinstance.py:2193} INFO - Starting attempt 1 of 3
[2024-03-01T15:47:30.608+0000] {taskinstance.py:2214} INFO - Executing <Task(BashOperator): task_6> on 2024-01-06 00:00:00+00:00
[2024-03-01T15:47:30.612+0000] {standard_task_runner.py:60} INFO - Started process 758 to run task
[2024-03-01T15:47:30.614+0000] {standard_task_runner.py:87} INFO - Running: ['***', 'tasks', 'run', 'pool', 'task_6', 'scheduled__2024-01-06T00:00:00+00:00', '--job-id', '172', '--raw', '--subdir', 'DAGS_FOLDER/pool.py', '--cfg-path', '/tmp/tmpwap7ta44']
[2024-03-01T15:47:30.615+0000] {standard_task_runner.py:88} INFO - Job 172: Subtask task_6
[2024-03-01T15:47:30.730+0000] {logging_mixin.py:188} INFO - Changing /opt/***/logs/dag_id=pool/run_id=scheduled__2024-01-06T00:00:00+00:00/task_id=task_6 permission to 509
[2024-03-01T15:47:30.732+0000] {logging_mixin.py:188} INFO - Changing /opt/***/logs/dag_id=pool/run_id=scheduled__2024-01-06T00:00:00+00:00 permission to 509
[2024-03-01T15:47:30.734+0000] {logging_mixin.py:188} INFO - Changing /opt/***/logs/dag_id=pool permission to 509
[2024-03-01T15:47:30.735+0000] {logging_mixin.py:188} INFO - Changing /opt/***/logs permission to 509
[2024-03-01T15:47:30.738+0000] {task_command.py:423} INFO - Running <TaskInstance: pool.task_6 scheduled__2024-01-06T00:00:00+00:00 [running]> on host 68829ac68ce6
[2024-03-01T15:47:30.881+0000] {taskinstance.py:2510} INFO - Exporting env vars: AIRFLOW_CTX_DAG_OWNER='vutt' AIRFLOW_CTX_DAG_ID='pool' AIRFLOW_CTX_TASK_ID='task_6' AIRFLOW_CTX_EXECUTION_DATE='2024-01-06T00:00:00+00:00' AIRFLOW_CTX_TRY_NUMBER='1' AIRFLOW_CTX_DAG_RUN_ID='scheduled__2024-01-06T00:00:00+00:00'
[2024-03-01T15:47:30.882+0000] {subprocess.py:63} INFO - Tmp dir root location: /tmp
[2024-03-01T15:47:30.883+0000] {subprocess.py:75} INFO - Running command: ['/usr/bin/bash', '-c', 'echo task_6']
[2024-03-01T15:47:30.890+0000] {subprocess.py:86} INFO - Output:
[2024-03-01T15:47:30.890+0000] {subprocess.py:93} INFO - task_6
[2024-03-01T15:47:30.891+0000] {subprocess.py:97} INFO - Command exited with return code 0
[2024-03-01T15:47:30.965+0000] {taskinstance.py:1149} INFO - Marking task as SUCCESS. dag_id=pool, task_id=task_6, execution_date=20240106T000000, start_date=20240301T154730, end_date=20240301T154730
[2024-03-01T15:47:31.027+0000] {local_task_job_runner.py:234} INFO - Task exited with return code 0
[2024-03-01T15:47:31.131+0000] {taskinstance.py:3309} INFO - 0 downstream tasks scheduled from follow-on schedule check
