[2024-02-28T06:02:02.550+0000] {logging_mixin.py:188} INFO - Changing /opt/***/logs/dag_id=deferrable_operator/run_id=manual__2024-02-28T06:00:58.139345+00:00/task_id=print_reach_event permission to 509
[2024-02-28T06:02:02.552+0000] {logging_mixin.py:188} INFO - Changing /opt/***/logs/dag_id=deferrable_operator/run_id=manual__2024-02-28T06:00:58.139345+00:00 permission to 509
[2024-02-28T06:02:02.556+0000] {logging_mixin.py:188} INFO - Changing /opt/***/logs/dag_id=deferrable_operator permission to 509
[2024-02-28T06:02:02.557+0000] {logging_mixin.py:188} INFO - Changing /opt/***/logs permission to 509
[2024-02-28T06:02:02.626+0000] {logging_mixin.py:188} INFO - Changing /opt/***/logs/dag_id=deferrable_operator/run_id=manual__2024-02-28T06:00:58.139345+00:00/task_id=print_reach_event permission to 509
[2024-02-28T06:02:02.627+0000] {logging_mixin.py:188} INFO - Changing /opt/***/logs/dag_id=deferrable_operator/run_id=manual__2024-02-28T06:00:58.139345+00:00 permission to 509
[2024-02-28T06:02:02.629+0000] {logging_mixin.py:188} INFO - Changing /opt/***/logs/dag_id=deferrable_operator permission to 509
[2024-02-28T06:02:02.630+0000] {logging_mixin.py:188} INFO - Changing /opt/***/logs permission to 509
[2024-02-28T06:02:02.659+0000] {taskinstance.py:1979} INFO - Dependencies all met for dep_context=non-requeueable deps ti=<TaskInstance: deferrable_operator.print_reach_event manual__2024-02-28T06:00:58.139345+00:00 [queued]>
[2024-02-28T06:02:02.665+0000] {taskinstance.py:1979} INFO - Dependencies all met for dep_context=requeueable deps ti=<TaskInstance: deferrable_operator.print_reach_event manual__2024-02-28T06:00:58.139345+00:00 [queued]>
[2024-02-28T06:02:02.666+0000] {taskinstance.py:2193} INFO - Starting attempt 1 of 3
[2024-02-28T06:02:02.675+0000] {taskinstance.py:2214} INFO - Executing <Task(PythonOperator): print_reach_event> on 2024-02-28 06:00:58.139345+00:00
[2024-02-28T06:02:02.678+0000] {standard_task_runner.py:60} INFO - Started process 3331 to run task
[2024-02-28T06:02:02.680+0000] {standard_task_runner.py:87} INFO - Running: ['***', 'tasks', 'run', 'deferrable_operator', 'print_reach_event', 'manual__2024-02-28T06:00:58.139345+00:00', '--job-id', '76', '--raw', '--subdir', 'DAGS_FOLDER/deferrable_operator.py', '--cfg-path', '/tmp/tmp_24bqrpd']
[2024-02-28T06:02:02.681+0000] {standard_task_runner.py:88} INFO - Job 76: Subtask print_reach_event
[2024-02-28T06:02:02.756+0000] {logging_mixin.py:188} INFO - Changing /opt/***/logs/dag_id=deferrable_operator/run_id=manual__2024-02-28T06:00:58.139345+00:00/task_id=print_reach_event permission to 509
[2024-02-28T06:02:02.757+0000] {logging_mixin.py:188} INFO - Changing /opt/***/logs/dag_id=deferrable_operator/run_id=manual__2024-02-28T06:00:58.139345+00:00 permission to 509
[2024-02-28T06:02:02.758+0000] {logging_mixin.py:188} INFO - Changing /opt/***/logs/dag_id=deferrable_operator permission to 509
[2024-02-28T06:02:02.758+0000] {logging_mixin.py:188} INFO - Changing /opt/***/logs permission to 509
[2024-02-28T06:02:02.759+0000] {task_command.py:423} INFO - Running <TaskInstance: deferrable_operator.print_reach_event manual__2024-02-28T06:00:58.139345+00:00 [running]> on host 68829ac68ce6
[2024-02-28T06:02:02.867+0000] {taskinstance.py:2510} INFO - Exporting env vars: AIRFLOW_CTX_DAG_OWNER='vutt' AIRFLOW_CTX_DAG_ID='deferrable_operator' AIRFLOW_CTX_TASK_ID='print_reach_event' AIRFLOW_CTX_EXECUTION_DATE='2024-02-28T06:00:58.139345+00:00' AIRFLOW_CTX_TRY_NUMBER='1' AIRFLOW_CTX_DAG_RUN_ID='manual__2024-02-28T06:00:58.139345+00:00'
[2024-02-28T06:02:02.868+0000] {logging_mixin.py:188} INFO - reach event
[2024-02-28T06:02:02.868+0000] {python.py:202} INFO - Done. Returned value was: None
[2024-02-28T06:02:02.881+0000] {taskinstance.py:1149} INFO - Marking task as SUCCESS. dag_id=deferrable_operator, task_id=print_reach_event, execution_date=20240228T060058, start_date=20240228T060202, end_date=20240228T060202
[2024-02-28T06:02:02.933+0000] {local_task_job_runner.py:234} INFO - Task exited with return code 0
[2024-02-28T06:02:02.983+0000] {taskinstance.py:3309} INFO - 0 downstream tasks scheduled from follow-on schedule check
