[2024-03-01T15:47:22.620+0000] {logging_mixin.py:188} INFO - Changing /opt/***/logs/dag_id=pool/run_id=scheduled__2024-01-01T00:00:00+00:00/task_id=task_6 permission to 509
[2024-03-01T15:47:22.623+0000] {logging_mixin.py:188} INFO - Changing /opt/***/logs/dag_id=pool/run_id=scheduled__2024-01-01T00:00:00+00:00 permission to 509
[2024-03-01T15:47:22.627+0000] {logging_mixin.py:188} INFO - Changing /opt/***/logs/dag_id=pool permission to 509
[2024-03-01T15:47:22.630+0000] {logging_mixin.py:188} INFO - Changing /opt/***/logs permission to 509
[2024-03-01T15:47:22.729+0000] {logging_mixin.py:188} INFO - Changing /opt/***/logs/dag_id=pool/run_id=scheduled__2024-01-01T00:00:00+00:00/task_id=task_6 permission to 509
[2024-03-01T15:47:22.732+0000] {logging_mixin.py:188} INFO - Changing /opt/***/logs/dag_id=pool/run_id=scheduled__2024-01-01T00:00:00+00:00 permission to 509
[2024-03-01T15:47:22.735+0000] {logging_mixin.py:188} INFO - Changing /opt/***/logs/dag_id=pool permission to 509
[2024-03-01T15:47:22.738+0000] {logging_mixin.py:188} INFO - Changing /opt/***/logs permission to 509
[2024-03-01T15:47:22.800+0000] {taskinstance.py:1979} INFO - Dependencies all met for dep_context=non-requeueable deps ti=<TaskInstance: pool.task_6 scheduled__2024-01-01T00:00:00+00:00 [queued]>
[2024-03-01T15:47:22.811+0000] {taskinstance.py:1979} INFO - Dependencies all met for dep_context=requeueable deps ti=<TaskInstance: pool.task_6 scheduled__2024-01-01T00:00:00+00:00 [queued]>
[2024-03-01T15:47:22.812+0000] {taskinstance.py:2193} INFO - Starting attempt 1 of 3
[2024-03-01T15:47:22.861+0000] {taskinstance.py:2214} INFO - Executing <Task(BashOperator): task_6> on 2024-01-01 00:00:00+00:00
[2024-03-01T15:47:22.865+0000] {standard_task_runner.py:60} INFO - Started process 684 to run task
[2024-03-01T15:47:22.868+0000] {standard_task_runner.py:87} INFO - Running: ['***', 'tasks', 'run', 'pool', 'task_6', 'scheduled__2024-01-01T00:00:00+00:00', '--job-id', '146', '--raw', '--subdir', 'DAGS_FOLDER/pool.py', '--cfg-path', '/tmp/tmp2ktongta']
[2024-03-01T15:47:22.869+0000] {standard_task_runner.py:88} INFO - Job 146: Subtask task_6
[2024-03-01T15:47:22.982+0000] {logging_mixin.py:188} INFO - Changing /opt/***/logs/dag_id=pool/run_id=scheduled__2024-01-01T00:00:00+00:00/task_id=task_6 permission to 509
[2024-03-01T15:47:22.983+0000] {logging_mixin.py:188} INFO - Changing /opt/***/logs/dag_id=pool/run_id=scheduled__2024-01-01T00:00:00+00:00 permission to 509
[2024-03-01T15:47:22.984+0000] {logging_mixin.py:188} INFO - Changing /opt/***/logs/dag_id=pool permission to 509
[2024-03-01T15:47:22.985+0000] {logging_mixin.py:188} INFO - Changing /opt/***/logs permission to 509
[2024-03-01T15:47:22.987+0000] {task_command.py:423} INFO - Running <TaskInstance: pool.task_6 scheduled__2024-01-01T00:00:00+00:00 [running]> on host 68829ac68ce6
[2024-03-01T15:47:23.151+0000] {taskinstance.py:2510} INFO - Exporting env vars: AIRFLOW_CTX_DAG_OWNER='vutt' AIRFLOW_CTX_DAG_ID='pool' AIRFLOW_CTX_TASK_ID='task_6' AIRFLOW_CTX_EXECUTION_DATE='2024-01-01T00:00:00+00:00' AIRFLOW_CTX_TRY_NUMBER='1' AIRFLOW_CTX_DAG_RUN_ID='scheduled__2024-01-01T00:00:00+00:00'
[2024-03-01T15:47:23.152+0000] {subprocess.py:63} INFO - Tmp dir root location: /tmp
[2024-03-01T15:47:23.153+0000] {subprocess.py:75} INFO - Running command: ['/usr/bin/bash', '-c', 'echo task_6']
[2024-03-01T15:47:23.160+0000] {subprocess.py:86} INFO - Output:
[2024-03-01T15:47:23.161+0000] {subprocess.py:93} INFO - task_6
[2024-03-01T15:47:23.162+0000] {subprocess.py:97} INFO - Command exited with return code 0
[2024-03-01T15:47:23.239+0000] {taskinstance.py:1149} INFO - Marking task as SUCCESS. dag_id=pool, task_id=task_6, execution_date=20240101T000000, start_date=20240301T154722, end_date=20240301T154723
[2024-03-01T15:47:23.282+0000] {local_task_job_runner.py:234} INFO - Task exited with return code 0
[2024-03-01T15:47:23.334+0000] {taskinstance.py:3309} INFO - 0 downstream tasks scheduled from follow-on schedule check
