[2024-04-04T16:18:58.475+0000] {processor.py:161} INFO - Started process (PID=54) to work on /opt/airflow/dags/bash_operator.py
[2024-04-04T16:18:58.476+0000] {processor.py:830} INFO - Processing file /opt/airflow/dags/bash_operator.py for tasks to queue
[2024-04-04T16:18:58.477+0000] {logging_mixin.py:188} INFO - [2024-04-04T16:18:58.477+0000] {dagbag.py:540} INFO - Filling up the DagBag from /opt/airflow/dags/bash_operator.py
[2024-04-04T16:18:58.489+0000] {processor.py:840} INFO - DAG(s) 'bash_operator' retrieved from /opt/airflow/dags/bash_operator.py
[2024-04-04T16:18:58.567+0000] {logging_mixin.py:188} INFO - [2024-04-04T16:18:58.566+0000] {dag.py:3047} INFO - Sync 1 DAGs
[2024-04-04T16:18:58.588+0000] {logging_mixin.py:188} INFO - [2024-04-04T16:18:58.588+0000] {dag.py:3834} INFO - Setting next_dagrun for bash_operator to None, run_after=None
[2024-04-04T16:18:58.610+0000] {processor.py:183} INFO - Processing /opt/airflow/dags/bash_operator.py took 0.138 seconds
[2024-04-04T16:19:28.662+0000] {processor.py:161} INFO - Started process (PID=75) to work on /opt/airflow/dags/bash_operator.py
[2024-04-04T16:19:28.663+0000] {processor.py:830} INFO - Processing file /opt/airflow/dags/bash_operator.py for tasks to queue
[2024-04-04T16:19:28.665+0000] {logging_mixin.py:188} INFO - [2024-04-04T16:19:28.665+0000] {dagbag.py:540} INFO - Filling up the DagBag from /opt/airflow/dags/bash_operator.py
[2024-04-04T16:19:28.675+0000] {processor.py:840} INFO - DAG(s) 'bash_operator' retrieved from /opt/airflow/dags/bash_operator.py
[2024-04-04T16:19:28.697+0000] {logging_mixin.py:188} INFO - [2024-04-04T16:19:28.697+0000] {dag.py:3047} INFO - Sync 1 DAGs
[2024-04-04T16:19:28.715+0000] {logging_mixin.py:188} INFO - [2024-04-04T16:19:28.715+0000] {dag.py:3834} INFO - Setting next_dagrun for bash_operator to None, run_after=None
[2024-04-04T16:19:28.730+0000] {processor.py:183} INFO - Processing /opt/airflow/dags/bash_operator.py took 0.070 seconds
[2024-04-04T16:19:58.969+0000] {processor.py:161} INFO - Started process (PID=96) to work on /opt/airflow/dags/bash_operator.py
[2024-04-04T16:19:58.970+0000] {processor.py:830} INFO - Processing file /opt/airflow/dags/bash_operator.py for tasks to queue
[2024-04-04T16:19:58.972+0000] {logging_mixin.py:188} INFO - [2024-04-04T16:19:58.972+0000] {dagbag.py:540} INFO - Filling up the DagBag from /opt/airflow/dags/bash_operator.py
[2024-04-04T16:19:58.985+0000] {processor.py:840} INFO - DAG(s) 'bash_operator' retrieved from /opt/airflow/dags/bash_operator.py
[2024-04-04T16:19:59.008+0000] {logging_mixin.py:188} INFO - [2024-04-04T16:19:59.008+0000] {dag.py:3047} INFO - Sync 1 DAGs
[2024-04-04T16:19:59.026+0000] {logging_mixin.py:188} INFO - [2024-04-04T16:19:59.026+0000] {dag.py:3834} INFO - Setting next_dagrun for bash_operator to None, run_after=None
[2024-04-04T16:19:59.039+0000] {processor.py:183} INFO - Processing /opt/airflow/dags/bash_operator.py took 0.072 seconds
[2024-04-04T16:20:29.468+0000] {processor.py:161} INFO - Started process (PID=119) to work on /opt/airflow/dags/bash_operator.py
[2024-04-04T16:20:29.469+0000] {processor.py:830} INFO - Processing file /opt/airflow/dags/bash_operator.py for tasks to queue
[2024-04-04T16:20:29.471+0000] {logging_mixin.py:188} INFO - [2024-04-04T16:20:29.471+0000] {dagbag.py:540} INFO - Filling up the DagBag from /opt/airflow/dags/bash_operator.py
[2024-04-04T16:20:29.485+0000] {processor.py:840} INFO - DAG(s) 'bash_operator' retrieved from /opt/airflow/dags/bash_operator.py
[2024-04-04T16:20:29.506+0000] {logging_mixin.py:188} INFO - [2024-04-04T16:20:29.506+0000] {dag.py:3047} INFO - Sync 1 DAGs
[2024-04-04T16:20:29.526+0000] {logging_mixin.py:188} INFO - [2024-04-04T16:20:29.526+0000] {dag.py:3834} INFO - Setting next_dagrun for bash_operator to None, run_after=None
[2024-04-04T16:20:29.538+0000] {processor.py:183} INFO - Processing /opt/airflow/dags/bash_operator.py took 0.073 seconds
[2024-04-04T16:20:59.877+0000] {processor.py:161} INFO - Started process (PID=141) to work on /opt/airflow/dags/bash_operator.py
[2024-04-04T16:20:59.877+0000] {processor.py:830} INFO - Processing file /opt/airflow/dags/bash_operator.py for tasks to queue
[2024-04-04T16:20:59.878+0000] {logging_mixin.py:188} INFO - [2024-04-04T16:20:59.878+0000] {dagbag.py:540} INFO - Filling up the DagBag from /opt/airflow/dags/bash_operator.py
[2024-04-04T16:20:59.890+0000] {processor.py:840} INFO - DAG(s) 'bash_operator' retrieved from /opt/airflow/dags/bash_operator.py
[2024-04-04T16:20:59.929+0000] {logging_mixin.py:188} INFO - [2024-04-04T16:20:59.929+0000] {dag.py:3047} INFO - Sync 1 DAGs
[2024-04-04T16:20:59.953+0000] {logging_mixin.py:188} INFO - [2024-04-04T16:20:59.953+0000] {dag.py:3834} INFO - Setting next_dagrun for bash_operator to None, run_after=None
[2024-04-04T16:20:59.980+0000] {processor.py:183} INFO - Processing /opt/airflow/dags/bash_operator.py took 0.105 seconds
[2024-04-04T16:21:30.268+0000] {processor.py:161} INFO - Started process (PID=162) to work on /opt/airflow/dags/bash_operator.py
[2024-04-04T16:21:30.269+0000] {processor.py:830} INFO - Processing file /opt/airflow/dags/bash_operator.py for tasks to queue
[2024-04-04T16:21:30.270+0000] {logging_mixin.py:188} INFO - [2024-04-04T16:21:30.270+0000] {dagbag.py:540} INFO - Filling up the DagBag from /opt/airflow/dags/bash_operator.py
[2024-04-04T16:21:30.282+0000] {processor.py:840} INFO - DAG(s) 'bash_operator' retrieved from /opt/airflow/dags/bash_operator.py
[2024-04-04T16:21:30.308+0000] {logging_mixin.py:188} INFO - [2024-04-04T16:21:30.308+0000] {dag.py:3047} INFO - Sync 1 DAGs
[2024-04-04T16:21:30.328+0000] {logging_mixin.py:188} INFO - [2024-04-04T16:21:30.328+0000] {dag.py:3834} INFO - Setting next_dagrun for bash_operator to None, run_after=None
[2024-04-04T16:21:30.344+0000] {processor.py:183} INFO - Processing /opt/airflow/dags/bash_operator.py took 0.077 seconds
[2024-04-04T16:22:00.672+0000] {processor.py:161} INFO - Started process (PID=183) to work on /opt/airflow/dags/bash_operator.py
[2024-04-04T16:22:00.673+0000] {processor.py:830} INFO - Processing file /opt/airflow/dags/bash_operator.py for tasks to queue
[2024-04-04T16:22:00.674+0000] {logging_mixin.py:188} INFO - [2024-04-04T16:22:00.674+0000] {dagbag.py:540} INFO - Filling up the DagBag from /opt/airflow/dags/bash_operator.py
[2024-04-04T16:22:00.692+0000] {processor.py:840} INFO - DAG(s) 'bash_operator' retrieved from /opt/airflow/dags/bash_operator.py
[2024-04-04T16:22:00.720+0000] {logging_mixin.py:188} INFO - [2024-04-04T16:22:00.720+0000] {dag.py:3047} INFO - Sync 1 DAGs
[2024-04-04T16:22:00.740+0000] {logging_mixin.py:188} INFO - [2024-04-04T16:22:00.740+0000] {dag.py:3834} INFO - Setting next_dagrun for bash_operator to None, run_after=None
[2024-04-04T16:22:00.758+0000] {processor.py:183} INFO - Processing /opt/airflow/dags/bash_operator.py took 0.089 seconds
[2024-04-04T16:22:30.981+0000] {processor.py:161} INFO - Started process (PID=204) to work on /opt/airflow/dags/bash_operator.py
[2024-04-04T16:22:30.982+0000] {processor.py:830} INFO - Processing file /opt/airflow/dags/bash_operator.py for tasks to queue
[2024-04-04T16:22:30.983+0000] {logging_mixin.py:188} INFO - [2024-04-04T16:22:30.983+0000] {dagbag.py:540} INFO - Filling up the DagBag from /opt/airflow/dags/bash_operator.py
[2024-04-04T16:22:30.997+0000] {processor.py:840} INFO - DAG(s) 'bash_operator' retrieved from /opt/airflow/dags/bash_operator.py
[2024-04-04T16:22:31.026+0000] {logging_mixin.py:188} INFO - [2024-04-04T16:22:31.026+0000] {dag.py:3047} INFO - Sync 1 DAGs
[2024-04-04T16:22:31.043+0000] {logging_mixin.py:188} INFO - [2024-04-04T16:22:31.042+0000] {dag.py:3834} INFO - Setting next_dagrun for bash_operator to None, run_after=None
[2024-04-04T16:22:31.058+0000] {processor.py:183} INFO - Processing /opt/airflow/dags/bash_operator.py took 0.079 seconds
[2024-04-04T16:23:01.453+0000] {processor.py:161} INFO - Started process (PID=227) to work on /opt/airflow/dags/bash_operator.py
[2024-04-04T16:23:01.453+0000] {processor.py:830} INFO - Processing file /opt/airflow/dags/bash_operator.py for tasks to queue
[2024-04-04T16:23:01.454+0000] {logging_mixin.py:188} INFO - [2024-04-04T16:23:01.454+0000] {dagbag.py:540} INFO - Filling up the DagBag from /opt/airflow/dags/bash_operator.py
[2024-04-04T16:23:01.467+0000] {processor.py:840} INFO - DAG(s) 'bash_operator' retrieved from /opt/airflow/dags/bash_operator.py
[2024-04-04T16:23:01.488+0000] {logging_mixin.py:188} INFO - [2024-04-04T16:23:01.488+0000] {dag.py:3047} INFO - Sync 1 DAGs
[2024-04-04T16:23:01.506+0000] {logging_mixin.py:188} INFO - [2024-04-04T16:23:01.506+0000] {dag.py:3834} INFO - Setting next_dagrun for bash_operator to None, run_after=None
[2024-04-04T16:23:01.522+0000] {processor.py:183} INFO - Processing /opt/airflow/dags/bash_operator.py took 0.072 seconds
[2024-04-04T16:23:31.896+0000] {processor.py:161} INFO - Started process (PID=250) to work on /opt/airflow/dags/bash_operator.py
[2024-04-04T16:23:31.897+0000] {processor.py:830} INFO - Processing file /opt/airflow/dags/bash_operator.py for tasks to queue
[2024-04-04T16:23:31.897+0000] {logging_mixin.py:188} INFO - [2024-04-04T16:23:31.897+0000] {dagbag.py:540} INFO - Filling up the DagBag from /opt/airflow/dags/bash_operator.py
[2024-04-04T16:23:31.911+0000] {processor.py:840} INFO - DAG(s) 'bash_operator' retrieved from /opt/airflow/dags/bash_operator.py
[2024-04-04T16:23:31.939+0000] {logging_mixin.py:188} INFO - [2024-04-04T16:23:31.939+0000] {dag.py:3047} INFO - Sync 1 DAGs
[2024-04-04T16:23:31.959+0000] {logging_mixin.py:188} INFO - [2024-04-04T16:23:31.959+0000] {dag.py:3834} INFO - Setting next_dagrun for bash_operator to None, run_after=None
[2024-04-04T16:23:31.975+0000] {processor.py:183} INFO - Processing /opt/airflow/dags/bash_operator.py took 0.081 seconds
[2024-04-04T16:24:02.353+0000] {processor.py:161} INFO - Started process (PID=271) to work on /opt/airflow/dags/bash_operator.py
[2024-04-04T16:24:02.354+0000] {processor.py:830} INFO - Processing file /opt/airflow/dags/bash_operator.py for tasks to queue
[2024-04-04T16:24:02.355+0000] {logging_mixin.py:188} INFO - [2024-04-04T16:24:02.355+0000] {dagbag.py:540} INFO - Filling up the DagBag from /opt/airflow/dags/bash_operator.py
[2024-04-04T16:24:02.367+0000] {processor.py:840} INFO - DAG(s) 'bash_operator' retrieved from /opt/airflow/dags/bash_operator.py
[2024-04-04T16:24:02.391+0000] {logging_mixin.py:188} INFO - [2024-04-04T16:24:02.391+0000] {dag.py:3047} INFO - Sync 1 DAGs
[2024-04-04T16:24:02.408+0000] {logging_mixin.py:188} INFO - [2024-04-04T16:24:02.408+0000] {dag.py:3834} INFO - Setting next_dagrun for bash_operator to None, run_after=None
[2024-04-04T16:24:02.426+0000] {processor.py:183} INFO - Processing /opt/airflow/dags/bash_operator.py took 0.075 seconds
[2024-04-04T16:24:32.862+0000] {processor.py:161} INFO - Started process (PID=292) to work on /opt/airflow/dags/bash_operator.py
[2024-04-04T16:24:32.863+0000] {processor.py:830} INFO - Processing file /opt/airflow/dags/bash_operator.py for tasks to queue
[2024-04-04T16:24:32.864+0000] {logging_mixin.py:188} INFO - [2024-04-04T16:24:32.863+0000] {dagbag.py:540} INFO - Filling up the DagBag from /opt/airflow/dags/bash_operator.py
[2024-04-04T16:24:32.876+0000] {processor.py:840} INFO - DAG(s) 'bash_operator' retrieved from /opt/airflow/dags/bash_operator.py
[2024-04-04T16:24:32.903+0000] {logging_mixin.py:188} INFO - [2024-04-04T16:24:32.903+0000] {dag.py:3047} INFO - Sync 1 DAGs
[2024-04-04T16:24:32.925+0000] {logging_mixin.py:188} INFO - [2024-04-04T16:24:32.925+0000] {dag.py:3834} INFO - Setting next_dagrun for bash_operator to None, run_after=None
[2024-04-04T16:24:32.941+0000] {processor.py:183} INFO - Processing /opt/airflow/dags/bash_operator.py took 0.080 seconds
[2024-04-04T16:25:03.218+0000] {processor.py:161} INFO - Started process (PID=313) to work on /opt/airflow/dags/bash_operator.py
[2024-04-04T16:25:03.219+0000] {processor.py:830} INFO - Processing file /opt/airflow/dags/bash_operator.py for tasks to queue
[2024-04-04T16:25:03.220+0000] {logging_mixin.py:188} INFO - [2024-04-04T16:25:03.220+0000] {dagbag.py:540} INFO - Filling up the DagBag from /opt/airflow/dags/bash_operator.py
[2024-04-04T16:25:03.234+0000] {processor.py:840} INFO - DAG(s) 'bash_operator' retrieved from /opt/airflow/dags/bash_operator.py
[2024-04-04T16:25:03.260+0000] {logging_mixin.py:188} INFO - [2024-04-04T16:25:03.260+0000] {dag.py:3047} INFO - Sync 1 DAGs
[2024-04-04T16:25:03.279+0000] {logging_mixin.py:188} INFO - [2024-04-04T16:25:03.279+0000] {dag.py:3834} INFO - Setting next_dagrun for bash_operator to None, run_after=None
[2024-04-04T16:25:03.293+0000] {processor.py:183} INFO - Processing /opt/airflow/dags/bash_operator.py took 0.077 seconds
[2024-04-04T16:25:33.515+0000] {processor.py:161} INFO - Started process (PID=334) to work on /opt/airflow/dags/bash_operator.py
[2024-04-04T16:25:33.516+0000] {processor.py:830} INFO - Processing file /opt/airflow/dags/bash_operator.py for tasks to queue
[2024-04-04T16:25:33.517+0000] {logging_mixin.py:188} INFO - [2024-04-04T16:25:33.516+0000] {dagbag.py:540} INFO - Filling up the DagBag from /opt/airflow/dags/bash_operator.py
[2024-04-04T16:25:33.530+0000] {processor.py:840} INFO - DAG(s) 'bash_operator' retrieved from /opt/airflow/dags/bash_operator.py
[2024-04-04T16:25:33.558+0000] {logging_mixin.py:188} INFO - [2024-04-04T16:25:33.557+0000] {dag.py:3047} INFO - Sync 1 DAGs
[2024-04-04T16:25:33.576+0000] {logging_mixin.py:188} INFO - [2024-04-04T16:25:33.576+0000] {dag.py:3834} INFO - Setting next_dagrun for bash_operator to None, run_after=None
[2024-04-04T16:25:33.595+0000] {processor.py:183} INFO - Processing /opt/airflow/dags/bash_operator.py took 0.083 seconds
[2024-04-04T16:26:03.960+0000] {processor.py:161} INFO - Started process (PID=355) to work on /opt/airflow/dags/bash_operator.py
[2024-04-04T16:26:03.961+0000] {processor.py:830} INFO - Processing file /opt/airflow/dags/bash_operator.py for tasks to queue
[2024-04-04T16:26:03.961+0000] {logging_mixin.py:188} INFO - [2024-04-04T16:26:03.961+0000] {dagbag.py:540} INFO - Filling up the DagBag from /opt/airflow/dags/bash_operator.py
[2024-04-04T16:26:03.972+0000] {processor.py:840} INFO - DAG(s) 'bash_operator' retrieved from /opt/airflow/dags/bash_operator.py
[2024-04-04T16:26:03.997+0000] {logging_mixin.py:188} INFO - [2024-04-04T16:26:03.997+0000] {dag.py:3047} INFO - Sync 1 DAGs
[2024-04-04T16:26:04.015+0000] {logging_mixin.py:188} INFO - [2024-04-04T16:26:04.015+0000] {dag.py:3834} INFO - Setting next_dagrun for bash_operator to None, run_after=None
[2024-04-04T16:26:04.041+0000] {processor.py:183} INFO - Processing /opt/airflow/dags/bash_operator.py took 0.083 seconds
[2024-04-04T16:26:34.401+0000] {processor.py:161} INFO - Started process (PID=376) to work on /opt/airflow/dags/bash_operator.py
[2024-04-04T16:26:34.402+0000] {processor.py:830} INFO - Processing file /opt/airflow/dags/bash_operator.py for tasks to queue
[2024-04-04T16:26:34.403+0000] {logging_mixin.py:188} INFO - [2024-04-04T16:26:34.403+0000] {dagbag.py:540} INFO - Filling up the DagBag from /opt/airflow/dags/bash_operator.py
[2024-04-04T16:26:34.421+0000] {processor.py:840} INFO - DAG(s) 'bash_operator' retrieved from /opt/airflow/dags/bash_operator.py
[2024-04-04T16:26:34.443+0000] {logging_mixin.py:188} INFO - [2024-04-04T16:26:34.443+0000] {dag.py:3047} INFO - Sync 1 DAGs
[2024-04-04T16:26:34.466+0000] {logging_mixin.py:188} INFO - [2024-04-04T16:26:34.466+0000] {dag.py:3834} INFO - Setting next_dagrun for bash_operator to None, run_after=None
[2024-04-04T16:26:34.482+0000] {processor.py:183} INFO - Processing /opt/airflow/dags/bash_operator.py took 0.083 seconds
[2024-04-04T16:27:04.932+0000] {processor.py:161} INFO - Started process (PID=397) to work on /opt/airflow/dags/bash_operator.py
[2024-04-04T16:27:04.933+0000] {processor.py:830} INFO - Processing file /opt/airflow/dags/bash_operator.py for tasks to queue
[2024-04-04T16:27:04.933+0000] {logging_mixin.py:188} INFO - [2024-04-04T16:27:04.933+0000] {dagbag.py:540} INFO - Filling up the DagBag from /opt/airflow/dags/bash_operator.py
[2024-04-04T16:27:04.944+0000] {processor.py:840} INFO - DAG(s) 'bash_operator' retrieved from /opt/airflow/dags/bash_operator.py
[2024-04-04T16:27:04.966+0000] {logging_mixin.py:188} INFO - [2024-04-04T16:27:04.966+0000] {dag.py:3047} INFO - Sync 1 DAGs
[2024-04-04T16:27:04.989+0000] {logging_mixin.py:188} INFO - [2024-04-04T16:27:04.989+0000] {dag.py:3834} INFO - Setting next_dagrun for bash_operator to None, run_after=None
[2024-04-04T16:27:05.006+0000] {processor.py:183} INFO - Processing /opt/airflow/dags/bash_operator.py took 0.076 seconds
[2024-04-04T16:27:35.185+0000] {processor.py:161} INFO - Started process (PID=418) to work on /opt/airflow/dags/bash_operator.py
[2024-04-04T16:27:35.186+0000] {processor.py:830} INFO - Processing file /opt/airflow/dags/bash_operator.py for tasks to queue
[2024-04-04T16:27:35.187+0000] {logging_mixin.py:188} INFO - [2024-04-04T16:27:35.187+0000] {dagbag.py:540} INFO - Filling up the DagBag from /opt/airflow/dags/bash_operator.py
[2024-04-04T16:27:35.199+0000] {processor.py:840} INFO - DAG(s) 'bash_operator' retrieved from /opt/airflow/dags/bash_operator.py
[2024-04-04T16:27:35.220+0000] {logging_mixin.py:188} INFO - [2024-04-04T16:27:35.220+0000] {dag.py:3047} INFO - Sync 1 DAGs
[2024-04-04T16:27:35.243+0000] {logging_mixin.py:188} INFO - [2024-04-04T16:27:35.242+0000] {dag.py:3834} INFO - Setting next_dagrun for bash_operator to None, run_after=None
[2024-04-04T16:27:35.268+0000] {processor.py:183} INFO - Processing /opt/airflow/dags/bash_operator.py took 0.084 seconds
[2024-04-04T16:28:05.614+0000] {processor.py:161} INFO - Started process (PID=439) to work on /opt/airflow/dags/bash_operator.py
[2024-04-04T16:28:05.615+0000] {processor.py:830} INFO - Processing file /opt/airflow/dags/bash_operator.py for tasks to queue
[2024-04-04T16:28:05.616+0000] {logging_mixin.py:188} INFO - [2024-04-04T16:28:05.616+0000] {dagbag.py:540} INFO - Filling up the DagBag from /opt/airflow/dags/bash_operator.py
[2024-04-04T16:28:05.632+0000] {processor.py:840} INFO - DAG(s) 'bash_operator' retrieved from /opt/airflow/dags/bash_operator.py
[2024-04-04T16:28:05.656+0000] {logging_mixin.py:188} INFO - [2024-04-04T16:28:05.656+0000] {dag.py:3047} INFO - Sync 1 DAGs
[2024-04-04T16:28:05.673+0000] {logging_mixin.py:188} INFO - [2024-04-04T16:28:05.673+0000] {dag.py:3834} INFO - Setting next_dagrun for bash_operator to None, run_after=None
[2024-04-04T16:28:05.687+0000] {processor.py:183} INFO - Processing /opt/airflow/dags/bash_operator.py took 0.075 seconds
[2024-04-04T16:28:36.175+0000] {processor.py:161} INFO - Started process (PID=460) to work on /opt/airflow/dags/bash_operator.py
[2024-04-04T16:28:36.176+0000] {processor.py:830} INFO - Processing file /opt/airflow/dags/bash_operator.py for tasks to queue
[2024-04-04T16:28:36.177+0000] {logging_mixin.py:188} INFO - [2024-04-04T16:28:36.176+0000] {dagbag.py:540} INFO - Filling up the DagBag from /opt/airflow/dags/bash_operator.py
[2024-04-04T16:28:36.190+0000] {processor.py:840} INFO - DAG(s) 'bash_operator' retrieved from /opt/airflow/dags/bash_operator.py
[2024-04-04T16:28:36.215+0000] {logging_mixin.py:188} INFO - [2024-04-04T16:28:36.215+0000] {dag.py:3047} INFO - Sync 1 DAGs
[2024-04-04T16:28:36.231+0000] {logging_mixin.py:188} INFO - [2024-04-04T16:28:36.231+0000] {dag.py:3834} INFO - Setting next_dagrun for bash_operator to None, run_after=None
[2024-04-04T16:28:36.258+0000] {processor.py:183} INFO - Processing /opt/airflow/dags/bash_operator.py took 0.085 seconds
