[2024-04-04T16:18:57.282+0000] {processor.py:161} INFO - Started process (PID=43) to work on /opt/airflow/dags/branch_python_operator.py
[2024-04-04T16:18:57.283+0000] {processor.py:830} INFO - Processing file /opt/airflow/dags/branch_python_operator.py for tasks to queue
[2024-04-04T16:18:57.379+0000] {logging_mixin.py:188} INFO - [2024-04-04T16:18:57.379+0000] {dagbag.py:540} INFO - Filling up the DagBag from /opt/airflow/dags/branch_python_operator.py
[2024-04-04T16:18:57.389+0000] {processor.py:840} INFO - DAG(s) 'branch_python_operator' retrieved from /opt/airflow/dags/branch_python_operator.py
[2024-04-04T16:18:57.461+0000] {logging_mixin.py:188} INFO - [2024-04-04T16:18:57.460+0000] {dag.py:3047} INFO - Sync 1 DAGs
[2024-04-04T16:18:57.469+0000] {logging_mixin.py:188} INFO - [2024-04-04T16:18:57.469+0000] {dag.py:3834} INFO - Setting next_dagrun for branch_python_operator to None, run_after=None
[2024-04-04T16:18:57.489+0000] {processor.py:183} INFO - Processing /opt/airflow/dags/branch_python_operator.py took 0.208 seconds
[2024-04-04T16:19:28.039+0000] {processor.py:161} INFO - Started process (PID=64) to work on /opt/airflow/dags/branch_python_operator.py
[2024-04-04T16:19:28.040+0000] {processor.py:830} INFO - Processing file /opt/airflow/dags/branch_python_operator.py for tasks to queue
[2024-04-04T16:19:28.041+0000] {logging_mixin.py:188} INFO - [2024-04-04T16:19:28.041+0000] {dagbag.py:540} INFO - Filling up the DagBag from /opt/airflow/dags/branch_python_operator.py
[2024-04-04T16:19:28.052+0000] {processor.py:840} INFO - DAG(s) 'branch_python_operator' retrieved from /opt/airflow/dags/branch_python_operator.py
[2024-04-04T16:19:28.073+0000] {logging_mixin.py:188} INFO - [2024-04-04T16:19:28.073+0000] {dag.py:3047} INFO - Sync 1 DAGs
[2024-04-04T16:19:28.084+0000] {logging_mixin.py:188} INFO - [2024-04-04T16:19:28.084+0000] {dag.py:3834} INFO - Setting next_dagrun for branch_python_operator to None, run_after=None
[2024-04-04T16:19:28.099+0000] {processor.py:183} INFO - Processing /opt/airflow/dags/branch_python_operator.py took 0.062 seconds
[2024-04-04T16:19:58.379+0000] {processor.py:161} INFO - Started process (PID=85) to work on /opt/airflow/dags/branch_python_operator.py
[2024-04-04T16:19:58.379+0000] {processor.py:830} INFO - Processing file /opt/airflow/dags/branch_python_operator.py for tasks to queue
[2024-04-04T16:19:58.381+0000] {logging_mixin.py:188} INFO - [2024-04-04T16:19:58.381+0000] {dagbag.py:540} INFO - Filling up the DagBag from /opt/airflow/dags/branch_python_operator.py
[2024-04-04T16:19:58.395+0000] {processor.py:840} INFO - DAG(s) 'branch_python_operator' retrieved from /opt/airflow/dags/branch_python_operator.py
[2024-04-04T16:19:58.418+0000] {logging_mixin.py:188} INFO - [2024-04-04T16:19:58.418+0000] {dag.py:3047} INFO - Sync 1 DAGs
[2024-04-04T16:19:58.430+0000] {logging_mixin.py:188} INFO - [2024-04-04T16:19:58.429+0000] {dag.py:3834} INFO - Setting next_dagrun for branch_python_operator to None, run_after=None
[2024-04-04T16:19:58.453+0000] {processor.py:183} INFO - Processing /opt/airflow/dags/branch_python_operator.py took 0.076 seconds
[2024-04-04T16:20:28.585+0000] {processor.py:161} INFO - Started process (PID=108) to work on /opt/airflow/dags/branch_python_operator.py
[2024-04-04T16:20:28.586+0000] {processor.py:830} INFO - Processing file /opt/airflow/dags/branch_python_operator.py for tasks to queue
[2024-04-04T16:20:28.587+0000] {logging_mixin.py:188} INFO - [2024-04-04T16:20:28.587+0000] {dagbag.py:540} INFO - Filling up the DagBag from /opt/airflow/dags/branch_python_operator.py
[2024-04-04T16:20:28.598+0000] {processor.py:840} INFO - DAG(s) 'branch_python_operator' retrieved from /opt/airflow/dags/branch_python_operator.py
[2024-04-04T16:20:28.619+0000] {logging_mixin.py:188} INFO - [2024-04-04T16:20:28.619+0000] {dag.py:3047} INFO - Sync 1 DAGs
[2024-04-04T16:20:28.629+0000] {logging_mixin.py:188} INFO - [2024-04-04T16:20:28.629+0000] {dag.py:3834} INFO - Setting next_dagrun for branch_python_operator to None, run_after=None
[2024-04-04T16:20:28.656+0000] {processor.py:183} INFO - Processing /opt/airflow/dags/branch_python_operator.py took 0.073 seconds
[2024-04-04T16:20:59.143+0000] {processor.py:161} INFO - Started process (PID=130) to work on /opt/airflow/dags/branch_python_operator.py
[2024-04-04T16:20:59.144+0000] {processor.py:830} INFO - Processing file /opt/airflow/dags/branch_python_operator.py for tasks to queue
[2024-04-04T16:20:59.145+0000] {logging_mixin.py:188} INFO - [2024-04-04T16:20:59.144+0000] {dagbag.py:540} INFO - Filling up the DagBag from /opt/airflow/dags/branch_python_operator.py
[2024-04-04T16:20:59.160+0000] {processor.py:840} INFO - DAG(s) 'branch_python_operator' retrieved from /opt/airflow/dags/branch_python_operator.py
[2024-04-04T16:20:59.183+0000] {logging_mixin.py:188} INFO - [2024-04-04T16:20:59.183+0000] {dag.py:3047} INFO - Sync 1 DAGs
[2024-04-04T16:20:59.191+0000] {logging_mixin.py:188} INFO - [2024-04-04T16:20:59.191+0000] {dag.py:3834} INFO - Setting next_dagrun for branch_python_operator to None, run_after=None
[2024-04-04T16:20:59.211+0000] {processor.py:183} INFO - Processing /opt/airflow/dags/branch_python_operator.py took 0.071 seconds
[2024-04-04T16:21:29.439+0000] {processor.py:161} INFO - Started process (PID=151) to work on /opt/airflow/dags/branch_python_operator.py
[2024-04-04T16:21:29.440+0000] {processor.py:830} INFO - Processing file /opt/airflow/dags/branch_python_operator.py for tasks to queue
[2024-04-04T16:21:29.441+0000] {logging_mixin.py:188} INFO - [2024-04-04T16:21:29.440+0000] {dagbag.py:540} INFO - Filling up the DagBag from /opt/airflow/dags/branch_python_operator.py
[2024-04-04T16:21:29.454+0000] {processor.py:840} INFO - DAG(s) 'branch_python_operator' retrieved from /opt/airflow/dags/branch_python_operator.py
[2024-04-04T16:21:29.479+0000] {logging_mixin.py:188} INFO - [2024-04-04T16:21:29.479+0000] {dag.py:3047} INFO - Sync 1 DAGs
[2024-04-04T16:21:29.488+0000] {logging_mixin.py:188} INFO - [2024-04-04T16:21:29.488+0000] {dag.py:3834} INFO - Setting next_dagrun for branch_python_operator to None, run_after=None
[2024-04-04T16:21:29.510+0000] {processor.py:183} INFO - Processing /opt/airflow/dags/branch_python_operator.py took 0.073 seconds
[2024-04-04T16:21:59.972+0000] {processor.py:161} INFO - Started process (PID=172) to work on /opt/airflow/dags/branch_python_operator.py
[2024-04-04T16:21:59.973+0000] {processor.py:830} INFO - Processing file /opt/airflow/dags/branch_python_operator.py for tasks to queue
[2024-04-04T16:21:59.973+0000] {logging_mixin.py:188} INFO - [2024-04-04T16:21:59.973+0000] {dagbag.py:540} INFO - Filling up the DagBag from /opt/airflow/dags/branch_python_operator.py
[2024-04-04T16:21:59.987+0000] {processor.py:840} INFO - DAG(s) 'branch_python_operator' retrieved from /opt/airflow/dags/branch_python_operator.py
[2024-04-04T16:22:00.022+0000] {logging_mixin.py:188} INFO - [2024-04-04T16:22:00.021+0000] {dag.py:3047} INFO - Sync 1 DAGs
[2024-04-04T16:22:00.033+0000] {logging_mixin.py:188} INFO - [2024-04-04T16:22:00.033+0000] {dag.py:3834} INFO - Setting next_dagrun for branch_python_operator to None, run_after=None
[2024-04-04T16:22:00.054+0000] {processor.py:183} INFO - Processing /opt/airflow/dags/branch_python_operator.py took 0.084 seconds
[2024-04-04T16:22:30.277+0000] {processor.py:161} INFO - Started process (PID=193) to work on /opt/airflow/dags/branch_python_operator.py
[2024-04-04T16:22:30.277+0000] {processor.py:830} INFO - Processing file /opt/airflow/dags/branch_python_operator.py for tasks to queue
[2024-04-04T16:22:30.278+0000] {logging_mixin.py:188} INFO - [2024-04-04T16:22:30.278+0000] {dagbag.py:540} INFO - Filling up the DagBag from /opt/airflow/dags/branch_python_operator.py
[2024-04-04T16:22:30.293+0000] {processor.py:840} INFO - DAG(s) 'branch_python_operator' retrieved from /opt/airflow/dags/branch_python_operator.py
[2024-04-04T16:22:30.322+0000] {logging_mixin.py:188} INFO - [2024-04-04T16:22:30.322+0000] {dag.py:3047} INFO - Sync 1 DAGs
[2024-04-04T16:22:30.331+0000] {logging_mixin.py:188} INFO - [2024-04-04T16:22:30.331+0000] {dag.py:3834} INFO - Setting next_dagrun for branch_python_operator to None, run_after=None
[2024-04-04T16:22:30.358+0000] {processor.py:183} INFO - Processing /opt/airflow/dags/branch_python_operator.py took 0.083 seconds
[2024-04-04T16:23:00.858+0000] {processor.py:161} INFO - Started process (PID=216) to work on /opt/airflow/dags/branch_python_operator.py
[2024-04-04T16:23:00.858+0000] {processor.py:830} INFO - Processing file /opt/airflow/dags/branch_python_operator.py for tasks to queue
[2024-04-04T16:23:00.859+0000] {logging_mixin.py:188} INFO - [2024-04-04T16:23:00.859+0000] {dagbag.py:540} INFO - Filling up the DagBag from /opt/airflow/dags/branch_python_operator.py
[2024-04-04T16:23:00.873+0000] {processor.py:840} INFO - DAG(s) 'branch_python_operator' retrieved from /opt/airflow/dags/branch_python_operator.py
[2024-04-04T16:23:00.896+0000] {logging_mixin.py:188} INFO - [2024-04-04T16:23:00.896+0000] {dag.py:3047} INFO - Sync 1 DAGs
[2024-04-04T16:23:00.905+0000] {logging_mixin.py:188} INFO - [2024-04-04T16:23:00.905+0000] {dag.py:3834} INFO - Setting next_dagrun for branch_python_operator to None, run_after=None
[2024-04-04T16:23:00.931+0000] {processor.py:183} INFO - Processing /opt/airflow/dags/branch_python_operator.py took 0.075 seconds
[2024-04-04T16:23:31.296+0000] {processor.py:161} INFO - Started process (PID=239) to work on /opt/airflow/dags/branch_python_operator.py
[2024-04-04T16:23:31.299+0000] {processor.py:830} INFO - Processing file /opt/airflow/dags/branch_python_operator.py for tasks to queue
[2024-04-04T16:23:31.300+0000] {logging_mixin.py:188} INFO - [2024-04-04T16:23:31.300+0000] {dagbag.py:540} INFO - Filling up the DagBag from /opt/airflow/dags/branch_python_operator.py
[2024-04-04T16:23:31.320+0000] {processor.py:840} INFO - DAG(s) 'branch_python_operator' retrieved from /opt/airflow/dags/branch_python_operator.py
[2024-04-04T16:23:31.351+0000] {logging_mixin.py:188} INFO - [2024-04-04T16:23:31.350+0000] {dag.py:3047} INFO - Sync 1 DAGs
[2024-04-04T16:23:31.362+0000] {logging_mixin.py:188} INFO - [2024-04-04T16:23:31.362+0000] {dag.py:3834} INFO - Setting next_dagrun for branch_python_operator to None, run_after=None
[2024-04-04T16:23:31.383+0000] {processor.py:183} INFO - Processing /opt/airflow/dags/branch_python_operator.py took 0.090 seconds
[2024-04-04T16:24:01.665+0000] {processor.py:161} INFO - Started process (PID=260) to work on /opt/airflow/dags/branch_python_operator.py
[2024-04-04T16:24:01.666+0000] {processor.py:830} INFO - Processing file /opt/airflow/dags/branch_python_operator.py for tasks to queue
[2024-04-04T16:24:01.666+0000] {logging_mixin.py:188} INFO - [2024-04-04T16:24:01.666+0000] {dagbag.py:540} INFO - Filling up the DagBag from /opt/airflow/dags/branch_python_operator.py
[2024-04-04T16:24:01.678+0000] {processor.py:840} INFO - DAG(s) 'branch_python_operator' retrieved from /opt/airflow/dags/branch_python_operator.py
[2024-04-04T16:24:01.712+0000] {logging_mixin.py:188} INFO - [2024-04-04T16:24:01.712+0000] {dag.py:3047} INFO - Sync 1 DAGs
[2024-04-04T16:24:01.732+0000] {logging_mixin.py:188} INFO - [2024-04-04T16:24:01.732+0000] {dag.py:3834} INFO - Setting next_dagrun for branch_python_operator to None, run_after=None
[2024-04-04T16:24:01.758+0000] {processor.py:183} INFO - Processing /opt/airflow/dags/branch_python_operator.py took 0.094 seconds
[2024-04-04T16:24:32.090+0000] {processor.py:161} INFO - Started process (PID=281) to work on /opt/airflow/dags/branch_python_operator.py
[2024-04-04T16:24:32.090+0000] {processor.py:830} INFO - Processing file /opt/airflow/dags/branch_python_operator.py for tasks to queue
[2024-04-04T16:24:32.091+0000] {logging_mixin.py:188} INFO - [2024-04-04T16:24:32.091+0000] {dagbag.py:540} INFO - Filling up the DagBag from /opt/airflow/dags/branch_python_operator.py
[2024-04-04T16:24:32.104+0000] {processor.py:840} INFO - DAG(s) 'branch_python_operator' retrieved from /opt/airflow/dags/branch_python_operator.py
[2024-04-04T16:24:32.126+0000] {logging_mixin.py:188} INFO - [2024-04-04T16:24:32.126+0000] {dag.py:3047} INFO - Sync 1 DAGs
[2024-04-04T16:24:32.136+0000] {logging_mixin.py:188} INFO - [2024-04-04T16:24:32.135+0000] {dag.py:3834} INFO - Setting next_dagrun for branch_python_operator to None, run_after=None
[2024-04-04T16:24:32.165+0000] {processor.py:183} INFO - Processing /opt/airflow/dags/branch_python_operator.py took 0.078 seconds
[2024-04-04T16:25:02.610+0000] {processor.py:161} INFO - Started process (PID=302) to work on /opt/airflow/dags/branch_python_operator.py
[2024-04-04T16:25:02.610+0000] {processor.py:830} INFO - Processing file /opt/airflow/dags/branch_python_operator.py for tasks to queue
[2024-04-04T16:25:02.611+0000] {logging_mixin.py:188} INFO - [2024-04-04T16:25:02.611+0000] {dagbag.py:540} INFO - Filling up the DagBag from /opt/airflow/dags/branch_python_operator.py
[2024-04-04T16:25:02.628+0000] {processor.py:840} INFO - DAG(s) 'branch_python_operator' retrieved from /opt/airflow/dags/branch_python_operator.py
[2024-04-04T16:25:02.656+0000] {logging_mixin.py:188} INFO - [2024-04-04T16:25:02.656+0000] {dag.py:3047} INFO - Sync 1 DAGs
[2024-04-04T16:25:02.667+0000] {logging_mixin.py:188} INFO - [2024-04-04T16:25:02.667+0000] {dag.py:3834} INFO - Setting next_dagrun for branch_python_operator to None, run_after=None
[2024-04-04T16:25:02.687+0000] {processor.py:183} INFO - Processing /opt/airflow/dags/branch_python_operator.py took 0.080 seconds
[2024-04-04T16:25:32.933+0000] {processor.py:161} INFO - Started process (PID=323) to work on /opt/airflow/dags/branch_python_operator.py
[2024-04-04T16:25:32.935+0000] {processor.py:830} INFO - Processing file /opt/airflow/dags/branch_python_operator.py for tasks to queue
[2024-04-04T16:25:32.936+0000] {logging_mixin.py:188} INFO - [2024-04-04T16:25:32.936+0000] {dagbag.py:540} INFO - Filling up the DagBag from /opt/airflow/dags/branch_python_operator.py
[2024-04-04T16:25:32.949+0000] {processor.py:840} INFO - DAG(s) 'branch_python_operator' retrieved from /opt/airflow/dags/branch_python_operator.py
[2024-04-04T16:25:32.971+0000] {logging_mixin.py:188} INFO - [2024-04-04T16:25:32.971+0000] {dag.py:3047} INFO - Sync 1 DAGs
[2024-04-04T16:25:32.980+0000] {logging_mixin.py:188} INFO - [2024-04-04T16:25:32.980+0000] {dag.py:3834} INFO - Setting next_dagrun for branch_python_operator to None, run_after=None
[2024-04-04T16:25:33.015+0000] {processor.py:183} INFO - Processing /opt/airflow/dags/branch_python_operator.py took 0.084 seconds
[2024-04-04T16:26:03.232+0000] {processor.py:161} INFO - Started process (PID=344) to work on /opt/airflow/dags/branch_python_operator.py
[2024-04-04T16:26:03.235+0000] {processor.py:830} INFO - Processing file /opt/airflow/dags/branch_python_operator.py for tasks to queue
[2024-04-04T16:26:03.236+0000] {logging_mixin.py:188} INFO - [2024-04-04T16:26:03.235+0000] {dagbag.py:540} INFO - Filling up the DagBag from /opt/airflow/dags/branch_python_operator.py
[2024-04-04T16:26:03.246+0000] {processor.py:840} INFO - DAG(s) 'branch_python_operator' retrieved from /opt/airflow/dags/branch_python_operator.py
[2024-04-04T16:26:03.285+0000] {logging_mixin.py:188} INFO - [2024-04-04T16:26:03.285+0000] {dag.py:3047} INFO - Sync 1 DAGs
[2024-04-04T16:26:03.293+0000] {logging_mixin.py:188} INFO - [2024-04-04T16:26:03.293+0000] {dag.py:3834} INFO - Setting next_dagrun for branch_python_operator to None, run_after=None
[2024-04-04T16:26:03.313+0000] {processor.py:183} INFO - Processing /opt/airflow/dags/branch_python_operator.py took 0.083 seconds
[2024-04-04T16:26:33.795+0000] {processor.py:161} INFO - Started process (PID=365) to work on /opt/airflow/dags/branch_python_operator.py
[2024-04-04T16:26:33.795+0000] {processor.py:830} INFO - Processing file /opt/airflow/dags/branch_python_operator.py for tasks to queue
[2024-04-04T16:26:33.796+0000] {logging_mixin.py:188} INFO - [2024-04-04T16:26:33.796+0000] {dagbag.py:540} INFO - Filling up the DagBag from /opt/airflow/dags/branch_python_operator.py
[2024-04-04T16:26:33.807+0000] {processor.py:840} INFO - DAG(s) 'branch_python_operator' retrieved from /opt/airflow/dags/branch_python_operator.py
[2024-04-04T16:26:33.842+0000] {logging_mixin.py:188} INFO - [2024-04-04T16:26:33.842+0000] {dag.py:3047} INFO - Sync 1 DAGs
[2024-04-04T16:26:33.859+0000] {logging_mixin.py:188} INFO - [2024-04-04T16:26:33.859+0000] {dag.py:3834} INFO - Setting next_dagrun for branch_python_operator to None, run_after=None
[2024-04-04T16:26:33.884+0000] {processor.py:183} INFO - Processing /opt/airflow/dags/branch_python_operator.py took 0.092 seconds
[2024-04-04T16:27:04.183+0000] {processor.py:161} INFO - Started process (PID=386) to work on /opt/airflow/dags/branch_python_operator.py
[2024-04-04T16:27:04.183+0000] {processor.py:830} INFO - Processing file /opt/airflow/dags/branch_python_operator.py for tasks to queue
[2024-04-04T16:27:04.184+0000] {logging_mixin.py:188} INFO - [2024-04-04T16:27:04.184+0000] {dagbag.py:540} INFO - Filling up the DagBag from /opt/airflow/dags/branch_python_operator.py
[2024-04-04T16:27:04.197+0000] {processor.py:840} INFO - DAG(s) 'branch_python_operator' retrieved from /opt/airflow/dags/branch_python_operator.py
[2024-04-04T16:27:04.235+0000] {logging_mixin.py:188} INFO - [2024-04-04T16:27:04.234+0000] {dag.py:3047} INFO - Sync 1 DAGs
[2024-04-04T16:27:04.243+0000] {logging_mixin.py:188} INFO - [2024-04-04T16:27:04.243+0000] {dag.py:3834} INFO - Setting next_dagrun for branch_python_operator to None, run_after=None
[2024-04-04T16:27:04.259+0000] {processor.py:183} INFO - Processing /opt/airflow/dags/branch_python_operator.py took 0.078 seconds
[2024-04-04T16:27:34.586+0000] {processor.py:161} INFO - Started process (PID=407) to work on /opt/airflow/dags/branch_python_operator.py
[2024-04-04T16:27:34.587+0000] {processor.py:830} INFO - Processing file /opt/airflow/dags/branch_python_operator.py for tasks to queue
[2024-04-04T16:27:34.587+0000] {logging_mixin.py:188} INFO - [2024-04-04T16:27:34.587+0000] {dagbag.py:540} INFO - Filling up the DagBag from /opt/airflow/dags/branch_python_operator.py
[2024-04-04T16:27:34.598+0000] {processor.py:840} INFO - DAG(s) 'branch_python_operator' retrieved from /opt/airflow/dags/branch_python_operator.py
[2024-04-04T16:27:34.641+0000] {logging_mixin.py:188} INFO - [2024-04-04T16:27:34.641+0000] {dag.py:3047} INFO - Sync 1 DAGs
[2024-04-04T16:27:34.650+0000] {logging_mixin.py:188} INFO - [2024-04-04T16:27:34.650+0000] {dag.py:3834} INFO - Setting next_dagrun for branch_python_operator to None, run_after=None
[2024-04-04T16:27:34.674+0000] {processor.py:183} INFO - Processing /opt/airflow/dags/branch_python_operator.py took 0.090 seconds
[2024-04-04T16:28:04.959+0000] {processor.py:161} INFO - Started process (PID=428) to work on /opt/airflow/dags/branch_python_operator.py
[2024-04-04T16:28:04.959+0000] {processor.py:830} INFO - Processing file /opt/airflow/dags/branch_python_operator.py for tasks to queue
[2024-04-04T16:28:04.960+0000] {logging_mixin.py:188} INFO - [2024-04-04T16:28:04.960+0000] {dagbag.py:540} INFO - Filling up the DagBag from /opt/airflow/dags/branch_python_operator.py
[2024-04-04T16:28:04.972+0000] {processor.py:840} INFO - DAG(s) 'branch_python_operator' retrieved from /opt/airflow/dags/branch_python_operator.py
[2024-04-04T16:28:05.001+0000] {logging_mixin.py:188} INFO - [2024-04-04T16:28:05.001+0000] {dag.py:3047} INFO - Sync 1 DAGs
[2024-04-04T16:28:05.011+0000] {logging_mixin.py:188} INFO - [2024-04-04T16:28:05.011+0000] {dag.py:3834} INFO - Setting next_dagrun for branch_python_operator to None, run_after=None
[2024-04-04T16:28:05.031+0000] {processor.py:183} INFO - Processing /opt/airflow/dags/branch_python_operator.py took 0.074 seconds
[2024-04-04T16:28:35.368+0000] {processor.py:161} INFO - Started process (PID=449) to work on /opt/airflow/dags/branch_python_operator.py
[2024-04-04T16:28:35.368+0000] {processor.py:830} INFO - Processing file /opt/airflow/dags/branch_python_operator.py for tasks to queue
[2024-04-04T16:28:35.369+0000] {logging_mixin.py:188} INFO - [2024-04-04T16:28:35.369+0000] {dagbag.py:540} INFO - Filling up the DagBag from /opt/airflow/dags/branch_python_operator.py
[2024-04-04T16:28:35.381+0000] {processor.py:840} INFO - DAG(s) 'branch_python_operator' retrieved from /opt/airflow/dags/branch_python_operator.py
[2024-04-04T16:28:35.401+0000] {logging_mixin.py:188} INFO - [2024-04-04T16:28:35.401+0000] {dag.py:3047} INFO - Sync 1 DAGs
[2024-04-04T16:28:35.410+0000] {logging_mixin.py:188} INFO - [2024-04-04T16:28:35.410+0000] {dag.py:3834} INFO - Setting next_dagrun for branch_python_operator to None, run_after=None
[2024-04-04T16:28:35.440+0000] {processor.py:183} INFO - Processing /opt/airflow/dags/branch_python_operator.py took 0.074 seconds
