[2024-04-04T16:18:57.796+0000] {processor.py:161} INFO - Started process (PID=47) to work on /opt/airflow/dags/context.py
[2024-04-04T16:18:57.797+0000] {processor.py:830} INFO - Processing file /opt/airflow/dags/context.py for tasks to queue
[2024-04-04T16:18:57.798+0000] {logging_mixin.py:188} INFO - [2024-04-04T16:18:57.798+0000] {dagbag.py:540} INFO - Filling up the DagBag from /opt/airflow/dags/context.py
[2024-04-04T16:18:57.817+0000] {processor.py:840} INFO - DAG(s) 'context' retrieved from /opt/airflow/dags/context.py
[2024-04-04T16:18:57.892+0000] {logging_mixin.py:188} INFO - [2024-04-04T16:18:57.892+0000] {dag.py:3047} INFO - Sync 1 DAGs
[2024-04-04T16:18:57.909+0000] {logging_mixin.py:188} INFO - [2024-04-04T16:18:57.909+0000] {dag.py:3834} INFO - Setting next_dagrun for context to None, run_after=None
[2024-04-04T16:18:57.935+0000] {processor.py:183} INFO - Processing /opt/airflow/dags/context.py took 0.142 seconds
[2024-04-04T16:19:28.240+0000] {processor.py:161} INFO - Started process (PID=68) to work on /opt/airflow/dags/context.py
[2024-04-04T16:19:28.240+0000] {processor.py:830} INFO - Processing file /opt/airflow/dags/context.py for tasks to queue
[2024-04-04T16:19:28.241+0000] {logging_mixin.py:188} INFO - [2024-04-04T16:19:28.241+0000] {dagbag.py:540} INFO - Filling up the DagBag from /opt/airflow/dags/context.py
[2024-04-04T16:19:28.256+0000] {processor.py:840} INFO - DAG(s) 'context' retrieved from /opt/airflow/dags/context.py
[2024-04-04T16:19:28.284+0000] {logging_mixin.py:188} INFO - [2024-04-04T16:19:28.283+0000] {dag.py:3047} INFO - Sync 1 DAGs
[2024-04-04T16:19:28.304+0000] {logging_mixin.py:188} INFO - [2024-04-04T16:19:28.304+0000] {dag.py:3834} INFO - Setting next_dagrun for context to None, run_after=None
[2024-04-04T16:19:28.324+0000] {processor.py:183} INFO - Processing /opt/airflow/dags/context.py took 0.087 seconds
[2024-04-04T16:19:58.588+0000] {processor.py:161} INFO - Started process (PID=89) to work on /opt/airflow/dags/context.py
[2024-04-04T16:19:58.589+0000] {processor.py:830} INFO - Processing file /opt/airflow/dags/context.py for tasks to queue
[2024-04-04T16:19:58.590+0000] {logging_mixin.py:188} INFO - [2024-04-04T16:19:58.590+0000] {dagbag.py:540} INFO - Filling up the DagBag from /opt/airflow/dags/context.py
[2024-04-04T16:19:58.604+0000] {processor.py:840} INFO - DAG(s) 'context' retrieved from /opt/airflow/dags/context.py
[2024-04-04T16:19:58.629+0000] {logging_mixin.py:188} INFO - [2024-04-04T16:19:58.629+0000] {dag.py:3047} INFO - Sync 1 DAGs
[2024-04-04T16:19:58.648+0000] {logging_mixin.py:188} INFO - [2024-04-04T16:19:58.648+0000] {dag.py:3834} INFO - Setting next_dagrun for context to None, run_after=None
[2024-04-04T16:19:58.662+0000] {processor.py:183} INFO - Processing /opt/airflow/dags/context.py took 0.077 seconds
[2024-04-04T16:20:29.109+0000] {processor.py:161} INFO - Started process (PID=112) to work on /opt/airflow/dags/context.py
[2024-04-04T16:20:29.110+0000] {processor.py:830} INFO - Processing file /opt/airflow/dags/context.py for tasks to queue
[2024-04-04T16:20:29.111+0000] {logging_mixin.py:188} INFO - [2024-04-04T16:20:29.111+0000] {dagbag.py:540} INFO - Filling up the DagBag from /opt/airflow/dags/context.py
[2024-04-04T16:20:29.123+0000] {processor.py:840} INFO - DAG(s) 'context' retrieved from /opt/airflow/dags/context.py
[2024-04-04T16:20:29.152+0000] {logging_mixin.py:188} INFO - [2024-04-04T16:20:29.152+0000] {dag.py:3047} INFO - Sync 1 DAGs
[2024-04-04T16:20:29.168+0000] {logging_mixin.py:188} INFO - [2024-04-04T16:20:29.168+0000] {dag.py:3834} INFO - Setting next_dagrun for context to None, run_after=None
[2024-04-04T16:20:29.187+0000] {processor.py:183} INFO - Processing /opt/airflow/dags/context.py took 0.080 seconds
[2024-04-04T16:20:59.419+0000] {processor.py:161} INFO - Started process (PID=134) to work on /opt/airflow/dags/context.py
[2024-04-04T16:20:59.420+0000] {processor.py:830} INFO - Processing file /opt/airflow/dags/context.py for tasks to queue
[2024-04-04T16:20:59.420+0000] {logging_mixin.py:188} INFO - [2024-04-04T16:20:59.420+0000] {dagbag.py:540} INFO - Filling up the DagBag from /opt/airflow/dags/context.py
[2024-04-04T16:20:59.434+0000] {processor.py:840} INFO - DAG(s) 'context' retrieved from /opt/airflow/dags/context.py
[2024-04-04T16:20:59.455+0000] {logging_mixin.py:188} INFO - [2024-04-04T16:20:59.454+0000] {dag.py:3047} INFO - Sync 1 DAGs
[2024-04-04T16:20:59.470+0000] {logging_mixin.py:188} INFO - [2024-04-04T16:20:59.470+0000] {dag.py:3834} INFO - Setting next_dagrun for context to None, run_after=None
[2024-04-04T16:20:59.485+0000] {processor.py:183} INFO - Processing /opt/airflow/dags/context.py took 0.068 seconds
[2024-04-04T16:21:29.756+0000] {processor.py:161} INFO - Started process (PID=155) to work on /opt/airflow/dags/context.py
[2024-04-04T16:21:29.757+0000] {processor.py:830} INFO - Processing file /opt/airflow/dags/context.py for tasks to queue
[2024-04-04T16:21:29.757+0000] {logging_mixin.py:188} INFO - [2024-04-04T16:21:29.757+0000] {dagbag.py:540} INFO - Filling up the DagBag from /opt/airflow/dags/context.py
[2024-04-04T16:21:29.772+0000] {processor.py:840} INFO - DAG(s) 'context' retrieved from /opt/airflow/dags/context.py
[2024-04-04T16:21:29.795+0000] {logging_mixin.py:188} INFO - [2024-04-04T16:21:29.795+0000] {dag.py:3047} INFO - Sync 1 DAGs
[2024-04-04T16:21:29.818+0000] {logging_mixin.py:188} INFO - [2024-04-04T16:21:29.818+0000] {dag.py:3834} INFO - Setting next_dagrun for context to None, run_after=None
[2024-04-04T16:21:29.845+0000] {processor.py:183} INFO - Processing /opt/airflow/dags/context.py took 0.092 seconds
[2024-04-04T16:22:00.194+0000] {processor.py:161} INFO - Started process (PID=176) to work on /opt/airflow/dags/context.py
[2024-04-04T16:22:00.195+0000] {processor.py:830} INFO - Processing file /opt/airflow/dags/context.py for tasks to queue
[2024-04-04T16:22:00.196+0000] {logging_mixin.py:188} INFO - [2024-04-04T16:22:00.195+0000] {dagbag.py:540} INFO - Filling up the DagBag from /opt/airflow/dags/context.py
[2024-04-04T16:22:00.211+0000] {processor.py:840} INFO - DAG(s) 'context' retrieved from /opt/airflow/dags/context.py
[2024-04-04T16:22:00.245+0000] {logging_mixin.py:188} INFO - [2024-04-04T16:22:00.245+0000] {dag.py:3047} INFO - Sync 1 DAGs
[2024-04-04T16:22:00.278+0000] {logging_mixin.py:188} INFO - [2024-04-04T16:22:00.278+0000] {dag.py:3834} INFO - Setting next_dagrun for context to None, run_after=None
[2024-04-04T16:22:00.306+0000] {processor.py:183} INFO - Processing /opt/airflow/dags/context.py took 0.115 seconds
[2024-04-04T16:22:30.596+0000] {processor.py:161} INFO - Started process (PID=197) to work on /opt/airflow/dags/context.py
[2024-04-04T16:22:30.597+0000] {processor.py:830} INFO - Processing file /opt/airflow/dags/context.py for tasks to queue
[2024-04-04T16:22:30.598+0000] {logging_mixin.py:188} INFO - [2024-04-04T16:22:30.598+0000] {dagbag.py:540} INFO - Filling up the DagBag from /opt/airflow/dags/context.py
[2024-04-04T16:22:30.616+0000] {processor.py:840} INFO - DAG(s) 'context' retrieved from /opt/airflow/dags/context.py
[2024-04-04T16:22:30.641+0000] {logging_mixin.py:188} INFO - [2024-04-04T16:22:30.640+0000] {dag.py:3047} INFO - Sync 1 DAGs
[2024-04-04T16:22:30.657+0000] {logging_mixin.py:188} INFO - [2024-04-04T16:22:30.656+0000] {dag.py:3834} INFO - Setting next_dagrun for context to None, run_after=None
[2024-04-04T16:22:30.678+0000] {processor.py:183} INFO - Processing /opt/airflow/dags/context.py took 0.083 seconds
[2024-04-04T16:23:01.159+0000] {processor.py:161} INFO - Started process (PID=220) to work on /opt/airflow/dags/context.py
[2024-04-04T16:23:01.159+0000] {processor.py:830} INFO - Processing file /opt/airflow/dags/context.py for tasks to queue
[2024-04-04T16:23:01.160+0000] {logging_mixin.py:188} INFO - [2024-04-04T16:23:01.160+0000] {dagbag.py:540} INFO - Filling up the DagBag from /opt/airflow/dags/context.py
[2024-04-04T16:23:01.175+0000] {processor.py:840} INFO - DAG(s) 'context' retrieved from /opt/airflow/dags/context.py
[2024-04-04T16:23:01.199+0000] {logging_mixin.py:188} INFO - [2024-04-04T16:23:01.199+0000] {dag.py:3047} INFO - Sync 1 DAGs
[2024-04-04T16:23:01.216+0000] {logging_mixin.py:188} INFO - [2024-04-04T16:23:01.216+0000] {dag.py:3834} INFO - Setting next_dagrun for context to None, run_after=None
[2024-04-04T16:23:01.230+0000] {processor.py:183} INFO - Processing /opt/airflow/dags/context.py took 0.073 seconds
[2024-04-04T16:23:31.518+0000] {processor.py:161} INFO - Started process (PID=243) to work on /opt/airflow/dags/context.py
[2024-04-04T16:23:31.518+0000] {processor.py:830} INFO - Processing file /opt/airflow/dags/context.py for tasks to queue
[2024-04-04T16:23:31.519+0000] {logging_mixin.py:188} INFO - [2024-04-04T16:23:31.519+0000] {dagbag.py:540} INFO - Filling up the DagBag from /opt/airflow/dags/context.py
[2024-04-04T16:23:31.534+0000] {processor.py:840} INFO - DAG(s) 'context' retrieved from /opt/airflow/dags/context.py
[2024-04-04T16:23:31.560+0000] {logging_mixin.py:188} INFO - [2024-04-04T16:23:31.560+0000] {dag.py:3047} INFO - Sync 1 DAGs
[2024-04-04T16:23:31.583+0000] {logging_mixin.py:188} INFO - [2024-04-04T16:23:31.583+0000] {dag.py:3834} INFO - Setting next_dagrun for context to None, run_after=None
[2024-04-04T16:23:31.603+0000] {processor.py:183} INFO - Processing /opt/airflow/dags/context.py took 0.087 seconds
[2024-04-04T16:24:01.890+0000] {processor.py:161} INFO - Started process (PID=264) to work on /opt/airflow/dags/context.py
[2024-04-04T16:24:01.890+0000] {processor.py:830} INFO - Processing file /opt/airflow/dags/context.py for tasks to queue
[2024-04-04T16:24:01.891+0000] {logging_mixin.py:188} INFO - [2024-04-04T16:24:01.891+0000] {dagbag.py:540} INFO - Filling up the DagBag from /opt/airflow/dags/context.py
[2024-04-04T16:24:01.905+0000] {processor.py:840} INFO - DAG(s) 'context' retrieved from /opt/airflow/dags/context.py
[2024-04-04T16:24:01.925+0000] {logging_mixin.py:188} INFO - [2024-04-04T16:24:01.924+0000] {dag.py:3047} INFO - Sync 1 DAGs
[2024-04-04T16:24:01.943+0000] {logging_mixin.py:188} INFO - [2024-04-04T16:24:01.943+0000] {dag.py:3834} INFO - Setting next_dagrun for context to None, run_after=None
[2024-04-04T16:24:01.962+0000] {processor.py:183} INFO - Processing /opt/airflow/dags/context.py took 0.075 seconds
[2024-04-04T16:24:32.372+0000] {processor.py:161} INFO - Started process (PID=285) to work on /opt/airflow/dags/context.py
[2024-04-04T16:24:32.373+0000] {processor.py:830} INFO - Processing file /opt/airflow/dags/context.py for tasks to queue
[2024-04-04T16:24:32.373+0000] {logging_mixin.py:188} INFO - [2024-04-04T16:24:32.373+0000] {dagbag.py:540} INFO - Filling up the DagBag from /opt/airflow/dags/context.py
[2024-04-04T16:24:32.386+0000] {processor.py:840} INFO - DAG(s) 'context' retrieved from /opt/airflow/dags/context.py
[2024-04-04T16:24:32.412+0000] {logging_mixin.py:188} INFO - [2024-04-04T16:24:32.412+0000] {dag.py:3047} INFO - Sync 1 DAGs
[2024-04-04T16:24:32.431+0000] {logging_mixin.py:188} INFO - [2024-04-04T16:24:32.431+0000] {dag.py:3834} INFO - Setting next_dagrun for context to None, run_after=None
[2024-04-04T16:24:32.446+0000] {processor.py:183} INFO - Processing /opt/airflow/dags/context.py took 0.076 seconds
[2024-04-04T16:25:02.903+0000] {processor.py:161} INFO - Started process (PID=306) to work on /opt/airflow/dags/context.py
[2024-04-04T16:25:02.903+0000] {processor.py:830} INFO - Processing file /opt/airflow/dags/context.py for tasks to queue
[2024-04-04T16:25:02.904+0000] {logging_mixin.py:188} INFO - [2024-04-04T16:25:02.904+0000] {dagbag.py:540} INFO - Filling up the DagBag from /opt/airflow/dags/context.py
[2024-04-04T16:25:02.919+0000] {processor.py:840} INFO - DAG(s) 'context' retrieved from /opt/airflow/dags/context.py
[2024-04-04T16:25:02.943+0000] {logging_mixin.py:188} INFO - [2024-04-04T16:25:02.942+0000] {dag.py:3047} INFO - Sync 1 DAGs
[2024-04-04T16:25:02.962+0000] {logging_mixin.py:188} INFO - [2024-04-04T16:25:02.962+0000] {dag.py:3834} INFO - Setting next_dagrun for context to None, run_after=None
[2024-04-04T16:25:02.979+0000] {processor.py:183} INFO - Processing /opt/airflow/dags/context.py took 0.078 seconds
[2024-04-04T16:25:33.162+0000] {processor.py:161} INFO - Started process (PID=327) to work on /opt/airflow/dags/context.py
[2024-04-04T16:25:33.163+0000] {processor.py:830} INFO - Processing file /opt/airflow/dags/context.py for tasks to queue
[2024-04-04T16:25:33.164+0000] {logging_mixin.py:188} INFO - [2024-04-04T16:25:33.163+0000] {dagbag.py:540} INFO - Filling up the DagBag from /opt/airflow/dags/context.py
[2024-04-04T16:25:33.178+0000] {processor.py:840} INFO - DAG(s) 'context' retrieved from /opt/airflow/dags/context.py
[2024-04-04T16:25:33.199+0000] {logging_mixin.py:188} INFO - [2024-04-04T16:25:33.199+0000] {dag.py:3047} INFO - Sync 1 DAGs
[2024-04-04T16:25:33.220+0000] {logging_mixin.py:188} INFO - [2024-04-04T16:25:33.220+0000] {dag.py:3834} INFO - Setting next_dagrun for context to None, run_after=None
[2024-04-04T16:25:33.235+0000] {processor.py:183} INFO - Processing /opt/airflow/dags/context.py took 0.075 seconds
[2024-04-04T16:26:03.520+0000] {processor.py:161} INFO - Started process (PID=348) to work on /opt/airflow/dags/context.py
[2024-04-04T16:26:03.521+0000] {processor.py:830} INFO - Processing file /opt/airflow/dags/context.py for tasks to queue
[2024-04-04T16:26:03.521+0000] {logging_mixin.py:188} INFO - [2024-04-04T16:26:03.521+0000] {dagbag.py:540} INFO - Filling up the DagBag from /opt/airflow/dags/context.py
[2024-04-04T16:26:03.533+0000] {processor.py:840} INFO - DAG(s) 'context' retrieved from /opt/airflow/dags/context.py
[2024-04-04T16:26:03.568+0000] {logging_mixin.py:188} INFO - [2024-04-04T16:26:03.568+0000] {dag.py:3047} INFO - Sync 1 DAGs
[2024-04-04T16:26:03.587+0000] {logging_mixin.py:188} INFO - [2024-04-04T16:26:03.586+0000] {dag.py:3834} INFO - Setting next_dagrun for context to None, run_after=None
[2024-04-04T16:26:03.602+0000] {processor.py:183} INFO - Processing /opt/airflow/dags/context.py took 0.084 seconds
[2024-04-04T16:26:34.017+0000] {processor.py:161} INFO - Started process (PID=369) to work on /opt/airflow/dags/context.py
[2024-04-04T16:26:34.017+0000] {processor.py:830} INFO - Processing file /opt/airflow/dags/context.py for tasks to queue
[2024-04-04T16:26:34.018+0000] {logging_mixin.py:188} INFO - [2024-04-04T16:26:34.018+0000] {dagbag.py:540} INFO - Filling up the DagBag from /opt/airflow/dags/context.py
[2024-04-04T16:26:34.032+0000] {processor.py:840} INFO - DAG(s) 'context' retrieved from /opt/airflow/dags/context.py
[2024-04-04T16:26:34.055+0000] {logging_mixin.py:188} INFO - [2024-04-04T16:26:34.055+0000] {dag.py:3047} INFO - Sync 1 DAGs
[2024-04-04T16:26:34.073+0000] {logging_mixin.py:188} INFO - [2024-04-04T16:26:34.073+0000] {dag.py:3834} INFO - Setting next_dagrun for context to None, run_after=None
[2024-04-04T16:26:34.107+0000] {processor.py:183} INFO - Processing /opt/airflow/dags/context.py took 0.093 seconds
[2024-04-04T16:27:04.447+0000] {processor.py:161} INFO - Started process (PID=390) to work on /opt/airflow/dags/context.py
[2024-04-04T16:27:04.448+0000] {processor.py:830} INFO - Processing file /opt/airflow/dags/context.py for tasks to queue
[2024-04-04T16:27:04.448+0000] {logging_mixin.py:188} INFO - [2024-04-04T16:27:04.448+0000] {dagbag.py:540} INFO - Filling up the DagBag from /opt/airflow/dags/context.py
[2024-04-04T16:27:04.462+0000] {processor.py:840} INFO - DAG(s) 'context' retrieved from /opt/airflow/dags/context.py
[2024-04-04T16:27:04.484+0000] {logging_mixin.py:188} INFO - [2024-04-04T16:27:04.484+0000] {dag.py:3047} INFO - Sync 1 DAGs
[2024-04-04T16:27:04.502+0000] {logging_mixin.py:188} INFO - [2024-04-04T16:27:04.502+0000] {dag.py:3834} INFO - Setting next_dagrun for context to None, run_after=None
[2024-04-04T16:27:04.519+0000] {processor.py:183} INFO - Processing /opt/airflow/dags/context.py took 0.074 seconds
[2024-04-04T16:27:34.887+0000] {processor.py:161} INFO - Started process (PID=411) to work on /opt/airflow/dags/context.py
[2024-04-04T16:27:34.888+0000] {processor.py:830} INFO - Processing file /opt/airflow/dags/context.py for tasks to queue
[2024-04-04T16:27:34.888+0000] {logging_mixin.py:188} INFO - [2024-04-04T16:27:34.888+0000] {dagbag.py:540} INFO - Filling up the DagBag from /opt/airflow/dags/context.py
[2024-04-04T16:27:34.903+0000] {processor.py:840} INFO - DAG(s) 'context' retrieved from /opt/airflow/dags/context.py
[2024-04-04T16:27:34.928+0000] {logging_mixin.py:188} INFO - [2024-04-04T16:27:34.928+0000] {dag.py:3047} INFO - Sync 1 DAGs
[2024-04-04T16:27:34.945+0000] {logging_mixin.py:188} INFO - [2024-04-04T16:27:34.945+0000] {dag.py:3834} INFO - Setting next_dagrun for context to None, run_after=None
[2024-04-04T16:27:34.961+0000] {processor.py:183} INFO - Processing /opt/airflow/dags/context.py took 0.076 seconds
[2024-04-04T16:28:05.236+0000] {processor.py:161} INFO - Started process (PID=432) to work on /opt/airflow/dags/context.py
[2024-04-04T16:28:05.236+0000] {processor.py:830} INFO - Processing file /opt/airflow/dags/context.py for tasks to queue
[2024-04-04T16:28:05.237+0000] {logging_mixin.py:188} INFO - [2024-04-04T16:28:05.237+0000] {dagbag.py:540} INFO - Filling up the DagBag from /opt/airflow/dags/context.py
[2024-04-04T16:28:05.250+0000] {processor.py:840} INFO - DAG(s) 'context' retrieved from /opt/airflow/dags/context.py
[2024-04-04T16:28:05.272+0000] {logging_mixin.py:188} INFO - [2024-04-04T16:28:05.272+0000] {dag.py:3047} INFO - Sync 1 DAGs
[2024-04-04T16:28:05.289+0000] {logging_mixin.py:188} INFO - [2024-04-04T16:28:05.289+0000] {dag.py:3834} INFO - Setting next_dagrun for context to None, run_after=None
[2024-04-04T16:28:05.302+0000] {processor.py:183} INFO - Processing /opt/airflow/dags/context.py took 0.068 seconds
[2024-04-04T16:28:35.665+0000] {processor.py:161} INFO - Started process (PID=453) to work on /opt/airflow/dags/context.py
[2024-04-04T16:28:35.666+0000] {processor.py:830} INFO - Processing file /opt/airflow/dags/context.py for tasks to queue
[2024-04-04T16:28:35.667+0000] {logging_mixin.py:188} INFO - [2024-04-04T16:28:35.667+0000] {dagbag.py:540} INFO - Filling up the DagBag from /opt/airflow/dags/context.py
[2024-04-04T16:28:35.680+0000] {processor.py:840} INFO - DAG(s) 'context' retrieved from /opt/airflow/dags/context.py
[2024-04-04T16:28:35.704+0000] {logging_mixin.py:188} INFO - [2024-04-04T16:28:35.704+0000] {dag.py:3047} INFO - Sync 1 DAGs
[2024-04-04T16:28:35.724+0000] {logging_mixin.py:188} INFO - [2024-04-04T16:28:35.723+0000] {dag.py:3834} INFO - Setting next_dagrun for context to None, run_after=None
[2024-04-04T16:28:35.740+0000] {processor.py:183} INFO - Processing /opt/airflow/dags/context.py took 0.076 seconds
