[2024-04-04T16:18:57.828+0000] {processor.py:161} INFO - Started process (PID=48) to work on /opt/airflow/dags/dag_run.py
[2024-04-04T16:18:57.828+0000] {processor.py:830} INFO - Processing file /opt/airflow/dags/dag_run.py for tasks to queue
[2024-04-04T16:18:57.830+0000] {logging_mixin.py:188} INFO - [2024-04-04T16:18:57.829+0000] {dagbag.py:540} INFO - Filling up the DagBag from /opt/airflow/dags/dag_run.py
[2024-04-04T16:18:57.846+0000] {processor.py:840} INFO - DAG(s) 'dag_run' retrieved from /opt/airflow/dags/dag_run.py
[2024-04-04T16:18:57.923+0000] {logging_mixin.py:188} INFO - [2024-04-04T16:18:57.923+0000] {dag.py:3047} INFO - Sync 1 DAGs
[2024-04-04T16:18:57.941+0000] {logging_mixin.py:188} INFO - [2024-04-04T16:18:57.940+0000] {dag.py:3834} INFO - Setting next_dagrun for dag_run to None, run_after=None
[2024-04-04T16:18:57.962+0000] {processor.py:183} INFO - Processing /opt/airflow/dags/dag_run.py took 0.137 seconds
[2024-04-04T16:19:28.319+0000] {processor.py:161} INFO - Started process (PID=69) to work on /opt/airflow/dags/dag_run.py
[2024-04-04T16:19:28.320+0000] {processor.py:830} INFO - Processing file /opt/airflow/dags/dag_run.py for tasks to queue
[2024-04-04T16:19:28.321+0000] {logging_mixin.py:188} INFO - [2024-04-04T16:19:28.321+0000] {dagbag.py:540} INFO - Filling up the DagBag from /opt/airflow/dags/dag_run.py
[2024-04-04T16:19:28.337+0000] {processor.py:840} INFO - DAG(s) 'dag_run' retrieved from /opt/airflow/dags/dag_run.py
[2024-04-04T16:19:28.365+0000] {logging_mixin.py:188} INFO - [2024-04-04T16:19:28.365+0000] {dag.py:3047} INFO - Sync 1 DAGs
[2024-04-04T16:19:28.387+0000] {logging_mixin.py:188} INFO - [2024-04-04T16:19:28.386+0000] {dag.py:3834} INFO - Setting next_dagrun for dag_run to None, run_after=None
[2024-04-04T16:19:28.404+0000] {processor.py:183} INFO - Processing /opt/airflow/dags/dag_run.py took 0.088 seconds
[2024-04-04T16:19:58.661+0000] {processor.py:161} INFO - Started process (PID=90) to work on /opt/airflow/dags/dag_run.py
[2024-04-04T16:19:58.661+0000] {processor.py:830} INFO - Processing file /opt/airflow/dags/dag_run.py for tasks to queue
[2024-04-04T16:19:58.662+0000] {logging_mixin.py:188} INFO - [2024-04-04T16:19:58.662+0000] {dagbag.py:540} INFO - Filling up the DagBag from /opt/airflow/dags/dag_run.py
[2024-04-04T16:19:58.677+0000] {processor.py:840} INFO - DAG(s) 'dag_run' retrieved from /opt/airflow/dags/dag_run.py
[2024-04-04T16:19:58.700+0000] {logging_mixin.py:188} INFO - [2024-04-04T16:19:58.700+0000] {dag.py:3047} INFO - Sync 1 DAGs
[2024-04-04T16:19:58.718+0000] {logging_mixin.py:188} INFO - [2024-04-04T16:19:58.717+0000] {dag.py:3834} INFO - Setting next_dagrun for dag_run to None, run_after=None
[2024-04-04T16:19:58.731+0000] {processor.py:183} INFO - Processing /opt/airflow/dags/dag_run.py took 0.073 seconds
[2024-04-04T16:20:29.198+0000] {processor.py:161} INFO - Started process (PID=113) to work on /opt/airflow/dags/dag_run.py
[2024-04-04T16:20:29.199+0000] {processor.py:830} INFO - Processing file /opt/airflow/dags/dag_run.py for tasks to queue
[2024-04-04T16:20:29.200+0000] {logging_mixin.py:188} INFO - [2024-04-04T16:20:29.200+0000] {dagbag.py:540} INFO - Filling up the DagBag from /opt/airflow/dags/dag_run.py
[2024-04-04T16:20:29.215+0000] {processor.py:840} INFO - DAG(s) 'dag_run' retrieved from /opt/airflow/dags/dag_run.py
[2024-04-04T16:20:29.236+0000] {logging_mixin.py:188} INFO - [2024-04-04T16:20:29.236+0000] {dag.py:3047} INFO - Sync 1 DAGs
[2024-04-04T16:20:29.252+0000] {logging_mixin.py:188} INFO - [2024-04-04T16:20:29.252+0000] {dag.py:3834} INFO - Setting next_dagrun for dag_run to None, run_after=None
[2024-04-04T16:20:29.265+0000] {processor.py:183} INFO - Processing /opt/airflow/dags/dag_run.py took 0.069 seconds
[2024-04-04T16:20:59.509+0000] {processor.py:161} INFO - Started process (PID=135) to work on /opt/airflow/dags/dag_run.py
[2024-04-04T16:20:59.510+0000] {processor.py:830} INFO - Processing file /opt/airflow/dags/dag_run.py for tasks to queue
[2024-04-04T16:20:59.510+0000] {logging_mixin.py:188} INFO - [2024-04-04T16:20:59.510+0000] {dagbag.py:540} INFO - Filling up the DagBag from /opt/airflow/dags/dag_run.py
[2024-04-04T16:20:59.521+0000] {processor.py:840} INFO - DAG(s) 'dag_run' retrieved from /opt/airflow/dags/dag_run.py
[2024-04-04T16:20:59.542+0000] {logging_mixin.py:188} INFO - [2024-04-04T16:20:59.542+0000] {dag.py:3047} INFO - Sync 1 DAGs
[2024-04-04T16:20:59.557+0000] {logging_mixin.py:188} INFO - [2024-04-04T16:20:59.557+0000] {dag.py:3834} INFO - Setting next_dagrun for dag_run to None, run_after=None
[2024-04-04T16:20:59.577+0000] {processor.py:183} INFO - Processing /opt/airflow/dags/dag_run.py took 0.071 seconds
[2024-04-04T16:21:29.860+0000] {processor.py:161} INFO - Started process (PID=156) to work on /opt/airflow/dags/dag_run.py
[2024-04-04T16:21:29.861+0000] {processor.py:830} INFO - Processing file /opt/airflow/dags/dag_run.py for tasks to queue
[2024-04-04T16:21:29.862+0000] {logging_mixin.py:188} INFO - [2024-04-04T16:21:29.862+0000] {dagbag.py:540} INFO - Filling up the DagBag from /opt/airflow/dags/dag_run.py
[2024-04-04T16:21:29.875+0000] {processor.py:840} INFO - DAG(s) 'dag_run' retrieved from /opt/airflow/dags/dag_run.py
[2024-04-04T16:21:29.898+0000] {logging_mixin.py:188} INFO - [2024-04-04T16:21:29.898+0000] {dag.py:3047} INFO - Sync 1 DAGs
[2024-04-04T16:21:29.917+0000] {logging_mixin.py:188} INFO - [2024-04-04T16:21:29.917+0000] {dag.py:3834} INFO - Setting next_dagrun for dag_run to None, run_after=None
[2024-04-04T16:21:29.933+0000] {processor.py:183} INFO - Processing /opt/airflow/dags/dag_run.py took 0.075 seconds
[2024-04-04T16:22:00.314+0000] {processor.py:161} INFO - Started process (PID=177) to work on /opt/airflow/dags/dag_run.py
[2024-04-04T16:22:00.315+0000] {processor.py:830} INFO - Processing file /opt/airflow/dags/dag_run.py for tasks to queue
[2024-04-04T16:22:00.315+0000] {logging_mixin.py:188} INFO - [2024-04-04T16:22:00.315+0000] {dagbag.py:540} INFO - Filling up the DagBag from /opt/airflow/dags/dag_run.py
[2024-04-04T16:22:00.329+0000] {processor.py:840} INFO - DAG(s) 'dag_run' retrieved from /opt/airflow/dags/dag_run.py
[2024-04-04T16:22:00.362+0000] {logging_mixin.py:188} INFO - [2024-04-04T16:22:00.362+0000] {dag.py:3047} INFO - Sync 1 DAGs
[2024-04-04T16:22:00.384+0000] {logging_mixin.py:188} INFO - [2024-04-04T16:22:00.384+0000] {dag.py:3834} INFO - Setting next_dagrun for dag_run to None, run_after=None
[2024-04-04T16:22:00.403+0000] {processor.py:183} INFO - Processing /opt/airflow/dags/dag_run.py took 0.091 seconds
[2024-04-04T16:22:30.687+0000] {processor.py:161} INFO - Started process (PID=198) to work on /opt/airflow/dags/dag_run.py
[2024-04-04T16:22:30.688+0000] {processor.py:830} INFO - Processing file /opt/airflow/dags/dag_run.py for tasks to queue
[2024-04-04T16:22:30.689+0000] {logging_mixin.py:188} INFO - [2024-04-04T16:22:30.689+0000] {dagbag.py:540} INFO - Filling up the DagBag from /opt/airflow/dags/dag_run.py
[2024-04-04T16:22:30.707+0000] {processor.py:840} INFO - DAG(s) 'dag_run' retrieved from /opt/airflow/dags/dag_run.py
[2024-04-04T16:22:30.737+0000] {logging_mixin.py:188} INFO - [2024-04-04T16:22:30.737+0000] {dag.py:3047} INFO - Sync 1 DAGs
[2024-04-04T16:22:30.759+0000] {logging_mixin.py:188} INFO - [2024-04-04T16:22:30.759+0000] {dag.py:3834} INFO - Setting next_dagrun for dag_run to None, run_after=None
[2024-04-04T16:22:30.785+0000] {processor.py:183} INFO - Processing /opt/airflow/dags/dag_run.py took 0.099 seconds
[2024-04-04T16:23:01.166+0000] {processor.py:161} INFO - Started process (PID=221) to work on /opt/airflow/dags/dag_run.py
[2024-04-04T16:23:01.167+0000] {processor.py:830} INFO - Processing file /opt/airflow/dags/dag_run.py for tasks to queue
[2024-04-04T16:23:01.168+0000] {logging_mixin.py:188} INFO - [2024-04-04T16:23:01.168+0000] {dagbag.py:540} INFO - Filling up the DagBag from /opt/airflow/dags/dag_run.py
[2024-04-04T16:23:01.181+0000] {processor.py:840} INFO - DAG(s) 'dag_run' retrieved from /opt/airflow/dags/dag_run.py
[2024-04-04T16:23:01.204+0000] {logging_mixin.py:188} INFO - [2024-04-04T16:23:01.204+0000] {dag.py:3047} INFO - Sync 1 DAGs
[2024-04-04T16:23:01.221+0000] {logging_mixin.py:188} INFO - [2024-04-04T16:23:01.221+0000] {dag.py:3834} INFO - Setting next_dagrun for dag_run to None, run_after=None
[2024-04-04T16:23:01.240+0000] {processor.py:183} INFO - Processing /opt/airflow/dags/dag_run.py took 0.076 seconds
[2024-04-04T16:23:31.589+0000] {processor.py:161} INFO - Started process (PID=244) to work on /opt/airflow/dags/dag_run.py
[2024-04-04T16:23:31.589+0000] {processor.py:830} INFO - Processing file /opt/airflow/dags/dag_run.py for tasks to queue
[2024-04-04T16:23:31.590+0000] {logging_mixin.py:188} INFO - [2024-04-04T16:23:31.590+0000] {dagbag.py:540} INFO - Filling up the DagBag from /opt/airflow/dags/dag_run.py
[2024-04-04T16:23:31.605+0000] {processor.py:840} INFO - DAG(s) 'dag_run' retrieved from /opt/airflow/dags/dag_run.py
[2024-04-04T16:23:31.633+0000] {logging_mixin.py:188} INFO - [2024-04-04T16:23:31.633+0000] {dag.py:3047} INFO - Sync 1 DAGs
[2024-04-04T16:23:31.652+0000] {logging_mixin.py:188} INFO - [2024-04-04T16:23:31.652+0000] {dag.py:3834} INFO - Setting next_dagrun for dag_run to None, run_after=None
[2024-04-04T16:23:31.670+0000] {processor.py:183} INFO - Processing /opt/airflow/dags/dag_run.py took 0.083 seconds
[2024-04-04T16:24:01.978+0000] {processor.py:161} INFO - Started process (PID=265) to work on /opt/airflow/dags/dag_run.py
[2024-04-04T16:24:01.978+0000] {processor.py:830} INFO - Processing file /opt/airflow/dags/dag_run.py for tasks to queue
[2024-04-04T16:24:01.979+0000] {logging_mixin.py:188} INFO - [2024-04-04T16:24:01.979+0000] {dagbag.py:540} INFO - Filling up the DagBag from /opt/airflow/dags/dag_run.py
[2024-04-04T16:24:01.990+0000] {processor.py:840} INFO - DAG(s) 'dag_run' retrieved from /opt/airflow/dags/dag_run.py
[2024-04-04T16:24:02.021+0000] {logging_mixin.py:188} INFO - [2024-04-04T16:24:02.021+0000] {dag.py:3047} INFO - Sync 1 DAGs
[2024-04-04T16:24:02.038+0000] {logging_mixin.py:188} INFO - [2024-04-04T16:24:02.038+0000] {dag.py:3834} INFO - Setting next_dagrun for dag_run to None, run_after=None
[2024-04-04T16:24:02.054+0000] {processor.py:183} INFO - Processing /opt/airflow/dags/dag_run.py took 0.078 seconds
[2024-04-04T16:24:32.480+0000] {processor.py:161} INFO - Started process (PID=286) to work on /opt/airflow/dags/dag_run.py
[2024-04-04T16:24:32.480+0000] {processor.py:830} INFO - Processing file /opt/airflow/dags/dag_run.py for tasks to queue
[2024-04-04T16:24:32.481+0000] {logging_mixin.py:188} INFO - [2024-04-04T16:24:32.481+0000] {dagbag.py:540} INFO - Filling up the DagBag from /opt/airflow/dags/dag_run.py
[2024-04-04T16:24:32.496+0000] {processor.py:840} INFO - DAG(s) 'dag_run' retrieved from /opt/airflow/dags/dag_run.py
[2024-04-04T16:24:32.525+0000] {logging_mixin.py:188} INFO - [2024-04-04T16:24:32.525+0000] {dag.py:3047} INFO - Sync 1 DAGs
[2024-04-04T16:24:32.551+0000] {logging_mixin.py:188} INFO - [2024-04-04T16:24:32.551+0000] {dag.py:3834} INFO - Setting next_dagrun for dag_run to None, run_after=None
[2024-04-04T16:24:32.568+0000] {processor.py:183} INFO - Processing /opt/airflow/dags/dag_run.py took 0.090 seconds
[2024-04-04T16:25:02.916+0000] {processor.py:161} INFO - Started process (PID=307) to work on /opt/airflow/dags/dag_run.py
[2024-04-04T16:25:02.917+0000] {processor.py:830} INFO - Processing file /opt/airflow/dags/dag_run.py for tasks to queue
[2024-04-04T16:25:02.917+0000] {logging_mixin.py:188} INFO - [2024-04-04T16:25:02.917+0000] {dagbag.py:540} INFO - Filling up the DagBag from /opt/airflow/dags/dag_run.py
[2024-04-04T16:25:02.931+0000] {processor.py:840} INFO - DAG(s) 'dag_run' retrieved from /opt/airflow/dags/dag_run.py
[2024-04-04T16:25:02.954+0000] {logging_mixin.py:188} INFO - [2024-04-04T16:25:02.953+0000] {dag.py:3047} INFO - Sync 1 DAGs
[2024-04-04T16:25:02.973+0000] {logging_mixin.py:188} INFO - [2024-04-04T16:25:02.973+0000] {dag.py:3834} INFO - Setting next_dagrun for dag_run to None, run_after=None
[2024-04-04T16:25:02.995+0000] {processor.py:183} INFO - Processing /opt/airflow/dags/dag_run.py took 0.082 seconds
[2024-04-04T16:25:33.228+0000] {processor.py:161} INFO - Started process (PID=328) to work on /opt/airflow/dags/dag_run.py
[2024-04-04T16:25:33.229+0000] {processor.py:830} INFO - Processing file /opt/airflow/dags/dag_run.py for tasks to queue
[2024-04-04T16:25:33.229+0000] {logging_mixin.py:188} INFO - [2024-04-04T16:25:33.229+0000] {dagbag.py:540} INFO - Filling up the DagBag from /opt/airflow/dags/dag_run.py
[2024-04-04T16:25:33.242+0000] {processor.py:840} INFO - DAG(s) 'dag_run' retrieved from /opt/airflow/dags/dag_run.py
[2024-04-04T16:25:33.269+0000] {logging_mixin.py:188} INFO - [2024-04-04T16:25:33.269+0000] {dag.py:3047} INFO - Sync 1 DAGs
[2024-04-04T16:25:33.288+0000] {logging_mixin.py:188} INFO - [2024-04-04T16:25:33.288+0000] {dag.py:3834} INFO - Setting next_dagrun for dag_run to None, run_after=None
[2024-04-04T16:25:33.302+0000] {processor.py:183} INFO - Processing /opt/airflow/dags/dag_run.py took 0.077 seconds
[2024-04-04T16:26:03.524+0000] {processor.py:161} INFO - Started process (PID=349) to work on /opt/airflow/dags/dag_run.py
[2024-04-04T16:26:03.525+0000] {processor.py:830} INFO - Processing file /opt/airflow/dags/dag_run.py for tasks to queue
[2024-04-04T16:26:03.525+0000] {logging_mixin.py:188} INFO - [2024-04-04T16:26:03.525+0000] {dagbag.py:540} INFO - Filling up the DagBag from /opt/airflow/dags/dag_run.py
[2024-04-04T16:26:03.536+0000] {processor.py:840} INFO - DAG(s) 'dag_run' retrieved from /opt/airflow/dags/dag_run.py
[2024-04-04T16:26:03.568+0000] {logging_mixin.py:188} INFO - [2024-04-04T16:26:03.568+0000] {dag.py:3047} INFO - Sync 1 DAGs
[2024-04-04T16:26:03.586+0000] {logging_mixin.py:188} INFO - [2024-04-04T16:26:03.586+0000] {dag.py:3834} INFO - Setting next_dagrun for dag_run to None, run_after=None
[2024-04-04T16:26:03.606+0000] {processor.py:183} INFO - Processing /opt/airflow/dags/dag_run.py took 0.083 seconds
[2024-04-04T16:26:34.106+0000] {processor.py:161} INFO - Started process (PID=370) to work on /opt/airflow/dags/dag_run.py
[2024-04-04T16:26:34.106+0000] {processor.py:830} INFO - Processing file /opt/airflow/dags/dag_run.py for tasks to queue
[2024-04-04T16:26:34.107+0000] {logging_mixin.py:188} INFO - [2024-04-04T16:26:34.107+0000] {dagbag.py:540} INFO - Filling up the DagBag from /opt/airflow/dags/dag_run.py
[2024-04-04T16:26:34.122+0000] {processor.py:840} INFO - DAG(s) 'dag_run' retrieved from /opt/airflow/dags/dag_run.py
[2024-04-04T16:26:34.148+0000] {logging_mixin.py:188} INFO - [2024-04-04T16:26:34.148+0000] {dag.py:3047} INFO - Sync 1 DAGs
[2024-04-04T16:26:34.163+0000] {logging_mixin.py:188} INFO - [2024-04-04T16:26:34.163+0000] {dag.py:3834} INFO - Setting next_dagrun for dag_run to None, run_after=None
[2024-04-04T16:26:34.177+0000] {processor.py:183} INFO - Processing /opt/airflow/dags/dag_run.py took 0.073 seconds
[2024-04-04T16:27:04.549+0000] {processor.py:161} INFO - Started process (PID=391) to work on /opt/airflow/dags/dag_run.py
[2024-04-04T16:27:04.550+0000] {processor.py:830} INFO - Processing file /opt/airflow/dags/dag_run.py for tasks to queue
[2024-04-04T16:27:04.551+0000] {logging_mixin.py:188} INFO - [2024-04-04T16:27:04.550+0000] {dagbag.py:540} INFO - Filling up the DagBag from /opt/airflow/dags/dag_run.py
[2024-04-04T16:27:04.563+0000] {processor.py:840} INFO - DAG(s) 'dag_run' retrieved from /opt/airflow/dags/dag_run.py
[2024-04-04T16:27:04.588+0000] {logging_mixin.py:188} INFO - [2024-04-04T16:27:04.588+0000] {dag.py:3047} INFO - Sync 1 DAGs
[2024-04-04T16:27:04.606+0000] {logging_mixin.py:188} INFO - [2024-04-04T16:27:04.605+0000] {dag.py:3834} INFO - Setting next_dagrun for dag_run to None, run_after=None
[2024-04-04T16:27:04.626+0000] {processor.py:183} INFO - Processing /opt/airflow/dags/dag_run.py took 0.078 seconds
[2024-04-04T16:27:34.904+0000] {processor.py:161} INFO - Started process (PID=412) to work on /opt/airflow/dags/dag_run.py
[2024-04-04T16:27:34.905+0000] {processor.py:830} INFO - Processing file /opt/airflow/dags/dag_run.py for tasks to queue
[2024-04-04T16:27:34.906+0000] {logging_mixin.py:188} INFO - [2024-04-04T16:27:34.906+0000] {dagbag.py:540} INFO - Filling up the DagBag from /opt/airflow/dags/dag_run.py
[2024-04-04T16:27:34.919+0000] {processor.py:840} INFO - DAG(s) 'dag_run' retrieved from /opt/airflow/dags/dag_run.py
[2024-04-04T16:27:34.944+0000] {logging_mixin.py:188} INFO - [2024-04-04T16:27:34.944+0000] {dag.py:3047} INFO - Sync 1 DAGs
[2024-04-04T16:27:34.963+0000] {logging_mixin.py:188} INFO - [2024-04-04T16:27:34.963+0000] {dag.py:3834} INFO - Setting next_dagrun for dag_run to None, run_after=None
[2024-04-04T16:27:34.980+0000] {processor.py:183} INFO - Processing /opt/airflow/dags/dag_run.py took 0.078 seconds
[2024-04-04T16:28:05.321+0000] {processor.py:161} INFO - Started process (PID=433) to work on /opt/airflow/dags/dag_run.py
[2024-04-04T16:28:05.321+0000] {processor.py:830} INFO - Processing file /opt/airflow/dags/dag_run.py for tasks to queue
[2024-04-04T16:28:05.322+0000] {logging_mixin.py:188} INFO - [2024-04-04T16:28:05.322+0000] {dagbag.py:540} INFO - Filling up the DagBag from /opt/airflow/dags/dag_run.py
[2024-04-04T16:28:05.339+0000] {processor.py:840} INFO - DAG(s) 'dag_run' retrieved from /opt/airflow/dags/dag_run.py
[2024-04-04T16:28:05.364+0000] {logging_mixin.py:188} INFO - [2024-04-04T16:28:05.364+0000] {dag.py:3047} INFO - Sync 1 DAGs
[2024-04-04T16:28:05.381+0000] {logging_mixin.py:188} INFO - [2024-04-04T16:28:05.380+0000] {dag.py:3834} INFO - Setting next_dagrun for dag_run to None, run_after=None
[2024-04-04T16:28:05.399+0000] {processor.py:183} INFO - Processing /opt/airflow/dags/dag_run.py took 0.081 seconds
[2024-04-04T16:28:35.773+0000] {processor.py:161} INFO - Started process (PID=454) to work on /opt/airflow/dags/dag_run.py
[2024-04-04T16:28:35.777+0000] {processor.py:830} INFO - Processing file /opt/airflow/dags/dag_run.py for tasks to queue
[2024-04-04T16:28:35.778+0000] {logging_mixin.py:188} INFO - [2024-04-04T16:28:35.778+0000] {dagbag.py:540} INFO - Filling up the DagBag from /opt/airflow/dags/dag_run.py
[2024-04-04T16:28:35.792+0000] {processor.py:840} INFO - DAG(s) 'dag_run' retrieved from /opt/airflow/dags/dag_run.py
[2024-04-04T16:28:35.814+0000] {logging_mixin.py:188} INFO - [2024-04-04T16:28:35.814+0000] {dag.py:3047} INFO - Sync 1 DAGs
[2024-04-04T16:28:35.831+0000] {logging_mixin.py:188} INFO - [2024-04-04T16:28:35.831+0000] {dag.py:3834} INFO - Setting next_dagrun for dag_run to None, run_after=None
[2024-04-04T16:28:35.852+0000] {processor.py:183} INFO - Processing /opt/airflow/dags/dag_run.py took 0.081 seconds
