[2024-04-04T16:18:57.958+0000] {processor.py:161} INFO - Started process (PID=49) to work on /opt/airflow/dags/jinja_template.py
[2024-04-04T16:18:57.960+0000] {processor.py:830} INFO - Processing file /opt/airflow/dags/jinja_template.py for tasks to queue
[2024-04-04T16:18:57.961+0000] {logging_mixin.py:188} INFO - [2024-04-04T16:18:57.961+0000] {dagbag.py:540} INFO - Filling up the DagBag from /opt/airflow/dags/jinja_template.py
[2024-04-04T16:18:57.979+0000] {processor.py:840} INFO - DAG(s) 'jinja_template' retrieved from /opt/airflow/dags/jinja_template.py
[2024-04-04T16:18:58.060+0000] {logging_mixin.py:188} INFO - [2024-04-04T16:18:58.060+0000] {dag.py:3047} INFO - Sync 1 DAGs
[2024-04-04T16:18:58.085+0000] {logging_mixin.py:188} INFO - [2024-04-04T16:18:58.085+0000] {dag.py:3834} INFO - Setting next_dagrun for jinja_template to None, run_after=None
[2024-04-04T16:18:58.101+0000] {processor.py:183} INFO - Processing /opt/airflow/dags/jinja_template.py took 0.145 seconds
[2024-04-04T16:19:28.347+0000] {processor.py:161} INFO - Started process (PID=70) to work on /opt/airflow/dags/jinja_template.py
[2024-04-04T16:19:28.348+0000] {processor.py:830} INFO - Processing file /opt/airflow/dags/jinja_template.py for tasks to queue
[2024-04-04T16:19:28.349+0000] {logging_mixin.py:188} INFO - [2024-04-04T16:19:28.349+0000] {dagbag.py:540} INFO - Filling up the DagBag from /opt/airflow/dags/jinja_template.py
[2024-04-04T16:19:28.364+0000] {processor.py:840} INFO - DAG(s) 'jinja_template' retrieved from /opt/airflow/dags/jinja_template.py
[2024-04-04T16:19:28.392+0000] {logging_mixin.py:188} INFO - [2024-04-04T16:19:28.392+0000] {dag.py:3047} INFO - Sync 1 DAGs
[2024-04-04T16:19:28.413+0000] {logging_mixin.py:188} INFO - [2024-04-04T16:19:28.413+0000] {dag.py:3834} INFO - Setting next_dagrun for jinja_template to None, run_after=None
[2024-04-04T16:19:28.435+0000] {processor.py:183} INFO - Processing /opt/airflow/dags/jinja_template.py took 0.090 seconds
[2024-04-04T16:19:58.685+0000] {processor.py:161} INFO - Started process (PID=91) to work on /opt/airflow/dags/jinja_template.py
[2024-04-04T16:19:58.685+0000] {processor.py:830} INFO - Processing file /opt/airflow/dags/jinja_template.py for tasks to queue
[2024-04-04T16:19:58.687+0000] {logging_mixin.py:188} INFO - [2024-04-04T16:19:58.686+0000] {dagbag.py:540} INFO - Filling up the DagBag from /opt/airflow/dags/jinja_template.py
[2024-04-04T16:19:58.697+0000] {processor.py:840} INFO - DAG(s) 'jinja_template' retrieved from /opt/airflow/dags/jinja_template.py
[2024-04-04T16:19:58.719+0000] {logging_mixin.py:188} INFO - [2024-04-04T16:19:58.719+0000] {dag.py:3047} INFO - Sync 1 DAGs
[2024-04-04T16:19:58.738+0000] {logging_mixin.py:188} INFO - [2024-04-04T16:19:58.738+0000] {dag.py:3834} INFO - Setting next_dagrun for jinja_template to None, run_after=None
[2024-04-04T16:19:58.763+0000] {processor.py:183} INFO - Processing /opt/airflow/dags/jinja_template.py took 0.081 seconds
[2024-04-04T16:20:29.210+0000] {processor.py:161} INFO - Started process (PID=114) to work on /opt/airflow/dags/jinja_template.py
[2024-04-04T16:20:29.211+0000] {processor.py:830} INFO - Processing file /opt/airflow/dags/jinja_template.py for tasks to queue
[2024-04-04T16:20:29.212+0000] {logging_mixin.py:188} INFO - [2024-04-04T16:20:29.212+0000] {dagbag.py:540} INFO - Filling up the DagBag from /opt/airflow/dags/jinja_template.py
[2024-04-04T16:20:29.222+0000] {processor.py:840} INFO - DAG(s) 'jinja_template' retrieved from /opt/airflow/dags/jinja_template.py
[2024-04-04T16:20:29.243+0000] {logging_mixin.py:188} INFO - [2024-04-04T16:20:29.242+0000] {dag.py:3047} INFO - Sync 1 DAGs
[2024-04-04T16:20:29.259+0000] {logging_mixin.py:188} INFO - [2024-04-04T16:20:29.259+0000] {dag.py:3834} INFO - Setting next_dagrun for jinja_template to None, run_after=None
[2024-04-04T16:20:29.279+0000] {processor.py:183} INFO - Processing /opt/airflow/dags/jinja_template.py took 0.071 seconds
[2024-04-04T16:20:59.600+0000] {processor.py:161} INFO - Started process (PID=136) to work on /opt/airflow/dags/jinja_template.py
[2024-04-04T16:20:59.601+0000] {processor.py:830} INFO - Processing file /opt/airflow/dags/jinja_template.py for tasks to queue
[2024-04-04T16:20:59.602+0000] {logging_mixin.py:188} INFO - [2024-04-04T16:20:59.602+0000] {dagbag.py:540} INFO - Filling up the DagBag from /opt/airflow/dags/jinja_template.py
[2024-04-04T16:20:59.624+0000] {processor.py:840} INFO - DAG(s) 'jinja_template' retrieved from /opt/airflow/dags/jinja_template.py
[2024-04-04T16:20:59.647+0000] {logging_mixin.py:188} INFO - [2024-04-04T16:20:59.647+0000] {dag.py:3047} INFO - Sync 1 DAGs
[2024-04-04T16:20:59.662+0000] {logging_mixin.py:188} INFO - [2024-04-04T16:20:59.662+0000] {dag.py:3834} INFO - Setting next_dagrun for jinja_template to None, run_after=None
[2024-04-04T16:20:59.684+0000] {processor.py:183} INFO - Processing /opt/airflow/dags/jinja_template.py took 0.086 seconds
[2024-04-04T16:21:29.959+0000] {processor.py:161} INFO - Started process (PID=157) to work on /opt/airflow/dags/jinja_template.py
[2024-04-04T16:21:29.960+0000] {processor.py:830} INFO - Processing file /opt/airflow/dags/jinja_template.py for tasks to queue
[2024-04-04T16:21:29.960+0000] {logging_mixin.py:188} INFO - [2024-04-04T16:21:29.960+0000] {dagbag.py:540} INFO - Filling up the DagBag from /opt/airflow/dags/jinja_template.py
[2024-04-04T16:21:29.973+0000] {processor.py:840} INFO - DAG(s) 'jinja_template' retrieved from /opt/airflow/dags/jinja_template.py
[2024-04-04T16:21:29.997+0000] {logging_mixin.py:188} INFO - [2024-04-04T16:21:29.997+0000] {dag.py:3047} INFO - Sync 1 DAGs
[2024-04-04T16:21:30.016+0000] {logging_mixin.py:188} INFO - [2024-04-04T16:21:30.015+0000] {dag.py:3834} INFO - Setting next_dagrun for jinja_template to None, run_after=None
[2024-04-04T16:21:30.039+0000] {processor.py:183} INFO - Processing /opt/airflow/dags/jinja_template.py took 0.081 seconds
[2024-04-04T16:22:00.340+0000] {processor.py:161} INFO - Started process (PID=178) to work on /opt/airflow/dags/jinja_template.py
[2024-04-04T16:22:00.341+0000] {processor.py:830} INFO - Processing file /opt/airflow/dags/jinja_template.py for tasks to queue
[2024-04-04T16:22:00.341+0000] {logging_mixin.py:188} INFO - [2024-04-04T16:22:00.341+0000] {dagbag.py:540} INFO - Filling up the DagBag from /opt/airflow/dags/jinja_template.py
[2024-04-04T16:22:00.358+0000] {processor.py:840} INFO - DAG(s) 'jinja_template' retrieved from /opt/airflow/dags/jinja_template.py
[2024-04-04T16:22:00.387+0000] {logging_mixin.py:188} INFO - [2024-04-04T16:22:00.387+0000] {dag.py:3047} INFO - Sync 1 DAGs
[2024-04-04T16:22:00.414+0000] {logging_mixin.py:188} INFO - [2024-04-04T16:22:00.414+0000] {dag.py:3834} INFO - Setting next_dagrun for jinja_template to None, run_after=None
[2024-04-04T16:22:00.433+0000] {processor.py:183} INFO - Processing /opt/airflow/dags/jinja_template.py took 0.096 seconds
[2024-04-04T16:22:30.702+0000] {processor.py:161} INFO - Started process (PID=199) to work on /opt/airflow/dags/jinja_template.py
[2024-04-04T16:22:30.704+0000] {processor.py:830} INFO - Processing file /opt/airflow/dags/jinja_template.py for tasks to queue
[2024-04-04T16:22:30.704+0000] {logging_mixin.py:188} INFO - [2024-04-04T16:22:30.704+0000] {dagbag.py:540} INFO - Filling up the DagBag from /opt/airflow/dags/jinja_template.py
[2024-04-04T16:22:30.720+0000] {processor.py:840} INFO - DAG(s) 'jinja_template' retrieved from /opt/airflow/dags/jinja_template.py
[2024-04-04T16:22:30.748+0000] {logging_mixin.py:188} INFO - [2024-04-04T16:22:30.748+0000] {dag.py:3047} INFO - Sync 1 DAGs
[2024-04-04T16:22:30.769+0000] {logging_mixin.py:188} INFO - [2024-04-04T16:22:30.768+0000] {dag.py:3834} INFO - Setting next_dagrun for jinja_template to None, run_after=None
[2024-04-04T16:22:30.800+0000] {processor.py:183} INFO - Processing /opt/airflow/dags/jinja_template.py took 0.100 seconds
[2024-04-04T16:23:01.252+0000] {processor.py:161} INFO - Started process (PID=222) to work on /opt/airflow/dags/jinja_template.py
[2024-04-04T16:23:01.253+0000] {processor.py:830} INFO - Processing file /opt/airflow/dags/jinja_template.py for tasks to queue
[2024-04-04T16:23:01.254+0000] {logging_mixin.py:188} INFO - [2024-04-04T16:23:01.254+0000] {dagbag.py:540} INFO - Filling up the DagBag from /opt/airflow/dags/jinja_template.py
[2024-04-04T16:23:01.266+0000] {processor.py:840} INFO - DAG(s) 'jinja_template' retrieved from /opt/airflow/dags/jinja_template.py
[2024-04-04T16:23:01.287+0000] {logging_mixin.py:188} INFO - [2024-04-04T16:23:01.287+0000] {dag.py:3047} INFO - Sync 1 DAGs
[2024-04-04T16:23:01.304+0000] {logging_mixin.py:188} INFO - [2024-04-04T16:23:01.304+0000] {dag.py:3834} INFO - Setting next_dagrun for jinja_template to None, run_after=None
[2024-04-04T16:23:01.318+0000] {processor.py:183} INFO - Processing /opt/airflow/dags/jinja_template.py took 0.067 seconds
[2024-04-04T16:23:31.633+0000] {processor.py:161} INFO - Started process (PID=245) to work on /opt/airflow/dags/jinja_template.py
[2024-04-04T16:23:31.634+0000] {processor.py:830} INFO - Processing file /opt/airflow/dags/jinja_template.py for tasks to queue
[2024-04-04T16:23:31.635+0000] {logging_mixin.py:188} INFO - [2024-04-04T16:23:31.634+0000] {dagbag.py:540} INFO - Filling up the DagBag from /opt/airflow/dags/jinja_template.py
[2024-04-04T16:23:31.649+0000] {processor.py:840} INFO - DAG(s) 'jinja_template' retrieved from /opt/airflow/dags/jinja_template.py
[2024-04-04T16:23:31.678+0000] {logging_mixin.py:188} INFO - [2024-04-04T16:23:31.678+0000] {dag.py:3047} INFO - Sync 1 DAGs
[2024-04-04T16:23:31.699+0000] {logging_mixin.py:188} INFO - [2024-04-04T16:23:31.699+0000] {dag.py:3834} INFO - Setting next_dagrun for jinja_template to None, run_after=None
[2024-04-04T16:23:31.716+0000] {processor.py:183} INFO - Processing /opt/airflow/dags/jinja_template.py took 0.085 seconds
[2024-04-04T16:24:01.984+0000] {processor.py:161} INFO - Started process (PID=266) to work on /opt/airflow/dags/jinja_template.py
[2024-04-04T16:24:01.984+0000] {processor.py:830} INFO - Processing file /opt/airflow/dags/jinja_template.py for tasks to queue
[2024-04-04T16:24:01.985+0000] {logging_mixin.py:188} INFO - [2024-04-04T16:24:01.985+0000] {dagbag.py:540} INFO - Filling up the DagBag from /opt/airflow/dags/jinja_template.py
[2024-04-04T16:24:01.997+0000] {processor.py:840} INFO - DAG(s) 'jinja_template' retrieved from /opt/airflow/dags/jinja_template.py
[2024-04-04T16:24:02.025+0000] {logging_mixin.py:188} INFO - [2024-04-04T16:24:02.025+0000] {dag.py:3047} INFO - Sync 1 DAGs
[2024-04-04T16:24:02.042+0000] {logging_mixin.py:188} INFO - [2024-04-04T16:24:02.042+0000] {dag.py:3834} INFO - Setting next_dagrun for jinja_template to None, run_after=None
[2024-04-04T16:24:02.061+0000] {processor.py:183} INFO - Processing /opt/airflow/dags/jinja_template.py took 0.079 seconds
[2024-04-04T16:24:32.487+0000] {processor.py:161} INFO - Started process (PID=287) to work on /opt/airflow/dags/jinja_template.py
[2024-04-04T16:24:32.488+0000] {processor.py:830} INFO - Processing file /opt/airflow/dags/jinja_template.py for tasks to queue
[2024-04-04T16:24:32.488+0000] {logging_mixin.py:188} INFO - [2024-04-04T16:24:32.488+0000] {dagbag.py:540} INFO - Filling up the DagBag from /opt/airflow/dags/jinja_template.py
[2024-04-04T16:24:32.499+0000] {processor.py:840} INFO - DAG(s) 'jinja_template' retrieved from /opt/airflow/dags/jinja_template.py
[2024-04-04T16:24:32.525+0000] {logging_mixin.py:188} INFO - [2024-04-04T16:24:32.525+0000] {dag.py:3047} INFO - Sync 1 DAGs
[2024-04-04T16:24:32.551+0000] {logging_mixin.py:188} INFO - [2024-04-04T16:24:32.551+0000] {dag.py:3834} INFO - Setting next_dagrun for jinja_template to None, run_after=None
[2024-04-04T16:24:32.574+0000] {processor.py:183} INFO - Processing /opt/airflow/dags/jinja_template.py took 0.089 seconds
[2024-04-04T16:25:03.000+0000] {processor.py:161} INFO - Started process (PID=308) to work on /opt/airflow/dags/jinja_template.py
[2024-04-04T16:25:03.001+0000] {processor.py:830} INFO - Processing file /opt/airflow/dags/jinja_template.py for tasks to queue
[2024-04-04T16:25:03.001+0000] {logging_mixin.py:188} INFO - [2024-04-04T16:25:03.001+0000] {dagbag.py:540} INFO - Filling up the DagBag from /opt/airflow/dags/jinja_template.py
[2024-04-04T16:25:03.016+0000] {processor.py:840} INFO - DAG(s) 'jinja_template' retrieved from /opt/airflow/dags/jinja_template.py
[2024-04-04T16:25:03.040+0000] {logging_mixin.py:188} INFO - [2024-04-04T16:25:03.040+0000] {dag.py:3047} INFO - Sync 1 DAGs
[2024-04-04T16:25:03.057+0000] {logging_mixin.py:188} INFO - [2024-04-04T16:25:03.056+0000] {dag.py:3834} INFO - Setting next_dagrun for jinja_template to None, run_after=None
[2024-04-04T16:25:03.070+0000] {processor.py:183} INFO - Processing /opt/airflow/dags/jinja_template.py took 0.073 seconds
[2024-04-04T16:25:33.260+0000] {processor.py:161} INFO - Started process (PID=329) to work on /opt/airflow/dags/jinja_template.py
[2024-04-04T16:25:33.261+0000] {processor.py:830} INFO - Processing file /opt/airflow/dags/jinja_template.py for tasks to queue
[2024-04-04T16:25:33.261+0000] {logging_mixin.py:188} INFO - [2024-04-04T16:25:33.261+0000] {dagbag.py:540} INFO - Filling up the DagBag from /opt/airflow/dags/jinja_template.py
[2024-04-04T16:25:33.277+0000] {processor.py:840} INFO - DAG(s) 'jinja_template' retrieved from /opt/airflow/dags/jinja_template.py
[2024-04-04T16:25:33.301+0000] {logging_mixin.py:188} INFO - [2024-04-04T16:25:33.301+0000] {dag.py:3047} INFO - Sync 1 DAGs
[2024-04-04T16:25:33.322+0000] {logging_mixin.py:188} INFO - [2024-04-04T16:25:33.322+0000] {dag.py:3834} INFO - Setting next_dagrun for jinja_template to None, run_after=None
[2024-04-04T16:25:33.337+0000] {processor.py:183} INFO - Processing /opt/airflow/dags/jinja_template.py took 0.080 seconds
[2024-04-04T16:26:03.630+0000] {processor.py:161} INFO - Started process (PID=350) to work on /opt/airflow/dags/jinja_template.py
[2024-04-04T16:26:03.631+0000] {processor.py:830} INFO - Processing file /opt/airflow/dags/jinja_template.py for tasks to queue
[2024-04-04T16:26:03.631+0000] {logging_mixin.py:188} INFO - [2024-04-04T16:26:03.631+0000] {dagbag.py:540} INFO - Filling up the DagBag from /opt/airflow/dags/jinja_template.py
[2024-04-04T16:26:03.645+0000] {processor.py:840} INFO - DAG(s) 'jinja_template' retrieved from /opt/airflow/dags/jinja_template.py
[2024-04-04T16:26:03.665+0000] {logging_mixin.py:188} INFO - [2024-04-04T16:26:03.665+0000] {dag.py:3047} INFO - Sync 1 DAGs
[2024-04-04T16:26:03.682+0000] {logging_mixin.py:188} INFO - [2024-04-04T16:26:03.682+0000] {dag.py:3834} INFO - Setting next_dagrun for jinja_template to None, run_after=None
[2024-04-04T16:26:03.698+0000] {processor.py:183} INFO - Processing /opt/airflow/dags/jinja_template.py took 0.071 seconds
[2024-04-04T16:26:34.130+0000] {processor.py:161} INFO - Started process (PID=371) to work on /opt/airflow/dags/jinja_template.py
[2024-04-04T16:26:34.131+0000] {processor.py:830} INFO - Processing file /opt/airflow/dags/jinja_template.py for tasks to queue
[2024-04-04T16:26:34.132+0000] {logging_mixin.py:188} INFO - [2024-04-04T16:26:34.132+0000] {dagbag.py:540} INFO - Filling up the DagBag from /opt/airflow/dags/jinja_template.py
[2024-04-04T16:26:34.145+0000] {processor.py:840} INFO - DAG(s) 'jinja_template' retrieved from /opt/airflow/dags/jinja_template.py
[2024-04-04T16:26:34.164+0000] {logging_mixin.py:188} INFO - [2024-04-04T16:26:34.164+0000] {dag.py:3047} INFO - Sync 1 DAGs
[2024-04-04T16:26:34.180+0000] {logging_mixin.py:188} INFO - [2024-04-04T16:26:34.179+0000] {dag.py:3834} INFO - Setting next_dagrun for jinja_template to None, run_after=None
[2024-04-04T16:26:34.203+0000] {processor.py:183} INFO - Processing /opt/airflow/dags/jinja_template.py took 0.075 seconds
[2024-04-04T16:27:04.554+0000] {processor.py:161} INFO - Started process (PID=392) to work on /opt/airflow/dags/jinja_template.py
[2024-04-04T16:27:04.554+0000] {processor.py:830} INFO - Processing file /opt/airflow/dags/jinja_template.py for tasks to queue
[2024-04-04T16:27:04.555+0000] {logging_mixin.py:188} INFO - [2024-04-04T16:27:04.555+0000] {dagbag.py:540} INFO - Filling up the DagBag from /opt/airflow/dags/jinja_template.py
[2024-04-04T16:27:04.567+0000] {processor.py:840} INFO - DAG(s) 'jinja_template' retrieved from /opt/airflow/dags/jinja_template.py
[2024-04-04T16:27:04.588+0000] {logging_mixin.py:188} INFO - [2024-04-04T16:27:04.588+0000] {dag.py:3047} INFO - Sync 1 DAGs
[2024-04-04T16:27:04.606+0000] {logging_mixin.py:188} INFO - [2024-04-04T16:27:04.606+0000] {dag.py:3834} INFO - Setting next_dagrun for jinja_template to None, run_after=None
[2024-04-04T16:27:04.630+0000] {processor.py:183} INFO - Processing /opt/airflow/dags/jinja_template.py took 0.079 seconds
[2024-04-04T16:27:34.981+0000] {processor.py:161} INFO - Started process (PID=413) to work on /opt/airflow/dags/jinja_template.py
[2024-04-04T16:27:34.982+0000] {processor.py:830} INFO - Processing file /opt/airflow/dags/jinja_template.py for tasks to queue
[2024-04-04T16:27:34.982+0000] {logging_mixin.py:188} INFO - [2024-04-04T16:27:34.982+0000] {dagbag.py:540} INFO - Filling up the DagBag from /opt/airflow/dags/jinja_template.py
[2024-04-04T16:27:34.997+0000] {processor.py:840} INFO - DAG(s) 'jinja_template' retrieved from /opt/airflow/dags/jinja_template.py
[2024-04-04T16:27:35.023+0000] {logging_mixin.py:188} INFO - [2024-04-04T16:27:35.023+0000] {dag.py:3047} INFO - Sync 1 DAGs
[2024-04-04T16:27:35.040+0000] {logging_mixin.py:188} INFO - [2024-04-04T16:27:35.040+0000] {dag.py:3834} INFO - Setting next_dagrun for jinja_template to None, run_after=None
[2024-04-04T16:27:35.054+0000] {processor.py:183} INFO - Processing /opt/airflow/dags/jinja_template.py took 0.076 seconds
[2024-04-04T16:28:05.324+0000] {processor.py:161} INFO - Started process (PID=434) to work on /opt/airflow/dags/jinja_template.py
[2024-04-04T16:28:05.325+0000] {processor.py:830} INFO - Processing file /opt/airflow/dags/jinja_template.py for tasks to queue
[2024-04-04T16:28:05.325+0000] {logging_mixin.py:188} INFO - [2024-04-04T16:28:05.325+0000] {dagbag.py:540} INFO - Filling up the DagBag from /opt/airflow/dags/jinja_template.py
[2024-04-04T16:28:05.341+0000] {processor.py:840} INFO - DAG(s) 'jinja_template' retrieved from /opt/airflow/dags/jinja_template.py
[2024-04-04T16:28:05.364+0000] {logging_mixin.py:188} INFO - [2024-04-04T16:28:05.364+0000] {dag.py:3047} INFO - Sync 1 DAGs
[2024-04-04T16:28:05.382+0000] {logging_mixin.py:188} INFO - [2024-04-04T16:28:05.382+0000] {dag.py:3834} INFO - Setting next_dagrun for jinja_template to None, run_after=None
[2024-04-04T16:28:05.411+0000] {processor.py:183} INFO - Processing /opt/airflow/dags/jinja_template.py took 0.089 seconds
[2024-04-04T16:28:35.776+0000] {processor.py:161} INFO - Started process (PID=455) to work on /opt/airflow/dags/jinja_template.py
[2024-04-04T16:28:35.777+0000] {processor.py:830} INFO - Processing file /opt/airflow/dags/jinja_template.py for tasks to queue
[2024-04-04T16:28:35.778+0000] {logging_mixin.py:188} INFO - [2024-04-04T16:28:35.778+0000] {dagbag.py:540} INFO - Filling up the DagBag from /opt/airflow/dags/jinja_template.py
[2024-04-04T16:28:35.790+0000] {processor.py:840} INFO - DAG(s) 'jinja_template' retrieved from /opt/airflow/dags/jinja_template.py
[2024-04-04T16:28:35.814+0000] {logging_mixin.py:188} INFO - [2024-04-04T16:28:35.813+0000] {dag.py:3047} INFO - Sync 1 DAGs
[2024-04-04T16:28:35.832+0000] {logging_mixin.py:188} INFO - [2024-04-04T16:28:35.831+0000] {dag.py:3834} INFO - Setting next_dagrun for jinja_template to None, run_after=None
[2024-04-04T16:28:35.861+0000] {processor.py:183} INFO - Processing /opt/airflow/dags/jinja_template.py took 0.087 seconds
