[2024-04-04T16:18:58.323+0000] {processor.py:161} INFO - Started process (PID=53) to work on /opt/airflow/dags/params.py
[2024-04-04T16:18:58.324+0000] {processor.py:830} INFO - Processing file /opt/airflow/dags/params.py for tasks to queue
[2024-04-04T16:18:58.326+0000] {logging_mixin.py:188} INFO - [2024-04-04T16:18:58.326+0000] {dagbag.py:540} INFO - Filling up the DagBag from /opt/airflow/dags/params.py
[2024-04-04T16:18:58.339+0000] {processor.py:840} INFO - DAG(s) 'params' retrieved from /opt/airflow/dags/params.py
[2024-04-04T16:18:58.421+0000] {logging_mixin.py:188} INFO - [2024-04-04T16:18:58.421+0000] {dag.py:3047} INFO - Sync 1 DAGs
[2024-04-04T16:18:58.431+0000] {logging_mixin.py:188} INFO - [2024-04-04T16:18:58.431+0000] {dag.py:3834} INFO - Setting next_dagrun for params to None, run_after=None
[2024-04-04T16:18:58.449+0000] {processor.py:183} INFO - Processing /opt/airflow/dags/params.py took 0.128 seconds
[2024-04-04T16:19:28.567+0000] {processor.py:161} INFO - Started process (PID=74) to work on /opt/airflow/dags/params.py
[2024-04-04T16:19:28.568+0000] {processor.py:830} INFO - Processing file /opt/airflow/dags/params.py for tasks to queue
[2024-04-04T16:19:28.569+0000] {logging_mixin.py:188} INFO - [2024-04-04T16:19:28.569+0000] {dagbag.py:540} INFO - Filling up the DagBag from /opt/airflow/dags/params.py
[2024-04-04T16:19:28.582+0000] {processor.py:840} INFO - DAG(s) 'params' retrieved from /opt/airflow/dags/params.py
[2024-04-04T16:19:28.611+0000] {logging_mixin.py:188} INFO - [2024-04-04T16:19:28.611+0000] {dag.py:3047} INFO - Sync 1 DAGs
[2024-04-04T16:19:28.621+0000] {logging_mixin.py:188} INFO - [2024-04-04T16:19:28.620+0000] {dag.py:3834} INFO - Setting next_dagrun for params to None, run_after=None
[2024-04-04T16:19:28.635+0000] {processor.py:183} INFO - Processing /opt/airflow/dags/params.py took 0.071 seconds
[2024-04-04T16:19:58.901+0000] {processor.py:161} INFO - Started process (PID=95) to work on /opt/airflow/dags/params.py
[2024-04-04T16:19:58.902+0000] {processor.py:830} INFO - Processing file /opt/airflow/dags/params.py for tasks to queue
[2024-04-04T16:19:58.903+0000] {logging_mixin.py:188} INFO - [2024-04-04T16:19:58.903+0000] {dagbag.py:540} INFO - Filling up the DagBag from /opt/airflow/dags/params.py
[2024-04-04T16:19:58.915+0000] {processor.py:840} INFO - DAG(s) 'params' retrieved from /opt/airflow/dags/params.py
[2024-04-04T16:19:58.942+0000] {logging_mixin.py:188} INFO - [2024-04-04T16:19:58.942+0000] {dag.py:3047} INFO - Sync 1 DAGs
[2024-04-04T16:19:58.952+0000] {logging_mixin.py:188} INFO - [2024-04-04T16:19:58.952+0000] {dag.py:3834} INFO - Setting next_dagrun for params to None, run_after=None
[2024-04-04T16:19:58.969+0000] {processor.py:183} INFO - Processing /opt/airflow/dags/params.py took 0.070 seconds
[2024-04-04T16:20:29.391+0000] {processor.py:161} INFO - Started process (PID=118) to work on /opt/airflow/dags/params.py
[2024-04-04T16:20:29.392+0000] {processor.py:830} INFO - Processing file /opt/airflow/dags/params.py for tasks to queue
[2024-04-04T16:20:29.395+0000] {logging_mixin.py:188} INFO - [2024-04-04T16:20:29.395+0000] {dagbag.py:540} INFO - Filling up the DagBag from /opt/airflow/dags/params.py
[2024-04-04T16:20:29.406+0000] {processor.py:840} INFO - DAG(s) 'params' retrieved from /opt/airflow/dags/params.py
[2024-04-04T16:20:29.427+0000] {logging_mixin.py:188} INFO - [2024-04-04T16:20:29.427+0000] {dag.py:3047} INFO - Sync 1 DAGs
[2024-04-04T16:20:29.436+0000] {logging_mixin.py:188} INFO - [2024-04-04T16:20:29.436+0000] {dag.py:3834} INFO - Setting next_dagrun for params to None, run_after=None
[2024-04-04T16:20:29.460+0000] {processor.py:183} INFO - Processing /opt/airflow/dags/params.py took 0.071 seconds
[2024-04-04T16:20:59.791+0000] {processor.py:161} INFO - Started process (PID=140) to work on /opt/airflow/dags/params.py
[2024-04-04T16:20:59.793+0000] {processor.py:830} INFO - Processing file /opt/airflow/dags/params.py for tasks to queue
[2024-04-04T16:20:59.793+0000] {logging_mixin.py:188} INFO - [2024-04-04T16:20:59.793+0000] {dagbag.py:540} INFO - Filling up the DagBag from /opt/airflow/dags/params.py
[2024-04-04T16:20:59.805+0000] {processor.py:840} INFO - DAG(s) 'params' retrieved from /opt/airflow/dags/params.py
[2024-04-04T16:20:59.829+0000] {logging_mixin.py:188} INFO - [2024-04-04T16:20:59.829+0000] {dag.py:3047} INFO - Sync 1 DAGs
[2024-04-04T16:20:59.838+0000] {logging_mixin.py:188} INFO - [2024-04-04T16:20:59.838+0000] {dag.py:3834} INFO - Setting next_dagrun for params to None, run_after=None
[2024-04-04T16:20:59.859+0000] {processor.py:183} INFO - Processing /opt/airflow/dags/params.py took 0.070 seconds
[2024-04-04T16:21:30.177+0000] {processor.py:161} INFO - Started process (PID=161) to work on /opt/airflow/dags/params.py
[2024-04-04T16:21:30.178+0000] {processor.py:830} INFO - Processing file /opt/airflow/dags/params.py for tasks to queue
[2024-04-04T16:21:30.178+0000] {logging_mixin.py:188} INFO - [2024-04-04T16:21:30.178+0000] {dagbag.py:540} INFO - Filling up the DagBag from /opt/airflow/dags/params.py
[2024-04-04T16:21:30.192+0000] {processor.py:840} INFO - DAG(s) 'params' retrieved from /opt/airflow/dags/params.py
[2024-04-04T16:21:30.218+0000] {logging_mixin.py:188} INFO - [2024-04-04T16:21:30.218+0000] {dag.py:3047} INFO - Sync 1 DAGs
[2024-04-04T16:21:30.228+0000] {logging_mixin.py:188} INFO - [2024-04-04T16:21:30.227+0000] {dag.py:3834} INFO - Setting next_dagrun for params to None, run_after=None
[2024-04-04T16:21:30.252+0000] {processor.py:183} INFO - Processing /opt/airflow/dags/params.py took 0.077 seconds
[2024-04-04T16:22:00.587+0000] {processor.py:161} INFO - Started process (PID=182) to work on /opt/airflow/dags/params.py
[2024-04-04T16:22:00.588+0000] {processor.py:830} INFO - Processing file /opt/airflow/dags/params.py for tasks to queue
[2024-04-04T16:22:00.588+0000] {logging_mixin.py:188} INFO - [2024-04-04T16:22:00.588+0000] {dagbag.py:540} INFO - Filling up the DagBag from /opt/airflow/dags/params.py
[2024-04-04T16:22:00.602+0000] {processor.py:840} INFO - DAG(s) 'params' retrieved from /opt/airflow/dags/params.py
[2024-04-04T16:22:00.629+0000] {logging_mixin.py:188} INFO - [2024-04-04T16:22:00.629+0000] {dag.py:3047} INFO - Sync 1 DAGs
[2024-04-04T16:22:00.650+0000] {logging_mixin.py:188} INFO - [2024-04-04T16:22:00.650+0000] {dag.py:3834} INFO - Setting next_dagrun for params to None, run_after=None
[2024-04-04T16:22:00.673+0000] {processor.py:183} INFO - Processing /opt/airflow/dags/params.py took 0.088 seconds
[2024-04-04T16:22:30.917+0000] {processor.py:161} INFO - Started process (PID=203) to work on /opt/airflow/dags/params.py
[2024-04-04T16:22:30.918+0000] {processor.py:830} INFO - Processing file /opt/airflow/dags/params.py for tasks to queue
[2024-04-04T16:22:30.918+0000] {logging_mixin.py:188} INFO - [2024-04-04T16:22:30.918+0000] {dagbag.py:540} INFO - Filling up the DagBag from /opt/airflow/dags/params.py
[2024-04-04T16:22:30.933+0000] {processor.py:840} INFO - DAG(s) 'params' retrieved from /opt/airflow/dags/params.py
[2024-04-04T16:22:30.957+0000] {logging_mixin.py:188} INFO - [2024-04-04T16:22:30.957+0000] {dag.py:3047} INFO - Sync 1 DAGs
[2024-04-04T16:22:30.971+0000] {logging_mixin.py:188} INFO - [2024-04-04T16:22:30.970+0000] {dag.py:3834} INFO - Setting next_dagrun for params to None, run_after=None
[2024-04-04T16:22:30.989+0000] {processor.py:183} INFO - Processing /opt/airflow/dags/params.py took 0.073 seconds
[2024-04-04T16:23:01.438+0000] {processor.py:161} INFO - Started process (PID=226) to work on /opt/airflow/dags/params.py
[2024-04-04T16:23:01.438+0000] {processor.py:830} INFO - Processing file /opt/airflow/dags/params.py for tasks to queue
[2024-04-04T16:23:01.439+0000] {logging_mixin.py:188} INFO - [2024-04-04T16:23:01.439+0000] {dagbag.py:540} INFO - Filling up the DagBag from /opt/airflow/dags/params.py
[2024-04-04T16:23:01.453+0000] {processor.py:840} INFO - DAG(s) 'params' retrieved from /opt/airflow/dags/params.py
[2024-04-04T16:23:01.478+0000] {logging_mixin.py:188} INFO - [2024-04-04T16:23:01.478+0000] {dag.py:3047} INFO - Sync 1 DAGs
[2024-04-04T16:23:01.487+0000] {logging_mixin.py:188} INFO - [2024-04-04T16:23:01.487+0000] {dag.py:3834} INFO - Setting next_dagrun for params to None, run_after=None
[2024-04-04T16:23:01.500+0000] {processor.py:183} INFO - Processing /opt/airflow/dags/params.py took 0.064 seconds
[2024-04-04T16:23:31.853+0000] {processor.py:161} INFO - Started process (PID=249) to work on /opt/airflow/dags/params.py
[2024-04-04T16:23:31.854+0000] {processor.py:830} INFO - Processing file /opt/airflow/dags/params.py for tasks to queue
[2024-04-04T16:23:31.855+0000] {logging_mixin.py:188} INFO - [2024-04-04T16:23:31.855+0000] {dagbag.py:540} INFO - Filling up the DagBag from /opt/airflow/dags/params.py
[2024-04-04T16:23:31.870+0000] {processor.py:840} INFO - DAG(s) 'params' retrieved from /opt/airflow/dags/params.py
[2024-04-04T16:23:31.901+0000] {logging_mixin.py:188} INFO - [2024-04-04T16:23:31.901+0000] {dag.py:3047} INFO - Sync 1 DAGs
[2024-04-04T16:23:31.911+0000] {logging_mixin.py:188} INFO - [2024-04-04T16:23:31.911+0000] {dag.py:3834} INFO - Setting next_dagrun for params to None, run_after=None
[2024-04-04T16:23:31.928+0000] {processor.py:183} INFO - Processing /opt/airflow/dags/params.py took 0.077 seconds
[2024-04-04T16:24:02.254+0000] {processor.py:161} INFO - Started process (PID=270) to work on /opt/airflow/dags/params.py
[2024-04-04T16:24:02.256+0000] {processor.py:830} INFO - Processing file /opt/airflow/dags/params.py for tasks to queue
[2024-04-04T16:24:02.257+0000] {logging_mixin.py:188} INFO - [2024-04-04T16:24:02.257+0000] {dagbag.py:540} INFO - Filling up the DagBag from /opt/airflow/dags/params.py
[2024-04-04T16:24:02.268+0000] {processor.py:840} INFO - DAG(s) 'params' retrieved from /opt/airflow/dags/params.py
[2024-04-04T16:24:02.290+0000] {logging_mixin.py:188} INFO - [2024-04-04T16:24:02.289+0000] {dag.py:3047} INFO - Sync 1 DAGs
[2024-04-04T16:24:02.298+0000] {logging_mixin.py:188} INFO - [2024-04-04T16:24:02.298+0000] {dag.py:3834} INFO - Setting next_dagrun for params to None, run_after=None
[2024-04-04T16:24:02.313+0000] {processor.py:183} INFO - Processing /opt/airflow/dags/params.py took 0.061 seconds
[2024-04-04T16:24:32.780+0000] {processor.py:161} INFO - Started process (PID=291) to work on /opt/airflow/dags/params.py
[2024-04-04T16:24:32.781+0000] {processor.py:830} INFO - Processing file /opt/airflow/dags/params.py for tasks to queue
[2024-04-04T16:24:32.782+0000] {logging_mixin.py:188} INFO - [2024-04-04T16:24:32.782+0000] {dagbag.py:540} INFO - Filling up the DagBag from /opt/airflow/dags/params.py
[2024-04-04T16:24:32.793+0000] {processor.py:840} INFO - DAG(s) 'params' retrieved from /opt/airflow/dags/params.py
[2024-04-04T16:24:32.816+0000] {logging_mixin.py:188} INFO - [2024-04-04T16:24:32.816+0000] {dag.py:3047} INFO - Sync 1 DAGs
[2024-04-04T16:24:32.825+0000] {logging_mixin.py:188} INFO - [2024-04-04T16:24:32.825+0000] {dag.py:3834} INFO - Setting next_dagrun for params to None, run_after=None
[2024-04-04T16:24:32.840+0000] {processor.py:183} INFO - Processing /opt/airflow/dags/params.py took 0.062 seconds
[2024-04-04T16:25:03.196+0000] {processor.py:161} INFO - Started process (PID=312) to work on /opt/airflow/dags/params.py
[2024-04-04T16:25:03.198+0000] {processor.py:830} INFO - Processing file /opt/airflow/dags/params.py for tasks to queue
[2024-04-04T16:25:03.198+0000] {logging_mixin.py:188} INFO - [2024-04-04T16:25:03.198+0000] {dagbag.py:540} INFO - Filling up the DagBag from /opt/airflow/dags/params.py
[2024-04-04T16:25:03.214+0000] {processor.py:840} INFO - DAG(s) 'params' retrieved from /opt/airflow/dags/params.py
[2024-04-04T16:25:03.241+0000] {logging_mixin.py:188} INFO - [2024-04-04T16:25:03.241+0000] {dag.py:3047} INFO - Sync 1 DAGs
[2024-04-04T16:25:03.251+0000] {logging_mixin.py:188} INFO - [2024-04-04T16:25:03.251+0000] {dag.py:3834} INFO - Setting next_dagrun for params to None, run_after=None
[2024-04-04T16:25:03.265+0000] {processor.py:183} INFO - Processing /opt/airflow/dags/params.py took 0.071 seconds
[2024-04-04T16:25:33.468+0000] {processor.py:161} INFO - Started process (PID=333) to work on /opt/airflow/dags/params.py
[2024-04-04T16:25:33.468+0000] {processor.py:830} INFO - Processing file /opt/airflow/dags/params.py for tasks to queue
[2024-04-04T16:25:33.469+0000] {logging_mixin.py:188} INFO - [2024-04-04T16:25:33.469+0000] {dagbag.py:540} INFO - Filling up the DagBag from /opt/airflow/dags/params.py
[2024-04-04T16:25:33.481+0000] {processor.py:840} INFO - DAG(s) 'params' retrieved from /opt/airflow/dags/params.py
[2024-04-04T16:25:33.510+0000] {logging_mixin.py:188} INFO - [2024-04-04T16:25:33.510+0000] {dag.py:3047} INFO - Sync 1 DAGs
[2024-04-04T16:25:33.520+0000] {logging_mixin.py:188} INFO - [2024-04-04T16:25:33.520+0000] {dag.py:3834} INFO - Setting next_dagrun for params to None, run_after=None
[2024-04-04T16:25:33.537+0000] {processor.py:183} INFO - Processing /opt/airflow/dags/params.py took 0.072 seconds
[2024-04-04T16:26:03.955+0000] {processor.py:161} INFO - Started process (PID=354) to work on /opt/airflow/dags/params.py
[2024-04-04T16:26:03.956+0000] {processor.py:830} INFO - Processing file /opt/airflow/dags/params.py for tasks to queue
[2024-04-04T16:26:03.957+0000] {logging_mixin.py:188} INFO - [2024-04-04T16:26:03.957+0000] {dagbag.py:540} INFO - Filling up the DagBag from /opt/airflow/dags/params.py
[2024-04-04T16:26:03.968+0000] {processor.py:840} INFO - DAG(s) 'params' retrieved from /opt/airflow/dags/params.py
[2024-04-04T16:26:03.994+0000] {logging_mixin.py:188} INFO - [2024-04-04T16:26:03.994+0000] {dag.py:3047} INFO - Sync 1 DAGs
[2024-04-04T16:26:04.003+0000] {logging_mixin.py:188} INFO - [2024-04-04T16:26:04.003+0000] {dag.py:3834} INFO - Setting next_dagrun for params to None, run_after=None
[2024-04-04T16:26:04.018+0000] {processor.py:183} INFO - Processing /opt/airflow/dags/params.py took 0.065 seconds
[2024-04-04T16:26:34.327+0000] {processor.py:161} INFO - Started process (PID=375) to work on /opt/airflow/dags/params.py
[2024-04-04T16:26:34.328+0000] {processor.py:830} INFO - Processing file /opt/airflow/dags/params.py for tasks to queue
[2024-04-04T16:26:34.329+0000] {logging_mixin.py:188} INFO - [2024-04-04T16:26:34.328+0000] {dagbag.py:540} INFO - Filling up the DagBag from /opt/airflow/dags/params.py
[2024-04-04T16:26:34.344+0000] {processor.py:840} INFO - DAG(s) 'params' retrieved from /opt/airflow/dags/params.py
[2024-04-04T16:26:34.370+0000] {logging_mixin.py:188} INFO - [2024-04-04T16:26:34.370+0000] {dag.py:3047} INFO - Sync 1 DAGs
[2024-04-04T16:26:34.380+0000] {logging_mixin.py:188} INFO - [2024-04-04T16:26:34.380+0000] {dag.py:3834} INFO - Setting next_dagrun for params to None, run_after=None
[2024-04-04T16:26:34.401+0000] {processor.py:183} INFO - Processing /opt/airflow/dags/params.py took 0.075 seconds
[2024-04-04T16:27:04.844+0000] {processor.py:161} INFO - Started process (PID=396) to work on /opt/airflow/dags/params.py
[2024-04-04T16:27:04.844+0000] {processor.py:830} INFO - Processing file /opt/airflow/dags/params.py for tasks to queue
[2024-04-04T16:27:04.845+0000] {logging_mixin.py:188} INFO - [2024-04-04T16:27:04.845+0000] {dagbag.py:540} INFO - Filling up the DagBag from /opt/airflow/dags/params.py
[2024-04-04T16:27:04.858+0000] {processor.py:840} INFO - DAG(s) 'params' retrieved from /opt/airflow/dags/params.py
[2024-04-04T16:27:04.882+0000] {logging_mixin.py:188} INFO - [2024-04-04T16:27:04.882+0000] {dag.py:3047} INFO - Sync 1 DAGs
[2024-04-04T16:27:04.892+0000] {logging_mixin.py:188} INFO - [2024-04-04T16:27:04.892+0000] {dag.py:3834} INFO - Setting next_dagrun for params to None, run_after=None
[2024-04-04T16:27:04.908+0000] {processor.py:183} INFO - Processing /opt/airflow/dags/params.py took 0.066 seconds
[2024-04-04T16:27:35.173+0000] {processor.py:161} INFO - Started process (PID=417) to work on /opt/airflow/dags/params.py
[2024-04-04T16:27:35.174+0000] {processor.py:830} INFO - Processing file /opt/airflow/dags/params.py for tasks to queue
[2024-04-04T16:27:35.174+0000] {logging_mixin.py:188} INFO - [2024-04-04T16:27:35.174+0000] {dagbag.py:540} INFO - Filling up the DagBag from /opt/airflow/dags/params.py
[2024-04-04T16:27:35.189+0000] {processor.py:840} INFO - DAG(s) 'params' retrieved from /opt/airflow/dags/params.py
[2024-04-04T16:27:35.212+0000] {logging_mixin.py:188} INFO - [2024-04-04T16:27:35.212+0000] {dag.py:3047} INFO - Sync 1 DAGs
[2024-04-04T16:27:35.228+0000] {logging_mixin.py:188} INFO - [2024-04-04T16:27:35.227+0000] {dag.py:3834} INFO - Setting next_dagrun for params to None, run_after=None
[2024-04-04T16:27:35.245+0000] {processor.py:183} INFO - Processing /opt/airflow/dags/params.py took 0.074 seconds
[2024-04-04T16:28:05.542+0000] {processor.py:161} INFO - Started process (PID=438) to work on /opt/airflow/dags/params.py
[2024-04-04T16:28:05.543+0000] {processor.py:830} INFO - Processing file /opt/airflow/dags/params.py for tasks to queue
[2024-04-04T16:28:05.543+0000] {logging_mixin.py:188} INFO - [2024-04-04T16:28:05.543+0000] {dagbag.py:540} INFO - Filling up the DagBag from /opt/airflow/dags/params.py
[2024-04-04T16:28:05.556+0000] {processor.py:840} INFO - DAG(s) 'params' retrieved from /opt/airflow/dags/params.py
[2024-04-04T16:28:05.577+0000] {logging_mixin.py:188} INFO - [2024-04-04T16:28:05.577+0000] {dag.py:3047} INFO - Sync 1 DAGs
[2024-04-04T16:28:05.588+0000] {logging_mixin.py:188} INFO - [2024-04-04T16:28:05.587+0000] {dag.py:3834} INFO - Setting next_dagrun for params to None, run_after=None
[2024-04-04T16:28:05.609+0000] {processor.py:183} INFO - Processing /opt/airflow/dags/params.py took 0.069 seconds
[2024-04-04T16:28:36.075+0000] {processor.py:161} INFO - Started process (PID=459) to work on /opt/airflow/dags/params.py
[2024-04-04T16:28:36.076+0000] {processor.py:830} INFO - Processing file /opt/airflow/dags/params.py for tasks to queue
[2024-04-04T16:28:36.077+0000] {logging_mixin.py:188} INFO - [2024-04-04T16:28:36.077+0000] {dagbag.py:540} INFO - Filling up the DagBag from /opt/airflow/dags/params.py
[2024-04-04T16:28:36.096+0000] {processor.py:840} INFO - DAG(s) 'params' retrieved from /opt/airflow/dags/params.py
[2024-04-04T16:28:36.127+0000] {logging_mixin.py:188} INFO - [2024-04-04T16:28:36.127+0000] {dag.py:3047} INFO - Sync 1 DAGs
[2024-04-04T16:28:36.138+0000] {logging_mixin.py:188} INFO - [2024-04-04T16:28:36.138+0000] {dag.py:3834} INFO - Setting next_dagrun for params to None, run_after=None
[2024-04-04T16:28:36.152+0000] {processor.py:183} INFO - Processing /opt/airflow/dags/params.py took 0.082 seconds
