[2024-04-04T16:18:56.940+0000] {processor.py:161} INFO - Started process (PID=42) to work on /opt/airflow/dags/pool.py
[2024-04-04T16:18:56.941+0000] {processor.py:830} INFO - Processing file /opt/airflow/dags/pool.py for tasks to queue
[2024-04-04T16:18:56.942+0000] {logging_mixin.py:188} INFO - [2024-04-04T16:18:56.942+0000] {dagbag.py:540} INFO - Filling up the DagBag from /opt/airflow/dags/pool.py
[2024-04-04T16:18:56.960+0000] {processor.py:840} INFO - DAG(s) 'pool' retrieved from /opt/airflow/dags/pool.py
[2024-04-04T16:18:57.191+0000] {logging_mixin.py:188} INFO - [2024-04-04T16:18:57.191+0000] {dag.py:3047} INFO - Sync 1 DAGs
[2024-04-04T16:18:57.230+0000] {logging_mixin.py:188} INFO - [2024-04-04T16:18:57.230+0000] {dag.py:3834} INFO - Setting next_dagrun for pool to None, run_after=None
[2024-04-04T16:18:57.258+0000] {processor.py:183} INFO - Processing /opt/airflow/dags/pool.py took 0.320 seconds
[2024-04-04T16:19:27.938+0000] {processor.py:161} INFO - Started process (PID=63) to work on /opt/airflow/dags/pool.py
[2024-04-04T16:19:27.939+0000] {processor.py:830} INFO - Processing file /opt/airflow/dags/pool.py for tasks to queue
[2024-04-04T16:19:27.941+0000] {logging_mixin.py:188} INFO - [2024-04-04T16:19:27.940+0000] {dagbag.py:540} INFO - Filling up the DagBag from /opt/airflow/dags/pool.py
[2024-04-04T16:19:27.954+0000] {processor.py:840} INFO - DAG(s) 'pool' retrieved from /opt/airflow/dags/pool.py
[2024-04-04T16:19:27.981+0000] {logging_mixin.py:188} INFO - [2024-04-04T16:19:27.981+0000] {dag.py:3047} INFO - Sync 1 DAGs
[2024-04-04T16:19:28.000+0000] {logging_mixin.py:188} INFO - [2024-04-04T16:19:27.999+0000] {dag.py:3834} INFO - Setting next_dagrun for pool to None, run_after=None
[2024-04-04T16:19:28.022+0000] {processor.py:183} INFO - Processing /opt/airflow/dags/pool.py took 0.085 seconds
[2024-04-04T16:19:58.372+0000] {processor.py:161} INFO - Started process (PID=84) to work on /opt/airflow/dags/pool.py
[2024-04-04T16:19:58.373+0000] {processor.py:830} INFO - Processing file /opt/airflow/dags/pool.py for tasks to queue
[2024-04-04T16:19:58.374+0000] {logging_mixin.py:188} INFO - [2024-04-04T16:19:58.374+0000] {dagbag.py:540} INFO - Filling up the DagBag from /opt/airflow/dags/pool.py
[2024-04-04T16:19:58.390+0000] {processor.py:840} INFO - DAG(s) 'pool' retrieved from /opt/airflow/dags/pool.py
[2024-04-04T16:19:58.418+0000] {logging_mixin.py:188} INFO - [2024-04-04T16:19:58.418+0000] {dag.py:3047} INFO - Sync 1 DAGs
[2024-04-04T16:19:58.438+0000] {logging_mixin.py:188} INFO - [2024-04-04T16:19:58.438+0000] {dag.py:3834} INFO - Setting next_dagrun for pool to None, run_after=None
[2024-04-04T16:19:58.464+0000] {processor.py:183} INFO - Processing /opt/airflow/dags/pool.py took 0.095 seconds
[2024-04-04T16:20:28.580+0000] {processor.py:161} INFO - Started process (PID=107) to work on /opt/airflow/dags/pool.py
[2024-04-04T16:20:28.581+0000] {processor.py:830} INFO - Processing file /opt/airflow/dags/pool.py for tasks to queue
[2024-04-04T16:20:28.582+0000] {logging_mixin.py:188} INFO - [2024-04-04T16:20:28.582+0000] {dagbag.py:540} INFO - Filling up the DagBag from /opt/airflow/dags/pool.py
[2024-04-04T16:20:28.595+0000] {processor.py:840} INFO - DAG(s) 'pool' retrieved from /opt/airflow/dags/pool.py
[2024-04-04T16:20:28.620+0000] {logging_mixin.py:188} INFO - [2024-04-04T16:20:28.620+0000] {dag.py:3047} INFO - Sync 1 DAGs
[2024-04-04T16:20:28.644+0000] {logging_mixin.py:188} INFO - [2024-04-04T16:20:28.644+0000] {dag.py:3834} INFO - Setting next_dagrun for pool to None, run_after=None
[2024-04-04T16:20:28.664+0000] {processor.py:183} INFO - Processing /opt/airflow/dags/pool.py took 0.086 seconds
[2024-04-04T16:20:59.139+0000] {processor.py:161} INFO - Started process (PID=129) to work on /opt/airflow/dags/pool.py
[2024-04-04T16:20:59.140+0000] {processor.py:830} INFO - Processing file /opt/airflow/dags/pool.py for tasks to queue
[2024-04-04T16:20:59.141+0000] {logging_mixin.py:188} INFO - [2024-04-04T16:20:59.140+0000] {dagbag.py:540} INFO - Filling up the DagBag from /opt/airflow/dags/pool.py
[2024-04-04T16:20:59.154+0000] {processor.py:840} INFO - DAG(s) 'pool' retrieved from /opt/airflow/dags/pool.py
[2024-04-04T16:20:59.180+0000] {logging_mixin.py:188} INFO - [2024-04-04T16:20:59.180+0000] {dag.py:3047} INFO - Sync 1 DAGs
[2024-04-04T16:20:59.197+0000] {logging_mixin.py:188} INFO - [2024-04-04T16:20:59.197+0000] {dag.py:3834} INFO - Setting next_dagrun for pool to None, run_after=None
[2024-04-04T16:20:59.217+0000] {processor.py:183} INFO - Processing /opt/airflow/dags/pool.py took 0.080 seconds
[2024-04-04T16:21:29.433+0000] {processor.py:161} INFO - Started process (PID=150) to work on /opt/airflow/dags/pool.py
[2024-04-04T16:21:29.434+0000] {processor.py:830} INFO - Processing file /opt/airflow/dags/pool.py for tasks to queue
[2024-04-04T16:21:29.435+0000] {logging_mixin.py:188} INFO - [2024-04-04T16:21:29.435+0000] {dagbag.py:540} INFO - Filling up the DagBag from /opt/airflow/dags/pool.py
[2024-04-04T16:21:29.449+0000] {processor.py:840} INFO - DAG(s) 'pool' retrieved from /opt/airflow/dags/pool.py
[2024-04-04T16:21:29.477+0000] {logging_mixin.py:188} INFO - [2024-04-04T16:21:29.477+0000] {dag.py:3047} INFO - Sync 1 DAGs
[2024-04-04T16:21:29.495+0000] {logging_mixin.py:188} INFO - [2024-04-04T16:21:29.495+0000] {dag.py:3834} INFO - Setting next_dagrun for pool to None, run_after=None
[2024-04-04T16:21:29.518+0000] {processor.py:183} INFO - Processing /opt/airflow/dags/pool.py took 0.088 seconds
[2024-04-04T16:21:59.970+0000] {processor.py:161} INFO - Started process (PID=171) to work on /opt/airflow/dags/pool.py
[2024-04-04T16:21:59.973+0000] {processor.py:830} INFO - Processing file /opt/airflow/dags/pool.py for tasks to queue
[2024-04-04T16:21:59.973+0000] {logging_mixin.py:188} INFO - [2024-04-04T16:21:59.973+0000] {dagbag.py:540} INFO - Filling up the DagBag from /opt/airflow/dags/pool.py
[2024-04-04T16:21:59.987+0000] {processor.py:840} INFO - DAG(s) 'pool' retrieved from /opt/airflow/dags/pool.py
[2024-04-04T16:22:00.023+0000] {logging_mixin.py:188} INFO - [2024-04-04T16:22:00.023+0000] {dag.py:3047} INFO - Sync 1 DAGs
[2024-04-04T16:22:00.044+0000] {logging_mixin.py:188} INFO - [2024-04-04T16:22:00.044+0000] {dag.py:3834} INFO - Setting next_dagrun for pool to None, run_after=None
[2024-04-04T16:22:00.064+0000] {processor.py:183} INFO - Processing /opt/airflow/dags/pool.py took 0.096 seconds
[2024-04-04T16:22:30.272+0000] {processor.py:161} INFO - Started process (PID=192) to work on /opt/airflow/dags/pool.py
[2024-04-04T16:22:30.272+0000] {processor.py:830} INFO - Processing file /opt/airflow/dags/pool.py for tasks to queue
[2024-04-04T16:22:30.273+0000] {logging_mixin.py:188} INFO - [2024-04-04T16:22:30.273+0000] {dagbag.py:540} INFO - Filling up the DagBag from /opt/airflow/dags/pool.py
[2024-04-04T16:22:30.285+0000] {processor.py:840} INFO - DAG(s) 'pool' retrieved from /opt/airflow/dags/pool.py
[2024-04-04T16:22:30.317+0000] {logging_mixin.py:188} INFO - [2024-04-04T16:22:30.317+0000] {dag.py:3047} INFO - Sync 1 DAGs
[2024-04-04T16:22:30.334+0000] {logging_mixin.py:188} INFO - [2024-04-04T16:22:30.333+0000] {dag.py:3834} INFO - Setting next_dagrun for pool to None, run_after=None
[2024-04-04T16:22:30.364+0000] {processor.py:183} INFO - Processing /opt/airflow/dags/pool.py took 0.094 seconds
[2024-04-04T16:23:00.852+0000] {processor.py:161} INFO - Started process (PID=215) to work on /opt/airflow/dags/pool.py
[2024-04-04T16:23:00.853+0000] {processor.py:830} INFO - Processing file /opt/airflow/dags/pool.py for tasks to queue
[2024-04-04T16:23:00.854+0000] {logging_mixin.py:188} INFO - [2024-04-04T16:23:00.854+0000] {dagbag.py:540} INFO - Filling up the DagBag from /opt/airflow/dags/pool.py
[2024-04-04T16:23:00.867+0000] {processor.py:840} INFO - DAG(s) 'pool' retrieved from /opt/airflow/dags/pool.py
[2024-04-04T16:23:00.896+0000] {logging_mixin.py:188} INFO - [2024-04-04T16:23:00.896+0000] {dag.py:3047} INFO - Sync 1 DAGs
[2024-04-04T16:23:00.913+0000] {logging_mixin.py:188} INFO - [2024-04-04T16:23:00.913+0000] {dag.py:3834} INFO - Setting next_dagrun for pool to None, run_after=None
[2024-04-04T16:23:00.942+0000] {processor.py:183} INFO - Processing /opt/airflow/dags/pool.py took 0.091 seconds
[2024-04-04T16:23:31.293+0000] {processor.py:161} INFO - Started process (PID=238) to work on /opt/airflow/dags/pool.py
[2024-04-04T16:23:31.293+0000] {processor.py:830} INFO - Processing file /opt/airflow/dags/pool.py for tasks to queue
[2024-04-04T16:23:31.294+0000] {logging_mixin.py:188} INFO - [2024-04-04T16:23:31.294+0000] {dagbag.py:540} INFO - Filling up the DagBag from /opt/airflow/dags/pool.py
[2024-04-04T16:23:31.319+0000] {processor.py:840} INFO - DAG(s) 'pool' retrieved from /opt/airflow/dags/pool.py
[2024-04-04T16:23:31.352+0000] {logging_mixin.py:188} INFO - [2024-04-04T16:23:31.352+0000] {dag.py:3047} INFO - Sync 1 DAGs
[2024-04-04T16:23:31.373+0000] {logging_mixin.py:188} INFO - [2024-04-04T16:23:31.373+0000] {dag.py:3834} INFO - Setting next_dagrun for pool to None, run_after=None
[2024-04-04T16:23:31.395+0000] {processor.py:183} INFO - Processing /opt/airflow/dags/pool.py took 0.106 seconds
[2024-04-04T16:24:01.660+0000] {processor.py:161} INFO - Started process (PID=259) to work on /opt/airflow/dags/pool.py
[2024-04-04T16:24:01.661+0000] {processor.py:830} INFO - Processing file /opt/airflow/dags/pool.py for tasks to queue
[2024-04-04T16:24:01.662+0000] {logging_mixin.py:188} INFO - [2024-04-04T16:24:01.662+0000] {dagbag.py:540} INFO - Filling up the DagBag from /opt/airflow/dags/pool.py
[2024-04-04T16:24:01.674+0000] {processor.py:840} INFO - DAG(s) 'pool' retrieved from /opt/airflow/dags/pool.py
[2024-04-04T16:24:01.712+0000] {logging_mixin.py:188} INFO - [2024-04-04T16:24:01.712+0000] {dag.py:3047} INFO - Sync 1 DAGs
[2024-04-04T16:24:01.745+0000] {logging_mixin.py:188} INFO - [2024-04-04T16:24:01.745+0000] {dag.py:3834} INFO - Setting next_dagrun for pool to None, run_after=None
[2024-04-04T16:24:01.770+0000] {processor.py:183} INFO - Processing /opt/airflow/dags/pool.py took 0.112 seconds
[2024-04-04T16:24:32.087+0000] {processor.py:161} INFO - Started process (PID=280) to work on /opt/airflow/dags/pool.py
[2024-04-04T16:24:32.088+0000] {processor.py:830} INFO - Processing file /opt/airflow/dags/pool.py for tasks to queue
[2024-04-04T16:24:32.089+0000] {logging_mixin.py:188} INFO - [2024-04-04T16:24:32.089+0000] {dagbag.py:540} INFO - Filling up the DagBag from /opt/airflow/dags/pool.py
[2024-04-04T16:24:32.102+0000] {processor.py:840} INFO - DAG(s) 'pool' retrieved from /opt/airflow/dags/pool.py
[2024-04-04T16:24:32.126+0000] {logging_mixin.py:188} INFO - [2024-04-04T16:24:32.126+0000] {dag.py:3047} INFO - Sync 1 DAGs
[2024-04-04T16:24:32.144+0000] {logging_mixin.py:188} INFO - [2024-04-04T16:24:32.144+0000] {dag.py:3834} INFO - Setting next_dagrun for pool to None, run_after=None
[2024-04-04T16:24:32.172+0000] {processor.py:183} INFO - Processing /opt/airflow/dags/pool.py took 0.087 seconds
[2024-04-04T16:25:02.605+0000] {processor.py:161} INFO - Started process (PID=301) to work on /opt/airflow/dags/pool.py
[2024-04-04T16:25:02.605+0000] {processor.py:830} INFO - Processing file /opt/airflow/dags/pool.py for tasks to queue
[2024-04-04T16:25:02.606+0000] {logging_mixin.py:188} INFO - [2024-04-04T16:25:02.606+0000] {dagbag.py:540} INFO - Filling up the DagBag from /opt/airflow/dags/pool.py
[2024-04-04T16:25:02.624+0000] {processor.py:840} INFO - DAG(s) 'pool' retrieved from /opt/airflow/dags/pool.py
[2024-04-04T16:25:02.653+0000] {logging_mixin.py:188} INFO - [2024-04-04T16:25:02.653+0000] {dag.py:3047} INFO - Sync 1 DAGs
[2024-04-04T16:25:02.672+0000] {logging_mixin.py:188} INFO - [2024-04-04T16:25:02.672+0000] {dag.py:3834} INFO - Setting next_dagrun for pool to None, run_after=None
[2024-04-04T16:25:02.693+0000] {processor.py:183} INFO - Processing /opt/airflow/dags/pool.py took 0.091 seconds
[2024-04-04T16:25:32.927+0000] {processor.py:161} INFO - Started process (PID=322) to work on /opt/airflow/dags/pool.py
[2024-04-04T16:25:32.928+0000] {processor.py:830} INFO - Processing file /opt/airflow/dags/pool.py for tasks to queue
[2024-04-04T16:25:32.929+0000] {logging_mixin.py:188} INFO - [2024-04-04T16:25:32.929+0000] {dagbag.py:540} INFO - Filling up the DagBag from /opt/airflow/dags/pool.py
[2024-04-04T16:25:32.947+0000] {processor.py:840} INFO - DAG(s) 'pool' retrieved from /opt/airflow/dags/pool.py
[2024-04-04T16:25:32.970+0000] {logging_mixin.py:188} INFO - [2024-04-04T16:25:32.970+0000] {dag.py:3047} INFO - Sync 1 DAGs
[2024-04-04T16:25:32.988+0000] {logging_mixin.py:188} INFO - [2024-04-04T16:25:32.988+0000] {dag.py:3834} INFO - Setting next_dagrun for pool to None, run_after=None
[2024-04-04T16:25:33.032+0000] {processor.py:183} INFO - Processing /opt/airflow/dags/pool.py took 0.107 seconds
[2024-04-04T16:26:03.220+0000] {processor.py:161} INFO - Started process (PID=343) to work on /opt/airflow/dags/pool.py
[2024-04-04T16:26:03.220+0000] {processor.py:830} INFO - Processing file /opt/airflow/dags/pool.py for tasks to queue
[2024-04-04T16:26:03.221+0000] {logging_mixin.py:188} INFO - [2024-04-04T16:26:03.221+0000] {dagbag.py:540} INFO - Filling up the DagBag from /opt/airflow/dags/pool.py
[2024-04-04T16:26:03.246+0000] {processor.py:840} INFO - DAG(s) 'pool' retrieved from /opt/airflow/dags/pool.py
[2024-04-04T16:26:03.286+0000] {logging_mixin.py:188} INFO - [2024-04-04T16:26:03.286+0000] {dag.py:3047} INFO - Sync 1 DAGs
[2024-04-04T16:26:03.301+0000] {logging_mixin.py:188} INFO - [2024-04-04T16:26:03.301+0000] {dag.py:3834} INFO - Setting next_dagrun for pool to None, run_after=None
[2024-04-04T16:26:03.321+0000] {processor.py:183} INFO - Processing /opt/airflow/dags/pool.py took 0.104 seconds
[2024-04-04T16:26:33.789+0000] {processor.py:161} INFO - Started process (PID=364) to work on /opt/airflow/dags/pool.py
[2024-04-04T16:26:33.790+0000] {processor.py:830} INFO - Processing file /opt/airflow/dags/pool.py for tasks to queue
[2024-04-04T16:26:33.790+0000] {logging_mixin.py:188} INFO - [2024-04-04T16:26:33.790+0000] {dagbag.py:540} INFO - Filling up the DagBag from /opt/airflow/dags/pool.py
[2024-04-04T16:26:33.803+0000] {processor.py:840} INFO - DAG(s) 'pool' retrieved from /opt/airflow/dags/pool.py
[2024-04-04T16:26:33.842+0000] {logging_mixin.py:188} INFO - [2024-04-04T16:26:33.842+0000] {dag.py:3047} INFO - Sync 1 DAGs
[2024-04-04T16:26:33.868+0000] {logging_mixin.py:188} INFO - [2024-04-04T16:26:33.868+0000] {dag.py:3834} INFO - Setting next_dagrun for pool to None, run_after=None
[2024-04-04T16:26:33.896+0000] {processor.py:183} INFO - Processing /opt/airflow/dags/pool.py took 0.109 seconds
[2024-04-04T16:27:04.179+0000] {processor.py:161} INFO - Started process (PID=385) to work on /opt/airflow/dags/pool.py
[2024-04-04T16:27:04.180+0000] {processor.py:830} INFO - Processing file /opt/airflow/dags/pool.py for tasks to queue
[2024-04-04T16:27:04.180+0000] {logging_mixin.py:188} INFO - [2024-04-04T16:27:04.180+0000] {dagbag.py:540} INFO - Filling up the DagBag from /opt/airflow/dags/pool.py
[2024-04-04T16:27:04.192+0000] {processor.py:840} INFO - DAG(s) 'pool' retrieved from /opt/airflow/dags/pool.py
[2024-04-04T16:27:04.231+0000] {logging_mixin.py:188} INFO - [2024-04-04T16:27:04.231+0000] {dag.py:3047} INFO - Sync 1 DAGs
[2024-04-04T16:27:04.247+0000] {logging_mixin.py:188} INFO - [2024-04-04T16:27:04.247+0000] {dag.py:3834} INFO - Setting next_dagrun for pool to None, run_after=None
[2024-04-04T16:27:04.264+0000] {processor.py:183} INFO - Processing /opt/airflow/dags/pool.py took 0.088 seconds
[2024-04-04T16:27:34.582+0000] {processor.py:161} INFO - Started process (PID=406) to work on /opt/airflow/dags/pool.py
[2024-04-04T16:27:34.582+0000] {processor.py:830} INFO - Processing file /opt/airflow/dags/pool.py for tasks to queue
[2024-04-04T16:27:34.583+0000] {logging_mixin.py:188} INFO - [2024-04-04T16:27:34.583+0000] {dagbag.py:540} INFO - Filling up the DagBag from /opt/airflow/dags/pool.py
[2024-04-04T16:27:34.594+0000] {processor.py:840} INFO - DAG(s) 'pool' retrieved from /opt/airflow/dags/pool.py
[2024-04-04T16:27:34.632+0000] {logging_mixin.py:188} INFO - [2024-04-04T16:27:34.632+0000] {dag.py:3047} INFO - Sync 1 DAGs
[2024-04-04T16:27:34.649+0000] {logging_mixin.py:188} INFO - [2024-04-04T16:27:34.649+0000] {dag.py:3834} INFO - Setting next_dagrun for pool to None, run_after=None
[2024-04-04T16:27:34.669+0000] {processor.py:183} INFO - Processing /opt/airflow/dags/pool.py took 0.090 seconds
[2024-04-04T16:28:04.955+0000] {processor.py:161} INFO - Started process (PID=427) to work on /opt/airflow/dags/pool.py
[2024-04-04T16:28:04.956+0000] {processor.py:830} INFO - Processing file /opt/airflow/dags/pool.py for tasks to queue
[2024-04-04T16:28:04.957+0000] {logging_mixin.py:188} INFO - [2024-04-04T16:28:04.956+0000] {dagbag.py:540} INFO - Filling up the DagBag from /opt/airflow/dags/pool.py
[2024-04-04T16:28:04.969+0000] {processor.py:840} INFO - DAG(s) 'pool' retrieved from /opt/airflow/dags/pool.py
[2024-04-04T16:28:05.002+0000] {logging_mixin.py:188} INFO - [2024-04-04T16:28:05.002+0000] {dag.py:3047} INFO - Sync 1 DAGs
[2024-04-04T16:28:05.019+0000] {logging_mixin.py:188} INFO - [2024-04-04T16:28:05.019+0000] {dag.py:3834} INFO - Setting next_dagrun for pool to None, run_after=None
[2024-04-04T16:28:05.042+0000] {processor.py:183} INFO - Processing /opt/airflow/dags/pool.py took 0.089 seconds
[2024-04-04T16:28:35.364+0000] {processor.py:161} INFO - Started process (PID=448) to work on /opt/airflow/dags/pool.py
[2024-04-04T16:28:35.365+0000] {processor.py:830} INFO - Processing file /opt/airflow/dags/pool.py for tasks to queue
[2024-04-04T16:28:35.366+0000] {logging_mixin.py:188} INFO - [2024-04-04T16:28:35.365+0000] {dagbag.py:540} INFO - Filling up the DagBag from /opt/airflow/dags/pool.py
[2024-04-04T16:28:35.377+0000] {processor.py:840} INFO - DAG(s) 'pool' retrieved from /opt/airflow/dags/pool.py
[2024-04-04T16:28:35.401+0000] {logging_mixin.py:188} INFO - [2024-04-04T16:28:35.401+0000] {dag.py:3047} INFO - Sync 1 DAGs
[2024-04-04T16:28:35.418+0000] {logging_mixin.py:188} INFO - [2024-04-04T16:28:35.418+0000] {dag.py:3834} INFO - Setting next_dagrun for pool to None, run_after=None
[2024-04-04T16:28:35.450+0000] {processor.py:183} INFO - Processing /opt/airflow/dags/pool.py took 0.088 seconds
