[2024-04-04T16:18:58.480+0000] {processor.py:161} INFO - Started process (PID=55) to work on /opt/airflow/dags/python_operator.py
[2024-04-04T16:18:58.481+0000] {processor.py:830} INFO - Processing file /opt/airflow/dags/python_operator.py for tasks to queue
[2024-04-04T16:18:58.482+0000] {logging_mixin.py:188} INFO - [2024-04-04T16:18:58.482+0000] {dagbag.py:540} INFO - Filling up the DagBag from /opt/airflow/dags/python_operator.py
[2024-04-04T16:18:58.495+0000] {processor.py:840} INFO - DAG(s) 'python_operator' retrieved from /opt/airflow/dags/python_operator.py
[2024-04-04T16:18:58.570+0000] {logging_mixin.py:188} INFO - [2024-04-04T16:18:58.569+0000] {dag.py:3047} INFO - Sync 1 DAGs
[2024-04-04T16:18:58.588+0000] {logging_mixin.py:188} INFO - [2024-04-04T16:18:58.588+0000] {dag.py:3834} INFO - Setting next_dagrun for python_operator to None, run_after=None
[2024-04-04T16:18:58.612+0000] {processor.py:183} INFO - Processing /opt/airflow/dags/python_operator.py took 0.135 seconds
[2024-04-04T16:19:28.667+0000] {processor.py:161} INFO - Started process (PID=76) to work on /opt/airflow/dags/python_operator.py
[2024-04-04T16:19:28.667+0000] {processor.py:830} INFO - Processing file /opt/airflow/dags/python_operator.py for tasks to queue
[2024-04-04T16:19:28.669+0000] {logging_mixin.py:188} INFO - [2024-04-04T16:19:28.669+0000] {dagbag.py:540} INFO - Filling up the DagBag from /opt/airflow/dags/python_operator.py
[2024-04-04T16:19:28.680+0000] {processor.py:840} INFO - DAG(s) 'python_operator' retrieved from /opt/airflow/dags/python_operator.py
[2024-04-04T16:19:28.702+0000] {logging_mixin.py:188} INFO - [2024-04-04T16:19:28.701+0000] {dag.py:3047} INFO - Sync 1 DAGs
[2024-04-04T16:19:28.720+0000] {logging_mixin.py:188} INFO - [2024-04-04T16:19:28.720+0000] {dag.py:3834} INFO - Setting next_dagrun for python_operator to None, run_after=None
[2024-04-04T16:19:28.738+0000] {processor.py:183} INFO - Processing /opt/airflow/dags/python_operator.py took 0.073 seconds
[2024-04-04T16:19:58.996+0000] {processor.py:161} INFO - Started process (PID=97) to work on /opt/airflow/dags/python_operator.py
[2024-04-04T16:19:58.996+0000] {processor.py:830} INFO - Processing file /opt/airflow/dags/python_operator.py for tasks to queue
[2024-04-04T16:19:58.997+0000] {logging_mixin.py:188} INFO - [2024-04-04T16:19:58.997+0000] {dagbag.py:540} INFO - Filling up the DagBag from /opt/airflow/dags/python_operator.py
[2024-04-04T16:19:59.010+0000] {processor.py:840} INFO - DAG(s) 'python_operator' retrieved from /opt/airflow/dags/python_operator.py
[2024-04-04T16:19:59.032+0000] {logging_mixin.py:188} INFO - [2024-04-04T16:19:59.032+0000] {dag.py:3047} INFO - Sync 1 DAGs
[2024-04-04T16:19:59.052+0000] {logging_mixin.py:188} INFO - [2024-04-04T16:19:59.051+0000] {dag.py:3834} INFO - Setting next_dagrun for python_operator to None, run_after=None
[2024-04-04T16:19:59.068+0000] {processor.py:183} INFO - Processing /opt/airflow/dags/python_operator.py took 0.074 seconds
[2024-04-04T16:20:29.484+0000] {processor.py:161} INFO - Started process (PID=120) to work on /opt/airflow/dags/python_operator.py
[2024-04-04T16:20:29.485+0000] {processor.py:830} INFO - Processing file /opt/airflow/dags/python_operator.py for tasks to queue
[2024-04-04T16:20:29.486+0000] {logging_mixin.py:188} INFO - [2024-04-04T16:20:29.486+0000] {dagbag.py:540} INFO - Filling up the DagBag from /opt/airflow/dags/python_operator.py
[2024-04-04T16:20:29.498+0000] {processor.py:840} INFO - DAG(s) 'python_operator' retrieved from /opt/airflow/dags/python_operator.py
[2024-04-04T16:20:29.519+0000] {logging_mixin.py:188} INFO - [2024-04-04T16:20:29.519+0000] {dag.py:3047} INFO - Sync 1 DAGs
[2024-04-04T16:20:29.536+0000] {logging_mixin.py:188} INFO - [2024-04-04T16:20:29.536+0000] {dag.py:3834} INFO - Setting next_dagrun for python_operator to None, run_after=None
[2024-04-04T16:20:29.562+0000] {processor.py:183} INFO - Processing /opt/airflow/dags/python_operator.py took 0.081 seconds
[2024-04-04T16:21:00.035+0000] {processor.py:161} INFO - Started process (PID=142) to work on /opt/airflow/dags/python_operator.py
[2024-04-04T16:21:00.036+0000] {processor.py:830} INFO - Processing file /opt/airflow/dags/python_operator.py for tasks to queue
[2024-04-04T16:21:00.037+0000] {logging_mixin.py:188} INFO - [2024-04-04T16:21:00.037+0000] {dagbag.py:540} INFO - Filling up the DagBag from /opt/airflow/dags/python_operator.py
[2024-04-04T16:21:00.054+0000] {processor.py:840} INFO - DAG(s) 'python_operator' retrieved from /opt/airflow/dags/python_operator.py
[2024-04-04T16:21:00.078+0000] {logging_mixin.py:188} INFO - [2024-04-04T16:21:00.078+0000] {dag.py:3047} INFO - Sync 1 DAGs
[2024-04-04T16:21:00.097+0000] {logging_mixin.py:188} INFO - [2024-04-04T16:21:00.097+0000] {dag.py:3834} INFO - Setting next_dagrun for python_operator to None, run_after=None
[2024-04-04T16:21:00.114+0000] {processor.py:183} INFO - Processing /opt/airflow/dags/python_operator.py took 0.081 seconds
[2024-04-04T16:21:30.282+0000] {processor.py:161} INFO - Started process (PID=163) to work on /opt/airflow/dags/python_operator.py
[2024-04-04T16:21:30.283+0000] {processor.py:830} INFO - Processing file /opt/airflow/dags/python_operator.py for tasks to queue
[2024-04-04T16:21:30.283+0000] {logging_mixin.py:188} INFO - [2024-04-04T16:21:30.283+0000] {dagbag.py:540} INFO - Filling up the DagBag from /opt/airflow/dags/python_operator.py
[2024-04-04T16:21:30.300+0000] {processor.py:840} INFO - DAG(s) 'python_operator' retrieved from /opt/airflow/dags/python_operator.py
[2024-04-04T16:21:30.324+0000] {logging_mixin.py:188} INFO - [2024-04-04T16:21:30.324+0000] {dag.py:3047} INFO - Sync 1 DAGs
[2024-04-04T16:21:30.342+0000] {logging_mixin.py:188} INFO - [2024-04-04T16:21:30.342+0000] {dag.py:3834} INFO - Setting next_dagrun for python_operator to None, run_after=None
[2024-04-04T16:21:30.365+0000] {processor.py:183} INFO - Processing /opt/airflow/dags/python_operator.py took 0.085 seconds
[2024-04-04T16:22:00.697+0000] {processor.py:161} INFO - Started process (PID=184) to work on /opt/airflow/dags/python_operator.py
[2024-04-04T16:22:00.698+0000] {processor.py:830} INFO - Processing file /opt/airflow/dags/python_operator.py for tasks to queue
[2024-04-04T16:22:00.698+0000] {logging_mixin.py:188} INFO - [2024-04-04T16:22:00.698+0000] {dagbag.py:540} INFO - Filling up the DagBag from /opt/airflow/dags/python_operator.py
[2024-04-04T16:22:00.715+0000] {processor.py:840} INFO - DAG(s) 'python_operator' retrieved from /opt/airflow/dags/python_operator.py
[2024-04-04T16:22:00.740+0000] {logging_mixin.py:188} INFO - [2024-04-04T16:22:00.740+0000] {dag.py:3047} INFO - Sync 1 DAGs
[2024-04-04T16:22:00.761+0000] {logging_mixin.py:188} INFO - [2024-04-04T16:22:00.761+0000] {dag.py:3834} INFO - Setting next_dagrun for python_operator to None, run_after=None
[2024-04-04T16:22:00.777+0000] {processor.py:183} INFO - Processing /opt/airflow/dags/python_operator.py took 0.083 seconds
[2024-04-04T16:22:31.013+0000] {processor.py:161} INFO - Started process (PID=205) to work on /opt/airflow/dags/python_operator.py
[2024-04-04T16:22:31.014+0000] {processor.py:830} INFO - Processing file /opt/airflow/dags/python_operator.py for tasks to queue
[2024-04-04T16:22:31.016+0000] {logging_mixin.py:188} INFO - [2024-04-04T16:22:31.015+0000] {dagbag.py:540} INFO - Filling up the DagBag from /opt/airflow/dags/python_operator.py
[2024-04-04T16:22:31.030+0000] {processor.py:840} INFO - DAG(s) 'python_operator' retrieved from /opt/airflow/dags/python_operator.py
[2024-04-04T16:22:31.053+0000] {logging_mixin.py:188} INFO - [2024-04-04T16:22:31.052+0000] {dag.py:3047} INFO - Sync 1 DAGs
[2024-04-04T16:22:31.080+0000] {logging_mixin.py:188} INFO - [2024-04-04T16:22:31.079+0000] {dag.py:3834} INFO - Setting next_dagrun for python_operator to None, run_after=None
[2024-04-04T16:22:31.094+0000] {processor.py:183} INFO - Processing /opt/airflow/dags/python_operator.py took 0.083 seconds
[2024-04-04T16:23:01.521+0000] {processor.py:161} INFO - Started process (PID=228) to work on /opt/airflow/dags/python_operator.py
[2024-04-04T16:23:01.521+0000] {processor.py:830} INFO - Processing file /opt/airflow/dags/python_operator.py for tasks to queue
[2024-04-04T16:23:01.522+0000] {logging_mixin.py:188} INFO - [2024-04-04T16:23:01.522+0000] {dagbag.py:540} INFO - Filling up the DagBag from /opt/airflow/dags/python_operator.py
[2024-04-04T16:23:01.537+0000] {processor.py:840} INFO - DAG(s) 'python_operator' retrieved from /opt/airflow/dags/python_operator.py
[2024-04-04T16:23:01.557+0000] {logging_mixin.py:188} INFO - [2024-04-04T16:23:01.557+0000] {dag.py:3047} INFO - Sync 1 DAGs
[2024-04-04T16:23:01.573+0000] {logging_mixin.py:188} INFO - [2024-04-04T16:23:01.573+0000] {dag.py:3834} INFO - Setting next_dagrun for python_operator to None, run_after=None
[2024-04-04T16:23:01.588+0000] {processor.py:183} INFO - Processing /opt/airflow/dags/python_operator.py took 0.069 seconds
[2024-04-04T16:23:31.951+0000] {processor.py:161} INFO - Started process (PID=251) to work on /opt/airflow/dags/python_operator.py
[2024-04-04T16:23:31.951+0000] {processor.py:830} INFO - Processing file /opt/airflow/dags/python_operator.py for tasks to queue
[2024-04-04T16:23:31.952+0000] {logging_mixin.py:188} INFO - [2024-04-04T16:23:31.952+0000] {dagbag.py:540} INFO - Filling up the DagBag from /opt/airflow/dags/python_operator.py
[2024-04-04T16:23:31.967+0000] {processor.py:840} INFO - DAG(s) 'python_operator' retrieved from /opt/airflow/dags/python_operator.py
[2024-04-04T16:23:31.994+0000] {logging_mixin.py:188} INFO - [2024-04-04T16:23:31.994+0000] {dag.py:3047} INFO - Sync 1 DAGs
[2024-04-04T16:23:32.014+0000] {logging_mixin.py:188} INFO - [2024-04-04T16:23:32.014+0000] {dag.py:3834} INFO - Setting next_dagrun for python_operator to None, run_after=None
[2024-04-04T16:23:32.030+0000] {processor.py:183} INFO - Processing /opt/airflow/dags/python_operator.py took 0.081 seconds
[2024-04-04T16:24:02.358+0000] {processor.py:161} INFO - Started process (PID=272) to work on /opt/airflow/dags/python_operator.py
[2024-04-04T16:24:02.358+0000] {processor.py:830} INFO - Processing file /opt/airflow/dags/python_operator.py for tasks to queue
[2024-04-04T16:24:02.359+0000] {logging_mixin.py:188} INFO - [2024-04-04T16:24:02.359+0000] {dagbag.py:540} INFO - Filling up the DagBag from /opt/airflow/dags/python_operator.py
[2024-04-04T16:24:02.374+0000] {processor.py:840} INFO - DAG(s) 'python_operator' retrieved from /opt/airflow/dags/python_operator.py
[2024-04-04T16:24:02.397+0000] {logging_mixin.py:188} INFO - [2024-04-04T16:24:02.397+0000] {dag.py:3047} INFO - Sync 1 DAGs
[2024-04-04T16:24:02.415+0000] {logging_mixin.py:188} INFO - [2024-04-04T16:24:02.415+0000] {dag.py:3834} INFO - Setting next_dagrun for python_operator to None, run_after=None
[2024-04-04T16:24:02.442+0000] {processor.py:183} INFO - Processing /opt/airflow/dags/python_operator.py took 0.087 seconds
[2024-04-04T16:24:32.868+0000] {processor.py:161} INFO - Started process (PID=293) to work on /opt/airflow/dags/python_operator.py
[2024-04-04T16:24:32.868+0000] {processor.py:830} INFO - Processing file /opt/airflow/dags/python_operator.py for tasks to queue
[2024-04-04T16:24:32.869+0000] {logging_mixin.py:188} INFO - [2024-04-04T16:24:32.869+0000] {dagbag.py:540} INFO - Filling up the DagBag from /opt/airflow/dags/python_operator.py
[2024-04-04T16:24:32.882+0000] {processor.py:840} INFO - DAG(s) 'python_operator' retrieved from /opt/airflow/dags/python_operator.py
[2024-04-04T16:24:32.910+0000] {logging_mixin.py:188} INFO - [2024-04-04T16:24:32.910+0000] {dag.py:3047} INFO - Sync 1 DAGs
[2024-04-04T16:24:32.931+0000] {logging_mixin.py:188} INFO - [2024-04-04T16:24:32.931+0000] {dag.py:3834} INFO - Setting next_dagrun for python_operator to None, run_after=None
[2024-04-04T16:24:32.952+0000] {processor.py:183} INFO - Processing /opt/airflow/dags/python_operator.py took 0.087 seconds
[2024-04-04T16:25:03.285+0000] {processor.py:161} INFO - Started process (PID=314) to work on /opt/airflow/dags/python_operator.py
[2024-04-04T16:25:03.286+0000] {processor.py:830} INFO - Processing file /opt/airflow/dags/python_operator.py for tasks to queue
[2024-04-04T16:25:03.287+0000] {logging_mixin.py:188} INFO - [2024-04-04T16:25:03.286+0000] {dagbag.py:540} INFO - Filling up the DagBag from /opt/airflow/dags/python_operator.py
[2024-04-04T16:25:03.301+0000] {processor.py:840} INFO - DAG(s) 'python_operator' retrieved from /opt/airflow/dags/python_operator.py
[2024-04-04T16:25:03.322+0000] {logging_mixin.py:188} INFO - [2024-04-04T16:25:03.321+0000] {dag.py:3047} INFO - Sync 1 DAGs
[2024-04-04T16:25:03.339+0000] {logging_mixin.py:188} INFO - [2024-04-04T16:25:03.339+0000] {dag.py:3834} INFO - Setting next_dagrun for python_operator to None, run_after=None
[2024-04-04T16:25:03.356+0000] {processor.py:183} INFO - Processing /opt/airflow/dags/python_operator.py took 0.073 seconds
[2024-04-04T16:25:33.564+0000] {processor.py:161} INFO - Started process (PID=335) to work on /opt/airflow/dags/python_operator.py
[2024-04-04T16:25:33.565+0000] {processor.py:830} INFO - Processing file /opt/airflow/dags/python_operator.py for tasks to queue
[2024-04-04T16:25:33.565+0000] {logging_mixin.py:188} INFO - [2024-04-04T16:25:33.565+0000] {dagbag.py:540} INFO - Filling up the DagBag from /opt/airflow/dags/python_operator.py
[2024-04-04T16:25:33.580+0000] {processor.py:840} INFO - DAG(s) 'python_operator' retrieved from /opt/airflow/dags/python_operator.py
[2024-04-04T16:25:33.605+0000] {logging_mixin.py:188} INFO - [2024-04-04T16:25:33.605+0000] {dag.py:3047} INFO - Sync 1 DAGs
[2024-04-04T16:25:33.622+0000] {logging_mixin.py:188} INFO - [2024-04-04T16:25:33.622+0000] {dag.py:3834} INFO - Setting next_dagrun for python_operator to None, run_after=None
[2024-04-04T16:25:33.637+0000] {processor.py:183} INFO - Processing /opt/airflow/dags/python_operator.py took 0.075 seconds
[2024-04-04T16:26:04.044+0000] {processor.py:161} INFO - Started process (PID=356) to work on /opt/airflow/dags/python_operator.py
[2024-04-04T16:26:04.046+0000] {processor.py:830} INFO - Processing file /opt/airflow/dags/python_operator.py for tasks to queue
[2024-04-04T16:26:04.047+0000] {logging_mixin.py:188} INFO - [2024-04-04T16:26:04.046+0000] {dagbag.py:540} INFO - Filling up the DagBag from /opt/airflow/dags/python_operator.py
[2024-04-04T16:26:04.066+0000] {processor.py:840} INFO - DAG(s) 'python_operator' retrieved from /opt/airflow/dags/python_operator.py
[2024-04-04T16:26:04.091+0000] {logging_mixin.py:188} INFO - [2024-04-04T16:26:04.091+0000] {dag.py:3047} INFO - Sync 1 DAGs
[2024-04-04T16:26:04.109+0000] {logging_mixin.py:188} INFO - [2024-04-04T16:26:04.109+0000] {dag.py:3834} INFO - Setting next_dagrun for python_operator to None, run_after=None
[2024-04-04T16:26:04.126+0000] {processor.py:183} INFO - Processing /opt/airflow/dags/python_operator.py took 0.084 seconds
[2024-04-04T16:26:34.425+0000] {processor.py:161} INFO - Started process (PID=377) to work on /opt/airflow/dags/python_operator.py
[2024-04-04T16:26:34.426+0000] {processor.py:830} INFO - Processing file /opt/airflow/dags/python_operator.py for tasks to queue
[2024-04-04T16:26:34.426+0000] {logging_mixin.py:188} INFO - [2024-04-04T16:26:34.426+0000] {dagbag.py:540} INFO - Filling up the DagBag from /opt/airflow/dags/python_operator.py
[2024-04-04T16:26:34.440+0000] {processor.py:840} INFO - DAG(s) 'python_operator' retrieved from /opt/airflow/dags/python_operator.py
[2024-04-04T16:26:34.468+0000] {logging_mixin.py:188} INFO - [2024-04-04T16:26:34.468+0000] {dag.py:3047} INFO - Sync 1 DAGs
[2024-04-04T16:26:34.486+0000] {logging_mixin.py:188} INFO - [2024-04-04T16:26:34.486+0000] {dag.py:3834} INFO - Setting next_dagrun for python_operator to None, run_after=None
[2024-04-04T16:26:34.511+0000] {processor.py:183} INFO - Processing /opt/airflow/dags/python_operator.py took 0.088 seconds
[2024-04-04T16:27:04.936+0000] {processor.py:161} INFO - Started process (PID=398) to work on /opt/airflow/dags/python_operator.py
[2024-04-04T16:27:04.937+0000] {processor.py:830} INFO - Processing file /opt/airflow/dags/python_operator.py for tasks to queue
[2024-04-04T16:27:04.938+0000] {logging_mixin.py:188} INFO - [2024-04-04T16:27:04.937+0000] {dagbag.py:540} INFO - Filling up the DagBag from /opt/airflow/dags/python_operator.py
[2024-04-04T16:27:04.950+0000] {processor.py:840} INFO - DAG(s) 'python_operator' retrieved from /opt/airflow/dags/python_operator.py
[2024-04-04T16:27:04.971+0000] {logging_mixin.py:188} INFO - [2024-04-04T16:27:04.971+0000] {dag.py:3047} INFO - Sync 1 DAGs
[2024-04-04T16:27:04.997+0000] {logging_mixin.py:188} INFO - [2024-04-04T16:27:04.997+0000] {dag.py:3834} INFO - Setting next_dagrun for python_operator to None, run_after=None
[2024-04-04T16:27:05.019+0000] {processor.py:183} INFO - Processing /opt/airflow/dags/python_operator.py took 0.085 seconds
[2024-04-04T16:27:35.269+0000] {processor.py:161} INFO - Started process (PID=419) to work on /opt/airflow/dags/python_operator.py
[2024-04-04T16:27:35.270+0000] {processor.py:830} INFO - Processing file /opt/airflow/dags/python_operator.py for tasks to queue
[2024-04-04T16:27:35.271+0000] {logging_mixin.py:188} INFO - [2024-04-04T16:27:35.271+0000] {dagbag.py:540} INFO - Filling up the DagBag from /opt/airflow/dags/python_operator.py
[2024-04-04T16:27:35.290+0000] {processor.py:840} INFO - DAG(s) 'python_operator' retrieved from /opt/airflow/dags/python_operator.py
[2024-04-04T16:27:35.311+0000] {logging_mixin.py:188} INFO - [2024-04-04T16:27:35.310+0000] {dag.py:3047} INFO - Sync 1 DAGs
[2024-04-04T16:27:35.328+0000] {logging_mixin.py:188} INFO - [2024-04-04T16:27:35.328+0000] {dag.py:3834} INFO - Setting next_dagrun for python_operator to None, run_after=None
[2024-04-04T16:27:35.345+0000] {processor.py:183} INFO - Processing /opt/airflow/dags/python_operator.py took 0.078 seconds
[2024-04-04T16:28:05.633+0000] {processor.py:161} INFO - Started process (PID=440) to work on /opt/airflow/dags/python_operator.py
[2024-04-04T16:28:05.634+0000] {processor.py:830} INFO - Processing file /opt/airflow/dags/python_operator.py for tasks to queue
[2024-04-04T16:28:05.635+0000] {logging_mixin.py:188} INFO - [2024-04-04T16:28:05.635+0000] {dagbag.py:540} INFO - Filling up the DagBag from /opt/airflow/dags/python_operator.py
[2024-04-04T16:28:05.651+0000] {processor.py:840} INFO - DAG(s) 'python_operator' retrieved from /opt/airflow/dags/python_operator.py
[2024-04-04T16:28:05.671+0000] {logging_mixin.py:188} INFO - [2024-04-04T16:28:05.671+0000] {dag.py:3047} INFO - Sync 1 DAGs
[2024-04-04T16:28:05.689+0000] {logging_mixin.py:188} INFO - [2024-04-04T16:28:05.689+0000] {dag.py:3834} INFO - Setting next_dagrun for python_operator to None, run_after=None
[2024-04-04T16:28:05.709+0000] {processor.py:183} INFO - Processing /opt/airflow/dags/python_operator.py took 0.078 seconds
[2024-04-04T16:28:36.182+0000] {processor.py:161} INFO - Started process (PID=461) to work on /opt/airflow/dags/python_operator.py
[2024-04-04T16:28:36.182+0000] {processor.py:830} INFO - Processing file /opt/airflow/dags/python_operator.py for tasks to queue
[2024-04-04T16:28:36.183+0000] {logging_mixin.py:188} INFO - [2024-04-04T16:28:36.183+0000] {dagbag.py:540} INFO - Filling up the DagBag from /opt/airflow/dags/python_operator.py
[2024-04-04T16:28:36.197+0000] {processor.py:840} INFO - DAG(s) 'python_operator' retrieved from /opt/airflow/dags/python_operator.py
[2024-04-04T16:28:36.221+0000] {logging_mixin.py:188} INFO - [2024-04-04T16:28:36.221+0000] {dag.py:3047} INFO - Sync 1 DAGs
[2024-04-04T16:28:36.243+0000] {logging_mixin.py:188} INFO - [2024-04-04T16:28:36.243+0000] {dag.py:3834} INFO - Setting next_dagrun for python_operator to None, run_after=None
[2024-04-04T16:28:36.274+0000] {processor.py:183} INFO - Processing /opt/airflow/dags/python_operator.py took 0.095 seconds
