[2024-04-04T16:18:57.988+0000] {processor.py:161} INFO - Started process (PID=50) to work on /opt/airflow/dags/sensor.py
[2024-04-04T16:18:57.990+0000] {processor.py:830} INFO - Processing file /opt/airflow/dags/sensor.py for tasks to queue
[2024-04-04T16:18:57.992+0000] {logging_mixin.py:188} INFO - [2024-04-04T16:18:57.991+0000] {dagbag.py:540} INFO - Filling up the DagBag from /opt/airflow/dags/sensor.py
[2024-04-04T16:18:58.002+0000] {processor.py:840} INFO - DAG(s) 'sensor' retrieved from /opt/airflow/dags/sensor.py
[2024-04-04T16:18:58.082+0000] {logging_mixin.py:188} INFO - [2024-04-04T16:18:58.082+0000] {dag.py:3047} INFO - Sync 1 DAGs
[2024-04-04T16:18:58.096+0000] {logging_mixin.py:188} INFO - [2024-04-04T16:18:58.096+0000] {dag.py:3834} INFO - Setting next_dagrun for sensor to None, run_after=None
[2024-04-04T16:18:58.130+0000] {processor.py:183} INFO - Processing /opt/airflow/dags/sensor.py took 0.144 seconds
[2024-04-04T16:19:28.427+0000] {processor.py:161} INFO - Started process (PID=71) to work on /opt/airflow/dags/sensor.py
[2024-04-04T16:19:28.428+0000] {processor.py:830} INFO - Processing file /opt/airflow/dags/sensor.py for tasks to queue
[2024-04-04T16:19:28.429+0000] {logging_mixin.py:188} INFO - [2024-04-04T16:19:28.429+0000] {dagbag.py:540} INFO - Filling up the DagBag from /opt/airflow/dags/sensor.py
[2024-04-04T16:19:28.444+0000] {processor.py:840} INFO - DAG(s) 'sensor' retrieved from /opt/airflow/dags/sensor.py
[2024-04-04T16:19:28.471+0000] {logging_mixin.py:188} INFO - [2024-04-04T16:19:28.471+0000] {dag.py:3047} INFO - Sync 1 DAGs
[2024-04-04T16:19:28.491+0000] {logging_mixin.py:188} INFO - [2024-04-04T16:19:28.491+0000] {dag.py:3834} INFO - Setting next_dagrun for sensor to None, run_after=None
[2024-04-04T16:19:28.507+0000] {processor.py:183} INFO - Processing /opt/airflow/dags/sensor.py took 0.082 seconds
[2024-04-04T16:19:58.769+0000] {processor.py:161} INFO - Started process (PID=92) to work on /opt/airflow/dags/sensor.py
[2024-04-04T16:19:58.770+0000] {processor.py:830} INFO - Processing file /opt/airflow/dags/sensor.py for tasks to queue
[2024-04-04T16:19:58.772+0000] {logging_mixin.py:188} INFO - [2024-04-04T16:19:58.772+0000] {dagbag.py:540} INFO - Filling up the DagBag from /opt/airflow/dags/sensor.py
[2024-04-04T16:19:58.787+0000] {processor.py:840} INFO - DAG(s) 'sensor' retrieved from /opt/airflow/dags/sensor.py
[2024-04-04T16:19:58.814+0000] {logging_mixin.py:188} INFO - [2024-04-04T16:19:58.814+0000] {dag.py:3047} INFO - Sync 1 DAGs
[2024-04-04T16:19:58.835+0000] {logging_mixin.py:188} INFO - [2024-04-04T16:19:58.835+0000] {dag.py:3834} INFO - Setting next_dagrun for sensor to None, run_after=None
[2024-04-04T16:19:58.855+0000] {processor.py:183} INFO - Processing /opt/airflow/dags/sensor.py took 0.087 seconds
[2024-04-04T16:20:29.291+0000] {processor.py:161} INFO - Started process (PID=115) to work on /opt/airflow/dags/sensor.py
[2024-04-04T16:20:29.292+0000] {processor.py:830} INFO - Processing file /opt/airflow/dags/sensor.py for tasks to queue
[2024-04-04T16:20:29.294+0000] {logging_mixin.py:188} INFO - [2024-04-04T16:20:29.293+0000] {dagbag.py:540} INFO - Filling up the DagBag from /opt/airflow/dags/sensor.py
[2024-04-04T16:20:29.304+0000] {processor.py:840} INFO - DAG(s) 'sensor' retrieved from /opt/airflow/dags/sensor.py
[2024-04-04T16:20:29.326+0000] {logging_mixin.py:188} INFO - [2024-04-04T16:20:29.326+0000] {dag.py:3047} INFO - Sync 1 DAGs
[2024-04-04T16:20:29.343+0000] {logging_mixin.py:188} INFO - [2024-04-04T16:20:29.342+0000] {dag.py:3834} INFO - Setting next_dagrun for sensor to None, run_after=None
[2024-04-04T16:20:29.362+0000] {processor.py:183} INFO - Processing /opt/airflow/dags/sensor.py took 0.072 seconds
[2024-04-04T16:20:59.618+0000] {processor.py:161} INFO - Started process (PID=137) to work on /opt/airflow/dags/sensor.py
[2024-04-04T16:20:59.619+0000] {processor.py:830} INFO - Processing file /opt/airflow/dags/sensor.py for tasks to queue
[2024-04-04T16:20:59.619+0000] {logging_mixin.py:188} INFO - [2024-04-04T16:20:59.619+0000] {dagbag.py:540} INFO - Filling up the DagBag from /opt/airflow/dags/sensor.py
[2024-04-04T16:20:59.628+0000] {processor.py:840} INFO - DAG(s) 'sensor' retrieved from /opt/airflow/dags/sensor.py
[2024-04-04T16:20:59.649+0000] {logging_mixin.py:188} INFO - [2024-04-04T16:20:59.649+0000] {dag.py:3047} INFO - Sync 1 DAGs
[2024-04-04T16:20:59.663+0000] {logging_mixin.py:188} INFO - [2024-04-04T16:20:59.663+0000] {dag.py:3834} INFO - Setting next_dagrun for sensor to None, run_after=None
[2024-04-04T16:20:59.676+0000] {processor.py:183} INFO - Processing /opt/airflow/dags/sensor.py took 0.060 seconds
[2024-04-04T16:21:29.964+0000] {processor.py:161} INFO - Started process (PID=158) to work on /opt/airflow/dags/sensor.py
[2024-04-04T16:21:29.965+0000] {processor.py:830} INFO - Processing file /opt/airflow/dags/sensor.py for tasks to queue
[2024-04-04T16:21:29.965+0000] {logging_mixin.py:188} INFO - [2024-04-04T16:21:29.965+0000] {dagbag.py:540} INFO - Filling up the DagBag from /opt/airflow/dags/sensor.py
[2024-04-04T16:21:29.976+0000] {processor.py:840} INFO - DAG(s) 'sensor' retrieved from /opt/airflow/dags/sensor.py
[2024-04-04T16:21:29.999+0000] {logging_mixin.py:188} INFO - [2024-04-04T16:21:29.999+0000] {dag.py:3047} INFO - Sync 1 DAGs
[2024-04-04T16:21:30.016+0000] {logging_mixin.py:188} INFO - [2024-04-04T16:21:30.016+0000] {dag.py:3834} INFO - Setting next_dagrun for sensor to None, run_after=None
[2024-04-04T16:21:30.030+0000] {processor.py:183} INFO - Processing /opt/airflow/dags/sensor.py took 0.069 seconds
[2024-04-04T16:22:00.429+0000] {processor.py:161} INFO - Started process (PID=179) to work on /opt/airflow/dags/sensor.py
[2024-04-04T16:22:00.430+0000] {processor.py:830} INFO - Processing file /opt/airflow/dags/sensor.py for tasks to queue
[2024-04-04T16:22:00.431+0000] {logging_mixin.py:188} INFO - [2024-04-04T16:22:00.431+0000] {dagbag.py:540} INFO - Filling up the DagBag from /opt/airflow/dags/sensor.py
[2024-04-04T16:22:00.445+0000] {processor.py:840} INFO - DAG(s) 'sensor' retrieved from /opt/airflow/dags/sensor.py
[2024-04-04T16:22:00.493+0000] {logging_mixin.py:188} INFO - [2024-04-04T16:22:00.493+0000] {dag.py:3047} INFO - Sync 1 DAGs
[2024-04-04T16:22:00.513+0000] {logging_mixin.py:188} INFO - [2024-04-04T16:22:00.513+0000] {dag.py:3834} INFO - Setting next_dagrun for sensor to None, run_after=None
[2024-04-04T16:22:00.532+0000] {processor.py:183} INFO - Processing /opt/airflow/dags/sensor.py took 0.105 seconds
[2024-04-04T16:22:30.808+0000] {processor.py:161} INFO - Started process (PID=200) to work on /opt/airflow/dags/sensor.py
[2024-04-04T16:22:30.808+0000] {processor.py:830} INFO - Processing file /opt/airflow/dags/sensor.py for tasks to queue
[2024-04-04T16:22:30.809+0000] {logging_mixin.py:188} INFO - [2024-04-04T16:22:30.809+0000] {dagbag.py:540} INFO - Filling up the DagBag from /opt/airflow/dags/sensor.py
[2024-04-04T16:22:30.821+0000] {processor.py:840} INFO - DAG(s) 'sensor' retrieved from /opt/airflow/dags/sensor.py
[2024-04-04T16:22:30.844+0000] {logging_mixin.py:188} INFO - [2024-04-04T16:22:30.844+0000] {dag.py:3047} INFO - Sync 1 DAGs
[2024-04-04T16:22:30.861+0000] {logging_mixin.py:188} INFO - [2024-04-04T16:22:30.861+0000] {dag.py:3834} INFO - Setting next_dagrun for sensor to None, run_after=None
[2024-04-04T16:22:30.875+0000] {processor.py:183} INFO - Processing /opt/airflow/dags/sensor.py took 0.069 seconds
[2024-04-04T16:23:01.266+0000] {processor.py:161} INFO - Started process (PID=223) to work on /opt/airflow/dags/sensor.py
[2024-04-04T16:23:01.267+0000] {processor.py:830} INFO - Processing file /opt/airflow/dags/sensor.py for tasks to queue
[2024-04-04T16:23:01.267+0000] {logging_mixin.py:188} INFO - [2024-04-04T16:23:01.267+0000] {dagbag.py:540} INFO - Filling up the DagBag from /opt/airflow/dags/sensor.py
[2024-04-04T16:23:01.277+0000] {processor.py:840} INFO - DAG(s) 'sensor' retrieved from /opt/airflow/dags/sensor.py
[2024-04-04T16:23:01.298+0000] {logging_mixin.py:188} INFO - [2024-04-04T16:23:01.298+0000] {dag.py:3047} INFO - Sync 1 DAGs
[2024-04-04T16:23:01.314+0000] {logging_mixin.py:188} INFO - [2024-04-04T16:23:01.314+0000] {dag.py:3834} INFO - Setting next_dagrun for sensor to None, run_after=None
[2024-04-04T16:23:01.338+0000] {processor.py:183} INFO - Processing /opt/airflow/dags/sensor.py took 0.074 seconds
[2024-04-04T16:23:31.693+0000] {processor.py:161} INFO - Started process (PID=246) to work on /opt/airflow/dags/sensor.py
[2024-04-04T16:23:31.693+0000] {processor.py:830} INFO - Processing file /opt/airflow/dags/sensor.py for tasks to queue
[2024-04-04T16:23:31.694+0000] {logging_mixin.py:188} INFO - [2024-04-04T16:23:31.694+0000] {dagbag.py:540} INFO - Filling up the DagBag from /opt/airflow/dags/sensor.py
[2024-04-04T16:23:31.706+0000] {processor.py:840} INFO - DAG(s) 'sensor' retrieved from /opt/airflow/dags/sensor.py
[2024-04-04T16:23:31.735+0000] {logging_mixin.py:188} INFO - [2024-04-04T16:23:31.734+0000] {dag.py:3047} INFO - Sync 1 DAGs
[2024-04-04T16:23:31.753+0000] {logging_mixin.py:188} INFO - [2024-04-04T16:23:31.753+0000] {dag.py:3834} INFO - Setting next_dagrun for sensor to None, run_after=None
[2024-04-04T16:23:31.770+0000] {processor.py:183} INFO - Processing /opt/airflow/dags/sensor.py took 0.079 seconds
[2024-04-04T16:24:02.078+0000] {processor.py:161} INFO - Started process (PID=267) to work on /opt/airflow/dags/sensor.py
[2024-04-04T16:24:02.078+0000] {processor.py:830} INFO - Processing file /opt/airflow/dags/sensor.py for tasks to queue
[2024-04-04T16:24:02.079+0000] {logging_mixin.py:188} INFO - [2024-04-04T16:24:02.079+0000] {dagbag.py:540} INFO - Filling up the DagBag from /opt/airflow/dags/sensor.py
[2024-04-04T16:24:02.089+0000] {processor.py:840} INFO - DAG(s) 'sensor' retrieved from /opt/airflow/dags/sensor.py
[2024-04-04T16:24:02.112+0000] {logging_mixin.py:188} INFO - [2024-04-04T16:24:02.112+0000] {dag.py:3047} INFO - Sync 1 DAGs
[2024-04-04T16:24:02.128+0000] {logging_mixin.py:188} INFO - [2024-04-04T16:24:02.128+0000] {dag.py:3834} INFO - Setting next_dagrun for sensor to None, run_after=None
[2024-04-04T16:24:02.147+0000] {processor.py:183} INFO - Processing /opt/airflow/dags/sensor.py took 0.071 seconds
[2024-04-04T16:24:32.597+0000] {processor.py:161} INFO - Started process (PID=288) to work on /opt/airflow/dags/sensor.py
[2024-04-04T16:24:32.598+0000] {processor.py:830} INFO - Processing file /opt/airflow/dags/sensor.py for tasks to queue
[2024-04-04T16:24:32.599+0000] {logging_mixin.py:188} INFO - [2024-04-04T16:24:32.599+0000] {dagbag.py:540} INFO - Filling up the DagBag from /opt/airflow/dags/sensor.py
[2024-04-04T16:24:32.610+0000] {processor.py:840} INFO - DAG(s) 'sensor' retrieved from /opt/airflow/dags/sensor.py
[2024-04-04T16:24:32.632+0000] {logging_mixin.py:188} INFO - [2024-04-04T16:24:32.632+0000] {dag.py:3047} INFO - Sync 1 DAGs
[2024-04-04T16:24:32.650+0000] {logging_mixin.py:188} INFO - [2024-04-04T16:24:32.650+0000] {dag.py:3834} INFO - Setting next_dagrun for sensor to None, run_after=None
[2024-04-04T16:24:32.667+0000] {processor.py:183} INFO - Processing /opt/airflow/dags/sensor.py took 0.072 seconds
[2024-04-04T16:25:03.017+0000] {processor.py:161} INFO - Started process (PID=309) to work on /opt/airflow/dags/sensor.py
[2024-04-04T16:25:03.018+0000] {processor.py:830} INFO - Processing file /opt/airflow/dags/sensor.py for tasks to queue
[2024-04-04T16:25:03.018+0000] {logging_mixin.py:188} INFO - [2024-04-04T16:25:03.018+0000] {dagbag.py:540} INFO - Filling up the DagBag from /opt/airflow/dags/sensor.py
[2024-04-04T16:25:03.030+0000] {processor.py:840} INFO - DAG(s) 'sensor' retrieved from /opt/airflow/dags/sensor.py
[2024-04-04T16:25:03.051+0000] {logging_mixin.py:188} INFO - [2024-04-04T16:25:03.051+0000] {dag.py:3047} INFO - Sync 1 DAGs
[2024-04-04T16:25:03.068+0000] {logging_mixin.py:188} INFO - [2024-04-04T16:25:03.068+0000] {dag.py:3834} INFO - Setting next_dagrun for sensor to None, run_after=None
[2024-04-04T16:25:03.097+0000] {processor.py:183} INFO - Processing /opt/airflow/dags/sensor.py took 0.082 seconds
[2024-04-04T16:25:33.323+0000] {processor.py:161} INFO - Started process (PID=330) to work on /opt/airflow/dags/sensor.py
[2024-04-04T16:25:33.324+0000] {processor.py:830} INFO - Processing file /opt/airflow/dags/sensor.py for tasks to queue
[2024-04-04T16:25:33.324+0000] {logging_mixin.py:188} INFO - [2024-04-04T16:25:33.324+0000] {dagbag.py:540} INFO - Filling up the DagBag from /opt/airflow/dags/sensor.py
[2024-04-04T16:25:33.337+0000] {processor.py:840} INFO - DAG(s) 'sensor' retrieved from /opt/airflow/dags/sensor.py
[2024-04-04T16:25:33.365+0000] {logging_mixin.py:188} INFO - [2024-04-04T16:25:33.365+0000] {dag.py:3047} INFO - Sync 1 DAGs
[2024-04-04T16:25:33.385+0000] {logging_mixin.py:188} INFO - [2024-04-04T16:25:33.385+0000] {dag.py:3834} INFO - Setting next_dagrun for sensor to None, run_after=None
[2024-04-04T16:25:33.401+0000] {processor.py:183} INFO - Processing /opt/airflow/dags/sensor.py took 0.080 seconds
[2024-04-04T16:26:03.742+0000] {processor.py:161} INFO - Started process (PID=351) to work on /opt/airflow/dags/sensor.py
[2024-04-04T16:26:03.743+0000] {processor.py:830} INFO - Processing file /opt/airflow/dags/sensor.py for tasks to queue
[2024-04-04T16:26:03.743+0000] {logging_mixin.py:188} INFO - [2024-04-04T16:26:03.743+0000] {dagbag.py:540} INFO - Filling up the DagBag from /opt/airflow/dags/sensor.py
[2024-04-04T16:26:03.752+0000] {processor.py:840} INFO - DAG(s) 'sensor' retrieved from /opt/airflow/dags/sensor.py
[2024-04-04T16:26:03.775+0000] {logging_mixin.py:188} INFO - [2024-04-04T16:26:03.775+0000] {dag.py:3047} INFO - Sync 1 DAGs
[2024-04-04T16:26:03.793+0000] {logging_mixin.py:188} INFO - [2024-04-04T16:26:03.793+0000] {dag.py:3834} INFO - Setting next_dagrun for sensor to None, run_after=None
[2024-04-04T16:26:03.814+0000] {processor.py:183} INFO - Processing /opt/airflow/dags/sensor.py took 0.074 seconds
[2024-04-04T16:26:34.221+0000] {processor.py:161} INFO - Started process (PID=372) to work on /opt/airflow/dags/sensor.py
[2024-04-04T16:26:34.222+0000] {processor.py:830} INFO - Processing file /opt/airflow/dags/sensor.py for tasks to queue
[2024-04-04T16:26:34.223+0000] {logging_mixin.py:188} INFO - [2024-04-04T16:26:34.223+0000] {dagbag.py:540} INFO - Filling up the DagBag from /opt/airflow/dags/sensor.py
[2024-04-04T16:26:34.233+0000] {processor.py:840} INFO - DAG(s) 'sensor' retrieved from /opt/airflow/dags/sensor.py
[2024-04-04T16:26:34.254+0000] {logging_mixin.py:188} INFO - [2024-04-04T16:26:34.254+0000] {dag.py:3047} INFO - Sync 1 DAGs
[2024-04-04T16:26:34.273+0000] {logging_mixin.py:188} INFO - [2024-04-04T16:26:34.273+0000] {dag.py:3834} INFO - Setting next_dagrun for sensor to None, run_after=None
[2024-04-04T16:26:34.290+0000] {processor.py:183} INFO - Processing /opt/airflow/dags/sensor.py took 0.071 seconds
[2024-04-04T16:27:04.650+0000] {processor.py:161} INFO - Started process (PID=393) to work on /opt/airflow/dags/sensor.py
[2024-04-04T16:27:04.652+0000] {processor.py:830} INFO - Processing file /opt/airflow/dags/sensor.py for tasks to queue
[2024-04-04T16:27:04.652+0000] {logging_mixin.py:188} INFO - [2024-04-04T16:27:04.652+0000] {dagbag.py:540} INFO - Filling up the DagBag from /opt/airflow/dags/sensor.py
[2024-04-04T16:27:04.662+0000] {processor.py:840} INFO - DAG(s) 'sensor' retrieved from /opt/airflow/dags/sensor.py
[2024-04-04T16:27:04.689+0000] {logging_mixin.py:188} INFO - [2024-04-04T16:27:04.689+0000] {dag.py:3047} INFO - Sync 1 DAGs
[2024-04-04T16:27:04.707+0000] {logging_mixin.py:188} INFO - [2024-04-04T16:27:04.707+0000] {dag.py:3834} INFO - Setting next_dagrun for sensor to None, run_after=None
[2024-04-04T16:27:04.725+0000] {processor.py:183} INFO - Processing /opt/airflow/dags/sensor.py took 0.076 seconds
[2024-04-04T16:27:35.002+0000] {processor.py:161} INFO - Started process (PID=414) to work on /opt/airflow/dags/sensor.py
[2024-04-04T16:27:35.002+0000] {processor.py:830} INFO - Processing file /opt/airflow/dags/sensor.py for tasks to queue
[2024-04-04T16:27:35.003+0000] {logging_mixin.py:188} INFO - [2024-04-04T16:27:35.003+0000] {dagbag.py:540} INFO - Filling up the DagBag from /opt/airflow/dags/sensor.py
[2024-04-04T16:27:35.015+0000] {processor.py:840} INFO - DAG(s) 'sensor' retrieved from /opt/airflow/dags/sensor.py
[2024-04-04T16:27:35.036+0000] {logging_mixin.py:188} INFO - [2024-04-04T16:27:35.036+0000] {dag.py:3047} INFO - Sync 1 DAGs
[2024-04-04T16:27:35.053+0000] {logging_mixin.py:188} INFO - [2024-04-04T16:27:35.053+0000] {dag.py:3834} INFO - Setting next_dagrun for sensor to None, run_after=None
[2024-04-04T16:27:35.074+0000] {processor.py:183} INFO - Processing /opt/airflow/dags/sensor.py took 0.074 seconds
[2024-04-04T16:28:05.426+0000] {processor.py:161} INFO - Started process (PID=435) to work on /opt/airflow/dags/sensor.py
[2024-04-04T16:28:05.427+0000] {processor.py:830} INFO - Processing file /opt/airflow/dags/sensor.py for tasks to queue
[2024-04-04T16:28:05.428+0000] {logging_mixin.py:188} INFO - [2024-04-04T16:28:05.427+0000] {dagbag.py:540} INFO - Filling up the DagBag from /opt/airflow/dags/sensor.py
[2024-04-04T16:28:05.437+0000] {processor.py:840} INFO - DAG(s) 'sensor' retrieved from /opt/airflow/dags/sensor.py
[2024-04-04T16:28:05.463+0000] {logging_mixin.py:188} INFO - [2024-04-04T16:28:05.462+0000] {dag.py:3047} INFO - Sync 1 DAGs
[2024-04-04T16:28:05.483+0000] {logging_mixin.py:188} INFO - [2024-04-04T16:28:05.482+0000] {dag.py:3834} INFO - Setting next_dagrun for sensor to None, run_after=None
[2024-04-04T16:28:05.500+0000] {processor.py:183} INFO - Processing /opt/airflow/dags/sensor.py took 0.076 seconds
[2024-04-04T16:28:35.875+0000] {processor.py:161} INFO - Started process (PID=456) to work on /opt/airflow/dags/sensor.py
[2024-04-04T16:28:35.875+0000] {processor.py:830} INFO - Processing file /opt/airflow/dags/sensor.py for tasks to queue
[2024-04-04T16:28:35.876+0000] {logging_mixin.py:188} INFO - [2024-04-04T16:28:35.876+0000] {dagbag.py:540} INFO - Filling up the DagBag from /opt/airflow/dags/sensor.py
[2024-04-04T16:28:35.886+0000] {processor.py:840} INFO - DAG(s) 'sensor' retrieved from /opt/airflow/dags/sensor.py
[2024-04-04T16:28:35.906+0000] {logging_mixin.py:188} INFO - [2024-04-04T16:28:35.906+0000] {dag.py:3047} INFO - Sync 1 DAGs
[2024-04-04T16:28:35.924+0000] {logging_mixin.py:188} INFO - [2024-04-04T16:28:35.924+0000] {dag.py:3834} INFO - Setting next_dagrun for sensor to None, run_after=None
[2024-04-04T16:28:35.942+0000] {processor.py:183} INFO - Processing /opt/airflow/dags/sensor.py took 0.069 seconds
