[2024-04-04T16:18:57.515+0000] {processor.py:161} INFO - Started process (PID=45) to work on /opt/airflow/dags/task_instance.py
[2024-04-04T16:18:57.516+0000] {processor.py:830} INFO - Processing file /opt/airflow/dags/task_instance.py for tasks to queue
[2024-04-04T16:18:57.622+0000] {logging_mixin.py:188} INFO - [2024-04-04T16:18:57.622+0000] {dagbag.py:540} INFO - Filling up the DagBag from /opt/airflow/dags/task_instance.py
[2024-04-04T16:18:57.636+0000] {processor.py:840} INFO - DAG(s) 'task_instance' retrieved from /opt/airflow/dags/task_instance.py
[2024-04-04T16:18:57.725+0000] {logging_mixin.py:188} INFO - [2024-04-04T16:18:57.725+0000] {dag.py:3047} INFO - Sync 1 DAGs
[2024-04-04T16:18:57.745+0000] {logging_mixin.py:188} INFO - [2024-04-04T16:18:57.745+0000] {dag.py:3834} INFO - Setting next_dagrun for task_instance to None, run_after=None
[2024-04-04T16:18:57.769+0000] {processor.py:183} INFO - Processing /opt/airflow/dags/task_instance.py took 0.256 seconds
[2024-04-04T16:19:28.130+0000] {processor.py:161} INFO - Started process (PID=66) to work on /opt/airflow/dags/task_instance.py
[2024-04-04T16:19:28.130+0000] {processor.py:830} INFO - Processing file /opt/airflow/dags/task_instance.py for tasks to queue
[2024-04-04T16:19:28.132+0000] {logging_mixin.py:188} INFO - [2024-04-04T16:19:28.131+0000] {dagbag.py:540} INFO - Filling up the DagBag from /opt/airflow/dags/task_instance.py
[2024-04-04T16:19:28.145+0000] {processor.py:840} INFO - DAG(s) 'task_instance' retrieved from /opt/airflow/dags/task_instance.py
[2024-04-04T16:19:28.169+0000] {logging_mixin.py:188} INFO - [2024-04-04T16:19:28.169+0000] {dag.py:3047} INFO - Sync 1 DAGs
[2024-04-04T16:19:28.186+0000] {logging_mixin.py:188} INFO - [2024-04-04T16:19:28.185+0000] {dag.py:3834} INFO - Setting next_dagrun for task_instance to None, run_after=None
[2024-04-04T16:19:28.211+0000] {processor.py:183} INFO - Processing /opt/airflow/dags/task_instance.py took 0.083 seconds
[2024-04-04T16:19:58.491+0000] {processor.py:161} INFO - Started process (PID=87) to work on /opt/airflow/dags/task_instance.py
[2024-04-04T16:19:58.492+0000] {processor.py:830} INFO - Processing file /opt/airflow/dags/task_instance.py for tasks to queue
[2024-04-04T16:19:58.493+0000] {logging_mixin.py:188} INFO - [2024-04-04T16:19:58.493+0000] {dagbag.py:540} INFO - Filling up the DagBag from /opt/airflow/dags/task_instance.py
[2024-04-04T16:19:58.506+0000] {processor.py:840} INFO - DAG(s) 'task_instance' retrieved from /opt/airflow/dags/task_instance.py
[2024-04-04T16:19:58.527+0000] {logging_mixin.py:188} INFO - [2024-04-04T16:19:58.527+0000] {dag.py:3047} INFO - Sync 1 DAGs
[2024-04-04T16:19:58.547+0000] {logging_mixin.py:188} INFO - [2024-04-04T16:19:58.547+0000] {dag.py:3834} INFO - Setting next_dagrun for task_instance to None, run_after=None
[2024-04-04T16:19:58.562+0000] {processor.py:183} INFO - Processing /opt/airflow/dags/task_instance.py took 0.072 seconds
[2024-04-04T16:20:28.804+0000] {processor.py:161} INFO - Started process (PID=110) to work on /opt/airflow/dags/task_instance.py
[2024-04-04T16:20:28.806+0000] {processor.py:830} INFO - Processing file /opt/airflow/dags/task_instance.py for tasks to queue
[2024-04-04T16:20:28.807+0000] {logging_mixin.py:188} INFO - [2024-04-04T16:20:28.807+0000] {dagbag.py:540} INFO - Filling up the DagBag from /opt/airflow/dags/task_instance.py
[2024-04-04T16:20:28.824+0000] {processor.py:840} INFO - DAG(s) 'task_instance' retrieved from /opt/airflow/dags/task_instance.py
[2024-04-04T16:20:28.863+0000] {logging_mixin.py:188} INFO - [2024-04-04T16:20:28.863+0000] {dag.py:3047} INFO - Sync 1 DAGs
[2024-04-04T16:20:28.887+0000] {logging_mixin.py:188} INFO - [2024-04-04T16:20:28.887+0000] {dag.py:3834} INFO - Setting next_dagrun for task_instance to None, run_after=None
[2024-04-04T16:20:29.078+0000] {processor.py:183} INFO - Processing /opt/airflow/dags/task_instance.py took 0.277 seconds
[2024-04-04T16:20:59.305+0000] {processor.py:161} INFO - Started process (PID=132) to work on /opt/airflow/dags/task_instance.py
[2024-04-04T16:20:59.306+0000] {processor.py:830} INFO - Processing file /opt/airflow/dags/task_instance.py for tasks to queue
[2024-04-04T16:20:59.306+0000] {logging_mixin.py:188} INFO - [2024-04-04T16:20:59.306+0000] {dagbag.py:540} INFO - Filling up the DagBag from /opt/airflow/dags/task_instance.py
[2024-04-04T16:20:59.317+0000] {processor.py:840} INFO - DAG(s) 'task_instance' retrieved from /opt/airflow/dags/task_instance.py
[2024-04-04T16:20:59.348+0000] {logging_mixin.py:188} INFO - [2024-04-04T16:20:59.348+0000] {dag.py:3047} INFO - Sync 1 DAGs
[2024-04-04T16:20:59.367+0000] {logging_mixin.py:188} INFO - [2024-04-04T16:20:59.367+0000] {dag.py:3834} INFO - Setting next_dagrun for task_instance to None, run_after=None
[2024-04-04T16:20:59.383+0000] {processor.py:183} INFO - Processing /opt/airflow/dags/task_instance.py took 0.081 seconds
[2024-04-04T16:21:29.620+0000] {processor.py:161} INFO - Started process (PID=153) to work on /opt/airflow/dags/task_instance.py
[2024-04-04T16:21:29.621+0000] {processor.py:830} INFO - Processing file /opt/airflow/dags/task_instance.py for tasks to queue
[2024-04-04T16:21:29.622+0000] {logging_mixin.py:188} INFO - [2024-04-04T16:21:29.621+0000] {dagbag.py:540} INFO - Filling up the DagBag from /opt/airflow/dags/task_instance.py
[2024-04-04T16:21:29.633+0000] {processor.py:840} INFO - DAG(s) 'task_instance' retrieved from /opt/airflow/dags/task_instance.py
[2024-04-04T16:21:29.654+0000] {logging_mixin.py:188} INFO - [2024-04-04T16:21:29.653+0000] {dag.py:3047} INFO - Sync 1 DAGs
[2024-04-04T16:21:29.670+0000] {logging_mixin.py:188} INFO - [2024-04-04T16:21:29.670+0000] {dag.py:3834} INFO - Setting next_dagrun for task_instance to None, run_after=None
[2024-04-04T16:21:29.703+0000] {processor.py:183} INFO - Processing /opt/airflow/dags/task_instance.py took 0.085 seconds
[2024-04-04T16:22:00.086+0000] {processor.py:161} INFO - Started process (PID=174) to work on /opt/airflow/dags/task_instance.py
[2024-04-04T16:22:00.087+0000] {processor.py:830} INFO - Processing file /opt/airflow/dags/task_instance.py for tasks to queue
[2024-04-04T16:22:00.088+0000] {logging_mixin.py:188} INFO - [2024-04-04T16:22:00.088+0000] {dagbag.py:540} INFO - Filling up the DagBag from /opt/airflow/dags/task_instance.py
[2024-04-04T16:22:00.099+0000] {processor.py:840} INFO - DAG(s) 'task_instance' retrieved from /opt/airflow/dags/task_instance.py
[2024-04-04T16:22:00.123+0000] {logging_mixin.py:188} INFO - [2024-04-04T16:22:00.123+0000] {dag.py:3047} INFO - Sync 1 DAGs
[2024-04-04T16:22:00.140+0000] {logging_mixin.py:188} INFO - [2024-04-04T16:22:00.140+0000] {dag.py:3834} INFO - Setting next_dagrun for task_instance to None, run_after=None
[2024-04-04T16:22:00.162+0000] {processor.py:183} INFO - Processing /opt/airflow/dags/task_instance.py took 0.078 seconds
[2024-04-04T16:22:30.463+0000] {processor.py:161} INFO - Started process (PID=195) to work on /opt/airflow/dags/task_instance.py
[2024-04-04T16:22:30.463+0000] {processor.py:830} INFO - Processing file /opt/airflow/dags/task_instance.py for tasks to queue
[2024-04-04T16:22:30.464+0000] {logging_mixin.py:188} INFO - [2024-04-04T16:22:30.464+0000] {dagbag.py:540} INFO - Filling up the DagBag from /opt/airflow/dags/task_instance.py
[2024-04-04T16:22:30.477+0000] {processor.py:840} INFO - DAG(s) 'task_instance' retrieved from /opt/airflow/dags/task_instance.py
[2024-04-04T16:22:30.518+0000] {logging_mixin.py:188} INFO - [2024-04-04T16:22:30.517+0000] {dag.py:3047} INFO - Sync 1 DAGs
[2024-04-04T16:22:30.537+0000] {logging_mixin.py:188} INFO - [2024-04-04T16:22:30.537+0000] {dag.py:3834} INFO - Setting next_dagrun for task_instance to None, run_after=None
[2024-04-04T16:22:30.559+0000] {processor.py:183} INFO - Processing /opt/airflow/dags/task_instance.py took 0.099 seconds
[2024-04-04T16:23:01.048+0000] {processor.py:161} INFO - Started process (PID=218) to work on /opt/airflow/dags/task_instance.py
[2024-04-04T16:23:01.049+0000] {processor.py:830} INFO - Processing file /opt/airflow/dags/task_instance.py for tasks to queue
[2024-04-04T16:23:01.050+0000] {logging_mixin.py:188} INFO - [2024-04-04T16:23:01.049+0000] {dagbag.py:540} INFO - Filling up the DagBag from /opt/airflow/dags/task_instance.py
[2024-04-04T16:23:01.062+0000] {processor.py:840} INFO - DAG(s) 'task_instance' retrieved from /opt/airflow/dags/task_instance.py
[2024-04-04T16:23:01.091+0000] {logging_mixin.py:188} INFO - [2024-04-04T16:23:01.091+0000] {dag.py:3047} INFO - Sync 1 DAGs
[2024-04-04T16:23:01.109+0000] {logging_mixin.py:188} INFO - [2024-04-04T16:23:01.109+0000] {dag.py:3834} INFO - Setting next_dagrun for task_instance to None, run_after=None
[2024-04-04T16:23:01.133+0000] {processor.py:183} INFO - Processing /opt/airflow/dags/task_instance.py took 0.087 seconds
[2024-04-04T16:23:31.418+0000] {processor.py:161} INFO - Started process (PID=241) to work on /opt/airflow/dags/task_instance.py
[2024-04-04T16:23:31.418+0000] {processor.py:830} INFO - Processing file /opt/airflow/dags/task_instance.py for tasks to queue
[2024-04-04T16:23:31.419+0000] {logging_mixin.py:188} INFO - [2024-04-04T16:23:31.419+0000] {dagbag.py:540} INFO - Filling up the DagBag from /opt/airflow/dags/task_instance.py
[2024-04-04T16:23:31.434+0000] {processor.py:840} INFO - DAG(s) 'task_instance' retrieved from /opt/airflow/dags/task_instance.py
[2024-04-04T16:23:31.459+0000] {logging_mixin.py:188} INFO - [2024-04-04T16:23:31.459+0000] {dag.py:3047} INFO - Sync 1 DAGs
[2024-04-04T16:23:31.480+0000] {logging_mixin.py:188} INFO - [2024-04-04T16:23:31.479+0000] {dag.py:3834} INFO - Setting next_dagrun for task_instance to None, run_after=None
[2024-04-04T16:23:31.496+0000] {processor.py:183} INFO - Processing /opt/airflow/dags/task_instance.py took 0.080 seconds
[2024-04-04T16:24:01.796+0000] {processor.py:161} INFO - Started process (PID=262) to work on /opt/airflow/dags/task_instance.py
[2024-04-04T16:24:01.797+0000] {processor.py:830} INFO - Processing file /opt/airflow/dags/task_instance.py for tasks to queue
[2024-04-04T16:24:01.797+0000] {logging_mixin.py:188} INFO - [2024-04-04T16:24:01.797+0000] {dagbag.py:540} INFO - Filling up the DagBag from /opt/airflow/dags/task_instance.py
[2024-04-04T16:24:01.812+0000] {processor.py:840} INFO - DAG(s) 'task_instance' retrieved from /opt/airflow/dags/task_instance.py
[2024-04-04T16:24:01.834+0000] {logging_mixin.py:188} INFO - [2024-04-04T16:24:01.834+0000] {dag.py:3047} INFO - Sync 1 DAGs
[2024-04-04T16:24:01.854+0000] {logging_mixin.py:188} INFO - [2024-04-04T16:24:01.854+0000] {dag.py:3834} INFO - Setting next_dagrun for task_instance to None, run_after=None
[2024-04-04T16:24:01.870+0000] {processor.py:183} INFO - Processing /opt/airflow/dags/task_instance.py took 0.076 seconds
[2024-04-04T16:24:32.279+0000] {processor.py:161} INFO - Started process (PID=283) to work on /opt/airflow/dags/task_instance.py
[2024-04-04T16:24:32.280+0000] {processor.py:830} INFO - Processing file /opt/airflow/dags/task_instance.py for tasks to queue
[2024-04-04T16:24:32.281+0000] {logging_mixin.py:188} INFO - [2024-04-04T16:24:32.281+0000] {dagbag.py:540} INFO - Filling up the DagBag from /opt/airflow/dags/task_instance.py
[2024-04-04T16:24:32.293+0000] {processor.py:840} INFO - DAG(s) 'task_instance' retrieved from /opt/airflow/dags/task_instance.py
[2024-04-04T16:24:32.314+0000] {logging_mixin.py:188} INFO - [2024-04-04T16:24:32.314+0000] {dag.py:3047} INFO - Sync 1 DAGs
[2024-04-04T16:24:32.333+0000] {logging_mixin.py:188} INFO - [2024-04-04T16:24:32.332+0000] {dag.py:3834} INFO - Setting next_dagrun for task_instance to None, run_after=None
[2024-04-04T16:24:32.348+0000] {processor.py:183} INFO - Processing /opt/airflow/dags/task_instance.py took 0.070 seconds
[2024-04-04T16:25:02.803+0000] {processor.py:161} INFO - Started process (PID=304) to work on /opt/airflow/dags/task_instance.py
[2024-04-04T16:25:02.803+0000] {processor.py:830} INFO - Processing file /opt/airflow/dags/task_instance.py for tasks to queue
[2024-04-04T16:25:02.804+0000] {logging_mixin.py:188} INFO - [2024-04-04T16:25:02.804+0000] {dagbag.py:540} INFO - Filling up the DagBag from /opt/airflow/dags/task_instance.py
[2024-04-04T16:25:02.817+0000] {processor.py:840} INFO - DAG(s) 'task_instance' retrieved from /opt/airflow/dags/task_instance.py
[2024-04-04T16:25:02.841+0000] {logging_mixin.py:188} INFO - [2024-04-04T16:25:02.841+0000] {dag.py:3047} INFO - Sync 1 DAGs
[2024-04-04T16:25:02.859+0000] {logging_mixin.py:188} INFO - [2024-04-04T16:25:02.859+0000] {dag.py:3834} INFO - Setting next_dagrun for task_instance to None, run_after=None
[2024-04-04T16:25:02.874+0000] {processor.py:183} INFO - Processing /opt/airflow/dags/task_instance.py took 0.074 seconds
[2024-04-04T16:25:33.054+0000] {processor.py:161} INFO - Started process (PID=325) to work on /opt/airflow/dags/task_instance.py
[2024-04-04T16:25:33.055+0000] {processor.py:830} INFO - Processing file /opt/airflow/dags/task_instance.py for tasks to queue
[2024-04-04T16:25:33.055+0000] {logging_mixin.py:188} INFO - [2024-04-04T16:25:33.055+0000] {dagbag.py:540} INFO - Filling up the DagBag from /opt/airflow/dags/task_instance.py
[2024-04-04T16:25:33.070+0000] {processor.py:840} INFO - DAG(s) 'task_instance' retrieved from /opt/airflow/dags/task_instance.py
[2024-04-04T16:25:33.095+0000] {logging_mixin.py:188} INFO - [2024-04-04T16:25:33.095+0000] {dag.py:3047} INFO - Sync 1 DAGs
[2024-04-04T16:25:33.114+0000] {logging_mixin.py:188} INFO - [2024-04-04T16:25:33.114+0000] {dag.py:3834} INFO - Setting next_dagrun for task_instance to None, run_after=None
[2024-04-04T16:25:33.130+0000] {processor.py:183} INFO - Processing /opt/airflow/dags/task_instance.py took 0.078 seconds
[2024-04-04T16:26:03.342+0000] {processor.py:161} INFO - Started process (PID=346) to work on /opt/airflow/dags/task_instance.py
[2024-04-04T16:26:03.343+0000] {processor.py:830} INFO - Processing file /opt/airflow/dags/task_instance.py for tasks to queue
[2024-04-04T16:26:03.343+0000] {logging_mixin.py:188} INFO - [2024-04-04T16:26:03.343+0000] {dagbag.py:540} INFO - Filling up the DagBag from /opt/airflow/dags/task_instance.py
[2024-04-04T16:26:03.356+0000] {processor.py:840} INFO - DAG(s) 'task_instance' retrieved from /opt/airflow/dags/task_instance.py
[2024-04-04T16:26:03.376+0000] {logging_mixin.py:188} INFO - [2024-04-04T16:26:03.376+0000] {dag.py:3047} INFO - Sync 1 DAGs
[2024-04-04T16:26:03.392+0000] {logging_mixin.py:188} INFO - [2024-04-04T16:26:03.391+0000] {dag.py:3834} INFO - Setting next_dagrun for task_instance to None, run_after=None
[2024-04-04T16:26:03.415+0000] {processor.py:183} INFO - Processing /opt/airflow/dags/task_instance.py took 0.075 seconds
[2024-04-04T16:26:33.918+0000] {processor.py:161} INFO - Started process (PID=367) to work on /opt/airflow/dags/task_instance.py
[2024-04-04T16:26:33.919+0000] {processor.py:830} INFO - Processing file /opt/airflow/dags/task_instance.py for tasks to queue
[2024-04-04T16:26:33.920+0000] {logging_mixin.py:188} INFO - [2024-04-04T16:26:33.919+0000] {dagbag.py:540} INFO - Filling up the DagBag from /opt/airflow/dags/task_instance.py
[2024-04-04T16:26:33.932+0000] {processor.py:840} INFO - DAG(s) 'task_instance' retrieved from /opt/airflow/dags/task_instance.py
[2024-04-04T16:26:33.956+0000] {logging_mixin.py:188} INFO - [2024-04-04T16:26:33.956+0000] {dag.py:3047} INFO - Sync 1 DAGs
[2024-04-04T16:26:33.974+0000] {logging_mixin.py:188} INFO - [2024-04-04T16:26:33.974+0000] {dag.py:3834} INFO - Setting next_dagrun for task_instance to None, run_after=None
[2024-04-04T16:26:33.993+0000] {processor.py:183} INFO - Processing /opt/airflow/dags/task_instance.py took 0.077 seconds
[2024-04-04T16:27:04.359+0000] {processor.py:161} INFO - Started process (PID=388) to work on /opt/airflow/dags/task_instance.py
[2024-04-04T16:27:04.359+0000] {processor.py:830} INFO - Processing file /opt/airflow/dags/task_instance.py for tasks to queue
[2024-04-04T16:27:04.360+0000] {logging_mixin.py:188} INFO - [2024-04-04T16:27:04.360+0000] {dagbag.py:540} INFO - Filling up the DagBag from /opt/airflow/dags/task_instance.py
[2024-04-04T16:27:04.370+0000] {processor.py:840} INFO - DAG(s) 'task_instance' retrieved from /opt/airflow/dags/task_instance.py
[2024-04-04T16:27:04.391+0000] {logging_mixin.py:188} INFO - [2024-04-04T16:27:04.390+0000] {dag.py:3047} INFO - Sync 1 DAGs
[2024-04-04T16:27:04.408+0000] {logging_mixin.py:188} INFO - [2024-04-04T16:27:04.408+0000] {dag.py:3834} INFO - Setting next_dagrun for task_instance to None, run_after=None
[2024-04-04T16:27:04.424+0000] {processor.py:183} INFO - Processing /opt/airflow/dags/task_instance.py took 0.068 seconds
[2024-04-04T16:27:34.782+0000] {processor.py:161} INFO - Started process (PID=409) to work on /opt/airflow/dags/task_instance.py
[2024-04-04T16:27:34.783+0000] {processor.py:830} INFO - Processing file /opt/airflow/dags/task_instance.py for tasks to queue
[2024-04-04T16:27:34.784+0000] {logging_mixin.py:188} INFO - [2024-04-04T16:27:34.783+0000] {dagbag.py:540} INFO - Filling up the DagBag from /opt/airflow/dags/task_instance.py
[2024-04-04T16:27:34.796+0000] {processor.py:840} INFO - DAG(s) 'task_instance' retrieved from /opt/airflow/dags/task_instance.py
[2024-04-04T16:27:34.823+0000] {logging_mixin.py:188} INFO - [2024-04-04T16:27:34.823+0000] {dag.py:3047} INFO - Sync 1 DAGs
[2024-04-04T16:27:34.840+0000] {logging_mixin.py:188} INFO - [2024-04-04T16:27:34.840+0000] {dag.py:3834} INFO - Setting next_dagrun for task_instance to None, run_after=None
[2024-04-04T16:27:34.864+0000] {processor.py:183} INFO - Processing /opt/airflow/dags/task_instance.py took 0.084 seconds
[2024-04-04T16:28:05.136+0000] {processor.py:161} INFO - Started process (PID=430) to work on /opt/airflow/dags/task_instance.py
[2024-04-04T16:28:05.137+0000] {processor.py:830} INFO - Processing file /opt/airflow/dags/task_instance.py for tasks to queue
[2024-04-04T16:28:05.137+0000] {logging_mixin.py:188} INFO - [2024-04-04T16:28:05.137+0000] {dagbag.py:540} INFO - Filling up the DagBag from /opt/airflow/dags/task_instance.py
[2024-04-04T16:28:05.149+0000] {processor.py:840} INFO - DAG(s) 'task_instance' retrieved from /opt/airflow/dags/task_instance.py
[2024-04-04T16:28:05.171+0000] {logging_mixin.py:188} INFO - [2024-04-04T16:28:05.171+0000] {dag.py:3047} INFO - Sync 1 DAGs
[2024-04-04T16:28:05.186+0000] {logging_mixin.py:188} INFO - [2024-04-04T16:28:05.186+0000] {dag.py:3834} INFO - Setting next_dagrun for task_instance to None, run_after=None
[2024-04-04T16:28:05.206+0000] {processor.py:183} INFO - Processing /opt/airflow/dags/task_instance.py took 0.073 seconds
[2024-04-04T16:28:35.560+0000] {processor.py:161} INFO - Started process (PID=451) to work on /opt/airflow/dags/task_instance.py
[2024-04-04T16:28:35.561+0000] {processor.py:830} INFO - Processing file /opt/airflow/dags/task_instance.py for tasks to queue
[2024-04-04T16:28:35.561+0000] {logging_mixin.py:188} INFO - [2024-04-04T16:28:35.561+0000] {dagbag.py:540} INFO - Filling up the DagBag from /opt/airflow/dags/task_instance.py
[2024-04-04T16:28:35.574+0000] {processor.py:840} INFO - DAG(s) 'task_instance' retrieved from /opt/airflow/dags/task_instance.py
[2024-04-04T16:28:35.603+0000] {logging_mixin.py:188} INFO - [2024-04-04T16:28:35.603+0000] {dag.py:3047} INFO - Sync 1 DAGs
[2024-04-04T16:28:35.622+0000] {logging_mixin.py:188} INFO - [2024-04-04T16:28:35.622+0000] {dag.py:3834} INFO - Setting next_dagrun for task_instance to None, run_after=None
[2024-04-04T16:28:35.638+0000] {processor.py:183} INFO - Processing /opt/airflow/dags/task_instance.py took 0.080 seconds
