[2024-04-04T16:18:57.292+0000] {processor.py:161} INFO - Started process (PID=44) to work on /opt/airflow/dags/trigger_dag_run_dag1.py
[2024-04-04T16:18:57.293+0000] {processor.py:830} INFO - Processing file /opt/airflow/dags/trigger_dag_run_dag1.py for tasks to queue
[2024-04-04T16:18:57.386+0000] {logging_mixin.py:188} INFO - [2024-04-04T16:18:57.386+0000] {dagbag.py:540} INFO - Filling up the DagBag from /opt/airflow/dags/trigger_dag_run_dag1.py
[2024-04-04T16:18:57.394+0000] {processor.py:840} INFO - DAG(s) 'trigger_dag_run_dag1' retrieved from /opt/airflow/dags/trigger_dag_run_dag1.py
[2024-04-04T16:18:57.467+0000] {logging_mixin.py:188} INFO - [2024-04-04T16:18:57.467+0000] {dag.py:3047} INFO - Sync 1 DAGs
[2024-04-04T16:18:57.477+0000] {logging_mixin.py:188} INFO - [2024-04-04T16:18:57.477+0000] {dag.py:3834} INFO - Setting next_dagrun for trigger_dag_run_dag1 to None, run_after=None
[2024-04-04T16:18:57.502+0000] {processor.py:183} INFO - Processing /opt/airflow/dags/trigger_dag_run_dag1.py took 0.211 seconds
[2024-04-04T16:19:28.125+0000] {processor.py:161} INFO - Started process (PID=65) to work on /opt/airflow/dags/trigger_dag_run_dag1.py
[2024-04-04T16:19:28.126+0000] {processor.py:830} INFO - Processing file /opt/airflow/dags/trigger_dag_run_dag1.py for tasks to queue
[2024-04-04T16:19:28.127+0000] {logging_mixin.py:188} INFO - [2024-04-04T16:19:28.127+0000] {dagbag.py:540} INFO - Filling up the DagBag from /opt/airflow/dags/trigger_dag_run_dag1.py
[2024-04-04T16:19:28.136+0000] {processor.py:840} INFO - DAG(s) 'trigger_dag_run_dag1' retrieved from /opt/airflow/dags/trigger_dag_run_dag1.py
[2024-04-04T16:19:28.163+0000] {logging_mixin.py:188} INFO - [2024-04-04T16:19:28.162+0000] {dag.py:3047} INFO - Sync 1 DAGs
[2024-04-04T16:19:28.173+0000] {logging_mixin.py:188} INFO - [2024-04-04T16:19:28.172+0000] {dag.py:3834} INFO - Setting next_dagrun for trigger_dag_run_dag1 to None, run_after=None
[2024-04-04T16:19:28.187+0000] {processor.py:183} INFO - Processing /opt/airflow/dags/trigger_dag_run_dag1.py took 0.064 seconds
[2024-04-04T16:19:58.473+0000] {processor.py:161} INFO - Started process (PID=86) to work on /opt/airflow/dags/trigger_dag_run_dag1.py
[2024-04-04T16:19:58.474+0000] {processor.py:830} INFO - Processing file /opt/airflow/dags/trigger_dag_run_dag1.py for tasks to queue
[2024-04-04T16:19:58.475+0000] {logging_mixin.py:188} INFO - [2024-04-04T16:19:58.475+0000] {dagbag.py:540} INFO - Filling up the DagBag from /opt/airflow/dags/trigger_dag_run_dag1.py
[2024-04-04T16:19:58.485+0000] {processor.py:840} INFO - DAG(s) 'trigger_dag_run_dag1' retrieved from /opt/airflow/dags/trigger_dag_run_dag1.py
[2024-04-04T16:19:58.510+0000] {logging_mixin.py:188} INFO - [2024-04-04T16:19:58.509+0000] {dag.py:3047} INFO - Sync 1 DAGs
[2024-04-04T16:19:58.519+0000] {logging_mixin.py:188} INFO - [2024-04-04T16:19:58.519+0000] {dag.py:3834} INFO - Setting next_dagrun for trigger_dag_run_dag1 to None, run_after=None
[2024-04-04T16:19:58.535+0000] {processor.py:183} INFO - Processing /opt/airflow/dags/trigger_dag_run_dag1.py took 0.064 seconds
[2024-04-04T16:20:28.679+0000] {processor.py:161} INFO - Started process (PID=109) to work on /opt/airflow/dags/trigger_dag_run_dag1.py
[2024-04-04T16:20:28.680+0000] {processor.py:830} INFO - Processing file /opt/airflow/dags/trigger_dag_run_dag1.py for tasks to queue
[2024-04-04T16:20:28.682+0000] {logging_mixin.py:188} INFO - [2024-04-04T16:20:28.682+0000] {dagbag.py:540} INFO - Filling up the DagBag from /opt/airflow/dags/trigger_dag_run_dag1.py
[2024-04-04T16:20:28.693+0000] {processor.py:840} INFO - DAG(s) 'trigger_dag_run_dag1' retrieved from /opt/airflow/dags/trigger_dag_run_dag1.py
[2024-04-04T16:20:28.715+0000] {logging_mixin.py:188} INFO - [2024-04-04T16:20:28.715+0000] {dag.py:3047} INFO - Sync 1 DAGs
[2024-04-04T16:20:28.724+0000] {logging_mixin.py:188} INFO - [2024-04-04T16:20:28.724+0000] {dag.py:3834} INFO - Setting next_dagrun for trigger_dag_run_dag1 to None, run_after=None
[2024-04-04T16:20:28.771+0000] {processor.py:183} INFO - Processing /opt/airflow/dags/trigger_dag_run_dag1.py took 0.094 seconds
[2024-04-04T16:20:59.233+0000] {processor.py:161} INFO - Started process (PID=131) to work on /opt/airflow/dags/trigger_dag_run_dag1.py
[2024-04-04T16:20:59.234+0000] {processor.py:830} INFO - Processing file /opt/airflow/dags/trigger_dag_run_dag1.py for tasks to queue
[2024-04-04T16:20:59.235+0000] {logging_mixin.py:188} INFO - [2024-04-04T16:20:59.234+0000] {dagbag.py:540} INFO - Filling up the DagBag from /opt/airflow/dags/trigger_dag_run_dag1.py
[2024-04-04T16:20:59.244+0000] {processor.py:840} INFO - DAG(s) 'trigger_dag_run_dag1' retrieved from /opt/airflow/dags/trigger_dag_run_dag1.py
[2024-04-04T16:20:59.263+0000] {logging_mixin.py:188} INFO - [2024-04-04T16:20:59.263+0000] {dag.py:3047} INFO - Sync 1 DAGs
[2024-04-04T16:20:59.272+0000] {logging_mixin.py:188} INFO - [2024-04-04T16:20:59.271+0000] {dag.py:3834} INFO - Setting next_dagrun for trigger_dag_run_dag1 to None, run_after=None
[2024-04-04T16:20:59.285+0000] {processor.py:183} INFO - Processing /opt/airflow/dags/trigger_dag_run_dag1.py took 0.054 seconds
[2024-04-04T16:21:29.534+0000] {processor.py:161} INFO - Started process (PID=152) to work on /opt/airflow/dags/trigger_dag_run_dag1.py
[2024-04-04T16:21:29.535+0000] {processor.py:830} INFO - Processing file /opt/airflow/dags/trigger_dag_run_dag1.py for tasks to queue
[2024-04-04T16:21:29.535+0000] {logging_mixin.py:188} INFO - [2024-04-04T16:21:29.535+0000] {dagbag.py:540} INFO - Filling up the DagBag from /opt/airflow/dags/trigger_dag_run_dag1.py
[2024-04-04T16:21:29.546+0000] {processor.py:840} INFO - DAG(s) 'trigger_dag_run_dag1' retrieved from /opt/airflow/dags/trigger_dag_run_dag1.py
[2024-04-04T16:21:29.570+0000] {logging_mixin.py:188} INFO - [2024-04-04T16:21:29.570+0000] {dag.py:3047} INFO - Sync 1 DAGs
[2024-04-04T16:21:29.580+0000] {logging_mixin.py:188} INFO - [2024-04-04T16:21:29.580+0000] {dag.py:3834} INFO - Setting next_dagrun for trigger_dag_run_dag1 to None, run_after=None
[2024-04-04T16:21:29.599+0000] {processor.py:183} INFO - Processing /opt/airflow/dags/trigger_dag_run_dag1.py took 0.067 seconds
[2024-04-04T16:22:00.079+0000] {processor.py:161} INFO - Started process (PID=173) to work on /opt/airflow/dags/trigger_dag_run_dag1.py
[2024-04-04T16:22:00.080+0000] {processor.py:830} INFO - Processing file /opt/airflow/dags/trigger_dag_run_dag1.py for tasks to queue
[2024-04-04T16:22:00.080+0000] {logging_mixin.py:188} INFO - [2024-04-04T16:22:00.080+0000] {dagbag.py:540} INFO - Filling up the DagBag from /opt/airflow/dags/trigger_dag_run_dag1.py
[2024-04-04T16:22:00.091+0000] {processor.py:840} INFO - DAG(s) 'trigger_dag_run_dag1' retrieved from /opt/airflow/dags/trigger_dag_run_dag1.py
[2024-04-04T16:22:00.115+0000] {logging_mixin.py:188} INFO - [2024-04-04T16:22:00.115+0000] {dag.py:3047} INFO - Sync 1 DAGs
[2024-04-04T16:22:00.125+0000] {logging_mixin.py:188} INFO - [2024-04-04T16:22:00.125+0000] {dag.py:3834} INFO - Setting next_dagrun for trigger_dag_run_dag1 to None, run_after=None
[2024-04-04T16:22:00.138+0000] {processor.py:183} INFO - Processing /opt/airflow/dags/trigger_dag_run_dag1.py took 0.061 seconds
[2024-04-04T16:22:30.382+0000] {processor.py:161} INFO - Started process (PID=194) to work on /opt/airflow/dags/trigger_dag_run_dag1.py
[2024-04-04T16:22:30.383+0000] {processor.py:830} INFO - Processing file /opt/airflow/dags/trigger_dag_run_dag1.py for tasks to queue
[2024-04-04T16:22:30.383+0000] {logging_mixin.py:188} INFO - [2024-04-04T16:22:30.383+0000] {dagbag.py:540} INFO - Filling up the DagBag from /opt/airflow/dags/trigger_dag_run_dag1.py
[2024-04-04T16:22:30.392+0000] {processor.py:840} INFO - DAG(s) 'trigger_dag_run_dag1' retrieved from /opt/airflow/dags/trigger_dag_run_dag1.py
[2024-04-04T16:22:30.417+0000] {logging_mixin.py:188} INFO - [2024-04-04T16:22:30.417+0000] {dag.py:3047} INFO - Sync 1 DAGs
[2024-04-04T16:22:30.427+0000] {logging_mixin.py:188} INFO - [2024-04-04T16:22:30.427+0000] {dag.py:3834} INFO - Setting next_dagrun for trigger_dag_run_dag1 to None, run_after=None
[2024-04-04T16:22:30.442+0000] {processor.py:183} INFO - Processing /opt/airflow/dags/trigger_dag_run_dag1.py took 0.062 seconds
[2024-04-04T16:23:00.957+0000] {processor.py:161} INFO - Started process (PID=217) to work on /opt/airflow/dags/trigger_dag_run_dag1.py
[2024-04-04T16:23:00.958+0000] {processor.py:830} INFO - Processing file /opt/airflow/dags/trigger_dag_run_dag1.py for tasks to queue
[2024-04-04T16:23:00.958+0000] {logging_mixin.py:188} INFO - [2024-04-04T16:23:00.958+0000] {dagbag.py:540} INFO - Filling up the DagBag from /opt/airflow/dags/trigger_dag_run_dag1.py
[2024-04-04T16:23:00.969+0000] {processor.py:840} INFO - DAG(s) 'trigger_dag_run_dag1' retrieved from /opt/airflow/dags/trigger_dag_run_dag1.py
[2024-04-04T16:23:00.997+0000] {logging_mixin.py:188} INFO - [2024-04-04T16:23:00.996+0000] {dag.py:3047} INFO - Sync 1 DAGs
[2024-04-04T16:23:01.009+0000] {logging_mixin.py:188} INFO - [2024-04-04T16:23:01.009+0000] {dag.py:3834} INFO - Setting next_dagrun for trigger_dag_run_dag1 to None, run_after=None
[2024-04-04T16:23:01.026+0000] {processor.py:183} INFO - Processing /opt/airflow/dags/trigger_dag_run_dag1.py took 0.071 seconds
[2024-04-04T16:23:31.405+0000] {processor.py:161} INFO - Started process (PID=240) to work on /opt/airflow/dags/trigger_dag_run_dag1.py
[2024-04-04T16:23:31.406+0000] {processor.py:830} INFO - Processing file /opt/airflow/dags/trigger_dag_run_dag1.py for tasks to queue
[2024-04-04T16:23:31.407+0000] {logging_mixin.py:188} INFO - [2024-04-04T16:23:31.406+0000] {dagbag.py:540} INFO - Filling up the DagBag from /opt/airflow/dags/trigger_dag_run_dag1.py
[2024-04-04T16:23:31.419+0000] {processor.py:840} INFO - DAG(s) 'trigger_dag_run_dag1' retrieved from /opt/airflow/dags/trigger_dag_run_dag1.py
[2024-04-04T16:23:31.444+0000] {logging_mixin.py:188} INFO - [2024-04-04T16:23:31.444+0000] {dag.py:3047} INFO - Sync 1 DAGs
[2024-04-04T16:23:31.453+0000] {logging_mixin.py:188} INFO - [2024-04-04T16:23:31.453+0000] {dag.py:3834} INFO - Setting next_dagrun for trigger_dag_run_dag1 to None, run_after=None
[2024-04-04T16:23:31.468+0000] {processor.py:183} INFO - Processing /opt/airflow/dags/trigger_dag_run_dag1.py took 0.066 seconds
[2024-04-04T16:24:01.780+0000] {processor.py:161} INFO - Started process (PID=261) to work on /opt/airflow/dags/trigger_dag_run_dag1.py
[2024-04-04T16:24:01.782+0000] {processor.py:830} INFO - Processing file /opt/airflow/dags/trigger_dag_run_dag1.py for tasks to queue
[2024-04-04T16:24:01.783+0000] {logging_mixin.py:188} INFO - [2024-04-04T16:24:01.783+0000] {dagbag.py:540} INFO - Filling up the DagBag from /opt/airflow/dags/trigger_dag_run_dag1.py
[2024-04-04T16:24:01.797+0000] {processor.py:840} INFO - DAG(s) 'trigger_dag_run_dag1' retrieved from /opt/airflow/dags/trigger_dag_run_dag1.py
[2024-04-04T16:24:01.822+0000] {logging_mixin.py:188} INFO - [2024-04-04T16:24:01.822+0000] {dag.py:3047} INFO - Sync 1 DAGs
[2024-04-04T16:24:01.831+0000] {logging_mixin.py:188} INFO - [2024-04-04T16:24:01.830+0000] {dag.py:3834} INFO - Setting next_dagrun for trigger_dag_run_dag1 to None, run_after=None
[2024-04-04T16:24:01.850+0000] {processor.py:183} INFO - Processing /opt/airflow/dags/trigger_dag_run_dag1.py took 0.072 seconds
[2024-04-04T16:24:32.192+0000] {processor.py:161} INFO - Started process (PID=282) to work on /opt/airflow/dags/trigger_dag_run_dag1.py
[2024-04-04T16:24:32.193+0000] {processor.py:830} INFO - Processing file /opt/airflow/dags/trigger_dag_run_dag1.py for tasks to queue
[2024-04-04T16:24:32.194+0000] {logging_mixin.py:188} INFO - [2024-04-04T16:24:32.193+0000] {dagbag.py:540} INFO - Filling up the DagBag from /opt/airflow/dags/trigger_dag_run_dag1.py
[2024-04-04T16:24:32.205+0000] {processor.py:840} INFO - DAG(s) 'trigger_dag_run_dag1' retrieved from /opt/airflow/dags/trigger_dag_run_dag1.py
[2024-04-04T16:24:32.229+0000] {logging_mixin.py:188} INFO - [2024-04-04T16:24:32.229+0000] {dag.py:3047} INFO - Sync 1 DAGs
[2024-04-04T16:24:32.240+0000] {logging_mixin.py:188} INFO - [2024-04-04T16:24:32.239+0000] {dag.py:3834} INFO - Setting next_dagrun for trigger_dag_run_dag1 to None, run_after=None
[2024-04-04T16:24:32.256+0000] {processor.py:183} INFO - Processing /opt/airflow/dags/trigger_dag_run_dag1.py took 0.066 seconds
[2024-04-04T16:25:02.710+0000] {processor.py:161} INFO - Started process (PID=303) to work on /opt/airflow/dags/trigger_dag_run_dag1.py
[2024-04-04T16:25:02.711+0000] {processor.py:830} INFO - Processing file /opt/airflow/dags/trigger_dag_run_dag1.py for tasks to queue
[2024-04-04T16:25:02.712+0000] {logging_mixin.py:188} INFO - [2024-04-04T16:25:02.711+0000] {dagbag.py:540} INFO - Filling up the DagBag from /opt/airflow/dags/trigger_dag_run_dag1.py
[2024-04-04T16:25:02.722+0000] {processor.py:840} INFO - DAG(s) 'trigger_dag_run_dag1' retrieved from /opt/airflow/dags/trigger_dag_run_dag1.py
[2024-04-04T16:25:02.747+0000] {logging_mixin.py:188} INFO - [2024-04-04T16:25:02.746+0000] {dag.py:3047} INFO - Sync 1 DAGs
[2024-04-04T16:25:02.758+0000] {logging_mixin.py:188} INFO - [2024-04-04T16:25:02.758+0000] {dag.py:3834} INFO - Setting next_dagrun for trigger_dag_run_dag1 to None, run_after=None
[2024-04-04T16:25:02.775+0000] {processor.py:183} INFO - Processing /opt/airflow/dags/trigger_dag_run_dag1.py took 0.067 seconds
[2024-04-04T16:25:33.046+0000] {processor.py:161} INFO - Started process (PID=324) to work on /opt/airflow/dags/trigger_dag_run_dag1.py
[2024-04-04T16:25:33.046+0000] {processor.py:830} INFO - Processing file /opt/airflow/dags/trigger_dag_run_dag1.py for tasks to queue
[2024-04-04T16:25:33.047+0000] {logging_mixin.py:188} INFO - [2024-04-04T16:25:33.047+0000] {dagbag.py:540} INFO - Filling up the DagBag from /opt/airflow/dags/trigger_dag_run_dag1.py
[2024-04-04T16:25:33.059+0000] {processor.py:840} INFO - DAG(s) 'trigger_dag_run_dag1' retrieved from /opt/airflow/dags/trigger_dag_run_dag1.py
[2024-04-04T16:25:33.084+0000] {logging_mixin.py:188} INFO - [2024-04-04T16:25:33.084+0000] {dag.py:3047} INFO - Sync 1 DAGs
[2024-04-04T16:25:33.093+0000] {logging_mixin.py:188} INFO - [2024-04-04T16:25:33.093+0000] {dag.py:3834} INFO - Setting next_dagrun for trigger_dag_run_dag1 to None, run_after=None
[2024-04-04T16:25:33.108+0000] {processor.py:183} INFO - Processing /opt/airflow/dags/trigger_dag_run_dag1.py took 0.064 seconds
[2024-04-04T16:26:03.335+0000] {processor.py:161} INFO - Started process (PID=345) to work on /opt/airflow/dags/trigger_dag_run_dag1.py
[2024-04-04T16:26:03.336+0000] {processor.py:830} INFO - Processing file /opt/airflow/dags/trigger_dag_run_dag1.py for tasks to queue
[2024-04-04T16:26:03.336+0000] {logging_mixin.py:188} INFO - [2024-04-04T16:26:03.336+0000] {dagbag.py:540} INFO - Filling up the DagBag from /opt/airflow/dags/trigger_dag_run_dag1.py
[2024-04-04T16:26:03.345+0000] {processor.py:840} INFO - DAG(s) 'trigger_dag_run_dag1' retrieved from /opt/airflow/dags/trigger_dag_run_dag1.py
[2024-04-04T16:26:03.367+0000] {logging_mixin.py:188} INFO - [2024-04-04T16:26:03.367+0000] {dag.py:3047} INFO - Sync 1 DAGs
[2024-04-04T16:26:03.376+0000] {logging_mixin.py:188} INFO - [2024-04-04T16:26:03.376+0000] {dag.py:3834} INFO - Setting next_dagrun for trigger_dag_run_dag1 to None, run_after=None
[2024-04-04T16:26:03.389+0000] {processor.py:183} INFO - Processing /opt/airflow/dags/trigger_dag_run_dag1.py took 0.056 seconds
[2024-04-04T16:26:33.911+0000] {processor.py:161} INFO - Started process (PID=366) to work on /opt/airflow/dags/trigger_dag_run_dag1.py
[2024-04-04T16:26:33.912+0000] {processor.py:830} INFO - Processing file /opt/airflow/dags/trigger_dag_run_dag1.py for tasks to queue
[2024-04-04T16:26:33.913+0000] {logging_mixin.py:188} INFO - [2024-04-04T16:26:33.912+0000] {dagbag.py:540} INFO - Filling up the DagBag from /opt/airflow/dags/trigger_dag_run_dag1.py
[2024-04-04T16:26:33.925+0000] {processor.py:840} INFO - DAG(s) 'trigger_dag_run_dag1' retrieved from /opt/airflow/dags/trigger_dag_run_dag1.py
[2024-04-04T16:26:33.948+0000] {logging_mixin.py:188} INFO - [2024-04-04T16:26:33.948+0000] {dag.py:3047} INFO - Sync 1 DAGs
[2024-04-04T16:26:33.958+0000] {logging_mixin.py:188} INFO - [2024-04-04T16:26:33.957+0000] {dag.py:3834} INFO - Setting next_dagrun for trigger_dag_run_dag1 to None, run_after=None
[2024-04-04T16:26:33.973+0000] {processor.py:183} INFO - Processing /opt/airflow/dags/trigger_dag_run_dag1.py took 0.064 seconds
[2024-04-04T16:27:04.284+0000] {processor.py:161} INFO - Started process (PID=387) to work on /opt/airflow/dags/trigger_dag_run_dag1.py
[2024-04-04T16:27:04.285+0000] {processor.py:830} INFO - Processing file /opt/airflow/dags/trigger_dag_run_dag1.py for tasks to queue
[2024-04-04T16:27:04.286+0000] {logging_mixin.py:188} INFO - [2024-04-04T16:27:04.285+0000] {dagbag.py:540} INFO - Filling up the DagBag from /opt/airflow/dags/trigger_dag_run_dag1.py
[2024-04-04T16:27:04.294+0000] {processor.py:840} INFO - DAG(s) 'trigger_dag_run_dag1' retrieved from /opt/airflow/dags/trigger_dag_run_dag1.py
[2024-04-04T16:27:04.316+0000] {logging_mixin.py:188} INFO - [2024-04-04T16:27:04.316+0000] {dag.py:3047} INFO - Sync 1 DAGs
[2024-04-04T16:27:04.326+0000] {logging_mixin.py:188} INFO - [2024-04-04T16:27:04.326+0000] {dag.py:3834} INFO - Setting next_dagrun for trigger_dag_run_dag1 to None, run_after=None
[2024-04-04T16:27:04.340+0000] {processor.py:183} INFO - Processing /opt/airflow/dags/trigger_dag_run_dag1.py took 0.058 seconds
[2024-04-04T16:27:34.693+0000] {processor.py:161} INFO - Started process (PID=408) to work on /opt/airflow/dags/trigger_dag_run_dag1.py
[2024-04-04T16:27:34.693+0000] {processor.py:830} INFO - Processing file /opt/airflow/dags/trigger_dag_run_dag1.py for tasks to queue
[2024-04-04T16:27:34.694+0000] {logging_mixin.py:188} INFO - [2024-04-04T16:27:34.694+0000] {dagbag.py:540} INFO - Filling up the DagBag from /opt/airflow/dags/trigger_dag_run_dag1.py
[2024-04-04T16:27:34.703+0000] {processor.py:840} INFO - DAG(s) 'trigger_dag_run_dag1' retrieved from /opt/airflow/dags/trigger_dag_run_dag1.py
[2024-04-04T16:27:34.722+0000] {logging_mixin.py:188} INFO - [2024-04-04T16:27:34.722+0000] {dag.py:3047} INFO - Sync 1 DAGs
[2024-04-04T16:27:34.731+0000] {logging_mixin.py:188} INFO - [2024-04-04T16:27:34.731+0000] {dag.py:3834} INFO - Setting next_dagrun for trigger_dag_run_dag1 to None, run_after=None
[2024-04-04T16:27:34.760+0000] {processor.py:183} INFO - Processing /opt/airflow/dags/trigger_dag_run_dag1.py took 0.069 seconds
[2024-04-04T16:28:05.060+0000] {processor.py:161} INFO - Started process (PID=429) to work on /opt/airflow/dags/trigger_dag_run_dag1.py
[2024-04-04T16:28:05.060+0000] {processor.py:830} INFO - Processing file /opt/airflow/dags/trigger_dag_run_dag1.py for tasks to queue
[2024-04-04T16:28:05.061+0000] {logging_mixin.py:188} INFO - [2024-04-04T16:28:05.061+0000] {dagbag.py:540} INFO - Filling up the DagBag from /opt/airflow/dags/trigger_dag_run_dag1.py
[2024-04-04T16:28:05.070+0000] {processor.py:840} INFO - DAG(s) 'trigger_dag_run_dag1' retrieved from /opt/airflow/dags/trigger_dag_run_dag1.py
[2024-04-04T16:28:05.092+0000] {logging_mixin.py:188} INFO - [2024-04-04T16:28:05.092+0000] {dag.py:3047} INFO - Sync 1 DAGs
[2024-04-04T16:28:05.101+0000] {logging_mixin.py:188} INFO - [2024-04-04T16:28:05.101+0000] {dag.py:3834} INFO - Setting next_dagrun for trigger_dag_run_dag1 to None, run_after=None
[2024-04-04T16:28:05.114+0000] {processor.py:183} INFO - Processing /opt/airflow/dags/trigger_dag_run_dag1.py took 0.056 seconds
[2024-04-04T16:28:35.468+0000] {processor.py:161} INFO - Started process (PID=450) to work on /opt/airflow/dags/trigger_dag_run_dag1.py
[2024-04-04T16:28:35.468+0000] {processor.py:830} INFO - Processing file /opt/airflow/dags/trigger_dag_run_dag1.py for tasks to queue
[2024-04-04T16:28:35.469+0000] {logging_mixin.py:188} INFO - [2024-04-04T16:28:35.469+0000] {dagbag.py:540} INFO - Filling up the DagBag from /opt/airflow/dags/trigger_dag_run_dag1.py
[2024-04-04T16:28:35.481+0000] {processor.py:840} INFO - DAG(s) 'trigger_dag_run_dag1' retrieved from /opt/airflow/dags/trigger_dag_run_dag1.py
[2024-04-04T16:28:35.503+0000] {logging_mixin.py:188} INFO - [2024-04-04T16:28:35.503+0000] {dag.py:3047} INFO - Sync 1 DAGs
[2024-04-04T16:28:35.513+0000] {logging_mixin.py:188} INFO - [2024-04-04T16:28:35.513+0000] {dag.py:3834} INFO - Setting next_dagrun for trigger_dag_run_dag1 to None, run_after=None
[2024-04-04T16:28:35.527+0000] {processor.py:183} INFO - Processing /opt/airflow/dags/trigger_dag_run_dag1.py took 0.062 seconds
