[2024-04-04T16:18:57.633+0000] {processor.py:161} INFO - Started process (PID=46) to work on /opt/airflow/dags/xcom.py
[2024-04-04T16:18:57.634+0000] {processor.py:830} INFO - Processing file /opt/airflow/dags/xcom.py for tasks to queue
[2024-04-04T16:18:57.636+0000] {logging_mixin.py:188} INFO - [2024-04-04T16:18:57.635+0000] {dagbag.py:540} INFO - Filling up the DagBag from /opt/airflow/dags/xcom.py
[2024-04-04T16:18:57.652+0000] {processor.py:840} INFO - DAG(s) 'xcom' retrieved from /opt/airflow/dags/xcom.py
[2024-04-04T16:18:57.760+0000] {logging_mixin.py:188} INFO - [2024-04-04T16:18:57.760+0000] {dag.py:3047} INFO - Sync 1 DAGs
[2024-04-04T16:18:57.781+0000] {logging_mixin.py:188} INFO - [2024-04-04T16:18:57.780+0000] {dag.py:3834} INFO - Setting next_dagrun for xcom to None, run_after=None
[2024-04-04T16:18:57.801+0000] {processor.py:183} INFO - Processing /opt/airflow/dags/xcom.py took 0.171 seconds
[2024-04-04T16:19:28.214+0000] {processor.py:161} INFO - Started process (PID=67) to work on /opt/airflow/dags/xcom.py
[2024-04-04T16:19:28.215+0000] {processor.py:830} INFO - Processing file /opt/airflow/dags/xcom.py for tasks to queue
[2024-04-04T16:19:28.217+0000] {logging_mixin.py:188} INFO - [2024-04-04T16:19:28.216+0000] {dagbag.py:540} INFO - Filling up the DagBag from /opt/airflow/dags/xcom.py
[2024-04-04T16:19:28.233+0000] {processor.py:840} INFO - DAG(s) 'xcom' retrieved from /opt/airflow/dags/xcom.py
[2024-04-04T16:19:28.257+0000] {logging_mixin.py:188} INFO - [2024-04-04T16:19:28.257+0000] {dag.py:3047} INFO - Sync 1 DAGs
[2024-04-04T16:19:28.279+0000] {logging_mixin.py:188} INFO - [2024-04-04T16:19:28.279+0000] {dag.py:3834} INFO - Setting next_dagrun for xcom to None, run_after=None
[2024-04-04T16:19:28.296+0000] {processor.py:183} INFO - Processing /opt/airflow/dags/xcom.py took 0.084 seconds
[2024-04-04T16:19:58.558+0000] {processor.py:161} INFO - Started process (PID=88) to work on /opt/airflow/dags/xcom.py
[2024-04-04T16:19:58.559+0000] {processor.py:830} INFO - Processing file /opt/airflow/dags/xcom.py for tasks to queue
[2024-04-04T16:19:58.560+0000] {logging_mixin.py:188} INFO - [2024-04-04T16:19:58.560+0000] {dagbag.py:540} INFO - Filling up the DagBag from /opt/airflow/dags/xcom.py
[2024-04-04T16:19:58.580+0000] {processor.py:840} INFO - DAG(s) 'xcom' retrieved from /opt/airflow/dags/xcom.py
[2024-04-04T16:19:58.605+0000] {logging_mixin.py:188} INFO - [2024-04-04T16:19:58.604+0000] {dag.py:3047} INFO - Sync 1 DAGs
[2024-04-04T16:19:58.625+0000] {logging_mixin.py:188} INFO - [2024-04-04T16:19:58.625+0000] {dag.py:3834} INFO - Setting next_dagrun for xcom to None, run_after=None
[2024-04-04T16:19:58.641+0000] {processor.py:183} INFO - Processing /opt/airflow/dags/xcom.py took 0.085 seconds
[2024-04-04T16:20:29.105+0000] {processor.py:161} INFO - Started process (PID=111) to work on /opt/airflow/dags/xcom.py
[2024-04-04T16:20:29.106+0000] {processor.py:830} INFO - Processing file /opt/airflow/dags/xcom.py for tasks to queue
[2024-04-04T16:20:29.107+0000] {logging_mixin.py:188} INFO - [2024-04-04T16:20:29.107+0000] {dagbag.py:540} INFO - Filling up the DagBag from /opt/airflow/dags/xcom.py
[2024-04-04T16:20:29.118+0000] {processor.py:840} INFO - DAG(s) 'xcom' retrieved from /opt/airflow/dags/xcom.py
[2024-04-04T16:20:29.145+0000] {logging_mixin.py:188} INFO - [2024-04-04T16:20:29.145+0000] {dag.py:3047} INFO - Sync 1 DAGs
[2024-04-04T16:20:29.160+0000] {logging_mixin.py:188} INFO - [2024-04-04T16:20:29.160+0000] {dag.py:3834} INFO - Setting next_dagrun for xcom to None, run_after=None
[2024-04-04T16:20:29.173+0000] {processor.py:183} INFO - Processing /opt/airflow/dags/xcom.py took 0.071 seconds
[2024-04-04T16:20:59.415+0000] {processor.py:161} INFO - Started process (PID=133) to work on /opt/airflow/dags/xcom.py
[2024-04-04T16:20:59.415+0000] {processor.py:830} INFO - Processing file /opt/airflow/dags/xcom.py for tasks to queue
[2024-04-04T16:20:59.416+0000] {logging_mixin.py:188} INFO - [2024-04-04T16:20:59.416+0000] {dagbag.py:540} INFO - Filling up the DagBag from /opt/airflow/dags/xcom.py
[2024-04-04T16:20:59.430+0000] {processor.py:840} INFO - DAG(s) 'xcom' retrieved from /opt/airflow/dags/xcom.py
[2024-04-04T16:20:59.453+0000] {logging_mixin.py:188} INFO - [2024-04-04T16:20:59.453+0000] {dag.py:3047} INFO - Sync 1 DAGs
[2024-04-04T16:20:59.470+0000] {logging_mixin.py:188} INFO - [2024-04-04T16:20:59.470+0000] {dag.py:3834} INFO - Setting next_dagrun for xcom to None, run_after=None
[2024-04-04T16:20:59.493+0000] {processor.py:183} INFO - Processing /opt/airflow/dags/xcom.py took 0.080 seconds
[2024-04-04T16:21:29.748+0000] {processor.py:161} INFO - Started process (PID=154) to work on /opt/airflow/dags/xcom.py
[2024-04-04T16:21:29.750+0000] {processor.py:830} INFO - Processing file /opt/airflow/dags/xcom.py for tasks to queue
[2024-04-04T16:21:29.751+0000] {logging_mixin.py:188} INFO - [2024-04-04T16:21:29.751+0000] {dagbag.py:540} INFO - Filling up the DagBag from /opt/airflow/dags/xcom.py
[2024-04-04T16:21:29.768+0000] {processor.py:840} INFO - DAG(s) 'xcom' retrieved from /opt/airflow/dags/xcom.py
[2024-04-04T16:21:29.793+0000] {logging_mixin.py:188} INFO - [2024-04-04T16:21:29.792+0000] {dag.py:3047} INFO - Sync 1 DAGs
[2024-04-04T16:21:29.816+0000] {logging_mixin.py:188} INFO - [2024-04-04T16:21:29.816+0000] {dag.py:3834} INFO - Setting next_dagrun for xcom to None, run_after=None
[2024-04-04T16:21:29.840+0000] {processor.py:183} INFO - Processing /opt/airflow/dags/xcom.py took 0.093 seconds
[2024-04-04T16:22:00.166+0000] {processor.py:161} INFO - Started process (PID=175) to work on /opt/airflow/dags/xcom.py
[2024-04-04T16:22:00.167+0000] {processor.py:830} INFO - Processing file /opt/airflow/dags/xcom.py for tasks to queue
[2024-04-04T16:22:00.169+0000] {logging_mixin.py:188} INFO - [2024-04-04T16:22:00.168+0000] {dagbag.py:540} INFO - Filling up the DagBag from /opt/airflow/dags/xcom.py
[2024-04-04T16:22:00.192+0000] {processor.py:840} INFO - DAG(s) 'xcom' retrieved from /opt/airflow/dags/xcom.py
[2024-04-04T16:22:00.220+0000] {logging_mixin.py:188} INFO - [2024-04-04T16:22:00.219+0000] {dag.py:3047} INFO - Sync 1 DAGs
[2024-04-04T16:22:00.264+0000] {logging_mixin.py:188} INFO - [2024-04-04T16:22:00.264+0000] {dag.py:3834} INFO - Setting next_dagrun for xcom to None, run_after=None
[2024-04-04T16:22:00.290+0000] {processor.py:183} INFO - Processing /opt/airflow/dags/xcom.py took 0.128 seconds
[2024-04-04T16:22:30.591+0000] {processor.py:161} INFO - Started process (PID=196) to work on /opt/airflow/dags/xcom.py
[2024-04-04T16:22:30.592+0000] {processor.py:830} INFO - Processing file /opt/airflow/dags/xcom.py for tasks to queue
[2024-04-04T16:22:30.593+0000] {logging_mixin.py:188} INFO - [2024-04-04T16:22:30.593+0000] {dagbag.py:540} INFO - Filling up the DagBag from /opt/airflow/dags/xcom.py
[2024-04-04T16:22:30.607+0000] {processor.py:840} INFO - DAG(s) 'xcom' retrieved from /opt/airflow/dags/xcom.py
[2024-04-04T16:22:30.635+0000] {logging_mixin.py:188} INFO - [2024-04-04T16:22:30.635+0000] {dag.py:3047} INFO - Sync 1 DAGs
[2024-04-04T16:22:30.651+0000] {logging_mixin.py:188} INFO - [2024-04-04T16:22:30.651+0000] {dag.py:3834} INFO - Setting next_dagrun for xcom to None, run_after=None
[2024-04-04T16:22:30.664+0000] {processor.py:183} INFO - Processing /opt/airflow/dags/xcom.py took 0.075 seconds
[2024-04-04T16:23:01.053+0000] {processor.py:161} INFO - Started process (PID=219) to work on /opt/airflow/dags/xcom.py
[2024-04-04T16:23:01.053+0000] {processor.py:830} INFO - Processing file /opt/airflow/dags/xcom.py for tasks to queue
[2024-04-04T16:23:01.054+0000] {logging_mixin.py:188} INFO - [2024-04-04T16:23:01.054+0000] {dagbag.py:540} INFO - Filling up the DagBag from /opt/airflow/dags/xcom.py
[2024-04-04T16:23:01.067+0000] {processor.py:840} INFO - DAG(s) 'xcom' retrieved from /opt/airflow/dags/xcom.py
[2024-04-04T16:23:01.096+0000] {logging_mixin.py:188} INFO - [2024-04-04T16:23:01.095+0000] {dag.py:3047} INFO - Sync 1 DAGs
[2024-04-04T16:23:01.112+0000] {logging_mixin.py:188} INFO - [2024-04-04T16:23:01.111+0000] {dag.py:3834} INFO - Setting next_dagrun for xcom to None, run_after=None
[2024-04-04T16:23:01.144+0000] {processor.py:183} INFO - Processing /opt/airflow/dags/xcom.py took 0.093 seconds
[2024-04-04T16:23:31.491+0000] {processor.py:161} INFO - Started process (PID=242) to work on /opt/airflow/dags/xcom.py
[2024-04-04T16:23:31.491+0000] {processor.py:830} INFO - Processing file /opt/airflow/dags/xcom.py for tasks to queue
[2024-04-04T16:23:31.492+0000] {logging_mixin.py:188} INFO - [2024-04-04T16:23:31.492+0000] {dagbag.py:540} INFO - Filling up the DagBag from /opt/airflow/dags/xcom.py
[2024-04-04T16:23:31.508+0000] {processor.py:840} INFO - DAG(s) 'xcom' retrieved from /opt/airflow/dags/xcom.py
[2024-04-04T16:23:31.533+0000] {logging_mixin.py:188} INFO - [2024-04-04T16:23:31.533+0000] {dag.py:3047} INFO - Sync 1 DAGs
[2024-04-04T16:23:31.551+0000] {logging_mixin.py:188} INFO - [2024-04-04T16:23:31.551+0000] {dag.py:3834} INFO - Setting next_dagrun for xcom to None, run_after=None
[2024-04-04T16:23:31.567+0000] {processor.py:183} INFO - Processing /opt/airflow/dags/xcom.py took 0.079 seconds
[2024-04-04T16:24:01.870+0000] {processor.py:161} INFO - Started process (PID=263) to work on /opt/airflow/dags/xcom.py
[2024-04-04T16:24:01.870+0000] {processor.py:830} INFO - Processing file /opt/airflow/dags/xcom.py for tasks to queue
[2024-04-04T16:24:01.871+0000] {logging_mixin.py:188} INFO - [2024-04-04T16:24:01.871+0000] {dagbag.py:540} INFO - Filling up the DagBag from /opt/airflow/dags/xcom.py
[2024-04-04T16:24:01.885+0000] {processor.py:840} INFO - DAG(s) 'xcom' retrieved from /opt/airflow/dags/xcom.py
[2024-04-04T16:24:01.907+0000] {logging_mixin.py:188} INFO - [2024-04-04T16:24:01.907+0000] {dag.py:3047} INFO - Sync 1 DAGs
[2024-04-04T16:24:01.923+0000] {logging_mixin.py:188} INFO - [2024-04-04T16:24:01.923+0000] {dag.py:3834} INFO - Setting next_dagrun for xcom to None, run_after=None
[2024-04-04T16:24:01.938+0000] {processor.py:183} INFO - Processing /opt/airflow/dags/xcom.py took 0.070 seconds
[2024-04-04T16:24:32.284+0000] {processor.py:161} INFO - Started process (PID=284) to work on /opt/airflow/dags/xcom.py
[2024-04-04T16:24:32.285+0000] {processor.py:830} INFO - Processing file /opt/airflow/dags/xcom.py for tasks to queue
[2024-04-04T16:24:32.285+0000] {logging_mixin.py:188} INFO - [2024-04-04T16:24:32.285+0000] {dagbag.py:540} INFO - Filling up the DagBag from /opt/airflow/dags/xcom.py
[2024-04-04T16:24:32.297+0000] {processor.py:840} INFO - DAG(s) 'xcom' retrieved from /opt/airflow/dags/xcom.py
[2024-04-04T16:24:32.317+0000] {logging_mixin.py:188} INFO - [2024-04-04T16:24:32.317+0000] {dag.py:3047} INFO - Sync 1 DAGs
[2024-04-04T16:24:32.334+0000] {logging_mixin.py:188} INFO - [2024-04-04T16:24:32.334+0000] {dag.py:3834} INFO - Setting next_dagrun for xcom to None, run_after=None
[2024-04-04T16:24:32.353+0000] {processor.py:183} INFO - Processing /opt/airflow/dags/xcom.py took 0.071 seconds
[2024-04-04T16:25:02.805+0000] {processor.py:161} INFO - Started process (PID=305) to work on /opt/airflow/dags/xcom.py
[2024-04-04T16:25:02.806+0000] {processor.py:830} INFO - Processing file /opt/airflow/dags/xcom.py for tasks to queue
[2024-04-04T16:25:02.807+0000] {logging_mixin.py:188} INFO - [2024-04-04T16:25:02.806+0000] {dagbag.py:540} INFO - Filling up the DagBag from /opt/airflow/dags/xcom.py
[2024-04-04T16:25:02.820+0000] {processor.py:840} INFO - DAG(s) 'xcom' retrieved from /opt/airflow/dags/xcom.py
[2024-04-04T16:25:02.843+0000] {logging_mixin.py:188} INFO - [2024-04-04T16:25:02.843+0000] {dag.py:3047} INFO - Sync 1 DAGs
[2024-04-04T16:25:02.860+0000] {logging_mixin.py:188} INFO - [2024-04-04T16:25:02.860+0000] {dag.py:3834} INFO - Setting next_dagrun for xcom to None, run_after=None
[2024-04-04T16:25:02.888+0000] {processor.py:183} INFO - Processing /opt/airflow/dags/xcom.py took 0.084 seconds
[2024-04-04T16:25:33.128+0000] {processor.py:161} INFO - Started process (PID=326) to work on /opt/airflow/dags/xcom.py
[2024-04-04T16:25:33.129+0000] {processor.py:830} INFO - Processing file /opt/airflow/dags/xcom.py for tasks to queue
[2024-04-04T16:25:33.129+0000] {logging_mixin.py:188} INFO - [2024-04-04T16:25:33.129+0000] {dagbag.py:540} INFO - Filling up the DagBag from /opt/airflow/dags/xcom.py
[2024-04-04T16:25:33.143+0000] {processor.py:840} INFO - DAG(s) 'xcom' retrieved from /opt/airflow/dags/xcom.py
[2024-04-04T16:25:33.171+0000] {logging_mixin.py:188} INFO - [2024-04-04T16:25:33.171+0000] {dag.py:3047} INFO - Sync 1 DAGs
[2024-04-04T16:25:33.187+0000] {logging_mixin.py:188} INFO - [2024-04-04T16:25:33.187+0000] {dag.py:3834} INFO - Setting next_dagrun for xcom to None, run_after=None
[2024-04-04T16:25:33.204+0000] {processor.py:183} INFO - Processing /opt/airflow/dags/xcom.py took 0.078 seconds
[2024-04-04T16:26:03.432+0000] {processor.py:161} INFO - Started process (PID=347) to work on /opt/airflow/dags/xcom.py
[2024-04-04T16:26:03.433+0000] {processor.py:830} INFO - Processing file /opt/airflow/dags/xcom.py for tasks to queue
[2024-04-04T16:26:03.433+0000] {logging_mixin.py:188} INFO - [2024-04-04T16:26:03.433+0000] {dagbag.py:540} INFO - Filling up the DagBag from /opt/airflow/dags/xcom.py
[2024-04-04T16:26:03.445+0000] {processor.py:840} INFO - DAG(s) 'xcom' retrieved from /opt/airflow/dags/xcom.py
[2024-04-04T16:26:03.466+0000] {logging_mixin.py:188} INFO - [2024-04-04T16:26:03.466+0000] {dag.py:3047} INFO - Sync 1 DAGs
[2024-04-04T16:26:03.483+0000] {logging_mixin.py:188} INFO - [2024-04-04T16:26:03.483+0000] {dag.py:3834} INFO - Setting next_dagrun for xcom to None, run_after=None
[2024-04-04T16:26:03.496+0000] {processor.py:183} INFO - Processing /opt/airflow/dags/xcom.py took 0.067 seconds
[2024-04-04T16:26:33.994+0000] {processor.py:161} INFO - Started process (PID=368) to work on /opt/airflow/dags/xcom.py
[2024-04-04T16:26:33.995+0000] {processor.py:830} INFO - Processing file /opt/airflow/dags/xcom.py for tasks to queue
[2024-04-04T16:26:33.996+0000] {logging_mixin.py:188} INFO - [2024-04-04T16:26:33.995+0000] {dagbag.py:540} INFO - Filling up the DagBag from /opt/airflow/dags/xcom.py
[2024-04-04T16:26:34.013+0000] {processor.py:840} INFO - DAG(s) 'xcom' retrieved from /opt/airflow/dags/xcom.py
[2024-04-04T16:26:34.037+0000] {logging_mixin.py:188} INFO - [2024-04-04T16:26:34.037+0000] {dag.py:3047} INFO - Sync 1 DAGs
[2024-04-04T16:26:34.055+0000] {logging_mixin.py:188} INFO - [2024-04-04T16:26:34.055+0000] {dag.py:3834} INFO - Setting next_dagrun for xcom to None, run_after=None
[2024-04-04T16:26:34.085+0000] {processor.py:183} INFO - Processing /opt/airflow/dags/xcom.py took 0.093 seconds
[2024-04-04T16:27:04.363+0000] {processor.py:161} INFO - Started process (PID=389) to work on /opt/airflow/dags/xcom.py
[2024-04-04T16:27:04.364+0000] {processor.py:830} INFO - Processing file /opt/airflow/dags/xcom.py for tasks to queue
[2024-04-04T16:27:04.364+0000] {logging_mixin.py:188} INFO - [2024-04-04T16:27:04.364+0000] {dagbag.py:540} INFO - Filling up the DagBag from /opt/airflow/dags/xcom.py
[2024-04-04T16:27:04.375+0000] {processor.py:840} INFO - DAG(s) 'xcom' retrieved from /opt/airflow/dags/xcom.py
[2024-04-04T16:27:04.394+0000] {logging_mixin.py:188} INFO - [2024-04-04T16:27:04.394+0000] {dag.py:3047} INFO - Sync 1 DAGs
[2024-04-04T16:27:04.410+0000] {logging_mixin.py:188} INFO - [2024-04-04T16:27:04.410+0000] {dag.py:3834} INFO - Setting next_dagrun for xcom to None, run_after=None
[2024-04-04T16:27:04.430+0000] {processor.py:183} INFO - Processing /opt/airflow/dags/xcom.py took 0.069 seconds
[2024-04-04T16:27:34.788+0000] {processor.py:161} INFO - Started process (PID=410) to work on /opt/airflow/dags/xcom.py
[2024-04-04T16:27:34.788+0000] {processor.py:830} INFO - Processing file /opt/airflow/dags/xcom.py for tasks to queue
[2024-04-04T16:27:34.789+0000] {logging_mixin.py:188} INFO - [2024-04-04T16:27:34.789+0000] {dagbag.py:540} INFO - Filling up the DagBag from /opt/airflow/dags/xcom.py
[2024-04-04T16:27:34.802+0000] {processor.py:840} INFO - DAG(s) 'xcom' retrieved from /opt/airflow/dags/xcom.py
[2024-04-04T16:27:34.827+0000] {logging_mixin.py:188} INFO - [2024-04-04T16:27:34.827+0000] {dag.py:3047} INFO - Sync 1 DAGs
[2024-04-04T16:27:34.845+0000] {logging_mixin.py:188} INFO - [2024-04-04T16:27:34.845+0000] {dag.py:3834} INFO - Setting next_dagrun for xcom to None, run_after=None
[2024-04-04T16:27:34.875+0000] {processor.py:183} INFO - Processing /opt/airflow/dags/xcom.py took 0.089 seconds
[2024-04-04T16:28:05.140+0000] {processor.py:161} INFO - Started process (PID=431) to work on /opt/airflow/dags/xcom.py
[2024-04-04T16:28:05.140+0000] {processor.py:830} INFO - Processing file /opt/airflow/dags/xcom.py for tasks to queue
[2024-04-04T16:28:05.141+0000] {logging_mixin.py:188} INFO - [2024-04-04T16:28:05.141+0000] {dagbag.py:540} INFO - Filling up the DagBag from /opt/airflow/dags/xcom.py
[2024-04-04T16:28:05.153+0000] {processor.py:840} INFO - DAG(s) 'xcom' retrieved from /opt/airflow/dags/xcom.py
[2024-04-04T16:28:05.173+0000] {logging_mixin.py:188} INFO - [2024-04-04T16:28:05.173+0000] {dag.py:3047} INFO - Sync 1 DAGs
[2024-04-04T16:28:05.189+0000] {logging_mixin.py:188} INFO - [2024-04-04T16:28:05.189+0000] {dag.py:3834} INFO - Setting next_dagrun for xcom to None, run_after=None
[2024-04-04T16:28:05.214+0000] {processor.py:183} INFO - Processing /opt/airflow/dags/xcom.py took 0.076 seconds
[2024-04-04T16:28:35.564+0000] {processor.py:161} INFO - Started process (PID=452) to work on /opt/airflow/dags/xcom.py
[2024-04-04T16:28:35.565+0000] {processor.py:830} INFO - Processing file /opt/airflow/dags/xcom.py for tasks to queue
[2024-04-04T16:28:35.565+0000] {logging_mixin.py:188} INFO - [2024-04-04T16:28:35.565+0000] {dagbag.py:540} INFO - Filling up the DagBag from /opt/airflow/dags/xcom.py
[2024-04-04T16:28:35.579+0000] {processor.py:840} INFO - DAG(s) 'xcom' retrieved from /opt/airflow/dags/xcom.py
[2024-04-04T16:28:35.606+0000] {logging_mixin.py:188} INFO - [2024-04-04T16:28:35.606+0000] {dag.py:3047} INFO - Sync 1 DAGs
[2024-04-04T16:28:35.623+0000] {logging_mixin.py:188} INFO - [2024-04-04T16:28:35.623+0000] {dag.py:3834} INFO - Setting next_dagrun for xcom to None, run_after=None
[2024-04-04T16:28:35.647+0000] {processor.py:183} INFO - Processing /opt/airflow/dags/xcom.py took 0.085 seconds
