[2024-03-01T15:47:37.478+0000] {logging_mixin.py:188} INFO - Changing /opt/***/logs/dag_id=pool/run_id=scheduled__2024-01-03T00:00:00+00:00/task_id=task_10 permission to 509
[2024-03-01T15:47:37.480+0000] {logging_mixin.py:188} INFO - Changing /opt/***/logs/dag_id=pool/run_id=scheduled__2024-01-03T00:00:00+00:00 permission to 509
[2024-03-01T15:47:37.481+0000] {logging_mixin.py:188} INFO - Changing /opt/***/logs/dag_id=pool permission to 509
[2024-03-01T15:47:37.482+0000] {logging_mixin.py:188} INFO - Changing /opt/***/logs permission to 509
[2024-03-01T15:47:37.546+0000] {logging_mixin.py:188} INFO - Changing /opt/***/logs/dag_id=pool/run_id=scheduled__2024-01-03T00:00:00+00:00/task_id=task_10 permission to 509
[2024-03-01T15:47:37.548+0000] {logging_mixin.py:188} INFO - Changing /opt/***/logs/dag_id=pool/run_id=scheduled__2024-01-03T00:00:00+00:00 permission to 509
[2024-03-01T15:47:37.550+0000] {logging_mixin.py:188} INFO - Changing /opt/***/logs/dag_id=pool permission to 509
[2024-03-01T15:47:37.551+0000] {logging_mixin.py:188} INFO - Changing /opt/***/logs permission to 509
[2024-03-01T15:47:37.602+0000] {taskinstance.py:1979} INFO - Dependencies all met for dep_context=non-requeueable deps ti=<TaskInstance: pool.task_10 scheduled__2024-01-03T00:00:00+00:00 [queued]>
[2024-03-01T15:47:37.613+0000] {taskinstance.py:1979} INFO - Dependencies all met for dep_context=requeueable deps ti=<TaskInstance: pool.task_10 scheduled__2024-01-03T00:00:00+00:00 [queued]>
[2024-03-01T15:47:37.614+0000] {taskinstance.py:2193} INFO - Starting attempt 1 of 3
[2024-03-01T15:47:37.633+0000] {taskinstance.py:2214} INFO - Executing <Task(BashOperator): task_10> on 2024-01-03 00:00:00+00:00
[2024-03-01T15:47:37.647+0000] {standard_task_runner.py:60} INFO - Started process 818 to run task
[2024-03-01T15:47:37.649+0000] {standard_task_runner.py:87} INFO - Running: ['***', 'tasks', 'run', 'pool', 'task_10', 'scheduled__2024-01-03T00:00:00+00:00', '--job-id', '193', '--raw', '--subdir', 'DAGS_FOLDER/pool.py', '--cfg-path', '/tmp/tmp8tvwo84t']
[2024-03-01T15:47:37.650+0000] {standard_task_runner.py:88} INFO - Job 193: Subtask task_10
[2024-03-01T15:47:37.770+0000] {logging_mixin.py:188} INFO - Changing /opt/***/logs/dag_id=pool/run_id=scheduled__2024-01-03T00:00:00+00:00/task_id=task_10 permission to 509
[2024-03-01T15:47:37.772+0000] {logging_mixin.py:188} INFO - Changing /opt/***/logs/dag_id=pool/run_id=scheduled__2024-01-03T00:00:00+00:00 permission to 509
[2024-03-01T15:47:37.775+0000] {logging_mixin.py:188} INFO - Changing /opt/***/logs/dag_id=pool permission to 509
[2024-03-01T15:47:37.777+0000] {logging_mixin.py:188} INFO - Changing /opt/***/logs permission to 509
[2024-03-01T15:47:37.779+0000] {task_command.py:423} INFO - Running <TaskInstance: pool.task_10 scheduled__2024-01-03T00:00:00+00:00 [running]> on host 68829ac68ce6
[2024-03-01T15:47:37.956+0000] {taskinstance.py:2510} INFO - Exporting env vars: AIRFLOW_CTX_DAG_OWNER='vutt' AIRFLOW_CTX_DAG_ID='pool' AIRFLOW_CTX_TASK_ID='task_10' AIRFLOW_CTX_EXECUTION_DATE='2024-01-03T00:00:00+00:00' AIRFLOW_CTX_TRY_NUMBER='1' AIRFLOW_CTX_DAG_RUN_ID='scheduled__2024-01-03T00:00:00+00:00'
[2024-03-01T15:47:37.957+0000] {subprocess.py:63} INFO - Tmp dir root location: /tmp
[2024-03-01T15:47:37.958+0000] {subprocess.py:75} INFO - Running command: ['/usr/bin/bash', '-c', 'echo task_10']
[2024-03-01T15:47:37.966+0000] {subprocess.py:86} INFO - Output:
[2024-03-01T15:47:37.967+0000] {subprocess.py:93} INFO - task_10
[2024-03-01T15:47:37.968+0000] {subprocess.py:97} INFO - Command exited with return code 0
[2024-03-01T15:47:38.038+0000] {taskinstance.py:1149} INFO - Marking task as SUCCESS. dag_id=pool, task_id=task_10, execution_date=20240103T000000, start_date=20240301T154737, end_date=20240301T154738
[2024-03-01T15:47:38.066+0000] {local_task_job_runner.py:234} INFO - Task exited with return code 0
[2024-03-01T15:47:38.097+0000] {taskinstance.py:3309} INFO - 1 downstream tasks scheduled from follow-on schedule check
