[2024-02-29T16:03:27.565+0000] {processor.py:161} INFO - Started process (PID=42) to work on /opt/airflow/dags/bash_operator.py
[2024-02-29T16:03:27.566+0000] {processor.py:830} INFO - Processing file /opt/airflow/dags/bash_operator.py for tasks to queue
[2024-02-29T16:03:27.676+0000] {logging_mixin.py:188} INFO - [2024-02-29T16:03:27.676+0000] {dagbag.py:540} INFO - Filling up the DagBag from /opt/airflow/dags/bash_operator.py
[2024-02-29T16:03:27.694+0000] {processor.py:840} INFO - DAG(s) 'bash_operator' retrieved from /opt/airflow/dags/bash_operator.py
[2024-02-29T16:03:27.751+0000] {logging_mixin.py:188} INFO - [2024-02-29T16:03:27.751+0000] {override.py:1769} INFO - Created Permission View: can read on DAG:bash_operator
[2024-02-29T16:03:27.758+0000] {logging_mixin.py:188} INFO - [2024-02-29T16:03:27.757+0000] {override.py:1769} INFO - Created Permission View: can delete on DAG:bash_operator
[2024-02-29T16:03:27.763+0000] {logging_mixin.py:188} INFO - [2024-02-29T16:03:27.762+0000] {override.py:1769} INFO - Created Permission View: can edit on DAG:bash_operator
[2024-02-29T16:03:27.763+0000] {logging_mixin.py:188} INFO - [2024-02-29T16:03:27.763+0000] {dag.py:3047} INFO - Sync 1 DAGs
[2024-02-29T16:03:27.770+0000] {logging_mixin.py:188} INFO - [2024-02-29T16:03:27.770+0000] {dag.py:3069} INFO - Creating ORM DAG for bash_operator
[2024-02-29T16:03:27.777+0000] {logging_mixin.py:188} INFO - [2024-02-29T16:03:27.777+0000] {dag.py:3834} INFO - Setting next_dagrun for bash_operator to 2024-01-01 00:00:00+00:00, run_after=2024-01-02 00:00:00+00:00
[2024-02-29T16:03:27.789+0000] {processor.py:183} INFO - Processing /opt/airflow/dags/bash_operator.py took 0.226 seconds
[2024-02-29T16:03:58.499+0000] {processor.py:161} INFO - Started process (PID=54) to work on /opt/airflow/dags/bash_operator.py
[2024-02-29T16:03:58.500+0000] {processor.py:830} INFO - Processing file /opt/airflow/dags/bash_operator.py for tasks to queue
[2024-02-29T16:03:58.502+0000] {logging_mixin.py:188} INFO - [2024-02-29T16:03:58.502+0000] {dagbag.py:540} INFO - Filling up the DagBag from /opt/airflow/dags/bash_operator.py
[2024-02-29T16:03:58.517+0000] {processor.py:840} INFO - DAG(s) 'bash_operator' retrieved from /opt/airflow/dags/bash_operator.py
[2024-02-29T16:03:58.532+0000] {logging_mixin.py:188} INFO - [2024-02-29T16:03:58.532+0000] {dag.py:3047} INFO - Sync 1 DAGs
[2024-02-29T16:03:58.546+0000] {logging_mixin.py:188} INFO - [2024-02-29T16:03:58.546+0000] {dag.py:3834} INFO - Setting next_dagrun for bash_operator to 2024-01-01 00:00:00+00:00, run_after=2024-01-02 00:00:00+00:00
[2024-02-29T16:03:58.556+0000] {processor.py:183} INFO - Processing /opt/airflow/dags/bash_operator.py took 0.059 seconds
[2024-02-29T16:04:29.096+0000] {processor.py:161} INFO - Started process (PID=66) to work on /opt/airflow/dags/bash_operator.py
[2024-02-29T16:04:29.096+0000] {processor.py:830} INFO - Processing file /opt/airflow/dags/bash_operator.py for tasks to queue
[2024-02-29T16:04:29.097+0000] {logging_mixin.py:188} INFO - [2024-02-29T16:04:29.097+0000] {dagbag.py:540} INFO - Filling up the DagBag from /opt/airflow/dags/bash_operator.py
[2024-02-29T16:04:29.112+0000] {processor.py:840} INFO - DAG(s) 'bash_operator' retrieved from /opt/airflow/dags/bash_operator.py
[2024-02-29T16:04:29.126+0000] {logging_mixin.py:188} INFO - [2024-02-29T16:04:29.126+0000] {dag.py:3047} INFO - Sync 1 DAGs
[2024-02-29T16:04:29.139+0000] {logging_mixin.py:188} INFO - [2024-02-29T16:04:29.138+0000] {dag.py:3834} INFO - Setting next_dagrun for bash_operator to 2024-01-01 00:00:00+00:00, run_after=2024-01-02 00:00:00+00:00
[2024-02-29T16:04:29.148+0000] {processor.py:183} INFO - Processing /opt/airflow/dags/bash_operator.py took 0.054 seconds
[2024-02-29T16:04:59.711+0000] {processor.py:161} INFO - Started process (PID=78) to work on /opt/airflow/dags/bash_operator.py
[2024-02-29T16:04:59.712+0000] {processor.py:830} INFO - Processing file /opt/airflow/dags/bash_operator.py for tasks to queue
[2024-02-29T16:04:59.713+0000] {logging_mixin.py:188} INFO - [2024-02-29T16:04:59.713+0000] {dagbag.py:540} INFO - Filling up the DagBag from /opt/airflow/dags/bash_operator.py
[2024-02-29T16:04:59.726+0000] {processor.py:840} INFO - DAG(s) 'bash_operator' retrieved from /opt/airflow/dags/bash_operator.py
[2024-02-29T16:04:59.740+0000] {logging_mixin.py:188} INFO - [2024-02-29T16:04:59.740+0000] {dag.py:3047} INFO - Sync 1 DAGs
[2024-02-29T16:04:59.752+0000] {logging_mixin.py:188} INFO - [2024-02-29T16:04:59.752+0000] {dag.py:3834} INFO - Setting next_dagrun for bash_operator to 2024-01-01 00:00:00+00:00, run_after=2024-01-02 00:00:00+00:00
[2024-02-29T16:04:59.762+0000] {processor.py:183} INFO - Processing /opt/airflow/dags/bash_operator.py took 0.052 seconds
[2024-02-29T16:05:30.380+0000] {processor.py:161} INFO - Started process (PID=90) to work on /opt/airflow/dags/bash_operator.py
[2024-02-29T16:05:30.381+0000] {processor.py:830} INFO - Processing file /opt/airflow/dags/bash_operator.py for tasks to queue
[2024-02-29T16:05:30.382+0000] {logging_mixin.py:188} INFO - [2024-02-29T16:05:30.382+0000] {dagbag.py:540} INFO - Filling up the DagBag from /opt/airflow/dags/bash_operator.py
[2024-02-29T16:05:30.394+0000] {processor.py:840} INFO - DAG(s) 'bash_operator' retrieved from /opt/airflow/dags/bash_operator.py
[2024-02-29T16:05:30.410+0000] {logging_mixin.py:188} INFO - [2024-02-29T16:05:30.410+0000] {dag.py:3047} INFO - Sync 1 DAGs
[2024-02-29T16:05:30.423+0000] {logging_mixin.py:188} INFO - [2024-02-29T16:05:30.423+0000] {dag.py:3834} INFO - Setting next_dagrun for bash_operator to 2024-01-01 00:00:00+00:00, run_after=2024-01-02 00:00:00+00:00
[2024-02-29T16:05:30.434+0000] {processor.py:183} INFO - Processing /opt/airflow/dags/bash_operator.py took 0.056 seconds
[2024-02-29T16:06:00.876+0000] {processor.py:161} INFO - Started process (PID=102) to work on /opt/airflow/dags/bash_operator.py
[2024-02-29T16:06:00.877+0000] {processor.py:830} INFO - Processing file /opt/airflow/dags/bash_operator.py for tasks to queue
[2024-02-29T16:06:00.878+0000] {logging_mixin.py:188} INFO - [2024-02-29T16:06:00.878+0000] {dagbag.py:540} INFO - Filling up the DagBag from /opt/airflow/dags/bash_operator.py
[2024-02-29T16:06:00.890+0000] {processor.py:840} INFO - DAG(s) 'bash_operator' retrieved from /opt/airflow/dags/bash_operator.py
[2024-02-29T16:06:00.904+0000] {logging_mixin.py:188} INFO - [2024-02-29T16:06:00.904+0000] {dag.py:3047} INFO - Sync 1 DAGs
[2024-02-29T16:06:00.917+0000] {logging_mixin.py:188} INFO - [2024-02-29T16:06:00.916+0000] {dag.py:3834} INFO - Setting next_dagrun for bash_operator to 2024-01-01 00:00:00+00:00, run_after=2024-01-02 00:00:00+00:00
[2024-02-29T16:06:00.926+0000] {processor.py:183} INFO - Processing /opt/airflow/dags/bash_operator.py took 0.052 seconds
[2024-02-29T16:06:31.387+0000] {processor.py:161} INFO - Started process (PID=114) to work on /opt/airflow/dags/bash_operator.py
[2024-02-29T16:06:31.389+0000] {processor.py:830} INFO - Processing file /opt/airflow/dags/bash_operator.py for tasks to queue
[2024-02-29T16:06:31.390+0000] {logging_mixin.py:188} INFO - [2024-02-29T16:06:31.390+0000] {dagbag.py:540} INFO - Filling up the DagBag from /opt/airflow/dags/bash_operator.py
[2024-02-29T16:06:31.408+0000] {processor.py:840} INFO - DAG(s) 'bash_operator' retrieved from /opt/airflow/dags/bash_operator.py
[2024-02-29T16:06:31.422+0000] {logging_mixin.py:188} INFO - [2024-02-29T16:06:31.422+0000] {dag.py:3047} INFO - Sync 1 DAGs
[2024-02-29T16:06:31.434+0000] {logging_mixin.py:188} INFO - [2024-02-29T16:06:31.434+0000] {dag.py:3834} INFO - Setting next_dagrun for bash_operator to 2024-01-01 00:00:00+00:00, run_after=2024-01-02 00:00:00+00:00
[2024-02-29T16:06:31.444+0000] {processor.py:183} INFO - Processing /opt/airflow/dags/bash_operator.py took 0.059 seconds
[2024-02-29T16:07:02.151+0000] {processor.py:161} INFO - Started process (PID=126) to work on /opt/airflow/dags/bash_operator.py
[2024-02-29T16:07:02.152+0000] {processor.py:830} INFO - Processing file /opt/airflow/dags/bash_operator.py for tasks to queue
[2024-02-29T16:07:02.154+0000] {logging_mixin.py:188} INFO - [2024-02-29T16:07:02.153+0000] {dagbag.py:540} INFO - Filling up the DagBag from /opt/airflow/dags/bash_operator.py
[2024-02-29T16:07:02.167+0000] {processor.py:840} INFO - DAG(s) 'bash_operator' retrieved from /opt/airflow/dags/bash_operator.py
[2024-02-29T16:07:02.181+0000] {logging_mixin.py:188} INFO - [2024-02-29T16:07:02.181+0000] {dag.py:3047} INFO - Sync 1 DAGs
[2024-02-29T16:07:02.193+0000] {logging_mixin.py:188} INFO - [2024-02-29T16:07:02.193+0000] {dag.py:3834} INFO - Setting next_dagrun for bash_operator to 2024-01-01 00:00:00+00:00, run_after=2024-01-02 00:00:00+00:00
[2024-02-29T16:07:02.205+0000] {processor.py:183} INFO - Processing /opt/airflow/dags/bash_operator.py took 0.056 seconds
[2024-02-29T16:07:32.773+0000] {processor.py:161} INFO - Started process (PID=138) to work on /opt/airflow/dags/bash_operator.py
[2024-02-29T16:07:32.774+0000] {processor.py:830} INFO - Processing file /opt/airflow/dags/bash_operator.py for tasks to queue
[2024-02-29T16:07:32.775+0000] {logging_mixin.py:188} INFO - [2024-02-29T16:07:32.775+0000] {dagbag.py:540} INFO - Filling up the DagBag from /opt/airflow/dags/bash_operator.py
[2024-02-29T16:07:32.790+0000] {processor.py:840} INFO - DAG(s) 'bash_operator' retrieved from /opt/airflow/dags/bash_operator.py
[2024-02-29T16:07:32.807+0000] {logging_mixin.py:188} INFO - [2024-02-29T16:07:32.807+0000] {dag.py:3047} INFO - Sync 1 DAGs
[2024-02-29T16:07:32.820+0000] {logging_mixin.py:188} INFO - [2024-02-29T16:07:32.820+0000] {dag.py:3834} INFO - Setting next_dagrun for bash_operator to 2024-01-01 00:00:00+00:00, run_after=2024-01-02 00:00:00+00:00
[2024-02-29T16:07:32.831+0000] {processor.py:183} INFO - Processing /opt/airflow/dags/bash_operator.py took 0.060 seconds
[2024-02-29T16:08:03.418+0000] {processor.py:161} INFO - Started process (PID=150) to work on /opt/airflow/dags/bash_operator.py
[2024-02-29T16:08:03.419+0000] {processor.py:830} INFO - Processing file /opt/airflow/dags/bash_operator.py for tasks to queue
[2024-02-29T16:08:03.420+0000] {logging_mixin.py:188} INFO - [2024-02-29T16:08:03.420+0000] {dagbag.py:540} INFO - Filling up the DagBag from /opt/airflow/dags/bash_operator.py
[2024-02-29T16:08:03.437+0000] {processor.py:840} INFO - DAG(s) 'bash_operator' retrieved from /opt/airflow/dags/bash_operator.py
[2024-02-29T16:08:03.452+0000] {logging_mixin.py:188} INFO - [2024-02-29T16:08:03.451+0000] {dag.py:3047} INFO - Sync 1 DAGs
[2024-02-29T16:08:03.466+0000] {logging_mixin.py:188} INFO - [2024-02-29T16:08:03.466+0000] {dag.py:3834} INFO - Setting next_dagrun for bash_operator to 2024-01-01 00:00:00+00:00, run_after=2024-01-02 00:00:00+00:00
[2024-02-29T16:08:03.490+0000] {processor.py:183} INFO - Processing /opt/airflow/dags/bash_operator.py took 0.074 seconds
[2024-02-29T16:08:34.331+0000] {processor.py:161} INFO - Started process (PID=162) to work on /opt/airflow/dags/bash_operator.py
[2024-02-29T16:08:34.331+0000] {processor.py:830} INFO - Processing file /opt/airflow/dags/bash_operator.py for tasks to queue
[2024-02-29T16:08:34.333+0000] {logging_mixin.py:188} INFO - [2024-02-29T16:08:34.333+0000] {dagbag.py:540} INFO - Filling up the DagBag from /opt/airflow/dags/bash_operator.py
[2024-02-29T16:08:34.352+0000] {processor.py:840} INFO - DAG(s) 'bash_operator' retrieved from /opt/airflow/dags/bash_operator.py
[2024-02-29T16:08:34.368+0000] {logging_mixin.py:188} INFO - [2024-02-29T16:08:34.368+0000] {dag.py:3047} INFO - Sync 1 DAGs
[2024-02-29T16:08:34.382+0000] {logging_mixin.py:188} INFO - [2024-02-29T16:08:34.382+0000] {dag.py:3834} INFO - Setting next_dagrun for bash_operator to 2024-01-01 00:00:00+00:00, run_after=2024-01-02 00:00:00+00:00
[2024-02-29T16:08:34.393+0000] {processor.py:183} INFO - Processing /opt/airflow/dags/bash_operator.py took 0.064 seconds
[2024-02-29T16:09:04.880+0000] {processor.py:161} INFO - Started process (PID=174) to work on /opt/airflow/dags/bash_operator.py
[2024-02-29T16:09:04.881+0000] {processor.py:830} INFO - Processing file /opt/airflow/dags/bash_operator.py for tasks to queue
[2024-02-29T16:09:04.883+0000] {logging_mixin.py:188} INFO - [2024-02-29T16:09:04.883+0000] {dagbag.py:540} INFO - Filling up the DagBag from /opt/airflow/dags/bash_operator.py
[2024-02-29T16:09:04.898+0000] {processor.py:840} INFO - DAG(s) 'bash_operator' retrieved from /opt/airflow/dags/bash_operator.py
[2024-02-29T16:09:04.916+0000] {logging_mixin.py:188} INFO - [2024-02-29T16:09:04.916+0000] {dag.py:3047} INFO - Sync 1 DAGs
[2024-02-29T16:09:04.929+0000] {logging_mixin.py:188} INFO - [2024-02-29T16:09:04.929+0000] {dag.py:3834} INFO - Setting next_dagrun for bash_operator to 2024-01-01 00:00:00+00:00, run_after=2024-01-02 00:00:00+00:00
[2024-02-29T16:09:04.940+0000] {processor.py:183} INFO - Processing /opt/airflow/dags/bash_operator.py took 0.061 seconds
[2024-02-29T16:09:35.507+0000] {processor.py:161} INFO - Started process (PID=186) to work on /opt/airflow/dags/bash_operator.py
[2024-02-29T16:09:35.508+0000] {processor.py:830} INFO - Processing file /opt/airflow/dags/bash_operator.py for tasks to queue
[2024-02-29T16:09:35.510+0000] {logging_mixin.py:188} INFO - [2024-02-29T16:09:35.509+0000] {dagbag.py:540} INFO - Filling up the DagBag from /opt/airflow/dags/bash_operator.py
[2024-02-29T16:09:35.525+0000] {processor.py:840} INFO - DAG(s) 'bash_operator' retrieved from /opt/airflow/dags/bash_operator.py
[2024-02-29T16:09:35.542+0000] {logging_mixin.py:188} INFO - [2024-02-29T16:09:35.542+0000] {dag.py:3047} INFO - Sync 1 DAGs
[2024-02-29T16:09:35.557+0000] {logging_mixin.py:188} INFO - [2024-02-29T16:09:35.556+0000] {dag.py:3834} INFO - Setting next_dagrun for bash_operator to 2024-01-01 00:00:00+00:00, run_after=2024-01-02 00:00:00+00:00
[2024-02-29T16:09:35.569+0000] {processor.py:183} INFO - Processing /opt/airflow/dags/bash_operator.py took 0.064 seconds
[2024-02-29T16:10:06.184+0000] {processor.py:161} INFO - Started process (PID=198) to work on /opt/airflow/dags/bash_operator.py
[2024-02-29T16:10:06.184+0000] {processor.py:830} INFO - Processing file /opt/airflow/dags/bash_operator.py for tasks to queue
[2024-02-29T16:10:06.186+0000] {logging_mixin.py:188} INFO - [2024-02-29T16:10:06.185+0000] {dagbag.py:540} INFO - Filling up the DagBag from /opt/airflow/dags/bash_operator.py
[2024-02-29T16:10:06.204+0000] {processor.py:840} INFO - DAG(s) 'bash_operator' retrieved from /opt/airflow/dags/bash_operator.py
[2024-02-29T16:10:06.220+0000] {logging_mixin.py:188} INFO - [2024-02-29T16:10:06.220+0000] {dag.py:3047} INFO - Sync 1 DAGs
[2024-02-29T16:10:06.234+0000] {logging_mixin.py:188} INFO - [2024-02-29T16:10:06.233+0000] {dag.py:3834} INFO - Setting next_dagrun for bash_operator to 2024-01-01 00:00:00+00:00, run_after=2024-01-02 00:00:00+00:00
[2024-02-29T16:10:06.245+0000] {processor.py:183} INFO - Processing /opt/airflow/dags/bash_operator.py took 0.064 seconds
[2024-02-29T16:10:36.965+0000] {processor.py:161} INFO - Started process (PID=210) to work on /opt/airflow/dags/bash_operator.py
[2024-02-29T16:10:36.966+0000] {processor.py:830} INFO - Processing file /opt/airflow/dags/bash_operator.py for tasks to queue
[2024-02-29T16:10:36.967+0000] {logging_mixin.py:188} INFO - [2024-02-29T16:10:36.967+0000] {dagbag.py:540} INFO - Filling up the DagBag from /opt/airflow/dags/bash_operator.py
[2024-02-29T16:10:36.988+0000] {processor.py:840} INFO - DAG(s) 'bash_operator' retrieved from /opt/airflow/dags/bash_operator.py
[2024-02-29T16:10:37.004+0000] {logging_mixin.py:188} INFO - [2024-02-29T16:10:37.003+0000] {dag.py:3047} INFO - Sync 1 DAGs
[2024-02-29T16:10:37.018+0000] {logging_mixin.py:188} INFO - [2024-02-29T16:10:37.017+0000] {dag.py:3834} INFO - Setting next_dagrun for bash_operator to 2024-01-01 00:00:00+00:00, run_after=2024-01-02 00:00:00+00:00
[2024-02-29T16:10:37.028+0000] {processor.py:183} INFO - Processing /opt/airflow/dags/bash_operator.py took 0.066 seconds
[2024-02-29T16:11:07.602+0000] {processor.py:161} INFO - Started process (PID=222) to work on /opt/airflow/dags/bash_operator.py
[2024-02-29T16:11:07.603+0000] {processor.py:830} INFO - Processing file /opt/airflow/dags/bash_operator.py for tasks to queue
[2024-02-29T16:11:07.604+0000] {logging_mixin.py:188} INFO - [2024-02-29T16:11:07.604+0000] {dagbag.py:540} INFO - Filling up the DagBag from /opt/airflow/dags/bash_operator.py
[2024-02-29T16:11:07.618+0000] {processor.py:840} INFO - DAG(s) 'bash_operator' retrieved from /opt/airflow/dags/bash_operator.py
[2024-02-29T16:11:07.634+0000] {logging_mixin.py:188} INFO - [2024-02-29T16:11:07.634+0000] {dag.py:3047} INFO - Sync 1 DAGs
[2024-02-29T16:11:07.648+0000] {logging_mixin.py:188} INFO - [2024-02-29T16:11:07.648+0000] {dag.py:3834} INFO - Setting next_dagrun for bash_operator to 2024-01-01 00:00:00+00:00, run_after=2024-01-02 00:00:00+00:00
[2024-02-29T16:11:07.662+0000] {processor.py:183} INFO - Processing /opt/airflow/dags/bash_operator.py took 0.061 seconds
[2024-02-29T16:11:41.587+0000] {processor.py:161} INFO - Started process (PID=43) to work on /opt/airflow/dags/bash_operator.py
[2024-02-29T16:11:41.587+0000] {processor.py:830} INFO - Processing file /opt/airflow/dags/bash_operator.py for tasks to queue
[2024-02-29T16:11:41.589+0000] {logging_mixin.py:188} INFO - [2024-02-29T16:11:41.588+0000] {dagbag.py:540} INFO - Filling up the DagBag from /opt/airflow/dags/bash_operator.py
[2024-02-29T16:11:41.602+0000] {processor.py:840} INFO - DAG(s) 'bash_operator' retrieved from /opt/airflow/dags/bash_operator.py
[2024-02-29T16:11:41.675+0000] {logging_mixin.py:188} INFO - [2024-02-29T16:11:41.675+0000] {dag.py:3047} INFO - Sync 1 DAGs
[2024-02-29T16:11:41.695+0000] {logging_mixin.py:188} INFO - [2024-02-29T16:11:41.695+0000] {dag.py:3834} INFO - Setting next_dagrun for bash_operator to None, run_after=None
[2024-02-29T16:11:41.715+0000] {processor.py:183} INFO - Processing /opt/airflow/dags/bash_operator.py took 0.130 seconds
[2024-02-29T16:12:12.514+0000] {processor.py:161} INFO - Started process (PID=56) to work on /opt/airflow/dags/bash_operator.py
[2024-02-29T16:12:12.515+0000] {processor.py:830} INFO - Processing file /opt/airflow/dags/bash_operator.py for tasks to queue
[2024-02-29T16:12:12.516+0000] {logging_mixin.py:188} INFO - [2024-02-29T16:12:12.516+0000] {dagbag.py:540} INFO - Filling up the DagBag from /opt/airflow/dags/bash_operator.py
[2024-02-29T16:12:12.530+0000] {processor.py:840} INFO - DAG(s) 'bash_operator' retrieved from /opt/airflow/dags/bash_operator.py
[2024-02-29T16:12:12.558+0000] {logging_mixin.py:188} INFO - [2024-02-29T16:12:12.558+0000] {dag.py:3047} INFO - Sync 1 DAGs
[2024-02-29T16:12:12.577+0000] {logging_mixin.py:188} INFO - [2024-02-29T16:12:12.577+0000] {dag.py:3834} INFO - Setting next_dagrun for bash_operator to None, run_after=None
[2024-02-29T16:12:12.594+0000] {processor.py:183} INFO - Processing /opt/airflow/dags/bash_operator.py took 0.082 seconds
[2024-02-29T16:12:43.423+0000] {processor.py:161} INFO - Started process (PID=69) to work on /opt/airflow/dags/bash_operator.py
[2024-02-29T16:12:43.424+0000] {processor.py:830} INFO - Processing file /opt/airflow/dags/bash_operator.py for tasks to queue
[2024-02-29T16:12:43.425+0000] {logging_mixin.py:188} INFO - [2024-02-29T16:12:43.425+0000] {dagbag.py:540} INFO - Filling up the DagBag from /opt/airflow/dags/bash_operator.py
[2024-02-29T16:12:43.440+0000] {processor.py:840} INFO - DAG(s) 'bash_operator' retrieved from /opt/airflow/dags/bash_operator.py
[2024-02-29T16:12:43.468+0000] {logging_mixin.py:188} INFO - [2024-02-29T16:12:43.468+0000] {dag.py:3047} INFO - Sync 1 DAGs
[2024-02-29T16:12:43.492+0000] {logging_mixin.py:188} INFO - [2024-02-29T16:12:43.492+0000] {dag.py:3834} INFO - Setting next_dagrun for bash_operator to None, run_after=None
[2024-02-29T16:12:43.514+0000] {processor.py:183} INFO - Processing /opt/airflow/dags/bash_operator.py took 0.093 seconds
[2024-02-29T16:13:14.277+0000] {processor.py:161} INFO - Started process (PID=82) to work on /opt/airflow/dags/bash_operator.py
[2024-02-29T16:13:14.277+0000] {processor.py:830} INFO - Processing file /opt/airflow/dags/bash_operator.py for tasks to queue
[2024-02-29T16:13:14.279+0000] {logging_mixin.py:188} INFO - [2024-02-29T16:13:14.279+0000] {dagbag.py:540} INFO - Filling up the DagBag from /opt/airflow/dags/bash_operator.py
[2024-02-29T16:13:14.292+0000] {processor.py:840} INFO - DAG(s) 'bash_operator' retrieved from /opt/airflow/dags/bash_operator.py
[2024-02-29T16:13:14.328+0000] {logging_mixin.py:188} INFO - [2024-02-29T16:13:14.328+0000] {dag.py:3047} INFO - Sync 1 DAGs
[2024-02-29T16:13:14.347+0000] {logging_mixin.py:188} INFO - [2024-02-29T16:13:14.347+0000] {dag.py:3834} INFO - Setting next_dagrun for bash_operator to None, run_after=None
[2024-02-29T16:13:14.362+0000] {processor.py:183} INFO - Processing /opt/airflow/dags/bash_operator.py took 0.087 seconds
[2024-02-29T16:13:45.135+0000] {processor.py:161} INFO - Started process (PID=95) to work on /opt/airflow/dags/bash_operator.py
[2024-02-29T16:13:45.136+0000] {processor.py:830} INFO - Processing file /opt/airflow/dags/bash_operator.py for tasks to queue
[2024-02-29T16:13:45.138+0000] {logging_mixin.py:188} INFO - [2024-02-29T16:13:45.137+0000] {dagbag.py:540} INFO - Filling up the DagBag from /opt/airflow/dags/bash_operator.py
[2024-02-29T16:13:45.153+0000] {processor.py:840} INFO - DAG(s) 'bash_operator' retrieved from /opt/airflow/dags/bash_operator.py
[2024-02-29T16:13:45.188+0000] {logging_mixin.py:188} INFO - [2024-02-29T16:13:45.187+0000] {dag.py:3047} INFO - Sync 1 DAGs
[2024-02-29T16:13:45.214+0000] {logging_mixin.py:188} INFO - [2024-02-29T16:13:45.214+0000] {dag.py:3834} INFO - Setting next_dagrun for bash_operator to None, run_after=None
[2024-02-29T16:13:45.229+0000] {processor.py:183} INFO - Processing /opt/airflow/dags/bash_operator.py took 0.096 seconds
[2024-02-29T16:14:16.149+0000] {processor.py:161} INFO - Started process (PID=108) to work on /opt/airflow/dags/bash_operator.py
[2024-02-29T16:14:16.150+0000] {processor.py:830} INFO - Processing file /opt/airflow/dags/bash_operator.py for tasks to queue
[2024-02-29T16:14:16.151+0000] {logging_mixin.py:188} INFO - [2024-02-29T16:14:16.151+0000] {dagbag.py:540} INFO - Filling up the DagBag from /opt/airflow/dags/bash_operator.py
[2024-02-29T16:14:16.165+0000] {processor.py:840} INFO - DAG(s) 'bash_operator' retrieved from /opt/airflow/dags/bash_operator.py
[2024-02-29T16:14:16.193+0000] {logging_mixin.py:188} INFO - [2024-02-29T16:14:16.193+0000] {dag.py:3047} INFO - Sync 1 DAGs
[2024-02-29T16:14:16.214+0000] {logging_mixin.py:188} INFO - [2024-02-29T16:14:16.214+0000] {dag.py:3834} INFO - Setting next_dagrun for bash_operator to None, run_after=None
[2024-02-29T16:14:16.231+0000] {processor.py:183} INFO - Processing /opt/airflow/dags/bash_operator.py took 0.085 seconds
[2024-02-29T16:14:47.034+0000] {processor.py:161} INFO - Started process (PID=121) to work on /opt/airflow/dags/bash_operator.py
[2024-02-29T16:14:47.035+0000] {processor.py:830} INFO - Processing file /opt/airflow/dags/bash_operator.py for tasks to queue
[2024-02-29T16:14:47.037+0000] {logging_mixin.py:188} INFO - [2024-02-29T16:14:47.036+0000] {dagbag.py:540} INFO - Filling up the DagBag from /opt/airflow/dags/bash_operator.py
[2024-02-29T16:14:47.051+0000] {processor.py:840} INFO - DAG(s) 'bash_operator' retrieved from /opt/airflow/dags/bash_operator.py
[2024-02-29T16:14:47.075+0000] {logging_mixin.py:188} INFO - [2024-02-29T16:14:47.075+0000] {dag.py:3047} INFO - Sync 1 DAGs
[2024-02-29T16:14:47.092+0000] {logging_mixin.py:188} INFO - [2024-02-29T16:14:47.092+0000] {dag.py:3834} INFO - Setting next_dagrun for bash_operator to None, run_after=None
[2024-02-29T16:14:47.107+0000] {processor.py:183} INFO - Processing /opt/airflow/dags/bash_operator.py took 0.074 seconds
[2024-02-29T16:15:17.811+0000] {processor.py:161} INFO - Started process (PID=134) to work on /opt/airflow/dags/bash_operator.py
[2024-02-29T16:15:17.812+0000] {processor.py:830} INFO - Processing file /opt/airflow/dags/bash_operator.py for tasks to queue
[2024-02-29T16:15:17.813+0000] {logging_mixin.py:188} INFO - [2024-02-29T16:15:17.813+0000] {dagbag.py:540} INFO - Filling up the DagBag from /opt/airflow/dags/bash_operator.py
[2024-02-29T16:15:17.829+0000] {processor.py:840} INFO - DAG(s) 'bash_operator' retrieved from /opt/airflow/dags/bash_operator.py
[2024-02-29T16:15:17.856+0000] {logging_mixin.py:188} INFO - [2024-02-29T16:15:17.856+0000] {dag.py:3047} INFO - Sync 1 DAGs
[2024-02-29T16:15:17.879+0000] {logging_mixin.py:188} INFO - [2024-02-29T16:15:17.879+0000] {dag.py:3834} INFO - Setting next_dagrun for bash_operator to None, run_after=None
[2024-02-29T16:15:17.899+0000] {processor.py:183} INFO - Processing /opt/airflow/dags/bash_operator.py took 0.090 seconds
[2024-02-29T16:15:48.705+0000] {processor.py:161} INFO - Started process (PID=147) to work on /opt/airflow/dags/bash_operator.py
[2024-02-29T16:15:48.706+0000] {processor.py:830} INFO - Processing file /opt/airflow/dags/bash_operator.py for tasks to queue
[2024-02-29T16:15:48.708+0000] {logging_mixin.py:188} INFO - [2024-02-29T16:15:48.707+0000] {dagbag.py:540} INFO - Filling up the DagBag from /opt/airflow/dags/bash_operator.py
[2024-02-29T16:15:48.726+0000] {processor.py:840} INFO - DAG(s) 'bash_operator' retrieved from /opt/airflow/dags/bash_operator.py
[2024-02-29T16:15:48.752+0000] {logging_mixin.py:188} INFO - [2024-02-29T16:15:48.752+0000] {dag.py:3047} INFO - Sync 1 DAGs
[2024-02-29T16:15:48.769+0000] {logging_mixin.py:188} INFO - [2024-02-29T16:15:48.769+0000] {dag.py:3834} INFO - Setting next_dagrun for bash_operator to None, run_after=None
[2024-02-29T16:15:48.783+0000] {processor.py:183} INFO - Processing /opt/airflow/dags/bash_operator.py took 0.080 seconds
[2024-02-29T16:16:19.470+0000] {processor.py:161} INFO - Started process (PID=160) to work on /opt/airflow/dags/bash_operator.py
[2024-02-29T16:16:19.471+0000] {processor.py:830} INFO - Processing file /opt/airflow/dags/bash_operator.py for tasks to queue
[2024-02-29T16:16:19.473+0000] {logging_mixin.py:188} INFO - [2024-02-29T16:16:19.473+0000] {dagbag.py:540} INFO - Filling up the DagBag from /opt/airflow/dags/bash_operator.py
[2024-02-29T16:16:19.485+0000] {processor.py:840} INFO - DAG(s) 'bash_operator' retrieved from /opt/airflow/dags/bash_operator.py
[2024-02-29T16:16:19.512+0000] {logging_mixin.py:188} INFO - [2024-02-29T16:16:19.512+0000] {dag.py:3047} INFO - Sync 1 DAGs
[2024-02-29T16:16:19.530+0000] {logging_mixin.py:188} INFO - [2024-02-29T16:16:19.530+0000] {dag.py:3834} INFO - Setting next_dagrun for bash_operator to None, run_after=None
[2024-02-29T16:16:19.557+0000] {processor.py:183} INFO - Processing /opt/airflow/dags/bash_operator.py took 0.088 seconds
[2024-02-29T16:16:50.266+0000] {processor.py:161} INFO - Started process (PID=173) to work on /opt/airflow/dags/bash_operator.py
[2024-02-29T16:16:50.267+0000] {processor.py:830} INFO - Processing file /opt/airflow/dags/bash_operator.py for tasks to queue
[2024-02-29T16:16:50.269+0000] {logging_mixin.py:188} INFO - [2024-02-29T16:16:50.268+0000] {dagbag.py:540} INFO - Filling up the DagBag from /opt/airflow/dags/bash_operator.py
[2024-02-29T16:16:50.285+0000] {processor.py:840} INFO - DAG(s) 'bash_operator' retrieved from /opt/airflow/dags/bash_operator.py
[2024-02-29T16:16:50.316+0000] {logging_mixin.py:188} INFO - [2024-02-29T16:16:50.315+0000] {dag.py:3047} INFO - Sync 1 DAGs
[2024-02-29T16:16:50.336+0000] {logging_mixin.py:188} INFO - [2024-02-29T16:16:50.336+0000] {dag.py:3834} INFO - Setting next_dagrun for bash_operator to None, run_after=None
[2024-02-29T16:16:50.367+0000] {processor.py:183} INFO - Processing /opt/airflow/dags/bash_operator.py took 0.103 seconds
[2024-02-29T16:17:21.089+0000] {processor.py:161} INFO - Started process (PID=186) to work on /opt/airflow/dags/bash_operator.py
[2024-02-29T16:17:21.090+0000] {processor.py:830} INFO - Processing file /opt/airflow/dags/bash_operator.py for tasks to queue
[2024-02-29T16:17:21.092+0000] {logging_mixin.py:188} INFO - [2024-02-29T16:17:21.092+0000] {dagbag.py:540} INFO - Filling up the DagBag from /opt/airflow/dags/bash_operator.py
[2024-02-29T16:17:21.105+0000] {processor.py:840} INFO - DAG(s) 'bash_operator' retrieved from /opt/airflow/dags/bash_operator.py
[2024-02-29T16:17:21.130+0000] {logging_mixin.py:188} INFO - [2024-02-29T16:17:21.129+0000] {dag.py:3047} INFO - Sync 1 DAGs
[2024-02-29T16:17:21.147+0000] {logging_mixin.py:188} INFO - [2024-02-29T16:17:21.147+0000] {dag.py:3834} INFO - Setting next_dagrun for bash_operator to None, run_after=None
[2024-02-29T16:17:21.169+0000] {processor.py:183} INFO - Processing /opt/airflow/dags/bash_operator.py took 0.082 seconds
[2024-02-29T16:17:51.903+0000] {processor.py:161} INFO - Started process (PID=199) to work on /opt/airflow/dags/bash_operator.py
[2024-02-29T16:17:51.904+0000] {processor.py:830} INFO - Processing file /opt/airflow/dags/bash_operator.py for tasks to queue
[2024-02-29T16:17:51.906+0000] {logging_mixin.py:188} INFO - [2024-02-29T16:17:51.906+0000] {dagbag.py:540} INFO - Filling up the DagBag from /opt/airflow/dags/bash_operator.py
[2024-02-29T16:17:51.922+0000] {processor.py:840} INFO - DAG(s) 'bash_operator' retrieved from /opt/airflow/dags/bash_operator.py
[2024-02-29T16:17:51.951+0000] {logging_mixin.py:188} INFO - [2024-02-29T16:17:51.951+0000] {dag.py:3047} INFO - Sync 1 DAGs
[2024-02-29T16:17:51.972+0000] {logging_mixin.py:188} INFO - [2024-02-29T16:17:51.972+0000] {dag.py:3834} INFO - Setting next_dagrun for bash_operator to None, run_after=None
[2024-02-29T16:17:51.994+0000] {processor.py:183} INFO - Processing /opt/airflow/dags/bash_operator.py took 0.092 seconds
[2024-02-29T16:18:22.772+0000] {processor.py:161} INFO - Started process (PID=212) to work on /opt/airflow/dags/bash_operator.py
[2024-02-29T16:18:22.773+0000] {processor.py:830} INFO - Processing file /opt/airflow/dags/bash_operator.py for tasks to queue
[2024-02-29T16:18:22.775+0000] {logging_mixin.py:188} INFO - [2024-02-29T16:18:22.774+0000] {dagbag.py:540} INFO - Filling up the DagBag from /opt/airflow/dags/bash_operator.py
[2024-02-29T16:18:22.789+0000] {processor.py:840} INFO - DAG(s) 'bash_operator' retrieved from /opt/airflow/dags/bash_operator.py
[2024-02-29T16:18:22.815+0000] {logging_mixin.py:188} INFO - [2024-02-29T16:18:22.815+0000] {dag.py:3047} INFO - Sync 1 DAGs
[2024-02-29T16:18:22.837+0000] {logging_mixin.py:188} INFO - [2024-02-29T16:18:22.837+0000] {dag.py:3834} INFO - Setting next_dagrun for bash_operator to None, run_after=None
[2024-02-29T16:18:22.863+0000] {processor.py:183} INFO - Processing /opt/airflow/dags/bash_operator.py took 0.093 seconds
[2024-02-29T16:18:53.700+0000] {processor.py:161} INFO - Started process (PID=225) to work on /opt/airflow/dags/bash_operator.py
[2024-02-29T16:18:53.701+0000] {processor.py:830} INFO - Processing file /opt/airflow/dags/bash_operator.py for tasks to queue
[2024-02-29T16:18:53.702+0000] {logging_mixin.py:188} INFO - [2024-02-29T16:18:53.702+0000] {dagbag.py:540} INFO - Filling up the DagBag from /opt/airflow/dags/bash_operator.py
[2024-02-29T16:18:53.715+0000] {processor.py:840} INFO - DAG(s) 'bash_operator' retrieved from /opt/airflow/dags/bash_operator.py
[2024-02-29T16:18:53.738+0000] {logging_mixin.py:188} INFO - [2024-02-29T16:18:53.738+0000] {dag.py:3047} INFO - Sync 1 DAGs
[2024-02-29T16:18:53.758+0000] {logging_mixin.py:188} INFO - [2024-02-29T16:18:53.758+0000] {dag.py:3834} INFO - Setting next_dagrun for bash_operator to None, run_after=None
[2024-02-29T16:18:53.778+0000] {processor.py:183} INFO - Processing /opt/airflow/dags/bash_operator.py took 0.080 seconds
[2024-02-29T16:19:24.583+0000] {processor.py:161} INFO - Started process (PID=238) to work on /opt/airflow/dags/bash_operator.py
[2024-02-29T16:19:24.584+0000] {processor.py:830} INFO - Processing file /opt/airflow/dags/bash_operator.py for tasks to queue
[2024-02-29T16:19:24.585+0000] {logging_mixin.py:188} INFO - [2024-02-29T16:19:24.585+0000] {dagbag.py:540} INFO - Filling up the DagBag from /opt/airflow/dags/bash_operator.py
[2024-02-29T16:19:24.602+0000] {processor.py:840} INFO - DAG(s) 'bash_operator' retrieved from /opt/airflow/dags/bash_operator.py
[2024-02-29T16:19:24.641+0000] {logging_mixin.py:188} INFO - [2024-02-29T16:19:24.641+0000] {dag.py:3047} INFO - Sync 1 DAGs
[2024-02-29T16:19:24.664+0000] {logging_mixin.py:188} INFO - [2024-02-29T16:19:24.664+0000] {dag.py:3834} INFO - Setting next_dagrun for bash_operator to None, run_after=None
[2024-02-29T16:19:24.689+0000] {processor.py:183} INFO - Processing /opt/airflow/dags/bash_operator.py took 0.108 seconds
[2024-02-29T16:19:55.460+0000] {processor.py:161} INFO - Started process (PID=251) to work on /opt/airflow/dags/bash_operator.py
[2024-02-29T16:19:55.461+0000] {processor.py:830} INFO - Processing file /opt/airflow/dags/bash_operator.py for tasks to queue
[2024-02-29T16:19:55.463+0000] {logging_mixin.py:188} INFO - [2024-02-29T16:19:55.462+0000] {dagbag.py:540} INFO - Filling up the DagBag from /opt/airflow/dags/bash_operator.py
[2024-02-29T16:19:55.477+0000] {processor.py:840} INFO - DAG(s) 'bash_operator' retrieved from /opt/airflow/dags/bash_operator.py
[2024-02-29T16:19:55.506+0000] {logging_mixin.py:188} INFO - [2024-02-29T16:19:55.506+0000] {dag.py:3047} INFO - Sync 1 DAGs
[2024-02-29T16:19:55.529+0000] {logging_mixin.py:188} INFO - [2024-02-29T16:19:55.529+0000] {dag.py:3834} INFO - Setting next_dagrun for bash_operator to None, run_after=None
[2024-02-29T16:19:55.548+0000] {processor.py:183} INFO - Processing /opt/airflow/dags/bash_operator.py took 0.090 seconds
[2024-02-29T16:20:26.336+0000] {processor.py:161} INFO - Started process (PID=264) to work on /opt/airflow/dags/bash_operator.py
[2024-02-29T16:20:26.337+0000] {processor.py:830} INFO - Processing file /opt/airflow/dags/bash_operator.py for tasks to queue
[2024-02-29T16:20:26.338+0000] {logging_mixin.py:188} INFO - [2024-02-29T16:20:26.338+0000] {dagbag.py:540} INFO - Filling up the DagBag from /opt/airflow/dags/bash_operator.py
[2024-02-29T16:20:26.350+0000] {processor.py:840} INFO - DAG(s) 'bash_operator' retrieved from /opt/airflow/dags/bash_operator.py
[2024-02-29T16:20:26.375+0000] {logging_mixin.py:188} INFO - [2024-02-29T16:20:26.375+0000] {dag.py:3047} INFO - Sync 1 DAGs
[2024-02-29T16:20:26.392+0000] {logging_mixin.py:188} INFO - [2024-02-29T16:20:26.392+0000] {dag.py:3834} INFO - Setting next_dagrun for bash_operator to None, run_after=None
[2024-02-29T16:20:26.418+0000] {processor.py:183} INFO - Processing /opt/airflow/dags/bash_operator.py took 0.084 seconds
[2024-02-29T16:20:57.006+0000] {processor.py:161} INFO - Started process (PID=277) to work on /opt/airflow/dags/bash_operator.py
[2024-02-29T16:20:57.006+0000] {processor.py:830} INFO - Processing file /opt/airflow/dags/bash_operator.py for tasks to queue
[2024-02-29T16:20:57.008+0000] {logging_mixin.py:188} INFO - [2024-02-29T16:20:57.008+0000] {dagbag.py:540} INFO - Filling up the DagBag from /opt/airflow/dags/bash_operator.py
[2024-02-29T16:20:57.026+0000] {processor.py:840} INFO - DAG(s) 'bash_operator' retrieved from /opt/airflow/dags/bash_operator.py
[2024-02-29T16:20:57.055+0000] {logging_mixin.py:188} INFO - [2024-02-29T16:20:57.055+0000] {dag.py:3047} INFO - Sync 1 DAGs
[2024-02-29T16:20:57.075+0000] {logging_mixin.py:188} INFO - [2024-02-29T16:20:57.075+0000] {dag.py:3834} INFO - Setting next_dagrun for bash_operator to None, run_after=None
[2024-02-29T16:20:57.096+0000] {processor.py:183} INFO - Processing /opt/airflow/dags/bash_operator.py took 0.093 seconds
[2024-02-29T16:21:27.950+0000] {processor.py:161} INFO - Started process (PID=290) to work on /opt/airflow/dags/bash_operator.py
[2024-02-29T16:21:27.951+0000] {processor.py:830} INFO - Processing file /opt/airflow/dags/bash_operator.py for tasks to queue
[2024-02-29T16:21:27.953+0000] {logging_mixin.py:188} INFO - [2024-02-29T16:21:27.953+0000] {dagbag.py:540} INFO - Filling up the DagBag from /opt/airflow/dags/bash_operator.py
[2024-02-29T16:21:27.969+0000] {processor.py:840} INFO - DAG(s) 'bash_operator' retrieved from /opt/airflow/dags/bash_operator.py
[2024-02-29T16:21:27.998+0000] {logging_mixin.py:188} INFO - [2024-02-29T16:21:27.998+0000] {dag.py:3047} INFO - Sync 1 DAGs
[2024-02-29T16:21:28.018+0000] {logging_mixin.py:188} INFO - [2024-02-29T16:21:28.017+0000] {dag.py:3834} INFO - Setting next_dagrun for bash_operator to None, run_after=None
[2024-02-29T16:21:28.041+0000] {processor.py:183} INFO - Processing /opt/airflow/dags/bash_operator.py took 0.093 seconds
[2024-02-29T16:21:58.973+0000] {processor.py:161} INFO - Started process (PID=303) to work on /opt/airflow/dags/bash_operator.py
[2024-02-29T16:21:58.973+0000] {processor.py:830} INFO - Processing file /opt/airflow/dags/bash_operator.py for tasks to queue
[2024-02-29T16:21:58.975+0000] {logging_mixin.py:188} INFO - [2024-02-29T16:21:58.975+0000] {dagbag.py:540} INFO - Filling up the DagBag from /opt/airflow/dags/bash_operator.py
[2024-02-29T16:21:58.991+0000] {processor.py:840} INFO - DAG(s) 'bash_operator' retrieved from /opt/airflow/dags/bash_operator.py
[2024-02-29T16:21:59.020+0000] {logging_mixin.py:188} INFO - [2024-02-29T16:21:59.020+0000] {dag.py:3047} INFO - Sync 1 DAGs
[2024-02-29T16:21:59.039+0000] {logging_mixin.py:188} INFO - [2024-02-29T16:21:59.039+0000] {dag.py:3834} INFO - Setting next_dagrun for bash_operator to None, run_after=None
[2024-02-29T16:21:59.056+0000] {processor.py:183} INFO - Processing /opt/airflow/dags/bash_operator.py took 0.085 seconds
[2024-02-29T16:22:29.859+0000] {processor.py:161} INFO - Started process (PID=316) to work on /opt/airflow/dags/bash_operator.py
[2024-02-29T16:22:29.860+0000] {processor.py:830} INFO - Processing file /opt/airflow/dags/bash_operator.py for tasks to queue
[2024-02-29T16:22:29.862+0000] {logging_mixin.py:188} INFO - [2024-02-29T16:22:29.861+0000] {dagbag.py:540} INFO - Filling up the DagBag from /opt/airflow/dags/bash_operator.py
[2024-02-29T16:22:29.877+0000] {processor.py:840} INFO - DAG(s) 'bash_operator' retrieved from /opt/airflow/dags/bash_operator.py
[2024-02-29T16:22:29.907+0000] {logging_mixin.py:188} INFO - [2024-02-29T16:22:29.907+0000] {dag.py:3047} INFO - Sync 1 DAGs
[2024-02-29T16:22:29.930+0000] {logging_mixin.py:188} INFO - [2024-02-29T16:22:29.930+0000] {dag.py:3834} INFO - Setting next_dagrun for bash_operator to None, run_after=None
[2024-02-29T16:22:29.956+0000] {processor.py:183} INFO - Processing /opt/airflow/dags/bash_operator.py took 0.099 seconds
[2024-02-29T16:23:00.758+0000] {processor.py:161} INFO - Started process (PID=329) to work on /opt/airflow/dags/bash_operator.py
[2024-02-29T16:23:00.759+0000] {processor.py:830} INFO - Processing file /opt/airflow/dags/bash_operator.py for tasks to queue
[2024-02-29T16:23:00.760+0000] {logging_mixin.py:188} INFO - [2024-02-29T16:23:00.760+0000] {dagbag.py:540} INFO - Filling up the DagBag from /opt/airflow/dags/bash_operator.py
[2024-02-29T16:23:00.778+0000] {processor.py:840} INFO - DAG(s) 'bash_operator' retrieved from /opt/airflow/dags/bash_operator.py
[2024-02-29T16:23:00.812+0000] {logging_mixin.py:188} INFO - [2024-02-29T16:23:00.812+0000] {dag.py:3047} INFO - Sync 1 DAGs
[2024-02-29T16:23:00.834+0000] {logging_mixin.py:188} INFO - [2024-02-29T16:23:00.834+0000] {dag.py:3834} INFO - Setting next_dagrun for bash_operator to None, run_after=None
[2024-02-29T16:23:00.864+0000] {processor.py:183} INFO - Processing /opt/airflow/dags/bash_operator.py took 0.108 seconds
[2024-02-29T16:23:31.912+0000] {processor.py:161} INFO - Started process (PID=342) to work on /opt/airflow/dags/bash_operator.py
[2024-02-29T16:23:31.913+0000] {processor.py:830} INFO - Processing file /opt/airflow/dags/bash_operator.py for tasks to queue
[2024-02-29T16:23:31.915+0000] {logging_mixin.py:188} INFO - [2024-02-29T16:23:31.914+0000] {dagbag.py:540} INFO - Filling up the DagBag from /opt/airflow/dags/bash_operator.py
[2024-02-29T16:23:31.932+0000] {processor.py:840} INFO - DAG(s) 'bash_operator' retrieved from /opt/airflow/dags/bash_operator.py
[2024-02-29T16:23:31.964+0000] {logging_mixin.py:188} INFO - [2024-02-29T16:23:31.964+0000] {dag.py:3047} INFO - Sync 1 DAGs
[2024-02-29T16:23:31.987+0000] {logging_mixin.py:188} INFO - [2024-02-29T16:23:31.986+0000] {dag.py:3834} INFO - Setting next_dagrun for bash_operator to None, run_after=None
[2024-02-29T16:23:32.012+0000] {processor.py:183} INFO - Processing /opt/airflow/dags/bash_operator.py took 0.103 seconds
[2024-02-29T16:24:02.841+0000] {processor.py:161} INFO - Started process (PID=355) to work on /opt/airflow/dags/bash_operator.py
[2024-02-29T16:24:02.842+0000] {processor.py:830} INFO - Processing file /opt/airflow/dags/bash_operator.py for tasks to queue
[2024-02-29T16:24:02.844+0000] {logging_mixin.py:188} INFO - [2024-02-29T16:24:02.844+0000] {dagbag.py:540} INFO - Filling up the DagBag from /opt/airflow/dags/bash_operator.py
[2024-02-29T16:24:02.859+0000] {processor.py:840} INFO - DAG(s) 'bash_operator' retrieved from /opt/airflow/dags/bash_operator.py
[2024-02-29T16:24:02.895+0000] {logging_mixin.py:188} INFO - [2024-02-29T16:24:02.895+0000] {dag.py:3047} INFO - Sync 1 DAGs
[2024-02-29T16:24:02.916+0000] {logging_mixin.py:188} INFO - [2024-02-29T16:24:02.916+0000] {dag.py:3834} INFO - Setting next_dagrun for bash_operator to None, run_after=None
[2024-02-29T16:24:02.938+0000] {processor.py:183} INFO - Processing /opt/airflow/dags/bash_operator.py took 0.098 seconds
[2024-02-29T16:24:33.533+0000] {processor.py:161} INFO - Started process (PID=368) to work on /opt/airflow/dags/bash_operator.py
[2024-02-29T16:24:33.533+0000] {processor.py:830} INFO - Processing file /opt/airflow/dags/bash_operator.py for tasks to queue
[2024-02-29T16:24:33.535+0000] {logging_mixin.py:188} INFO - [2024-02-29T16:24:33.535+0000] {dagbag.py:540} INFO - Filling up the DagBag from /opt/airflow/dags/bash_operator.py
[2024-02-29T16:24:33.550+0000] {processor.py:840} INFO - DAG(s) 'bash_operator' retrieved from /opt/airflow/dags/bash_operator.py
[2024-02-29T16:24:33.577+0000] {logging_mixin.py:188} INFO - [2024-02-29T16:24:33.577+0000] {dag.py:3047} INFO - Sync 1 DAGs
[2024-02-29T16:24:33.598+0000] {logging_mixin.py:188} INFO - [2024-02-29T16:24:33.598+0000] {dag.py:3834} INFO - Setting next_dagrun for bash_operator to None, run_after=None
[2024-02-29T16:24:33.622+0000] {processor.py:183} INFO - Processing /opt/airflow/dags/bash_operator.py took 0.092 seconds
[2024-02-29T16:25:04.481+0000] {processor.py:161} INFO - Started process (PID=381) to work on /opt/airflow/dags/bash_operator.py
[2024-02-29T16:25:04.482+0000] {processor.py:830} INFO - Processing file /opt/airflow/dags/bash_operator.py for tasks to queue
[2024-02-29T16:25:04.483+0000] {logging_mixin.py:188} INFO - [2024-02-29T16:25:04.483+0000] {dagbag.py:540} INFO - Filling up the DagBag from /opt/airflow/dags/bash_operator.py
[2024-02-29T16:25:04.497+0000] {processor.py:840} INFO - DAG(s) 'bash_operator' retrieved from /opt/airflow/dags/bash_operator.py
[2024-02-29T16:25:04.523+0000] {logging_mixin.py:188} INFO - [2024-02-29T16:25:04.523+0000] {dag.py:3047} INFO - Sync 1 DAGs
[2024-02-29T16:25:04.541+0000] {logging_mixin.py:188} INFO - [2024-02-29T16:25:04.540+0000] {dag.py:3834} INFO - Setting next_dagrun for bash_operator to None, run_after=None
[2024-02-29T16:25:04.562+0000] {processor.py:183} INFO - Processing /opt/airflow/dags/bash_operator.py took 0.083 seconds
[2024-02-29T16:25:35.390+0000] {processor.py:161} INFO - Started process (PID=400) to work on /opt/airflow/dags/bash_operator.py
[2024-02-29T16:25:35.391+0000] {processor.py:830} INFO - Processing file /opt/airflow/dags/bash_operator.py for tasks to queue
[2024-02-29T16:25:35.392+0000] {logging_mixin.py:188} INFO - [2024-02-29T16:25:35.392+0000] {dagbag.py:540} INFO - Filling up the DagBag from /opt/airflow/dags/bash_operator.py
[2024-02-29T16:25:35.407+0000] {processor.py:840} INFO - DAG(s) 'bash_operator' retrieved from /opt/airflow/dags/bash_operator.py
[2024-02-29T16:25:35.438+0000] {logging_mixin.py:188} INFO - [2024-02-29T16:25:35.437+0000] {dag.py:3047} INFO - Sync 1 DAGs
[2024-02-29T16:25:35.458+0000] {logging_mixin.py:188} INFO - [2024-02-29T16:25:35.458+0000] {dag.py:3834} INFO - Setting next_dagrun for bash_operator to None, run_after=None
[2024-02-29T16:25:35.482+0000] {processor.py:183} INFO - Processing /opt/airflow/dags/bash_operator.py took 0.095 seconds
[2024-02-29T16:26:06.333+0000] {processor.py:161} INFO - Started process (PID=413) to work on /opt/airflow/dags/bash_operator.py
[2024-02-29T16:26:06.333+0000] {processor.py:830} INFO - Processing file /opt/airflow/dags/bash_operator.py for tasks to queue
[2024-02-29T16:26:06.335+0000] {logging_mixin.py:188} INFO - [2024-02-29T16:26:06.334+0000] {dagbag.py:540} INFO - Filling up the DagBag from /opt/airflow/dags/bash_operator.py
[2024-02-29T16:26:06.347+0000] {processor.py:840} INFO - DAG(s) 'bash_operator' retrieved from /opt/airflow/dags/bash_operator.py
[2024-02-29T16:26:06.372+0000] {logging_mixin.py:188} INFO - [2024-02-29T16:26:06.372+0000] {dag.py:3047} INFO - Sync 1 DAGs
[2024-02-29T16:26:06.392+0000] {logging_mixin.py:188} INFO - [2024-02-29T16:26:06.392+0000] {dag.py:3834} INFO - Setting next_dagrun for bash_operator to None, run_after=None
[2024-02-29T16:26:06.431+0000] {processor.py:183} INFO - Processing /opt/airflow/dags/bash_operator.py took 0.101 seconds
[2024-02-29T16:26:37.099+0000] {processor.py:161} INFO - Started process (PID=426) to work on /opt/airflow/dags/bash_operator.py
[2024-02-29T16:26:37.100+0000] {processor.py:830} INFO - Processing file /opt/airflow/dags/bash_operator.py for tasks to queue
[2024-02-29T16:26:37.102+0000] {logging_mixin.py:188} INFO - [2024-02-29T16:26:37.101+0000] {dagbag.py:540} INFO - Filling up the DagBag from /opt/airflow/dags/bash_operator.py
[2024-02-29T16:26:37.116+0000] {processor.py:840} INFO - DAG(s) 'bash_operator' retrieved from /opt/airflow/dags/bash_operator.py
[2024-02-29T16:26:37.144+0000] {logging_mixin.py:188} INFO - [2024-02-29T16:26:37.144+0000] {dag.py:3047} INFO - Sync 1 DAGs
[2024-02-29T16:26:37.163+0000] {logging_mixin.py:188} INFO - [2024-02-29T16:26:37.162+0000] {dag.py:3834} INFO - Setting next_dagrun for bash_operator to None, run_after=None
[2024-02-29T16:26:37.182+0000] {processor.py:183} INFO - Processing /opt/airflow/dags/bash_operator.py took 0.085 seconds
[2024-02-29T16:27:08.020+0000] {processor.py:161} INFO - Started process (PID=440) to work on /opt/airflow/dags/bash_operator.py
[2024-02-29T16:27:08.020+0000] {processor.py:830} INFO - Processing file /opt/airflow/dags/bash_operator.py for tasks to queue
[2024-02-29T16:27:08.022+0000] {logging_mixin.py:188} INFO - [2024-02-29T16:27:08.021+0000] {dagbag.py:540} INFO - Filling up the DagBag from /opt/airflow/dags/bash_operator.py
[2024-02-29T16:27:08.036+0000] {processor.py:840} INFO - DAG(s) 'bash_operator' retrieved from /opt/airflow/dags/bash_operator.py
[2024-02-29T16:27:08.073+0000] {logging_mixin.py:188} INFO - [2024-02-29T16:27:08.073+0000] {dag.py:3047} INFO - Sync 1 DAGs
[2024-02-29T16:27:08.092+0000] {logging_mixin.py:188} INFO - [2024-02-29T16:27:08.092+0000] {dag.py:3834} INFO - Setting next_dagrun for bash_operator to None, run_after=None
[2024-02-29T16:27:08.108+0000] {processor.py:183} INFO - Processing /opt/airflow/dags/bash_operator.py took 0.091 seconds
