[2024-02-29T16:11:41.074+0000] {processor.py:161} INFO - Started process (PID=38) to work on /opt/airflow/dags/context.py
[2024-02-29T16:11:41.076+0000] {processor.py:830} INFO - Processing file /opt/airflow/dags/context.py for tasks to queue
[2024-02-29T16:11:41.077+0000] {logging_mixin.py:188} INFO - [2024-02-29T16:11:41.077+0000] {dagbag.py:540} INFO - Filling up the DagBag from /opt/airflow/dags/context.py
[2024-02-29T16:11:41.109+0000] {processor.py:840} INFO - DAG(s) 'context' retrieved from /opt/airflow/dags/context.py
[2024-02-29T16:11:41.335+0000] {logging_mixin.py:188} INFO - [2024-02-29T16:11:41.335+0000] {override.py:1769} INFO - Created Permission View: can edit on DAG:context
[2024-02-29T16:11:41.343+0000] {logging_mixin.py:188} INFO - [2024-02-29T16:11:41.342+0000] {override.py:1769} INFO - Created Permission View: can read on DAG:context
[2024-02-29T16:11:41.351+0000] {logging_mixin.py:188} INFO - [2024-02-29T16:11:41.351+0000] {override.py:1769} INFO - Created Permission View: can delete on DAG:context
[2024-02-29T16:11:41.351+0000] {logging_mixin.py:188} INFO - [2024-02-29T16:11:41.351+0000] {dag.py:3047} INFO - Sync 1 DAGs
[2024-02-29T16:11:41.362+0000] {logging_mixin.py:188} INFO - [2024-02-29T16:11:41.362+0000] {dag.py:3069} INFO - Creating ORM DAG for context
[2024-02-29T16:11:41.374+0000] {logging_mixin.py:188} INFO - [2024-02-29T16:11:41.374+0000] {dag.py:3834} INFO - Setting next_dagrun for context to 2024-01-01 00:00:00+00:00, run_after=2024-01-02 00:00:00+00:00
[2024-02-29T16:11:41.401+0000] {processor.py:183} INFO - Processing /opt/airflow/dags/context.py took 0.330 seconds
[2024-02-29T16:12:12.180+0000] {processor.py:161} INFO - Started process (PID=51) to work on /opt/airflow/dags/context.py
[2024-02-29T16:12:12.181+0000] {processor.py:830} INFO - Processing file /opt/airflow/dags/context.py for tasks to queue
[2024-02-29T16:12:12.182+0000] {logging_mixin.py:188} INFO - [2024-02-29T16:12:12.182+0000] {dagbag.py:540} INFO - Filling up the DagBag from /opt/airflow/dags/context.py
[2024-02-29T16:12:12.196+0000] {processor.py:840} INFO - DAG(s) 'context' retrieved from /opt/airflow/dags/context.py
[2024-02-29T16:12:12.222+0000] {logging_mixin.py:188} INFO - [2024-02-29T16:12:12.221+0000] {dag.py:3047} INFO - Sync 1 DAGs
[2024-02-29T16:12:12.242+0000] {logging_mixin.py:188} INFO - [2024-02-29T16:12:12.242+0000] {dag.py:3834} INFO - Setting next_dagrun for context to 2024-01-23 00:00:00+00:00, run_after=2024-01-24 00:00:00+00:00
[2024-02-29T16:12:12.269+0000] {processor.py:183} INFO - Processing /opt/airflow/dags/context.py took 0.091 seconds
[2024-02-29T16:12:43.093+0000] {processor.py:161} INFO - Started process (PID=64) to work on /opt/airflow/dags/context.py
[2024-02-29T16:12:43.094+0000] {processor.py:830} INFO - Processing file /opt/airflow/dags/context.py for tasks to queue
[2024-02-29T16:12:43.096+0000] {logging_mixin.py:188} INFO - [2024-02-29T16:12:43.096+0000] {dagbag.py:540} INFO - Filling up the DagBag from /opt/airflow/dags/context.py
[2024-02-29T16:12:43.112+0000] {processor.py:840} INFO - DAG(s) 'context' retrieved from /opt/airflow/dags/context.py
[2024-02-29T16:12:43.137+0000] {logging_mixin.py:188} INFO - [2024-02-29T16:12:43.137+0000] {dag.py:3047} INFO - Sync 1 DAGs
[2024-02-29T16:12:43.156+0000] {logging_mixin.py:188} INFO - [2024-02-29T16:12:43.156+0000] {dag.py:3834} INFO - Setting next_dagrun for context to 2024-01-23 00:00:00+00:00, run_after=2024-01-24 00:00:00+00:00
[2024-02-29T16:12:43.176+0000] {processor.py:183} INFO - Processing /opt/airflow/dags/context.py took 0.085 seconds
[2024-02-29T16:13:13.982+0000] {processor.py:161} INFO - Started process (PID=77) to work on /opt/airflow/dags/context.py
[2024-02-29T16:13:13.983+0000] {processor.py:830} INFO - Processing file /opt/airflow/dags/context.py for tasks to queue
[2024-02-29T16:13:13.985+0000] {logging_mixin.py:188} INFO - [2024-02-29T16:13:13.985+0000] {dagbag.py:540} INFO - Filling up the DagBag from /opt/airflow/dags/context.py
[2024-02-29T16:13:14.007+0000] {processor.py:840} INFO - DAG(s) 'context' retrieved from /opt/airflow/dags/context.py
[2024-02-29T16:13:14.099+0000] {logging_mixin.py:188} INFO - [2024-02-29T16:13:14.099+0000] {dag.py:3047} INFO - Sync 1 DAGs
[2024-02-29T16:13:14.109+0000] {logging_mixin.py:188} INFO - [2024-02-29T16:13:14.109+0000] {dag.py:3069} INFO - Creating ORM DAG for context
[2024-02-29T16:13:14.121+0000] {logging_mixin.py:188} INFO - [2024-02-29T16:13:14.121+0000] {dag.py:3834} INFO - Setting next_dagrun for context to 2024-01-01 00:00:00+00:00, run_after=2024-01-02 00:00:00+00:00
[2024-02-29T16:13:14.138+0000] {processor.py:183} INFO - Processing /opt/airflow/dags/context.py took 0.158 seconds
[2024-02-29T16:13:44.785+0000] {processor.py:161} INFO - Started process (PID=90) to work on /opt/airflow/dags/context.py
[2024-02-29T16:13:44.786+0000] {processor.py:830} INFO - Processing file /opt/airflow/dags/context.py for tasks to queue
[2024-02-29T16:13:44.787+0000] {logging_mixin.py:188} INFO - [2024-02-29T16:13:44.787+0000] {dagbag.py:540} INFO - Filling up the DagBag from /opt/airflow/dags/context.py
[2024-02-29T16:13:44.811+0000] {processor.py:840} INFO - DAG(s) 'context' retrieved from /opt/airflow/dags/context.py
[2024-02-29T16:13:44.848+0000] {logging_mixin.py:188} INFO - [2024-02-29T16:13:44.848+0000] {dag.py:3047} INFO - Sync 1 DAGs
[2024-02-29T16:13:44.867+0000] {logging_mixin.py:188} INFO - [2024-02-29T16:13:44.866+0000] {dag.py:3834} INFO - Setting next_dagrun for context to None, run_after=None
[2024-02-29T16:13:44.896+0000] {processor.py:183} INFO - Processing /opt/airflow/dags/context.py took 0.114 seconds
[2024-02-29T16:14:15.814+0000] {processor.py:161} INFO - Started process (PID=103) to work on /opt/airflow/dags/context.py
[2024-02-29T16:14:15.815+0000] {processor.py:830} INFO - Processing file /opt/airflow/dags/context.py for tasks to queue
[2024-02-29T16:14:15.817+0000] {logging_mixin.py:188} INFO - [2024-02-29T16:14:15.816+0000] {dagbag.py:540} INFO - Filling up the DagBag from /opt/airflow/dags/context.py
[2024-02-29T16:14:15.837+0000] {processor.py:840} INFO - DAG(s) 'context' retrieved from /opt/airflow/dags/context.py
[2024-02-29T16:14:15.873+0000] {logging_mixin.py:188} INFO - [2024-02-29T16:14:15.872+0000] {dag.py:3047} INFO - Sync 1 DAGs
[2024-02-29T16:14:15.892+0000] {logging_mixin.py:188} INFO - [2024-02-29T16:14:15.892+0000] {dag.py:3834} INFO - Setting next_dagrun for context to None, run_after=None
[2024-02-29T16:14:15.911+0000] {processor.py:183} INFO - Processing /opt/airflow/dags/context.py took 0.099 seconds
[2024-02-29T16:14:46.700+0000] {processor.py:161} INFO - Started process (PID=116) to work on /opt/airflow/dags/context.py
[2024-02-29T16:14:46.701+0000] {processor.py:830} INFO - Processing file /opt/airflow/dags/context.py for tasks to queue
[2024-02-29T16:14:46.703+0000] {logging_mixin.py:188} INFO - [2024-02-29T16:14:46.703+0000] {dagbag.py:540} INFO - Filling up the DagBag from /opt/airflow/dags/context.py
[2024-02-29T16:14:46.716+0000] {processor.py:840} INFO - DAG(s) 'context' retrieved from /opt/airflow/dags/context.py
[2024-02-29T16:14:46.746+0000] {logging_mixin.py:188} INFO - [2024-02-29T16:14:46.746+0000] {dag.py:3047} INFO - Sync 1 DAGs
[2024-02-29T16:14:46.765+0000] {logging_mixin.py:188} INFO - [2024-02-29T16:14:46.765+0000] {dag.py:3834} INFO - Setting next_dagrun for context to None, run_after=None
[2024-02-29T16:14:46.795+0000] {processor.py:183} INFO - Processing /opt/airflow/dags/context.py took 0.097 seconds
[2024-02-29T16:15:17.568+0000] {processor.py:161} INFO - Started process (PID=129) to work on /opt/airflow/dags/context.py
[2024-02-29T16:15:17.569+0000] {processor.py:830} INFO - Processing file /opt/airflow/dags/context.py for tasks to queue
[2024-02-29T16:15:17.570+0000] {logging_mixin.py:188} INFO - [2024-02-29T16:15:17.570+0000] {dagbag.py:540} INFO - Filling up the DagBag from /opt/airflow/dags/context.py
[2024-02-29T16:15:17.588+0000] {processor.py:840} INFO - DAG(s) 'context' retrieved from /opt/airflow/dags/context.py
[2024-02-29T16:15:17.621+0000] {logging_mixin.py:188} INFO - [2024-02-29T16:15:17.620+0000] {dag.py:3047} INFO - Sync 1 DAGs
[2024-02-29T16:15:17.644+0000] {logging_mixin.py:188} INFO - [2024-02-29T16:15:17.644+0000] {dag.py:3834} INFO - Setting next_dagrun for context to None, run_after=None
[2024-02-29T16:15:17.671+0000] {processor.py:183} INFO - Processing /opt/airflow/dags/context.py took 0.106 seconds
[2024-02-29T16:15:26.067+0000] {processor.py:161} INFO - Started process (PID=136) to work on /opt/airflow/dags/context.py
[2024-02-29T16:15:26.067+0000] {processor.py:830} INFO - Processing file /opt/airflow/dags/context.py for tasks to queue
[2024-02-29T16:15:26.069+0000] {logging_mixin.py:188} INFO - [2024-02-29T16:15:26.069+0000] {dagbag.py:540} INFO - Filling up the DagBag from /opt/airflow/dags/context.py
[2024-02-29T16:15:26.090+0000] {processor.py:840} INFO - DAG(s) 'context' retrieved from /opt/airflow/dags/context.py
[2024-02-29T16:15:26.116+0000] {logging_mixin.py:188} INFO - [2024-02-29T16:15:26.116+0000] {dag.py:3047} INFO - Sync 1 DAGs
[2024-02-29T16:15:26.136+0000] {logging_mixin.py:188} INFO - [2024-02-29T16:15:26.136+0000] {dag.py:3834} INFO - Setting next_dagrun for context to None, run_after=None
[2024-02-29T16:15:26.182+0000] {processor.py:183} INFO - Processing /opt/airflow/dags/context.py took 0.117 seconds
