[2024-02-29T16:03:27.312+0000] {processor.py:161} INFO - Started process (PID=40) to work on /opt/airflow/dags/dag_run.py
[2024-02-29T16:03:27.313+0000] {processor.py:830} INFO - Processing file /opt/airflow/dags/dag_run.py for tasks to queue
[2024-02-29T16:03:27.314+0000] {logging_mixin.py:188} INFO - [2024-02-29T16:03:27.314+0000] {dagbag.py:540} INFO - Filling up the DagBag from /opt/airflow/dags/dag_run.py
[2024-02-29T16:03:27.432+0000] {processor.py:840} INFO - DAG(s) 'dag_run' retrieved from /opt/airflow/dags/dag_run.py
[2024-02-29T16:03:27.489+0000] {logging_mixin.py:188} INFO - [2024-02-29T16:03:27.489+0000] {override.py:1769} INFO - Created Permission View: can read on DAG:dag_run
[2024-02-29T16:03:27.496+0000] {logging_mixin.py:188} INFO - [2024-02-29T16:03:27.495+0000] {override.py:1769} INFO - Created Permission View: can delete on DAG:dag_run
[2024-02-29T16:03:27.499+0000] {logging_mixin.py:188} INFO - [2024-02-29T16:03:27.499+0000] {override.py:1769} INFO - Created Permission View: can edit on DAG:dag_run
[2024-02-29T16:03:27.500+0000] {logging_mixin.py:188} INFO - [2024-02-29T16:03:27.500+0000] {dag.py:3047} INFO - Sync 1 DAGs
[2024-02-29T16:03:27.506+0000] {logging_mixin.py:188} INFO - [2024-02-29T16:03:27.506+0000] {dag.py:3069} INFO - Creating ORM DAG for dag_run
[2024-02-29T16:03:27.512+0000] {logging_mixin.py:188} INFO - [2024-02-29T16:03:27.512+0000] {dag.py:3834} INFO - Setting next_dagrun for dag_run to 2024-01-01 00:00:00+00:00, run_after=2024-01-01 00:00:00+00:00
[2024-02-29T16:03:27.524+0000] {processor.py:183} INFO - Processing /opt/airflow/dags/dag_run.py took 0.214 seconds
[2024-02-29T16:03:58.406+0000] {processor.py:161} INFO - Started process (PID=52) to work on /opt/airflow/dags/dag_run.py
[2024-02-29T16:03:58.409+0000] {processor.py:830} INFO - Processing file /opt/airflow/dags/dag_run.py for tasks to queue
[2024-02-29T16:03:58.411+0000] {logging_mixin.py:188} INFO - [2024-02-29T16:03:58.411+0000] {dagbag.py:540} INFO - Filling up the DagBag from /opt/airflow/dags/dag_run.py
[2024-02-29T16:03:58.430+0000] {processor.py:840} INFO - DAG(s) 'dag_run' retrieved from /opt/airflow/dags/dag_run.py
[2024-02-29T16:03:58.444+0000] {logging_mixin.py:188} INFO - [2024-02-29T16:03:58.444+0000] {dag.py:3047} INFO - Sync 1 DAGs
[2024-02-29T16:03:58.458+0000] {logging_mixin.py:188} INFO - [2024-02-29T16:03:58.458+0000] {dag.py:3834} INFO - Setting next_dagrun for dag_run to 2024-01-01 00:00:00+00:00, run_after=2024-01-01 00:00:00+00:00
[2024-02-29T16:03:58.468+0000] {processor.py:183} INFO - Processing /opt/airflow/dags/dag_run.py took 0.064 seconds
[2024-02-29T16:04:29.009+0000] {processor.py:161} INFO - Started process (PID=64) to work on /opt/airflow/dags/dag_run.py
[2024-02-29T16:04:29.010+0000] {processor.py:830} INFO - Processing file /opt/airflow/dags/dag_run.py for tasks to queue
[2024-02-29T16:04:29.014+0000] {logging_mixin.py:188} INFO - [2024-02-29T16:04:29.014+0000] {dagbag.py:540} INFO - Filling up the DagBag from /opt/airflow/dags/dag_run.py
[2024-02-29T16:04:29.028+0000] {processor.py:840} INFO - DAG(s) 'dag_run' retrieved from /opt/airflow/dags/dag_run.py
[2024-02-29T16:04:29.045+0000] {logging_mixin.py:188} INFO - [2024-02-29T16:04:29.045+0000] {dag.py:3047} INFO - Sync 1 DAGs
[2024-02-29T16:04:29.058+0000] {logging_mixin.py:188} INFO - [2024-02-29T16:04:29.058+0000] {dag.py:3834} INFO - Setting next_dagrun for dag_run to 2024-01-01 00:00:00+00:00, run_after=2024-01-01 00:00:00+00:00
[2024-02-29T16:04:29.069+0000] {processor.py:183} INFO - Processing /opt/airflow/dags/dag_run.py took 0.063 seconds
[2024-02-29T16:04:59.623+0000] {processor.py:161} INFO - Started process (PID=76) to work on /opt/airflow/dags/dag_run.py
[2024-02-29T16:04:59.623+0000] {processor.py:830} INFO - Processing file /opt/airflow/dags/dag_run.py for tasks to queue
[2024-02-29T16:04:59.624+0000] {logging_mixin.py:188} INFO - [2024-02-29T16:04:59.624+0000] {dagbag.py:540} INFO - Filling up the DagBag from /opt/airflow/dags/dag_run.py
[2024-02-29T16:04:59.640+0000] {processor.py:840} INFO - DAG(s) 'dag_run' retrieved from /opt/airflow/dags/dag_run.py
[2024-02-29T16:04:59.654+0000] {logging_mixin.py:188} INFO - [2024-02-29T16:04:59.654+0000] {dag.py:3047} INFO - Sync 1 DAGs
[2024-02-29T16:04:59.667+0000] {logging_mixin.py:188} INFO - [2024-02-29T16:04:59.666+0000] {dag.py:3834} INFO - Setting next_dagrun for dag_run to 2024-01-01 00:00:00+00:00, run_after=2024-01-01 00:00:00+00:00
[2024-02-29T16:04:59.677+0000] {processor.py:183} INFO - Processing /opt/airflow/dags/dag_run.py took 0.056 seconds
[2024-02-29T16:05:30.295+0000] {processor.py:161} INFO - Started process (PID=88) to work on /opt/airflow/dags/dag_run.py
[2024-02-29T16:05:30.296+0000] {processor.py:830} INFO - Processing file /opt/airflow/dags/dag_run.py for tasks to queue
[2024-02-29T16:05:30.297+0000] {logging_mixin.py:188} INFO - [2024-02-29T16:05:30.297+0000] {dagbag.py:540} INFO - Filling up the DagBag from /opt/airflow/dags/dag_run.py
[2024-02-29T16:05:30.311+0000] {processor.py:840} INFO - DAG(s) 'dag_run' retrieved from /opt/airflow/dags/dag_run.py
[2024-02-29T16:05:30.326+0000] {logging_mixin.py:188} INFO - [2024-02-29T16:05:30.326+0000] {dag.py:3047} INFO - Sync 1 DAGs
[2024-02-29T16:05:30.339+0000] {logging_mixin.py:188} INFO - [2024-02-29T16:05:30.339+0000] {dag.py:3834} INFO - Setting next_dagrun for dag_run to 2024-01-01 00:00:00+00:00, run_after=2024-01-01 00:00:00+00:00
[2024-02-29T16:05:30.349+0000] {processor.py:183} INFO - Processing /opt/airflow/dags/dag_run.py took 0.056 seconds
[2024-02-29T16:06:00.803+0000] {processor.py:161} INFO - Started process (PID=100) to work on /opt/airflow/dags/dag_run.py
[2024-02-29T16:06:00.804+0000] {processor.py:830} INFO - Processing file /opt/airflow/dags/dag_run.py for tasks to queue
[2024-02-29T16:06:00.805+0000] {logging_mixin.py:188} INFO - [2024-02-29T16:06:00.805+0000] {dagbag.py:540} INFO - Filling up the DagBag from /opt/airflow/dags/dag_run.py
[2024-02-29T16:06:00.821+0000] {processor.py:840} INFO - DAG(s) 'dag_run' retrieved from /opt/airflow/dags/dag_run.py
[2024-02-29T16:06:00.835+0000] {logging_mixin.py:188} INFO - [2024-02-29T16:06:00.835+0000] {dag.py:3047} INFO - Sync 1 DAGs
[2024-02-29T16:06:00.847+0000] {logging_mixin.py:188} INFO - [2024-02-29T16:06:00.847+0000] {dag.py:3834} INFO - Setting next_dagrun for dag_run to 2024-01-01 00:00:00+00:00, run_after=2024-01-01 00:00:00+00:00
[2024-02-29T16:06:00.856+0000] {processor.py:183} INFO - Processing /opt/airflow/dags/dag_run.py took 0.055 seconds
[2024-02-29T16:06:31.308+0000] {processor.py:161} INFO - Started process (PID=112) to work on /opt/airflow/dags/dag_run.py
[2024-02-29T16:06:31.309+0000] {processor.py:830} INFO - Processing file /opt/airflow/dags/dag_run.py for tasks to queue
[2024-02-29T16:06:31.310+0000] {logging_mixin.py:188} INFO - [2024-02-29T16:06:31.310+0000] {dagbag.py:540} INFO - Filling up the DagBag from /opt/airflow/dags/dag_run.py
[2024-02-29T16:06:31.324+0000] {processor.py:840} INFO - DAG(s) 'dag_run' retrieved from /opt/airflow/dags/dag_run.py
[2024-02-29T16:06:31.337+0000] {logging_mixin.py:188} INFO - [2024-02-29T16:06:31.337+0000] {dag.py:3047} INFO - Sync 1 DAGs
[2024-02-29T16:06:31.349+0000] {logging_mixin.py:188} INFO - [2024-02-29T16:06:31.348+0000] {dag.py:3834} INFO - Setting next_dagrun for dag_run to 2024-01-01 00:00:00+00:00, run_after=2024-01-01 00:00:00+00:00
[2024-02-29T16:06:31.358+0000] {processor.py:183} INFO - Processing /opt/airflow/dags/dag_run.py took 0.052 seconds
[2024-02-29T16:07:02.064+0000] {processor.py:161} INFO - Started process (PID=124) to work on /opt/airflow/dags/dag_run.py
[2024-02-29T16:07:02.065+0000] {processor.py:830} INFO - Processing file /opt/airflow/dags/dag_run.py for tasks to queue
[2024-02-29T16:07:02.067+0000] {logging_mixin.py:188} INFO - [2024-02-29T16:07:02.067+0000] {dagbag.py:540} INFO - Filling up the DagBag from /opt/airflow/dags/dag_run.py
[2024-02-29T16:07:02.082+0000] {processor.py:840} INFO - DAG(s) 'dag_run' retrieved from /opt/airflow/dags/dag_run.py
[2024-02-29T16:07:02.096+0000] {logging_mixin.py:188} INFO - [2024-02-29T16:07:02.096+0000] {dag.py:3047} INFO - Sync 1 DAGs
[2024-02-29T16:07:02.108+0000] {logging_mixin.py:188} INFO - [2024-02-29T16:07:02.107+0000] {dag.py:3834} INFO - Setting next_dagrun for dag_run to 2024-01-01 00:00:00+00:00, run_after=2024-01-01 00:00:00+00:00
[2024-02-29T16:07:02.118+0000] {processor.py:183} INFO - Processing /opt/airflow/dags/dag_run.py took 0.055 seconds
[2024-02-29T16:07:32.676+0000] {processor.py:161} INFO - Started process (PID=136) to work on /opt/airflow/dags/dag_run.py
[2024-02-29T16:07:32.678+0000] {processor.py:830} INFO - Processing file /opt/airflow/dags/dag_run.py for tasks to queue
[2024-02-29T16:07:32.680+0000] {logging_mixin.py:188} INFO - [2024-02-29T16:07:32.680+0000] {dagbag.py:540} INFO - Filling up the DagBag from /opt/airflow/dags/dag_run.py
[2024-02-29T16:07:32.695+0000] {processor.py:840} INFO - DAG(s) 'dag_run' retrieved from /opt/airflow/dags/dag_run.py
[2024-02-29T16:07:32.711+0000] {logging_mixin.py:188} INFO - [2024-02-29T16:07:32.711+0000] {dag.py:3047} INFO - Sync 1 DAGs
[2024-02-29T16:07:32.724+0000] {logging_mixin.py:188} INFO - [2024-02-29T16:07:32.724+0000] {dag.py:3834} INFO - Setting next_dagrun for dag_run to 2024-01-01 00:00:00+00:00, run_after=2024-01-01 00:00:00+00:00
[2024-02-29T16:07:32.737+0000] {processor.py:183} INFO - Processing /opt/airflow/dags/dag_run.py took 0.063 seconds
[2024-02-29T16:08:03.323+0000] {processor.py:161} INFO - Started process (PID=148) to work on /opt/airflow/dags/dag_run.py
[2024-02-29T16:08:03.324+0000] {processor.py:830} INFO - Processing file /opt/airflow/dags/dag_run.py for tasks to queue
[2024-02-29T16:08:03.325+0000] {logging_mixin.py:188} INFO - [2024-02-29T16:08:03.325+0000] {dagbag.py:540} INFO - Filling up the DagBag from /opt/airflow/dags/dag_run.py
[2024-02-29T16:08:03.348+0000] {processor.py:840} INFO - DAG(s) 'dag_run' retrieved from /opt/airflow/dags/dag_run.py
[2024-02-29T16:08:03.366+0000] {logging_mixin.py:188} INFO - [2024-02-29T16:08:03.366+0000] {dag.py:3047} INFO - Sync 1 DAGs
[2024-02-29T16:08:03.379+0000] {logging_mixin.py:188} INFO - [2024-02-29T16:08:03.379+0000] {dag.py:3834} INFO - Setting next_dagrun for dag_run to 2024-01-01 00:00:00+00:00, run_after=2024-01-01 00:00:00+00:00
[2024-02-29T16:08:03.392+0000] {processor.py:183} INFO - Processing /opt/airflow/dags/dag_run.py took 0.071 seconds
[2024-02-29T16:08:34.226+0000] {processor.py:161} INFO - Started process (PID=160) to work on /opt/airflow/dags/dag_run.py
[2024-02-29T16:08:34.227+0000] {processor.py:830} INFO - Processing file /opt/airflow/dags/dag_run.py for tasks to queue
[2024-02-29T16:08:34.228+0000] {logging_mixin.py:188} INFO - [2024-02-29T16:08:34.228+0000] {dagbag.py:540} INFO - Filling up the DagBag from /opt/airflow/dags/dag_run.py
[2024-02-29T16:08:34.243+0000] {processor.py:840} INFO - DAG(s) 'dag_run' retrieved from /opt/airflow/dags/dag_run.py
[2024-02-29T16:08:34.258+0000] {logging_mixin.py:188} INFO - [2024-02-29T16:08:34.258+0000] {dag.py:3047} INFO - Sync 1 DAGs
[2024-02-29T16:08:34.271+0000] {logging_mixin.py:188} INFO - [2024-02-29T16:08:34.271+0000] {dag.py:3834} INFO - Setting next_dagrun for dag_run to 2024-01-01 00:00:00+00:00, run_after=2024-01-01 00:00:00+00:00
[2024-02-29T16:08:34.284+0000] {processor.py:183} INFO - Processing /opt/airflow/dags/dag_run.py took 0.059 seconds
[2024-02-29T16:09:04.789+0000] {processor.py:161} INFO - Started process (PID=172) to work on /opt/airflow/dags/dag_run.py
[2024-02-29T16:09:04.790+0000] {processor.py:830} INFO - Processing file /opt/airflow/dags/dag_run.py for tasks to queue
[2024-02-29T16:09:04.791+0000] {logging_mixin.py:188} INFO - [2024-02-29T16:09:04.791+0000] {dagbag.py:540} INFO - Filling up the DagBag from /opt/airflow/dags/dag_run.py
[2024-02-29T16:09:04.807+0000] {processor.py:840} INFO - DAG(s) 'dag_run' retrieved from /opt/airflow/dags/dag_run.py
[2024-02-29T16:09:04.824+0000] {logging_mixin.py:188} INFO - [2024-02-29T16:09:04.824+0000] {dag.py:3047} INFO - Sync 1 DAGs
[2024-02-29T16:09:04.838+0000] {logging_mixin.py:188} INFO - [2024-02-29T16:09:04.838+0000] {dag.py:3834} INFO - Setting next_dagrun for dag_run to 2024-01-01 00:00:00+00:00, run_after=2024-01-01 00:00:00+00:00
[2024-02-29T16:09:04.850+0000] {processor.py:183} INFO - Processing /opt/airflow/dags/dag_run.py took 0.063 seconds
[2024-02-29T16:09:35.410+0000] {processor.py:161} INFO - Started process (PID=184) to work on /opt/airflow/dags/dag_run.py
[2024-02-29T16:09:35.410+0000] {processor.py:830} INFO - Processing file /opt/airflow/dags/dag_run.py for tasks to queue
[2024-02-29T16:09:35.412+0000] {logging_mixin.py:188} INFO - [2024-02-29T16:09:35.412+0000] {dagbag.py:540} INFO - Filling up the DagBag from /opt/airflow/dags/dag_run.py
[2024-02-29T16:09:35.441+0000] {processor.py:840} INFO - DAG(s) 'dag_run' retrieved from /opt/airflow/dags/dag_run.py
[2024-02-29T16:09:35.458+0000] {logging_mixin.py:188} INFO - [2024-02-29T16:09:35.457+0000] {dag.py:3047} INFO - Sync 1 DAGs
[2024-02-29T16:09:35.470+0000] {logging_mixin.py:188} INFO - [2024-02-29T16:09:35.470+0000] {dag.py:3834} INFO - Setting next_dagrun for dag_run to 2024-01-01 00:00:00+00:00, run_after=2024-01-01 00:00:00+00:00
[2024-02-29T16:09:35.483+0000] {processor.py:183} INFO - Processing /opt/airflow/dags/dag_run.py took 0.075 seconds
[2024-02-29T16:10:06.099+0000] {processor.py:161} INFO - Started process (PID=196) to work on /opt/airflow/dags/dag_run.py
[2024-02-29T16:10:06.101+0000] {processor.py:830} INFO - Processing file /opt/airflow/dags/dag_run.py for tasks to queue
[2024-02-29T16:10:06.103+0000] {logging_mixin.py:188} INFO - [2024-02-29T16:10:06.103+0000] {dagbag.py:540} INFO - Filling up the DagBag from /opt/airflow/dags/dag_run.py
[2024-02-29T16:10:06.118+0000] {processor.py:840} INFO - DAG(s) 'dag_run' retrieved from /opt/airflow/dags/dag_run.py
[2024-02-29T16:10:06.134+0000] {logging_mixin.py:188} INFO - [2024-02-29T16:10:06.134+0000] {dag.py:3047} INFO - Sync 1 DAGs
[2024-02-29T16:10:06.150+0000] {logging_mixin.py:188} INFO - [2024-02-29T16:10:06.150+0000] {dag.py:3834} INFO - Setting next_dagrun for dag_run to 2024-01-01 00:00:00+00:00, run_after=2024-01-01 00:00:00+00:00
[2024-02-29T16:10:06.160+0000] {processor.py:183} INFO - Processing /opt/airflow/dags/dag_run.py took 0.063 seconds
[2024-02-29T16:10:36.852+0000] {processor.py:161} INFO - Started process (PID=208) to work on /opt/airflow/dags/dag_run.py
[2024-02-29T16:10:36.852+0000] {processor.py:830} INFO - Processing file /opt/airflow/dags/dag_run.py for tasks to queue
[2024-02-29T16:10:36.853+0000] {logging_mixin.py:188} INFO - [2024-02-29T16:10:36.853+0000] {dagbag.py:540} INFO - Filling up the DagBag from /opt/airflow/dags/dag_run.py
[2024-02-29T16:10:36.891+0000] {processor.py:840} INFO - DAG(s) 'dag_run' retrieved from /opt/airflow/dags/dag_run.py
[2024-02-29T16:10:36.908+0000] {logging_mixin.py:188} INFO - [2024-02-29T16:10:36.908+0000] {dag.py:3047} INFO - Sync 1 DAGs
[2024-02-29T16:10:36.923+0000] {logging_mixin.py:188} INFO - [2024-02-29T16:10:36.923+0000] {dag.py:3834} INFO - Setting next_dagrun for dag_run to 2024-01-01 00:00:00+00:00, run_after=2024-01-01 00:00:00+00:00
[2024-02-29T16:10:36.937+0000] {processor.py:183} INFO - Processing /opt/airflow/dags/dag_run.py took 0.087 seconds
[2024-02-29T16:11:07.522+0000] {processor.py:161} INFO - Started process (PID=220) to work on /opt/airflow/dags/dag_run.py
[2024-02-29T16:11:07.522+0000] {processor.py:830} INFO - Processing file /opt/airflow/dags/dag_run.py for tasks to queue
[2024-02-29T16:11:07.524+0000] {logging_mixin.py:188} INFO - [2024-02-29T16:11:07.523+0000] {dagbag.py:540} INFO - Filling up the DagBag from /opt/airflow/dags/dag_run.py
[2024-02-29T16:11:07.537+0000] {processor.py:840} INFO - DAG(s) 'dag_run' retrieved from /opt/airflow/dags/dag_run.py
[2024-02-29T16:11:07.551+0000] {logging_mixin.py:188} INFO - [2024-02-29T16:11:07.551+0000] {dag.py:3047} INFO - Sync 1 DAGs
[2024-02-29T16:11:07.563+0000] {logging_mixin.py:188} INFO - [2024-02-29T16:11:07.563+0000] {dag.py:3834} INFO - Setting next_dagrun for dag_run to 2024-01-01 00:00:00+00:00, run_after=2024-01-01 00:00:00+00:00
[2024-02-29T16:11:07.573+0000] {processor.py:183} INFO - Processing /opt/airflow/dags/dag_run.py took 0.053 seconds
[2024-02-29T16:11:41.429+0000] {processor.py:161} INFO - Started process (PID=41) to work on /opt/airflow/dags/dag_run.py
[2024-02-29T16:11:41.430+0000] {processor.py:830} INFO - Processing file /opt/airflow/dags/dag_run.py for tasks to queue
[2024-02-29T16:11:41.431+0000] {logging_mixin.py:188} INFO - [2024-02-29T16:11:41.431+0000] {dagbag.py:540} INFO - Filling up the DagBag from /opt/airflow/dags/dag_run.py
[2024-02-29T16:11:41.445+0000] {processor.py:840} INFO - DAG(s) 'dag_run' retrieved from /opt/airflow/dags/dag_run.py
[2024-02-29T16:11:41.522+0000] {logging_mixin.py:188} INFO - [2024-02-29T16:11:41.522+0000] {dag.py:3047} INFO - Sync 1 DAGs
[2024-02-29T16:11:41.542+0000] {logging_mixin.py:188} INFO - [2024-02-29T16:11:41.542+0000] {dag.py:3834} INFO - Setting next_dagrun for dag_run to None, run_after=None
[2024-02-29T16:11:41.560+0000] {processor.py:183} INFO - Processing /opt/airflow/dags/dag_run.py took 0.133 seconds
[2024-02-29T16:12:12.395+0000] {processor.py:161} INFO - Started process (PID=54) to work on /opt/airflow/dags/dag_run.py
[2024-02-29T16:12:12.395+0000] {processor.py:830} INFO - Processing file /opt/airflow/dags/dag_run.py for tasks to queue
[2024-02-29T16:12:12.397+0000] {logging_mixin.py:188} INFO - [2024-02-29T16:12:12.397+0000] {dagbag.py:540} INFO - Filling up the DagBag from /opt/airflow/dags/dag_run.py
[2024-02-29T16:12:12.410+0000] {processor.py:840} INFO - DAG(s) 'dag_run' retrieved from /opt/airflow/dags/dag_run.py
[2024-02-29T16:12:12.445+0000] {logging_mixin.py:188} INFO - [2024-02-29T16:12:12.445+0000] {dag.py:3047} INFO - Sync 1 DAGs
[2024-02-29T16:12:12.464+0000] {logging_mixin.py:188} INFO - [2024-02-29T16:12:12.464+0000] {dag.py:3834} INFO - Setting next_dagrun for dag_run to None, run_after=None
[2024-02-29T16:12:12.481+0000] {processor.py:183} INFO - Processing /opt/airflow/dags/dag_run.py took 0.088 seconds
[2024-02-29T16:12:43.302+0000] {processor.py:161} INFO - Started process (PID=67) to work on /opt/airflow/dags/dag_run.py
[2024-02-29T16:12:43.303+0000] {processor.py:830} INFO - Processing file /opt/airflow/dags/dag_run.py for tasks to queue
[2024-02-29T16:12:43.304+0000] {logging_mixin.py:188} INFO - [2024-02-29T16:12:43.304+0000] {dagbag.py:540} INFO - Filling up the DagBag from /opt/airflow/dags/dag_run.py
[2024-02-29T16:12:43.317+0000] {processor.py:840} INFO - DAG(s) 'dag_run' retrieved from /opt/airflow/dags/dag_run.py
[2024-02-29T16:12:43.349+0000] {logging_mixin.py:188} INFO - [2024-02-29T16:12:43.349+0000] {dag.py:3047} INFO - Sync 1 DAGs
[2024-02-29T16:12:43.369+0000] {logging_mixin.py:188} INFO - [2024-02-29T16:12:43.369+0000] {dag.py:3834} INFO - Setting next_dagrun for dag_run to None, run_after=None
[2024-02-29T16:12:43.384+0000] {processor.py:183} INFO - Processing /opt/airflow/dags/dag_run.py took 0.084 seconds
[2024-02-29T16:13:14.158+0000] {processor.py:161} INFO - Started process (PID=80) to work on /opt/airflow/dags/dag_run.py
[2024-02-29T16:13:14.159+0000] {processor.py:830} INFO - Processing file /opt/airflow/dags/dag_run.py for tasks to queue
[2024-02-29T16:13:14.160+0000] {logging_mixin.py:188} INFO - [2024-02-29T16:13:14.160+0000] {dagbag.py:540} INFO - Filling up the DagBag from /opt/airflow/dags/dag_run.py
[2024-02-29T16:13:14.173+0000] {processor.py:840} INFO - DAG(s) 'dag_run' retrieved from /opt/airflow/dags/dag_run.py
[2024-02-29T16:13:14.209+0000] {logging_mixin.py:188} INFO - [2024-02-29T16:13:14.209+0000] {dag.py:3047} INFO - Sync 1 DAGs
[2024-02-29T16:13:14.227+0000] {logging_mixin.py:188} INFO - [2024-02-29T16:13:14.227+0000] {dag.py:3834} INFO - Setting next_dagrun for dag_run to None, run_after=None
[2024-02-29T16:13:14.244+0000] {processor.py:183} INFO - Processing /opt/airflow/dags/dag_run.py took 0.088 seconds
[2024-02-29T16:13:45.025+0000] {processor.py:161} INFO - Started process (PID=93) to work on /opt/airflow/dags/dag_run.py
[2024-02-29T16:13:45.025+0000] {processor.py:830} INFO - Processing file /opt/airflow/dags/dag_run.py for tasks to queue
[2024-02-29T16:13:45.027+0000] {logging_mixin.py:188} INFO - [2024-02-29T16:13:45.027+0000] {dagbag.py:540} INFO - Filling up the DagBag from /opt/airflow/dags/dag_run.py
[2024-02-29T16:13:45.042+0000] {processor.py:840} INFO - DAG(s) 'dag_run' retrieved from /opt/airflow/dags/dag_run.py
[2024-02-29T16:13:45.070+0000] {logging_mixin.py:188} INFO - [2024-02-29T16:13:45.070+0000] {dag.py:3047} INFO - Sync 1 DAGs
[2024-02-29T16:13:45.088+0000] {logging_mixin.py:188} INFO - [2024-02-29T16:13:45.088+0000] {dag.py:3834} INFO - Setting next_dagrun for dag_run to None, run_after=None
[2024-02-29T16:13:45.109+0000] {processor.py:183} INFO - Processing /opt/airflow/dags/dag_run.py took 0.086 seconds
[2024-02-29T16:14:16.037+0000] {processor.py:161} INFO - Started process (PID=106) to work on /opt/airflow/dags/dag_run.py
[2024-02-29T16:14:16.038+0000] {processor.py:830} INFO - Processing file /opt/airflow/dags/dag_run.py for tasks to queue
[2024-02-29T16:14:16.040+0000] {logging_mixin.py:188} INFO - [2024-02-29T16:14:16.040+0000] {dagbag.py:540} INFO - Filling up the DagBag from /opt/airflow/dags/dag_run.py
[2024-02-29T16:14:16.053+0000] {processor.py:840} INFO - DAG(s) 'dag_run' retrieved from /opt/airflow/dags/dag_run.py
[2024-02-29T16:14:16.081+0000] {logging_mixin.py:188} INFO - [2024-02-29T16:14:16.081+0000] {dag.py:3047} INFO - Sync 1 DAGs
[2024-02-29T16:14:16.100+0000] {logging_mixin.py:188} INFO - [2024-02-29T16:14:16.099+0000] {dag.py:3834} INFO - Setting next_dagrun for dag_run to None, run_after=None
[2024-02-29T16:14:16.118+0000] {processor.py:183} INFO - Processing /opt/airflow/dags/dag_run.py took 0.084 seconds
[2024-02-29T16:14:46.925+0000] {processor.py:161} INFO - Started process (PID=119) to work on /opt/airflow/dags/dag_run.py
[2024-02-29T16:14:46.926+0000] {processor.py:830} INFO - Processing file /opt/airflow/dags/dag_run.py for tasks to queue
[2024-02-29T16:14:46.927+0000] {logging_mixin.py:188} INFO - [2024-02-29T16:14:46.927+0000] {dagbag.py:540} INFO - Filling up the DagBag from /opt/airflow/dags/dag_run.py
[2024-02-29T16:14:46.940+0000] {processor.py:840} INFO - DAG(s) 'dag_run' retrieved from /opt/airflow/dags/dag_run.py
[2024-02-29T16:14:46.967+0000] {logging_mixin.py:188} INFO - [2024-02-29T16:14:46.967+0000] {dag.py:3047} INFO - Sync 1 DAGs
[2024-02-29T16:14:46.985+0000] {logging_mixin.py:188} INFO - [2024-02-29T16:14:46.985+0000] {dag.py:3834} INFO - Setting next_dagrun for dag_run to None, run_after=None
[2024-02-29T16:14:47.001+0000] {processor.py:183} INFO - Processing /opt/airflow/dags/dag_run.py took 0.078 seconds
[2024-02-29T16:15:17.697+0000] {processor.py:161} INFO - Started process (PID=132) to work on /opt/airflow/dags/dag_run.py
[2024-02-29T16:15:17.698+0000] {processor.py:830} INFO - Processing file /opt/airflow/dags/dag_run.py for tasks to queue
[2024-02-29T16:15:17.700+0000] {logging_mixin.py:188} INFO - [2024-02-29T16:15:17.699+0000] {dagbag.py:540} INFO - Filling up the DagBag from /opt/airflow/dags/dag_run.py
[2024-02-29T16:15:17.716+0000] {processor.py:840} INFO - DAG(s) 'dag_run' retrieved from /opt/airflow/dags/dag_run.py
[2024-02-29T16:15:17.745+0000] {logging_mixin.py:188} INFO - [2024-02-29T16:15:17.745+0000] {dag.py:3047} INFO - Sync 1 DAGs
[2024-02-29T16:15:17.768+0000] {logging_mixin.py:188} INFO - [2024-02-29T16:15:17.768+0000] {dag.py:3834} INFO - Setting next_dagrun for dag_run to None, run_after=None
[2024-02-29T16:15:17.786+0000] {processor.py:183} INFO - Processing /opt/airflow/dags/dag_run.py took 0.090 seconds
[2024-02-29T16:15:48.598+0000] {processor.py:161} INFO - Started process (PID=145) to work on /opt/airflow/dags/dag_run.py
[2024-02-29T16:15:48.599+0000] {processor.py:830} INFO - Processing file /opt/airflow/dags/dag_run.py for tasks to queue
[2024-02-29T16:15:48.601+0000] {logging_mixin.py:188} INFO - [2024-02-29T16:15:48.601+0000] {dagbag.py:540} INFO - Filling up the DagBag from /opt/airflow/dags/dag_run.py
[2024-02-29T16:15:48.617+0000] {processor.py:840} INFO - DAG(s) 'dag_run' retrieved from /opt/airflow/dags/dag_run.py
[2024-02-29T16:15:48.645+0000] {logging_mixin.py:188} INFO - [2024-02-29T16:15:48.645+0000] {dag.py:3047} INFO - Sync 1 DAGs
[2024-02-29T16:15:48.664+0000] {logging_mixin.py:188} INFO - [2024-02-29T16:15:48.664+0000] {dag.py:3834} INFO - Setting next_dagrun for dag_run to None, run_after=None
[2024-02-29T16:15:48.681+0000] {processor.py:183} INFO - Processing /opt/airflow/dags/dag_run.py took 0.085 seconds
[2024-02-29T16:16:19.320+0000] {processor.py:161} INFO - Started process (PID=158) to work on /opt/airflow/dags/dag_run.py
[2024-02-29T16:16:19.321+0000] {processor.py:830} INFO - Processing file /opt/airflow/dags/dag_run.py for tasks to queue
[2024-02-29T16:16:19.323+0000] {logging_mixin.py:188} INFO - [2024-02-29T16:16:19.323+0000] {dagbag.py:540} INFO - Filling up the DagBag from /opt/airflow/dags/dag_run.py
[2024-02-29T16:16:19.345+0000] {processor.py:840} INFO - DAG(s) 'dag_run' retrieved from /opt/airflow/dags/dag_run.py
[2024-02-29T16:16:19.372+0000] {logging_mixin.py:188} INFO - [2024-02-29T16:16:19.372+0000] {dag.py:3047} INFO - Sync 1 DAGs
[2024-02-29T16:16:19.405+0000] {logging_mixin.py:188} INFO - [2024-02-29T16:16:19.405+0000] {dag.py:3834} INFO - Setting next_dagrun for dag_run to None, run_after=None
[2024-02-29T16:16:19.433+0000] {processor.py:183} INFO - Processing /opt/airflow/dags/dag_run.py took 0.115 seconds
[2024-02-29T16:16:50.138+0000] {processor.py:161} INFO - Started process (PID=171) to work on /opt/airflow/dags/dag_run.py
[2024-02-29T16:16:50.138+0000] {processor.py:830} INFO - Processing file /opt/airflow/dags/dag_run.py for tasks to queue
[2024-02-29T16:16:50.140+0000] {logging_mixin.py:188} INFO - [2024-02-29T16:16:50.140+0000] {dagbag.py:540} INFO - Filling up the DagBag from /opt/airflow/dags/dag_run.py
[2024-02-29T16:16:50.158+0000] {processor.py:840} INFO - DAG(s) 'dag_run' retrieved from /opt/airflow/dags/dag_run.py
[2024-02-29T16:16:50.191+0000] {logging_mixin.py:188} INFO - [2024-02-29T16:16:50.191+0000] {dag.py:3047} INFO - Sync 1 DAGs
[2024-02-29T16:16:50.218+0000] {logging_mixin.py:188} INFO - [2024-02-29T16:16:50.218+0000] {dag.py:3834} INFO - Setting next_dagrun for dag_run to None, run_after=None
[2024-02-29T16:16:50.233+0000] {processor.py:183} INFO - Processing /opt/airflow/dags/dag_run.py took 0.098 seconds
[2024-02-29T16:17:20.966+0000] {processor.py:161} INFO - Started process (PID=184) to work on /opt/airflow/dags/dag_run.py
[2024-02-29T16:17:20.967+0000] {processor.py:830} INFO - Processing file /opt/airflow/dags/dag_run.py for tasks to queue
[2024-02-29T16:17:20.968+0000] {logging_mixin.py:188} INFO - [2024-02-29T16:17:20.968+0000] {dagbag.py:540} INFO - Filling up the DagBag from /opt/airflow/dags/dag_run.py
[2024-02-29T16:17:20.981+0000] {processor.py:840} INFO - DAG(s) 'dag_run' retrieved from /opt/airflow/dags/dag_run.py
[2024-02-29T16:17:21.017+0000] {logging_mixin.py:188} INFO - [2024-02-29T16:17:21.017+0000] {dag.py:3047} INFO - Sync 1 DAGs
[2024-02-29T16:17:21.039+0000] {logging_mixin.py:188} INFO - [2024-02-29T16:17:21.039+0000] {dag.py:3834} INFO - Setting next_dagrun for dag_run to None, run_after=None
[2024-02-29T16:17:21.057+0000] {processor.py:183} INFO - Processing /opt/airflow/dags/dag_run.py took 0.093 seconds
[2024-02-29T16:17:51.790+0000] {processor.py:161} INFO - Started process (PID=197) to work on /opt/airflow/dags/dag_run.py
[2024-02-29T16:17:51.791+0000] {processor.py:830} INFO - Processing file /opt/airflow/dags/dag_run.py for tasks to queue
[2024-02-29T16:17:51.792+0000] {logging_mixin.py:188} INFO - [2024-02-29T16:17:51.792+0000] {dagbag.py:540} INFO - Filling up the DagBag from /opt/airflow/dags/dag_run.py
[2024-02-29T16:17:51.818+0000] {processor.py:840} INFO - DAG(s) 'dag_run' retrieved from /opt/airflow/dags/dag_run.py
[2024-02-29T16:17:51.846+0000] {logging_mixin.py:188} INFO - [2024-02-29T16:17:51.845+0000] {dag.py:3047} INFO - Sync 1 DAGs
[2024-02-29T16:17:51.865+0000] {logging_mixin.py:188} INFO - [2024-02-29T16:17:51.865+0000] {dag.py:3834} INFO - Setting next_dagrun for dag_run to None, run_after=None
[2024-02-29T16:17:51.881+0000] {processor.py:183} INFO - Processing /opt/airflow/dags/dag_run.py took 0.094 seconds
[2024-02-29T16:18:22.644+0000] {processor.py:161} INFO - Started process (PID=210) to work on /opt/airflow/dags/dag_run.py
[2024-02-29T16:18:22.645+0000] {processor.py:830} INFO - Processing file /opt/airflow/dags/dag_run.py for tasks to queue
[2024-02-29T16:18:22.646+0000] {logging_mixin.py:188} INFO - [2024-02-29T16:18:22.646+0000] {dagbag.py:540} INFO - Filling up the DagBag from /opt/airflow/dags/dag_run.py
[2024-02-29T16:18:22.658+0000] {processor.py:840} INFO - DAG(s) 'dag_run' retrieved from /opt/airflow/dags/dag_run.py
[2024-02-29T16:18:22.690+0000] {logging_mixin.py:188} INFO - [2024-02-29T16:18:22.690+0000] {dag.py:3047} INFO - Sync 1 DAGs
[2024-02-29T16:18:22.716+0000] {logging_mixin.py:188} INFO - [2024-02-29T16:18:22.716+0000] {dag.py:3834} INFO - Setting next_dagrun for dag_run to None, run_after=None
[2024-02-29T16:18:22.736+0000] {processor.py:183} INFO - Processing /opt/airflow/dags/dag_run.py took 0.094 seconds
[2024-02-29T16:18:53.584+0000] {processor.py:161} INFO - Started process (PID=223) to work on /opt/airflow/dags/dag_run.py
[2024-02-29T16:18:53.585+0000] {processor.py:830} INFO - Processing file /opt/airflow/dags/dag_run.py for tasks to queue
[2024-02-29T16:18:53.586+0000] {logging_mixin.py:188} INFO - [2024-02-29T16:18:53.586+0000] {dagbag.py:540} INFO - Filling up the DagBag from /opt/airflow/dags/dag_run.py
[2024-02-29T16:18:53.601+0000] {processor.py:840} INFO - DAG(s) 'dag_run' retrieved from /opt/airflow/dags/dag_run.py
[2024-02-29T16:18:53.629+0000] {logging_mixin.py:188} INFO - [2024-02-29T16:18:53.629+0000] {dag.py:3047} INFO - Sync 1 DAGs
[2024-02-29T16:18:53.649+0000] {logging_mixin.py:188} INFO - [2024-02-29T16:18:53.648+0000] {dag.py:3834} INFO - Setting next_dagrun for dag_run to None, run_after=None
[2024-02-29T16:18:53.665+0000] {processor.py:183} INFO - Processing /opt/airflow/dags/dag_run.py took 0.083 seconds
[2024-02-29T16:19:24.456+0000] {processor.py:161} INFO - Started process (PID=236) to work on /opt/airflow/dags/dag_run.py
[2024-02-29T16:19:24.457+0000] {processor.py:830} INFO - Processing file /opt/airflow/dags/dag_run.py for tasks to queue
[2024-02-29T16:19:24.458+0000] {logging_mixin.py:188} INFO - [2024-02-29T16:19:24.458+0000] {dagbag.py:540} INFO - Filling up the DagBag from /opt/airflow/dags/dag_run.py
[2024-02-29T16:19:24.473+0000] {processor.py:840} INFO - DAG(s) 'dag_run' retrieved from /opt/airflow/dags/dag_run.py
[2024-02-29T16:19:24.502+0000] {logging_mixin.py:188} INFO - [2024-02-29T16:19:24.502+0000] {dag.py:3047} INFO - Sync 1 DAGs
[2024-02-29T16:19:24.525+0000] {logging_mixin.py:188} INFO - [2024-02-29T16:19:24.525+0000] {dag.py:3834} INFO - Setting next_dagrun for dag_run to None, run_after=None
[2024-02-29T16:19:24.548+0000] {processor.py:183} INFO - Processing /opt/airflow/dags/dag_run.py took 0.094 seconds
[2024-02-29T16:19:55.319+0000] {processor.py:161} INFO - Started process (PID=249) to work on /opt/airflow/dags/dag_run.py
[2024-02-29T16:19:55.320+0000] {processor.py:830} INFO - Processing file /opt/airflow/dags/dag_run.py for tasks to queue
[2024-02-29T16:19:55.322+0000] {logging_mixin.py:188} INFO - [2024-02-29T16:19:55.321+0000] {dagbag.py:540} INFO - Filling up the DagBag from /opt/airflow/dags/dag_run.py
[2024-02-29T16:19:55.337+0000] {processor.py:840} INFO - DAG(s) 'dag_run' retrieved from /opt/airflow/dags/dag_run.py
[2024-02-29T16:19:55.373+0000] {logging_mixin.py:188} INFO - [2024-02-29T16:19:55.373+0000] {dag.py:3047} INFO - Sync 1 DAGs
[2024-02-29T16:19:55.402+0000] {logging_mixin.py:188} INFO - [2024-02-29T16:19:55.402+0000] {dag.py:3834} INFO - Setting next_dagrun for dag_run to None, run_after=None
[2024-02-29T16:19:55.422+0000] {processor.py:183} INFO - Processing /opt/airflow/dags/dag_run.py took 0.105 seconds
[2024-02-29T16:20:26.207+0000] {processor.py:161} INFO - Started process (PID=262) to work on /opt/airflow/dags/dag_run.py
[2024-02-29T16:20:26.208+0000] {processor.py:830} INFO - Processing file /opt/airflow/dags/dag_run.py for tasks to queue
[2024-02-29T16:20:26.210+0000] {logging_mixin.py:188} INFO - [2024-02-29T16:20:26.209+0000] {dagbag.py:540} INFO - Filling up the DagBag from /opt/airflow/dags/dag_run.py
[2024-02-29T16:20:26.226+0000] {processor.py:840} INFO - DAG(s) 'dag_run' retrieved from /opt/airflow/dags/dag_run.py
[2024-02-29T16:20:26.257+0000] {logging_mixin.py:188} INFO - [2024-02-29T16:20:26.257+0000] {dag.py:3047} INFO - Sync 1 DAGs
[2024-02-29T16:20:26.281+0000] {logging_mixin.py:188} INFO - [2024-02-29T16:20:26.281+0000] {dag.py:3834} INFO - Setting next_dagrun for dag_run to None, run_after=None
[2024-02-29T16:20:26.296+0000] {processor.py:183} INFO - Processing /opt/airflow/dags/dag_run.py took 0.091 seconds
[2024-02-29T16:20:56.899+0000] {processor.py:161} INFO - Started process (PID=275) to work on /opt/airflow/dags/dag_run.py
[2024-02-29T16:20:56.900+0000] {processor.py:830} INFO - Processing file /opt/airflow/dags/dag_run.py for tasks to queue
[2024-02-29T16:20:56.901+0000] {logging_mixin.py:188} INFO - [2024-02-29T16:20:56.901+0000] {dagbag.py:540} INFO - Filling up the DagBag from /opt/airflow/dags/dag_run.py
[2024-02-29T16:20:56.915+0000] {processor.py:840} INFO - DAG(s) 'dag_run' retrieved from /opt/airflow/dags/dag_run.py
[2024-02-29T16:20:56.944+0000] {logging_mixin.py:188} INFO - [2024-02-29T16:20:56.944+0000] {dag.py:3047} INFO - Sync 1 DAGs
[2024-02-29T16:20:56.965+0000] {logging_mixin.py:188} INFO - [2024-02-29T16:20:56.965+0000] {dag.py:3834} INFO - Setting next_dagrun for dag_run to None, run_after=None
[2024-02-29T16:20:56.983+0000] {processor.py:183} INFO - Processing /opt/airflow/dags/dag_run.py took 0.086 seconds
[2024-02-29T16:21:27.802+0000] {processor.py:161} INFO - Started process (PID=288) to work on /opt/airflow/dags/dag_run.py
[2024-02-29T16:21:27.806+0000] {processor.py:830} INFO - Processing file /opt/airflow/dags/dag_run.py for tasks to queue
[2024-02-29T16:21:27.819+0000] {logging_mixin.py:188} INFO - [2024-02-29T16:21:27.816+0000] {dagbag.py:540} INFO - Filling up the DagBag from /opt/airflow/dags/dag_run.py
[2024-02-29T16:21:27.846+0000] {processor.py:840} INFO - DAG(s) 'dag_run' retrieved from /opt/airflow/dags/dag_run.py
[2024-02-29T16:21:27.875+0000] {logging_mixin.py:188} INFO - [2024-02-29T16:21:27.875+0000] {dag.py:3047} INFO - Sync 1 DAGs
[2024-02-29T16:21:27.896+0000] {logging_mixin.py:188} INFO - [2024-02-29T16:21:27.896+0000] {dag.py:3834} INFO - Setting next_dagrun for dag_run to None, run_after=None
[2024-02-29T16:21:27.915+0000] {processor.py:183} INFO - Processing /opt/airflow/dags/dag_run.py took 0.117 seconds
[2024-02-29T16:21:58.865+0000] {processor.py:161} INFO - Started process (PID=301) to work on /opt/airflow/dags/dag_run.py
[2024-02-29T16:21:58.866+0000] {processor.py:830} INFO - Processing file /opt/airflow/dags/dag_run.py for tasks to queue
[2024-02-29T16:21:58.868+0000] {logging_mixin.py:188} INFO - [2024-02-29T16:21:58.867+0000] {dagbag.py:540} INFO - Filling up the DagBag from /opt/airflow/dags/dag_run.py
[2024-02-29T16:21:58.885+0000] {processor.py:840} INFO - DAG(s) 'dag_run' retrieved from /opt/airflow/dags/dag_run.py
[2024-02-29T16:21:58.913+0000] {logging_mixin.py:188} INFO - [2024-02-29T16:21:58.913+0000] {dag.py:3047} INFO - Sync 1 DAGs
[2024-02-29T16:21:58.932+0000] {logging_mixin.py:188} INFO - [2024-02-29T16:21:58.932+0000] {dag.py:3834} INFO - Setting next_dagrun for dag_run to None, run_after=None
[2024-02-29T16:21:58.948+0000] {processor.py:183} INFO - Processing /opt/airflow/dags/dag_run.py took 0.085 seconds
[2024-02-29T16:22:29.731+0000] {processor.py:161} INFO - Started process (PID=314) to work on /opt/airflow/dags/dag_run.py
[2024-02-29T16:22:29.731+0000] {processor.py:830} INFO - Processing file /opt/airflow/dags/dag_run.py for tasks to queue
[2024-02-29T16:22:29.733+0000] {logging_mixin.py:188} INFO - [2024-02-29T16:22:29.733+0000] {dagbag.py:540} INFO - Filling up the DagBag from /opt/airflow/dags/dag_run.py
[2024-02-29T16:22:29.748+0000] {processor.py:840} INFO - DAG(s) 'dag_run' retrieved from /opt/airflow/dags/dag_run.py
[2024-02-29T16:22:29.781+0000] {logging_mixin.py:188} INFO - [2024-02-29T16:22:29.781+0000] {dag.py:3047} INFO - Sync 1 DAGs
[2024-02-29T16:22:29.803+0000] {logging_mixin.py:188} INFO - [2024-02-29T16:22:29.803+0000] {dag.py:3834} INFO - Setting next_dagrun for dag_run to None, run_after=None
[2024-02-29T16:22:29.825+0000] {processor.py:183} INFO - Processing /opt/airflow/dags/dag_run.py took 0.097 seconds
[2024-02-29T16:23:00.633+0000] {processor.py:161} INFO - Started process (PID=327) to work on /opt/airflow/dags/dag_run.py
[2024-02-29T16:23:00.634+0000] {processor.py:830} INFO - Processing file /opt/airflow/dags/dag_run.py for tasks to queue
[2024-02-29T16:23:00.635+0000] {logging_mixin.py:188} INFO - [2024-02-29T16:23:00.635+0000] {dagbag.py:540} INFO - Filling up the DagBag from /opt/airflow/dags/dag_run.py
[2024-02-29T16:23:00.651+0000] {processor.py:840} INFO - DAG(s) 'dag_run' retrieved from /opt/airflow/dags/dag_run.py
[2024-02-29T16:23:00.680+0000] {logging_mixin.py:188} INFO - [2024-02-29T16:23:00.680+0000] {dag.py:3047} INFO - Sync 1 DAGs
[2024-02-29T16:23:00.703+0000] {logging_mixin.py:188} INFO - [2024-02-29T16:23:00.703+0000] {dag.py:3834} INFO - Setting next_dagrun for dag_run to None, run_after=None
[2024-02-29T16:23:00.723+0000] {processor.py:183} INFO - Processing /opt/airflow/dags/dag_run.py took 0.092 seconds
[2024-02-29T16:23:31.764+0000] {processor.py:161} INFO - Started process (PID=340) to work on /opt/airflow/dags/dag_run.py
[2024-02-29T16:23:31.765+0000] {processor.py:830} INFO - Processing file /opt/airflow/dags/dag_run.py for tasks to queue
[2024-02-29T16:23:31.767+0000] {logging_mixin.py:188} INFO - [2024-02-29T16:23:31.766+0000] {dagbag.py:540} INFO - Filling up the DagBag from /opt/airflow/dags/dag_run.py
[2024-02-29T16:23:31.787+0000] {processor.py:840} INFO - DAG(s) 'dag_run' retrieved from /opt/airflow/dags/dag_run.py
[2024-02-29T16:23:31.818+0000] {logging_mixin.py:188} INFO - [2024-02-29T16:23:31.818+0000] {dag.py:3047} INFO - Sync 1 DAGs
[2024-02-29T16:23:31.838+0000] {logging_mixin.py:188} INFO - [2024-02-29T16:23:31.838+0000] {dag.py:3834} INFO - Setting next_dagrun for dag_run to None, run_after=None
[2024-02-29T16:23:31.859+0000] {processor.py:183} INFO - Processing /opt/airflow/dags/dag_run.py took 0.097 seconds
[2024-02-29T16:24:02.721+0000] {processor.py:161} INFO - Started process (PID=353) to work on /opt/airflow/dags/dag_run.py
[2024-02-29T16:24:02.722+0000] {processor.py:830} INFO - Processing file /opt/airflow/dags/dag_run.py for tasks to queue
[2024-02-29T16:24:02.723+0000] {logging_mixin.py:188} INFO - [2024-02-29T16:24:02.723+0000] {dagbag.py:540} INFO - Filling up the DagBag from /opt/airflow/dags/dag_run.py
[2024-02-29T16:24:02.736+0000] {processor.py:840} INFO - DAG(s) 'dag_run' retrieved from /opt/airflow/dags/dag_run.py
[2024-02-29T16:24:02.764+0000] {logging_mixin.py:188} INFO - [2024-02-29T16:24:02.764+0000] {dag.py:3047} INFO - Sync 1 DAGs
[2024-02-29T16:24:02.782+0000] {logging_mixin.py:188} INFO - [2024-02-29T16:24:02.782+0000] {dag.py:3834} INFO - Setting next_dagrun for dag_run to None, run_after=None
[2024-02-29T16:24:02.801+0000] {processor.py:183} INFO - Processing /opt/airflow/dags/dag_run.py took 0.082 seconds
[2024-02-29T16:24:33.424+0000] {processor.py:161} INFO - Started process (PID=366) to work on /opt/airflow/dags/dag_run.py
[2024-02-29T16:24:33.425+0000] {processor.py:830} INFO - Processing file /opt/airflow/dags/dag_run.py for tasks to queue
[2024-02-29T16:24:33.426+0000] {logging_mixin.py:188} INFO - [2024-02-29T16:24:33.426+0000] {dagbag.py:540} INFO - Filling up the DagBag from /opt/airflow/dags/dag_run.py
[2024-02-29T16:24:33.441+0000] {processor.py:840} INFO - DAG(s) 'dag_run' retrieved from /opt/airflow/dags/dag_run.py
[2024-02-29T16:24:33.467+0000] {logging_mixin.py:188} INFO - [2024-02-29T16:24:33.466+0000] {dag.py:3047} INFO - Sync 1 DAGs
[2024-02-29T16:24:33.486+0000] {logging_mixin.py:188} INFO - [2024-02-29T16:24:33.486+0000] {dag.py:3834} INFO - Setting next_dagrun for dag_run to None, run_after=None
[2024-02-29T16:24:33.502+0000] {processor.py:183} INFO - Processing /opt/airflow/dags/dag_run.py took 0.080 seconds
[2024-02-29T16:25:04.368+0000] {processor.py:161} INFO - Started process (PID=379) to work on /opt/airflow/dags/dag_run.py
[2024-02-29T16:25:04.368+0000] {processor.py:830} INFO - Processing file /opt/airflow/dags/dag_run.py for tasks to queue
[2024-02-29T16:25:04.370+0000] {logging_mixin.py:188} INFO - [2024-02-29T16:25:04.369+0000] {dagbag.py:540} INFO - Filling up the DagBag from /opt/airflow/dags/dag_run.py
[2024-02-29T16:25:04.384+0000] {processor.py:840} INFO - DAG(s) 'dag_run' retrieved from /opt/airflow/dags/dag_run.py
[2024-02-29T16:25:04.414+0000] {logging_mixin.py:188} INFO - [2024-02-29T16:25:04.413+0000] {dag.py:3047} INFO - Sync 1 DAGs
[2024-02-29T16:25:04.435+0000] {logging_mixin.py:188} INFO - [2024-02-29T16:25:04.435+0000] {dag.py:3834} INFO - Setting next_dagrun for dag_run to None, run_after=None
[2024-02-29T16:25:04.451+0000] {processor.py:183} INFO - Processing /opt/airflow/dags/dag_run.py took 0.085 seconds
[2024-02-29T16:25:35.269+0000] {processor.py:161} INFO - Started process (PID=398) to work on /opt/airflow/dags/dag_run.py
[2024-02-29T16:25:35.270+0000] {processor.py:830} INFO - Processing file /opt/airflow/dags/dag_run.py for tasks to queue
[2024-02-29T16:25:35.271+0000] {logging_mixin.py:188} INFO - [2024-02-29T16:25:35.271+0000] {dagbag.py:540} INFO - Filling up the DagBag from /opt/airflow/dags/dag_run.py
[2024-02-29T16:25:35.285+0000] {processor.py:840} INFO - DAG(s) 'dag_run' retrieved from /opt/airflow/dags/dag_run.py
[2024-02-29T16:25:35.314+0000] {logging_mixin.py:188} INFO - [2024-02-29T16:25:35.314+0000] {dag.py:3047} INFO - Sync 1 DAGs
[2024-02-29T16:25:35.334+0000] {logging_mixin.py:188} INFO - [2024-02-29T16:25:35.334+0000] {dag.py:3834} INFO - Setting next_dagrun for dag_run to None, run_after=None
[2024-02-29T16:25:35.353+0000] {processor.py:183} INFO - Processing /opt/airflow/dags/dag_run.py took 0.086 seconds
[2024-02-29T16:26:06.222+0000] {processor.py:161} INFO - Started process (PID=411) to work on /opt/airflow/dags/dag_run.py
[2024-02-29T16:26:06.223+0000] {processor.py:830} INFO - Processing file /opt/airflow/dags/dag_run.py for tasks to queue
[2024-02-29T16:26:06.224+0000] {logging_mixin.py:188} INFO - [2024-02-29T16:26:06.224+0000] {dagbag.py:540} INFO - Filling up the DagBag from /opt/airflow/dags/dag_run.py
[2024-02-29T16:26:06.236+0000] {processor.py:840} INFO - DAG(s) 'dag_run' retrieved from /opt/airflow/dags/dag_run.py
[2024-02-29T16:26:06.262+0000] {logging_mixin.py:188} INFO - [2024-02-29T16:26:06.262+0000] {dag.py:3047} INFO - Sync 1 DAGs
[2024-02-29T16:26:06.279+0000] {logging_mixin.py:188} INFO - [2024-02-29T16:26:06.279+0000] {dag.py:3834} INFO - Setting next_dagrun for dag_run to None, run_after=None
[2024-02-29T16:26:06.300+0000] {processor.py:183} INFO - Processing /opt/airflow/dags/dag_run.py took 0.081 seconds
[2024-02-29T16:26:36.968+0000] {processor.py:161} INFO - Started process (PID=424) to work on /opt/airflow/dags/dag_run.py
[2024-02-29T16:26:36.969+0000] {processor.py:830} INFO - Processing file /opt/airflow/dags/dag_run.py for tasks to queue
[2024-02-29T16:26:36.971+0000] {logging_mixin.py:188} INFO - [2024-02-29T16:26:36.970+0000] {dagbag.py:540} INFO - Filling up the DagBag from /opt/airflow/dags/dag_run.py
[2024-02-29T16:26:36.985+0000] {processor.py:840} INFO - DAG(s) 'dag_run' retrieved from /opt/airflow/dags/dag_run.py
[2024-02-29T16:26:37.020+0000] {logging_mixin.py:188} INFO - [2024-02-29T16:26:37.020+0000] {dag.py:3047} INFO - Sync 1 DAGs
[2024-02-29T16:26:37.046+0000] {logging_mixin.py:188} INFO - [2024-02-29T16:26:37.045+0000] {dag.py:3834} INFO - Setting next_dagrun for dag_run to None, run_after=None
[2024-02-29T16:26:37.068+0000] {processor.py:183} INFO - Processing /opt/airflow/dags/dag_run.py took 0.103 seconds
[2024-02-29T16:27:07.906+0000] {processor.py:161} INFO - Started process (PID=438) to work on /opt/airflow/dags/dag_run.py
[2024-02-29T16:27:07.907+0000] {processor.py:830} INFO - Processing file /opt/airflow/dags/dag_run.py for tasks to queue
[2024-02-29T16:27:07.909+0000] {logging_mixin.py:188} INFO - [2024-02-29T16:27:07.908+0000] {dagbag.py:540} INFO - Filling up the DagBag from /opt/airflow/dags/dag_run.py
[2024-02-29T16:27:07.923+0000] {processor.py:840} INFO - DAG(s) 'dag_run' retrieved from /opt/airflow/dags/dag_run.py
[2024-02-29T16:27:07.949+0000] {logging_mixin.py:188} INFO - [2024-02-29T16:27:07.949+0000] {dag.py:3047} INFO - Sync 1 DAGs
[2024-02-29T16:27:07.969+0000] {logging_mixin.py:188} INFO - [2024-02-29T16:27:07.969+0000] {dag.py:3834} INFO - Setting next_dagrun for dag_run to None, run_after=None
[2024-02-29T16:27:07.992+0000] {processor.py:183} INFO - Processing /opt/airflow/dags/dag_run.py took 0.088 seconds
