[2024-02-29T16:03:26.995+0000] {processor.py:161} INFO - Started process (PID=38) to work on /opt/airflow/dags/deferrable_operator.py
[2024-02-29T16:03:26.996+0000] {processor.py:830} INFO - Processing file /opt/airflow/dags/deferrable_operator.py for tasks to queue
[2024-02-29T16:03:26.997+0000] {logging_mixin.py:188} INFO - [2024-02-29T16:03:26.997+0000] {dagbag.py:540} INFO - Filling up the DagBag from /opt/airflow/dags/deferrable_operator.py
[2024-02-29T16:03:27.015+0000] {processor.py:840} INFO - DAG(s) 'deferrable_operator' retrieved from /opt/airflow/dags/deferrable_operator.py
[2024-02-29T16:03:27.247+0000] {logging_mixin.py:188} INFO - [2024-02-29T16:03:27.247+0000] {override.py:1769} INFO - Created Permission View: can read on DAG:deferrable_operator
[2024-02-29T16:03:27.254+0000] {logging_mixin.py:188} INFO - [2024-02-29T16:03:27.254+0000] {override.py:1769} INFO - Created Permission View: can delete on DAG:deferrable_operator
[2024-02-29T16:03:27.258+0000] {logging_mixin.py:188} INFO - [2024-02-29T16:03:27.258+0000] {override.py:1769} INFO - Created Permission View: can edit on DAG:deferrable_operator
[2024-02-29T16:03:27.259+0000] {logging_mixin.py:188} INFO - [2024-02-29T16:03:27.259+0000] {dag.py:3047} INFO - Sync 1 DAGs
[2024-02-29T16:03:27.267+0000] {logging_mixin.py:188} INFO - [2024-02-29T16:03:27.266+0000] {dag.py:3069} INFO - Creating ORM DAG for deferrable_operator
[2024-02-29T16:03:27.268+0000] {logging_mixin.py:188} INFO - [2024-02-29T16:03:27.267+0000] {dag.py:3834} INFO - Setting next_dagrun for deferrable_operator to None, run_after=None
[2024-02-29T16:03:27.280+0000] {processor.py:183} INFO - Processing /opt/airflow/dags/deferrable_operator.py took 0.287 seconds
[2024-02-29T16:03:57.379+0000] {processor.py:161} INFO - Started process (PID=50) to work on /opt/airflow/dags/deferrable_operator.py
[2024-02-29T16:03:57.380+0000] {processor.py:830} INFO - Processing file /opt/airflow/dags/deferrable_operator.py for tasks to queue
[2024-02-29T16:03:57.382+0000] {logging_mixin.py:188} INFO - [2024-02-29T16:03:57.381+0000] {dagbag.py:540} INFO - Filling up the DagBag from /opt/airflow/dags/deferrable_operator.py
[2024-02-29T16:03:57.402+0000] {processor.py:840} INFO - DAG(s) 'deferrable_operator' retrieved from /opt/airflow/dags/deferrable_operator.py
[2024-02-29T16:03:57.418+0000] {logging_mixin.py:188} INFO - [2024-02-29T16:03:57.418+0000] {dag.py:3047} INFO - Sync 1 DAGs
[2024-02-29T16:03:57.427+0000] {logging_mixin.py:188} INFO - [2024-02-29T16:03:57.427+0000] {dag.py:3834} INFO - Setting next_dagrun for deferrable_operator to None, run_after=None
[2024-02-29T16:03:57.438+0000] {processor.py:183} INFO - Processing /opt/airflow/dags/deferrable_operator.py took 0.061 seconds
[2024-02-29T16:04:27.967+0000] {processor.py:161} INFO - Started process (PID=62) to work on /opt/airflow/dags/deferrable_operator.py
[2024-02-29T16:04:27.968+0000] {processor.py:830} INFO - Processing file /opt/airflow/dags/deferrable_operator.py for tasks to queue
[2024-02-29T16:04:27.969+0000] {logging_mixin.py:188} INFO - [2024-02-29T16:04:27.969+0000] {dagbag.py:540} INFO - Filling up the DagBag from /opt/airflow/dags/deferrable_operator.py
[2024-02-29T16:04:27.983+0000] {processor.py:840} INFO - DAG(s) 'deferrable_operator' retrieved from /opt/airflow/dags/deferrable_operator.py
[2024-02-29T16:04:27.998+0000] {logging_mixin.py:188} INFO - [2024-02-29T16:04:27.997+0000] {dag.py:3047} INFO - Sync 1 DAGs
[2024-02-29T16:04:28.005+0000] {logging_mixin.py:188} INFO - [2024-02-29T16:04:28.005+0000] {dag.py:3834} INFO - Setting next_dagrun for deferrable_operator to None, run_after=None
[2024-02-29T16:04:28.017+0000] {processor.py:183} INFO - Processing /opt/airflow/dags/deferrable_operator.py took 0.052 seconds
[2024-02-29T16:04:58.524+0000] {processor.py:161} INFO - Started process (PID=74) to work on /opt/airflow/dags/deferrable_operator.py
[2024-02-29T16:04:58.525+0000] {processor.py:830} INFO - Processing file /opt/airflow/dags/deferrable_operator.py for tasks to queue
[2024-02-29T16:04:58.527+0000] {logging_mixin.py:188} INFO - [2024-02-29T16:04:58.527+0000] {dagbag.py:540} INFO - Filling up the DagBag from /opt/airflow/dags/deferrable_operator.py
[2024-02-29T16:04:58.546+0000] {processor.py:840} INFO - DAG(s) 'deferrable_operator' retrieved from /opt/airflow/dags/deferrable_operator.py
[2024-02-29T16:04:58.562+0000] {logging_mixin.py:188} INFO - [2024-02-29T16:04:58.562+0000] {dag.py:3047} INFO - Sync 1 DAGs
[2024-02-29T16:04:58.570+0000] {logging_mixin.py:188} INFO - [2024-02-29T16:04:58.570+0000] {dag.py:3834} INFO - Setting next_dagrun for deferrable_operator to None, run_after=None
[2024-02-29T16:04:58.581+0000] {processor.py:183} INFO - Processing /opt/airflow/dags/deferrable_operator.py took 0.059 seconds
[2024-02-29T16:05:29.264+0000] {processor.py:161} INFO - Started process (PID=86) to work on /opt/airflow/dags/deferrable_operator.py
[2024-02-29T16:05:29.265+0000] {processor.py:830} INFO - Processing file /opt/airflow/dags/deferrable_operator.py for tasks to queue
[2024-02-29T16:05:29.267+0000] {logging_mixin.py:188} INFO - [2024-02-29T16:05:29.267+0000] {dagbag.py:540} INFO - Filling up the DagBag from /opt/airflow/dags/deferrable_operator.py
[2024-02-29T16:05:29.291+0000] {processor.py:840} INFO - DAG(s) 'deferrable_operator' retrieved from /opt/airflow/dags/deferrable_operator.py
[2024-02-29T16:05:29.305+0000] {logging_mixin.py:188} INFO - [2024-02-29T16:05:29.305+0000] {dag.py:3047} INFO - Sync 1 DAGs
[2024-02-29T16:05:29.312+0000] {logging_mixin.py:188} INFO - [2024-02-29T16:05:29.312+0000] {dag.py:3834} INFO - Setting next_dagrun for deferrable_operator to None, run_after=None
[2024-02-29T16:05:29.322+0000] {processor.py:183} INFO - Processing /opt/airflow/dags/deferrable_operator.py took 0.060 seconds
[2024-02-29T16:05:59.747+0000] {processor.py:161} INFO - Started process (PID=98) to work on /opt/airflow/dags/deferrable_operator.py
[2024-02-29T16:05:59.747+0000] {processor.py:830} INFO - Processing file /opt/airflow/dags/deferrable_operator.py for tasks to queue
[2024-02-29T16:05:59.750+0000] {logging_mixin.py:188} INFO - [2024-02-29T16:05:59.749+0000] {dagbag.py:540} INFO - Filling up the DagBag from /opt/airflow/dags/deferrable_operator.py
[2024-02-29T16:05:59.770+0000] {processor.py:840} INFO - DAG(s) 'deferrable_operator' retrieved from /opt/airflow/dags/deferrable_operator.py
[2024-02-29T16:05:59.785+0000] {logging_mixin.py:188} INFO - [2024-02-29T16:05:59.784+0000] {dag.py:3047} INFO - Sync 1 DAGs
[2024-02-29T16:05:59.792+0000] {logging_mixin.py:188} INFO - [2024-02-29T16:05:59.792+0000] {dag.py:3834} INFO - Setting next_dagrun for deferrable_operator to None, run_after=None
[2024-02-29T16:05:59.803+0000] {processor.py:183} INFO - Processing /opt/airflow/dags/deferrable_operator.py took 0.059 seconds
[2024-02-29T16:06:30.254+0000] {processor.py:161} INFO - Started process (PID=110) to work on /opt/airflow/dags/deferrable_operator.py
[2024-02-29T16:06:30.254+0000] {processor.py:830} INFO - Processing file /opt/airflow/dags/deferrable_operator.py for tasks to queue
[2024-02-29T16:06:30.256+0000] {logging_mixin.py:188} INFO - [2024-02-29T16:06:30.256+0000] {dagbag.py:540} INFO - Filling up the DagBag from /opt/airflow/dags/deferrable_operator.py
[2024-02-29T16:06:30.277+0000] {processor.py:840} INFO - DAG(s) 'deferrable_operator' retrieved from /opt/airflow/dags/deferrable_operator.py
[2024-02-29T16:06:30.292+0000] {logging_mixin.py:188} INFO - [2024-02-29T16:06:30.292+0000] {dag.py:3047} INFO - Sync 1 DAGs
[2024-02-29T16:06:30.299+0000] {logging_mixin.py:188} INFO - [2024-02-29T16:06:30.299+0000] {dag.py:3834} INFO - Setting next_dagrun for deferrable_operator to None, run_after=None
[2024-02-29T16:06:30.309+0000] {processor.py:183} INFO - Processing /opt/airflow/dags/deferrable_operator.py took 0.057 seconds
[2024-02-29T16:07:00.953+0000] {processor.py:161} INFO - Started process (PID=122) to work on /opt/airflow/dags/deferrable_operator.py
[2024-02-29T16:07:00.954+0000] {processor.py:830} INFO - Processing file /opt/airflow/dags/deferrable_operator.py for tasks to queue
[2024-02-29T16:07:00.956+0000] {logging_mixin.py:188} INFO - [2024-02-29T16:07:00.955+0000] {dagbag.py:540} INFO - Filling up the DagBag from /opt/airflow/dags/deferrable_operator.py
[2024-02-29T16:07:00.971+0000] {processor.py:840} INFO - DAG(s) 'deferrable_operator' retrieved from /opt/airflow/dags/deferrable_operator.py
[2024-02-29T16:07:00.985+0000] {logging_mixin.py:188} INFO - [2024-02-29T16:07:00.985+0000] {dag.py:3047} INFO - Sync 1 DAGs
[2024-02-29T16:07:00.992+0000] {logging_mixin.py:188} INFO - [2024-02-29T16:07:00.992+0000] {dag.py:3834} INFO - Setting next_dagrun for deferrable_operator to None, run_after=None
[2024-02-29T16:07:01.003+0000] {processor.py:183} INFO - Processing /opt/airflow/dags/deferrable_operator.py took 0.051 seconds
[2024-02-29T16:07:31.573+0000] {processor.py:161} INFO - Started process (PID=134) to work on /opt/airflow/dags/deferrable_operator.py
[2024-02-29T16:07:31.574+0000] {processor.py:830} INFO - Processing file /opt/airflow/dags/deferrable_operator.py for tasks to queue
[2024-02-29T16:07:31.576+0000] {logging_mixin.py:188} INFO - [2024-02-29T16:07:31.576+0000] {dagbag.py:540} INFO - Filling up the DagBag from /opt/airflow/dags/deferrable_operator.py
[2024-02-29T16:07:31.598+0000] {processor.py:840} INFO - DAG(s) 'deferrable_operator' retrieved from /opt/airflow/dags/deferrable_operator.py
[2024-02-29T16:07:31.613+0000] {logging_mixin.py:188} INFO - [2024-02-29T16:07:31.612+0000] {dag.py:3047} INFO - Sync 1 DAGs
[2024-02-29T16:07:31.621+0000] {logging_mixin.py:188} INFO - [2024-02-29T16:07:31.621+0000] {dag.py:3834} INFO - Setting next_dagrun for deferrable_operator to None, run_after=None
[2024-02-29T16:07:31.632+0000] {processor.py:183} INFO - Processing /opt/airflow/dags/deferrable_operator.py took 0.061 seconds
[2024-02-29T16:08:02.286+0000] {processor.py:161} INFO - Started process (PID=146) to work on /opt/airflow/dags/deferrable_operator.py
[2024-02-29T16:08:02.287+0000] {processor.py:830} INFO - Processing file /opt/airflow/dags/deferrable_operator.py for tasks to queue
[2024-02-29T16:08:02.289+0000] {logging_mixin.py:188} INFO - [2024-02-29T16:08:02.289+0000] {dagbag.py:540} INFO - Filling up the DagBag from /opt/airflow/dags/deferrable_operator.py
[2024-02-29T16:08:02.308+0000] {processor.py:840} INFO - DAG(s) 'deferrable_operator' retrieved from /opt/airflow/dags/deferrable_operator.py
[2024-02-29T16:08:02.324+0000] {logging_mixin.py:188} INFO - [2024-02-29T16:08:02.324+0000] {dag.py:3047} INFO - Sync 1 DAGs
[2024-02-29T16:08:02.332+0000] {logging_mixin.py:188} INFO - [2024-02-29T16:08:02.332+0000] {dag.py:3834} INFO - Setting next_dagrun for deferrable_operator to None, run_after=None
[2024-02-29T16:08:02.344+0000] {processor.py:183} INFO - Processing /opt/airflow/dags/deferrable_operator.py took 0.061 seconds
[2024-02-29T16:08:33.199+0000] {processor.py:161} INFO - Started process (PID=158) to work on /opt/airflow/dags/deferrable_operator.py
[2024-02-29T16:08:33.200+0000] {processor.py:830} INFO - Processing file /opt/airflow/dags/deferrable_operator.py for tasks to queue
[2024-02-29T16:08:33.201+0000] {logging_mixin.py:188} INFO - [2024-02-29T16:08:33.201+0000] {dagbag.py:540} INFO - Filling up the DagBag from /opt/airflow/dags/deferrable_operator.py
[2024-02-29T16:08:33.216+0000] {processor.py:840} INFO - DAG(s) 'deferrable_operator' retrieved from /opt/airflow/dags/deferrable_operator.py
[2024-02-29T16:08:33.231+0000] {logging_mixin.py:188} INFO - [2024-02-29T16:08:33.231+0000] {dag.py:3047} INFO - Sync 1 DAGs
[2024-02-29T16:08:33.238+0000] {logging_mixin.py:188} INFO - [2024-02-29T16:08:33.238+0000] {dag.py:3834} INFO - Setting next_dagrun for deferrable_operator to None, run_after=None
[2024-02-29T16:08:33.251+0000] {processor.py:183} INFO - Processing /opt/airflow/dags/deferrable_operator.py took 0.054 seconds
[2024-02-29T16:09:03.760+0000] {processor.py:161} INFO - Started process (PID=170) to work on /opt/airflow/dags/deferrable_operator.py
[2024-02-29T16:09:03.761+0000] {processor.py:830} INFO - Processing file /opt/airflow/dags/deferrable_operator.py for tasks to queue
[2024-02-29T16:09:03.762+0000] {logging_mixin.py:188} INFO - [2024-02-29T16:09:03.762+0000] {dagbag.py:540} INFO - Filling up the DagBag from /opt/airflow/dags/deferrable_operator.py
[2024-02-29T16:09:03.778+0000] {processor.py:840} INFO - DAG(s) 'deferrable_operator' retrieved from /opt/airflow/dags/deferrable_operator.py
[2024-02-29T16:09:03.794+0000] {logging_mixin.py:188} INFO - [2024-02-29T16:09:03.793+0000] {dag.py:3047} INFO - Sync 1 DAGs
[2024-02-29T16:09:03.801+0000] {logging_mixin.py:188} INFO - [2024-02-29T16:09:03.801+0000] {dag.py:3834} INFO - Setting next_dagrun for deferrable_operator to None, run_after=None
[2024-02-29T16:09:03.813+0000] {processor.py:183} INFO - Processing /opt/airflow/dags/deferrable_operator.py took 0.055 seconds
[2024-02-29T16:09:34.375+0000] {processor.py:161} INFO - Started process (PID=182) to work on /opt/airflow/dags/deferrable_operator.py
[2024-02-29T16:09:34.376+0000] {processor.py:830} INFO - Processing file /opt/airflow/dags/deferrable_operator.py for tasks to queue
[2024-02-29T16:09:34.377+0000] {logging_mixin.py:188} INFO - [2024-02-29T16:09:34.377+0000] {dagbag.py:540} INFO - Filling up the DagBag from /opt/airflow/dags/deferrable_operator.py
[2024-02-29T16:09:34.396+0000] {processor.py:840} INFO - DAG(s) 'deferrable_operator' retrieved from /opt/airflow/dags/deferrable_operator.py
[2024-02-29T16:09:34.414+0000] {logging_mixin.py:188} INFO - [2024-02-29T16:09:34.414+0000] {dag.py:3047} INFO - Sync 1 DAGs
[2024-02-29T16:09:34.423+0000] {logging_mixin.py:188} INFO - [2024-02-29T16:09:34.423+0000] {dag.py:3834} INFO - Setting next_dagrun for deferrable_operator to None, run_after=None
[2024-02-29T16:09:34.436+0000] {processor.py:183} INFO - Processing /opt/airflow/dags/deferrable_operator.py took 0.064 seconds
[2024-02-29T16:10:04.987+0000] {processor.py:161} INFO - Started process (PID=194) to work on /opt/airflow/dags/deferrable_operator.py
[2024-02-29T16:10:04.988+0000] {processor.py:830} INFO - Processing file /opt/airflow/dags/deferrable_operator.py for tasks to queue
[2024-02-29T16:10:04.991+0000] {logging_mixin.py:188} INFO - [2024-02-29T16:10:04.990+0000] {dagbag.py:540} INFO - Filling up the DagBag from /opt/airflow/dags/deferrable_operator.py
[2024-02-29T16:10:05.007+0000] {processor.py:840} INFO - DAG(s) 'deferrable_operator' retrieved from /opt/airflow/dags/deferrable_operator.py
[2024-02-29T16:10:05.022+0000] {logging_mixin.py:188} INFO - [2024-02-29T16:10:05.021+0000] {dag.py:3047} INFO - Sync 1 DAGs
[2024-02-29T16:10:05.029+0000] {logging_mixin.py:188} INFO - [2024-02-29T16:10:05.029+0000] {dag.py:3834} INFO - Setting next_dagrun for deferrable_operator to None, run_after=None
[2024-02-29T16:10:05.041+0000] {processor.py:183} INFO - Processing /opt/airflow/dags/deferrable_operator.py took 0.056 seconds
[2024-02-29T16:10:35.804+0000] {processor.py:161} INFO - Started process (PID=206) to work on /opt/airflow/dags/deferrable_operator.py
[2024-02-29T16:10:35.805+0000] {processor.py:830} INFO - Processing file /opt/airflow/dags/deferrable_operator.py for tasks to queue
[2024-02-29T16:10:35.806+0000] {logging_mixin.py:188} INFO - [2024-02-29T16:10:35.806+0000] {dagbag.py:540} INFO - Filling up the DagBag from /opt/airflow/dags/deferrable_operator.py
[2024-02-29T16:10:35.821+0000] {processor.py:840} INFO - DAG(s) 'deferrable_operator' retrieved from /opt/airflow/dags/deferrable_operator.py
[2024-02-29T16:10:35.836+0000] {logging_mixin.py:188} INFO - [2024-02-29T16:10:35.835+0000] {dag.py:3047} INFO - Sync 1 DAGs
[2024-02-29T16:10:35.844+0000] {logging_mixin.py:188} INFO - [2024-02-29T16:10:35.843+0000] {dag.py:3834} INFO - Setting next_dagrun for deferrable_operator to None, run_after=None
[2024-02-29T16:10:35.854+0000] {processor.py:183} INFO - Processing /opt/airflow/dags/deferrable_operator.py took 0.052 seconds
[2024-02-29T16:11:06.481+0000] {processor.py:161} INFO - Started process (PID=218) to work on /opt/airflow/dags/deferrable_operator.py
[2024-02-29T16:11:06.482+0000] {processor.py:830} INFO - Processing file /opt/airflow/dags/deferrable_operator.py for tasks to queue
[2024-02-29T16:11:06.483+0000] {logging_mixin.py:188} INFO - [2024-02-29T16:11:06.483+0000] {dagbag.py:540} INFO - Filling up the DagBag from /opt/airflow/dags/deferrable_operator.py
[2024-02-29T16:11:06.503+0000] {processor.py:840} INFO - DAG(s) 'deferrable_operator' retrieved from /opt/airflow/dags/deferrable_operator.py
[2024-02-29T16:11:06.520+0000] {logging_mixin.py:188} INFO - [2024-02-29T16:11:06.520+0000] {dag.py:3047} INFO - Sync 1 DAGs
[2024-02-29T16:11:06.528+0000] {logging_mixin.py:188} INFO - [2024-02-29T16:11:06.528+0000] {dag.py:3834} INFO - Setting next_dagrun for deferrable_operator to None, run_after=None
[2024-02-29T16:11:06.540+0000] {processor.py:183} INFO - Processing /opt/airflow/dags/deferrable_operator.py took 0.062 seconds
[2024-02-29T16:11:41.081+0000] {processor.py:161} INFO - Started process (PID=39) to work on /opt/airflow/dags/deferrable_operator.py
[2024-02-29T16:11:41.082+0000] {processor.py:830} INFO - Processing file /opt/airflow/dags/deferrable_operator.py for tasks to queue
[2024-02-29T16:11:41.085+0000] {logging_mixin.py:188} INFO - [2024-02-29T16:11:41.084+0000] {dagbag.py:540} INFO - Filling up the DagBag from /opt/airflow/dags/deferrable_operator.py
[2024-02-29T16:11:41.105+0000] {processor.py:840} INFO - DAG(s) 'deferrable_operator' retrieved from /opt/airflow/dags/deferrable_operator.py
[2024-02-29T16:11:41.291+0000] {logging_mixin.py:188} INFO - [2024-02-29T16:11:41.291+0000] {dag.py:3047} INFO - Sync 1 DAGs
[2024-02-29T16:11:41.330+0000] {logging_mixin.py:188} INFO - [2024-02-29T16:11:41.330+0000] {dag.py:3834} INFO - Setting next_dagrun for deferrable_operator to None, run_after=None
[2024-02-29T16:11:41.358+0000] {processor.py:183} INFO - Processing /opt/airflow/dags/deferrable_operator.py took 0.279 seconds
[2024-02-29T16:12:12.185+0000] {processor.py:161} INFO - Started process (PID=52) to work on /opt/airflow/dags/deferrable_operator.py
[2024-02-29T16:12:12.186+0000] {processor.py:830} INFO - Processing file /opt/airflow/dags/deferrable_operator.py for tasks to queue
[2024-02-29T16:12:12.187+0000] {logging_mixin.py:188} INFO - [2024-02-29T16:12:12.187+0000] {dagbag.py:540} INFO - Filling up the DagBag from /opt/airflow/dags/deferrable_operator.py
[2024-02-29T16:12:12.199+0000] {processor.py:840} INFO - DAG(s) 'deferrable_operator' retrieved from /opt/airflow/dags/deferrable_operator.py
[2024-02-29T16:12:12.222+0000] {logging_mixin.py:188} INFO - [2024-02-29T16:12:12.222+0000] {dag.py:3047} INFO - Sync 1 DAGs
[2024-02-29T16:12:12.232+0000] {logging_mixin.py:188} INFO - [2024-02-29T16:12:12.232+0000] {dag.py:3834} INFO - Setting next_dagrun for deferrable_operator to None, run_after=None
[2024-02-29T16:12:12.259+0000] {processor.py:183} INFO - Processing /opt/airflow/dags/deferrable_operator.py took 0.076 seconds
[2024-02-29T16:12:43.101+0000] {processor.py:161} INFO - Started process (PID=65) to work on /opt/airflow/dags/deferrable_operator.py
[2024-02-29T16:12:43.101+0000] {processor.py:830} INFO - Processing file /opt/airflow/dags/deferrable_operator.py for tasks to queue
[2024-02-29T16:12:43.103+0000] {logging_mixin.py:188} INFO - [2024-02-29T16:12:43.103+0000] {dagbag.py:540} INFO - Filling up the DagBag from /opt/airflow/dags/deferrable_operator.py
[2024-02-29T16:12:43.117+0000] {processor.py:840} INFO - DAG(s) 'deferrable_operator' retrieved from /opt/airflow/dags/deferrable_operator.py
[2024-02-29T16:12:43.141+0000] {logging_mixin.py:188} INFO - [2024-02-29T16:12:43.140+0000] {dag.py:3047} INFO - Sync 1 DAGs
[2024-02-29T16:12:43.150+0000] {logging_mixin.py:188} INFO - [2024-02-29T16:12:43.150+0000] {dag.py:3834} INFO - Setting next_dagrun for deferrable_operator to None, run_after=None
[2024-02-29T16:12:43.172+0000] {processor.py:183} INFO - Processing /opt/airflow/dags/deferrable_operator.py took 0.072 seconds
[2024-02-29T16:13:13.986+0000] {processor.py:161} INFO - Started process (PID=78) to work on /opt/airflow/dags/deferrable_operator.py
[2024-02-29T16:13:13.987+0000] {processor.py:830} INFO - Processing file /opt/airflow/dags/deferrable_operator.py for tasks to queue
[2024-02-29T16:13:13.988+0000] {logging_mixin.py:188} INFO - [2024-02-29T16:13:13.988+0000] {dagbag.py:540} INFO - Filling up the DagBag from /opt/airflow/dags/deferrable_operator.py
[2024-02-29T16:13:14.005+0000] {processor.py:840} INFO - DAG(s) 'deferrable_operator' retrieved from /opt/airflow/dags/deferrable_operator.py
[2024-02-29T16:13:14.039+0000] {logging_mixin.py:188} INFO - [2024-02-29T16:13:14.039+0000] {dag.py:3047} INFO - Sync 1 DAGs
[2024-02-29T16:13:14.049+0000] {logging_mixin.py:188} INFO - [2024-02-29T16:13:14.049+0000] {dag.py:3834} INFO - Setting next_dagrun for deferrable_operator to None, run_after=None
[2024-02-29T16:13:14.076+0000] {processor.py:183} INFO - Processing /opt/airflow/dags/deferrable_operator.py took 0.092 seconds
[2024-02-29T16:13:44.790+0000] {processor.py:161} INFO - Started process (PID=91) to work on /opt/airflow/dags/deferrable_operator.py
[2024-02-29T16:13:44.790+0000] {processor.py:830} INFO - Processing file /opt/airflow/dags/deferrable_operator.py for tasks to queue
[2024-02-29T16:13:44.792+0000] {logging_mixin.py:188} INFO - [2024-02-29T16:13:44.792+0000] {dagbag.py:540} INFO - Filling up the DagBag from /opt/airflow/dags/deferrable_operator.py
[2024-02-29T16:13:44.815+0000] {processor.py:840} INFO - DAG(s) 'deferrable_operator' retrieved from /opt/airflow/dags/deferrable_operator.py
[2024-02-29T16:13:44.848+0000] {logging_mixin.py:188} INFO - [2024-02-29T16:13:44.848+0000] {dag.py:3047} INFO - Sync 1 DAGs
[2024-02-29T16:13:44.859+0000] {logging_mixin.py:188} INFO - [2024-02-29T16:13:44.858+0000] {dag.py:3834} INFO - Setting next_dagrun for deferrable_operator to None, run_after=None
[2024-02-29T16:13:44.878+0000] {processor.py:183} INFO - Processing /opt/airflow/dags/deferrable_operator.py took 0.091 seconds
[2024-02-29T16:14:15.818+0000] {processor.py:161} INFO - Started process (PID=104) to work on /opt/airflow/dags/deferrable_operator.py
[2024-02-29T16:14:15.819+0000] {processor.py:830} INFO - Processing file /opt/airflow/dags/deferrable_operator.py for tasks to queue
[2024-02-29T16:14:15.821+0000] {logging_mixin.py:188} INFO - [2024-02-29T16:14:15.821+0000] {dagbag.py:540} INFO - Filling up the DagBag from /opt/airflow/dags/deferrable_operator.py
[2024-02-29T16:14:15.837+0000] {processor.py:840} INFO - DAG(s) 'deferrable_operator' retrieved from /opt/airflow/dags/deferrable_operator.py
[2024-02-29T16:14:15.873+0000] {logging_mixin.py:188} INFO - [2024-02-29T16:14:15.873+0000] {dag.py:3047} INFO - Sync 1 DAGs
[2024-02-29T16:14:15.884+0000] {logging_mixin.py:188} INFO - [2024-02-29T16:14:15.884+0000] {dag.py:3834} INFO - Setting next_dagrun for deferrable_operator to None, run_after=None
[2024-02-29T16:14:15.905+0000] {processor.py:183} INFO - Processing /opt/airflow/dags/deferrable_operator.py took 0.088 seconds
[2024-02-29T16:14:46.705+0000] {processor.py:161} INFO - Started process (PID=117) to work on /opt/airflow/dags/deferrable_operator.py
[2024-02-29T16:14:46.705+0000] {processor.py:830} INFO - Processing file /opt/airflow/dags/deferrable_operator.py for tasks to queue
[2024-02-29T16:14:46.707+0000] {logging_mixin.py:188} INFO - [2024-02-29T16:14:46.707+0000] {dagbag.py:540} INFO - Filling up the DagBag from /opt/airflow/dags/deferrable_operator.py
[2024-02-29T16:14:46.720+0000] {processor.py:840} INFO - DAG(s) 'deferrable_operator' retrieved from /opt/airflow/dags/deferrable_operator.py
[2024-02-29T16:14:46.751+0000] {logging_mixin.py:188} INFO - [2024-02-29T16:14:46.751+0000] {dag.py:3047} INFO - Sync 1 DAGs
[2024-02-29T16:14:46.762+0000] {logging_mixin.py:188} INFO - [2024-02-29T16:14:46.761+0000] {dag.py:3834} INFO - Setting next_dagrun for deferrable_operator to None, run_after=None
[2024-02-29T16:14:46.791+0000] {processor.py:183} INFO - Processing /opt/airflow/dags/deferrable_operator.py took 0.088 seconds
[2024-02-29T16:15:17.570+0000] {processor.py:161} INFO - Started process (PID=130) to work on /opt/airflow/dags/deferrable_operator.py
[2024-02-29T16:15:17.571+0000] {processor.py:830} INFO - Processing file /opt/airflow/dags/deferrable_operator.py for tasks to queue
[2024-02-29T16:15:17.572+0000] {logging_mixin.py:188} INFO - [2024-02-29T16:15:17.572+0000] {dagbag.py:540} INFO - Filling up the DagBag from /opt/airflow/dags/deferrable_operator.py
[2024-02-29T16:15:17.588+0000] {processor.py:840} INFO - DAG(s) 'deferrable_operator' retrieved from /opt/airflow/dags/deferrable_operator.py
[2024-02-29T16:15:17.621+0000] {logging_mixin.py:188} INFO - [2024-02-29T16:15:17.620+0000] {dag.py:3047} INFO - Sync 1 DAGs
[2024-02-29T16:15:17.632+0000] {logging_mixin.py:188} INFO - [2024-02-29T16:15:17.632+0000] {dag.py:3834} INFO - Setting next_dagrun for deferrable_operator to None, run_after=None
[2024-02-29T16:15:17.656+0000] {processor.py:183} INFO - Processing /opt/airflow/dags/deferrable_operator.py took 0.087 seconds
