[2024-02-29T16:26:42.325+0000] {processor.py:161} INFO - Started process (PID=428) to work on /opt/airflow/dags/jinja_template.py
[2024-02-29T16:26:42.325+0000] {processor.py:830} INFO - Processing file /opt/airflow/dags/jinja_template.py for tasks to queue
[2024-02-29T16:26:42.327+0000] {logging_mixin.py:188} INFO - [2024-02-29T16:26:42.326+0000] {dagbag.py:540} INFO - Filling up the DagBag from /opt/airflow/dags/jinja_template.py
[2024-02-29T16:26:42.352+0000] {processor.py:840} INFO - DAG(s) 'jinja_template' retrieved from /opt/airflow/dags/jinja_template.py
[2024-02-29T16:26:42.442+0000] {logging_mixin.py:188} INFO - [2024-02-29T16:26:42.441+0000] {override.py:1769} INFO - Created Permission View: can edit on DAG:jinja_template
[2024-02-29T16:26:42.451+0000] {logging_mixin.py:188} INFO - [2024-02-29T16:26:42.451+0000] {override.py:1769} INFO - Created Permission View: can read on DAG:jinja_template
[2024-02-29T16:26:42.455+0000] {logging_mixin.py:188} INFO - [2024-02-29T16:26:42.455+0000] {override.py:1769} INFO - Created Permission View: can delete on DAG:jinja_template
[2024-02-29T16:26:42.456+0000] {logging_mixin.py:188} INFO - [2024-02-29T16:26:42.456+0000] {dag.py:3047} INFO - Sync 1 DAGs
[2024-02-29T16:26:42.464+0000] {logging_mixin.py:188} INFO - [2024-02-29T16:26:42.464+0000] {dag.py:3069} INFO - Creating ORM DAG for jinja_template
[2024-02-29T16:26:42.474+0000] {logging_mixin.py:188} INFO - [2024-02-29T16:26:42.474+0000] {dag.py:3834} INFO - Setting next_dagrun for jinja_template to 2024-01-01 00:00:00+00:00, run_after=2024-01-02 00:00:00+00:00
[2024-02-29T16:26:42.489+0000] {processor.py:183} INFO - Processing /opt/airflow/dags/jinja_template.py took 0.166 seconds
[2024-02-29T16:27:13.203+0000] {processor.py:161} INFO - Started process (PID=442) to work on /opt/airflow/dags/jinja_template.py
[2024-02-29T16:27:13.203+0000] {processor.py:830} INFO - Processing file /opt/airflow/dags/jinja_template.py for tasks to queue
[2024-02-29T16:27:13.205+0000] {logging_mixin.py:188} INFO - [2024-02-29T16:27:13.205+0000] {dagbag.py:540} INFO - Filling up the DagBag from /opt/airflow/dags/jinja_template.py
[2024-02-29T16:27:13.221+0000] {processor.py:840} INFO - DAG(s) 'jinja_template' retrieved from /opt/airflow/dags/jinja_template.py
[2024-02-29T16:27:13.249+0000] {logging_mixin.py:188} INFO - [2024-02-29T16:27:13.249+0000] {dag.py:3047} INFO - Sync 1 DAGs
[2024-02-29T16:27:13.270+0000] {logging_mixin.py:188} INFO - [2024-02-29T16:27:13.270+0000] {dag.py:3834} INFO - Setting next_dagrun for jinja_template to None, run_after=None
[2024-02-29T16:27:13.294+0000] {processor.py:183} INFO - Processing /opt/airflow/dags/jinja_template.py took 0.094 seconds
[2024-02-29T16:27:44.196+0000] {processor.py:161} INFO - Started process (PID=456) to work on /opt/airflow/dags/jinja_template.py
[2024-02-29T16:27:44.197+0000] {processor.py:830} INFO - Processing file /opt/airflow/dags/jinja_template.py for tasks to queue
[2024-02-29T16:27:44.198+0000] {logging_mixin.py:188} INFO - [2024-02-29T16:27:44.198+0000] {dagbag.py:540} INFO - Filling up the DagBag from /opt/airflow/dags/jinja_template.py
[2024-02-29T16:27:44.211+0000] {processor.py:840} INFO - DAG(s) 'jinja_template' retrieved from /opt/airflow/dags/jinja_template.py
[2024-02-29T16:27:44.236+0000] {logging_mixin.py:188} INFO - [2024-02-29T16:27:44.236+0000] {dag.py:3047} INFO - Sync 1 DAGs
[2024-02-29T16:27:44.255+0000] {logging_mixin.py:188} INFO - [2024-02-29T16:27:44.255+0000] {dag.py:3834} INFO - Setting next_dagrun for jinja_template to None, run_after=None
[2024-02-29T16:27:44.274+0000] {processor.py:183} INFO - Processing /opt/airflow/dags/jinja_template.py took 0.080 seconds
[2024-02-29T16:28:14.331+0000] {processor.py:161} INFO - Started process (PID=470) to work on /opt/airflow/dags/jinja_template.py
[2024-02-29T16:28:14.334+0000] {processor.py:830} INFO - Processing file /opt/airflow/dags/jinja_template.py for tasks to queue
[2024-02-29T16:28:14.336+0000] {logging_mixin.py:188} INFO - [2024-02-29T16:28:14.336+0000] {dagbag.py:540} INFO - Filling up the DagBag from /opt/airflow/dags/jinja_template.py
[2024-02-29T16:28:14.368+0000] {processor.py:840} INFO - DAG(s) 'jinja_template' retrieved from /opt/airflow/dags/jinja_template.py
[2024-02-29T16:28:14.415+0000] {logging_mixin.py:188} INFO - [2024-02-29T16:28:14.415+0000] {dag.py:3047} INFO - Sync 1 DAGs
[2024-02-29T16:28:14.439+0000] {logging_mixin.py:188} INFO - [2024-02-29T16:28:14.439+0000] {dag.py:3834} INFO - Setting next_dagrun for jinja_template to None, run_after=None
[2024-02-29T16:28:14.465+0000] {processor.py:183} INFO - Processing /opt/airflow/dags/jinja_template.py took 0.137 seconds
[2024-02-29T16:28:44.520+0000] {processor.py:161} INFO - Started process (PID=484) to work on /opt/airflow/dags/jinja_template.py
[2024-02-29T16:28:44.521+0000] {processor.py:830} INFO - Processing file /opt/airflow/dags/jinja_template.py for tasks to queue
[2024-02-29T16:28:44.523+0000] {logging_mixin.py:188} INFO - [2024-02-29T16:28:44.523+0000] {dagbag.py:540} INFO - Filling up the DagBag from /opt/airflow/dags/jinja_template.py
[2024-02-29T16:28:44.538+0000] {processor.py:840} INFO - DAG(s) 'jinja_template' retrieved from /opt/airflow/dags/jinja_template.py
[2024-02-29T16:28:44.572+0000] {logging_mixin.py:188} INFO - [2024-02-29T16:28:44.572+0000] {dag.py:3047} INFO - Sync 1 DAGs
[2024-02-29T16:28:44.598+0000] {logging_mixin.py:188} INFO - [2024-02-29T16:28:44.598+0000] {dag.py:3834} INFO - Setting next_dagrun for jinja_template to None, run_after=None
[2024-02-29T16:28:44.624+0000] {processor.py:183} INFO - Processing /opt/airflow/dags/jinja_template.py took 0.105 seconds
[2024-02-29T16:29:15.329+0000] {processor.py:161} INFO - Started process (PID=498) to work on /opt/airflow/dags/jinja_template.py
[2024-02-29T16:29:15.330+0000] {processor.py:830} INFO - Processing file /opt/airflow/dags/jinja_template.py for tasks to queue
[2024-02-29T16:29:15.332+0000] {logging_mixin.py:188} INFO - [2024-02-29T16:29:15.332+0000] {dagbag.py:540} INFO - Filling up the DagBag from /opt/airflow/dags/jinja_template.py
[2024-02-29T16:29:15.345+0000] {processor.py:840} INFO - DAG(s) 'jinja_template' retrieved from /opt/airflow/dags/jinja_template.py
[2024-02-29T16:29:15.375+0000] {logging_mixin.py:188} INFO - [2024-02-29T16:29:15.375+0000] {dag.py:3047} INFO - Sync 1 DAGs
[2024-02-29T16:29:15.396+0000] {logging_mixin.py:188} INFO - [2024-02-29T16:29:15.396+0000] {dag.py:3834} INFO - Setting next_dagrun for jinja_template to None, run_after=None
[2024-02-29T16:29:15.433+0000] {processor.py:183} INFO - Processing /opt/airflow/dags/jinja_template.py took 0.107 seconds
[2024-02-29T16:29:46.157+0000] {processor.py:161} INFO - Started process (PID=512) to work on /opt/airflow/dags/jinja_template.py
[2024-02-29T16:29:46.158+0000] {processor.py:830} INFO - Processing file /opt/airflow/dags/jinja_template.py for tasks to queue
[2024-02-29T16:29:46.159+0000] {logging_mixin.py:188} INFO - [2024-02-29T16:29:46.159+0000] {dagbag.py:540} INFO - Filling up the DagBag from /opt/airflow/dags/jinja_template.py
[2024-02-29T16:29:46.172+0000] {processor.py:840} INFO - DAG(s) 'jinja_template' retrieved from /opt/airflow/dags/jinja_template.py
[2024-02-29T16:29:46.197+0000] {logging_mixin.py:188} INFO - [2024-02-29T16:29:46.197+0000] {dag.py:3047} INFO - Sync 1 DAGs
[2024-02-29T16:29:46.214+0000] {logging_mixin.py:188} INFO - [2024-02-29T16:29:46.214+0000] {dag.py:3834} INFO - Setting next_dagrun for jinja_template to None, run_after=None
[2024-02-29T16:29:46.232+0000] {processor.py:183} INFO - Processing /opt/airflow/dags/jinja_template.py took 0.077 seconds
[2024-02-29T16:30:17.046+0000] {processor.py:161} INFO - Started process (PID=526) to work on /opt/airflow/dags/jinja_template.py
[2024-02-29T16:30:17.047+0000] {processor.py:830} INFO - Processing file /opt/airflow/dags/jinja_template.py for tasks to queue
[2024-02-29T16:30:17.048+0000] {logging_mixin.py:188} INFO - [2024-02-29T16:30:17.048+0000] {dagbag.py:540} INFO - Filling up the DagBag from /opt/airflow/dags/jinja_template.py
[2024-02-29T16:30:17.060+0000] {processor.py:840} INFO - DAG(s) 'jinja_template' retrieved from /opt/airflow/dags/jinja_template.py
[2024-02-29T16:30:17.083+0000] {logging_mixin.py:188} INFO - [2024-02-29T16:30:17.083+0000] {dag.py:3047} INFO - Sync 1 DAGs
[2024-02-29T16:30:17.100+0000] {logging_mixin.py:188} INFO - [2024-02-29T16:30:17.100+0000] {dag.py:3834} INFO - Setting next_dagrun for jinja_template to None, run_after=None
[2024-02-29T16:30:17.137+0000] {processor.py:183} INFO - Processing /opt/airflow/dags/jinja_template.py took 0.093 seconds
[2024-02-29T16:30:47.919+0000] {processor.py:161} INFO - Started process (PID=540) to work on /opt/airflow/dags/jinja_template.py
[2024-02-29T16:30:47.920+0000] {processor.py:830} INFO - Processing file /opt/airflow/dags/jinja_template.py for tasks to queue
[2024-02-29T16:30:47.921+0000] {logging_mixin.py:188} INFO - [2024-02-29T16:30:47.921+0000] {dagbag.py:540} INFO - Filling up the DagBag from /opt/airflow/dags/jinja_template.py
[2024-02-29T16:30:47.933+0000] {processor.py:840} INFO - DAG(s) 'jinja_template' retrieved from /opt/airflow/dags/jinja_template.py
[2024-02-29T16:30:47.955+0000] {logging_mixin.py:188} INFO - [2024-02-29T16:30:47.955+0000] {dag.py:3047} INFO - Sync 1 DAGs
[2024-02-29T16:30:47.972+0000] {logging_mixin.py:188} INFO - [2024-02-29T16:30:47.971+0000] {dag.py:3834} INFO - Setting next_dagrun for jinja_template to None, run_after=None
[2024-02-29T16:30:47.990+0000] {processor.py:183} INFO - Processing /opt/airflow/dags/jinja_template.py took 0.072 seconds
[2024-02-29T16:31:18.675+0000] {processor.py:161} INFO - Started process (PID=554) to work on /opt/airflow/dags/jinja_template.py
[2024-02-29T16:31:18.676+0000] {processor.py:830} INFO - Processing file /opt/airflow/dags/jinja_template.py for tasks to queue
[2024-02-29T16:31:18.677+0000] {logging_mixin.py:188} INFO - [2024-02-29T16:31:18.677+0000] {dagbag.py:540} INFO - Filling up the DagBag from /opt/airflow/dags/jinja_template.py
[2024-02-29T16:31:18.692+0000] {processor.py:840} INFO - DAG(s) 'jinja_template' retrieved from /opt/airflow/dags/jinja_template.py
[2024-02-29T16:31:18.716+0000] {logging_mixin.py:188} INFO - [2024-02-29T16:31:18.716+0000] {dag.py:3047} INFO - Sync 1 DAGs
[2024-02-29T16:31:18.735+0000] {logging_mixin.py:188} INFO - [2024-02-29T16:31:18.735+0000] {dag.py:3834} INFO - Setting next_dagrun for jinja_template to None, run_after=None
[2024-02-29T16:31:18.754+0000] {processor.py:183} INFO - Processing /opt/airflow/dags/jinja_template.py took 0.081 seconds
[2024-02-29T16:31:48.915+0000] {processor.py:161} INFO - Started process (PID=568) to work on /opt/airflow/dags/jinja_template.py
[2024-02-29T16:31:48.917+0000] {processor.py:830} INFO - Processing file /opt/airflow/dags/jinja_template.py for tasks to queue
[2024-02-29T16:31:48.919+0000] {logging_mixin.py:188} INFO - [2024-02-29T16:31:48.919+0000] {dagbag.py:540} INFO - Filling up the DagBag from /opt/airflow/dags/jinja_template.py
[2024-02-29T16:31:48.934+0000] {processor.py:840} INFO - DAG(s) 'jinja_template' retrieved from /opt/airflow/dags/jinja_template.py
[2024-02-29T16:31:48.961+0000] {logging_mixin.py:188} INFO - [2024-02-29T16:31:48.961+0000] {dag.py:3047} INFO - Sync 1 DAGs
[2024-02-29T16:31:48.982+0000] {logging_mixin.py:188} INFO - [2024-02-29T16:31:48.981+0000] {dag.py:3834} INFO - Setting next_dagrun for jinja_template to None, run_after=None
[2024-02-29T16:31:49.000+0000] {processor.py:183} INFO - Processing /opt/airflow/dags/jinja_template.py took 0.087 seconds
[2024-02-29T16:32:20.020+0000] {processor.py:161} INFO - Started process (PID=582) to work on /opt/airflow/dags/jinja_template.py
[2024-02-29T16:32:20.020+0000] {processor.py:830} INFO - Processing file /opt/airflow/dags/jinja_template.py for tasks to queue
[2024-02-29T16:32:20.022+0000] {logging_mixin.py:188} INFO - [2024-02-29T16:32:20.022+0000] {dagbag.py:540} INFO - Filling up the DagBag from /opt/airflow/dags/jinja_template.py
[2024-02-29T16:32:20.034+0000] {processor.py:840} INFO - DAG(s) 'jinja_template' retrieved from /opt/airflow/dags/jinja_template.py
[2024-02-29T16:32:20.063+0000] {logging_mixin.py:188} INFO - [2024-02-29T16:32:20.063+0000] {dag.py:3047} INFO - Sync 1 DAGs
[2024-02-29T16:32:20.082+0000] {logging_mixin.py:188} INFO - [2024-02-29T16:32:20.082+0000] {dag.py:3834} INFO - Setting next_dagrun for jinja_template to None, run_after=None
[2024-02-29T16:32:20.103+0000] {processor.py:183} INFO - Processing /opt/airflow/dags/jinja_template.py took 0.085 seconds
[2024-02-29T16:32:50.313+0000] {processor.py:161} INFO - Started process (PID=596) to work on /opt/airflow/dags/jinja_template.py
[2024-02-29T16:32:50.313+0000] {processor.py:830} INFO - Processing file /opt/airflow/dags/jinja_template.py for tasks to queue
[2024-02-29T16:32:50.315+0000] {logging_mixin.py:188} INFO - [2024-02-29T16:32:50.314+0000] {dagbag.py:540} INFO - Filling up the DagBag from /opt/airflow/dags/jinja_template.py
[2024-02-29T16:32:50.326+0000] {processor.py:840} INFO - DAG(s) 'jinja_template' retrieved from /opt/airflow/dags/jinja_template.py
[2024-02-29T16:32:50.351+0000] {logging_mixin.py:188} INFO - [2024-02-29T16:32:50.350+0000] {dag.py:3047} INFO - Sync 1 DAGs
[2024-02-29T16:32:50.372+0000] {logging_mixin.py:188} INFO - [2024-02-29T16:32:50.372+0000] {dag.py:3834} INFO - Setting next_dagrun for jinja_template to None, run_after=None
[2024-02-29T16:32:50.394+0000] {processor.py:183} INFO - Processing /opt/airflow/dags/jinja_template.py took 0.085 seconds
[2024-02-29T16:33:21.208+0000] {processor.py:161} INFO - Started process (PID=610) to work on /opt/airflow/dags/jinja_template.py
[2024-02-29T16:33:21.209+0000] {processor.py:830} INFO - Processing file /opt/airflow/dags/jinja_template.py for tasks to queue
[2024-02-29T16:33:21.210+0000] {logging_mixin.py:188} INFO - [2024-02-29T16:33:21.210+0000] {dagbag.py:540} INFO - Filling up the DagBag from /opt/airflow/dags/jinja_template.py
[2024-02-29T16:33:21.223+0000] {processor.py:840} INFO - DAG(s) 'jinja_template' retrieved from /opt/airflow/dags/jinja_template.py
[2024-02-29T16:33:21.257+0000] {logging_mixin.py:188} INFO - [2024-02-29T16:33:21.257+0000] {dag.py:3047} INFO - Sync 1 DAGs
[2024-02-29T16:33:21.283+0000] {logging_mixin.py:188} INFO - [2024-02-29T16:33:21.283+0000] {dag.py:3834} INFO - Setting next_dagrun for jinja_template to None, run_after=None
[2024-02-29T16:33:21.308+0000] {processor.py:183} INFO - Processing /opt/airflow/dags/jinja_template.py took 0.101 seconds
[2024-02-29T16:33:52.197+0000] {processor.py:161} INFO - Started process (PID=624) to work on /opt/airflow/dags/jinja_template.py
[2024-02-29T16:33:52.198+0000] {processor.py:830} INFO - Processing file /opt/airflow/dags/jinja_template.py for tasks to queue
[2024-02-29T16:33:52.199+0000] {logging_mixin.py:188} INFO - [2024-02-29T16:33:52.199+0000] {dagbag.py:540} INFO - Filling up the DagBag from /opt/airflow/dags/jinja_template.py
[2024-02-29T16:33:52.213+0000] {processor.py:840} INFO - DAG(s) 'jinja_template' retrieved from /opt/airflow/dags/jinja_template.py
[2024-02-29T16:33:52.240+0000] {logging_mixin.py:188} INFO - [2024-02-29T16:33:52.240+0000] {dag.py:3047} INFO - Sync 1 DAGs
[2024-02-29T16:33:52.268+0000] {logging_mixin.py:188} INFO - [2024-02-29T16:33:52.268+0000] {dag.py:3834} INFO - Setting next_dagrun for jinja_template to None, run_after=None
[2024-02-29T16:33:52.289+0000] {processor.py:183} INFO - Processing /opt/airflow/dags/jinja_template.py took 0.094 seconds
[2024-02-29T16:34:23.066+0000] {processor.py:161} INFO - Started process (PID=638) to work on /opt/airflow/dags/jinja_template.py
[2024-02-29T16:34:23.066+0000] {processor.py:830} INFO - Processing file /opt/airflow/dags/jinja_template.py for tasks to queue
[2024-02-29T16:34:23.068+0000] {logging_mixin.py:188} INFO - [2024-02-29T16:34:23.067+0000] {dagbag.py:540} INFO - Filling up the DagBag from /opt/airflow/dags/jinja_template.py
[2024-02-29T16:34:23.081+0000] {processor.py:840} INFO - DAG(s) 'jinja_template' retrieved from /opt/airflow/dags/jinja_template.py
[2024-02-29T16:34:23.107+0000] {logging_mixin.py:188} INFO - [2024-02-29T16:34:23.107+0000] {dag.py:3047} INFO - Sync 1 DAGs
[2024-02-29T16:34:23.127+0000] {logging_mixin.py:188} INFO - [2024-02-29T16:34:23.127+0000] {dag.py:3834} INFO - Setting next_dagrun for jinja_template to None, run_after=None
[2024-02-29T16:34:23.149+0000] {processor.py:183} INFO - Processing /opt/airflow/dags/jinja_template.py took 0.086 seconds
[2024-02-29T16:34:54.038+0000] {processor.py:161} INFO - Started process (PID=652) to work on /opt/airflow/dags/jinja_template.py
[2024-02-29T16:34:54.039+0000] {processor.py:830} INFO - Processing file /opt/airflow/dags/jinja_template.py for tasks to queue
[2024-02-29T16:34:54.040+0000] {logging_mixin.py:188} INFO - [2024-02-29T16:34:54.040+0000] {dagbag.py:540} INFO - Filling up the DagBag from /opt/airflow/dags/jinja_template.py
[2024-02-29T16:34:54.053+0000] {processor.py:840} INFO - DAG(s) 'jinja_template' retrieved from /opt/airflow/dags/jinja_template.py
[2024-02-29T16:34:54.078+0000] {logging_mixin.py:188} INFO - [2024-02-29T16:34:54.078+0000] {dag.py:3047} INFO - Sync 1 DAGs
[2024-02-29T16:34:54.097+0000] {logging_mixin.py:188} INFO - [2024-02-29T16:34:54.097+0000] {dag.py:3834} INFO - Setting next_dagrun for jinja_template to None, run_after=None
[2024-02-29T16:34:54.122+0000] {processor.py:183} INFO - Processing /opt/airflow/dags/jinja_template.py took 0.086 seconds
[2024-02-29T16:35:25.022+0000] {processor.py:161} INFO - Started process (PID=666) to work on /opt/airflow/dags/jinja_template.py
[2024-02-29T16:35:25.023+0000] {processor.py:830} INFO - Processing file /opt/airflow/dags/jinja_template.py for tasks to queue
[2024-02-29T16:35:25.025+0000] {logging_mixin.py:188} INFO - [2024-02-29T16:35:25.025+0000] {dagbag.py:540} INFO - Filling up the DagBag from /opt/airflow/dags/jinja_template.py
[2024-02-29T16:35:25.036+0000] {processor.py:840} INFO - DAG(s) 'jinja_template' retrieved from /opt/airflow/dags/jinja_template.py
[2024-02-29T16:35:25.060+0000] {logging_mixin.py:188} INFO - [2024-02-29T16:35:25.060+0000] {dag.py:3047} INFO - Sync 1 DAGs
[2024-02-29T16:35:25.077+0000] {logging_mixin.py:188} INFO - [2024-02-29T16:35:25.077+0000] {dag.py:3834} INFO - Setting next_dagrun for jinja_template to None, run_after=None
[2024-02-29T16:35:25.098+0000] {processor.py:183} INFO - Processing /opt/airflow/dags/jinja_template.py took 0.078 seconds
[2024-02-29T16:35:55.157+0000] {processor.py:161} INFO - Started process (PID=680) to work on /opt/airflow/dags/jinja_template.py
[2024-02-29T16:35:55.157+0000] {processor.py:830} INFO - Processing file /opt/airflow/dags/jinja_template.py for tasks to queue
[2024-02-29T16:35:55.159+0000] {logging_mixin.py:188} INFO - [2024-02-29T16:35:55.158+0000] {dagbag.py:540} INFO - Filling up the DagBag from /opt/airflow/dags/jinja_template.py
[2024-02-29T16:35:55.173+0000] {processor.py:840} INFO - DAG(s) 'jinja_template' retrieved from /opt/airflow/dags/jinja_template.py
[2024-02-29T16:35:55.200+0000] {logging_mixin.py:188} INFO - [2024-02-29T16:35:55.200+0000] {dag.py:3047} INFO - Sync 1 DAGs
[2024-02-29T16:35:55.219+0000] {logging_mixin.py:188} INFO - [2024-02-29T16:35:55.218+0000] {dag.py:3834} INFO - Setting next_dagrun for jinja_template to None, run_after=None
[2024-02-29T16:35:55.240+0000] {processor.py:183} INFO - Processing /opt/airflow/dags/jinja_template.py took 0.087 seconds
[2024-02-29T16:36:26.075+0000] {processor.py:161} INFO - Started process (PID=694) to work on /opt/airflow/dags/jinja_template.py
[2024-02-29T16:36:26.076+0000] {processor.py:830} INFO - Processing file /opt/airflow/dags/jinja_template.py for tasks to queue
[2024-02-29T16:36:26.077+0000] {logging_mixin.py:188} INFO - [2024-02-29T16:36:26.077+0000] {dagbag.py:540} INFO - Filling up the DagBag from /opt/airflow/dags/jinja_template.py
[2024-02-29T16:36:26.090+0000] {processor.py:840} INFO - DAG(s) 'jinja_template' retrieved from /opt/airflow/dags/jinja_template.py
[2024-02-29T16:36:26.144+0000] {logging_mixin.py:188} INFO - [2024-02-29T16:36:26.144+0000] {dag.py:3047} INFO - Sync 1 DAGs
[2024-02-29T16:36:26.168+0000] {logging_mixin.py:188} INFO - [2024-02-29T16:36:26.167+0000] {dag.py:3834} INFO - Setting next_dagrun for jinja_template to None, run_after=None
[2024-02-29T16:36:26.194+0000] {processor.py:183} INFO - Processing /opt/airflow/dags/jinja_template.py took 0.121 seconds
[2024-02-29T16:36:57.129+0000] {processor.py:161} INFO - Started process (PID=708) to work on /opt/airflow/dags/jinja_template.py
[2024-02-29T16:36:57.129+0000] {processor.py:830} INFO - Processing file /opt/airflow/dags/jinja_template.py for tasks to queue
[2024-02-29T16:36:57.131+0000] {logging_mixin.py:188} INFO - [2024-02-29T16:36:57.130+0000] {dagbag.py:540} INFO - Filling up the DagBag from /opt/airflow/dags/jinja_template.py
[2024-02-29T16:36:57.142+0000] {processor.py:840} INFO - DAG(s) 'jinja_template' retrieved from /opt/airflow/dags/jinja_template.py
[2024-02-29T16:36:57.167+0000] {logging_mixin.py:188} INFO - [2024-02-29T16:36:57.167+0000] {dag.py:3047} INFO - Sync 1 DAGs
[2024-02-29T16:36:57.185+0000] {logging_mixin.py:188} INFO - [2024-02-29T16:36:57.185+0000] {dag.py:3834} INFO - Setting next_dagrun for jinja_template to None, run_after=None
[2024-02-29T16:36:57.203+0000] {processor.py:183} INFO - Processing /opt/airflow/dags/jinja_template.py took 0.076 seconds
[2024-02-29T16:37:28.047+0000] {processor.py:161} INFO - Started process (PID=722) to work on /opt/airflow/dags/jinja_template.py
[2024-02-29T16:37:28.047+0000] {processor.py:830} INFO - Processing file /opt/airflow/dags/jinja_template.py for tasks to queue
[2024-02-29T16:37:28.049+0000] {logging_mixin.py:188} INFO - [2024-02-29T16:37:28.049+0000] {dagbag.py:540} INFO - Filling up the DagBag from /opt/airflow/dags/jinja_template.py
[2024-02-29T16:37:28.069+0000] {processor.py:840} INFO - DAG(s) 'jinja_template' retrieved from /opt/airflow/dags/jinja_template.py
[2024-02-29T16:37:28.105+0000] {logging_mixin.py:188} INFO - [2024-02-29T16:37:28.105+0000] {dag.py:3047} INFO - Sync 1 DAGs
[2024-02-29T16:37:28.140+0000] {logging_mixin.py:188} INFO - [2024-02-29T16:37:28.139+0000] {dag.py:3834} INFO - Setting next_dagrun for jinja_template to None, run_after=None
[2024-02-29T16:37:28.173+0000] {processor.py:183} INFO - Processing /opt/airflow/dags/jinja_template.py took 0.128 seconds
[2024-02-29T16:37:58.965+0000] {processor.py:161} INFO - Started process (PID=736) to work on /opt/airflow/dags/jinja_template.py
[2024-02-29T16:37:58.966+0000] {processor.py:830} INFO - Processing file /opt/airflow/dags/jinja_template.py for tasks to queue
[2024-02-29T16:37:58.967+0000] {logging_mixin.py:188} INFO - [2024-02-29T16:37:58.967+0000] {dagbag.py:540} INFO - Filling up the DagBag from /opt/airflow/dags/jinja_template.py
[2024-02-29T16:37:58.979+0000] {processor.py:840} INFO - DAG(s) 'jinja_template' retrieved from /opt/airflow/dags/jinja_template.py
[2024-02-29T16:37:59.002+0000] {logging_mixin.py:188} INFO - [2024-02-29T16:37:59.002+0000] {dag.py:3047} INFO - Sync 1 DAGs
[2024-02-29T16:37:59.028+0000] {logging_mixin.py:188} INFO - [2024-02-29T16:37:59.028+0000] {dag.py:3834} INFO - Setting next_dagrun for jinja_template to None, run_after=None
[2024-02-29T16:37:59.048+0000] {processor.py:183} INFO - Processing /opt/airflow/dags/jinja_template.py took 0.085 seconds
[2024-02-29T16:38:29.939+0000] {processor.py:161} INFO - Started process (PID=750) to work on /opt/airflow/dags/jinja_template.py
[2024-02-29T16:38:29.940+0000] {processor.py:830} INFO - Processing file /opt/airflow/dags/jinja_template.py for tasks to queue
[2024-02-29T16:38:29.942+0000] {logging_mixin.py:188} INFO - [2024-02-29T16:38:29.942+0000] {dagbag.py:540} INFO - Filling up the DagBag from /opt/airflow/dags/jinja_template.py
[2024-02-29T16:38:29.961+0000] {processor.py:840} INFO - DAG(s) 'jinja_template' retrieved from /opt/airflow/dags/jinja_template.py
[2024-02-29T16:38:29.989+0000] {logging_mixin.py:188} INFO - [2024-02-29T16:38:29.989+0000] {dag.py:3047} INFO - Sync 1 DAGs
[2024-02-29T16:38:30.010+0000] {logging_mixin.py:188} INFO - [2024-02-29T16:38:30.010+0000] {dag.py:3834} INFO - Setting next_dagrun for jinja_template to None, run_after=None
[2024-02-29T16:38:30.037+0000] {processor.py:183} INFO - Processing /opt/airflow/dags/jinja_template.py took 0.100 seconds
[2024-02-29T16:39:00.957+0000] {processor.py:161} INFO - Started process (PID=764) to work on /opt/airflow/dags/jinja_template.py
[2024-02-29T16:39:00.958+0000] {processor.py:830} INFO - Processing file /opt/airflow/dags/jinja_template.py for tasks to queue
[2024-02-29T16:39:00.959+0000] {logging_mixin.py:188} INFO - [2024-02-29T16:39:00.959+0000] {dagbag.py:540} INFO - Filling up the DagBag from /opt/airflow/dags/jinja_template.py
[2024-02-29T16:39:00.976+0000] {processor.py:840} INFO - DAG(s) 'jinja_template' retrieved from /opt/airflow/dags/jinja_template.py
[2024-02-29T16:39:01.000+0000] {logging_mixin.py:188} INFO - [2024-02-29T16:39:01.000+0000] {dag.py:3047} INFO - Sync 1 DAGs
[2024-02-29T16:39:01.018+0000] {logging_mixin.py:188} INFO - [2024-02-29T16:39:01.018+0000] {dag.py:3834} INFO - Setting next_dagrun for jinja_template to None, run_after=None
[2024-02-29T16:39:01.036+0000] {processor.py:183} INFO - Processing /opt/airflow/dags/jinja_template.py took 0.082 seconds
[2024-02-29T16:39:31.853+0000] {processor.py:161} INFO - Started process (PID=778) to work on /opt/airflow/dags/jinja_template.py
[2024-02-29T16:39:31.854+0000] {processor.py:830} INFO - Processing file /opt/airflow/dags/jinja_template.py for tasks to queue
[2024-02-29T16:39:31.856+0000] {logging_mixin.py:188} INFO - [2024-02-29T16:39:31.855+0000] {dagbag.py:540} INFO - Filling up the DagBag from /opt/airflow/dags/jinja_template.py
[2024-02-29T16:39:31.870+0000] {processor.py:840} INFO - DAG(s) 'jinja_template' retrieved from /opt/airflow/dags/jinja_template.py
[2024-02-29T16:39:31.897+0000] {logging_mixin.py:188} INFO - [2024-02-29T16:39:31.897+0000] {dag.py:3047} INFO - Sync 1 DAGs
[2024-02-29T16:39:31.917+0000] {logging_mixin.py:188} INFO - [2024-02-29T16:39:31.917+0000] {dag.py:3834} INFO - Setting next_dagrun for jinja_template to None, run_after=None
[2024-02-29T16:39:31.938+0000] {processor.py:183} INFO - Processing /opt/airflow/dags/jinja_template.py took 0.088 seconds
[2024-02-29T16:40:02.829+0000] {processor.py:161} INFO - Started process (PID=792) to work on /opt/airflow/dags/jinja_template.py
[2024-02-29T16:40:02.830+0000] {processor.py:830} INFO - Processing file /opt/airflow/dags/jinja_template.py for tasks to queue
[2024-02-29T16:40:02.831+0000] {logging_mixin.py:188} INFO - [2024-02-29T16:40:02.831+0000] {dagbag.py:540} INFO - Filling up the DagBag from /opt/airflow/dags/jinja_template.py
[2024-02-29T16:40:02.847+0000] {processor.py:840} INFO - DAG(s) 'jinja_template' retrieved from /opt/airflow/dags/jinja_template.py
[2024-02-29T16:40:02.872+0000] {logging_mixin.py:188} INFO - [2024-02-29T16:40:02.872+0000] {dag.py:3047} INFO - Sync 1 DAGs
[2024-02-29T16:40:02.890+0000] {logging_mixin.py:188} INFO - [2024-02-29T16:40:02.890+0000] {dag.py:3834} INFO - Setting next_dagrun for jinja_template to None, run_after=None
[2024-02-29T16:40:02.909+0000] {processor.py:183} INFO - Processing /opt/airflow/dags/jinja_template.py took 0.082 seconds
[2024-02-29T16:40:33.703+0000] {processor.py:161} INFO - Started process (PID=806) to work on /opt/airflow/dags/jinja_template.py
[2024-02-29T16:40:33.704+0000] {processor.py:830} INFO - Processing file /opt/airflow/dags/jinja_template.py for tasks to queue
[2024-02-29T16:40:33.705+0000] {logging_mixin.py:188} INFO - [2024-02-29T16:40:33.705+0000] {dagbag.py:540} INFO - Filling up the DagBag from /opt/airflow/dags/jinja_template.py
[2024-02-29T16:40:33.718+0000] {processor.py:840} INFO - DAG(s) 'jinja_template' retrieved from /opt/airflow/dags/jinja_template.py
[2024-02-29T16:40:33.747+0000] {logging_mixin.py:188} INFO - [2024-02-29T16:40:33.747+0000] {dag.py:3047} INFO - Sync 1 DAGs
[2024-02-29T16:40:33.765+0000] {logging_mixin.py:188} INFO - [2024-02-29T16:40:33.765+0000] {dag.py:3834} INFO - Setting next_dagrun for jinja_template to None, run_after=None
[2024-02-29T16:40:33.784+0000] {processor.py:183} INFO - Processing /opt/airflow/dags/jinja_template.py took 0.083 seconds
[2024-02-29T16:41:03.898+0000] {processor.py:161} INFO - Started process (PID=820) to work on /opt/airflow/dags/jinja_template.py
[2024-02-29T16:41:03.899+0000] {processor.py:830} INFO - Processing file /opt/airflow/dags/jinja_template.py for tasks to queue
[2024-02-29T16:41:03.900+0000] {logging_mixin.py:188} INFO - [2024-02-29T16:41:03.900+0000] {dagbag.py:540} INFO - Filling up the DagBag from /opt/airflow/dags/jinja_template.py
[2024-02-29T16:41:03.913+0000] {processor.py:840} INFO - DAG(s) 'jinja_template' retrieved from /opt/airflow/dags/jinja_template.py
[2024-02-29T16:41:03.937+0000] {logging_mixin.py:188} INFO - [2024-02-29T16:41:03.937+0000] {dag.py:3047} INFO - Sync 1 DAGs
[2024-02-29T16:41:03.955+0000] {logging_mixin.py:188} INFO - [2024-02-29T16:41:03.955+0000] {dag.py:3834} INFO - Setting next_dagrun for jinja_template to None, run_after=None
[2024-02-29T16:41:03.979+0000] {processor.py:183} INFO - Processing /opt/airflow/dags/jinja_template.py took 0.083 seconds
[2024-02-29T16:41:34.119+0000] {processor.py:161} INFO - Started process (PID=834) to work on /opt/airflow/dags/jinja_template.py
[2024-02-29T16:41:34.120+0000] {processor.py:830} INFO - Processing file /opt/airflow/dags/jinja_template.py for tasks to queue
[2024-02-29T16:41:34.122+0000] {logging_mixin.py:188} INFO - [2024-02-29T16:41:34.122+0000] {dagbag.py:540} INFO - Filling up the DagBag from /opt/airflow/dags/jinja_template.py
[2024-02-29T16:41:34.136+0000] {processor.py:840} INFO - DAG(s) 'jinja_template' retrieved from /opt/airflow/dags/jinja_template.py
[2024-02-29T16:41:34.171+0000] {logging_mixin.py:188} INFO - [2024-02-29T16:41:34.171+0000] {dag.py:3047} INFO - Sync 1 DAGs
[2024-02-29T16:41:34.196+0000] {logging_mixin.py:188} INFO - [2024-02-29T16:41:34.196+0000] {dag.py:3834} INFO - Setting next_dagrun for jinja_template to None, run_after=None
[2024-02-29T16:41:34.226+0000] {processor.py:183} INFO - Processing /opt/airflow/dags/jinja_template.py took 0.109 seconds
[2024-02-29T16:42:04.313+0000] {processor.py:161} INFO - Started process (PID=849) to work on /opt/airflow/dags/jinja_template.py
[2024-02-29T16:42:04.314+0000] {processor.py:830} INFO - Processing file /opt/airflow/dags/jinja_template.py for tasks to queue
[2024-02-29T16:42:04.315+0000] {logging_mixin.py:188} INFO - [2024-02-29T16:42:04.315+0000] {dagbag.py:540} INFO - Filling up the DagBag from /opt/airflow/dags/jinja_template.py
[2024-02-29T16:42:04.328+0000] {processor.py:840} INFO - DAG(s) 'jinja_template' retrieved from /opt/airflow/dags/jinja_template.py
[2024-02-29T16:42:04.359+0000] {logging_mixin.py:188} INFO - [2024-02-29T16:42:04.359+0000] {dag.py:3047} INFO - Sync 1 DAGs
[2024-02-29T16:42:04.380+0000] {logging_mixin.py:188} INFO - [2024-02-29T16:42:04.380+0000] {dag.py:3834} INFO - Setting next_dagrun for jinja_template to None, run_after=None
[2024-02-29T16:42:04.399+0000] {processor.py:183} INFO - Processing /opt/airflow/dags/jinja_template.py took 0.088 seconds
[2024-02-29T16:42:35.218+0000] {processor.py:161} INFO - Started process (PID=864) to work on /opt/airflow/dags/jinja_template.py
[2024-02-29T16:42:35.219+0000] {processor.py:830} INFO - Processing file /opt/airflow/dags/jinja_template.py for tasks to queue
[2024-02-29T16:42:35.221+0000] {logging_mixin.py:188} INFO - [2024-02-29T16:42:35.221+0000] {dagbag.py:540} INFO - Filling up the DagBag from /opt/airflow/dags/jinja_template.py
[2024-02-29T16:42:35.236+0000] {processor.py:840} INFO - DAG(s) 'jinja_template' retrieved from /opt/airflow/dags/jinja_template.py
[2024-02-29T16:42:35.272+0000] {logging_mixin.py:188} INFO - [2024-02-29T16:42:35.272+0000] {dag.py:3047} INFO - Sync 1 DAGs
[2024-02-29T16:42:35.295+0000] {logging_mixin.py:188} INFO - [2024-02-29T16:42:35.294+0000] {dag.py:3834} INFO - Setting next_dagrun for jinja_template to None, run_after=None
[2024-02-29T16:42:35.317+0000] {processor.py:183} INFO - Processing /opt/airflow/dags/jinja_template.py took 0.101 seconds
[2024-02-29T16:43:06.321+0000] {processor.py:161} INFO - Started process (PID=885) to work on /opt/airflow/dags/jinja_template.py
[2024-02-29T16:43:06.322+0000] {processor.py:830} INFO - Processing file /opt/airflow/dags/jinja_template.py for tasks to queue
[2024-02-29T16:43:06.324+0000] {logging_mixin.py:188} INFO - [2024-02-29T16:43:06.323+0000] {dagbag.py:540} INFO - Filling up the DagBag from /opt/airflow/dags/jinja_template.py
[2024-02-29T16:43:06.359+0000] {processor.py:840} INFO - DAG(s) 'jinja_template' retrieved from /opt/airflow/dags/jinja_template.py
[2024-02-29T16:43:06.383+0000] {logging_mixin.py:188} INFO - [2024-02-29T16:43:06.382+0000] {dag.py:3047} INFO - Sync 1 DAGs
[2024-02-29T16:43:06.401+0000] {logging_mixin.py:188} INFO - [2024-02-29T16:43:06.401+0000] {dag.py:3834} INFO - Setting next_dagrun for jinja_template to None, run_after=None
[2024-02-29T16:43:06.420+0000] {processor.py:183} INFO - Processing /opt/airflow/dags/jinja_template.py took 0.103 seconds
[2024-02-29T16:43:36.471+0000] {processor.py:161} INFO - Started process (PID=900) to work on /opt/airflow/dags/jinja_template.py
[2024-02-29T16:43:36.472+0000] {processor.py:830} INFO - Processing file /opt/airflow/dags/jinja_template.py for tasks to queue
[2024-02-29T16:43:36.473+0000] {logging_mixin.py:188} INFO - [2024-02-29T16:43:36.473+0000] {dagbag.py:540} INFO - Filling up the DagBag from /opt/airflow/dags/jinja_template.py
[2024-02-29T16:43:36.486+0000] {processor.py:840} INFO - DAG(s) 'jinja_template' retrieved from /opt/airflow/dags/jinja_template.py
[2024-02-29T16:43:36.507+0000] {logging_mixin.py:188} INFO - [2024-02-29T16:43:36.507+0000] {dag.py:3047} INFO - Sync 1 DAGs
[2024-02-29T16:43:36.524+0000] {logging_mixin.py:188} INFO - [2024-02-29T16:43:36.524+0000] {dag.py:3834} INFO - Setting next_dagrun for jinja_template to None, run_after=None
[2024-02-29T16:43:36.543+0000] {processor.py:183} INFO - Processing /opt/airflow/dags/jinja_template.py took 0.074 seconds
[2024-02-29T16:44:07.393+0000] {processor.py:161} INFO - Started process (PID=915) to work on /opt/airflow/dags/jinja_template.py
[2024-02-29T16:44:07.394+0000] {processor.py:830} INFO - Processing file /opt/airflow/dags/jinja_template.py for tasks to queue
[2024-02-29T16:44:07.395+0000] {logging_mixin.py:188} INFO - [2024-02-29T16:44:07.395+0000] {dagbag.py:540} INFO - Filling up the DagBag from /opt/airflow/dags/jinja_template.py
[2024-02-29T16:44:07.410+0000] {processor.py:840} INFO - DAG(s) 'jinja_template' retrieved from /opt/airflow/dags/jinja_template.py
[2024-02-29T16:44:07.436+0000] {logging_mixin.py:188} INFO - [2024-02-29T16:44:07.436+0000] {dag.py:3047} INFO - Sync 1 DAGs
[2024-02-29T16:44:07.454+0000] {logging_mixin.py:188} INFO - [2024-02-29T16:44:07.453+0000] {dag.py:3834} INFO - Setting next_dagrun for jinja_template to None, run_after=None
[2024-02-29T16:44:07.474+0000] {processor.py:183} INFO - Processing /opt/airflow/dags/jinja_template.py took 0.083 seconds
[2024-02-29T16:44:38.193+0000] {processor.py:161} INFO - Started process (PID=930) to work on /opt/airflow/dags/jinja_template.py
[2024-02-29T16:44:38.194+0000] {processor.py:830} INFO - Processing file /opt/airflow/dags/jinja_template.py for tasks to queue
[2024-02-29T16:44:38.196+0000] {logging_mixin.py:188} INFO - [2024-02-29T16:44:38.196+0000] {dagbag.py:540} INFO - Filling up the DagBag from /opt/airflow/dags/jinja_template.py
[2024-02-29T16:44:38.222+0000] {processor.py:840} INFO - DAG(s) 'jinja_template' retrieved from /opt/airflow/dags/jinja_template.py
[2024-02-29T16:44:38.255+0000] {logging_mixin.py:188} INFO - [2024-02-29T16:44:38.255+0000] {dag.py:3047} INFO - Sync 1 DAGs
[2024-02-29T16:44:38.278+0000] {logging_mixin.py:188} INFO - [2024-02-29T16:44:38.278+0000] {dag.py:3834} INFO - Setting next_dagrun for jinja_template to None, run_after=None
[2024-02-29T16:44:38.302+0000] {processor.py:183} INFO - Processing /opt/airflow/dags/jinja_template.py took 0.112 seconds
[2024-02-29T16:45:08.399+0000] {processor.py:161} INFO - Started process (PID=945) to work on /opt/airflow/dags/jinja_template.py
[2024-02-29T16:45:08.399+0000] {processor.py:830} INFO - Processing file /opt/airflow/dags/jinja_template.py for tasks to queue
[2024-02-29T16:45:08.400+0000] {logging_mixin.py:188} INFO - [2024-02-29T16:45:08.400+0000] {dagbag.py:540} INFO - Filling up the DagBag from /opt/airflow/dags/jinja_template.py
[2024-02-29T16:45:08.412+0000] {processor.py:840} INFO - DAG(s) 'jinja_template' retrieved from /opt/airflow/dags/jinja_template.py
[2024-02-29T16:45:08.446+0000] {logging_mixin.py:188} INFO - [2024-02-29T16:45:08.446+0000] {dag.py:3047} INFO - Sync 1 DAGs
[2024-02-29T16:45:08.464+0000] {logging_mixin.py:188} INFO - [2024-02-29T16:45:08.464+0000] {dag.py:3834} INFO - Setting next_dagrun for jinja_template to None, run_after=None
[2024-02-29T16:45:08.484+0000] {processor.py:183} INFO - Processing /opt/airflow/dags/jinja_template.py took 0.087 seconds
[2024-02-29T16:45:39.383+0000] {processor.py:161} INFO - Started process (PID=960) to work on /opt/airflow/dags/jinja_template.py
[2024-02-29T16:45:39.384+0000] {processor.py:830} INFO - Processing file /opt/airflow/dags/jinja_template.py for tasks to queue
[2024-02-29T16:45:39.388+0000] {logging_mixin.py:188} INFO - [2024-02-29T16:45:39.388+0000] {dagbag.py:540} INFO - Filling up the DagBag from /opt/airflow/dags/jinja_template.py
[2024-02-29T16:45:39.410+0000] {processor.py:840} INFO - DAG(s) 'jinja_template' retrieved from /opt/airflow/dags/jinja_template.py
[2024-02-29T16:45:39.451+0000] {logging_mixin.py:188} INFO - [2024-02-29T16:45:39.450+0000] {dag.py:3047} INFO - Sync 1 DAGs
[2024-02-29T16:45:39.477+0000] {logging_mixin.py:188} INFO - [2024-02-29T16:45:39.477+0000] {dag.py:3834} INFO - Setting next_dagrun for jinja_template to None, run_after=None
[2024-02-29T16:45:39.506+0000] {processor.py:183} INFO - Processing /opt/airflow/dags/jinja_template.py took 0.129 seconds
[2024-02-29T16:46:09.655+0000] {processor.py:161} INFO - Started process (PID=975) to work on /opt/airflow/dags/jinja_template.py
[2024-02-29T16:46:09.656+0000] {processor.py:830} INFO - Processing file /opt/airflow/dags/jinja_template.py for tasks to queue
[2024-02-29T16:46:09.657+0000] {logging_mixin.py:188} INFO - [2024-02-29T16:46:09.657+0000] {dagbag.py:540} INFO - Filling up the DagBag from /opt/airflow/dags/jinja_template.py
[2024-02-29T16:46:09.671+0000] {processor.py:840} INFO - DAG(s) 'jinja_template' retrieved from /opt/airflow/dags/jinja_template.py
[2024-02-29T16:46:09.702+0000] {logging_mixin.py:188} INFO - [2024-02-29T16:46:09.701+0000] {dag.py:3047} INFO - Sync 1 DAGs
[2024-02-29T16:46:09.721+0000] {logging_mixin.py:188} INFO - [2024-02-29T16:46:09.721+0000] {dag.py:3834} INFO - Setting next_dagrun for jinja_template to None, run_after=None
[2024-02-29T16:46:09.755+0000] {processor.py:183} INFO - Processing /opt/airflow/dags/jinja_template.py took 0.102 seconds
[2024-02-29T16:46:39.818+0000] {processor.py:161} INFO - Started process (PID=990) to work on /opt/airflow/dags/jinja_template.py
[2024-02-29T16:46:39.818+0000] {processor.py:830} INFO - Processing file /opt/airflow/dags/jinja_template.py for tasks to queue
[2024-02-29T16:46:39.820+0000] {logging_mixin.py:188} INFO - [2024-02-29T16:46:39.820+0000] {dagbag.py:540} INFO - Filling up the DagBag from /opt/airflow/dags/jinja_template.py
[2024-02-29T16:46:39.832+0000] {processor.py:840} INFO - DAG(s) 'jinja_template' retrieved from /opt/airflow/dags/jinja_template.py
[2024-02-29T16:46:39.886+0000] {logging_mixin.py:188} INFO - [2024-02-29T16:46:39.886+0000] {dag.py:3047} INFO - Sync 1 DAGs
[2024-02-29T16:46:39.961+0000] {logging_mixin.py:188} INFO - [2024-02-29T16:46:39.961+0000] {dag.py:3834} INFO - Setting next_dagrun for jinja_template to None, run_after=None
[2024-02-29T16:46:40.005+0000] {processor.py:183} INFO - Processing /opt/airflow/dags/jinja_template.py took 0.189 seconds
[2024-02-29T16:47:10.942+0000] {processor.py:161} INFO - Started process (PID=1005) to work on /opt/airflow/dags/jinja_template.py
[2024-02-29T16:47:10.942+0000] {processor.py:830} INFO - Processing file /opt/airflow/dags/jinja_template.py for tasks to queue
[2024-02-29T16:47:10.944+0000] {logging_mixin.py:188} INFO - [2024-02-29T16:47:10.944+0000] {dagbag.py:540} INFO - Filling up the DagBag from /opt/airflow/dags/jinja_template.py
[2024-02-29T16:47:10.957+0000] {processor.py:840} INFO - DAG(s) 'jinja_template' retrieved from /opt/airflow/dags/jinja_template.py
[2024-02-29T16:47:10.991+0000] {logging_mixin.py:188} INFO - [2024-02-29T16:47:10.991+0000] {dag.py:3047} INFO - Sync 1 DAGs
[2024-02-29T16:47:11.012+0000] {logging_mixin.py:188} INFO - [2024-02-29T16:47:11.012+0000] {dag.py:3834} INFO - Setting next_dagrun for jinja_template to None, run_after=None
[2024-02-29T16:47:11.047+0000] {processor.py:183} INFO - Processing /opt/airflow/dags/jinja_template.py took 0.107 seconds
[2024-02-29T16:47:41.814+0000] {processor.py:161} INFO - Started process (PID=1020) to work on /opt/airflow/dags/jinja_template.py
[2024-02-29T16:47:41.815+0000] {processor.py:830} INFO - Processing file /opt/airflow/dags/jinja_template.py for tasks to queue
[2024-02-29T16:47:41.817+0000] {logging_mixin.py:188} INFO - [2024-02-29T16:47:41.817+0000] {dagbag.py:540} INFO - Filling up the DagBag from /opt/airflow/dags/jinja_template.py
[2024-02-29T16:47:41.834+0000] {processor.py:840} INFO - DAG(s) 'jinja_template' retrieved from /opt/airflow/dags/jinja_template.py
[2024-02-29T16:47:41.862+0000] {logging_mixin.py:188} INFO - [2024-02-29T16:47:41.862+0000] {dag.py:3047} INFO - Sync 1 DAGs
[2024-02-29T16:47:41.884+0000] {logging_mixin.py:188} INFO - [2024-02-29T16:47:41.884+0000] {dag.py:3834} INFO - Setting next_dagrun for jinja_template to None, run_after=None
[2024-02-29T16:47:41.922+0000] {processor.py:183} INFO - Processing /opt/airflow/dags/jinja_template.py took 0.110 seconds
[2024-02-29T16:48:12.848+0000] {processor.py:161} INFO - Started process (PID=1035) to work on /opt/airflow/dags/jinja_template.py
[2024-02-29T16:48:12.849+0000] {processor.py:830} INFO - Processing file /opt/airflow/dags/jinja_template.py for tasks to queue
[2024-02-29T16:48:12.850+0000] {logging_mixin.py:188} INFO - [2024-02-29T16:48:12.850+0000] {dagbag.py:540} INFO - Filling up the DagBag from /opt/airflow/dags/jinja_template.py
[2024-02-29T16:48:12.867+0000] {processor.py:840} INFO - DAG(s) 'jinja_template' retrieved from /opt/airflow/dags/jinja_template.py
[2024-02-29T16:48:12.903+0000] {logging_mixin.py:188} INFO - [2024-02-29T16:48:12.903+0000] {dag.py:3047} INFO - Sync 1 DAGs
[2024-02-29T16:48:12.923+0000] {logging_mixin.py:188} INFO - [2024-02-29T16:48:12.923+0000] {dag.py:3834} INFO - Setting next_dagrun for jinja_template to None, run_after=None
[2024-02-29T16:48:12.947+0000] {processor.py:183} INFO - Processing /opt/airflow/dags/jinja_template.py took 0.101 seconds
[2024-02-29T16:48:42.992+0000] {processor.py:161} INFO - Started process (PID=1050) to work on /opt/airflow/dags/jinja_template.py
[2024-02-29T16:48:42.993+0000] {processor.py:830} INFO - Processing file /opt/airflow/dags/jinja_template.py for tasks to queue
[2024-02-29T16:48:42.994+0000] {logging_mixin.py:188} INFO - [2024-02-29T16:48:42.994+0000] {dagbag.py:540} INFO - Filling up the DagBag from /opt/airflow/dags/jinja_template.py
[2024-02-29T16:48:43.013+0000] {processor.py:840} INFO - DAG(s) 'jinja_template' retrieved from /opt/airflow/dags/jinja_template.py
[2024-02-29T16:48:43.049+0000] {logging_mixin.py:188} INFO - [2024-02-29T16:48:43.049+0000] {dag.py:3047} INFO - Sync 1 DAGs
[2024-02-29T16:48:43.065+0000] {logging_mixin.py:188} INFO - [2024-02-29T16:48:43.065+0000] {dag.py:3834} INFO - Setting next_dagrun for jinja_template to None, run_after=None
[2024-02-29T16:48:43.095+0000] {processor.py:183} INFO - Processing /opt/airflow/dags/jinja_template.py took 0.105 seconds
[2024-02-29T16:49:13.207+0000] {processor.py:161} INFO - Started process (PID=1065) to work on /opt/airflow/dags/jinja_template.py
[2024-02-29T16:49:13.208+0000] {processor.py:830} INFO - Processing file /opt/airflow/dags/jinja_template.py for tasks to queue
[2024-02-29T16:49:13.210+0000] {logging_mixin.py:188} INFO - [2024-02-29T16:49:13.210+0000] {dagbag.py:540} INFO - Filling up the DagBag from /opt/airflow/dags/jinja_template.py
[2024-02-29T16:49:13.223+0000] {processor.py:840} INFO - DAG(s) 'jinja_template' retrieved from /opt/airflow/dags/jinja_template.py
[2024-02-29T16:49:13.248+0000] {logging_mixin.py:188} INFO - [2024-02-29T16:49:13.248+0000] {dag.py:3047} INFO - Sync 1 DAGs
[2024-02-29T16:49:13.266+0000] {logging_mixin.py:188} INFO - [2024-02-29T16:49:13.266+0000] {dag.py:3834} INFO - Setting next_dagrun for jinja_template to None, run_after=None
[2024-02-29T16:49:13.293+0000] {processor.py:183} INFO - Processing /opt/airflow/dags/jinja_template.py took 0.089 seconds
[2024-02-29T16:49:43.390+0000] {processor.py:161} INFO - Started process (PID=1080) to work on /opt/airflow/dags/jinja_template.py
[2024-02-29T16:49:43.390+0000] {processor.py:830} INFO - Processing file /opt/airflow/dags/jinja_template.py for tasks to queue
[2024-02-29T16:49:43.392+0000] {logging_mixin.py:188} INFO - [2024-02-29T16:49:43.392+0000] {dagbag.py:540} INFO - Filling up the DagBag from /opt/airflow/dags/jinja_template.py
[2024-02-29T16:49:43.405+0000] {processor.py:840} INFO - DAG(s) 'jinja_template' retrieved from /opt/airflow/dags/jinja_template.py
[2024-02-29T16:49:43.431+0000] {logging_mixin.py:188} INFO - [2024-02-29T16:49:43.431+0000] {dag.py:3047} INFO - Sync 1 DAGs
[2024-02-29T16:49:43.449+0000] {logging_mixin.py:188} INFO - [2024-02-29T16:49:43.449+0000] {dag.py:3834} INFO - Setting next_dagrun for jinja_template to None, run_after=None
[2024-02-29T16:49:43.485+0000] {processor.py:183} INFO - Processing /opt/airflow/dags/jinja_template.py took 0.097 seconds
[2024-02-29T16:50:14.149+0000] {processor.py:161} INFO - Started process (PID=1095) to work on /opt/airflow/dags/jinja_template.py
[2024-02-29T16:50:14.150+0000] {processor.py:830} INFO - Processing file /opt/airflow/dags/jinja_template.py for tasks to queue
[2024-02-29T16:50:14.152+0000] {logging_mixin.py:188} INFO - [2024-02-29T16:50:14.152+0000] {dagbag.py:540} INFO - Filling up the DagBag from /opt/airflow/dags/jinja_template.py
[2024-02-29T16:50:14.165+0000] {processor.py:840} INFO - DAG(s) 'jinja_template' retrieved from /opt/airflow/dags/jinja_template.py
[2024-02-29T16:50:14.195+0000] {logging_mixin.py:188} INFO - [2024-02-29T16:50:14.195+0000] {dag.py:3047} INFO - Sync 1 DAGs
[2024-02-29T16:50:14.216+0000] {logging_mixin.py:188} INFO - [2024-02-29T16:50:14.215+0000] {dag.py:3834} INFO - Setting next_dagrun for jinja_template to None, run_after=None
[2024-02-29T16:50:14.241+0000] {processor.py:183} INFO - Processing /opt/airflow/dags/jinja_template.py took 0.094 seconds
[2024-02-29T16:50:45.035+0000] {processor.py:161} INFO - Started process (PID=1110) to work on /opt/airflow/dags/jinja_template.py
[2024-02-29T16:50:45.036+0000] {processor.py:830} INFO - Processing file /opt/airflow/dags/jinja_template.py for tasks to queue
[2024-02-29T16:50:45.037+0000] {logging_mixin.py:188} INFO - [2024-02-29T16:50:45.037+0000] {dagbag.py:540} INFO - Filling up the DagBag from /opt/airflow/dags/jinja_template.py
[2024-02-29T16:50:45.049+0000] {processor.py:840} INFO - DAG(s) 'jinja_template' retrieved from /opt/airflow/dags/jinja_template.py
[2024-02-29T16:50:45.077+0000] {logging_mixin.py:188} INFO - [2024-02-29T16:50:45.077+0000] {dag.py:3047} INFO - Sync 1 DAGs
[2024-02-29T16:50:45.094+0000] {logging_mixin.py:188} INFO - [2024-02-29T16:50:45.094+0000] {dag.py:3834} INFO - Setting next_dagrun for jinja_template to None, run_after=None
[2024-02-29T16:50:45.117+0000] {processor.py:183} INFO - Processing /opt/airflow/dags/jinja_template.py took 0.084 seconds
[2024-02-29T16:51:15.965+0000] {processor.py:161} INFO - Started process (PID=1125) to work on /opt/airflow/dags/jinja_template.py
[2024-02-29T16:51:15.965+0000] {processor.py:830} INFO - Processing file /opt/airflow/dags/jinja_template.py for tasks to queue
[2024-02-29T16:51:15.967+0000] {logging_mixin.py:188} INFO - [2024-02-29T16:51:15.967+0000] {dagbag.py:540} INFO - Filling up the DagBag from /opt/airflow/dags/jinja_template.py
[2024-02-29T16:51:15.979+0000] {processor.py:840} INFO - DAG(s) 'jinja_template' retrieved from /opt/airflow/dags/jinja_template.py
[2024-02-29T16:51:16.005+0000] {logging_mixin.py:188} INFO - [2024-02-29T16:51:16.005+0000] {dag.py:3047} INFO - Sync 1 DAGs
[2024-02-29T16:51:16.023+0000] {logging_mixin.py:188} INFO - [2024-02-29T16:51:16.023+0000] {dag.py:3834} INFO - Setting next_dagrun for jinja_template to None, run_after=None
[2024-02-29T16:51:16.042+0000] {processor.py:183} INFO - Processing /opt/airflow/dags/jinja_template.py took 0.079 seconds
[2024-02-29T16:51:46.083+0000] {processor.py:161} INFO - Started process (PID=1141) to work on /opt/airflow/dags/jinja_template.py
[2024-02-29T16:51:46.083+0000] {processor.py:830} INFO - Processing file /opt/airflow/dags/jinja_template.py for tasks to queue
[2024-02-29T16:51:46.085+0000] {logging_mixin.py:188} INFO - [2024-02-29T16:51:46.084+0000] {dagbag.py:540} INFO - Filling up the DagBag from /opt/airflow/dags/jinja_template.py
[2024-02-29T16:51:46.099+0000] {processor.py:840} INFO - DAG(s) 'jinja_template' retrieved from /opt/airflow/dags/jinja_template.py
[2024-02-29T16:51:46.127+0000] {logging_mixin.py:188} INFO - [2024-02-29T16:51:46.126+0000] {dag.py:3047} INFO - Sync 1 DAGs
[2024-02-29T16:51:46.146+0000] {logging_mixin.py:188} INFO - [2024-02-29T16:51:46.146+0000] {dag.py:3834} INFO - Setting next_dagrun for jinja_template to None, run_after=None
[2024-02-29T16:51:46.168+0000] {processor.py:183} INFO - Processing /opt/airflow/dags/jinja_template.py took 0.088 seconds
[2024-02-29T16:52:16.208+0000] {processor.py:161} INFO - Started process (PID=1157) to work on /opt/airflow/dags/jinja_template.py
[2024-02-29T16:52:16.208+0000] {processor.py:830} INFO - Processing file /opt/airflow/dags/jinja_template.py for tasks to queue
[2024-02-29T16:52:16.210+0000] {logging_mixin.py:188} INFO - [2024-02-29T16:52:16.209+0000] {dagbag.py:540} INFO - Filling up the DagBag from /opt/airflow/dags/jinja_template.py
[2024-02-29T16:52:16.222+0000] {processor.py:840} INFO - DAG(s) 'jinja_template' retrieved from /opt/airflow/dags/jinja_template.py
[2024-02-29T16:52:16.248+0000] {logging_mixin.py:188} INFO - [2024-02-29T16:52:16.247+0000] {dag.py:3047} INFO - Sync 1 DAGs
[2024-02-29T16:52:16.266+0000] {logging_mixin.py:188} INFO - [2024-02-29T16:52:16.266+0000] {dag.py:3834} INFO - Setting next_dagrun for jinja_template to None, run_after=None
[2024-02-29T16:52:16.285+0000] {processor.py:183} INFO - Processing /opt/airflow/dags/jinja_template.py took 0.079 seconds
[2024-02-29T16:52:46.336+0000] {processor.py:161} INFO - Started process (PID=1173) to work on /opt/airflow/dags/jinja_template.py
[2024-02-29T16:52:46.338+0000] {processor.py:830} INFO - Processing file /opt/airflow/dags/jinja_template.py for tasks to queue
[2024-02-29T16:52:46.339+0000] {logging_mixin.py:188} INFO - [2024-02-29T16:52:46.339+0000] {dagbag.py:540} INFO - Filling up the DagBag from /opt/airflow/dags/jinja_template.py
[2024-02-29T16:52:46.353+0000] {processor.py:840} INFO - DAG(s) 'jinja_template' retrieved from /opt/airflow/dags/jinja_template.py
[2024-02-29T16:52:46.377+0000] {logging_mixin.py:188} INFO - [2024-02-29T16:52:46.377+0000] {dag.py:3047} INFO - Sync 1 DAGs
[2024-02-29T16:52:46.398+0000] {logging_mixin.py:188} INFO - [2024-02-29T16:52:46.398+0000] {dag.py:3834} INFO - Setting next_dagrun for jinja_template to None, run_after=None
[2024-02-29T16:52:46.429+0000] {processor.py:183} INFO - Processing /opt/airflow/dags/jinja_template.py took 0.095 seconds
[2024-02-29T16:53:16.549+0000] {processor.py:161} INFO - Started process (PID=1189) to work on /opt/airflow/dags/jinja_template.py
[2024-02-29T16:53:16.550+0000] {processor.py:830} INFO - Processing file /opt/airflow/dags/jinja_template.py for tasks to queue
[2024-02-29T16:53:16.552+0000] {logging_mixin.py:188} INFO - [2024-02-29T16:53:16.552+0000] {dagbag.py:540} INFO - Filling up the DagBag from /opt/airflow/dags/jinja_template.py
[2024-02-29T16:53:16.578+0000] {processor.py:840} INFO - DAG(s) 'jinja_template' retrieved from /opt/airflow/dags/jinja_template.py
[2024-02-29T16:53:16.606+0000] {logging_mixin.py:188} INFO - [2024-02-29T16:53:16.606+0000] {dag.py:3047} INFO - Sync 1 DAGs
[2024-02-29T16:53:16.626+0000] {logging_mixin.py:188} INFO - [2024-02-29T16:53:16.626+0000] {dag.py:3834} INFO - Setting next_dagrun for jinja_template to None, run_after=None
[2024-02-29T16:53:16.644+0000] {processor.py:183} INFO - Processing /opt/airflow/dags/jinja_template.py took 0.097 seconds
[2024-02-29T16:53:46.714+0000] {processor.py:161} INFO - Started process (PID=1205) to work on /opt/airflow/dags/jinja_template.py
[2024-02-29T16:53:46.715+0000] {processor.py:830} INFO - Processing file /opt/airflow/dags/jinja_template.py for tasks to queue
[2024-02-29T16:53:46.717+0000] {logging_mixin.py:188} INFO - [2024-02-29T16:53:46.716+0000] {dagbag.py:540} INFO - Filling up the DagBag from /opt/airflow/dags/jinja_template.py
[2024-02-29T16:53:46.730+0000] {processor.py:840} INFO - DAG(s) 'jinja_template' retrieved from /opt/airflow/dags/jinja_template.py
[2024-02-29T16:53:46.756+0000] {logging_mixin.py:188} INFO - [2024-02-29T16:53:46.756+0000] {dag.py:3047} INFO - Sync 1 DAGs
[2024-02-29T16:53:46.802+0000] {logging_mixin.py:188} INFO - [2024-02-29T16:53:46.802+0000] {dag.py:3834} INFO - Setting next_dagrun for jinja_template to None, run_after=None
[2024-02-29T16:53:46.831+0000] {processor.py:183} INFO - Processing /opt/airflow/dags/jinja_template.py took 0.120 seconds
[2024-02-29T16:54:16.868+0000] {processor.py:161} INFO - Started process (PID=1221) to work on /opt/airflow/dags/jinja_template.py
[2024-02-29T16:54:16.869+0000] {processor.py:830} INFO - Processing file /opt/airflow/dags/jinja_template.py for tasks to queue
[2024-02-29T16:54:16.870+0000] {logging_mixin.py:188} INFO - [2024-02-29T16:54:16.870+0000] {dagbag.py:540} INFO - Filling up the DagBag from /opt/airflow/dags/jinja_template.py
[2024-02-29T16:54:16.890+0000] {processor.py:840} INFO - DAG(s) 'jinja_template' retrieved from /opt/airflow/dags/jinja_template.py
[2024-02-29T16:54:16.931+0000] {logging_mixin.py:188} INFO - [2024-02-29T16:54:16.931+0000] {dag.py:3047} INFO - Sync 1 DAGs
[2024-02-29T16:54:16.950+0000] {logging_mixin.py:188} INFO - [2024-02-29T16:54:16.950+0000] {dag.py:3834} INFO - Setting next_dagrun for jinja_template to None, run_after=None
[2024-02-29T16:54:16.966+0000] {processor.py:183} INFO - Processing /opt/airflow/dags/jinja_template.py took 0.100 seconds
[2024-02-29T16:54:47.080+0000] {processor.py:161} INFO - Started process (PID=1238) to work on /opt/airflow/dags/jinja_template.py
[2024-02-29T16:54:47.081+0000] {processor.py:830} INFO - Processing file /opt/airflow/dags/jinja_template.py for tasks to queue
[2024-02-29T16:54:47.082+0000] {logging_mixin.py:188} INFO - [2024-02-29T16:54:47.082+0000] {dagbag.py:540} INFO - Filling up the DagBag from /opt/airflow/dags/jinja_template.py
[2024-02-29T16:54:47.096+0000] {processor.py:840} INFO - DAG(s) 'jinja_template' retrieved from /opt/airflow/dags/jinja_template.py
[2024-02-29T16:54:47.120+0000] {logging_mixin.py:188} INFO - [2024-02-29T16:54:47.120+0000] {dag.py:3047} INFO - Sync 1 DAGs
[2024-02-29T16:54:47.137+0000] {logging_mixin.py:188} INFO - [2024-02-29T16:54:47.136+0000] {dag.py:3834} INFO - Setting next_dagrun for jinja_template to None, run_after=None
[2024-02-29T16:54:47.154+0000] {processor.py:183} INFO - Processing /opt/airflow/dags/jinja_template.py took 0.076 seconds
[2024-02-29T16:55:17.289+0000] {processor.py:161} INFO - Started process (PID=1254) to work on /opt/airflow/dags/jinja_template.py
[2024-02-29T16:55:17.290+0000] {processor.py:830} INFO - Processing file /opt/airflow/dags/jinja_template.py for tasks to queue
[2024-02-29T16:55:17.291+0000] {logging_mixin.py:188} INFO - [2024-02-29T16:55:17.291+0000] {dagbag.py:540} INFO - Filling up the DagBag from /opt/airflow/dags/jinja_template.py
[2024-02-29T16:55:17.305+0000] {processor.py:840} INFO - DAG(s) 'jinja_template' retrieved from /opt/airflow/dags/jinja_template.py
[2024-02-29T16:55:17.335+0000] {logging_mixin.py:188} INFO - [2024-02-29T16:55:17.335+0000] {dag.py:3047} INFO - Sync 1 DAGs
[2024-02-29T16:55:17.359+0000] {logging_mixin.py:188} INFO - [2024-02-29T16:55:17.359+0000] {dag.py:3834} INFO - Setting next_dagrun for jinja_template to None, run_after=None
[2024-02-29T16:55:17.384+0000] {processor.py:183} INFO - Processing /opt/airflow/dags/jinja_template.py took 0.097 seconds
[2024-02-29T16:55:47.524+0000] {processor.py:161} INFO - Started process (PID=1272) to work on /opt/airflow/dags/jinja_template.py
[2024-02-29T16:55:47.524+0000] {processor.py:830} INFO - Processing file /opt/airflow/dags/jinja_template.py for tasks to queue
[2024-02-29T16:55:47.526+0000] {logging_mixin.py:188} INFO - [2024-02-29T16:55:47.525+0000] {dagbag.py:540} INFO - Filling up the DagBag from /opt/airflow/dags/jinja_template.py
[2024-02-29T16:55:47.539+0000] {processor.py:840} INFO - DAG(s) 'jinja_template' retrieved from /opt/airflow/dags/jinja_template.py
[2024-02-29T16:55:47.564+0000] {logging_mixin.py:188} INFO - [2024-02-29T16:55:47.563+0000] {dag.py:3047} INFO - Sync 1 DAGs
[2024-02-29T16:55:47.581+0000] {logging_mixin.py:188} INFO - [2024-02-29T16:55:47.581+0000] {dag.py:3834} INFO - Setting next_dagrun for jinja_template to None, run_after=None
[2024-02-29T16:55:47.605+0000] {processor.py:183} INFO - Processing /opt/airflow/dags/jinja_template.py took 0.084 seconds
[2024-02-29T16:56:17.801+0000] {processor.py:161} INFO - Started process (PID=1289) to work on /opt/airflow/dags/jinja_template.py
[2024-02-29T16:56:17.802+0000] {processor.py:830} INFO - Processing file /opt/airflow/dags/jinja_template.py for tasks to queue
[2024-02-29T16:56:17.804+0000] {logging_mixin.py:188} INFO - [2024-02-29T16:56:17.804+0000] {dagbag.py:540} INFO - Filling up the DagBag from /opt/airflow/dags/jinja_template.py
[2024-02-29T16:56:17.817+0000] {processor.py:840} INFO - DAG(s) 'jinja_template' retrieved from /opt/airflow/dags/jinja_template.py
[2024-02-29T16:56:17.843+0000] {logging_mixin.py:188} INFO - [2024-02-29T16:56:17.843+0000] {dag.py:3047} INFO - Sync 1 DAGs
[2024-02-29T16:56:17.863+0000] {logging_mixin.py:188} INFO - [2024-02-29T16:56:17.863+0000] {dag.py:3834} INFO - Setting next_dagrun for jinja_template to None, run_after=None
[2024-02-29T16:56:17.892+0000] {processor.py:183} INFO - Processing /opt/airflow/dags/jinja_template.py took 0.093 seconds
[2024-02-29T16:56:48.092+0000] {processor.py:161} INFO - Started process (PID=1305) to work on /opt/airflow/dags/jinja_template.py
[2024-02-29T16:56:48.093+0000] {processor.py:830} INFO - Processing file /opt/airflow/dags/jinja_template.py for tasks to queue
[2024-02-29T16:56:48.094+0000] {logging_mixin.py:188} INFO - [2024-02-29T16:56:48.094+0000] {dagbag.py:540} INFO - Filling up the DagBag from /opt/airflow/dags/jinja_template.py
[2024-02-29T16:56:48.106+0000] {processor.py:840} INFO - DAG(s) 'jinja_template' retrieved from /opt/airflow/dags/jinja_template.py
[2024-02-29T16:56:48.129+0000] {logging_mixin.py:188} INFO - [2024-02-29T16:56:48.129+0000] {dag.py:3047} INFO - Sync 1 DAGs
[2024-02-29T16:56:48.146+0000] {logging_mixin.py:188} INFO - [2024-02-29T16:56:48.146+0000] {dag.py:3834} INFO - Setting next_dagrun for jinja_template to None, run_after=None
[2024-02-29T16:56:48.171+0000] {processor.py:183} INFO - Processing /opt/airflow/dags/jinja_template.py took 0.081 seconds
[2024-02-29T16:57:18.225+0000] {processor.py:161} INFO - Started process (PID=1321) to work on /opt/airflow/dags/jinja_template.py
[2024-02-29T16:57:18.226+0000] {processor.py:830} INFO - Processing file /opt/airflow/dags/jinja_template.py for tasks to queue
[2024-02-29T16:57:18.227+0000] {logging_mixin.py:188} INFO - [2024-02-29T16:57:18.227+0000] {dagbag.py:540} INFO - Filling up the DagBag from /opt/airflow/dags/jinja_template.py
[2024-02-29T16:57:18.239+0000] {processor.py:840} INFO - DAG(s) 'jinja_template' retrieved from /opt/airflow/dags/jinja_template.py
[2024-02-29T16:57:18.261+0000] {logging_mixin.py:188} INFO - [2024-02-29T16:57:18.261+0000] {dag.py:3047} INFO - Sync 1 DAGs
[2024-02-29T16:57:18.278+0000] {logging_mixin.py:188} INFO - [2024-02-29T16:57:18.278+0000] {dag.py:3834} INFO - Setting next_dagrun for jinja_template to None, run_after=None
[2024-02-29T16:57:18.299+0000] {processor.py:183} INFO - Processing /opt/airflow/dags/jinja_template.py took 0.075 seconds
[2024-02-29T16:57:48.398+0000] {processor.py:161} INFO - Started process (PID=1337) to work on /opt/airflow/dags/jinja_template.py
[2024-02-29T16:57:48.399+0000] {processor.py:830} INFO - Processing file /opt/airflow/dags/jinja_template.py for tasks to queue
[2024-02-29T16:57:48.401+0000] {logging_mixin.py:188} INFO - [2024-02-29T16:57:48.401+0000] {dagbag.py:540} INFO - Filling up the DagBag from /opt/airflow/dags/jinja_template.py
[2024-02-29T16:57:48.416+0000] {processor.py:840} INFO - DAG(s) 'jinja_template' retrieved from /opt/airflow/dags/jinja_template.py
[2024-02-29T16:57:48.504+0000] {logging_mixin.py:188} INFO - [2024-02-29T16:57:48.504+0000] {dag.py:3047} INFO - Sync 1 DAGs
[2024-02-29T16:57:48.527+0000] {logging_mixin.py:188} INFO - [2024-02-29T16:57:48.527+0000] {dag.py:3834} INFO - Setting next_dagrun for jinja_template to None, run_after=None
[2024-02-29T16:57:48.555+0000] {processor.py:183} INFO - Processing /opt/airflow/dags/jinja_template.py took 0.160 seconds
[2024-02-29T16:58:18.691+0000] {processor.py:161} INFO - Started process (PID=1353) to work on /opt/airflow/dags/jinja_template.py
[2024-02-29T16:58:18.692+0000] {processor.py:830} INFO - Processing file /opt/airflow/dags/jinja_template.py for tasks to queue
[2024-02-29T16:58:18.694+0000] {logging_mixin.py:188} INFO - [2024-02-29T16:58:18.694+0000] {dagbag.py:540} INFO - Filling up the DagBag from /opt/airflow/dags/jinja_template.py
[2024-02-29T16:58:18.708+0000] {processor.py:840} INFO - DAG(s) 'jinja_template' retrieved from /opt/airflow/dags/jinja_template.py
[2024-02-29T16:58:18.735+0000] {logging_mixin.py:188} INFO - [2024-02-29T16:58:18.735+0000] {dag.py:3047} INFO - Sync 1 DAGs
[2024-02-29T16:58:18.753+0000] {logging_mixin.py:188} INFO - [2024-02-29T16:58:18.753+0000] {dag.py:3834} INFO - Setting next_dagrun for jinja_template to None, run_after=None
[2024-02-29T16:58:18.772+0000] {processor.py:183} INFO - Processing /opt/airflow/dags/jinja_template.py took 0.082 seconds
[2024-02-29T16:58:48.863+0000] {processor.py:161} INFO - Started process (PID=1369) to work on /opt/airflow/dags/jinja_template.py
[2024-02-29T16:58:48.864+0000] {processor.py:830} INFO - Processing file /opt/airflow/dags/jinja_template.py for tasks to queue
[2024-02-29T16:58:48.865+0000] {logging_mixin.py:188} INFO - [2024-02-29T16:58:48.865+0000] {dagbag.py:540} INFO - Filling up the DagBag from /opt/airflow/dags/jinja_template.py
[2024-02-29T16:58:48.900+0000] {processor.py:840} INFO - DAG(s) 'jinja_template' retrieved from /opt/airflow/dags/jinja_template.py
[2024-02-29T16:58:48.932+0000] {logging_mixin.py:188} INFO - [2024-02-29T16:58:48.932+0000] {dag.py:3047} INFO - Sync 1 DAGs
[2024-02-29T16:58:48.965+0000] {logging_mixin.py:188} INFO - [2024-02-29T16:58:48.965+0000] {dag.py:3834} INFO - Setting next_dagrun for jinja_template to None, run_after=None
[2024-02-29T16:58:48.986+0000] {processor.py:183} INFO - Processing /opt/airflow/dags/jinja_template.py took 0.125 seconds
[2024-02-29T16:59:19.064+0000] {processor.py:161} INFO - Started process (PID=1385) to work on /opt/airflow/dags/jinja_template.py
[2024-02-29T16:59:19.065+0000] {processor.py:830} INFO - Processing file /opt/airflow/dags/jinja_template.py for tasks to queue
[2024-02-29T16:59:19.066+0000] {logging_mixin.py:188} INFO - [2024-02-29T16:59:19.066+0000] {dagbag.py:540} INFO - Filling up the DagBag from /opt/airflow/dags/jinja_template.py
[2024-02-29T16:59:19.080+0000] {processor.py:840} INFO - DAG(s) 'jinja_template' retrieved from /opt/airflow/dags/jinja_template.py
[2024-02-29T16:59:19.116+0000] {logging_mixin.py:188} INFO - [2024-02-29T16:59:19.115+0000] {dag.py:3047} INFO - Sync 1 DAGs
[2024-02-29T16:59:19.136+0000] {logging_mixin.py:188} INFO - [2024-02-29T16:59:19.136+0000] {dag.py:3834} INFO - Setting next_dagrun for jinja_template to None, run_after=None
[2024-02-29T16:59:19.174+0000] {processor.py:183} INFO - Processing /opt/airflow/dags/jinja_template.py took 0.112 seconds
[2024-02-29T16:59:49.242+0000] {processor.py:161} INFO - Started process (PID=1401) to work on /opt/airflow/dags/jinja_template.py
[2024-02-29T16:59:49.243+0000] {processor.py:830} INFO - Processing file /opt/airflow/dags/jinja_template.py for tasks to queue
[2024-02-29T16:59:49.245+0000] {logging_mixin.py:188} INFO - [2024-02-29T16:59:49.245+0000] {dagbag.py:540} INFO - Filling up the DagBag from /opt/airflow/dags/jinja_template.py
[2024-02-29T16:59:49.264+0000] {processor.py:840} INFO - DAG(s) 'jinja_template' retrieved from /opt/airflow/dags/jinja_template.py
[2024-02-29T16:59:49.293+0000] {logging_mixin.py:188} INFO - [2024-02-29T16:59:49.293+0000] {dag.py:3047} INFO - Sync 1 DAGs
[2024-02-29T16:59:49.315+0000] {logging_mixin.py:188} INFO - [2024-02-29T16:59:49.314+0000] {dag.py:3834} INFO - Setting next_dagrun for jinja_template to None, run_after=None
[2024-02-29T16:59:49.339+0000] {processor.py:183} INFO - Processing /opt/airflow/dags/jinja_template.py took 0.099 seconds
[2024-02-29T17:00:19.413+0000] {processor.py:161} INFO - Started process (PID=1417) to work on /opt/airflow/dags/jinja_template.py
[2024-02-29T17:00:19.414+0000] {processor.py:830} INFO - Processing file /opt/airflow/dags/jinja_template.py for tasks to queue
[2024-02-29T17:00:19.415+0000] {logging_mixin.py:188} INFO - [2024-02-29T17:00:19.415+0000] {dagbag.py:540} INFO - Filling up the DagBag from /opt/airflow/dags/jinja_template.py
[2024-02-29T17:00:19.427+0000] {processor.py:840} INFO - DAG(s) 'jinja_template' retrieved from /opt/airflow/dags/jinja_template.py
[2024-02-29T17:00:19.451+0000] {logging_mixin.py:188} INFO - [2024-02-29T17:00:19.451+0000] {dag.py:3047} INFO - Sync 1 DAGs
[2024-02-29T17:00:19.468+0000] {logging_mixin.py:188} INFO - [2024-02-29T17:00:19.468+0000] {dag.py:3834} INFO - Setting next_dagrun for jinja_template to None, run_after=None
[2024-02-29T17:00:19.487+0000] {processor.py:183} INFO - Processing /opt/airflow/dags/jinja_template.py took 0.076 seconds
[2024-02-29T17:00:49.560+0000] {processor.py:161} INFO - Started process (PID=1433) to work on /opt/airflow/dags/jinja_template.py
[2024-02-29T17:00:49.561+0000] {processor.py:830} INFO - Processing file /opt/airflow/dags/jinja_template.py for tasks to queue
[2024-02-29T17:00:49.563+0000] {logging_mixin.py:188} INFO - [2024-02-29T17:00:49.563+0000] {dagbag.py:540} INFO - Filling up the DagBag from /opt/airflow/dags/jinja_template.py
[2024-02-29T17:00:49.574+0000] {processor.py:840} INFO - DAG(s) 'jinja_template' retrieved from /opt/airflow/dags/jinja_template.py
[2024-02-29T17:00:49.598+0000] {logging_mixin.py:188} INFO - [2024-02-29T17:00:49.598+0000] {dag.py:3047} INFO - Sync 1 DAGs
[2024-02-29T17:00:49.615+0000] {logging_mixin.py:188} INFO - [2024-02-29T17:00:49.615+0000] {dag.py:3834} INFO - Setting next_dagrun for jinja_template to None, run_after=None
[2024-02-29T17:00:49.641+0000] {processor.py:183} INFO - Processing /opt/airflow/dags/jinja_template.py took 0.083 seconds
[2024-02-29T17:01:19.780+0000] {processor.py:161} INFO - Started process (PID=1449) to work on /opt/airflow/dags/jinja_template.py
[2024-02-29T17:01:19.781+0000] {processor.py:830} INFO - Processing file /opt/airflow/dags/jinja_template.py for tasks to queue
[2024-02-29T17:01:19.783+0000] {logging_mixin.py:188} INFO - [2024-02-29T17:01:19.782+0000] {dagbag.py:540} INFO - Filling up the DagBag from /opt/airflow/dags/jinja_template.py
[2024-02-29T17:01:19.795+0000] {processor.py:840} INFO - DAG(s) 'jinja_template' retrieved from /opt/airflow/dags/jinja_template.py
[2024-02-29T17:01:19.825+0000] {logging_mixin.py:188} INFO - [2024-02-29T17:01:19.825+0000] {dag.py:3047} INFO - Sync 1 DAGs
[2024-02-29T17:01:19.842+0000] {logging_mixin.py:188} INFO - [2024-02-29T17:01:19.842+0000] {dag.py:3834} INFO - Setting next_dagrun for jinja_template to None, run_after=None
[2024-02-29T17:01:19.868+0000] {processor.py:183} INFO - Processing /opt/airflow/dags/jinja_template.py took 0.090 seconds
