[2024-02-29T16:03:26.998+0000] {processor.py:161} INFO - Started process (PID=39) to work on /opt/airflow/dags/params.py
[2024-02-29T16:03:26.998+0000] {processor.py:830} INFO - Processing file /opt/airflow/dags/params.py for tasks to queue
[2024-02-29T16:03:27.000+0000] {logging_mixin.py:188} INFO - [2024-02-29T16:03:27.000+0000] {dagbag.py:540} INFO - Filling up the DagBag from /opt/airflow/dags/params.py
[2024-02-29T16:03:27.016+0000] {processor.py:840} INFO - DAG(s) 'params' retrieved from /opt/airflow/dags/params.py
[2024-02-29T16:03:27.249+0000] {logging_mixin.py:188} INFO - [2024-02-29T16:03:27.249+0000] {override.py:1769} INFO - Created Permission View: can read on DAG:params
[2024-02-29T16:03:27.256+0000] {logging_mixin.py:188} INFO - [2024-02-29T16:03:27.256+0000] {override.py:1769} INFO - Created Permission View: can delete on DAG:params
[2024-02-29T16:03:27.260+0000] {logging_mixin.py:188} INFO - [2024-02-29T16:03:27.260+0000] {override.py:1769} INFO - Created Permission View: can edit on DAG:params
[2024-02-29T16:03:27.261+0000] {logging_mixin.py:188} INFO - [2024-02-29T16:03:27.261+0000] {dag.py:3047} INFO - Sync 1 DAGs
[2024-02-29T16:03:27.268+0000] {logging_mixin.py:188} INFO - [2024-02-29T16:03:27.267+0000] {dag.py:3069} INFO - Creating ORM DAG for params
[2024-02-29T16:03:27.269+0000] {logging_mixin.py:188} INFO - [2024-02-29T16:03:27.268+0000] {dag.py:3834} INFO - Setting next_dagrun for params to None, run_after=None
[2024-02-29T16:03:27.281+0000] {processor.py:183} INFO - Processing /opt/airflow/dags/params.py took 0.285 seconds
[2024-02-29T16:03:57.385+0000] {processor.py:161} INFO - Started process (PID=51) to work on /opt/airflow/dags/params.py
[2024-02-29T16:03:57.386+0000] {processor.py:830} INFO - Processing file /opt/airflow/dags/params.py for tasks to queue
[2024-02-29T16:03:57.387+0000] {logging_mixin.py:188} INFO - [2024-02-29T16:03:57.387+0000] {dagbag.py:540} INFO - Filling up the DagBag from /opt/airflow/dags/params.py
[2024-02-29T16:03:57.406+0000] {processor.py:840} INFO - DAG(s) 'params' retrieved from /opt/airflow/dags/params.py
[2024-02-29T16:03:57.423+0000] {logging_mixin.py:188} INFO - [2024-02-29T16:03:57.423+0000] {dag.py:3047} INFO - Sync 1 DAGs
[2024-02-29T16:03:57.430+0000] {logging_mixin.py:188} INFO - [2024-02-29T16:03:57.430+0000] {dag.py:3834} INFO - Setting next_dagrun for params to None, run_after=None
[2024-02-29T16:03:57.442+0000] {processor.py:183} INFO - Processing /opt/airflow/dags/params.py took 0.059 seconds
[2024-02-29T16:04:27.973+0000] {processor.py:161} INFO - Started process (PID=63) to work on /opt/airflow/dags/params.py
[2024-02-29T16:04:27.974+0000] {processor.py:830} INFO - Processing file /opt/airflow/dags/params.py for tasks to queue
[2024-02-29T16:04:27.975+0000] {logging_mixin.py:188} INFO - [2024-02-29T16:04:27.975+0000] {dagbag.py:540} INFO - Filling up the DagBag from /opt/airflow/dags/params.py
[2024-02-29T16:04:27.988+0000] {processor.py:840} INFO - DAG(s) 'params' retrieved from /opt/airflow/dags/params.py
[2024-02-29T16:04:28.003+0000] {logging_mixin.py:188} INFO - [2024-02-29T16:04:28.003+0000] {dag.py:3047} INFO - Sync 1 DAGs
[2024-02-29T16:04:28.011+0000] {logging_mixin.py:188} INFO - [2024-02-29T16:04:28.011+0000] {dag.py:3834} INFO - Setting next_dagrun for params to None, run_after=None
[2024-02-29T16:04:28.023+0000] {processor.py:183} INFO - Processing /opt/airflow/dags/params.py took 0.053 seconds
[2024-02-29T16:04:58.529+0000] {processor.py:161} INFO - Started process (PID=75) to work on /opt/airflow/dags/params.py
[2024-02-29T16:04:58.530+0000] {processor.py:830} INFO - Processing file /opt/airflow/dags/params.py for tasks to queue
[2024-02-29T16:04:58.531+0000] {logging_mixin.py:188} INFO - [2024-02-29T16:04:58.531+0000] {dagbag.py:540} INFO - Filling up the DagBag from /opt/airflow/dags/params.py
[2024-02-29T16:04:58.549+0000] {processor.py:840} INFO - DAG(s) 'params' retrieved from /opt/airflow/dags/params.py
[2024-02-29T16:04:58.566+0000] {logging_mixin.py:188} INFO - [2024-02-29T16:04:58.566+0000] {dag.py:3047} INFO - Sync 1 DAGs
[2024-02-29T16:04:58.574+0000] {logging_mixin.py:188} INFO - [2024-02-29T16:04:58.574+0000] {dag.py:3834} INFO - Setting next_dagrun for params to None, run_after=None
[2024-02-29T16:04:58.589+0000] {processor.py:183} INFO - Processing /opt/airflow/dags/params.py took 0.062 seconds
[2024-02-29T16:05:29.266+0000] {processor.py:161} INFO - Started process (PID=87) to work on /opt/airflow/dags/params.py
[2024-02-29T16:05:29.267+0000] {processor.py:830} INFO - Processing file /opt/airflow/dags/params.py for tasks to queue
[2024-02-29T16:05:29.269+0000] {logging_mixin.py:188} INFO - [2024-02-29T16:05:29.268+0000] {dagbag.py:540} INFO - Filling up the DagBag from /opt/airflow/dags/params.py
[2024-02-29T16:05:29.291+0000] {processor.py:840} INFO - DAG(s) 'params' retrieved from /opt/airflow/dags/params.py
[2024-02-29T16:05:29.306+0000] {logging_mixin.py:188} INFO - [2024-02-29T16:05:29.305+0000] {dag.py:3047} INFO - Sync 1 DAGs
[2024-02-29T16:05:29.312+0000] {logging_mixin.py:188} INFO - [2024-02-29T16:05:29.312+0000] {dag.py:3834} INFO - Setting next_dagrun for params to None, run_after=None
[2024-02-29T16:05:29.322+0000] {processor.py:183} INFO - Processing /opt/airflow/dags/params.py took 0.057 seconds
[2024-02-29T16:05:59.754+0000] {processor.py:161} INFO - Started process (PID=99) to work on /opt/airflow/dags/params.py
[2024-02-29T16:05:59.755+0000] {processor.py:830} INFO - Processing file /opt/airflow/dags/params.py for tasks to queue
[2024-02-29T16:05:59.757+0000] {logging_mixin.py:188} INFO - [2024-02-29T16:05:59.757+0000] {dagbag.py:540} INFO - Filling up the DagBag from /opt/airflow/dags/params.py
[2024-02-29T16:05:59.771+0000] {processor.py:840} INFO - DAG(s) 'params' retrieved from /opt/airflow/dags/params.py
[2024-02-29T16:05:59.786+0000] {logging_mixin.py:188} INFO - [2024-02-29T16:05:59.786+0000] {dag.py:3047} INFO - Sync 1 DAGs
[2024-02-29T16:05:59.793+0000] {logging_mixin.py:188} INFO - [2024-02-29T16:05:59.793+0000] {dag.py:3834} INFO - Setting next_dagrun for params to None, run_after=None
[2024-02-29T16:05:59.803+0000] {processor.py:183} INFO - Processing /opt/airflow/dags/params.py took 0.050 seconds
[2024-02-29T16:06:30.260+0000] {processor.py:161} INFO - Started process (PID=111) to work on /opt/airflow/dags/params.py
[2024-02-29T16:06:30.260+0000] {processor.py:830} INFO - Processing file /opt/airflow/dags/params.py for tasks to queue
[2024-02-29T16:06:30.262+0000] {logging_mixin.py:188} INFO - [2024-02-29T16:06:30.262+0000] {dagbag.py:540} INFO - Filling up the DagBag from /opt/airflow/dags/params.py
[2024-02-29T16:06:30.283+0000] {processor.py:840} INFO - DAG(s) 'params' retrieved from /opt/airflow/dags/params.py
[2024-02-29T16:06:30.297+0000] {logging_mixin.py:188} INFO - [2024-02-29T16:06:30.297+0000] {dag.py:3047} INFO - Sync 1 DAGs
[2024-02-29T16:06:30.304+0000] {logging_mixin.py:188} INFO - [2024-02-29T16:06:30.304+0000] {dag.py:3834} INFO - Setting next_dagrun for params to None, run_after=None
[2024-02-29T16:06:30.313+0000] {processor.py:183} INFO - Processing /opt/airflow/dags/params.py took 0.056 seconds
[2024-02-29T16:07:00.962+0000] {processor.py:161} INFO - Started process (PID=123) to work on /opt/airflow/dags/params.py
[2024-02-29T16:07:00.963+0000] {processor.py:830} INFO - Processing file /opt/airflow/dags/params.py for tasks to queue
[2024-02-29T16:07:00.964+0000] {logging_mixin.py:188} INFO - [2024-02-29T16:07:00.964+0000] {dagbag.py:540} INFO - Filling up the DagBag from /opt/airflow/dags/params.py
[2024-02-29T16:07:00.977+0000] {processor.py:840} INFO - DAG(s) 'params' retrieved from /opt/airflow/dags/params.py
[2024-02-29T16:07:00.991+0000] {logging_mixin.py:188} INFO - [2024-02-29T16:07:00.991+0000] {dag.py:3047} INFO - Sync 1 DAGs
[2024-02-29T16:07:00.998+0000] {logging_mixin.py:188} INFO - [2024-02-29T16:07:00.998+0000] {dag.py:3834} INFO - Setting next_dagrun for params to None, run_after=None
[2024-02-29T16:07:01.008+0000] {processor.py:183} INFO - Processing /opt/airflow/dags/params.py took 0.048 seconds
[2024-02-29T16:07:31.586+0000] {processor.py:161} INFO - Started process (PID=135) to work on /opt/airflow/dags/params.py
[2024-02-29T16:07:31.586+0000] {processor.py:830} INFO - Processing file /opt/airflow/dags/params.py for tasks to queue
[2024-02-29T16:07:31.588+0000] {logging_mixin.py:188} INFO - [2024-02-29T16:07:31.588+0000] {dagbag.py:540} INFO - Filling up the DagBag from /opt/airflow/dags/params.py
[2024-02-29T16:07:31.605+0000] {processor.py:840} INFO - DAG(s) 'params' retrieved from /opt/airflow/dags/params.py
[2024-02-29T16:07:31.621+0000] {logging_mixin.py:188} INFO - [2024-02-29T16:07:31.621+0000] {dag.py:3047} INFO - Sync 1 DAGs
[2024-02-29T16:07:31.629+0000] {logging_mixin.py:188} INFO - [2024-02-29T16:07:31.629+0000] {dag.py:3834} INFO - Setting next_dagrun for params to None, run_after=None
[2024-02-29T16:07:31.640+0000] {processor.py:183} INFO - Processing /opt/airflow/dags/params.py took 0.056 seconds
[2024-02-29T16:08:02.292+0000] {processor.py:161} INFO - Started process (PID=147) to work on /opt/airflow/dags/params.py
[2024-02-29T16:08:02.292+0000] {processor.py:830} INFO - Processing file /opt/airflow/dags/params.py for tasks to queue
[2024-02-29T16:08:02.293+0000] {logging_mixin.py:188} INFO - [2024-02-29T16:08:02.293+0000] {dagbag.py:540} INFO - Filling up the DagBag from /opt/airflow/dags/params.py
[2024-02-29T16:08:02.310+0000] {processor.py:840} INFO - DAG(s) 'params' retrieved from /opt/airflow/dags/params.py
[2024-02-29T16:08:02.326+0000] {logging_mixin.py:188} INFO - [2024-02-29T16:08:02.326+0000] {dag.py:3047} INFO - Sync 1 DAGs
[2024-02-29T16:08:02.334+0000] {logging_mixin.py:188} INFO - [2024-02-29T16:08:02.334+0000] {dag.py:3834} INFO - Setting next_dagrun for params to None, run_after=None
[2024-02-29T16:08:02.344+0000] {processor.py:183} INFO - Processing /opt/airflow/dags/params.py took 0.055 seconds
[2024-02-29T16:08:33.204+0000] {processor.py:161} INFO - Started process (PID=159) to work on /opt/airflow/dags/params.py
[2024-02-29T16:08:33.204+0000] {processor.py:830} INFO - Processing file /opt/airflow/dags/params.py for tasks to queue
[2024-02-29T16:08:33.205+0000] {logging_mixin.py:188} INFO - [2024-02-29T16:08:33.205+0000] {dagbag.py:540} INFO - Filling up the DagBag from /opt/airflow/dags/params.py
[2024-02-29T16:08:33.220+0000] {processor.py:840} INFO - DAG(s) 'params' retrieved from /opt/airflow/dags/params.py
[2024-02-29T16:08:33.235+0000] {logging_mixin.py:188} INFO - [2024-02-29T16:08:33.235+0000] {dag.py:3047} INFO - Sync 1 DAGs
[2024-02-29T16:08:33.242+0000] {logging_mixin.py:188} INFO - [2024-02-29T16:08:33.241+0000] {dag.py:3834} INFO - Setting next_dagrun for params to None, run_after=None
[2024-02-29T16:08:33.256+0000] {processor.py:183} INFO - Processing /opt/airflow/dags/params.py took 0.054 seconds
[2024-02-29T16:09:03.765+0000] {processor.py:161} INFO - Started process (PID=171) to work on /opt/airflow/dags/params.py
[2024-02-29T16:09:03.765+0000] {processor.py:830} INFO - Processing file /opt/airflow/dags/params.py for tasks to queue
[2024-02-29T16:09:03.767+0000] {logging_mixin.py:188} INFO - [2024-02-29T16:09:03.767+0000] {dagbag.py:540} INFO - Filling up the DagBag from /opt/airflow/dags/params.py
[2024-02-29T16:09:03.781+0000] {processor.py:840} INFO - DAG(s) 'params' retrieved from /opt/airflow/dags/params.py
[2024-02-29T16:09:03.796+0000] {logging_mixin.py:188} INFO - [2024-02-29T16:09:03.796+0000] {dag.py:3047} INFO - Sync 1 DAGs
[2024-02-29T16:09:03.803+0000] {logging_mixin.py:188} INFO - [2024-02-29T16:09:03.803+0000] {dag.py:3834} INFO - Setting next_dagrun for params to None, run_after=None
[2024-02-29T16:09:03.815+0000] {processor.py:183} INFO - Processing /opt/airflow/dags/params.py took 0.052 seconds
[2024-02-29T16:09:34.381+0000] {processor.py:161} INFO - Started process (PID=183) to work on /opt/airflow/dags/params.py
[2024-02-29T16:09:34.382+0000] {processor.py:830} INFO - Processing file /opt/airflow/dags/params.py for tasks to queue
[2024-02-29T16:09:34.383+0000] {logging_mixin.py:188} INFO - [2024-02-29T16:09:34.383+0000] {dagbag.py:540} INFO - Filling up the DagBag from /opt/airflow/dags/params.py
[2024-02-29T16:09:34.403+0000] {processor.py:840} INFO - DAG(s) 'params' retrieved from /opt/airflow/dags/params.py
[2024-02-29T16:09:34.422+0000] {logging_mixin.py:188} INFO - [2024-02-29T16:09:34.422+0000] {dag.py:3047} INFO - Sync 1 DAGs
[2024-02-29T16:09:34.430+0000] {logging_mixin.py:188} INFO - [2024-02-29T16:09:34.429+0000] {dag.py:3834} INFO - Setting next_dagrun for params to None, run_after=None
[2024-02-29T16:09:34.443+0000] {processor.py:183} INFO - Processing /opt/airflow/dags/params.py took 0.064 seconds
[2024-02-29T16:10:04.992+0000] {processor.py:161} INFO - Started process (PID=195) to work on /opt/airflow/dags/params.py
[2024-02-29T16:10:04.993+0000] {processor.py:830} INFO - Processing file /opt/airflow/dags/params.py for tasks to queue
[2024-02-29T16:10:04.994+0000] {logging_mixin.py:188} INFO - [2024-02-29T16:10:04.994+0000] {dagbag.py:540} INFO - Filling up the DagBag from /opt/airflow/dags/params.py
[2024-02-29T16:10:05.009+0000] {processor.py:840} INFO - DAG(s) 'params' retrieved from /opt/airflow/dags/params.py
[2024-02-29T16:10:05.025+0000] {logging_mixin.py:188} INFO - [2024-02-29T16:10:05.025+0000] {dag.py:3047} INFO - Sync 1 DAGs
[2024-02-29T16:10:05.032+0000] {logging_mixin.py:188} INFO - [2024-02-29T16:10:05.032+0000] {dag.py:3834} INFO - Setting next_dagrun for params to None, run_after=None
[2024-02-29T16:10:05.044+0000] {processor.py:183} INFO - Processing /opt/airflow/dags/params.py took 0.055 seconds
[2024-02-29T16:10:35.808+0000] {processor.py:161} INFO - Started process (PID=207) to work on /opt/airflow/dags/params.py
[2024-02-29T16:10:35.809+0000] {processor.py:830} INFO - Processing file /opt/airflow/dags/params.py for tasks to queue
[2024-02-29T16:10:35.810+0000] {logging_mixin.py:188} INFO - [2024-02-29T16:10:35.810+0000] {dagbag.py:540} INFO - Filling up the DagBag from /opt/airflow/dags/params.py
[2024-02-29T16:10:35.823+0000] {processor.py:840} INFO - DAG(s) 'params' retrieved from /opt/airflow/dags/params.py
[2024-02-29T16:10:35.838+0000] {logging_mixin.py:188} INFO - [2024-02-29T16:10:35.838+0000] {dag.py:3047} INFO - Sync 1 DAGs
[2024-02-29T16:10:35.846+0000] {logging_mixin.py:188} INFO - [2024-02-29T16:10:35.846+0000] {dag.py:3834} INFO - Setting next_dagrun for params to None, run_after=None
[2024-02-29T16:10:35.855+0000] {processor.py:183} INFO - Processing /opt/airflow/dags/params.py took 0.049 seconds
[2024-02-29T16:11:06.490+0000] {processor.py:161} INFO - Started process (PID=219) to work on /opt/airflow/dags/params.py
[2024-02-29T16:11:06.490+0000] {processor.py:830} INFO - Processing file /opt/airflow/dags/params.py for tasks to queue
[2024-02-29T16:11:06.492+0000] {logging_mixin.py:188} INFO - [2024-02-29T16:11:06.491+0000] {dagbag.py:540} INFO - Filling up the DagBag from /opt/airflow/dags/params.py
[2024-02-29T16:11:06.508+0000] {processor.py:840} INFO - DAG(s) 'params' retrieved from /opt/airflow/dags/params.py
[2024-02-29T16:11:06.524+0000] {logging_mixin.py:188} INFO - [2024-02-29T16:11:06.524+0000] {dag.py:3047} INFO - Sync 1 DAGs
[2024-02-29T16:11:06.531+0000] {logging_mixin.py:188} INFO - [2024-02-29T16:11:06.531+0000] {dag.py:3834} INFO - Setting next_dagrun for params to None, run_after=None
[2024-02-29T16:11:06.543+0000] {processor.py:183} INFO - Processing /opt/airflow/dags/params.py took 0.056 seconds
[2024-02-29T16:11:41.387+0000] {processor.py:161} INFO - Started process (PID=40) to work on /opt/airflow/dags/params.py
[2024-02-29T16:11:41.388+0000] {processor.py:830} INFO - Processing file /opt/airflow/dags/params.py for tasks to queue
[2024-02-29T16:11:41.390+0000] {logging_mixin.py:188} INFO - [2024-02-29T16:11:41.390+0000] {dagbag.py:540} INFO - Filling up the DagBag from /opt/airflow/dags/params.py
[2024-02-29T16:11:41.405+0000] {processor.py:840} INFO - DAG(s) 'params' retrieved from /opt/airflow/dags/params.py
[2024-02-29T16:11:41.484+0000] {logging_mixin.py:188} INFO - [2024-02-29T16:11:41.484+0000] {dag.py:3047} INFO - Sync 1 DAGs
[2024-02-29T16:11:41.499+0000] {logging_mixin.py:188} INFO - [2024-02-29T16:11:41.499+0000] {dag.py:3834} INFO - Setting next_dagrun for params to None, run_after=None
[2024-02-29T16:11:41.523+0000] {processor.py:183} INFO - Processing /opt/airflow/dags/params.py took 0.138 seconds
[2024-02-29T16:12:12.287+0000] {processor.py:161} INFO - Started process (PID=53) to work on /opt/airflow/dags/params.py
[2024-02-29T16:12:12.287+0000] {processor.py:830} INFO - Processing file /opt/airflow/dags/params.py for tasks to queue
[2024-02-29T16:12:12.289+0000] {logging_mixin.py:188} INFO - [2024-02-29T16:12:12.289+0000] {dagbag.py:540} INFO - Filling up the DagBag from /opt/airflow/dags/params.py
[2024-02-29T16:12:12.302+0000] {processor.py:840} INFO - DAG(s) 'params' retrieved from /opt/airflow/dags/params.py
[2024-02-29T16:12:12.330+0000] {logging_mixin.py:188} INFO - [2024-02-29T16:12:12.329+0000] {dag.py:3047} INFO - Sync 1 DAGs
[2024-02-29T16:12:12.341+0000] {logging_mixin.py:188} INFO - [2024-02-29T16:12:12.341+0000] {dag.py:3834} INFO - Setting next_dagrun for params to None, run_after=None
[2024-02-29T16:12:12.357+0000] {processor.py:183} INFO - Processing /opt/airflow/dags/params.py took 0.072 seconds
[2024-02-29T16:12:43.200+0000] {processor.py:161} INFO - Started process (PID=66) to work on /opt/airflow/dags/params.py
[2024-02-29T16:12:43.200+0000] {processor.py:830} INFO - Processing file /opt/airflow/dags/params.py for tasks to queue
[2024-02-29T16:12:43.202+0000] {logging_mixin.py:188} INFO - [2024-02-29T16:12:43.201+0000] {dagbag.py:540} INFO - Filling up the DagBag from /opt/airflow/dags/params.py
[2024-02-29T16:12:43.216+0000] {processor.py:840} INFO - DAG(s) 'params' retrieved from /opt/airflow/dags/params.py
[2024-02-29T16:12:43.250+0000] {logging_mixin.py:188} INFO - [2024-02-29T16:12:43.250+0000] {dag.py:3047} INFO - Sync 1 DAGs
[2024-02-29T16:12:43.261+0000] {logging_mixin.py:188} INFO - [2024-02-29T16:12:43.260+0000] {dag.py:3834} INFO - Setting next_dagrun for params to None, run_after=None
[2024-02-29T16:12:43.275+0000] {processor.py:183} INFO - Processing /opt/airflow/dags/params.py took 0.077 seconds
[2024-02-29T16:13:14.101+0000] {processor.py:161} INFO - Started process (PID=79) to work on /opt/airflow/dags/params.py
[2024-02-29T16:13:14.102+0000] {processor.py:830} INFO - Processing file /opt/airflow/dags/params.py for tasks to queue
[2024-02-29T16:13:14.103+0000] {logging_mixin.py:188} INFO - [2024-02-29T16:13:14.103+0000] {dagbag.py:540} INFO - Filling up the DagBag from /opt/airflow/dags/params.py
[2024-02-29T16:13:14.117+0000] {processor.py:840} INFO - DAG(s) 'params' retrieved from /opt/airflow/dags/params.py
[2024-02-29T16:13:14.151+0000] {logging_mixin.py:188} INFO - [2024-02-29T16:13:14.150+0000] {dag.py:3047} INFO - Sync 1 DAGs
[2024-02-29T16:13:14.161+0000] {logging_mixin.py:188} INFO - [2024-02-29T16:13:14.161+0000] {dag.py:3834} INFO - Setting next_dagrun for params to None, run_after=None
[2024-02-29T16:13:14.176+0000] {processor.py:183} INFO - Processing /opt/airflow/dags/params.py took 0.077 seconds
[2024-02-29T16:13:44.917+0000] {processor.py:161} INFO - Started process (PID=92) to work on /opt/airflow/dags/params.py
[2024-02-29T16:13:44.918+0000] {processor.py:830} INFO - Processing file /opt/airflow/dags/params.py for tasks to queue
[2024-02-29T16:13:44.920+0000] {logging_mixin.py:188} INFO - [2024-02-29T16:13:44.919+0000] {dagbag.py:540} INFO - Filling up the DagBag from /opt/airflow/dags/params.py
[2024-02-29T16:13:44.933+0000] {processor.py:840} INFO - DAG(s) 'params' retrieved from /opt/airflow/dags/params.py
[2024-02-29T16:13:44.961+0000] {logging_mixin.py:188} INFO - [2024-02-29T16:13:44.960+0000] {dag.py:3047} INFO - Sync 1 DAGs
[2024-02-29T16:13:44.974+0000] {logging_mixin.py:188} INFO - [2024-02-29T16:13:44.974+0000] {dag.py:3834} INFO - Setting next_dagrun for params to None, run_after=None
[2024-02-29T16:13:44.989+0000] {processor.py:183} INFO - Processing /opt/airflow/dags/params.py took 0.074 seconds
