[2024-02-29T16:03:27.916+0000] {processor.py:161} INFO - Started process (PID=43) to work on /opt/airflow/dags/python_operator.py
[2024-02-29T16:03:27.918+0000] {processor.py:830} INFO - Processing file /opt/airflow/dags/python_operator.py for tasks to queue
[2024-02-29T16:03:27.918+0000] {logging_mixin.py:188} INFO - [2024-02-29T16:03:27.918+0000] {dagbag.py:540} INFO - Filling up the DagBag from /opt/airflow/dags/python_operator.py
[2024-02-29T16:03:27.939+0000] {processor.py:840} INFO - DAG(s) 'python_operator' retrieved from /opt/airflow/dags/python_operator.py
[2024-02-29T16:03:27.993+0000] {logging_mixin.py:188} INFO - [2024-02-29T16:03:27.993+0000] {override.py:1769} INFO - Created Permission View: can read on DAG:python_operator
[2024-02-29T16:03:28.001+0000] {logging_mixin.py:188} INFO - [2024-02-29T16:03:28.000+0000] {override.py:1769} INFO - Created Permission View: can delete on DAG:python_operator
[2024-02-29T16:03:28.007+0000] {logging_mixin.py:188} INFO - [2024-02-29T16:03:28.006+0000] {override.py:1769} INFO - Created Permission View: can edit on DAG:python_operator
[2024-02-29T16:03:28.007+0000] {logging_mixin.py:188} INFO - [2024-02-29T16:03:28.007+0000] {dag.py:3047} INFO - Sync 1 DAGs
[2024-02-29T16:03:28.016+0000] {logging_mixin.py:188} INFO - [2024-02-29T16:03:28.016+0000] {dag.py:3069} INFO - Creating ORM DAG for python_operator
[2024-02-29T16:03:28.023+0000] {logging_mixin.py:188} INFO - [2024-02-29T16:03:28.023+0000] {dag.py:3834} INFO - Setting next_dagrun for python_operator to 2024-01-01 03:00:00+00:00, run_after=2024-01-02 03:00:00+00:00
[2024-02-29T16:03:28.036+0000] {processor.py:183} INFO - Processing /opt/airflow/dags/python_operator.py took 0.224 seconds
[2024-02-29T16:03:58.506+0000] {processor.py:161} INFO - Started process (PID=55) to work on /opt/airflow/dags/python_operator.py
[2024-02-29T16:03:58.507+0000] {processor.py:830} INFO - Processing file /opt/airflow/dags/python_operator.py for tasks to queue
[2024-02-29T16:03:58.509+0000] {logging_mixin.py:188} INFO - [2024-02-29T16:03:58.509+0000] {dagbag.py:540} INFO - Filling up the DagBag from /opt/airflow/dags/python_operator.py
[2024-02-29T16:03:58.525+0000] {processor.py:840} INFO - DAG(s) 'python_operator' retrieved from /opt/airflow/dags/python_operator.py
[2024-02-29T16:03:58.540+0000] {logging_mixin.py:188} INFO - [2024-02-29T16:03:58.540+0000] {dag.py:3047} INFO - Sync 1 DAGs
[2024-02-29T16:03:58.553+0000] {logging_mixin.py:188} INFO - [2024-02-29T16:03:58.553+0000] {dag.py:3834} INFO - Setting next_dagrun for python_operator to 2024-01-01 03:00:00+00:00, run_after=2024-01-02 03:00:00+00:00
[2024-02-29T16:03:58.565+0000] {processor.py:183} INFO - Processing /opt/airflow/dags/python_operator.py took 0.062 seconds
[2024-02-29T16:04:29.173+0000] {processor.py:161} INFO - Started process (PID=67) to work on /opt/airflow/dags/python_operator.py
[2024-02-29T16:04:29.174+0000] {processor.py:830} INFO - Processing file /opt/airflow/dags/python_operator.py for tasks to queue
[2024-02-29T16:04:29.175+0000] {logging_mixin.py:188} INFO - [2024-02-29T16:04:29.175+0000] {dagbag.py:540} INFO - Filling up the DagBag from /opt/airflow/dags/python_operator.py
[2024-02-29T16:04:29.197+0000] {processor.py:840} INFO - DAG(s) 'python_operator' retrieved from /opt/airflow/dags/python_operator.py
[2024-02-29T16:04:29.211+0000] {logging_mixin.py:188} INFO - [2024-02-29T16:04:29.211+0000] {dag.py:3047} INFO - Sync 1 DAGs
[2024-02-29T16:04:29.224+0000] {logging_mixin.py:188} INFO - [2024-02-29T16:04:29.224+0000] {dag.py:3834} INFO - Setting next_dagrun for python_operator to 2024-01-01 03:00:00+00:00, run_after=2024-01-02 03:00:00+00:00
[2024-02-29T16:04:29.234+0000] {processor.py:183} INFO - Processing /opt/airflow/dags/python_operator.py took 0.064 seconds
[2024-02-29T16:04:59.788+0000] {processor.py:161} INFO - Started process (PID=79) to work on /opt/airflow/dags/python_operator.py
[2024-02-29T16:04:59.789+0000] {processor.py:830} INFO - Processing file /opt/airflow/dags/python_operator.py for tasks to queue
[2024-02-29T16:04:59.790+0000] {logging_mixin.py:188} INFO - [2024-02-29T16:04:59.790+0000] {dagbag.py:540} INFO - Filling up the DagBag from /opt/airflow/dags/python_operator.py
[2024-02-29T16:04:59.804+0000] {processor.py:840} INFO - DAG(s) 'python_operator' retrieved from /opt/airflow/dags/python_operator.py
[2024-02-29T16:04:59.819+0000] {logging_mixin.py:188} INFO - [2024-02-29T16:04:59.818+0000] {dag.py:3047} INFO - Sync 1 DAGs
[2024-02-29T16:04:59.832+0000] {logging_mixin.py:188} INFO - [2024-02-29T16:04:59.832+0000] {dag.py:3834} INFO - Setting next_dagrun for python_operator to 2024-01-01 03:00:00+00:00, run_after=2024-01-02 03:00:00+00:00
[2024-02-29T16:04:59.843+0000] {processor.py:183} INFO - Processing /opt/airflow/dags/python_operator.py took 0.057 seconds
[2024-02-29T16:05:30.464+0000] {processor.py:161} INFO - Started process (PID=91) to work on /opt/airflow/dags/python_operator.py
[2024-02-29T16:05:30.464+0000] {processor.py:830} INFO - Processing file /opt/airflow/dags/python_operator.py for tasks to queue
[2024-02-29T16:05:30.466+0000] {logging_mixin.py:188} INFO - [2024-02-29T16:05:30.466+0000] {dagbag.py:540} INFO - Filling up the DagBag from /opt/airflow/dags/python_operator.py
[2024-02-29T16:05:30.481+0000] {processor.py:840} INFO - DAG(s) 'python_operator' retrieved from /opt/airflow/dags/python_operator.py
[2024-02-29T16:05:30.496+0000] {logging_mixin.py:188} INFO - [2024-02-29T16:05:30.496+0000] {dag.py:3047} INFO - Sync 1 DAGs
[2024-02-29T16:05:30.509+0000] {logging_mixin.py:188} INFO - [2024-02-29T16:05:30.509+0000] {dag.py:3834} INFO - Setting next_dagrun for python_operator to 2024-01-01 03:00:00+00:00, run_after=2024-01-02 03:00:00+00:00
[2024-02-29T16:05:30.519+0000] {processor.py:183} INFO - Processing /opt/airflow/dags/python_operator.py took 0.057 seconds
[2024-02-29T16:06:00.964+0000] {processor.py:161} INFO - Started process (PID=103) to work on /opt/airflow/dags/python_operator.py
[2024-02-29T16:06:00.964+0000] {processor.py:830} INFO - Processing file /opt/airflow/dags/python_operator.py for tasks to queue
[2024-02-29T16:06:00.966+0000] {logging_mixin.py:188} INFO - [2024-02-29T16:06:00.965+0000] {dagbag.py:540} INFO - Filling up the DagBag from /opt/airflow/dags/python_operator.py
[2024-02-29T16:06:00.986+0000] {processor.py:840} INFO - DAG(s) 'python_operator' retrieved from /opt/airflow/dags/python_operator.py
[2024-02-29T16:06:01.001+0000] {logging_mixin.py:188} INFO - [2024-02-29T16:06:01.001+0000] {dag.py:3047} INFO - Sync 1 DAGs
[2024-02-29T16:06:01.015+0000] {logging_mixin.py:188} INFO - [2024-02-29T16:06:01.015+0000] {dag.py:3834} INFO - Setting next_dagrun for python_operator to 2024-01-01 03:00:00+00:00, run_after=2024-01-02 03:00:00+00:00
[2024-02-29T16:06:01.027+0000] {processor.py:183} INFO - Processing /opt/airflow/dags/python_operator.py took 0.065 seconds
[2024-02-29T16:06:31.470+0000] {processor.py:161} INFO - Started process (PID=115) to work on /opt/airflow/dags/python_operator.py
[2024-02-29T16:06:31.471+0000] {processor.py:830} INFO - Processing file /opt/airflow/dags/python_operator.py for tasks to queue
[2024-02-29T16:06:31.472+0000] {logging_mixin.py:188} INFO - [2024-02-29T16:06:31.472+0000] {dagbag.py:540} INFO - Filling up the DagBag from /opt/airflow/dags/python_operator.py
[2024-02-29T16:06:31.488+0000] {processor.py:840} INFO - DAG(s) 'python_operator' retrieved from /opt/airflow/dags/python_operator.py
[2024-02-29T16:06:31.501+0000] {logging_mixin.py:188} INFO - [2024-02-29T16:06:31.501+0000] {dag.py:3047} INFO - Sync 1 DAGs
[2024-02-29T16:06:31.513+0000] {logging_mixin.py:188} INFO - [2024-02-29T16:06:31.512+0000] {dag.py:3834} INFO - Setting next_dagrun for python_operator to 2024-01-01 03:00:00+00:00, run_after=2024-01-02 03:00:00+00:00
[2024-02-29T16:06:31.522+0000] {processor.py:183} INFO - Processing /opt/airflow/dags/python_operator.py took 0.053 seconds
[2024-02-29T16:07:02.245+0000] {processor.py:161} INFO - Started process (PID=127) to work on /opt/airflow/dags/python_operator.py
[2024-02-29T16:07:02.246+0000] {processor.py:830} INFO - Processing file /opt/airflow/dags/python_operator.py for tasks to queue
[2024-02-29T16:07:02.248+0000] {logging_mixin.py:188} INFO - [2024-02-29T16:07:02.248+0000] {dagbag.py:540} INFO - Filling up the DagBag from /opt/airflow/dags/python_operator.py
[2024-02-29T16:07:02.262+0000] {processor.py:840} INFO - DAG(s) 'python_operator' retrieved from /opt/airflow/dags/python_operator.py
[2024-02-29T16:07:02.277+0000] {logging_mixin.py:188} INFO - [2024-02-29T16:07:02.277+0000] {dag.py:3047} INFO - Sync 1 DAGs
[2024-02-29T16:07:02.289+0000] {logging_mixin.py:188} INFO - [2024-02-29T16:07:02.289+0000] {dag.py:3834} INFO - Setting next_dagrun for python_operator to 2024-01-01 03:00:00+00:00, run_after=2024-01-02 03:00:00+00:00
[2024-02-29T16:07:02.298+0000] {processor.py:183} INFO - Processing /opt/airflow/dags/python_operator.py took 0.055 seconds
[2024-02-29T16:07:32.862+0000] {processor.py:161} INFO - Started process (PID=139) to work on /opt/airflow/dags/python_operator.py
[2024-02-29T16:07:32.863+0000] {processor.py:830} INFO - Processing file /opt/airflow/dags/python_operator.py for tasks to queue
[2024-02-29T16:07:32.864+0000] {logging_mixin.py:188} INFO - [2024-02-29T16:07:32.864+0000] {dagbag.py:540} INFO - Filling up the DagBag from /opt/airflow/dags/python_operator.py
[2024-02-29T16:07:32.879+0000] {processor.py:840} INFO - DAG(s) 'python_operator' retrieved from /opt/airflow/dags/python_operator.py
[2024-02-29T16:07:32.893+0000] {logging_mixin.py:188} INFO - [2024-02-29T16:07:32.893+0000] {dag.py:3047} INFO - Sync 1 DAGs
[2024-02-29T16:07:32.906+0000] {logging_mixin.py:188} INFO - [2024-02-29T16:07:32.906+0000] {dag.py:3834} INFO - Setting next_dagrun for python_operator to 2024-01-01 03:00:00+00:00, run_after=2024-01-02 03:00:00+00:00
[2024-02-29T16:07:32.917+0000] {processor.py:183} INFO - Processing /opt/airflow/dags/python_operator.py took 0.057 seconds
[2024-02-29T16:08:03.525+0000] {processor.py:161} INFO - Started process (PID=151) to work on /opt/airflow/dags/python_operator.py
[2024-02-29T16:08:03.526+0000] {processor.py:830} INFO - Processing file /opt/airflow/dags/python_operator.py for tasks to queue
[2024-02-29T16:08:03.528+0000] {logging_mixin.py:188} INFO - [2024-02-29T16:08:03.528+0000] {dagbag.py:540} INFO - Filling up the DagBag from /opt/airflow/dags/python_operator.py
[2024-02-29T16:08:03.544+0000] {processor.py:840} INFO - DAG(s) 'python_operator' retrieved from /opt/airflow/dags/python_operator.py
[2024-02-29T16:08:03.560+0000] {logging_mixin.py:188} INFO - [2024-02-29T16:08:03.560+0000] {dag.py:3047} INFO - Sync 1 DAGs
[2024-02-29T16:08:03.572+0000] {logging_mixin.py:188} INFO - [2024-02-29T16:08:03.572+0000] {dag.py:3834} INFO - Setting next_dagrun for python_operator to 2024-01-01 03:00:00+00:00, run_after=2024-01-02 03:00:00+00:00
[2024-02-29T16:08:03.583+0000] {processor.py:183} INFO - Processing /opt/airflow/dags/python_operator.py took 0.059 seconds
[2024-02-29T16:08:34.336+0000] {processor.py:161} INFO - Started process (PID=163) to work on /opt/airflow/dags/python_operator.py
[2024-02-29T16:08:34.337+0000] {processor.py:830} INFO - Processing file /opt/airflow/dags/python_operator.py for tasks to queue
[2024-02-29T16:08:34.339+0000] {logging_mixin.py:188} INFO - [2024-02-29T16:08:34.338+0000] {dagbag.py:540} INFO - Filling up the DagBag from /opt/airflow/dags/python_operator.py
[2024-02-29T16:08:34.358+0000] {processor.py:840} INFO - DAG(s) 'python_operator' retrieved from /opt/airflow/dags/python_operator.py
[2024-02-29T16:08:34.374+0000] {logging_mixin.py:188} INFO - [2024-02-29T16:08:34.373+0000] {dag.py:3047} INFO - Sync 1 DAGs
[2024-02-29T16:08:34.387+0000] {logging_mixin.py:188} INFO - [2024-02-29T16:08:34.387+0000] {dag.py:3834} INFO - Setting next_dagrun for python_operator to 2024-01-01 03:00:00+00:00, run_after=2024-01-02 03:00:00+00:00
[2024-02-29T16:08:34.398+0000] {processor.py:183} INFO - Processing /opt/airflow/dags/python_operator.py took 0.064 seconds
[2024-02-29T16:09:04.964+0000] {processor.py:161} INFO - Started process (PID=175) to work on /opt/airflow/dags/python_operator.py
[2024-02-29T16:09:04.965+0000] {processor.py:830} INFO - Processing file /opt/airflow/dags/python_operator.py for tasks to queue
[2024-02-29T16:09:04.967+0000] {logging_mixin.py:188} INFO - [2024-02-29T16:09:04.967+0000] {dagbag.py:540} INFO - Filling up the DagBag from /opt/airflow/dags/python_operator.py
[2024-02-29T16:09:04.987+0000] {processor.py:840} INFO - DAG(s) 'python_operator' retrieved from /opt/airflow/dags/python_operator.py
[2024-02-29T16:09:05.001+0000] {logging_mixin.py:188} INFO - [2024-02-29T16:09:05.001+0000] {dag.py:3047} INFO - Sync 1 DAGs
[2024-02-29T16:09:05.014+0000] {logging_mixin.py:188} INFO - [2024-02-29T16:09:05.014+0000] {dag.py:3834} INFO - Setting next_dagrun for python_operator to 2024-01-01 03:00:00+00:00, run_after=2024-01-02 03:00:00+00:00
[2024-02-29T16:09:05.024+0000] {processor.py:183} INFO - Processing /opt/airflow/dags/python_operator.py took 0.062 seconds
[2024-02-29T16:09:35.596+0000] {processor.py:161} INFO - Started process (PID=187) to work on /opt/airflow/dags/python_operator.py
[2024-02-29T16:09:35.597+0000] {processor.py:830} INFO - Processing file /opt/airflow/dags/python_operator.py for tasks to queue
[2024-02-29T16:09:35.599+0000] {logging_mixin.py:188} INFO - [2024-02-29T16:09:35.598+0000] {dagbag.py:540} INFO - Filling up the DagBag from /opt/airflow/dags/python_operator.py
[2024-02-29T16:09:35.616+0000] {processor.py:840} INFO - DAG(s) 'python_operator' retrieved from /opt/airflow/dags/python_operator.py
[2024-02-29T16:09:35.632+0000] {logging_mixin.py:188} INFO - [2024-02-29T16:09:35.631+0000] {dag.py:3047} INFO - Sync 1 DAGs
[2024-02-29T16:09:35.645+0000] {logging_mixin.py:188} INFO - [2024-02-29T16:09:35.645+0000] {dag.py:3834} INFO - Setting next_dagrun for python_operator to 2024-01-01 03:00:00+00:00, run_after=2024-01-02 03:00:00+00:00
[2024-02-29T16:09:35.658+0000] {processor.py:183} INFO - Processing /opt/airflow/dags/python_operator.py took 0.065 seconds
[2024-02-29T16:10:06.279+0000] {processor.py:161} INFO - Started process (PID=199) to work on /opt/airflow/dags/python_operator.py
[2024-02-29T16:10:06.280+0000] {processor.py:830} INFO - Processing file /opt/airflow/dags/python_operator.py for tasks to queue
[2024-02-29T16:10:06.281+0000] {logging_mixin.py:188} INFO - [2024-02-29T16:10:06.281+0000] {dagbag.py:540} INFO - Filling up the DagBag from /opt/airflow/dags/python_operator.py
[2024-02-29T16:10:06.300+0000] {processor.py:840} INFO - DAG(s) 'python_operator' retrieved from /opt/airflow/dags/python_operator.py
[2024-02-29T16:10:06.314+0000] {logging_mixin.py:188} INFO - [2024-02-29T16:10:06.314+0000] {dag.py:3047} INFO - Sync 1 DAGs
[2024-02-29T16:10:06.327+0000] {logging_mixin.py:188} INFO - [2024-02-29T16:10:06.327+0000] {dag.py:3834} INFO - Setting next_dagrun for python_operator to 2024-01-01 03:00:00+00:00, run_after=2024-01-02 03:00:00+00:00
[2024-02-29T16:10:06.338+0000] {processor.py:183} INFO - Processing /opt/airflow/dags/python_operator.py took 0.062 seconds
[2024-02-29T16:10:37.055+0000] {processor.py:161} INFO - Started process (PID=211) to work on /opt/airflow/dags/python_operator.py
[2024-02-29T16:10:37.056+0000] {processor.py:830} INFO - Processing file /opt/airflow/dags/python_operator.py for tasks to queue
[2024-02-29T16:10:37.057+0000] {logging_mixin.py:188} INFO - [2024-02-29T16:10:37.057+0000] {dagbag.py:540} INFO - Filling up the DagBag from /opt/airflow/dags/python_operator.py
[2024-02-29T16:10:37.076+0000] {processor.py:840} INFO - DAG(s) 'python_operator' retrieved from /opt/airflow/dags/python_operator.py
[2024-02-29T16:10:37.090+0000] {logging_mixin.py:188} INFO - [2024-02-29T16:10:37.090+0000] {dag.py:3047} INFO - Sync 1 DAGs
[2024-02-29T16:10:37.104+0000] {logging_mixin.py:188} INFO - [2024-02-29T16:10:37.104+0000] {dag.py:3834} INFO - Setting next_dagrun for python_operator to 2024-01-01 03:00:00+00:00, run_after=2024-01-02 03:00:00+00:00
[2024-02-29T16:10:37.116+0000] {processor.py:183} INFO - Processing /opt/airflow/dags/python_operator.py took 0.063 seconds
[2024-02-29T16:11:07.607+0000] {processor.py:161} INFO - Started process (PID=223) to work on /opt/airflow/dags/python_operator.py
[2024-02-29T16:11:07.609+0000] {processor.py:830} INFO - Processing file /opt/airflow/dags/python_operator.py for tasks to queue
[2024-02-29T16:11:07.611+0000] {logging_mixin.py:188} INFO - [2024-02-29T16:11:07.610+0000] {dagbag.py:540} INFO - Filling up the DagBag from /opt/airflow/dags/python_operator.py
[2024-02-29T16:11:07.625+0000] {processor.py:840} INFO - DAG(s) 'python_operator' retrieved from /opt/airflow/dags/python_operator.py
[2024-02-29T16:11:07.639+0000] {logging_mixin.py:188} INFO - [2024-02-29T16:11:07.639+0000] {dag.py:3047} INFO - Sync 1 DAGs
[2024-02-29T16:11:07.653+0000] {logging_mixin.py:188} INFO - [2024-02-29T16:11:07.653+0000] {dag.py:3834} INFO - Setting next_dagrun for python_operator to 2024-01-01 03:00:00+00:00, run_after=2024-01-02 03:00:00+00:00
[2024-02-29T16:11:07.666+0000] {processor.py:183} INFO - Processing /opt/airflow/dags/python_operator.py took 0.061 seconds
[2024-02-29T16:11:41.706+0000] {processor.py:161} INFO - Started process (PID=44) to work on /opt/airflow/dags/python_operator.py
[2024-02-29T16:11:41.707+0000] {processor.py:830} INFO - Processing file /opt/airflow/dags/python_operator.py for tasks to queue
[2024-02-29T16:11:41.708+0000] {logging_mixin.py:188} INFO - [2024-02-29T16:11:41.708+0000] {dagbag.py:540} INFO - Filling up the DagBag from /opt/airflow/dags/python_operator.py
[2024-02-29T16:11:41.722+0000] {processor.py:840} INFO - DAG(s) 'python_operator' retrieved from /opt/airflow/dags/python_operator.py
[2024-02-29T16:11:41.796+0000] {logging_mixin.py:188} INFO - [2024-02-29T16:11:41.796+0000] {dag.py:3047} INFO - Sync 1 DAGs
[2024-02-29T16:11:41.814+0000] {logging_mixin.py:188} INFO - [2024-02-29T16:11:41.814+0000] {dag.py:3834} INFO - Setting next_dagrun for python_operator to None, run_after=None
[2024-02-29T16:11:41.832+0000] {processor.py:183} INFO - Processing /opt/airflow/dags/python_operator.py took 0.128 seconds
[2024-02-29T16:12:12.526+0000] {processor.py:161} INFO - Started process (PID=57) to work on /opt/airflow/dags/python_operator.py
[2024-02-29T16:12:12.527+0000] {processor.py:830} INFO - Processing file /opt/airflow/dags/python_operator.py for tasks to queue
[2024-02-29T16:12:12.528+0000] {logging_mixin.py:188} INFO - [2024-02-29T16:12:12.528+0000] {dagbag.py:540} INFO - Filling up the DagBag from /opt/airflow/dags/python_operator.py
[2024-02-29T16:12:12.543+0000] {processor.py:840} INFO - DAG(s) 'python_operator' retrieved from /opt/airflow/dags/python_operator.py
[2024-02-29T16:12:12.570+0000] {logging_mixin.py:188} INFO - [2024-02-29T16:12:12.570+0000] {dag.py:3047} INFO - Sync 1 DAGs
[2024-02-29T16:12:12.590+0000] {logging_mixin.py:188} INFO - [2024-02-29T16:12:12.590+0000] {dag.py:3834} INFO - Setting next_dagrun for python_operator to None, run_after=None
[2024-02-29T16:12:12.614+0000] {processor.py:183} INFO - Processing /opt/airflow/dags/python_operator.py took 0.090 seconds
[2024-02-29T16:12:43.542+0000] {processor.py:161} INFO - Started process (PID=70) to work on /opt/airflow/dags/python_operator.py
[2024-02-29T16:12:43.543+0000] {processor.py:830} INFO - Processing file /opt/airflow/dags/python_operator.py for tasks to queue
[2024-02-29T16:12:43.544+0000] {logging_mixin.py:188} INFO - [2024-02-29T16:12:43.544+0000] {dagbag.py:540} INFO - Filling up the DagBag from /opt/airflow/dags/python_operator.py
[2024-02-29T16:12:43.558+0000] {processor.py:840} INFO - DAG(s) 'python_operator' retrieved from /opt/airflow/dags/python_operator.py
[2024-02-29T16:12:43.583+0000] {logging_mixin.py:188} INFO - [2024-02-29T16:12:43.583+0000] {dag.py:3047} INFO - Sync 1 DAGs
[2024-02-29T16:12:43.612+0000] {logging_mixin.py:188} INFO - [2024-02-29T16:12:43.611+0000] {dag.py:3834} INFO - Setting next_dagrun for python_operator to None, run_after=None
[2024-02-29T16:12:43.643+0000] {processor.py:183} INFO - Processing /opt/airflow/dags/python_operator.py took 0.102 seconds
[2024-02-29T16:13:14.319+0000] {processor.py:161} INFO - Started process (PID=83) to work on /opt/airflow/dags/python_operator.py
[2024-02-29T16:13:14.320+0000] {processor.py:830} INFO - Processing file /opt/airflow/dags/python_operator.py for tasks to queue
[2024-02-29T16:13:14.321+0000] {logging_mixin.py:188} INFO - [2024-02-29T16:13:14.321+0000] {dagbag.py:540} INFO - Filling up the DagBag from /opt/airflow/dags/python_operator.py
[2024-02-29T16:13:14.336+0000] {processor.py:840} INFO - DAG(s) 'python_operator' retrieved from /opt/airflow/dags/python_operator.py
[2024-02-29T16:13:14.360+0000] {logging_mixin.py:188} INFO - [2024-02-29T16:13:14.360+0000] {dag.py:3047} INFO - Sync 1 DAGs
[2024-02-29T16:13:14.385+0000] {logging_mixin.py:188} INFO - [2024-02-29T16:13:14.385+0000] {dag.py:3834} INFO - Setting next_dagrun for python_operator to None, run_after=None
[2024-02-29T16:13:14.398+0000] {processor.py:183} INFO - Processing /opt/airflow/dags/python_operator.py took 0.081 seconds
[2024-02-29T16:13:45.254+0000] {processor.py:161} INFO - Started process (PID=96) to work on /opt/airflow/dags/python_operator.py
[2024-02-29T16:13:45.255+0000] {processor.py:830} INFO - Processing file /opt/airflow/dags/python_operator.py for tasks to queue
[2024-02-29T16:13:45.256+0000] {logging_mixin.py:188} INFO - [2024-02-29T16:13:45.256+0000] {dagbag.py:540} INFO - Filling up the DagBag from /opt/airflow/dags/python_operator.py
[2024-02-29T16:13:45.271+0000] {processor.py:840} INFO - DAG(s) 'python_operator' retrieved from /opt/airflow/dags/python_operator.py
[2024-02-29T16:13:45.295+0000] {logging_mixin.py:188} INFO - [2024-02-29T16:13:45.295+0000] {dag.py:3047} INFO - Sync 1 DAGs
[2024-02-29T16:13:45.312+0000] {logging_mixin.py:188} INFO - [2024-02-29T16:13:45.312+0000] {dag.py:3834} INFO - Setting next_dagrun for python_operator to None, run_after=None
[2024-02-29T16:13:45.324+0000] {processor.py:183} INFO - Processing /opt/airflow/dags/python_operator.py took 0.072 seconds
[2024-02-29T16:14:16.258+0000] {processor.py:161} INFO - Started process (PID=109) to work on /opt/airflow/dags/python_operator.py
[2024-02-29T16:14:16.259+0000] {processor.py:830} INFO - Processing file /opt/airflow/dags/python_operator.py for tasks to queue
[2024-02-29T16:14:16.261+0000] {logging_mixin.py:188} INFO - [2024-02-29T16:14:16.260+0000] {dagbag.py:540} INFO - Filling up the DagBag from /opt/airflow/dags/python_operator.py
[2024-02-29T16:14:16.276+0000] {processor.py:840} INFO - DAG(s) 'python_operator' retrieved from /opt/airflow/dags/python_operator.py
[2024-02-29T16:14:16.301+0000] {logging_mixin.py:188} INFO - [2024-02-29T16:14:16.301+0000] {dag.py:3047} INFO - Sync 1 DAGs
[2024-02-29T16:14:16.321+0000] {logging_mixin.py:188} INFO - [2024-02-29T16:14:16.321+0000] {dag.py:3834} INFO - Setting next_dagrun for python_operator to None, run_after=None
[2024-02-29T16:14:16.340+0000] {processor.py:183} INFO - Processing /opt/airflow/dags/python_operator.py took 0.084 seconds
[2024-02-29T16:14:47.135+0000] {processor.py:161} INFO - Started process (PID=122) to work on /opt/airflow/dags/python_operator.py
[2024-02-29T16:14:47.136+0000] {processor.py:830} INFO - Processing file /opt/airflow/dags/python_operator.py for tasks to queue
[2024-02-29T16:14:47.137+0000] {logging_mixin.py:188} INFO - [2024-02-29T16:14:47.137+0000] {dagbag.py:540} INFO - Filling up the DagBag from /opt/airflow/dags/python_operator.py
[2024-02-29T16:14:47.152+0000] {processor.py:840} INFO - DAG(s) 'python_operator' retrieved from /opt/airflow/dags/python_operator.py
[2024-02-29T16:14:47.178+0000] {logging_mixin.py:188} INFO - [2024-02-29T16:14:47.177+0000] {dag.py:3047} INFO - Sync 1 DAGs
[2024-02-29T16:14:47.196+0000] {logging_mixin.py:188} INFO - [2024-02-29T16:14:47.196+0000] {dag.py:3834} INFO - Setting next_dagrun for python_operator to None, run_after=None
[2024-02-29T16:14:47.215+0000] {processor.py:183} INFO - Processing /opt/airflow/dags/python_operator.py took 0.082 seconds
[2024-02-29T16:15:17.894+0000] {processor.py:161} INFO - Started process (PID=135) to work on /opt/airflow/dags/python_operator.py
[2024-02-29T16:15:17.895+0000] {processor.py:830} INFO - Processing file /opt/airflow/dags/python_operator.py for tasks to queue
[2024-02-29T16:15:17.896+0000] {logging_mixin.py:188} INFO - [2024-02-29T16:15:17.896+0000] {dagbag.py:540} INFO - Filling up the DagBag from /opt/airflow/dags/python_operator.py
[2024-02-29T16:15:17.915+0000] {processor.py:840} INFO - DAG(s) 'python_operator' retrieved from /opt/airflow/dags/python_operator.py
[2024-02-29T16:15:17.940+0000] {logging_mixin.py:188} INFO - [2024-02-29T16:15:17.940+0000] {dag.py:3047} INFO - Sync 1 DAGs
[2024-02-29T16:15:17.960+0000] {logging_mixin.py:188} INFO - [2024-02-29T16:15:17.959+0000] {dag.py:3834} INFO - Setting next_dagrun for python_operator to None, run_after=None
[2024-02-29T16:15:17.976+0000] {processor.py:183} INFO - Processing /opt/airflow/dags/python_operator.py took 0.084 seconds
