[2024-02-29T16:03:27.557+0000] {processor.py:161} INFO - Started process (PID=41) to work on /opt/airflow/dags/task_instance.py
[2024-02-29T16:03:27.558+0000] {processor.py:830} INFO - Processing file /opt/airflow/dags/task_instance.py for tasks to queue
[2024-02-29T16:03:27.663+0000] {logging_mixin.py:188} INFO - [2024-02-29T16:03:27.663+0000] {dagbag.py:540} INFO - Filling up the DagBag from /opt/airflow/dags/task_instance.py
[2024-02-29T16:03:27.683+0000] {processor.py:840} INFO - DAG(s) 'task_instance' retrieved from /opt/airflow/dags/task_instance.py
[2024-02-29T16:03:27.744+0000] {logging_mixin.py:188} INFO - [2024-02-29T16:03:27.744+0000] {override.py:1769} INFO - Created Permission View: can read on DAG:task_instance
[2024-02-29T16:03:27.751+0000] {logging_mixin.py:188} INFO - [2024-02-29T16:03:27.751+0000] {override.py:1769} INFO - Created Permission View: can delete on DAG:task_instance
[2024-02-29T16:03:27.755+0000] {logging_mixin.py:188} INFO - [2024-02-29T16:03:27.755+0000] {override.py:1769} INFO - Created Permission View: can edit on DAG:task_instance
[2024-02-29T16:03:27.756+0000] {logging_mixin.py:188} INFO - [2024-02-29T16:03:27.756+0000] {dag.py:3047} INFO - Sync 1 DAGs
[2024-02-29T16:03:27.764+0000] {logging_mixin.py:188} INFO - [2024-02-29T16:03:27.763+0000] {dag.py:3069} INFO - Creating ORM DAG for task_instance
[2024-02-29T16:03:27.769+0000] {logging_mixin.py:188} INFO - [2024-02-29T16:03:27.769+0000] {dag.py:3834} INFO - Setting next_dagrun for task_instance to 2024-01-01 00:00:00+00:00, run_after=2024-01-01 00:00:00+00:00
[2024-02-29T16:03:27.783+0000] {processor.py:183} INFO - Processing /opt/airflow/dags/task_instance.py took 0.228 seconds
[2024-02-29T16:03:58.410+0000] {processor.py:161} INFO - Started process (PID=53) to work on /opt/airflow/dags/task_instance.py
[2024-02-29T16:03:58.411+0000] {processor.py:830} INFO - Processing file /opt/airflow/dags/task_instance.py for tasks to queue
[2024-02-29T16:03:58.412+0000] {logging_mixin.py:188} INFO - [2024-02-29T16:03:58.412+0000] {dagbag.py:540} INFO - Filling up the DagBag from /opt/airflow/dags/task_instance.py
[2024-02-29T16:03:58.431+0000] {processor.py:840} INFO - DAG(s) 'task_instance' retrieved from /opt/airflow/dags/task_instance.py
[2024-02-29T16:03:58.444+0000] {logging_mixin.py:188} INFO - [2024-02-29T16:03:58.444+0000] {dag.py:3047} INFO - Sync 1 DAGs
[2024-02-29T16:03:58.457+0000] {logging_mixin.py:188} INFO - [2024-02-29T16:03:58.457+0000] {dag.py:3834} INFO - Setting next_dagrun for task_instance to 2024-01-01 00:00:00+00:00, run_after=2024-01-01 00:00:00+00:00
[2024-02-29T16:03:58.468+0000] {processor.py:183} INFO - Processing /opt/airflow/dags/task_instance.py took 0.061 seconds
[2024-02-29T16:04:29.015+0000] {processor.py:161} INFO - Started process (PID=65) to work on /opt/airflow/dags/task_instance.py
[2024-02-29T16:04:29.016+0000] {processor.py:830} INFO - Processing file /opt/airflow/dags/task_instance.py for tasks to queue
[2024-02-29T16:04:29.017+0000] {logging_mixin.py:188} INFO - [2024-02-29T16:04:29.017+0000] {dagbag.py:540} INFO - Filling up the DagBag from /opt/airflow/dags/task_instance.py
[2024-02-29T16:04:29.031+0000] {processor.py:840} INFO - DAG(s) 'task_instance' retrieved from /opt/airflow/dags/task_instance.py
[2024-02-29T16:04:29.047+0000] {logging_mixin.py:188} INFO - [2024-02-29T16:04:29.047+0000] {dag.py:3047} INFO - Sync 1 DAGs
[2024-02-29T16:04:29.059+0000] {logging_mixin.py:188} INFO - [2024-02-29T16:04:29.059+0000] {dag.py:3834} INFO - Setting next_dagrun for task_instance to 2024-01-01 00:00:00+00:00, run_after=2024-01-01 00:00:00+00:00
[2024-02-29T16:04:29.071+0000] {processor.py:183} INFO - Processing /opt/airflow/dags/task_instance.py took 0.058 seconds
[2024-02-29T16:04:59.624+0000] {processor.py:161} INFO - Started process (PID=77) to work on /opt/airflow/dags/task_instance.py
[2024-02-29T16:04:59.625+0000] {processor.py:830} INFO - Processing file /opt/airflow/dags/task_instance.py for tasks to queue
[2024-02-29T16:04:59.626+0000] {logging_mixin.py:188} INFO - [2024-02-29T16:04:59.626+0000] {dagbag.py:540} INFO - Filling up the DagBag from /opt/airflow/dags/task_instance.py
[2024-02-29T16:04:59.642+0000] {processor.py:840} INFO - DAG(s) 'task_instance' retrieved from /opt/airflow/dags/task_instance.py
[2024-02-29T16:04:59.655+0000] {logging_mixin.py:188} INFO - [2024-02-29T16:04:59.655+0000] {dag.py:3047} INFO - Sync 1 DAGs
[2024-02-29T16:04:59.668+0000] {logging_mixin.py:188} INFO - [2024-02-29T16:04:59.667+0000] {dag.py:3834} INFO - Setting next_dagrun for task_instance to 2024-01-01 00:00:00+00:00, run_after=2024-01-01 00:00:00+00:00
[2024-02-29T16:04:59.678+0000] {processor.py:183} INFO - Processing /opt/airflow/dags/task_instance.py took 0.055 seconds
[2024-02-29T16:05:30.302+0000] {processor.py:161} INFO - Started process (PID=89) to work on /opt/airflow/dags/task_instance.py
[2024-02-29T16:05:30.302+0000] {processor.py:830} INFO - Processing file /opt/airflow/dags/task_instance.py for tasks to queue
[2024-02-29T16:05:30.303+0000] {logging_mixin.py:188} INFO - [2024-02-29T16:05:30.303+0000] {dagbag.py:540} INFO - Filling up the DagBag from /opt/airflow/dags/task_instance.py
[2024-02-29T16:05:30.318+0000] {processor.py:840} INFO - DAG(s) 'task_instance' retrieved from /opt/airflow/dags/task_instance.py
[2024-02-29T16:05:30.332+0000] {logging_mixin.py:188} INFO - [2024-02-29T16:05:30.331+0000] {dag.py:3047} INFO - Sync 1 DAGs
[2024-02-29T16:05:30.344+0000] {logging_mixin.py:188} INFO - [2024-02-29T16:05:30.344+0000] {dag.py:3834} INFO - Setting next_dagrun for task_instance to 2024-01-01 00:00:00+00:00, run_after=2024-01-01 00:00:00+00:00
[2024-02-29T16:05:30.354+0000] {processor.py:183} INFO - Processing /opt/airflow/dags/task_instance.py took 0.055 seconds
[2024-02-29T16:06:00.808+0000] {processor.py:161} INFO - Started process (PID=101) to work on /opt/airflow/dags/task_instance.py
[2024-02-29T16:06:00.808+0000] {processor.py:830} INFO - Processing file /opt/airflow/dags/task_instance.py for tasks to queue
[2024-02-29T16:06:00.809+0000] {logging_mixin.py:188} INFO - [2024-02-29T16:06:00.809+0000] {dagbag.py:540} INFO - Filling up the DagBag from /opt/airflow/dags/task_instance.py
[2024-02-29T16:06:00.826+0000] {processor.py:840} INFO - DAG(s) 'task_instance' retrieved from /opt/airflow/dags/task_instance.py
[2024-02-29T16:06:00.840+0000] {logging_mixin.py:188} INFO - [2024-02-29T16:06:00.839+0000] {dag.py:3047} INFO - Sync 1 DAGs
[2024-02-29T16:06:00.852+0000] {logging_mixin.py:188} INFO - [2024-02-29T16:06:00.851+0000] {dag.py:3834} INFO - Setting next_dagrun for task_instance to 2024-01-01 00:00:00+00:00, run_after=2024-01-01 00:00:00+00:00
[2024-02-29T16:06:00.861+0000] {processor.py:183} INFO - Processing /opt/airflow/dags/task_instance.py took 0.055 seconds
[2024-02-29T16:06:31.315+0000] {processor.py:161} INFO - Started process (PID=113) to work on /opt/airflow/dags/task_instance.py
[2024-02-29T16:06:31.315+0000] {processor.py:830} INFO - Processing file /opt/airflow/dags/task_instance.py for tasks to queue
[2024-02-29T16:06:31.316+0000] {logging_mixin.py:188} INFO - [2024-02-29T16:06:31.316+0000] {dagbag.py:540} INFO - Filling up the DagBag from /opt/airflow/dags/task_instance.py
[2024-02-29T16:06:31.330+0000] {processor.py:840} INFO - DAG(s) 'task_instance' retrieved from /opt/airflow/dags/task_instance.py
[2024-02-29T16:06:31.343+0000] {logging_mixin.py:188} INFO - [2024-02-29T16:06:31.343+0000] {dag.py:3047} INFO - Sync 1 DAGs
[2024-02-29T16:06:31.354+0000] {logging_mixin.py:188} INFO - [2024-02-29T16:06:31.354+0000] {dag.py:3834} INFO - Setting next_dagrun for task_instance to 2024-01-01 00:00:00+00:00, run_after=2024-01-01 00:00:00+00:00
[2024-02-29T16:06:31.364+0000] {processor.py:183} INFO - Processing /opt/airflow/dags/task_instance.py took 0.051 seconds
[2024-02-29T16:07:02.071+0000] {processor.py:161} INFO - Started process (PID=125) to work on /opt/airflow/dags/task_instance.py
[2024-02-29T16:07:02.071+0000] {processor.py:830} INFO - Processing file /opt/airflow/dags/task_instance.py for tasks to queue
[2024-02-29T16:07:02.073+0000] {logging_mixin.py:188} INFO - [2024-02-29T16:07:02.073+0000] {dagbag.py:540} INFO - Filling up the DagBag from /opt/airflow/dags/task_instance.py
[2024-02-29T16:07:02.086+0000] {processor.py:840} INFO - DAG(s) 'task_instance' retrieved from /opt/airflow/dags/task_instance.py
[2024-02-29T16:07:02.099+0000] {logging_mixin.py:188} INFO - [2024-02-29T16:07:02.099+0000] {dag.py:3047} INFO - Sync 1 DAGs
[2024-02-29T16:07:02.111+0000] {logging_mixin.py:188} INFO - [2024-02-29T16:07:02.111+0000] {dag.py:3834} INFO - Setting next_dagrun for task_instance to 2024-01-01 00:00:00+00:00, run_after=2024-01-01 00:00:00+00:00
[2024-02-29T16:07:02.121+0000] {processor.py:183} INFO - Processing /opt/airflow/dags/task_instance.py took 0.052 seconds
[2024-02-29T16:07:32.681+0000] {processor.py:161} INFO - Started process (PID=137) to work on /opt/airflow/dags/task_instance.py
[2024-02-29T16:07:32.682+0000] {processor.py:830} INFO - Processing file /opt/airflow/dags/task_instance.py for tasks to queue
[2024-02-29T16:07:32.684+0000] {logging_mixin.py:188} INFO - [2024-02-29T16:07:32.684+0000] {dagbag.py:540} INFO - Filling up the DagBag from /opt/airflow/dags/task_instance.py
[2024-02-29T16:07:32.698+0000] {processor.py:840} INFO - DAG(s) 'task_instance' retrieved from /opt/airflow/dags/task_instance.py
[2024-02-29T16:07:32.713+0000] {logging_mixin.py:188} INFO - [2024-02-29T16:07:32.713+0000] {dag.py:3047} INFO - Sync 1 DAGs
[2024-02-29T16:07:32.726+0000] {logging_mixin.py:188} INFO - [2024-02-29T16:07:32.725+0000] {dag.py:3834} INFO - Setting next_dagrun for task_instance to 2024-01-01 00:00:00+00:00, run_after=2024-01-01 00:00:00+00:00
[2024-02-29T16:07:32.737+0000] {processor.py:183} INFO - Processing /opt/airflow/dags/task_instance.py took 0.058 seconds
[2024-02-29T16:08:03.328+0000] {processor.py:161} INFO - Started process (PID=149) to work on /opt/airflow/dags/task_instance.py
[2024-02-29T16:08:03.329+0000] {processor.py:830} INFO - Processing file /opt/airflow/dags/task_instance.py for tasks to queue
[2024-02-29T16:08:03.330+0000] {logging_mixin.py:188} INFO - [2024-02-29T16:08:03.330+0000] {dagbag.py:540} INFO - Filling up the DagBag from /opt/airflow/dags/task_instance.py
[2024-02-29T16:08:03.358+0000] {processor.py:840} INFO - DAG(s) 'task_instance' retrieved from /opt/airflow/dags/task_instance.py
[2024-02-29T16:08:03.375+0000] {logging_mixin.py:188} INFO - [2024-02-29T16:08:03.375+0000] {dag.py:3047} INFO - Sync 1 DAGs
[2024-02-29T16:08:03.388+0000] {logging_mixin.py:188} INFO - [2024-02-29T16:08:03.388+0000] {dag.py:3834} INFO - Setting next_dagrun for task_instance to 2024-01-01 00:00:00+00:00, run_after=2024-01-01 00:00:00+00:00
[2024-02-29T16:08:03.402+0000] {processor.py:183} INFO - Processing /opt/airflow/dags/task_instance.py took 0.076 seconds
[2024-02-29T16:08:34.230+0000] {processor.py:161} INFO - Started process (PID=161) to work on /opt/airflow/dags/task_instance.py
[2024-02-29T16:08:34.231+0000] {processor.py:830} INFO - Processing file /opt/airflow/dags/task_instance.py for tasks to queue
[2024-02-29T16:08:34.233+0000] {logging_mixin.py:188} INFO - [2024-02-29T16:08:34.233+0000] {dagbag.py:540} INFO - Filling up the DagBag from /opt/airflow/dags/task_instance.py
[2024-02-29T16:08:34.246+0000] {processor.py:840} INFO - DAG(s) 'task_instance' retrieved from /opt/airflow/dags/task_instance.py
[2024-02-29T16:08:34.260+0000] {logging_mixin.py:188} INFO - [2024-02-29T16:08:34.260+0000] {dag.py:3047} INFO - Sync 1 DAGs
[2024-02-29T16:08:34.272+0000] {logging_mixin.py:188} INFO - [2024-02-29T16:08:34.272+0000] {dag.py:3834} INFO - Setting next_dagrun for task_instance to 2024-01-01 00:00:00+00:00, run_after=2024-01-01 00:00:00+00:00
[2024-02-29T16:08:34.284+0000] {processor.py:183} INFO - Processing /opt/airflow/dags/task_instance.py took 0.056 seconds
[2024-02-29T16:09:04.796+0000] {processor.py:161} INFO - Started process (PID=173) to work on /opt/airflow/dags/task_instance.py
[2024-02-29T16:09:04.797+0000] {processor.py:830} INFO - Processing file /opt/airflow/dags/task_instance.py for tasks to queue
[2024-02-29T16:09:04.799+0000] {logging_mixin.py:188} INFO - [2024-02-29T16:09:04.799+0000] {dagbag.py:540} INFO - Filling up the DagBag from /opt/airflow/dags/task_instance.py
[2024-02-29T16:09:04.815+0000] {processor.py:840} INFO - DAG(s) 'task_instance' retrieved from /opt/airflow/dags/task_instance.py
[2024-02-29T16:09:04.832+0000] {logging_mixin.py:188} INFO - [2024-02-29T16:09:04.831+0000] {dag.py:3047} INFO - Sync 1 DAGs
[2024-02-29T16:09:04.846+0000] {logging_mixin.py:188} INFO - [2024-02-29T16:09:04.845+0000] {dag.py:3834} INFO - Setting next_dagrun for task_instance to 2024-01-01 00:00:00+00:00, run_after=2024-01-01 00:00:00+00:00
[2024-02-29T16:09:04.857+0000] {processor.py:183} INFO - Processing /opt/airflow/dags/task_instance.py took 0.065 seconds
[2024-02-29T16:09:35.415+0000] {processor.py:161} INFO - Started process (PID=185) to work on /opt/airflow/dags/task_instance.py
[2024-02-29T16:09:35.418+0000] {processor.py:830} INFO - Processing file /opt/airflow/dags/task_instance.py for tasks to queue
[2024-02-29T16:09:35.420+0000] {logging_mixin.py:188} INFO - [2024-02-29T16:09:35.420+0000] {dagbag.py:540} INFO - Filling up the DagBag from /opt/airflow/dags/task_instance.py
[2024-02-29T16:09:35.443+0000] {processor.py:840} INFO - DAG(s) 'task_instance' retrieved from /opt/airflow/dags/task_instance.py
[2024-02-29T16:09:35.459+0000] {logging_mixin.py:188} INFO - [2024-02-29T16:09:35.459+0000] {dag.py:3047} INFO - Sync 1 DAGs
[2024-02-29T16:09:35.472+0000] {logging_mixin.py:188} INFO - [2024-02-29T16:09:35.471+0000] {dag.py:3834} INFO - Setting next_dagrun for task_instance to 2024-01-01 00:00:00+00:00, run_after=2024-01-01 00:00:00+00:00
[2024-02-29T16:09:35.484+0000] {processor.py:183} INFO - Processing /opt/airflow/dags/task_instance.py took 0.071 seconds
[2024-02-29T16:10:06.105+0000] {processor.py:161} INFO - Started process (PID=197) to work on /opt/airflow/dags/task_instance.py
[2024-02-29T16:10:06.106+0000] {processor.py:830} INFO - Processing file /opt/airflow/dags/task_instance.py for tasks to queue
[2024-02-29T16:10:06.108+0000] {logging_mixin.py:188} INFO - [2024-02-29T16:10:06.108+0000] {dagbag.py:540} INFO - Filling up the DagBag from /opt/airflow/dags/task_instance.py
[2024-02-29T16:10:06.124+0000] {processor.py:840} INFO - DAG(s) 'task_instance' retrieved from /opt/airflow/dags/task_instance.py
[2024-02-29T16:10:06.139+0000] {logging_mixin.py:188} INFO - [2024-02-29T16:10:06.139+0000] {dag.py:3047} INFO - Sync 1 DAGs
[2024-02-29T16:10:06.154+0000] {logging_mixin.py:188} INFO - [2024-02-29T16:10:06.154+0000] {dag.py:3834} INFO - Setting next_dagrun for task_instance to 2024-01-01 00:00:00+00:00, run_after=2024-01-01 00:00:00+00:00
[2024-02-29T16:10:06.164+0000] {processor.py:183} INFO - Processing /opt/airflow/dags/task_instance.py took 0.061 seconds
[2024-02-29T16:10:36.855+0000] {processor.py:161} INFO - Started process (PID=209) to work on /opt/airflow/dags/task_instance.py
[2024-02-29T16:10:36.856+0000] {processor.py:830} INFO - Processing file /opt/airflow/dags/task_instance.py for tasks to queue
[2024-02-29T16:10:36.857+0000] {logging_mixin.py:188} INFO - [2024-02-29T16:10:36.857+0000] {dagbag.py:540} INFO - Filling up the DagBag from /opt/airflow/dags/task_instance.py
[2024-02-29T16:10:36.903+0000] {processor.py:840} INFO - DAG(s) 'task_instance' retrieved from /opt/airflow/dags/task_instance.py
[2024-02-29T16:10:36.918+0000] {logging_mixin.py:188} INFO - [2024-02-29T16:10:36.918+0000] {dag.py:3047} INFO - Sync 1 DAGs
[2024-02-29T16:10:36.931+0000] {logging_mixin.py:188} INFO - [2024-02-29T16:10:36.931+0000] {dag.py:3834} INFO - Setting next_dagrun for task_instance to 2024-01-01 00:00:00+00:00, run_after=2024-01-01 00:00:00+00:00
[2024-02-29T16:10:36.942+0000] {processor.py:183} INFO - Processing /opt/airflow/dags/task_instance.py took 0.089 seconds
[2024-02-29T16:11:07.522+0000] {processor.py:161} INFO - Started process (PID=221) to work on /opt/airflow/dags/task_instance.py
[2024-02-29T16:11:07.523+0000] {processor.py:830} INFO - Processing file /opt/airflow/dags/task_instance.py for tasks to queue
[2024-02-29T16:11:07.524+0000] {logging_mixin.py:188} INFO - [2024-02-29T16:11:07.524+0000] {dagbag.py:540} INFO - Filling up the DagBag from /opt/airflow/dags/task_instance.py
[2024-02-29T16:11:07.538+0000] {processor.py:840} INFO - DAG(s) 'task_instance' retrieved from /opt/airflow/dags/task_instance.py
[2024-02-29T16:11:07.551+0000] {logging_mixin.py:188} INFO - [2024-02-29T16:11:07.551+0000] {dag.py:3047} INFO - Sync 1 DAGs
[2024-02-29T16:11:07.563+0000] {logging_mixin.py:188} INFO - [2024-02-29T16:11:07.563+0000] {dag.py:3834} INFO - Setting next_dagrun for task_instance to 2024-01-01 00:00:00+00:00, run_after=2024-01-01 00:00:00+00:00
[2024-02-29T16:11:07.573+0000] {processor.py:183} INFO - Processing /opt/airflow/dags/task_instance.py took 0.052 seconds
[2024-02-29T16:11:41.548+0000] {processor.py:161} INFO - Started process (PID=42) to work on /opt/airflow/dags/task_instance.py
[2024-02-29T16:11:41.549+0000] {processor.py:830} INFO - Processing file /opt/airflow/dags/task_instance.py for tasks to queue
[2024-02-29T16:11:41.550+0000] {logging_mixin.py:188} INFO - [2024-02-29T16:11:41.550+0000] {dagbag.py:540} INFO - Filling up the DagBag from /opt/airflow/dags/task_instance.py
[2024-02-29T16:11:41.563+0000] {processor.py:840} INFO - DAG(s) 'task_instance' retrieved from /opt/airflow/dags/task_instance.py
[2024-02-29T16:11:41.643+0000] {logging_mixin.py:188} INFO - [2024-02-29T16:11:41.643+0000] {dag.py:3047} INFO - Sync 1 DAGs
[2024-02-29T16:11:41.659+0000] {logging_mixin.py:188} INFO - [2024-02-29T16:11:41.659+0000] {dag.py:3834} INFO - Setting next_dagrun for task_instance to None, run_after=None
[2024-02-29T16:11:41.680+0000] {processor.py:183} INFO - Processing /opt/airflow/dags/task_instance.py took 0.133 seconds
[2024-02-29T16:12:12.401+0000] {processor.py:161} INFO - Started process (PID=55) to work on /opt/airflow/dags/task_instance.py
[2024-02-29T16:12:12.402+0000] {processor.py:830} INFO - Processing file /opt/airflow/dags/task_instance.py for tasks to queue
[2024-02-29T16:12:12.404+0000] {logging_mixin.py:188} INFO - [2024-02-29T16:12:12.403+0000] {dagbag.py:540} INFO - Filling up the DagBag from /opt/airflow/dags/task_instance.py
[2024-02-29T16:12:12.427+0000] {processor.py:840} INFO - DAG(s) 'task_instance' retrieved from /opt/airflow/dags/task_instance.py
[2024-02-29T16:12:12.456+0000] {logging_mixin.py:188} INFO - [2024-02-29T16:12:12.456+0000] {dag.py:3047} INFO - Sync 1 DAGs
[2024-02-29T16:12:12.475+0000] {logging_mixin.py:188} INFO - [2024-02-29T16:12:12.475+0000] {dag.py:3834} INFO - Setting next_dagrun for task_instance to None, run_after=None
[2024-02-29T16:12:12.501+0000] {processor.py:183} INFO - Processing /opt/airflow/dags/task_instance.py took 0.103 seconds
[2024-02-29T16:12:43.309+0000] {processor.py:161} INFO - Started process (PID=68) to work on /opt/airflow/dags/task_instance.py
[2024-02-29T16:12:43.309+0000] {processor.py:830} INFO - Processing file /opt/airflow/dags/task_instance.py for tasks to queue
[2024-02-29T16:12:43.311+0000] {logging_mixin.py:188} INFO - [2024-02-29T16:12:43.310+0000] {dagbag.py:540} INFO - Filling up the DagBag from /opt/airflow/dags/task_instance.py
[2024-02-29T16:12:43.323+0000] {processor.py:840} INFO - DAG(s) 'task_instance' retrieved from /opt/airflow/dags/task_instance.py
[2024-02-29T16:12:43.350+0000] {logging_mixin.py:188} INFO - [2024-02-29T16:12:43.350+0000] {dag.py:3047} INFO - Sync 1 DAGs
[2024-02-29T16:12:43.369+0000] {logging_mixin.py:188} INFO - [2024-02-29T16:12:43.369+0000] {dag.py:3834} INFO - Setting next_dagrun for task_instance to None, run_after=None
[2024-02-29T16:12:43.391+0000] {processor.py:183} INFO - Processing /opt/airflow/dags/task_instance.py took 0.084 seconds
[2024-02-29T16:13:14.204+0000] {processor.py:161} INFO - Started process (PID=81) to work on /opt/airflow/dags/task_instance.py
[2024-02-29T16:13:14.204+0000] {processor.py:830} INFO - Processing file /opt/airflow/dags/task_instance.py for tasks to queue
[2024-02-29T16:13:14.206+0000] {logging_mixin.py:188} INFO - [2024-02-29T16:13:14.206+0000] {dagbag.py:540} INFO - Filling up the DagBag from /opt/airflow/dags/task_instance.py
[2024-02-29T16:13:14.220+0000] {processor.py:840} INFO - DAG(s) 'task_instance' retrieved from /opt/airflow/dags/task_instance.py
[2024-02-29T16:13:14.249+0000] {logging_mixin.py:188} INFO - [2024-02-29T16:13:14.249+0000] {dag.py:3047} INFO - Sync 1 DAGs
[2024-02-29T16:13:14.276+0000] {logging_mixin.py:188} INFO - [2024-02-29T16:13:14.276+0000] {dag.py:3834} INFO - Setting next_dagrun for task_instance to None, run_after=None
[2024-02-29T16:13:14.291+0000] {processor.py:183} INFO - Processing /opt/airflow/dags/task_instance.py took 0.089 seconds
[2024-02-29T16:13:45.027+0000] {processor.py:161} INFO - Started process (PID=94) to work on /opt/airflow/dags/task_instance.py
[2024-02-29T16:13:45.028+0000] {processor.py:830} INFO - Processing file /opt/airflow/dags/task_instance.py for tasks to queue
[2024-02-29T16:13:45.030+0000] {logging_mixin.py:188} INFO - [2024-02-29T16:13:45.030+0000] {dagbag.py:540} INFO - Filling up the DagBag from /opt/airflow/dags/task_instance.py
[2024-02-29T16:13:45.043+0000] {processor.py:840} INFO - DAG(s) 'task_instance' retrieved from /opt/airflow/dags/task_instance.py
[2024-02-29T16:13:45.070+0000] {logging_mixin.py:188} INFO - [2024-02-29T16:13:45.069+0000] {dag.py:3047} INFO - Sync 1 DAGs
[2024-02-29T16:13:45.088+0000] {logging_mixin.py:188} INFO - [2024-02-29T16:13:45.088+0000] {dag.py:3834} INFO - Setting next_dagrun for task_instance to None, run_after=None
[2024-02-29T16:13:45.104+0000] {processor.py:183} INFO - Processing /opt/airflow/dags/task_instance.py took 0.079 seconds
[2024-02-29T16:14:16.041+0000] {processor.py:161} INFO - Started process (PID=107) to work on /opt/airflow/dags/task_instance.py
[2024-02-29T16:14:16.041+0000] {processor.py:830} INFO - Processing file /opt/airflow/dags/task_instance.py for tasks to queue
[2024-02-29T16:14:16.043+0000] {logging_mixin.py:188} INFO - [2024-02-29T16:14:16.043+0000] {dagbag.py:540} INFO - Filling up the DagBag from /opt/airflow/dags/task_instance.py
[2024-02-29T16:14:16.055+0000] {processor.py:840} INFO - DAG(s) 'task_instance' retrieved from /opt/airflow/dags/task_instance.py
[2024-02-29T16:14:16.081+0000] {logging_mixin.py:188} INFO - [2024-02-29T16:14:16.081+0000] {dag.py:3047} INFO - Sync 1 DAGs
[2024-02-29T16:14:16.100+0000] {logging_mixin.py:188} INFO - [2024-02-29T16:14:16.099+0000] {dag.py:3834} INFO - Setting next_dagrun for task_instance to None, run_after=None
[2024-02-29T16:14:16.123+0000] {processor.py:183} INFO - Processing /opt/airflow/dags/task_instance.py took 0.085 seconds
[2024-02-29T16:14:46.929+0000] {processor.py:161} INFO - Started process (PID=120) to work on /opt/airflow/dags/task_instance.py
[2024-02-29T16:14:46.930+0000] {processor.py:830} INFO - Processing file /opt/airflow/dags/task_instance.py for tasks to queue
[2024-02-29T16:14:46.932+0000] {logging_mixin.py:188} INFO - [2024-02-29T16:14:46.931+0000] {dagbag.py:540} INFO - Filling up the DagBag from /opt/airflow/dags/task_instance.py
[2024-02-29T16:14:46.945+0000] {processor.py:840} INFO - DAG(s) 'task_instance' retrieved from /opt/airflow/dags/task_instance.py
[2024-02-29T16:14:46.972+0000] {logging_mixin.py:188} INFO - [2024-02-29T16:14:46.972+0000] {dag.py:3047} INFO - Sync 1 DAGs
[2024-02-29T16:14:46.991+0000] {logging_mixin.py:188} INFO - [2024-02-29T16:14:46.991+0000] {dag.py:3834} INFO - Setting next_dagrun for task_instance to None, run_after=None
[2024-02-29T16:14:47.013+0000] {processor.py:183} INFO - Processing /opt/airflow/dags/task_instance.py took 0.086 seconds
[2024-02-29T16:15:17.783+0000] {processor.py:161} INFO - Started process (PID=133) to work on /opt/airflow/dags/task_instance.py
[2024-02-29T16:15:17.784+0000] {processor.py:830} INFO - Processing file /opt/airflow/dags/task_instance.py for tasks to queue
[2024-02-29T16:15:17.785+0000] {logging_mixin.py:188} INFO - [2024-02-29T16:15:17.785+0000] {dagbag.py:540} INFO - Filling up the DagBag from /opt/airflow/dags/task_instance.py
[2024-02-29T16:15:17.803+0000] {processor.py:840} INFO - DAG(s) 'task_instance' retrieved from /opt/airflow/dags/task_instance.py
[2024-02-29T16:15:17.832+0000] {logging_mixin.py:188} INFO - [2024-02-29T16:15:17.832+0000] {dag.py:3047} INFO - Sync 1 DAGs
[2024-02-29T16:15:17.852+0000] {logging_mixin.py:188} INFO - [2024-02-29T16:15:17.852+0000] {dag.py:3834} INFO - Setting next_dagrun for task_instance to None, run_after=None
[2024-02-29T16:15:17.868+0000] {processor.py:183} INFO - Processing /opt/airflow/dags/task_instance.py took 0.086 seconds
[2024-02-29T16:15:48.618+0000] {processor.py:161} INFO - Started process (PID=146) to work on /opt/airflow/dags/task_instance.py
[2024-02-29T16:15:48.619+0000] {processor.py:830} INFO - Processing file /opt/airflow/dags/task_instance.py for tasks to queue
[2024-02-29T16:15:48.620+0000] {logging_mixin.py:188} INFO - [2024-02-29T16:15:48.620+0000] {dagbag.py:540} INFO - Filling up the DagBag from /opt/airflow/dags/task_instance.py
[2024-02-29T16:15:48.636+0000] {processor.py:840} INFO - DAG(s) 'task_instance' retrieved from /opt/airflow/dags/task_instance.py
[2024-02-29T16:15:48.663+0000] {logging_mixin.py:188} INFO - [2024-02-29T16:15:48.663+0000] {dag.py:3047} INFO - Sync 1 DAGs
[2024-02-29T16:15:48.683+0000] {logging_mixin.py:188} INFO - [2024-02-29T16:15:48.683+0000] {dag.py:3834} INFO - Setting next_dagrun for task_instance to None, run_after=None
[2024-02-29T16:15:48.704+0000] {processor.py:183} INFO - Processing /opt/airflow/dags/task_instance.py took 0.088 seconds
[2024-02-29T16:16:19.466+0000] {processor.py:161} INFO - Started process (PID=159) to work on /opt/airflow/dags/task_instance.py
[2024-02-29T16:16:19.466+0000] {processor.py:830} INFO - Processing file /opt/airflow/dags/task_instance.py for tasks to queue
[2024-02-29T16:16:19.468+0000] {logging_mixin.py:188} INFO - [2024-02-29T16:16:19.467+0000] {dagbag.py:540} INFO - Filling up the DagBag from /opt/airflow/dags/task_instance.py
[2024-02-29T16:16:19.482+0000] {processor.py:840} INFO - DAG(s) 'task_instance' retrieved from /opt/airflow/dags/task_instance.py
[2024-02-29T16:16:19.508+0000] {logging_mixin.py:188} INFO - [2024-02-29T16:16:19.508+0000] {dag.py:3047} INFO - Sync 1 DAGs
[2024-02-29T16:16:19.525+0000] {logging_mixin.py:188} INFO - [2024-02-29T16:16:19.525+0000] {dag.py:3834} INFO - Setting next_dagrun for task_instance to None, run_after=None
[2024-02-29T16:16:19.540+0000] {processor.py:183} INFO - Processing /opt/airflow/dags/task_instance.py took 0.076 seconds
[2024-02-29T16:16:50.262+0000] {processor.py:161} INFO - Started process (PID=172) to work on /opt/airflow/dags/task_instance.py
[2024-02-29T16:16:50.263+0000] {processor.py:830} INFO - Processing file /opt/airflow/dags/task_instance.py for tasks to queue
[2024-02-29T16:16:50.265+0000] {logging_mixin.py:188} INFO - [2024-02-29T16:16:50.265+0000] {dagbag.py:540} INFO - Filling up the DagBag from /opt/airflow/dags/task_instance.py
[2024-02-29T16:16:50.281+0000] {processor.py:840} INFO - DAG(s) 'task_instance' retrieved from /opt/airflow/dags/task_instance.py
[2024-02-29T16:16:50.316+0000] {logging_mixin.py:188} INFO - [2024-02-29T16:16:50.315+0000] {dag.py:3047} INFO - Sync 1 DAGs
[2024-02-29T16:16:50.335+0000] {logging_mixin.py:188} INFO - [2024-02-29T16:16:50.335+0000] {dag.py:3834} INFO - Setting next_dagrun for task_instance to None, run_after=None
[2024-02-29T16:16:50.355+0000] {processor.py:183} INFO - Processing /opt/airflow/dags/task_instance.py took 0.095 seconds
[2024-02-29T16:17:21.083+0000] {processor.py:161} INFO - Started process (PID=185) to work on /opt/airflow/dags/task_instance.py
[2024-02-29T16:17:21.083+0000] {processor.py:830} INFO - Processing file /opt/airflow/dags/task_instance.py for tasks to queue
[2024-02-29T16:17:21.085+0000] {logging_mixin.py:188} INFO - [2024-02-29T16:17:21.085+0000] {dagbag.py:540} INFO - Filling up the DagBag from /opt/airflow/dags/task_instance.py
[2024-02-29T16:17:21.099+0000] {processor.py:840} INFO - DAG(s) 'task_instance' retrieved from /opt/airflow/dags/task_instance.py
[2024-02-29T16:17:21.124+0000] {logging_mixin.py:188} INFO - [2024-02-29T16:17:21.124+0000] {dag.py:3047} INFO - Sync 1 DAGs
[2024-02-29T16:17:21.141+0000] {logging_mixin.py:188} INFO - [2024-02-29T16:17:21.140+0000] {dag.py:3834} INFO - Setting next_dagrun for task_instance to None, run_after=None
[2024-02-29T16:17:21.159+0000] {processor.py:183} INFO - Processing /opt/airflow/dags/task_instance.py took 0.078 seconds
[2024-02-29T16:17:51.820+0000] {processor.py:161} INFO - Started process (PID=198) to work on /opt/airflow/dags/task_instance.py
[2024-02-29T16:17:51.821+0000] {processor.py:830} INFO - Processing file /opt/airflow/dags/task_instance.py for tasks to queue
[2024-02-29T16:17:51.822+0000] {logging_mixin.py:188} INFO - [2024-02-29T16:17:51.822+0000] {dagbag.py:540} INFO - Filling up the DagBag from /opt/airflow/dags/task_instance.py
[2024-02-29T16:17:51.838+0000] {processor.py:840} INFO - DAG(s) 'task_instance' retrieved from /opt/airflow/dags/task_instance.py
[2024-02-29T16:17:51.862+0000] {logging_mixin.py:188} INFO - [2024-02-29T16:17:51.862+0000] {dag.py:3047} INFO - Sync 1 DAGs
[2024-02-29T16:17:51.881+0000] {logging_mixin.py:188} INFO - [2024-02-29T16:17:51.881+0000] {dag.py:3834} INFO - Setting next_dagrun for task_instance to None, run_after=None
[2024-02-29T16:17:51.902+0000] {processor.py:183} INFO - Processing /opt/airflow/dags/task_instance.py took 0.084 seconds
[2024-02-29T16:18:22.765+0000] {processor.py:161} INFO - Started process (PID=211) to work on /opt/airflow/dags/task_instance.py
[2024-02-29T16:18:22.766+0000] {processor.py:830} INFO - Processing file /opt/airflow/dags/task_instance.py for tasks to queue
[2024-02-29T16:18:22.767+0000] {logging_mixin.py:188} INFO - [2024-02-29T16:18:22.767+0000] {dagbag.py:540} INFO - Filling up the DagBag from /opt/airflow/dags/task_instance.py
[2024-02-29T16:18:22.783+0000] {processor.py:840} INFO - DAG(s) 'task_instance' retrieved from /opt/airflow/dags/task_instance.py
[2024-02-29T16:18:22.809+0000] {logging_mixin.py:188} INFO - [2024-02-29T16:18:22.809+0000] {dag.py:3047} INFO - Sync 1 DAGs
[2024-02-29T16:18:22.828+0000] {logging_mixin.py:188} INFO - [2024-02-29T16:18:22.828+0000] {dag.py:3834} INFO - Setting next_dagrun for task_instance to None, run_after=None
[2024-02-29T16:18:22.845+0000] {processor.py:183} INFO - Processing /opt/airflow/dags/task_instance.py took 0.082 seconds
[2024-02-29T16:18:53.694+0000] {processor.py:161} INFO - Started process (PID=224) to work on /opt/airflow/dags/task_instance.py
[2024-02-29T16:18:53.695+0000] {processor.py:830} INFO - Processing file /opt/airflow/dags/task_instance.py for tasks to queue
[2024-02-29T16:18:53.697+0000] {logging_mixin.py:188} INFO - [2024-02-29T16:18:53.696+0000] {dagbag.py:540} INFO - Filling up the DagBag from /opt/airflow/dags/task_instance.py
[2024-02-29T16:18:53.710+0000] {processor.py:840} INFO - DAG(s) 'task_instance' retrieved from /opt/airflow/dags/task_instance.py
[2024-02-29T16:18:53.736+0000] {logging_mixin.py:188} INFO - [2024-02-29T16:18:53.736+0000] {dag.py:3047} INFO - Sync 1 DAGs
[2024-02-29T16:18:53.753+0000] {logging_mixin.py:188} INFO - [2024-02-29T16:18:53.753+0000] {dag.py:3834} INFO - Setting next_dagrun for task_instance to None, run_after=None
[2024-02-29T16:18:53.773+0000] {processor.py:183} INFO - Processing /opt/airflow/dags/task_instance.py took 0.081 seconds
[2024-02-29T16:19:24.576+0000] {processor.py:161} INFO - Started process (PID=237) to work on /opt/airflow/dags/task_instance.py
[2024-02-29T16:19:24.577+0000] {processor.py:830} INFO - Processing file /opt/airflow/dags/task_instance.py for tasks to queue
[2024-02-29T16:19:24.579+0000] {logging_mixin.py:188} INFO - [2024-02-29T16:19:24.578+0000] {dagbag.py:540} INFO - Filling up the DagBag from /opt/airflow/dags/task_instance.py
[2024-02-29T16:19:24.595+0000] {processor.py:840} INFO - DAG(s) 'task_instance' retrieved from /opt/airflow/dags/task_instance.py
[2024-02-29T16:19:24.632+0000] {logging_mixin.py:188} INFO - [2024-02-29T16:19:24.632+0000] {dag.py:3047} INFO - Sync 1 DAGs
[2024-02-29T16:19:24.654+0000] {logging_mixin.py:188} INFO - [2024-02-29T16:19:24.654+0000] {dag.py:3834} INFO - Setting next_dagrun for task_instance to None, run_after=None
[2024-02-29T16:19:24.673+0000] {processor.py:183} INFO - Processing /opt/airflow/dags/task_instance.py took 0.098 seconds
[2024-02-29T16:19:55.334+0000] {processor.py:161} INFO - Started process (PID=250) to work on /opt/airflow/dags/task_instance.py
[2024-02-29T16:19:55.335+0000] {processor.py:830} INFO - Processing file /opt/airflow/dags/task_instance.py for tasks to queue
[2024-02-29T16:19:55.337+0000] {logging_mixin.py:188} INFO - [2024-02-29T16:19:55.336+0000] {dagbag.py:540} INFO - Filling up the DagBag from /opt/airflow/dags/task_instance.py
[2024-02-29T16:19:55.353+0000] {processor.py:840} INFO - DAG(s) 'task_instance' retrieved from /opt/airflow/dags/task_instance.py
[2024-02-29T16:19:55.390+0000] {logging_mixin.py:188} INFO - [2024-02-29T16:19:55.390+0000] {dag.py:3047} INFO - Sync 1 DAGs
[2024-02-29T16:19:55.413+0000] {logging_mixin.py:188} INFO - [2024-02-29T16:19:55.413+0000] {dag.py:3834} INFO - Setting next_dagrun for task_instance to None, run_after=None
[2024-02-29T16:19:55.442+0000] {processor.py:183} INFO - Processing /opt/airflow/dags/task_instance.py took 0.110 seconds
[2024-02-29T16:20:26.331+0000] {processor.py:161} INFO - Started process (PID=263) to work on /opt/airflow/dags/task_instance.py
[2024-02-29T16:20:26.331+0000] {processor.py:830} INFO - Processing file /opt/airflow/dags/task_instance.py for tasks to queue
[2024-02-29T16:20:26.333+0000] {logging_mixin.py:188} INFO - [2024-02-29T16:20:26.332+0000] {dagbag.py:540} INFO - Filling up the DagBag from /opt/airflow/dags/task_instance.py
[2024-02-29T16:20:26.346+0000] {processor.py:840} INFO - DAG(s) 'task_instance' retrieved from /opt/airflow/dags/task_instance.py
[2024-02-29T16:20:26.370+0000] {logging_mixin.py:188} INFO - [2024-02-29T16:20:26.370+0000] {dag.py:3047} INFO - Sync 1 DAGs
[2024-02-29T16:20:26.388+0000] {logging_mixin.py:188} INFO - [2024-02-29T16:20:26.388+0000] {dag.py:3834} INFO - Setting next_dagrun for task_instance to None, run_after=None
[2024-02-29T16:20:26.409+0000] {processor.py:183} INFO - Processing /opt/airflow/dags/task_instance.py took 0.081 seconds
[2024-02-29T16:20:56.916+0000] {processor.py:161} INFO - Started process (PID=276) to work on /opt/airflow/dags/task_instance.py
[2024-02-29T16:20:56.917+0000] {processor.py:830} INFO - Processing file /opt/airflow/dags/task_instance.py for tasks to queue
[2024-02-29T16:20:56.918+0000] {logging_mixin.py:188} INFO - [2024-02-29T16:20:56.918+0000] {dagbag.py:540} INFO - Filling up the DagBag from /opt/airflow/dags/task_instance.py
[2024-02-29T16:20:56.934+0000] {processor.py:840} INFO - DAG(s) 'task_instance' retrieved from /opt/airflow/dags/task_instance.py
[2024-02-29T16:20:56.959+0000] {logging_mixin.py:188} INFO - [2024-02-29T16:20:56.959+0000] {dag.py:3047} INFO - Sync 1 DAGs
[2024-02-29T16:20:56.979+0000] {logging_mixin.py:188} INFO - [2024-02-29T16:20:56.979+0000] {dag.py:3834} INFO - Setting next_dagrun for task_instance to None, run_after=None
[2024-02-29T16:20:57.003+0000] {processor.py:183} INFO - Processing /opt/airflow/dags/task_instance.py took 0.088 seconds
[2024-02-29T16:21:27.944+0000] {processor.py:161} INFO - Started process (PID=289) to work on /opt/airflow/dags/task_instance.py
[2024-02-29T16:21:27.945+0000] {processor.py:830} INFO - Processing file /opt/airflow/dags/task_instance.py for tasks to queue
[2024-02-29T16:21:27.946+0000] {logging_mixin.py:188} INFO - [2024-02-29T16:21:27.946+0000] {dagbag.py:540} INFO - Filling up the DagBag from /opt/airflow/dags/task_instance.py
[2024-02-29T16:21:27.963+0000] {processor.py:840} INFO - DAG(s) 'task_instance' retrieved from /opt/airflow/dags/task_instance.py
[2024-02-29T16:21:27.994+0000] {logging_mixin.py:188} INFO - [2024-02-29T16:21:27.994+0000] {dag.py:3047} INFO - Sync 1 DAGs
[2024-02-29T16:21:28.015+0000] {logging_mixin.py:188} INFO - [2024-02-29T16:21:28.015+0000] {dag.py:3834} INFO - Setting next_dagrun for task_instance to None, run_after=None
[2024-02-29T16:21:28.033+0000] {processor.py:183} INFO - Processing /opt/airflow/dags/task_instance.py took 0.091 seconds
[2024-02-29T16:21:58.888+0000] {processor.py:161} INFO - Started process (PID=302) to work on /opt/airflow/dags/task_instance.py
[2024-02-29T16:21:58.888+0000] {processor.py:830} INFO - Processing file /opt/airflow/dags/task_instance.py for tasks to queue
[2024-02-29T16:21:58.890+0000] {logging_mixin.py:188} INFO - [2024-02-29T16:21:58.890+0000] {dagbag.py:540} INFO - Filling up the DagBag from /opt/airflow/dags/task_instance.py
[2024-02-29T16:21:58.905+0000] {processor.py:840} INFO - DAG(s) 'task_instance' retrieved from /opt/airflow/dags/task_instance.py
[2024-02-29T16:21:58.934+0000] {logging_mixin.py:188} INFO - [2024-02-29T16:21:58.933+0000] {dag.py:3047} INFO - Sync 1 DAGs
[2024-02-29T16:21:58.953+0000] {logging_mixin.py:188} INFO - [2024-02-29T16:21:58.953+0000] {dag.py:3834} INFO - Setting next_dagrun for task_instance to None, run_after=None
[2024-02-29T16:21:58.972+0000] {processor.py:183} INFO - Processing /opt/airflow/dags/task_instance.py took 0.087 seconds
[2024-02-29T16:22:29.852+0000] {processor.py:161} INFO - Started process (PID=315) to work on /opt/airflow/dags/task_instance.py
[2024-02-29T16:22:29.853+0000] {processor.py:830} INFO - Processing file /opt/airflow/dags/task_instance.py for tasks to queue
[2024-02-29T16:22:29.854+0000] {logging_mixin.py:188} INFO - [2024-02-29T16:22:29.854+0000] {dagbag.py:540} INFO - Filling up the DagBag from /opt/airflow/dags/task_instance.py
[2024-02-29T16:22:29.872+0000] {processor.py:840} INFO - DAG(s) 'task_instance' retrieved from /opt/airflow/dags/task_instance.py
[2024-02-29T16:22:29.902+0000] {logging_mixin.py:188} INFO - [2024-02-29T16:22:29.902+0000] {dag.py:3047} INFO - Sync 1 DAGs
[2024-02-29T16:22:29.922+0000] {logging_mixin.py:188} INFO - [2024-02-29T16:22:29.922+0000] {dag.py:3834} INFO - Setting next_dagrun for task_instance to None, run_after=None
[2024-02-29T16:22:29.946+0000] {processor.py:183} INFO - Processing /opt/airflow/dags/task_instance.py took 0.096 seconds
[2024-02-29T16:23:00.751+0000] {processor.py:161} INFO - Started process (PID=328) to work on /opt/airflow/dags/task_instance.py
[2024-02-29T16:23:00.751+0000] {processor.py:830} INFO - Processing file /opt/airflow/dags/task_instance.py for tasks to queue
[2024-02-29T16:23:00.753+0000] {logging_mixin.py:188} INFO - [2024-02-29T16:23:00.753+0000] {dagbag.py:540} INFO - Filling up the DagBag from /opt/airflow/dags/task_instance.py
[2024-02-29T16:23:00.770+0000] {processor.py:840} INFO - DAG(s) 'task_instance' retrieved from /opt/airflow/dags/task_instance.py
[2024-02-29T16:23:00.803+0000] {logging_mixin.py:188} INFO - [2024-02-29T16:23:00.803+0000] {dag.py:3047} INFO - Sync 1 DAGs
[2024-02-29T16:23:00.824+0000] {logging_mixin.py:188} INFO - [2024-02-29T16:23:00.824+0000] {dag.py:3834} INFO - Setting next_dagrun for task_instance to None, run_after=None
[2024-02-29T16:23:00.844+0000] {processor.py:183} INFO - Processing /opt/airflow/dags/task_instance.py took 0.095 seconds
[2024-02-29T16:23:31.905+0000] {processor.py:161} INFO - Started process (PID=341) to work on /opt/airflow/dags/task_instance.py
[2024-02-29T16:23:31.906+0000] {processor.py:830} INFO - Processing file /opt/airflow/dags/task_instance.py for tasks to queue
[2024-02-29T16:23:31.908+0000] {logging_mixin.py:188} INFO - [2024-02-29T16:23:31.908+0000] {dagbag.py:540} INFO - Filling up the DagBag from /opt/airflow/dags/task_instance.py
[2024-02-29T16:23:31.928+0000] {processor.py:840} INFO - DAG(s) 'task_instance' retrieved from /opt/airflow/dags/task_instance.py
[2024-02-29T16:23:31.961+0000] {logging_mixin.py:188} INFO - [2024-02-29T16:23:31.960+0000] {dag.py:3047} INFO - Sync 1 DAGs
[2024-02-29T16:23:31.983+0000] {logging_mixin.py:188} INFO - [2024-02-29T16:23:31.983+0000] {dag.py:3834} INFO - Setting next_dagrun for task_instance to None, run_after=None
[2024-02-29T16:23:32.002+0000] {processor.py:183} INFO - Processing /opt/airflow/dags/task_instance.py took 0.098 seconds
[2024-02-29T16:24:02.835+0000] {processor.py:161} INFO - Started process (PID=354) to work on /opt/airflow/dags/task_instance.py
[2024-02-29T16:24:02.836+0000] {processor.py:830} INFO - Processing file /opt/airflow/dags/task_instance.py for tasks to queue
[2024-02-29T16:24:02.838+0000] {logging_mixin.py:188} INFO - [2024-02-29T16:24:02.837+0000] {dagbag.py:540} INFO - Filling up the DagBag from /opt/airflow/dags/task_instance.py
[2024-02-29T16:24:02.856+0000] {processor.py:840} INFO - DAG(s) 'task_instance' retrieved from /opt/airflow/dags/task_instance.py
[2024-02-29T16:24:02.891+0000] {logging_mixin.py:188} INFO - [2024-02-29T16:24:02.891+0000] {dag.py:3047} INFO - Sync 1 DAGs
[2024-02-29T16:24:02.912+0000] {logging_mixin.py:188} INFO - [2024-02-29T16:24:02.912+0000] {dag.py:3834} INFO - Setting next_dagrun for task_instance to None, run_after=None
[2024-02-29T16:24:02.928+0000] {processor.py:183} INFO - Processing /opt/airflow/dags/task_instance.py took 0.095 seconds
[2024-02-29T16:24:33.527+0000] {processor.py:161} INFO - Started process (PID=367) to work on /opt/airflow/dags/task_instance.py
[2024-02-29T16:24:33.528+0000] {processor.py:830} INFO - Processing file /opt/airflow/dags/task_instance.py for tasks to queue
[2024-02-29T16:24:33.529+0000] {logging_mixin.py:188} INFO - [2024-02-29T16:24:33.529+0000] {dagbag.py:540} INFO - Filling up the DagBag from /opt/airflow/dags/task_instance.py
[2024-02-29T16:24:33.545+0000] {processor.py:840} INFO - DAG(s) 'task_instance' retrieved from /opt/airflow/dags/task_instance.py
[2024-02-29T16:24:33.572+0000] {logging_mixin.py:188} INFO - [2024-02-29T16:24:33.571+0000] {dag.py:3047} INFO - Sync 1 DAGs
[2024-02-29T16:24:33.590+0000] {logging_mixin.py:188} INFO - [2024-02-29T16:24:33.590+0000] {dag.py:3834} INFO - Setting next_dagrun for task_instance to None, run_after=None
[2024-02-29T16:24:33.607+0000] {processor.py:183} INFO - Processing /opt/airflow/dags/task_instance.py took 0.082 seconds
[2024-02-29T16:25:04.476+0000] {processor.py:161} INFO - Started process (PID=380) to work on /opt/airflow/dags/task_instance.py
[2024-02-29T16:25:04.477+0000] {processor.py:830} INFO - Processing file /opt/airflow/dags/task_instance.py for tasks to queue
[2024-02-29T16:25:04.478+0000] {logging_mixin.py:188} INFO - [2024-02-29T16:25:04.478+0000] {dagbag.py:540} INFO - Filling up the DagBag from /opt/airflow/dags/task_instance.py
[2024-02-29T16:25:04.493+0000] {processor.py:840} INFO - DAG(s) 'task_instance' retrieved from /opt/airflow/dags/task_instance.py
[2024-02-29T16:25:04.520+0000] {logging_mixin.py:188} INFO - [2024-02-29T16:25:04.520+0000] {dag.py:3047} INFO - Sync 1 DAGs
[2024-02-29T16:25:04.537+0000] {logging_mixin.py:188} INFO - [2024-02-29T16:25:04.537+0000] {dag.py:3834} INFO - Setting next_dagrun for task_instance to None, run_after=None
[2024-02-29T16:25:04.551+0000] {processor.py:183} INFO - Processing /opt/airflow/dags/task_instance.py took 0.076 seconds
[2024-02-29T16:25:35.381+0000] {processor.py:161} INFO - Started process (PID=399) to work on /opt/airflow/dags/task_instance.py
[2024-02-29T16:25:35.381+0000] {processor.py:830} INFO - Processing file /opt/airflow/dags/task_instance.py for tasks to queue
[2024-02-29T16:25:35.383+0000] {logging_mixin.py:188} INFO - [2024-02-29T16:25:35.383+0000] {dagbag.py:540} INFO - Filling up the DagBag from /opt/airflow/dags/task_instance.py
[2024-02-29T16:25:35.401+0000] {processor.py:840} INFO - DAG(s) 'task_instance' retrieved from /opt/airflow/dags/task_instance.py
[2024-02-29T16:25:35.434+0000] {logging_mixin.py:188} INFO - [2024-02-29T16:25:35.434+0000] {dag.py:3047} INFO - Sync 1 DAGs
[2024-02-29T16:25:35.454+0000] {logging_mixin.py:188} INFO - [2024-02-29T16:25:35.454+0000] {dag.py:3834} INFO - Setting next_dagrun for task_instance to None, run_after=None
[2024-02-29T16:25:35.477+0000] {processor.py:183} INFO - Processing /opt/airflow/dags/task_instance.py took 0.099 seconds
[2024-02-29T16:26:06.327+0000] {processor.py:161} INFO - Started process (PID=412) to work on /opt/airflow/dags/task_instance.py
[2024-02-29T16:26:06.328+0000] {processor.py:830} INFO - Processing file /opt/airflow/dags/task_instance.py for tasks to queue
[2024-02-29T16:26:06.330+0000] {logging_mixin.py:188} INFO - [2024-02-29T16:26:06.329+0000] {dagbag.py:540} INFO - Filling up the DagBag from /opt/airflow/dags/task_instance.py
[2024-02-29T16:26:06.345+0000] {processor.py:840} INFO - DAG(s) 'task_instance' retrieved from /opt/airflow/dags/task_instance.py
[2024-02-29T16:26:06.372+0000] {logging_mixin.py:188} INFO - [2024-02-29T16:26:06.372+0000] {dag.py:3047} INFO - Sync 1 DAGs
[2024-02-29T16:26:06.392+0000] {logging_mixin.py:188} INFO - [2024-02-29T16:26:06.392+0000] {dag.py:3834} INFO - Setting next_dagrun for task_instance to None, run_after=None
[2024-02-29T16:26:06.423+0000] {processor.py:183} INFO - Processing /opt/airflow/dags/task_instance.py took 0.098 seconds
[2024-02-29T16:26:37.093+0000] {processor.py:161} INFO - Started process (PID=425) to work on /opt/airflow/dags/task_instance.py
[2024-02-29T16:26:37.094+0000] {processor.py:830} INFO - Processing file /opt/airflow/dags/task_instance.py for tasks to queue
[2024-02-29T16:26:37.095+0000] {logging_mixin.py:188} INFO - [2024-02-29T16:26:37.095+0000] {dagbag.py:540} INFO - Filling up the DagBag from /opt/airflow/dags/task_instance.py
[2024-02-29T16:26:37.113+0000] {processor.py:840} INFO - DAG(s) 'task_instance' retrieved from /opt/airflow/dags/task_instance.py
[2024-02-29T16:26:37.143+0000] {logging_mixin.py:188} INFO - [2024-02-29T16:26:37.143+0000] {dag.py:3047} INFO - Sync 1 DAGs
[2024-02-29T16:26:37.162+0000] {logging_mixin.py:188} INFO - [2024-02-29T16:26:37.162+0000] {dag.py:3834} INFO - Setting next_dagrun for task_instance to None, run_after=None
[2024-02-29T16:26:37.176+0000] {processor.py:183} INFO - Processing /opt/airflow/dags/task_instance.py took 0.086 seconds
[2024-02-29T16:27:07.915+0000] {processor.py:161} INFO - Started process (PID=439) to work on /opt/airflow/dags/task_instance.py
[2024-02-29T16:27:07.916+0000] {processor.py:830} INFO - Processing file /opt/airflow/dags/task_instance.py for tasks to queue
[2024-02-29T16:27:07.917+0000] {logging_mixin.py:188} INFO - [2024-02-29T16:27:07.917+0000] {dagbag.py:540} INFO - Filling up the DagBag from /opt/airflow/dags/task_instance.py
[2024-02-29T16:27:07.933+0000] {processor.py:840} INFO - DAG(s) 'task_instance' retrieved from /opt/airflow/dags/task_instance.py
[2024-02-29T16:27:07.960+0000] {logging_mixin.py:188} INFO - [2024-02-29T16:27:07.960+0000] {dag.py:3047} INFO - Sync 1 DAGs
[2024-02-29T16:27:07.979+0000] {logging_mixin.py:188} INFO - [2024-02-29T16:27:07.979+0000] {dag.py:3834} INFO - Setting next_dagrun for task_instance to None, run_after=None
[2024-02-29T16:27:08.001+0000] {processor.py:183} INFO - Processing /opt/airflow/dags/task_instance.py took 0.089 seconds
