[2024-02-29T16:41:44.478+0000] {processor.py:161} INFO - Started process (PID=842) to work on /opt/airflow/dags/xcom.py
[2024-02-29T16:41:44.478+0000] {processor.py:830} INFO - Processing file /opt/airflow/dags/xcom.py for tasks to queue
[2024-02-29T16:41:44.480+0000] {logging_mixin.py:188} INFO - [2024-02-29T16:41:44.479+0000] {dagbag.py:540} INFO - Filling up the DagBag from /opt/airflow/dags/xcom.py
[2024-02-29T16:41:44.500+0000] {processor.py:840} INFO - DAG(s) 'xcom' retrieved from /opt/airflow/dags/xcom.py
[2024-02-29T16:41:44.576+0000] {logging_mixin.py:188} INFO - [2024-02-29T16:41:44.575+0000] {override.py:1769} INFO - Created Permission View: can edit on DAG:xcom
[2024-02-29T16:41:44.583+0000] {logging_mixin.py:188} INFO - [2024-02-29T16:41:44.583+0000] {override.py:1769} INFO - Created Permission View: can read on DAG:xcom
[2024-02-29T16:41:44.587+0000] {logging_mixin.py:188} INFO - [2024-02-29T16:41:44.587+0000] {override.py:1769} INFO - Created Permission View: can delete on DAG:xcom
[2024-02-29T16:41:44.588+0000] {logging_mixin.py:188} INFO - [2024-02-29T16:41:44.588+0000] {dag.py:3047} INFO - Sync 1 DAGs
[2024-02-29T16:41:44.597+0000] {logging_mixin.py:188} INFO - [2024-02-29T16:41:44.597+0000] {dag.py:3069} INFO - Creating ORM DAG for xcom
[2024-02-29T16:41:44.605+0000] {logging_mixin.py:188} INFO - [2024-02-29T16:41:44.605+0000] {dag.py:3834} INFO - Setting next_dagrun for xcom to 2024-01-01 00:00:00+00:00, run_after=2024-01-01 00:00:00+00:00
[2024-02-29T16:41:44.618+0000] {processor.py:183} INFO - Processing /opt/airflow/dags/xcom.py took 0.142 seconds
[2024-02-29T16:42:13.555+0000] {processor.py:161} INFO - Started process (PID=857) to work on /opt/airflow/dags/xcom.py
[2024-02-29T16:42:13.556+0000] {processor.py:830} INFO - Processing file /opt/airflow/dags/xcom.py for tasks to queue
[2024-02-29T16:42:13.557+0000] {logging_mixin.py:188} INFO - [2024-02-29T16:42:13.557+0000] {dagbag.py:540} INFO - Filling up the DagBag from /opt/airflow/dags/xcom.py
[2024-02-29T16:42:13.590+0000] {processor.py:840} INFO - DAG(s) 'xcom' retrieved from /opt/airflow/dags/xcom.py
[2024-02-29T16:42:13.611+0000] {logging_mixin.py:188} INFO - [2024-02-29T16:42:13.611+0000] {dag.py:3047} INFO - Sync 1 DAGs
[2024-02-29T16:42:13.633+0000] {logging_mixin.py:188} INFO - [2024-02-29T16:42:13.633+0000] {dag.py:3834} INFO - Setting next_dagrun for xcom to 2024-01-01 00:00:00+00:00, run_after=2024-01-01 00:00:00+00:00
[2024-02-29T16:42:13.661+0000] {processor.py:183} INFO - Processing /opt/airflow/dags/xcom.py took 0.108 seconds
[2024-02-29T16:42:44.486+0000] {processor.py:161} INFO - Started process (PID=872) to work on /opt/airflow/dags/xcom.py
[2024-02-29T16:42:44.486+0000] {processor.py:830} INFO - Processing file /opt/airflow/dags/xcom.py for tasks to queue
[2024-02-29T16:42:44.490+0000] {logging_mixin.py:188} INFO - [2024-02-29T16:42:44.490+0000] {dagbag.py:540} INFO - Filling up the DagBag from /opt/airflow/dags/xcom.py
[2024-02-29T16:42:44.506+0000] {processor.py:840} INFO - DAG(s) 'xcom' retrieved from /opt/airflow/dags/xcom.py
[2024-02-29T16:42:44.534+0000] {logging_mixin.py:188} INFO - [2024-02-29T16:42:44.534+0000] {dag.py:3047} INFO - Sync 1 DAGs
[2024-02-29T16:42:44.554+0000] {logging_mixin.py:188} INFO - [2024-02-29T16:42:44.554+0000] {dag.py:3834} INFO - Setting next_dagrun for xcom to None, run_after=None
[2024-02-29T16:42:44.575+0000] {processor.py:183} INFO - Processing /opt/airflow/dags/xcom.py took 0.093 seconds
[2024-02-29T16:43:14.645+0000] {processor.py:161} INFO - Started process (PID=887) to work on /opt/airflow/dags/xcom.py
[2024-02-29T16:43:14.646+0000] {processor.py:830} INFO - Processing file /opt/airflow/dags/xcom.py for tasks to queue
[2024-02-29T16:43:14.647+0000] {logging_mixin.py:188} INFO - [2024-02-29T16:43:14.647+0000] {dagbag.py:540} INFO - Filling up the DagBag from /opt/airflow/dags/xcom.py
[2024-02-29T16:43:14.660+0000] {processor.py:840} INFO - DAG(s) 'xcom' retrieved from /opt/airflow/dags/xcom.py
[2024-02-29T16:43:14.684+0000] {logging_mixin.py:188} INFO - [2024-02-29T16:43:14.684+0000] {dag.py:3047} INFO - Sync 1 DAGs
[2024-02-29T16:43:14.701+0000] {logging_mixin.py:188} INFO - [2024-02-29T16:43:14.701+0000] {dag.py:3834} INFO - Setting next_dagrun for xcom to None, run_after=None
[2024-02-29T16:43:14.723+0000] {processor.py:183} INFO - Processing /opt/airflow/dags/xcom.py took 0.079 seconds
[2024-02-29T16:43:44.795+0000] {processor.py:161} INFO - Started process (PID=902) to work on /opt/airflow/dags/xcom.py
[2024-02-29T16:43:44.796+0000] {processor.py:830} INFO - Processing file /opt/airflow/dags/xcom.py for tasks to queue
[2024-02-29T16:43:44.798+0000] {logging_mixin.py:188} INFO - [2024-02-29T16:43:44.798+0000] {dagbag.py:540} INFO - Filling up the DagBag from /opt/airflow/dags/xcom.py
[2024-02-29T16:43:44.811+0000] {processor.py:840} INFO - DAG(s) 'xcom' retrieved from /opt/airflow/dags/xcom.py
[2024-02-29T16:43:44.838+0000] {logging_mixin.py:188} INFO - [2024-02-29T16:43:44.838+0000] {dag.py:3047} INFO - Sync 1 DAGs
[2024-02-29T16:43:44.858+0000] {logging_mixin.py:188} INFO - [2024-02-29T16:43:44.858+0000] {dag.py:3834} INFO - Setting next_dagrun for xcom to None, run_after=None
[2024-02-29T16:43:44.885+0000] {processor.py:183} INFO - Processing /opt/airflow/dags/xcom.py took 0.092 seconds
[2024-02-29T16:44:15.599+0000] {processor.py:161} INFO - Started process (PID=917) to work on /opt/airflow/dags/xcom.py
[2024-02-29T16:44:15.602+0000] {processor.py:830} INFO - Processing file /opt/airflow/dags/xcom.py for tasks to queue
[2024-02-29T16:44:15.604+0000] {logging_mixin.py:188} INFO - [2024-02-29T16:44:15.604+0000] {dagbag.py:540} INFO - Filling up the DagBag from /opt/airflow/dags/xcom.py
[2024-02-29T16:44:15.626+0000] {processor.py:840} INFO - DAG(s) 'xcom' retrieved from /opt/airflow/dags/xcom.py
[2024-02-29T16:44:15.657+0000] {logging_mixin.py:188} INFO - [2024-02-29T16:44:15.657+0000] {dag.py:3047} INFO - Sync 1 DAGs
[2024-02-29T16:44:15.679+0000] {logging_mixin.py:188} INFO - [2024-02-29T16:44:15.679+0000] {dag.py:3834} INFO - Setting next_dagrun for xcom to None, run_after=None
[2024-02-29T16:44:15.702+0000] {processor.py:183} INFO - Processing /opt/airflow/dags/xcom.py took 0.110 seconds
[2024-02-29T16:44:46.485+0000] {processor.py:161} INFO - Started process (PID=932) to work on /opt/airflow/dags/xcom.py
[2024-02-29T16:44:46.486+0000] {processor.py:830} INFO - Processing file /opt/airflow/dags/xcom.py for tasks to queue
[2024-02-29T16:44:46.487+0000] {logging_mixin.py:188} INFO - [2024-02-29T16:44:46.487+0000] {dagbag.py:540} INFO - Filling up the DagBag from /opt/airflow/dags/xcom.py
[2024-02-29T16:44:46.498+0000] {processor.py:840} INFO - DAG(s) 'xcom' retrieved from /opt/airflow/dags/xcom.py
[2024-02-29T16:44:46.521+0000] {logging_mixin.py:188} INFO - [2024-02-29T16:44:46.521+0000] {dag.py:3047} INFO - Sync 1 DAGs
[2024-02-29T16:44:46.539+0000] {logging_mixin.py:188} INFO - [2024-02-29T16:44:46.539+0000] {dag.py:3834} INFO - Setting next_dagrun for xcom to None, run_after=None
[2024-02-29T16:44:46.558+0000] {processor.py:183} INFO - Processing /opt/airflow/dags/xcom.py took 0.074 seconds
[2024-02-29T16:45:16.662+0000] {processor.py:161} INFO - Started process (PID=947) to work on /opt/airflow/dags/xcom.py
[2024-02-29T16:45:16.662+0000] {processor.py:830} INFO - Processing file /opt/airflow/dags/xcom.py for tasks to queue
[2024-02-29T16:45:16.663+0000] {logging_mixin.py:188} INFO - [2024-02-29T16:45:16.663+0000] {dagbag.py:540} INFO - Filling up the DagBag from /opt/airflow/dags/xcom.py
[2024-02-29T16:45:16.676+0000] {processor.py:840} INFO - DAG(s) 'xcom' retrieved from /opt/airflow/dags/xcom.py
[2024-02-29T16:45:16.712+0000] {logging_mixin.py:188} INFO - [2024-02-29T16:45:16.712+0000] {dag.py:3047} INFO - Sync 1 DAGs
[2024-02-29T16:45:16.729+0000] {logging_mixin.py:188} INFO - [2024-02-29T16:45:16.729+0000] {dag.py:3834} INFO - Setting next_dagrun for xcom to None, run_after=None
[2024-02-29T16:45:16.761+0000] {processor.py:183} INFO - Processing /opt/airflow/dags/xcom.py took 0.101 seconds
[2024-02-29T16:45:47.739+0000] {processor.py:161} INFO - Started process (PID=962) to work on /opt/airflow/dags/xcom.py
[2024-02-29T16:45:47.740+0000] {processor.py:830} INFO - Processing file /opt/airflow/dags/xcom.py for tasks to queue
[2024-02-29T16:45:47.741+0000] {logging_mixin.py:188} INFO - [2024-02-29T16:45:47.741+0000] {dagbag.py:540} INFO - Filling up the DagBag from /opt/airflow/dags/xcom.py
[2024-02-29T16:45:47.753+0000] {processor.py:840} INFO - DAG(s) 'xcom' retrieved from /opt/airflow/dags/xcom.py
[2024-02-29T16:45:47.777+0000] {logging_mixin.py:188} INFO - [2024-02-29T16:45:47.777+0000] {dag.py:3047} INFO - Sync 1 DAGs
[2024-02-29T16:45:47.795+0000] {logging_mixin.py:188} INFO - [2024-02-29T16:45:47.795+0000] {dag.py:3834} INFO - Setting next_dagrun for xcom to None, run_after=None
[2024-02-29T16:45:47.815+0000] {processor.py:183} INFO - Processing /opt/airflow/dags/xcom.py took 0.078 seconds
[2024-02-29T16:46:17.852+0000] {processor.py:161} INFO - Started process (PID=977) to work on /opt/airflow/dags/xcom.py
[2024-02-29T16:46:17.853+0000] {processor.py:830} INFO - Processing file /opt/airflow/dags/xcom.py for tasks to queue
[2024-02-29T16:46:17.854+0000] {logging_mixin.py:188} INFO - [2024-02-29T16:46:17.854+0000] {dagbag.py:540} INFO - Filling up the DagBag from /opt/airflow/dags/xcom.py
[2024-02-29T16:46:17.873+0000] {processor.py:840} INFO - DAG(s) 'xcom' retrieved from /opt/airflow/dags/xcom.py
[2024-02-29T16:46:17.908+0000] {logging_mixin.py:188} INFO - [2024-02-29T16:46:17.908+0000] {dag.py:3047} INFO - Sync 1 DAGs
[2024-02-29T16:46:17.931+0000] {logging_mixin.py:188} INFO - [2024-02-29T16:46:17.930+0000] {dag.py:3834} INFO - Setting next_dagrun for xcom to None, run_after=None
[2024-02-29T16:46:17.955+0000] {processor.py:183} INFO - Processing /opt/airflow/dags/xcom.py took 0.106 seconds
[2024-02-29T16:46:48.058+0000] {processor.py:161} INFO - Started process (PID=992) to work on /opt/airflow/dags/xcom.py
[2024-02-29T16:46:48.059+0000] {processor.py:830} INFO - Processing file /opt/airflow/dags/xcom.py for tasks to queue
[2024-02-29T16:46:48.060+0000] {logging_mixin.py:188} INFO - [2024-02-29T16:46:48.060+0000] {dagbag.py:540} INFO - Filling up the DagBag from /opt/airflow/dags/xcom.py
[2024-02-29T16:46:48.076+0000] {processor.py:840} INFO - DAG(s) 'xcom' retrieved from /opt/airflow/dags/xcom.py
[2024-02-29T16:46:48.100+0000] {logging_mixin.py:188} INFO - [2024-02-29T16:46:48.099+0000] {dag.py:3047} INFO - Sync 1 DAGs
[2024-02-29T16:46:48.115+0000] {logging_mixin.py:188} INFO - [2024-02-29T16:46:48.115+0000] {dag.py:3834} INFO - Setting next_dagrun for xcom to None, run_after=None
[2024-02-29T16:46:48.132+0000] {processor.py:183} INFO - Processing /opt/airflow/dags/xcom.py took 0.076 seconds
[2024-02-29T16:47:19.162+0000] {processor.py:161} INFO - Started process (PID=1007) to work on /opt/airflow/dags/xcom.py
[2024-02-29T16:47:19.163+0000] {processor.py:830} INFO - Processing file /opt/airflow/dags/xcom.py for tasks to queue
[2024-02-29T16:47:19.164+0000] {logging_mixin.py:188} INFO - [2024-02-29T16:47:19.164+0000] {dagbag.py:540} INFO - Filling up the DagBag from /opt/airflow/dags/xcom.py
[2024-02-29T16:47:19.177+0000] {processor.py:840} INFO - DAG(s) 'xcom' retrieved from /opt/airflow/dags/xcom.py
[2024-02-29T16:47:19.201+0000] {logging_mixin.py:188} INFO - [2024-02-29T16:47:19.201+0000] {dag.py:3047} INFO - Sync 1 DAGs
[2024-02-29T16:47:19.218+0000] {logging_mixin.py:188} INFO - [2024-02-29T16:47:19.218+0000] {dag.py:3834} INFO - Setting next_dagrun for xcom to None, run_after=None
[2024-02-29T16:47:19.238+0000] {processor.py:183} INFO - Processing /opt/airflow/dags/xcom.py took 0.078 seconds
[2024-02-29T16:47:50.081+0000] {processor.py:161} INFO - Started process (PID=1022) to work on /opt/airflow/dags/xcom.py
[2024-02-29T16:47:50.082+0000] {processor.py:830} INFO - Processing file /opt/airflow/dags/xcom.py for tasks to queue
[2024-02-29T16:47:50.083+0000] {logging_mixin.py:188} INFO - [2024-02-29T16:47:50.083+0000] {dagbag.py:540} INFO - Filling up the DagBag from /opt/airflow/dags/xcom.py
[2024-02-29T16:47:50.097+0000] {processor.py:840} INFO - DAG(s) 'xcom' retrieved from /opt/airflow/dags/xcom.py
[2024-02-29T16:47:50.121+0000] {logging_mixin.py:188} INFO - [2024-02-29T16:47:50.121+0000] {dag.py:3047} INFO - Sync 1 DAGs
[2024-02-29T16:47:50.139+0000] {logging_mixin.py:188} INFO - [2024-02-29T16:47:50.139+0000] {dag.py:3834} INFO - Setting next_dagrun for xcom to None, run_after=None
[2024-02-29T16:47:50.160+0000] {processor.py:183} INFO - Processing /opt/airflow/dags/xcom.py took 0.080 seconds
[2024-02-29T16:48:21.064+0000] {processor.py:161} INFO - Started process (PID=1037) to work on /opt/airflow/dags/xcom.py
[2024-02-29T16:48:21.064+0000] {processor.py:830} INFO - Processing file /opt/airflow/dags/xcom.py for tasks to queue
[2024-02-29T16:48:21.066+0000] {logging_mixin.py:188} INFO - [2024-02-29T16:48:21.066+0000] {dagbag.py:540} INFO - Filling up the DagBag from /opt/airflow/dags/xcom.py
[2024-02-29T16:48:21.087+0000] {processor.py:840} INFO - DAG(s) 'xcom' retrieved from /opt/airflow/dags/xcom.py
[2024-02-29T16:48:21.111+0000] {logging_mixin.py:188} INFO - [2024-02-29T16:48:21.111+0000] {dag.py:3047} INFO - Sync 1 DAGs
[2024-02-29T16:48:21.128+0000] {logging_mixin.py:188} INFO - [2024-02-29T16:48:21.127+0000] {dag.py:3834} INFO - Setting next_dagrun for xcom to None, run_after=None
[2024-02-29T16:48:21.144+0000] {processor.py:183} INFO - Processing /opt/airflow/dags/xcom.py took 0.083 seconds
[2024-02-29T16:48:51.333+0000] {processor.py:161} INFO - Started process (PID=1052) to work on /opt/airflow/dags/xcom.py
[2024-02-29T16:48:51.333+0000] {processor.py:830} INFO - Processing file /opt/airflow/dags/xcom.py for tasks to queue
[2024-02-29T16:48:51.335+0000] {logging_mixin.py:188} INFO - [2024-02-29T16:48:51.335+0000] {dagbag.py:540} INFO - Filling up the DagBag from /opt/airflow/dags/xcom.py
[2024-02-29T16:48:51.348+0000] {processor.py:840} INFO - DAG(s) 'xcom' retrieved from /opt/airflow/dags/xcom.py
[2024-02-29T16:48:51.372+0000] {logging_mixin.py:188} INFO - [2024-02-29T16:48:51.372+0000] {dag.py:3047} INFO - Sync 1 DAGs
[2024-02-29T16:48:51.390+0000] {logging_mixin.py:188} INFO - [2024-02-29T16:48:51.390+0000] {dag.py:3834} INFO - Setting next_dagrun for xcom to None, run_after=None
[2024-02-29T16:48:51.418+0000] {processor.py:183} INFO - Processing /opt/airflow/dags/xcom.py took 0.087 seconds
[2024-02-29T16:49:21.553+0000] {processor.py:161} INFO - Started process (PID=1067) to work on /opt/airflow/dags/xcom.py
[2024-02-29T16:49:21.554+0000] {processor.py:830} INFO - Processing file /opt/airflow/dags/xcom.py for tasks to queue
[2024-02-29T16:49:21.555+0000] {logging_mixin.py:188} INFO - [2024-02-29T16:49:21.555+0000] {dagbag.py:540} INFO - Filling up the DagBag from /opt/airflow/dags/xcom.py
[2024-02-29T16:49:21.567+0000] {processor.py:840} INFO - DAG(s) 'xcom' retrieved from /opt/airflow/dags/xcom.py
[2024-02-29T16:49:21.591+0000] {logging_mixin.py:188} INFO - [2024-02-29T16:49:21.591+0000] {dag.py:3047} INFO - Sync 1 DAGs
[2024-02-29T16:49:21.609+0000] {logging_mixin.py:188} INFO - [2024-02-29T16:49:21.608+0000] {dag.py:3834} INFO - Setting next_dagrun for xcom to None, run_after=None
[2024-02-29T16:49:21.628+0000] {processor.py:183} INFO - Processing /opt/airflow/dags/xcom.py took 0.077 seconds
[2024-02-29T16:49:52.536+0000] {processor.py:161} INFO - Started process (PID=1082) to work on /opt/airflow/dags/xcom.py
[2024-02-29T16:49:52.537+0000] {processor.py:830} INFO - Processing file /opt/airflow/dags/xcom.py for tasks to queue
[2024-02-29T16:49:52.538+0000] {logging_mixin.py:188} INFO - [2024-02-29T16:49:52.538+0000] {dagbag.py:540} INFO - Filling up the DagBag from /opt/airflow/dags/xcom.py
[2024-02-29T16:49:52.550+0000] {processor.py:840} INFO - DAG(s) 'xcom' retrieved from /opt/airflow/dags/xcom.py
[2024-02-29T16:49:52.574+0000] {logging_mixin.py:188} INFO - [2024-02-29T16:49:52.574+0000] {dag.py:3047} INFO - Sync 1 DAGs
[2024-02-29T16:49:52.590+0000] {logging_mixin.py:188} INFO - [2024-02-29T16:49:52.590+0000] {dag.py:3834} INFO - Setting next_dagrun for xcom to None, run_after=None
[2024-02-29T16:49:52.608+0000] {processor.py:183} INFO - Processing /opt/airflow/dags/xcom.py took 0.074 seconds
[2024-02-29T16:50:23.380+0000] {processor.py:161} INFO - Started process (PID=1097) to work on /opt/airflow/dags/xcom.py
[2024-02-29T16:50:23.380+0000] {processor.py:830} INFO - Processing file /opt/airflow/dags/xcom.py for tasks to queue
[2024-02-29T16:50:23.382+0000] {logging_mixin.py:188} INFO - [2024-02-29T16:50:23.381+0000] {dagbag.py:540} INFO - Filling up the DagBag from /opt/airflow/dags/xcom.py
[2024-02-29T16:50:23.394+0000] {processor.py:840} INFO - DAG(s) 'xcom' retrieved from /opt/airflow/dags/xcom.py
[2024-02-29T16:50:23.417+0000] {logging_mixin.py:188} INFO - [2024-02-29T16:50:23.417+0000] {dag.py:3047} INFO - Sync 1 DAGs
[2024-02-29T16:50:23.436+0000] {logging_mixin.py:188} INFO - [2024-02-29T16:50:23.435+0000] {dag.py:3834} INFO - Setting next_dagrun for xcom to None, run_after=None
[2024-02-29T16:50:23.453+0000] {processor.py:183} INFO - Processing /opt/airflow/dags/xcom.py took 0.076 seconds
[2024-02-29T16:50:54.297+0000] {processor.py:161} INFO - Started process (PID=1112) to work on /opt/airflow/dags/xcom.py
[2024-02-29T16:50:54.297+0000] {processor.py:830} INFO - Processing file /opt/airflow/dags/xcom.py for tasks to queue
[2024-02-29T16:50:54.299+0000] {logging_mixin.py:188} INFO - [2024-02-29T16:50:54.298+0000] {dagbag.py:540} INFO - Filling up the DagBag from /opt/airflow/dags/xcom.py
[2024-02-29T16:50:54.312+0000] {processor.py:840} INFO - DAG(s) 'xcom' retrieved from /opt/airflow/dags/xcom.py
[2024-02-29T16:50:54.341+0000] {logging_mixin.py:188} INFO - [2024-02-29T16:50:54.340+0000] {dag.py:3047} INFO - Sync 1 DAGs
[2024-02-29T16:50:54.358+0000] {logging_mixin.py:188} INFO - [2024-02-29T16:50:54.357+0000] {dag.py:3834} INFO - Setting next_dagrun for xcom to None, run_after=None
[2024-02-29T16:50:54.374+0000] {processor.py:183} INFO - Processing /opt/airflow/dags/xcom.py took 0.079 seconds
[2024-02-29T16:51:25.157+0000] {processor.py:161} INFO - Started process (PID=1127) to work on /opt/airflow/dags/xcom.py
[2024-02-29T16:51:25.158+0000] {processor.py:830} INFO - Processing file /opt/airflow/dags/xcom.py for tasks to queue
[2024-02-29T16:51:25.159+0000] {logging_mixin.py:188} INFO - [2024-02-29T16:51:25.159+0000] {dagbag.py:540} INFO - Filling up the DagBag from /opt/airflow/dags/xcom.py
[2024-02-29T16:51:25.174+0000] {processor.py:840} INFO - DAG(s) 'xcom' retrieved from /opt/airflow/dags/xcom.py
[2024-02-29T16:51:25.206+0000] {logging_mixin.py:188} INFO - [2024-02-29T16:51:25.206+0000] {dag.py:3047} INFO - Sync 1 DAGs
[2024-02-29T16:51:25.230+0000] {logging_mixin.py:188} INFO - [2024-02-29T16:51:25.230+0000] {dag.py:3834} INFO - Setting next_dagrun for xcom to None, run_after=None
[2024-02-29T16:51:25.249+0000] {processor.py:183} INFO - Processing /opt/airflow/dags/xcom.py took 0.095 seconds
[2024-02-29T16:51:55.348+0000] {processor.py:161} INFO - Started process (PID=1143) to work on /opt/airflow/dags/xcom.py
[2024-02-29T16:51:55.348+0000] {processor.py:830} INFO - Processing file /opt/airflow/dags/xcom.py for tasks to queue
[2024-02-29T16:51:55.350+0000] {logging_mixin.py:188} INFO - [2024-02-29T16:51:55.350+0000] {dagbag.py:540} INFO - Filling up the DagBag from /opt/airflow/dags/xcom.py
[2024-02-29T16:51:55.362+0000] {processor.py:840} INFO - DAG(s) 'xcom' retrieved from /opt/airflow/dags/xcom.py
[2024-02-29T16:51:55.387+0000] {logging_mixin.py:188} INFO - [2024-02-29T16:51:55.386+0000] {dag.py:3047} INFO - Sync 1 DAGs
[2024-02-29T16:51:55.404+0000] {logging_mixin.py:188} INFO - [2024-02-29T16:51:55.403+0000] {dag.py:3834} INFO - Setting next_dagrun for xcom to None, run_after=None
[2024-02-29T16:51:55.422+0000] {processor.py:183} INFO - Processing /opt/airflow/dags/xcom.py took 0.076 seconds
[2024-02-29T16:52:25.455+0000] {processor.py:161} INFO - Started process (PID=1159) to work on /opt/airflow/dags/xcom.py
[2024-02-29T16:52:25.456+0000] {processor.py:830} INFO - Processing file /opt/airflow/dags/xcom.py for tasks to queue
[2024-02-29T16:52:25.458+0000] {logging_mixin.py:188} INFO - [2024-02-29T16:52:25.457+0000] {dagbag.py:540} INFO - Filling up the DagBag from /opt/airflow/dags/xcom.py
[2024-02-29T16:52:25.472+0000] {processor.py:840} INFO - DAG(s) 'xcom' retrieved from /opt/airflow/dags/xcom.py
[2024-02-29T16:52:25.500+0000] {logging_mixin.py:188} INFO - [2024-02-29T16:52:25.500+0000] {dag.py:3047} INFO - Sync 1 DAGs
[2024-02-29T16:52:25.519+0000] {logging_mixin.py:188} INFO - [2024-02-29T16:52:25.519+0000] {dag.py:3834} INFO - Setting next_dagrun for xcom to None, run_after=None
[2024-02-29T16:52:25.539+0000] {processor.py:183} INFO - Processing /opt/airflow/dags/xcom.py took 0.086 seconds
[2024-02-29T16:52:55.593+0000] {processor.py:161} INFO - Started process (PID=1175) to work on /opt/airflow/dags/xcom.py
[2024-02-29T16:52:55.594+0000] {processor.py:830} INFO - Processing file /opt/airflow/dags/xcom.py for tasks to queue
[2024-02-29T16:52:55.597+0000] {logging_mixin.py:188} INFO - [2024-02-29T16:52:55.596+0000] {dagbag.py:540} INFO - Filling up the DagBag from /opt/airflow/dags/xcom.py
[2024-02-29T16:52:55.621+0000] {processor.py:840} INFO - DAG(s) 'xcom' retrieved from /opt/airflow/dags/xcom.py
[2024-02-29T16:52:55.669+0000] {logging_mixin.py:188} INFO - [2024-02-29T16:52:55.669+0000] {dag.py:3047} INFO - Sync 1 DAGs
[2024-02-29T16:52:55.692+0000] {logging_mixin.py:188} INFO - [2024-02-29T16:52:55.692+0000] {dag.py:3834} INFO - Setting next_dagrun for xcom to None, run_after=None
[2024-02-29T16:52:55.724+0000] {processor.py:183} INFO - Processing /opt/airflow/dags/xcom.py took 0.133 seconds
[2024-02-29T16:53:25.802+0000] {processor.py:161} INFO - Started process (PID=1191) to work on /opt/airflow/dags/xcom.py
[2024-02-29T16:53:25.803+0000] {processor.py:830} INFO - Processing file /opt/airflow/dags/xcom.py for tasks to queue
[2024-02-29T16:53:25.804+0000] {logging_mixin.py:188} INFO - [2024-02-29T16:53:25.804+0000] {dagbag.py:540} INFO - Filling up the DagBag from /opt/airflow/dags/xcom.py
[2024-02-29T16:53:25.820+0000] {processor.py:840} INFO - DAG(s) 'xcom' retrieved from /opt/airflow/dags/xcom.py
[2024-02-29T16:53:25.850+0000] {logging_mixin.py:188} INFO - [2024-02-29T16:53:25.850+0000] {dag.py:3047} INFO - Sync 1 DAGs
[2024-02-29T16:53:25.868+0000] {logging_mixin.py:188} INFO - [2024-02-29T16:53:25.868+0000] {dag.py:3834} INFO - Setting next_dagrun for xcom to None, run_after=None
[2024-02-29T16:53:25.889+0000] {processor.py:183} INFO - Processing /opt/airflow/dags/xcom.py took 0.090 seconds
[2024-02-29T16:53:56.030+0000] {processor.py:161} INFO - Started process (PID=1207) to work on /opt/airflow/dags/xcom.py
[2024-02-29T16:53:56.031+0000] {processor.py:830} INFO - Processing file /opt/airflow/dags/xcom.py for tasks to queue
[2024-02-29T16:53:56.032+0000] {logging_mixin.py:188} INFO - [2024-02-29T16:53:56.032+0000] {dagbag.py:540} INFO - Filling up the DagBag from /opt/airflow/dags/xcom.py
[2024-02-29T16:53:56.046+0000] {processor.py:840} INFO - DAG(s) 'xcom' retrieved from /opt/airflow/dags/xcom.py
[2024-02-29T16:53:56.071+0000] {logging_mixin.py:188} INFO - [2024-02-29T16:53:56.071+0000] {dag.py:3047} INFO - Sync 1 DAGs
[2024-02-29T16:53:56.089+0000] {logging_mixin.py:188} INFO - [2024-02-29T16:53:56.089+0000] {dag.py:3834} INFO - Setting next_dagrun for xcom to None, run_after=None
[2024-02-29T16:53:56.117+0000] {processor.py:183} INFO - Processing /opt/airflow/dags/xcom.py took 0.089 seconds
[2024-02-29T16:54:26.229+0000] {processor.py:161} INFO - Started process (PID=1223) to work on /opt/airflow/dags/xcom.py
[2024-02-29T16:54:26.230+0000] {processor.py:830} INFO - Processing file /opt/airflow/dags/xcom.py for tasks to queue
[2024-02-29T16:54:26.232+0000] {logging_mixin.py:188} INFO - [2024-02-29T16:54:26.232+0000] {dagbag.py:540} INFO - Filling up the DagBag from /opt/airflow/dags/xcom.py
[2024-02-29T16:54:26.247+0000] {processor.py:840} INFO - DAG(s) 'xcom' retrieved from /opt/airflow/dags/xcom.py
[2024-02-29T16:54:26.274+0000] {logging_mixin.py:188} INFO - [2024-02-29T16:54:26.274+0000] {dag.py:3047} INFO - Sync 1 DAGs
[2024-02-29T16:54:26.293+0000] {logging_mixin.py:188} INFO - [2024-02-29T16:54:26.293+0000] {dag.py:3834} INFO - Setting next_dagrun for xcom to None, run_after=None
[2024-02-29T16:54:26.310+0000] {processor.py:183} INFO - Processing /opt/airflow/dags/xcom.py took 0.083 seconds
[2024-02-29T16:54:56.387+0000] {processor.py:161} INFO - Started process (PID=1241) to work on /opt/airflow/dags/xcom.py
[2024-02-29T16:54:56.388+0000] {processor.py:830} INFO - Processing file /opt/airflow/dags/xcom.py for tasks to queue
[2024-02-29T16:54:56.390+0000] {logging_mixin.py:188} INFO - [2024-02-29T16:54:56.390+0000] {dagbag.py:540} INFO - Filling up the DagBag from /opt/airflow/dags/xcom.py
[2024-02-29T16:54:56.431+0000] {processor.py:840} INFO - DAG(s) 'xcom' retrieved from /opt/airflow/dags/xcom.py
[2024-02-29T16:54:56.463+0000] {logging_mixin.py:188} INFO - [2024-02-29T16:54:56.463+0000] {dag.py:3047} INFO - Sync 1 DAGs
[2024-02-29T16:54:56.484+0000] {logging_mixin.py:188} INFO - [2024-02-29T16:54:56.484+0000] {dag.py:3834} INFO - Setting next_dagrun for xcom to None, run_after=None
[2024-02-29T16:54:56.521+0000] {processor.py:183} INFO - Processing /opt/airflow/dags/xcom.py took 0.136 seconds
[2024-02-29T16:55:26.562+0000] {processor.py:161} INFO - Started process (PID=1257) to work on /opt/airflow/dags/xcom.py
[2024-02-29T16:55:26.563+0000] {processor.py:830} INFO - Processing file /opt/airflow/dags/xcom.py for tasks to queue
[2024-02-29T16:55:26.564+0000] {logging_mixin.py:188} INFO - [2024-02-29T16:55:26.564+0000] {dagbag.py:540} INFO - Filling up the DagBag from /opt/airflow/dags/xcom.py
[2024-02-29T16:55:26.588+0000] {processor.py:840} INFO - DAG(s) 'xcom' retrieved from /opt/airflow/dags/xcom.py
[2024-02-29T16:55:26.620+0000] {logging_mixin.py:188} INFO - [2024-02-29T16:55:26.620+0000] {dag.py:3047} INFO - Sync 1 DAGs
[2024-02-29T16:55:26.644+0000] {logging_mixin.py:188} INFO - [2024-02-29T16:55:26.644+0000] {dag.py:3834} INFO - Setting next_dagrun for xcom to None, run_after=None
[2024-02-29T16:55:26.683+0000] {processor.py:183} INFO - Processing /opt/airflow/dags/xcom.py took 0.124 seconds
[2024-02-29T16:55:56.780+0000] {processor.py:161} INFO - Started process (PID=1274) to work on /opt/airflow/dags/xcom.py
[2024-02-29T16:55:56.781+0000] {processor.py:830} INFO - Processing file /opt/airflow/dags/xcom.py for tasks to queue
[2024-02-29T16:55:56.782+0000] {logging_mixin.py:188} INFO - [2024-02-29T16:55:56.782+0000] {dagbag.py:540} INFO - Filling up the DagBag from /opt/airflow/dags/xcom.py
[2024-02-29T16:55:56.799+0000] {processor.py:840} INFO - DAG(s) 'xcom' retrieved from /opt/airflow/dags/xcom.py
[2024-02-29T16:55:56.829+0000] {logging_mixin.py:188} INFO - [2024-02-29T16:55:56.829+0000] {dag.py:3047} INFO - Sync 1 DAGs
[2024-02-29T16:55:56.851+0000] {logging_mixin.py:188} INFO - [2024-02-29T16:55:56.851+0000] {dag.py:3834} INFO - Setting next_dagrun for xcom to None, run_after=None
[2024-02-29T16:55:56.880+0000] {processor.py:183} INFO - Processing /opt/airflow/dags/xcom.py took 0.103 seconds
[2024-02-29T16:56:26.983+0000] {processor.py:161} INFO - Started process (PID=1291) to work on /opt/airflow/dags/xcom.py
[2024-02-29T16:56:26.984+0000] {processor.py:830} INFO - Processing file /opt/airflow/dags/xcom.py for tasks to queue
[2024-02-29T16:56:26.986+0000] {logging_mixin.py:188} INFO - [2024-02-29T16:56:26.986+0000] {dagbag.py:540} INFO - Filling up the DagBag from /opt/airflow/dags/xcom.py
[2024-02-29T16:56:27.004+0000] {processor.py:840} INFO - DAG(s) 'xcom' retrieved from /opt/airflow/dags/xcom.py
[2024-02-29T16:56:27.038+0000] {logging_mixin.py:188} INFO - [2024-02-29T16:56:27.037+0000] {dag.py:3047} INFO - Sync 1 DAGs
[2024-02-29T16:56:27.062+0000] {logging_mixin.py:188} INFO - [2024-02-29T16:56:27.062+0000] {dag.py:3834} INFO - Setting next_dagrun for xcom to None, run_after=None
[2024-02-29T16:56:27.089+0000] {processor.py:183} INFO - Processing /opt/airflow/dags/xcom.py took 0.107 seconds
[2024-02-29T16:56:57.430+0000] {processor.py:161} INFO - Started process (PID=1307) to work on /opt/airflow/dags/xcom.py
[2024-02-29T16:56:57.431+0000] {processor.py:830} INFO - Processing file /opt/airflow/dags/xcom.py for tasks to queue
[2024-02-29T16:56:57.432+0000] {logging_mixin.py:188} INFO - [2024-02-29T16:56:57.432+0000] {dagbag.py:540} INFO - Filling up the DagBag from /opt/airflow/dags/xcom.py
[2024-02-29T16:56:57.447+0000] {processor.py:840} INFO - DAG(s) 'xcom' retrieved from /opt/airflow/dags/xcom.py
[2024-02-29T16:56:57.480+0000] {logging_mixin.py:188} INFO - [2024-02-29T16:56:57.480+0000] {dag.py:3047} INFO - Sync 1 DAGs
[2024-02-29T16:56:57.499+0000] {logging_mixin.py:188} INFO - [2024-02-29T16:56:57.499+0000] {dag.py:3834} INFO - Setting next_dagrun for xcom to None, run_after=None
[2024-02-29T16:56:57.521+0000] {processor.py:183} INFO - Processing /opt/airflow/dags/xcom.py took 0.092 seconds
[2024-02-29T16:57:27.551+0000] {processor.py:161} INFO - Started process (PID=1323) to work on /opt/airflow/dags/xcom.py
[2024-02-29T16:57:27.551+0000] {processor.py:830} INFO - Processing file /opt/airflow/dags/xcom.py for tasks to queue
[2024-02-29T16:57:27.553+0000] {logging_mixin.py:188} INFO - [2024-02-29T16:57:27.552+0000] {dagbag.py:540} INFO - Filling up the DagBag from /opt/airflow/dags/xcom.py
[2024-02-29T16:57:27.565+0000] {processor.py:840} INFO - DAG(s) 'xcom' retrieved from /opt/airflow/dags/xcom.py
[2024-02-29T16:57:27.587+0000] {logging_mixin.py:188} INFO - [2024-02-29T16:57:27.587+0000] {dag.py:3047} INFO - Sync 1 DAGs
[2024-02-29T16:57:27.604+0000] {logging_mixin.py:188} INFO - [2024-02-29T16:57:27.604+0000] {dag.py:3834} INFO - Setting next_dagrun for xcom to None, run_after=None
[2024-02-29T16:57:27.626+0000] {processor.py:183} INFO - Processing /opt/airflow/dags/xcom.py took 0.077 seconds
[2024-02-29T16:57:57.795+0000] {processor.py:161} INFO - Started process (PID=1339) to work on /opt/airflow/dags/xcom.py
[2024-02-29T16:57:57.796+0000] {processor.py:830} INFO - Processing file /opt/airflow/dags/xcom.py for tasks to queue
[2024-02-29T16:57:57.797+0000] {logging_mixin.py:188} INFO - [2024-02-29T16:57:57.797+0000] {dagbag.py:540} INFO - Filling up the DagBag from /opt/airflow/dags/xcom.py
[2024-02-29T16:57:57.810+0000] {processor.py:840} INFO - DAG(s) 'xcom' retrieved from /opt/airflow/dags/xcom.py
[2024-02-29T16:57:57.840+0000] {logging_mixin.py:188} INFO - [2024-02-29T16:57:57.840+0000] {dag.py:3047} INFO - Sync 1 DAGs
[2024-02-29T16:57:57.856+0000] {logging_mixin.py:188} INFO - [2024-02-29T16:57:57.856+0000] {dag.py:3834} INFO - Setting next_dagrun for xcom to None, run_after=None
[2024-02-29T16:57:57.874+0000] {processor.py:183} INFO - Processing /opt/airflow/dags/xcom.py took 0.081 seconds
[2024-02-29T16:58:27.996+0000] {processor.py:161} INFO - Started process (PID=1355) to work on /opt/airflow/dags/xcom.py
[2024-02-29T16:58:27.997+0000] {processor.py:830} INFO - Processing file /opt/airflow/dags/xcom.py for tasks to queue
[2024-02-29T16:58:27.999+0000] {logging_mixin.py:188} INFO - [2024-02-29T16:58:27.999+0000] {dagbag.py:540} INFO - Filling up the DagBag from /opt/airflow/dags/xcom.py
[2024-02-29T16:58:28.013+0000] {processor.py:840} INFO - DAG(s) 'xcom' retrieved from /opt/airflow/dags/xcom.py
[2024-02-29T16:58:28.047+0000] {logging_mixin.py:188} INFO - [2024-02-29T16:58:28.046+0000] {dag.py:3047} INFO - Sync 1 DAGs
[2024-02-29T16:58:28.068+0000] {logging_mixin.py:188} INFO - [2024-02-29T16:58:28.068+0000] {dag.py:3834} INFO - Setting next_dagrun for xcom to None, run_after=None
[2024-02-29T16:58:28.094+0000] {processor.py:183} INFO - Processing /opt/airflow/dags/xcom.py took 0.100 seconds
[2024-02-29T16:58:58.207+0000] {processor.py:161} INFO - Started process (PID=1371) to work on /opt/airflow/dags/xcom.py
[2024-02-29T16:58:58.208+0000] {processor.py:830} INFO - Processing file /opt/airflow/dags/xcom.py for tasks to queue
[2024-02-29T16:58:58.209+0000] {logging_mixin.py:188} INFO - [2024-02-29T16:58:58.209+0000] {dagbag.py:540} INFO - Filling up the DagBag from /opt/airflow/dags/xcom.py
[2024-02-29T16:58:58.225+0000] {processor.py:840} INFO - DAG(s) 'xcom' retrieved from /opt/airflow/dags/xcom.py
[2024-02-29T16:58:58.251+0000] {logging_mixin.py:188} INFO - [2024-02-29T16:58:58.250+0000] {dag.py:3047} INFO - Sync 1 DAGs
[2024-02-29T16:58:58.270+0000] {logging_mixin.py:188} INFO - [2024-02-29T16:58:58.270+0000] {dag.py:3834} INFO - Setting next_dagrun for xcom to None, run_after=None
[2024-02-29T16:58:58.289+0000] {processor.py:183} INFO - Processing /opt/airflow/dags/xcom.py took 0.084 seconds
[2024-02-29T16:59:28.345+0000] {processor.py:161} INFO - Started process (PID=1387) to work on /opt/airflow/dags/xcom.py
[2024-02-29T16:59:28.346+0000] {processor.py:830} INFO - Processing file /opt/airflow/dags/xcom.py for tasks to queue
[2024-02-29T16:59:28.347+0000] {logging_mixin.py:188} INFO - [2024-02-29T16:59:28.347+0000] {dagbag.py:540} INFO - Filling up the DagBag from /opt/airflow/dags/xcom.py
[2024-02-29T16:59:28.361+0000] {processor.py:840} INFO - DAG(s) 'xcom' retrieved from /opt/airflow/dags/xcom.py
[2024-02-29T16:59:28.387+0000] {logging_mixin.py:188} INFO - [2024-02-29T16:59:28.387+0000] {dag.py:3047} INFO - Sync 1 DAGs
[2024-02-29T16:59:28.404+0000] {logging_mixin.py:188} INFO - [2024-02-29T16:59:28.404+0000] {dag.py:3834} INFO - Setting next_dagrun for xcom to None, run_after=None
[2024-02-29T16:59:28.422+0000] {processor.py:183} INFO - Processing /opt/airflow/dags/xcom.py took 0.079 seconds
[2024-02-29T16:59:58.504+0000] {processor.py:161} INFO - Started process (PID=1403) to work on /opt/airflow/dags/xcom.py
[2024-02-29T16:59:58.505+0000] {processor.py:830} INFO - Processing file /opt/airflow/dags/xcom.py for tasks to queue
[2024-02-29T16:59:58.506+0000] {logging_mixin.py:188} INFO - [2024-02-29T16:59:58.506+0000] {dagbag.py:540} INFO - Filling up the DagBag from /opt/airflow/dags/xcom.py
[2024-02-29T16:59:58.519+0000] {processor.py:840} INFO - DAG(s) 'xcom' retrieved from /opt/airflow/dags/xcom.py
[2024-02-29T16:59:58.551+0000] {logging_mixin.py:188} INFO - [2024-02-29T16:59:58.550+0000] {dag.py:3047} INFO - Sync 1 DAGs
[2024-02-29T16:59:58.568+0000] {logging_mixin.py:188} INFO - [2024-02-29T16:59:58.568+0000] {dag.py:3834} INFO - Setting next_dagrun for xcom to None, run_after=None
[2024-02-29T16:59:58.592+0000] {processor.py:183} INFO - Processing /opt/airflow/dags/xcom.py took 0.090 seconds
[2024-02-29T17:00:28.675+0000] {processor.py:161} INFO - Started process (PID=1419) to work on /opt/airflow/dags/xcom.py
[2024-02-29T17:00:28.675+0000] {processor.py:830} INFO - Processing file /opt/airflow/dags/xcom.py for tasks to queue
[2024-02-29T17:00:28.676+0000] {logging_mixin.py:188} INFO - [2024-02-29T17:00:28.676+0000] {dagbag.py:540} INFO - Filling up the DagBag from /opt/airflow/dags/xcom.py
[2024-02-29T17:00:28.703+0000] {processor.py:840} INFO - DAG(s) 'xcom' retrieved from /opt/airflow/dags/xcom.py
[2024-02-29T17:00:28.727+0000] {logging_mixin.py:188} INFO - [2024-02-29T17:00:28.727+0000] {dag.py:3047} INFO - Sync 1 DAGs
[2024-02-29T17:00:28.747+0000] {logging_mixin.py:188} INFO - [2024-02-29T17:00:28.747+0000] {dag.py:3834} INFO - Setting next_dagrun for xcom to None, run_after=None
[2024-02-29T17:00:28.769+0000] {processor.py:183} INFO - Processing /opt/airflow/dags/xcom.py took 0.097 seconds
[2024-02-29T17:00:58.818+0000] {processor.py:161} INFO - Started process (PID=1435) to work on /opt/airflow/dags/xcom.py
[2024-02-29T17:00:58.818+0000] {processor.py:830} INFO - Processing file /opt/airflow/dags/xcom.py for tasks to queue
[2024-02-29T17:00:58.819+0000] {logging_mixin.py:188} INFO - [2024-02-29T17:00:58.819+0000] {dagbag.py:540} INFO - Filling up the DagBag from /opt/airflow/dags/xcom.py
[2024-02-29T17:00:58.832+0000] {processor.py:840} INFO - DAG(s) 'xcom' retrieved from /opt/airflow/dags/xcom.py
[2024-02-29T17:00:58.854+0000] {logging_mixin.py:188} INFO - [2024-02-29T17:00:58.854+0000] {dag.py:3047} INFO - Sync 1 DAGs
[2024-02-29T17:00:58.877+0000] {logging_mixin.py:188} INFO - [2024-02-29T17:00:58.877+0000] {dag.py:3834} INFO - Setting next_dagrun for xcom to None, run_after=None
[2024-02-29T17:00:58.903+0000] {processor.py:183} INFO - Processing /opt/airflow/dags/xcom.py took 0.088 seconds
[2024-02-29T17:01:29.130+0000] {processor.py:161} INFO - Started process (PID=1451) to work on /opt/airflow/dags/xcom.py
[2024-02-29T17:01:29.131+0000] {processor.py:830} INFO - Processing file /opt/airflow/dags/xcom.py for tasks to queue
[2024-02-29T17:01:29.132+0000] {logging_mixin.py:188} INFO - [2024-02-29T17:01:29.132+0000] {dagbag.py:540} INFO - Filling up the DagBag from /opt/airflow/dags/xcom.py
[2024-02-29T17:01:29.145+0000] {processor.py:840} INFO - DAG(s) 'xcom' retrieved from /opt/airflow/dags/xcom.py
[2024-02-29T17:01:29.172+0000] {logging_mixin.py:188} INFO - [2024-02-29T17:01:29.172+0000] {dag.py:3047} INFO - Sync 1 DAGs
[2024-02-29T17:01:29.189+0000] {logging_mixin.py:188} INFO - [2024-02-29T17:01:29.189+0000] {dag.py:3834} INFO - Setting next_dagrun for xcom to None, run_after=None
[2024-02-29T17:01:29.208+0000] {processor.py:183} INFO - Processing /opt/airflow/dags/xcom.py took 0.080 seconds
