[2024-03-01T15:13:19.007+0000] {logging_mixin.py:188} INFO - Changing /opt/***/logs/dag_id=trigger_dag_run_dag1/run_id=scheduled__2024-01-04T00:00:00+00:00/task_id=echo_dag1 permission to 509
[2024-03-01T15:13:19.009+0000] {logging_mixin.py:188} INFO - Changing /opt/***/logs/dag_id=trigger_dag_run_dag1/run_id=scheduled__2024-01-04T00:00:00+00:00 permission to 509
[2024-03-01T15:13:19.011+0000] {logging_mixin.py:188} INFO - Changing /opt/***/logs/dag_id=trigger_dag_run_dag1 permission to 509
[2024-03-01T15:13:19.012+0000] {logging_mixin.py:188} INFO - Changing /opt/***/logs permission to 509
[2024-03-01T15:13:19.062+0000] {logging_mixin.py:188} INFO - Changing /opt/***/logs/dag_id=trigger_dag_run_dag1/run_id=scheduled__2024-01-04T00:00:00+00:00/task_id=echo_dag1 permission to 509
[2024-03-01T15:13:19.062+0000] {logging_mixin.py:188} INFO - Changing /opt/***/logs/dag_id=trigger_dag_run_dag1/run_id=scheduled__2024-01-04T00:00:00+00:00 permission to 509
[2024-03-01T15:13:19.063+0000] {logging_mixin.py:188} INFO - Changing /opt/***/logs/dag_id=trigger_dag_run_dag1 permission to 509
[2024-03-01T15:13:19.064+0000] {logging_mixin.py:188} INFO - Changing /opt/***/logs permission to 509
[2024-03-01T15:13:19.103+0000] {taskinstance.py:1979} INFO - Dependencies all met for dep_context=non-requeueable deps ti=<TaskInstance: trigger_dag_run_dag1.echo_dag1 scheduled__2024-01-04T00:00:00+00:00 [queued]>
[2024-03-01T15:13:19.109+0000] {taskinstance.py:1979} INFO - Dependencies all met for dep_context=requeueable deps ti=<TaskInstance: trigger_dag_run_dag1.echo_dag1 scheduled__2024-01-04T00:00:00+00:00 [queued]>
[2024-03-01T15:13:19.109+0000] {taskinstance.py:2193} INFO - Starting attempt 1 of 3
[2024-03-01T15:13:19.118+0000] {taskinstance.py:2214} INFO - Executing <Task(BashOperator): echo_dag1> on 2024-01-04 00:00:00+00:00
[2024-03-01T15:13:19.121+0000] {standard_task_runner.py:60} INFO - Started process 164 to run task
[2024-03-01T15:13:19.122+0000] {standard_task_runner.py:87} INFO - Running: ['***', 'tasks', 'run', 'trigger_dag_run_dag1', 'echo_dag1', 'scheduled__2024-01-04T00:00:00+00:00', '--job-id', '127', '--raw', '--subdir', 'DAGS_FOLDER/trigger_dag_run_dag1.py', '--cfg-path', '/tmp/tmpvopl9lyd']
[2024-03-01T15:13:19.124+0000] {standard_task_runner.py:88} INFO - Job 127: Subtask echo_dag1
[2024-03-01T15:13:19.223+0000] {logging_mixin.py:188} INFO - Changing /opt/***/logs/dag_id=trigger_dag_run_dag1/run_id=scheduled__2024-01-04T00:00:00+00:00/task_id=echo_dag1 permission to 509
[2024-03-01T15:13:19.224+0000] {logging_mixin.py:188} INFO - Changing /opt/***/logs/dag_id=trigger_dag_run_dag1/run_id=scheduled__2024-01-04T00:00:00+00:00 permission to 509
[2024-03-01T15:13:19.225+0000] {logging_mixin.py:188} INFO - Changing /opt/***/logs/dag_id=trigger_dag_run_dag1 permission to 509
[2024-03-01T15:13:19.225+0000] {logging_mixin.py:188} INFO - Changing /opt/***/logs permission to 509
[2024-03-01T15:13:19.226+0000] {task_command.py:423} INFO - Running <TaskInstance: trigger_dag_run_dag1.echo_dag1 scheduled__2024-01-04T00:00:00+00:00 [running]> on host 68829ac68ce6
[2024-03-01T15:13:19.357+0000] {taskinstance.py:2510} INFO - Exporting env vars: AIRFLOW_CTX_DAG_OWNER='vutt' AIRFLOW_CTX_DAG_ID='trigger_dag_run_dag1' AIRFLOW_CTX_TASK_ID='echo_dag1' AIRFLOW_CTX_EXECUTION_DATE='2024-01-04T00:00:00+00:00' AIRFLOW_CTX_TRY_NUMBER='1' AIRFLOW_CTX_DAG_RUN_ID='scheduled__2024-01-04T00:00:00+00:00'
[2024-03-01T15:13:19.357+0000] {subprocess.py:63} INFO - Tmp dir root location: /tmp
[2024-03-01T15:13:19.358+0000] {subprocess.py:75} INFO - Running command: ['/usr/bin/bash', '-c', 'echo dag1']
[2024-03-01T15:13:19.363+0000] {subprocess.py:86} INFO - Output:
[2024-03-01T15:13:19.364+0000] {subprocess.py:93} INFO - dag1
[2024-03-01T15:13:19.364+0000] {subprocess.py:97} INFO - Command exited with return code 0
[2024-03-01T15:13:19.407+0000] {taskinstance.py:1149} INFO - Marking task as SUCCESS. dag_id=trigger_dag_run_dag1, task_id=echo_dag1, execution_date=20240104T000000, start_date=20240301T151319, end_date=20240301T151319
[2024-03-01T15:13:19.456+0000] {local_task_job_runner.py:234} INFO - Task exited with return code 0
[2024-03-01T15:13:19.509+0000] {taskinstance.py:3309} INFO - 0 downstream tasks scheduled from follow-on schedule check
