[2024-03-01T15:47:40.026+0000] {logging_mixin.py:188} INFO - Changing /opt/***/logs/dag_id=pool/run_id=scheduled__2024-01-04T00:00:00+00:00/task_id=task_3 permission to 509
[2024-03-01T15:47:40.029+0000] {logging_mixin.py:188} INFO - Changing /opt/***/logs/dag_id=pool/run_id=scheduled__2024-01-04T00:00:00+00:00 permission to 509
[2024-03-01T15:47:40.031+0000] {logging_mixin.py:188} INFO - Changing /opt/***/logs/dag_id=pool permission to 509
[2024-03-01T15:47:40.034+0000] {logging_mixin.py:188} INFO - Changing /opt/***/logs permission to 509
[2024-03-01T15:47:40.101+0000] {logging_mixin.py:188} INFO - Changing /opt/***/logs/dag_id=pool/run_id=scheduled__2024-01-04T00:00:00+00:00/task_id=task_3 permission to 509
[2024-03-01T15:47:40.103+0000] {logging_mixin.py:188} INFO - Changing /opt/***/logs/dag_id=pool/run_id=scheduled__2024-01-04T00:00:00+00:00 permission to 509
[2024-03-01T15:47:40.105+0000] {logging_mixin.py:188} INFO - Changing /opt/***/logs/dag_id=pool permission to 509
[2024-03-01T15:47:40.108+0000] {logging_mixin.py:188} INFO - Changing /opt/***/logs permission to 509
[2024-03-01T15:47:40.158+0000] {taskinstance.py:1979} INFO - Dependencies all met for dep_context=non-requeueable deps ti=<TaskInstance: pool.task_3 scheduled__2024-01-04T00:00:00+00:00 [queued]>
[2024-03-01T15:47:40.167+0000] {taskinstance.py:1979} INFO - Dependencies all met for dep_context=requeueable deps ti=<TaskInstance: pool.task_3 scheduled__2024-01-04T00:00:00+00:00 [queued]>
[2024-03-01T15:47:40.167+0000] {taskinstance.py:2193} INFO - Starting attempt 1 of 3
[2024-03-01T15:47:40.184+0000] {taskinstance.py:2214} INFO - Executing <Task(BashOperator): task_3> on 2024-01-04 00:00:00+00:00
[2024-03-01T15:47:40.188+0000] {standard_task_runner.py:60} INFO - Started process 845 to run task
[2024-03-01T15:47:40.190+0000] {standard_task_runner.py:87} INFO - Running: ['***', 'tasks', 'run', 'pool', 'task_3', 'scheduled__2024-01-04T00:00:00+00:00', '--job-id', '202', '--raw', '--subdir', 'DAGS_FOLDER/pool.py', '--cfg-path', '/tmp/tmp8v6xrdvs']
[2024-03-01T15:47:40.191+0000] {standard_task_runner.py:88} INFO - Job 202: Subtask task_3
[2024-03-01T15:47:40.294+0000] {logging_mixin.py:188} INFO - Changing /opt/***/logs/dag_id=pool/run_id=scheduled__2024-01-04T00:00:00+00:00/task_id=task_3 permission to 509
[2024-03-01T15:47:40.296+0000] {logging_mixin.py:188} INFO - Changing /opt/***/logs/dag_id=pool/run_id=scheduled__2024-01-04T00:00:00+00:00 permission to 509
[2024-03-01T15:47:40.298+0000] {logging_mixin.py:188} INFO - Changing /opt/***/logs/dag_id=pool permission to 509
[2024-03-01T15:47:40.300+0000] {logging_mixin.py:188} INFO - Changing /opt/***/logs permission to 509
[2024-03-01T15:47:40.302+0000] {task_command.py:423} INFO - Running <TaskInstance: pool.task_3 scheduled__2024-01-04T00:00:00+00:00 [running]> on host 68829ac68ce6
[2024-03-01T15:47:40.537+0000] {taskinstance.py:2510} INFO - Exporting env vars: AIRFLOW_CTX_DAG_OWNER='vutt' AIRFLOW_CTX_DAG_ID='pool' AIRFLOW_CTX_TASK_ID='task_3' AIRFLOW_CTX_EXECUTION_DATE='2024-01-04T00:00:00+00:00' AIRFLOW_CTX_TRY_NUMBER='1' AIRFLOW_CTX_DAG_RUN_ID='scheduled__2024-01-04T00:00:00+00:00'
[2024-03-01T15:47:40.538+0000] {subprocess.py:63} INFO - Tmp dir root location: /tmp
[2024-03-01T15:47:40.539+0000] {subprocess.py:75} INFO - Running command: ['/usr/bin/bash', '-c', 'echo task_3']
[2024-03-01T15:47:40.546+0000] {subprocess.py:86} INFO - Output:
[2024-03-01T15:47:40.547+0000] {subprocess.py:93} INFO - task_3
[2024-03-01T15:47:40.548+0000] {subprocess.py:97} INFO - Command exited with return code 0
[2024-03-01T15:47:40.621+0000] {taskinstance.py:1149} INFO - Marking task as SUCCESS. dag_id=pool, task_id=task_3, execution_date=20240104T000000, start_date=20240301T154740, end_date=20240301T154740
[2024-03-01T15:47:40.684+0000] {local_task_job_runner.py:234} INFO - Task exited with return code 0
[2024-03-01T15:47:40.728+0000] {taskinstance.py:3309} INFO - 0 downstream tasks scheduled from follow-on schedule check
