[2024-03-01T15:13:21.777+0000] {logging_mixin.py:188} INFO - Changing /opt/***/logs/dag_id=trigger_dag_run_dag1/run_id=scheduled__2024-01-07T00:00:00+00:00/task_id=echo_dag1 permission to 509
[2024-03-01T15:13:21.779+0000] {logging_mixin.py:188} INFO - Changing /opt/***/logs/dag_id=trigger_dag_run_dag1/run_id=scheduled__2024-01-07T00:00:00+00:00 permission to 509
[2024-03-01T15:13:21.780+0000] {logging_mixin.py:188} INFO - Changing /opt/***/logs/dag_id=trigger_dag_run_dag1 permission to 509
[2024-03-01T15:13:21.781+0000] {logging_mixin.py:188} INFO - Changing /opt/***/logs permission to 509
[2024-03-01T15:13:21.829+0000] {logging_mixin.py:188} INFO - Changing /opt/***/logs/dag_id=trigger_dag_run_dag1/run_id=scheduled__2024-01-07T00:00:00+00:00/task_id=echo_dag1 permission to 509
[2024-03-01T15:13:21.830+0000] {logging_mixin.py:188} INFO - Changing /opt/***/logs/dag_id=trigger_dag_run_dag1/run_id=scheduled__2024-01-07T00:00:00+00:00 permission to 509
[2024-03-01T15:13:21.831+0000] {logging_mixin.py:188} INFO - Changing /opt/***/logs/dag_id=trigger_dag_run_dag1 permission to 509
[2024-03-01T15:13:21.832+0000] {logging_mixin.py:188} INFO - Changing /opt/***/logs permission to 509
[2024-03-01T15:13:21.867+0000] {taskinstance.py:1979} INFO - Dependencies all met for dep_context=non-requeueable deps ti=<TaskInstance: trigger_dag_run_dag1.echo_dag1 scheduled__2024-01-07T00:00:00+00:00 [queued]>
[2024-03-01T15:13:21.875+0000] {taskinstance.py:1979} INFO - Dependencies all met for dep_context=requeueable deps ti=<TaskInstance: trigger_dag_run_dag1.echo_dag1 scheduled__2024-01-07T00:00:00+00:00 [queued]>
[2024-03-01T15:13:21.876+0000] {taskinstance.py:2193} INFO - Starting attempt 1 of 3
[2024-03-01T15:13:21.885+0000] {taskinstance.py:2214} INFO - Executing <Task(BashOperator): echo_dag1> on 2024-01-07 00:00:00+00:00
[2024-03-01T15:13:21.889+0000] {standard_task_runner.py:60} INFO - Started process 180 to run task
[2024-03-01T15:13:21.891+0000] {standard_task_runner.py:87} INFO - Running: ['***', 'tasks', 'run', 'trigger_dag_run_dag1', 'echo_dag1', 'scheduled__2024-01-07T00:00:00+00:00', '--job-id', '130', '--raw', '--subdir', 'DAGS_FOLDER/trigger_dag_run_dag1.py', '--cfg-path', '/tmp/tmpzy_zpvmk']
[2024-03-01T15:13:21.892+0000] {standard_task_runner.py:88} INFO - Job 130: Subtask echo_dag1
[2024-03-01T15:13:21.973+0000] {logging_mixin.py:188} INFO - Changing /opt/***/logs/dag_id=trigger_dag_run_dag1/run_id=scheduled__2024-01-07T00:00:00+00:00/task_id=echo_dag1 permission to 509
[2024-03-01T15:13:21.974+0000] {logging_mixin.py:188} INFO - Changing /opt/***/logs/dag_id=trigger_dag_run_dag1/run_id=scheduled__2024-01-07T00:00:00+00:00 permission to 509
[2024-03-01T15:13:21.975+0000] {logging_mixin.py:188} INFO - Changing /opt/***/logs/dag_id=trigger_dag_run_dag1 permission to 509
[2024-03-01T15:13:21.976+0000] {logging_mixin.py:188} INFO - Changing /opt/***/logs permission to 509
[2024-03-01T15:13:21.977+0000] {task_command.py:423} INFO - Running <TaskInstance: trigger_dag_run_dag1.echo_dag1 scheduled__2024-01-07T00:00:00+00:00 [running]> on host 68829ac68ce6
[2024-03-01T15:13:22.143+0000] {taskinstance.py:2510} INFO - Exporting env vars: AIRFLOW_CTX_DAG_OWNER='vutt' AIRFLOW_CTX_DAG_ID='trigger_dag_run_dag1' AIRFLOW_CTX_TASK_ID='echo_dag1' AIRFLOW_CTX_EXECUTION_DATE='2024-01-07T00:00:00+00:00' AIRFLOW_CTX_TRY_NUMBER='1' AIRFLOW_CTX_DAG_RUN_ID='scheduled__2024-01-07T00:00:00+00:00'
[2024-03-01T15:13:22.144+0000] {subprocess.py:63} INFO - Tmp dir root location: /tmp
[2024-03-01T15:13:22.145+0000] {subprocess.py:75} INFO - Running command: ['/usr/bin/bash', '-c', 'echo dag1']
[2024-03-01T15:13:22.152+0000] {subprocess.py:86} INFO - Output:
[2024-03-01T15:13:22.153+0000] {subprocess.py:93} INFO - dag1
[2024-03-01T15:13:22.153+0000] {subprocess.py:97} INFO - Command exited with return code 0
[2024-03-01T15:13:22.212+0000] {taskinstance.py:1149} INFO - Marking task as SUCCESS. dag_id=trigger_dag_run_dag1, task_id=echo_dag1, execution_date=20240107T000000, start_date=20240301T151321, end_date=20240301T151322
[2024-03-01T15:13:22.264+0000] {local_task_job_runner.py:234} INFO - Task exited with return code 0
[2024-03-01T15:13:22.286+0000] {taskinstance.py:3309} INFO - 0 downstream tasks scheduled from follow-on schedule check
