[2024-03-01T15:47:25.600+0000] {logging_mixin.py:188} INFO - Changing /opt/***/logs/dag_id=pool/run_id=scheduled__2024-01-03T00:00:00+00:00/task_id=task_6 permission to 509
[2024-03-01T15:47:25.604+0000] {logging_mixin.py:188} INFO - Changing /opt/***/logs/dag_id=pool/run_id=scheduled__2024-01-03T00:00:00+00:00 permission to 509
[2024-03-01T15:47:25.608+0000] {logging_mixin.py:188} INFO - Changing /opt/***/logs/dag_id=pool permission to 509
[2024-03-01T15:47:25.611+0000] {logging_mixin.py:188} INFO - Changing /opt/***/logs permission to 509
[2024-03-01T15:47:25.693+0000] {logging_mixin.py:188} INFO - Changing /opt/***/logs/dag_id=pool/run_id=scheduled__2024-01-03T00:00:00+00:00/task_id=task_6 permission to 509
[2024-03-01T15:47:25.696+0000] {logging_mixin.py:188} INFO - Changing /opt/***/logs/dag_id=pool/run_id=scheduled__2024-01-03T00:00:00+00:00 permission to 509
[2024-03-01T15:47:25.700+0000] {logging_mixin.py:188} INFO - Changing /opt/***/logs/dag_id=pool permission to 509
[2024-03-01T15:47:25.702+0000] {logging_mixin.py:188} INFO - Changing /opt/***/logs permission to 509
[2024-03-01T15:47:25.753+0000] {taskinstance.py:1979} INFO - Dependencies all met for dep_context=non-requeueable deps ti=<TaskInstance: pool.task_6 scheduled__2024-01-03T00:00:00+00:00 [queued]>
[2024-03-01T15:47:25.763+0000] {taskinstance.py:1979} INFO - Dependencies all met for dep_context=requeueable deps ti=<TaskInstance: pool.task_6 scheduled__2024-01-03T00:00:00+00:00 [queued]>
[2024-03-01T15:47:25.763+0000] {taskinstance.py:2193} INFO - Starting attempt 1 of 3
[2024-03-01T15:47:25.779+0000] {taskinstance.py:2214} INFO - Executing <Task(BashOperator): task_6> on 2024-01-03 00:00:00+00:00
[2024-03-01T15:47:25.783+0000] {standard_task_runner.py:60} INFO - Started process 713 to run task
[2024-03-01T15:47:25.785+0000] {standard_task_runner.py:87} INFO - Running: ['***', 'tasks', 'run', 'pool', 'task_6', 'scheduled__2024-01-03T00:00:00+00:00', '--job-id', '155', '--raw', '--subdir', 'DAGS_FOLDER/pool.py', '--cfg-path', '/tmp/tmpaevqcnre']
[2024-03-01T15:47:25.786+0000] {standard_task_runner.py:88} INFO - Job 155: Subtask task_6
[2024-03-01T15:47:25.889+0000] {logging_mixin.py:188} INFO - Changing /opt/***/logs/dag_id=pool/run_id=scheduled__2024-01-03T00:00:00+00:00/task_id=task_6 permission to 509
[2024-03-01T15:47:25.890+0000] {logging_mixin.py:188} INFO - Changing /opt/***/logs/dag_id=pool/run_id=scheduled__2024-01-03T00:00:00+00:00 permission to 509
[2024-03-01T15:47:25.891+0000] {logging_mixin.py:188} INFO - Changing /opt/***/logs/dag_id=pool permission to 509
[2024-03-01T15:47:25.892+0000] {logging_mixin.py:188} INFO - Changing /opt/***/logs permission to 509
[2024-03-01T15:47:25.896+0000] {task_command.py:423} INFO - Running <TaskInstance: pool.task_6 scheduled__2024-01-03T00:00:00+00:00 [running]> on host 68829ac68ce6
[2024-03-01T15:47:26.096+0000] {taskinstance.py:2510} INFO - Exporting env vars: AIRFLOW_CTX_DAG_OWNER='vutt' AIRFLOW_CTX_DAG_ID='pool' AIRFLOW_CTX_TASK_ID='task_6' AIRFLOW_CTX_EXECUTION_DATE='2024-01-03T00:00:00+00:00' AIRFLOW_CTX_TRY_NUMBER='1' AIRFLOW_CTX_DAG_RUN_ID='scheduled__2024-01-03T00:00:00+00:00'
[2024-03-01T15:47:26.097+0000] {subprocess.py:63} INFO - Tmp dir root location: /tmp
[2024-03-01T15:47:26.099+0000] {subprocess.py:75} INFO - Running command: ['/usr/bin/bash', '-c', 'echo task_6']
[2024-03-01T15:47:26.108+0000] {subprocess.py:86} INFO - Output:
[2024-03-01T15:47:26.109+0000] {subprocess.py:93} INFO - task_6
[2024-03-01T15:47:26.109+0000] {subprocess.py:97} INFO - Command exited with return code 0
[2024-03-01T15:47:26.176+0000] {taskinstance.py:1149} INFO - Marking task as SUCCESS. dag_id=pool, task_id=task_6, execution_date=20240103T000000, start_date=20240301T154725, end_date=20240301T154726
[2024-03-01T15:47:26.198+0000] {local_task_job_runner.py:234} INFO - Task exited with return code 0
[2024-03-01T15:47:26.246+0000] {taskinstance.py:3309} INFO - 0 downstream tasks scheduled from follow-on schedule check
