[2024-02-27T15:04:50.154+0000] {processor.py:161} INFO - Started process (PID=86) to work on /home/airflow/.local/lib/python3.11/site-packages/airflow/example_dags/plugins/listener_plugin.py
[2024-02-27T15:04:50.155+0000] {processor.py:830} INFO - Processing file /home/airflow/.local/lib/python3.11/site-packages/airflow/example_dags/plugins/listener_plugin.py for tasks to queue
[2024-02-27T15:04:50.157+0000] {logging_mixin.py:188} INFO - [2024-02-27T15:04:50.156+0000] {dagbag.py:540} INFO - Filling up the DagBag from /home/airflow/.local/lib/python3.11/site-packages/airflow/example_dags/plugins/listener_plugin.py
[2024-02-27T15:04:50.159+0000] {processor.py:842} WARNING - No viable dags retrieved from /home/airflow/.local/lib/python3.11/site-packages/airflow/example_dags/plugins/listener_plugin.py
[2024-02-27T15:04:50.167+0000] {processor.py:183} INFO - Processing /home/airflow/.local/lib/python3.11/site-packages/airflow/example_dags/plugins/listener_plugin.py took 0.015 seconds
[2024-02-27T15:05:20.931+0000] {processor.py:161} INFO - Started process (PID=139) to work on /home/airflow/.local/lib/python3.11/site-packages/airflow/example_dags/plugins/listener_plugin.py
[2024-02-27T15:05:20.931+0000] {processor.py:830} INFO - Processing file /home/airflow/.local/lib/python3.11/site-packages/airflow/example_dags/plugins/listener_plugin.py for tasks to queue
[2024-02-27T15:05:20.933+0000] {logging_mixin.py:188} INFO - [2024-02-27T15:05:20.933+0000] {dagbag.py:540} INFO - Filling up the DagBag from /home/airflow/.local/lib/python3.11/site-packages/airflow/example_dags/plugins/listener_plugin.py
[2024-02-27T15:05:20.935+0000] {processor.py:842} WARNING - No viable dags retrieved from /home/airflow/.local/lib/python3.11/site-packages/airflow/example_dags/plugins/listener_plugin.py
[2024-02-27T15:05:20.944+0000] {processor.py:183} INFO - Processing /home/airflow/.local/lib/python3.11/site-packages/airflow/example_dags/plugins/listener_plugin.py took 0.016 seconds
[2024-02-27T15:05:51.752+0000] {processor.py:161} INFO - Started process (PID=196) to work on /home/airflow/.local/lib/python3.11/site-packages/airflow/example_dags/plugins/listener_plugin.py
[2024-02-27T15:05:51.752+0000] {processor.py:830} INFO - Processing file /home/airflow/.local/lib/python3.11/site-packages/airflow/example_dags/plugins/listener_plugin.py for tasks to queue
[2024-02-27T15:05:51.754+0000] {logging_mixin.py:188} INFO - [2024-02-27T15:05:51.753+0000] {dagbag.py:540} INFO - Filling up the DagBag from /home/airflow/.local/lib/python3.11/site-packages/airflow/example_dags/plugins/listener_plugin.py
[2024-02-27T15:05:51.755+0000] {processor.py:842} WARNING - No viable dags retrieved from /home/airflow/.local/lib/python3.11/site-packages/airflow/example_dags/plugins/listener_plugin.py
[2024-02-27T15:05:51.763+0000] {processor.py:183} INFO - Processing /home/airflow/.local/lib/python3.11/site-packages/airflow/example_dags/plugins/listener_plugin.py took 0.013 seconds
[2024-02-27T15:06:22.675+0000] {processor.py:161} INFO - Started process (PID=251) to work on /home/airflow/.local/lib/python3.11/site-packages/airflow/example_dags/plugins/listener_plugin.py
[2024-02-27T15:06:22.676+0000] {processor.py:830} INFO - Processing file /home/airflow/.local/lib/python3.11/site-packages/airflow/example_dags/plugins/listener_plugin.py for tasks to queue
[2024-02-27T15:06:22.677+0000] {logging_mixin.py:188} INFO - [2024-02-27T15:06:22.676+0000] {dagbag.py:540} INFO - Filling up the DagBag from /home/airflow/.local/lib/python3.11/site-packages/airflow/example_dags/plugins/listener_plugin.py
[2024-02-27T15:06:22.678+0000] {processor.py:842} WARNING - No viable dags retrieved from /home/airflow/.local/lib/python3.11/site-packages/airflow/example_dags/plugins/listener_plugin.py
[2024-02-27T15:06:22.686+0000] {processor.py:183} INFO - Processing /home/airflow/.local/lib/python3.11/site-packages/airflow/example_dags/plugins/listener_plugin.py took 0.013 seconds
[2024-02-27T15:06:53.692+0000] {processor.py:161} INFO - Started process (PID=306) to work on /home/airflow/.local/lib/python3.11/site-packages/airflow/example_dags/plugins/listener_plugin.py
[2024-02-27T15:06:53.693+0000] {processor.py:830} INFO - Processing file /home/airflow/.local/lib/python3.11/site-packages/airflow/example_dags/plugins/listener_plugin.py for tasks to queue
[2024-02-27T15:06:53.695+0000] {logging_mixin.py:188} INFO - [2024-02-27T15:06:53.694+0000] {dagbag.py:540} INFO - Filling up the DagBag from /home/airflow/.local/lib/python3.11/site-packages/airflow/example_dags/plugins/listener_plugin.py
[2024-02-27T15:06:53.696+0000] {processor.py:842} WARNING - No viable dags retrieved from /home/airflow/.local/lib/python3.11/site-packages/airflow/example_dags/plugins/listener_plugin.py
[2024-02-27T15:06:53.705+0000] {processor.py:183} INFO - Processing /home/airflow/.local/lib/python3.11/site-packages/airflow/example_dags/plugins/listener_plugin.py took 0.014 seconds
[2024-02-27T15:07:23.922+0000] {processor.py:161} INFO - Started process (PID=359) to work on /home/airflow/.local/lib/python3.11/site-packages/airflow/example_dags/plugins/listener_plugin.py
[2024-02-27T15:07:23.923+0000] {processor.py:830} INFO - Processing file /home/airflow/.local/lib/python3.11/site-packages/airflow/example_dags/plugins/listener_plugin.py for tasks to queue
[2024-02-27T15:07:23.924+0000] {logging_mixin.py:188} INFO - [2024-02-27T15:07:23.924+0000] {dagbag.py:540} INFO - Filling up the DagBag from /home/airflow/.local/lib/python3.11/site-packages/airflow/example_dags/plugins/listener_plugin.py
[2024-02-27T15:07:23.926+0000] {processor.py:842} WARNING - No viable dags retrieved from /home/airflow/.local/lib/python3.11/site-packages/airflow/example_dags/plugins/listener_plugin.py
[2024-02-27T15:07:23.933+0000] {processor.py:183} INFO - Processing /home/airflow/.local/lib/python3.11/site-packages/airflow/example_dags/plugins/listener_plugin.py took 0.013 seconds
[2024-02-27T15:07:54.013+0000] {processor.py:161} INFO - Started process (PID=414) to work on /home/airflow/.local/lib/python3.11/site-packages/airflow/example_dags/plugins/listener_plugin.py
[2024-02-27T15:07:54.014+0000] {processor.py:830} INFO - Processing file /home/airflow/.local/lib/python3.11/site-packages/airflow/example_dags/plugins/listener_plugin.py for tasks to queue
[2024-02-27T15:07:54.015+0000] {logging_mixin.py:188} INFO - [2024-02-27T15:07:54.015+0000] {dagbag.py:540} INFO - Filling up the DagBag from /home/airflow/.local/lib/python3.11/site-packages/airflow/example_dags/plugins/listener_plugin.py
[2024-02-27T15:07:54.017+0000] {processor.py:842} WARNING - No viable dags retrieved from /home/airflow/.local/lib/python3.11/site-packages/airflow/example_dags/plugins/listener_plugin.py
[2024-02-27T15:07:54.023+0000] {processor.py:183} INFO - Processing /home/airflow/.local/lib/python3.11/site-packages/airflow/example_dags/plugins/listener_plugin.py took 0.012 seconds
[2024-02-27T15:08:24.197+0000] {processor.py:161} INFO - Started process (PID=469) to work on /home/airflow/.local/lib/python3.11/site-packages/airflow/example_dags/plugins/listener_plugin.py
[2024-02-27T15:08:24.198+0000] {processor.py:830} INFO - Processing file /home/airflow/.local/lib/python3.11/site-packages/airflow/example_dags/plugins/listener_plugin.py for tasks to queue
[2024-02-27T15:08:24.199+0000] {logging_mixin.py:188} INFO - [2024-02-27T15:08:24.199+0000] {dagbag.py:540} INFO - Filling up the DagBag from /home/airflow/.local/lib/python3.11/site-packages/airflow/example_dags/plugins/listener_plugin.py
[2024-02-27T15:08:24.201+0000] {processor.py:842} WARNING - No viable dags retrieved from /home/airflow/.local/lib/python3.11/site-packages/airflow/example_dags/plugins/listener_plugin.py
[2024-02-27T15:08:24.208+0000] {processor.py:183} INFO - Processing /home/airflow/.local/lib/python3.11/site-packages/airflow/example_dags/plugins/listener_plugin.py took 0.013 seconds
[2024-02-27T15:08:54.322+0000] {processor.py:161} INFO - Started process (PID=524) to work on /home/airflow/.local/lib/python3.11/site-packages/airflow/example_dags/plugins/listener_plugin.py
[2024-02-27T15:08:54.323+0000] {processor.py:830} INFO - Processing file /home/airflow/.local/lib/python3.11/site-packages/airflow/example_dags/plugins/listener_plugin.py for tasks to queue
[2024-02-27T15:08:54.325+0000] {logging_mixin.py:188} INFO - [2024-02-27T15:08:54.324+0000] {dagbag.py:540} INFO - Filling up the DagBag from /home/airflow/.local/lib/python3.11/site-packages/airflow/example_dags/plugins/listener_plugin.py
[2024-02-27T15:08:54.326+0000] {processor.py:842} WARNING - No viable dags retrieved from /home/airflow/.local/lib/python3.11/site-packages/airflow/example_dags/plugins/listener_plugin.py
[2024-02-27T15:08:54.334+0000] {processor.py:183} INFO - Processing /home/airflow/.local/lib/python3.11/site-packages/airflow/example_dags/plugins/listener_plugin.py took 0.014 seconds
[2024-02-27T15:09:24.552+0000] {processor.py:161} INFO - Started process (PID=579) to work on /home/airflow/.local/lib/python3.11/site-packages/airflow/example_dags/plugins/listener_plugin.py
[2024-02-27T15:09:24.553+0000] {processor.py:830} INFO - Processing file /home/airflow/.local/lib/python3.11/site-packages/airflow/example_dags/plugins/listener_plugin.py for tasks to queue
[2024-02-27T15:09:24.554+0000] {logging_mixin.py:188} INFO - [2024-02-27T15:09:24.554+0000] {dagbag.py:540} INFO - Filling up the DagBag from /home/airflow/.local/lib/python3.11/site-packages/airflow/example_dags/plugins/listener_plugin.py
[2024-02-27T15:09:24.556+0000] {processor.py:842} WARNING - No viable dags retrieved from /home/airflow/.local/lib/python3.11/site-packages/airflow/example_dags/plugins/listener_plugin.py
[2024-02-27T15:09:24.564+0000] {processor.py:183} INFO - Processing /home/airflow/.local/lib/python3.11/site-packages/airflow/example_dags/plugins/listener_plugin.py took 0.013 seconds
[2024-02-27T15:09:54.664+0000] {processor.py:161} INFO - Started process (PID=634) to work on /home/airflow/.local/lib/python3.11/site-packages/airflow/example_dags/plugins/listener_plugin.py
[2024-02-27T15:09:54.664+0000] {processor.py:830} INFO - Processing file /home/airflow/.local/lib/python3.11/site-packages/airflow/example_dags/plugins/listener_plugin.py for tasks to queue
[2024-02-27T15:09:54.666+0000] {logging_mixin.py:188} INFO - [2024-02-27T15:09:54.665+0000] {dagbag.py:540} INFO - Filling up the DagBag from /home/airflow/.local/lib/python3.11/site-packages/airflow/example_dags/plugins/listener_plugin.py
[2024-02-27T15:09:54.667+0000] {processor.py:842} WARNING - No viable dags retrieved from /home/airflow/.local/lib/python3.11/site-packages/airflow/example_dags/plugins/listener_plugin.py
[2024-02-27T15:09:54.674+0000] {processor.py:183} INFO - Processing /home/airflow/.local/lib/python3.11/site-packages/airflow/example_dags/plugins/listener_plugin.py took 0.013 seconds
[2024-02-27T15:10:25.670+0000] {processor.py:161} INFO - Started process (PID=689) to work on /home/airflow/.local/lib/python3.11/site-packages/airflow/example_dags/plugins/listener_plugin.py
[2024-02-27T15:10:25.670+0000] {processor.py:830} INFO - Processing file /home/airflow/.local/lib/python3.11/site-packages/airflow/example_dags/plugins/listener_plugin.py for tasks to queue
[2024-02-27T15:10:25.672+0000] {logging_mixin.py:188} INFO - [2024-02-27T15:10:25.671+0000] {dagbag.py:540} INFO - Filling up the DagBag from /home/airflow/.local/lib/python3.11/site-packages/airflow/example_dags/plugins/listener_plugin.py
[2024-02-27T15:10:25.673+0000] {processor.py:842} WARNING - No viable dags retrieved from /home/airflow/.local/lib/python3.11/site-packages/airflow/example_dags/plugins/listener_plugin.py
[2024-02-27T15:10:25.680+0000] {processor.py:183} INFO - Processing /home/airflow/.local/lib/python3.11/site-packages/airflow/example_dags/plugins/listener_plugin.py took 0.013 seconds
[2024-02-27T15:10:55.772+0000] {processor.py:161} INFO - Started process (PID=744) to work on /home/airflow/.local/lib/python3.11/site-packages/airflow/example_dags/plugins/listener_plugin.py
[2024-02-27T15:10:55.773+0000] {processor.py:830} INFO - Processing file /home/airflow/.local/lib/python3.11/site-packages/airflow/example_dags/plugins/listener_plugin.py for tasks to queue
[2024-02-27T15:10:55.774+0000] {logging_mixin.py:188} INFO - [2024-02-27T15:10:55.774+0000] {dagbag.py:540} INFO - Filling up the DagBag from /home/airflow/.local/lib/python3.11/site-packages/airflow/example_dags/plugins/listener_plugin.py
[2024-02-27T15:10:55.776+0000] {processor.py:842} WARNING - No viable dags retrieved from /home/airflow/.local/lib/python3.11/site-packages/airflow/example_dags/plugins/listener_plugin.py
[2024-02-27T15:10:55.784+0000] {processor.py:183} INFO - Processing /home/airflow/.local/lib/python3.11/site-packages/airflow/example_dags/plugins/listener_plugin.py took 0.013 seconds
[2024-02-27T15:11:26.085+0000] {processor.py:161} INFO - Started process (PID=799) to work on /home/airflow/.local/lib/python3.11/site-packages/airflow/example_dags/plugins/listener_plugin.py
[2024-02-27T15:11:26.086+0000] {processor.py:830} INFO - Processing file /home/airflow/.local/lib/python3.11/site-packages/airflow/example_dags/plugins/listener_plugin.py for tasks to queue
[2024-02-27T15:11:26.087+0000] {logging_mixin.py:188} INFO - [2024-02-27T15:11:26.087+0000] {dagbag.py:540} INFO - Filling up the DagBag from /home/airflow/.local/lib/python3.11/site-packages/airflow/example_dags/plugins/listener_plugin.py
[2024-02-27T15:11:26.088+0000] {processor.py:842} WARNING - No viable dags retrieved from /home/airflow/.local/lib/python3.11/site-packages/airflow/example_dags/plugins/listener_plugin.py
[2024-02-27T15:11:26.097+0000] {processor.py:183} INFO - Processing /home/airflow/.local/lib/python3.11/site-packages/airflow/example_dags/plugins/listener_plugin.py took 0.014 seconds
[2024-02-27T15:11:56.214+0000] {processor.py:161} INFO - Started process (PID=855) to work on /home/airflow/.local/lib/python3.11/site-packages/airflow/example_dags/plugins/listener_plugin.py
[2024-02-27T15:11:56.215+0000] {processor.py:830} INFO - Processing file /home/airflow/.local/lib/python3.11/site-packages/airflow/example_dags/plugins/listener_plugin.py for tasks to queue
[2024-02-27T15:11:56.216+0000] {logging_mixin.py:188} INFO - [2024-02-27T15:11:56.216+0000] {dagbag.py:540} INFO - Filling up the DagBag from /home/airflow/.local/lib/python3.11/site-packages/airflow/example_dags/plugins/listener_plugin.py
[2024-02-27T15:11:56.217+0000] {processor.py:842} WARNING - No viable dags retrieved from /home/airflow/.local/lib/python3.11/site-packages/airflow/example_dags/plugins/listener_plugin.py
[2024-02-27T15:11:56.225+0000] {processor.py:183} INFO - Processing /home/airflow/.local/lib/python3.11/site-packages/airflow/example_dags/plugins/listener_plugin.py took 0.013 seconds
[2024-02-27T15:12:26.350+0000] {processor.py:161} INFO - Started process (PID=910) to work on /home/airflow/.local/lib/python3.11/site-packages/airflow/example_dags/plugins/listener_plugin.py
[2024-02-27T15:12:26.351+0000] {processor.py:830} INFO - Processing file /home/airflow/.local/lib/python3.11/site-packages/airflow/example_dags/plugins/listener_plugin.py for tasks to queue
[2024-02-27T15:12:26.352+0000] {logging_mixin.py:188} INFO - [2024-02-27T15:12:26.352+0000] {dagbag.py:540} INFO - Filling up the DagBag from /home/airflow/.local/lib/python3.11/site-packages/airflow/example_dags/plugins/listener_plugin.py
[2024-02-27T15:12:26.354+0000] {processor.py:842} WARNING - No viable dags retrieved from /home/airflow/.local/lib/python3.11/site-packages/airflow/example_dags/plugins/listener_plugin.py
[2024-02-27T15:12:26.362+0000] {processor.py:183} INFO - Processing /home/airflow/.local/lib/python3.11/site-packages/airflow/example_dags/plugins/listener_plugin.py took 0.014 seconds
[2024-02-27T15:12:56.399+0000] {processor.py:161} INFO - Started process (PID=964) to work on /home/airflow/.local/lib/python3.11/site-packages/airflow/example_dags/plugins/listener_plugin.py
[2024-02-27T15:12:56.400+0000] {processor.py:830} INFO - Processing file /home/airflow/.local/lib/python3.11/site-packages/airflow/example_dags/plugins/listener_plugin.py for tasks to queue
[2024-02-27T15:12:56.401+0000] {logging_mixin.py:188} INFO - [2024-02-27T15:12:56.401+0000] {dagbag.py:540} INFO - Filling up the DagBag from /home/airflow/.local/lib/python3.11/site-packages/airflow/example_dags/plugins/listener_plugin.py
[2024-02-27T15:12:56.403+0000] {processor.py:842} WARNING - No viable dags retrieved from /home/airflow/.local/lib/python3.11/site-packages/airflow/example_dags/plugins/listener_plugin.py
[2024-02-27T15:12:56.410+0000] {processor.py:183} INFO - Processing /home/airflow/.local/lib/python3.11/site-packages/airflow/example_dags/plugins/listener_plugin.py took 0.013 seconds
[2024-02-27T15:20:40.566+0000] {processor.py:161} INFO - Started process (PID=86) to work on /home/airflow/.local/lib/python3.11/site-packages/airflow/example_dags/plugins/listener_plugin.py
[2024-02-27T15:20:40.567+0000] {processor.py:830} INFO - Processing file /home/airflow/.local/lib/python3.11/site-packages/airflow/example_dags/plugins/listener_plugin.py for tasks to queue
[2024-02-27T15:20:40.568+0000] {logging_mixin.py:188} INFO - [2024-02-27T15:20:40.568+0000] {dagbag.py:540} INFO - Filling up the DagBag from /home/airflow/.local/lib/python3.11/site-packages/airflow/example_dags/plugins/listener_plugin.py
[2024-02-27T15:20:40.569+0000] {processor.py:842} WARNING - No viable dags retrieved from /home/airflow/.local/lib/python3.11/site-packages/airflow/example_dags/plugins/listener_plugin.py
[2024-02-27T15:20:40.586+0000] {processor.py:183} INFO - Processing /home/airflow/.local/lib/python3.11/site-packages/airflow/example_dags/plugins/listener_plugin.py took 0.022 seconds
[2024-02-27T15:21:11.838+0000] {processor.py:161} INFO - Started process (PID=139) to work on /home/airflow/.local/lib/python3.11/site-packages/airflow/example_dags/plugins/listener_plugin.py
[2024-02-27T15:21:11.838+0000] {processor.py:830} INFO - Processing file /home/airflow/.local/lib/python3.11/site-packages/airflow/example_dags/plugins/listener_plugin.py for tasks to queue
[2024-02-27T15:21:11.840+0000] {logging_mixin.py:188} INFO - [2024-02-27T15:21:11.839+0000] {dagbag.py:540} INFO - Filling up the DagBag from /home/airflow/.local/lib/python3.11/site-packages/airflow/example_dags/plugins/listener_plugin.py
[2024-02-27T15:21:11.841+0000] {processor.py:842} WARNING - No viable dags retrieved from /home/airflow/.local/lib/python3.11/site-packages/airflow/example_dags/plugins/listener_plugin.py
[2024-02-27T15:21:11.861+0000] {processor.py:183} INFO - Processing /home/airflow/.local/lib/python3.11/site-packages/airflow/example_dags/plugins/listener_plugin.py took 0.026 seconds
