[2024-03-01T15:47:42.850+0000] {logging_mixin.py:188} INFO - Changing /opt/***/logs/dag_id=pool/run_id=scheduled__2024-01-07T00:00:00+00:00/task_id=task_10 permission to 509
[2024-03-01T15:47:42.852+0000] {logging_mixin.py:188} INFO - Changing /opt/***/logs/dag_id=pool/run_id=scheduled__2024-01-07T00:00:00+00:00 permission to 509
[2024-03-01T15:47:42.856+0000] {logging_mixin.py:188} INFO - Changing /opt/***/logs/dag_id=pool permission to 509
[2024-03-01T15:47:42.859+0000] {logging_mixin.py:188} INFO - Changing /opt/***/logs permission to 509
[2024-03-01T15:47:42.929+0000] {logging_mixin.py:188} INFO - Changing /opt/***/logs/dag_id=pool/run_id=scheduled__2024-01-07T00:00:00+00:00/task_id=task_10 permission to 509
[2024-03-01T15:47:42.931+0000] {logging_mixin.py:188} INFO - Changing /opt/***/logs/dag_id=pool/run_id=scheduled__2024-01-07T00:00:00+00:00 permission to 509
[2024-03-01T15:47:42.933+0000] {logging_mixin.py:188} INFO - Changing /opt/***/logs/dag_id=pool permission to 509
[2024-03-01T15:47:42.934+0000] {logging_mixin.py:188} INFO - Changing /opt/***/logs permission to 509
[2024-03-01T15:47:42.985+0000] {taskinstance.py:1979} INFO - Dependencies all met for dep_context=non-requeueable deps ti=<TaskInstance: pool.task_10 scheduled__2024-01-07T00:00:00+00:00 [queued]>
[2024-03-01T15:47:42.994+0000] {taskinstance.py:1979} INFO - Dependencies all met for dep_context=requeueable deps ti=<TaskInstance: pool.task_10 scheduled__2024-01-07T00:00:00+00:00 [queued]>
[2024-03-01T15:47:42.995+0000] {taskinstance.py:2193} INFO - Starting attempt 1 of 3
[2024-03-01T15:47:43.006+0000] {taskinstance.py:2214} INFO - Executing <Task(BashOperator): task_10> on 2024-01-07 00:00:00+00:00
[2024-03-01T15:47:43.010+0000] {standard_task_runner.py:60} INFO - Started process 874 to run task
[2024-03-01T15:47:43.013+0000] {standard_task_runner.py:87} INFO - Running: ['***', 'tasks', 'run', 'pool', 'task_10', 'scheduled__2024-01-07T00:00:00+00:00', '--job-id', '210', '--raw', '--subdir', 'DAGS_FOLDER/pool.py', '--cfg-path', '/tmp/tmpm1a55ymn']
[2024-03-01T15:47:43.013+0000] {standard_task_runner.py:88} INFO - Job 210: Subtask task_10
[2024-03-01T15:47:43.119+0000] {logging_mixin.py:188} INFO - Changing /opt/***/logs/dag_id=pool/run_id=scheduled__2024-01-07T00:00:00+00:00/task_id=task_10 permission to 509
[2024-03-01T15:47:43.121+0000] {logging_mixin.py:188} INFO - Changing /opt/***/logs/dag_id=pool/run_id=scheduled__2024-01-07T00:00:00+00:00 permission to 509
[2024-03-01T15:47:43.123+0000] {logging_mixin.py:188} INFO - Changing /opt/***/logs/dag_id=pool permission to 509
[2024-03-01T15:47:43.124+0000] {logging_mixin.py:188} INFO - Changing /opt/***/logs permission to 509
[2024-03-01T15:47:43.126+0000] {task_command.py:423} INFO - Running <TaskInstance: pool.task_10 scheduled__2024-01-07T00:00:00+00:00 [running]> on host 68829ac68ce6
[2024-03-01T15:47:43.296+0000] {taskinstance.py:2510} INFO - Exporting env vars: AIRFLOW_CTX_DAG_OWNER='vutt' AIRFLOW_CTX_DAG_ID='pool' AIRFLOW_CTX_TASK_ID='task_10' AIRFLOW_CTX_EXECUTION_DATE='2024-01-07T00:00:00+00:00' AIRFLOW_CTX_TRY_NUMBER='1' AIRFLOW_CTX_DAG_RUN_ID='scheduled__2024-01-07T00:00:00+00:00'
[2024-03-01T15:47:43.297+0000] {subprocess.py:63} INFO - Tmp dir root location: /tmp
[2024-03-01T15:47:43.298+0000] {subprocess.py:75} INFO - Running command: ['/usr/bin/bash', '-c', 'echo task_10']
[2024-03-01T15:47:43.306+0000] {subprocess.py:86} INFO - Output:
[2024-03-01T15:47:43.307+0000] {subprocess.py:93} INFO - task_10
[2024-03-01T15:47:43.308+0000] {subprocess.py:97} INFO - Command exited with return code 0
[2024-03-01T15:47:43.383+0000] {taskinstance.py:1149} INFO - Marking task as SUCCESS. dag_id=pool, task_id=task_10, execution_date=20240107T000000, start_date=20240301T154742, end_date=20240301T154743
[2024-03-01T15:47:43.425+0000] {local_task_job_runner.py:234} INFO - Task exited with return code 0
[2024-03-01T15:47:43.466+0000] {taskinstance.py:3309} INFO - 1 downstream tasks scheduled from follow-on schedule check
