[2024-03-01T15:47:25.599+0000] {logging_mixin.py:188} INFO - Changing /opt/***/logs/dag_id=pool/run_id=scheduled__2024-01-03T00:00:00+00:00/task_id=task_9 permission to 509
[2024-03-01T15:47:25.603+0000] {logging_mixin.py:188} INFO - Changing /opt/***/logs/dag_id=pool/run_id=scheduled__2024-01-03T00:00:00+00:00 permission to 509
[2024-03-01T15:47:25.607+0000] {logging_mixin.py:188} INFO - Changing /opt/***/logs/dag_id=pool permission to 509
[2024-03-01T15:47:25.610+0000] {logging_mixin.py:188} INFO - Changing /opt/***/logs permission to 509
[2024-03-01T15:47:25.687+0000] {logging_mixin.py:188} INFO - Changing /opt/***/logs/dag_id=pool/run_id=scheduled__2024-01-03T00:00:00+00:00/task_id=task_9 permission to 509
[2024-03-01T15:47:25.689+0000] {logging_mixin.py:188} INFO - Changing /opt/***/logs/dag_id=pool/run_id=scheduled__2024-01-03T00:00:00+00:00 permission to 509
[2024-03-01T15:47:25.691+0000] {logging_mixin.py:188} INFO - Changing /opt/***/logs/dag_id=pool permission to 509
[2024-03-01T15:47:25.693+0000] {logging_mixin.py:188} INFO - Changing /opt/***/logs permission to 509
[2024-03-01T15:47:25.751+0000] {taskinstance.py:1979} INFO - Dependencies all met for dep_context=non-requeueable deps ti=<TaskInstance: pool.task_9 scheduled__2024-01-03T00:00:00+00:00 [queued]>
[2024-03-01T15:47:25.760+0000] {taskinstance.py:1979} INFO - Dependencies all met for dep_context=requeueable deps ti=<TaskInstance: pool.task_9 scheduled__2024-01-03T00:00:00+00:00 [queued]>
[2024-03-01T15:47:25.761+0000] {taskinstance.py:2193} INFO - Starting attempt 1 of 3
[2024-03-01T15:47:25.772+0000] {taskinstance.py:2214} INFO - Executing <Task(BashOperator): task_9> on 2024-01-03 00:00:00+00:00
[2024-03-01T15:47:25.776+0000] {standard_task_runner.py:60} INFO - Started process 712 to run task
[2024-03-01T15:47:25.778+0000] {standard_task_runner.py:87} INFO - Running: ['***', 'tasks', 'run', 'pool', 'task_9', 'scheduled__2024-01-03T00:00:00+00:00', '--job-id', '156', '--raw', '--subdir', 'DAGS_FOLDER/pool.py', '--cfg-path', '/tmp/tmptiagst80']
[2024-03-01T15:47:25.779+0000] {standard_task_runner.py:88} INFO - Job 156: Subtask task_9
[2024-03-01T15:47:25.892+0000] {logging_mixin.py:188} INFO - Changing /opt/***/logs/dag_id=pool/run_id=scheduled__2024-01-03T00:00:00+00:00/task_id=task_9 permission to 509
[2024-03-01T15:47:25.895+0000] {logging_mixin.py:188} INFO - Changing /opt/***/logs/dag_id=pool/run_id=scheduled__2024-01-03T00:00:00+00:00 permission to 509
[2024-03-01T15:47:25.897+0000] {logging_mixin.py:188} INFO - Changing /opt/***/logs/dag_id=pool permission to 509
[2024-03-01T15:47:25.898+0000] {logging_mixin.py:188} INFO - Changing /opt/***/logs permission to 509
[2024-03-01T15:47:25.900+0000] {task_command.py:423} INFO - Running <TaskInstance: pool.task_9 scheduled__2024-01-03T00:00:00+00:00 [running]> on host 68829ac68ce6
[2024-03-01T15:47:26.096+0000] {taskinstance.py:2510} INFO - Exporting env vars: AIRFLOW_CTX_DAG_OWNER='vutt' AIRFLOW_CTX_DAG_ID='pool' AIRFLOW_CTX_TASK_ID='task_9' AIRFLOW_CTX_EXECUTION_DATE='2024-01-03T00:00:00+00:00' AIRFLOW_CTX_TRY_NUMBER='1' AIRFLOW_CTX_DAG_RUN_ID='scheduled__2024-01-03T00:00:00+00:00'
[2024-03-01T15:47:26.098+0000] {subprocess.py:63} INFO - Tmp dir root location: /tmp
[2024-03-01T15:47:26.099+0000] {subprocess.py:75} INFO - Running command: ['/usr/bin/bash', '-c', 'echo task_9']
[2024-03-01T15:47:26.108+0000] {subprocess.py:86} INFO - Output:
[2024-03-01T15:47:26.109+0000] {subprocess.py:93} INFO - task_9
[2024-03-01T15:47:26.109+0000] {subprocess.py:97} INFO - Command exited with return code 0
[2024-03-01T15:47:26.182+0000] {taskinstance.py:1149} INFO - Marking task as SUCCESS. dag_id=pool, task_id=task_9, execution_date=20240103T000000, start_date=20240301T154725, end_date=20240301T154726
[2024-03-01T15:47:26.231+0000] {local_task_job_runner.py:234} INFO - Task exited with return code 0
[2024-03-01T15:47:26.302+0000] {taskinstance.py:3309} INFO - 0 downstream tasks scheduled from follow-on schedule check
