[2024-03-01T15:47:40.185+0000] {logging_mixin.py:188} INFO - Changing /opt/***/logs/dag_id=pool/run_id=scheduled__2024-01-05T00:00:00+00:00/task_id=task_7 permission to 509
[2024-03-01T15:47:40.187+0000] {logging_mixin.py:188} INFO - Changing /opt/***/logs/dag_id=pool/run_id=scheduled__2024-01-05T00:00:00+00:00 permission to 509
[2024-03-01T15:47:40.189+0000] {logging_mixin.py:188} INFO - Changing /opt/***/logs/dag_id=pool permission to 509
[2024-03-01T15:47:40.190+0000] {logging_mixin.py:188} INFO - Changing /opt/***/logs permission to 509
[2024-03-01T15:47:40.259+0000] {logging_mixin.py:188} INFO - Changing /opt/***/logs/dag_id=pool/run_id=scheduled__2024-01-05T00:00:00+00:00/task_id=task_7 permission to 509
[2024-03-01T15:47:40.261+0000] {logging_mixin.py:188} INFO - Changing /opt/***/logs/dag_id=pool/run_id=scheduled__2024-01-05T00:00:00+00:00 permission to 509
[2024-03-01T15:47:40.262+0000] {logging_mixin.py:188} INFO - Changing /opt/***/logs/dag_id=pool permission to 509
[2024-03-01T15:47:40.263+0000] {logging_mixin.py:188} INFO - Changing /opt/***/logs permission to 509
[2024-03-01T15:47:40.322+0000] {taskinstance.py:1979} INFO - Dependencies all met for dep_context=non-requeueable deps ti=<TaskInstance: pool.task_7 scheduled__2024-01-05T00:00:00+00:00 [queued]>
[2024-03-01T15:47:40.335+0000] {taskinstance.py:1979} INFO - Dependencies all met for dep_context=requeueable deps ti=<TaskInstance: pool.task_7 scheduled__2024-01-05T00:00:00+00:00 [queued]>
[2024-03-01T15:47:40.335+0000] {taskinstance.py:2193} INFO - Starting attempt 1 of 3
[2024-03-01T15:47:40.349+0000] {taskinstance.py:2214} INFO - Executing <Task(BashOperator): task_7> on 2024-01-05 00:00:00+00:00
[2024-03-01T15:47:40.354+0000] {standard_task_runner.py:60} INFO - Started process 848 to run task
[2024-03-01T15:47:40.356+0000] {standard_task_runner.py:87} INFO - Running: ['***', 'tasks', 'run', 'pool', 'task_7', 'scheduled__2024-01-05T00:00:00+00:00', '--job-id', '203', '--raw', '--subdir', 'DAGS_FOLDER/pool.py', '--cfg-path', '/tmp/tmp_mtnr02y']
[2024-03-01T15:47:40.357+0000] {standard_task_runner.py:88} INFO - Job 203: Subtask task_7
[2024-03-01T15:47:40.487+0000] {logging_mixin.py:188} INFO - Changing /opt/***/logs/dag_id=pool/run_id=scheduled__2024-01-05T00:00:00+00:00/task_id=task_7 permission to 509
[2024-03-01T15:47:40.489+0000] {logging_mixin.py:188} INFO - Changing /opt/***/logs/dag_id=pool/run_id=scheduled__2024-01-05T00:00:00+00:00 permission to 509
[2024-03-01T15:47:40.490+0000] {logging_mixin.py:188} INFO - Changing /opt/***/logs/dag_id=pool permission to 509
[2024-03-01T15:47:40.492+0000] {logging_mixin.py:188} INFO - Changing /opt/***/logs permission to 509
[2024-03-01T15:47:40.494+0000] {task_command.py:423} INFO - Running <TaskInstance: pool.task_7 scheduled__2024-01-05T00:00:00+00:00 [running]> on host 68829ac68ce6
[2024-03-01T15:47:40.676+0000] {taskinstance.py:2510} INFO - Exporting env vars: AIRFLOW_CTX_DAG_OWNER='vutt' AIRFLOW_CTX_DAG_ID='pool' AIRFLOW_CTX_TASK_ID='task_7' AIRFLOW_CTX_EXECUTION_DATE='2024-01-05T00:00:00+00:00' AIRFLOW_CTX_TRY_NUMBER='1' AIRFLOW_CTX_DAG_RUN_ID='scheduled__2024-01-05T00:00:00+00:00'
[2024-03-01T15:47:40.677+0000] {subprocess.py:63} INFO - Tmp dir root location: /tmp
[2024-03-01T15:47:40.678+0000] {subprocess.py:75} INFO - Running command: ['/usr/bin/bash', '-c', 'echo task_7']
[2024-03-01T15:47:40.688+0000] {subprocess.py:86} INFO - Output:
[2024-03-01T15:47:40.689+0000] {subprocess.py:93} INFO - task_7
[2024-03-01T15:47:40.689+0000] {subprocess.py:97} INFO - Command exited with return code 0
[2024-03-01T15:47:40.770+0000] {taskinstance.py:1149} INFO - Marking task as SUCCESS. dag_id=pool, task_id=task_7, execution_date=20240105T000000, start_date=20240301T154740, end_date=20240301T154740
[2024-03-01T15:47:40.810+0000] {local_task_job_runner.py:234} INFO - Task exited with return code 0
[2024-03-01T15:47:40.838+0000] {taskinstance.py:3309} INFO - 1 downstream tasks scheduled from follow-on schedule check
