[2024-03-01T15:47:22.807+0000] {logging_mixin.py:188} INFO - Changing /opt/***/logs/dag_id=pool/run_id=scheduled__2024-01-01T00:00:00+00:00/task_id=task_1 permission to 509
[2024-03-01T15:47:22.810+0000] {logging_mixin.py:188} INFO - Changing /opt/***/logs/dag_id=pool/run_id=scheduled__2024-01-01T00:00:00+00:00 permission to 509
[2024-03-01T15:47:22.812+0000] {logging_mixin.py:188} INFO - Changing /opt/***/logs/dag_id=pool permission to 509
[2024-03-01T15:47:22.813+0000] {logging_mixin.py:188} INFO - Changing /opt/***/logs permission to 509
[2024-03-01T15:47:22.893+0000] {logging_mixin.py:188} INFO - Changing /opt/***/logs/dag_id=pool/run_id=scheduled__2024-01-01T00:00:00+00:00/task_id=task_1 permission to 509
[2024-03-01T15:47:22.896+0000] {logging_mixin.py:188} INFO - Changing /opt/***/logs/dag_id=pool/run_id=scheduled__2024-01-01T00:00:00+00:00 permission to 509
[2024-03-01T15:47:22.897+0000] {logging_mixin.py:188} INFO - Changing /opt/***/logs/dag_id=pool permission to 509
[2024-03-01T15:47:22.899+0000] {logging_mixin.py:188} INFO - Changing /opt/***/logs permission to 509
[2024-03-01T15:47:22.962+0000] {taskinstance.py:1979} INFO - Dependencies all met for dep_context=non-requeueable deps ti=<TaskInstance: pool.task_1 scheduled__2024-01-01T00:00:00+00:00 [queued]>
[2024-03-01T15:47:22.979+0000] {taskinstance.py:1979} INFO - Dependencies all met for dep_context=requeueable deps ti=<TaskInstance: pool.task_1 scheduled__2024-01-01T00:00:00+00:00 [queued]>
[2024-03-01T15:47:22.979+0000] {taskinstance.py:2193} INFO - Starting attempt 1 of 3
[2024-03-01T15:47:23.002+0000] {taskinstance.py:2214} INFO - Executing <Task(BashOperator): task_1> on 2024-01-01 00:00:00+00:00
[2024-03-01T15:47:23.006+0000] {standard_task_runner.py:60} INFO - Started process 685 to run task
[2024-03-01T15:47:23.008+0000] {standard_task_runner.py:87} INFO - Running: ['***', 'tasks', 'run', 'pool', 'task_1', 'scheduled__2024-01-01T00:00:00+00:00', '--job-id', '148', '--raw', '--subdir', 'DAGS_FOLDER/pool.py', '--cfg-path', '/tmp/tmpl1s8zyr5']
[2024-03-01T15:47:23.009+0000] {standard_task_runner.py:88} INFO - Job 148: Subtask task_1
[2024-03-01T15:47:23.133+0000] {logging_mixin.py:188} INFO - Changing /opt/***/logs/dag_id=pool/run_id=scheduled__2024-01-01T00:00:00+00:00/task_id=task_1 permission to 509
[2024-03-01T15:47:23.135+0000] {logging_mixin.py:188} INFO - Changing /opt/***/logs/dag_id=pool/run_id=scheduled__2024-01-01T00:00:00+00:00 permission to 509
[2024-03-01T15:47:23.136+0000] {logging_mixin.py:188} INFO - Changing /opt/***/logs/dag_id=pool permission to 509
[2024-03-01T15:47:23.137+0000] {logging_mixin.py:188} INFO - Changing /opt/***/logs permission to 509
[2024-03-01T15:47:23.140+0000] {task_command.py:423} INFO - Running <TaskInstance: pool.task_1 scheduled__2024-01-01T00:00:00+00:00 [running]> on host 68829ac68ce6
[2024-03-01T15:47:23.300+0000] {taskinstance.py:2510} INFO - Exporting env vars: AIRFLOW_CTX_DAG_OWNER='vutt' AIRFLOW_CTX_DAG_ID='pool' AIRFLOW_CTX_TASK_ID='task_1' AIRFLOW_CTX_EXECUTION_DATE='2024-01-01T00:00:00+00:00' AIRFLOW_CTX_TRY_NUMBER='1' AIRFLOW_CTX_DAG_RUN_ID='scheduled__2024-01-01T00:00:00+00:00'
[2024-03-01T15:47:23.301+0000] {subprocess.py:63} INFO - Tmp dir root location: /tmp
[2024-03-01T15:47:23.302+0000] {subprocess.py:75} INFO - Running command: ['/usr/bin/bash', '-c', 'echo task_1']
[2024-03-01T15:47:23.310+0000] {subprocess.py:86} INFO - Output:
[2024-03-01T15:47:23.310+0000] {subprocess.py:93} INFO - task_1
[2024-03-01T15:47:23.311+0000] {subprocess.py:97} INFO - Command exited with return code 0
[2024-03-01T15:47:23.381+0000] {taskinstance.py:1149} INFO - Marking task as SUCCESS. dag_id=pool, task_id=task_1, execution_date=20240101T000000, start_date=20240301T154722, end_date=20240301T154723
[2024-03-01T15:47:23.421+0000] {local_task_job_runner.py:234} INFO - Task exited with return code 0
[2024-03-01T15:47:23.457+0000] {taskinstance.py:3309} INFO - 1 downstream tasks scheduled from follow-on schedule check
