[2024-02-27T15:04:49.155+0000] {processor.py:161} INFO - Started process (PID=59) to work on /home/airflow/.local/lib/python3.11/site-packages/airflow/example_dags/example_short_circuit_decorator.py
[2024-02-27T15:04:49.156+0000] {processor.py:830} INFO - Processing file /home/airflow/.local/lib/python3.11/site-packages/airflow/example_dags/example_short_circuit_decorator.py for tasks to queue
[2024-02-27T15:04:49.157+0000] {logging_mixin.py:188} INFO - [2024-02-27T15:04:49.157+0000] {dagbag.py:540} INFO - Filling up the DagBag from /home/airflow/.local/lib/python3.11/site-packages/airflow/example_dags/example_short_circuit_decorator.py
[2024-02-27T15:04:49.164+0000] {processor.py:840} INFO - DAG(s) 'example_short_circuit_decorator' retrieved from /home/airflow/.local/lib/python3.11/site-packages/airflow/example_dags/example_short_circuit_decorator.py
[2024-02-27T15:04:49.171+0000] {logging_mixin.py:188} INFO - [2024-02-27T15:04:49.171+0000] {dag.py:3047} INFO - Sync 1 DAGs
[2024-02-27T15:04:49.186+0000] {logging_mixin.py:188} INFO - [2024-02-27T15:04:49.185+0000] {dag.py:3834} INFO - Setting next_dagrun for example_short_circuit_decorator to 2024-02-26 00:00:00+00:00, run_after=2024-02-27 00:00:00+00:00
[2024-02-27T15:04:49.200+0000] {processor.py:183} INFO - Processing /home/airflow/.local/lib/python3.11/site-packages/airflow/example_dags/example_short_circuit_decorator.py took 0.047 seconds
[2024-02-27T15:05:19.534+0000] {processor.py:161} INFO - Started process (PID=114) to work on /home/airflow/.local/lib/python3.11/site-packages/airflow/example_dags/example_short_circuit_decorator.py
[2024-02-27T15:05:19.535+0000] {processor.py:830} INFO - Processing file /home/airflow/.local/lib/python3.11/site-packages/airflow/example_dags/example_short_circuit_decorator.py for tasks to queue
[2024-02-27T15:05:19.536+0000] {logging_mixin.py:188} INFO - [2024-02-27T15:05:19.536+0000] {dagbag.py:540} INFO - Filling up the DagBag from /home/airflow/.local/lib/python3.11/site-packages/airflow/example_dags/example_short_circuit_decorator.py
[2024-02-27T15:05:19.542+0000] {processor.py:840} INFO - DAG(s) 'example_short_circuit_decorator' retrieved from /home/airflow/.local/lib/python3.11/site-packages/airflow/example_dags/example_short_circuit_decorator.py
[2024-02-27T15:05:19.603+0000] {logging_mixin.py:188} INFO - [2024-02-27T15:05:19.603+0000] {dag.py:3047} INFO - Sync 1 DAGs
[2024-02-27T15:05:19.613+0000] {logging_mixin.py:188} INFO - [2024-02-27T15:05:19.613+0000] {dag.py:3834} INFO - Setting next_dagrun for example_short_circuit_decorator to 2024-02-26 00:00:00+00:00, run_after=2024-02-27 00:00:00+00:00
[2024-02-27T15:05:19.624+0000] {processor.py:183} INFO - Processing /home/airflow/.local/lib/python3.11/site-packages/airflow/example_dags/example_short_circuit_decorator.py took 0.091 seconds
[2024-02-27T15:05:49.914+0000] {processor.py:161} INFO - Started process (PID=169) to work on /home/airflow/.local/lib/python3.11/site-packages/airflow/example_dags/example_short_circuit_decorator.py
[2024-02-27T15:05:49.915+0000] {processor.py:830} INFO - Processing file /home/airflow/.local/lib/python3.11/site-packages/airflow/example_dags/example_short_circuit_decorator.py for tasks to queue
[2024-02-27T15:05:49.916+0000] {logging_mixin.py:188} INFO - [2024-02-27T15:05:49.916+0000] {dagbag.py:540} INFO - Filling up the DagBag from /home/airflow/.local/lib/python3.11/site-packages/airflow/example_dags/example_short_circuit_decorator.py
[2024-02-27T15:05:49.921+0000] {processor.py:840} INFO - DAG(s) 'example_short_circuit_decorator' retrieved from /home/airflow/.local/lib/python3.11/site-packages/airflow/example_dags/example_short_circuit_decorator.py
[2024-02-27T15:05:49.934+0000] {logging_mixin.py:188} INFO - [2024-02-27T15:05:49.934+0000] {dag.py:3047} INFO - Sync 1 DAGs
[2024-02-27T15:05:49.948+0000] {logging_mixin.py:188} INFO - [2024-02-27T15:05:49.947+0000] {dag.py:3834} INFO - Setting next_dagrun for example_short_circuit_decorator to 2024-02-26 00:00:00+00:00, run_after=2024-02-27 00:00:00+00:00
[2024-02-27T15:05:49.959+0000] {processor.py:183} INFO - Processing /home/airflow/.local/lib/python3.11/site-packages/airflow/example_dags/example_short_circuit_decorator.py took 0.047 seconds
[2024-02-27T15:06:20.655+0000] {processor.py:161} INFO - Started process (PID=224) to work on /home/airflow/.local/lib/python3.11/site-packages/airflow/example_dags/example_short_circuit_decorator.py
[2024-02-27T15:06:20.656+0000] {processor.py:830} INFO - Processing file /home/airflow/.local/lib/python3.11/site-packages/airflow/example_dags/example_short_circuit_decorator.py for tasks to queue
[2024-02-27T15:06:20.657+0000] {logging_mixin.py:188} INFO - [2024-02-27T15:06:20.657+0000] {dagbag.py:540} INFO - Filling up the DagBag from /home/airflow/.local/lib/python3.11/site-packages/airflow/example_dags/example_short_circuit_decorator.py
[2024-02-27T15:06:20.664+0000] {processor.py:840} INFO - DAG(s) 'example_short_circuit_decorator' retrieved from /home/airflow/.local/lib/python3.11/site-packages/airflow/example_dags/example_short_circuit_decorator.py
[2024-02-27T15:06:20.677+0000] {logging_mixin.py:188} INFO - [2024-02-27T15:06:20.677+0000] {dag.py:3047} INFO - Sync 1 DAGs
[2024-02-27T15:06:20.692+0000] {logging_mixin.py:188} INFO - [2024-02-27T15:06:20.692+0000] {dag.py:3834} INFO - Setting next_dagrun for example_short_circuit_decorator to 2024-02-26 00:00:00+00:00, run_after=2024-02-27 00:00:00+00:00
[2024-02-27T15:06:20.704+0000] {processor.py:183} INFO - Processing /home/airflow/.local/lib/python3.11/site-packages/airflow/example_dags/example_short_circuit_decorator.py took 0.050 seconds
[2024-02-27T15:06:51.713+0000] {processor.py:161} INFO - Started process (PID=279) to work on /home/airflow/.local/lib/python3.11/site-packages/airflow/example_dags/example_short_circuit_decorator.py
[2024-02-27T15:06:51.713+0000] {processor.py:830} INFO - Processing file /home/airflow/.local/lib/python3.11/site-packages/airflow/example_dags/example_short_circuit_decorator.py for tasks to queue
[2024-02-27T15:06:51.715+0000] {logging_mixin.py:188} INFO - [2024-02-27T15:06:51.714+0000] {dagbag.py:540} INFO - Filling up the DagBag from /home/airflow/.local/lib/python3.11/site-packages/airflow/example_dags/example_short_circuit_decorator.py
[2024-02-27T15:06:51.720+0000] {processor.py:840} INFO - DAG(s) 'example_short_circuit_decorator' retrieved from /home/airflow/.local/lib/python3.11/site-packages/airflow/example_dags/example_short_circuit_decorator.py
[2024-02-27T15:06:51.733+0000] {logging_mixin.py:188} INFO - [2024-02-27T15:06:51.733+0000] {dag.py:3047} INFO - Sync 1 DAGs
[2024-02-27T15:06:51.746+0000] {logging_mixin.py:188} INFO - [2024-02-27T15:06:51.745+0000] {dag.py:3834} INFO - Setting next_dagrun for example_short_circuit_decorator to 2024-02-26 00:00:00+00:00, run_after=2024-02-27 00:00:00+00:00
[2024-02-27T15:06:51.757+0000] {processor.py:183} INFO - Processing /home/airflow/.local/lib/python3.11/site-packages/airflow/example_dags/example_short_circuit_decorator.py took 0.046 seconds
[2024-02-27T15:07:21.861+0000] {processor.py:161} INFO - Started process (PID=334) to work on /home/airflow/.local/lib/python3.11/site-packages/airflow/example_dags/example_short_circuit_decorator.py
[2024-02-27T15:07:21.861+0000] {processor.py:830} INFO - Processing file /home/airflow/.local/lib/python3.11/site-packages/airflow/example_dags/example_short_circuit_decorator.py for tasks to queue
[2024-02-27T15:07:21.863+0000] {logging_mixin.py:188} INFO - [2024-02-27T15:07:21.862+0000] {dagbag.py:540} INFO - Filling up the DagBag from /home/airflow/.local/lib/python3.11/site-packages/airflow/example_dags/example_short_circuit_decorator.py
[2024-02-27T15:07:21.868+0000] {processor.py:840} INFO - DAG(s) 'example_short_circuit_decorator' retrieved from /home/airflow/.local/lib/python3.11/site-packages/airflow/example_dags/example_short_circuit_decorator.py
[2024-02-27T15:07:21.880+0000] {logging_mixin.py:188} INFO - [2024-02-27T15:07:21.880+0000] {dag.py:3047} INFO - Sync 1 DAGs
[2024-02-27T15:07:21.892+0000] {logging_mixin.py:188} INFO - [2024-02-27T15:07:21.891+0000] {dag.py:3834} INFO - Setting next_dagrun for example_short_circuit_decorator to 2024-02-26 00:00:00+00:00, run_after=2024-02-27 00:00:00+00:00
[2024-02-27T15:07:21.902+0000] {processor.py:183} INFO - Processing /home/airflow/.local/lib/python3.11/site-packages/airflow/example_dags/example_short_circuit_decorator.py took 0.043 seconds
[2024-02-27T15:07:51.961+0000] {processor.py:161} INFO - Started process (PID=389) to work on /home/airflow/.local/lib/python3.11/site-packages/airflow/example_dags/example_short_circuit_decorator.py
[2024-02-27T15:07:51.962+0000] {processor.py:830} INFO - Processing file /home/airflow/.local/lib/python3.11/site-packages/airflow/example_dags/example_short_circuit_decorator.py for tasks to queue
[2024-02-27T15:07:51.963+0000] {logging_mixin.py:188} INFO - [2024-02-27T15:07:51.963+0000] {dagbag.py:540} INFO - Filling up the DagBag from /home/airflow/.local/lib/python3.11/site-packages/airflow/example_dags/example_short_circuit_decorator.py
[2024-02-27T15:07:51.968+0000] {processor.py:840} INFO - DAG(s) 'example_short_circuit_decorator' retrieved from /home/airflow/.local/lib/python3.11/site-packages/airflow/example_dags/example_short_circuit_decorator.py
[2024-02-27T15:07:51.980+0000] {logging_mixin.py:188} INFO - [2024-02-27T15:07:51.980+0000] {dag.py:3047} INFO - Sync 1 DAGs
[2024-02-27T15:07:51.992+0000] {logging_mixin.py:188} INFO - [2024-02-27T15:07:51.992+0000] {dag.py:3834} INFO - Setting next_dagrun for example_short_circuit_decorator to 2024-02-26 00:00:00+00:00, run_after=2024-02-27 00:00:00+00:00
[2024-02-27T15:07:52.001+0000] {processor.py:183} INFO - Processing /home/airflow/.local/lib/python3.11/site-packages/airflow/example_dags/example_short_circuit_decorator.py took 0.042 seconds
[2024-02-27T15:08:22.050+0000] {processor.py:161} INFO - Started process (PID=444) to work on /home/airflow/.local/lib/python3.11/site-packages/airflow/example_dags/example_short_circuit_decorator.py
[2024-02-27T15:08:22.050+0000] {processor.py:830} INFO - Processing file /home/airflow/.local/lib/python3.11/site-packages/airflow/example_dags/example_short_circuit_decorator.py for tasks to queue
[2024-02-27T15:08:22.051+0000] {logging_mixin.py:188} INFO - [2024-02-27T15:08:22.051+0000] {dagbag.py:540} INFO - Filling up the DagBag from /home/airflow/.local/lib/python3.11/site-packages/airflow/example_dags/example_short_circuit_decorator.py
[2024-02-27T15:08:22.057+0000] {processor.py:840} INFO - DAG(s) 'example_short_circuit_decorator' retrieved from /home/airflow/.local/lib/python3.11/site-packages/airflow/example_dags/example_short_circuit_decorator.py
[2024-02-27T15:08:22.070+0000] {logging_mixin.py:188} INFO - [2024-02-27T15:08:22.070+0000] {dag.py:3047} INFO - Sync 1 DAGs
[2024-02-27T15:08:22.082+0000] {logging_mixin.py:188} INFO - [2024-02-27T15:08:22.082+0000] {dag.py:3834} INFO - Setting next_dagrun for example_short_circuit_decorator to 2024-02-26 00:00:00+00:00, run_after=2024-02-27 00:00:00+00:00
[2024-02-27T15:08:22.093+0000] {processor.py:183} INFO - Processing /home/airflow/.local/lib/python3.11/site-packages/airflow/example_dags/example_short_circuit_decorator.py took 0.045 seconds
[2024-02-27T15:08:52.276+0000] {processor.py:161} INFO - Started process (PID=499) to work on /home/airflow/.local/lib/python3.11/site-packages/airflow/example_dags/example_short_circuit_decorator.py
[2024-02-27T15:08:52.277+0000] {processor.py:830} INFO - Processing file /home/airflow/.local/lib/python3.11/site-packages/airflow/example_dags/example_short_circuit_decorator.py for tasks to queue
[2024-02-27T15:08:52.278+0000] {logging_mixin.py:188} INFO - [2024-02-27T15:08:52.278+0000] {dagbag.py:540} INFO - Filling up the DagBag from /home/airflow/.local/lib/python3.11/site-packages/airflow/example_dags/example_short_circuit_decorator.py
[2024-02-27T15:08:52.284+0000] {processor.py:840} INFO - DAG(s) 'example_short_circuit_decorator' retrieved from /home/airflow/.local/lib/python3.11/site-packages/airflow/example_dags/example_short_circuit_decorator.py
[2024-02-27T15:08:52.298+0000] {logging_mixin.py:188} INFO - [2024-02-27T15:08:52.298+0000] {dag.py:3047} INFO - Sync 1 DAGs
[2024-02-27T15:08:52.311+0000] {logging_mixin.py:188} INFO - [2024-02-27T15:08:52.311+0000] {dag.py:3834} INFO - Setting next_dagrun for example_short_circuit_decorator to 2024-02-26 00:00:00+00:00, run_after=2024-02-27 00:00:00+00:00
[2024-02-27T15:08:52.324+0000] {processor.py:183} INFO - Processing /home/airflow/.local/lib/python3.11/site-packages/airflow/example_dags/example_short_circuit_decorator.py took 0.050 seconds
[2024-02-27T15:09:22.491+0000] {processor.py:161} INFO - Started process (PID=554) to work on /home/airflow/.local/lib/python3.11/site-packages/airflow/example_dags/example_short_circuit_decorator.py
[2024-02-27T15:09:22.492+0000] {processor.py:830} INFO - Processing file /home/airflow/.local/lib/python3.11/site-packages/airflow/example_dags/example_short_circuit_decorator.py for tasks to queue
[2024-02-27T15:09:22.493+0000] {logging_mixin.py:188} INFO - [2024-02-27T15:09:22.493+0000] {dagbag.py:540} INFO - Filling up the DagBag from /home/airflow/.local/lib/python3.11/site-packages/airflow/example_dags/example_short_circuit_decorator.py
[2024-02-27T15:09:22.499+0000] {processor.py:840} INFO - DAG(s) 'example_short_circuit_decorator' retrieved from /home/airflow/.local/lib/python3.11/site-packages/airflow/example_dags/example_short_circuit_decorator.py
[2024-02-27T15:09:22.512+0000] {logging_mixin.py:188} INFO - [2024-02-27T15:09:22.512+0000] {dag.py:3047} INFO - Sync 1 DAGs
[2024-02-27T15:09:22.525+0000] {logging_mixin.py:188} INFO - [2024-02-27T15:09:22.525+0000] {dag.py:3834} INFO - Setting next_dagrun for example_short_circuit_decorator to 2024-02-26 00:00:00+00:00, run_after=2024-02-27 00:00:00+00:00
[2024-02-27T15:09:22.536+0000] {processor.py:183} INFO - Processing /home/airflow/.local/lib/python3.11/site-packages/airflow/example_dags/example_short_circuit_decorator.py took 0.047 seconds
[2024-02-27T15:09:52.596+0000] {processor.py:161} INFO - Started process (PID=609) to work on /home/airflow/.local/lib/python3.11/site-packages/airflow/example_dags/example_short_circuit_decorator.py
[2024-02-27T15:09:52.597+0000] {processor.py:830} INFO - Processing file /home/airflow/.local/lib/python3.11/site-packages/airflow/example_dags/example_short_circuit_decorator.py for tasks to queue
[2024-02-27T15:09:52.598+0000] {logging_mixin.py:188} INFO - [2024-02-27T15:09:52.598+0000] {dagbag.py:540} INFO - Filling up the DagBag from /home/airflow/.local/lib/python3.11/site-packages/airflow/example_dags/example_short_circuit_decorator.py
[2024-02-27T15:09:52.604+0000] {processor.py:840} INFO - DAG(s) 'example_short_circuit_decorator' retrieved from /home/airflow/.local/lib/python3.11/site-packages/airflow/example_dags/example_short_circuit_decorator.py
[2024-02-27T15:09:52.618+0000] {logging_mixin.py:188} INFO - [2024-02-27T15:09:52.617+0000] {dag.py:3047} INFO - Sync 1 DAGs
[2024-02-27T15:09:52.630+0000] {logging_mixin.py:188} INFO - [2024-02-27T15:09:52.630+0000] {dag.py:3834} INFO - Setting next_dagrun for example_short_circuit_decorator to 2024-02-26 00:00:00+00:00, run_after=2024-02-27 00:00:00+00:00
[2024-02-27T15:09:52.642+0000] {processor.py:183} INFO - Processing /home/airflow/.local/lib/python3.11/site-packages/airflow/example_dags/example_short_circuit_decorator.py took 0.048 seconds
[2024-02-27T15:10:22.737+0000] {processor.py:161} INFO - Started process (PID=664) to work on /home/airflow/.local/lib/python3.11/site-packages/airflow/example_dags/example_short_circuit_decorator.py
[2024-02-27T15:10:22.738+0000] {processor.py:830} INFO - Processing file /home/airflow/.local/lib/python3.11/site-packages/airflow/example_dags/example_short_circuit_decorator.py for tasks to queue
[2024-02-27T15:10:22.739+0000] {logging_mixin.py:188} INFO - [2024-02-27T15:10:22.739+0000] {dagbag.py:540} INFO - Filling up the DagBag from /home/airflow/.local/lib/python3.11/site-packages/airflow/example_dags/example_short_circuit_decorator.py
[2024-02-27T15:10:22.745+0000] {processor.py:840} INFO - DAG(s) 'example_short_circuit_decorator' retrieved from /home/airflow/.local/lib/python3.11/site-packages/airflow/example_dags/example_short_circuit_decorator.py
[2024-02-27T15:10:22.758+0000] {logging_mixin.py:188} INFO - [2024-02-27T15:10:22.757+0000] {dag.py:3047} INFO - Sync 1 DAGs
[2024-02-27T15:10:22.770+0000] {logging_mixin.py:188} INFO - [2024-02-27T15:10:22.770+0000] {dag.py:3834} INFO - Setting next_dagrun for example_short_circuit_decorator to 2024-02-26 00:00:00+00:00, run_after=2024-02-27 00:00:00+00:00
[2024-02-27T15:10:22.781+0000] {processor.py:183} INFO - Processing /home/airflow/.local/lib/python3.11/site-packages/airflow/example_dags/example_short_circuit_decorator.py took 0.046 seconds
[2024-02-27T15:10:52.841+0000] {processor.py:161} INFO - Started process (PID=719) to work on /home/airflow/.local/lib/python3.11/site-packages/airflow/example_dags/example_short_circuit_decorator.py
[2024-02-27T15:10:52.842+0000] {processor.py:830} INFO - Processing file /home/airflow/.local/lib/python3.11/site-packages/airflow/example_dags/example_short_circuit_decorator.py for tasks to queue
[2024-02-27T15:10:52.843+0000] {logging_mixin.py:188} INFO - [2024-02-27T15:10:52.843+0000] {dagbag.py:540} INFO - Filling up the DagBag from /home/airflow/.local/lib/python3.11/site-packages/airflow/example_dags/example_short_circuit_decorator.py
[2024-02-27T15:10:52.849+0000] {processor.py:840} INFO - DAG(s) 'example_short_circuit_decorator' retrieved from /home/airflow/.local/lib/python3.11/site-packages/airflow/example_dags/example_short_circuit_decorator.py
[2024-02-27T15:10:52.861+0000] {logging_mixin.py:188} INFO - [2024-02-27T15:10:52.861+0000] {dag.py:3047} INFO - Sync 1 DAGs
[2024-02-27T15:10:52.875+0000] {logging_mixin.py:188} INFO - [2024-02-27T15:10:52.874+0000] {dag.py:3834} INFO - Setting next_dagrun for example_short_circuit_decorator to 2024-02-26 00:00:00+00:00, run_after=2024-02-27 00:00:00+00:00
[2024-02-27T15:10:52.885+0000] {processor.py:183} INFO - Processing /home/airflow/.local/lib/python3.11/site-packages/airflow/example_dags/example_short_circuit_decorator.py took 0.046 seconds
[2024-02-27T15:11:23.009+0000] {processor.py:161} INFO - Started process (PID=774) to work on /home/airflow/.local/lib/python3.11/site-packages/airflow/example_dags/example_short_circuit_decorator.py
[2024-02-27T15:11:23.010+0000] {processor.py:830} INFO - Processing file /home/airflow/.local/lib/python3.11/site-packages/airflow/example_dags/example_short_circuit_decorator.py for tasks to queue
[2024-02-27T15:11:23.011+0000] {logging_mixin.py:188} INFO - [2024-02-27T15:11:23.011+0000] {dagbag.py:540} INFO - Filling up the DagBag from /home/airflow/.local/lib/python3.11/site-packages/airflow/example_dags/example_short_circuit_decorator.py
[2024-02-27T15:11:23.016+0000] {processor.py:840} INFO - DAG(s) 'example_short_circuit_decorator' retrieved from /home/airflow/.local/lib/python3.11/site-packages/airflow/example_dags/example_short_circuit_decorator.py
[2024-02-27T15:11:23.029+0000] {logging_mixin.py:188} INFO - [2024-02-27T15:11:23.029+0000] {dag.py:3047} INFO - Sync 1 DAGs
[2024-02-27T15:11:23.041+0000] {logging_mixin.py:188} INFO - [2024-02-27T15:11:23.041+0000] {dag.py:3834} INFO - Setting next_dagrun for example_short_circuit_decorator to 2024-02-26 00:00:00+00:00, run_after=2024-02-27 00:00:00+00:00
[2024-02-27T15:11:23.052+0000] {processor.py:183} INFO - Processing /home/airflow/.local/lib/python3.11/site-packages/airflow/example_dags/example_short_circuit_decorator.py took 0.045 seconds
[2024-02-27T15:11:53.093+0000] {processor.py:161} INFO - Started process (PID=830) to work on /home/airflow/.local/lib/python3.11/site-packages/airflow/example_dags/example_short_circuit_decorator.py
[2024-02-27T15:11:53.093+0000] {processor.py:830} INFO - Processing file /home/airflow/.local/lib/python3.11/site-packages/airflow/example_dags/example_short_circuit_decorator.py for tasks to queue
[2024-02-27T15:11:53.095+0000] {logging_mixin.py:188} INFO - [2024-02-27T15:11:53.094+0000] {dagbag.py:540} INFO - Filling up the DagBag from /home/airflow/.local/lib/python3.11/site-packages/airflow/example_dags/example_short_circuit_decorator.py
[2024-02-27T15:11:53.100+0000] {processor.py:840} INFO - DAG(s) 'example_short_circuit_decorator' retrieved from /home/airflow/.local/lib/python3.11/site-packages/airflow/example_dags/example_short_circuit_decorator.py
[2024-02-27T15:11:53.112+0000] {logging_mixin.py:188} INFO - [2024-02-27T15:11:53.112+0000] {dag.py:3047} INFO - Sync 1 DAGs
[2024-02-27T15:11:53.124+0000] {logging_mixin.py:188} INFO - [2024-02-27T15:11:53.124+0000] {dag.py:3834} INFO - Setting next_dagrun for example_short_circuit_decorator to 2024-02-26 00:00:00+00:00, run_after=2024-02-27 00:00:00+00:00
[2024-02-27T15:11:53.134+0000] {processor.py:183} INFO - Processing /home/airflow/.local/lib/python3.11/site-packages/airflow/example_dags/example_short_circuit_decorator.py took 0.043 seconds
[2024-02-27T15:12:23.298+0000] {processor.py:161} INFO - Started process (PID=885) to work on /home/airflow/.local/lib/python3.11/site-packages/airflow/example_dags/example_short_circuit_decorator.py
[2024-02-27T15:12:23.299+0000] {processor.py:830} INFO - Processing file /home/airflow/.local/lib/python3.11/site-packages/airflow/example_dags/example_short_circuit_decorator.py for tasks to queue
[2024-02-27T15:12:23.300+0000] {logging_mixin.py:188} INFO - [2024-02-27T15:12:23.300+0000] {dagbag.py:540} INFO - Filling up the DagBag from /home/airflow/.local/lib/python3.11/site-packages/airflow/example_dags/example_short_circuit_decorator.py
[2024-02-27T15:12:23.306+0000] {processor.py:840} INFO - DAG(s) 'example_short_circuit_decorator' retrieved from /home/airflow/.local/lib/python3.11/site-packages/airflow/example_dags/example_short_circuit_decorator.py
[2024-02-27T15:12:23.319+0000] {logging_mixin.py:188} INFO - [2024-02-27T15:12:23.319+0000] {dag.py:3047} INFO - Sync 1 DAGs
[2024-02-27T15:12:23.332+0000] {logging_mixin.py:188} INFO - [2024-02-27T15:12:23.332+0000] {dag.py:3834} INFO - Setting next_dagrun for example_short_circuit_decorator to 2024-02-26 00:00:00+00:00, run_after=2024-02-27 00:00:00+00:00
[2024-02-27T15:12:23.344+0000] {processor.py:183} INFO - Processing /home/airflow/.local/lib/python3.11/site-packages/airflow/example_dags/example_short_circuit_decorator.py took 0.047 seconds
[2024-02-27T15:12:53.515+0000] {processor.py:161} INFO - Started process (PID=940) to work on /home/airflow/.local/lib/python3.11/site-packages/airflow/example_dags/example_short_circuit_decorator.py
[2024-02-27T15:12:53.516+0000] {processor.py:830} INFO - Processing file /home/airflow/.local/lib/python3.11/site-packages/airflow/example_dags/example_short_circuit_decorator.py for tasks to queue
[2024-02-27T15:12:53.517+0000] {logging_mixin.py:188} INFO - [2024-02-27T15:12:53.517+0000] {dagbag.py:540} INFO - Filling up the DagBag from /home/airflow/.local/lib/python3.11/site-packages/airflow/example_dags/example_short_circuit_decorator.py
[2024-02-27T15:12:53.523+0000] {processor.py:840} INFO - DAG(s) 'example_short_circuit_decorator' retrieved from /home/airflow/.local/lib/python3.11/site-packages/airflow/example_dags/example_short_circuit_decorator.py
[2024-02-27T15:12:53.536+0000] {logging_mixin.py:188} INFO - [2024-02-27T15:12:53.536+0000] {dag.py:3047} INFO - Sync 1 DAGs
[2024-02-27T15:12:53.549+0000] {logging_mixin.py:188} INFO - [2024-02-27T15:12:53.549+0000] {dag.py:3834} INFO - Setting next_dagrun for example_short_circuit_decorator to 2024-02-26 00:00:00+00:00, run_after=2024-02-27 00:00:00+00:00
[2024-02-27T15:12:53.562+0000] {processor.py:183} INFO - Processing /home/airflow/.local/lib/python3.11/site-packages/airflow/example_dags/example_short_circuit_decorator.py took 0.049 seconds
[2024-02-27T15:20:39.100+0000] {processor.py:161} INFO - Started process (PID=59) to work on /home/airflow/.local/lib/python3.11/site-packages/airflow/example_dags/example_short_circuit_decorator.py
[2024-02-27T15:20:39.101+0000] {processor.py:830} INFO - Processing file /home/airflow/.local/lib/python3.11/site-packages/airflow/example_dags/example_short_circuit_decorator.py for tasks to queue
[2024-02-27T15:20:39.104+0000] {logging_mixin.py:188} INFO - [2024-02-27T15:20:39.103+0000] {dagbag.py:540} INFO - Filling up the DagBag from /home/airflow/.local/lib/python3.11/site-packages/airflow/example_dags/example_short_circuit_decorator.py
[2024-02-27T15:20:39.114+0000] {processor.py:840} INFO - DAG(s) 'example_short_circuit_decorator' retrieved from /home/airflow/.local/lib/python3.11/site-packages/airflow/example_dags/example_short_circuit_decorator.py
[2024-02-27T15:20:39.137+0000] {logging_mixin.py:188} INFO - [2024-02-27T15:20:39.137+0000] {dag.py:3047} INFO - Sync 1 DAGs
[2024-02-27T15:20:39.163+0000] {logging_mixin.py:188} INFO - [2024-02-27T15:20:39.163+0000] {dag.py:3834} INFO - Setting next_dagrun for example_short_circuit_decorator to 2024-02-26 00:00:00+00:00, run_after=2024-02-27 00:00:00+00:00
[2024-02-27T15:20:39.191+0000] {processor.py:183} INFO - Processing /home/airflow/.local/lib/python3.11/site-packages/airflow/example_dags/example_short_circuit_decorator.py took 0.093 seconds
[2024-02-27T15:21:10.032+0000] {processor.py:161} INFO - Started process (PID=114) to work on /home/airflow/.local/lib/python3.11/site-packages/airflow/example_dags/example_short_circuit_decorator.py
[2024-02-27T15:21:10.032+0000] {processor.py:830} INFO - Processing file /home/airflow/.local/lib/python3.11/site-packages/airflow/example_dags/example_short_circuit_decorator.py for tasks to queue
[2024-02-27T15:21:10.034+0000] {logging_mixin.py:188} INFO - [2024-02-27T15:21:10.033+0000] {dagbag.py:540} INFO - Filling up the DagBag from /home/airflow/.local/lib/python3.11/site-packages/airflow/example_dags/example_short_circuit_decorator.py
[2024-02-27T15:21:10.039+0000] {processor.py:840} INFO - DAG(s) 'example_short_circuit_decorator' retrieved from /home/airflow/.local/lib/python3.11/site-packages/airflow/example_dags/example_short_circuit_decorator.py
[2024-02-27T15:21:10.124+0000] {logging_mixin.py:188} INFO - [2024-02-27T15:21:10.124+0000] {dag.py:3047} INFO - Sync 1 DAGs
[2024-02-27T15:21:10.145+0000] {logging_mixin.py:188} INFO - [2024-02-27T15:21:10.145+0000] {dag.py:3834} INFO - Setting next_dagrun for example_short_circuit_decorator to 2024-02-26 00:00:00+00:00, run_after=2024-02-27 00:00:00+00:00
[2024-02-27T15:21:10.170+0000] {processor.py:183} INFO - Processing /home/airflow/.local/lib/python3.11/site-packages/airflow/example_dags/example_short_circuit_decorator.py took 0.140 seconds
