[2024-02-27T15:04:48.602+0000] {processor.py:161} INFO - Started process (PID=47) to work on /home/airflow/.local/lib/python3.11/site-packages/airflow/example_dags/example_task_group_decorator.py
[2024-02-27T15:04:48.603+0000] {processor.py:830} INFO - Processing file /home/airflow/.local/lib/python3.11/site-packages/airflow/example_dags/example_task_group_decorator.py for tasks to queue
[2024-02-27T15:04:48.606+0000] {logging_mixin.py:188} INFO - [2024-02-27T15:04:48.605+0000] {dagbag.py:540} INFO - Filling up the DagBag from /home/airflow/.local/lib/python3.11/site-packages/airflow/example_dags/example_task_group_decorator.py
[2024-02-27T15:04:48.619+0000] {processor.py:840} INFO - DAG(s) 'example_task_group_decorator' retrieved from /home/airflow/.local/lib/python3.11/site-packages/airflow/example_dags/example_task_group_decorator.py
[2024-02-27T15:04:48.626+0000] {logging_mixin.py:188} INFO - [2024-02-27T15:04:48.626+0000] {dag.py:3047} INFO - Sync 1 DAGs
[2024-02-27T15:04:48.639+0000] {logging_mixin.py:188} INFO - [2024-02-27T15:04:48.639+0000] {dag.py:3834} INFO - Setting next_dagrun for example_task_group_decorator to 2024-02-26 00:00:00+00:00, run_after=2024-02-27 00:00:00+00:00
[2024-02-27T15:04:48.650+0000] {processor.py:183} INFO - Processing /home/airflow/.local/lib/python3.11/site-packages/airflow/example_dags/example_task_group_decorator.py took 0.050 seconds
[2024-02-27T15:05:18.841+0000] {processor.py:161} INFO - Started process (PID=102) to work on /home/airflow/.local/lib/python3.11/site-packages/airflow/example_dags/example_task_group_decorator.py
[2024-02-27T15:05:18.842+0000] {processor.py:830} INFO - Processing file /home/airflow/.local/lib/python3.11/site-packages/airflow/example_dags/example_task_group_decorator.py for tasks to queue
[2024-02-27T15:05:18.843+0000] {logging_mixin.py:188} INFO - [2024-02-27T15:05:18.843+0000] {dagbag.py:540} INFO - Filling up the DagBag from /home/airflow/.local/lib/python3.11/site-packages/airflow/example_dags/example_task_group_decorator.py
[2024-02-27T15:05:18.852+0000] {processor.py:840} INFO - DAG(s) 'example_task_group_decorator' retrieved from /home/airflow/.local/lib/python3.11/site-packages/airflow/example_dags/example_task_group_decorator.py
[2024-02-27T15:05:18.907+0000] {logging_mixin.py:188} INFO - [2024-02-27T15:05:18.907+0000] {dag.py:3047} INFO - Sync 1 DAGs
[2024-02-27T15:05:18.918+0000] {logging_mixin.py:188} INFO - [2024-02-27T15:05:18.918+0000] {dag.py:3834} INFO - Setting next_dagrun for example_task_group_decorator to 2024-02-26 00:00:00+00:00, run_after=2024-02-27 00:00:00+00:00
[2024-02-27T15:05:18.930+0000] {processor.py:183} INFO - Processing /home/airflow/.local/lib/python3.11/site-packages/airflow/example_dags/example_task_group_decorator.py took 0.091 seconds
[2024-02-27T15:05:49.497+0000] {processor.py:161} INFO - Started process (PID=157) to work on /home/airflow/.local/lib/python3.11/site-packages/airflow/example_dags/example_task_group_decorator.py
[2024-02-27T15:05:49.498+0000] {processor.py:830} INFO - Processing file /home/airflow/.local/lib/python3.11/site-packages/airflow/example_dags/example_task_group_decorator.py for tasks to queue
[2024-02-27T15:05:49.499+0000] {logging_mixin.py:188} INFO - [2024-02-27T15:05:49.499+0000] {dagbag.py:540} INFO - Filling up the DagBag from /home/airflow/.local/lib/python3.11/site-packages/airflow/example_dags/example_task_group_decorator.py
[2024-02-27T15:05:49.508+0000] {processor.py:840} INFO - DAG(s) 'example_task_group_decorator' retrieved from /home/airflow/.local/lib/python3.11/site-packages/airflow/example_dags/example_task_group_decorator.py
[2024-02-27T15:05:49.521+0000] {logging_mixin.py:188} INFO - [2024-02-27T15:05:49.521+0000] {dag.py:3047} INFO - Sync 1 DAGs
[2024-02-27T15:05:49.533+0000] {logging_mixin.py:188} INFO - [2024-02-27T15:05:49.533+0000] {dag.py:3834} INFO - Setting next_dagrun for example_task_group_decorator to 2024-02-26 00:00:00+00:00, run_after=2024-02-27 00:00:00+00:00
[2024-02-27T15:05:49.546+0000] {processor.py:183} INFO - Processing /home/airflow/.local/lib/python3.11/site-packages/airflow/example_dags/example_task_group_decorator.py took 0.051 seconds
[2024-02-27T15:06:20.221+0000] {processor.py:161} INFO - Started process (PID=212) to work on /home/airflow/.local/lib/python3.11/site-packages/airflow/example_dags/example_task_group_decorator.py
[2024-02-27T15:06:20.222+0000] {processor.py:830} INFO - Processing file /home/airflow/.local/lib/python3.11/site-packages/airflow/example_dags/example_task_group_decorator.py for tasks to queue
[2024-02-27T15:06:20.223+0000] {logging_mixin.py:188} INFO - [2024-02-27T15:06:20.223+0000] {dagbag.py:540} INFO - Filling up the DagBag from /home/airflow/.local/lib/python3.11/site-packages/airflow/example_dags/example_task_group_decorator.py
[2024-02-27T15:06:20.232+0000] {processor.py:840} INFO - DAG(s) 'example_task_group_decorator' retrieved from /home/airflow/.local/lib/python3.11/site-packages/airflow/example_dags/example_task_group_decorator.py
[2024-02-27T15:06:20.245+0000] {logging_mixin.py:188} INFO - [2024-02-27T15:06:20.245+0000] {dag.py:3047} INFO - Sync 1 DAGs
[2024-02-27T15:06:20.256+0000] {logging_mixin.py:188} INFO - [2024-02-27T15:06:20.256+0000] {dag.py:3834} INFO - Setting next_dagrun for example_task_group_decorator to 2024-02-26 00:00:00+00:00, run_after=2024-02-27 00:00:00+00:00
[2024-02-27T15:06:20.267+0000] {processor.py:183} INFO - Processing /home/airflow/.local/lib/python3.11/site-packages/airflow/example_dags/example_task_group_decorator.py took 0.048 seconds
[2024-02-27T15:06:51.175+0000] {processor.py:161} INFO - Started process (PID=267) to work on /home/airflow/.local/lib/python3.11/site-packages/airflow/example_dags/example_task_group_decorator.py
[2024-02-27T15:06:51.176+0000] {processor.py:830} INFO - Processing file /home/airflow/.local/lib/python3.11/site-packages/airflow/example_dags/example_task_group_decorator.py for tasks to queue
[2024-02-27T15:06:51.177+0000] {logging_mixin.py:188} INFO - [2024-02-27T15:06:51.177+0000] {dagbag.py:540} INFO - Filling up the DagBag from /home/airflow/.local/lib/python3.11/site-packages/airflow/example_dags/example_task_group_decorator.py
[2024-02-27T15:06:51.186+0000] {processor.py:840} INFO - DAG(s) 'example_task_group_decorator' retrieved from /home/airflow/.local/lib/python3.11/site-packages/airflow/example_dags/example_task_group_decorator.py
[2024-02-27T15:06:51.199+0000] {logging_mixin.py:188} INFO - [2024-02-27T15:06:51.199+0000] {dag.py:3047} INFO - Sync 1 DAGs
[2024-02-27T15:06:51.211+0000] {logging_mixin.py:188} INFO - [2024-02-27T15:06:51.211+0000] {dag.py:3834} INFO - Setting next_dagrun for example_task_group_decorator to 2024-02-26 00:00:00+00:00, run_after=2024-02-27 00:00:00+00:00
[2024-02-27T15:06:51.222+0000] {processor.py:183} INFO - Processing /home/airflow/.local/lib/python3.11/site-packages/airflow/example_dags/example_task_group_decorator.py took 0.049 seconds
[2024-02-27T15:07:21.310+0000] {processor.py:161} INFO - Started process (PID=322) to work on /home/airflow/.local/lib/python3.11/site-packages/airflow/example_dags/example_task_group_decorator.py
[2024-02-27T15:07:21.311+0000] {processor.py:830} INFO - Processing file /home/airflow/.local/lib/python3.11/site-packages/airflow/example_dags/example_task_group_decorator.py for tasks to queue
[2024-02-27T15:07:21.313+0000] {logging_mixin.py:188} INFO - [2024-02-27T15:07:21.313+0000] {dagbag.py:540} INFO - Filling up the DagBag from /home/airflow/.local/lib/python3.11/site-packages/airflow/example_dags/example_task_group_decorator.py
[2024-02-27T15:07:21.322+0000] {processor.py:840} INFO - DAG(s) 'example_task_group_decorator' retrieved from /home/airflow/.local/lib/python3.11/site-packages/airflow/example_dags/example_task_group_decorator.py
[2024-02-27T15:07:21.335+0000] {logging_mixin.py:188} INFO - [2024-02-27T15:07:21.335+0000] {dag.py:3047} INFO - Sync 1 DAGs
[2024-02-27T15:07:21.347+0000] {logging_mixin.py:188} INFO - [2024-02-27T15:07:21.347+0000] {dag.py:3834} INFO - Setting next_dagrun for example_task_group_decorator to 2024-02-26 00:00:00+00:00, run_after=2024-02-27 00:00:00+00:00
[2024-02-27T15:07:21.358+0000] {processor.py:183} INFO - Processing /home/airflow/.local/lib/python3.11/site-packages/airflow/example_dags/example_task_group_decorator.py took 0.050 seconds
[2024-02-27T15:07:51.442+0000] {processor.py:161} INFO - Started process (PID=377) to work on /home/airflow/.local/lib/python3.11/site-packages/airflow/example_dags/example_task_group_decorator.py
[2024-02-27T15:07:51.442+0000] {processor.py:830} INFO - Processing file /home/airflow/.local/lib/python3.11/site-packages/airflow/example_dags/example_task_group_decorator.py for tasks to queue
[2024-02-27T15:07:51.444+0000] {logging_mixin.py:188} INFO - [2024-02-27T15:07:51.443+0000] {dagbag.py:540} INFO - Filling up the DagBag from /home/airflow/.local/lib/python3.11/site-packages/airflow/example_dags/example_task_group_decorator.py
[2024-02-27T15:07:51.451+0000] {processor.py:840} INFO - DAG(s) 'example_task_group_decorator' retrieved from /home/airflow/.local/lib/python3.11/site-packages/airflow/example_dags/example_task_group_decorator.py
[2024-02-27T15:07:51.464+0000] {logging_mixin.py:188} INFO - [2024-02-27T15:07:51.464+0000] {dag.py:3047} INFO - Sync 1 DAGs
[2024-02-27T15:07:51.476+0000] {logging_mixin.py:188} INFO - [2024-02-27T15:07:51.476+0000] {dag.py:3834} INFO - Setting next_dagrun for example_task_group_decorator to 2024-02-26 00:00:00+00:00, run_after=2024-02-27 00:00:00+00:00
[2024-02-27T15:07:51.487+0000] {processor.py:183} INFO - Processing /home/airflow/.local/lib/python3.11/site-packages/airflow/example_dags/example_task_group_decorator.py took 0.047 seconds
[2024-02-27T15:08:21.551+0000] {processor.py:161} INFO - Started process (PID=432) to work on /home/airflow/.local/lib/python3.11/site-packages/airflow/example_dags/example_task_group_decorator.py
[2024-02-27T15:08:21.552+0000] {processor.py:830} INFO - Processing file /home/airflow/.local/lib/python3.11/site-packages/airflow/example_dags/example_task_group_decorator.py for tasks to queue
[2024-02-27T15:08:21.553+0000] {logging_mixin.py:188} INFO - [2024-02-27T15:08:21.553+0000] {dagbag.py:540} INFO - Filling up the DagBag from /home/airflow/.local/lib/python3.11/site-packages/airflow/example_dags/example_task_group_decorator.py
[2024-02-27T15:08:21.561+0000] {processor.py:840} INFO - DAG(s) 'example_task_group_decorator' retrieved from /home/airflow/.local/lib/python3.11/site-packages/airflow/example_dags/example_task_group_decorator.py
[2024-02-27T15:08:21.574+0000] {logging_mixin.py:188} INFO - [2024-02-27T15:08:21.574+0000] {dag.py:3047} INFO - Sync 1 DAGs
[2024-02-27T15:08:21.587+0000] {logging_mixin.py:188} INFO - [2024-02-27T15:08:21.587+0000] {dag.py:3834} INFO - Setting next_dagrun for example_task_group_decorator to 2024-02-26 00:00:00+00:00, run_after=2024-02-27 00:00:00+00:00
[2024-02-27T15:08:21.597+0000] {processor.py:183} INFO - Processing /home/airflow/.local/lib/python3.11/site-packages/airflow/example_dags/example_task_group_decorator.py took 0.048 seconds
[2024-02-27T15:08:51.693+0000] {processor.py:161} INFO - Started process (PID=487) to work on /home/airflow/.local/lib/python3.11/site-packages/airflow/example_dags/example_task_group_decorator.py
[2024-02-27T15:08:51.694+0000] {processor.py:830} INFO - Processing file /home/airflow/.local/lib/python3.11/site-packages/airflow/example_dags/example_task_group_decorator.py for tasks to queue
[2024-02-27T15:08:51.696+0000] {logging_mixin.py:188} INFO - [2024-02-27T15:08:51.696+0000] {dagbag.py:540} INFO - Filling up the DagBag from /home/airflow/.local/lib/python3.11/site-packages/airflow/example_dags/example_task_group_decorator.py
[2024-02-27T15:08:51.705+0000] {processor.py:840} INFO - DAG(s) 'example_task_group_decorator' retrieved from /home/airflow/.local/lib/python3.11/site-packages/airflow/example_dags/example_task_group_decorator.py
[2024-02-27T15:08:51.719+0000] {logging_mixin.py:188} INFO - [2024-02-27T15:08:51.719+0000] {dag.py:3047} INFO - Sync 1 DAGs
[2024-02-27T15:08:51.731+0000] {logging_mixin.py:188} INFO - [2024-02-27T15:08:51.731+0000] {dag.py:3834} INFO - Setting next_dagrun for example_task_group_decorator to 2024-02-26 00:00:00+00:00, run_after=2024-02-27 00:00:00+00:00
[2024-02-27T15:08:51.741+0000] {processor.py:183} INFO - Processing /home/airflow/.local/lib/python3.11/site-packages/airflow/example_dags/example_task_group_decorator.py took 0.050 seconds
[2024-02-27T15:09:21.967+0000] {processor.py:161} INFO - Started process (PID=542) to work on /home/airflow/.local/lib/python3.11/site-packages/airflow/example_dags/example_task_group_decorator.py
[2024-02-27T15:09:21.968+0000] {processor.py:830} INFO - Processing file /home/airflow/.local/lib/python3.11/site-packages/airflow/example_dags/example_task_group_decorator.py for tasks to queue
[2024-02-27T15:09:21.969+0000] {logging_mixin.py:188} INFO - [2024-02-27T15:09:21.969+0000] {dagbag.py:540} INFO - Filling up the DagBag from /home/airflow/.local/lib/python3.11/site-packages/airflow/example_dags/example_task_group_decorator.py
[2024-02-27T15:09:21.978+0000] {processor.py:840} INFO - DAG(s) 'example_task_group_decorator' retrieved from /home/airflow/.local/lib/python3.11/site-packages/airflow/example_dags/example_task_group_decorator.py
[2024-02-27T15:09:21.991+0000] {logging_mixin.py:188} INFO - [2024-02-27T15:09:21.991+0000] {dag.py:3047} INFO - Sync 1 DAGs
[2024-02-27T15:09:22.003+0000] {logging_mixin.py:188} INFO - [2024-02-27T15:09:22.002+0000] {dag.py:3834} INFO - Setting next_dagrun for example_task_group_decorator to 2024-02-26 00:00:00+00:00, run_after=2024-02-27 00:00:00+00:00
[2024-02-27T15:09:22.014+0000] {processor.py:183} INFO - Processing /home/airflow/.local/lib/python3.11/site-packages/airflow/example_dags/example_task_group_decorator.py took 0.049 seconds
[2024-02-27T15:09:52.078+0000] {processor.py:161} INFO - Started process (PID=597) to work on /home/airflow/.local/lib/python3.11/site-packages/airflow/example_dags/example_task_group_decorator.py
[2024-02-27T15:09:52.079+0000] {processor.py:830} INFO - Processing file /home/airflow/.local/lib/python3.11/site-packages/airflow/example_dags/example_task_group_decorator.py for tasks to queue
[2024-02-27T15:09:52.080+0000] {logging_mixin.py:188} INFO - [2024-02-27T15:09:52.080+0000] {dagbag.py:540} INFO - Filling up the DagBag from /home/airflow/.local/lib/python3.11/site-packages/airflow/example_dags/example_task_group_decorator.py
[2024-02-27T15:09:52.089+0000] {processor.py:840} INFO - DAG(s) 'example_task_group_decorator' retrieved from /home/airflow/.local/lib/python3.11/site-packages/airflow/example_dags/example_task_group_decorator.py
[2024-02-27T15:09:52.102+0000] {logging_mixin.py:188} INFO - [2024-02-27T15:09:52.102+0000] {dag.py:3047} INFO - Sync 1 DAGs
[2024-02-27T15:09:52.116+0000] {logging_mixin.py:188} INFO - [2024-02-27T15:09:52.116+0000] {dag.py:3834} INFO - Setting next_dagrun for example_task_group_decorator to 2024-02-26 00:00:00+00:00, run_after=2024-02-27 00:00:00+00:00
[2024-02-27T15:09:52.128+0000] {processor.py:183} INFO - Processing /home/airflow/.local/lib/python3.11/site-packages/airflow/example_dags/example_task_group_decorator.py took 0.052 seconds
[2024-02-27T15:10:22.233+0000] {processor.py:161} INFO - Started process (PID=652) to work on /home/airflow/.local/lib/python3.11/site-packages/airflow/example_dags/example_task_group_decorator.py
[2024-02-27T15:10:22.234+0000] {processor.py:830} INFO - Processing file /home/airflow/.local/lib/python3.11/site-packages/airflow/example_dags/example_task_group_decorator.py for tasks to queue
[2024-02-27T15:10:22.235+0000] {logging_mixin.py:188} INFO - [2024-02-27T15:10:22.235+0000] {dagbag.py:540} INFO - Filling up the DagBag from /home/airflow/.local/lib/python3.11/site-packages/airflow/example_dags/example_task_group_decorator.py
[2024-02-27T15:10:22.244+0000] {processor.py:840} INFO - DAG(s) 'example_task_group_decorator' retrieved from /home/airflow/.local/lib/python3.11/site-packages/airflow/example_dags/example_task_group_decorator.py
[2024-02-27T15:10:22.259+0000] {logging_mixin.py:188} INFO - [2024-02-27T15:10:22.259+0000] {dag.py:3047} INFO - Sync 1 DAGs
[2024-02-27T15:10:22.275+0000] {logging_mixin.py:188} INFO - [2024-02-27T15:10:22.275+0000] {dag.py:3834} INFO - Setting next_dagrun for example_task_group_decorator to 2024-02-26 00:00:00+00:00, run_after=2024-02-27 00:00:00+00:00
[2024-02-27T15:10:22.289+0000] {processor.py:183} INFO - Processing /home/airflow/.local/lib/python3.11/site-packages/airflow/example_dags/example_task_group_decorator.py took 0.058 seconds
[2024-02-27T15:10:52.347+0000] {processor.py:161} INFO - Started process (PID=707) to work on /home/airflow/.local/lib/python3.11/site-packages/airflow/example_dags/example_task_group_decorator.py
[2024-02-27T15:10:52.348+0000] {processor.py:830} INFO - Processing file /home/airflow/.local/lib/python3.11/site-packages/airflow/example_dags/example_task_group_decorator.py for tasks to queue
[2024-02-27T15:10:52.350+0000] {logging_mixin.py:188} INFO - [2024-02-27T15:10:52.349+0000] {dagbag.py:540} INFO - Filling up the DagBag from /home/airflow/.local/lib/python3.11/site-packages/airflow/example_dags/example_task_group_decorator.py
[2024-02-27T15:10:52.360+0000] {processor.py:840} INFO - DAG(s) 'example_task_group_decorator' retrieved from /home/airflow/.local/lib/python3.11/site-packages/airflow/example_dags/example_task_group_decorator.py
[2024-02-27T15:10:52.374+0000] {logging_mixin.py:188} INFO - [2024-02-27T15:10:52.374+0000] {dag.py:3047} INFO - Sync 1 DAGs
[2024-02-27T15:10:52.388+0000] {logging_mixin.py:188} INFO - [2024-02-27T15:10:52.388+0000] {dag.py:3834} INFO - Setting next_dagrun for example_task_group_decorator to 2024-02-26 00:00:00+00:00, run_after=2024-02-27 00:00:00+00:00
[2024-02-27T15:10:52.401+0000] {processor.py:183} INFO - Processing /home/airflow/.local/lib/python3.11/site-packages/airflow/example_dags/example_task_group_decorator.py took 0.056 seconds
[2024-02-27T15:11:22.539+0000] {processor.py:161} INFO - Started process (PID=762) to work on /home/airflow/.local/lib/python3.11/site-packages/airflow/example_dags/example_task_group_decorator.py
[2024-02-27T15:11:22.540+0000] {processor.py:830} INFO - Processing file /home/airflow/.local/lib/python3.11/site-packages/airflow/example_dags/example_task_group_decorator.py for tasks to queue
[2024-02-27T15:11:22.541+0000] {logging_mixin.py:188} INFO - [2024-02-27T15:11:22.541+0000] {dagbag.py:540} INFO - Filling up the DagBag from /home/airflow/.local/lib/python3.11/site-packages/airflow/example_dags/example_task_group_decorator.py
[2024-02-27T15:11:22.550+0000] {processor.py:840} INFO - DAG(s) 'example_task_group_decorator' retrieved from /home/airflow/.local/lib/python3.11/site-packages/airflow/example_dags/example_task_group_decorator.py
[2024-02-27T15:11:22.563+0000] {logging_mixin.py:188} INFO - [2024-02-27T15:11:22.563+0000] {dag.py:3047} INFO - Sync 1 DAGs
[2024-02-27T15:11:22.575+0000] {logging_mixin.py:188} INFO - [2024-02-27T15:11:22.575+0000] {dag.py:3834} INFO - Setting next_dagrun for example_task_group_decorator to 2024-02-26 00:00:00+00:00, run_after=2024-02-27 00:00:00+00:00
[2024-02-27T15:11:22.585+0000] {processor.py:183} INFO - Processing /home/airflow/.local/lib/python3.11/site-packages/airflow/example_dags/example_task_group_decorator.py took 0.048 seconds
[2024-02-27T15:11:52.689+0000] {processor.py:161} INFO - Started process (PID=818) to work on /home/airflow/.local/lib/python3.11/site-packages/airflow/example_dags/example_task_group_decorator.py
[2024-02-27T15:11:52.689+0000] {processor.py:830} INFO - Processing file /home/airflow/.local/lib/python3.11/site-packages/airflow/example_dags/example_task_group_decorator.py for tasks to queue
[2024-02-27T15:11:52.690+0000] {logging_mixin.py:188} INFO - [2024-02-27T15:11:52.690+0000] {dagbag.py:540} INFO - Filling up the DagBag from /home/airflow/.local/lib/python3.11/site-packages/airflow/example_dags/example_task_group_decorator.py
[2024-02-27T15:11:52.699+0000] {processor.py:840} INFO - DAG(s) 'example_task_group_decorator' retrieved from /home/airflow/.local/lib/python3.11/site-packages/airflow/example_dags/example_task_group_decorator.py
[2024-02-27T15:11:52.712+0000] {logging_mixin.py:188} INFO - [2024-02-27T15:11:52.712+0000] {dag.py:3047} INFO - Sync 1 DAGs
[2024-02-27T15:11:52.724+0000] {logging_mixin.py:188} INFO - [2024-02-27T15:11:52.724+0000] {dag.py:3834} INFO - Setting next_dagrun for example_task_group_decorator to 2024-02-26 00:00:00+00:00, run_after=2024-02-27 00:00:00+00:00
[2024-02-27T15:11:52.735+0000] {processor.py:183} INFO - Processing /home/airflow/.local/lib/python3.11/site-packages/airflow/example_dags/example_task_group_decorator.py took 0.049 seconds
[2024-02-27T15:12:22.819+0000] {processor.py:161} INFO - Started process (PID=873) to work on /home/airflow/.local/lib/python3.11/site-packages/airflow/example_dags/example_task_group_decorator.py
[2024-02-27T15:12:22.820+0000] {processor.py:830} INFO - Processing file /home/airflow/.local/lib/python3.11/site-packages/airflow/example_dags/example_task_group_decorator.py for tasks to queue
[2024-02-27T15:12:22.821+0000] {logging_mixin.py:188} INFO - [2024-02-27T15:12:22.821+0000] {dagbag.py:540} INFO - Filling up the DagBag from /home/airflow/.local/lib/python3.11/site-packages/airflow/example_dags/example_task_group_decorator.py
[2024-02-27T15:12:22.830+0000] {processor.py:840} INFO - DAG(s) 'example_task_group_decorator' retrieved from /home/airflow/.local/lib/python3.11/site-packages/airflow/example_dags/example_task_group_decorator.py
[2024-02-27T15:12:22.844+0000] {logging_mixin.py:188} INFO - [2024-02-27T15:12:22.844+0000] {dag.py:3047} INFO - Sync 1 DAGs
[2024-02-27T15:12:22.857+0000] {logging_mixin.py:188} INFO - [2024-02-27T15:12:22.856+0000] {dag.py:3834} INFO - Setting next_dagrun for example_task_group_decorator to 2024-02-26 00:00:00+00:00, run_after=2024-02-27 00:00:00+00:00
[2024-02-27T15:12:22.868+0000] {processor.py:183} INFO - Processing /home/airflow/.local/lib/python3.11/site-packages/airflow/example_dags/example_task_group_decorator.py took 0.050 seconds
[2024-02-27T15:12:52.908+0000] {processor.py:161} INFO - Started process (PID=928) to work on /home/airflow/.local/lib/python3.11/site-packages/airflow/example_dags/example_task_group_decorator.py
[2024-02-27T15:12:52.909+0000] {processor.py:830} INFO - Processing file /home/airflow/.local/lib/python3.11/site-packages/airflow/example_dags/example_task_group_decorator.py for tasks to queue
[2024-02-27T15:12:52.911+0000] {logging_mixin.py:188} INFO - [2024-02-27T15:12:52.910+0000] {dagbag.py:540} INFO - Filling up the DagBag from /home/airflow/.local/lib/python3.11/site-packages/airflow/example_dags/example_task_group_decorator.py
[2024-02-27T15:12:52.921+0000] {processor.py:840} INFO - DAG(s) 'example_task_group_decorator' retrieved from /home/airflow/.local/lib/python3.11/site-packages/airflow/example_dags/example_task_group_decorator.py
[2024-02-27T15:12:52.937+0000] {logging_mixin.py:188} INFO - [2024-02-27T15:12:52.937+0000] {dag.py:3047} INFO - Sync 1 DAGs
[2024-02-27T15:12:52.950+0000] {logging_mixin.py:188} INFO - [2024-02-27T15:12:52.950+0000] {dag.py:3834} INFO - Setting next_dagrun for example_task_group_decorator to 2024-02-26 00:00:00+00:00, run_after=2024-02-27 00:00:00+00:00
[2024-02-27T15:12:52.961+0000] {processor.py:183} INFO - Processing /home/airflow/.local/lib/python3.11/site-packages/airflow/example_dags/example_task_group_decorator.py took 0.055 seconds
[2024-02-27T15:20:38.480+0000] {processor.py:161} INFO - Started process (PID=47) to work on /home/airflow/.local/lib/python3.11/site-packages/airflow/example_dags/example_task_group_decorator.py
[2024-02-27T15:20:38.480+0000] {processor.py:830} INFO - Processing file /home/airflow/.local/lib/python3.11/site-packages/airflow/example_dags/example_task_group_decorator.py for tasks to queue
[2024-02-27T15:20:38.482+0000] {logging_mixin.py:188} INFO - [2024-02-27T15:20:38.481+0000] {dagbag.py:540} INFO - Filling up the DagBag from /home/airflow/.local/lib/python3.11/site-packages/airflow/example_dags/example_task_group_decorator.py
[2024-02-27T15:20:38.497+0000] {processor.py:840} INFO - DAG(s) 'example_task_group_decorator' retrieved from /home/airflow/.local/lib/python3.11/site-packages/airflow/example_dags/example_task_group_decorator.py
[2024-02-27T15:20:38.519+0000] {logging_mixin.py:188} INFO - [2024-02-27T15:20:38.519+0000] {dag.py:3047} INFO - Sync 1 DAGs
[2024-02-27T15:20:38.540+0000] {logging_mixin.py:188} INFO - [2024-02-27T15:20:38.540+0000] {dag.py:3834} INFO - Setting next_dagrun for example_task_group_decorator to 2024-02-26 00:00:00+00:00, run_after=2024-02-27 00:00:00+00:00
[2024-02-27T15:20:38.560+0000] {processor.py:183} INFO - Processing /home/airflow/.local/lib/python3.11/site-packages/airflow/example_dags/example_task_group_decorator.py took 0.083 seconds
[2024-02-27T15:21:09.112+0000] {processor.py:161} INFO - Started process (PID=102) to work on /home/airflow/.local/lib/python3.11/site-packages/airflow/example_dags/example_task_group_decorator.py
[2024-02-27T15:21:09.112+0000] {processor.py:830} INFO - Processing file /home/airflow/.local/lib/python3.11/site-packages/airflow/example_dags/example_task_group_decorator.py for tasks to queue
[2024-02-27T15:21:09.114+0000] {logging_mixin.py:188} INFO - [2024-02-27T15:21:09.114+0000] {dagbag.py:540} INFO - Filling up the DagBag from /home/airflow/.local/lib/python3.11/site-packages/airflow/example_dags/example_task_group_decorator.py
[2024-02-27T15:21:09.123+0000] {processor.py:840} INFO - DAG(s) 'example_task_group_decorator' retrieved from /home/airflow/.local/lib/python3.11/site-packages/airflow/example_dags/example_task_group_decorator.py
[2024-02-27T15:21:09.211+0000] {logging_mixin.py:188} INFO - [2024-02-27T15:21:09.211+0000] {dag.py:3047} INFO - Sync 1 DAGs
[2024-02-27T15:21:09.231+0000] {logging_mixin.py:188} INFO - [2024-02-27T15:21:09.231+0000] {dag.py:3834} INFO - Setting next_dagrun for example_task_group_decorator to 2024-02-26 00:00:00+00:00, run_after=2024-02-27 00:00:00+00:00
[2024-02-27T15:21:09.248+0000] {processor.py:183} INFO - Processing /home/airflow/.local/lib/python3.11/site-packages/airflow/example_dags/example_task_group_decorator.py took 0.138 seconds
