[2024-02-27T15:04:49.423+0000] {processor.py:161} INFO - Started process (PID=67) to work on /home/airflow/.local/lib/python3.11/site-packages/airflow/example_dags/example_setup_teardown.py
[2024-02-27T15:04:49.424+0000] {processor.py:830} INFO - Processing file /home/airflow/.local/lib/python3.11/site-packages/airflow/example_dags/example_setup_teardown.py for tasks to queue
[2024-02-27T15:04:49.426+0000] {logging_mixin.py:188} INFO - [2024-02-27T15:04:49.425+0000] {dagbag.py:540} INFO - Filling up the DagBag from /home/airflow/.local/lib/python3.11/site-packages/airflow/example_dags/example_setup_teardown.py
[2024-02-27T15:04:49.431+0000] {processor.py:840} INFO - DAG(s) 'example_setup_teardown' retrieved from /home/airflow/.local/lib/python3.11/site-packages/airflow/example_dags/example_setup_teardown.py
[2024-02-27T15:04:49.438+0000] {logging_mixin.py:188} INFO - [2024-02-27T15:04:49.438+0000] {dag.py:3047} INFO - Sync 1 DAGs
[2024-02-27T15:04:49.454+0000] {logging_mixin.py:188} INFO - [2024-02-27T15:04:49.454+0000] {dag.py:3834} INFO - Setting next_dagrun for example_setup_teardown to 2024-02-26 00:00:00+00:00, run_after=2024-02-27 00:00:00+00:00
[2024-02-27T15:04:49.467+0000] {processor.py:183} INFO - Processing /home/airflow/.local/lib/python3.11/site-packages/airflow/example_dags/example_setup_teardown.py took 0.045 seconds
[2024-02-27T15:05:19.972+0000] {processor.py:161} INFO - Started process (PID=122) to work on /home/airflow/.local/lib/python3.11/site-packages/airflow/example_dags/example_setup_teardown.py
[2024-02-27T15:05:19.973+0000] {processor.py:830} INFO - Processing file /home/airflow/.local/lib/python3.11/site-packages/airflow/example_dags/example_setup_teardown.py for tasks to queue
[2024-02-27T15:05:19.975+0000] {logging_mixin.py:188} INFO - [2024-02-27T15:05:19.975+0000] {dagbag.py:540} INFO - Filling up the DagBag from /home/airflow/.local/lib/python3.11/site-packages/airflow/example_dags/example_setup_teardown.py
[2024-02-27T15:05:19.980+0000] {processor.py:840} INFO - DAG(s) 'example_setup_teardown' retrieved from /home/airflow/.local/lib/python3.11/site-packages/airflow/example_dags/example_setup_teardown.py
[2024-02-27T15:05:20.041+0000] {logging_mixin.py:188} INFO - [2024-02-27T15:05:20.041+0000] {dag.py:3047} INFO - Sync 1 DAGs
[2024-02-27T15:05:20.051+0000] {logging_mixin.py:188} INFO - [2024-02-27T15:05:20.051+0000] {dag.py:3834} INFO - Setting next_dagrun for example_setup_teardown to 2024-02-26 00:00:00+00:00, run_after=2024-02-27 00:00:00+00:00
[2024-02-27T15:05:20.062+0000] {processor.py:183} INFO - Processing /home/airflow/.local/lib/python3.11/site-packages/airflow/example_dags/example_setup_teardown.py took 0.091 seconds
[2024-02-27T15:05:50.152+0000] {processor.py:161} INFO - Started process (PID=177) to work on /home/airflow/.local/lib/python3.11/site-packages/airflow/example_dags/example_setup_teardown.py
[2024-02-27T15:05:50.153+0000] {processor.py:830} INFO - Processing file /home/airflow/.local/lib/python3.11/site-packages/airflow/example_dags/example_setup_teardown.py for tasks to queue
[2024-02-27T15:05:50.154+0000] {logging_mixin.py:188} INFO - [2024-02-27T15:05:50.154+0000] {dagbag.py:540} INFO - Filling up the DagBag from /home/airflow/.local/lib/python3.11/site-packages/airflow/example_dags/example_setup_teardown.py
[2024-02-27T15:05:50.158+0000] {processor.py:840} INFO - DAG(s) 'example_setup_teardown' retrieved from /home/airflow/.local/lib/python3.11/site-packages/airflow/example_dags/example_setup_teardown.py
[2024-02-27T15:05:50.169+0000] {logging_mixin.py:188} INFO - [2024-02-27T15:05:50.169+0000] {dag.py:3047} INFO - Sync 1 DAGs
[2024-02-27T15:05:50.182+0000] {logging_mixin.py:188} INFO - [2024-02-27T15:05:50.182+0000] {dag.py:3834} INFO - Setting next_dagrun for example_setup_teardown to 2024-02-26 00:00:00+00:00, run_after=2024-02-27 00:00:00+00:00
[2024-02-27T15:05:50.193+0000] {processor.py:183} INFO - Processing /home/airflow/.local/lib/python3.11/site-packages/airflow/example_dags/example_setup_teardown.py took 0.043 seconds
[2024-02-27T15:06:20.916+0000] {processor.py:161} INFO - Started process (PID=232) to work on /home/airflow/.local/lib/python3.11/site-packages/airflow/example_dags/example_setup_teardown.py
[2024-02-27T15:06:20.917+0000] {processor.py:830} INFO - Processing file /home/airflow/.local/lib/python3.11/site-packages/airflow/example_dags/example_setup_teardown.py for tasks to queue
[2024-02-27T15:06:20.919+0000] {logging_mixin.py:188} INFO - [2024-02-27T15:06:20.918+0000] {dagbag.py:540} INFO - Filling up the DagBag from /home/airflow/.local/lib/python3.11/site-packages/airflow/example_dags/example_setup_teardown.py
[2024-02-27T15:06:20.923+0000] {processor.py:840} INFO - DAG(s) 'example_setup_teardown' retrieved from /home/airflow/.local/lib/python3.11/site-packages/airflow/example_dags/example_setup_teardown.py
[2024-02-27T15:06:20.934+0000] {logging_mixin.py:188} INFO - [2024-02-27T15:06:20.934+0000] {dag.py:3047} INFO - Sync 1 DAGs
[2024-02-27T15:06:20.947+0000] {logging_mixin.py:188} INFO - [2024-02-27T15:06:20.947+0000] {dag.py:3834} INFO - Setting next_dagrun for example_setup_teardown to 2024-02-26 00:00:00+00:00, run_after=2024-02-27 00:00:00+00:00
[2024-02-27T15:06:20.957+0000] {processor.py:183} INFO - Processing /home/airflow/.local/lib/python3.11/site-packages/airflow/example_dags/example_setup_teardown.py took 0.043 seconds
[2024-02-27T15:06:51.983+0000] {processor.py:161} INFO - Started process (PID=287) to work on /home/airflow/.local/lib/python3.11/site-packages/airflow/example_dags/example_setup_teardown.py
[2024-02-27T15:06:51.984+0000] {processor.py:830} INFO - Processing file /home/airflow/.local/lib/python3.11/site-packages/airflow/example_dags/example_setup_teardown.py for tasks to queue
[2024-02-27T15:06:51.986+0000] {logging_mixin.py:188} INFO - [2024-02-27T15:06:51.986+0000] {dagbag.py:540} INFO - Filling up the DagBag from /home/airflow/.local/lib/python3.11/site-packages/airflow/example_dags/example_setup_teardown.py
[2024-02-27T15:06:51.990+0000] {processor.py:840} INFO - DAG(s) 'example_setup_teardown' retrieved from /home/airflow/.local/lib/python3.11/site-packages/airflow/example_dags/example_setup_teardown.py
[2024-02-27T15:06:52.005+0000] {logging_mixin.py:188} INFO - [2024-02-27T15:06:52.005+0000] {dag.py:3047} INFO - Sync 1 DAGs
[2024-02-27T15:06:52.019+0000] {logging_mixin.py:188} INFO - [2024-02-27T15:06:52.019+0000] {dag.py:3834} INFO - Setting next_dagrun for example_setup_teardown to 2024-02-26 00:00:00+00:00, run_after=2024-02-27 00:00:00+00:00
[2024-02-27T15:06:52.031+0000] {processor.py:183} INFO - Processing /home/airflow/.local/lib/python3.11/site-packages/airflow/example_dags/example_setup_teardown.py took 0.050 seconds
[2024-02-27T15:07:22.257+0000] {processor.py:161} INFO - Started process (PID=342) to work on /home/airflow/.local/lib/python3.11/site-packages/airflow/example_dags/example_setup_teardown.py
[2024-02-27T15:07:22.258+0000] {processor.py:830} INFO - Processing file /home/airflow/.local/lib/python3.11/site-packages/airflow/example_dags/example_setup_teardown.py for tasks to queue
[2024-02-27T15:07:22.259+0000] {logging_mixin.py:188} INFO - [2024-02-27T15:07:22.259+0000] {dagbag.py:540} INFO - Filling up the DagBag from /home/airflow/.local/lib/python3.11/site-packages/airflow/example_dags/example_setup_teardown.py
[2024-02-27T15:07:22.263+0000] {processor.py:840} INFO - DAG(s) 'example_setup_teardown' retrieved from /home/airflow/.local/lib/python3.11/site-packages/airflow/example_dags/example_setup_teardown.py
[2024-02-27T15:07:22.274+0000] {logging_mixin.py:188} INFO - [2024-02-27T15:07:22.274+0000] {dag.py:3047} INFO - Sync 1 DAGs
[2024-02-27T15:07:22.286+0000] {logging_mixin.py:188} INFO - [2024-02-27T15:07:22.286+0000] {dag.py:3834} INFO - Setting next_dagrun for example_setup_teardown to 2024-02-26 00:00:00+00:00, run_after=2024-02-27 00:00:00+00:00
[2024-02-27T15:07:22.296+0000] {processor.py:183} INFO - Processing /home/airflow/.local/lib/python3.11/site-packages/airflow/example_dags/example_setup_teardown.py took 0.041 seconds
[2024-02-27T15:07:52.339+0000] {processor.py:161} INFO - Started process (PID=397) to work on /home/airflow/.local/lib/python3.11/site-packages/airflow/example_dags/example_setup_teardown.py
[2024-02-27T15:07:52.339+0000] {processor.py:830} INFO - Processing file /home/airflow/.local/lib/python3.11/site-packages/airflow/example_dags/example_setup_teardown.py for tasks to queue
[2024-02-27T15:07:52.341+0000] {logging_mixin.py:188} INFO - [2024-02-27T15:07:52.340+0000] {dagbag.py:540} INFO - Filling up the DagBag from /home/airflow/.local/lib/python3.11/site-packages/airflow/example_dags/example_setup_teardown.py
[2024-02-27T15:07:52.345+0000] {processor.py:840} INFO - DAG(s) 'example_setup_teardown' retrieved from /home/airflow/.local/lib/python3.11/site-packages/airflow/example_dags/example_setup_teardown.py
[2024-02-27T15:07:52.356+0000] {logging_mixin.py:188} INFO - [2024-02-27T15:07:52.356+0000] {dag.py:3047} INFO - Sync 1 DAGs
[2024-02-27T15:07:52.368+0000] {logging_mixin.py:188} INFO - [2024-02-27T15:07:52.368+0000] {dag.py:3834} INFO - Setting next_dagrun for example_setup_teardown to 2024-02-26 00:00:00+00:00, run_after=2024-02-27 00:00:00+00:00
[2024-02-27T15:07:52.378+0000] {processor.py:183} INFO - Processing /home/airflow/.local/lib/python3.11/site-packages/airflow/example_dags/example_setup_teardown.py took 0.042 seconds
[2024-02-27T15:08:22.425+0000] {processor.py:161} INFO - Started process (PID=452) to work on /home/airflow/.local/lib/python3.11/site-packages/airflow/example_dags/example_setup_teardown.py
[2024-02-27T15:08:22.425+0000] {processor.py:830} INFO - Processing file /home/airflow/.local/lib/python3.11/site-packages/airflow/example_dags/example_setup_teardown.py for tasks to queue
[2024-02-27T15:08:22.427+0000] {logging_mixin.py:188} INFO - [2024-02-27T15:08:22.426+0000] {dagbag.py:540} INFO - Filling up the DagBag from /home/airflow/.local/lib/python3.11/site-packages/airflow/example_dags/example_setup_teardown.py
[2024-02-27T15:08:22.431+0000] {processor.py:840} INFO - DAG(s) 'example_setup_teardown' retrieved from /home/airflow/.local/lib/python3.11/site-packages/airflow/example_dags/example_setup_teardown.py
[2024-02-27T15:08:22.442+0000] {logging_mixin.py:188} INFO - [2024-02-27T15:08:22.442+0000] {dag.py:3047} INFO - Sync 1 DAGs
[2024-02-27T15:08:22.455+0000] {logging_mixin.py:188} INFO - [2024-02-27T15:08:22.455+0000] {dag.py:3834} INFO - Setting next_dagrun for example_setup_teardown to 2024-02-26 00:00:00+00:00, run_after=2024-02-27 00:00:00+00:00
[2024-02-27T15:08:22.465+0000] {processor.py:183} INFO - Processing /home/airflow/.local/lib/python3.11/site-packages/airflow/example_dags/example_setup_teardown.py took 0.043 seconds
[2024-02-27T15:08:52.528+0000] {processor.py:161} INFO - Started process (PID=507) to work on /home/airflow/.local/lib/python3.11/site-packages/airflow/example_dags/example_setup_teardown.py
[2024-02-27T15:08:52.529+0000] {processor.py:830} INFO - Processing file /home/airflow/.local/lib/python3.11/site-packages/airflow/example_dags/example_setup_teardown.py for tasks to queue
[2024-02-27T15:08:52.530+0000] {logging_mixin.py:188} INFO - [2024-02-27T15:08:52.530+0000] {dagbag.py:540} INFO - Filling up the DagBag from /home/airflow/.local/lib/python3.11/site-packages/airflow/example_dags/example_setup_teardown.py
[2024-02-27T15:08:52.535+0000] {processor.py:840} INFO - DAG(s) 'example_setup_teardown' retrieved from /home/airflow/.local/lib/python3.11/site-packages/airflow/example_dags/example_setup_teardown.py
[2024-02-27T15:08:52.546+0000] {logging_mixin.py:188} INFO - [2024-02-27T15:08:52.546+0000] {dag.py:3047} INFO - Sync 1 DAGs
[2024-02-27T15:08:52.558+0000] {logging_mixin.py:188} INFO - [2024-02-27T15:08:52.558+0000] {dag.py:3834} INFO - Setting next_dagrun for example_setup_teardown to 2024-02-26 00:00:00+00:00, run_after=2024-02-27 00:00:00+00:00
[2024-02-27T15:08:52.568+0000] {processor.py:183} INFO - Processing /home/airflow/.local/lib/python3.11/site-packages/airflow/example_dags/example_setup_teardown.py took 0.042 seconds
[2024-02-27T15:09:22.826+0000] {processor.py:161} INFO - Started process (PID=562) to work on /home/airflow/.local/lib/python3.11/site-packages/airflow/example_dags/example_setup_teardown.py
[2024-02-27T15:09:22.827+0000] {processor.py:830} INFO - Processing file /home/airflow/.local/lib/python3.11/site-packages/airflow/example_dags/example_setup_teardown.py for tasks to queue
[2024-02-27T15:09:22.828+0000] {logging_mixin.py:188} INFO - [2024-02-27T15:09:22.828+0000] {dagbag.py:540} INFO - Filling up the DagBag from /home/airflow/.local/lib/python3.11/site-packages/airflow/example_dags/example_setup_teardown.py
[2024-02-27T15:09:22.833+0000] {processor.py:840} INFO - DAG(s) 'example_setup_teardown' retrieved from /home/airflow/.local/lib/python3.11/site-packages/airflow/example_dags/example_setup_teardown.py
[2024-02-27T15:09:22.844+0000] {logging_mixin.py:188} INFO - [2024-02-27T15:09:22.844+0000] {dag.py:3047} INFO - Sync 1 DAGs
[2024-02-27T15:09:22.858+0000] {logging_mixin.py:188} INFO - [2024-02-27T15:09:22.857+0000] {dag.py:3834} INFO - Setting next_dagrun for example_setup_teardown to 2024-02-26 00:00:00+00:00, run_after=2024-02-27 00:00:00+00:00
[2024-02-27T15:09:22.869+0000] {processor.py:183} INFO - Processing /home/airflow/.local/lib/python3.11/site-packages/airflow/example_dags/example_setup_teardown.py took 0.045 seconds
[2024-02-27T15:09:52.929+0000] {processor.py:161} INFO - Started process (PID=617) to work on /home/airflow/.local/lib/python3.11/site-packages/airflow/example_dags/example_setup_teardown.py
[2024-02-27T15:09:52.929+0000] {processor.py:830} INFO - Processing file /home/airflow/.local/lib/python3.11/site-packages/airflow/example_dags/example_setup_teardown.py for tasks to queue
[2024-02-27T15:09:52.931+0000] {logging_mixin.py:188} INFO - [2024-02-27T15:09:52.930+0000] {dagbag.py:540} INFO - Filling up the DagBag from /home/airflow/.local/lib/python3.11/site-packages/airflow/example_dags/example_setup_teardown.py
[2024-02-27T15:09:52.935+0000] {processor.py:840} INFO - DAG(s) 'example_setup_teardown' retrieved from /home/airflow/.local/lib/python3.11/site-packages/airflow/example_dags/example_setup_teardown.py
[2024-02-27T15:09:52.947+0000] {logging_mixin.py:188} INFO - [2024-02-27T15:09:52.946+0000] {dag.py:3047} INFO - Sync 1 DAGs
[2024-02-27T15:09:52.959+0000] {logging_mixin.py:188} INFO - [2024-02-27T15:09:52.958+0000] {dag.py:3834} INFO - Setting next_dagrun for example_setup_teardown to 2024-02-26 00:00:00+00:00, run_after=2024-02-27 00:00:00+00:00
[2024-02-27T15:09:52.969+0000] {processor.py:183} INFO - Processing /home/airflow/.local/lib/python3.11/site-packages/airflow/example_dags/example_setup_teardown.py took 0.042 seconds
[2024-02-27T15:10:23.019+0000] {processor.py:161} INFO - Started process (PID=672) to work on /home/airflow/.local/lib/python3.11/site-packages/airflow/example_dags/example_setup_teardown.py
[2024-02-27T15:10:23.020+0000] {processor.py:830} INFO - Processing file /home/airflow/.local/lib/python3.11/site-packages/airflow/example_dags/example_setup_teardown.py for tasks to queue
[2024-02-27T15:10:23.021+0000] {logging_mixin.py:188} INFO - [2024-02-27T15:10:23.021+0000] {dagbag.py:540} INFO - Filling up the DagBag from /home/airflow/.local/lib/python3.11/site-packages/airflow/example_dags/example_setup_teardown.py
[2024-02-27T15:10:23.026+0000] {processor.py:840} INFO - DAG(s) 'example_setup_teardown' retrieved from /home/airflow/.local/lib/python3.11/site-packages/airflow/example_dags/example_setup_teardown.py
[2024-02-27T15:10:23.038+0000] {logging_mixin.py:188} INFO - [2024-02-27T15:10:23.038+0000] {dag.py:3047} INFO - Sync 1 DAGs
[2024-02-27T15:10:23.050+0000] {logging_mixin.py:188} INFO - [2024-02-27T15:10:23.050+0000] {dag.py:3834} INFO - Setting next_dagrun for example_setup_teardown to 2024-02-26 00:00:00+00:00, run_after=2024-02-27 00:00:00+00:00
[2024-02-27T15:10:23.062+0000] {processor.py:183} INFO - Processing /home/airflow/.local/lib/python3.11/site-packages/airflow/example_dags/example_setup_teardown.py took 0.046 seconds
[2024-02-27T15:10:53.098+0000] {processor.py:161} INFO - Started process (PID=727) to work on /home/airflow/.local/lib/python3.11/site-packages/airflow/example_dags/example_setup_teardown.py
[2024-02-27T15:10:53.098+0000] {processor.py:830} INFO - Processing file /home/airflow/.local/lib/python3.11/site-packages/airflow/example_dags/example_setup_teardown.py for tasks to queue
[2024-02-27T15:10:53.100+0000] {logging_mixin.py:188} INFO - [2024-02-27T15:10:53.099+0000] {dagbag.py:540} INFO - Filling up the DagBag from /home/airflow/.local/lib/python3.11/site-packages/airflow/example_dags/example_setup_teardown.py
[2024-02-27T15:10:53.104+0000] {processor.py:840} INFO - DAG(s) 'example_setup_teardown' retrieved from /home/airflow/.local/lib/python3.11/site-packages/airflow/example_dags/example_setup_teardown.py
[2024-02-27T15:10:53.116+0000] {logging_mixin.py:188} INFO - [2024-02-27T15:10:53.116+0000] {dag.py:3047} INFO - Sync 1 DAGs
[2024-02-27T15:10:53.128+0000] {logging_mixin.py:188} INFO - [2024-02-27T15:10:53.128+0000] {dag.py:3834} INFO - Setting next_dagrun for example_setup_teardown to 2024-02-26 00:00:00+00:00, run_after=2024-02-27 00:00:00+00:00
[2024-02-27T15:10:53.138+0000] {processor.py:183} INFO - Processing /home/airflow/.local/lib/python3.11/site-packages/airflow/example_dags/example_setup_teardown.py took 0.043 seconds
[2024-02-27T15:11:23.400+0000] {processor.py:161} INFO - Started process (PID=782) to work on /home/airflow/.local/lib/python3.11/site-packages/airflow/example_dags/example_setup_teardown.py
[2024-02-27T15:11:23.401+0000] {processor.py:830} INFO - Processing file /home/airflow/.local/lib/python3.11/site-packages/airflow/example_dags/example_setup_teardown.py for tasks to queue
[2024-02-27T15:11:23.402+0000] {logging_mixin.py:188} INFO - [2024-02-27T15:11:23.402+0000] {dagbag.py:540} INFO - Filling up the DagBag from /home/airflow/.local/lib/python3.11/site-packages/airflow/example_dags/example_setup_teardown.py
[2024-02-27T15:11:23.407+0000] {processor.py:840} INFO - DAG(s) 'example_setup_teardown' retrieved from /home/airflow/.local/lib/python3.11/site-packages/airflow/example_dags/example_setup_teardown.py
[2024-02-27T15:11:23.418+0000] {logging_mixin.py:188} INFO - [2024-02-27T15:11:23.418+0000] {dag.py:3047} INFO - Sync 1 DAGs
[2024-02-27T15:11:23.430+0000] {logging_mixin.py:188} INFO - [2024-02-27T15:11:23.430+0000] {dag.py:3834} INFO - Setting next_dagrun for example_setup_teardown to 2024-02-26 00:00:00+00:00, run_after=2024-02-27 00:00:00+00:00
[2024-02-27T15:11:23.441+0000] {processor.py:183} INFO - Processing /home/airflow/.local/lib/python3.11/site-packages/airflow/example_dags/example_setup_teardown.py took 0.042 seconds
[2024-02-27T15:11:53.468+0000] {processor.py:161} INFO - Started process (PID=838) to work on /home/airflow/.local/lib/python3.11/site-packages/airflow/example_dags/example_setup_teardown.py
[2024-02-27T15:11:53.469+0000] {processor.py:830} INFO - Processing file /home/airflow/.local/lib/python3.11/site-packages/airflow/example_dags/example_setup_teardown.py for tasks to queue
[2024-02-27T15:11:53.470+0000] {logging_mixin.py:188} INFO - [2024-02-27T15:11:53.470+0000] {dagbag.py:540} INFO - Filling up the DagBag from /home/airflow/.local/lib/python3.11/site-packages/airflow/example_dags/example_setup_teardown.py
[2024-02-27T15:11:53.474+0000] {processor.py:840} INFO - DAG(s) 'example_setup_teardown' retrieved from /home/airflow/.local/lib/python3.11/site-packages/airflow/example_dags/example_setup_teardown.py
[2024-02-27T15:11:53.485+0000] {logging_mixin.py:188} INFO - [2024-02-27T15:11:53.485+0000] {dag.py:3047} INFO - Sync 1 DAGs
[2024-02-27T15:11:53.497+0000] {logging_mixin.py:188} INFO - [2024-02-27T15:11:53.497+0000] {dag.py:3834} INFO - Setting next_dagrun for example_setup_teardown to 2024-02-26 00:00:00+00:00, run_after=2024-02-27 00:00:00+00:00
[2024-02-27T15:11:53.507+0000] {processor.py:183} INFO - Processing /home/airflow/.local/lib/python3.11/site-packages/airflow/example_dags/example_setup_teardown.py took 0.041 seconds
[2024-02-27T15:12:23.697+0000] {processor.py:161} INFO - Started process (PID=893) to work on /home/airflow/.local/lib/python3.11/site-packages/airflow/example_dags/example_setup_teardown.py
[2024-02-27T15:12:23.697+0000] {processor.py:830} INFO - Processing file /home/airflow/.local/lib/python3.11/site-packages/airflow/example_dags/example_setup_teardown.py for tasks to queue
[2024-02-27T15:12:23.699+0000] {logging_mixin.py:188} INFO - [2024-02-27T15:12:23.699+0000] {dagbag.py:540} INFO - Filling up the DagBag from /home/airflow/.local/lib/python3.11/site-packages/airflow/example_dags/example_setup_teardown.py
[2024-02-27T15:12:23.704+0000] {processor.py:840} INFO - DAG(s) 'example_setup_teardown' retrieved from /home/airflow/.local/lib/python3.11/site-packages/airflow/example_dags/example_setup_teardown.py
[2024-02-27T15:12:23.716+0000] {logging_mixin.py:188} INFO - [2024-02-27T15:12:23.715+0000] {dag.py:3047} INFO - Sync 1 DAGs
[2024-02-27T15:12:23.729+0000] {logging_mixin.py:188} INFO - [2024-02-27T15:12:23.729+0000] {dag.py:3834} INFO - Setting next_dagrun for example_setup_teardown to 2024-02-26 00:00:00+00:00, run_after=2024-02-27 00:00:00+00:00
[2024-02-27T15:12:23.741+0000] {processor.py:183} INFO - Processing /home/airflow/.local/lib/python3.11/site-packages/airflow/example_dags/example_setup_teardown.py took 0.046 seconds
[2024-02-27T15:12:53.767+0000] {processor.py:161} INFO - Started process (PID=948) to work on /home/airflow/.local/lib/python3.11/site-packages/airflow/example_dags/example_setup_teardown.py
[2024-02-27T15:12:53.768+0000] {processor.py:830} INFO - Processing file /home/airflow/.local/lib/python3.11/site-packages/airflow/example_dags/example_setup_teardown.py for tasks to queue
[2024-02-27T15:12:53.769+0000] {logging_mixin.py:188} INFO - [2024-02-27T15:12:53.769+0000] {dagbag.py:540} INFO - Filling up the DagBag from /home/airflow/.local/lib/python3.11/site-packages/airflow/example_dags/example_setup_teardown.py
[2024-02-27T15:12:53.774+0000] {processor.py:840} INFO - DAG(s) 'example_setup_teardown' retrieved from /home/airflow/.local/lib/python3.11/site-packages/airflow/example_dags/example_setup_teardown.py
[2024-02-27T15:12:53.785+0000] {logging_mixin.py:188} INFO - [2024-02-27T15:12:53.785+0000] {dag.py:3047} INFO - Sync 1 DAGs
[2024-02-27T15:12:53.799+0000] {logging_mixin.py:188} INFO - [2024-02-27T15:12:53.799+0000] {dag.py:3834} INFO - Setting next_dagrun for example_setup_teardown to 2024-02-26 00:00:00+00:00, run_after=2024-02-27 00:00:00+00:00
[2024-02-27T15:12:53.810+0000] {processor.py:183} INFO - Processing /home/airflow/.local/lib/python3.11/site-packages/airflow/example_dags/example_setup_teardown.py took 0.045 seconds
[2024-02-27T15:20:39.508+0000] {processor.py:161} INFO - Started process (PID=67) to work on /home/airflow/.local/lib/python3.11/site-packages/airflow/example_dags/example_setup_teardown.py
[2024-02-27T15:20:39.509+0000] {processor.py:830} INFO - Processing file /home/airflow/.local/lib/python3.11/site-packages/airflow/example_dags/example_setup_teardown.py for tasks to queue
[2024-02-27T15:20:39.511+0000] {logging_mixin.py:188} INFO - [2024-02-27T15:20:39.511+0000] {dagbag.py:540} INFO - Filling up the DagBag from /home/airflow/.local/lib/python3.11/site-packages/airflow/example_dags/example_setup_teardown.py
[2024-02-27T15:20:39.518+0000] {processor.py:840} INFO - DAG(s) 'example_setup_teardown' retrieved from /home/airflow/.local/lib/python3.11/site-packages/airflow/example_dags/example_setup_teardown.py
[2024-02-27T15:20:39.544+0000] {logging_mixin.py:188} INFO - [2024-02-27T15:20:39.543+0000] {dag.py:3047} INFO - Sync 1 DAGs
[2024-02-27T15:20:39.568+0000] {logging_mixin.py:188} INFO - [2024-02-27T15:20:39.568+0000] {dag.py:3834} INFO - Setting next_dagrun for example_setup_teardown to 2024-02-26 00:00:00+00:00, run_after=2024-02-27 00:00:00+00:00
[2024-02-27T15:20:39.590+0000] {processor.py:183} INFO - Processing /home/airflow/.local/lib/python3.11/site-packages/airflow/example_dags/example_setup_teardown.py took 0.083 seconds
[2024-02-27T15:21:10.599+0000] {processor.py:161} INFO - Started process (PID=122) to work on /home/airflow/.local/lib/python3.11/site-packages/airflow/example_dags/example_setup_teardown.py
[2024-02-27T15:21:10.600+0000] {processor.py:830} INFO - Processing file /home/airflow/.local/lib/python3.11/site-packages/airflow/example_dags/example_setup_teardown.py for tasks to queue
[2024-02-27T15:21:10.601+0000] {logging_mixin.py:188} INFO - [2024-02-27T15:21:10.601+0000] {dagbag.py:540} INFO - Filling up the DagBag from /home/airflow/.local/lib/python3.11/site-packages/airflow/example_dags/example_setup_teardown.py
[2024-02-27T15:21:10.605+0000] {processor.py:840} INFO - DAG(s) 'example_setup_teardown' retrieved from /home/airflow/.local/lib/python3.11/site-packages/airflow/example_dags/example_setup_teardown.py
[2024-02-27T15:21:10.684+0000] {logging_mixin.py:188} INFO - [2024-02-27T15:21:10.684+0000] {dag.py:3047} INFO - Sync 1 DAGs
[2024-02-27T15:21:10.705+0000] {logging_mixin.py:188} INFO - [2024-02-27T15:21:10.704+0000] {dag.py:3834} INFO - Setting next_dagrun for example_setup_teardown to 2024-02-26 00:00:00+00:00, run_after=2024-02-27 00:00:00+00:00
[2024-02-27T15:21:10.721+0000] {processor.py:183} INFO - Processing /home/airflow/.local/lib/python3.11/site-packages/airflow/example_dags/example_setup_teardown.py took 0.124 seconds
