[2024-02-27T15:04:48.207+0000] {processor.py:161} INFO - Started process (PID=39) to work on /home/airflow/.local/lib/python3.11/site-packages/airflow/example_dags/example_params_trigger_ui.py
[2024-02-27T15:04:48.209+0000] {processor.py:830} INFO - Processing file /home/airflow/.local/lib/python3.11/site-packages/airflow/example_dags/example_params_trigger_ui.py for tasks to queue
[2024-02-27T15:04:48.210+0000] {logging_mixin.py:188} INFO - [2024-02-27T15:04:48.210+0000] {dagbag.py:540} INFO - Filling up the DagBag from /home/airflow/.local/lib/python3.11/site-packages/airflow/example_dags/example_params_trigger_ui.py
[2024-02-27T15:04:48.224+0000] {processor.py:840} INFO - DAG(s) 'example_params_trigger_ui' retrieved from /home/airflow/.local/lib/python3.11/site-packages/airflow/example_dags/example_params_trigger_ui.py
[2024-02-27T15:04:48.238+0000] {logging_mixin.py:188} INFO - [2024-02-27T15:04:48.238+0000] {dag.py:3047} INFO - Sync 1 DAGs
[2024-02-27T15:04:48.247+0000] {logging_mixin.py:188} INFO - [2024-02-27T15:04:48.247+0000] {dag.py:3834} INFO - Setting next_dagrun for example_params_trigger_ui to None, run_after=None
[2024-02-27T15:04:48.260+0000] {processor.py:183} INFO - Processing /home/airflow/.local/lib/python3.11/site-packages/airflow/example_dags/example_params_trigger_ui.py took 0.054 seconds
[2024-02-27T15:05:18.327+0000] {processor.py:161} INFO - Started process (PID=94) to work on /home/airflow/.local/lib/python3.11/site-packages/airflow/example_dags/example_params_trigger_ui.py
[2024-02-27T15:05:18.327+0000] {processor.py:830} INFO - Processing file /home/airflow/.local/lib/python3.11/site-packages/airflow/example_dags/example_params_trigger_ui.py for tasks to queue
[2024-02-27T15:05:18.329+0000] {logging_mixin.py:188} INFO - [2024-02-27T15:05:18.328+0000] {dagbag.py:540} INFO - Filling up the DagBag from /home/airflow/.local/lib/python3.11/site-packages/airflow/example_dags/example_params_trigger_ui.py
[2024-02-27T15:05:18.337+0000] {processor.py:840} INFO - DAG(s) 'example_params_trigger_ui' retrieved from /home/airflow/.local/lib/python3.11/site-packages/airflow/example_dags/example_params_trigger_ui.py
[2024-02-27T15:05:18.452+0000] {logging_mixin.py:188} INFO - [2024-02-27T15:05:18.452+0000] {dag.py:3047} INFO - Sync 1 DAGs
[2024-02-27T15:05:18.458+0000] {logging_mixin.py:188} INFO - [2024-02-27T15:05:18.458+0000] {dag.py:3834} INFO - Setting next_dagrun for example_params_trigger_ui to None, run_after=None
[2024-02-27T15:05:18.472+0000] {processor.py:183} INFO - Processing /home/airflow/.local/lib/python3.11/site-packages/airflow/example_dags/example_params_trigger_ui.py took 0.148 seconds
[2024-02-27T15:05:49.176+0000] {processor.py:161} INFO - Started process (PID=149) to work on /home/airflow/.local/lib/python3.11/site-packages/airflow/example_dags/example_params_trigger_ui.py
[2024-02-27T15:05:49.177+0000] {processor.py:830} INFO - Processing file /home/airflow/.local/lib/python3.11/site-packages/airflow/example_dags/example_params_trigger_ui.py for tasks to queue
[2024-02-27T15:05:49.179+0000] {logging_mixin.py:188} INFO - [2024-02-27T15:05:49.178+0000] {dagbag.py:540} INFO - Filling up the DagBag from /home/airflow/.local/lib/python3.11/site-packages/airflow/example_dags/example_params_trigger_ui.py
[2024-02-27T15:05:49.187+0000] {processor.py:840} INFO - DAG(s) 'example_params_trigger_ui' retrieved from /home/airflow/.local/lib/python3.11/site-packages/airflow/example_dags/example_params_trigger_ui.py
[2024-02-27T15:05:49.213+0000] {logging_mixin.py:188} INFO - [2024-02-27T15:05:49.212+0000] {dag.py:3047} INFO - Sync 1 DAGs
[2024-02-27T15:05:49.221+0000] {logging_mixin.py:188} INFO - [2024-02-27T15:05:49.221+0000] {dag.py:3834} INFO - Setting next_dagrun for example_params_trigger_ui to None, run_after=None
[2024-02-27T15:05:49.235+0000] {processor.py:183} INFO - Processing /home/airflow/.local/lib/python3.11/site-packages/airflow/example_dags/example_params_trigger_ui.py took 0.061 seconds
[2024-02-27T15:06:19.948+0000] {processor.py:161} INFO - Started process (PID=204) to work on /home/airflow/.local/lib/python3.11/site-packages/airflow/example_dags/example_params_trigger_ui.py
[2024-02-27T15:06:19.949+0000] {processor.py:830} INFO - Processing file /home/airflow/.local/lib/python3.11/site-packages/airflow/example_dags/example_params_trigger_ui.py for tasks to queue
[2024-02-27T15:06:19.950+0000] {logging_mixin.py:188} INFO - [2024-02-27T15:06:19.950+0000] {dagbag.py:540} INFO - Filling up the DagBag from /home/airflow/.local/lib/python3.11/site-packages/airflow/example_dags/example_params_trigger_ui.py
[2024-02-27T15:06:19.958+0000] {processor.py:840} INFO - DAG(s) 'example_params_trigger_ui' retrieved from /home/airflow/.local/lib/python3.11/site-packages/airflow/example_dags/example_params_trigger_ui.py
[2024-02-27T15:06:19.982+0000] {logging_mixin.py:188} INFO - [2024-02-27T15:06:19.981+0000] {dag.py:3047} INFO - Sync 1 DAGs
[2024-02-27T15:06:19.990+0000] {logging_mixin.py:188} INFO - [2024-02-27T15:06:19.989+0000] {dag.py:3834} INFO - Setting next_dagrun for example_params_trigger_ui to None, run_after=None
[2024-02-27T15:06:20.001+0000] {processor.py:183} INFO - Processing /home/airflow/.local/lib/python3.11/site-packages/airflow/example_dags/example_params_trigger_ui.py took 0.056 seconds
[2024-02-27T15:06:50.868+0000] {processor.py:161} INFO - Started process (PID=259) to work on /home/airflow/.local/lib/python3.11/site-packages/airflow/example_dags/example_params_trigger_ui.py
[2024-02-27T15:06:50.868+0000] {processor.py:830} INFO - Processing file /home/airflow/.local/lib/python3.11/site-packages/airflow/example_dags/example_params_trigger_ui.py for tasks to queue
[2024-02-27T15:06:50.870+0000] {logging_mixin.py:188} INFO - [2024-02-27T15:06:50.869+0000] {dagbag.py:540} INFO - Filling up the DagBag from /home/airflow/.local/lib/python3.11/site-packages/airflow/example_dags/example_params_trigger_ui.py
[2024-02-27T15:06:50.878+0000] {processor.py:840} INFO - DAG(s) 'example_params_trigger_ui' retrieved from /home/airflow/.local/lib/python3.11/site-packages/airflow/example_dags/example_params_trigger_ui.py
[2024-02-27T15:06:50.902+0000] {logging_mixin.py:188} INFO - [2024-02-27T15:06:50.902+0000] {dag.py:3047} INFO - Sync 1 DAGs
[2024-02-27T15:06:50.910+0000] {logging_mixin.py:188} INFO - [2024-02-27T15:06:50.910+0000] {dag.py:3834} INFO - Setting next_dagrun for example_params_trigger_ui to None, run_after=None
[2024-02-27T15:06:50.921+0000] {processor.py:183} INFO - Processing /home/airflow/.local/lib/python3.11/site-packages/airflow/example_dags/example_params_trigger_ui.py took 0.056 seconds
[2024-02-27T15:07:20.958+0000] {processor.py:161} INFO - Started process (PID=314) to work on /home/airflow/.local/lib/python3.11/site-packages/airflow/example_dags/example_params_trigger_ui.py
[2024-02-27T15:07:20.959+0000] {processor.py:830} INFO - Processing file /home/airflow/.local/lib/python3.11/site-packages/airflow/example_dags/example_params_trigger_ui.py for tasks to queue
[2024-02-27T15:07:20.960+0000] {logging_mixin.py:188} INFO - [2024-02-27T15:07:20.960+0000] {dagbag.py:540} INFO - Filling up the DagBag from /home/airflow/.local/lib/python3.11/site-packages/airflow/example_dags/example_params_trigger_ui.py
[2024-02-27T15:07:20.968+0000] {processor.py:840} INFO - DAG(s) 'example_params_trigger_ui' retrieved from /home/airflow/.local/lib/python3.11/site-packages/airflow/example_dags/example_params_trigger_ui.py
[2024-02-27T15:07:20.991+0000] {logging_mixin.py:188} INFO - [2024-02-27T15:07:20.991+0000] {dag.py:3047} INFO - Sync 1 DAGs
[2024-02-27T15:07:20.997+0000] {logging_mixin.py:188} INFO - [2024-02-27T15:07:20.997+0000] {dag.py:3834} INFO - Setting next_dagrun for example_params_trigger_ui to None, run_after=None
[2024-02-27T15:07:21.009+0000] {processor.py:183} INFO - Processing /home/airflow/.local/lib/python3.11/site-packages/airflow/example_dags/example_params_trigger_ui.py took 0.052 seconds
[2024-02-27T15:07:51.151+0000] {processor.py:161} INFO - Started process (PID=369) to work on /home/airflow/.local/lib/python3.11/site-packages/airflow/example_dags/example_params_trigger_ui.py
[2024-02-27T15:07:51.152+0000] {processor.py:830} INFO - Processing file /home/airflow/.local/lib/python3.11/site-packages/airflow/example_dags/example_params_trigger_ui.py for tasks to queue
[2024-02-27T15:07:51.153+0000] {logging_mixin.py:188} INFO - [2024-02-27T15:07:51.153+0000] {dagbag.py:540} INFO - Filling up the DagBag from /home/airflow/.local/lib/python3.11/site-packages/airflow/example_dags/example_params_trigger_ui.py
[2024-02-27T15:07:51.160+0000] {processor.py:840} INFO - DAG(s) 'example_params_trigger_ui' retrieved from /home/airflow/.local/lib/python3.11/site-packages/airflow/example_dags/example_params_trigger_ui.py
[2024-02-27T15:07:51.182+0000] {logging_mixin.py:188} INFO - [2024-02-27T15:07:51.182+0000] {dag.py:3047} INFO - Sync 1 DAGs
[2024-02-27T15:07:51.189+0000] {logging_mixin.py:188} INFO - [2024-02-27T15:07:51.189+0000] {dag.py:3834} INFO - Setting next_dagrun for example_params_trigger_ui to None, run_after=None
[2024-02-27T15:07:51.200+0000] {processor.py:183} INFO - Processing /home/airflow/.local/lib/python3.11/site-packages/airflow/example_dags/example_params_trigger_ui.py took 0.051 seconds
[2024-02-27T15:08:21.275+0000] {processor.py:161} INFO - Started process (PID=424) to work on /home/airflow/.local/lib/python3.11/site-packages/airflow/example_dags/example_params_trigger_ui.py
[2024-02-27T15:08:21.276+0000] {processor.py:830} INFO - Processing file /home/airflow/.local/lib/python3.11/site-packages/airflow/example_dags/example_params_trigger_ui.py for tasks to queue
[2024-02-27T15:08:21.277+0000] {logging_mixin.py:188} INFO - [2024-02-27T15:08:21.277+0000] {dagbag.py:540} INFO - Filling up the DagBag from /home/airflow/.local/lib/python3.11/site-packages/airflow/example_dags/example_params_trigger_ui.py
[2024-02-27T15:08:21.285+0000] {processor.py:840} INFO - DAG(s) 'example_params_trigger_ui' retrieved from /home/airflow/.local/lib/python3.11/site-packages/airflow/example_dags/example_params_trigger_ui.py
[2024-02-27T15:08:21.307+0000] {logging_mixin.py:188} INFO - [2024-02-27T15:08:21.307+0000] {dag.py:3047} INFO - Sync 1 DAGs
[2024-02-27T15:08:21.314+0000] {logging_mixin.py:188} INFO - [2024-02-27T15:08:21.314+0000] {dag.py:3834} INFO - Setting next_dagrun for example_params_trigger_ui to None, run_after=None
[2024-02-27T15:08:21.325+0000] {processor.py:183} INFO - Processing /home/airflow/.local/lib/python3.11/site-packages/airflow/example_dags/example_params_trigger_ui.py took 0.052 seconds
[2024-02-27T15:08:51.437+0000] {processor.py:161} INFO - Started process (PID=479) to work on /home/airflow/.local/lib/python3.11/site-packages/airflow/example_dags/example_params_trigger_ui.py
[2024-02-27T15:08:51.437+0000] {processor.py:830} INFO - Processing file /home/airflow/.local/lib/python3.11/site-packages/airflow/example_dags/example_params_trigger_ui.py for tasks to queue
[2024-02-27T15:08:51.438+0000] {logging_mixin.py:188} INFO - [2024-02-27T15:08:51.438+0000] {dagbag.py:540} INFO - Filling up the DagBag from /home/airflow/.local/lib/python3.11/site-packages/airflow/example_dags/example_params_trigger_ui.py
[2024-02-27T15:08:51.446+0000] {processor.py:840} INFO - DAG(s) 'example_params_trigger_ui' retrieved from /home/airflow/.local/lib/python3.11/site-packages/airflow/example_dags/example_params_trigger_ui.py
[2024-02-27T15:08:51.472+0000] {logging_mixin.py:188} INFO - [2024-02-27T15:08:51.472+0000] {dag.py:3047} INFO - Sync 1 DAGs
[2024-02-27T15:08:51.479+0000] {logging_mixin.py:188} INFO - [2024-02-27T15:08:51.479+0000] {dag.py:3834} INFO - Setting next_dagrun for example_params_trigger_ui to None, run_after=None
[2024-02-27T15:08:51.489+0000] {processor.py:183} INFO - Processing /home/airflow/.local/lib/python3.11/site-packages/airflow/example_dags/example_params_trigger_ui.py took 0.055 seconds
[2024-02-27T15:09:21.526+0000] {processor.py:161} INFO - Started process (PID=534) to work on /home/airflow/.local/lib/python3.11/site-packages/airflow/example_dags/example_params_trigger_ui.py
[2024-02-27T15:09:21.527+0000] {processor.py:830} INFO - Processing file /home/airflow/.local/lib/python3.11/site-packages/airflow/example_dags/example_params_trigger_ui.py for tasks to queue
[2024-02-27T15:09:21.528+0000] {logging_mixin.py:188} INFO - [2024-02-27T15:09:21.528+0000] {dagbag.py:540} INFO - Filling up the DagBag from /home/airflow/.local/lib/python3.11/site-packages/airflow/example_dags/example_params_trigger_ui.py
[2024-02-27T15:09:21.537+0000] {processor.py:840} INFO - DAG(s) 'example_params_trigger_ui' retrieved from /home/airflow/.local/lib/python3.11/site-packages/airflow/example_dags/example_params_trigger_ui.py
[2024-02-27T15:09:21.560+0000] {logging_mixin.py:188} INFO - [2024-02-27T15:09:21.560+0000] {dag.py:3047} INFO - Sync 1 DAGs
[2024-02-27T15:09:21.569+0000] {logging_mixin.py:188} INFO - [2024-02-27T15:09:21.569+0000] {dag.py:3834} INFO - Setting next_dagrun for example_params_trigger_ui to None, run_after=None
[2024-02-27T15:09:21.582+0000] {processor.py:183} INFO - Processing /home/airflow/.local/lib/python3.11/site-packages/airflow/example_dags/example_params_trigger_ui.py took 0.058 seconds
[2024-02-27T15:09:51.779+0000] {processor.py:161} INFO - Started process (PID=589) to work on /home/airflow/.local/lib/python3.11/site-packages/airflow/example_dags/example_params_trigger_ui.py
[2024-02-27T15:09:51.780+0000] {processor.py:830} INFO - Processing file /home/airflow/.local/lib/python3.11/site-packages/airflow/example_dags/example_params_trigger_ui.py for tasks to queue
[2024-02-27T15:09:51.781+0000] {logging_mixin.py:188} INFO - [2024-02-27T15:09:51.781+0000] {dagbag.py:540} INFO - Filling up the DagBag from /home/airflow/.local/lib/python3.11/site-packages/airflow/example_dags/example_params_trigger_ui.py
[2024-02-27T15:09:51.790+0000] {processor.py:840} INFO - DAG(s) 'example_params_trigger_ui' retrieved from /home/airflow/.local/lib/python3.11/site-packages/airflow/example_dags/example_params_trigger_ui.py
[2024-02-27T15:09:51.814+0000] {logging_mixin.py:188} INFO - [2024-02-27T15:09:51.813+0000] {dag.py:3047} INFO - Sync 1 DAGs
[2024-02-27T15:09:51.821+0000] {logging_mixin.py:188} INFO - [2024-02-27T15:09:51.821+0000] {dag.py:3834} INFO - Setting next_dagrun for example_params_trigger_ui to None, run_after=None
[2024-02-27T15:09:51.833+0000] {processor.py:183} INFO - Processing /home/airflow/.local/lib/python3.11/site-packages/airflow/example_dags/example_params_trigger_ui.py took 0.056 seconds
[2024-02-27T15:10:21.894+0000] {processor.py:161} INFO - Started process (PID=644) to work on /home/airflow/.local/lib/python3.11/site-packages/airflow/example_dags/example_params_trigger_ui.py
[2024-02-27T15:10:21.895+0000] {processor.py:830} INFO - Processing file /home/airflow/.local/lib/python3.11/site-packages/airflow/example_dags/example_params_trigger_ui.py for tasks to queue
[2024-02-27T15:10:21.896+0000] {logging_mixin.py:188} INFO - [2024-02-27T15:10:21.896+0000] {dagbag.py:540} INFO - Filling up the DagBag from /home/airflow/.local/lib/python3.11/site-packages/airflow/example_dags/example_params_trigger_ui.py
[2024-02-27T15:10:21.904+0000] {processor.py:840} INFO - DAG(s) 'example_params_trigger_ui' retrieved from /home/airflow/.local/lib/python3.11/site-packages/airflow/example_dags/example_params_trigger_ui.py
[2024-02-27T15:10:21.928+0000] {logging_mixin.py:188} INFO - [2024-02-27T15:10:21.928+0000] {dag.py:3047} INFO - Sync 1 DAGs
[2024-02-27T15:10:21.935+0000] {logging_mixin.py:188} INFO - [2024-02-27T15:10:21.935+0000] {dag.py:3834} INFO - Setting next_dagrun for example_params_trigger_ui to None, run_after=None
[2024-02-27T15:10:21.946+0000] {processor.py:183} INFO - Processing /home/airflow/.local/lib/python3.11/site-packages/airflow/example_dags/example_params_trigger_ui.py took 0.054 seconds
[2024-02-27T15:10:52.085+0000] {processor.py:161} INFO - Started process (PID=699) to work on /home/airflow/.local/lib/python3.11/site-packages/airflow/example_dags/example_params_trigger_ui.py
[2024-02-27T15:10:52.086+0000] {processor.py:830} INFO - Processing file /home/airflow/.local/lib/python3.11/site-packages/airflow/example_dags/example_params_trigger_ui.py for tasks to queue
[2024-02-27T15:10:52.087+0000] {logging_mixin.py:188} INFO - [2024-02-27T15:10:52.087+0000] {dagbag.py:540} INFO - Filling up the DagBag from /home/airflow/.local/lib/python3.11/site-packages/airflow/example_dags/example_params_trigger_ui.py
[2024-02-27T15:10:52.095+0000] {processor.py:840} INFO - DAG(s) 'example_params_trigger_ui' retrieved from /home/airflow/.local/lib/python3.11/site-packages/airflow/example_dags/example_params_trigger_ui.py
[2024-02-27T15:10:52.118+0000] {logging_mixin.py:188} INFO - [2024-02-27T15:10:52.118+0000] {dag.py:3047} INFO - Sync 1 DAGs
[2024-02-27T15:10:52.125+0000] {logging_mixin.py:188} INFO - [2024-02-27T15:10:52.124+0000] {dag.py:3834} INFO - Setting next_dagrun for example_params_trigger_ui to None, run_after=None
[2024-02-27T15:10:52.136+0000] {processor.py:183} INFO - Processing /home/airflow/.local/lib/python3.11/site-packages/airflow/example_dags/example_params_trigger_ui.py took 0.053 seconds
[2024-02-27T15:11:22.169+0000] {processor.py:161} INFO - Started process (PID=754) to work on /home/airflow/.local/lib/python3.11/site-packages/airflow/example_dags/example_params_trigger_ui.py
[2024-02-27T15:11:22.170+0000] {processor.py:830} INFO - Processing file /home/airflow/.local/lib/python3.11/site-packages/airflow/example_dags/example_params_trigger_ui.py for tasks to queue
[2024-02-27T15:11:22.171+0000] {logging_mixin.py:188} INFO - [2024-02-27T15:11:22.171+0000] {dagbag.py:540} INFO - Filling up the DagBag from /home/airflow/.local/lib/python3.11/site-packages/airflow/example_dags/example_params_trigger_ui.py
[2024-02-27T15:11:22.179+0000] {processor.py:840} INFO - DAG(s) 'example_params_trigger_ui' retrieved from /home/airflow/.local/lib/python3.11/site-packages/airflow/example_dags/example_params_trigger_ui.py
[2024-02-27T15:11:22.202+0000] {logging_mixin.py:188} INFO - [2024-02-27T15:11:22.202+0000] {dag.py:3047} INFO - Sync 1 DAGs
[2024-02-27T15:11:22.209+0000] {logging_mixin.py:188} INFO - [2024-02-27T15:11:22.209+0000] {dag.py:3834} INFO - Setting next_dagrun for example_params_trigger_ui to None, run_after=None
[2024-02-27T15:11:22.220+0000] {processor.py:183} INFO - Processing /home/airflow/.local/lib/python3.11/site-packages/airflow/example_dags/example_params_trigger_ui.py took 0.054 seconds
[2024-02-27T15:11:52.283+0000] {processor.py:161} INFO - Started process (PID=810) to work on /home/airflow/.local/lib/python3.11/site-packages/airflow/example_dags/example_params_trigger_ui.py
[2024-02-27T15:11:52.285+0000] {processor.py:830} INFO - Processing file /home/airflow/.local/lib/python3.11/site-packages/airflow/example_dags/example_params_trigger_ui.py for tasks to queue
[2024-02-27T15:11:52.288+0000] {logging_mixin.py:188} INFO - [2024-02-27T15:11:52.287+0000] {dagbag.py:540} INFO - Filling up the DagBag from /home/airflow/.local/lib/python3.11/site-packages/airflow/example_dags/example_params_trigger_ui.py
[2024-02-27T15:11:52.296+0000] {processor.py:840} INFO - DAG(s) 'example_params_trigger_ui' retrieved from /home/airflow/.local/lib/python3.11/site-packages/airflow/example_dags/example_params_trigger_ui.py
[2024-02-27T15:11:52.318+0000] {logging_mixin.py:188} INFO - [2024-02-27T15:11:52.318+0000] {dag.py:3047} INFO - Sync 1 DAGs
[2024-02-27T15:11:52.325+0000] {logging_mixin.py:188} INFO - [2024-02-27T15:11:52.325+0000] {dag.py:3834} INFO - Setting next_dagrun for example_params_trigger_ui to None, run_after=None
[2024-02-27T15:11:52.335+0000] {processor.py:183} INFO - Processing /home/airflow/.local/lib/python3.11/site-packages/airflow/example_dags/example_params_trigger_ui.py took 0.054 seconds
[2024-02-27T15:12:22.400+0000] {processor.py:161} INFO - Started process (PID=865) to work on /home/airflow/.local/lib/python3.11/site-packages/airflow/example_dags/example_params_trigger_ui.py
[2024-02-27T15:12:22.400+0000] {processor.py:830} INFO - Processing file /home/airflow/.local/lib/python3.11/site-packages/airflow/example_dags/example_params_trigger_ui.py for tasks to queue
[2024-02-27T15:12:22.402+0000] {logging_mixin.py:188} INFO - [2024-02-27T15:12:22.402+0000] {dagbag.py:540} INFO - Filling up the DagBag from /home/airflow/.local/lib/python3.11/site-packages/airflow/example_dags/example_params_trigger_ui.py
[2024-02-27T15:12:22.410+0000] {processor.py:840} INFO - DAG(s) 'example_params_trigger_ui' retrieved from /home/airflow/.local/lib/python3.11/site-packages/airflow/example_dags/example_params_trigger_ui.py
[2024-02-27T15:12:22.437+0000] {logging_mixin.py:188} INFO - [2024-02-27T15:12:22.436+0000] {dag.py:3047} INFO - Sync 1 DAGs
[2024-02-27T15:12:22.445+0000] {logging_mixin.py:188} INFO - [2024-02-27T15:12:22.445+0000] {dag.py:3834} INFO - Setting next_dagrun for example_params_trigger_ui to None, run_after=None
[2024-02-27T15:12:22.459+0000] {processor.py:183} INFO - Processing /home/airflow/.local/lib/python3.11/site-packages/airflow/example_dags/example_params_trigger_ui.py took 0.061 seconds
[2024-02-27T15:12:52.554+0000] {processor.py:161} INFO - Started process (PID=920) to work on /home/airflow/.local/lib/python3.11/site-packages/airflow/example_dags/example_params_trigger_ui.py
[2024-02-27T15:12:52.555+0000] {processor.py:830} INFO - Processing file /home/airflow/.local/lib/python3.11/site-packages/airflow/example_dags/example_params_trigger_ui.py for tasks to queue
[2024-02-27T15:12:52.556+0000] {logging_mixin.py:188} INFO - [2024-02-27T15:12:52.556+0000] {dagbag.py:540} INFO - Filling up the DagBag from /home/airflow/.local/lib/python3.11/site-packages/airflow/example_dags/example_params_trigger_ui.py
[2024-02-27T15:12:52.564+0000] {processor.py:840} INFO - DAG(s) 'example_params_trigger_ui' retrieved from /home/airflow/.local/lib/python3.11/site-packages/airflow/example_dags/example_params_trigger_ui.py
[2024-02-27T15:12:52.588+0000] {logging_mixin.py:188} INFO - [2024-02-27T15:12:52.588+0000] {dag.py:3047} INFO - Sync 1 DAGs
[2024-02-27T15:12:52.595+0000] {logging_mixin.py:188} INFO - [2024-02-27T15:12:52.595+0000] {dag.py:3834} INFO - Setting next_dagrun for example_params_trigger_ui to None, run_after=None
[2024-02-27T15:12:52.606+0000] {processor.py:183} INFO - Processing /home/airflow/.local/lib/python3.11/site-packages/airflow/example_dags/example_params_trigger_ui.py took 0.054 seconds
[2024-02-27T15:20:38.034+0000] {processor.py:161} INFO - Started process (PID=39) to work on /home/airflow/.local/lib/python3.11/site-packages/airflow/example_dags/example_params_trigger_ui.py
[2024-02-27T15:20:38.035+0000] {processor.py:830} INFO - Processing file /home/airflow/.local/lib/python3.11/site-packages/airflow/example_dags/example_params_trigger_ui.py for tasks to queue
[2024-02-27T15:20:38.037+0000] {logging_mixin.py:188} INFO - [2024-02-27T15:20:38.037+0000] {dagbag.py:540} INFO - Filling up the DagBag from /home/airflow/.local/lib/python3.11/site-packages/airflow/example_dags/example_params_trigger_ui.py
[2024-02-27T15:20:38.052+0000] {processor.py:840} INFO - DAG(s) 'example_params_trigger_ui' retrieved from /home/airflow/.local/lib/python3.11/site-packages/airflow/example_dags/example_params_trigger_ui.py
[2024-02-27T15:20:38.088+0000] {logging_mixin.py:188} INFO - [2024-02-27T15:20:38.087+0000] {dag.py:3047} INFO - Sync 1 DAGs
[2024-02-27T15:20:38.105+0000] {logging_mixin.py:188} INFO - [2024-02-27T15:20:38.105+0000] {dag.py:3834} INFO - Setting next_dagrun for example_params_trigger_ui to None, run_after=None
[2024-02-27T15:20:38.126+0000] {processor.py:183} INFO - Processing /home/airflow/.local/lib/python3.11/site-packages/airflow/example_dags/example_params_trigger_ui.py took 0.095 seconds
[2024-02-27T15:21:08.432+0000] {processor.py:161} INFO - Started process (PID=94) to work on /home/airflow/.local/lib/python3.11/site-packages/airflow/example_dags/example_params_trigger_ui.py
[2024-02-27T15:21:08.433+0000] {processor.py:830} INFO - Processing file /home/airflow/.local/lib/python3.11/site-packages/airflow/example_dags/example_params_trigger_ui.py for tasks to queue
[2024-02-27T15:21:08.434+0000] {logging_mixin.py:188} INFO - [2024-02-27T15:21:08.434+0000] {dagbag.py:540} INFO - Filling up the DagBag from /home/airflow/.local/lib/python3.11/site-packages/airflow/example_dags/example_params_trigger_ui.py
[2024-02-27T15:21:08.442+0000] {processor.py:840} INFO - DAG(s) 'example_params_trigger_ui' retrieved from /home/airflow/.local/lib/python3.11/site-packages/airflow/example_dags/example_params_trigger_ui.py
[2024-02-27T15:21:08.588+0000] {logging_mixin.py:188} INFO - [2024-02-27T15:21:08.588+0000] {dag.py:3047} INFO - Sync 1 DAGs
[2024-02-27T15:21:08.599+0000] {logging_mixin.py:188} INFO - [2024-02-27T15:21:08.598+0000] {dag.py:3834} INFO - Setting next_dagrun for example_params_trigger_ui to None, run_after=None
[2024-02-27T15:21:08.629+0000] {processor.py:183} INFO - Processing /home/airflow/.local/lib/python3.11/site-packages/airflow/example_dags/example_params_trigger_ui.py took 0.199 seconds
