[2024-02-27T15:04:49.739+0000] {processor.py:161} INFO - Started process (PID=74) to work on /home/airflow/.local/lib/python3.11/site-packages/airflow/example_dags/example_branch_day_of_week_operator.py
[2024-02-27T15:04:49.739+0000] {processor.py:830} INFO - Processing file /home/airflow/.local/lib/python3.11/site-packages/airflow/example_dags/example_branch_day_of_week_operator.py for tasks to queue
[2024-02-27T15:04:49.740+0000] {logging_mixin.py:188} INFO - [2024-02-27T15:04:49.740+0000] {dagbag.py:540} INFO - Filling up the DagBag from /home/airflow/.local/lib/python3.11/site-packages/airflow/example_dags/example_branch_day_of_week_operator.py
[2024-02-27T15:04:49.746+0000] {processor.py:840} INFO - DAG(s) 'example_weekday_branch_operator' retrieved from /home/airflow/.local/lib/python3.11/site-packages/airflow/example_dags/example_branch_day_of_week_operator.py
[2024-02-27T15:04:49.752+0000] {logging_mixin.py:188} INFO - [2024-02-27T15:04:49.752+0000] {dag.py:3047} INFO - Sync 1 DAGs
[2024-02-27T15:04:49.766+0000] {logging_mixin.py:188} INFO - [2024-02-27T15:04:49.766+0000] {dag.py:3834} INFO - Setting next_dagrun for example_weekday_branch_operator to 2024-02-26 00:00:00+00:00, run_after=2024-02-27 00:00:00+00:00
[2024-02-27T15:04:49.779+0000] {processor.py:183} INFO - Processing /home/airflow/.local/lib/python3.11/site-packages/airflow/example_dags/example_branch_day_of_week_operator.py took 0.042 seconds
[2024-02-27T15:05:20.403+0000] {processor.py:161} INFO - Started process (PID=129) to work on /home/airflow/.local/lib/python3.11/site-packages/airflow/example_dags/example_branch_day_of_week_operator.py
[2024-02-27T15:05:20.404+0000] {processor.py:830} INFO - Processing file /home/airflow/.local/lib/python3.11/site-packages/airflow/example_dags/example_branch_day_of_week_operator.py for tasks to queue
[2024-02-27T15:05:20.405+0000] {logging_mixin.py:188} INFO - [2024-02-27T15:05:20.405+0000] {dagbag.py:540} INFO - Filling up the DagBag from /home/airflow/.local/lib/python3.11/site-packages/airflow/example_dags/example_branch_day_of_week_operator.py
[2024-02-27T15:05:20.410+0000] {processor.py:840} INFO - DAG(s) 'example_weekday_branch_operator' retrieved from /home/airflow/.local/lib/python3.11/site-packages/airflow/example_dags/example_branch_day_of_week_operator.py
[2024-02-27T15:05:20.470+0000] {logging_mixin.py:188} INFO - [2024-02-27T15:05:20.470+0000] {dag.py:3047} INFO - Sync 1 DAGs
[2024-02-27T15:05:20.481+0000] {logging_mixin.py:188} INFO - [2024-02-27T15:05:20.481+0000] {dag.py:3834} INFO - Setting next_dagrun for example_weekday_branch_operator to 2024-02-26 00:00:00+00:00, run_after=2024-02-27 00:00:00+00:00
[2024-02-27T15:05:20.493+0000] {processor.py:183} INFO - Processing /home/airflow/.local/lib/python3.11/site-packages/airflow/example_dags/example_branch_day_of_week_operator.py took 0.092 seconds
[2024-02-27T15:05:51.386+0000] {processor.py:161} INFO - Started process (PID=184) to work on /home/airflow/.local/lib/python3.11/site-packages/airflow/example_dags/example_branch_day_of_week_operator.py
[2024-02-27T15:05:51.386+0000] {processor.py:830} INFO - Processing file /home/airflow/.local/lib/python3.11/site-packages/airflow/example_dags/example_branch_day_of_week_operator.py for tasks to queue
[2024-02-27T15:05:51.388+0000] {logging_mixin.py:188} INFO - [2024-02-27T15:05:51.387+0000] {dagbag.py:540} INFO - Filling up the DagBag from /home/airflow/.local/lib/python3.11/site-packages/airflow/example_dags/example_branch_day_of_week_operator.py
[2024-02-27T15:05:51.392+0000] {processor.py:840} INFO - DAG(s) 'example_weekday_branch_operator' retrieved from /home/airflow/.local/lib/python3.11/site-packages/airflow/example_dags/example_branch_day_of_week_operator.py
[2024-02-27T15:05:51.404+0000] {logging_mixin.py:188} INFO - [2024-02-27T15:05:51.404+0000] {dag.py:3047} INFO - Sync 1 DAGs
[2024-02-27T15:05:51.417+0000] {logging_mixin.py:188} INFO - [2024-02-27T15:05:51.417+0000] {dag.py:3834} INFO - Setting next_dagrun for example_weekday_branch_operator to 2024-02-26 00:00:00+00:00, run_after=2024-02-27 00:00:00+00:00
[2024-02-27T15:05:51.427+0000] {processor.py:183} INFO - Processing /home/airflow/.local/lib/python3.11/site-packages/airflow/example_dags/example_branch_day_of_week_operator.py took 0.044 seconds
[2024-02-27T15:06:22.174+0000] {processor.py:161} INFO - Started process (PID=239) to work on /home/airflow/.local/lib/python3.11/site-packages/airflow/example_dags/example_branch_day_of_week_operator.py
[2024-02-27T15:06:22.175+0000] {processor.py:830} INFO - Processing file /home/airflow/.local/lib/python3.11/site-packages/airflow/example_dags/example_branch_day_of_week_operator.py for tasks to queue
[2024-02-27T15:06:22.176+0000] {logging_mixin.py:188} INFO - [2024-02-27T15:06:22.176+0000] {dagbag.py:540} INFO - Filling up the DagBag from /home/airflow/.local/lib/python3.11/site-packages/airflow/example_dags/example_branch_day_of_week_operator.py
[2024-02-27T15:06:22.181+0000] {processor.py:840} INFO - DAG(s) 'example_weekday_branch_operator' retrieved from /home/airflow/.local/lib/python3.11/site-packages/airflow/example_dags/example_branch_day_of_week_operator.py
[2024-02-27T15:06:22.193+0000] {logging_mixin.py:188} INFO - [2024-02-27T15:06:22.193+0000] {dag.py:3047} INFO - Sync 1 DAGs
[2024-02-27T15:06:22.207+0000] {logging_mixin.py:188} INFO - [2024-02-27T15:06:22.207+0000] {dag.py:3834} INFO - Setting next_dagrun for example_weekday_branch_operator to 2024-02-26 00:00:00+00:00, run_after=2024-02-27 00:00:00+00:00
[2024-02-27T15:06:22.219+0000] {processor.py:183} INFO - Processing /home/airflow/.local/lib/python3.11/site-packages/airflow/example_dags/example_branch_day_of_week_operator.py took 0.047 seconds
[2024-02-27T15:06:52.268+0000] {processor.py:161} INFO - Started process (PID=294) to work on /home/airflow/.local/lib/python3.11/site-packages/airflow/example_dags/example_branch_day_of_week_operator.py
[2024-02-27T15:06:52.269+0000] {processor.py:830} INFO - Processing file /home/airflow/.local/lib/python3.11/site-packages/airflow/example_dags/example_branch_day_of_week_operator.py for tasks to queue
[2024-02-27T15:06:52.271+0000] {logging_mixin.py:188} INFO - [2024-02-27T15:06:52.270+0000] {dagbag.py:540} INFO - Filling up the DagBag from /home/airflow/.local/lib/python3.11/site-packages/airflow/example_dags/example_branch_day_of_week_operator.py
[2024-02-27T15:06:52.275+0000] {processor.py:840} INFO - DAG(s) 'example_weekday_branch_operator' retrieved from /home/airflow/.local/lib/python3.11/site-packages/airflow/example_dags/example_branch_day_of_week_operator.py
[2024-02-27T15:06:52.287+0000] {logging_mixin.py:188} INFO - [2024-02-27T15:06:52.287+0000] {dag.py:3047} INFO - Sync 1 DAGs
[2024-02-27T15:06:52.300+0000] {logging_mixin.py:188} INFO - [2024-02-27T15:06:52.299+0000] {dag.py:3834} INFO - Setting next_dagrun for example_weekday_branch_operator to 2024-02-26 00:00:00+00:00, run_after=2024-02-27 00:00:00+00:00
[2024-02-27T15:06:52.311+0000] {processor.py:183} INFO - Processing /home/airflow/.local/lib/python3.11/site-packages/airflow/example_dags/example_branch_day_of_week_operator.py took 0.044 seconds
[2024-02-27T15:07:22.560+0000] {processor.py:161} INFO - Started process (PID=349) to work on /home/airflow/.local/lib/python3.11/site-packages/airflow/example_dags/example_branch_day_of_week_operator.py
[2024-02-27T15:07:22.561+0000] {processor.py:830} INFO - Processing file /home/airflow/.local/lib/python3.11/site-packages/airflow/example_dags/example_branch_day_of_week_operator.py for tasks to queue
[2024-02-27T15:07:22.562+0000] {logging_mixin.py:188} INFO - [2024-02-27T15:07:22.562+0000] {dagbag.py:540} INFO - Filling up the DagBag from /home/airflow/.local/lib/python3.11/site-packages/airflow/example_dags/example_branch_day_of_week_operator.py
[2024-02-27T15:07:22.567+0000] {processor.py:840} INFO - DAG(s) 'example_weekday_branch_operator' retrieved from /home/airflow/.local/lib/python3.11/site-packages/airflow/example_dags/example_branch_day_of_week_operator.py
[2024-02-27T15:07:22.579+0000] {logging_mixin.py:188} INFO - [2024-02-27T15:07:22.579+0000] {dag.py:3047} INFO - Sync 1 DAGs
[2024-02-27T15:07:22.592+0000] {logging_mixin.py:188} INFO - [2024-02-27T15:07:22.592+0000] {dag.py:3834} INFO - Setting next_dagrun for example_weekday_branch_operator to 2024-02-26 00:00:00+00:00, run_after=2024-02-27 00:00:00+00:00
[2024-02-27T15:07:22.602+0000] {processor.py:183} INFO - Processing /home/airflow/.local/lib/python3.11/site-packages/airflow/example_dags/example_branch_day_of_week_operator.py took 0.044 seconds
[2024-02-27T15:07:52.644+0000] {processor.py:161} INFO - Started process (PID=404) to work on /home/airflow/.local/lib/python3.11/site-packages/airflow/example_dags/example_branch_day_of_week_operator.py
[2024-02-27T15:07:52.645+0000] {processor.py:830} INFO - Processing file /home/airflow/.local/lib/python3.11/site-packages/airflow/example_dags/example_branch_day_of_week_operator.py for tasks to queue
[2024-02-27T15:07:52.646+0000] {logging_mixin.py:188} INFO - [2024-02-27T15:07:52.646+0000] {dagbag.py:540} INFO - Filling up the DagBag from /home/airflow/.local/lib/python3.11/site-packages/airflow/example_dags/example_branch_day_of_week_operator.py
[2024-02-27T15:07:52.651+0000] {processor.py:840} INFO - DAG(s) 'example_weekday_branch_operator' retrieved from /home/airflow/.local/lib/python3.11/site-packages/airflow/example_dags/example_branch_day_of_week_operator.py
[2024-02-27T15:07:52.662+0000] {logging_mixin.py:188} INFO - [2024-02-27T15:07:52.662+0000] {dag.py:3047} INFO - Sync 1 DAGs
[2024-02-27T15:07:52.676+0000] {logging_mixin.py:188} INFO - [2024-02-27T15:07:52.676+0000] {dag.py:3834} INFO - Setting next_dagrun for example_weekday_branch_operator to 2024-02-26 00:00:00+00:00, run_after=2024-02-27 00:00:00+00:00
[2024-02-27T15:07:52.686+0000] {processor.py:183} INFO - Processing /home/airflow/.local/lib/python3.11/site-packages/airflow/example_dags/example_branch_day_of_week_operator.py took 0.044 seconds
[2024-02-27T15:08:22.750+0000] {processor.py:161} INFO - Started process (PID=459) to work on /home/airflow/.local/lib/python3.11/site-packages/airflow/example_dags/example_branch_day_of_week_operator.py
[2024-02-27T15:08:22.751+0000] {processor.py:830} INFO - Processing file /home/airflow/.local/lib/python3.11/site-packages/airflow/example_dags/example_branch_day_of_week_operator.py for tasks to queue
[2024-02-27T15:08:22.752+0000] {logging_mixin.py:188} INFO - [2024-02-27T15:08:22.752+0000] {dagbag.py:540} INFO - Filling up the DagBag from /home/airflow/.local/lib/python3.11/site-packages/airflow/example_dags/example_branch_day_of_week_operator.py
[2024-02-27T15:08:22.757+0000] {processor.py:840} INFO - DAG(s) 'example_weekday_branch_operator' retrieved from /home/airflow/.local/lib/python3.11/site-packages/airflow/example_dags/example_branch_day_of_week_operator.py
[2024-02-27T15:08:22.769+0000] {logging_mixin.py:188} INFO - [2024-02-27T15:08:22.768+0000] {dag.py:3047} INFO - Sync 1 DAGs
[2024-02-27T15:08:22.782+0000] {logging_mixin.py:188} INFO - [2024-02-27T15:08:22.781+0000] {dag.py:3834} INFO - Setting next_dagrun for example_weekday_branch_operator to 2024-02-26 00:00:00+00:00, run_after=2024-02-27 00:00:00+00:00
[2024-02-27T15:08:22.792+0000] {processor.py:183} INFO - Processing /home/airflow/.local/lib/python3.11/site-packages/airflow/example_dags/example_branch_day_of_week_operator.py took 0.043 seconds
[2024-02-27T15:08:52.837+0000] {processor.py:161} INFO - Started process (PID=514) to work on /home/airflow/.local/lib/python3.11/site-packages/airflow/example_dags/example_branch_day_of_week_operator.py
[2024-02-27T15:08:52.838+0000] {processor.py:830} INFO - Processing file /home/airflow/.local/lib/python3.11/site-packages/airflow/example_dags/example_branch_day_of_week_operator.py for tasks to queue
[2024-02-27T15:08:52.840+0000] {logging_mixin.py:188} INFO - [2024-02-27T15:08:52.840+0000] {dagbag.py:540} INFO - Filling up the DagBag from /home/airflow/.local/lib/python3.11/site-packages/airflow/example_dags/example_branch_day_of_week_operator.py
[2024-02-27T15:08:52.844+0000] {processor.py:840} INFO - DAG(s) 'example_weekday_branch_operator' retrieved from /home/airflow/.local/lib/python3.11/site-packages/airflow/example_dags/example_branch_day_of_week_operator.py
[2024-02-27T15:08:52.857+0000] {logging_mixin.py:188} INFO - [2024-02-27T15:08:52.857+0000] {dag.py:3047} INFO - Sync 1 DAGs
[2024-02-27T15:08:52.870+0000] {logging_mixin.py:188} INFO - [2024-02-27T15:08:52.869+0000] {dag.py:3834} INFO - Setting next_dagrun for example_weekday_branch_operator to 2024-02-26 00:00:00+00:00, run_after=2024-02-27 00:00:00+00:00
[2024-02-27T15:08:52.880+0000] {processor.py:183} INFO - Processing /home/airflow/.local/lib/python3.11/site-packages/airflow/example_dags/example_branch_day_of_week_operator.py took 0.044 seconds
[2024-02-27T15:09:23.106+0000] {processor.py:161} INFO - Started process (PID=569) to work on /home/airflow/.local/lib/python3.11/site-packages/airflow/example_dags/example_branch_day_of_week_operator.py
[2024-02-27T15:09:23.107+0000] {processor.py:830} INFO - Processing file /home/airflow/.local/lib/python3.11/site-packages/airflow/example_dags/example_branch_day_of_week_operator.py for tasks to queue
[2024-02-27T15:09:23.108+0000] {logging_mixin.py:188} INFO - [2024-02-27T15:09:23.108+0000] {dagbag.py:540} INFO - Filling up the DagBag from /home/airflow/.local/lib/python3.11/site-packages/airflow/example_dags/example_branch_day_of_week_operator.py
[2024-02-27T15:09:23.112+0000] {processor.py:840} INFO - DAG(s) 'example_weekday_branch_operator' retrieved from /home/airflow/.local/lib/python3.11/site-packages/airflow/example_dags/example_branch_day_of_week_operator.py
[2024-02-27T15:09:23.125+0000] {logging_mixin.py:188} INFO - [2024-02-27T15:09:23.124+0000] {dag.py:3047} INFO - Sync 1 DAGs
[2024-02-27T15:09:23.139+0000] {logging_mixin.py:188} INFO - [2024-02-27T15:09:23.139+0000] {dag.py:3834} INFO - Setting next_dagrun for example_weekday_branch_operator to 2024-02-26 00:00:00+00:00, run_after=2024-02-27 00:00:00+00:00
[2024-02-27T15:09:23.149+0000] {processor.py:183} INFO - Processing /home/airflow/.local/lib/python3.11/site-packages/airflow/example_dags/example_branch_day_of_week_operator.py took 0.045 seconds
[2024-02-27T15:09:53.197+0000] {processor.py:161} INFO - Started process (PID=624) to work on /home/airflow/.local/lib/python3.11/site-packages/airflow/example_dags/example_branch_day_of_week_operator.py
[2024-02-27T15:09:53.197+0000] {processor.py:830} INFO - Processing file /home/airflow/.local/lib/python3.11/site-packages/airflow/example_dags/example_branch_day_of_week_operator.py for tasks to queue
[2024-02-27T15:09:53.199+0000] {logging_mixin.py:188} INFO - [2024-02-27T15:09:53.199+0000] {dagbag.py:540} INFO - Filling up the DagBag from /home/airflow/.local/lib/python3.11/site-packages/airflow/example_dags/example_branch_day_of_week_operator.py
[2024-02-27T15:09:53.204+0000] {processor.py:840} INFO - DAG(s) 'example_weekday_branch_operator' retrieved from /home/airflow/.local/lib/python3.11/site-packages/airflow/example_dags/example_branch_day_of_week_operator.py
[2024-02-27T15:09:53.216+0000] {logging_mixin.py:188} INFO - [2024-02-27T15:09:53.216+0000] {dag.py:3047} INFO - Sync 1 DAGs
[2024-02-27T15:09:53.230+0000] {logging_mixin.py:188} INFO - [2024-02-27T15:09:53.230+0000] {dag.py:3834} INFO - Setting next_dagrun for example_weekday_branch_operator to 2024-02-26 00:00:00+00:00, run_after=2024-02-27 00:00:00+00:00
[2024-02-27T15:09:53.244+0000] {processor.py:183} INFO - Processing /home/airflow/.local/lib/python3.11/site-packages/airflow/example_dags/example_branch_day_of_week_operator.py took 0.049 seconds
[2024-02-27T15:10:23.301+0000] {processor.py:161} INFO - Started process (PID=679) to work on /home/airflow/.local/lib/python3.11/site-packages/airflow/example_dags/example_branch_day_of_week_operator.py
[2024-02-27T15:10:23.301+0000] {processor.py:830} INFO - Processing file /home/airflow/.local/lib/python3.11/site-packages/airflow/example_dags/example_branch_day_of_week_operator.py for tasks to queue
[2024-02-27T15:10:23.303+0000] {logging_mixin.py:188} INFO - [2024-02-27T15:10:23.303+0000] {dagbag.py:540} INFO - Filling up the DagBag from /home/airflow/.local/lib/python3.11/site-packages/airflow/example_dags/example_branch_day_of_week_operator.py
[2024-02-27T15:10:23.307+0000] {processor.py:840} INFO - DAG(s) 'example_weekday_branch_operator' retrieved from /home/airflow/.local/lib/python3.11/site-packages/airflow/example_dags/example_branch_day_of_week_operator.py
[2024-02-27T15:10:23.319+0000] {logging_mixin.py:188} INFO - [2024-02-27T15:10:23.319+0000] {dag.py:3047} INFO - Sync 1 DAGs
[2024-02-27T15:10:23.332+0000] {logging_mixin.py:188} INFO - [2024-02-27T15:10:23.331+0000] {dag.py:3834} INFO - Setting next_dagrun for example_weekday_branch_operator to 2024-02-26 00:00:00+00:00, run_after=2024-02-27 00:00:00+00:00
[2024-02-27T15:10:23.343+0000] {processor.py:183} INFO - Processing /home/airflow/.local/lib/python3.11/site-packages/airflow/example_dags/example_branch_day_of_week_operator.py took 0.044 seconds
[2024-02-27T15:10:54.365+0000] {processor.py:161} INFO - Started process (PID=734) to work on /home/airflow/.local/lib/python3.11/site-packages/airflow/example_dags/example_branch_day_of_week_operator.py
[2024-02-27T15:10:54.366+0000] {processor.py:830} INFO - Processing file /home/airflow/.local/lib/python3.11/site-packages/airflow/example_dags/example_branch_day_of_week_operator.py for tasks to queue
[2024-02-27T15:10:54.368+0000] {logging_mixin.py:188} INFO - [2024-02-27T15:10:54.367+0000] {dagbag.py:540} INFO - Filling up the DagBag from /home/airflow/.local/lib/python3.11/site-packages/airflow/example_dags/example_branch_day_of_week_operator.py
[2024-02-27T15:10:54.372+0000] {processor.py:840} INFO - DAG(s) 'example_weekday_branch_operator' retrieved from /home/airflow/.local/lib/python3.11/site-packages/airflow/example_dags/example_branch_day_of_week_operator.py
[2024-02-27T15:10:54.384+0000] {logging_mixin.py:188} INFO - [2024-02-27T15:10:54.384+0000] {dag.py:3047} INFO - Sync 1 DAGs
[2024-02-27T15:10:54.397+0000] {logging_mixin.py:188} INFO - [2024-02-27T15:10:54.397+0000] {dag.py:3834} INFO - Setting next_dagrun for example_weekday_branch_operator to 2024-02-26 00:00:00+00:00, run_after=2024-02-27 00:00:00+00:00
[2024-02-27T15:10:54.409+0000] {processor.py:183} INFO - Processing /home/airflow/.local/lib/python3.11/site-packages/airflow/example_dags/example_branch_day_of_week_operator.py took 0.046 seconds
[2024-02-27T15:11:24.613+0000] {processor.py:161} INFO - Started process (PID=789) to work on /home/airflow/.local/lib/python3.11/site-packages/airflow/example_dags/example_branch_day_of_week_operator.py
[2024-02-27T15:11:24.614+0000] {processor.py:830} INFO - Processing file /home/airflow/.local/lib/python3.11/site-packages/airflow/example_dags/example_branch_day_of_week_operator.py for tasks to queue
[2024-02-27T15:11:24.615+0000] {logging_mixin.py:188} INFO - [2024-02-27T15:11:24.615+0000] {dagbag.py:540} INFO - Filling up the DagBag from /home/airflow/.local/lib/python3.11/site-packages/airflow/example_dags/example_branch_day_of_week_operator.py
[2024-02-27T15:11:24.619+0000] {processor.py:840} INFO - DAG(s) 'example_weekday_branch_operator' retrieved from /home/airflow/.local/lib/python3.11/site-packages/airflow/example_dags/example_branch_day_of_week_operator.py
[2024-02-27T15:11:24.631+0000] {logging_mixin.py:188} INFO - [2024-02-27T15:11:24.631+0000] {dag.py:3047} INFO - Sync 1 DAGs
[2024-02-27T15:11:24.644+0000] {logging_mixin.py:188} INFO - [2024-02-27T15:11:24.644+0000] {dag.py:3834} INFO - Setting next_dagrun for example_weekday_branch_operator to 2024-02-26 00:00:00+00:00, run_after=2024-02-27 00:00:00+00:00
[2024-02-27T15:11:24.656+0000] {processor.py:183} INFO - Processing /home/airflow/.local/lib/python3.11/site-packages/airflow/example_dags/example_branch_day_of_week_operator.py took 0.045 seconds
[2024-02-27T15:11:54.695+0000] {processor.py:161} INFO - Started process (PID=845) to work on /home/airflow/.local/lib/python3.11/site-packages/airflow/example_dags/example_branch_day_of_week_operator.py
[2024-02-27T15:11:54.697+0000] {processor.py:830} INFO - Processing file /home/airflow/.local/lib/python3.11/site-packages/airflow/example_dags/example_branch_day_of_week_operator.py for tasks to queue
[2024-02-27T15:11:54.699+0000] {logging_mixin.py:188} INFO - [2024-02-27T15:11:54.698+0000] {dagbag.py:540} INFO - Filling up the DagBag from /home/airflow/.local/lib/python3.11/site-packages/airflow/example_dags/example_branch_day_of_week_operator.py
[2024-02-27T15:11:54.704+0000] {processor.py:840} INFO - DAG(s) 'example_weekday_branch_operator' retrieved from /home/airflow/.local/lib/python3.11/site-packages/airflow/example_dags/example_branch_day_of_week_operator.py
[2024-02-27T15:11:54.718+0000] {logging_mixin.py:188} INFO - [2024-02-27T15:11:54.718+0000] {dag.py:3047} INFO - Sync 1 DAGs
[2024-02-27T15:11:54.733+0000] {logging_mixin.py:188} INFO - [2024-02-27T15:11:54.732+0000] {dag.py:3834} INFO - Setting next_dagrun for example_weekday_branch_operator to 2024-02-26 00:00:00+00:00, run_after=2024-02-27 00:00:00+00:00
[2024-02-27T15:11:54.814+0000] {processor.py:183} INFO - Processing /home/airflow/.local/lib/python3.11/site-packages/airflow/example_dags/example_branch_day_of_week_operator.py took 0.122 seconds
[2024-02-27T15:12:24.917+0000] {processor.py:161} INFO - Started process (PID=900) to work on /home/airflow/.local/lib/python3.11/site-packages/airflow/example_dags/example_branch_day_of_week_operator.py
[2024-02-27T15:12:24.918+0000] {processor.py:830} INFO - Processing file /home/airflow/.local/lib/python3.11/site-packages/airflow/example_dags/example_branch_day_of_week_operator.py for tasks to queue
[2024-02-27T15:12:24.919+0000] {logging_mixin.py:188} INFO - [2024-02-27T15:12:24.919+0000] {dagbag.py:540} INFO - Filling up the DagBag from /home/airflow/.local/lib/python3.11/site-packages/airflow/example_dags/example_branch_day_of_week_operator.py
[2024-02-27T15:12:24.923+0000] {processor.py:840} INFO - DAG(s) 'example_weekday_branch_operator' retrieved from /home/airflow/.local/lib/python3.11/site-packages/airflow/example_dags/example_branch_day_of_week_operator.py
[2024-02-27T15:12:24.935+0000] {logging_mixin.py:188} INFO - [2024-02-27T15:12:24.934+0000] {dag.py:3047} INFO - Sync 1 DAGs
[2024-02-27T15:12:24.947+0000] {logging_mixin.py:188} INFO - [2024-02-27T15:12:24.947+0000] {dag.py:3834} INFO - Setting next_dagrun for example_weekday_branch_operator to 2024-02-26 00:00:00+00:00, run_after=2024-02-27 00:00:00+00:00
[2024-02-27T15:12:24.958+0000] {processor.py:183} INFO - Processing /home/airflow/.local/lib/python3.11/site-packages/airflow/example_dags/example_branch_day_of_week_operator.py took 0.042 seconds
[2024-02-27T15:12:54.996+0000] {processor.py:161} INFO - Started process (PID=955) to work on /home/airflow/.local/lib/python3.11/site-packages/airflow/example_dags/example_branch_day_of_week_operator.py
[2024-02-27T15:12:54.997+0000] {processor.py:830} INFO - Processing file /home/airflow/.local/lib/python3.11/site-packages/airflow/example_dags/example_branch_day_of_week_operator.py for tasks to queue
[2024-02-27T15:12:54.999+0000] {logging_mixin.py:188} INFO - [2024-02-27T15:12:54.998+0000] {dagbag.py:540} INFO - Filling up the DagBag from /home/airflow/.local/lib/python3.11/site-packages/airflow/example_dags/example_branch_day_of_week_operator.py
[2024-02-27T15:12:55.003+0000] {processor.py:840} INFO - DAG(s) 'example_weekday_branch_operator' retrieved from /home/airflow/.local/lib/python3.11/site-packages/airflow/example_dags/example_branch_day_of_week_operator.py
[2024-02-27T15:12:55.016+0000] {logging_mixin.py:188} INFO - [2024-02-27T15:12:55.016+0000] {dag.py:3047} INFO - Sync 1 DAGs
[2024-02-27T15:12:55.030+0000] {logging_mixin.py:188} INFO - [2024-02-27T15:12:55.030+0000] {dag.py:3834} INFO - Setting next_dagrun for example_weekday_branch_operator to 2024-02-26 00:00:00+00:00, run_after=2024-02-27 00:00:00+00:00
[2024-02-27T15:12:55.043+0000] {processor.py:183} INFO - Processing /home/airflow/.local/lib/python3.11/site-packages/airflow/example_dags/example_branch_day_of_week_operator.py took 0.048 seconds
[2024-02-27T15:20:40.021+0000] {processor.py:161} INFO - Started process (PID=74) to work on /home/airflow/.local/lib/python3.11/site-packages/airflow/example_dags/example_branch_day_of_week_operator.py
[2024-02-27T15:20:40.022+0000] {processor.py:830} INFO - Processing file /home/airflow/.local/lib/python3.11/site-packages/airflow/example_dags/example_branch_day_of_week_operator.py for tasks to queue
[2024-02-27T15:20:40.023+0000] {logging_mixin.py:188} INFO - [2024-02-27T15:20:40.023+0000] {dagbag.py:540} INFO - Filling up the DagBag from /home/airflow/.local/lib/python3.11/site-packages/airflow/example_dags/example_branch_day_of_week_operator.py
[2024-02-27T15:20:40.029+0000] {processor.py:840} INFO - DAG(s) 'example_weekday_branch_operator' retrieved from /home/airflow/.local/lib/python3.11/site-packages/airflow/example_dags/example_branch_day_of_week_operator.py
[2024-02-27T15:20:40.053+0000] {logging_mixin.py:188} INFO - [2024-02-27T15:20:40.053+0000] {dag.py:3047} INFO - Sync 1 DAGs
[2024-02-27T15:20:40.077+0000] {logging_mixin.py:188} INFO - [2024-02-27T15:20:40.077+0000] {dag.py:3834} INFO - Setting next_dagrun for example_weekday_branch_operator to 2024-02-26 00:00:00+00:00, run_after=2024-02-27 00:00:00+00:00
[2024-02-27T15:20:40.102+0000] {processor.py:183} INFO - Processing /home/airflow/.local/lib/python3.11/site-packages/airflow/example_dags/example_branch_day_of_week_operator.py took 0.083 seconds
[2024-02-27T15:21:11.034+0000] {processor.py:161} INFO - Started process (PID=129) to work on /home/airflow/.local/lib/python3.11/site-packages/airflow/example_dags/example_branch_day_of_week_operator.py
[2024-02-27T15:21:11.035+0000] {processor.py:830} INFO - Processing file /home/airflow/.local/lib/python3.11/site-packages/airflow/example_dags/example_branch_day_of_week_operator.py for tasks to queue
[2024-02-27T15:21:11.037+0000] {logging_mixin.py:188} INFO - [2024-02-27T15:21:11.036+0000] {dagbag.py:540} INFO - Filling up the DagBag from /home/airflow/.local/lib/python3.11/site-packages/airflow/example_dags/example_branch_day_of_week_operator.py
[2024-02-27T15:21:11.041+0000] {processor.py:840} INFO - DAG(s) 'example_weekday_branch_operator' retrieved from /home/airflow/.local/lib/python3.11/site-packages/airflow/example_dags/example_branch_day_of_week_operator.py
[2024-02-27T15:21:11.110+0000] {logging_mixin.py:188} INFO - [2024-02-27T15:21:11.110+0000] {dag.py:3047} INFO - Sync 1 DAGs
[2024-02-27T15:21:11.132+0000] {logging_mixin.py:188} INFO - [2024-02-27T15:21:11.131+0000] {dag.py:3834} INFO - Setting next_dagrun for example_weekday_branch_operator to 2024-02-26 00:00:00+00:00, run_after=2024-02-27 00:00:00+00:00
[2024-02-27T15:21:11.151+0000] {processor.py:183} INFO - Processing /home/airflow/.local/lib/python3.11/site-packages/airflow/example_dags/example_branch_day_of_week_operator.py took 0.119 seconds
