[2024-02-27T15:04:48.773+0000] {processor.py:161} INFO - Started process (PID=51) to work on /home/airflow/.local/lib/python3.11/site-packages/airflow/example_dags/example_datasets.py
[2024-02-27T15:04:48.774+0000] {processor.py:830} INFO - Processing file /home/airflow/.local/lib/python3.11/site-packages/airflow/example_dags/example_datasets.py for tasks to queue
[2024-02-27T15:04:48.776+0000] {logging_mixin.py:188} INFO - [2024-02-27T15:04:48.775+0000] {dagbag.py:540} INFO - Filling up the DagBag from /home/airflow/.local/lib/python3.11/site-packages/airflow/example_dags/example_datasets.py
[2024-02-27T15:04:48.783+0000] {processor.py:840} INFO - DAG(s) 'dataset_consumes_1', 'dataset_consumes_unknown_never_scheduled', 'dataset_produces_2', 'dataset_consumes_1_never_scheduled', 'dataset_produces_1', 'dataset_consumes_1_and_2' retrieved from /home/airflow/.local/lib/python3.11/site-packages/airflow/example_dags/example_datasets.py
[2024-02-27T15:04:48.792+0000] {logging_mixin.py:188} INFO - [2024-02-27T15:04:48.792+0000] {dag.py:3047} INFO - Sync 6 DAGs
[2024-02-27T15:04:48.805+0000] {logging_mixin.py:188} INFO - [2024-02-27T15:04:48.805+0000] {dag.py:3834} INFO - Setting next_dagrun for dataset_consumes_1 to None, run_after=None
[2024-02-27T15:04:48.808+0000] {logging_mixin.py:188} INFO - [2024-02-27T15:04:48.808+0000] {dag.py:3834} INFO - Setting next_dagrun for dataset_consumes_1_and_2 to None, run_after=None
[2024-02-27T15:04:48.809+0000] {logging_mixin.py:188} INFO - [2024-02-27T15:04:48.809+0000] {dag.py:3834} INFO - Setting next_dagrun for dataset_consumes_1_never_scheduled to None, run_after=None
[2024-02-27T15:04:48.810+0000] {logging_mixin.py:188} INFO - [2024-02-27T15:04:48.810+0000] {dag.py:3834} INFO - Setting next_dagrun for dataset_consumes_unknown_never_scheduled to None, run_after=None
[2024-02-27T15:04:48.812+0000] {logging_mixin.py:188} INFO - [2024-02-27T15:04:48.812+0000] {dag.py:3834} INFO - Setting next_dagrun for dataset_produces_1 to 2024-02-26 00:00:00+00:00, run_after=2024-02-27 00:00:00+00:00
[2024-02-27T15:04:48.814+0000] {logging_mixin.py:188} INFO - [2024-02-27T15:04:48.814+0000] {dag.py:3834} INFO - Setting next_dagrun for dataset_produces_2 to None, run_after=None
[2024-02-27T15:04:48.835+0000] {processor.py:183} INFO - Processing /home/airflow/.local/lib/python3.11/site-packages/airflow/example_dags/example_datasets.py took 0.063 seconds
[2024-02-27T15:05:19.058+0000] {processor.py:161} INFO - Started process (PID=106) to work on /home/airflow/.local/lib/python3.11/site-packages/airflow/example_dags/example_datasets.py
[2024-02-27T15:05:19.059+0000] {processor.py:830} INFO - Processing file /home/airflow/.local/lib/python3.11/site-packages/airflow/example_dags/example_datasets.py for tasks to queue
[2024-02-27T15:05:19.060+0000] {logging_mixin.py:188} INFO - [2024-02-27T15:05:19.059+0000] {dagbag.py:540} INFO - Filling up the DagBag from /home/airflow/.local/lib/python3.11/site-packages/airflow/example_dags/example_datasets.py
[2024-02-27T15:05:19.065+0000] {processor.py:840} INFO - DAG(s) 'dataset_consumes_1_and_2', 'dataset_produces_1', 'dataset_consumes_1_never_scheduled', 'dataset_produces_2', 'dataset_consumes_1', 'dataset_consumes_unknown_never_scheduled' retrieved from /home/airflow/.local/lib/python3.11/site-packages/airflow/example_dags/example_datasets.py
[2024-02-27T15:05:19.148+0000] {logging_mixin.py:188} INFO - [2024-02-27T15:05:19.148+0000] {dag.py:3047} INFO - Sync 6 DAGs
[2024-02-27T15:05:19.160+0000] {logging_mixin.py:188} INFO - [2024-02-27T15:05:19.160+0000] {dag.py:3834} INFO - Setting next_dagrun for dataset_consumes_1 to None, run_after=None
[2024-02-27T15:05:19.162+0000] {logging_mixin.py:188} INFO - [2024-02-27T15:05:19.161+0000] {dag.py:3834} INFO - Setting next_dagrun for dataset_consumes_1_and_2 to None, run_after=None
[2024-02-27T15:05:19.162+0000] {logging_mixin.py:188} INFO - [2024-02-27T15:05:19.162+0000] {dag.py:3834} INFO - Setting next_dagrun for dataset_consumes_1_never_scheduled to None, run_after=None
[2024-02-27T15:05:19.163+0000] {logging_mixin.py:188} INFO - [2024-02-27T15:05:19.163+0000] {dag.py:3834} INFO - Setting next_dagrun for dataset_consumes_unknown_never_scheduled to None, run_after=None
[2024-02-27T15:05:19.165+0000] {logging_mixin.py:188} INFO - [2024-02-27T15:05:19.165+0000] {dag.py:3834} INFO - Setting next_dagrun for dataset_produces_1 to 2024-02-26 00:00:00+00:00, run_after=2024-02-27 00:00:00+00:00
[2024-02-27T15:05:19.166+0000] {logging_mixin.py:188} INFO - [2024-02-27T15:05:19.166+0000] {dag.py:3834} INFO - Setting next_dagrun for dataset_produces_2 to None, run_after=None
[2024-02-27T15:05:19.183+0000] {processor.py:183} INFO - Processing /home/airflow/.local/lib/python3.11/site-packages/airflow/example_dags/example_datasets.py took 0.127 seconds
[2024-02-27T15:05:49.630+0000] {processor.py:161} INFO - Started process (PID=161) to work on /home/airflow/.local/lib/python3.11/site-packages/airflow/example_dags/example_datasets.py
[2024-02-27T15:05:49.630+0000] {processor.py:830} INFO - Processing file /home/airflow/.local/lib/python3.11/site-packages/airflow/example_dags/example_datasets.py for tasks to queue
[2024-02-27T15:05:49.632+0000] {logging_mixin.py:188} INFO - [2024-02-27T15:05:49.631+0000] {dagbag.py:540} INFO - Filling up the DagBag from /home/airflow/.local/lib/python3.11/site-packages/airflow/example_dags/example_datasets.py
[2024-02-27T15:05:49.637+0000] {processor.py:840} INFO - DAG(s) 'dataset_produces_1', 'dataset_consumes_1_and_2', 'dataset_consumes_1', 'dataset_produces_2', 'dataset_consumes_unknown_never_scheduled', 'dataset_consumes_1_never_scheduled' retrieved from /home/airflow/.local/lib/python3.11/site-packages/airflow/example_dags/example_datasets.py
[2024-02-27T15:05:49.658+0000] {logging_mixin.py:188} INFO - [2024-02-27T15:05:49.658+0000] {dag.py:3047} INFO - Sync 6 DAGs
[2024-02-27T15:05:49.672+0000] {logging_mixin.py:188} INFO - [2024-02-27T15:05:49.672+0000] {dag.py:3834} INFO - Setting next_dagrun for dataset_consumes_1 to None, run_after=None
[2024-02-27T15:05:49.674+0000] {logging_mixin.py:188} INFO - [2024-02-27T15:05:49.674+0000] {dag.py:3834} INFO - Setting next_dagrun for dataset_consumes_1_and_2 to None, run_after=None
[2024-02-27T15:05:49.675+0000] {logging_mixin.py:188} INFO - [2024-02-27T15:05:49.675+0000] {dag.py:3834} INFO - Setting next_dagrun for dataset_consumes_1_never_scheduled to None, run_after=None
[2024-02-27T15:05:49.676+0000] {logging_mixin.py:188} INFO - [2024-02-27T15:05:49.676+0000] {dag.py:3834} INFO - Setting next_dagrun for dataset_consumes_unknown_never_scheduled to None, run_after=None
[2024-02-27T15:05:49.678+0000] {logging_mixin.py:188} INFO - [2024-02-27T15:05:49.678+0000] {dag.py:3834} INFO - Setting next_dagrun for dataset_produces_1 to 2024-02-26 00:00:00+00:00, run_after=2024-02-27 00:00:00+00:00
[2024-02-27T15:05:49.679+0000] {logging_mixin.py:188} INFO - [2024-02-27T15:05:49.678+0000] {dag.py:3834} INFO - Setting next_dagrun for dataset_produces_2 to None, run_after=None
[2024-02-27T15:05:49.697+0000] {processor.py:183} INFO - Processing /home/airflow/.local/lib/python3.11/site-packages/airflow/example_dags/example_datasets.py took 0.069 seconds
[2024-02-27T15:06:20.362+0000] {processor.py:161} INFO - Started process (PID=216) to work on /home/airflow/.local/lib/python3.11/site-packages/airflow/example_dags/example_datasets.py
[2024-02-27T15:06:20.363+0000] {processor.py:830} INFO - Processing file /home/airflow/.local/lib/python3.11/site-packages/airflow/example_dags/example_datasets.py for tasks to queue
[2024-02-27T15:06:20.364+0000] {logging_mixin.py:188} INFO - [2024-02-27T15:06:20.364+0000] {dagbag.py:540} INFO - Filling up the DagBag from /home/airflow/.local/lib/python3.11/site-packages/airflow/example_dags/example_datasets.py
[2024-02-27T15:06:20.370+0000] {processor.py:840} INFO - DAG(s) 'dataset_produces_2', 'dataset_consumes_1_never_scheduled', 'dataset_consumes_1_and_2', 'dataset_consumes_1', 'dataset_produces_1', 'dataset_consumes_unknown_never_scheduled' retrieved from /home/airflow/.local/lib/python3.11/site-packages/airflow/example_dags/example_datasets.py
[2024-02-27T15:06:20.389+0000] {logging_mixin.py:188} INFO - [2024-02-27T15:06:20.388+0000] {dag.py:3047} INFO - Sync 6 DAGs
[2024-02-27T15:06:20.402+0000] {logging_mixin.py:188} INFO - [2024-02-27T15:06:20.402+0000] {dag.py:3834} INFO - Setting next_dagrun for dataset_consumes_1 to None, run_after=None
[2024-02-27T15:06:20.404+0000] {logging_mixin.py:188} INFO - [2024-02-27T15:06:20.404+0000] {dag.py:3834} INFO - Setting next_dagrun for dataset_consumes_1_and_2 to None, run_after=None
[2024-02-27T15:06:20.405+0000] {logging_mixin.py:188} INFO - [2024-02-27T15:06:20.405+0000] {dag.py:3834} INFO - Setting next_dagrun for dataset_consumes_1_never_scheduled to None, run_after=None
[2024-02-27T15:06:20.405+0000] {logging_mixin.py:188} INFO - [2024-02-27T15:06:20.405+0000] {dag.py:3834} INFO - Setting next_dagrun for dataset_consumes_unknown_never_scheduled to None, run_after=None
[2024-02-27T15:06:20.407+0000] {logging_mixin.py:188} INFO - [2024-02-27T15:06:20.407+0000] {dag.py:3834} INFO - Setting next_dagrun for dataset_produces_1 to 2024-02-26 00:00:00+00:00, run_after=2024-02-27 00:00:00+00:00
[2024-02-27T15:06:20.408+0000] {logging_mixin.py:188} INFO - [2024-02-27T15:06:20.408+0000] {dag.py:3834} INFO - Setting next_dagrun for dataset_produces_2 to None, run_after=None
[2024-02-27T15:06:20.423+0000] {processor.py:183} INFO - Processing /home/airflow/.local/lib/python3.11/site-packages/airflow/example_dags/example_datasets.py took 0.063 seconds
[2024-02-27T15:06:51.391+0000] {processor.py:161} INFO - Started process (PID=271) to work on /home/airflow/.local/lib/python3.11/site-packages/airflow/example_dags/example_datasets.py
[2024-02-27T15:06:51.392+0000] {processor.py:830} INFO - Processing file /home/airflow/.local/lib/python3.11/site-packages/airflow/example_dags/example_datasets.py for tasks to queue
[2024-02-27T15:06:51.393+0000] {logging_mixin.py:188} INFO - [2024-02-27T15:06:51.393+0000] {dagbag.py:540} INFO - Filling up the DagBag from /home/airflow/.local/lib/python3.11/site-packages/airflow/example_dags/example_datasets.py
[2024-02-27T15:06:51.399+0000] {processor.py:840} INFO - DAG(s) 'dataset_consumes_1_never_scheduled', 'dataset_consumes_unknown_never_scheduled', 'dataset_consumes_1', 'dataset_produces_2', 'dataset_consumes_1_and_2', 'dataset_produces_1' retrieved from /home/airflow/.local/lib/python3.11/site-packages/airflow/example_dags/example_datasets.py
[2024-02-27T15:06:51.417+0000] {logging_mixin.py:188} INFO - [2024-02-27T15:06:51.417+0000] {dag.py:3047} INFO - Sync 6 DAGs
[2024-02-27T15:06:51.430+0000] {logging_mixin.py:188} INFO - [2024-02-27T15:06:51.430+0000] {dag.py:3834} INFO - Setting next_dagrun for dataset_consumes_1 to None, run_after=None
[2024-02-27T15:06:51.432+0000] {logging_mixin.py:188} INFO - [2024-02-27T15:06:51.432+0000] {dag.py:3834} INFO - Setting next_dagrun for dataset_consumes_1_and_2 to None, run_after=None
[2024-02-27T15:06:51.433+0000] {logging_mixin.py:188} INFO - [2024-02-27T15:06:51.433+0000] {dag.py:3834} INFO - Setting next_dagrun for dataset_consumes_1_never_scheduled to None, run_after=None
[2024-02-27T15:06:51.434+0000] {logging_mixin.py:188} INFO - [2024-02-27T15:06:51.434+0000] {dag.py:3834} INFO - Setting next_dagrun for dataset_consumes_unknown_never_scheduled to None, run_after=None
[2024-02-27T15:06:51.436+0000] {logging_mixin.py:188} INFO - [2024-02-27T15:06:51.436+0000] {dag.py:3834} INFO - Setting next_dagrun for dataset_produces_1 to 2024-02-26 00:00:00+00:00, run_after=2024-02-27 00:00:00+00:00
[2024-02-27T15:06:51.437+0000] {logging_mixin.py:188} INFO - [2024-02-27T15:06:51.437+0000] {dag.py:3834} INFO - Setting next_dagrun for dataset_produces_2 to None, run_after=None
[2024-02-27T15:06:51.457+0000] {processor.py:183} INFO - Processing /home/airflow/.local/lib/python3.11/site-packages/airflow/example_dags/example_datasets.py took 0.068 seconds
[2024-02-27T15:07:21.507+0000] {processor.py:161} INFO - Started process (PID=326) to work on /home/airflow/.local/lib/python3.11/site-packages/airflow/example_dags/example_datasets.py
[2024-02-27T15:07:21.508+0000] {processor.py:830} INFO - Processing file /home/airflow/.local/lib/python3.11/site-packages/airflow/example_dags/example_datasets.py for tasks to queue
[2024-02-27T15:07:21.509+0000] {logging_mixin.py:188} INFO - [2024-02-27T15:07:21.509+0000] {dagbag.py:540} INFO - Filling up the DagBag from /home/airflow/.local/lib/python3.11/site-packages/airflow/example_dags/example_datasets.py
[2024-02-27T15:07:21.515+0000] {processor.py:840} INFO - DAG(s) 'dataset_consumes_unknown_never_scheduled', 'dataset_produces_1', 'dataset_consumes_1_never_scheduled', 'dataset_produces_2', 'dataset_consumes_1_and_2', 'dataset_consumes_1' retrieved from /home/airflow/.local/lib/python3.11/site-packages/airflow/example_dags/example_datasets.py
[2024-02-27T15:07:21.533+0000] {logging_mixin.py:188} INFO - [2024-02-27T15:07:21.532+0000] {dag.py:3047} INFO - Sync 6 DAGs
[2024-02-27T15:07:21.545+0000] {logging_mixin.py:188} INFO - [2024-02-27T15:07:21.545+0000] {dag.py:3834} INFO - Setting next_dagrun for dataset_consumes_1 to None, run_after=None
[2024-02-27T15:07:21.547+0000] {logging_mixin.py:188} INFO - [2024-02-27T15:07:21.547+0000] {dag.py:3834} INFO - Setting next_dagrun for dataset_consumes_1_and_2 to None, run_after=None
[2024-02-27T15:07:21.548+0000] {logging_mixin.py:188} INFO - [2024-02-27T15:07:21.548+0000] {dag.py:3834} INFO - Setting next_dagrun for dataset_consumes_1_never_scheduled to None, run_after=None
[2024-02-27T15:07:21.549+0000] {logging_mixin.py:188} INFO - [2024-02-27T15:07:21.549+0000] {dag.py:3834} INFO - Setting next_dagrun for dataset_consumes_unknown_never_scheduled to None, run_after=None
[2024-02-27T15:07:21.550+0000] {logging_mixin.py:188} INFO - [2024-02-27T15:07:21.550+0000] {dag.py:3834} INFO - Setting next_dagrun for dataset_produces_1 to 2024-02-26 00:00:00+00:00, run_after=2024-02-27 00:00:00+00:00
[2024-02-27T15:07:21.551+0000] {logging_mixin.py:188} INFO - [2024-02-27T15:07:21.551+0000] {dag.py:3834} INFO - Setting next_dagrun for dataset_produces_2 to None, run_after=None
[2024-02-27T15:07:21.567+0000] {processor.py:183} INFO - Processing /home/airflow/.local/lib/python3.11/site-packages/airflow/example_dags/example_datasets.py took 0.062 seconds
[2024-02-27T15:07:51.614+0000] {processor.py:161} INFO - Started process (PID=381) to work on /home/airflow/.local/lib/python3.11/site-packages/airflow/example_dags/example_datasets.py
[2024-02-27T15:07:51.615+0000] {processor.py:830} INFO - Processing file /home/airflow/.local/lib/python3.11/site-packages/airflow/example_dags/example_datasets.py for tasks to queue
[2024-02-27T15:07:51.616+0000] {logging_mixin.py:188} INFO - [2024-02-27T15:07:51.616+0000] {dagbag.py:540} INFO - Filling up the DagBag from /home/airflow/.local/lib/python3.11/site-packages/airflow/example_dags/example_datasets.py
[2024-02-27T15:07:51.622+0000] {processor.py:840} INFO - DAG(s) 'dataset_consumes_1', 'dataset_consumes_1_and_2', 'dataset_consumes_unknown_never_scheduled', 'dataset_produces_1', 'dataset_consumes_1_never_scheduled', 'dataset_produces_2' retrieved from /home/airflow/.local/lib/python3.11/site-packages/airflow/example_dags/example_datasets.py
[2024-02-27T15:07:51.639+0000] {logging_mixin.py:188} INFO - [2024-02-27T15:07:51.639+0000] {dag.py:3047} INFO - Sync 6 DAGs
[2024-02-27T15:07:51.651+0000] {logging_mixin.py:188} INFO - [2024-02-27T15:07:51.651+0000] {dag.py:3834} INFO - Setting next_dagrun for dataset_consumes_1 to None, run_after=None
[2024-02-27T15:07:51.653+0000] {logging_mixin.py:188} INFO - [2024-02-27T15:07:51.653+0000] {dag.py:3834} INFO - Setting next_dagrun for dataset_consumes_1_and_2 to None, run_after=None
[2024-02-27T15:07:51.654+0000] {logging_mixin.py:188} INFO - [2024-02-27T15:07:51.654+0000] {dag.py:3834} INFO - Setting next_dagrun for dataset_consumes_1_never_scheduled to None, run_after=None
[2024-02-27T15:07:51.655+0000] {logging_mixin.py:188} INFO - [2024-02-27T15:07:51.655+0000] {dag.py:3834} INFO - Setting next_dagrun for dataset_consumes_unknown_never_scheduled to None, run_after=None
[2024-02-27T15:07:51.657+0000] {logging_mixin.py:188} INFO - [2024-02-27T15:07:51.657+0000] {dag.py:3834} INFO - Setting next_dagrun for dataset_produces_1 to 2024-02-26 00:00:00+00:00, run_after=2024-02-27 00:00:00+00:00
[2024-02-27T15:07:51.658+0000] {logging_mixin.py:188} INFO - [2024-02-27T15:07:51.658+0000] {dag.py:3834} INFO - Setting next_dagrun for dataset_produces_2 to None, run_after=None
[2024-02-27T15:07:51.675+0000] {processor.py:183} INFO - Processing /home/airflow/.local/lib/python3.11/site-packages/airflow/example_dags/example_datasets.py took 0.063 seconds
[2024-02-27T15:08:21.706+0000] {processor.py:161} INFO - Started process (PID=436) to work on /home/airflow/.local/lib/python3.11/site-packages/airflow/example_dags/example_datasets.py
[2024-02-27T15:08:21.706+0000] {processor.py:830} INFO - Processing file /home/airflow/.local/lib/python3.11/site-packages/airflow/example_dags/example_datasets.py for tasks to queue
[2024-02-27T15:08:21.707+0000] {logging_mixin.py:188} INFO - [2024-02-27T15:08:21.707+0000] {dagbag.py:540} INFO - Filling up the DagBag from /home/airflow/.local/lib/python3.11/site-packages/airflow/example_dags/example_datasets.py
[2024-02-27T15:08:21.712+0000] {processor.py:840} INFO - DAG(s) 'dataset_produces_1', 'dataset_consumes_1_never_scheduled', 'dataset_consumes_1', 'dataset_consumes_1_and_2', 'dataset_consumes_unknown_never_scheduled', 'dataset_produces_2' retrieved from /home/airflow/.local/lib/python3.11/site-packages/airflow/example_dags/example_datasets.py
[2024-02-27T15:08:21.729+0000] {logging_mixin.py:188} INFO - [2024-02-27T15:08:21.729+0000] {dag.py:3047} INFO - Sync 6 DAGs
[2024-02-27T15:08:21.741+0000] {logging_mixin.py:188} INFO - [2024-02-27T15:08:21.741+0000] {dag.py:3834} INFO - Setting next_dagrun for dataset_consumes_1 to None, run_after=None
[2024-02-27T15:08:21.743+0000] {logging_mixin.py:188} INFO - [2024-02-27T15:08:21.743+0000] {dag.py:3834} INFO - Setting next_dagrun for dataset_consumes_1_and_2 to None, run_after=None
[2024-02-27T15:08:21.744+0000] {logging_mixin.py:188} INFO - [2024-02-27T15:08:21.744+0000] {dag.py:3834} INFO - Setting next_dagrun for dataset_consumes_1_never_scheduled to None, run_after=None
[2024-02-27T15:08:21.745+0000] {logging_mixin.py:188} INFO - [2024-02-27T15:08:21.745+0000] {dag.py:3834} INFO - Setting next_dagrun for dataset_consumes_unknown_never_scheduled to None, run_after=None
[2024-02-27T15:08:21.747+0000] {logging_mixin.py:188} INFO - [2024-02-27T15:08:21.747+0000] {dag.py:3834} INFO - Setting next_dagrun for dataset_produces_1 to 2024-02-26 00:00:00+00:00, run_after=2024-02-27 00:00:00+00:00
[2024-02-27T15:08:21.748+0000] {logging_mixin.py:188} INFO - [2024-02-27T15:08:21.748+0000] {dag.py:3834} INFO - Setting next_dagrun for dataset_produces_2 to None, run_after=None
[2024-02-27T15:08:21.763+0000] {processor.py:183} INFO - Processing /home/airflow/.local/lib/python3.11/site-packages/airflow/example_dags/example_datasets.py took 0.060 seconds
[2024-02-27T15:08:51.822+0000] {processor.py:161} INFO - Started process (PID=491) to work on /home/airflow/.local/lib/python3.11/site-packages/airflow/example_dags/example_datasets.py
[2024-02-27T15:08:51.823+0000] {processor.py:830} INFO - Processing file /home/airflow/.local/lib/python3.11/site-packages/airflow/example_dags/example_datasets.py for tasks to queue
[2024-02-27T15:08:51.825+0000] {logging_mixin.py:188} INFO - [2024-02-27T15:08:51.825+0000] {dagbag.py:540} INFO - Filling up the DagBag from /home/airflow/.local/lib/python3.11/site-packages/airflow/example_dags/example_datasets.py
[2024-02-27T15:08:51.831+0000] {processor.py:840} INFO - DAG(s) 'dataset_consumes_unknown_never_scheduled', 'dataset_consumes_1_and_2', 'dataset_consumes_1_never_scheduled', 'dataset_produces_1', 'dataset_produces_2', 'dataset_consumes_1' retrieved from /home/airflow/.local/lib/python3.11/site-packages/airflow/example_dags/example_datasets.py
[2024-02-27T15:08:51.849+0000] {logging_mixin.py:188} INFO - [2024-02-27T15:08:51.849+0000] {dag.py:3047} INFO - Sync 6 DAGs
[2024-02-27T15:08:51.862+0000] {logging_mixin.py:188} INFO - [2024-02-27T15:08:51.862+0000] {dag.py:3834} INFO - Setting next_dagrun for dataset_consumes_1 to None, run_after=None
[2024-02-27T15:08:51.864+0000] {logging_mixin.py:188} INFO - [2024-02-27T15:08:51.864+0000] {dag.py:3834} INFO - Setting next_dagrun for dataset_consumes_1_and_2 to None, run_after=None
[2024-02-27T15:08:51.865+0000] {logging_mixin.py:188} INFO - [2024-02-27T15:08:51.864+0000] {dag.py:3834} INFO - Setting next_dagrun for dataset_consumes_1_never_scheduled to None, run_after=None
[2024-02-27T15:08:51.866+0000] {logging_mixin.py:188} INFO - [2024-02-27T15:08:51.865+0000] {dag.py:3834} INFO - Setting next_dagrun for dataset_consumes_unknown_never_scheduled to None, run_after=None
[2024-02-27T15:08:51.867+0000] {logging_mixin.py:188} INFO - [2024-02-27T15:08:51.867+0000] {dag.py:3834} INFO - Setting next_dagrun for dataset_produces_1 to 2024-02-26 00:00:00+00:00, run_after=2024-02-27 00:00:00+00:00
[2024-02-27T15:08:51.868+0000] {logging_mixin.py:188} INFO - [2024-02-27T15:08:51.868+0000] {dag.py:3834} INFO - Setting next_dagrun for dataset_produces_2 to None, run_after=None
[2024-02-27T15:08:51.885+0000] {processor.py:183} INFO - Processing /home/airflow/.local/lib/python3.11/site-packages/airflow/example_dags/example_datasets.py took 0.064 seconds
[2024-02-27T15:09:22.105+0000] {processor.py:161} INFO - Started process (PID=546) to work on /home/airflow/.local/lib/python3.11/site-packages/airflow/example_dags/example_datasets.py
[2024-02-27T15:09:22.105+0000] {processor.py:830} INFO - Processing file /home/airflow/.local/lib/python3.11/site-packages/airflow/example_dags/example_datasets.py for tasks to queue
[2024-02-27T15:09:22.107+0000] {logging_mixin.py:188} INFO - [2024-02-27T15:09:22.106+0000] {dagbag.py:540} INFO - Filling up the DagBag from /home/airflow/.local/lib/python3.11/site-packages/airflow/example_dags/example_datasets.py
[2024-02-27T15:09:22.112+0000] {processor.py:840} INFO - DAG(s) 'dataset_consumes_1_and_2', 'dataset_consumes_1_never_scheduled', 'dataset_produces_1', 'dataset_consumes_unknown_never_scheduled', 'dataset_produces_2', 'dataset_consumes_1' retrieved from /home/airflow/.local/lib/python3.11/site-packages/airflow/example_dags/example_datasets.py
[2024-02-27T15:09:22.131+0000] {logging_mixin.py:188} INFO - [2024-02-27T15:09:22.131+0000] {dag.py:3047} INFO - Sync 6 DAGs
[2024-02-27T15:09:22.144+0000] {logging_mixin.py:188} INFO - [2024-02-27T15:09:22.144+0000] {dag.py:3834} INFO - Setting next_dagrun for dataset_consumes_1 to None, run_after=None
[2024-02-27T15:09:22.146+0000] {logging_mixin.py:188} INFO - [2024-02-27T15:09:22.146+0000] {dag.py:3834} INFO - Setting next_dagrun for dataset_consumes_1_and_2 to None, run_after=None
[2024-02-27T15:09:22.147+0000] {logging_mixin.py:188} INFO - [2024-02-27T15:09:22.147+0000] {dag.py:3834} INFO - Setting next_dagrun for dataset_consumes_1_never_scheduled to None, run_after=None
[2024-02-27T15:09:22.148+0000] {logging_mixin.py:188} INFO - [2024-02-27T15:09:22.148+0000] {dag.py:3834} INFO - Setting next_dagrun for dataset_consumes_unknown_never_scheduled to None, run_after=None
[2024-02-27T15:09:22.149+0000] {logging_mixin.py:188} INFO - [2024-02-27T15:09:22.149+0000] {dag.py:3834} INFO - Setting next_dagrun for dataset_produces_1 to 2024-02-26 00:00:00+00:00, run_after=2024-02-27 00:00:00+00:00
[2024-02-27T15:09:22.150+0000] {logging_mixin.py:188} INFO - [2024-02-27T15:09:22.150+0000] {dag.py:3834} INFO - Setting next_dagrun for dataset_produces_2 to None, run_after=None
[2024-02-27T15:09:22.169+0000] {processor.py:183} INFO - Processing /home/airflow/.local/lib/python3.11/site-packages/airflow/example_dags/example_datasets.py took 0.067 seconds
[2024-02-27T15:09:52.293+0000] {processor.py:161} INFO - Started process (PID=601) to work on /home/airflow/.local/lib/python3.11/site-packages/airflow/example_dags/example_datasets.py
[2024-02-27T15:09:52.294+0000] {processor.py:830} INFO - Processing file /home/airflow/.local/lib/python3.11/site-packages/airflow/example_dags/example_datasets.py for tasks to queue
[2024-02-27T15:09:52.295+0000] {logging_mixin.py:188} INFO - [2024-02-27T15:09:52.295+0000] {dagbag.py:540} INFO - Filling up the DagBag from /home/airflow/.local/lib/python3.11/site-packages/airflow/example_dags/example_datasets.py
[2024-02-27T15:09:52.301+0000] {processor.py:840} INFO - DAG(s) 'dataset_consumes_1_and_2', 'dataset_consumes_1_never_scheduled', 'dataset_produces_1', 'dataset_consumes_1', 'dataset_consumes_unknown_never_scheduled', 'dataset_produces_2' retrieved from /home/airflow/.local/lib/python3.11/site-packages/airflow/example_dags/example_datasets.py
[2024-02-27T15:09:52.321+0000] {logging_mixin.py:188} INFO - [2024-02-27T15:09:52.320+0000] {dag.py:3047} INFO - Sync 6 DAGs
[2024-02-27T15:09:52.334+0000] {logging_mixin.py:188} INFO - [2024-02-27T15:09:52.334+0000] {dag.py:3834} INFO - Setting next_dagrun for dataset_consumes_1 to None, run_after=None
[2024-02-27T15:09:52.337+0000] {logging_mixin.py:188} INFO - [2024-02-27T15:09:52.337+0000] {dag.py:3834} INFO - Setting next_dagrun for dataset_consumes_1_and_2 to None, run_after=None
[2024-02-27T15:09:52.338+0000] {logging_mixin.py:188} INFO - [2024-02-27T15:09:52.338+0000] {dag.py:3834} INFO - Setting next_dagrun for dataset_consumes_1_never_scheduled to None, run_after=None
[2024-02-27T15:09:52.339+0000] {logging_mixin.py:188} INFO - [2024-02-27T15:09:52.339+0000] {dag.py:3834} INFO - Setting next_dagrun for dataset_consumes_unknown_never_scheduled to None, run_after=None
[2024-02-27T15:09:52.341+0000] {logging_mixin.py:188} INFO - [2024-02-27T15:09:52.341+0000] {dag.py:3834} INFO - Setting next_dagrun for dataset_produces_1 to 2024-02-26 00:00:00+00:00, run_after=2024-02-27 00:00:00+00:00
[2024-02-27T15:09:52.342+0000] {logging_mixin.py:188} INFO - [2024-02-27T15:09:52.342+0000] {dag.py:3834} INFO - Setting next_dagrun for dataset_produces_2 to None, run_after=None
[2024-02-27T15:09:52.360+0000] {processor.py:183} INFO - Processing /home/airflow/.local/lib/python3.11/site-packages/airflow/example_dags/example_datasets.py took 0.069 seconds
[2024-02-27T15:10:22.437+0000] {processor.py:161} INFO - Started process (PID=656) to work on /home/airflow/.local/lib/python3.11/site-packages/airflow/example_dags/example_datasets.py
[2024-02-27T15:10:22.437+0000] {processor.py:830} INFO - Processing file /home/airflow/.local/lib/python3.11/site-packages/airflow/example_dags/example_datasets.py for tasks to queue
[2024-02-27T15:10:22.439+0000] {logging_mixin.py:188} INFO - [2024-02-27T15:10:22.438+0000] {dagbag.py:540} INFO - Filling up the DagBag from /home/airflow/.local/lib/python3.11/site-packages/airflow/example_dags/example_datasets.py
[2024-02-27T15:10:22.444+0000] {processor.py:840} INFO - DAG(s) 'dataset_consumes_1', 'dataset_produces_1', 'dataset_consumes_1_and_2', 'dataset_produces_2', 'dataset_consumes_unknown_never_scheduled', 'dataset_consumes_1_never_scheduled' retrieved from /home/airflow/.local/lib/python3.11/site-packages/airflow/example_dags/example_datasets.py
[2024-02-27T15:10:22.462+0000] {logging_mixin.py:188} INFO - [2024-02-27T15:10:22.462+0000] {dag.py:3047} INFO - Sync 6 DAGs
[2024-02-27T15:10:22.475+0000] {logging_mixin.py:188} INFO - [2024-02-27T15:10:22.475+0000] {dag.py:3834} INFO - Setting next_dagrun for dataset_consumes_1 to None, run_after=None
[2024-02-27T15:10:22.478+0000] {logging_mixin.py:188} INFO - [2024-02-27T15:10:22.477+0000] {dag.py:3834} INFO - Setting next_dagrun for dataset_consumes_1_and_2 to None, run_after=None
[2024-02-27T15:10:22.479+0000] {logging_mixin.py:188} INFO - [2024-02-27T15:10:22.479+0000] {dag.py:3834} INFO - Setting next_dagrun for dataset_consumes_1_never_scheduled to None, run_after=None
[2024-02-27T15:10:22.480+0000] {logging_mixin.py:188} INFO - [2024-02-27T15:10:22.479+0000] {dag.py:3834} INFO - Setting next_dagrun for dataset_consumes_unknown_never_scheduled to None, run_after=None
[2024-02-27T15:10:22.481+0000] {logging_mixin.py:188} INFO - [2024-02-27T15:10:22.481+0000] {dag.py:3834} INFO - Setting next_dagrun for dataset_produces_1 to 2024-02-26 00:00:00+00:00, run_after=2024-02-27 00:00:00+00:00
[2024-02-27T15:10:22.482+0000] {logging_mixin.py:188} INFO - [2024-02-27T15:10:22.482+0000] {dag.py:3834} INFO - Setting next_dagrun for dataset_produces_2 to None, run_after=None
[2024-02-27T15:10:22.499+0000] {processor.py:183} INFO - Processing /home/airflow/.local/lib/python3.11/site-packages/airflow/example_dags/example_datasets.py took 0.064 seconds
[2024-02-27T15:10:52.548+0000] {processor.py:161} INFO - Started process (PID=711) to work on /home/airflow/.local/lib/python3.11/site-packages/airflow/example_dags/example_datasets.py
[2024-02-27T15:10:52.549+0000] {processor.py:830} INFO - Processing file /home/airflow/.local/lib/python3.11/site-packages/airflow/example_dags/example_datasets.py for tasks to queue
[2024-02-27T15:10:52.550+0000] {logging_mixin.py:188} INFO - [2024-02-27T15:10:52.550+0000] {dagbag.py:540} INFO - Filling up the DagBag from /home/airflow/.local/lib/python3.11/site-packages/airflow/example_dags/example_datasets.py
[2024-02-27T15:10:52.556+0000] {processor.py:840} INFO - DAG(s) 'dataset_consumes_1', 'dataset_produces_2', 'dataset_consumes_unknown_never_scheduled', 'dataset_consumes_1_and_2', 'dataset_produces_1', 'dataset_consumes_1_never_scheduled' retrieved from /home/airflow/.local/lib/python3.11/site-packages/airflow/example_dags/example_datasets.py
[2024-02-27T15:10:52.573+0000] {logging_mixin.py:188} INFO - [2024-02-27T15:10:52.573+0000] {dag.py:3047} INFO - Sync 6 DAGs
[2024-02-27T15:10:52.586+0000] {logging_mixin.py:188} INFO - [2024-02-27T15:10:52.585+0000] {dag.py:3834} INFO - Setting next_dagrun for dataset_consumes_1 to None, run_after=None
[2024-02-27T15:10:52.588+0000] {logging_mixin.py:188} INFO - [2024-02-27T15:10:52.588+0000] {dag.py:3834} INFO - Setting next_dagrun for dataset_consumes_1_and_2 to None, run_after=None
[2024-02-27T15:10:52.588+0000] {logging_mixin.py:188} INFO - [2024-02-27T15:10:52.588+0000] {dag.py:3834} INFO - Setting next_dagrun for dataset_consumes_1_never_scheduled to None, run_after=None
[2024-02-27T15:10:52.589+0000] {logging_mixin.py:188} INFO - [2024-02-27T15:10:52.589+0000] {dag.py:3834} INFO - Setting next_dagrun for dataset_consumes_unknown_never_scheduled to None, run_after=None
[2024-02-27T15:10:52.591+0000] {logging_mixin.py:188} INFO - [2024-02-27T15:10:52.591+0000] {dag.py:3834} INFO - Setting next_dagrun for dataset_produces_1 to 2024-02-26 00:00:00+00:00, run_after=2024-02-27 00:00:00+00:00
[2024-02-27T15:10:52.592+0000] {logging_mixin.py:188} INFO - [2024-02-27T15:10:52.592+0000] {dag.py:3834} INFO - Setting next_dagrun for dataset_produces_2 to None, run_after=None
[2024-02-27T15:10:52.608+0000] {processor.py:183} INFO - Processing /home/airflow/.local/lib/python3.11/site-packages/airflow/example_dags/example_datasets.py took 0.061 seconds
[2024-02-27T15:11:22.672+0000] {processor.py:161} INFO - Started process (PID=766) to work on /home/airflow/.local/lib/python3.11/site-packages/airflow/example_dags/example_datasets.py
[2024-02-27T15:11:22.675+0000] {processor.py:830} INFO - Processing file /home/airflow/.local/lib/python3.11/site-packages/airflow/example_dags/example_datasets.py for tasks to queue
[2024-02-27T15:11:22.676+0000] {logging_mixin.py:188} INFO - [2024-02-27T15:11:22.676+0000] {dagbag.py:540} INFO - Filling up the DagBag from /home/airflow/.local/lib/python3.11/site-packages/airflow/example_dags/example_datasets.py
[2024-02-27T15:11:22.682+0000] {processor.py:840} INFO - DAG(s) 'dataset_consumes_1_and_2', 'dataset_consumes_unknown_never_scheduled', 'dataset_produces_1', 'dataset_produces_2', 'dataset_consumes_1_never_scheduled', 'dataset_consumes_1' retrieved from /home/airflow/.local/lib/python3.11/site-packages/airflow/example_dags/example_datasets.py
[2024-02-27T15:11:22.700+0000] {logging_mixin.py:188} INFO - [2024-02-27T15:11:22.700+0000] {dag.py:3047} INFO - Sync 6 DAGs
[2024-02-27T15:11:22.712+0000] {logging_mixin.py:188} INFO - [2024-02-27T15:11:22.712+0000] {dag.py:3834} INFO - Setting next_dagrun for dataset_consumes_1 to None, run_after=None
[2024-02-27T15:11:22.715+0000] {logging_mixin.py:188} INFO - [2024-02-27T15:11:22.715+0000] {dag.py:3834} INFO - Setting next_dagrun for dataset_consumes_1_and_2 to None, run_after=None
[2024-02-27T15:11:22.716+0000] {logging_mixin.py:188} INFO - [2024-02-27T15:11:22.715+0000] {dag.py:3834} INFO - Setting next_dagrun for dataset_consumes_1_never_scheduled to None, run_after=None
[2024-02-27T15:11:22.716+0000] {logging_mixin.py:188} INFO - [2024-02-27T15:11:22.716+0000] {dag.py:3834} INFO - Setting next_dagrun for dataset_consumes_unknown_never_scheduled to None, run_after=None
[2024-02-27T15:11:22.718+0000] {logging_mixin.py:188} INFO - [2024-02-27T15:11:22.718+0000] {dag.py:3834} INFO - Setting next_dagrun for dataset_produces_1 to 2024-02-26 00:00:00+00:00, run_after=2024-02-27 00:00:00+00:00
[2024-02-27T15:11:22.719+0000] {logging_mixin.py:188} INFO - [2024-02-27T15:11:22.719+0000] {dag.py:3834} INFO - Setting next_dagrun for dataset_produces_2 to None, run_after=None
[2024-02-27T15:11:22.739+0000] {processor.py:183} INFO - Processing /home/airflow/.local/lib/python3.11/site-packages/airflow/example_dags/example_datasets.py took 0.069 seconds
[2024-02-27T15:11:52.809+0000] {processor.py:161} INFO - Started process (PID=822) to work on /home/airflow/.local/lib/python3.11/site-packages/airflow/example_dags/example_datasets.py
[2024-02-27T15:11:52.810+0000] {processor.py:830} INFO - Processing file /home/airflow/.local/lib/python3.11/site-packages/airflow/example_dags/example_datasets.py for tasks to queue
[2024-02-27T15:11:52.811+0000] {logging_mixin.py:188} INFO - [2024-02-27T15:11:52.811+0000] {dagbag.py:540} INFO - Filling up the DagBag from /home/airflow/.local/lib/python3.11/site-packages/airflow/example_dags/example_datasets.py
[2024-02-27T15:11:52.817+0000] {processor.py:840} INFO - DAG(s) 'dataset_consumes_1', 'dataset_consumes_1_and_2', 'dataset_consumes_unknown_never_scheduled', 'dataset_consumes_1_never_scheduled', 'dataset_produces_2', 'dataset_produces_1' retrieved from /home/airflow/.local/lib/python3.11/site-packages/airflow/example_dags/example_datasets.py
[2024-02-27T15:11:52.836+0000] {logging_mixin.py:188} INFO - [2024-02-27T15:11:52.835+0000] {dag.py:3047} INFO - Sync 6 DAGs
[2024-02-27T15:11:52.848+0000] {logging_mixin.py:188} INFO - [2024-02-27T15:11:52.848+0000] {dag.py:3834} INFO - Setting next_dagrun for dataset_consumes_1 to None, run_after=None
[2024-02-27T15:11:52.850+0000] {logging_mixin.py:188} INFO - [2024-02-27T15:11:52.850+0000] {dag.py:3834} INFO - Setting next_dagrun for dataset_consumes_1_and_2 to None, run_after=None
[2024-02-27T15:11:52.851+0000] {logging_mixin.py:188} INFO - [2024-02-27T15:11:52.851+0000] {dag.py:3834} INFO - Setting next_dagrun for dataset_consumes_1_never_scheduled to None, run_after=None
[2024-02-27T15:11:52.851+0000] {logging_mixin.py:188} INFO - [2024-02-27T15:11:52.851+0000] {dag.py:3834} INFO - Setting next_dagrun for dataset_consumes_unknown_never_scheduled to None, run_after=None
[2024-02-27T15:11:52.853+0000] {logging_mixin.py:188} INFO - [2024-02-27T15:11:52.853+0000] {dag.py:3834} INFO - Setting next_dagrun for dataset_produces_1 to 2024-02-26 00:00:00+00:00, run_after=2024-02-27 00:00:00+00:00
[2024-02-27T15:11:52.854+0000] {logging_mixin.py:188} INFO - [2024-02-27T15:11:52.854+0000] {dag.py:3834} INFO - Setting next_dagrun for dataset_produces_2 to None, run_after=None
[2024-02-27T15:11:52.871+0000] {processor.py:183} INFO - Processing /home/airflow/.local/lib/python3.11/site-packages/airflow/example_dags/example_datasets.py took 0.064 seconds
[2024-02-27T15:12:22.937+0000] {processor.py:161} INFO - Started process (PID=877) to work on /home/airflow/.local/lib/python3.11/site-packages/airflow/example_dags/example_datasets.py
[2024-02-27T15:12:22.938+0000] {processor.py:830} INFO - Processing file /home/airflow/.local/lib/python3.11/site-packages/airflow/example_dags/example_datasets.py for tasks to queue
[2024-02-27T15:12:22.939+0000] {logging_mixin.py:188} INFO - [2024-02-27T15:12:22.939+0000] {dagbag.py:540} INFO - Filling up the DagBag from /home/airflow/.local/lib/python3.11/site-packages/airflow/example_dags/example_datasets.py
[2024-02-27T15:12:22.945+0000] {processor.py:840} INFO - DAG(s) 'dataset_consumes_1_and_2', 'dataset_consumes_1', 'dataset_produces_2', 'dataset_consumes_1_never_scheduled', 'dataset_consumes_unknown_never_scheduled', 'dataset_produces_1' retrieved from /home/airflow/.local/lib/python3.11/site-packages/airflow/example_dags/example_datasets.py
[2024-02-27T15:12:22.963+0000] {logging_mixin.py:188} INFO - [2024-02-27T15:12:22.963+0000] {dag.py:3047} INFO - Sync 6 DAGs
[2024-02-27T15:12:22.976+0000] {logging_mixin.py:188} INFO - [2024-02-27T15:12:22.975+0000] {dag.py:3834} INFO - Setting next_dagrun for dataset_consumes_1 to None, run_after=None
[2024-02-27T15:12:22.978+0000] {logging_mixin.py:188} INFO - [2024-02-27T15:12:22.978+0000] {dag.py:3834} INFO - Setting next_dagrun for dataset_consumes_1_and_2 to None, run_after=None
[2024-02-27T15:12:22.979+0000] {logging_mixin.py:188} INFO - [2024-02-27T15:12:22.979+0000] {dag.py:3834} INFO - Setting next_dagrun for dataset_consumes_1_never_scheduled to None, run_after=None
[2024-02-27T15:12:22.979+0000] {logging_mixin.py:188} INFO - [2024-02-27T15:12:22.979+0000] {dag.py:3834} INFO - Setting next_dagrun for dataset_consumes_unknown_never_scheduled to None, run_after=None
[2024-02-27T15:12:22.981+0000] {logging_mixin.py:188} INFO - [2024-02-27T15:12:22.981+0000] {dag.py:3834} INFO - Setting next_dagrun for dataset_produces_1 to 2024-02-26 00:00:00+00:00, run_after=2024-02-27 00:00:00+00:00
[2024-02-27T15:12:22.982+0000] {logging_mixin.py:188} INFO - [2024-02-27T15:12:22.982+0000] {dag.py:3834} INFO - Setting next_dagrun for dataset_produces_2 to None, run_after=None
[2024-02-27T15:12:23.000+0000] {processor.py:183} INFO - Processing /home/airflow/.local/lib/python3.11/site-packages/airflow/example_dags/example_datasets.py took 0.064 seconds
[2024-02-27T15:12:53.046+0000] {processor.py:161} INFO - Started process (PID=932) to work on /home/airflow/.local/lib/python3.11/site-packages/airflow/example_dags/example_datasets.py
[2024-02-27T15:12:53.047+0000] {processor.py:830} INFO - Processing file /home/airflow/.local/lib/python3.11/site-packages/airflow/example_dags/example_datasets.py for tasks to queue
[2024-02-27T15:12:53.048+0000] {logging_mixin.py:188} INFO - [2024-02-27T15:12:53.048+0000] {dagbag.py:540} INFO - Filling up the DagBag from /home/airflow/.local/lib/python3.11/site-packages/airflow/example_dags/example_datasets.py
[2024-02-27T15:12:53.054+0000] {processor.py:840} INFO - DAG(s) 'dataset_produces_2', 'dataset_consumes_1_never_scheduled', 'dataset_consumes_1_and_2', 'dataset_consumes_1', 'dataset_consumes_unknown_never_scheduled', 'dataset_produces_1' retrieved from /home/airflow/.local/lib/python3.11/site-packages/airflow/example_dags/example_datasets.py
[2024-02-27T15:12:53.072+0000] {logging_mixin.py:188} INFO - [2024-02-27T15:12:53.071+0000] {dag.py:3047} INFO - Sync 6 DAGs
[2024-02-27T15:12:53.084+0000] {logging_mixin.py:188} INFO - [2024-02-27T15:12:53.084+0000] {dag.py:3834} INFO - Setting next_dagrun for dataset_consumes_1 to None, run_after=None
[2024-02-27T15:12:53.087+0000] {logging_mixin.py:188} INFO - [2024-02-27T15:12:53.086+0000] {dag.py:3834} INFO - Setting next_dagrun for dataset_consumes_1_and_2 to None, run_after=None
[2024-02-27T15:12:53.088+0000] {logging_mixin.py:188} INFO - [2024-02-27T15:12:53.088+0000] {dag.py:3834} INFO - Setting next_dagrun for dataset_consumes_1_never_scheduled to None, run_after=None
[2024-02-27T15:12:53.090+0000] {logging_mixin.py:188} INFO - [2024-02-27T15:12:53.090+0000] {dag.py:3834} INFO - Setting next_dagrun for dataset_consumes_unknown_never_scheduled to None, run_after=None
[2024-02-27T15:12:53.093+0000] {logging_mixin.py:188} INFO - [2024-02-27T15:12:53.093+0000] {dag.py:3834} INFO - Setting next_dagrun for dataset_produces_1 to 2024-02-26 00:00:00+00:00, run_after=2024-02-27 00:00:00+00:00
[2024-02-27T15:12:53.094+0000] {logging_mixin.py:188} INFO - [2024-02-27T15:12:53.094+0000] {dag.py:3834} INFO - Setting next_dagrun for dataset_produces_2 to None, run_after=None
[2024-02-27T15:12:53.113+0000] {processor.py:183} INFO - Processing /home/airflow/.local/lib/python3.11/site-packages/airflow/example_dags/example_datasets.py took 0.069 seconds
[2024-02-27T15:20:38.684+0000] {processor.py:161} INFO - Started process (PID=51) to work on /home/airflow/.local/lib/python3.11/site-packages/airflow/example_dags/example_datasets.py
[2024-02-27T15:20:38.685+0000] {processor.py:830} INFO - Processing file /home/airflow/.local/lib/python3.11/site-packages/airflow/example_dags/example_datasets.py for tasks to queue
[2024-02-27T15:20:38.686+0000] {logging_mixin.py:188} INFO - [2024-02-27T15:20:38.686+0000] {dagbag.py:540} INFO - Filling up the DagBag from /home/airflow/.local/lib/python3.11/site-packages/airflow/example_dags/example_datasets.py
[2024-02-27T15:20:38.693+0000] {processor.py:840} INFO - DAG(s) 'dataset_consumes_1', 'dataset_produces_1', 'dataset_consumes_1_never_scheduled', 'dataset_consumes_1_and_2', 'dataset_consumes_unknown_never_scheduled', 'dataset_produces_2' retrieved from /home/airflow/.local/lib/python3.11/site-packages/airflow/example_dags/example_datasets.py
[2024-02-27T15:20:38.721+0000] {logging_mixin.py:188} INFO - [2024-02-27T15:20:38.721+0000] {dag.py:3047} INFO - Sync 6 DAGs
[2024-02-27T15:20:38.747+0000] {logging_mixin.py:188} INFO - [2024-02-27T15:20:38.746+0000] {dag.py:3834} INFO - Setting next_dagrun for dataset_consumes_1 to None, run_after=None
[2024-02-27T15:20:38.751+0000] {logging_mixin.py:188} INFO - [2024-02-27T15:20:38.751+0000] {dag.py:3834} INFO - Setting next_dagrun for dataset_consumes_1_and_2 to None, run_after=None
[2024-02-27T15:20:38.752+0000] {logging_mixin.py:188} INFO - [2024-02-27T15:20:38.752+0000] {dag.py:3834} INFO - Setting next_dagrun for dataset_consumes_1_never_scheduled to None, run_after=None
[2024-02-27T15:20:38.753+0000] {logging_mixin.py:188} INFO - [2024-02-27T15:20:38.753+0000] {dag.py:3834} INFO - Setting next_dagrun for dataset_consumes_unknown_never_scheduled to None, run_after=None
[2024-02-27T15:20:38.756+0000] {logging_mixin.py:188} INFO - [2024-02-27T15:20:38.755+0000] {dag.py:3834} INFO - Setting next_dagrun for dataset_produces_1 to 2024-02-26 00:00:00+00:00, run_after=2024-02-27 00:00:00+00:00
[2024-02-27T15:20:38.757+0000] {logging_mixin.py:188} INFO - [2024-02-27T15:20:38.757+0000] {dag.py:3834} INFO - Setting next_dagrun for dataset_produces_2 to None, run_after=None
[2024-02-27T15:20:38.790+0000] {processor.py:183} INFO - Processing /home/airflow/.local/lib/python3.11/site-packages/airflow/example_dags/example_datasets.py took 0.110 seconds
[2024-02-27T15:21:09.417+0000] {processor.py:161} INFO - Started process (PID=106) to work on /home/airflow/.local/lib/python3.11/site-packages/airflow/example_dags/example_datasets.py
[2024-02-27T15:21:09.417+0000] {processor.py:830} INFO - Processing file /home/airflow/.local/lib/python3.11/site-packages/airflow/example_dags/example_datasets.py for tasks to queue
[2024-02-27T15:21:09.419+0000] {logging_mixin.py:188} INFO - [2024-02-27T15:21:09.418+0000] {dagbag.py:540} INFO - Filling up the DagBag from /home/airflow/.local/lib/python3.11/site-packages/airflow/example_dags/example_datasets.py
[2024-02-27T15:21:09.424+0000] {processor.py:840} INFO - DAG(s) 'dataset_consumes_1_and_2', 'dataset_produces_1', 'dataset_consumes_unknown_never_scheduled', 'dataset_consumes_1_never_scheduled', 'dataset_produces_2', 'dataset_consumes_1' retrieved from /home/airflow/.local/lib/python3.11/site-packages/airflow/example_dags/example_datasets.py
[2024-02-27T15:21:09.528+0000] {logging_mixin.py:188} INFO - [2024-02-27T15:21:09.527+0000] {dag.py:3047} INFO - Sync 6 DAGs
[2024-02-27T15:21:09.557+0000] {logging_mixin.py:188} INFO - [2024-02-27T15:21:09.557+0000] {dag.py:3834} INFO - Setting next_dagrun for dataset_consumes_1 to None, run_after=None
[2024-02-27T15:21:09.561+0000] {logging_mixin.py:188} INFO - [2024-02-27T15:21:09.561+0000] {dag.py:3834} INFO - Setting next_dagrun for dataset_consumes_1_and_2 to None, run_after=None
[2024-02-27T15:21:09.562+0000] {logging_mixin.py:188} INFO - [2024-02-27T15:21:09.561+0000] {dag.py:3834} INFO - Setting next_dagrun for dataset_consumes_1_never_scheduled to None, run_after=None
[2024-02-27T15:21:09.563+0000] {logging_mixin.py:188} INFO - [2024-02-27T15:21:09.562+0000] {dag.py:3834} INFO - Setting next_dagrun for dataset_consumes_unknown_never_scheduled to None, run_after=None
[2024-02-27T15:21:09.564+0000] {logging_mixin.py:188} INFO - [2024-02-27T15:21:09.564+0000] {dag.py:3834} INFO - Setting next_dagrun for dataset_produces_1 to 2024-02-26 00:00:00+00:00, run_after=2024-02-27 00:00:00+00:00
[2024-02-27T15:21:09.565+0000] {logging_mixin.py:188} INFO - [2024-02-27T15:21:09.565+0000] {dag.py:3834} INFO - Setting next_dagrun for dataset_produces_2 to None, run_after=None
[2024-02-27T15:21:09.597+0000] {processor.py:183} INFO - Processing /home/airflow/.local/lib/python3.11/site-packages/airflow/example_dags/example_datasets.py took 0.182 seconds
