[2024-02-27T15:04:49.215+0000] {processor.py:161} INFO - Started process (PID=61) to work on /home/airflow/.local/lib/python3.11/site-packages/airflow/example_dags/example_skip_dag.py
[2024-02-27T15:04:49.216+0000] {processor.py:830} INFO - Processing file /home/airflow/.local/lib/python3.11/site-packages/airflow/example_dags/example_skip_dag.py for tasks to queue
[2024-02-27T15:04:49.218+0000] {logging_mixin.py:188} INFO - [2024-02-27T15:04:49.218+0000] {dagbag.py:540} INFO - Filling up the DagBag from /home/airflow/.local/lib/python3.11/site-packages/airflow/example_dags/example_skip_dag.py
[2024-02-27T15:04:49.224+0000] {processor.py:840} INFO - DAG(s) 'example_skip_dag' retrieved from /home/airflow/.local/lib/python3.11/site-packages/airflow/example_dags/example_skip_dag.py
[2024-02-27T15:04:49.231+0000] {logging_mixin.py:188} INFO - [2024-02-27T15:04:49.231+0000] {dag.py:3047} INFO - Sync 1 DAGs
[2024-02-27T15:04:49.246+0000] {logging_mixin.py:188} INFO - [2024-02-27T15:04:49.246+0000] {dag.py:3834} INFO - Setting next_dagrun for example_skip_dag to 2024-02-26 00:00:00+00:00, run_after=2024-02-27 00:00:00+00:00
[2024-02-27T15:04:49.258+0000] {processor.py:183} INFO - Processing /home/airflow/.local/lib/python3.11/site-packages/airflow/example_dags/example_skip_dag.py took 0.045 seconds
[2024-02-27T15:05:19.645+0000] {processor.py:161} INFO - Started process (PID=116) to work on /home/airflow/.local/lib/python3.11/site-packages/airflow/example_dags/example_skip_dag.py
[2024-02-27T15:05:19.646+0000] {processor.py:830} INFO - Processing file /home/airflow/.local/lib/python3.11/site-packages/airflow/example_dags/example_skip_dag.py for tasks to queue
[2024-02-27T15:05:19.647+0000] {logging_mixin.py:188} INFO - [2024-02-27T15:05:19.647+0000] {dagbag.py:540} INFO - Filling up the DagBag from /home/airflow/.local/lib/python3.11/site-packages/airflow/example_dags/example_skip_dag.py
[2024-02-27T15:05:19.651+0000] {processor.py:840} INFO - DAG(s) 'example_skip_dag' retrieved from /home/airflow/.local/lib/python3.11/site-packages/airflow/example_dags/example_skip_dag.py
[2024-02-27T15:05:19.707+0000] {logging_mixin.py:188} INFO - [2024-02-27T15:05:19.707+0000] {dag.py:3047} INFO - Sync 1 DAGs
[2024-02-27T15:05:19.718+0000] {logging_mixin.py:188} INFO - [2024-02-27T15:05:19.718+0000] {dag.py:3834} INFO - Setting next_dagrun for example_skip_dag to 2024-02-26 00:00:00+00:00, run_after=2024-02-27 00:00:00+00:00
[2024-02-27T15:05:19.729+0000] {processor.py:183} INFO - Processing /home/airflow/.local/lib/python3.11/site-packages/airflow/example_dags/example_skip_dag.py took 0.086 seconds
[2024-02-27T15:05:49.974+0000] {processor.py:161} INFO - Started process (PID=171) to work on /home/airflow/.local/lib/python3.11/site-packages/airflow/example_dags/example_skip_dag.py
[2024-02-27T15:05:49.974+0000] {processor.py:830} INFO - Processing file /home/airflow/.local/lib/python3.11/site-packages/airflow/example_dags/example_skip_dag.py for tasks to queue
[2024-02-27T15:05:49.975+0000] {logging_mixin.py:188} INFO - [2024-02-27T15:05:49.975+0000] {dagbag.py:540} INFO - Filling up the DagBag from /home/airflow/.local/lib/python3.11/site-packages/airflow/example_dags/example_skip_dag.py
[2024-02-27T15:05:49.979+0000] {processor.py:840} INFO - DAG(s) 'example_skip_dag' retrieved from /home/airflow/.local/lib/python3.11/site-packages/airflow/example_dags/example_skip_dag.py
[2024-02-27T15:05:49.992+0000] {logging_mixin.py:188} INFO - [2024-02-27T15:05:49.992+0000] {dag.py:3047} INFO - Sync 1 DAGs
[2024-02-27T15:05:50.004+0000] {logging_mixin.py:188} INFO - [2024-02-27T15:05:50.004+0000] {dag.py:3834} INFO - Setting next_dagrun for example_skip_dag to 2024-02-26 00:00:00+00:00, run_after=2024-02-27 00:00:00+00:00
[2024-02-27T15:05:50.016+0000] {processor.py:183} INFO - Processing /home/airflow/.local/lib/python3.11/site-packages/airflow/example_dags/example_skip_dag.py took 0.044 seconds
[2024-02-27T15:06:20.722+0000] {processor.py:161} INFO - Started process (PID=226) to work on /home/airflow/.local/lib/python3.11/site-packages/airflow/example_dags/example_skip_dag.py
[2024-02-27T15:06:20.723+0000] {processor.py:830} INFO - Processing file /home/airflow/.local/lib/python3.11/site-packages/airflow/example_dags/example_skip_dag.py for tasks to queue
[2024-02-27T15:06:20.724+0000] {logging_mixin.py:188} INFO - [2024-02-27T15:06:20.724+0000] {dagbag.py:540} INFO - Filling up the DagBag from /home/airflow/.local/lib/python3.11/site-packages/airflow/example_dags/example_skip_dag.py
[2024-02-27T15:06:20.728+0000] {processor.py:840} INFO - DAG(s) 'example_skip_dag' retrieved from /home/airflow/.local/lib/python3.11/site-packages/airflow/example_dags/example_skip_dag.py
[2024-02-27T15:06:20.741+0000] {logging_mixin.py:188} INFO - [2024-02-27T15:06:20.741+0000] {dag.py:3047} INFO - Sync 1 DAGs
[2024-02-27T15:06:20.755+0000] {logging_mixin.py:188} INFO - [2024-02-27T15:06:20.754+0000] {dag.py:3834} INFO - Setting next_dagrun for example_skip_dag to 2024-02-26 00:00:00+00:00, run_after=2024-02-27 00:00:00+00:00
[2024-02-27T15:06:20.767+0000] {processor.py:183} INFO - Processing /home/airflow/.local/lib/python3.11/site-packages/airflow/example_dags/example_skip_dag.py took 0.046 seconds
[2024-02-27T15:06:51.782+0000] {processor.py:161} INFO - Started process (PID=281) to work on /home/airflow/.local/lib/python3.11/site-packages/airflow/example_dags/example_skip_dag.py
[2024-02-27T15:06:51.783+0000] {processor.py:830} INFO - Processing file /home/airflow/.local/lib/python3.11/site-packages/airflow/example_dags/example_skip_dag.py for tasks to queue
[2024-02-27T15:06:51.784+0000] {logging_mixin.py:188} INFO - [2024-02-27T15:06:51.784+0000] {dagbag.py:540} INFO - Filling up the DagBag from /home/airflow/.local/lib/python3.11/site-packages/airflow/example_dags/example_skip_dag.py
[2024-02-27T15:06:51.788+0000] {processor.py:840} INFO - DAG(s) 'example_skip_dag' retrieved from /home/airflow/.local/lib/python3.11/site-packages/airflow/example_dags/example_skip_dag.py
[2024-02-27T15:06:51.800+0000] {logging_mixin.py:188} INFO - [2024-02-27T15:06:51.800+0000] {dag.py:3047} INFO - Sync 1 DAGs
[2024-02-27T15:06:51.812+0000] {logging_mixin.py:188} INFO - [2024-02-27T15:06:51.812+0000] {dag.py:3834} INFO - Setting next_dagrun for example_skip_dag to 2024-02-26 00:00:00+00:00, run_after=2024-02-27 00:00:00+00:00
[2024-02-27T15:06:51.824+0000] {processor.py:183} INFO - Processing /home/airflow/.local/lib/python3.11/site-packages/airflow/example_dags/example_skip_dag.py took 0.044 seconds
[2024-02-27T15:07:21.989+0000] {processor.py:161} INFO - Started process (PID=336) to work on /home/airflow/.local/lib/python3.11/site-packages/airflow/example_dags/example_skip_dag.py
[2024-02-27T15:07:21.989+0000] {processor.py:830} INFO - Processing file /home/airflow/.local/lib/python3.11/site-packages/airflow/example_dags/example_skip_dag.py for tasks to queue
[2024-02-27T15:07:21.991+0000] {logging_mixin.py:188} INFO - [2024-02-27T15:07:21.990+0000] {dagbag.py:540} INFO - Filling up the DagBag from /home/airflow/.local/lib/python3.11/site-packages/airflow/example_dags/example_skip_dag.py
[2024-02-27T15:07:21.995+0000] {processor.py:840} INFO - DAG(s) 'example_skip_dag' retrieved from /home/airflow/.local/lib/python3.11/site-packages/airflow/example_dags/example_skip_dag.py
[2024-02-27T15:07:22.006+0000] {logging_mixin.py:188} INFO - [2024-02-27T15:07:22.006+0000] {dag.py:3047} INFO - Sync 1 DAGs
[2024-02-27T15:07:22.019+0000] {logging_mixin.py:188} INFO - [2024-02-27T15:07:22.019+0000] {dag.py:3834} INFO - Setting next_dagrun for example_skip_dag to 2024-02-26 00:00:00+00:00, run_after=2024-02-27 00:00:00+00:00
[2024-02-27T15:07:22.029+0000] {processor.py:183} INFO - Processing /home/airflow/.local/lib/python3.11/site-packages/airflow/example_dags/example_skip_dag.py took 0.042 seconds
[2024-02-27T15:07:52.075+0000] {processor.py:161} INFO - Started process (PID=391) to work on /home/airflow/.local/lib/python3.11/site-packages/airflow/example_dags/example_skip_dag.py
[2024-02-27T15:07:52.075+0000] {processor.py:830} INFO - Processing file /home/airflow/.local/lib/python3.11/site-packages/airflow/example_dags/example_skip_dag.py for tasks to queue
[2024-02-27T15:07:52.077+0000] {logging_mixin.py:188} INFO - [2024-02-27T15:07:52.077+0000] {dagbag.py:540} INFO - Filling up the DagBag from /home/airflow/.local/lib/python3.11/site-packages/airflow/example_dags/example_skip_dag.py
[2024-02-27T15:07:52.081+0000] {processor.py:840} INFO - DAG(s) 'example_skip_dag' retrieved from /home/airflow/.local/lib/python3.11/site-packages/airflow/example_dags/example_skip_dag.py
[2024-02-27T15:07:52.092+0000] {logging_mixin.py:188} INFO - [2024-02-27T15:07:52.092+0000] {dag.py:3047} INFO - Sync 1 DAGs
[2024-02-27T15:07:52.104+0000] {logging_mixin.py:188} INFO - [2024-02-27T15:07:52.104+0000] {dag.py:3834} INFO - Setting next_dagrun for example_skip_dag to 2024-02-26 00:00:00+00:00, run_after=2024-02-27 00:00:00+00:00
[2024-02-27T15:07:52.115+0000] {processor.py:183} INFO - Processing /home/airflow/.local/lib/python3.11/site-packages/airflow/example_dags/example_skip_dag.py took 0.042 seconds
[2024-02-27T15:08:22.149+0000] {processor.py:161} INFO - Started process (PID=446) to work on /home/airflow/.local/lib/python3.11/site-packages/airflow/example_dags/example_skip_dag.py
[2024-02-27T15:08:22.150+0000] {processor.py:830} INFO - Processing file /home/airflow/.local/lib/python3.11/site-packages/airflow/example_dags/example_skip_dag.py for tasks to queue
[2024-02-27T15:08:22.152+0000] {logging_mixin.py:188} INFO - [2024-02-27T15:08:22.151+0000] {dagbag.py:540} INFO - Filling up the DagBag from /home/airflow/.local/lib/python3.11/site-packages/airflow/example_dags/example_skip_dag.py
[2024-02-27T15:08:22.156+0000] {processor.py:840} INFO - DAG(s) 'example_skip_dag' retrieved from /home/airflow/.local/lib/python3.11/site-packages/airflow/example_dags/example_skip_dag.py
[2024-02-27T15:08:22.169+0000] {logging_mixin.py:188} INFO - [2024-02-27T15:08:22.169+0000] {dag.py:3047} INFO - Sync 1 DAGs
[2024-02-27T15:08:22.183+0000] {logging_mixin.py:188} INFO - [2024-02-27T15:08:22.183+0000] {dag.py:3834} INFO - Setting next_dagrun for example_skip_dag to 2024-02-26 00:00:00+00:00, run_after=2024-02-27 00:00:00+00:00
[2024-02-27T15:08:22.194+0000] {processor.py:183} INFO - Processing /home/airflow/.local/lib/python3.11/site-packages/airflow/example_dags/example_skip_dag.py took 0.047 seconds
[2024-02-27T15:08:52.332+0000] {processor.py:161} INFO - Started process (PID=501) to work on /home/airflow/.local/lib/python3.11/site-packages/airflow/example_dags/example_skip_dag.py
[2024-02-27T15:08:52.333+0000] {processor.py:830} INFO - Processing file /home/airflow/.local/lib/python3.11/site-packages/airflow/example_dags/example_skip_dag.py for tasks to queue
[2024-02-27T15:08:52.334+0000] {logging_mixin.py:188} INFO - [2024-02-27T15:08:52.334+0000] {dagbag.py:540} INFO - Filling up the DagBag from /home/airflow/.local/lib/python3.11/site-packages/airflow/example_dags/example_skip_dag.py
[2024-02-27T15:08:52.338+0000] {processor.py:840} INFO - DAG(s) 'example_skip_dag' retrieved from /home/airflow/.local/lib/python3.11/site-packages/airflow/example_dags/example_skip_dag.py
[2024-02-27T15:08:52.350+0000] {logging_mixin.py:188} INFO - [2024-02-27T15:08:52.350+0000] {dag.py:3047} INFO - Sync 1 DAGs
[2024-02-27T15:08:52.363+0000] {logging_mixin.py:188} INFO - [2024-02-27T15:08:52.362+0000] {dag.py:3834} INFO - Setting next_dagrun for example_skip_dag to 2024-02-26 00:00:00+00:00, run_after=2024-02-27 00:00:00+00:00
[2024-02-27T15:08:52.374+0000] {processor.py:183} INFO - Processing /home/airflow/.local/lib/python3.11/site-packages/airflow/example_dags/example_skip_dag.py took 0.043 seconds
[2024-02-27T15:09:22.560+0000] {processor.py:161} INFO - Started process (PID=556) to work on /home/airflow/.local/lib/python3.11/site-packages/airflow/example_dags/example_skip_dag.py
[2024-02-27T15:09:22.560+0000] {processor.py:830} INFO - Processing file /home/airflow/.local/lib/python3.11/site-packages/airflow/example_dags/example_skip_dag.py for tasks to queue
[2024-02-27T15:09:22.561+0000] {logging_mixin.py:188} INFO - [2024-02-27T15:09:22.561+0000] {dagbag.py:540} INFO - Filling up the DagBag from /home/airflow/.local/lib/python3.11/site-packages/airflow/example_dags/example_skip_dag.py
[2024-02-27T15:09:22.566+0000] {processor.py:840} INFO - DAG(s) 'example_skip_dag' retrieved from /home/airflow/.local/lib/python3.11/site-packages/airflow/example_dags/example_skip_dag.py
[2024-02-27T15:09:22.578+0000] {logging_mixin.py:188} INFO - [2024-02-27T15:09:22.578+0000] {dag.py:3047} INFO - Sync 1 DAGs
[2024-02-27T15:09:22.590+0000] {logging_mixin.py:188} INFO - [2024-02-27T15:09:22.589+0000] {dag.py:3834} INFO - Setting next_dagrun for example_skip_dag to 2024-02-26 00:00:00+00:00, run_after=2024-02-27 00:00:00+00:00
[2024-02-27T15:09:22.601+0000] {processor.py:183} INFO - Processing /home/airflow/.local/lib/python3.11/site-packages/airflow/example_dags/example_skip_dag.py took 0.043 seconds
[2024-02-27T15:09:52.666+0000] {processor.py:161} INFO - Started process (PID=611) to work on /home/airflow/.local/lib/python3.11/site-packages/airflow/example_dags/example_skip_dag.py
[2024-02-27T15:09:52.667+0000] {processor.py:830} INFO - Processing file /home/airflow/.local/lib/python3.11/site-packages/airflow/example_dags/example_skip_dag.py for tasks to queue
[2024-02-27T15:09:52.669+0000] {logging_mixin.py:188} INFO - [2024-02-27T15:09:52.669+0000] {dagbag.py:540} INFO - Filling up the DagBag from /home/airflow/.local/lib/python3.11/site-packages/airflow/example_dags/example_skip_dag.py
[2024-02-27T15:09:52.673+0000] {processor.py:840} INFO - DAG(s) 'example_skip_dag' retrieved from /home/airflow/.local/lib/python3.11/site-packages/airflow/example_dags/example_skip_dag.py
[2024-02-27T15:09:52.685+0000] {logging_mixin.py:188} INFO - [2024-02-27T15:09:52.685+0000] {dag.py:3047} INFO - Sync 1 DAGs
[2024-02-27T15:09:52.698+0000] {logging_mixin.py:188} INFO - [2024-02-27T15:09:52.698+0000] {dag.py:3834} INFO - Setting next_dagrun for example_skip_dag to 2024-02-26 00:00:00+00:00, run_after=2024-02-27 00:00:00+00:00
[2024-02-27T15:09:52.710+0000] {processor.py:183} INFO - Processing /home/airflow/.local/lib/python3.11/site-packages/airflow/example_dags/example_skip_dag.py took 0.046 seconds
[2024-02-27T15:10:22.800+0000] {processor.py:161} INFO - Started process (PID=666) to work on /home/airflow/.local/lib/python3.11/site-packages/airflow/example_dags/example_skip_dag.py
[2024-02-27T15:10:22.801+0000] {processor.py:830} INFO - Processing file /home/airflow/.local/lib/python3.11/site-packages/airflow/example_dags/example_skip_dag.py for tasks to queue
[2024-02-27T15:10:22.802+0000] {logging_mixin.py:188} INFO - [2024-02-27T15:10:22.802+0000] {dagbag.py:540} INFO - Filling up the DagBag from /home/airflow/.local/lib/python3.11/site-packages/airflow/example_dags/example_skip_dag.py
[2024-02-27T15:10:22.806+0000] {processor.py:840} INFO - DAG(s) 'example_skip_dag' retrieved from /home/airflow/.local/lib/python3.11/site-packages/airflow/example_dags/example_skip_dag.py
[2024-02-27T15:10:22.818+0000] {logging_mixin.py:188} INFO - [2024-02-27T15:10:22.818+0000] {dag.py:3047} INFO - Sync 1 DAGs
[2024-02-27T15:10:22.831+0000] {logging_mixin.py:188} INFO - [2024-02-27T15:10:22.830+0000] {dag.py:3834} INFO - Setting next_dagrun for example_skip_dag to 2024-02-26 00:00:00+00:00, run_after=2024-02-27 00:00:00+00:00
[2024-02-27T15:10:22.842+0000] {processor.py:183} INFO - Processing /home/airflow/.local/lib/python3.11/site-packages/airflow/example_dags/example_skip_dag.py took 0.043 seconds
[2024-02-27T15:10:52.902+0000] {processor.py:161} INFO - Started process (PID=721) to work on /home/airflow/.local/lib/python3.11/site-packages/airflow/example_dags/example_skip_dag.py
[2024-02-27T15:10:52.902+0000] {processor.py:830} INFO - Processing file /home/airflow/.local/lib/python3.11/site-packages/airflow/example_dags/example_skip_dag.py for tasks to queue
[2024-02-27T15:10:52.904+0000] {logging_mixin.py:188} INFO - [2024-02-27T15:10:52.903+0000] {dagbag.py:540} INFO - Filling up the DagBag from /home/airflow/.local/lib/python3.11/site-packages/airflow/example_dags/example_skip_dag.py
[2024-02-27T15:10:52.907+0000] {processor.py:840} INFO - DAG(s) 'example_skip_dag' retrieved from /home/airflow/.local/lib/python3.11/site-packages/airflow/example_dags/example_skip_dag.py
[2024-02-27T15:10:52.920+0000] {logging_mixin.py:188} INFO - [2024-02-27T15:10:52.920+0000] {dag.py:3047} INFO - Sync 1 DAGs
[2024-02-27T15:10:52.934+0000] {logging_mixin.py:188} INFO - [2024-02-27T15:10:52.933+0000] {dag.py:3834} INFO - Setting next_dagrun for example_skip_dag to 2024-02-26 00:00:00+00:00, run_after=2024-02-27 00:00:00+00:00
[2024-02-27T15:10:52.945+0000] {processor.py:183} INFO - Processing /home/airflow/.local/lib/python3.11/site-packages/airflow/example_dags/example_skip_dag.py took 0.045 seconds
[2024-02-27T15:11:23.130+0000] {processor.py:161} INFO - Started process (PID=776) to work on /home/airflow/.local/lib/python3.11/site-packages/airflow/example_dags/example_skip_dag.py
[2024-02-27T15:11:23.131+0000] {processor.py:830} INFO - Processing file /home/airflow/.local/lib/python3.11/site-packages/airflow/example_dags/example_skip_dag.py for tasks to queue
[2024-02-27T15:11:23.132+0000] {logging_mixin.py:188} INFO - [2024-02-27T15:11:23.132+0000] {dagbag.py:540} INFO - Filling up the DagBag from /home/airflow/.local/lib/python3.11/site-packages/airflow/example_dags/example_skip_dag.py
[2024-02-27T15:11:23.136+0000] {processor.py:840} INFO - DAG(s) 'example_skip_dag' retrieved from /home/airflow/.local/lib/python3.11/site-packages/airflow/example_dags/example_skip_dag.py
[2024-02-27T15:11:23.148+0000] {logging_mixin.py:188} INFO - [2024-02-27T15:11:23.148+0000] {dag.py:3047} INFO - Sync 1 DAGs
[2024-02-27T15:11:23.160+0000] {logging_mixin.py:188} INFO - [2024-02-27T15:11:23.160+0000] {dag.py:3834} INFO - Setting next_dagrun for example_skip_dag to 2024-02-26 00:00:00+00:00, run_after=2024-02-27 00:00:00+00:00
[2024-02-27T15:11:23.170+0000] {processor.py:183} INFO - Processing /home/airflow/.local/lib/python3.11/site-packages/airflow/example_dags/example_skip_dag.py took 0.043 seconds
[2024-02-27T15:11:53.208+0000] {processor.py:161} INFO - Started process (PID=832) to work on /home/airflow/.local/lib/python3.11/site-packages/airflow/example_dags/example_skip_dag.py
[2024-02-27T15:11:53.208+0000] {processor.py:830} INFO - Processing file /home/airflow/.local/lib/python3.11/site-packages/airflow/example_dags/example_skip_dag.py for tasks to queue
[2024-02-27T15:11:53.210+0000] {logging_mixin.py:188} INFO - [2024-02-27T15:11:53.209+0000] {dagbag.py:540} INFO - Filling up the DagBag from /home/airflow/.local/lib/python3.11/site-packages/airflow/example_dags/example_skip_dag.py
[2024-02-27T15:11:53.214+0000] {processor.py:840} INFO - DAG(s) 'example_skip_dag' retrieved from /home/airflow/.local/lib/python3.11/site-packages/airflow/example_dags/example_skip_dag.py
[2024-02-27T15:11:53.225+0000] {logging_mixin.py:188} INFO - [2024-02-27T15:11:53.225+0000] {dag.py:3047} INFO - Sync 1 DAGs
[2024-02-27T15:11:53.237+0000] {logging_mixin.py:188} INFO - [2024-02-27T15:11:53.237+0000] {dag.py:3834} INFO - Setting next_dagrun for example_skip_dag to 2024-02-26 00:00:00+00:00, run_after=2024-02-27 00:00:00+00:00
[2024-02-27T15:11:53.248+0000] {processor.py:183} INFO - Processing /home/airflow/.local/lib/python3.11/site-packages/airflow/example_dags/example_skip_dag.py took 0.042 seconds
[2024-02-27T15:12:23.426+0000] {processor.py:161} INFO - Started process (PID=887) to work on /home/airflow/.local/lib/python3.11/site-packages/airflow/example_dags/example_skip_dag.py
[2024-02-27T15:12:23.427+0000] {processor.py:830} INFO - Processing file /home/airflow/.local/lib/python3.11/site-packages/airflow/example_dags/example_skip_dag.py for tasks to queue
[2024-02-27T15:12:23.428+0000] {logging_mixin.py:188} INFO - [2024-02-27T15:12:23.428+0000] {dagbag.py:540} INFO - Filling up the DagBag from /home/airflow/.local/lib/python3.11/site-packages/airflow/example_dags/example_skip_dag.py
[2024-02-27T15:12:23.432+0000] {processor.py:840} INFO - DAG(s) 'example_skip_dag' retrieved from /home/airflow/.local/lib/python3.11/site-packages/airflow/example_dags/example_skip_dag.py
[2024-02-27T15:12:23.445+0000] {logging_mixin.py:188} INFO - [2024-02-27T15:12:23.445+0000] {dag.py:3047} INFO - Sync 1 DAGs
[2024-02-27T15:12:23.457+0000] {logging_mixin.py:188} INFO - [2024-02-27T15:12:23.457+0000] {dag.py:3834} INFO - Setting next_dagrun for example_skip_dag to 2024-02-26 00:00:00+00:00, run_after=2024-02-27 00:00:00+00:00
[2024-02-27T15:12:23.469+0000] {processor.py:183} INFO - Processing /home/airflow/.local/lib/python3.11/site-packages/airflow/example_dags/example_skip_dag.py took 0.045 seconds
[2024-02-27T15:12:53.573+0000] {processor.py:161} INFO - Started process (PID=942) to work on /home/airflow/.local/lib/python3.11/site-packages/airflow/example_dags/example_skip_dag.py
[2024-02-27T15:12:53.573+0000] {processor.py:830} INFO - Processing file /home/airflow/.local/lib/python3.11/site-packages/airflow/example_dags/example_skip_dag.py for tasks to queue
[2024-02-27T15:12:53.575+0000] {logging_mixin.py:188} INFO - [2024-02-27T15:12:53.575+0000] {dagbag.py:540} INFO - Filling up the DagBag from /home/airflow/.local/lib/python3.11/site-packages/airflow/example_dags/example_skip_dag.py
[2024-02-27T15:12:53.579+0000] {processor.py:840} INFO - DAG(s) 'example_skip_dag' retrieved from /home/airflow/.local/lib/python3.11/site-packages/airflow/example_dags/example_skip_dag.py
[2024-02-27T15:12:53.592+0000] {logging_mixin.py:188} INFO - [2024-02-27T15:12:53.592+0000] {dag.py:3047} INFO - Sync 1 DAGs
[2024-02-27T15:12:53.607+0000] {logging_mixin.py:188} INFO - [2024-02-27T15:12:53.607+0000] {dag.py:3834} INFO - Setting next_dagrun for example_skip_dag to 2024-02-26 00:00:00+00:00, run_after=2024-02-27 00:00:00+00:00
[2024-02-27T15:12:53.619+0000] {processor.py:183} INFO - Processing /home/airflow/.local/lib/python3.11/site-packages/airflow/example_dags/example_skip_dag.py took 0.049 seconds
[2024-02-27T15:20:39.208+0000] {processor.py:161} INFO - Started process (PID=61) to work on /home/airflow/.local/lib/python3.11/site-packages/airflow/example_dags/example_skip_dag.py
[2024-02-27T15:20:39.209+0000] {processor.py:830} INFO - Processing file /home/airflow/.local/lib/python3.11/site-packages/airflow/example_dags/example_skip_dag.py for tasks to queue
[2024-02-27T15:20:39.210+0000] {logging_mixin.py:188} INFO - [2024-02-27T15:20:39.210+0000] {dagbag.py:540} INFO - Filling up the DagBag from /home/airflow/.local/lib/python3.11/site-packages/airflow/example_dags/example_skip_dag.py
[2024-02-27T15:20:39.216+0000] {processor.py:840} INFO - DAG(s) 'example_skip_dag' retrieved from /home/airflow/.local/lib/python3.11/site-packages/airflow/example_dags/example_skip_dag.py
[2024-02-27T15:20:39.240+0000] {logging_mixin.py:188} INFO - [2024-02-27T15:20:39.240+0000] {dag.py:3047} INFO - Sync 1 DAGs
[2024-02-27T15:20:39.268+0000] {logging_mixin.py:188} INFO - [2024-02-27T15:20:39.267+0000] {dag.py:3834} INFO - Setting next_dagrun for example_skip_dag to 2024-02-26 00:00:00+00:00, run_after=2024-02-27 00:00:00+00:00
[2024-02-27T15:20:39.288+0000] {processor.py:183} INFO - Processing /home/airflow/.local/lib/python3.11/site-packages/airflow/example_dags/example_skip_dag.py took 0.082 seconds
[2024-02-27T15:21:10.188+0000] {processor.py:161} INFO - Started process (PID=116) to work on /home/airflow/.local/lib/python3.11/site-packages/airflow/example_dags/example_skip_dag.py
[2024-02-27T15:21:10.189+0000] {processor.py:830} INFO - Processing file /home/airflow/.local/lib/python3.11/site-packages/airflow/example_dags/example_skip_dag.py for tasks to queue
[2024-02-27T15:21:10.190+0000] {logging_mixin.py:188} INFO - [2024-02-27T15:21:10.190+0000] {dagbag.py:540} INFO - Filling up the DagBag from /home/airflow/.local/lib/python3.11/site-packages/airflow/example_dags/example_skip_dag.py
[2024-02-27T15:21:10.194+0000] {processor.py:840} INFO - DAG(s) 'example_skip_dag' retrieved from /home/airflow/.local/lib/python3.11/site-packages/airflow/example_dags/example_skip_dag.py
[2024-02-27T15:21:10.269+0000] {logging_mixin.py:188} INFO - [2024-02-27T15:21:10.269+0000] {dag.py:3047} INFO - Sync 1 DAGs
[2024-02-27T15:21:10.286+0000] {logging_mixin.py:188} INFO - [2024-02-27T15:21:10.286+0000] {dag.py:3834} INFO - Setting next_dagrun for example_skip_dag to 2024-02-26 00:00:00+00:00, run_after=2024-02-27 00:00:00+00:00
[2024-02-27T15:21:10.301+0000] {processor.py:183} INFO - Processing /home/airflow/.local/lib/python3.11/site-packages/airflow/example_dags/example_skip_dag.py took 0.115 seconds
