[2024-02-27T15:04:48.521+0000] {processor.py:161} INFO - Started process (PID=46) to work on /home/airflow/.local/lib/python3.11/site-packages/airflow/example_dags/example_nested_branch_dag.py
[2024-02-27T15:04:48.522+0000] {processor.py:830} INFO - Processing file /home/airflow/.local/lib/python3.11/site-packages/airflow/example_dags/example_nested_branch_dag.py for tasks to queue
[2024-02-27T15:04:48.524+0000] {logging_mixin.py:188} INFO - [2024-02-27T15:04:48.523+0000] {dagbag.py:540} INFO - Filling up the DagBag from /home/airflow/.local/lib/python3.11/site-packages/airflow/example_dags/example_nested_branch_dag.py
[2024-02-27T15:04:48.533+0000] {processor.py:840} INFO - DAG(s) 'example_nested_branch_dag' retrieved from /home/airflow/.local/lib/python3.11/site-packages/airflow/example_dags/example_nested_branch_dag.py
[2024-02-27T15:04:48.541+0000] {logging_mixin.py:188} INFO - [2024-02-27T15:04:48.540+0000] {dag.py:3047} INFO - Sync 1 DAGs
[2024-02-27T15:04:48.555+0000] {logging_mixin.py:188} INFO - [2024-02-27T15:04:48.555+0000] {dag.py:3834} INFO - Setting next_dagrun for example_nested_branch_dag to 2024-02-26 00:00:00+00:00, run_after=2024-02-27 00:00:00+00:00
[2024-02-27T15:04:48.567+0000] {processor.py:183} INFO - Processing /home/airflow/.local/lib/python3.11/site-packages/airflow/example_dags/example_nested_branch_dag.py took 0.048 seconds
[2024-02-27T15:05:18.832+0000] {processor.py:161} INFO - Started process (PID=101) to work on /home/airflow/.local/lib/python3.11/site-packages/airflow/example_dags/example_nested_branch_dag.py
[2024-02-27T15:05:18.833+0000] {processor.py:830} INFO - Processing file /home/airflow/.local/lib/python3.11/site-packages/airflow/example_dags/example_nested_branch_dag.py for tasks to queue
[2024-02-27T15:05:18.835+0000] {logging_mixin.py:188} INFO - [2024-02-27T15:05:18.835+0000] {dagbag.py:540} INFO - Filling up the DagBag from /home/airflow/.local/lib/python3.11/site-packages/airflow/example_dags/example_nested_branch_dag.py
[2024-02-27T15:05:18.841+0000] {processor.py:840} INFO - DAG(s) 'example_nested_branch_dag' retrieved from /home/airflow/.local/lib/python3.11/site-packages/airflow/example_dags/example_nested_branch_dag.py
[2024-02-27T15:05:18.897+0000] {logging_mixin.py:188} INFO - [2024-02-27T15:05:18.897+0000] {dag.py:3047} INFO - Sync 1 DAGs
[2024-02-27T15:05:18.909+0000] {logging_mixin.py:188} INFO - [2024-02-27T15:05:18.909+0000] {dag.py:3834} INFO - Setting next_dagrun for example_nested_branch_dag to 2024-02-26 00:00:00+00:00, run_after=2024-02-27 00:00:00+00:00
[2024-02-27T15:05:18.920+0000] {processor.py:183} INFO - Processing /home/airflow/.local/lib/python3.11/site-packages/airflow/example_dags/example_nested_branch_dag.py took 0.089 seconds
[2024-02-27T15:05:49.485+0000] {processor.py:161} INFO - Started process (PID=156) to work on /home/airflow/.local/lib/python3.11/site-packages/airflow/example_dags/example_nested_branch_dag.py
[2024-02-27T15:05:49.487+0000] {processor.py:830} INFO - Processing file /home/airflow/.local/lib/python3.11/site-packages/airflow/example_dags/example_nested_branch_dag.py for tasks to queue
[2024-02-27T15:05:49.488+0000] {logging_mixin.py:188} INFO - [2024-02-27T15:05:49.488+0000] {dagbag.py:540} INFO - Filling up the DagBag from /home/airflow/.local/lib/python3.11/site-packages/airflow/example_dags/example_nested_branch_dag.py
[2024-02-27T15:05:49.495+0000] {processor.py:840} INFO - DAG(s) 'example_nested_branch_dag' retrieved from /home/airflow/.local/lib/python3.11/site-packages/airflow/example_dags/example_nested_branch_dag.py
[2024-02-27T15:05:49.506+0000] {logging_mixin.py:188} INFO - [2024-02-27T15:05:49.506+0000] {dag.py:3047} INFO - Sync 1 DAGs
[2024-02-27T15:05:49.519+0000] {logging_mixin.py:188} INFO - [2024-02-27T15:05:49.519+0000] {dag.py:3834} INFO - Setting next_dagrun for example_nested_branch_dag to 2024-02-26 00:00:00+00:00, run_after=2024-02-27 00:00:00+00:00
[2024-02-27T15:05:49.531+0000] {processor.py:183} INFO - Processing /home/airflow/.local/lib/python3.11/site-packages/airflow/example_dags/example_nested_branch_dag.py took 0.047 seconds
[2024-02-27T15:06:20.174+0000] {processor.py:161} INFO - Started process (PID=211) to work on /home/airflow/.local/lib/python3.11/site-packages/airflow/example_dags/example_nested_branch_dag.py
[2024-02-27T15:06:20.175+0000] {processor.py:830} INFO - Processing file /home/airflow/.local/lib/python3.11/site-packages/airflow/example_dags/example_nested_branch_dag.py for tasks to queue
[2024-02-27T15:06:20.176+0000] {logging_mixin.py:188} INFO - [2024-02-27T15:06:20.176+0000] {dagbag.py:540} INFO - Filling up the DagBag from /home/airflow/.local/lib/python3.11/site-packages/airflow/example_dags/example_nested_branch_dag.py
[2024-02-27T15:06:20.182+0000] {processor.py:840} INFO - DAG(s) 'example_nested_branch_dag' retrieved from /home/airflow/.local/lib/python3.11/site-packages/airflow/example_dags/example_nested_branch_dag.py
[2024-02-27T15:06:20.194+0000] {logging_mixin.py:188} INFO - [2024-02-27T15:06:20.193+0000] {dag.py:3047} INFO - Sync 1 DAGs
[2024-02-27T15:06:20.206+0000] {logging_mixin.py:188} INFO - [2024-02-27T15:06:20.206+0000] {dag.py:3834} INFO - Setting next_dagrun for example_nested_branch_dag to 2024-02-26 00:00:00+00:00, run_after=2024-02-27 00:00:00+00:00
[2024-02-27T15:06:20.217+0000] {processor.py:183} INFO - Processing /home/airflow/.local/lib/python3.11/site-packages/airflow/example_dags/example_nested_branch_dag.py took 0.045 seconds
[2024-02-27T15:06:51.175+0000] {processor.py:161} INFO - Started process (PID=266) to work on /home/airflow/.local/lib/python3.11/site-packages/airflow/example_dags/example_nested_branch_dag.py
[2024-02-27T15:06:51.176+0000] {processor.py:830} INFO - Processing file /home/airflow/.local/lib/python3.11/site-packages/airflow/example_dags/example_nested_branch_dag.py for tasks to queue
[2024-02-27T15:06:51.177+0000] {logging_mixin.py:188} INFO - [2024-02-27T15:06:51.177+0000] {dagbag.py:540} INFO - Filling up the DagBag from /home/airflow/.local/lib/python3.11/site-packages/airflow/example_dags/example_nested_branch_dag.py
[2024-02-27T15:06:51.183+0000] {processor.py:840} INFO - DAG(s) 'example_nested_branch_dag' retrieved from /home/airflow/.local/lib/python3.11/site-packages/airflow/example_dags/example_nested_branch_dag.py
[2024-02-27T15:06:51.196+0000] {logging_mixin.py:188} INFO - [2024-02-27T15:06:51.196+0000] {dag.py:3047} INFO - Sync 1 DAGs
[2024-02-27T15:06:51.209+0000] {logging_mixin.py:188} INFO - [2024-02-27T15:06:51.209+0000] {dag.py:3834} INFO - Setting next_dagrun for example_nested_branch_dag to 2024-02-26 00:00:00+00:00, run_after=2024-02-27 00:00:00+00:00
[2024-02-27T15:06:51.221+0000] {processor.py:183} INFO - Processing /home/airflow/.local/lib/python3.11/site-packages/airflow/example_dags/example_nested_branch_dag.py took 0.048 seconds
[2024-02-27T15:07:21.246+0000] {processor.py:161} INFO - Started process (PID=321) to work on /home/airflow/.local/lib/python3.11/site-packages/airflow/example_dags/example_nested_branch_dag.py
[2024-02-27T15:07:21.246+0000] {processor.py:830} INFO - Processing file /home/airflow/.local/lib/python3.11/site-packages/airflow/example_dags/example_nested_branch_dag.py for tasks to queue
[2024-02-27T15:07:21.248+0000] {logging_mixin.py:188} INFO - [2024-02-27T15:07:21.247+0000] {dagbag.py:540} INFO - Filling up the DagBag from /home/airflow/.local/lib/python3.11/site-packages/airflow/example_dags/example_nested_branch_dag.py
[2024-02-27T15:07:21.253+0000] {processor.py:840} INFO - DAG(s) 'example_nested_branch_dag' retrieved from /home/airflow/.local/lib/python3.11/site-packages/airflow/example_dags/example_nested_branch_dag.py
[2024-02-27T15:07:21.265+0000] {logging_mixin.py:188} INFO - [2024-02-27T15:07:21.265+0000] {dag.py:3047} INFO - Sync 1 DAGs
[2024-02-27T15:07:21.278+0000] {logging_mixin.py:188} INFO - [2024-02-27T15:07:21.277+0000] {dag.py:3834} INFO - Setting next_dagrun for example_nested_branch_dag to 2024-02-26 00:00:00+00:00, run_after=2024-02-27 00:00:00+00:00
[2024-02-27T15:07:21.288+0000] {processor.py:183} INFO - Processing /home/airflow/.local/lib/python3.11/site-packages/airflow/example_dags/example_nested_branch_dag.py took 0.045 seconds
[2024-02-27T15:07:51.426+0000] {processor.py:161} INFO - Started process (PID=376) to work on /home/airflow/.local/lib/python3.11/site-packages/airflow/example_dags/example_nested_branch_dag.py
[2024-02-27T15:07:51.427+0000] {processor.py:830} INFO - Processing file /home/airflow/.local/lib/python3.11/site-packages/airflow/example_dags/example_nested_branch_dag.py for tasks to queue
[2024-02-27T15:07:51.428+0000] {logging_mixin.py:188} INFO - [2024-02-27T15:07:51.428+0000] {dagbag.py:540} INFO - Filling up the DagBag from /home/airflow/.local/lib/python3.11/site-packages/airflow/example_dags/example_nested_branch_dag.py
[2024-02-27T15:07:51.434+0000] {processor.py:840} INFO - DAG(s) 'example_nested_branch_dag' retrieved from /home/airflow/.local/lib/python3.11/site-packages/airflow/example_dags/example_nested_branch_dag.py
[2024-02-27T15:07:51.446+0000] {logging_mixin.py:188} INFO - [2024-02-27T15:07:51.446+0000] {dag.py:3047} INFO - Sync 1 DAGs
[2024-02-27T15:07:51.459+0000] {logging_mixin.py:188} INFO - [2024-02-27T15:07:51.459+0000] {dag.py:3834} INFO - Setting next_dagrun for example_nested_branch_dag to 2024-02-26 00:00:00+00:00, run_after=2024-02-27 00:00:00+00:00
[2024-02-27T15:07:51.469+0000] {processor.py:183} INFO - Processing /home/airflow/.local/lib/python3.11/site-packages/airflow/example_dags/example_nested_branch_dag.py took 0.045 seconds
[2024-02-27T15:08:21.532+0000] {processor.py:161} INFO - Started process (PID=431) to work on /home/airflow/.local/lib/python3.11/site-packages/airflow/example_dags/example_nested_branch_dag.py
[2024-02-27T15:08:21.533+0000] {processor.py:830} INFO - Processing file /home/airflow/.local/lib/python3.11/site-packages/airflow/example_dags/example_nested_branch_dag.py for tasks to queue
[2024-02-27T15:08:21.534+0000] {logging_mixin.py:188} INFO - [2024-02-27T15:08:21.534+0000] {dagbag.py:540} INFO - Filling up the DagBag from /home/airflow/.local/lib/python3.11/site-packages/airflow/example_dags/example_nested_branch_dag.py
[2024-02-27T15:08:21.541+0000] {processor.py:840} INFO - DAG(s) 'example_nested_branch_dag' retrieved from /home/airflow/.local/lib/python3.11/site-packages/airflow/example_dags/example_nested_branch_dag.py
[2024-02-27T15:08:21.553+0000] {logging_mixin.py:188} INFO - [2024-02-27T15:08:21.552+0000] {dag.py:3047} INFO - Sync 1 DAGs
[2024-02-27T15:08:21.566+0000] {logging_mixin.py:188} INFO - [2024-02-27T15:08:21.566+0000] {dag.py:3834} INFO - Setting next_dagrun for example_nested_branch_dag to 2024-02-26 00:00:00+00:00, run_after=2024-02-27 00:00:00+00:00
[2024-02-27T15:08:21.576+0000] {processor.py:183} INFO - Processing /home/airflow/.local/lib/python3.11/site-packages/airflow/example_dags/example_nested_branch_dag.py took 0.046 seconds
[2024-02-27T15:08:51.653+0000] {processor.py:161} INFO - Started process (PID=486) to work on /home/airflow/.local/lib/python3.11/site-packages/airflow/example_dags/example_nested_branch_dag.py
[2024-02-27T15:08:51.654+0000] {processor.py:830} INFO - Processing file /home/airflow/.local/lib/python3.11/site-packages/airflow/example_dags/example_nested_branch_dag.py for tasks to queue
[2024-02-27T15:08:51.656+0000] {logging_mixin.py:188} INFO - [2024-02-27T15:08:51.655+0000] {dagbag.py:540} INFO - Filling up the DagBag from /home/airflow/.local/lib/python3.11/site-packages/airflow/example_dags/example_nested_branch_dag.py
[2024-02-27T15:08:51.661+0000] {processor.py:840} INFO - DAG(s) 'example_nested_branch_dag' retrieved from /home/airflow/.local/lib/python3.11/site-packages/airflow/example_dags/example_nested_branch_dag.py
[2024-02-27T15:08:51.672+0000] {logging_mixin.py:188} INFO - [2024-02-27T15:08:51.672+0000] {dag.py:3047} INFO - Sync 1 DAGs
[2024-02-27T15:08:51.686+0000] {logging_mixin.py:188} INFO - [2024-02-27T15:08:51.686+0000] {dag.py:3834} INFO - Setting next_dagrun for example_nested_branch_dag to 2024-02-26 00:00:00+00:00, run_after=2024-02-27 00:00:00+00:00
[2024-02-27T15:08:51.697+0000] {processor.py:183} INFO - Processing /home/airflow/.local/lib/python3.11/site-packages/airflow/example_dags/example_nested_branch_dag.py took 0.046 seconds
[2024-02-27T15:09:21.901+0000] {processor.py:161} INFO - Started process (PID=541) to work on /home/airflow/.local/lib/python3.11/site-packages/airflow/example_dags/example_nested_branch_dag.py
[2024-02-27T15:09:21.902+0000] {processor.py:830} INFO - Processing file /home/airflow/.local/lib/python3.11/site-packages/airflow/example_dags/example_nested_branch_dag.py for tasks to queue
[2024-02-27T15:09:21.903+0000] {logging_mixin.py:188} INFO - [2024-02-27T15:09:21.903+0000] {dagbag.py:540} INFO - Filling up the DagBag from /home/airflow/.local/lib/python3.11/site-packages/airflow/example_dags/example_nested_branch_dag.py
[2024-02-27T15:09:21.909+0000] {processor.py:840} INFO - DAG(s) 'example_nested_branch_dag' retrieved from /home/airflow/.local/lib/python3.11/site-packages/airflow/example_dags/example_nested_branch_dag.py
[2024-02-27T15:09:21.922+0000] {logging_mixin.py:188} INFO - [2024-02-27T15:09:21.922+0000] {dag.py:3047} INFO - Sync 1 DAGs
[2024-02-27T15:09:21.935+0000] {logging_mixin.py:188} INFO - [2024-02-27T15:09:21.935+0000] {dag.py:3834} INFO - Setting next_dagrun for example_nested_branch_dag to 2024-02-26 00:00:00+00:00, run_after=2024-02-27 00:00:00+00:00
[2024-02-27T15:09:21.947+0000] {processor.py:183} INFO - Processing /home/airflow/.local/lib/python3.11/site-packages/airflow/example_dags/example_nested_branch_dag.py took 0.047 seconds
[2024-02-27T15:09:52.078+0000] {processor.py:161} INFO - Started process (PID=596) to work on /home/airflow/.local/lib/python3.11/site-packages/airflow/example_dags/example_nested_branch_dag.py
[2024-02-27T15:09:52.078+0000] {processor.py:830} INFO - Processing file /home/airflow/.local/lib/python3.11/site-packages/airflow/example_dags/example_nested_branch_dag.py for tasks to queue
[2024-02-27T15:09:52.079+0000] {logging_mixin.py:188} INFO - [2024-02-27T15:09:52.079+0000] {dagbag.py:540} INFO - Filling up the DagBag from /home/airflow/.local/lib/python3.11/site-packages/airflow/example_dags/example_nested_branch_dag.py
[2024-02-27T15:09:52.086+0000] {processor.py:840} INFO - DAG(s) 'example_nested_branch_dag' retrieved from /home/airflow/.local/lib/python3.11/site-packages/airflow/example_dags/example_nested_branch_dag.py
[2024-02-27T15:09:52.098+0000] {logging_mixin.py:188} INFO - [2024-02-27T15:09:52.098+0000] {dag.py:3047} INFO - Sync 1 DAGs
[2024-02-27T15:09:52.113+0000] {logging_mixin.py:188} INFO - [2024-02-27T15:09:52.112+0000] {dag.py:3834} INFO - Setting next_dagrun for example_nested_branch_dag to 2024-02-26 00:00:00+00:00, run_after=2024-02-27 00:00:00+00:00
[2024-02-27T15:09:52.125+0000] {processor.py:183} INFO - Processing /home/airflow/.local/lib/python3.11/site-packages/airflow/example_dags/example_nested_branch_dag.py took 0.049 seconds
[2024-02-27T15:10:22.233+0000] {processor.py:161} INFO - Started process (PID=651) to work on /home/airflow/.local/lib/python3.11/site-packages/airflow/example_dags/example_nested_branch_dag.py
[2024-02-27T15:10:22.233+0000] {processor.py:830} INFO - Processing file /home/airflow/.local/lib/python3.11/site-packages/airflow/example_dags/example_nested_branch_dag.py for tasks to queue
[2024-02-27T15:10:22.235+0000] {logging_mixin.py:188} INFO - [2024-02-27T15:10:22.234+0000] {dagbag.py:540} INFO - Filling up the DagBag from /home/airflow/.local/lib/python3.11/site-packages/airflow/example_dags/example_nested_branch_dag.py
[2024-02-27T15:10:22.241+0000] {processor.py:840} INFO - DAG(s) 'example_nested_branch_dag' retrieved from /home/airflow/.local/lib/python3.11/site-packages/airflow/example_dags/example_nested_branch_dag.py
[2024-02-27T15:10:22.254+0000] {logging_mixin.py:188} INFO - [2024-02-27T15:10:22.254+0000] {dag.py:3047} INFO - Sync 1 DAGs
[2024-02-27T15:10:22.271+0000] {logging_mixin.py:188} INFO - [2024-02-27T15:10:22.271+0000] {dag.py:3834} INFO - Setting next_dagrun for example_nested_branch_dag to 2024-02-26 00:00:00+00:00, run_after=2024-02-27 00:00:00+00:00
[2024-02-27T15:10:22.286+0000] {processor.py:183} INFO - Processing /home/airflow/.local/lib/python3.11/site-packages/airflow/example_dags/example_nested_branch_dag.py took 0.056 seconds
[2024-02-27T15:10:52.303+0000] {processor.py:161} INFO - Started process (PID=706) to work on /home/airflow/.local/lib/python3.11/site-packages/airflow/example_dags/example_nested_branch_dag.py
[2024-02-27T15:10:52.304+0000] {processor.py:830} INFO - Processing file /home/airflow/.local/lib/python3.11/site-packages/airflow/example_dags/example_nested_branch_dag.py for tasks to queue
[2024-02-27T15:10:52.305+0000] {logging_mixin.py:188} INFO - [2024-02-27T15:10:52.305+0000] {dagbag.py:540} INFO - Filling up the DagBag from /home/airflow/.local/lib/python3.11/site-packages/airflow/example_dags/example_nested_branch_dag.py
[2024-02-27T15:10:52.311+0000] {processor.py:840} INFO - DAG(s) 'example_nested_branch_dag' retrieved from /home/airflow/.local/lib/python3.11/site-packages/airflow/example_dags/example_nested_branch_dag.py
[2024-02-27T15:10:52.323+0000] {logging_mixin.py:188} INFO - [2024-02-27T15:10:52.323+0000] {dag.py:3047} INFO - Sync 1 DAGs
[2024-02-27T15:10:52.338+0000] {logging_mixin.py:188} INFO - [2024-02-27T15:10:52.337+0000] {dag.py:3834} INFO - Setting next_dagrun for example_nested_branch_dag to 2024-02-26 00:00:00+00:00, run_after=2024-02-27 00:00:00+00:00
[2024-02-27T15:10:52.348+0000] {processor.py:183} INFO - Processing /home/airflow/.local/lib/python3.11/site-packages/airflow/example_dags/example_nested_branch_dag.py took 0.047 seconds
[2024-02-27T15:11:22.485+0000] {processor.py:161} INFO - Started process (PID=761) to work on /home/airflow/.local/lib/python3.11/site-packages/airflow/example_dags/example_nested_branch_dag.py
[2024-02-27T15:11:22.486+0000] {processor.py:830} INFO - Processing file /home/airflow/.local/lib/python3.11/site-packages/airflow/example_dags/example_nested_branch_dag.py for tasks to queue
[2024-02-27T15:11:22.487+0000] {logging_mixin.py:188} INFO - [2024-02-27T15:11:22.487+0000] {dagbag.py:540} INFO - Filling up the DagBag from /home/airflow/.local/lib/python3.11/site-packages/airflow/example_dags/example_nested_branch_dag.py
[2024-02-27T15:11:22.493+0000] {processor.py:840} INFO - DAG(s) 'example_nested_branch_dag' retrieved from /home/airflow/.local/lib/python3.11/site-packages/airflow/example_dags/example_nested_branch_dag.py
[2024-02-27T15:11:22.504+0000] {logging_mixin.py:188} INFO - [2024-02-27T15:11:22.504+0000] {dag.py:3047} INFO - Sync 1 DAGs
[2024-02-27T15:11:22.517+0000] {logging_mixin.py:188} INFO - [2024-02-27T15:11:22.516+0000] {dag.py:3834} INFO - Setting next_dagrun for example_nested_branch_dag to 2024-02-26 00:00:00+00:00, run_after=2024-02-27 00:00:00+00:00
[2024-02-27T15:11:22.527+0000] {processor.py:183} INFO - Processing /home/airflow/.local/lib/python3.11/site-packages/airflow/example_dags/example_nested_branch_dag.py took 0.045 seconds
[2024-02-27T15:11:52.626+0000] {processor.py:161} INFO - Started process (PID=817) to work on /home/airflow/.local/lib/python3.11/site-packages/airflow/example_dags/example_nested_branch_dag.py
[2024-02-27T15:11:52.627+0000] {processor.py:830} INFO - Processing file /home/airflow/.local/lib/python3.11/site-packages/airflow/example_dags/example_nested_branch_dag.py for tasks to queue
[2024-02-27T15:11:52.628+0000] {logging_mixin.py:188} INFO - [2024-02-27T15:11:52.628+0000] {dagbag.py:540} INFO - Filling up the DagBag from /home/airflow/.local/lib/python3.11/site-packages/airflow/example_dags/example_nested_branch_dag.py
[2024-02-27T15:11:52.635+0000] {processor.py:840} INFO - DAG(s) 'example_nested_branch_dag' retrieved from /home/airflow/.local/lib/python3.11/site-packages/airflow/example_dags/example_nested_branch_dag.py
[2024-02-27T15:11:52.647+0000] {logging_mixin.py:188} INFO - [2024-02-27T15:11:52.646+0000] {dag.py:3047} INFO - Sync 1 DAGs
[2024-02-27T15:11:52.659+0000] {logging_mixin.py:188} INFO - [2024-02-27T15:11:52.659+0000] {dag.py:3834} INFO - Setting next_dagrun for example_nested_branch_dag to 2024-02-26 00:00:00+00:00, run_after=2024-02-27 00:00:00+00:00
[2024-02-27T15:11:52.669+0000] {processor.py:183} INFO - Processing /home/airflow/.local/lib/python3.11/site-packages/airflow/example_dags/example_nested_branch_dag.py took 0.045 seconds
[2024-02-27T15:12:22.752+0000] {processor.py:161} INFO - Started process (PID=872) to work on /home/airflow/.local/lib/python3.11/site-packages/airflow/example_dags/example_nested_branch_dag.py
[2024-02-27T15:12:22.753+0000] {processor.py:830} INFO - Processing file /home/airflow/.local/lib/python3.11/site-packages/airflow/example_dags/example_nested_branch_dag.py for tasks to queue
[2024-02-27T15:12:22.754+0000] {logging_mixin.py:188} INFO - [2024-02-27T15:12:22.754+0000] {dagbag.py:540} INFO - Filling up the DagBag from /home/airflow/.local/lib/python3.11/site-packages/airflow/example_dags/example_nested_branch_dag.py
[2024-02-27T15:12:22.760+0000] {processor.py:840} INFO - DAG(s) 'example_nested_branch_dag' retrieved from /home/airflow/.local/lib/python3.11/site-packages/airflow/example_dags/example_nested_branch_dag.py
[2024-02-27T15:12:22.773+0000] {logging_mixin.py:188} INFO - [2024-02-27T15:12:22.773+0000] {dag.py:3047} INFO - Sync 1 DAGs
[2024-02-27T15:12:22.787+0000] {logging_mixin.py:188} INFO - [2024-02-27T15:12:22.787+0000] {dag.py:3834} INFO - Setting next_dagrun for example_nested_branch_dag to 2024-02-26 00:00:00+00:00, run_after=2024-02-27 00:00:00+00:00
[2024-02-27T15:12:22.799+0000] {processor.py:183} INFO - Processing /home/airflow/.local/lib/python3.11/site-packages/airflow/example_dags/example_nested_branch_dag.py took 0.048 seconds
[2024-02-27T15:12:52.841+0000] {processor.py:161} INFO - Started process (PID=927) to work on /home/airflow/.local/lib/python3.11/site-packages/airflow/example_dags/example_nested_branch_dag.py
[2024-02-27T15:12:52.842+0000] {processor.py:830} INFO - Processing file /home/airflow/.local/lib/python3.11/site-packages/airflow/example_dags/example_nested_branch_dag.py for tasks to queue
[2024-02-27T15:12:52.843+0000] {logging_mixin.py:188} INFO - [2024-02-27T15:12:52.843+0000] {dagbag.py:540} INFO - Filling up the DagBag from /home/airflow/.local/lib/python3.11/site-packages/airflow/example_dags/example_nested_branch_dag.py
[2024-02-27T15:12:52.849+0000] {processor.py:840} INFO - DAG(s) 'example_nested_branch_dag' retrieved from /home/airflow/.local/lib/python3.11/site-packages/airflow/example_dags/example_nested_branch_dag.py
[2024-02-27T15:12:52.861+0000] {logging_mixin.py:188} INFO - [2024-02-27T15:12:52.861+0000] {dag.py:3047} INFO - Sync 1 DAGs
[2024-02-27T15:12:52.874+0000] {logging_mixin.py:188} INFO - [2024-02-27T15:12:52.874+0000] {dag.py:3834} INFO - Setting next_dagrun for example_nested_branch_dag to 2024-02-26 00:00:00+00:00, run_after=2024-02-27 00:00:00+00:00
[2024-02-27T15:12:52.885+0000] {processor.py:183} INFO - Processing /home/airflow/.local/lib/python3.11/site-packages/airflow/example_dags/example_nested_branch_dag.py took 0.046 seconds
[2024-02-27T15:20:38.381+0000] {processor.py:161} INFO - Started process (PID=46) to work on /home/airflow/.local/lib/python3.11/site-packages/airflow/example_dags/example_nested_branch_dag.py
[2024-02-27T15:20:38.382+0000] {processor.py:830} INFO - Processing file /home/airflow/.local/lib/python3.11/site-packages/airflow/example_dags/example_nested_branch_dag.py for tasks to queue
[2024-02-27T15:20:38.383+0000] {logging_mixin.py:188} INFO - [2024-02-27T15:20:38.383+0000] {dagbag.py:540} INFO - Filling up the DagBag from /home/airflow/.local/lib/python3.11/site-packages/airflow/example_dags/example_nested_branch_dag.py
[2024-02-27T15:20:38.395+0000] {processor.py:840} INFO - DAG(s) 'example_nested_branch_dag' retrieved from /home/airflow/.local/lib/python3.11/site-packages/airflow/example_dags/example_nested_branch_dag.py
[2024-02-27T15:20:38.427+0000] {logging_mixin.py:188} INFO - [2024-02-27T15:20:38.427+0000] {dag.py:3047} INFO - Sync 1 DAGs
[2024-02-27T15:20:38.452+0000] {logging_mixin.py:188} INFO - [2024-02-27T15:20:38.452+0000] {dag.py:3834} INFO - Setting next_dagrun for example_nested_branch_dag to 2024-02-26 00:00:00+00:00, run_after=2024-02-27 00:00:00+00:00
[2024-02-27T15:20:38.477+0000] {processor.py:183} INFO - Processing /home/airflow/.local/lib/python3.11/site-packages/airflow/example_dags/example_nested_branch_dag.py took 0.099 seconds
[2024-02-27T15:21:08.999+0000] {processor.py:161} INFO - Started process (PID=101) to work on /home/airflow/.local/lib/python3.11/site-packages/airflow/example_dags/example_nested_branch_dag.py
[2024-02-27T15:21:08.999+0000] {processor.py:830} INFO - Processing file /home/airflow/.local/lib/python3.11/site-packages/airflow/example_dags/example_nested_branch_dag.py for tasks to queue
[2024-02-27T15:21:09.001+0000] {logging_mixin.py:188} INFO - [2024-02-27T15:21:09.000+0000] {dagbag.py:540} INFO - Filling up the DagBag from /home/airflow/.local/lib/python3.11/site-packages/airflow/example_dags/example_nested_branch_dag.py
[2024-02-27T15:21:09.007+0000] {processor.py:840} INFO - DAG(s) 'example_nested_branch_dag' retrieved from /home/airflow/.local/lib/python3.11/site-packages/airflow/example_dags/example_nested_branch_dag.py
[2024-02-27T15:21:09.079+0000] {logging_mixin.py:188} INFO - [2024-02-27T15:21:09.079+0000] {dag.py:3047} INFO - Sync 1 DAGs
[2024-02-27T15:21:09.101+0000] {logging_mixin.py:188} INFO - [2024-02-27T15:21:09.101+0000] {dag.py:3834} INFO - Setting next_dagrun for example_nested_branch_dag to 2024-02-26 00:00:00+00:00, run_after=2024-02-27 00:00:00+00:00
[2024-02-27T15:21:09.124+0000] {processor.py:183} INFO - Processing /home/airflow/.local/lib/python3.11/site-packages/airflow/example_dags/example_nested_branch_dag.py took 0.127 seconds
