[2024-02-27T15:04:50.051+0000] {processor.py:161} INFO - Started process (PID=82) to work on /home/airflow/.local/lib/python3.11/site-packages/airflow/example_dags/example_bash_operator.py
[2024-02-27T15:04:50.052+0000] {processor.py:830} INFO - Processing file /home/airflow/.local/lib/python3.11/site-packages/airflow/example_dags/example_bash_operator.py for tasks to queue
[2024-02-27T15:04:50.053+0000] {logging_mixin.py:188} INFO - [2024-02-27T15:04:50.053+0000] {dagbag.py:540} INFO - Filling up the DagBag from /home/airflow/.local/lib/python3.11/site-packages/airflow/example_dags/example_bash_operator.py
[2024-02-27T15:04:50.060+0000] {processor.py:840} INFO - DAG(s) 'example_bash_operator' retrieved from /home/airflow/.local/lib/python3.11/site-packages/airflow/example_dags/example_bash_operator.py
[2024-02-27T15:04:50.066+0000] {logging_mixin.py:188} INFO - [2024-02-27T15:04:50.066+0000] {dag.py:3047} INFO - Sync 1 DAGs
[2024-02-27T15:04:50.080+0000] {logging_mixin.py:188} INFO - [2024-02-27T15:04:50.080+0000] {dag.py:3834} INFO - Setting next_dagrun for example_bash_operator to 2024-02-26 00:00:00+00:00, run_after=2024-02-27 00:00:00+00:00
[2024-02-27T15:04:50.091+0000] {processor.py:183} INFO - Processing /home/airflow/.local/lib/python3.11/site-packages/airflow/example_dags/example_bash_operator.py took 0.042 seconds
[2024-02-27T15:05:20.850+0000] {processor.py:161} INFO - Started process (PID=137) to work on /home/airflow/.local/lib/python3.11/site-packages/airflow/example_dags/example_bash_operator.py
[2024-02-27T15:05:20.851+0000] {processor.py:830} INFO - Processing file /home/airflow/.local/lib/python3.11/site-packages/airflow/example_dags/example_bash_operator.py for tasks to queue
[2024-02-27T15:05:20.852+0000] {logging_mixin.py:188} INFO - [2024-02-27T15:05:20.852+0000] {dagbag.py:540} INFO - Filling up the DagBag from /home/airflow/.local/lib/python3.11/site-packages/airflow/example_dags/example_bash_operator.py
[2024-02-27T15:05:20.859+0000] {processor.py:840} INFO - DAG(s) 'example_bash_operator' retrieved from /home/airflow/.local/lib/python3.11/site-packages/airflow/example_dags/example_bash_operator.py
[2024-02-27T15:05:20.923+0000] {logging_mixin.py:188} INFO - [2024-02-27T15:05:20.923+0000] {dag.py:3047} INFO - Sync 1 DAGs
[2024-02-27T15:05:20.937+0000] {logging_mixin.py:188} INFO - [2024-02-27T15:05:20.937+0000] {dag.py:3834} INFO - Setting next_dagrun for example_bash_operator to 2024-02-26 00:00:00+00:00, run_after=2024-02-27 00:00:00+00:00
[2024-02-27T15:05:20.951+0000] {processor.py:183} INFO - Processing /home/airflow/.local/lib/python3.11/site-packages/airflow/example_dags/example_bash_operator.py took 0.103 seconds
[2024-02-27T15:05:51.650+0000] {processor.py:161} INFO - Started process (PID=192) to work on /home/airflow/.local/lib/python3.11/site-packages/airflow/example_dags/example_bash_operator.py
[2024-02-27T15:05:51.650+0000] {processor.py:830} INFO - Processing file /home/airflow/.local/lib/python3.11/site-packages/airflow/example_dags/example_bash_operator.py for tasks to queue
[2024-02-27T15:05:51.651+0000] {logging_mixin.py:188} INFO - [2024-02-27T15:05:51.651+0000] {dagbag.py:540} INFO - Filling up the DagBag from /home/airflow/.local/lib/python3.11/site-packages/airflow/example_dags/example_bash_operator.py
[2024-02-27T15:05:51.658+0000] {processor.py:840} INFO - DAG(s) 'example_bash_operator' retrieved from /home/airflow/.local/lib/python3.11/site-packages/airflow/example_dags/example_bash_operator.py
[2024-02-27T15:05:51.674+0000] {logging_mixin.py:188} INFO - [2024-02-27T15:05:51.673+0000] {dag.py:3047} INFO - Sync 1 DAGs
[2024-02-27T15:05:51.687+0000] {logging_mixin.py:188} INFO - [2024-02-27T15:05:51.686+0000] {dag.py:3834} INFO - Setting next_dagrun for example_bash_operator to 2024-02-26 00:00:00+00:00, run_after=2024-02-27 00:00:00+00:00
[2024-02-27T15:05:51.697+0000] {processor.py:183} INFO - Processing /home/airflow/.local/lib/python3.11/site-packages/airflow/example_dags/example_bash_operator.py took 0.050 seconds
[2024-02-27T15:06:22.575+0000] {processor.py:161} INFO - Started process (PID=247) to work on /home/airflow/.local/lib/python3.11/site-packages/airflow/example_dags/example_bash_operator.py
[2024-02-27T15:06:22.575+0000] {processor.py:830} INFO - Processing file /home/airflow/.local/lib/python3.11/site-packages/airflow/example_dags/example_bash_operator.py for tasks to queue
[2024-02-27T15:06:22.577+0000] {logging_mixin.py:188} INFO - [2024-02-27T15:06:22.577+0000] {dagbag.py:540} INFO - Filling up the DagBag from /home/airflow/.local/lib/python3.11/site-packages/airflow/example_dags/example_bash_operator.py
[2024-02-27T15:06:22.584+0000] {processor.py:840} INFO - DAG(s) 'example_bash_operator' retrieved from /home/airflow/.local/lib/python3.11/site-packages/airflow/example_dags/example_bash_operator.py
[2024-02-27T15:06:22.599+0000] {logging_mixin.py:188} INFO - [2024-02-27T15:06:22.599+0000] {dag.py:3047} INFO - Sync 1 DAGs
[2024-02-27T15:06:22.611+0000] {logging_mixin.py:188} INFO - [2024-02-27T15:06:22.611+0000] {dag.py:3834} INFO - Setting next_dagrun for example_bash_operator to 2024-02-26 00:00:00+00:00, run_after=2024-02-27 00:00:00+00:00
[2024-02-27T15:06:22.622+0000] {processor.py:183} INFO - Processing /home/airflow/.local/lib/python3.11/site-packages/airflow/example_dags/example_bash_operator.py took 0.050 seconds
[2024-02-27T15:06:53.586+0000] {processor.py:161} INFO - Started process (PID=302) to work on /home/airflow/.local/lib/python3.11/site-packages/airflow/example_dags/example_bash_operator.py
[2024-02-27T15:06:53.587+0000] {processor.py:830} INFO - Processing file /home/airflow/.local/lib/python3.11/site-packages/airflow/example_dags/example_bash_operator.py for tasks to queue
[2024-02-27T15:06:53.589+0000] {logging_mixin.py:188} INFO - [2024-02-27T15:06:53.588+0000] {dagbag.py:540} INFO - Filling up the DagBag from /home/airflow/.local/lib/python3.11/site-packages/airflow/example_dags/example_bash_operator.py
[2024-02-27T15:06:53.596+0000] {processor.py:840} INFO - DAG(s) 'example_bash_operator' retrieved from /home/airflow/.local/lib/python3.11/site-packages/airflow/example_dags/example_bash_operator.py
[2024-02-27T15:06:53.613+0000] {logging_mixin.py:188} INFO - [2024-02-27T15:06:53.613+0000] {dag.py:3047} INFO - Sync 1 DAGs
[2024-02-27T15:06:53.629+0000] {logging_mixin.py:188} INFO - [2024-02-27T15:06:53.629+0000] {dag.py:3834} INFO - Setting next_dagrun for example_bash_operator to 2024-02-26 00:00:00+00:00, run_after=2024-02-27 00:00:00+00:00
[2024-02-27T15:06:53.641+0000] {processor.py:183} INFO - Processing /home/airflow/.local/lib/python3.11/site-packages/airflow/example_dags/example_bash_operator.py took 0.057 seconds
[2024-02-27T15:07:23.853+0000] {processor.py:161} INFO - Started process (PID=357) to work on /home/airflow/.local/lib/python3.11/site-packages/airflow/example_dags/example_bash_operator.py
[2024-02-27T15:07:23.854+0000] {processor.py:830} INFO - Processing file /home/airflow/.local/lib/python3.11/site-packages/airflow/example_dags/example_bash_operator.py for tasks to queue
[2024-02-27T15:07:23.855+0000] {logging_mixin.py:188} INFO - [2024-02-27T15:07:23.855+0000] {dagbag.py:540} INFO - Filling up the DagBag from /home/airflow/.local/lib/python3.11/site-packages/airflow/example_dags/example_bash_operator.py
[2024-02-27T15:07:23.862+0000] {processor.py:840} INFO - DAG(s) 'example_bash_operator' retrieved from /home/airflow/.local/lib/python3.11/site-packages/airflow/example_dags/example_bash_operator.py
[2024-02-27T15:07:23.878+0000] {logging_mixin.py:188} INFO - [2024-02-27T15:07:23.878+0000] {dag.py:3047} INFO - Sync 1 DAGs
[2024-02-27T15:07:23.892+0000] {logging_mixin.py:188} INFO - [2024-02-27T15:07:23.892+0000] {dag.py:3834} INFO - Setting next_dagrun for example_bash_operator to 2024-02-26 00:00:00+00:00, run_after=2024-02-27 00:00:00+00:00
[2024-02-27T15:07:23.905+0000] {processor.py:183} INFO - Processing /home/airflow/.local/lib/python3.11/site-packages/airflow/example_dags/example_bash_operator.py took 0.054 seconds
[2024-02-27T15:07:53.948+0000] {processor.py:161} INFO - Started process (PID=412) to work on /home/airflow/.local/lib/python3.11/site-packages/airflow/example_dags/example_bash_operator.py
[2024-02-27T15:07:53.949+0000] {processor.py:830} INFO - Processing file /home/airflow/.local/lib/python3.11/site-packages/airflow/example_dags/example_bash_operator.py for tasks to queue
[2024-02-27T15:07:53.951+0000] {logging_mixin.py:188} INFO - [2024-02-27T15:07:53.951+0000] {dagbag.py:540} INFO - Filling up the DagBag from /home/airflow/.local/lib/python3.11/site-packages/airflow/example_dags/example_bash_operator.py
[2024-02-27T15:07:53.958+0000] {processor.py:840} INFO - DAG(s) 'example_bash_operator' retrieved from /home/airflow/.local/lib/python3.11/site-packages/airflow/example_dags/example_bash_operator.py
[2024-02-27T15:07:53.972+0000] {logging_mixin.py:188} INFO - [2024-02-27T15:07:53.972+0000] {dag.py:3047} INFO - Sync 1 DAGs
[2024-02-27T15:07:53.985+0000] {logging_mixin.py:188} INFO - [2024-02-27T15:07:53.985+0000] {dag.py:3834} INFO - Setting next_dagrun for example_bash_operator to 2024-02-26 00:00:00+00:00, run_after=2024-02-27 00:00:00+00:00
[2024-02-27T15:07:53.996+0000] {processor.py:183} INFO - Processing /home/airflow/.local/lib/python3.11/site-packages/airflow/example_dags/example_bash_operator.py took 0.049 seconds
[2024-02-27T15:08:24.122+0000] {processor.py:161} INFO - Started process (PID=467) to work on /home/airflow/.local/lib/python3.11/site-packages/airflow/example_dags/example_bash_operator.py
[2024-02-27T15:08:24.123+0000] {processor.py:830} INFO - Processing file /home/airflow/.local/lib/python3.11/site-packages/airflow/example_dags/example_bash_operator.py for tasks to queue
[2024-02-27T15:08:24.124+0000] {logging_mixin.py:188} INFO - [2024-02-27T15:08:24.124+0000] {dagbag.py:540} INFO - Filling up the DagBag from /home/airflow/.local/lib/python3.11/site-packages/airflow/example_dags/example_bash_operator.py
[2024-02-27T15:08:24.131+0000] {processor.py:840} INFO - DAG(s) 'example_bash_operator' retrieved from /home/airflow/.local/lib/python3.11/site-packages/airflow/example_dags/example_bash_operator.py
[2024-02-27T15:08:24.146+0000] {logging_mixin.py:188} INFO - [2024-02-27T15:08:24.146+0000] {dag.py:3047} INFO - Sync 1 DAGs
[2024-02-27T15:08:24.159+0000] {logging_mixin.py:188} INFO - [2024-02-27T15:08:24.159+0000] {dag.py:3834} INFO - Setting next_dagrun for example_bash_operator to 2024-02-26 00:00:00+00:00, run_after=2024-02-27 00:00:00+00:00
[2024-02-27T15:08:24.170+0000] {processor.py:183} INFO - Processing /home/airflow/.local/lib/python3.11/site-packages/airflow/example_dags/example_bash_operator.py took 0.050 seconds
[2024-02-27T15:08:54.242+0000] {processor.py:161} INFO - Started process (PID=522) to work on /home/airflow/.local/lib/python3.11/site-packages/airflow/example_dags/example_bash_operator.py
[2024-02-27T15:08:54.242+0000] {processor.py:830} INFO - Processing file /home/airflow/.local/lib/python3.11/site-packages/airflow/example_dags/example_bash_operator.py for tasks to queue
[2024-02-27T15:08:54.244+0000] {logging_mixin.py:188} INFO - [2024-02-27T15:08:54.243+0000] {dagbag.py:540} INFO - Filling up the DagBag from /home/airflow/.local/lib/python3.11/site-packages/airflow/example_dags/example_bash_operator.py
[2024-02-27T15:08:54.250+0000] {processor.py:840} INFO - DAG(s) 'example_bash_operator' retrieved from /home/airflow/.local/lib/python3.11/site-packages/airflow/example_dags/example_bash_operator.py
[2024-02-27T15:08:54.265+0000] {logging_mixin.py:188} INFO - [2024-02-27T15:08:54.265+0000] {dag.py:3047} INFO - Sync 1 DAGs
[2024-02-27T15:08:54.277+0000] {logging_mixin.py:188} INFO - [2024-02-27T15:08:54.277+0000] {dag.py:3834} INFO - Setting next_dagrun for example_bash_operator to 2024-02-26 00:00:00+00:00, run_after=2024-02-27 00:00:00+00:00
[2024-02-27T15:08:54.288+0000] {processor.py:183} INFO - Processing /home/airflow/.local/lib/python3.11/site-packages/airflow/example_dags/example_bash_operator.py took 0.048 seconds
[2024-02-27T15:09:24.449+0000] {processor.py:161} INFO - Started process (PID=577) to work on /home/airflow/.local/lib/python3.11/site-packages/airflow/example_dags/example_bash_operator.py
[2024-02-27T15:09:24.450+0000] {processor.py:830} INFO - Processing file /home/airflow/.local/lib/python3.11/site-packages/airflow/example_dags/example_bash_operator.py for tasks to queue
[2024-02-27T15:09:24.451+0000] {logging_mixin.py:188} INFO - [2024-02-27T15:09:24.451+0000] {dagbag.py:540} INFO - Filling up the DagBag from /home/airflow/.local/lib/python3.11/site-packages/airflow/example_dags/example_bash_operator.py
[2024-02-27T15:09:24.458+0000] {processor.py:840} INFO - DAG(s) 'example_bash_operator' retrieved from /home/airflow/.local/lib/python3.11/site-packages/airflow/example_dags/example_bash_operator.py
[2024-02-27T15:09:24.473+0000] {logging_mixin.py:188} INFO - [2024-02-27T15:09:24.472+0000] {dag.py:3047} INFO - Sync 1 DAGs
[2024-02-27T15:09:24.485+0000] {logging_mixin.py:188} INFO - [2024-02-27T15:09:24.485+0000] {dag.py:3834} INFO - Setting next_dagrun for example_bash_operator to 2024-02-26 00:00:00+00:00, run_after=2024-02-27 00:00:00+00:00
[2024-02-27T15:09:24.497+0000] {processor.py:183} INFO - Processing /home/airflow/.local/lib/python3.11/site-packages/airflow/example_dags/example_bash_operator.py took 0.050 seconds
[2024-02-27T15:09:54.559+0000] {processor.py:161} INFO - Started process (PID=632) to work on /home/airflow/.local/lib/python3.11/site-packages/airflow/example_dags/example_bash_operator.py
[2024-02-27T15:09:54.560+0000] {processor.py:830} INFO - Processing file /home/airflow/.local/lib/python3.11/site-packages/airflow/example_dags/example_bash_operator.py for tasks to queue
[2024-02-27T15:09:54.561+0000] {logging_mixin.py:188} INFO - [2024-02-27T15:09:54.561+0000] {dagbag.py:540} INFO - Filling up the DagBag from /home/airflow/.local/lib/python3.11/site-packages/airflow/example_dags/example_bash_operator.py
[2024-02-27T15:09:54.568+0000] {processor.py:840} INFO - DAG(s) 'example_bash_operator' retrieved from /home/airflow/.local/lib/python3.11/site-packages/airflow/example_dags/example_bash_operator.py
[2024-02-27T15:09:54.585+0000] {logging_mixin.py:188} INFO - [2024-02-27T15:09:54.584+0000] {dag.py:3047} INFO - Sync 1 DAGs
[2024-02-27T15:09:54.598+0000] {logging_mixin.py:188} INFO - [2024-02-27T15:09:54.598+0000] {dag.py:3834} INFO - Setting next_dagrun for example_bash_operator to 2024-02-26 00:00:00+00:00, run_after=2024-02-27 00:00:00+00:00
[2024-02-27T15:09:54.609+0000] {processor.py:183} INFO - Processing /home/airflow/.local/lib/python3.11/site-packages/airflow/example_dags/example_bash_operator.py took 0.052 seconds
[2024-02-27T15:10:25.596+0000] {processor.py:161} INFO - Started process (PID=687) to work on /home/airflow/.local/lib/python3.11/site-packages/airflow/example_dags/example_bash_operator.py
[2024-02-27T15:10:25.597+0000] {processor.py:830} INFO - Processing file /home/airflow/.local/lib/python3.11/site-packages/airflow/example_dags/example_bash_operator.py for tasks to queue
[2024-02-27T15:10:25.598+0000] {logging_mixin.py:188} INFO - [2024-02-27T15:10:25.598+0000] {dagbag.py:540} INFO - Filling up the DagBag from /home/airflow/.local/lib/python3.11/site-packages/airflow/example_dags/example_bash_operator.py
[2024-02-27T15:10:25.606+0000] {processor.py:840} INFO - DAG(s) 'example_bash_operator' retrieved from /home/airflow/.local/lib/python3.11/site-packages/airflow/example_dags/example_bash_operator.py
[2024-02-27T15:10:25.621+0000] {logging_mixin.py:188} INFO - [2024-02-27T15:10:25.621+0000] {dag.py:3047} INFO - Sync 1 DAGs
[2024-02-27T15:10:25.634+0000] {logging_mixin.py:188} INFO - [2024-02-27T15:10:25.634+0000] {dag.py:3834} INFO - Setting next_dagrun for example_bash_operator to 2024-02-26 00:00:00+00:00, run_after=2024-02-27 00:00:00+00:00
[2024-02-27T15:10:25.647+0000] {processor.py:183} INFO - Processing /home/airflow/.local/lib/python3.11/site-packages/airflow/example_dags/example_bash_operator.py took 0.053 seconds
[2024-02-27T15:10:55.696+0000] {processor.py:161} INFO - Started process (PID=742) to work on /home/airflow/.local/lib/python3.11/site-packages/airflow/example_dags/example_bash_operator.py
[2024-02-27T15:10:55.697+0000] {processor.py:830} INFO - Processing file /home/airflow/.local/lib/python3.11/site-packages/airflow/example_dags/example_bash_operator.py for tasks to queue
[2024-02-27T15:10:55.698+0000] {logging_mixin.py:188} INFO - [2024-02-27T15:10:55.698+0000] {dagbag.py:540} INFO - Filling up the DagBag from /home/airflow/.local/lib/python3.11/site-packages/airflow/example_dags/example_bash_operator.py
[2024-02-27T15:10:55.705+0000] {processor.py:840} INFO - DAG(s) 'example_bash_operator' retrieved from /home/airflow/.local/lib/python3.11/site-packages/airflow/example_dags/example_bash_operator.py
[2024-02-27T15:10:55.719+0000] {logging_mixin.py:188} INFO - [2024-02-27T15:10:55.719+0000] {dag.py:3047} INFO - Sync 1 DAGs
[2024-02-27T15:10:55.732+0000] {logging_mixin.py:188} INFO - [2024-02-27T15:10:55.732+0000] {dag.py:3834} INFO - Setting next_dagrun for example_bash_operator to 2024-02-26 00:00:00+00:00, run_after=2024-02-27 00:00:00+00:00
[2024-02-27T15:10:55.743+0000] {processor.py:183} INFO - Processing /home/airflow/.local/lib/python3.11/site-packages/airflow/example_dags/example_bash_operator.py took 0.049 seconds
[2024-02-27T15:11:25.956+0000] {processor.py:161} INFO - Started process (PID=797) to work on /home/airflow/.local/lib/python3.11/site-packages/airflow/example_dags/example_bash_operator.py
[2024-02-27T15:11:25.957+0000] {processor.py:830} INFO - Processing file /home/airflow/.local/lib/python3.11/site-packages/airflow/example_dags/example_bash_operator.py for tasks to queue
[2024-02-27T15:11:25.958+0000] {logging_mixin.py:188} INFO - [2024-02-27T15:11:25.958+0000] {dagbag.py:540} INFO - Filling up the DagBag from /home/airflow/.local/lib/python3.11/site-packages/airflow/example_dags/example_bash_operator.py
[2024-02-27T15:11:25.965+0000] {processor.py:840} INFO - DAG(s) 'example_bash_operator' retrieved from /home/airflow/.local/lib/python3.11/site-packages/airflow/example_dags/example_bash_operator.py
[2024-02-27T15:11:25.980+0000] {logging_mixin.py:188} INFO - [2024-02-27T15:11:25.980+0000] {dag.py:3047} INFO - Sync 1 DAGs
[2024-02-27T15:11:25.994+0000] {logging_mixin.py:188} INFO - [2024-02-27T15:11:25.994+0000] {dag.py:3834} INFO - Setting next_dagrun for example_bash_operator to 2024-02-26 00:00:00+00:00, run_after=2024-02-27 00:00:00+00:00
[2024-02-27T15:11:26.006+0000] {processor.py:183} INFO - Processing /home/airflow/.local/lib/python3.11/site-packages/airflow/example_dags/example_bash_operator.py took 0.052 seconds
[2024-02-27T15:11:56.139+0000] {processor.py:161} INFO - Started process (PID=853) to work on /home/airflow/.local/lib/python3.11/site-packages/airflow/example_dags/example_bash_operator.py
[2024-02-27T15:11:56.140+0000] {processor.py:830} INFO - Processing file /home/airflow/.local/lib/python3.11/site-packages/airflow/example_dags/example_bash_operator.py for tasks to queue
[2024-02-27T15:11:56.141+0000] {logging_mixin.py:188} INFO - [2024-02-27T15:11:56.141+0000] {dagbag.py:540} INFO - Filling up the DagBag from /home/airflow/.local/lib/python3.11/site-packages/airflow/example_dags/example_bash_operator.py
[2024-02-27T15:11:56.147+0000] {processor.py:840} INFO - DAG(s) 'example_bash_operator' retrieved from /home/airflow/.local/lib/python3.11/site-packages/airflow/example_dags/example_bash_operator.py
[2024-02-27T15:11:56.162+0000] {logging_mixin.py:188} INFO - [2024-02-27T15:11:56.162+0000] {dag.py:3047} INFO - Sync 1 DAGs
[2024-02-27T15:11:56.174+0000] {logging_mixin.py:188} INFO - [2024-02-27T15:11:56.174+0000] {dag.py:3834} INFO - Setting next_dagrun for example_bash_operator to 2024-02-26 00:00:00+00:00, run_after=2024-02-27 00:00:00+00:00
[2024-02-27T15:11:56.185+0000] {processor.py:183} INFO - Processing /home/airflow/.local/lib/python3.11/site-packages/airflow/example_dags/example_bash_operator.py took 0.048 seconds
[2024-02-27T15:12:26.249+0000] {processor.py:161} INFO - Started process (PID=908) to work on /home/airflow/.local/lib/python3.11/site-packages/airflow/example_dags/example_bash_operator.py
[2024-02-27T15:12:26.250+0000] {processor.py:830} INFO - Processing file /home/airflow/.local/lib/python3.11/site-packages/airflow/example_dags/example_bash_operator.py for tasks to queue
[2024-02-27T15:12:26.251+0000] {logging_mixin.py:188} INFO - [2024-02-27T15:12:26.250+0000] {dagbag.py:540} INFO - Filling up the DagBag from /home/airflow/.local/lib/python3.11/site-packages/airflow/example_dags/example_bash_operator.py
[2024-02-27T15:12:26.257+0000] {processor.py:840} INFO - DAG(s) 'example_bash_operator' retrieved from /home/airflow/.local/lib/python3.11/site-packages/airflow/example_dags/example_bash_operator.py
[2024-02-27T15:12:26.271+0000] {logging_mixin.py:188} INFO - [2024-02-27T15:12:26.271+0000] {dag.py:3047} INFO - Sync 1 DAGs
[2024-02-27T15:12:26.284+0000] {logging_mixin.py:188} INFO - [2024-02-27T15:12:26.283+0000] {dag.py:3834} INFO - Setting next_dagrun for example_bash_operator to 2024-02-26 00:00:00+00:00, run_after=2024-02-27 00:00:00+00:00
[2024-02-27T15:12:26.294+0000] {processor.py:183} INFO - Processing /home/airflow/.local/lib/python3.11/site-packages/airflow/example_dags/example_bash_operator.py took 0.047 seconds
[2024-02-27T15:12:56.370+0000] {processor.py:161} INFO - Started process (PID=962) to work on /home/airflow/.local/lib/python3.11/site-packages/airflow/example_dags/example_bash_operator.py
[2024-02-27T15:12:56.371+0000] {processor.py:830} INFO - Processing file /home/airflow/.local/lib/python3.11/site-packages/airflow/example_dags/example_bash_operator.py for tasks to queue
[2024-02-27T15:12:56.372+0000] {logging_mixin.py:188} INFO - [2024-02-27T15:12:56.372+0000] {dagbag.py:540} INFO - Filling up the DagBag from /home/airflow/.local/lib/python3.11/site-packages/airflow/example_dags/example_bash_operator.py
[2024-02-27T15:12:56.378+0000] {processor.py:840} INFO - DAG(s) 'example_bash_operator' retrieved from /home/airflow/.local/lib/python3.11/site-packages/airflow/example_dags/example_bash_operator.py
[2024-02-27T15:12:56.393+0000] {logging_mixin.py:188} INFO - [2024-02-27T15:12:56.393+0000] {dag.py:3047} INFO - Sync 1 DAGs
[2024-02-27T15:12:56.407+0000] {logging_mixin.py:188} INFO - [2024-02-27T15:12:56.406+0000] {dag.py:3834} INFO - Setting next_dagrun for example_bash_operator to 2024-02-26 00:00:00+00:00, run_after=2024-02-27 00:00:00+00:00
[2024-02-27T15:12:56.418+0000] {processor.py:183} INFO - Processing /home/airflow/.local/lib/python3.11/site-packages/airflow/example_dags/example_bash_operator.py took 0.050 seconds
[2024-02-27T15:20:40.429+0000] {processor.py:161} INFO - Started process (PID=82) to work on /home/airflow/.local/lib/python3.11/site-packages/airflow/example_dags/example_bash_operator.py
[2024-02-27T15:20:40.430+0000] {processor.py:830} INFO - Processing file /home/airflow/.local/lib/python3.11/site-packages/airflow/example_dags/example_bash_operator.py for tasks to queue
[2024-02-27T15:20:40.431+0000] {logging_mixin.py:188} INFO - [2024-02-27T15:20:40.431+0000] {dagbag.py:540} INFO - Filling up the DagBag from /home/airflow/.local/lib/python3.11/site-packages/airflow/example_dags/example_bash_operator.py
[2024-02-27T15:20:40.439+0000] {processor.py:840} INFO - DAG(s) 'example_bash_operator' retrieved from /home/airflow/.local/lib/python3.11/site-packages/airflow/example_dags/example_bash_operator.py
[2024-02-27T15:20:40.462+0000] {logging_mixin.py:188} INFO - [2024-02-27T15:20:40.462+0000] {dag.py:3047} INFO - Sync 1 DAGs
[2024-02-27T15:20:40.486+0000] {logging_mixin.py:188} INFO - [2024-02-27T15:20:40.486+0000] {dag.py:3834} INFO - Setting next_dagrun for example_bash_operator to 2024-02-26 00:00:00+00:00, run_after=2024-02-27 00:00:00+00:00
[2024-02-27T15:20:40.506+0000] {processor.py:183} INFO - Processing /home/airflow/.local/lib/python3.11/site-packages/airflow/example_dags/example_bash_operator.py took 0.079 seconds
[2024-02-27T15:21:11.679+0000] {processor.py:161} INFO - Started process (PID=137) to work on /home/airflow/.local/lib/python3.11/site-packages/airflow/example_dags/example_bash_operator.py
[2024-02-27T15:21:11.679+0000] {processor.py:830} INFO - Processing file /home/airflow/.local/lib/python3.11/site-packages/airflow/example_dags/example_bash_operator.py for tasks to queue
[2024-02-27T15:21:11.681+0000] {logging_mixin.py:188} INFO - [2024-02-27T15:21:11.681+0000] {dagbag.py:540} INFO - Filling up the DagBag from /home/airflow/.local/lib/python3.11/site-packages/airflow/example_dags/example_bash_operator.py
[2024-02-27T15:21:11.688+0000] {processor.py:840} INFO - DAG(s) 'example_bash_operator' retrieved from /home/airflow/.local/lib/python3.11/site-packages/airflow/example_dags/example_bash_operator.py
[2024-02-27T15:21:11.768+0000] {logging_mixin.py:188} INFO - [2024-02-27T15:21:11.768+0000] {dag.py:3047} INFO - Sync 1 DAGs
[2024-02-27T15:21:11.793+0000] {logging_mixin.py:188} INFO - [2024-02-27T15:21:11.793+0000] {dag.py:3834} INFO - Setting next_dagrun for example_bash_operator to 2024-02-26 00:00:00+00:00, run_after=2024-02-27 00:00:00+00:00
[2024-02-27T15:21:11.812+0000] {processor.py:183} INFO - Processing /home/airflow/.local/lib/python3.11/site-packages/airflow/example_dags/example_bash_operator.py took 0.136 seconds
