[2024-02-27T15:04:48.376+0000] {processor.py:161} INFO - Started process (PID=43) to work on /home/airflow/.local/lib/python3.11/site-packages/airflow/example_dags/example_subdag_operator.py
[2024-02-27T15:04:48.377+0000] {processor.py:830} INFO - Processing file /home/airflow/.local/lib/python3.11/site-packages/airflow/example_dags/example_subdag_operator.py for tasks to queue
[2024-02-27T15:04:48.378+0000] {logging_mixin.py:188} INFO - [2024-02-27T15:04:48.378+0000] {dagbag.py:540} INFO - Filling up the DagBag from /home/airflow/.local/lib/python3.11/site-packages/airflow/example_dags/example_subdag_operator.py
[2024-02-27T15:04:48.394+0000] {processor.py:840} INFO - DAG(s) 'example_subdag_operator.section-1', 'example_subdag_operator.section-2', 'example_subdag_operator' retrieved from /home/airflow/.local/lib/python3.11/site-packages/airflow/example_dags/example_subdag_operator.py
[2024-02-27T15:04:48.397+0000] {logging_mixin.py:188} INFO - [2024-02-27T15:04:48.397+0000] {dag.py:3047} INFO - Sync 3 DAGs
[2024-02-27T15:04:48.410+0000] {logging_mixin.py:188} INFO - [2024-02-27T15:04:48.410+0000] {dag.py:3834} INFO - Setting next_dagrun for example_subdag_operator to 2022-01-01 00:00:00+00:00, run_after=2022-01-01 00:00:00+00:00
[2024-02-27T15:04:48.412+0000] {logging_mixin.py:188} INFO - [2024-02-27T15:04:48.412+0000] {dag.py:3834} INFO - Setting next_dagrun for example_subdag_operator.section-1 to None, run_after=None
[2024-02-27T15:04:48.413+0000] {logging_mixin.py:188} INFO - [2024-02-27T15:04:48.413+0000] {dag.py:3834} INFO - Setting next_dagrun for example_subdag_operator.section-2 to None, run_after=None
[2024-02-27T15:04:48.418+0000] {logging_mixin.py:188} INFO - [2024-02-27T15:04:48.418+0000] {dag.py:3047} INFO - Sync 2 DAGs
[2024-02-27T15:04:48.422+0000] {logging_mixin.py:188} INFO - [2024-02-27T15:04:48.421+0000] {dag.py:3834} INFO - Setting next_dagrun for example_subdag_operator.section-1 to None, run_after=None
[2024-02-27T15:04:48.423+0000] {logging_mixin.py:188} INFO - [2024-02-27T15:04:48.423+0000] {dag.py:3834} INFO - Setting next_dagrun for example_subdag_operator.section-2 to None, run_after=None
[2024-02-27T15:04:48.431+0000] {processor.py:183} INFO - Processing /home/airflow/.local/lib/python3.11/site-packages/airflow/example_dags/example_subdag_operator.py took 0.058 seconds
[2024-02-27T15:05:18.605+0000] {processor.py:161} INFO - Started process (PID=98) to work on /home/airflow/.local/lib/python3.11/site-packages/airflow/example_dags/example_subdag_operator.py
[2024-02-27T15:05:18.606+0000] {processor.py:830} INFO - Processing file /home/airflow/.local/lib/python3.11/site-packages/airflow/example_dags/example_subdag_operator.py for tasks to queue
[2024-02-27T15:05:18.607+0000] {logging_mixin.py:188} INFO - [2024-02-27T15:05:18.607+0000] {dagbag.py:540} INFO - Filling up the DagBag from /home/airflow/.local/lib/python3.11/site-packages/airflow/example_dags/example_subdag_operator.py
[2024-02-27T15:05:18.620+0000] {processor.py:840} INFO - DAG(s) 'example_subdag_operator.section-1', 'example_subdag_operator.section-2', 'example_subdag_operator' retrieved from /home/airflow/.local/lib/python3.11/site-packages/airflow/example_dags/example_subdag_operator.py
[2024-02-27T15:05:18.674+0000] {logging_mixin.py:188} INFO - [2024-02-27T15:05:18.674+0000] {dag.py:3047} INFO - Sync 3 DAGs
[2024-02-27T15:05:18.688+0000] {logging_mixin.py:188} INFO - [2024-02-27T15:05:18.687+0000] {dag.py:3834} INFO - Setting next_dagrun for example_subdag_operator to 2022-01-01 00:00:00+00:00, run_after=2022-01-01 00:00:00+00:00
[2024-02-27T15:05:18.690+0000] {logging_mixin.py:188} INFO - [2024-02-27T15:05:18.690+0000] {dag.py:3834} INFO - Setting next_dagrun for example_subdag_operator.section-1 to None, run_after=None
[2024-02-27T15:05:18.691+0000] {logging_mixin.py:188} INFO - [2024-02-27T15:05:18.691+0000] {dag.py:3834} INFO - Setting next_dagrun for example_subdag_operator.section-2 to None, run_after=None
[2024-02-27T15:05:18.696+0000] {logging_mixin.py:188} INFO - [2024-02-27T15:05:18.696+0000] {dag.py:3047} INFO - Sync 2 DAGs
[2024-02-27T15:05:18.699+0000] {logging_mixin.py:188} INFO - [2024-02-27T15:05:18.699+0000] {dag.py:3834} INFO - Setting next_dagrun for example_subdag_operator.section-1 to None, run_after=None
[2024-02-27T15:05:18.700+0000] {logging_mixin.py:188} INFO - [2024-02-27T15:05:18.700+0000] {dag.py:3834} INFO - Setting next_dagrun for example_subdag_operator.section-2 to None, run_after=None
[2024-02-27T15:05:18.707+0000] {processor.py:183} INFO - Processing /home/airflow/.local/lib/python3.11/site-packages/airflow/example_dags/example_subdag_operator.py took 0.104 seconds
[2024-02-27T15:05:49.331+0000] {processor.py:161} INFO - Started process (PID=153) to work on /home/airflow/.local/lib/python3.11/site-packages/airflow/example_dags/example_subdag_operator.py
[2024-02-27T15:05:49.332+0000] {processor.py:830} INFO - Processing file /home/airflow/.local/lib/python3.11/site-packages/airflow/example_dags/example_subdag_operator.py for tasks to queue
[2024-02-27T15:05:49.333+0000] {logging_mixin.py:188} INFO - [2024-02-27T15:05:49.333+0000] {dagbag.py:540} INFO - Filling up the DagBag from /home/airflow/.local/lib/python3.11/site-packages/airflow/example_dags/example_subdag_operator.py
[2024-02-27T15:05:49.347+0000] {processor.py:840} INFO - DAG(s) 'example_subdag_operator.section-1', 'example_subdag_operator.section-2', 'example_subdag_operator' retrieved from /home/airflow/.local/lib/python3.11/site-packages/airflow/example_dags/example_subdag_operator.py
[2024-02-27T15:05:49.356+0000] {logging_mixin.py:188} INFO - [2024-02-27T15:05:49.356+0000] {dag.py:3047} INFO - Sync 3 DAGs
[2024-02-27T15:05:49.369+0000] {logging_mixin.py:188} INFO - [2024-02-27T15:05:49.369+0000] {dag.py:3834} INFO - Setting next_dagrun for example_subdag_operator to 2022-01-01 00:00:00+00:00, run_after=2022-01-01 00:00:00+00:00
[2024-02-27T15:05:49.371+0000] {logging_mixin.py:188} INFO - [2024-02-27T15:05:49.371+0000] {dag.py:3834} INFO - Setting next_dagrun for example_subdag_operator.section-1 to None, run_after=None
[2024-02-27T15:05:49.372+0000] {logging_mixin.py:188} INFO - [2024-02-27T15:05:49.372+0000] {dag.py:3834} INFO - Setting next_dagrun for example_subdag_operator.section-2 to None, run_after=None
[2024-02-27T15:05:49.376+0000] {logging_mixin.py:188} INFO - [2024-02-27T15:05:49.376+0000] {dag.py:3047} INFO - Sync 2 DAGs
[2024-02-27T15:05:49.379+0000] {logging_mixin.py:188} INFO - [2024-02-27T15:05:49.379+0000] {dag.py:3834} INFO - Setting next_dagrun for example_subdag_operator.section-1 to None, run_after=None
[2024-02-27T15:05:49.380+0000] {logging_mixin.py:188} INFO - [2024-02-27T15:05:49.380+0000] {dag.py:3834} INFO - Setting next_dagrun for example_subdag_operator.section-2 to None, run_after=None
[2024-02-27T15:05:49.387+0000] {processor.py:183} INFO - Processing /home/airflow/.local/lib/python3.11/site-packages/airflow/example_dags/example_subdag_operator.py took 0.058 seconds
[2024-02-27T15:06:20.091+0000] {processor.py:161} INFO - Started process (PID=208) to work on /home/airflow/.local/lib/python3.11/site-packages/airflow/example_dags/example_subdag_operator.py
[2024-02-27T15:06:20.092+0000] {processor.py:830} INFO - Processing file /home/airflow/.local/lib/python3.11/site-packages/airflow/example_dags/example_subdag_operator.py for tasks to queue
[2024-02-27T15:06:20.094+0000] {logging_mixin.py:188} INFO - [2024-02-27T15:06:20.093+0000] {dagbag.py:540} INFO - Filling up the DagBag from /home/airflow/.local/lib/python3.11/site-packages/airflow/example_dags/example_subdag_operator.py
[2024-02-27T15:06:20.107+0000] {processor.py:840} INFO - DAG(s) 'example_subdag_operator.section-1', 'example_subdag_operator.section-2', 'example_subdag_operator' retrieved from /home/airflow/.local/lib/python3.11/site-packages/airflow/example_dags/example_subdag_operator.py
[2024-02-27T15:06:20.116+0000] {logging_mixin.py:188} INFO - [2024-02-27T15:06:20.116+0000] {dag.py:3047} INFO - Sync 3 DAGs
[2024-02-27T15:06:20.129+0000] {logging_mixin.py:188} INFO - [2024-02-27T15:06:20.128+0000] {dag.py:3834} INFO - Setting next_dagrun for example_subdag_operator to 2022-01-01 00:00:00+00:00, run_after=2022-01-01 00:00:00+00:00
[2024-02-27T15:06:20.131+0000] {logging_mixin.py:188} INFO - [2024-02-27T15:06:20.131+0000] {dag.py:3834} INFO - Setting next_dagrun for example_subdag_operator.section-1 to None, run_after=None
[2024-02-27T15:06:20.132+0000] {logging_mixin.py:188} INFO - [2024-02-27T15:06:20.132+0000] {dag.py:3834} INFO - Setting next_dagrun for example_subdag_operator.section-2 to None, run_after=None
[2024-02-27T15:06:20.136+0000] {logging_mixin.py:188} INFO - [2024-02-27T15:06:20.136+0000] {dag.py:3047} INFO - Sync 2 DAGs
[2024-02-27T15:06:20.139+0000] {logging_mixin.py:188} INFO - [2024-02-27T15:06:20.139+0000] {dag.py:3834} INFO - Setting next_dagrun for example_subdag_operator.section-1 to None, run_after=None
[2024-02-27T15:06:20.140+0000] {logging_mixin.py:188} INFO - [2024-02-27T15:06:20.140+0000] {dag.py:3834} INFO - Setting next_dagrun for example_subdag_operator.section-2 to None, run_after=None
[2024-02-27T15:06:20.147+0000] {processor.py:183} INFO - Processing /home/airflow/.local/lib/python3.11/site-packages/airflow/example_dags/example_subdag_operator.py took 0.058 seconds
[2024-02-27T15:06:51.014+0000] {processor.py:161} INFO - Started process (PID=263) to work on /home/airflow/.local/lib/python3.11/site-packages/airflow/example_dags/example_subdag_operator.py
[2024-02-27T15:06:51.015+0000] {processor.py:830} INFO - Processing file /home/airflow/.local/lib/python3.11/site-packages/airflow/example_dags/example_subdag_operator.py for tasks to queue
[2024-02-27T15:06:51.016+0000] {logging_mixin.py:188} INFO - [2024-02-27T15:06:51.016+0000] {dagbag.py:540} INFO - Filling up the DagBag from /home/airflow/.local/lib/python3.11/site-packages/airflow/example_dags/example_subdag_operator.py
[2024-02-27T15:06:51.031+0000] {processor.py:840} INFO - DAG(s) 'example_subdag_operator.section-1', 'example_subdag_operator.section-2', 'example_subdag_operator' retrieved from /home/airflow/.local/lib/python3.11/site-packages/airflow/example_dags/example_subdag_operator.py
[2024-02-27T15:06:51.040+0000] {logging_mixin.py:188} INFO - [2024-02-27T15:06:51.040+0000] {dag.py:3047} INFO - Sync 3 DAGs
[2024-02-27T15:06:51.054+0000] {logging_mixin.py:188} INFO - [2024-02-27T15:06:51.054+0000] {dag.py:3834} INFO - Setting next_dagrun for example_subdag_operator to 2022-01-01 00:00:00+00:00, run_after=2022-01-01 00:00:00+00:00
[2024-02-27T15:06:51.056+0000] {logging_mixin.py:188} INFO - [2024-02-27T15:06:51.056+0000] {dag.py:3834} INFO - Setting next_dagrun for example_subdag_operator.section-1 to None, run_after=None
[2024-02-27T15:06:51.057+0000] {logging_mixin.py:188} INFO - [2024-02-27T15:06:51.057+0000] {dag.py:3834} INFO - Setting next_dagrun for example_subdag_operator.section-2 to None, run_after=None
[2024-02-27T15:06:51.062+0000] {logging_mixin.py:188} INFO - [2024-02-27T15:06:51.062+0000] {dag.py:3047} INFO - Sync 2 DAGs
[2024-02-27T15:06:51.065+0000] {logging_mixin.py:188} INFO - [2024-02-27T15:06:51.065+0000] {dag.py:3834} INFO - Setting next_dagrun for example_subdag_operator.section-1 to None, run_after=None
[2024-02-27T15:06:51.066+0000] {logging_mixin.py:188} INFO - [2024-02-27T15:06:51.066+0000] {dag.py:3834} INFO - Setting next_dagrun for example_subdag_operator.section-2 to None, run_after=None
[2024-02-27T15:06:51.073+0000] {processor.py:183} INFO - Processing /home/airflow/.local/lib/python3.11/site-packages/airflow/example_dags/example_subdag_operator.py took 0.062 seconds
[2024-02-27T15:07:21.167+0000] {processor.py:161} INFO - Started process (PID=319) to work on /home/airflow/.local/lib/python3.11/site-packages/airflow/example_dags/example_subdag_operator.py
[2024-02-27T15:07:21.167+0000] {processor.py:830} INFO - Processing file /home/airflow/.local/lib/python3.11/site-packages/airflow/example_dags/example_subdag_operator.py for tasks to queue
[2024-02-27T15:07:21.169+0000] {logging_mixin.py:188} INFO - [2024-02-27T15:07:21.168+0000] {dagbag.py:540} INFO - Filling up the DagBag from /home/airflow/.local/lib/python3.11/site-packages/airflow/example_dags/example_subdag_operator.py
[2024-02-27T15:07:21.182+0000] {processor.py:840} INFO - DAG(s) 'example_subdag_operator.section-1', 'example_subdag_operator.section-2', 'example_subdag_operator' retrieved from /home/airflow/.local/lib/python3.11/site-packages/airflow/example_dags/example_subdag_operator.py
[2024-02-27T15:07:21.191+0000] {logging_mixin.py:188} INFO - [2024-02-27T15:07:21.191+0000] {dag.py:3047} INFO - Sync 3 DAGs
[2024-02-27T15:07:21.203+0000] {logging_mixin.py:188} INFO - [2024-02-27T15:07:21.203+0000] {dag.py:3834} INFO - Setting next_dagrun for example_subdag_operator to 2022-01-01 00:00:00+00:00, run_after=2022-01-01 00:00:00+00:00
[2024-02-27T15:07:21.205+0000] {logging_mixin.py:188} INFO - [2024-02-27T15:07:21.205+0000] {dag.py:3834} INFO - Setting next_dagrun for example_subdag_operator.section-1 to None, run_after=None
[2024-02-27T15:07:21.206+0000] {logging_mixin.py:188} INFO - [2024-02-27T15:07:21.206+0000] {dag.py:3834} INFO - Setting next_dagrun for example_subdag_operator.section-2 to None, run_after=None
[2024-02-27T15:07:21.211+0000] {logging_mixin.py:188} INFO - [2024-02-27T15:07:21.211+0000] {dag.py:3047} INFO - Sync 2 DAGs
[2024-02-27T15:07:21.214+0000] {logging_mixin.py:188} INFO - [2024-02-27T15:07:21.214+0000] {dag.py:3834} INFO - Setting next_dagrun for example_subdag_operator.section-1 to None, run_after=None
[2024-02-27T15:07:21.216+0000] {logging_mixin.py:188} INFO - [2024-02-27T15:07:21.216+0000] {dag.py:3834} INFO - Setting next_dagrun for example_subdag_operator.section-2 to None, run_after=None
[2024-02-27T15:07:21.223+0000] {processor.py:183} INFO - Processing /home/airflow/.local/lib/python3.11/site-packages/airflow/example_dags/example_subdag_operator.py took 0.058 seconds
[2024-02-27T15:07:51.298+0000] {processor.py:161} INFO - Started process (PID=373) to work on /home/airflow/.local/lib/python3.11/site-packages/airflow/example_dags/example_subdag_operator.py
[2024-02-27T15:07:51.298+0000] {processor.py:830} INFO - Processing file /home/airflow/.local/lib/python3.11/site-packages/airflow/example_dags/example_subdag_operator.py for tasks to queue
[2024-02-27T15:07:51.300+0000] {logging_mixin.py:188} INFO - [2024-02-27T15:07:51.299+0000] {dagbag.py:540} INFO - Filling up the DagBag from /home/airflow/.local/lib/python3.11/site-packages/airflow/example_dags/example_subdag_operator.py
[2024-02-27T15:07:51.313+0000] {processor.py:840} INFO - DAG(s) 'example_subdag_operator.section-1', 'example_subdag_operator.section-2', 'example_subdag_operator' retrieved from /home/airflow/.local/lib/python3.11/site-packages/airflow/example_dags/example_subdag_operator.py
[2024-02-27T15:07:51.321+0000] {logging_mixin.py:188} INFO - [2024-02-27T15:07:51.321+0000] {dag.py:3047} INFO - Sync 3 DAGs
[2024-02-27T15:07:51.332+0000] {logging_mixin.py:188} INFO - [2024-02-27T15:07:51.332+0000] {dag.py:3834} INFO - Setting next_dagrun for example_subdag_operator to 2022-01-01 00:00:00+00:00, run_after=2022-01-01 00:00:00+00:00
[2024-02-27T15:07:51.335+0000] {logging_mixin.py:188} INFO - [2024-02-27T15:07:51.335+0000] {dag.py:3834} INFO - Setting next_dagrun for example_subdag_operator.section-1 to None, run_after=None
[2024-02-27T15:07:51.336+0000] {logging_mixin.py:188} INFO - [2024-02-27T15:07:51.335+0000] {dag.py:3834} INFO - Setting next_dagrun for example_subdag_operator.section-2 to None, run_after=None
[2024-02-27T15:07:51.340+0000] {logging_mixin.py:188} INFO - [2024-02-27T15:07:51.339+0000] {dag.py:3047} INFO - Sync 2 DAGs
[2024-02-27T15:07:51.342+0000] {logging_mixin.py:188} INFO - [2024-02-27T15:07:51.342+0000] {dag.py:3834} INFO - Setting next_dagrun for example_subdag_operator.section-1 to None, run_after=None
[2024-02-27T15:07:51.343+0000] {logging_mixin.py:188} INFO - [2024-02-27T15:07:51.343+0000] {dag.py:3834} INFO - Setting next_dagrun for example_subdag_operator.section-2 to None, run_after=None
[2024-02-27T15:07:51.350+0000] {processor.py:183} INFO - Processing /home/airflow/.local/lib/python3.11/site-packages/airflow/example_dags/example_subdag_operator.py took 0.054 seconds
[2024-02-27T15:08:21.406+0000] {processor.py:161} INFO - Started process (PID=428) to work on /home/airflow/.local/lib/python3.11/site-packages/airflow/example_dags/example_subdag_operator.py
[2024-02-27T15:08:21.407+0000] {processor.py:830} INFO - Processing file /home/airflow/.local/lib/python3.11/site-packages/airflow/example_dags/example_subdag_operator.py for tasks to queue
[2024-02-27T15:08:21.408+0000] {logging_mixin.py:188} INFO - [2024-02-27T15:08:21.408+0000] {dagbag.py:540} INFO - Filling up the DagBag from /home/airflow/.local/lib/python3.11/site-packages/airflow/example_dags/example_subdag_operator.py
[2024-02-27T15:08:21.421+0000] {processor.py:840} INFO - DAG(s) 'example_subdag_operator.section-1', 'example_subdag_operator.section-2', 'example_subdag_operator' retrieved from /home/airflow/.local/lib/python3.11/site-packages/airflow/example_dags/example_subdag_operator.py
[2024-02-27T15:08:21.429+0000] {logging_mixin.py:188} INFO - [2024-02-27T15:08:21.429+0000] {dag.py:3047} INFO - Sync 3 DAGs
[2024-02-27T15:08:21.441+0000] {logging_mixin.py:188} INFO - [2024-02-27T15:08:21.441+0000] {dag.py:3834} INFO - Setting next_dagrun for example_subdag_operator to 2022-01-01 00:00:00+00:00, run_after=2022-01-01 00:00:00+00:00
[2024-02-27T15:08:21.443+0000] {logging_mixin.py:188} INFO - [2024-02-27T15:08:21.443+0000] {dag.py:3834} INFO - Setting next_dagrun for example_subdag_operator.section-1 to None, run_after=None
[2024-02-27T15:08:21.444+0000] {logging_mixin.py:188} INFO - [2024-02-27T15:08:21.444+0000] {dag.py:3834} INFO - Setting next_dagrun for example_subdag_operator.section-2 to None, run_after=None
[2024-02-27T15:08:21.448+0000] {logging_mixin.py:188} INFO - [2024-02-27T15:08:21.448+0000] {dag.py:3047} INFO - Sync 2 DAGs
[2024-02-27T15:08:21.451+0000] {logging_mixin.py:188} INFO - [2024-02-27T15:08:21.451+0000] {dag.py:3834} INFO - Setting next_dagrun for example_subdag_operator.section-1 to None, run_after=None
[2024-02-27T15:08:21.451+0000] {logging_mixin.py:188} INFO - [2024-02-27T15:08:21.451+0000] {dag.py:3834} INFO - Setting next_dagrun for example_subdag_operator.section-2 to None, run_after=None
[2024-02-27T15:08:21.458+0000] {processor.py:183} INFO - Processing /home/airflow/.local/lib/python3.11/site-packages/airflow/example_dags/example_subdag_operator.py took 0.054 seconds
[2024-02-27T15:08:51.570+0000] {processor.py:161} INFO - Started process (PID=483) to work on /home/airflow/.local/lib/python3.11/site-packages/airflow/example_dags/example_subdag_operator.py
[2024-02-27T15:08:51.572+0000] {processor.py:830} INFO - Processing file /home/airflow/.local/lib/python3.11/site-packages/airflow/example_dags/example_subdag_operator.py for tasks to queue
[2024-02-27T15:08:51.573+0000] {logging_mixin.py:188} INFO - [2024-02-27T15:08:51.573+0000] {dagbag.py:540} INFO - Filling up the DagBag from /home/airflow/.local/lib/python3.11/site-packages/airflow/example_dags/example_subdag_operator.py
[2024-02-27T15:08:51.587+0000] {processor.py:840} INFO - DAG(s) 'example_subdag_operator.section-1', 'example_subdag_operator.section-2', 'example_subdag_operator' retrieved from /home/airflow/.local/lib/python3.11/site-packages/airflow/example_dags/example_subdag_operator.py
[2024-02-27T15:08:51.596+0000] {logging_mixin.py:188} INFO - [2024-02-27T15:08:51.596+0000] {dag.py:3047} INFO - Sync 3 DAGs
[2024-02-27T15:08:51.608+0000] {logging_mixin.py:188} INFO - [2024-02-27T15:08:51.607+0000] {dag.py:3834} INFO - Setting next_dagrun for example_subdag_operator to 2022-01-01 00:00:00+00:00, run_after=2022-01-01 00:00:00+00:00
[2024-02-27T15:08:51.610+0000] {logging_mixin.py:188} INFO - [2024-02-27T15:08:51.609+0000] {dag.py:3834} INFO - Setting next_dagrun for example_subdag_operator.section-1 to None, run_after=None
[2024-02-27T15:08:51.610+0000] {logging_mixin.py:188} INFO - [2024-02-27T15:08:51.610+0000] {dag.py:3834} INFO - Setting next_dagrun for example_subdag_operator.section-2 to None, run_after=None
[2024-02-27T15:08:51.614+0000] {logging_mixin.py:188} INFO - [2024-02-27T15:08:51.614+0000] {dag.py:3047} INFO - Sync 2 DAGs
[2024-02-27T15:08:51.617+0000] {logging_mixin.py:188} INFO - [2024-02-27T15:08:51.617+0000] {dag.py:3834} INFO - Setting next_dagrun for example_subdag_operator.section-1 to None, run_after=None
[2024-02-27T15:08:51.617+0000] {logging_mixin.py:188} INFO - [2024-02-27T15:08:51.617+0000] {dag.py:3834} INFO - Setting next_dagrun for example_subdag_operator.section-2 to None, run_after=None
[2024-02-27T15:08:51.624+0000] {processor.py:183} INFO - Processing /home/airflow/.local/lib/python3.11/site-packages/airflow/example_dags/example_subdag_operator.py took 0.055 seconds
[2024-02-27T15:09:21.755+0000] {processor.py:161} INFO - Started process (PID=538) to work on /home/airflow/.local/lib/python3.11/site-packages/airflow/example_dags/example_subdag_operator.py
[2024-02-27T15:09:21.756+0000] {processor.py:830} INFO - Processing file /home/airflow/.local/lib/python3.11/site-packages/airflow/example_dags/example_subdag_operator.py for tasks to queue
[2024-02-27T15:09:21.758+0000] {logging_mixin.py:188} INFO - [2024-02-27T15:09:21.758+0000] {dagbag.py:540} INFO - Filling up the DagBag from /home/airflow/.local/lib/python3.11/site-packages/airflow/example_dags/example_subdag_operator.py
[2024-02-27T15:09:21.773+0000] {processor.py:840} INFO - DAG(s) 'example_subdag_operator.section-1', 'example_subdag_operator.section-2', 'example_subdag_operator' retrieved from /home/airflow/.local/lib/python3.11/site-packages/airflow/example_dags/example_subdag_operator.py
[2024-02-27T15:09:21.782+0000] {logging_mixin.py:188} INFO - [2024-02-27T15:09:21.782+0000] {dag.py:3047} INFO - Sync 3 DAGs
[2024-02-27T15:09:21.795+0000] {logging_mixin.py:188} INFO - [2024-02-27T15:09:21.794+0000] {dag.py:3834} INFO - Setting next_dagrun for example_subdag_operator to 2022-01-01 00:00:00+00:00, run_after=2022-01-01 00:00:00+00:00
[2024-02-27T15:09:21.797+0000] {logging_mixin.py:188} INFO - [2024-02-27T15:09:21.797+0000] {dag.py:3834} INFO - Setting next_dagrun for example_subdag_operator.section-1 to None, run_after=None
[2024-02-27T15:09:21.798+0000] {logging_mixin.py:188} INFO - [2024-02-27T15:09:21.798+0000] {dag.py:3834} INFO - Setting next_dagrun for example_subdag_operator.section-2 to None, run_after=None
[2024-02-27T15:09:21.803+0000] {logging_mixin.py:188} INFO - [2024-02-27T15:09:21.803+0000] {dag.py:3047} INFO - Sync 2 DAGs
[2024-02-27T15:09:21.806+0000] {logging_mixin.py:188} INFO - [2024-02-27T15:09:21.806+0000] {dag.py:3834} INFO - Setting next_dagrun for example_subdag_operator.section-1 to None, run_after=None
[2024-02-27T15:09:21.806+0000] {logging_mixin.py:188} INFO - [2024-02-27T15:09:21.806+0000] {dag.py:3834} INFO - Setting next_dagrun for example_subdag_operator.section-2 to None, run_after=None
[2024-02-27T15:09:21.813+0000] {processor.py:183} INFO - Processing /home/airflow/.local/lib/python3.11/site-packages/airflow/example_dags/example_subdag_operator.py took 0.059 seconds
[2024-02-27T15:09:51.929+0000] {processor.py:161} INFO - Started process (PID=593) to work on /home/airflow/.local/lib/python3.11/site-packages/airflow/example_dags/example_subdag_operator.py
[2024-02-27T15:09:51.931+0000] {processor.py:830} INFO - Processing file /home/airflow/.local/lib/python3.11/site-packages/airflow/example_dags/example_subdag_operator.py for tasks to queue
[2024-02-27T15:09:51.934+0000] {logging_mixin.py:188} INFO - [2024-02-27T15:09:51.933+0000] {dagbag.py:540} INFO - Filling up the DagBag from /home/airflow/.local/lib/python3.11/site-packages/airflow/example_dags/example_subdag_operator.py
[2024-02-27T15:09:51.950+0000] {processor.py:840} INFO - DAG(s) 'example_subdag_operator.section-1', 'example_subdag_operator.section-2', 'example_subdag_operator' retrieved from /home/airflow/.local/lib/python3.11/site-packages/airflow/example_dags/example_subdag_operator.py
[2024-02-27T15:09:51.960+0000] {logging_mixin.py:188} INFO - [2024-02-27T15:09:51.960+0000] {dag.py:3047} INFO - Sync 3 DAGs
[2024-02-27T15:09:51.973+0000] {logging_mixin.py:188} INFO - [2024-02-27T15:09:51.973+0000] {dag.py:3834} INFO - Setting next_dagrun for example_subdag_operator to 2022-01-01 00:00:00+00:00, run_after=2022-01-01 00:00:00+00:00
[2024-02-27T15:09:51.975+0000] {logging_mixin.py:188} INFO - [2024-02-27T15:09:51.975+0000] {dag.py:3834} INFO - Setting next_dagrun for example_subdag_operator.section-1 to None, run_after=None
[2024-02-27T15:09:51.976+0000] {logging_mixin.py:188} INFO - [2024-02-27T15:09:51.976+0000] {dag.py:3834} INFO - Setting next_dagrun for example_subdag_operator.section-2 to None, run_after=None
[2024-02-27T15:09:51.981+0000] {logging_mixin.py:188} INFO - [2024-02-27T15:09:51.981+0000] {dag.py:3047} INFO - Sync 2 DAGs
[2024-02-27T15:09:51.984+0000] {logging_mixin.py:188} INFO - [2024-02-27T15:09:51.984+0000] {dag.py:3834} INFO - Setting next_dagrun for example_subdag_operator.section-1 to None, run_after=None
[2024-02-27T15:09:51.985+0000] {logging_mixin.py:188} INFO - [2024-02-27T15:09:51.985+0000] {dag.py:3834} INFO - Setting next_dagrun for example_subdag_operator.section-2 to None, run_after=None
[2024-02-27T15:09:51.992+0000] {processor.py:183} INFO - Processing /home/airflow/.local/lib/python3.11/site-packages/airflow/example_dags/example_subdag_operator.py took 0.065 seconds
[2024-02-27T15:10:22.095+0000] {processor.py:161} INFO - Started process (PID=648) to work on /home/airflow/.local/lib/python3.11/site-packages/airflow/example_dags/example_subdag_operator.py
[2024-02-27T15:10:22.096+0000] {processor.py:830} INFO - Processing file /home/airflow/.local/lib/python3.11/site-packages/airflow/example_dags/example_subdag_operator.py for tasks to queue
[2024-02-27T15:10:22.097+0000] {logging_mixin.py:188} INFO - [2024-02-27T15:10:22.097+0000] {dagbag.py:540} INFO - Filling up the DagBag from /home/airflow/.local/lib/python3.11/site-packages/airflow/example_dags/example_subdag_operator.py
[2024-02-27T15:10:22.110+0000] {processor.py:840} INFO - DAG(s) 'example_subdag_operator.section-1', 'example_subdag_operator.section-2', 'example_subdag_operator' retrieved from /home/airflow/.local/lib/python3.11/site-packages/airflow/example_dags/example_subdag_operator.py
[2024-02-27T15:10:22.119+0000] {logging_mixin.py:188} INFO - [2024-02-27T15:10:22.119+0000] {dag.py:3047} INFO - Sync 3 DAGs
[2024-02-27T15:10:22.132+0000] {logging_mixin.py:188} INFO - [2024-02-27T15:10:22.132+0000] {dag.py:3834} INFO - Setting next_dagrun for example_subdag_operator to 2022-01-01 00:00:00+00:00, run_after=2022-01-01 00:00:00+00:00
[2024-02-27T15:10:22.134+0000] {logging_mixin.py:188} INFO - [2024-02-27T15:10:22.134+0000] {dag.py:3834} INFO - Setting next_dagrun for example_subdag_operator.section-1 to None, run_after=None
[2024-02-27T15:10:22.135+0000] {logging_mixin.py:188} INFO - [2024-02-27T15:10:22.135+0000] {dag.py:3834} INFO - Setting next_dagrun for example_subdag_operator.section-2 to None, run_after=None
[2024-02-27T15:10:22.139+0000] {logging_mixin.py:188} INFO - [2024-02-27T15:10:22.139+0000] {dag.py:3047} INFO - Sync 2 DAGs
[2024-02-27T15:10:22.143+0000] {logging_mixin.py:188} INFO - [2024-02-27T15:10:22.142+0000] {dag.py:3834} INFO - Setting next_dagrun for example_subdag_operator.section-1 to None, run_after=None
[2024-02-27T15:10:22.143+0000] {logging_mixin.py:188} INFO - [2024-02-27T15:10:22.143+0000] {dag.py:3834} INFO - Setting next_dagrun for example_subdag_operator.section-2 to None, run_after=None
[2024-02-27T15:10:22.150+0000] {processor.py:183} INFO - Processing /home/airflow/.local/lib/python3.11/site-packages/airflow/example_dags/example_subdag_operator.py took 0.057 seconds
[2024-02-27T15:10:52.223+0000] {processor.py:161} INFO - Started process (PID=703) to work on /home/airflow/.local/lib/python3.11/site-packages/airflow/example_dags/example_subdag_operator.py
[2024-02-27T15:10:52.224+0000] {processor.py:830} INFO - Processing file /home/airflow/.local/lib/python3.11/site-packages/airflow/example_dags/example_subdag_operator.py for tasks to queue
[2024-02-27T15:10:52.225+0000] {logging_mixin.py:188} INFO - [2024-02-27T15:10:52.225+0000] {dagbag.py:540} INFO - Filling up the DagBag from /home/airflow/.local/lib/python3.11/site-packages/airflow/example_dags/example_subdag_operator.py
[2024-02-27T15:10:52.238+0000] {processor.py:840} INFO - DAG(s) 'example_subdag_operator.section-1', 'example_subdag_operator.section-2', 'example_subdag_operator' retrieved from /home/airflow/.local/lib/python3.11/site-packages/airflow/example_dags/example_subdag_operator.py
[2024-02-27T15:10:52.247+0000] {logging_mixin.py:188} INFO - [2024-02-27T15:10:52.247+0000] {dag.py:3047} INFO - Sync 3 DAGs
[2024-02-27T15:10:52.258+0000] {logging_mixin.py:188} INFO - [2024-02-27T15:10:52.258+0000] {dag.py:3834} INFO - Setting next_dagrun for example_subdag_operator to 2022-01-01 00:00:00+00:00, run_after=2022-01-01 00:00:00+00:00
[2024-02-27T15:10:52.261+0000] {logging_mixin.py:188} INFO - [2024-02-27T15:10:52.261+0000] {dag.py:3834} INFO - Setting next_dagrun for example_subdag_operator.section-1 to None, run_after=None
[2024-02-27T15:10:52.262+0000] {logging_mixin.py:188} INFO - [2024-02-27T15:10:52.261+0000] {dag.py:3834} INFO - Setting next_dagrun for example_subdag_operator.section-2 to None, run_after=None
[2024-02-27T15:10:52.267+0000] {logging_mixin.py:188} INFO - [2024-02-27T15:10:52.266+0000] {dag.py:3047} INFO - Sync 2 DAGs
[2024-02-27T15:10:52.269+0000] {logging_mixin.py:188} INFO - [2024-02-27T15:10:52.269+0000] {dag.py:3834} INFO - Setting next_dagrun for example_subdag_operator.section-1 to None, run_after=None
[2024-02-27T15:10:52.270+0000] {logging_mixin.py:188} INFO - [2024-02-27T15:10:52.270+0000] {dag.py:3834} INFO - Setting next_dagrun for example_subdag_operator.section-2 to None, run_after=None
[2024-02-27T15:10:52.276+0000] {processor.py:183} INFO - Processing /home/airflow/.local/lib/python3.11/site-packages/airflow/example_dags/example_subdag_operator.py took 0.055 seconds
[2024-02-27T15:11:22.314+0000] {processor.py:161} INFO - Started process (PID=758) to work on /home/airflow/.local/lib/python3.11/site-packages/airflow/example_dags/example_subdag_operator.py
[2024-02-27T15:11:22.315+0000] {processor.py:830} INFO - Processing file /home/airflow/.local/lib/python3.11/site-packages/airflow/example_dags/example_subdag_operator.py for tasks to queue
[2024-02-27T15:11:22.316+0000] {logging_mixin.py:188} INFO - [2024-02-27T15:11:22.316+0000] {dagbag.py:540} INFO - Filling up the DagBag from /home/airflow/.local/lib/python3.11/site-packages/airflow/example_dags/example_subdag_operator.py
[2024-02-27T15:11:22.329+0000] {processor.py:840} INFO - DAG(s) 'example_subdag_operator.section-1', 'example_subdag_operator.section-2', 'example_subdag_operator' retrieved from /home/airflow/.local/lib/python3.11/site-packages/airflow/example_dags/example_subdag_operator.py
[2024-02-27T15:11:22.338+0000] {logging_mixin.py:188} INFO - [2024-02-27T15:11:22.338+0000] {dag.py:3047} INFO - Sync 3 DAGs
[2024-02-27T15:11:22.352+0000] {logging_mixin.py:188} INFO - [2024-02-27T15:11:22.351+0000] {dag.py:3834} INFO - Setting next_dagrun for example_subdag_operator to 2022-01-01 00:00:00+00:00, run_after=2022-01-01 00:00:00+00:00
[2024-02-27T15:11:22.354+0000] {logging_mixin.py:188} INFO - [2024-02-27T15:11:22.354+0000] {dag.py:3834} INFO - Setting next_dagrun for example_subdag_operator.section-1 to None, run_after=None
[2024-02-27T15:11:22.355+0000] {logging_mixin.py:188} INFO - [2024-02-27T15:11:22.355+0000] {dag.py:3834} INFO - Setting next_dagrun for example_subdag_operator.section-2 to None, run_after=None
[2024-02-27T15:11:22.360+0000] {logging_mixin.py:188} INFO - [2024-02-27T15:11:22.360+0000] {dag.py:3047} INFO - Sync 2 DAGs
[2024-02-27T15:11:22.363+0000] {logging_mixin.py:188} INFO - [2024-02-27T15:11:22.363+0000] {dag.py:3834} INFO - Setting next_dagrun for example_subdag_operator.section-1 to None, run_after=None
[2024-02-27T15:11:22.363+0000] {logging_mixin.py:188} INFO - [2024-02-27T15:11:22.363+0000] {dag.py:3834} INFO - Setting next_dagrun for example_subdag_operator.section-2 to None, run_after=None
[2024-02-27T15:11:22.370+0000] {processor.py:183} INFO - Processing /home/airflow/.local/lib/python3.11/site-packages/airflow/example_dags/example_subdag_operator.py took 0.058 seconds
[2024-02-27T15:11:52.494+0000] {processor.py:161} INFO - Started process (PID=814) to work on /home/airflow/.local/lib/python3.11/site-packages/airflow/example_dags/example_subdag_operator.py
[2024-02-27T15:11:52.495+0000] {processor.py:830} INFO - Processing file /home/airflow/.local/lib/python3.11/site-packages/airflow/example_dags/example_subdag_operator.py for tasks to queue
[2024-02-27T15:11:52.497+0000] {logging_mixin.py:188} INFO - [2024-02-27T15:11:52.496+0000] {dagbag.py:540} INFO - Filling up the DagBag from /home/airflow/.local/lib/python3.11/site-packages/airflow/example_dags/example_subdag_operator.py
[2024-02-27T15:11:52.510+0000] {processor.py:840} INFO - DAG(s) 'example_subdag_operator.section-1', 'example_subdag_operator.section-2', 'example_subdag_operator' retrieved from /home/airflow/.local/lib/python3.11/site-packages/airflow/example_dags/example_subdag_operator.py
[2024-02-27T15:11:52.518+0000] {logging_mixin.py:188} INFO - [2024-02-27T15:11:52.518+0000] {dag.py:3047} INFO - Sync 3 DAGs
[2024-02-27T15:11:52.531+0000] {logging_mixin.py:188} INFO - [2024-02-27T15:11:52.531+0000] {dag.py:3834} INFO - Setting next_dagrun for example_subdag_operator to 2022-01-01 00:00:00+00:00, run_after=2022-01-01 00:00:00+00:00
[2024-02-27T15:11:52.533+0000] {logging_mixin.py:188} INFO - [2024-02-27T15:11:52.533+0000] {dag.py:3834} INFO - Setting next_dagrun for example_subdag_operator.section-1 to None, run_after=None
[2024-02-27T15:11:52.534+0000] {logging_mixin.py:188} INFO - [2024-02-27T15:11:52.534+0000] {dag.py:3834} INFO - Setting next_dagrun for example_subdag_operator.section-2 to None, run_after=None
[2024-02-27T15:11:52.538+0000] {logging_mixin.py:188} INFO - [2024-02-27T15:11:52.538+0000] {dag.py:3047} INFO - Sync 2 DAGs
[2024-02-27T15:11:52.540+0000] {logging_mixin.py:188} INFO - [2024-02-27T15:11:52.540+0000] {dag.py:3834} INFO - Setting next_dagrun for example_subdag_operator.section-1 to None, run_after=None
[2024-02-27T15:11:52.541+0000] {logging_mixin.py:188} INFO - [2024-02-27T15:11:52.541+0000] {dag.py:3834} INFO - Setting next_dagrun for example_subdag_operator.section-2 to None, run_after=None
[2024-02-27T15:11:52.548+0000] {processor.py:183} INFO - Processing /home/airflow/.local/lib/python3.11/site-packages/airflow/example_dags/example_subdag_operator.py took 0.055 seconds
[2024-02-27T15:12:22.616+0000] {processor.py:161} INFO - Started process (PID=869) to work on /home/airflow/.local/lib/python3.11/site-packages/airflow/example_dags/example_subdag_operator.py
[2024-02-27T15:12:22.617+0000] {processor.py:830} INFO - Processing file /home/airflow/.local/lib/python3.11/site-packages/airflow/example_dags/example_subdag_operator.py for tasks to queue
[2024-02-27T15:12:22.618+0000] {logging_mixin.py:188} INFO - [2024-02-27T15:12:22.618+0000] {dagbag.py:540} INFO - Filling up the DagBag from /home/airflow/.local/lib/python3.11/site-packages/airflow/example_dags/example_subdag_operator.py
[2024-02-27T15:12:22.632+0000] {processor.py:840} INFO - DAG(s) 'example_subdag_operator.section-1', 'example_subdag_operator.section-2', 'example_subdag_operator' retrieved from /home/airflow/.local/lib/python3.11/site-packages/airflow/example_dags/example_subdag_operator.py
[2024-02-27T15:12:22.641+0000] {logging_mixin.py:188} INFO - [2024-02-27T15:12:22.641+0000] {dag.py:3047} INFO - Sync 3 DAGs
[2024-02-27T15:12:22.655+0000] {logging_mixin.py:188} INFO - [2024-02-27T15:12:22.654+0000] {dag.py:3834} INFO - Setting next_dagrun for example_subdag_operator to 2022-01-01 00:00:00+00:00, run_after=2022-01-01 00:00:00+00:00
[2024-02-27T15:12:22.657+0000] {logging_mixin.py:188} INFO - [2024-02-27T15:12:22.657+0000] {dag.py:3834} INFO - Setting next_dagrun for example_subdag_operator.section-1 to None, run_after=None
[2024-02-27T15:12:22.658+0000] {logging_mixin.py:188} INFO - [2024-02-27T15:12:22.658+0000] {dag.py:3834} INFO - Setting next_dagrun for example_subdag_operator.section-2 to None, run_after=None
[2024-02-27T15:12:22.662+0000] {logging_mixin.py:188} INFO - [2024-02-27T15:12:22.662+0000] {dag.py:3047} INFO - Sync 2 DAGs
[2024-02-27T15:12:22.666+0000] {logging_mixin.py:188} INFO - [2024-02-27T15:12:22.665+0000] {dag.py:3834} INFO - Setting next_dagrun for example_subdag_operator.section-1 to None, run_after=None
[2024-02-27T15:12:22.666+0000] {logging_mixin.py:188} INFO - [2024-02-27T15:12:22.666+0000] {dag.py:3834} INFO - Setting next_dagrun for example_subdag_operator.section-2 to None, run_after=None
[2024-02-27T15:12:22.673+0000] {processor.py:183} INFO - Processing /home/airflow/.local/lib/python3.11/site-packages/airflow/example_dags/example_subdag_operator.py took 0.059 seconds
[2024-02-27T15:12:52.697+0000] {processor.py:161} INFO - Started process (PID=924) to work on /home/airflow/.local/lib/python3.11/site-packages/airflow/example_dags/example_subdag_operator.py
[2024-02-27T15:12:52.697+0000] {processor.py:830} INFO - Processing file /home/airflow/.local/lib/python3.11/site-packages/airflow/example_dags/example_subdag_operator.py for tasks to queue
[2024-02-27T15:12:52.700+0000] {logging_mixin.py:188} INFO - [2024-02-27T15:12:52.699+0000] {dagbag.py:540} INFO - Filling up the DagBag from /home/airflow/.local/lib/python3.11/site-packages/airflow/example_dags/example_subdag_operator.py
[2024-02-27T15:12:52.714+0000] {processor.py:840} INFO - DAG(s) 'example_subdag_operator.section-1', 'example_subdag_operator.section-2', 'example_subdag_operator' retrieved from /home/airflow/.local/lib/python3.11/site-packages/airflow/example_dags/example_subdag_operator.py
[2024-02-27T15:12:52.724+0000] {logging_mixin.py:188} INFO - [2024-02-27T15:12:52.723+0000] {dag.py:3047} INFO - Sync 3 DAGs
[2024-02-27T15:12:52.736+0000] {logging_mixin.py:188} INFO - [2024-02-27T15:12:52.736+0000] {dag.py:3834} INFO - Setting next_dagrun for example_subdag_operator to 2022-01-01 00:00:00+00:00, run_after=2022-01-01 00:00:00+00:00
[2024-02-27T15:12:52.739+0000] {logging_mixin.py:188} INFO - [2024-02-27T15:12:52.739+0000] {dag.py:3834} INFO - Setting next_dagrun for example_subdag_operator.section-1 to None, run_after=None
[2024-02-27T15:12:52.740+0000] {logging_mixin.py:188} INFO - [2024-02-27T15:12:52.740+0000] {dag.py:3834} INFO - Setting next_dagrun for example_subdag_operator.section-2 to None, run_after=None
[2024-02-27T15:12:52.745+0000] {logging_mixin.py:188} INFO - [2024-02-27T15:12:52.745+0000] {dag.py:3047} INFO - Sync 2 DAGs
[2024-02-27T15:12:52.749+0000] {logging_mixin.py:188} INFO - [2024-02-27T15:12:52.748+0000] {dag.py:3834} INFO - Setting next_dagrun for example_subdag_operator.section-1 to None, run_after=None
[2024-02-27T15:12:52.749+0000] {logging_mixin.py:188} INFO - [2024-02-27T15:12:52.749+0000] {dag.py:3834} INFO - Setting next_dagrun for example_subdag_operator.section-2 to None, run_after=None
[2024-02-27T15:12:52.757+0000] {processor.py:183} INFO - Processing /home/airflow/.local/lib/python3.11/site-packages/airflow/example_dags/example_subdag_operator.py took 0.062 seconds
[2024-02-27T15:20:38.245+0000] {processor.py:161} INFO - Started process (PID=43) to work on /home/airflow/.local/lib/python3.11/site-packages/airflow/example_dags/example_subdag_operator.py
[2024-02-27T15:20:38.246+0000] {processor.py:830} INFO - Processing file /home/airflow/.local/lib/python3.11/site-packages/airflow/example_dags/example_subdag_operator.py for tasks to queue
[2024-02-27T15:20:38.248+0000] {logging_mixin.py:188} INFO - [2024-02-27T15:20:38.247+0000] {dagbag.py:540} INFO - Filling up the DagBag from /home/airflow/.local/lib/python3.11/site-packages/airflow/example_dags/example_subdag_operator.py
[2024-02-27T15:20:38.282+0000] {processor.py:840} INFO - DAG(s) 'example_subdag_operator.section-1', 'example_subdag_operator.section-2', 'example_subdag_operator' retrieved from /home/airflow/.local/lib/python3.11/site-packages/airflow/example_dags/example_subdag_operator.py
[2024-02-27T15:20:38.285+0000] {logging_mixin.py:188} INFO - [2024-02-27T15:20:38.285+0000] {dag.py:3047} INFO - Sync 3 DAGs
[2024-02-27T15:20:38.308+0000] {logging_mixin.py:188} INFO - [2024-02-27T15:20:38.307+0000] {dag.py:3834} INFO - Setting next_dagrun for example_subdag_operator to 2022-01-01 00:00:00+00:00, run_after=2022-01-01 00:00:00+00:00
[2024-02-27T15:20:38.312+0000] {logging_mixin.py:188} INFO - [2024-02-27T15:20:38.312+0000] {dag.py:3834} INFO - Setting next_dagrun for example_subdag_operator.section-1 to None, run_after=None
[2024-02-27T15:20:38.314+0000] {logging_mixin.py:188} INFO - [2024-02-27T15:20:38.313+0000] {dag.py:3834} INFO - Setting next_dagrun for example_subdag_operator.section-2 to None, run_after=None
[2024-02-27T15:20:38.320+0000] {logging_mixin.py:188} INFO - [2024-02-27T15:20:38.320+0000] {dag.py:3047} INFO - Sync 2 DAGs
[2024-02-27T15:20:38.324+0000] {logging_mixin.py:188} INFO - [2024-02-27T15:20:38.323+0000] {dag.py:3834} INFO - Setting next_dagrun for example_subdag_operator.section-1 to None, run_after=None
[2024-02-27T15:20:38.324+0000] {logging_mixin.py:188} INFO - [2024-02-27T15:20:38.324+0000] {dag.py:3834} INFO - Setting next_dagrun for example_subdag_operator.section-2 to None, run_after=None
[2024-02-27T15:20:38.345+0000] {processor.py:183} INFO - Processing /home/airflow/.local/lib/python3.11/site-packages/airflow/example_dags/example_subdag_operator.py took 0.102 seconds
[2024-02-27T15:21:08.816+0000] {processor.py:161} INFO - Started process (PID=98) to work on /home/airflow/.local/lib/python3.11/site-packages/airflow/example_dags/example_subdag_operator.py
[2024-02-27T15:21:08.816+0000] {processor.py:830} INFO - Processing file /home/airflow/.local/lib/python3.11/site-packages/airflow/example_dags/example_subdag_operator.py for tasks to queue
[2024-02-27T15:21:08.818+0000] {logging_mixin.py:188} INFO - [2024-02-27T15:21:08.817+0000] {dagbag.py:540} INFO - Filling up the DagBag from /home/airflow/.local/lib/python3.11/site-packages/airflow/example_dags/example_subdag_operator.py
[2024-02-27T15:21:08.849+0000] {processor.py:840} INFO - DAG(s) 'example_subdag_operator.section-1', 'example_subdag_operator.section-2', 'example_subdag_operator' retrieved from /home/airflow/.local/lib/python3.11/site-packages/airflow/example_dags/example_subdag_operator.py
[2024-02-27T15:21:08.908+0000] {logging_mixin.py:188} INFO - [2024-02-27T15:21:08.908+0000] {dag.py:3047} INFO - Sync 3 DAGs
[2024-02-27T15:21:08.931+0000] {logging_mixin.py:188} INFO - [2024-02-27T15:21:08.930+0000] {dag.py:3834} INFO - Setting next_dagrun for example_subdag_operator to 2022-01-01 00:00:00+00:00, run_after=2022-01-01 00:00:00+00:00
[2024-02-27T15:21:08.934+0000] {logging_mixin.py:188} INFO - [2024-02-27T15:21:08.934+0000] {dag.py:3834} INFO - Setting next_dagrun for example_subdag_operator.section-1 to None, run_after=None
[2024-02-27T15:21:08.935+0000] {logging_mixin.py:188} INFO - [2024-02-27T15:21:08.935+0000] {dag.py:3834} INFO - Setting next_dagrun for example_subdag_operator.section-2 to None, run_after=None
[2024-02-27T15:21:08.942+0000] {logging_mixin.py:188} INFO - [2024-02-27T15:21:08.942+0000] {dag.py:3047} INFO - Sync 2 DAGs
[2024-02-27T15:21:08.945+0000] {logging_mixin.py:188} INFO - [2024-02-27T15:21:08.945+0000] {dag.py:3834} INFO - Setting next_dagrun for example_subdag_operator.section-1 to None, run_after=None
[2024-02-27T15:21:08.946+0000] {logging_mixin.py:188} INFO - [2024-02-27T15:21:08.946+0000] {dag.py:3834} INFO - Setting next_dagrun for example_subdag_operator.section-2 to None, run_after=None
[2024-02-27T15:21:08.960+0000] {processor.py:183} INFO - Processing /home/airflow/.local/lib/python3.11/site-packages/airflow/example_dags/example_subdag_operator.py took 0.146 seconds
