[2024-02-27T15:04:49.804+0000] {processor.py:161} INFO - Started process (PID=77) to work on /home/airflow/.local/lib/python3.11/site-packages/airflow/example_dags/example_python_decorator.py
[2024-02-27T15:04:49.804+0000] {processor.py:830} INFO - Processing file /home/airflow/.local/lib/python3.11/site-packages/airflow/example_dags/example_python_decorator.py for tasks to queue
[2024-02-27T15:04:49.806+0000] {logging_mixin.py:188} INFO - [2024-02-27T15:04:49.806+0000] {dagbag.py:540} INFO - Filling up the DagBag from /home/airflow/.local/lib/python3.11/site-packages/airflow/example_dags/example_python_decorator.py
[2024-02-27T15:04:49.814+0000] {processor.py:840} INFO - DAG(s) 'example_python_decorator' retrieved from /home/airflow/.local/lib/python3.11/site-packages/airflow/example_dags/example_python_decorator.py
[2024-02-27T15:04:49.822+0000] {logging_mixin.py:188} INFO - [2024-02-27T15:04:49.822+0000] {dag.py:3047} INFO - Sync 1 DAGs
[2024-02-27T15:04:49.830+0000] {logging_mixin.py:188} INFO - [2024-02-27T15:04:49.830+0000] {dag.py:3834} INFO - Setting next_dagrun for example_python_decorator to None, run_after=None
[2024-02-27T15:04:49.842+0000] {processor.py:183} INFO - Processing /home/airflow/.local/lib/python3.11/site-packages/airflow/example_dags/example_python_decorator.py took 0.040 seconds
[2024-02-27T15:05:20.525+0000] {processor.py:161} INFO - Started process (PID=132) to work on /home/airflow/.local/lib/python3.11/site-packages/airflow/example_dags/example_python_decorator.py
[2024-02-27T15:05:20.526+0000] {processor.py:830} INFO - Processing file /home/airflow/.local/lib/python3.11/site-packages/airflow/example_dags/example_python_decorator.py for tasks to queue
[2024-02-27T15:05:20.527+0000] {logging_mixin.py:188} INFO - [2024-02-27T15:05:20.527+0000] {dagbag.py:540} INFO - Filling up the DagBag from /home/airflow/.local/lib/python3.11/site-packages/airflow/example_dags/example_python_decorator.py
[2024-02-27T15:05:20.536+0000] {processor.py:840} INFO - DAG(s) 'example_python_decorator' retrieved from /home/airflow/.local/lib/python3.11/site-packages/airflow/example_dags/example_python_decorator.py
[2024-02-27T15:05:20.593+0000] {logging_mixin.py:188} INFO - [2024-02-27T15:05:20.593+0000] {dag.py:3047} INFO - Sync 1 DAGs
[2024-02-27T15:05:20.599+0000] {logging_mixin.py:188} INFO - [2024-02-27T15:05:20.599+0000] {dag.py:3834} INFO - Setting next_dagrun for example_python_decorator to None, run_after=None
[2024-02-27T15:05:20.610+0000] {processor.py:183} INFO - Processing /home/airflow/.local/lib/python3.11/site-packages/airflow/example_dags/example_python_decorator.py took 0.087 seconds
[2024-02-27T15:05:51.451+0000] {processor.py:161} INFO - Started process (PID=187) to work on /home/airflow/.local/lib/python3.11/site-packages/airflow/example_dags/example_python_decorator.py
[2024-02-27T15:05:51.452+0000] {processor.py:830} INFO - Processing file /home/airflow/.local/lib/python3.11/site-packages/airflow/example_dags/example_python_decorator.py for tasks to queue
[2024-02-27T15:05:51.454+0000] {logging_mixin.py:188} INFO - [2024-02-27T15:05:51.453+0000] {dagbag.py:540} INFO - Filling up the DagBag from /home/airflow/.local/lib/python3.11/site-packages/airflow/example_dags/example_python_decorator.py
[2024-02-27T15:05:51.461+0000] {processor.py:840} INFO - DAG(s) 'example_python_decorator' retrieved from /home/airflow/.local/lib/python3.11/site-packages/airflow/example_dags/example_python_decorator.py
[2024-02-27T15:05:51.473+0000] {logging_mixin.py:188} INFO - [2024-02-27T15:05:51.473+0000] {dag.py:3047} INFO - Sync 1 DAGs
[2024-02-27T15:05:51.480+0000] {logging_mixin.py:188} INFO - [2024-02-27T15:05:51.480+0000] {dag.py:3834} INFO - Setting next_dagrun for example_python_decorator to None, run_after=None
[2024-02-27T15:05:51.491+0000] {processor.py:183} INFO - Processing /home/airflow/.local/lib/python3.11/site-packages/airflow/example_dags/example_python_decorator.py took 0.042 seconds
[2024-02-27T15:06:22.407+0000] {processor.py:161} INFO - Started process (PID=242) to work on /home/airflow/.local/lib/python3.11/site-packages/airflow/example_dags/example_python_decorator.py
[2024-02-27T15:06:22.408+0000] {processor.py:830} INFO - Processing file /home/airflow/.local/lib/python3.11/site-packages/airflow/example_dags/example_python_decorator.py for tasks to queue
[2024-02-27T15:06:22.409+0000] {logging_mixin.py:188} INFO - [2024-02-27T15:06:22.409+0000] {dagbag.py:540} INFO - Filling up the DagBag from /home/airflow/.local/lib/python3.11/site-packages/airflow/example_dags/example_python_decorator.py
[2024-02-27T15:06:22.417+0000] {processor.py:840} INFO - DAG(s) 'example_python_decorator' retrieved from /home/airflow/.local/lib/python3.11/site-packages/airflow/example_dags/example_python_decorator.py
[2024-02-27T15:06:22.428+0000] {logging_mixin.py:188} INFO - [2024-02-27T15:06:22.428+0000] {dag.py:3047} INFO - Sync 1 DAGs
[2024-02-27T15:06:22.435+0000] {logging_mixin.py:188} INFO - [2024-02-27T15:06:22.435+0000] {dag.py:3834} INFO - Setting next_dagrun for example_python_decorator to None, run_after=None
[2024-02-27T15:06:22.446+0000] {processor.py:183} INFO - Processing /home/airflow/.local/lib/python3.11/site-packages/airflow/example_dags/example_python_decorator.py took 0.041 seconds
[2024-02-27T15:06:53.365+0000] {processor.py:161} INFO - Started process (PID=297) to work on /home/airflow/.local/lib/python3.11/site-packages/airflow/example_dags/example_python_decorator.py
[2024-02-27T15:06:53.366+0000] {processor.py:830} INFO - Processing file /home/airflow/.local/lib/python3.11/site-packages/airflow/example_dags/example_python_decorator.py for tasks to queue
[2024-02-27T15:06:53.368+0000] {logging_mixin.py:188} INFO - [2024-02-27T15:06:53.367+0000] {dagbag.py:540} INFO - Filling up the DagBag from /home/airflow/.local/lib/python3.11/site-packages/airflow/example_dags/example_python_decorator.py
[2024-02-27T15:06:53.375+0000] {processor.py:840} INFO - DAG(s) 'example_python_decorator' retrieved from /home/airflow/.local/lib/python3.11/site-packages/airflow/example_dags/example_python_decorator.py
[2024-02-27T15:06:53.388+0000] {logging_mixin.py:188} INFO - [2024-02-27T15:06:53.388+0000] {dag.py:3047} INFO - Sync 1 DAGs
[2024-02-27T15:06:53.394+0000] {logging_mixin.py:188} INFO - [2024-02-27T15:06:53.394+0000] {dag.py:3834} INFO - Setting next_dagrun for example_python_decorator to None, run_after=None
[2024-02-27T15:06:53.405+0000] {processor.py:183} INFO - Processing /home/airflow/.local/lib/python3.11/site-packages/airflow/example_dags/example_python_decorator.py took 0.043 seconds
[2024-02-27T15:07:23.641+0000] {processor.py:161} INFO - Started process (PID=352) to work on /home/airflow/.local/lib/python3.11/site-packages/airflow/example_dags/example_python_decorator.py
[2024-02-27T15:07:23.643+0000] {processor.py:830} INFO - Processing file /home/airflow/.local/lib/python3.11/site-packages/airflow/example_dags/example_python_decorator.py for tasks to queue
[2024-02-27T15:07:23.645+0000] {logging_mixin.py:188} INFO - [2024-02-27T15:07:23.644+0000] {dagbag.py:540} INFO - Filling up the DagBag from /home/airflow/.local/lib/python3.11/site-packages/airflow/example_dags/example_python_decorator.py
[2024-02-27T15:07:23.653+0000] {processor.py:840} INFO - DAG(s) 'example_python_decorator' retrieved from /home/airflow/.local/lib/python3.11/site-packages/airflow/example_dags/example_python_decorator.py
[2024-02-27T15:07:23.666+0000] {logging_mixin.py:188} INFO - [2024-02-27T15:07:23.666+0000] {dag.py:3047} INFO - Sync 1 DAGs
[2024-02-27T15:07:23.674+0000] {logging_mixin.py:188} INFO - [2024-02-27T15:07:23.674+0000] {dag.py:3834} INFO - Setting next_dagrun for example_python_decorator to None, run_after=None
[2024-02-27T15:07:23.685+0000] {processor.py:183} INFO - Processing /home/airflow/.local/lib/python3.11/site-packages/airflow/example_dags/example_python_decorator.py took 0.046 seconds
[2024-02-27T15:07:53.723+0000] {processor.py:161} INFO - Started process (PID=406) to work on /home/airflow/.local/lib/python3.11/site-packages/airflow/example_dags/example_python_decorator.py
[2024-02-27T15:07:53.723+0000] {processor.py:830} INFO - Processing file /home/airflow/.local/lib/python3.11/site-packages/airflow/example_dags/example_python_decorator.py for tasks to queue
[2024-02-27T15:07:53.725+0000] {logging_mixin.py:188} INFO - [2024-02-27T15:07:53.725+0000] {dagbag.py:540} INFO - Filling up the DagBag from /home/airflow/.local/lib/python3.11/site-packages/airflow/example_dags/example_python_decorator.py
[2024-02-27T15:07:53.733+0000] {processor.py:840} INFO - DAG(s) 'example_python_decorator' retrieved from /home/airflow/.local/lib/python3.11/site-packages/airflow/example_dags/example_python_decorator.py
[2024-02-27T15:07:53.744+0000] {logging_mixin.py:188} INFO - [2024-02-27T15:07:53.744+0000] {dag.py:3047} INFO - Sync 1 DAGs
[2024-02-27T15:07:53.751+0000] {logging_mixin.py:188} INFO - [2024-02-27T15:07:53.750+0000] {dag.py:3834} INFO - Setting next_dagrun for example_python_decorator to None, run_after=None
[2024-02-27T15:07:53.762+0000] {processor.py:183} INFO - Processing /home/airflow/.local/lib/python3.11/site-packages/airflow/example_dags/example_python_decorator.py took 0.041 seconds
[2024-02-27T15:08:23.828+0000] {processor.py:161} INFO - Started process (PID=461) to work on /home/airflow/.local/lib/python3.11/site-packages/airflow/example_dags/example_python_decorator.py
[2024-02-27T15:08:23.829+0000] {processor.py:830} INFO - Processing file /home/airflow/.local/lib/python3.11/site-packages/airflow/example_dags/example_python_decorator.py for tasks to queue
[2024-02-27T15:08:23.830+0000] {logging_mixin.py:188} INFO - [2024-02-27T15:08:23.830+0000] {dagbag.py:540} INFO - Filling up the DagBag from /home/airflow/.local/lib/python3.11/site-packages/airflow/example_dags/example_python_decorator.py
[2024-02-27T15:08:23.838+0000] {processor.py:840} INFO - DAG(s) 'example_python_decorator' retrieved from /home/airflow/.local/lib/python3.11/site-packages/airflow/example_dags/example_python_decorator.py
[2024-02-27T15:08:23.850+0000] {logging_mixin.py:188} INFO - [2024-02-27T15:08:23.850+0000] {dag.py:3047} INFO - Sync 1 DAGs
[2024-02-27T15:08:23.858+0000] {logging_mixin.py:188} INFO - [2024-02-27T15:08:23.858+0000] {dag.py:3834} INFO - Setting next_dagrun for example_python_decorator to None, run_after=None
[2024-02-27T15:08:23.869+0000] {processor.py:183} INFO - Processing /home/airflow/.local/lib/python3.11/site-packages/airflow/example_dags/example_python_decorator.py took 0.044 seconds
[2024-02-27T15:08:53.910+0000] {processor.py:161} INFO - Started process (PID=516) to work on /home/airflow/.local/lib/python3.11/site-packages/airflow/example_dags/example_python_decorator.py
[2024-02-27T15:08:53.911+0000] {processor.py:830} INFO - Processing file /home/airflow/.local/lib/python3.11/site-packages/airflow/example_dags/example_python_decorator.py for tasks to queue
[2024-02-27T15:08:53.912+0000] {logging_mixin.py:188} INFO - [2024-02-27T15:08:53.912+0000] {dagbag.py:540} INFO - Filling up the DagBag from /home/airflow/.local/lib/python3.11/site-packages/airflow/example_dags/example_python_decorator.py
[2024-02-27T15:08:53.919+0000] {processor.py:840} INFO - DAG(s) 'example_python_decorator' retrieved from /home/airflow/.local/lib/python3.11/site-packages/airflow/example_dags/example_python_decorator.py
[2024-02-27T15:08:53.931+0000] {logging_mixin.py:188} INFO - [2024-02-27T15:08:53.930+0000] {dag.py:3047} INFO - Sync 1 DAGs
[2024-02-27T15:08:53.937+0000] {logging_mixin.py:188} INFO - [2024-02-27T15:08:53.937+0000] {dag.py:3834} INFO - Setting next_dagrun for example_python_decorator to None, run_after=None
[2024-02-27T15:08:53.947+0000] {processor.py:183} INFO - Processing /home/airflow/.local/lib/python3.11/site-packages/airflow/example_dags/example_python_decorator.py took 0.039 seconds
[2024-02-27T15:09:24.175+0000] {processor.py:161} INFO - Started process (PID=571) to work on /home/airflow/.local/lib/python3.11/site-packages/airflow/example_dags/example_python_decorator.py
[2024-02-27T15:09:24.176+0000] {processor.py:830} INFO - Processing file /home/airflow/.local/lib/python3.11/site-packages/airflow/example_dags/example_python_decorator.py for tasks to queue
[2024-02-27T15:09:24.178+0000] {logging_mixin.py:188} INFO - [2024-02-27T15:09:24.177+0000] {dagbag.py:540} INFO - Filling up the DagBag from /home/airflow/.local/lib/python3.11/site-packages/airflow/example_dags/example_python_decorator.py
[2024-02-27T15:09:24.187+0000] {processor.py:840} INFO - DAG(s) 'example_python_decorator' retrieved from /home/airflow/.local/lib/python3.11/site-packages/airflow/example_dags/example_python_decorator.py
[2024-02-27T15:09:24.199+0000] {logging_mixin.py:188} INFO - [2024-02-27T15:09:24.199+0000] {dag.py:3047} INFO - Sync 1 DAGs
[2024-02-27T15:09:24.207+0000] {logging_mixin.py:188} INFO - [2024-02-27T15:09:24.207+0000] {dag.py:3834} INFO - Setting next_dagrun for example_python_decorator to None, run_after=None
[2024-02-27T15:09:24.220+0000] {processor.py:183} INFO - Processing /home/airflow/.local/lib/python3.11/site-packages/airflow/example_dags/example_python_decorator.py took 0.047 seconds
[2024-02-27T15:09:54.278+0000] {processor.py:161} INFO - Started process (PID=626) to work on /home/airflow/.local/lib/python3.11/site-packages/airflow/example_dags/example_python_decorator.py
[2024-02-27T15:09:54.279+0000] {processor.py:830} INFO - Processing file /home/airflow/.local/lib/python3.11/site-packages/airflow/example_dags/example_python_decorator.py for tasks to queue
[2024-02-27T15:09:54.281+0000] {logging_mixin.py:188} INFO - [2024-02-27T15:09:54.280+0000] {dagbag.py:540} INFO - Filling up the DagBag from /home/airflow/.local/lib/python3.11/site-packages/airflow/example_dags/example_python_decorator.py
[2024-02-27T15:09:54.288+0000] {processor.py:840} INFO - DAG(s) 'example_python_decorator' retrieved from /home/airflow/.local/lib/python3.11/site-packages/airflow/example_dags/example_python_decorator.py
[2024-02-27T15:09:54.301+0000] {logging_mixin.py:188} INFO - [2024-02-27T15:09:54.300+0000] {dag.py:3047} INFO - Sync 1 DAGs
[2024-02-27T15:09:54.307+0000] {logging_mixin.py:188} INFO - [2024-02-27T15:09:54.307+0000] {dag.py:3834} INFO - Setting next_dagrun for example_python_decorator to None, run_after=None
[2024-02-27T15:09:54.318+0000] {processor.py:183} INFO - Processing /home/airflow/.local/lib/python3.11/site-packages/airflow/example_dags/example_python_decorator.py took 0.042 seconds
[2024-02-27T15:10:24.370+0000] {processor.py:161} INFO - Started process (PID=681) to work on /home/airflow/.local/lib/python3.11/site-packages/airflow/example_dags/example_python_decorator.py
[2024-02-27T15:10:24.371+0000] {processor.py:830} INFO - Processing file /home/airflow/.local/lib/python3.11/site-packages/airflow/example_dags/example_python_decorator.py for tasks to queue
[2024-02-27T15:10:24.372+0000] {logging_mixin.py:188} INFO - [2024-02-27T15:10:24.372+0000] {dagbag.py:540} INFO - Filling up the DagBag from /home/airflow/.local/lib/python3.11/site-packages/airflow/example_dags/example_python_decorator.py
[2024-02-27T15:10:24.380+0000] {processor.py:840} INFO - DAG(s) 'example_python_decorator' retrieved from /home/airflow/.local/lib/python3.11/site-packages/airflow/example_dags/example_python_decorator.py
[2024-02-27T15:10:24.393+0000] {logging_mixin.py:188} INFO - [2024-02-27T15:10:24.393+0000] {dag.py:3047} INFO - Sync 1 DAGs
[2024-02-27T15:10:24.400+0000] {logging_mixin.py:188} INFO - [2024-02-27T15:10:24.400+0000] {dag.py:3834} INFO - Setting next_dagrun for example_python_decorator to None, run_after=None
[2024-02-27T15:10:24.412+0000] {processor.py:183} INFO - Processing /home/airflow/.local/lib/python3.11/site-packages/airflow/example_dags/example_python_decorator.py took 0.044 seconds
[2024-02-27T15:10:55.427+0000] {processor.py:161} INFO - Started process (PID=736) to work on /home/airflow/.local/lib/python3.11/site-packages/airflow/example_dags/example_python_decorator.py
[2024-02-27T15:10:55.428+0000] {processor.py:830} INFO - Processing file /home/airflow/.local/lib/python3.11/site-packages/airflow/example_dags/example_python_decorator.py for tasks to queue
[2024-02-27T15:10:55.429+0000] {logging_mixin.py:188} INFO - [2024-02-27T15:10:55.429+0000] {dagbag.py:540} INFO - Filling up the DagBag from /home/airflow/.local/lib/python3.11/site-packages/airflow/example_dags/example_python_decorator.py
[2024-02-27T15:10:55.438+0000] {processor.py:840} INFO - DAG(s) 'example_python_decorator' retrieved from /home/airflow/.local/lib/python3.11/site-packages/airflow/example_dags/example_python_decorator.py
[2024-02-27T15:10:55.450+0000] {logging_mixin.py:188} INFO - [2024-02-27T15:10:55.450+0000] {dag.py:3047} INFO - Sync 1 DAGs
[2024-02-27T15:10:55.458+0000] {logging_mixin.py:188} INFO - [2024-02-27T15:10:55.458+0000] {dag.py:3834} INFO - Setting next_dagrun for example_python_decorator to None, run_after=None
[2024-02-27T15:10:55.470+0000] {processor.py:183} INFO - Processing /home/airflow/.local/lib/python3.11/site-packages/airflow/example_dags/example_python_decorator.py took 0.044 seconds
[2024-02-27T15:11:25.681+0000] {processor.py:161} INFO - Started process (PID=791) to work on /home/airflow/.local/lib/python3.11/site-packages/airflow/example_dags/example_python_decorator.py
[2024-02-27T15:11:25.682+0000] {processor.py:830} INFO - Processing file /home/airflow/.local/lib/python3.11/site-packages/airflow/example_dags/example_python_decorator.py for tasks to queue
[2024-02-27T15:11:25.685+0000] {logging_mixin.py:188} INFO - [2024-02-27T15:11:25.685+0000] {dagbag.py:540} INFO - Filling up the DagBag from /home/airflow/.local/lib/python3.11/site-packages/airflow/example_dags/example_python_decorator.py
[2024-02-27T15:11:25.693+0000] {processor.py:840} INFO - DAG(s) 'example_python_decorator' retrieved from /home/airflow/.local/lib/python3.11/site-packages/airflow/example_dags/example_python_decorator.py
[2024-02-27T15:11:25.705+0000] {logging_mixin.py:188} INFO - [2024-02-27T15:11:25.705+0000] {dag.py:3047} INFO - Sync 1 DAGs
[2024-02-27T15:11:25.713+0000] {logging_mixin.py:188} INFO - [2024-02-27T15:11:25.712+0000] {dag.py:3834} INFO - Setting next_dagrun for example_python_decorator to None, run_after=None
[2024-02-27T15:11:25.725+0000] {processor.py:183} INFO - Processing /home/airflow/.local/lib/python3.11/site-packages/airflow/example_dags/example_python_decorator.py took 0.046 seconds
[2024-02-27T15:11:55.892+0000] {processor.py:161} INFO - Started process (PID=847) to work on /home/airflow/.local/lib/python3.11/site-packages/airflow/example_dags/example_python_decorator.py
[2024-02-27T15:11:55.892+0000] {processor.py:830} INFO - Processing file /home/airflow/.local/lib/python3.11/site-packages/airflow/example_dags/example_python_decorator.py for tasks to queue
[2024-02-27T15:11:55.894+0000] {logging_mixin.py:188} INFO - [2024-02-27T15:11:55.894+0000] {dagbag.py:540} INFO - Filling up the DagBag from /home/airflow/.local/lib/python3.11/site-packages/airflow/example_dags/example_python_decorator.py
[2024-02-27T15:11:55.902+0000] {processor.py:840} INFO - DAG(s) 'example_python_decorator' retrieved from /home/airflow/.local/lib/python3.11/site-packages/airflow/example_dags/example_python_decorator.py
[2024-02-27T15:11:55.914+0000] {logging_mixin.py:188} INFO - [2024-02-27T15:11:55.913+0000] {dag.py:3047} INFO - Sync 1 DAGs
[2024-02-27T15:11:55.920+0000] {logging_mixin.py:188} INFO - [2024-02-27T15:11:55.920+0000] {dag.py:3834} INFO - Setting next_dagrun for example_python_decorator to None, run_after=None
[2024-02-27T15:11:55.930+0000] {processor.py:183} INFO - Processing /home/airflow/.local/lib/python3.11/site-packages/airflow/example_dags/example_python_decorator.py took 0.041 seconds
[2024-02-27T15:12:25.990+0000] {processor.py:161} INFO - Started process (PID=902) to work on /home/airflow/.local/lib/python3.11/site-packages/airflow/example_dags/example_python_decorator.py
[2024-02-27T15:12:25.991+0000] {processor.py:830} INFO - Processing file /home/airflow/.local/lib/python3.11/site-packages/airflow/example_dags/example_python_decorator.py for tasks to queue
[2024-02-27T15:12:25.992+0000] {logging_mixin.py:188} INFO - [2024-02-27T15:12:25.992+0000] {dagbag.py:540} INFO - Filling up the DagBag from /home/airflow/.local/lib/python3.11/site-packages/airflow/example_dags/example_python_decorator.py
[2024-02-27T15:12:26.001+0000] {processor.py:840} INFO - DAG(s) 'example_python_decorator' retrieved from /home/airflow/.local/lib/python3.11/site-packages/airflow/example_dags/example_python_decorator.py
[2024-02-27T15:12:26.013+0000] {logging_mixin.py:188} INFO - [2024-02-27T15:12:26.013+0000] {dag.py:3047} INFO - Sync 1 DAGs
[2024-02-27T15:12:26.020+0000] {logging_mixin.py:188} INFO - [2024-02-27T15:12:26.020+0000] {dag.py:3834} INFO - Setting next_dagrun for example_python_decorator to None, run_after=None
[2024-02-27T15:12:26.033+0000] {processor.py:183} INFO - Processing /home/airflow/.local/lib/python3.11/site-packages/airflow/example_dags/example_python_decorator.py took 0.044 seconds
[2024-02-27T15:12:56.077+0000] {processor.py:161} INFO - Started process (PID=957) to work on /home/airflow/.local/lib/python3.11/site-packages/airflow/example_dags/example_python_decorator.py
[2024-02-27T15:12:56.078+0000] {processor.py:830} INFO - Processing file /home/airflow/.local/lib/python3.11/site-packages/airflow/example_dags/example_python_decorator.py for tasks to queue
[2024-02-27T15:12:56.079+0000] {logging_mixin.py:188} INFO - [2024-02-27T15:12:56.078+0000] {dagbag.py:540} INFO - Filling up the DagBag from /home/airflow/.local/lib/python3.11/site-packages/airflow/example_dags/example_python_decorator.py
[2024-02-27T15:12:56.086+0000] {processor.py:840} INFO - DAG(s) 'example_python_decorator' retrieved from /home/airflow/.local/lib/python3.11/site-packages/airflow/example_dags/example_python_decorator.py
[2024-02-27T15:12:56.097+0000] {logging_mixin.py:188} INFO - [2024-02-27T15:12:56.097+0000] {dag.py:3047} INFO - Sync 1 DAGs
[2024-02-27T15:12:56.104+0000] {logging_mixin.py:188} INFO - [2024-02-27T15:12:56.104+0000] {dag.py:3834} INFO - Setting next_dagrun for example_python_decorator to None, run_after=None
[2024-02-27T15:12:56.116+0000] {processor.py:183} INFO - Processing /home/airflow/.local/lib/python3.11/site-packages/airflow/example_dags/example_python_decorator.py took 0.041 seconds
[2024-02-27T15:20:40.127+0000] {processor.py:161} INFO - Started process (PID=77) to work on /home/airflow/.local/lib/python3.11/site-packages/airflow/example_dags/example_python_decorator.py
[2024-02-27T15:20:40.128+0000] {processor.py:830} INFO - Processing file /home/airflow/.local/lib/python3.11/site-packages/airflow/example_dags/example_python_decorator.py for tasks to queue
[2024-02-27T15:20:40.129+0000] {logging_mixin.py:188} INFO - [2024-02-27T15:20:40.129+0000] {dagbag.py:540} INFO - Filling up the DagBag from /home/airflow/.local/lib/python3.11/site-packages/airflow/example_dags/example_python_decorator.py
[2024-02-27T15:20:40.139+0000] {processor.py:840} INFO - DAG(s) 'example_python_decorator' retrieved from /home/airflow/.local/lib/python3.11/site-packages/airflow/example_dags/example_python_decorator.py
[2024-02-27T15:20:40.163+0000] {logging_mixin.py:188} INFO - [2024-02-27T15:20:40.163+0000] {dag.py:3047} INFO - Sync 1 DAGs
[2024-02-27T15:20:40.180+0000] {logging_mixin.py:188} INFO - [2024-02-27T15:20:40.179+0000] {dag.py:3834} INFO - Setting next_dagrun for example_python_decorator to None, run_after=None
[2024-02-27T15:20:40.200+0000] {processor.py:183} INFO - Processing /home/airflow/.local/lib/python3.11/site-packages/airflow/example_dags/example_python_decorator.py took 0.075 seconds
[2024-02-27T15:21:11.338+0000] {processor.py:161} INFO - Started process (PID=132) to work on /home/airflow/.local/lib/python3.11/site-packages/airflow/example_dags/example_python_decorator.py
[2024-02-27T15:21:11.339+0000] {processor.py:830} INFO - Processing file /home/airflow/.local/lib/python3.11/site-packages/airflow/example_dags/example_python_decorator.py for tasks to queue
[2024-02-27T15:21:11.341+0000] {logging_mixin.py:188} INFO - [2024-02-27T15:21:11.341+0000] {dagbag.py:540} INFO - Filling up the DagBag from /home/airflow/.local/lib/python3.11/site-packages/airflow/example_dags/example_python_decorator.py
[2024-02-27T15:21:11.365+0000] {processor.py:840} INFO - DAG(s) 'example_python_decorator' retrieved from /home/airflow/.local/lib/python3.11/site-packages/airflow/example_dags/example_python_decorator.py
[2024-02-27T15:21:11.443+0000] {logging_mixin.py:188} INFO - [2024-02-27T15:21:11.443+0000] {dag.py:3047} INFO - Sync 1 DAGs
[2024-02-27T15:21:11.455+0000] {logging_mixin.py:188} INFO - [2024-02-27T15:21:11.454+0000] {dag.py:3834} INFO - Setting next_dagrun for example_python_decorator to None, run_after=None
[2024-02-27T15:21:11.475+0000] {processor.py:183} INFO - Processing /home/airflow/.local/lib/python3.11/site-packages/airflow/example_dags/example_python_decorator.py took 0.138 seconds
