[2024-02-27T15:04:49.000+0000] {processor.py:161} INFO - Started process (PID=56) to work on /home/airflow/.local/lib/python3.11/site-packages/airflow/example_dags/example_task_group.py
[2024-02-27T15:04:49.001+0000] {processor.py:830} INFO - Processing file /home/airflow/.local/lib/python3.11/site-packages/airflow/example_dags/example_task_group.py for tasks to queue
[2024-02-27T15:04:49.004+0000] {logging_mixin.py:188} INFO - [2024-02-27T15:04:49.003+0000] {dagbag.py:540} INFO - Filling up the DagBag from /home/airflow/.local/lib/python3.11/site-packages/airflow/example_dags/example_task_group.py
[2024-02-27T15:04:49.010+0000] {processor.py:840} INFO - DAG(s) 'example_task_group' retrieved from /home/airflow/.local/lib/python3.11/site-packages/airflow/example_dags/example_task_group.py
[2024-02-27T15:04:49.018+0000] {logging_mixin.py:188} INFO - [2024-02-27T15:04:49.018+0000] {dag.py:3047} INFO - Sync 1 DAGs
[2024-02-27T15:04:49.032+0000] {logging_mixin.py:188} INFO - [2024-02-27T15:04:49.032+0000] {dag.py:3834} INFO - Setting next_dagrun for example_task_group to 2024-02-26 00:00:00+00:00, run_after=2024-02-27 00:00:00+00:00
[2024-02-27T15:04:49.045+0000] {processor.py:183} INFO - Processing /home/airflow/.local/lib/python3.11/site-packages/airflow/example_dags/example_task_group.py took 0.046 seconds
[2024-02-27T15:05:19.365+0000] {processor.py:161} INFO - Started process (PID=111) to work on /home/airflow/.local/lib/python3.11/site-packages/airflow/example_dags/example_task_group.py
[2024-02-27T15:05:19.366+0000] {processor.py:830} INFO - Processing file /home/airflow/.local/lib/python3.11/site-packages/airflow/example_dags/example_task_group.py for tasks to queue
[2024-02-27T15:05:19.368+0000] {logging_mixin.py:188} INFO - [2024-02-27T15:05:19.368+0000] {dagbag.py:540} INFO - Filling up the DagBag from /home/airflow/.local/lib/python3.11/site-packages/airflow/example_dags/example_task_group.py
[2024-02-27T15:05:19.372+0000] {processor.py:840} INFO - DAG(s) 'example_task_group' retrieved from /home/airflow/.local/lib/python3.11/site-packages/airflow/example_dags/example_task_group.py
[2024-02-27T15:05:19.428+0000] {logging_mixin.py:188} INFO - [2024-02-27T15:05:19.428+0000] {dag.py:3047} INFO - Sync 1 DAGs
[2024-02-27T15:05:19.439+0000] {logging_mixin.py:188} INFO - [2024-02-27T15:05:19.439+0000] {dag.py:3834} INFO - Setting next_dagrun for example_task_group to 2024-02-26 00:00:00+00:00, run_after=2024-02-27 00:00:00+00:00
[2024-02-27T15:05:19.450+0000] {processor.py:183} INFO - Processing /home/airflow/.local/lib/python3.11/site-packages/airflow/example_dags/example_task_group.py took 0.086 seconds
[2024-02-27T15:05:49.813+0000] {processor.py:161} INFO - Started process (PID=166) to work on /home/airflow/.local/lib/python3.11/site-packages/airflow/example_dags/example_task_group.py
[2024-02-27T15:05:49.814+0000] {processor.py:830} INFO - Processing file /home/airflow/.local/lib/python3.11/site-packages/airflow/example_dags/example_task_group.py for tasks to queue
[2024-02-27T15:05:49.815+0000] {logging_mixin.py:188} INFO - [2024-02-27T15:05:49.815+0000] {dagbag.py:540} INFO - Filling up the DagBag from /home/airflow/.local/lib/python3.11/site-packages/airflow/example_dags/example_task_group.py
[2024-02-27T15:05:49.820+0000] {processor.py:840} INFO - DAG(s) 'example_task_group' retrieved from /home/airflow/.local/lib/python3.11/site-packages/airflow/example_dags/example_task_group.py
[2024-02-27T15:05:49.833+0000] {logging_mixin.py:188} INFO - [2024-02-27T15:05:49.833+0000] {dag.py:3047} INFO - Sync 1 DAGs
[2024-02-27T15:05:49.846+0000] {logging_mixin.py:188} INFO - [2024-02-27T15:05:49.846+0000] {dag.py:3834} INFO - Setting next_dagrun for example_task_group to 2024-02-26 00:00:00+00:00, run_after=2024-02-27 00:00:00+00:00
[2024-02-27T15:05:49.857+0000] {processor.py:183} INFO - Processing /home/airflow/.local/lib/python3.11/site-packages/airflow/example_dags/example_task_group.py took 0.046 seconds
[2024-02-27T15:06:20.573+0000] {processor.py:161} INFO - Started process (PID=221) to work on /home/airflow/.local/lib/python3.11/site-packages/airflow/example_dags/example_task_group.py
[2024-02-27T15:06:20.574+0000] {processor.py:830} INFO - Processing file /home/airflow/.local/lib/python3.11/site-packages/airflow/example_dags/example_task_group.py for tasks to queue
[2024-02-27T15:06:20.576+0000] {logging_mixin.py:188} INFO - [2024-02-27T15:06:20.575+0000] {dagbag.py:540} INFO - Filling up the DagBag from /home/airflow/.local/lib/python3.11/site-packages/airflow/example_dags/example_task_group.py
[2024-02-27T15:06:20.582+0000] {processor.py:840} INFO - DAG(s) 'example_task_group' retrieved from /home/airflow/.local/lib/python3.11/site-packages/airflow/example_dags/example_task_group.py
[2024-02-27T15:06:20.595+0000] {logging_mixin.py:188} INFO - [2024-02-27T15:06:20.595+0000] {dag.py:3047} INFO - Sync 1 DAGs
[2024-02-27T15:06:20.607+0000] {logging_mixin.py:188} INFO - [2024-02-27T15:06:20.607+0000] {dag.py:3834} INFO - Setting next_dagrun for example_task_group to 2024-02-26 00:00:00+00:00, run_after=2024-02-27 00:00:00+00:00
[2024-02-27T15:06:20.618+0000] {processor.py:183} INFO - Processing /home/airflow/.local/lib/python3.11/site-packages/airflow/example_dags/example_task_group.py took 0.047 seconds
[2024-02-27T15:06:51.617+0000] {processor.py:161} INFO - Started process (PID=276) to work on /home/airflow/.local/lib/python3.11/site-packages/airflow/example_dags/example_task_group.py
[2024-02-27T15:06:51.618+0000] {processor.py:830} INFO - Processing file /home/airflow/.local/lib/python3.11/site-packages/airflow/example_dags/example_task_group.py for tasks to queue
[2024-02-27T15:06:51.619+0000] {logging_mixin.py:188} INFO - [2024-02-27T15:06:51.619+0000] {dagbag.py:540} INFO - Filling up the DagBag from /home/airflow/.local/lib/python3.11/site-packages/airflow/example_dags/example_task_group.py
[2024-02-27T15:06:51.623+0000] {processor.py:840} INFO - DAG(s) 'example_task_group' retrieved from /home/airflow/.local/lib/python3.11/site-packages/airflow/example_dags/example_task_group.py
[2024-02-27T15:06:51.636+0000] {logging_mixin.py:188} INFO - [2024-02-27T15:06:51.635+0000] {dag.py:3047} INFO - Sync 1 DAGs
[2024-02-27T15:06:51.649+0000] {logging_mixin.py:188} INFO - [2024-02-27T15:06:51.649+0000] {dag.py:3834} INFO - Setting next_dagrun for example_task_group to 2024-02-26 00:00:00+00:00, run_after=2024-02-27 00:00:00+00:00
[2024-02-27T15:06:51.660+0000] {processor.py:183} INFO - Processing /home/airflow/.local/lib/python3.11/site-packages/airflow/example_dags/example_task_group.py took 0.045 seconds
[2024-02-27T15:07:21.721+0000] {processor.py:161} INFO - Started process (PID=331) to work on /home/airflow/.local/lib/python3.11/site-packages/airflow/example_dags/example_task_group.py
[2024-02-27T15:07:21.721+0000] {processor.py:830} INFO - Processing file /home/airflow/.local/lib/python3.11/site-packages/airflow/example_dags/example_task_group.py for tasks to queue
[2024-02-27T15:07:21.722+0000] {logging_mixin.py:188} INFO - [2024-02-27T15:07:21.722+0000] {dagbag.py:540} INFO - Filling up the DagBag from /home/airflow/.local/lib/python3.11/site-packages/airflow/example_dags/example_task_group.py
[2024-02-27T15:07:21.727+0000] {processor.py:840} INFO - DAG(s) 'example_task_group' retrieved from /home/airflow/.local/lib/python3.11/site-packages/airflow/example_dags/example_task_group.py
[2024-02-27T15:07:21.738+0000] {logging_mixin.py:188} INFO - [2024-02-27T15:07:21.738+0000] {dag.py:3047} INFO - Sync 1 DAGs
[2024-02-27T15:07:21.750+0000] {logging_mixin.py:188} INFO - [2024-02-27T15:07:21.750+0000] {dag.py:3834} INFO - Setting next_dagrun for example_task_group to 2024-02-26 00:00:00+00:00, run_after=2024-02-27 00:00:00+00:00
[2024-02-27T15:07:21.761+0000] {processor.py:183} INFO - Processing /home/airflow/.local/lib/python3.11/site-packages/airflow/example_dags/example_task_group.py took 0.042 seconds
[2024-02-27T15:07:51.824+0000] {processor.py:161} INFO - Started process (PID=386) to work on /home/airflow/.local/lib/python3.11/site-packages/airflow/example_dags/example_task_group.py
[2024-02-27T15:07:51.824+0000] {processor.py:830} INFO - Processing file /home/airflow/.local/lib/python3.11/site-packages/airflow/example_dags/example_task_group.py for tasks to queue
[2024-02-27T15:07:51.826+0000] {logging_mixin.py:188} INFO - [2024-02-27T15:07:51.826+0000] {dagbag.py:540} INFO - Filling up the DagBag from /home/airflow/.local/lib/python3.11/site-packages/airflow/example_dags/example_task_group.py
[2024-02-27T15:07:51.830+0000] {processor.py:840} INFO - DAG(s) 'example_task_group' retrieved from /home/airflow/.local/lib/python3.11/site-packages/airflow/example_dags/example_task_group.py
[2024-02-27T15:07:51.841+0000] {logging_mixin.py:188} INFO - [2024-02-27T15:07:51.841+0000] {dag.py:3047} INFO - Sync 1 DAGs
[2024-02-27T15:07:51.853+0000] {logging_mixin.py:188} INFO - [2024-02-27T15:07:51.853+0000] {dag.py:3834} INFO - Setting next_dagrun for example_task_group to 2024-02-26 00:00:00+00:00, run_after=2024-02-27 00:00:00+00:00
[2024-02-27T15:07:51.863+0000] {processor.py:183} INFO - Processing /home/airflow/.local/lib/python3.11/site-packages/airflow/example_dags/example_task_group.py took 0.041 seconds
[2024-02-27T15:08:21.967+0000] {processor.py:161} INFO - Started process (PID=441) to work on /home/airflow/.local/lib/python3.11/site-packages/airflow/example_dags/example_task_group.py
[2024-02-27T15:08:21.968+0000] {processor.py:830} INFO - Processing file /home/airflow/.local/lib/python3.11/site-packages/airflow/example_dags/example_task_group.py for tasks to queue
[2024-02-27T15:08:21.970+0000] {logging_mixin.py:188} INFO - [2024-02-27T15:08:21.969+0000] {dagbag.py:540} INFO - Filling up the DagBag from /home/airflow/.local/lib/python3.11/site-packages/airflow/example_dags/example_task_group.py
[2024-02-27T15:08:21.974+0000] {processor.py:840} INFO - DAG(s) 'example_task_group' retrieved from /home/airflow/.local/lib/python3.11/site-packages/airflow/example_dags/example_task_group.py
[2024-02-27T15:08:21.985+0000] {logging_mixin.py:188} INFO - [2024-02-27T15:08:21.985+0000] {dag.py:3047} INFO - Sync 1 DAGs
[2024-02-27T15:08:21.997+0000] {logging_mixin.py:188} INFO - [2024-02-27T15:08:21.997+0000] {dag.py:3834} INFO - Setting next_dagrun for example_task_group to 2024-02-26 00:00:00+00:00, run_after=2024-02-27 00:00:00+00:00
[2024-02-27T15:08:22.009+0000] {processor.py:183} INFO - Processing /home/airflow/.local/lib/python3.11/site-packages/airflow/example_dags/example_task_group.py took 0.043 seconds
[2024-02-27T15:08:52.053+0000] {processor.py:161} INFO - Started process (PID=496) to work on /home/airflow/.local/lib/python3.11/site-packages/airflow/example_dags/example_task_group.py
[2024-02-27T15:08:52.054+0000] {processor.py:830} INFO - Processing file /home/airflow/.local/lib/python3.11/site-packages/airflow/example_dags/example_task_group.py for tasks to queue
[2024-02-27T15:08:52.055+0000] {logging_mixin.py:188} INFO - [2024-02-27T15:08:52.055+0000] {dagbag.py:540} INFO - Filling up the DagBag from /home/airflow/.local/lib/python3.11/site-packages/airflow/example_dags/example_task_group.py
[2024-02-27T15:08:52.059+0000] {processor.py:840} INFO - DAG(s) 'example_task_group' retrieved from /home/airflow/.local/lib/python3.11/site-packages/airflow/example_dags/example_task_group.py
[2024-02-27T15:08:52.071+0000] {logging_mixin.py:188} INFO - [2024-02-27T15:08:52.070+0000] {dag.py:3047} INFO - Sync 1 DAGs
[2024-02-27T15:08:52.084+0000] {logging_mixin.py:188} INFO - [2024-02-27T15:08:52.083+0000] {dag.py:3834} INFO - Setting next_dagrun for example_task_group to 2024-02-26 00:00:00+00:00, run_after=2024-02-27 00:00:00+00:00
[2024-02-27T15:08:52.095+0000] {processor.py:183} INFO - Processing /home/airflow/.local/lib/python3.11/site-packages/airflow/example_dags/example_task_group.py took 0.043 seconds
[2024-02-27T15:09:22.358+0000] {processor.py:161} INFO - Started process (PID=551) to work on /home/airflow/.local/lib/python3.11/site-packages/airflow/example_dags/example_task_group.py
[2024-02-27T15:09:22.359+0000] {processor.py:830} INFO - Processing file /home/airflow/.local/lib/python3.11/site-packages/airflow/example_dags/example_task_group.py for tasks to queue
[2024-02-27T15:09:22.361+0000] {logging_mixin.py:188} INFO - [2024-02-27T15:09:22.361+0000] {dagbag.py:540} INFO - Filling up the DagBag from /home/airflow/.local/lib/python3.11/site-packages/airflow/example_dags/example_task_group.py
[2024-02-27T15:09:22.366+0000] {processor.py:840} INFO - DAG(s) 'example_task_group' retrieved from /home/airflow/.local/lib/python3.11/site-packages/airflow/example_dags/example_task_group.py
[2024-02-27T15:09:22.382+0000] {logging_mixin.py:188} INFO - [2024-02-27T15:09:22.382+0000] {dag.py:3047} INFO - Sync 1 DAGs
[2024-02-27T15:09:22.396+0000] {logging_mixin.py:188} INFO - [2024-02-27T15:09:22.396+0000] {dag.py:3834} INFO - Setting next_dagrun for example_task_group to 2024-02-26 00:00:00+00:00, run_after=2024-02-27 00:00:00+00:00
[2024-02-27T15:09:22.407+0000] {processor.py:183} INFO - Processing /home/airflow/.local/lib/python3.11/site-packages/airflow/example_dags/example_task_group.py took 0.051 seconds
[2024-02-27T15:09:52.508+0000] {processor.py:161} INFO - Started process (PID=606) to work on /home/airflow/.local/lib/python3.11/site-packages/airflow/example_dags/example_task_group.py
[2024-02-27T15:09:52.508+0000] {processor.py:830} INFO - Processing file /home/airflow/.local/lib/python3.11/site-packages/airflow/example_dags/example_task_group.py for tasks to queue
[2024-02-27T15:09:52.510+0000] {logging_mixin.py:188} INFO - [2024-02-27T15:09:52.510+0000] {dagbag.py:540} INFO - Filling up the DagBag from /home/airflow/.local/lib/python3.11/site-packages/airflow/example_dags/example_task_group.py
[2024-02-27T15:09:52.514+0000] {processor.py:840} INFO - DAG(s) 'example_task_group' retrieved from /home/airflow/.local/lib/python3.11/site-packages/airflow/example_dags/example_task_group.py
[2024-02-27T15:09:52.526+0000] {logging_mixin.py:188} INFO - [2024-02-27T15:09:52.526+0000] {dag.py:3047} INFO - Sync 1 DAGs
[2024-02-27T15:09:52.538+0000] {logging_mixin.py:188} INFO - [2024-02-27T15:09:52.538+0000] {dag.py:3834} INFO - Setting next_dagrun for example_task_group to 2024-02-26 00:00:00+00:00, run_after=2024-02-27 00:00:00+00:00
[2024-02-27T15:09:52.550+0000] {processor.py:183} INFO - Processing /home/airflow/.local/lib/python3.11/site-packages/airflow/example_dags/example_task_group.py took 0.044 seconds
[2024-02-27T15:10:22.641+0000] {processor.py:161} INFO - Started process (PID=661) to work on /home/airflow/.local/lib/python3.11/site-packages/airflow/example_dags/example_task_group.py
[2024-02-27T15:10:22.641+0000] {processor.py:830} INFO - Processing file /home/airflow/.local/lib/python3.11/site-packages/airflow/example_dags/example_task_group.py for tasks to queue
[2024-02-27T15:10:22.643+0000] {logging_mixin.py:188} INFO - [2024-02-27T15:10:22.643+0000] {dagbag.py:540} INFO - Filling up the DagBag from /home/airflow/.local/lib/python3.11/site-packages/airflow/example_dags/example_task_group.py
[2024-02-27T15:10:22.647+0000] {processor.py:840} INFO - DAG(s) 'example_task_group' retrieved from /home/airflow/.local/lib/python3.11/site-packages/airflow/example_dags/example_task_group.py
[2024-02-27T15:10:22.660+0000] {logging_mixin.py:188} INFO - [2024-02-27T15:10:22.660+0000] {dag.py:3047} INFO - Sync 1 DAGs
[2024-02-27T15:10:22.674+0000] {logging_mixin.py:188} INFO - [2024-02-27T15:10:22.674+0000] {dag.py:3834} INFO - Setting next_dagrun for example_task_group to 2024-02-26 00:00:00+00:00, run_after=2024-02-27 00:00:00+00:00
[2024-02-27T15:10:22.685+0000] {processor.py:183} INFO - Processing /home/airflow/.local/lib/python3.11/site-packages/airflow/example_dags/example_task_group.py took 0.047 seconds
[2024-02-27T15:10:52.752+0000] {processor.py:161} INFO - Started process (PID=716) to work on /home/airflow/.local/lib/python3.11/site-packages/airflow/example_dags/example_task_group.py
[2024-02-27T15:10:52.753+0000] {processor.py:830} INFO - Processing file /home/airflow/.local/lib/python3.11/site-packages/airflow/example_dags/example_task_group.py for tasks to queue
[2024-02-27T15:10:52.755+0000] {logging_mixin.py:188} INFO - [2024-02-27T15:10:52.754+0000] {dagbag.py:540} INFO - Filling up the DagBag from /home/airflow/.local/lib/python3.11/site-packages/airflow/example_dags/example_task_group.py
[2024-02-27T15:10:52.759+0000] {processor.py:840} INFO - DAG(s) 'example_task_group' retrieved from /home/airflow/.local/lib/python3.11/site-packages/airflow/example_dags/example_task_group.py
[2024-02-27T15:10:52.770+0000] {logging_mixin.py:188} INFO - [2024-02-27T15:10:52.770+0000] {dag.py:3047} INFO - Sync 1 DAGs
[2024-02-27T15:10:52.783+0000] {logging_mixin.py:188} INFO - [2024-02-27T15:10:52.783+0000] {dag.py:3834} INFO - Setting next_dagrun for example_task_group to 2024-02-26 00:00:00+00:00, run_after=2024-02-27 00:00:00+00:00
[2024-02-27T15:10:52.794+0000] {processor.py:183} INFO - Processing /home/airflow/.local/lib/python3.11/site-packages/airflow/example_dags/example_task_group.py took 0.044 seconds
[2024-02-27T15:11:22.872+0000] {processor.py:161} INFO - Started process (PID=771) to work on /home/airflow/.local/lib/python3.11/site-packages/airflow/example_dags/example_task_group.py
[2024-02-27T15:11:22.873+0000] {processor.py:830} INFO - Processing file /home/airflow/.local/lib/python3.11/site-packages/airflow/example_dags/example_task_group.py for tasks to queue
[2024-02-27T15:11:22.874+0000] {logging_mixin.py:188} INFO - [2024-02-27T15:11:22.874+0000] {dagbag.py:540} INFO - Filling up the DagBag from /home/airflow/.local/lib/python3.11/site-packages/airflow/example_dags/example_task_group.py
[2024-02-27T15:11:22.878+0000] {processor.py:840} INFO - DAG(s) 'example_task_group' retrieved from /home/airflow/.local/lib/python3.11/site-packages/airflow/example_dags/example_task_group.py
[2024-02-27T15:11:22.890+0000] {logging_mixin.py:188} INFO - [2024-02-27T15:11:22.890+0000] {dag.py:3047} INFO - Sync 1 DAGs
[2024-02-27T15:11:22.902+0000] {logging_mixin.py:188} INFO - [2024-02-27T15:11:22.902+0000] {dag.py:3834} INFO - Setting next_dagrun for example_task_group to 2024-02-26 00:00:00+00:00, run_after=2024-02-27 00:00:00+00:00
[2024-02-27T15:11:22.913+0000] {processor.py:183} INFO - Processing /home/airflow/.local/lib/python3.11/site-packages/airflow/example_dags/example_task_group.py took 0.043 seconds
[2024-02-27T15:11:52.961+0000] {processor.py:161} INFO - Started process (PID=827) to work on /home/airflow/.local/lib/python3.11/site-packages/airflow/example_dags/example_task_group.py
[2024-02-27T15:11:52.962+0000] {processor.py:830} INFO - Processing file /home/airflow/.local/lib/python3.11/site-packages/airflow/example_dags/example_task_group.py for tasks to queue
[2024-02-27T15:11:52.963+0000] {logging_mixin.py:188} INFO - [2024-02-27T15:11:52.963+0000] {dagbag.py:540} INFO - Filling up the DagBag from /home/airflow/.local/lib/python3.11/site-packages/airflow/example_dags/example_task_group.py
[2024-02-27T15:11:52.967+0000] {processor.py:840} INFO - DAG(s) 'example_task_group' retrieved from /home/airflow/.local/lib/python3.11/site-packages/airflow/example_dags/example_task_group.py
[2024-02-27T15:11:52.979+0000] {logging_mixin.py:188} INFO - [2024-02-27T15:11:52.979+0000] {dag.py:3047} INFO - Sync 1 DAGs
[2024-02-27T15:11:52.992+0000] {logging_mixin.py:188} INFO - [2024-02-27T15:11:52.992+0000] {dag.py:3834} INFO - Setting next_dagrun for example_task_group to 2024-02-26 00:00:00+00:00, run_after=2024-02-27 00:00:00+00:00
[2024-02-27T15:11:53.003+0000] {processor.py:183} INFO - Processing /home/airflow/.local/lib/python3.11/site-packages/airflow/example_dags/example_task_group.py took 0.044 seconds
[2024-02-27T15:12:23.149+0000] {processor.py:161} INFO - Started process (PID=882) to work on /home/airflow/.local/lib/python3.11/site-packages/airflow/example_dags/example_task_group.py
[2024-02-27T15:12:23.150+0000] {processor.py:830} INFO - Processing file /home/airflow/.local/lib/python3.11/site-packages/airflow/example_dags/example_task_group.py for tasks to queue
[2024-02-27T15:12:23.151+0000] {logging_mixin.py:188} INFO - [2024-02-27T15:12:23.151+0000] {dagbag.py:540} INFO - Filling up the DagBag from /home/airflow/.local/lib/python3.11/site-packages/airflow/example_dags/example_task_group.py
[2024-02-27T15:12:23.156+0000] {processor.py:840} INFO - DAG(s) 'example_task_group' retrieved from /home/airflow/.local/lib/python3.11/site-packages/airflow/example_dags/example_task_group.py
[2024-02-27T15:12:23.168+0000] {logging_mixin.py:188} INFO - [2024-02-27T15:12:23.167+0000] {dag.py:3047} INFO - Sync 1 DAGs
[2024-02-27T15:12:23.179+0000] {logging_mixin.py:188} INFO - [2024-02-27T15:12:23.179+0000] {dag.py:3834} INFO - Setting next_dagrun for example_task_group to 2024-02-26 00:00:00+00:00, run_after=2024-02-27 00:00:00+00:00
[2024-02-27T15:12:23.189+0000] {processor.py:183} INFO - Processing /home/airflow/.local/lib/python3.11/site-packages/airflow/example_dags/example_task_group.py took 0.042 seconds
[2024-02-27T15:12:53.302+0000] {processor.py:161} INFO - Started process (PID=937) to work on /home/airflow/.local/lib/python3.11/site-packages/airflow/example_dags/example_task_group.py
[2024-02-27T15:12:53.302+0000] {processor.py:830} INFO - Processing file /home/airflow/.local/lib/python3.11/site-packages/airflow/example_dags/example_task_group.py for tasks to queue
[2024-02-27T15:12:53.304+0000] {logging_mixin.py:188} INFO - [2024-02-27T15:12:53.303+0000] {dagbag.py:540} INFO - Filling up the DagBag from /home/airflow/.local/lib/python3.11/site-packages/airflow/example_dags/example_task_group.py
[2024-02-27T15:12:53.308+0000] {processor.py:840} INFO - DAG(s) 'example_task_group' retrieved from /home/airflow/.local/lib/python3.11/site-packages/airflow/example_dags/example_task_group.py
[2024-02-27T15:12:53.321+0000] {logging_mixin.py:188} INFO - [2024-02-27T15:12:53.320+0000] {dag.py:3047} INFO - Sync 1 DAGs
[2024-02-27T15:12:53.333+0000] {logging_mixin.py:188} INFO - [2024-02-27T15:12:53.333+0000] {dag.py:3834} INFO - Setting next_dagrun for example_task_group to 2024-02-26 00:00:00+00:00, run_after=2024-02-27 00:00:00+00:00
[2024-02-27T15:12:53.345+0000] {processor.py:183} INFO - Processing /home/airflow/.local/lib/python3.11/site-packages/airflow/example_dags/example_task_group.py took 0.046 seconds
[2024-02-27T15:20:38.923+0000] {processor.py:161} INFO - Started process (PID=56) to work on /home/airflow/.local/lib/python3.11/site-packages/airflow/example_dags/example_task_group.py
[2024-02-27T15:20:38.924+0000] {processor.py:830} INFO - Processing file /home/airflow/.local/lib/python3.11/site-packages/airflow/example_dags/example_task_group.py for tasks to queue
[2024-02-27T15:20:38.926+0000] {logging_mixin.py:188} INFO - [2024-02-27T15:20:38.926+0000] {dagbag.py:540} INFO - Filling up the DagBag from /home/airflow/.local/lib/python3.11/site-packages/airflow/example_dags/example_task_group.py
[2024-02-27T15:20:38.931+0000] {processor.py:840} INFO - DAG(s) 'example_task_group' retrieved from /home/airflow/.local/lib/python3.11/site-packages/airflow/example_dags/example_task_group.py
[2024-02-27T15:20:38.956+0000] {logging_mixin.py:188} INFO - [2024-02-27T15:20:38.955+0000] {dag.py:3047} INFO - Sync 1 DAGs
[2024-02-27T15:20:38.977+0000] {logging_mixin.py:188} INFO - [2024-02-27T15:20:38.977+0000] {dag.py:3834} INFO - Setting next_dagrun for example_task_group to 2024-02-26 00:00:00+00:00, run_after=2024-02-27 00:00:00+00:00
[2024-02-27T15:20:38.999+0000] {processor.py:183} INFO - Processing /home/airflow/.local/lib/python3.11/site-packages/airflow/example_dags/example_task_group.py took 0.078 seconds
[2024-02-27T15:21:09.764+0000] {processor.py:161} INFO - Started process (PID=111) to work on /home/airflow/.local/lib/python3.11/site-packages/airflow/example_dags/example_task_group.py
[2024-02-27T15:21:09.765+0000] {processor.py:830} INFO - Processing file /home/airflow/.local/lib/python3.11/site-packages/airflow/example_dags/example_task_group.py for tasks to queue
[2024-02-27T15:21:09.766+0000] {logging_mixin.py:188} INFO - [2024-02-27T15:21:09.766+0000] {dagbag.py:540} INFO - Filling up the DagBag from /home/airflow/.local/lib/python3.11/site-packages/airflow/example_dags/example_task_group.py
[2024-02-27T15:21:09.771+0000] {processor.py:840} INFO - DAG(s) 'example_task_group' retrieved from /home/airflow/.local/lib/python3.11/site-packages/airflow/example_dags/example_task_group.py
[2024-02-27T15:21:09.842+0000] {logging_mixin.py:188} INFO - [2024-02-27T15:21:09.842+0000] {dag.py:3047} INFO - Sync 1 DAGs
[2024-02-27T15:21:09.861+0000] {logging_mixin.py:188} INFO - [2024-02-27T15:21:09.860+0000] {dag.py:3834} INFO - Setting next_dagrun for example_task_group to 2024-02-26 00:00:00+00:00, run_after=2024-02-27 00:00:00+00:00
[2024-02-27T15:21:09.880+0000] {processor.py:183} INFO - Processing /home/airflow/.local/lib/python3.11/site-packages/airflow/example_dags/example_task_group.py took 0.117 seconds
