[2024-02-27T15:04:49.354+0000] {processor.py:161} INFO - Started process (PID=65) to work on /home/airflow/.local/lib/python3.11/site-packages/airflow/example_dags/example_branch_labels.py
[2024-02-27T15:04:49.356+0000] {processor.py:830} INFO - Processing file /home/airflow/.local/lib/python3.11/site-packages/airflow/example_dags/example_branch_labels.py for tasks to queue
[2024-02-27T15:04:49.358+0000] {logging_mixin.py:188} INFO - [2024-02-27T15:04:49.358+0000] {dagbag.py:540} INFO - Filling up the DagBag from /home/airflow/.local/lib/python3.11/site-packages/airflow/example_dags/example_branch_labels.py
[2024-02-27T15:04:49.364+0000] {processor.py:840} INFO - DAG(s) 'example_branch_labels' retrieved from /home/airflow/.local/lib/python3.11/site-packages/airflow/example_dags/example_branch_labels.py
[2024-02-27T15:04:49.373+0000] {logging_mixin.py:188} INFO - [2024-02-27T15:04:49.373+0000] {dag.py:3047} INFO - Sync 1 DAGs
[2024-02-27T15:04:49.390+0000] {logging_mixin.py:188} INFO - [2024-02-27T15:04:49.390+0000] {dag.py:3834} INFO - Setting next_dagrun for example_branch_labels to 2024-02-26 00:00:00+00:00, run_after=2024-02-27 00:00:00+00:00
[2024-02-27T15:04:49.403+0000] {processor.py:183} INFO - Processing /home/airflow/.local/lib/python3.11/site-packages/airflow/example_dags/example_branch_labels.py took 0.051 seconds
[2024-02-27T15:05:19.851+0000] {processor.py:161} INFO - Started process (PID=120) to work on /home/airflow/.local/lib/python3.11/site-packages/airflow/example_dags/example_branch_labels.py
[2024-02-27T15:05:19.852+0000] {processor.py:830} INFO - Processing file /home/airflow/.local/lib/python3.11/site-packages/airflow/example_dags/example_branch_labels.py for tasks to queue
[2024-02-27T15:05:19.854+0000] {logging_mixin.py:188} INFO - [2024-02-27T15:05:19.853+0000] {dagbag.py:540} INFO - Filling up the DagBag from /home/airflow/.local/lib/python3.11/site-packages/airflow/example_dags/example_branch_labels.py
[2024-02-27T15:05:19.861+0000] {processor.py:840} INFO - DAG(s) 'example_branch_labels' retrieved from /home/airflow/.local/lib/python3.11/site-packages/airflow/example_dags/example_branch_labels.py
[2024-02-27T15:05:19.927+0000] {logging_mixin.py:188} INFO - [2024-02-27T15:05:19.927+0000] {dag.py:3047} INFO - Sync 1 DAGs
[2024-02-27T15:05:19.941+0000] {logging_mixin.py:188} INFO - [2024-02-27T15:05:19.941+0000] {dag.py:3834} INFO - Setting next_dagrun for example_branch_labels to 2024-02-26 00:00:00+00:00, run_after=2024-02-27 00:00:00+00:00
[2024-02-27T15:05:19.953+0000] {processor.py:183} INFO - Processing /home/airflow/.local/lib/python3.11/site-packages/airflow/example_dags/example_branch_labels.py took 0.104 seconds
[2024-02-27T15:05:50.091+0000] {processor.py:161} INFO - Started process (PID=175) to work on /home/airflow/.local/lib/python3.11/site-packages/airflow/example_dags/example_branch_labels.py
[2024-02-27T15:05:50.092+0000] {processor.py:830} INFO - Processing file /home/airflow/.local/lib/python3.11/site-packages/airflow/example_dags/example_branch_labels.py for tasks to queue
[2024-02-27T15:05:50.093+0000] {logging_mixin.py:188} INFO - [2024-02-27T15:05:50.093+0000] {dagbag.py:540} INFO - Filling up the DagBag from /home/airflow/.local/lib/python3.11/site-packages/airflow/example_dags/example_branch_labels.py
[2024-02-27T15:05:50.097+0000] {processor.py:840} INFO - DAG(s) 'example_branch_labels' retrieved from /home/airflow/.local/lib/python3.11/site-packages/airflow/example_dags/example_branch_labels.py
[2024-02-27T15:05:50.109+0000] {logging_mixin.py:188} INFO - [2024-02-27T15:05:50.109+0000] {dag.py:3047} INFO - Sync 1 DAGs
[2024-02-27T15:05:50.121+0000] {logging_mixin.py:188} INFO - [2024-02-27T15:05:50.121+0000] {dag.py:3834} INFO - Setting next_dagrun for example_branch_labels to 2024-02-26 00:00:00+00:00, run_after=2024-02-27 00:00:00+00:00
[2024-02-27T15:05:50.133+0000] {processor.py:183} INFO - Processing /home/airflow/.local/lib/python3.11/site-packages/airflow/example_dags/example_branch_labels.py took 0.044 seconds
[2024-02-27T15:06:20.851+0000] {processor.py:161} INFO - Started process (PID=230) to work on /home/airflow/.local/lib/python3.11/site-packages/airflow/example_dags/example_branch_labels.py
[2024-02-27T15:06:20.852+0000] {processor.py:830} INFO - Processing file /home/airflow/.local/lib/python3.11/site-packages/airflow/example_dags/example_branch_labels.py for tasks to queue
[2024-02-27T15:06:20.853+0000] {logging_mixin.py:188} INFO - [2024-02-27T15:06:20.853+0000] {dagbag.py:540} INFO - Filling up the DagBag from /home/airflow/.local/lib/python3.11/site-packages/airflow/example_dags/example_branch_labels.py
[2024-02-27T15:06:20.857+0000] {processor.py:840} INFO - DAG(s) 'example_branch_labels' retrieved from /home/airflow/.local/lib/python3.11/site-packages/airflow/example_dags/example_branch_labels.py
[2024-02-27T15:06:20.870+0000] {logging_mixin.py:188} INFO - [2024-02-27T15:06:20.870+0000] {dag.py:3047} INFO - Sync 1 DAGs
[2024-02-27T15:06:20.884+0000] {logging_mixin.py:188} INFO - [2024-02-27T15:06:20.883+0000] {dag.py:3834} INFO - Setting next_dagrun for example_branch_labels to 2024-02-26 00:00:00+00:00, run_after=2024-02-27 00:00:00+00:00
[2024-02-27T15:06:20.893+0000] {processor.py:183} INFO - Processing /home/airflow/.local/lib/python3.11/site-packages/airflow/example_dags/example_branch_labels.py took 0.044 seconds
[2024-02-27T15:06:51.915+0000] {processor.py:161} INFO - Started process (PID=285) to work on /home/airflow/.local/lib/python3.11/site-packages/airflow/example_dags/example_branch_labels.py
[2024-02-27T15:06:51.916+0000] {processor.py:830} INFO - Processing file /home/airflow/.local/lib/python3.11/site-packages/airflow/example_dags/example_branch_labels.py for tasks to queue
[2024-02-27T15:06:51.917+0000] {logging_mixin.py:188} INFO - [2024-02-27T15:06:51.917+0000] {dagbag.py:540} INFO - Filling up the DagBag from /home/airflow/.local/lib/python3.11/site-packages/airflow/example_dags/example_branch_labels.py
[2024-02-27T15:06:51.922+0000] {processor.py:840} INFO - DAG(s) 'example_branch_labels' retrieved from /home/airflow/.local/lib/python3.11/site-packages/airflow/example_dags/example_branch_labels.py
[2024-02-27T15:06:51.936+0000] {logging_mixin.py:188} INFO - [2024-02-27T15:06:51.935+0000] {dag.py:3047} INFO - Sync 1 DAGs
[2024-02-27T15:06:51.949+0000] {logging_mixin.py:188} INFO - [2024-02-27T15:06:51.949+0000] {dag.py:3834} INFO - Setting next_dagrun for example_branch_labels to 2024-02-26 00:00:00+00:00, run_after=2024-02-27 00:00:00+00:00
[2024-02-27T15:06:51.961+0000] {processor.py:183} INFO - Processing /home/airflow/.local/lib/python3.11/site-packages/airflow/example_dags/example_branch_labels.py took 0.048 seconds
[2024-02-27T15:07:22.192+0000] {processor.py:161} INFO - Started process (PID=340) to work on /home/airflow/.local/lib/python3.11/site-packages/airflow/example_dags/example_branch_labels.py
[2024-02-27T15:07:22.193+0000] {processor.py:830} INFO - Processing file /home/airflow/.local/lib/python3.11/site-packages/airflow/example_dags/example_branch_labels.py for tasks to queue
[2024-02-27T15:07:22.194+0000] {logging_mixin.py:188} INFO - [2024-02-27T15:07:22.194+0000] {dagbag.py:540} INFO - Filling up the DagBag from /home/airflow/.local/lib/python3.11/site-packages/airflow/example_dags/example_branch_labels.py
[2024-02-27T15:07:22.199+0000] {processor.py:840} INFO - DAG(s) 'example_branch_labels' retrieved from /home/airflow/.local/lib/python3.11/site-packages/airflow/example_dags/example_branch_labels.py
[2024-02-27T15:07:22.212+0000] {logging_mixin.py:188} INFO - [2024-02-27T15:07:22.212+0000] {dag.py:3047} INFO - Sync 1 DAGs
[2024-02-27T15:07:22.225+0000] {logging_mixin.py:188} INFO - [2024-02-27T15:07:22.225+0000] {dag.py:3834} INFO - Setting next_dagrun for example_branch_labels to 2024-02-26 00:00:00+00:00, run_after=2024-02-27 00:00:00+00:00
[2024-02-27T15:07:22.236+0000] {processor.py:183} INFO - Processing /home/airflow/.local/lib/python3.11/site-packages/airflow/example_dags/example_branch_labels.py took 0.046 seconds
[2024-02-27T15:07:52.275+0000] {processor.py:161} INFO - Started process (PID=395) to work on /home/airflow/.local/lib/python3.11/site-packages/airflow/example_dags/example_branch_labels.py
[2024-02-27T15:07:52.276+0000] {processor.py:830} INFO - Processing file /home/airflow/.local/lib/python3.11/site-packages/airflow/example_dags/example_branch_labels.py for tasks to queue
[2024-02-27T15:07:52.277+0000] {logging_mixin.py:188} INFO - [2024-02-27T15:07:52.277+0000] {dagbag.py:540} INFO - Filling up the DagBag from /home/airflow/.local/lib/python3.11/site-packages/airflow/example_dags/example_branch_labels.py
[2024-02-27T15:07:52.281+0000] {processor.py:840} INFO - DAG(s) 'example_branch_labels' retrieved from /home/airflow/.local/lib/python3.11/site-packages/airflow/example_dags/example_branch_labels.py
[2024-02-27T15:07:52.293+0000] {logging_mixin.py:188} INFO - [2024-02-27T15:07:52.293+0000] {dag.py:3047} INFO - Sync 1 DAGs
[2024-02-27T15:07:52.306+0000] {logging_mixin.py:188} INFO - [2024-02-27T15:07:52.306+0000] {dag.py:3834} INFO - Setting next_dagrun for example_branch_labels to 2024-02-26 00:00:00+00:00, run_after=2024-02-27 00:00:00+00:00
[2024-02-27T15:07:52.316+0000] {processor.py:183} INFO - Processing /home/airflow/.local/lib/python3.11/site-packages/airflow/example_dags/example_branch_labels.py took 0.043 seconds
[2024-02-27T15:08:22.355+0000] {processor.py:161} INFO - Started process (PID=450) to work on /home/airflow/.local/lib/python3.11/site-packages/airflow/example_dags/example_branch_labels.py
[2024-02-27T15:08:22.356+0000] {processor.py:830} INFO - Processing file /home/airflow/.local/lib/python3.11/site-packages/airflow/example_dags/example_branch_labels.py for tasks to queue
[2024-02-27T15:08:22.357+0000] {logging_mixin.py:188} INFO - [2024-02-27T15:08:22.357+0000] {dagbag.py:540} INFO - Filling up the DagBag from /home/airflow/.local/lib/python3.11/site-packages/airflow/example_dags/example_branch_labels.py
[2024-02-27T15:08:22.361+0000] {processor.py:840} INFO - DAG(s) 'example_branch_labels' retrieved from /home/airflow/.local/lib/python3.11/site-packages/airflow/example_dags/example_branch_labels.py
[2024-02-27T15:08:22.373+0000] {logging_mixin.py:188} INFO - [2024-02-27T15:08:22.373+0000] {dag.py:3047} INFO - Sync 1 DAGs
[2024-02-27T15:08:22.386+0000] {logging_mixin.py:188} INFO - [2024-02-27T15:08:22.386+0000] {dag.py:3834} INFO - Setting next_dagrun for example_branch_labels to 2024-02-26 00:00:00+00:00, run_after=2024-02-27 00:00:00+00:00
[2024-02-27T15:08:22.396+0000] {processor.py:183} INFO - Processing /home/airflow/.local/lib/python3.11/site-packages/airflow/example_dags/example_branch_labels.py took 0.043 seconds
[2024-02-27T15:08:52.461+0000] {processor.py:161} INFO - Started process (PID=505) to work on /home/airflow/.local/lib/python3.11/site-packages/airflow/example_dags/example_branch_labels.py
[2024-02-27T15:08:52.462+0000] {processor.py:830} INFO - Processing file /home/airflow/.local/lib/python3.11/site-packages/airflow/example_dags/example_branch_labels.py for tasks to queue
[2024-02-27T15:08:52.463+0000] {logging_mixin.py:188} INFO - [2024-02-27T15:08:52.463+0000] {dagbag.py:540} INFO - Filling up the DagBag from /home/airflow/.local/lib/python3.11/site-packages/airflow/example_dags/example_branch_labels.py
[2024-02-27T15:08:52.468+0000] {processor.py:840} INFO - DAG(s) 'example_branch_labels' retrieved from /home/airflow/.local/lib/python3.11/site-packages/airflow/example_dags/example_branch_labels.py
[2024-02-27T15:08:52.480+0000] {logging_mixin.py:188} INFO - [2024-02-27T15:08:52.480+0000] {dag.py:3047} INFO - Sync 1 DAGs
[2024-02-27T15:08:52.493+0000] {logging_mixin.py:188} INFO - [2024-02-27T15:08:52.493+0000] {dag.py:3834} INFO - Setting next_dagrun for example_branch_labels to 2024-02-26 00:00:00+00:00, run_after=2024-02-27 00:00:00+00:00
[2024-02-27T15:08:52.503+0000] {processor.py:183} INFO - Processing /home/airflow/.local/lib/python3.11/site-packages/airflow/example_dags/example_branch_labels.py took 0.044 seconds
[2024-02-27T15:09:22.761+0000] {processor.py:161} INFO - Started process (PID=560) to work on /home/airflow/.local/lib/python3.11/site-packages/airflow/example_dags/example_branch_labels.py
[2024-02-27T15:09:22.762+0000] {processor.py:830} INFO - Processing file /home/airflow/.local/lib/python3.11/site-packages/airflow/example_dags/example_branch_labels.py for tasks to queue
[2024-02-27T15:09:22.763+0000] {logging_mixin.py:188} INFO - [2024-02-27T15:09:22.763+0000] {dagbag.py:540} INFO - Filling up the DagBag from /home/airflow/.local/lib/python3.11/site-packages/airflow/example_dags/example_branch_labels.py
[2024-02-27T15:09:22.768+0000] {processor.py:840} INFO - DAG(s) 'example_branch_labels' retrieved from /home/airflow/.local/lib/python3.11/site-packages/airflow/example_dags/example_branch_labels.py
[2024-02-27T15:09:22.781+0000] {logging_mixin.py:188} INFO - [2024-02-27T15:09:22.781+0000] {dag.py:3047} INFO - Sync 1 DAGs
[2024-02-27T15:09:22.794+0000] {logging_mixin.py:188} INFO - [2024-02-27T15:09:22.794+0000] {dag.py:3834} INFO - Setting next_dagrun for example_branch_labels to 2024-02-26 00:00:00+00:00, run_after=2024-02-27 00:00:00+00:00
[2024-02-27T15:09:22.805+0000] {processor.py:183} INFO - Processing /home/airflow/.local/lib/python3.11/site-packages/airflow/example_dags/example_branch_labels.py took 0.046 seconds
[2024-02-27T15:09:52.858+0000] {processor.py:161} INFO - Started process (PID=615) to work on /home/airflow/.local/lib/python3.11/site-packages/airflow/example_dags/example_branch_labels.py
[2024-02-27T15:09:52.859+0000] {processor.py:830} INFO - Processing file /home/airflow/.local/lib/python3.11/site-packages/airflow/example_dags/example_branch_labels.py for tasks to queue
[2024-02-27T15:09:52.860+0000] {logging_mixin.py:188} INFO - [2024-02-27T15:09:52.860+0000] {dagbag.py:540} INFO - Filling up the DagBag from /home/airflow/.local/lib/python3.11/site-packages/airflow/example_dags/example_branch_labels.py
[2024-02-27T15:09:52.865+0000] {processor.py:840} INFO - DAG(s) 'example_branch_labels' retrieved from /home/airflow/.local/lib/python3.11/site-packages/airflow/example_dags/example_branch_labels.py
[2024-02-27T15:09:52.877+0000] {logging_mixin.py:188} INFO - [2024-02-27T15:09:52.877+0000] {dag.py:3047} INFO - Sync 1 DAGs
[2024-02-27T15:09:52.889+0000] {logging_mixin.py:188} INFO - [2024-02-27T15:09:52.889+0000] {dag.py:3834} INFO - Setting next_dagrun for example_branch_labels to 2024-02-26 00:00:00+00:00, run_after=2024-02-27 00:00:00+00:00
[2024-02-27T15:09:52.900+0000] {processor.py:183} INFO - Processing /home/airflow/.local/lib/python3.11/site-packages/airflow/example_dags/example_branch_labels.py took 0.044 seconds
[2024-02-27T15:10:22.922+0000] {processor.py:161} INFO - Started process (PID=670) to work on /home/airflow/.local/lib/python3.11/site-packages/airflow/example_dags/example_branch_labels.py
[2024-02-27T15:10:22.923+0000] {processor.py:830} INFO - Processing file /home/airflow/.local/lib/python3.11/site-packages/airflow/example_dags/example_branch_labels.py for tasks to queue
[2024-02-27T15:10:22.924+0000] {logging_mixin.py:188} INFO - [2024-02-27T15:10:22.924+0000] {dagbag.py:540} INFO - Filling up the DagBag from /home/airflow/.local/lib/python3.11/site-packages/airflow/example_dags/example_branch_labels.py
[2024-02-27T15:10:22.929+0000] {processor.py:840} INFO - DAG(s) 'example_branch_labels' retrieved from /home/airflow/.local/lib/python3.11/site-packages/airflow/example_dags/example_branch_labels.py
[2024-02-27T15:10:22.942+0000] {logging_mixin.py:188} INFO - [2024-02-27T15:10:22.942+0000] {dag.py:3047} INFO - Sync 1 DAGs
[2024-02-27T15:10:22.955+0000] {logging_mixin.py:188} INFO - [2024-02-27T15:10:22.955+0000] {dag.py:3834} INFO - Setting next_dagrun for example_branch_labels to 2024-02-26 00:00:00+00:00, run_after=2024-02-27 00:00:00+00:00
[2024-02-27T15:10:22.966+0000] {processor.py:183} INFO - Processing /home/airflow/.local/lib/python3.11/site-packages/airflow/example_dags/example_branch_labels.py took 0.045 seconds
[2024-02-27T15:10:53.029+0000] {processor.py:161} INFO - Started process (PID=725) to work on /home/airflow/.local/lib/python3.11/site-packages/airflow/example_dags/example_branch_labels.py
[2024-02-27T15:10:53.030+0000] {processor.py:830} INFO - Processing file /home/airflow/.local/lib/python3.11/site-packages/airflow/example_dags/example_branch_labels.py for tasks to queue
[2024-02-27T15:10:53.031+0000] {logging_mixin.py:188} INFO - [2024-02-27T15:10:53.031+0000] {dagbag.py:540} INFO - Filling up the DagBag from /home/airflow/.local/lib/python3.11/site-packages/airflow/example_dags/example_branch_labels.py
[2024-02-27T15:10:53.036+0000] {processor.py:840} INFO - DAG(s) 'example_branch_labels' retrieved from /home/airflow/.local/lib/python3.11/site-packages/airflow/example_dags/example_branch_labels.py
[2024-02-27T15:10:53.049+0000] {logging_mixin.py:188} INFO - [2024-02-27T15:10:53.049+0000] {dag.py:3047} INFO - Sync 1 DAGs
[2024-02-27T15:10:53.062+0000] {logging_mixin.py:188} INFO - [2024-02-27T15:10:53.062+0000] {dag.py:3834} INFO - Setting next_dagrun for example_branch_labels to 2024-02-26 00:00:00+00:00, run_after=2024-02-27 00:00:00+00:00
[2024-02-27T15:10:53.073+0000] {processor.py:183} INFO - Processing /home/airflow/.local/lib/python3.11/site-packages/airflow/example_dags/example_branch_labels.py took 0.046 seconds
[2024-02-27T15:11:23.263+0000] {processor.py:161} INFO - Started process (PID=780) to work on /home/airflow/.local/lib/python3.11/site-packages/airflow/example_dags/example_branch_labels.py
[2024-02-27T15:11:23.264+0000] {processor.py:830} INFO - Processing file /home/airflow/.local/lib/python3.11/site-packages/airflow/example_dags/example_branch_labels.py for tasks to queue
[2024-02-27T15:11:23.265+0000] {logging_mixin.py:188} INFO - [2024-02-27T15:11:23.265+0000] {dagbag.py:540} INFO - Filling up the DagBag from /home/airflow/.local/lib/python3.11/site-packages/airflow/example_dags/example_branch_labels.py
[2024-02-27T15:11:23.269+0000] {processor.py:840} INFO - DAG(s) 'example_branch_labels' retrieved from /home/airflow/.local/lib/python3.11/site-packages/airflow/example_dags/example_branch_labels.py
[2024-02-27T15:11:23.281+0000] {logging_mixin.py:188} INFO - [2024-02-27T15:11:23.281+0000] {dag.py:3047} INFO - Sync 1 DAGs
[2024-02-27T15:11:23.294+0000] {logging_mixin.py:188} INFO - [2024-02-27T15:11:23.294+0000] {dag.py:3834} INFO - Setting next_dagrun for example_branch_labels to 2024-02-26 00:00:00+00:00, run_after=2024-02-27 00:00:00+00:00
[2024-02-27T15:11:23.304+0000] {processor.py:183} INFO - Processing /home/airflow/.local/lib/python3.11/site-packages/airflow/example_dags/example_branch_labels.py took 0.043 seconds
[2024-02-27T15:11:53.341+0000] {processor.py:161} INFO - Started process (PID=836) to work on /home/airflow/.local/lib/python3.11/site-packages/airflow/example_dags/example_branch_labels.py
[2024-02-27T15:11:53.342+0000] {processor.py:830} INFO - Processing file /home/airflow/.local/lib/python3.11/site-packages/airflow/example_dags/example_branch_labels.py for tasks to queue
[2024-02-27T15:11:53.343+0000] {logging_mixin.py:188} INFO - [2024-02-27T15:11:53.343+0000] {dagbag.py:540} INFO - Filling up the DagBag from /home/airflow/.local/lib/python3.11/site-packages/airflow/example_dags/example_branch_labels.py
[2024-02-27T15:11:53.348+0000] {processor.py:840} INFO - DAG(s) 'example_branch_labels' retrieved from /home/airflow/.local/lib/python3.11/site-packages/airflow/example_dags/example_branch_labels.py
[2024-02-27T15:11:53.360+0000] {logging_mixin.py:188} INFO - [2024-02-27T15:11:53.359+0000] {dag.py:3047} INFO - Sync 1 DAGs
[2024-02-27T15:11:53.372+0000] {logging_mixin.py:188} INFO - [2024-02-27T15:11:53.372+0000] {dag.py:3834} INFO - Setting next_dagrun for example_branch_labels to 2024-02-26 00:00:00+00:00, run_after=2024-02-27 00:00:00+00:00
[2024-02-27T15:11:53.382+0000] {processor.py:183} INFO - Processing /home/airflow/.local/lib/python3.11/site-packages/airflow/example_dags/example_branch_labels.py took 0.043 seconds
[2024-02-27T15:12:23.566+0000] {processor.py:161} INFO - Started process (PID=891) to work on /home/airflow/.local/lib/python3.11/site-packages/airflow/example_dags/example_branch_labels.py
[2024-02-27T15:12:23.567+0000] {processor.py:830} INFO - Processing file /home/airflow/.local/lib/python3.11/site-packages/airflow/example_dags/example_branch_labels.py for tasks to queue
[2024-02-27T15:12:23.568+0000] {logging_mixin.py:188} INFO - [2024-02-27T15:12:23.568+0000] {dagbag.py:540} INFO - Filling up the DagBag from /home/airflow/.local/lib/python3.11/site-packages/airflow/example_dags/example_branch_labels.py
[2024-02-27T15:12:23.573+0000] {processor.py:840} INFO - DAG(s) 'example_branch_labels' retrieved from /home/airflow/.local/lib/python3.11/site-packages/airflow/example_dags/example_branch_labels.py
[2024-02-27T15:12:23.585+0000] {logging_mixin.py:188} INFO - [2024-02-27T15:12:23.585+0000] {dag.py:3047} INFO - Sync 1 DAGs
[2024-02-27T15:12:23.598+0000] {logging_mixin.py:188} INFO - [2024-02-27T15:12:23.598+0000] {dag.py:3834} INFO - Setting next_dagrun for example_branch_labels to 2024-02-26 00:00:00+00:00, run_after=2024-02-27 00:00:00+00:00
[2024-02-27T15:12:23.609+0000] {processor.py:183} INFO - Processing /home/airflow/.local/lib/python3.11/site-packages/airflow/example_dags/example_branch_labels.py took 0.044 seconds
[2024-02-27T15:12:53.702+0000] {processor.py:161} INFO - Started process (PID=946) to work on /home/airflow/.local/lib/python3.11/site-packages/airflow/example_dags/example_branch_labels.py
[2024-02-27T15:12:53.703+0000] {processor.py:830} INFO - Processing file /home/airflow/.local/lib/python3.11/site-packages/airflow/example_dags/example_branch_labels.py for tasks to queue
[2024-02-27T15:12:53.705+0000] {logging_mixin.py:188} INFO - [2024-02-27T15:12:53.704+0000] {dagbag.py:540} INFO - Filling up the DagBag from /home/airflow/.local/lib/python3.11/site-packages/airflow/example_dags/example_branch_labels.py
[2024-02-27T15:12:53.709+0000] {processor.py:840} INFO - DAG(s) 'example_branch_labels' retrieved from /home/airflow/.local/lib/python3.11/site-packages/airflow/example_dags/example_branch_labels.py
[2024-02-27T15:12:53.721+0000] {logging_mixin.py:188} INFO - [2024-02-27T15:12:53.721+0000] {dag.py:3047} INFO - Sync 1 DAGs
[2024-02-27T15:12:53.734+0000] {logging_mixin.py:188} INFO - [2024-02-27T15:12:53.734+0000] {dag.py:3834} INFO - Setting next_dagrun for example_branch_labels to 2024-02-26 00:00:00+00:00, run_after=2024-02-27 00:00:00+00:00
[2024-02-27T15:12:53.745+0000] {processor.py:183} INFO - Processing /home/airflow/.local/lib/python3.11/site-packages/airflow/example_dags/example_branch_labels.py took 0.044 seconds
[2024-02-27T15:20:39.408+0000] {processor.py:161} INFO - Started process (PID=65) to work on /home/airflow/.local/lib/python3.11/site-packages/airflow/example_dags/example_branch_labels.py
[2024-02-27T15:20:39.409+0000] {processor.py:830} INFO - Processing file /home/airflow/.local/lib/python3.11/site-packages/airflow/example_dags/example_branch_labels.py for tasks to queue
[2024-02-27T15:20:39.410+0000] {logging_mixin.py:188} INFO - [2024-02-27T15:20:39.410+0000] {dagbag.py:540} INFO - Filling up the DagBag from /home/airflow/.local/lib/python3.11/site-packages/airflow/example_dags/example_branch_labels.py
[2024-02-27T15:20:39.418+0000] {processor.py:840} INFO - DAG(s) 'example_branch_labels' retrieved from /home/airflow/.local/lib/python3.11/site-packages/airflow/example_dags/example_branch_labels.py
[2024-02-27T15:20:39.441+0000] {logging_mixin.py:188} INFO - [2024-02-27T15:20:39.441+0000] {dag.py:3047} INFO - Sync 1 DAGs
[2024-02-27T15:20:39.466+0000] {logging_mixin.py:188} INFO - [2024-02-27T15:20:39.465+0000] {dag.py:3834} INFO - Setting next_dagrun for example_branch_labels to 2024-02-26 00:00:00+00:00, run_after=2024-02-27 00:00:00+00:00
[2024-02-27T15:20:39.488+0000] {processor.py:183} INFO - Processing /home/airflow/.local/lib/python3.11/site-packages/airflow/example_dags/example_branch_labels.py took 0.082 seconds
[2024-02-27T15:21:10.462+0000] {processor.py:161} INFO - Started process (PID=120) to work on /home/airflow/.local/lib/python3.11/site-packages/airflow/example_dags/example_branch_labels.py
[2024-02-27T15:21:10.463+0000] {processor.py:830} INFO - Processing file /home/airflow/.local/lib/python3.11/site-packages/airflow/example_dags/example_branch_labels.py for tasks to queue
[2024-02-27T15:21:10.464+0000] {logging_mixin.py:188} INFO - [2024-02-27T15:21:10.464+0000] {dagbag.py:540} INFO - Filling up the DagBag from /home/airflow/.local/lib/python3.11/site-packages/airflow/example_dags/example_branch_labels.py
[2024-02-27T15:21:10.468+0000] {processor.py:840} INFO - DAG(s) 'example_branch_labels' retrieved from /home/airflow/.local/lib/python3.11/site-packages/airflow/example_dags/example_branch_labels.py
[2024-02-27T15:21:10.546+0000] {logging_mixin.py:188} INFO - [2024-02-27T15:21:10.546+0000] {dag.py:3047} INFO - Sync 1 DAGs
[2024-02-27T15:21:10.565+0000] {logging_mixin.py:188} INFO - [2024-02-27T15:21:10.565+0000] {dag.py:3834} INFO - Setting next_dagrun for example_branch_labels to 2024-02-26 00:00:00+00:00, run_after=2024-02-27 00:00:00+00:00
[2024-02-27T15:21:10.581+0000] {processor.py:183} INFO - Processing /home/airflow/.local/lib/python3.11/site-packages/airflow/example_dags/example_branch_labels.py took 0.121 seconds
