[2024-02-27T15:04:48.208+0000] {processor.py:161} INFO - Started process (PID=40) to work on /home/airflow/.local/lib/python3.11/site-packages/airflow/example_dags/example_complex.py
[2024-02-27T15:04:48.209+0000] {processor.py:830} INFO - Processing file /home/airflow/.local/lib/python3.11/site-packages/airflow/example_dags/example_complex.py for tasks to queue
[2024-02-27T15:04:48.210+0000] {logging_mixin.py:188} INFO - [2024-02-27T15:04:48.210+0000] {dagbag.py:540} INFO - Filling up the DagBag from /home/airflow/.local/lib/python3.11/site-packages/airflow/example_dags/example_complex.py
[2024-02-27T15:04:48.222+0000] {processor.py:840} INFO - DAG(s) 'example_complex' retrieved from /home/airflow/.local/lib/python3.11/site-packages/airflow/example_dags/example_complex.py
[2024-02-27T15:04:48.238+0000] {logging_mixin.py:188} INFO - [2024-02-27T15:04:48.238+0000] {dag.py:3047} INFO - Sync 1 DAGs
[2024-02-27T15:04:48.247+0000] {logging_mixin.py:188} INFO - [2024-02-27T15:04:48.247+0000] {dag.py:3834} INFO - Setting next_dagrun for example_complex to None, run_after=None
[2024-02-27T15:04:48.260+0000] {processor.py:183} INFO - Processing /home/airflow/.local/lib/python3.11/site-packages/airflow/example_dags/example_complex.py took 0.054 seconds
[2024-02-27T15:05:18.328+0000] {processor.py:161} INFO - Started process (PID=95) to work on /home/airflow/.local/lib/python3.11/site-packages/airflow/example_dags/example_complex.py
[2024-02-27T15:05:18.329+0000] {processor.py:830} INFO - Processing file /home/airflow/.local/lib/python3.11/site-packages/airflow/example_dags/example_complex.py for tasks to queue
[2024-02-27T15:05:18.330+0000] {logging_mixin.py:188} INFO - [2024-02-27T15:05:18.330+0000] {dagbag.py:540} INFO - Filling up the DagBag from /home/airflow/.local/lib/python3.11/site-packages/airflow/example_dags/example_complex.py
[2024-02-27T15:05:18.336+0000] {processor.py:840} INFO - DAG(s) 'example_complex' retrieved from /home/airflow/.local/lib/python3.11/site-packages/airflow/example_dags/example_complex.py
[2024-02-27T15:05:18.452+0000] {logging_mixin.py:188} INFO - [2024-02-27T15:05:18.452+0000] {dag.py:3047} INFO - Sync 1 DAGs
[2024-02-27T15:05:18.460+0000] {logging_mixin.py:188} INFO - [2024-02-27T15:05:18.460+0000] {dag.py:3834} INFO - Setting next_dagrun for example_complex to None, run_after=None
[2024-02-27T15:05:18.472+0000] {processor.py:183} INFO - Processing /home/airflow/.local/lib/python3.11/site-packages/airflow/example_dags/example_complex.py took 0.146 seconds
[2024-02-27T15:05:49.176+0000] {processor.py:161} INFO - Started process (PID=150) to work on /home/airflow/.local/lib/python3.11/site-packages/airflow/example_dags/example_complex.py
[2024-02-27T15:05:49.177+0000] {processor.py:830} INFO - Processing file /home/airflow/.local/lib/python3.11/site-packages/airflow/example_dags/example_complex.py for tasks to queue
[2024-02-27T15:05:49.179+0000] {logging_mixin.py:188} INFO - [2024-02-27T15:05:49.178+0000] {dagbag.py:540} INFO - Filling up the DagBag from /home/airflow/.local/lib/python3.11/site-packages/airflow/example_dags/example_complex.py
[2024-02-27T15:05:49.186+0000] {processor.py:840} INFO - DAG(s) 'example_complex' retrieved from /home/airflow/.local/lib/python3.11/site-packages/airflow/example_dags/example_complex.py
[2024-02-27T15:05:49.205+0000] {logging_mixin.py:188} INFO - [2024-02-27T15:05:49.205+0000] {dag.py:3047} INFO - Sync 1 DAGs
[2024-02-27T15:05:49.214+0000] {logging_mixin.py:188} INFO - [2024-02-27T15:05:49.214+0000] {dag.py:3834} INFO - Setting next_dagrun for example_complex to None, run_after=None
[2024-02-27T15:05:49.229+0000] {processor.py:183} INFO - Processing /home/airflow/.local/lib/python3.11/site-packages/airflow/example_dags/example_complex.py took 0.055 seconds
[2024-02-27T15:06:19.948+0000] {processor.py:161} INFO - Started process (PID=205) to work on /home/airflow/.local/lib/python3.11/site-packages/airflow/example_dags/example_complex.py
[2024-02-27T15:06:19.949+0000] {processor.py:830} INFO - Processing file /home/airflow/.local/lib/python3.11/site-packages/airflow/example_dags/example_complex.py for tasks to queue
[2024-02-27T15:06:19.950+0000] {logging_mixin.py:188} INFO - [2024-02-27T15:06:19.950+0000] {dagbag.py:540} INFO - Filling up the DagBag from /home/airflow/.local/lib/python3.11/site-packages/airflow/example_dags/example_complex.py
[2024-02-27T15:06:19.956+0000] {processor.py:840} INFO - DAG(s) 'example_complex' retrieved from /home/airflow/.local/lib/python3.11/site-packages/airflow/example_dags/example_complex.py
[2024-02-27T15:06:19.974+0000] {logging_mixin.py:188} INFO - [2024-02-27T15:06:19.974+0000] {dag.py:3047} INFO - Sync 1 DAGs
[2024-02-27T15:06:19.981+0000] {logging_mixin.py:188} INFO - [2024-02-27T15:06:19.981+0000] {dag.py:3834} INFO - Setting next_dagrun for example_complex to None, run_after=None
[2024-02-27T15:06:19.994+0000] {processor.py:183} INFO - Processing /home/airflow/.local/lib/python3.11/site-packages/airflow/example_dags/example_complex.py took 0.049 seconds
[2024-02-27T15:06:50.870+0000] {processor.py:161} INFO - Started process (PID=260) to work on /home/airflow/.local/lib/python3.11/site-packages/airflow/example_dags/example_complex.py
[2024-02-27T15:06:50.871+0000] {processor.py:830} INFO - Processing file /home/airflow/.local/lib/python3.11/site-packages/airflow/example_dags/example_complex.py for tasks to queue
[2024-02-27T15:06:50.872+0000] {logging_mixin.py:188} INFO - [2024-02-27T15:06:50.872+0000] {dagbag.py:540} INFO - Filling up the DagBag from /home/airflow/.local/lib/python3.11/site-packages/airflow/example_dags/example_complex.py
[2024-02-27T15:06:50.879+0000] {processor.py:840} INFO - DAG(s) 'example_complex' retrieved from /home/airflow/.local/lib/python3.11/site-packages/airflow/example_dags/example_complex.py
[2024-02-27T15:06:50.896+0000] {logging_mixin.py:188} INFO - [2024-02-27T15:06:50.896+0000] {dag.py:3047} INFO - Sync 1 DAGs
[2024-02-27T15:06:50.905+0000] {logging_mixin.py:188} INFO - [2024-02-27T15:06:50.904+0000] {dag.py:3834} INFO - Setting next_dagrun for example_complex to None, run_after=None
[2024-02-27T15:06:50.916+0000] {processor.py:183} INFO - Processing /home/airflow/.local/lib/python3.11/site-packages/airflow/example_dags/example_complex.py took 0.047 seconds
[2024-02-27T15:07:20.962+0000] {processor.py:161} INFO - Started process (PID=315) to work on /home/airflow/.local/lib/python3.11/site-packages/airflow/example_dags/example_complex.py
[2024-02-27T15:07:20.962+0000] {processor.py:830} INFO - Processing file /home/airflow/.local/lib/python3.11/site-packages/airflow/example_dags/example_complex.py for tasks to queue
[2024-02-27T15:07:20.963+0000] {logging_mixin.py:188} INFO - [2024-02-27T15:07:20.963+0000] {dagbag.py:540} INFO - Filling up the DagBag from /home/airflow/.local/lib/python3.11/site-packages/airflow/example_dags/example_complex.py
[2024-02-27T15:07:20.969+0000] {processor.py:840} INFO - DAG(s) 'example_complex' retrieved from /home/airflow/.local/lib/python3.11/site-packages/airflow/example_dags/example_complex.py
[2024-02-27T15:07:20.985+0000] {logging_mixin.py:188} INFO - [2024-02-27T15:07:20.985+0000] {dag.py:3047} INFO - Sync 1 DAGs
[2024-02-27T15:07:20.992+0000] {logging_mixin.py:188} INFO - [2024-02-27T15:07:20.992+0000] {dag.py:3834} INFO - Setting next_dagrun for example_complex to None, run_after=None
[2024-02-27T15:07:21.003+0000] {processor.py:183} INFO - Processing /home/airflow/.local/lib/python3.11/site-packages/airflow/example_dags/example_complex.py took 0.043 seconds
[2024-02-27T15:07:51.151+0000] {processor.py:161} INFO - Started process (PID=370) to work on /home/airflow/.local/lib/python3.11/site-packages/airflow/example_dags/example_complex.py
[2024-02-27T15:07:51.152+0000] {processor.py:830} INFO - Processing file /home/airflow/.local/lib/python3.11/site-packages/airflow/example_dags/example_complex.py for tasks to queue
[2024-02-27T15:07:51.153+0000] {logging_mixin.py:188} INFO - [2024-02-27T15:07:51.153+0000] {dagbag.py:540} INFO - Filling up the DagBag from /home/airflow/.local/lib/python3.11/site-packages/airflow/example_dags/example_complex.py
[2024-02-27T15:07:51.159+0000] {processor.py:840} INFO - DAG(s) 'example_complex' retrieved from /home/airflow/.local/lib/python3.11/site-packages/airflow/example_dags/example_complex.py
[2024-02-27T15:07:51.176+0000] {logging_mixin.py:188} INFO - [2024-02-27T15:07:51.176+0000] {dag.py:3047} INFO - Sync 1 DAGs
[2024-02-27T15:07:51.183+0000] {logging_mixin.py:188} INFO - [2024-02-27T15:07:51.182+0000] {dag.py:3834} INFO - Setting next_dagrun for example_complex to None, run_after=None
[2024-02-27T15:07:51.195+0000] {processor.py:183} INFO - Processing /home/airflow/.local/lib/python3.11/site-packages/airflow/example_dags/example_complex.py took 0.046 seconds
[2024-02-27T15:08:21.276+0000] {processor.py:161} INFO - Started process (PID=425) to work on /home/airflow/.local/lib/python3.11/site-packages/airflow/example_dags/example_complex.py
[2024-02-27T15:08:21.276+0000] {processor.py:830} INFO - Processing file /home/airflow/.local/lib/python3.11/site-packages/airflow/example_dags/example_complex.py for tasks to queue
[2024-02-27T15:08:21.278+0000] {logging_mixin.py:188} INFO - [2024-02-27T15:08:21.277+0000] {dagbag.py:540} INFO - Filling up the DagBag from /home/airflow/.local/lib/python3.11/site-packages/airflow/example_dags/example_complex.py
[2024-02-27T15:08:21.283+0000] {processor.py:840} INFO - DAG(s) 'example_complex' retrieved from /home/airflow/.local/lib/python3.11/site-packages/airflow/example_dags/example_complex.py
[2024-02-27T15:08:21.300+0000] {logging_mixin.py:188} INFO - [2024-02-27T15:08:21.299+0000] {dag.py:3047} INFO - Sync 1 DAGs
[2024-02-27T15:08:21.307+0000] {logging_mixin.py:188} INFO - [2024-02-27T15:08:21.306+0000] {dag.py:3834} INFO - Setting next_dagrun for example_complex to None, run_after=None
[2024-02-27T15:08:21.318+0000] {processor.py:183} INFO - Processing /home/airflow/.local/lib/python3.11/site-packages/airflow/example_dags/example_complex.py took 0.044 seconds
[2024-02-27T15:08:51.437+0000] {processor.py:161} INFO - Started process (PID=480) to work on /home/airflow/.local/lib/python3.11/site-packages/airflow/example_dags/example_complex.py
[2024-02-27T15:08:51.438+0000] {processor.py:830} INFO - Processing file /home/airflow/.local/lib/python3.11/site-packages/airflow/example_dags/example_complex.py for tasks to queue
[2024-02-27T15:08:51.439+0000] {logging_mixin.py:188} INFO - [2024-02-27T15:08:51.439+0000] {dagbag.py:540} INFO - Filling up the DagBag from /home/airflow/.local/lib/python3.11/site-packages/airflow/example_dags/example_complex.py
[2024-02-27T15:08:51.445+0000] {processor.py:840} INFO - DAG(s) 'example_complex' retrieved from /home/airflow/.local/lib/python3.11/site-packages/airflow/example_dags/example_complex.py
[2024-02-27T15:08:51.464+0000] {logging_mixin.py:188} INFO - [2024-02-27T15:08:51.464+0000] {dag.py:3047} INFO - Sync 1 DAGs
[2024-02-27T15:08:51.471+0000] {logging_mixin.py:188} INFO - [2024-02-27T15:08:51.471+0000] {dag.py:3834} INFO - Setting next_dagrun for example_complex to None, run_after=None
[2024-02-27T15:08:51.483+0000] {processor.py:183} INFO - Processing /home/airflow/.local/lib/python3.11/site-packages/airflow/example_dags/example_complex.py took 0.048 seconds
[2024-02-27T15:09:21.526+0000] {processor.py:161} INFO - Started process (PID=535) to work on /home/airflow/.local/lib/python3.11/site-packages/airflow/example_dags/example_complex.py
[2024-02-27T15:09:21.527+0000] {processor.py:830} INFO - Processing file /home/airflow/.local/lib/python3.11/site-packages/airflow/example_dags/example_complex.py for tasks to queue
[2024-02-27T15:09:21.528+0000] {logging_mixin.py:188} INFO - [2024-02-27T15:09:21.528+0000] {dagbag.py:540} INFO - Filling up the DagBag from /home/airflow/.local/lib/python3.11/site-packages/airflow/example_dags/example_complex.py
[2024-02-27T15:09:21.535+0000] {processor.py:840} INFO - DAG(s) 'example_complex' retrieved from /home/airflow/.local/lib/python3.11/site-packages/airflow/example_dags/example_complex.py
[2024-02-27T15:09:21.553+0000] {logging_mixin.py:188} INFO - [2024-02-27T15:09:21.553+0000] {dag.py:3047} INFO - Sync 1 DAGs
[2024-02-27T15:09:21.561+0000] {logging_mixin.py:188} INFO - [2024-02-27T15:09:21.561+0000] {dag.py:3834} INFO - Setting next_dagrun for example_complex to None, run_after=None
[2024-02-27T15:09:21.574+0000] {processor.py:183} INFO - Processing /home/airflow/.local/lib/python3.11/site-packages/airflow/example_dags/example_complex.py took 0.050 seconds
[2024-02-27T15:09:51.780+0000] {processor.py:161} INFO - Started process (PID=590) to work on /home/airflow/.local/lib/python3.11/site-packages/airflow/example_dags/example_complex.py
[2024-02-27T15:09:51.781+0000] {processor.py:830} INFO - Processing file /home/airflow/.local/lib/python3.11/site-packages/airflow/example_dags/example_complex.py for tasks to queue
[2024-02-27T15:09:51.783+0000] {logging_mixin.py:188} INFO - [2024-02-27T15:09:51.782+0000] {dagbag.py:540} INFO - Filling up the DagBag from /home/airflow/.local/lib/python3.11/site-packages/airflow/example_dags/example_complex.py
[2024-02-27T15:09:51.789+0000] {processor.py:840} INFO - DAG(s) 'example_complex' retrieved from /home/airflow/.local/lib/python3.11/site-packages/airflow/example_dags/example_complex.py
[2024-02-27T15:09:51.807+0000] {logging_mixin.py:188} INFO - [2024-02-27T15:09:51.807+0000] {dag.py:3047} INFO - Sync 1 DAGs
[2024-02-27T15:09:51.814+0000] {logging_mixin.py:188} INFO - [2024-02-27T15:09:51.814+0000] {dag.py:3834} INFO - Setting next_dagrun for example_complex to None, run_after=None
[2024-02-27T15:09:51.827+0000] {processor.py:183} INFO - Processing /home/airflow/.local/lib/python3.11/site-packages/airflow/example_dags/example_complex.py took 0.048 seconds
[2024-02-27T15:10:21.895+0000] {processor.py:161} INFO - Started process (PID=645) to work on /home/airflow/.local/lib/python3.11/site-packages/airflow/example_dags/example_complex.py
[2024-02-27T15:10:21.895+0000] {processor.py:830} INFO - Processing file /home/airflow/.local/lib/python3.11/site-packages/airflow/example_dags/example_complex.py for tasks to queue
[2024-02-27T15:10:21.897+0000] {logging_mixin.py:188} INFO - [2024-02-27T15:10:21.896+0000] {dagbag.py:540} INFO - Filling up the DagBag from /home/airflow/.local/lib/python3.11/site-packages/airflow/example_dags/example_complex.py
[2024-02-27T15:10:21.903+0000] {processor.py:840} INFO - DAG(s) 'example_complex' retrieved from /home/airflow/.local/lib/python3.11/site-packages/airflow/example_dags/example_complex.py
[2024-02-27T15:10:21.922+0000] {logging_mixin.py:188} INFO - [2024-02-27T15:10:21.921+0000] {dag.py:3047} INFO - Sync 1 DAGs
[2024-02-27T15:10:21.929+0000] {logging_mixin.py:188} INFO - [2024-02-27T15:10:21.929+0000] {dag.py:3834} INFO - Setting next_dagrun for example_complex to None, run_after=None
[2024-02-27T15:10:21.941+0000] {processor.py:183} INFO - Processing /home/airflow/.local/lib/python3.11/site-packages/airflow/example_dags/example_complex.py took 0.048 seconds
[2024-02-27T15:10:52.085+0000] {processor.py:161} INFO - Started process (PID=700) to work on /home/airflow/.local/lib/python3.11/site-packages/airflow/example_dags/example_complex.py
[2024-02-27T15:10:52.086+0000] {processor.py:830} INFO - Processing file /home/airflow/.local/lib/python3.11/site-packages/airflow/example_dags/example_complex.py for tasks to queue
[2024-02-27T15:10:52.087+0000] {logging_mixin.py:188} INFO - [2024-02-27T15:10:52.087+0000] {dagbag.py:540} INFO - Filling up the DagBag from /home/airflow/.local/lib/python3.11/site-packages/airflow/example_dags/example_complex.py
[2024-02-27T15:10:52.093+0000] {processor.py:840} INFO - DAG(s) 'example_complex' retrieved from /home/airflow/.local/lib/python3.11/site-packages/airflow/example_dags/example_complex.py
[2024-02-27T15:10:52.111+0000] {logging_mixin.py:188} INFO - [2024-02-27T15:10:52.110+0000] {dag.py:3047} INFO - Sync 1 DAGs
[2024-02-27T15:10:52.118+0000] {logging_mixin.py:188} INFO - [2024-02-27T15:10:52.117+0000] {dag.py:3834} INFO - Setting next_dagrun for example_complex to None, run_after=None
[2024-02-27T15:10:52.128+0000] {processor.py:183} INFO - Processing /home/airflow/.local/lib/python3.11/site-packages/airflow/example_dags/example_complex.py took 0.045 seconds
[2024-02-27T15:11:22.170+0000] {processor.py:161} INFO - Started process (PID=755) to work on /home/airflow/.local/lib/python3.11/site-packages/airflow/example_dags/example_complex.py
[2024-02-27T15:11:22.170+0000] {processor.py:830} INFO - Processing file /home/airflow/.local/lib/python3.11/site-packages/airflow/example_dags/example_complex.py for tasks to queue
[2024-02-27T15:11:22.171+0000] {logging_mixin.py:188} INFO - [2024-02-27T15:11:22.171+0000] {dagbag.py:540} INFO - Filling up the DagBag from /home/airflow/.local/lib/python3.11/site-packages/airflow/example_dags/example_complex.py
[2024-02-27T15:11:22.177+0000] {processor.py:840} INFO - DAG(s) 'example_complex' retrieved from /home/airflow/.local/lib/python3.11/site-packages/airflow/example_dags/example_complex.py
[2024-02-27T15:11:22.195+0000] {logging_mixin.py:188} INFO - [2024-02-27T15:11:22.195+0000] {dag.py:3047} INFO - Sync 1 DAGs
[2024-02-27T15:11:22.202+0000] {logging_mixin.py:188} INFO - [2024-02-27T15:11:22.202+0000] {dag.py:3834} INFO - Setting next_dagrun for example_complex to None, run_after=None
[2024-02-27T15:11:22.214+0000] {processor.py:183} INFO - Processing /home/airflow/.local/lib/python3.11/site-packages/airflow/example_dags/example_complex.py took 0.046 seconds
[2024-02-27T15:11:52.287+0000] {processor.py:161} INFO - Started process (PID=811) to work on /home/airflow/.local/lib/python3.11/site-packages/airflow/example_dags/example_complex.py
[2024-02-27T15:11:52.287+0000] {processor.py:830} INFO - Processing file /home/airflow/.local/lib/python3.11/site-packages/airflow/example_dags/example_complex.py for tasks to queue
[2024-02-27T15:11:52.288+0000] {logging_mixin.py:188} INFO - [2024-02-27T15:11:52.288+0000] {dagbag.py:540} INFO - Filling up the DagBag from /home/airflow/.local/lib/python3.11/site-packages/airflow/example_dags/example_complex.py
[2024-02-27T15:11:52.295+0000] {processor.py:840} INFO - DAG(s) 'example_complex' retrieved from /home/airflow/.local/lib/python3.11/site-packages/airflow/example_dags/example_complex.py
[2024-02-27T15:11:52.312+0000] {logging_mixin.py:188} INFO - [2024-02-27T15:11:52.312+0000] {dag.py:3047} INFO - Sync 1 DAGs
[2024-02-27T15:11:52.319+0000] {logging_mixin.py:188} INFO - [2024-02-27T15:11:52.319+0000] {dag.py:3834} INFO - Setting next_dagrun for example_complex to None, run_after=None
[2024-02-27T15:11:52.331+0000] {processor.py:183} INFO - Processing /home/airflow/.local/lib/python3.11/site-packages/airflow/example_dags/example_complex.py took 0.046 seconds
[2024-02-27T15:12:22.400+0000] {processor.py:161} INFO - Started process (PID=866) to work on /home/airflow/.local/lib/python3.11/site-packages/airflow/example_dags/example_complex.py
[2024-02-27T15:12:22.401+0000] {processor.py:830} INFO - Processing file /home/airflow/.local/lib/python3.11/site-packages/airflow/example_dags/example_complex.py for tasks to queue
[2024-02-27T15:12:22.402+0000] {logging_mixin.py:188} INFO - [2024-02-27T15:12:22.402+0000] {dagbag.py:540} INFO - Filling up the DagBag from /home/airflow/.local/lib/python3.11/site-packages/airflow/example_dags/example_complex.py
[2024-02-27T15:12:22.408+0000] {processor.py:840} INFO - DAG(s) 'example_complex' retrieved from /home/airflow/.local/lib/python3.11/site-packages/airflow/example_dags/example_complex.py
[2024-02-27T15:12:22.426+0000] {logging_mixin.py:188} INFO - [2024-02-27T15:12:22.426+0000] {dag.py:3047} INFO - Sync 1 DAGs
[2024-02-27T15:12:22.435+0000] {logging_mixin.py:188} INFO - [2024-02-27T15:12:22.435+0000] {dag.py:3834} INFO - Setting next_dagrun for example_complex to None, run_after=None
[2024-02-27T15:12:22.451+0000] {processor.py:183} INFO - Processing /home/airflow/.local/lib/python3.11/site-packages/airflow/example_dags/example_complex.py took 0.053 seconds
[2024-02-27T15:12:52.555+0000] {processor.py:161} INFO - Started process (PID=921) to work on /home/airflow/.local/lib/python3.11/site-packages/airflow/example_dags/example_complex.py
[2024-02-27T15:12:52.556+0000] {processor.py:830} INFO - Processing file /home/airflow/.local/lib/python3.11/site-packages/airflow/example_dags/example_complex.py for tasks to queue
[2024-02-27T15:12:52.557+0000] {logging_mixin.py:188} INFO - [2024-02-27T15:12:52.557+0000] {dagbag.py:540} INFO - Filling up the DagBag from /home/airflow/.local/lib/python3.11/site-packages/airflow/example_dags/example_complex.py
[2024-02-27T15:12:52.563+0000] {processor.py:840} INFO - DAG(s) 'example_complex' retrieved from /home/airflow/.local/lib/python3.11/site-packages/airflow/example_dags/example_complex.py
[2024-02-27T15:12:52.582+0000] {logging_mixin.py:188} INFO - [2024-02-27T15:12:52.582+0000] {dag.py:3047} INFO - Sync 1 DAGs
[2024-02-27T15:12:52.590+0000] {logging_mixin.py:188} INFO - [2024-02-27T15:12:52.589+0000] {dag.py:3834} INFO - Setting next_dagrun for example_complex to None, run_after=None
[2024-02-27T15:12:52.604+0000] {processor.py:183} INFO - Processing /home/airflow/.local/lib/python3.11/site-packages/airflow/example_dags/example_complex.py took 0.050 seconds
[2024-02-27T15:20:38.036+0000] {processor.py:161} INFO - Started process (PID=40) to work on /home/airflow/.local/lib/python3.11/site-packages/airflow/example_dags/example_complex.py
[2024-02-27T15:20:38.037+0000] {processor.py:830} INFO - Processing file /home/airflow/.local/lib/python3.11/site-packages/airflow/example_dags/example_complex.py for tasks to queue
[2024-02-27T15:20:38.039+0000] {logging_mixin.py:188} INFO - [2024-02-27T15:20:38.038+0000] {dagbag.py:540} INFO - Filling up the DagBag from /home/airflow/.local/lib/python3.11/site-packages/airflow/example_dags/example_complex.py
[2024-02-27T15:20:38.052+0000] {processor.py:840} INFO - DAG(s) 'example_complex' retrieved from /home/airflow/.local/lib/python3.11/site-packages/airflow/example_dags/example_complex.py
[2024-02-27T15:20:38.088+0000] {logging_mixin.py:188} INFO - [2024-02-27T15:20:38.087+0000] {dag.py:3047} INFO - Sync 1 DAGs
[2024-02-27T15:20:38.105+0000] {logging_mixin.py:188} INFO - [2024-02-27T15:20:38.105+0000] {dag.py:3834} INFO - Setting next_dagrun for example_complex to None, run_after=None
[2024-02-27T15:20:38.138+0000] {processor.py:183} INFO - Processing /home/airflow/.local/lib/python3.11/site-packages/airflow/example_dags/example_complex.py took 0.104 seconds
[2024-02-27T15:21:08.433+0000] {processor.py:161} INFO - Started process (PID=95) to work on /home/airflow/.local/lib/python3.11/site-packages/airflow/example_dags/example_complex.py
[2024-02-27T15:21:08.433+0000] {processor.py:830} INFO - Processing file /home/airflow/.local/lib/python3.11/site-packages/airflow/example_dags/example_complex.py for tasks to queue
[2024-02-27T15:21:08.435+0000] {logging_mixin.py:188} INFO - [2024-02-27T15:21:08.434+0000] {dagbag.py:540} INFO - Filling up the DagBag from /home/airflow/.local/lib/python3.11/site-packages/airflow/example_dags/example_complex.py
[2024-02-27T15:21:08.440+0000] {processor.py:840} INFO - DAG(s) 'example_complex' retrieved from /home/airflow/.local/lib/python3.11/site-packages/airflow/example_dags/example_complex.py
[2024-02-27T15:21:08.588+0000] {logging_mixin.py:188} INFO - [2024-02-27T15:21:08.588+0000] {dag.py:3047} INFO - Sync 1 DAGs
[2024-02-27T15:21:08.599+0000] {logging_mixin.py:188} INFO - [2024-02-27T15:21:08.599+0000] {dag.py:3834} INFO - Setting next_dagrun for example_complex to None, run_after=None
[2024-02-27T15:21:08.622+0000] {processor.py:183} INFO - Processing /home/airflow/.local/lib/python3.11/site-packages/airflow/example_dags/example_complex.py took 0.191 seconds
