[2024-02-27T15:04:49.280+0000] {processor.py:161} INFO - Started process (PID=63) to work on /home/airflow/.local/lib/python3.11/site-packages/airflow/example_dags/example_short_circuit_operator.py
[2024-02-27T15:04:49.282+0000] {processor.py:830} INFO - Processing file /home/airflow/.local/lib/python3.11/site-packages/airflow/example_dags/example_short_circuit_operator.py for tasks to queue
[2024-02-27T15:04:49.283+0000] {logging_mixin.py:188} INFO - [2024-02-27T15:04:49.283+0000] {dagbag.py:540} INFO - Filling up the DagBag from /home/airflow/.local/lib/python3.11/site-packages/airflow/example_dags/example_short_circuit_operator.py
[2024-02-27T15:04:49.290+0000] {processor.py:840} INFO - DAG(s) 'example_short_circuit_operator' retrieved from /home/airflow/.local/lib/python3.11/site-packages/airflow/example_dags/example_short_circuit_operator.py
[2024-02-27T15:04:49.299+0000] {logging_mixin.py:188} INFO - [2024-02-27T15:04:49.299+0000] {dag.py:3047} INFO - Sync 1 DAGs
[2024-02-27T15:04:49.315+0000] {logging_mixin.py:188} INFO - [2024-02-27T15:04:49.315+0000] {dag.py:3834} INFO - Setting next_dagrun for example_short_circuit_operator to 2024-02-26 00:00:00+00:00, run_after=2024-02-27 00:00:00+00:00
[2024-02-27T15:04:49.327+0000] {processor.py:183} INFO - Processing /home/airflow/.local/lib/python3.11/site-packages/airflow/example_dags/example_short_circuit_operator.py took 0.049 seconds
[2024-02-27T15:05:19.745+0000] {processor.py:161} INFO - Started process (PID=118) to work on /home/airflow/.local/lib/python3.11/site-packages/airflow/example_dags/example_short_circuit_operator.py
[2024-02-27T15:05:19.746+0000] {processor.py:830} INFO - Processing file /home/airflow/.local/lib/python3.11/site-packages/airflow/example_dags/example_short_circuit_operator.py for tasks to queue
[2024-02-27T15:05:19.747+0000] {logging_mixin.py:188} INFO - [2024-02-27T15:05:19.747+0000] {dagbag.py:540} INFO - Filling up the DagBag from /home/airflow/.local/lib/python3.11/site-packages/airflow/example_dags/example_short_circuit_operator.py
[2024-02-27T15:05:19.752+0000] {processor.py:840} INFO - DAG(s) 'example_short_circuit_operator' retrieved from /home/airflow/.local/lib/python3.11/site-packages/airflow/example_dags/example_short_circuit_operator.py
[2024-02-27T15:05:19.810+0000] {logging_mixin.py:188} INFO - [2024-02-27T15:05:19.810+0000] {dag.py:3047} INFO - Sync 1 DAGs
[2024-02-27T15:05:19.822+0000] {logging_mixin.py:188} INFO - [2024-02-27T15:05:19.822+0000] {dag.py:3834} INFO - Setting next_dagrun for example_short_circuit_operator to 2024-02-26 00:00:00+00:00, run_after=2024-02-27 00:00:00+00:00
[2024-02-27T15:05:19.833+0000] {processor.py:183} INFO - Processing /home/airflow/.local/lib/python3.11/site-packages/airflow/example_dags/example_short_circuit_operator.py took 0.089 seconds
[2024-02-27T15:05:50.031+0000] {processor.py:161} INFO - Started process (PID=173) to work on /home/airflow/.local/lib/python3.11/site-packages/airflow/example_dags/example_short_circuit_operator.py
[2024-02-27T15:05:50.032+0000] {processor.py:830} INFO - Processing file /home/airflow/.local/lib/python3.11/site-packages/airflow/example_dags/example_short_circuit_operator.py for tasks to queue
[2024-02-27T15:05:50.033+0000] {logging_mixin.py:188} INFO - [2024-02-27T15:05:50.032+0000] {dagbag.py:540} INFO - Filling up the DagBag from /home/airflow/.local/lib/python3.11/site-packages/airflow/example_dags/example_short_circuit_operator.py
[2024-02-27T15:05:50.037+0000] {processor.py:840} INFO - DAG(s) 'example_short_circuit_operator' retrieved from /home/airflow/.local/lib/python3.11/site-packages/airflow/example_dags/example_short_circuit_operator.py
[2024-02-27T15:05:50.050+0000] {logging_mixin.py:188} INFO - [2024-02-27T15:05:50.050+0000] {dag.py:3047} INFO - Sync 1 DAGs
[2024-02-27T15:05:50.064+0000] {logging_mixin.py:188} INFO - [2024-02-27T15:05:50.063+0000] {dag.py:3834} INFO - Setting next_dagrun for example_short_circuit_operator to 2024-02-26 00:00:00+00:00, run_after=2024-02-27 00:00:00+00:00
[2024-02-27T15:05:50.075+0000] {processor.py:183} INFO - Processing /home/airflow/.local/lib/python3.11/site-packages/airflow/example_dags/example_short_circuit_operator.py took 0.046 seconds
[2024-02-27T15:06:20.784+0000] {processor.py:161} INFO - Started process (PID=228) to work on /home/airflow/.local/lib/python3.11/site-packages/airflow/example_dags/example_short_circuit_operator.py
[2024-02-27T15:06:20.785+0000] {processor.py:830} INFO - Processing file /home/airflow/.local/lib/python3.11/site-packages/airflow/example_dags/example_short_circuit_operator.py for tasks to queue
[2024-02-27T15:06:20.786+0000] {logging_mixin.py:188} INFO - [2024-02-27T15:06:20.786+0000] {dagbag.py:540} INFO - Filling up the DagBag from /home/airflow/.local/lib/python3.11/site-packages/airflow/example_dags/example_short_circuit_operator.py
[2024-02-27T15:06:20.791+0000] {processor.py:840} INFO - DAG(s) 'example_short_circuit_operator' retrieved from /home/airflow/.local/lib/python3.11/site-packages/airflow/example_dags/example_short_circuit_operator.py
[2024-02-27T15:06:20.806+0000] {logging_mixin.py:188} INFO - [2024-02-27T15:06:20.805+0000] {dag.py:3047} INFO - Sync 1 DAGs
[2024-02-27T15:06:20.820+0000] {logging_mixin.py:188} INFO - [2024-02-27T15:06:20.820+0000] {dag.py:3834} INFO - Setting next_dagrun for example_short_circuit_operator to 2024-02-26 00:00:00+00:00, run_after=2024-02-27 00:00:00+00:00
[2024-02-27T15:06:20.831+0000] {processor.py:183} INFO - Processing /home/airflow/.local/lib/python3.11/site-packages/airflow/example_dags/example_short_circuit_operator.py took 0.049 seconds
[2024-02-27T15:06:51.846+0000] {processor.py:161} INFO - Started process (PID=283) to work on /home/airflow/.local/lib/python3.11/site-packages/airflow/example_dags/example_short_circuit_operator.py
[2024-02-27T15:06:51.847+0000] {processor.py:830} INFO - Processing file /home/airflow/.local/lib/python3.11/site-packages/airflow/example_dags/example_short_circuit_operator.py for tasks to queue
[2024-02-27T15:06:51.848+0000] {logging_mixin.py:188} INFO - [2024-02-27T15:06:51.848+0000] {dagbag.py:540} INFO - Filling up the DagBag from /home/airflow/.local/lib/python3.11/site-packages/airflow/example_dags/example_short_circuit_operator.py
[2024-02-27T15:06:51.853+0000] {processor.py:840} INFO - DAG(s) 'example_short_circuit_operator' retrieved from /home/airflow/.local/lib/python3.11/site-packages/airflow/example_dags/example_short_circuit_operator.py
[2024-02-27T15:06:51.866+0000] {logging_mixin.py:188} INFO - [2024-02-27T15:06:51.866+0000] {dag.py:3047} INFO - Sync 1 DAGs
[2024-02-27T15:06:51.878+0000] {logging_mixin.py:188} INFO - [2024-02-27T15:06:51.878+0000] {dag.py:3834} INFO - Setting next_dagrun for example_short_circuit_operator to 2024-02-26 00:00:00+00:00, run_after=2024-02-27 00:00:00+00:00
[2024-02-27T15:06:51.891+0000] {processor.py:183} INFO - Processing /home/airflow/.local/lib/python3.11/site-packages/airflow/example_dags/example_short_circuit_operator.py took 0.047 seconds
[2024-02-27T15:07:22.050+0000] {processor.py:161} INFO - Started process (PID=338) to work on /home/airflow/.local/lib/python3.11/site-packages/airflow/example_dags/example_short_circuit_operator.py
[2024-02-27T15:07:22.051+0000] {processor.py:830} INFO - Processing file /home/airflow/.local/lib/python3.11/site-packages/airflow/example_dags/example_short_circuit_operator.py for tasks to queue
[2024-02-27T15:07:22.052+0000] {logging_mixin.py:188} INFO - [2024-02-27T15:07:22.052+0000] {dagbag.py:540} INFO - Filling up the DagBag from /home/airflow/.local/lib/python3.11/site-packages/airflow/example_dags/example_short_circuit_operator.py
[2024-02-27T15:07:22.056+0000] {processor.py:840} INFO - DAG(s) 'example_short_circuit_operator' retrieved from /home/airflow/.local/lib/python3.11/site-packages/airflow/example_dags/example_short_circuit_operator.py
[2024-02-27T15:07:22.068+0000] {logging_mixin.py:188} INFO - [2024-02-27T15:07:22.068+0000] {dag.py:3047} INFO - Sync 1 DAGs
[2024-02-27T15:07:22.080+0000] {logging_mixin.py:188} INFO - [2024-02-27T15:07:22.080+0000] {dag.py:3834} INFO - Setting next_dagrun for example_short_circuit_operator to 2024-02-26 00:00:00+00:00, run_after=2024-02-27 00:00:00+00:00
[2024-02-27T15:07:22.091+0000] {processor.py:183} INFO - Processing /home/airflow/.local/lib/python3.11/site-packages/airflow/example_dags/example_short_circuit_operator.py took 0.043 seconds
[2024-02-27T15:07:52.139+0000] {processor.py:161} INFO - Started process (PID=393) to work on /home/airflow/.local/lib/python3.11/site-packages/airflow/example_dags/example_short_circuit_operator.py
[2024-02-27T15:07:52.142+0000] {processor.py:830} INFO - Processing file /home/airflow/.local/lib/python3.11/site-packages/airflow/example_dags/example_short_circuit_operator.py for tasks to queue
[2024-02-27T15:07:52.143+0000] {logging_mixin.py:188} INFO - [2024-02-27T15:07:52.143+0000] {dagbag.py:540} INFO - Filling up the DagBag from /home/airflow/.local/lib/python3.11/site-packages/airflow/example_dags/example_short_circuit_operator.py
[2024-02-27T15:07:52.148+0000] {processor.py:840} INFO - DAG(s) 'example_short_circuit_operator' retrieved from /home/airflow/.local/lib/python3.11/site-packages/airflow/example_dags/example_short_circuit_operator.py
[2024-02-27T15:07:52.160+0000] {logging_mixin.py:188} INFO - [2024-02-27T15:07:52.160+0000] {dag.py:3047} INFO - Sync 1 DAGs
[2024-02-27T15:07:52.172+0000] {logging_mixin.py:188} INFO - [2024-02-27T15:07:52.172+0000] {dag.py:3834} INFO - Setting next_dagrun for example_short_circuit_operator to 2024-02-26 00:00:00+00:00, run_after=2024-02-27 00:00:00+00:00
[2024-02-27T15:07:52.184+0000] {processor.py:183} INFO - Processing /home/airflow/.local/lib/python3.11/site-packages/airflow/example_dags/example_short_circuit_operator.py took 0.047 seconds
[2024-02-27T15:08:22.215+0000] {processor.py:161} INFO - Started process (PID=448) to work on /home/airflow/.local/lib/python3.11/site-packages/airflow/example_dags/example_short_circuit_operator.py
[2024-02-27T15:08:22.216+0000] {processor.py:830} INFO - Processing file /home/airflow/.local/lib/python3.11/site-packages/airflow/example_dags/example_short_circuit_operator.py for tasks to queue
[2024-02-27T15:08:22.217+0000] {logging_mixin.py:188} INFO - [2024-02-27T15:08:22.217+0000] {dagbag.py:540} INFO - Filling up the DagBag from /home/airflow/.local/lib/python3.11/site-packages/airflow/example_dags/example_short_circuit_operator.py
[2024-02-27T15:08:22.221+0000] {processor.py:840} INFO - DAG(s) 'example_short_circuit_operator' retrieved from /home/airflow/.local/lib/python3.11/site-packages/airflow/example_dags/example_short_circuit_operator.py
[2024-02-27T15:08:22.235+0000] {logging_mixin.py:188} INFO - [2024-02-27T15:08:22.234+0000] {dag.py:3047} INFO - Sync 1 DAGs
[2024-02-27T15:08:22.249+0000] {logging_mixin.py:188} INFO - [2024-02-27T15:08:22.249+0000] {dag.py:3834} INFO - Setting next_dagrun for example_short_circuit_operator to 2024-02-26 00:00:00+00:00, run_after=2024-02-27 00:00:00+00:00
[2024-02-27T15:08:22.260+0000] {processor.py:183} INFO - Processing /home/airflow/.local/lib/python3.11/site-packages/airflow/example_dags/example_short_circuit_operator.py took 0.047 seconds
[2024-02-27T15:08:52.396+0000] {processor.py:161} INFO - Started process (PID=503) to work on /home/airflow/.local/lib/python3.11/site-packages/airflow/example_dags/example_short_circuit_operator.py
[2024-02-27T15:08:52.397+0000] {processor.py:830} INFO - Processing file /home/airflow/.local/lib/python3.11/site-packages/airflow/example_dags/example_short_circuit_operator.py for tasks to queue
[2024-02-27T15:08:52.398+0000] {logging_mixin.py:188} INFO - [2024-02-27T15:08:52.398+0000] {dagbag.py:540} INFO - Filling up the DagBag from /home/airflow/.local/lib/python3.11/site-packages/airflow/example_dags/example_short_circuit_operator.py
[2024-02-27T15:08:52.403+0000] {processor.py:840} INFO - DAG(s) 'example_short_circuit_operator' retrieved from /home/airflow/.local/lib/python3.11/site-packages/airflow/example_dags/example_short_circuit_operator.py
[2024-02-27T15:08:52.416+0000] {logging_mixin.py:188} INFO - [2024-02-27T15:08:52.415+0000] {dag.py:3047} INFO - Sync 1 DAGs
[2024-02-27T15:08:52.428+0000] {logging_mixin.py:188} INFO - [2024-02-27T15:08:52.428+0000] {dag.py:3834} INFO - Setting next_dagrun for example_short_circuit_operator to 2024-02-26 00:00:00+00:00, run_after=2024-02-27 00:00:00+00:00
[2024-02-27T15:08:52.438+0000] {processor.py:183} INFO - Processing /home/airflow/.local/lib/python3.11/site-packages/airflow/example_dags/example_short_circuit_operator.py took 0.044 seconds
[2024-02-27T15:09:22.623+0000] {processor.py:161} INFO - Started process (PID=558) to work on /home/airflow/.local/lib/python3.11/site-packages/airflow/example_dags/example_short_circuit_operator.py
[2024-02-27T15:09:22.623+0000] {processor.py:830} INFO - Processing file /home/airflow/.local/lib/python3.11/site-packages/airflow/example_dags/example_short_circuit_operator.py for tasks to queue
[2024-02-27T15:09:22.625+0000] {logging_mixin.py:188} INFO - [2024-02-27T15:09:22.624+0000] {dagbag.py:540} INFO - Filling up the DagBag from /home/airflow/.local/lib/python3.11/site-packages/airflow/example_dags/example_short_circuit_operator.py
[2024-02-27T15:09:22.630+0000] {processor.py:840} INFO - DAG(s) 'example_short_circuit_operator' retrieved from /home/airflow/.local/lib/python3.11/site-packages/airflow/example_dags/example_short_circuit_operator.py
[2024-02-27T15:09:22.642+0000] {logging_mixin.py:188} INFO - [2024-02-27T15:09:22.642+0000] {dag.py:3047} INFO - Sync 1 DAGs
[2024-02-27T15:09:22.654+0000] {logging_mixin.py:188} INFO - [2024-02-27T15:09:22.654+0000] {dag.py:3834} INFO - Setting next_dagrun for example_short_circuit_operator to 2024-02-26 00:00:00+00:00, run_after=2024-02-27 00:00:00+00:00
[2024-02-27T15:09:22.666+0000] {processor.py:183} INFO - Processing /home/airflow/.local/lib/python3.11/site-packages/airflow/example_dags/example_short_circuit_operator.py took 0.045 seconds
[2024-02-27T15:09:52.729+0000] {processor.py:161} INFO - Started process (PID=613) to work on /home/airflow/.local/lib/python3.11/site-packages/airflow/example_dags/example_short_circuit_operator.py
[2024-02-27T15:09:52.730+0000] {processor.py:830} INFO - Processing file /home/airflow/.local/lib/python3.11/site-packages/airflow/example_dags/example_short_circuit_operator.py for tasks to queue
[2024-02-27T15:09:52.731+0000] {logging_mixin.py:188} INFO - [2024-02-27T15:09:52.731+0000] {dagbag.py:540} INFO - Filling up the DagBag from /home/airflow/.local/lib/python3.11/site-packages/airflow/example_dags/example_short_circuit_operator.py
[2024-02-27T15:09:52.736+0000] {processor.py:840} INFO - DAG(s) 'example_short_circuit_operator' retrieved from /home/airflow/.local/lib/python3.11/site-packages/airflow/example_dags/example_short_circuit_operator.py
[2024-02-27T15:09:52.748+0000] {logging_mixin.py:188} INFO - [2024-02-27T15:09:52.748+0000] {dag.py:3047} INFO - Sync 1 DAGs
[2024-02-27T15:09:52.761+0000] {logging_mixin.py:188} INFO - [2024-02-27T15:09:52.761+0000] {dag.py:3834} INFO - Setting next_dagrun for example_short_circuit_operator to 2024-02-26 00:00:00+00:00, run_after=2024-02-27 00:00:00+00:00
[2024-02-27T15:09:52.771+0000] {processor.py:183} INFO - Processing /home/airflow/.local/lib/python3.11/site-packages/airflow/example_dags/example_short_circuit_operator.py took 0.044 seconds
[2024-02-27T15:10:22.859+0000] {processor.py:161} INFO - Started process (PID=668) to work on /home/airflow/.local/lib/python3.11/site-packages/airflow/example_dags/example_short_circuit_operator.py
[2024-02-27T15:10:22.860+0000] {processor.py:830} INFO - Processing file /home/airflow/.local/lib/python3.11/site-packages/airflow/example_dags/example_short_circuit_operator.py for tasks to queue
[2024-02-27T15:10:22.861+0000] {logging_mixin.py:188} INFO - [2024-02-27T15:10:22.861+0000] {dagbag.py:540} INFO - Filling up the DagBag from /home/airflow/.local/lib/python3.11/site-packages/airflow/example_dags/example_short_circuit_operator.py
[2024-02-27T15:10:22.866+0000] {processor.py:840} INFO - DAG(s) 'example_short_circuit_operator' retrieved from /home/airflow/.local/lib/python3.11/site-packages/airflow/example_dags/example_short_circuit_operator.py
[2024-02-27T15:10:22.880+0000] {logging_mixin.py:188} INFO - [2024-02-27T15:10:22.879+0000] {dag.py:3047} INFO - Sync 1 DAGs
[2024-02-27T15:10:22.893+0000] {logging_mixin.py:188} INFO - [2024-02-27T15:10:22.893+0000] {dag.py:3834} INFO - Setting next_dagrun for example_short_circuit_operator to 2024-02-26 00:00:00+00:00, run_after=2024-02-27 00:00:00+00:00
[2024-02-27T15:10:22.905+0000] {processor.py:183} INFO - Processing /home/airflow/.local/lib/python3.11/site-packages/airflow/example_dags/example_short_circuit_operator.py took 0.047 seconds
[2024-02-27T15:10:52.969+0000] {processor.py:161} INFO - Started process (PID=723) to work on /home/airflow/.local/lib/python3.11/site-packages/airflow/example_dags/example_short_circuit_operator.py
[2024-02-27T15:10:52.970+0000] {processor.py:830} INFO - Processing file /home/airflow/.local/lib/python3.11/site-packages/airflow/example_dags/example_short_circuit_operator.py for tasks to queue
[2024-02-27T15:10:52.971+0000] {logging_mixin.py:188} INFO - [2024-02-27T15:10:52.971+0000] {dagbag.py:540} INFO - Filling up the DagBag from /home/airflow/.local/lib/python3.11/site-packages/airflow/example_dags/example_short_circuit_operator.py
[2024-02-27T15:10:52.976+0000] {processor.py:840} INFO - DAG(s) 'example_short_circuit_operator' retrieved from /home/airflow/.local/lib/python3.11/site-packages/airflow/example_dags/example_short_circuit_operator.py
[2024-02-27T15:10:52.990+0000] {logging_mixin.py:188} INFO - [2024-02-27T15:10:52.990+0000] {dag.py:3047} INFO - Sync 1 DAGs
[2024-02-27T15:10:53.003+0000] {logging_mixin.py:188} INFO - [2024-02-27T15:10:53.002+0000] {dag.py:3834} INFO - Setting next_dagrun for example_short_circuit_operator to 2024-02-26 00:00:00+00:00, run_after=2024-02-27 00:00:00+00:00
[2024-02-27T15:10:53.013+0000] {processor.py:183} INFO - Processing /home/airflow/.local/lib/python3.11/site-packages/airflow/example_dags/example_short_circuit_operator.py took 0.047 seconds
[2024-02-27T15:11:23.197+0000] {processor.py:161} INFO - Started process (PID=778) to work on /home/airflow/.local/lib/python3.11/site-packages/airflow/example_dags/example_short_circuit_operator.py
[2024-02-27T15:11:23.198+0000] {processor.py:830} INFO - Processing file /home/airflow/.local/lib/python3.11/site-packages/airflow/example_dags/example_short_circuit_operator.py for tasks to queue
[2024-02-27T15:11:23.199+0000] {logging_mixin.py:188} INFO - [2024-02-27T15:11:23.199+0000] {dagbag.py:540} INFO - Filling up the DagBag from /home/airflow/.local/lib/python3.11/site-packages/airflow/example_dags/example_short_circuit_operator.py
[2024-02-27T15:11:23.203+0000] {processor.py:840} INFO - DAG(s) 'example_short_circuit_operator' retrieved from /home/airflow/.local/lib/python3.11/site-packages/airflow/example_dags/example_short_circuit_operator.py
[2024-02-27T15:11:23.216+0000] {logging_mixin.py:188} INFO - [2024-02-27T15:11:23.216+0000] {dag.py:3047} INFO - Sync 1 DAGs
[2024-02-27T15:11:23.228+0000] {logging_mixin.py:188} INFO - [2024-02-27T15:11:23.228+0000] {dag.py:3834} INFO - Setting next_dagrun for example_short_circuit_operator to 2024-02-26 00:00:00+00:00, run_after=2024-02-27 00:00:00+00:00
[2024-02-27T15:11:23.239+0000] {processor.py:183} INFO - Processing /home/airflow/.local/lib/python3.11/site-packages/airflow/example_dags/example_short_circuit_operator.py took 0.044 seconds
[2024-02-27T15:11:53.275+0000] {processor.py:161} INFO - Started process (PID=834) to work on /home/airflow/.local/lib/python3.11/site-packages/airflow/example_dags/example_short_circuit_operator.py
[2024-02-27T15:11:53.276+0000] {processor.py:830} INFO - Processing file /home/airflow/.local/lib/python3.11/site-packages/airflow/example_dags/example_short_circuit_operator.py for tasks to queue
[2024-02-27T15:11:53.277+0000] {logging_mixin.py:188} INFO - [2024-02-27T15:11:53.277+0000] {dagbag.py:540} INFO - Filling up the DagBag from /home/airflow/.local/lib/python3.11/site-packages/airflow/example_dags/example_short_circuit_operator.py
[2024-02-27T15:11:53.282+0000] {processor.py:840} INFO - DAG(s) 'example_short_circuit_operator' retrieved from /home/airflow/.local/lib/python3.11/site-packages/airflow/example_dags/example_short_circuit_operator.py
[2024-02-27T15:11:53.295+0000] {logging_mixin.py:188} INFO - [2024-02-27T15:11:53.295+0000] {dag.py:3047} INFO - Sync 1 DAGs
[2024-02-27T15:11:53.307+0000] {logging_mixin.py:188} INFO - [2024-02-27T15:11:53.306+0000] {dag.py:3834} INFO - Setting next_dagrun for example_short_circuit_operator to 2024-02-26 00:00:00+00:00, run_after=2024-02-27 00:00:00+00:00
[2024-02-27T15:11:53.317+0000] {processor.py:183} INFO - Processing /home/airflow/.local/lib/python3.11/site-packages/airflow/example_dags/example_short_circuit_operator.py took 0.044 seconds
[2024-02-27T15:12:23.493+0000] {processor.py:161} INFO - Started process (PID=889) to work on /home/airflow/.local/lib/python3.11/site-packages/airflow/example_dags/example_short_circuit_operator.py
[2024-02-27T15:12:23.494+0000] {processor.py:830} INFO - Processing file /home/airflow/.local/lib/python3.11/site-packages/airflow/example_dags/example_short_circuit_operator.py for tasks to queue
[2024-02-27T15:12:23.495+0000] {logging_mixin.py:188} INFO - [2024-02-27T15:12:23.495+0000] {dagbag.py:540} INFO - Filling up the DagBag from /home/airflow/.local/lib/python3.11/site-packages/airflow/example_dags/example_short_circuit_operator.py
[2024-02-27T15:12:23.500+0000] {processor.py:840} INFO - DAG(s) 'example_short_circuit_operator' retrieved from /home/airflow/.local/lib/python3.11/site-packages/airflow/example_dags/example_short_circuit_operator.py
[2024-02-27T15:12:23.513+0000] {logging_mixin.py:188} INFO - [2024-02-27T15:12:23.513+0000] {dag.py:3047} INFO - Sync 1 DAGs
[2024-02-27T15:12:23.526+0000] {logging_mixin.py:188} INFO - [2024-02-27T15:12:23.526+0000] {dag.py:3834} INFO - Setting next_dagrun for example_short_circuit_operator to 2024-02-26 00:00:00+00:00, run_after=2024-02-27 00:00:00+00:00
[2024-02-27T15:12:23.537+0000] {processor.py:183} INFO - Processing /home/airflow/.local/lib/python3.11/site-packages/airflow/example_dags/example_short_circuit_operator.py took 0.046 seconds
[2024-02-27T15:12:53.639+0000] {processor.py:161} INFO - Started process (PID=944) to work on /home/airflow/.local/lib/python3.11/site-packages/airflow/example_dags/example_short_circuit_operator.py
[2024-02-27T15:12:53.639+0000] {processor.py:830} INFO - Processing file /home/airflow/.local/lib/python3.11/site-packages/airflow/example_dags/example_short_circuit_operator.py for tasks to queue
[2024-02-27T15:12:53.641+0000] {logging_mixin.py:188} INFO - [2024-02-27T15:12:53.641+0000] {dagbag.py:540} INFO - Filling up the DagBag from /home/airflow/.local/lib/python3.11/site-packages/airflow/example_dags/example_short_circuit_operator.py
[2024-02-27T15:12:53.645+0000] {processor.py:840} INFO - DAG(s) 'example_short_circuit_operator' retrieved from /home/airflow/.local/lib/python3.11/site-packages/airflow/example_dags/example_short_circuit_operator.py
[2024-02-27T15:12:53.659+0000] {logging_mixin.py:188} INFO - [2024-02-27T15:12:53.659+0000] {dag.py:3047} INFO - Sync 1 DAGs
[2024-02-27T15:12:53.671+0000] {logging_mixin.py:188} INFO - [2024-02-27T15:12:53.671+0000] {dag.py:3834} INFO - Setting next_dagrun for example_short_circuit_operator to 2024-02-26 00:00:00+00:00, run_after=2024-02-27 00:00:00+00:00
[2024-02-27T15:12:53.682+0000] {processor.py:183} INFO - Processing /home/airflow/.local/lib/python3.11/site-packages/airflow/example_dags/example_short_circuit_operator.py took 0.046 seconds
[2024-02-27T15:20:39.310+0000] {processor.py:161} INFO - Started process (PID=63) to work on /home/airflow/.local/lib/python3.11/site-packages/airflow/example_dags/example_short_circuit_operator.py
[2024-02-27T15:20:39.311+0000] {processor.py:830} INFO - Processing file /home/airflow/.local/lib/python3.11/site-packages/airflow/example_dags/example_short_circuit_operator.py for tasks to queue
[2024-02-27T15:20:39.313+0000] {logging_mixin.py:188} INFO - [2024-02-27T15:20:39.313+0000] {dagbag.py:540} INFO - Filling up the DagBag from /home/airflow/.local/lib/python3.11/site-packages/airflow/example_dags/example_short_circuit_operator.py
[2024-02-27T15:20:39.319+0000] {processor.py:840} INFO - DAG(s) 'example_short_circuit_operator' retrieved from /home/airflow/.local/lib/python3.11/site-packages/airflow/example_dags/example_short_circuit_operator.py
[2024-02-27T15:20:39.342+0000] {logging_mixin.py:188} INFO - [2024-02-27T15:20:39.342+0000] {dag.py:3047} INFO - Sync 1 DAGs
[2024-02-27T15:20:39.364+0000] {logging_mixin.py:188} INFO - [2024-02-27T15:20:39.364+0000] {dag.py:3834} INFO - Setting next_dagrun for example_short_circuit_operator to 2024-02-26 00:00:00+00:00, run_after=2024-02-27 00:00:00+00:00
[2024-02-27T15:20:39.387+0000] {processor.py:183} INFO - Processing /home/airflow/.local/lib/python3.11/site-packages/airflow/example_dags/example_short_circuit_operator.py took 0.078 seconds
[2024-02-27T15:21:10.324+0000] {processor.py:161} INFO - Started process (PID=118) to work on /home/airflow/.local/lib/python3.11/site-packages/airflow/example_dags/example_short_circuit_operator.py
[2024-02-27T15:21:10.325+0000] {processor.py:830} INFO - Processing file /home/airflow/.local/lib/python3.11/site-packages/airflow/example_dags/example_short_circuit_operator.py for tasks to queue
[2024-02-27T15:21:10.327+0000] {logging_mixin.py:188} INFO - [2024-02-27T15:21:10.326+0000] {dagbag.py:540} INFO - Filling up the DagBag from /home/airflow/.local/lib/python3.11/site-packages/airflow/example_dags/example_short_circuit_operator.py
[2024-02-27T15:21:10.332+0000] {processor.py:840} INFO - DAG(s) 'example_short_circuit_operator' retrieved from /home/airflow/.local/lib/python3.11/site-packages/airflow/example_dags/example_short_circuit_operator.py
[2024-02-27T15:21:10.409+0000] {logging_mixin.py:188} INFO - [2024-02-27T15:21:10.408+0000] {dag.py:3047} INFO - Sync 1 DAGs
[2024-02-27T15:21:10.425+0000] {logging_mixin.py:188} INFO - [2024-02-27T15:21:10.425+0000] {dag.py:3834} INFO - Setting next_dagrun for example_short_circuit_operator to 2024-02-26 00:00:00+00:00, run_after=2024-02-27 00:00:00+00:00
[2024-02-27T15:21:10.441+0000] {processor.py:183} INFO - Processing /home/airflow/.local/lib/python3.11/site-packages/airflow/example_dags/example_short_circuit_operator.py took 0.118 seconds
