[2024-02-27T15:04:48.604+0000] {processor.py:161} INFO - Started process (PID=48) to work on /home/airflow/.local/lib/python3.11/site-packages/airflow/example_dags/example_dynamic_task_mapping.py
[2024-02-27T15:04:48.605+0000] {processor.py:830} INFO - Processing file /home/airflow/.local/lib/python3.11/site-packages/airflow/example_dags/example_dynamic_task_mapping.py for tasks to queue
[2024-02-27T15:04:48.607+0000] {logging_mixin.py:188} INFO - [2024-02-27T15:04:48.606+0000] {dagbag.py:540} INFO - Filling up the DagBag from /home/airflow/.local/lib/python3.11/site-packages/airflow/example_dags/example_dynamic_task_mapping.py
[2024-02-27T15:04:48.614+0000] {processor.py:840} INFO - DAG(s) 'example_dynamic_task_mapping' retrieved from /home/airflow/.local/lib/python3.11/site-packages/airflow/example_dags/example_dynamic_task_mapping.py
[2024-02-27T15:04:48.622+0000] {logging_mixin.py:188} INFO - [2024-02-27T15:04:48.622+0000] {dag.py:3047} INFO - Sync 1 DAGs
[2024-02-27T15:04:48.635+0000] {logging_mixin.py:188} INFO - [2024-02-27T15:04:48.635+0000] {dag.py:3834} INFO - Setting next_dagrun for example_dynamic_task_mapping to 2022-03-04 00:00:00+00:00, run_after=2022-03-05 00:00:00+00:00
[2024-02-27T15:04:48.647+0000] {processor.py:183} INFO - Processing /home/airflow/.local/lib/python3.11/site-packages/airflow/example_dags/example_dynamic_task_mapping.py took 0.045 seconds
[2024-02-27T15:05:18.936+0000] {processor.py:161} INFO - Started process (PID=103) to work on /home/airflow/.local/lib/python3.11/site-packages/airflow/example_dags/example_dynamic_task_mapping.py
[2024-02-27T15:05:18.936+0000] {processor.py:830} INFO - Processing file /home/airflow/.local/lib/python3.11/site-packages/airflow/example_dags/example_dynamic_task_mapping.py for tasks to queue
[2024-02-27T15:05:18.938+0000] {logging_mixin.py:188} INFO - [2024-02-27T15:05:18.937+0000] {dagbag.py:540} INFO - Filling up the DagBag from /home/airflow/.local/lib/python3.11/site-packages/airflow/example_dags/example_dynamic_task_mapping.py
[2024-02-27T15:05:18.942+0000] {processor.py:840} INFO - DAG(s) 'example_dynamic_task_mapping' retrieved from /home/airflow/.local/lib/python3.11/site-packages/airflow/example_dags/example_dynamic_task_mapping.py
[2024-02-27T15:05:18.996+0000] {logging_mixin.py:188} INFO - [2024-02-27T15:05:18.995+0000] {dag.py:3047} INFO - Sync 1 DAGs
[2024-02-27T15:05:19.007+0000] {logging_mixin.py:188} INFO - [2024-02-27T15:05:19.007+0000] {dag.py:3834} INFO - Setting next_dagrun for example_dynamic_task_mapping to 2022-03-04 00:00:00+00:00, run_after=2022-03-05 00:00:00+00:00
[2024-02-27T15:05:19.018+0000] {processor.py:183} INFO - Processing /home/airflow/.local/lib/python3.11/site-packages/airflow/example_dags/example_dynamic_task_mapping.py took 0.084 seconds
[2024-02-27T15:05:49.553+0000] {processor.py:161} INFO - Started process (PID=158) to work on /home/airflow/.local/lib/python3.11/site-packages/airflow/example_dags/example_dynamic_task_mapping.py
[2024-02-27T15:05:49.554+0000] {processor.py:830} INFO - Processing file /home/airflow/.local/lib/python3.11/site-packages/airflow/example_dags/example_dynamic_task_mapping.py for tasks to queue
[2024-02-27T15:05:49.555+0000] {logging_mixin.py:188} INFO - [2024-02-27T15:05:49.555+0000] {dagbag.py:540} INFO - Filling up the DagBag from /home/airflow/.local/lib/python3.11/site-packages/airflow/example_dags/example_dynamic_task_mapping.py
[2024-02-27T15:05:49.560+0000] {processor.py:840} INFO - DAG(s) 'example_dynamic_task_mapping' retrieved from /home/airflow/.local/lib/python3.11/site-packages/airflow/example_dags/example_dynamic_task_mapping.py
[2024-02-27T15:05:49.571+0000] {logging_mixin.py:188} INFO - [2024-02-27T15:05:49.570+0000] {dag.py:3047} INFO - Sync 1 DAGs
[2024-02-27T15:05:49.583+0000] {logging_mixin.py:188} INFO - [2024-02-27T15:05:49.583+0000] {dag.py:3834} INFO - Setting next_dagrun for example_dynamic_task_mapping to 2022-03-04 00:00:00+00:00, run_after=2022-03-05 00:00:00+00:00
[2024-02-27T15:05:49.594+0000] {processor.py:183} INFO - Processing /home/airflow/.local/lib/python3.11/site-packages/airflow/example_dags/example_dynamic_task_mapping.py took 0.042 seconds
[2024-02-27T15:06:20.234+0000] {processor.py:161} INFO - Started process (PID=213) to work on /home/airflow/.local/lib/python3.11/site-packages/airflow/example_dags/example_dynamic_task_mapping.py
[2024-02-27T15:06:20.235+0000] {processor.py:830} INFO - Processing file /home/airflow/.local/lib/python3.11/site-packages/airflow/example_dags/example_dynamic_task_mapping.py for tasks to queue
[2024-02-27T15:06:20.236+0000] {logging_mixin.py:188} INFO - [2024-02-27T15:06:20.236+0000] {dagbag.py:540} INFO - Filling up the DagBag from /home/airflow/.local/lib/python3.11/site-packages/airflow/example_dags/example_dynamic_task_mapping.py
[2024-02-27T15:06:20.240+0000] {processor.py:840} INFO - DAG(s) 'example_dynamic_task_mapping' retrieved from /home/airflow/.local/lib/python3.11/site-packages/airflow/example_dags/example_dynamic_task_mapping.py
[2024-02-27T15:06:20.251+0000] {logging_mixin.py:188} INFO - [2024-02-27T15:06:20.251+0000] {dag.py:3047} INFO - Sync 1 DAGs
[2024-02-27T15:06:20.263+0000] {logging_mixin.py:188} INFO - [2024-02-27T15:06:20.263+0000] {dag.py:3834} INFO - Setting next_dagrun for example_dynamic_task_mapping to 2022-03-04 00:00:00+00:00, run_after=2022-03-05 00:00:00+00:00
[2024-02-27T15:06:20.274+0000] {processor.py:183} INFO - Processing /home/airflow/.local/lib/python3.11/site-packages/airflow/example_dags/example_dynamic_task_mapping.py took 0.041 seconds
[2024-02-27T15:06:51.252+0000] {processor.py:161} INFO - Started process (PID=268) to work on /home/airflow/.local/lib/python3.11/site-packages/airflow/example_dags/example_dynamic_task_mapping.py
[2024-02-27T15:06:51.252+0000] {processor.py:830} INFO - Processing file /home/airflow/.local/lib/python3.11/site-packages/airflow/example_dags/example_dynamic_task_mapping.py for tasks to queue
[2024-02-27T15:06:51.254+0000] {logging_mixin.py:188} INFO - [2024-02-27T15:06:51.253+0000] {dagbag.py:540} INFO - Filling up the DagBag from /home/airflow/.local/lib/python3.11/site-packages/airflow/example_dags/example_dynamic_task_mapping.py
[2024-02-27T15:06:51.258+0000] {processor.py:840} INFO - DAG(s) 'example_dynamic_task_mapping' retrieved from /home/airflow/.local/lib/python3.11/site-packages/airflow/example_dags/example_dynamic_task_mapping.py
[2024-02-27T15:06:51.269+0000] {logging_mixin.py:188} INFO - [2024-02-27T15:06:51.269+0000] {dag.py:3047} INFO - Sync 1 DAGs
[2024-02-27T15:06:51.282+0000] {logging_mixin.py:188} INFO - [2024-02-27T15:06:51.282+0000] {dag.py:3834} INFO - Setting next_dagrun for example_dynamic_task_mapping to 2022-03-04 00:00:00+00:00, run_after=2022-03-05 00:00:00+00:00
[2024-02-27T15:06:51.293+0000] {processor.py:183} INFO - Processing /home/airflow/.local/lib/python3.11/site-packages/airflow/example_dags/example_dynamic_task_mapping.py took 0.044 seconds
[2024-02-27T15:07:21.380+0000] {processor.py:161} INFO - Started process (PID=323) to work on /home/airflow/.local/lib/python3.11/site-packages/airflow/example_dags/example_dynamic_task_mapping.py
[2024-02-27T15:07:21.381+0000] {processor.py:830} INFO - Processing file /home/airflow/.local/lib/python3.11/site-packages/airflow/example_dags/example_dynamic_task_mapping.py for tasks to queue
[2024-02-27T15:07:21.382+0000] {logging_mixin.py:188} INFO - [2024-02-27T15:07:21.382+0000] {dagbag.py:540} INFO - Filling up the DagBag from /home/airflow/.local/lib/python3.11/site-packages/airflow/example_dags/example_dynamic_task_mapping.py
[2024-02-27T15:07:21.386+0000] {processor.py:840} INFO - DAG(s) 'example_dynamic_task_mapping' retrieved from /home/airflow/.local/lib/python3.11/site-packages/airflow/example_dags/example_dynamic_task_mapping.py
[2024-02-27T15:07:21.397+0000] {logging_mixin.py:188} INFO - [2024-02-27T15:07:21.397+0000] {dag.py:3047} INFO - Sync 1 DAGs
[2024-02-27T15:07:21.408+0000] {logging_mixin.py:188} INFO - [2024-02-27T15:07:21.408+0000] {dag.py:3834} INFO - Setting next_dagrun for example_dynamic_task_mapping to 2022-03-04 00:00:00+00:00, run_after=2022-03-05 00:00:00+00:00
[2024-02-27T15:07:21.419+0000] {processor.py:183} INFO - Processing /home/airflow/.local/lib/python3.11/site-packages/airflow/example_dags/example_dynamic_task_mapping.py took 0.041 seconds
[2024-02-27T15:07:51.484+0000] {processor.py:161} INFO - Started process (PID=378) to work on /home/airflow/.local/lib/python3.11/site-packages/airflow/example_dags/example_dynamic_task_mapping.py
[2024-02-27T15:07:51.484+0000] {processor.py:830} INFO - Processing file /home/airflow/.local/lib/python3.11/site-packages/airflow/example_dags/example_dynamic_task_mapping.py for tasks to queue
[2024-02-27T15:07:51.486+0000] {logging_mixin.py:188} INFO - [2024-02-27T15:07:51.485+0000] {dagbag.py:540} INFO - Filling up the DagBag from /home/airflow/.local/lib/python3.11/site-packages/airflow/example_dags/example_dynamic_task_mapping.py
[2024-02-27T15:07:51.490+0000] {processor.py:840} INFO - DAG(s) 'example_dynamic_task_mapping' retrieved from /home/airflow/.local/lib/python3.11/site-packages/airflow/example_dags/example_dynamic_task_mapping.py
[2024-02-27T15:07:51.501+0000] {logging_mixin.py:188} INFO - [2024-02-27T15:07:51.501+0000] {dag.py:3047} INFO - Sync 1 DAGs
[2024-02-27T15:07:51.513+0000] {logging_mixin.py:188} INFO - [2024-02-27T15:07:51.513+0000] {dag.py:3834} INFO - Setting next_dagrun for example_dynamic_task_mapping to 2022-03-04 00:00:00+00:00, run_after=2022-03-05 00:00:00+00:00
[2024-02-27T15:07:51.523+0000] {processor.py:183} INFO - Processing /home/airflow/.local/lib/python3.11/site-packages/airflow/example_dags/example_dynamic_task_mapping.py took 0.041 seconds
[2024-02-27T15:08:21.591+0000] {processor.py:161} INFO - Started process (PID=433) to work on /home/airflow/.local/lib/python3.11/site-packages/airflow/example_dags/example_dynamic_task_mapping.py
[2024-02-27T15:08:21.591+0000] {processor.py:830} INFO - Processing file /home/airflow/.local/lib/python3.11/site-packages/airflow/example_dags/example_dynamic_task_mapping.py for tasks to queue
[2024-02-27T15:08:21.593+0000] {logging_mixin.py:188} INFO - [2024-02-27T15:08:21.592+0000] {dagbag.py:540} INFO - Filling up the DagBag from /home/airflow/.local/lib/python3.11/site-packages/airflow/example_dags/example_dynamic_task_mapping.py
[2024-02-27T15:08:21.597+0000] {processor.py:840} INFO - DAG(s) 'example_dynamic_task_mapping' retrieved from /home/airflow/.local/lib/python3.11/site-packages/airflow/example_dags/example_dynamic_task_mapping.py
[2024-02-27T15:08:21.608+0000] {logging_mixin.py:188} INFO - [2024-02-27T15:08:21.608+0000] {dag.py:3047} INFO - Sync 1 DAGs
[2024-02-27T15:08:21.621+0000] {logging_mixin.py:188} INFO - [2024-02-27T15:08:21.621+0000] {dag.py:3834} INFO - Setting next_dagrun for example_dynamic_task_mapping to 2022-03-04 00:00:00+00:00, run_after=2022-03-05 00:00:00+00:00
[2024-02-27T15:08:21.632+0000] {processor.py:183} INFO - Processing /home/airflow/.local/lib/python3.11/site-packages/airflow/example_dags/example_dynamic_task_mapping.py took 0.043 seconds
[2024-02-27T15:08:51.719+0000] {processor.py:161} INFO - Started process (PID=488) to work on /home/airflow/.local/lib/python3.11/site-packages/airflow/example_dags/example_dynamic_task_mapping.py
[2024-02-27T15:08:51.720+0000] {processor.py:830} INFO - Processing file /home/airflow/.local/lib/python3.11/site-packages/airflow/example_dags/example_dynamic_task_mapping.py for tasks to queue
[2024-02-27T15:08:51.721+0000] {logging_mixin.py:188} INFO - [2024-02-27T15:08:51.720+0000] {dagbag.py:540} INFO - Filling up the DagBag from /home/airflow/.local/lib/python3.11/site-packages/airflow/example_dags/example_dynamic_task_mapping.py
[2024-02-27T15:08:51.725+0000] {processor.py:840} INFO - DAG(s) 'example_dynamic_task_mapping' retrieved from /home/airflow/.local/lib/python3.11/site-packages/airflow/example_dags/example_dynamic_task_mapping.py
[2024-02-27T15:08:51.735+0000] {logging_mixin.py:188} INFO - [2024-02-27T15:08:51.735+0000] {dag.py:3047} INFO - Sync 1 DAGs
[2024-02-27T15:08:51.747+0000] {logging_mixin.py:188} INFO - [2024-02-27T15:08:51.747+0000] {dag.py:3834} INFO - Setting next_dagrun for example_dynamic_task_mapping to 2022-03-04 00:00:00+00:00, run_after=2022-03-05 00:00:00+00:00
[2024-02-27T15:08:51.758+0000] {processor.py:183} INFO - Processing /home/airflow/.local/lib/python3.11/site-packages/airflow/example_dags/example_dynamic_task_mapping.py took 0.041 seconds
[2024-02-27T15:09:21.968+0000] {processor.py:161} INFO - Started process (PID=543) to work on /home/airflow/.local/lib/python3.11/site-packages/airflow/example_dags/example_dynamic_task_mapping.py
[2024-02-27T15:09:21.969+0000] {processor.py:830} INFO - Processing file /home/airflow/.local/lib/python3.11/site-packages/airflow/example_dags/example_dynamic_task_mapping.py for tasks to queue
[2024-02-27T15:09:21.970+0000] {logging_mixin.py:188} INFO - [2024-02-27T15:09:21.970+0000] {dagbag.py:540} INFO - Filling up the DagBag from /home/airflow/.local/lib/python3.11/site-packages/airflow/example_dags/example_dynamic_task_mapping.py
[2024-02-27T15:09:21.974+0000] {processor.py:840} INFO - DAG(s) 'example_dynamic_task_mapping' retrieved from /home/airflow/.local/lib/python3.11/site-packages/airflow/example_dags/example_dynamic_task_mapping.py
[2024-02-27T15:09:21.985+0000] {logging_mixin.py:188} INFO - [2024-02-27T15:09:21.985+0000] {dag.py:3047} INFO - Sync 1 DAGs
[2024-02-27T15:09:21.997+0000] {logging_mixin.py:188} INFO - [2024-02-27T15:09:21.997+0000] {dag.py:3834} INFO - Setting next_dagrun for example_dynamic_task_mapping to 2022-03-04 00:00:00+00:00, run_after=2022-03-05 00:00:00+00:00
[2024-02-27T15:09:22.007+0000] {processor.py:183} INFO - Processing /home/airflow/.local/lib/python3.11/site-packages/airflow/example_dags/example_dynamic_task_mapping.py took 0.041 seconds
[2024-02-27T15:09:52.159+0000] {processor.py:161} INFO - Started process (PID=598) to work on /home/airflow/.local/lib/python3.11/site-packages/airflow/example_dags/example_dynamic_task_mapping.py
[2024-02-27T15:09:52.160+0000] {processor.py:830} INFO - Processing file /home/airflow/.local/lib/python3.11/site-packages/airflow/example_dags/example_dynamic_task_mapping.py for tasks to queue
[2024-02-27T15:09:52.161+0000] {logging_mixin.py:188} INFO - [2024-02-27T15:09:52.161+0000] {dagbag.py:540} INFO - Filling up the DagBag from /home/airflow/.local/lib/python3.11/site-packages/airflow/example_dags/example_dynamic_task_mapping.py
[2024-02-27T15:09:52.165+0000] {processor.py:840} INFO - DAG(s) 'example_dynamic_task_mapping' retrieved from /home/airflow/.local/lib/python3.11/site-packages/airflow/example_dags/example_dynamic_task_mapping.py
[2024-02-27T15:09:52.177+0000] {logging_mixin.py:188} INFO - [2024-02-27T15:09:52.177+0000] {dag.py:3047} INFO - Sync 1 DAGs
[2024-02-27T15:09:52.191+0000] {logging_mixin.py:188} INFO - [2024-02-27T15:09:52.191+0000] {dag.py:3834} INFO - Setting next_dagrun for example_dynamic_task_mapping to 2022-03-04 00:00:00+00:00, run_after=2022-03-05 00:00:00+00:00
[2024-02-27T15:09:52.202+0000] {processor.py:183} INFO - Processing /home/airflow/.local/lib/python3.11/site-packages/airflow/example_dags/example_dynamic_task_mapping.py took 0.044 seconds
[2024-02-27T15:10:22.309+0000] {processor.py:161} INFO - Started process (PID=653) to work on /home/airflow/.local/lib/python3.11/site-packages/airflow/example_dags/example_dynamic_task_mapping.py
[2024-02-27T15:10:22.309+0000] {processor.py:830} INFO - Processing file /home/airflow/.local/lib/python3.11/site-packages/airflow/example_dags/example_dynamic_task_mapping.py for tasks to queue
[2024-02-27T15:10:22.311+0000] {logging_mixin.py:188} INFO - [2024-02-27T15:10:22.310+0000] {dagbag.py:540} INFO - Filling up the DagBag from /home/airflow/.local/lib/python3.11/site-packages/airflow/example_dags/example_dynamic_task_mapping.py
[2024-02-27T15:10:22.315+0000] {processor.py:840} INFO - DAG(s) 'example_dynamic_task_mapping' retrieved from /home/airflow/.local/lib/python3.11/site-packages/airflow/example_dags/example_dynamic_task_mapping.py
[2024-02-27T15:10:22.326+0000] {logging_mixin.py:188} INFO - [2024-02-27T15:10:22.326+0000] {dag.py:3047} INFO - Sync 1 DAGs
[2024-02-27T15:10:22.340+0000] {logging_mixin.py:188} INFO - [2024-02-27T15:10:22.340+0000] {dag.py:3834} INFO - Setting next_dagrun for example_dynamic_task_mapping to 2022-03-04 00:00:00+00:00, run_after=2022-03-05 00:00:00+00:00
[2024-02-27T15:10:22.353+0000] {processor.py:183} INFO - Processing /home/airflow/.local/lib/python3.11/site-packages/airflow/example_dags/example_dynamic_task_mapping.py took 0.046 seconds
[2024-02-27T15:10:52.425+0000] {processor.py:161} INFO - Started process (PID=708) to work on /home/airflow/.local/lib/python3.11/site-packages/airflow/example_dags/example_dynamic_task_mapping.py
[2024-02-27T15:10:52.426+0000] {processor.py:830} INFO - Processing file /home/airflow/.local/lib/python3.11/site-packages/airflow/example_dags/example_dynamic_task_mapping.py for tasks to queue
[2024-02-27T15:10:52.427+0000] {logging_mixin.py:188} INFO - [2024-02-27T15:10:52.427+0000] {dagbag.py:540} INFO - Filling up the DagBag from /home/airflow/.local/lib/python3.11/site-packages/airflow/example_dags/example_dynamic_task_mapping.py
[2024-02-27T15:10:52.431+0000] {processor.py:840} INFO - DAG(s) 'example_dynamic_task_mapping' retrieved from /home/airflow/.local/lib/python3.11/site-packages/airflow/example_dags/example_dynamic_task_mapping.py
[2024-02-27T15:10:52.442+0000] {logging_mixin.py:188} INFO - [2024-02-27T15:10:52.442+0000] {dag.py:3047} INFO - Sync 1 DAGs
[2024-02-27T15:10:52.455+0000] {logging_mixin.py:188} INFO - [2024-02-27T15:10:52.454+0000] {dag.py:3834} INFO - Setting next_dagrun for example_dynamic_task_mapping to 2022-03-04 00:00:00+00:00, run_after=2022-03-05 00:00:00+00:00
[2024-02-27T15:10:52.465+0000] {processor.py:183} INFO - Processing /home/airflow/.local/lib/python3.11/site-packages/airflow/example_dags/example_dynamic_task_mapping.py took 0.041 seconds
[2024-02-27T15:11:22.548+0000] {processor.py:161} INFO - Started process (PID=763) to work on /home/airflow/.local/lib/python3.11/site-packages/airflow/example_dags/example_dynamic_task_mapping.py
[2024-02-27T15:11:22.549+0000] {processor.py:830} INFO - Processing file /home/airflow/.local/lib/python3.11/site-packages/airflow/example_dags/example_dynamic_task_mapping.py for tasks to queue
[2024-02-27T15:11:22.551+0000] {logging_mixin.py:188} INFO - [2024-02-27T15:11:22.550+0000] {dagbag.py:540} INFO - Filling up the DagBag from /home/airflow/.local/lib/python3.11/site-packages/airflow/example_dags/example_dynamic_task_mapping.py
[2024-02-27T15:11:22.555+0000] {processor.py:840} INFO - DAG(s) 'example_dynamic_task_mapping' retrieved from /home/airflow/.local/lib/python3.11/site-packages/airflow/example_dags/example_dynamic_task_mapping.py
[2024-02-27T15:11:22.565+0000] {logging_mixin.py:188} INFO - [2024-02-27T15:11:22.565+0000] {dag.py:3047} INFO - Sync 1 DAGs
[2024-02-27T15:11:22.577+0000] {logging_mixin.py:188} INFO - [2024-02-27T15:11:22.577+0000] {dag.py:3834} INFO - Setting next_dagrun for example_dynamic_task_mapping to 2022-03-04 00:00:00+00:00, run_after=2022-03-05 00:00:00+00:00
[2024-02-27T15:11:22.587+0000] {processor.py:183} INFO - Processing /home/airflow/.local/lib/python3.11/site-packages/airflow/example_dags/example_dynamic_task_mapping.py took 0.040 seconds
[2024-02-27T15:11:52.689+0000] {processor.py:161} INFO - Started process (PID=819) to work on /home/airflow/.local/lib/python3.11/site-packages/airflow/example_dags/example_dynamic_task_mapping.py
[2024-02-27T15:11:52.689+0000] {processor.py:830} INFO - Processing file /home/airflow/.local/lib/python3.11/site-packages/airflow/example_dags/example_dynamic_task_mapping.py for tasks to queue
[2024-02-27T15:11:52.691+0000] {logging_mixin.py:188} INFO - [2024-02-27T15:11:52.690+0000] {dagbag.py:540} INFO - Filling up the DagBag from /home/airflow/.local/lib/python3.11/site-packages/airflow/example_dags/example_dynamic_task_mapping.py
[2024-02-27T15:11:52.694+0000] {processor.py:840} INFO - DAG(s) 'example_dynamic_task_mapping' retrieved from /home/airflow/.local/lib/python3.11/site-packages/airflow/example_dags/example_dynamic_task_mapping.py
[2024-02-27T15:11:52.706+0000] {logging_mixin.py:188} INFO - [2024-02-27T15:11:52.706+0000] {dag.py:3047} INFO - Sync 1 DAGs
[2024-02-27T15:11:52.718+0000] {logging_mixin.py:188} INFO - [2024-02-27T15:11:52.718+0000] {dag.py:3834} INFO - Setting next_dagrun for example_dynamic_task_mapping to 2022-03-04 00:00:00+00:00, run_after=2022-03-05 00:00:00+00:00
[2024-02-27T15:11:52.728+0000] {processor.py:183} INFO - Processing /home/airflow/.local/lib/python3.11/site-packages/airflow/example_dags/example_dynamic_task_mapping.py took 0.041 seconds
[2024-02-27T15:12:22.820+0000] {processor.py:161} INFO - Started process (PID=874) to work on /home/airflow/.local/lib/python3.11/site-packages/airflow/example_dags/example_dynamic_task_mapping.py
[2024-02-27T15:12:22.821+0000] {processor.py:830} INFO - Processing file /home/airflow/.local/lib/python3.11/site-packages/airflow/example_dags/example_dynamic_task_mapping.py for tasks to queue
[2024-02-27T15:12:22.822+0000] {logging_mixin.py:188} INFO - [2024-02-27T15:12:22.822+0000] {dagbag.py:540} INFO - Filling up the DagBag from /home/airflow/.local/lib/python3.11/site-packages/airflow/example_dags/example_dynamic_task_mapping.py
[2024-02-27T15:12:22.826+0000] {processor.py:840} INFO - DAG(s) 'example_dynamic_task_mapping' retrieved from /home/airflow/.local/lib/python3.11/site-packages/airflow/example_dags/example_dynamic_task_mapping.py
[2024-02-27T15:12:22.838+0000] {logging_mixin.py:188} INFO - [2024-02-27T15:12:22.838+0000] {dag.py:3047} INFO - Sync 1 DAGs
[2024-02-27T15:12:22.850+0000] {logging_mixin.py:188} INFO - [2024-02-27T15:12:22.850+0000] {dag.py:3834} INFO - Setting next_dagrun for example_dynamic_task_mapping to 2022-03-04 00:00:00+00:00, run_after=2022-03-05 00:00:00+00:00
[2024-02-27T15:12:22.861+0000] {processor.py:183} INFO - Processing /home/airflow/.local/lib/python3.11/site-packages/airflow/example_dags/example_dynamic_task_mapping.py took 0.042 seconds
[2024-02-27T15:12:52.909+0000] {processor.py:161} INFO - Started process (PID=929) to work on /home/airflow/.local/lib/python3.11/site-packages/airflow/example_dags/example_dynamic_task_mapping.py
[2024-02-27T15:12:52.909+0000] {processor.py:830} INFO - Processing file /home/airflow/.local/lib/python3.11/site-packages/airflow/example_dags/example_dynamic_task_mapping.py for tasks to queue
[2024-02-27T15:12:52.911+0000] {logging_mixin.py:188} INFO - [2024-02-27T15:12:52.910+0000] {dagbag.py:540} INFO - Filling up the DagBag from /home/airflow/.local/lib/python3.11/site-packages/airflow/example_dags/example_dynamic_task_mapping.py
[2024-02-27T15:12:52.916+0000] {processor.py:840} INFO - DAG(s) 'example_dynamic_task_mapping' retrieved from /home/airflow/.local/lib/python3.11/site-packages/airflow/example_dags/example_dynamic_task_mapping.py
[2024-02-27T15:12:52.928+0000] {logging_mixin.py:188} INFO - [2024-02-27T15:12:52.928+0000] {dag.py:3047} INFO - Sync 1 DAGs
[2024-02-27T15:12:52.944+0000] {logging_mixin.py:188} INFO - [2024-02-27T15:12:52.944+0000] {dag.py:3834} INFO - Setting next_dagrun for example_dynamic_task_mapping to 2022-03-04 00:00:00+00:00, run_after=2022-03-05 00:00:00+00:00
[2024-02-27T15:12:52.955+0000] {processor.py:183} INFO - Processing /home/airflow/.local/lib/python3.11/site-packages/airflow/example_dags/example_dynamic_task_mapping.py took 0.048 seconds
[2024-02-27T15:20:38.498+0000] {processor.py:161} INFO - Started process (PID=48) to work on /home/airflow/.local/lib/python3.11/site-packages/airflow/example_dags/example_dynamic_task_mapping.py
[2024-02-27T15:20:38.499+0000] {processor.py:830} INFO - Processing file /home/airflow/.local/lib/python3.11/site-packages/airflow/example_dags/example_dynamic_task_mapping.py for tasks to queue
[2024-02-27T15:20:38.500+0000] {logging_mixin.py:188} INFO - [2024-02-27T15:20:38.500+0000] {dagbag.py:540} INFO - Filling up the DagBag from /home/airflow/.local/lib/python3.11/site-packages/airflow/example_dags/example_dynamic_task_mapping.py
[2024-02-27T15:20:38.506+0000] {processor.py:840} INFO - DAG(s) 'example_dynamic_task_mapping' retrieved from /home/airflow/.local/lib/python3.11/site-packages/airflow/example_dags/example_dynamic_task_mapping.py
[2024-02-27T15:20:38.529+0000] {logging_mixin.py:188} INFO - [2024-02-27T15:20:38.529+0000] {dag.py:3047} INFO - Sync 1 DAGs
[2024-02-27T15:20:38.550+0000] {logging_mixin.py:188} INFO - [2024-02-27T15:20:38.550+0000] {dag.py:3834} INFO - Setting next_dagrun for example_dynamic_task_mapping to 2022-03-04 00:00:00+00:00, run_after=2022-03-05 00:00:00+00:00
[2024-02-27T15:20:38.575+0000] {processor.py:183} INFO - Processing /home/airflow/.local/lib/python3.11/site-packages/airflow/example_dags/example_dynamic_task_mapping.py took 0.079 seconds
[2024-02-27T15:21:09.143+0000] {processor.py:161} INFO - Started process (PID=103) to work on /home/airflow/.local/lib/python3.11/site-packages/airflow/example_dags/example_dynamic_task_mapping.py
[2024-02-27T15:21:09.143+0000] {processor.py:830} INFO - Processing file /home/airflow/.local/lib/python3.11/site-packages/airflow/example_dags/example_dynamic_task_mapping.py for tasks to queue
[2024-02-27T15:21:09.145+0000] {logging_mixin.py:188} INFO - [2024-02-27T15:21:09.144+0000] {dagbag.py:540} INFO - Filling up the DagBag from /home/airflow/.local/lib/python3.11/site-packages/airflow/example_dags/example_dynamic_task_mapping.py
[2024-02-27T15:21:09.149+0000] {processor.py:840} INFO - DAG(s) 'example_dynamic_task_mapping' retrieved from /home/airflow/.local/lib/python3.11/site-packages/airflow/example_dags/example_dynamic_task_mapping.py
[2024-02-27T15:21:09.220+0000] {logging_mixin.py:188} INFO - [2024-02-27T15:21:09.219+0000] {dag.py:3047} INFO - Sync 1 DAGs
[2024-02-27T15:21:09.237+0000] {logging_mixin.py:188} INFO - [2024-02-27T15:21:09.237+0000] {dag.py:3834} INFO - Setting next_dagrun for example_dynamic_task_mapping to 2022-03-04 00:00:00+00:00, run_after=2022-03-05 00:00:00+00:00
[2024-02-27T15:21:09.257+0000] {processor.py:183} INFO - Processing /home/airflow/.local/lib/python3.11/site-packages/airflow/example_dags/example_dynamic_task_mapping.py took 0.117 seconds
