[2024-02-27T15:04:49.223+0000] {processor.py:161} INFO - Started process (PID=62) to work on /home/airflow/.local/lib/python3.11/site-packages/airflow/example_dags/example_sla_dag.py
[2024-02-27T15:04:49.224+0000] {processor.py:830} INFO - Processing file /home/airflow/.local/lib/python3.11/site-packages/airflow/example_dags/example_sla_dag.py for tasks to queue
[2024-02-27T15:04:49.226+0000] {logging_mixin.py:188} INFO - [2024-02-27T15:04:49.225+0000] {dagbag.py:540} INFO - Filling up the DagBag from /home/airflow/.local/lib/python3.11/site-packages/airflow/example_dags/example_sla_dag.py
[2024-02-27T15:04:49.233+0000] {processor.py:840} INFO - DAG(s) 'example_sla_dag' retrieved from /home/airflow/.local/lib/python3.11/site-packages/airflow/example_dags/example_sla_dag.py
[2024-02-27T15:04:49.241+0000] {logging_mixin.py:188} INFO - [2024-02-27T15:04:49.241+0000] {dag.py:3047} INFO - Sync 1 DAGs
[2024-02-27T15:04:49.259+0000] {logging_mixin.py:188} INFO - [2024-02-27T15:04:49.259+0000] {dag.py:3834} INFO - Setting next_dagrun for example_sla_dag to 2024-02-27 15:02:00+00:00, run_after=2024-02-27 15:04:00+00:00
[2024-02-27T15:04:49.271+0000] {processor.py:183} INFO - Processing /home/airflow/.local/lib/python3.11/site-packages/airflow/example_dags/example_sla_dag.py took 0.050 seconds
[2024-02-27T15:05:19.662+0000] {processor.py:161} INFO - Started process (PID=117) to work on /home/airflow/.local/lib/python3.11/site-packages/airflow/example_dags/example_sla_dag.py
[2024-02-27T15:05:19.663+0000] {processor.py:830} INFO - Processing file /home/airflow/.local/lib/python3.11/site-packages/airflow/example_dags/example_sla_dag.py for tasks to queue
[2024-02-27T15:05:19.664+0000] {logging_mixin.py:188} INFO - [2024-02-27T15:05:19.664+0000] {dagbag.py:540} INFO - Filling up the DagBag from /home/airflow/.local/lib/python3.11/site-packages/airflow/example_dags/example_sla_dag.py
[2024-02-27T15:05:19.669+0000] {processor.py:840} INFO - DAG(s) 'example_sla_dag' retrieved from /home/airflow/.local/lib/python3.11/site-packages/airflow/example_dags/example_sla_dag.py
[2024-02-27T15:05:19.722+0000] {logging_mixin.py:188} INFO - [2024-02-27T15:05:19.722+0000] {dag.py:3047} INFO - Sync 1 DAGs
[2024-02-27T15:05:19.736+0000] {logging_mixin.py:188} INFO - [2024-02-27T15:05:19.736+0000] {dag.py:3834} INFO - Setting next_dagrun for example_sla_dag to 2024-02-27 15:02:00+00:00, run_after=2024-02-27 15:04:00+00:00
[2024-02-27T15:05:19.748+0000] {processor.py:183} INFO - Processing /home/airflow/.local/lib/python3.11/site-packages/airflow/example_dags/example_sla_dag.py took 0.087 seconds
[2024-02-27T15:05:50.001+0000] {processor.py:161} INFO - Started process (PID=172) to work on /home/airflow/.local/lib/python3.11/site-packages/airflow/example_dags/example_sla_dag.py
[2024-02-27T15:05:50.001+0000] {processor.py:830} INFO - Processing file /home/airflow/.local/lib/python3.11/site-packages/airflow/example_dags/example_sla_dag.py for tasks to queue
[2024-02-27T15:05:50.003+0000] {logging_mixin.py:188} INFO - [2024-02-27T15:05:50.002+0000] {dagbag.py:540} INFO - Filling up the DagBag from /home/airflow/.local/lib/python3.11/site-packages/airflow/example_dags/example_sla_dag.py
[2024-02-27T15:05:50.007+0000] {processor.py:840} INFO - DAG(s) 'example_sla_dag' retrieved from /home/airflow/.local/lib/python3.11/site-packages/airflow/example_dags/example_sla_dag.py
[2024-02-27T15:05:50.018+0000] {logging_mixin.py:188} INFO - [2024-02-27T15:05:50.018+0000] {dag.py:3047} INFO - Sync 1 DAGs
[2024-02-27T15:05:50.032+0000] {logging_mixin.py:188} INFO - [2024-02-27T15:05:50.032+0000] {dag.py:3834} INFO - Setting next_dagrun for example_sla_dag to 2024-02-27 15:02:00+00:00, run_after=2024-02-27 15:04:00+00:00
[2024-02-27T15:05:50.043+0000] {processor.py:183} INFO - Processing /home/airflow/.local/lib/python3.11/site-packages/airflow/example_dags/example_sla_dag.py took 0.044 seconds
[2024-02-27T15:06:20.748+0000] {processor.py:161} INFO - Started process (PID=227) to work on /home/airflow/.local/lib/python3.11/site-packages/airflow/example_dags/example_sla_dag.py
[2024-02-27T15:06:20.749+0000] {processor.py:830} INFO - Processing file /home/airflow/.local/lib/python3.11/site-packages/airflow/example_dags/example_sla_dag.py for tasks to queue
[2024-02-27T15:06:20.750+0000] {logging_mixin.py:188} INFO - [2024-02-27T15:06:20.750+0000] {dagbag.py:540} INFO - Filling up the DagBag from /home/airflow/.local/lib/python3.11/site-packages/airflow/example_dags/example_sla_dag.py
[2024-02-27T15:06:20.755+0000] {processor.py:840} INFO - DAG(s) 'example_sla_dag' retrieved from /home/airflow/.local/lib/python3.11/site-packages/airflow/example_dags/example_sla_dag.py
[2024-02-27T15:06:20.767+0000] {logging_mixin.py:188} INFO - [2024-02-27T15:06:20.767+0000] {dag.py:3047} INFO - Sync 1 DAGs
[2024-02-27T15:06:20.783+0000] {logging_mixin.py:188} INFO - [2024-02-27T15:06:20.783+0000] {dag.py:3834} INFO - Setting next_dagrun for example_sla_dag to 2024-02-27 15:04:00+00:00, run_after=2024-02-27 15:06:00+00:00
[2024-02-27T15:06:20.795+0000] {processor.py:183} INFO - Processing /home/airflow/.local/lib/python3.11/site-packages/airflow/example_dags/example_sla_dag.py took 0.049 seconds
[2024-02-27T15:06:51.798+0000] {processor.py:161} INFO - Started process (PID=282) to work on /home/airflow/.local/lib/python3.11/site-packages/airflow/example_dags/example_sla_dag.py
[2024-02-27T15:06:51.799+0000] {processor.py:830} INFO - Processing file /home/airflow/.local/lib/python3.11/site-packages/airflow/example_dags/example_sla_dag.py for tasks to queue
[2024-02-27T15:06:51.800+0000] {logging_mixin.py:188} INFO - [2024-02-27T15:06:51.800+0000] {dagbag.py:540} INFO - Filling up the DagBag from /home/airflow/.local/lib/python3.11/site-packages/airflow/example_dags/example_sla_dag.py
[2024-02-27T15:06:51.805+0000] {processor.py:840} INFO - DAG(s) 'example_sla_dag' retrieved from /home/airflow/.local/lib/python3.11/site-packages/airflow/example_dags/example_sla_dag.py
[2024-02-27T15:06:51.816+0000] {logging_mixin.py:188} INFO - [2024-02-27T15:06:51.816+0000] {dag.py:3047} INFO - Sync 1 DAGs
[2024-02-27T15:06:51.830+0000] {logging_mixin.py:188} INFO - [2024-02-27T15:06:51.829+0000] {dag.py:3834} INFO - Setting next_dagrun for example_sla_dag to 2024-02-27 15:04:00+00:00, run_after=2024-02-27 15:06:00+00:00
[2024-02-27T15:06:51.842+0000] {processor.py:183} INFO - Processing /home/airflow/.local/lib/python3.11/site-packages/airflow/example_dags/example_sla_dag.py took 0.045 seconds
[2024-02-27T15:07:22.049+0000] {processor.py:161} INFO - Started process (PID=337) to work on /home/airflow/.local/lib/python3.11/site-packages/airflow/example_dags/example_sla_dag.py
[2024-02-27T15:07:22.050+0000] {processor.py:830} INFO - Processing file /home/airflow/.local/lib/python3.11/site-packages/airflow/example_dags/example_sla_dag.py for tasks to queue
[2024-02-27T15:07:22.051+0000] {logging_mixin.py:188} INFO - [2024-02-27T15:07:22.051+0000] {dagbag.py:540} INFO - Filling up the DagBag from /home/airflow/.local/lib/python3.11/site-packages/airflow/example_dags/example_sla_dag.py
[2024-02-27T15:07:22.056+0000] {processor.py:840} INFO - DAG(s) 'example_sla_dag' retrieved from /home/airflow/.local/lib/python3.11/site-packages/airflow/example_dags/example_sla_dag.py
[2024-02-27T15:07:22.066+0000] {logging_mixin.py:188} INFO - [2024-02-27T15:07:22.066+0000] {dag.py:3047} INFO - Sync 1 DAGs
[2024-02-27T15:07:22.080+0000] {logging_mixin.py:188} INFO - [2024-02-27T15:07:22.080+0000] {dag.py:3834} INFO - Setting next_dagrun for example_sla_dag to 2024-02-27 15:04:00+00:00, run_after=2024-02-27 15:06:00+00:00
[2024-02-27T15:07:22.091+0000] {processor.py:183} INFO - Processing /home/airflow/.local/lib/python3.11/site-packages/airflow/example_dags/example_sla_dag.py took 0.043 seconds
[2024-02-27T15:07:52.141+0000] {processor.py:161} INFO - Started process (PID=392) to work on /home/airflow/.local/lib/python3.11/site-packages/airflow/example_dags/example_sla_dag.py
[2024-02-27T15:07:52.143+0000] {processor.py:830} INFO - Processing file /home/airflow/.local/lib/python3.11/site-packages/airflow/example_dags/example_sla_dag.py for tasks to queue
[2024-02-27T15:07:52.145+0000] {logging_mixin.py:188} INFO - [2024-02-27T15:07:52.145+0000] {dagbag.py:540} INFO - Filling up the DagBag from /home/airflow/.local/lib/python3.11/site-packages/airflow/example_dags/example_sla_dag.py
[2024-02-27T15:07:52.150+0000] {processor.py:840} INFO - DAG(s) 'example_sla_dag' retrieved from /home/airflow/.local/lib/python3.11/site-packages/airflow/example_dags/example_sla_dag.py
[2024-02-27T15:07:52.160+0000] {logging_mixin.py:188} INFO - [2024-02-27T15:07:52.160+0000] {dag.py:3047} INFO - Sync 1 DAGs
[2024-02-27T15:07:52.173+0000] {logging_mixin.py:188} INFO - [2024-02-27T15:07:52.173+0000] {dag.py:3834} INFO - Setting next_dagrun for example_sla_dag to 2024-02-27 15:04:00+00:00, run_after=2024-02-27 15:06:00+00:00
[2024-02-27T15:07:52.184+0000] {processor.py:183} INFO - Processing /home/airflow/.local/lib/python3.11/site-packages/airflow/example_dags/example_sla_dag.py took 0.045 seconds
[2024-02-27T15:08:22.215+0000] {processor.py:161} INFO - Started process (PID=447) to work on /home/airflow/.local/lib/python3.11/site-packages/airflow/example_dags/example_sla_dag.py
[2024-02-27T15:08:22.216+0000] {processor.py:830} INFO - Processing file /home/airflow/.local/lib/python3.11/site-packages/airflow/example_dags/example_sla_dag.py for tasks to queue
[2024-02-27T15:08:22.217+0000] {logging_mixin.py:188} INFO - [2024-02-27T15:08:22.217+0000] {dagbag.py:540} INFO - Filling up the DagBag from /home/airflow/.local/lib/python3.11/site-packages/airflow/example_dags/example_sla_dag.py
[2024-02-27T15:08:22.222+0000] {processor.py:840} INFO - DAG(s) 'example_sla_dag' retrieved from /home/airflow/.local/lib/python3.11/site-packages/airflow/example_dags/example_sla_dag.py
[2024-02-27T15:08:22.234+0000] {logging_mixin.py:188} INFO - [2024-02-27T15:08:22.233+0000] {dag.py:3047} INFO - Sync 1 DAGs
[2024-02-27T15:08:22.250+0000] {logging_mixin.py:188} INFO - [2024-02-27T15:08:22.250+0000] {dag.py:3834} INFO - Setting next_dagrun for example_sla_dag to 2024-02-27 15:06:00+00:00, run_after=2024-02-27 15:08:00+00:00
[2024-02-27T15:08:22.262+0000] {processor.py:183} INFO - Processing /home/airflow/.local/lib/python3.11/site-packages/airflow/example_dags/example_sla_dag.py took 0.049 seconds
[2024-02-27T15:08:52.343+0000] {processor.py:161} INFO - Started process (PID=502) to work on /home/airflow/.local/lib/python3.11/site-packages/airflow/example_dags/example_sla_dag.py
[2024-02-27T15:08:52.344+0000] {processor.py:830} INFO - Processing file /home/airflow/.local/lib/python3.11/site-packages/airflow/example_dags/example_sla_dag.py for tasks to queue
[2024-02-27T15:08:52.345+0000] {logging_mixin.py:188} INFO - [2024-02-27T15:08:52.345+0000] {dagbag.py:540} INFO - Filling up the DagBag from /home/airflow/.local/lib/python3.11/site-packages/airflow/example_dags/example_sla_dag.py
[2024-02-27T15:08:52.350+0000] {processor.py:840} INFO - DAG(s) 'example_sla_dag' retrieved from /home/airflow/.local/lib/python3.11/site-packages/airflow/example_dags/example_sla_dag.py
[2024-02-27T15:08:52.361+0000] {logging_mixin.py:188} INFO - [2024-02-27T15:08:52.361+0000] {dag.py:3047} INFO - Sync 1 DAGs
[2024-02-27T15:08:52.375+0000] {logging_mixin.py:188} INFO - [2024-02-27T15:08:52.375+0000] {dag.py:3834} INFO - Setting next_dagrun for example_sla_dag to 2024-02-27 15:06:00+00:00, run_after=2024-02-27 15:08:00+00:00
[2024-02-27T15:08:52.386+0000] {processor.py:183} INFO - Processing /home/airflow/.local/lib/python3.11/site-packages/airflow/example_dags/example_sla_dag.py took 0.045 seconds
[2024-02-27T15:09:22.619+0000] {processor.py:161} INFO - Started process (PID=557) to work on /home/airflow/.local/lib/python3.11/site-packages/airflow/example_dags/example_sla_dag.py
[2024-02-27T15:09:22.620+0000] {processor.py:830} INFO - Processing file /home/airflow/.local/lib/python3.11/site-packages/airflow/example_dags/example_sla_dag.py for tasks to queue
[2024-02-27T15:09:22.621+0000] {logging_mixin.py:188} INFO - [2024-02-27T15:09:22.621+0000] {dagbag.py:540} INFO - Filling up the DagBag from /home/airflow/.local/lib/python3.11/site-packages/airflow/example_dags/example_sla_dag.py
[2024-02-27T15:09:22.626+0000] {processor.py:840} INFO - DAG(s) 'example_sla_dag' retrieved from /home/airflow/.local/lib/python3.11/site-packages/airflow/example_dags/example_sla_dag.py
[2024-02-27T15:09:22.637+0000] {logging_mixin.py:188} INFO - [2024-02-27T15:09:22.637+0000] {dag.py:3047} INFO - Sync 1 DAGs
[2024-02-27T15:09:22.651+0000] {logging_mixin.py:188} INFO - [2024-02-27T15:09:22.651+0000] {dag.py:3834} INFO - Setting next_dagrun for example_sla_dag to 2024-02-27 15:06:00+00:00, run_after=2024-02-27 15:08:00+00:00
[2024-02-27T15:09:22.662+0000] {processor.py:183} INFO - Processing /home/airflow/.local/lib/python3.11/site-packages/airflow/example_dags/example_sla_dag.py took 0.045 seconds
[2024-02-27T15:09:52.686+0000] {processor.py:161} INFO - Started process (PID=612) to work on /home/airflow/.local/lib/python3.11/site-packages/airflow/example_dags/example_sla_dag.py
[2024-02-27T15:09:52.687+0000] {processor.py:830} INFO - Processing file /home/airflow/.local/lib/python3.11/site-packages/airflow/example_dags/example_sla_dag.py for tasks to queue
[2024-02-27T15:09:52.689+0000] {logging_mixin.py:188} INFO - [2024-02-27T15:09:52.689+0000] {dagbag.py:540} INFO - Filling up the DagBag from /home/airflow/.local/lib/python3.11/site-packages/airflow/example_dags/example_sla_dag.py
[2024-02-27T15:09:52.694+0000] {processor.py:840} INFO - DAG(s) 'example_sla_dag' retrieved from /home/airflow/.local/lib/python3.11/site-packages/airflow/example_dags/example_sla_dag.py
[2024-02-27T15:09:52.705+0000] {logging_mixin.py:188} INFO - [2024-02-27T15:09:52.705+0000] {dag.py:3047} INFO - Sync 1 DAGs
[2024-02-27T15:09:52.719+0000] {logging_mixin.py:188} INFO - [2024-02-27T15:09:52.719+0000] {dag.py:3834} INFO - Setting next_dagrun for example_sla_dag to 2024-02-27 15:06:00+00:00, run_after=2024-02-27 15:08:00+00:00
[2024-02-27T15:09:52.730+0000] {processor.py:183} INFO - Processing /home/airflow/.local/lib/python3.11/site-packages/airflow/example_dags/example_sla_dag.py took 0.046 seconds
[2024-02-27T15:10:22.820+0000] {processor.py:161} INFO - Started process (PID=667) to work on /home/airflow/.local/lib/python3.11/site-packages/airflow/example_dags/example_sla_dag.py
[2024-02-27T15:10:22.821+0000] {processor.py:830} INFO - Processing file /home/airflow/.local/lib/python3.11/site-packages/airflow/example_dags/example_sla_dag.py for tasks to queue
[2024-02-27T15:10:22.822+0000] {logging_mixin.py:188} INFO - [2024-02-27T15:10:22.822+0000] {dagbag.py:540} INFO - Filling up the DagBag from /home/airflow/.local/lib/python3.11/site-packages/airflow/example_dags/example_sla_dag.py
[2024-02-27T15:10:22.827+0000] {processor.py:840} INFO - DAG(s) 'example_sla_dag' retrieved from /home/airflow/.local/lib/python3.11/site-packages/airflow/example_dags/example_sla_dag.py
[2024-02-27T15:10:22.838+0000] {logging_mixin.py:188} INFO - [2024-02-27T15:10:22.838+0000] {dag.py:3047} INFO - Sync 1 DAGs
[2024-02-27T15:10:22.853+0000] {logging_mixin.py:188} INFO - [2024-02-27T15:10:22.853+0000] {dag.py:3834} INFO - Setting next_dagrun for example_sla_dag to 2024-02-27 15:08:00+00:00, run_after=2024-02-27 15:10:00+00:00
[2024-02-27T15:10:22.865+0000] {processor.py:183} INFO - Processing /home/airflow/.local/lib/python3.11/site-packages/airflow/example_dags/example_sla_dag.py took 0.046 seconds
[2024-02-27T15:10:52.933+0000] {processor.py:161} INFO - Started process (PID=722) to work on /home/airflow/.local/lib/python3.11/site-packages/airflow/example_dags/example_sla_dag.py
[2024-02-27T15:10:52.933+0000] {processor.py:830} INFO - Processing file /home/airflow/.local/lib/python3.11/site-packages/airflow/example_dags/example_sla_dag.py for tasks to queue
[2024-02-27T15:10:52.935+0000] {logging_mixin.py:188} INFO - [2024-02-27T15:10:52.935+0000] {dagbag.py:540} INFO - Filling up the DagBag from /home/airflow/.local/lib/python3.11/site-packages/airflow/example_dags/example_sla_dag.py
[2024-02-27T15:10:52.940+0000] {processor.py:840} INFO - DAG(s) 'example_sla_dag' retrieved from /home/airflow/.local/lib/python3.11/site-packages/airflow/example_dags/example_sla_dag.py
[2024-02-27T15:10:52.951+0000] {logging_mixin.py:188} INFO - [2024-02-27T15:10:52.951+0000] {dag.py:3047} INFO - Sync 1 DAGs
[2024-02-27T15:10:52.966+0000] {logging_mixin.py:188} INFO - [2024-02-27T15:10:52.966+0000] {dag.py:3834} INFO - Setting next_dagrun for example_sla_dag to 2024-02-27 15:08:00+00:00, run_after=2024-02-27 15:10:00+00:00
[2024-02-27T15:10:52.977+0000] {processor.py:183} INFO - Processing /home/airflow/.local/lib/python3.11/site-packages/airflow/example_dags/example_sla_dag.py took 0.046 seconds
[2024-02-27T15:11:23.130+0000] {processor.py:161} INFO - Started process (PID=777) to work on /home/airflow/.local/lib/python3.11/site-packages/airflow/example_dags/example_sla_dag.py
[2024-02-27T15:11:23.131+0000] {processor.py:830} INFO - Processing file /home/airflow/.local/lib/python3.11/site-packages/airflow/example_dags/example_sla_dag.py for tasks to queue
[2024-02-27T15:11:23.132+0000] {logging_mixin.py:188} INFO - [2024-02-27T15:11:23.132+0000] {dagbag.py:540} INFO - Filling up the DagBag from /home/airflow/.local/lib/python3.11/site-packages/airflow/example_dags/example_sla_dag.py
[2024-02-27T15:11:23.137+0000] {processor.py:840} INFO - DAG(s) 'example_sla_dag' retrieved from /home/airflow/.local/lib/python3.11/site-packages/airflow/example_dags/example_sla_dag.py
[2024-02-27T15:11:23.148+0000] {logging_mixin.py:188} INFO - [2024-02-27T15:11:23.147+0000] {dag.py:3047} INFO - Sync 1 DAGs
[2024-02-27T15:11:23.161+0000] {logging_mixin.py:188} INFO - [2024-02-27T15:11:23.161+0000] {dag.py:3834} INFO - Setting next_dagrun for example_sla_dag to 2024-02-27 15:08:00+00:00, run_after=2024-02-27 15:10:00+00:00
[2024-02-27T15:11:23.172+0000] {processor.py:183} INFO - Processing /home/airflow/.local/lib/python3.11/site-packages/airflow/example_dags/example_sla_dag.py took 0.044 seconds
[2024-02-27T15:11:53.208+0000] {processor.py:161} INFO - Started process (PID=833) to work on /home/airflow/.local/lib/python3.11/site-packages/airflow/example_dags/example_sla_dag.py
[2024-02-27T15:11:53.208+0000] {processor.py:830} INFO - Processing file /home/airflow/.local/lib/python3.11/site-packages/airflow/example_dags/example_sla_dag.py for tasks to queue
[2024-02-27T15:11:53.210+0000] {logging_mixin.py:188} INFO - [2024-02-27T15:11:53.209+0000] {dagbag.py:540} INFO - Filling up the DagBag from /home/airflow/.local/lib/python3.11/site-packages/airflow/example_dags/example_sla_dag.py
[2024-02-27T15:11:53.215+0000] {processor.py:840} INFO - DAG(s) 'example_sla_dag' retrieved from /home/airflow/.local/lib/python3.11/site-packages/airflow/example_dags/example_sla_dag.py
[2024-02-27T15:11:53.225+0000] {logging_mixin.py:188} INFO - [2024-02-27T15:11:53.225+0000] {dag.py:3047} INFO - Sync 1 DAGs
[2024-02-27T15:11:53.239+0000] {logging_mixin.py:188} INFO - [2024-02-27T15:11:53.238+0000] {dag.py:3834} INFO - Setting next_dagrun for example_sla_dag to 2024-02-27 15:08:00+00:00, run_after=2024-02-27 15:10:00+00:00
[2024-02-27T15:11:53.249+0000] {processor.py:183} INFO - Processing /home/airflow/.local/lib/python3.11/site-packages/airflow/example_dags/example_sla_dag.py took 0.043 seconds
[2024-02-27T15:12:23.426+0000] {processor.py:161} INFO - Started process (PID=888) to work on /home/airflow/.local/lib/python3.11/site-packages/airflow/example_dags/example_sla_dag.py
[2024-02-27T15:12:23.427+0000] {processor.py:830} INFO - Processing file /home/airflow/.local/lib/python3.11/site-packages/airflow/example_dags/example_sla_dag.py for tasks to queue
[2024-02-27T15:12:23.429+0000] {logging_mixin.py:188} INFO - [2024-02-27T15:12:23.428+0000] {dagbag.py:540} INFO - Filling up the DagBag from /home/airflow/.local/lib/python3.11/site-packages/airflow/example_dags/example_sla_dag.py
[2024-02-27T15:12:23.434+0000] {processor.py:840} INFO - DAG(s) 'example_sla_dag' retrieved from /home/airflow/.local/lib/python3.11/site-packages/airflow/example_dags/example_sla_dag.py
[2024-02-27T15:12:23.445+0000] {logging_mixin.py:188} INFO - [2024-02-27T15:12:23.445+0000] {dag.py:3047} INFO - Sync 1 DAGs
[2024-02-27T15:12:23.459+0000] {logging_mixin.py:188} INFO - [2024-02-27T15:12:23.459+0000] {dag.py:3834} INFO - Setting next_dagrun for example_sla_dag to 2024-02-27 15:10:00+00:00, run_after=2024-02-27 15:12:00+00:00
[2024-02-27T15:12:23.470+0000] {processor.py:183} INFO - Processing /home/airflow/.local/lib/python3.11/site-packages/airflow/example_dags/example_sla_dag.py took 0.046 seconds
[2024-02-27T15:12:53.586+0000] {processor.py:161} INFO - Started process (PID=943) to work on /home/airflow/.local/lib/python3.11/site-packages/airflow/example_dags/example_sla_dag.py
[2024-02-27T15:12:53.587+0000] {processor.py:830} INFO - Processing file /home/airflow/.local/lib/python3.11/site-packages/airflow/example_dags/example_sla_dag.py for tasks to queue
[2024-02-27T15:12:53.588+0000] {logging_mixin.py:188} INFO - [2024-02-27T15:12:53.588+0000] {dagbag.py:540} INFO - Filling up the DagBag from /home/airflow/.local/lib/python3.11/site-packages/airflow/example_dags/example_sla_dag.py
[2024-02-27T15:12:53.594+0000] {processor.py:840} INFO - DAG(s) 'example_sla_dag' retrieved from /home/airflow/.local/lib/python3.11/site-packages/airflow/example_dags/example_sla_dag.py
[2024-02-27T15:12:53.606+0000] {logging_mixin.py:188} INFO - [2024-02-27T15:12:53.606+0000] {dag.py:3047} INFO - Sync 1 DAGs
[2024-02-27T15:12:53.621+0000] {logging_mixin.py:188} INFO - [2024-02-27T15:12:53.621+0000] {dag.py:3834} INFO - Setting next_dagrun for example_sla_dag to 2024-02-27 15:10:00+00:00, run_after=2024-02-27 15:12:00+00:00
[2024-02-27T15:12:53.633+0000] {processor.py:183} INFO - Processing /home/airflow/.local/lib/python3.11/site-packages/airflow/example_dags/example_sla_dag.py took 0.049 seconds
[2024-02-27T15:20:39.213+0000] {processor.py:161} INFO - Started process (PID=62) to work on /home/airflow/.local/lib/python3.11/site-packages/airflow/example_dags/example_sla_dag.py
[2024-02-27T15:20:39.215+0000] {processor.py:830} INFO - Processing file /home/airflow/.local/lib/python3.11/site-packages/airflow/example_dags/example_sla_dag.py for tasks to queue
[2024-02-27T15:20:39.216+0000] {logging_mixin.py:188} INFO - [2024-02-27T15:20:39.216+0000] {dagbag.py:540} INFO - Filling up the DagBag from /home/airflow/.local/lib/python3.11/site-packages/airflow/example_dags/example_sla_dag.py
[2024-02-27T15:20:39.223+0000] {processor.py:840} INFO - DAG(s) 'example_sla_dag' retrieved from /home/airflow/.local/lib/python3.11/site-packages/airflow/example_dags/example_sla_dag.py
[2024-02-27T15:20:39.247+0000] {logging_mixin.py:188} INFO - [2024-02-27T15:20:39.247+0000] {dag.py:3047} INFO - Sync 1 DAGs
[2024-02-27T15:20:39.273+0000] {logging_mixin.py:188} INFO - [2024-02-27T15:20:39.273+0000] {dag.py:3834} INFO - Setting next_dagrun for example_sla_dag to 2024-02-27 15:18:00+00:00, run_after=2024-02-27 15:20:00+00:00
[2024-02-27T15:20:39.303+0000] {processor.py:183} INFO - Processing /home/airflow/.local/lib/python3.11/site-packages/airflow/example_dags/example_sla_dag.py took 0.092 seconds
[2024-02-27T15:21:10.212+0000] {processor.py:161} INFO - Started process (PID=117) to work on /home/airflow/.local/lib/python3.11/site-packages/airflow/example_dags/example_sla_dag.py
[2024-02-27T15:21:10.213+0000] {processor.py:830} INFO - Processing file /home/airflow/.local/lib/python3.11/site-packages/airflow/example_dags/example_sla_dag.py for tasks to queue
[2024-02-27T15:21:10.214+0000] {logging_mixin.py:188} INFO - [2024-02-27T15:21:10.214+0000] {dagbag.py:540} INFO - Filling up the DagBag from /home/airflow/.local/lib/python3.11/site-packages/airflow/example_dags/example_sla_dag.py
[2024-02-27T15:21:10.219+0000] {processor.py:840} INFO - DAG(s) 'example_sla_dag' retrieved from /home/airflow/.local/lib/python3.11/site-packages/airflow/example_dags/example_sla_dag.py
[2024-02-27T15:21:10.289+0000] {logging_mixin.py:188} INFO - [2024-02-27T15:21:10.289+0000] {dag.py:3047} INFO - Sync 1 DAGs
[2024-02-27T15:21:10.307+0000] {logging_mixin.py:188} INFO - [2024-02-27T15:21:10.306+0000] {dag.py:3834} INFO - Setting next_dagrun for example_sla_dag to 2024-02-27 15:18:00+00:00, run_after=2024-02-27 15:20:00+00:00
[2024-02-27T15:21:10.330+0000] {processor.py:183} INFO - Processing /home/airflow/.local/lib/python3.11/site-packages/airflow/example_dags/example_sla_dag.py took 0.119 seconds
