[2024-02-27T15:04:49.925+0000] {processor.py:161} INFO - Started process (PID=79) to work on /home/airflow/.local/lib/python3.11/site-packages/airflow/example_dags/example_time_delta_sensor_async.py
[2024-02-27T15:04:49.926+0000] {processor.py:830} INFO - Processing file /home/airflow/.local/lib/python3.11/site-packages/airflow/example_dags/example_time_delta_sensor_async.py for tasks to queue
[2024-02-27T15:04:49.927+0000] {logging_mixin.py:188} INFO - [2024-02-27T15:04:49.927+0000] {dagbag.py:540} INFO - Filling up the DagBag from /home/airflow/.local/lib/python3.11/site-packages/airflow/example_dags/example_time_delta_sensor_async.py
[2024-02-27T15:04:49.931+0000] {processor.py:840} INFO - DAG(s) 'example_time_delta_sensor_async' retrieved from /home/airflow/.local/lib/python3.11/site-packages/airflow/example_dags/example_time_delta_sensor_async.py
[2024-02-27T15:04:49.938+0000] {logging_mixin.py:188} INFO - [2024-02-27T15:04:49.938+0000] {dag.py:3047} INFO - Sync 1 DAGs
[2024-02-27T15:04:49.950+0000] {logging_mixin.py:188} INFO - [2024-02-27T15:04:49.949+0000] {dag.py:3834} INFO - Setting next_dagrun for example_time_delta_sensor_async to None, run_after=None
[2024-02-27T15:04:49.964+0000] {processor.py:183} INFO - Processing /home/airflow/.local/lib/python3.11/site-packages/airflow/example_dags/example_time_delta_sensor_async.py took 0.041 seconds
[2024-02-27T15:05:20.668+0000] {processor.py:161} INFO - Started process (PID=134) to work on /home/airflow/.local/lib/python3.11/site-packages/airflow/example_dags/example_time_delta_sensor_async.py
[2024-02-27T15:05:20.669+0000] {processor.py:830} INFO - Processing file /home/airflow/.local/lib/python3.11/site-packages/airflow/example_dags/example_time_delta_sensor_async.py for tasks to queue
[2024-02-27T15:05:20.670+0000] {logging_mixin.py:188} INFO - [2024-02-27T15:05:20.670+0000] {dagbag.py:540} INFO - Filling up the DagBag from /home/airflow/.local/lib/python3.11/site-packages/airflow/example_dags/example_time_delta_sensor_async.py
[2024-02-27T15:05:20.673+0000] {processor.py:840} INFO - DAG(s) 'example_time_delta_sensor_async' retrieved from /home/airflow/.local/lib/python3.11/site-packages/airflow/example_dags/example_time_delta_sensor_async.py
[2024-02-27T15:05:20.732+0000] {logging_mixin.py:188} INFO - [2024-02-27T15:05:20.732+0000] {dag.py:3047} INFO - Sync 1 DAGs
[2024-02-27T15:05:20.739+0000] {logging_mixin.py:188} INFO - [2024-02-27T15:05:20.738+0000] {dag.py:3834} INFO - Setting next_dagrun for example_time_delta_sensor_async to None, run_after=None
[2024-02-27T15:05:20.751+0000] {processor.py:183} INFO - Processing /home/airflow/.local/lib/python3.11/site-packages/airflow/example_dags/example_time_delta_sensor_async.py took 0.085 seconds
[2024-02-27T15:05:51.581+0000] {processor.py:161} INFO - Started process (PID=189) to work on /home/airflow/.local/lib/python3.11/site-packages/airflow/example_dags/example_time_delta_sensor_async.py
[2024-02-27T15:05:51.582+0000] {processor.py:830} INFO - Processing file /home/airflow/.local/lib/python3.11/site-packages/airflow/example_dags/example_time_delta_sensor_async.py for tasks to queue
[2024-02-27T15:05:51.583+0000] {logging_mixin.py:188} INFO - [2024-02-27T15:05:51.583+0000] {dagbag.py:540} INFO - Filling up the DagBag from /home/airflow/.local/lib/python3.11/site-packages/airflow/example_dags/example_time_delta_sensor_async.py
[2024-02-27T15:05:51.586+0000] {processor.py:840} INFO - DAG(s) 'example_time_delta_sensor_async' retrieved from /home/airflow/.local/lib/python3.11/site-packages/airflow/example_dags/example_time_delta_sensor_async.py
[2024-02-27T15:05:51.597+0000] {logging_mixin.py:188} INFO - [2024-02-27T15:05:51.597+0000] {dag.py:3047} INFO - Sync 1 DAGs
[2024-02-27T15:05:51.605+0000] {logging_mixin.py:188} INFO - [2024-02-27T15:05:51.604+0000] {dag.py:3834} INFO - Setting next_dagrun for example_time_delta_sensor_async to None, run_after=None
[2024-02-27T15:05:51.616+0000] {processor.py:183} INFO - Processing /home/airflow/.local/lib/python3.11/site-packages/airflow/example_dags/example_time_delta_sensor_async.py took 0.037 seconds
[2024-02-27T15:06:22.465+0000] {processor.py:161} INFO - Started process (PID=244) to work on /home/airflow/.local/lib/python3.11/site-packages/airflow/example_dags/example_time_delta_sensor_async.py
[2024-02-27T15:06:22.466+0000] {processor.py:830} INFO - Processing file /home/airflow/.local/lib/python3.11/site-packages/airflow/example_dags/example_time_delta_sensor_async.py for tasks to queue
[2024-02-27T15:06:22.467+0000] {logging_mixin.py:188} INFO - [2024-02-27T15:06:22.467+0000] {dagbag.py:540} INFO - Filling up the DagBag from /home/airflow/.local/lib/python3.11/site-packages/airflow/example_dags/example_time_delta_sensor_async.py
[2024-02-27T15:06:22.470+0000] {processor.py:840} INFO - DAG(s) 'example_time_delta_sensor_async' retrieved from /home/airflow/.local/lib/python3.11/site-packages/airflow/example_dags/example_time_delta_sensor_async.py
[2024-02-27T15:06:22.481+0000] {logging_mixin.py:188} INFO - [2024-02-27T15:06:22.481+0000] {dag.py:3047} INFO - Sync 1 DAGs
[2024-02-27T15:06:22.488+0000] {logging_mixin.py:188} INFO - [2024-02-27T15:06:22.488+0000] {dag.py:3834} INFO - Setting next_dagrun for example_time_delta_sensor_async to None, run_after=None
[2024-02-27T15:06:22.498+0000] {processor.py:183} INFO - Processing /home/airflow/.local/lib/python3.11/site-packages/airflow/example_dags/example_time_delta_sensor_async.py took 0.035 seconds
[2024-02-27T15:06:53.489+0000] {processor.py:161} INFO - Started process (PID=299) to work on /home/airflow/.local/lib/python3.11/site-packages/airflow/example_dags/example_time_delta_sensor_async.py
[2024-02-27T15:06:53.490+0000] {processor.py:830} INFO - Processing file /home/airflow/.local/lib/python3.11/site-packages/airflow/example_dags/example_time_delta_sensor_async.py for tasks to queue
[2024-02-27T15:06:53.491+0000] {logging_mixin.py:188} INFO - [2024-02-27T15:06:53.491+0000] {dagbag.py:540} INFO - Filling up the DagBag from /home/airflow/.local/lib/python3.11/site-packages/airflow/example_dags/example_time_delta_sensor_async.py
[2024-02-27T15:06:53.495+0000] {processor.py:840} INFO - DAG(s) 'example_time_delta_sensor_async' retrieved from /home/airflow/.local/lib/python3.11/site-packages/airflow/example_dags/example_time_delta_sensor_async.py
[2024-02-27T15:06:53.508+0000] {logging_mixin.py:188} INFO - [2024-02-27T15:06:53.507+0000] {dag.py:3047} INFO - Sync 1 DAGs
[2024-02-27T15:06:53.515+0000] {logging_mixin.py:188} INFO - [2024-02-27T15:06:53.515+0000] {dag.py:3834} INFO - Setting next_dagrun for example_time_delta_sensor_async to None, run_after=None
[2024-02-27T15:06:53.528+0000] {processor.py:183} INFO - Processing /home/airflow/.local/lib/python3.11/site-packages/airflow/example_dags/example_time_delta_sensor_async.py took 0.041 seconds
[2024-02-27T15:07:23.753+0000] {processor.py:161} INFO - Started process (PID=354) to work on /home/airflow/.local/lib/python3.11/site-packages/airflow/example_dags/example_time_delta_sensor_async.py
[2024-02-27T15:07:23.753+0000] {processor.py:830} INFO - Processing file /home/airflow/.local/lib/python3.11/site-packages/airflow/example_dags/example_time_delta_sensor_async.py for tasks to queue
[2024-02-27T15:07:23.754+0000] {logging_mixin.py:188} INFO - [2024-02-27T15:07:23.754+0000] {dagbag.py:540} INFO - Filling up the DagBag from /home/airflow/.local/lib/python3.11/site-packages/airflow/example_dags/example_time_delta_sensor_async.py
[2024-02-27T15:07:23.758+0000] {processor.py:840} INFO - DAG(s) 'example_time_delta_sensor_async' retrieved from /home/airflow/.local/lib/python3.11/site-packages/airflow/example_dags/example_time_delta_sensor_async.py
[2024-02-27T15:07:23.773+0000] {logging_mixin.py:188} INFO - [2024-02-27T15:07:23.773+0000] {dag.py:3047} INFO - Sync 1 DAGs
[2024-02-27T15:07:23.783+0000] {logging_mixin.py:188} INFO - [2024-02-27T15:07:23.783+0000] {dag.py:3834} INFO - Setting next_dagrun for example_time_delta_sensor_async to None, run_after=None
[2024-02-27T15:07:23.803+0000] {processor.py:183} INFO - Processing /home/airflow/.local/lib/python3.11/site-packages/airflow/example_dags/example_time_delta_sensor_async.py took 0.053 seconds
[2024-02-27T15:07:53.840+0000] {processor.py:161} INFO - Started process (PID=409) to work on /home/airflow/.local/lib/python3.11/site-packages/airflow/example_dags/example_time_delta_sensor_async.py
[2024-02-27T15:07:53.840+0000] {processor.py:830} INFO - Processing file /home/airflow/.local/lib/python3.11/site-packages/airflow/example_dags/example_time_delta_sensor_async.py for tasks to queue
[2024-02-27T15:07:53.842+0000] {logging_mixin.py:188} INFO - [2024-02-27T15:07:53.842+0000] {dagbag.py:540} INFO - Filling up the DagBag from /home/airflow/.local/lib/python3.11/site-packages/airflow/example_dags/example_time_delta_sensor_async.py
[2024-02-27T15:07:53.845+0000] {processor.py:840} INFO - DAG(s) 'example_time_delta_sensor_async' retrieved from /home/airflow/.local/lib/python3.11/site-packages/airflow/example_dags/example_time_delta_sensor_async.py
[2024-02-27T15:07:53.856+0000] {logging_mixin.py:188} INFO - [2024-02-27T15:07:53.856+0000] {dag.py:3047} INFO - Sync 1 DAGs
[2024-02-27T15:07:53.863+0000] {logging_mixin.py:188} INFO - [2024-02-27T15:07:53.863+0000] {dag.py:3834} INFO - Setting next_dagrun for example_time_delta_sensor_async to None, run_after=None
[2024-02-27T15:07:53.875+0000] {processor.py:183} INFO - Processing /home/airflow/.local/lib/python3.11/site-packages/airflow/example_dags/example_time_delta_sensor_async.py took 0.037 seconds
[2024-02-27T15:08:23.969+0000] {processor.py:161} INFO - Started process (PID=464) to work on /home/airflow/.local/lib/python3.11/site-packages/airflow/example_dags/example_time_delta_sensor_async.py
[2024-02-27T15:08:23.970+0000] {processor.py:830} INFO - Processing file /home/airflow/.local/lib/python3.11/site-packages/airflow/example_dags/example_time_delta_sensor_async.py for tasks to queue
[2024-02-27T15:08:23.972+0000] {logging_mixin.py:188} INFO - [2024-02-27T15:08:23.971+0000] {dagbag.py:540} INFO - Filling up the DagBag from /home/airflow/.local/lib/python3.11/site-packages/airflow/example_dags/example_time_delta_sensor_async.py
[2024-02-27T15:08:23.975+0000] {processor.py:840} INFO - DAG(s) 'example_time_delta_sensor_async' retrieved from /home/airflow/.local/lib/python3.11/site-packages/airflow/example_dags/example_time_delta_sensor_async.py
[2024-02-27T15:08:23.990+0000] {logging_mixin.py:188} INFO - [2024-02-27T15:08:23.989+0000] {dag.py:3047} INFO - Sync 1 DAGs
[2024-02-27T15:08:23.998+0000] {logging_mixin.py:188} INFO - [2024-02-27T15:08:23.998+0000] {dag.py:3834} INFO - Setting next_dagrun for example_time_delta_sensor_async to None, run_after=None
[2024-02-27T15:08:24.010+0000] {processor.py:183} INFO - Processing /home/airflow/.local/lib/python3.11/site-packages/airflow/example_dags/example_time_delta_sensor_async.py took 0.043 seconds
[2024-02-27T15:08:54.053+0000] {processor.py:161} INFO - Started process (PID=518) to work on /home/airflow/.local/lib/python3.11/site-packages/airflow/example_dags/example_time_delta_sensor_async.py
[2024-02-27T15:08:54.054+0000] {processor.py:830} INFO - Processing file /home/airflow/.local/lib/python3.11/site-packages/airflow/example_dags/example_time_delta_sensor_async.py for tasks to queue
[2024-02-27T15:08:54.056+0000] {logging_mixin.py:188} INFO - [2024-02-27T15:08:54.056+0000] {dagbag.py:540} INFO - Filling up the DagBag from /home/airflow/.local/lib/python3.11/site-packages/airflow/example_dags/example_time_delta_sensor_async.py
[2024-02-27T15:08:54.059+0000] {processor.py:840} INFO - DAG(s) 'example_time_delta_sensor_async' retrieved from /home/airflow/.local/lib/python3.11/site-packages/airflow/example_dags/example_time_delta_sensor_async.py
[2024-02-27T15:08:54.072+0000] {logging_mixin.py:188} INFO - [2024-02-27T15:08:54.072+0000] {dag.py:3047} INFO - Sync 1 DAGs
[2024-02-27T15:08:54.080+0000] {logging_mixin.py:188} INFO - [2024-02-27T15:08:54.080+0000] {dag.py:3834} INFO - Setting next_dagrun for example_time_delta_sensor_async to None, run_after=None
[2024-02-27T15:08:54.091+0000] {processor.py:183} INFO - Processing /home/airflow/.local/lib/python3.11/site-packages/airflow/example_dags/example_time_delta_sensor_async.py took 0.041 seconds
[2024-02-27T15:09:24.241+0000] {processor.py:161} INFO - Started process (PID=573) to work on /home/airflow/.local/lib/python3.11/site-packages/airflow/example_dags/example_time_delta_sensor_async.py
[2024-02-27T15:09:24.242+0000] {processor.py:830} INFO - Processing file /home/airflow/.local/lib/python3.11/site-packages/airflow/example_dags/example_time_delta_sensor_async.py for tasks to queue
[2024-02-27T15:09:24.243+0000] {logging_mixin.py:188} INFO - [2024-02-27T15:09:24.243+0000] {dagbag.py:540} INFO - Filling up the DagBag from /home/airflow/.local/lib/python3.11/site-packages/airflow/example_dags/example_time_delta_sensor_async.py
[2024-02-27T15:09:24.246+0000] {processor.py:840} INFO - DAG(s) 'example_time_delta_sensor_async' retrieved from /home/airflow/.local/lib/python3.11/site-packages/airflow/example_dags/example_time_delta_sensor_async.py
[2024-02-27T15:09:24.259+0000] {logging_mixin.py:188} INFO - [2024-02-27T15:09:24.259+0000] {dag.py:3047} INFO - Sync 1 DAGs
[2024-02-27T15:09:24.266+0000] {logging_mixin.py:188} INFO - [2024-02-27T15:09:24.266+0000] {dag.py:3834} INFO - Setting next_dagrun for example_time_delta_sensor_async to None, run_after=None
[2024-02-27T15:09:24.278+0000] {processor.py:183} INFO - Processing /home/airflow/.local/lib/python3.11/site-packages/airflow/example_dags/example_time_delta_sensor_async.py took 0.039 seconds
[2024-02-27T15:09:54.354+0000] {processor.py:161} INFO - Started process (PID=628) to work on /home/airflow/.local/lib/python3.11/site-packages/airflow/example_dags/example_time_delta_sensor_async.py
[2024-02-27T15:09:54.355+0000] {processor.py:830} INFO - Processing file /home/airflow/.local/lib/python3.11/site-packages/airflow/example_dags/example_time_delta_sensor_async.py for tasks to queue
[2024-02-27T15:09:54.356+0000] {logging_mixin.py:188} INFO - [2024-02-27T15:09:54.356+0000] {dagbag.py:540} INFO - Filling up the DagBag from /home/airflow/.local/lib/python3.11/site-packages/airflow/example_dags/example_time_delta_sensor_async.py
[2024-02-27T15:09:54.359+0000] {processor.py:840} INFO - DAG(s) 'example_time_delta_sensor_async' retrieved from /home/airflow/.local/lib/python3.11/site-packages/airflow/example_dags/example_time_delta_sensor_async.py
[2024-02-27T15:09:54.371+0000] {logging_mixin.py:188} INFO - [2024-02-27T15:09:54.371+0000] {dag.py:3047} INFO - Sync 1 DAGs
[2024-02-27T15:09:54.378+0000] {logging_mixin.py:188} INFO - [2024-02-27T15:09:54.378+0000] {dag.py:3834} INFO - Setting next_dagrun for example_time_delta_sensor_async to None, run_after=None
[2024-02-27T15:09:54.389+0000] {processor.py:183} INFO - Processing /home/airflow/.local/lib/python3.11/site-packages/airflow/example_dags/example_time_delta_sensor_async.py took 0.037 seconds
[2024-02-27T15:10:25.388+0000] {processor.py:161} INFO - Started process (PID=683) to work on /home/airflow/.local/lib/python3.11/site-packages/airflow/example_dags/example_time_delta_sensor_async.py
[2024-02-27T15:10:25.389+0000] {processor.py:830} INFO - Processing file /home/airflow/.local/lib/python3.11/site-packages/airflow/example_dags/example_time_delta_sensor_async.py for tasks to queue
[2024-02-27T15:10:25.391+0000] {logging_mixin.py:188} INFO - [2024-02-27T15:10:25.390+0000] {dagbag.py:540} INFO - Filling up the DagBag from /home/airflow/.local/lib/python3.11/site-packages/airflow/example_dags/example_time_delta_sensor_async.py
[2024-02-27T15:10:25.394+0000] {processor.py:840} INFO - DAG(s) 'example_time_delta_sensor_async' retrieved from /home/airflow/.local/lib/python3.11/site-packages/airflow/example_dags/example_time_delta_sensor_async.py
[2024-02-27T15:10:25.406+0000] {logging_mixin.py:188} INFO - [2024-02-27T15:10:25.405+0000] {dag.py:3047} INFO - Sync 1 DAGs
[2024-02-27T15:10:25.421+0000] {logging_mixin.py:188} INFO - [2024-02-27T15:10:25.421+0000] {dag.py:3834} INFO - Setting next_dagrun for example_time_delta_sensor_async to None, run_after=None
[2024-02-27T15:10:25.436+0000] {processor.py:183} INFO - Processing /home/airflow/.local/lib/python3.11/site-packages/airflow/example_dags/example_time_delta_sensor_async.py took 0.050 seconds
[2024-02-27T15:10:55.501+0000] {processor.py:161} INFO - Started process (PID=738) to work on /home/airflow/.local/lib/python3.11/site-packages/airflow/example_dags/example_time_delta_sensor_async.py
[2024-02-27T15:10:55.501+0000] {processor.py:830} INFO - Processing file /home/airflow/.local/lib/python3.11/site-packages/airflow/example_dags/example_time_delta_sensor_async.py for tasks to queue
[2024-02-27T15:10:55.503+0000] {logging_mixin.py:188} INFO - [2024-02-27T15:10:55.503+0000] {dagbag.py:540} INFO - Filling up the DagBag from /home/airflow/.local/lib/python3.11/site-packages/airflow/example_dags/example_time_delta_sensor_async.py
[2024-02-27T15:10:55.505+0000] {processor.py:840} INFO - DAG(s) 'example_time_delta_sensor_async' retrieved from /home/airflow/.local/lib/python3.11/site-packages/airflow/example_dags/example_time_delta_sensor_async.py
[2024-02-27T15:10:55.517+0000] {logging_mixin.py:188} INFO - [2024-02-27T15:10:55.517+0000] {dag.py:3047} INFO - Sync 1 DAGs
[2024-02-27T15:10:55.524+0000] {logging_mixin.py:188} INFO - [2024-02-27T15:10:55.524+0000] {dag.py:3834} INFO - Setting next_dagrun for example_time_delta_sensor_async to None, run_after=None
[2024-02-27T15:10:55.535+0000] {processor.py:183} INFO - Processing /home/airflow/.local/lib/python3.11/site-packages/airflow/example_dags/example_time_delta_sensor_async.py took 0.036 seconds
[2024-02-27T15:11:25.748+0000] {processor.py:161} INFO - Started process (PID=793) to work on /home/airflow/.local/lib/python3.11/site-packages/airflow/example_dags/example_time_delta_sensor_async.py
[2024-02-27T15:11:25.749+0000] {processor.py:830} INFO - Processing file /home/airflow/.local/lib/python3.11/site-packages/airflow/example_dags/example_time_delta_sensor_async.py for tasks to queue
[2024-02-27T15:11:25.751+0000] {logging_mixin.py:188} INFO - [2024-02-27T15:11:25.751+0000] {dagbag.py:540} INFO - Filling up the DagBag from /home/airflow/.local/lib/python3.11/site-packages/airflow/example_dags/example_time_delta_sensor_async.py
[2024-02-27T15:11:25.753+0000] {processor.py:840} INFO - DAG(s) 'example_time_delta_sensor_async' retrieved from /home/airflow/.local/lib/python3.11/site-packages/airflow/example_dags/example_time_delta_sensor_async.py
[2024-02-27T15:11:25.765+0000] {logging_mixin.py:188} INFO - [2024-02-27T15:11:25.765+0000] {dag.py:3047} INFO - Sync 1 DAGs
[2024-02-27T15:11:25.772+0000] {logging_mixin.py:188} INFO - [2024-02-27T15:11:25.772+0000] {dag.py:3834} INFO - Setting next_dagrun for example_time_delta_sensor_async to None, run_after=None
[2024-02-27T15:11:25.783+0000] {processor.py:183} INFO - Processing /home/airflow/.local/lib/python3.11/site-packages/airflow/example_dags/example_time_delta_sensor_async.py took 0.037 seconds
[2024-02-27T15:11:55.952+0000] {processor.py:161} INFO - Started process (PID=849) to work on /home/airflow/.local/lib/python3.11/site-packages/airflow/example_dags/example_time_delta_sensor_async.py
[2024-02-27T15:11:55.953+0000] {processor.py:830} INFO - Processing file /home/airflow/.local/lib/python3.11/site-packages/airflow/example_dags/example_time_delta_sensor_async.py for tasks to queue
[2024-02-27T15:11:55.954+0000] {logging_mixin.py:188} INFO - [2024-02-27T15:11:55.954+0000] {dagbag.py:540} INFO - Filling up the DagBag from /home/airflow/.local/lib/python3.11/site-packages/airflow/example_dags/example_time_delta_sensor_async.py
[2024-02-27T15:11:55.957+0000] {processor.py:840} INFO - DAG(s) 'example_time_delta_sensor_async' retrieved from /home/airflow/.local/lib/python3.11/site-packages/airflow/example_dags/example_time_delta_sensor_async.py
[2024-02-27T15:11:55.968+0000] {logging_mixin.py:188} INFO - [2024-02-27T15:11:55.968+0000] {dag.py:3047} INFO - Sync 1 DAGs
[2024-02-27T15:11:55.975+0000] {logging_mixin.py:188} INFO - [2024-02-27T15:11:55.975+0000] {dag.py:3834} INFO - Setting next_dagrun for example_time_delta_sensor_async to None, run_after=None
[2024-02-27T15:11:55.987+0000] {processor.py:183} INFO - Processing /home/airflow/.local/lib/python3.11/site-packages/airflow/example_dags/example_time_delta_sensor_async.py took 0.036 seconds
[2024-02-27T15:12:26.057+0000] {processor.py:161} INFO - Started process (PID=904) to work on /home/airflow/.local/lib/python3.11/site-packages/airflow/example_dags/example_time_delta_sensor_async.py
[2024-02-27T15:12:26.058+0000] {processor.py:830} INFO - Processing file /home/airflow/.local/lib/python3.11/site-packages/airflow/example_dags/example_time_delta_sensor_async.py for tasks to queue
[2024-02-27T15:12:26.059+0000] {logging_mixin.py:188} INFO - [2024-02-27T15:12:26.059+0000] {dagbag.py:540} INFO - Filling up the DagBag from /home/airflow/.local/lib/python3.11/site-packages/airflow/example_dags/example_time_delta_sensor_async.py
[2024-02-27T15:12:26.062+0000] {processor.py:840} INFO - DAG(s) 'example_time_delta_sensor_async' retrieved from /home/airflow/.local/lib/python3.11/site-packages/airflow/example_dags/example_time_delta_sensor_async.py
[2024-02-27T15:12:26.074+0000] {logging_mixin.py:188} INFO - [2024-02-27T15:12:26.073+0000] {dag.py:3047} INFO - Sync 1 DAGs
[2024-02-27T15:12:26.080+0000] {logging_mixin.py:188} INFO - [2024-02-27T15:12:26.080+0000] {dag.py:3834} INFO - Setting next_dagrun for example_time_delta_sensor_async to None, run_after=None
[2024-02-27T15:12:26.091+0000] {processor.py:183} INFO - Processing /home/airflow/.local/lib/python3.11/site-packages/airflow/example_dags/example_time_delta_sensor_async.py took 0.036 seconds
[2024-02-27T15:12:56.145+0000] {processor.py:161} INFO - Started process (PID=959) to work on /home/airflow/.local/lib/python3.11/site-packages/airflow/example_dags/example_time_delta_sensor_async.py
[2024-02-27T15:12:56.146+0000] {processor.py:830} INFO - Processing file /home/airflow/.local/lib/python3.11/site-packages/airflow/example_dags/example_time_delta_sensor_async.py for tasks to queue
[2024-02-27T15:12:56.147+0000] {logging_mixin.py:188} INFO - [2024-02-27T15:12:56.147+0000] {dagbag.py:540} INFO - Filling up the DagBag from /home/airflow/.local/lib/python3.11/site-packages/airflow/example_dags/example_time_delta_sensor_async.py
[2024-02-27T15:12:56.150+0000] {processor.py:840} INFO - DAG(s) 'example_time_delta_sensor_async' retrieved from /home/airflow/.local/lib/python3.11/site-packages/airflow/example_dags/example_time_delta_sensor_async.py
[2024-02-27T15:12:56.161+0000] {logging_mixin.py:188} INFO - [2024-02-27T15:12:56.161+0000] {dag.py:3047} INFO - Sync 1 DAGs
[2024-02-27T15:12:56.168+0000] {logging_mixin.py:188} INFO - [2024-02-27T15:12:56.168+0000] {dag.py:3834} INFO - Setting next_dagrun for example_time_delta_sensor_async to None, run_after=None
[2024-02-27T15:12:56.179+0000] {processor.py:183} INFO - Processing /home/airflow/.local/lib/python3.11/site-packages/airflow/example_dags/example_time_delta_sensor_async.py took 0.035 seconds
[2024-02-27T15:20:40.320+0000] {processor.py:161} INFO - Started process (PID=79) to work on /home/airflow/.local/lib/python3.11/site-packages/airflow/example_dags/example_time_delta_sensor_async.py
[2024-02-27T15:20:40.321+0000] {processor.py:830} INFO - Processing file /home/airflow/.local/lib/python3.11/site-packages/airflow/example_dags/example_time_delta_sensor_async.py for tasks to queue
[2024-02-27T15:20:40.322+0000] {logging_mixin.py:188} INFO - [2024-02-27T15:20:40.322+0000] {dagbag.py:540} INFO - Filling up the DagBag from /home/airflow/.local/lib/python3.11/site-packages/airflow/example_dags/example_time_delta_sensor_async.py
[2024-02-27T15:20:40.325+0000] {processor.py:840} INFO - DAG(s) 'example_time_delta_sensor_async' retrieved from /home/airflow/.local/lib/python3.11/site-packages/airflow/example_dags/example_time_delta_sensor_async.py
[2024-02-27T15:20:40.350+0000] {logging_mixin.py:188} INFO - [2024-02-27T15:20:40.350+0000] {dag.py:3047} INFO - Sync 1 DAGs
[2024-02-27T15:20:40.364+0000] {logging_mixin.py:188} INFO - [2024-02-27T15:20:40.363+0000] {dag.py:3834} INFO - Setting next_dagrun for example_time_delta_sensor_async to None, run_after=None
[2024-02-27T15:20:40.382+0000] {processor.py:183} INFO - Processing /home/airflow/.local/lib/python3.11/site-packages/airflow/example_dags/example_time_delta_sensor_async.py took 0.064 seconds
[2024-02-27T15:21:11.493+0000] {processor.py:161} INFO - Started process (PID=134) to work on /home/airflow/.local/lib/python3.11/site-packages/airflow/example_dags/example_time_delta_sensor_async.py
[2024-02-27T15:21:11.494+0000] {processor.py:830} INFO - Processing file /home/airflow/.local/lib/python3.11/site-packages/airflow/example_dags/example_time_delta_sensor_async.py for tasks to queue
[2024-02-27T15:21:11.495+0000] {logging_mixin.py:188} INFO - [2024-02-27T15:21:11.495+0000] {dagbag.py:540} INFO - Filling up the DagBag from /home/airflow/.local/lib/python3.11/site-packages/airflow/example_dags/example_time_delta_sensor_async.py
[2024-02-27T15:21:11.498+0000] {processor.py:840} INFO - DAG(s) 'example_time_delta_sensor_async' retrieved from /home/airflow/.local/lib/python3.11/site-packages/airflow/example_dags/example_time_delta_sensor_async.py
[2024-02-27T15:21:11.575+0000] {logging_mixin.py:188} INFO - [2024-02-27T15:21:11.575+0000] {dag.py:3047} INFO - Sync 1 DAGs
[2024-02-27T15:21:11.585+0000] {logging_mixin.py:188} INFO - [2024-02-27T15:21:11.585+0000] {dag.py:3834} INFO - Setting next_dagrun for example_time_delta_sensor_async to None, run_after=None
[2024-02-27T15:21:11.605+0000] {processor.py:183} INFO - Processing /home/airflow/.local/lib/python3.11/site-packages/airflow/example_dags/example_time_delta_sensor_async.py took 0.114 seconds
