[2024-02-27T15:04:49.001+0000] {processor.py:161} INFO - Started process (PID=57) to work on /home/airflow/.local/lib/python3.11/site-packages/airflow/example_dags/example_params_ui_tutorial.py
[2024-02-27T15:04:49.002+0000] {processor.py:830} INFO - Processing file /home/airflow/.local/lib/python3.11/site-packages/airflow/example_dags/example_params_ui_tutorial.py for tasks to queue
[2024-02-27T15:04:49.004+0000] {logging_mixin.py:188} INFO - [2024-02-27T15:04:49.003+0000] {dagbag.py:540} INFO - Filling up the DagBag from /home/airflow/.local/lib/python3.11/site-packages/airflow/example_dags/example_params_ui_tutorial.py
[2024-02-27T15:04:49.013+0000] {processor.py:840} INFO - DAG(s) 'example_params_ui_tutorial' retrieved from /home/airflow/.local/lib/python3.11/site-packages/airflow/example_dags/example_params_ui_tutorial.py
[2024-02-27T15:04:49.021+0000] {logging_mixin.py:188} INFO - [2024-02-27T15:04:49.021+0000] {dag.py:3047} INFO - Sync 1 DAGs
[2024-02-27T15:04:49.029+0000] {logging_mixin.py:188} INFO - [2024-02-27T15:04:49.029+0000] {dag.py:3834} INFO - Setting next_dagrun for example_params_ui_tutorial to None, run_after=None
[2024-02-27T15:04:49.042+0000] {processor.py:183} INFO - Processing /home/airflow/.local/lib/python3.11/site-packages/airflow/example_dags/example_params_ui_tutorial.py took 0.043 seconds
[2024-02-27T15:05:19.417+0000] {processor.py:161} INFO - Started process (PID=112) to work on /home/airflow/.local/lib/python3.11/site-packages/airflow/example_dags/example_params_ui_tutorial.py
[2024-02-27T15:05:19.418+0000] {processor.py:830} INFO - Processing file /home/airflow/.local/lib/python3.11/site-packages/airflow/example_dags/example_params_ui_tutorial.py for tasks to queue
[2024-02-27T15:05:19.419+0000] {logging_mixin.py:188} INFO - [2024-02-27T15:05:19.419+0000] {dagbag.py:540} INFO - Filling up the DagBag from /home/airflow/.local/lib/python3.11/site-packages/airflow/example_dags/example_params_ui_tutorial.py
[2024-02-27T15:05:19.426+0000] {processor.py:840} INFO - DAG(s) 'example_params_ui_tutorial' retrieved from /home/airflow/.local/lib/python3.11/site-packages/airflow/example_dags/example_params_ui_tutorial.py
[2024-02-27T15:05:19.498+0000] {logging_mixin.py:188} INFO - [2024-02-27T15:05:19.498+0000] {dag.py:3047} INFO - Sync 1 DAGs
[2024-02-27T15:05:19.504+0000] {logging_mixin.py:188} INFO - [2024-02-27T15:05:19.504+0000] {dag.py:3834} INFO - Setting next_dagrun for example_params_ui_tutorial to None, run_after=None
[2024-02-27T15:05:19.515+0000] {processor.py:183} INFO - Processing /home/airflow/.local/lib/python3.11/site-packages/airflow/example_dags/example_params_ui_tutorial.py took 0.100 seconds
[2024-02-27T15:05:49.842+0000] {processor.py:161} INFO - Started process (PID=167) to work on /home/airflow/.local/lib/python3.11/site-packages/airflow/example_dags/example_params_ui_tutorial.py
[2024-02-27T15:05:49.843+0000] {processor.py:830} INFO - Processing file /home/airflow/.local/lib/python3.11/site-packages/airflow/example_dags/example_params_ui_tutorial.py for tasks to queue
[2024-02-27T15:05:49.844+0000] {logging_mixin.py:188} INFO - [2024-02-27T15:05:49.844+0000] {dagbag.py:540} INFO - Filling up the DagBag from /home/airflow/.local/lib/python3.11/site-packages/airflow/example_dags/example_params_ui_tutorial.py
[2024-02-27T15:05:49.851+0000] {processor.py:840} INFO - DAG(s) 'example_params_ui_tutorial' retrieved from /home/airflow/.local/lib/python3.11/site-packages/airflow/example_dags/example_params_ui_tutorial.py
[2024-02-27T15:05:49.880+0000] {logging_mixin.py:188} INFO - [2024-02-27T15:05:49.880+0000] {dag.py:3047} INFO - Sync 1 DAGs
[2024-02-27T15:05:49.887+0000] {logging_mixin.py:188} INFO - [2024-02-27T15:05:49.887+0000] {dag.py:3834} INFO - Setting next_dagrun for example_params_ui_tutorial to None, run_after=None
[2024-02-27T15:05:49.898+0000] {processor.py:183} INFO - Processing /home/airflow/.local/lib/python3.11/site-packages/airflow/example_dags/example_params_ui_tutorial.py took 0.058 seconds
[2024-02-27T15:06:20.583+0000] {processor.py:161} INFO - Started process (PID=222) to work on /home/airflow/.local/lib/python3.11/site-packages/airflow/example_dags/example_params_ui_tutorial.py
[2024-02-27T15:06:20.584+0000] {processor.py:830} INFO - Processing file /home/airflow/.local/lib/python3.11/site-packages/airflow/example_dags/example_params_ui_tutorial.py for tasks to queue
[2024-02-27T15:06:20.585+0000] {logging_mixin.py:188} INFO - [2024-02-27T15:06:20.585+0000] {dagbag.py:540} INFO - Filling up the DagBag from /home/airflow/.local/lib/python3.11/site-packages/airflow/example_dags/example_params_ui_tutorial.py
[2024-02-27T15:06:20.592+0000] {processor.py:840} INFO - DAG(s) 'example_params_ui_tutorial' retrieved from /home/airflow/.local/lib/python3.11/site-packages/airflow/example_dags/example_params_ui_tutorial.py
[2024-02-27T15:06:20.620+0000] {logging_mixin.py:188} INFO - [2024-02-27T15:06:20.620+0000] {dag.py:3047} INFO - Sync 1 DAGs
[2024-02-27T15:06:20.627+0000] {logging_mixin.py:188} INFO - [2024-02-27T15:06:20.627+0000] {dag.py:3834} INFO - Setting next_dagrun for example_params_ui_tutorial to None, run_after=None
[2024-02-27T15:06:20.638+0000] {processor.py:183} INFO - Processing /home/airflow/.local/lib/python3.11/site-packages/airflow/example_dags/example_params_ui_tutorial.py took 0.058 seconds
[2024-02-27T15:06:51.629+0000] {processor.py:161} INFO - Started process (PID=277) to work on /home/airflow/.local/lib/python3.11/site-packages/airflow/example_dags/example_params_ui_tutorial.py
[2024-02-27T15:06:51.630+0000] {processor.py:830} INFO - Processing file /home/airflow/.local/lib/python3.11/site-packages/airflow/example_dags/example_params_ui_tutorial.py for tasks to queue
[2024-02-27T15:06:51.631+0000] {logging_mixin.py:188} INFO - [2024-02-27T15:06:51.631+0000] {dagbag.py:540} INFO - Filling up the DagBag from /home/airflow/.local/lib/python3.11/site-packages/airflow/example_dags/example_params_ui_tutorial.py
[2024-02-27T15:06:51.639+0000] {processor.py:840} INFO - DAG(s) 'example_params_ui_tutorial' retrieved from /home/airflow/.local/lib/python3.11/site-packages/airflow/example_dags/example_params_ui_tutorial.py
[2024-02-27T15:06:51.668+0000] {logging_mixin.py:188} INFO - [2024-02-27T15:06:51.668+0000] {dag.py:3047} INFO - Sync 1 DAGs
[2024-02-27T15:06:51.675+0000] {logging_mixin.py:188} INFO - [2024-02-27T15:06:51.675+0000] {dag.py:3834} INFO - Setting next_dagrun for example_params_ui_tutorial to None, run_after=None
[2024-02-27T15:06:51.689+0000] {processor.py:183} INFO - Processing /home/airflow/.local/lib/python3.11/site-packages/airflow/example_dags/example_params_ui_tutorial.py took 0.062 seconds
[2024-02-27T15:07:21.787+0000] {processor.py:161} INFO - Started process (PID=332) to work on /home/airflow/.local/lib/python3.11/site-packages/airflow/example_dags/example_params_ui_tutorial.py
[2024-02-27T15:07:21.787+0000] {processor.py:830} INFO - Processing file /home/airflow/.local/lib/python3.11/site-packages/airflow/example_dags/example_params_ui_tutorial.py for tasks to queue
[2024-02-27T15:07:21.789+0000] {logging_mixin.py:188} INFO - [2024-02-27T15:07:21.788+0000] {dagbag.py:540} INFO - Filling up the DagBag from /home/airflow/.local/lib/python3.11/site-packages/airflow/example_dags/example_params_ui_tutorial.py
[2024-02-27T15:07:21.795+0000] {processor.py:840} INFO - DAG(s) 'example_params_ui_tutorial' retrieved from /home/airflow/.local/lib/python3.11/site-packages/airflow/example_dags/example_params_ui_tutorial.py
[2024-02-27T15:07:21.822+0000] {logging_mixin.py:188} INFO - [2024-02-27T15:07:21.821+0000] {dag.py:3047} INFO - Sync 1 DAGs
[2024-02-27T15:07:21.828+0000] {logging_mixin.py:188} INFO - [2024-02-27T15:07:21.828+0000] {dag.py:3834} INFO - Setting next_dagrun for example_params_ui_tutorial to None, run_after=None
[2024-02-27T15:07:21.839+0000] {processor.py:183} INFO - Processing /home/airflow/.local/lib/python3.11/site-packages/airflow/example_dags/example_params_ui_tutorial.py took 0.055 seconds
[2024-02-27T15:07:51.883+0000] {processor.py:161} INFO - Started process (PID=387) to work on /home/airflow/.local/lib/python3.11/site-packages/airflow/example_dags/example_params_ui_tutorial.py
[2024-02-27T15:07:51.884+0000] {processor.py:830} INFO - Processing file /home/airflow/.local/lib/python3.11/site-packages/airflow/example_dags/example_params_ui_tutorial.py for tasks to queue
[2024-02-27T15:07:51.885+0000] {logging_mixin.py:188} INFO - [2024-02-27T15:07:51.885+0000] {dagbag.py:540} INFO - Filling up the DagBag from /home/airflow/.local/lib/python3.11/site-packages/airflow/example_dags/example_params_ui_tutorial.py
[2024-02-27T15:07:51.892+0000] {processor.py:840} INFO - DAG(s) 'example_params_ui_tutorial' retrieved from /home/airflow/.local/lib/python3.11/site-packages/airflow/example_dags/example_params_ui_tutorial.py
[2024-02-27T15:07:51.920+0000] {logging_mixin.py:188} INFO - [2024-02-27T15:07:51.920+0000] {dag.py:3047} INFO - Sync 1 DAGs
[2024-02-27T15:07:51.926+0000] {logging_mixin.py:188} INFO - [2024-02-27T15:07:51.926+0000] {dag.py:3834} INFO - Setting next_dagrun for example_params_ui_tutorial to None, run_after=None
[2024-02-27T15:07:51.937+0000] {processor.py:183} INFO - Processing /home/airflow/.local/lib/python3.11/site-packages/airflow/example_dags/example_params_ui_tutorial.py took 0.056 seconds
[2024-02-27T15:08:21.979+0000] {processor.py:161} INFO - Started process (PID=442) to work on /home/airflow/.local/lib/python3.11/site-packages/airflow/example_dags/example_params_ui_tutorial.py
[2024-02-27T15:08:21.979+0000] {processor.py:830} INFO - Processing file /home/airflow/.local/lib/python3.11/site-packages/airflow/example_dags/example_params_ui_tutorial.py for tasks to queue
[2024-02-27T15:08:21.981+0000] {logging_mixin.py:188} INFO - [2024-02-27T15:08:21.980+0000] {dagbag.py:540} INFO - Filling up the DagBag from /home/airflow/.local/lib/python3.11/site-packages/airflow/example_dags/example_params_ui_tutorial.py
[2024-02-27T15:08:21.987+0000] {processor.py:840} INFO - DAG(s) 'example_params_ui_tutorial' retrieved from /home/airflow/.local/lib/python3.11/site-packages/airflow/example_dags/example_params_ui_tutorial.py
[2024-02-27T15:08:22.015+0000] {logging_mixin.py:188} INFO - [2024-02-27T15:08:22.015+0000] {dag.py:3047} INFO - Sync 1 DAGs
[2024-02-27T15:08:22.022+0000] {logging_mixin.py:188} INFO - [2024-02-27T15:08:22.022+0000] {dag.py:3834} INFO - Setting next_dagrun for example_params_ui_tutorial to None, run_after=None
[2024-02-27T15:08:22.033+0000] {processor.py:183} INFO - Processing /home/airflow/.local/lib/python3.11/site-packages/airflow/example_dags/example_params_ui_tutorial.py took 0.057 seconds
[2024-02-27T15:08:52.120+0000] {processor.py:161} INFO - Started process (PID=497) to work on /home/airflow/.local/lib/python3.11/site-packages/airflow/example_dags/example_params_ui_tutorial.py
[2024-02-27T15:08:52.122+0000] {processor.py:830} INFO - Processing file /home/airflow/.local/lib/python3.11/site-packages/airflow/example_dags/example_params_ui_tutorial.py for tasks to queue
[2024-02-27T15:08:52.123+0000] {logging_mixin.py:188} INFO - [2024-02-27T15:08:52.123+0000] {dagbag.py:540} INFO - Filling up the DagBag from /home/airflow/.local/lib/python3.11/site-packages/airflow/example_dags/example_params_ui_tutorial.py
[2024-02-27T15:08:52.130+0000] {processor.py:840} INFO - DAG(s) 'example_params_ui_tutorial' retrieved from /home/airflow/.local/lib/python3.11/site-packages/airflow/example_dags/example_params_ui_tutorial.py
[2024-02-27T15:08:52.159+0000] {logging_mixin.py:188} INFO - [2024-02-27T15:08:52.159+0000] {dag.py:3047} INFO - Sync 1 DAGs
[2024-02-27T15:08:52.166+0000] {logging_mixin.py:188} INFO - [2024-02-27T15:08:52.166+0000] {dag.py:3834} INFO - Setting next_dagrun for example_params_ui_tutorial to None, run_after=None
[2024-02-27T15:08:52.177+0000] {processor.py:183} INFO - Processing /home/airflow/.local/lib/python3.11/site-packages/airflow/example_dags/example_params_ui_tutorial.py took 0.058 seconds
[2024-02-27T15:09:22.407+0000] {processor.py:161} INFO - Started process (PID=552) to work on /home/airflow/.local/lib/python3.11/site-packages/airflow/example_dags/example_params_ui_tutorial.py
[2024-02-27T15:09:22.408+0000] {processor.py:830} INFO - Processing file /home/airflow/.local/lib/python3.11/site-packages/airflow/example_dags/example_params_ui_tutorial.py for tasks to queue
[2024-02-27T15:09:22.410+0000] {logging_mixin.py:188} INFO - [2024-02-27T15:09:22.410+0000] {dagbag.py:540} INFO - Filling up the DagBag from /home/airflow/.local/lib/python3.11/site-packages/airflow/example_dags/example_params_ui_tutorial.py
[2024-02-27T15:09:22.418+0000] {processor.py:840} INFO - DAG(s) 'example_params_ui_tutorial' retrieved from /home/airflow/.local/lib/python3.11/site-packages/airflow/example_dags/example_params_ui_tutorial.py
[2024-02-27T15:09:22.447+0000] {logging_mixin.py:188} INFO - [2024-02-27T15:09:22.446+0000] {dag.py:3047} INFO - Sync 1 DAGs
[2024-02-27T15:09:22.453+0000] {logging_mixin.py:188} INFO - [2024-02-27T15:09:22.453+0000] {dag.py:3834} INFO - Setting next_dagrun for example_params_ui_tutorial to None, run_after=None
[2024-02-27T15:09:22.465+0000] {processor.py:183} INFO - Processing /home/airflow/.local/lib/python3.11/site-packages/airflow/example_dags/example_params_ui_tutorial.py took 0.060 seconds
[2024-02-27T15:09:52.520+0000] {processor.py:161} INFO - Started process (PID=607) to work on /home/airflow/.local/lib/python3.11/site-packages/airflow/example_dags/example_params_ui_tutorial.py
[2024-02-27T15:09:52.521+0000] {processor.py:830} INFO - Processing file /home/airflow/.local/lib/python3.11/site-packages/airflow/example_dags/example_params_ui_tutorial.py for tasks to queue
[2024-02-27T15:09:52.522+0000] {logging_mixin.py:188} INFO - [2024-02-27T15:09:52.522+0000] {dagbag.py:540} INFO - Filling up the DagBag from /home/airflow/.local/lib/python3.11/site-packages/airflow/example_dags/example_params_ui_tutorial.py
[2024-02-27T15:09:52.529+0000] {processor.py:840} INFO - DAG(s) 'example_params_ui_tutorial' retrieved from /home/airflow/.local/lib/python3.11/site-packages/airflow/example_dags/example_params_ui_tutorial.py
[2024-02-27T15:09:52.557+0000] {logging_mixin.py:188} INFO - [2024-02-27T15:09:52.557+0000] {dag.py:3047} INFO - Sync 1 DAGs
[2024-02-27T15:09:52.565+0000] {logging_mixin.py:188} INFO - [2024-02-27T15:09:52.565+0000] {dag.py:3834} INFO - Setting next_dagrun for example_params_ui_tutorial to None, run_after=None
[2024-02-27T15:09:52.576+0000] {processor.py:183} INFO - Processing /home/airflow/.local/lib/python3.11/site-packages/airflow/example_dags/example_params_ui_tutorial.py took 0.058 seconds
[2024-02-27T15:10:22.657+0000] {processor.py:161} INFO - Started process (PID=662) to work on /home/airflow/.local/lib/python3.11/site-packages/airflow/example_dags/example_params_ui_tutorial.py
[2024-02-27T15:10:22.657+0000] {processor.py:830} INFO - Processing file /home/airflow/.local/lib/python3.11/site-packages/airflow/example_dags/example_params_ui_tutorial.py for tasks to queue
[2024-02-27T15:10:22.659+0000] {logging_mixin.py:188} INFO - [2024-02-27T15:10:22.659+0000] {dagbag.py:540} INFO - Filling up the DagBag from /home/airflow/.local/lib/python3.11/site-packages/airflow/example_dags/example_params_ui_tutorial.py
[2024-02-27T15:10:22.666+0000] {processor.py:840} INFO - DAG(s) 'example_params_ui_tutorial' retrieved from /home/airflow/.local/lib/python3.11/site-packages/airflow/example_dags/example_params_ui_tutorial.py
[2024-02-27T15:10:22.695+0000] {logging_mixin.py:188} INFO - [2024-02-27T15:10:22.695+0000] {dag.py:3047} INFO - Sync 1 DAGs
[2024-02-27T15:10:22.703+0000] {logging_mixin.py:188} INFO - [2024-02-27T15:10:22.703+0000] {dag.py:3834} INFO - Setting next_dagrun for example_params_ui_tutorial to None, run_after=None
[2024-02-27T15:10:22.714+0000] {processor.py:183} INFO - Processing /home/airflow/.local/lib/python3.11/site-packages/airflow/example_dags/example_params_ui_tutorial.py took 0.060 seconds
[2024-02-27T15:10:52.764+0000] {processor.py:161} INFO - Started process (PID=717) to work on /home/airflow/.local/lib/python3.11/site-packages/airflow/example_dags/example_params_ui_tutorial.py
[2024-02-27T15:10:52.764+0000] {processor.py:830} INFO - Processing file /home/airflow/.local/lib/python3.11/site-packages/airflow/example_dags/example_params_ui_tutorial.py for tasks to queue
[2024-02-27T15:10:52.766+0000] {logging_mixin.py:188} INFO - [2024-02-27T15:10:52.765+0000] {dagbag.py:540} INFO - Filling up the DagBag from /home/airflow/.local/lib/python3.11/site-packages/airflow/example_dags/example_params_ui_tutorial.py
[2024-02-27T15:10:52.773+0000] {processor.py:840} INFO - DAG(s) 'example_params_ui_tutorial' retrieved from /home/airflow/.local/lib/python3.11/site-packages/airflow/example_dags/example_params_ui_tutorial.py
[2024-02-27T15:10:52.802+0000] {logging_mixin.py:188} INFO - [2024-02-27T15:10:52.802+0000] {dag.py:3047} INFO - Sync 1 DAGs
[2024-02-27T15:10:52.810+0000] {logging_mixin.py:188} INFO - [2024-02-27T15:10:52.809+0000] {dag.py:3834} INFO - Setting next_dagrun for example_params_ui_tutorial to None, run_after=None
[2024-02-27T15:10:52.821+0000] {processor.py:183} INFO - Processing /home/airflow/.local/lib/python3.11/site-packages/airflow/example_dags/example_params_ui_tutorial.py took 0.060 seconds
[2024-02-27T15:11:22.934+0000] {processor.py:161} INFO - Started process (PID=772) to work on /home/airflow/.local/lib/python3.11/site-packages/airflow/example_dags/example_params_ui_tutorial.py
[2024-02-27T15:11:22.934+0000] {processor.py:830} INFO - Processing file /home/airflow/.local/lib/python3.11/site-packages/airflow/example_dags/example_params_ui_tutorial.py for tasks to queue
[2024-02-27T15:11:22.935+0000] {logging_mixin.py:188} INFO - [2024-02-27T15:11:22.935+0000] {dagbag.py:540} INFO - Filling up the DagBag from /home/airflow/.local/lib/python3.11/site-packages/airflow/example_dags/example_params_ui_tutorial.py
[2024-02-27T15:11:22.942+0000] {processor.py:840} INFO - DAG(s) 'example_params_ui_tutorial' retrieved from /home/airflow/.local/lib/python3.11/site-packages/airflow/example_dags/example_params_ui_tutorial.py
[2024-02-27T15:11:22.969+0000] {logging_mixin.py:188} INFO - [2024-02-27T15:11:22.968+0000] {dag.py:3047} INFO - Sync 1 DAGs
[2024-02-27T15:11:22.975+0000] {logging_mixin.py:188} INFO - [2024-02-27T15:11:22.975+0000] {dag.py:3834} INFO - Setting next_dagrun for example_params_ui_tutorial to None, run_after=None
[2024-02-27T15:11:22.986+0000] {processor.py:183} INFO - Processing /home/airflow/.local/lib/python3.11/site-packages/airflow/example_dags/example_params_ui_tutorial.py took 0.054 seconds
[2024-02-27T15:11:53.012+0000] {processor.py:161} INFO - Started process (PID=828) to work on /home/airflow/.local/lib/python3.11/site-packages/airflow/example_dags/example_params_ui_tutorial.py
[2024-02-27T15:11:53.013+0000] {processor.py:830} INFO - Processing file /home/airflow/.local/lib/python3.11/site-packages/airflow/example_dags/example_params_ui_tutorial.py for tasks to queue
[2024-02-27T15:11:53.015+0000] {logging_mixin.py:188} INFO - [2024-02-27T15:11:53.014+0000] {dagbag.py:540} INFO - Filling up the DagBag from /home/airflow/.local/lib/python3.11/site-packages/airflow/example_dags/example_params_ui_tutorial.py
[2024-02-27T15:11:53.022+0000] {processor.py:840} INFO - DAG(s) 'example_params_ui_tutorial' retrieved from /home/airflow/.local/lib/python3.11/site-packages/airflow/example_dags/example_params_ui_tutorial.py
[2024-02-27T15:11:53.049+0000] {logging_mixin.py:188} INFO - [2024-02-27T15:11:53.049+0000] {dag.py:3047} INFO - Sync 1 DAGs
[2024-02-27T15:11:53.056+0000] {logging_mixin.py:188} INFO - [2024-02-27T15:11:53.056+0000] {dag.py:3834} INFO - Setting next_dagrun for example_params_ui_tutorial to None, run_after=None
[2024-02-27T15:11:53.068+0000] {processor.py:183} INFO - Processing /home/airflow/.local/lib/python3.11/site-packages/airflow/example_dags/example_params_ui_tutorial.py took 0.057 seconds
[2024-02-27T15:12:23.220+0000] {processor.py:161} INFO - Started process (PID=883) to work on /home/airflow/.local/lib/python3.11/site-packages/airflow/example_dags/example_params_ui_tutorial.py
[2024-02-27T15:12:23.221+0000] {processor.py:830} INFO - Processing file /home/airflow/.local/lib/python3.11/site-packages/airflow/example_dags/example_params_ui_tutorial.py for tasks to queue
[2024-02-27T15:12:23.222+0000] {logging_mixin.py:188} INFO - [2024-02-27T15:12:23.222+0000] {dagbag.py:540} INFO - Filling up the DagBag from /home/airflow/.local/lib/python3.11/site-packages/airflow/example_dags/example_params_ui_tutorial.py
[2024-02-27T15:12:23.229+0000] {processor.py:840} INFO - DAG(s) 'example_params_ui_tutorial' retrieved from /home/airflow/.local/lib/python3.11/site-packages/airflow/example_dags/example_params_ui_tutorial.py
[2024-02-27T15:12:23.257+0000] {logging_mixin.py:188} INFO - [2024-02-27T15:12:23.257+0000] {dag.py:3047} INFO - Sync 1 DAGs
[2024-02-27T15:12:23.263+0000] {logging_mixin.py:188} INFO - [2024-02-27T15:12:23.263+0000] {dag.py:3834} INFO - Setting next_dagrun for example_params_ui_tutorial to None, run_after=None
[2024-02-27T15:12:23.274+0000] {processor.py:183} INFO - Processing /home/airflow/.local/lib/python3.11/site-packages/airflow/example_dags/example_params_ui_tutorial.py took 0.055 seconds
[2024-02-27T15:12:53.367+0000] {processor.py:161} INFO - Started process (PID=938) to work on /home/airflow/.local/lib/python3.11/site-packages/airflow/example_dags/example_params_ui_tutorial.py
[2024-02-27T15:12:53.368+0000] {processor.py:830} INFO - Processing file /home/airflow/.local/lib/python3.11/site-packages/airflow/example_dags/example_params_ui_tutorial.py for tasks to queue
[2024-02-27T15:12:53.369+0000] {logging_mixin.py:188} INFO - [2024-02-27T15:12:53.369+0000] {dagbag.py:540} INFO - Filling up the DagBag from /home/airflow/.local/lib/python3.11/site-packages/airflow/example_dags/example_params_ui_tutorial.py
[2024-02-27T15:12:53.376+0000] {processor.py:840} INFO - DAG(s) 'example_params_ui_tutorial' retrieved from /home/airflow/.local/lib/python3.11/site-packages/airflow/example_dags/example_params_ui_tutorial.py
[2024-02-27T15:12:53.404+0000] {logging_mixin.py:188} INFO - [2024-02-27T15:12:53.404+0000] {dag.py:3047} INFO - Sync 1 DAGs
[2024-02-27T15:12:53.411+0000] {logging_mixin.py:188} INFO - [2024-02-27T15:12:53.411+0000] {dag.py:3834} INFO - Setting next_dagrun for example_params_ui_tutorial to None, run_after=None
[2024-02-27T15:12:53.423+0000] {processor.py:183} INFO - Processing /home/airflow/.local/lib/python3.11/site-packages/airflow/example_dags/example_params_ui_tutorial.py took 0.058 seconds
[2024-02-27T15:20:38.998+0000] {processor.py:161} INFO - Started process (PID=57) to work on /home/airflow/.local/lib/python3.11/site-packages/airflow/example_dags/example_params_ui_tutorial.py
[2024-02-27T15:20:38.999+0000] {processor.py:830} INFO - Processing file /home/airflow/.local/lib/python3.11/site-packages/airflow/example_dags/example_params_ui_tutorial.py for tasks to queue
[2024-02-27T15:20:39.001+0000] {logging_mixin.py:188} INFO - [2024-02-27T15:20:39.000+0000] {dagbag.py:540} INFO - Filling up the DagBag from /home/airflow/.local/lib/python3.11/site-packages/airflow/example_dags/example_params_ui_tutorial.py
[2024-02-27T15:20:39.011+0000] {processor.py:840} INFO - DAG(s) 'example_params_ui_tutorial' retrieved from /home/airflow/.local/lib/python3.11/site-packages/airflow/example_dags/example_params_ui_tutorial.py
[2024-02-27T15:20:39.037+0000] {logging_mixin.py:188} INFO - [2024-02-27T15:20:39.037+0000] {dag.py:3047} INFO - Sync 1 DAGs
[2024-02-27T15:20:39.051+0000] {logging_mixin.py:188} INFO - [2024-02-27T15:20:39.051+0000] {dag.py:3834} INFO - Setting next_dagrun for example_params_ui_tutorial to None, run_after=None
[2024-02-27T15:20:39.079+0000] {processor.py:183} INFO - Processing /home/airflow/.local/lib/python3.11/site-packages/airflow/example_dags/example_params_ui_tutorial.py took 0.083 seconds
[2024-02-27T15:21:09.874+0000] {processor.py:161} INFO - Started process (PID=112) to work on /home/airflow/.local/lib/python3.11/site-packages/airflow/example_dags/example_params_ui_tutorial.py
[2024-02-27T15:21:09.875+0000] {processor.py:830} INFO - Processing file /home/airflow/.local/lib/python3.11/site-packages/airflow/example_dags/example_params_ui_tutorial.py for tasks to queue
[2024-02-27T15:21:09.876+0000] {logging_mixin.py:188} INFO - [2024-02-27T15:21:09.876+0000] {dagbag.py:540} INFO - Filling up the DagBag from /home/airflow/.local/lib/python3.11/site-packages/airflow/example_dags/example_params_ui_tutorial.py
[2024-02-27T15:21:09.883+0000] {processor.py:840} INFO - DAG(s) 'example_params_ui_tutorial' retrieved from /home/airflow/.local/lib/python3.11/site-packages/airflow/example_dags/example_params_ui_tutorial.py
[2024-02-27T15:21:09.974+0000] {logging_mixin.py:188} INFO - [2024-02-27T15:21:09.974+0000] {dag.py:3047} INFO - Sync 1 DAGs
[2024-02-27T15:21:09.988+0000] {logging_mixin.py:188} INFO - [2024-02-27T15:21:09.988+0000] {dag.py:3834} INFO - Setting next_dagrun for example_params_ui_tutorial to None, run_after=None
[2024-02-27T15:21:10.007+0000] {processor.py:183} INFO - Processing /home/airflow/.local/lib/python3.11/site-packages/airflow/example_dags/example_params_ui_tutorial.py took 0.135 seconds
