[2024-02-27T15:04:49.563+0000] {processor.py:161} INFO - Started process (PID=72) to work on /home/airflow/.local/lib/python3.11/site-packages/airflow/example_dags/example_kubernetes_executor.py
[2024-02-27T15:04:49.564+0000] {processor.py:830} INFO - Processing file /home/airflow/.local/lib/python3.11/site-packages/airflow/example_dags/example_kubernetes_executor.py for tasks to queue
[2024-02-27T15:04:49.565+0000] {logging_mixin.py:188} INFO - [2024-02-27T15:04:49.565+0000] {dagbag.py:540} INFO - Filling up the DagBag from /home/airflow/.local/lib/python3.11/site-packages/airflow/example_dags/example_kubernetes_executor.py
[2024-02-27T15:04:49.574+0000] {processor.py:840} INFO - DAG(s) 'example_kubernetes_executor' retrieved from /home/airflow/.local/lib/python3.11/site-packages/airflow/example_dags/example_kubernetes_executor.py
[2024-02-27T15:04:49.580+0000] {logging_mixin.py:188} INFO - [2024-02-27T15:04:49.580+0000] {dag.py:3047} INFO - Sync 1 DAGs
[2024-02-27T15:04:49.588+0000] {logging_mixin.py:188} INFO - [2024-02-27T15:04:49.588+0000] {dag.py:3834} INFO - Setting next_dagrun for example_kubernetes_executor to None, run_after=None
[2024-02-27T15:04:49.599+0000] {processor.py:183} INFO - Processing /home/airflow/.local/lib/python3.11/site-packages/airflow/example_dags/example_kubernetes_executor.py took 0.038 seconds
[2024-02-27T15:05:20.305+0000] {processor.py:161} INFO - Started process (PID=127) to work on /home/airflow/.local/lib/python3.11/site-packages/airflow/example_dags/example_kubernetes_executor.py
[2024-02-27T15:05:20.306+0000] {processor.py:830} INFO - Processing file /home/airflow/.local/lib/python3.11/site-packages/airflow/example_dags/example_kubernetes_executor.py for tasks to queue
[2024-02-27T15:05:20.307+0000] {logging_mixin.py:188} INFO - [2024-02-27T15:05:20.307+0000] {dagbag.py:540} INFO - Filling up the DagBag from /home/airflow/.local/lib/python3.11/site-packages/airflow/example_dags/example_kubernetes_executor.py
[2024-02-27T15:05:20.314+0000] {processor.py:840} INFO - DAG(s) 'example_kubernetes_executor' retrieved from /home/airflow/.local/lib/python3.11/site-packages/airflow/example_dags/example_kubernetes_executor.py
[2024-02-27T15:05:20.380+0000] {logging_mixin.py:188} INFO - [2024-02-27T15:05:20.380+0000] {dag.py:3047} INFO - Sync 1 DAGs
[2024-02-27T15:05:20.386+0000] {logging_mixin.py:188} INFO - [2024-02-27T15:05:20.386+0000] {dag.py:3834} INFO - Setting next_dagrun for example_kubernetes_executor to None, run_after=None
[2024-02-27T15:05:20.402+0000] {processor.py:183} INFO - Processing /home/airflow/.local/lib/python3.11/site-packages/airflow/example_dags/example_kubernetes_executor.py took 0.099 seconds
[2024-02-27T15:05:51.330+0000] {processor.py:161} INFO - Started process (PID=182) to work on /home/airflow/.local/lib/python3.11/site-packages/airflow/example_dags/example_kubernetes_executor.py
[2024-02-27T15:05:51.330+0000] {processor.py:830} INFO - Processing file /home/airflow/.local/lib/python3.11/site-packages/airflow/example_dags/example_kubernetes_executor.py for tasks to queue
[2024-02-27T15:05:51.332+0000] {logging_mixin.py:188} INFO - [2024-02-27T15:05:51.332+0000] {dagbag.py:540} INFO - Filling up the DagBag from /home/airflow/.local/lib/python3.11/site-packages/airflow/example_dags/example_kubernetes_executor.py
[2024-02-27T15:05:51.340+0000] {processor.py:840} INFO - DAG(s) 'example_kubernetes_executor' retrieved from /home/airflow/.local/lib/python3.11/site-packages/airflow/example_dags/example_kubernetes_executor.py
[2024-02-27T15:05:51.360+0000] {logging_mixin.py:188} INFO - [2024-02-27T15:05:51.360+0000] {dag.py:3047} INFO - Sync 1 DAGs
[2024-02-27T15:05:51.368+0000] {logging_mixin.py:188} INFO - [2024-02-27T15:05:51.367+0000] {dag.py:3834} INFO - Setting next_dagrun for example_kubernetes_executor to None, run_after=None
[2024-02-27T15:05:51.379+0000] {processor.py:183} INFO - Processing /home/airflow/.local/lib/python3.11/site-packages/airflow/example_dags/example_kubernetes_executor.py took 0.051 seconds
[2024-02-27T15:06:22.110+0000] {processor.py:161} INFO - Started process (PID=237) to work on /home/airflow/.local/lib/python3.11/site-packages/airflow/example_dags/example_kubernetes_executor.py
[2024-02-27T15:06:22.111+0000] {processor.py:830} INFO - Processing file /home/airflow/.local/lib/python3.11/site-packages/airflow/example_dags/example_kubernetes_executor.py for tasks to queue
[2024-02-27T15:06:22.112+0000] {logging_mixin.py:188} INFO - [2024-02-27T15:06:22.112+0000] {dagbag.py:540} INFO - Filling up the DagBag from /home/airflow/.local/lib/python3.11/site-packages/airflow/example_dags/example_kubernetes_executor.py
[2024-02-27T15:06:22.121+0000] {processor.py:840} INFO - DAG(s) 'example_kubernetes_executor' retrieved from /home/airflow/.local/lib/python3.11/site-packages/airflow/example_dags/example_kubernetes_executor.py
[2024-02-27T15:06:22.145+0000] {logging_mixin.py:188} INFO - [2024-02-27T15:06:22.145+0000] {dag.py:3047} INFO - Sync 1 DAGs
[2024-02-27T15:06:22.153+0000] {logging_mixin.py:188} INFO - [2024-02-27T15:06:22.153+0000] {dag.py:3834} INFO - Setting next_dagrun for example_kubernetes_executor to None, run_after=None
[2024-02-27T15:06:22.167+0000] {processor.py:183} INFO - Processing /home/airflow/.local/lib/python3.11/site-packages/airflow/example_dags/example_kubernetes_executor.py took 0.060 seconds
[2024-02-27T15:06:52.268+0000] {processor.py:161} INFO - Started process (PID=293) to work on /home/airflow/.local/lib/python3.11/site-packages/airflow/example_dags/example_kubernetes_executor.py
[2024-02-27T15:06:52.269+0000] {processor.py:830} INFO - Processing file /home/airflow/.local/lib/python3.11/site-packages/airflow/example_dags/example_kubernetes_executor.py for tasks to queue
[2024-02-27T15:06:52.271+0000] {logging_mixin.py:188} INFO - [2024-02-27T15:06:52.270+0000] {dagbag.py:540} INFO - Filling up the DagBag from /home/airflow/.local/lib/python3.11/site-packages/airflow/example_dags/example_kubernetes_executor.py
[2024-02-27T15:06:52.278+0000] {processor.py:840} INFO - DAG(s) 'example_kubernetes_executor' retrieved from /home/airflow/.local/lib/python3.11/site-packages/airflow/example_dags/example_kubernetes_executor.py
[2024-02-27T15:06:52.298+0000] {logging_mixin.py:188} INFO - [2024-02-27T15:06:52.298+0000] {dag.py:3047} INFO - Sync 1 DAGs
[2024-02-27T15:06:52.305+0000] {logging_mixin.py:188} INFO - [2024-02-27T15:06:52.304+0000] {dag.py:3834} INFO - Setting next_dagrun for example_kubernetes_executor to None, run_after=None
[2024-02-27T15:06:52.316+0000] {processor.py:183} INFO - Processing /home/airflow/.local/lib/python3.11/site-packages/airflow/example_dags/example_kubernetes_executor.py took 0.049 seconds
[2024-02-27T15:07:22.509+0000] {processor.py:161} INFO - Started process (PID=347) to work on /home/airflow/.local/lib/python3.11/site-packages/airflow/example_dags/example_kubernetes_executor.py
[2024-02-27T15:07:22.510+0000] {processor.py:830} INFO - Processing file /home/airflow/.local/lib/python3.11/site-packages/airflow/example_dags/example_kubernetes_executor.py for tasks to queue
[2024-02-27T15:07:22.511+0000] {logging_mixin.py:188} INFO - [2024-02-27T15:07:22.511+0000] {dagbag.py:540} INFO - Filling up the DagBag from /home/airflow/.local/lib/python3.11/site-packages/airflow/example_dags/example_kubernetes_executor.py
[2024-02-27T15:07:22.518+0000] {processor.py:840} INFO - DAG(s) 'example_kubernetes_executor' retrieved from /home/airflow/.local/lib/python3.11/site-packages/airflow/example_dags/example_kubernetes_executor.py
[2024-02-27T15:07:22.538+0000] {logging_mixin.py:188} INFO - [2024-02-27T15:07:22.538+0000] {dag.py:3047} INFO - Sync 1 DAGs
[2024-02-27T15:07:22.545+0000] {logging_mixin.py:188} INFO - [2024-02-27T15:07:22.545+0000] {dag.py:3834} INFO - Setting next_dagrun for example_kubernetes_executor to None, run_after=None
[2024-02-27T15:07:22.557+0000] {processor.py:183} INFO - Processing /home/airflow/.local/lib/python3.11/site-packages/airflow/example_dags/example_kubernetes_executor.py took 0.050 seconds
[2024-02-27T15:07:52.596+0000] {processor.py:161} INFO - Started process (PID=402) to work on /home/airflow/.local/lib/python3.11/site-packages/airflow/example_dags/example_kubernetes_executor.py
[2024-02-27T15:07:52.596+0000] {processor.py:830} INFO - Processing file /home/airflow/.local/lib/python3.11/site-packages/airflow/example_dags/example_kubernetes_executor.py for tasks to queue
[2024-02-27T15:07:52.598+0000] {logging_mixin.py:188} INFO - [2024-02-27T15:07:52.597+0000] {dagbag.py:540} INFO - Filling up the DagBag from /home/airflow/.local/lib/python3.11/site-packages/airflow/example_dags/example_kubernetes_executor.py
[2024-02-27T15:07:52.604+0000] {processor.py:840} INFO - DAG(s) 'example_kubernetes_executor' retrieved from /home/airflow/.local/lib/python3.11/site-packages/airflow/example_dags/example_kubernetes_executor.py
[2024-02-27T15:07:52.624+0000] {logging_mixin.py:188} INFO - [2024-02-27T15:07:52.624+0000] {dag.py:3047} INFO - Sync 1 DAGs
[2024-02-27T15:07:52.631+0000] {logging_mixin.py:188} INFO - [2024-02-27T15:07:52.631+0000] {dag.py:3834} INFO - Setting next_dagrun for example_kubernetes_executor to None, run_after=None
[2024-02-27T15:07:52.642+0000] {processor.py:183} INFO - Processing /home/airflow/.local/lib/python3.11/site-packages/airflow/example_dags/example_kubernetes_executor.py took 0.049 seconds
[2024-02-27T15:08:22.698+0000] {processor.py:161} INFO - Started process (PID=457) to work on /home/airflow/.local/lib/python3.11/site-packages/airflow/example_dags/example_kubernetes_executor.py
[2024-02-27T15:08:22.699+0000] {processor.py:830} INFO - Processing file /home/airflow/.local/lib/python3.11/site-packages/airflow/example_dags/example_kubernetes_executor.py for tasks to queue
[2024-02-27T15:08:22.700+0000] {logging_mixin.py:188} INFO - [2024-02-27T15:08:22.700+0000] {dagbag.py:540} INFO - Filling up the DagBag from /home/airflow/.local/lib/python3.11/site-packages/airflow/example_dags/example_kubernetes_executor.py
[2024-02-27T15:08:22.707+0000] {processor.py:840} INFO - DAG(s) 'example_kubernetes_executor' retrieved from /home/airflow/.local/lib/python3.11/site-packages/airflow/example_dags/example_kubernetes_executor.py
[2024-02-27T15:08:22.727+0000] {logging_mixin.py:188} INFO - [2024-02-27T15:08:22.727+0000] {dag.py:3047} INFO - Sync 1 DAGs
[2024-02-27T15:08:22.734+0000] {logging_mixin.py:188} INFO - [2024-02-27T15:08:22.734+0000] {dag.py:3834} INFO - Setting next_dagrun for example_kubernetes_executor to None, run_after=None
[2024-02-27T15:08:22.745+0000] {processor.py:183} INFO - Processing /home/airflow/.local/lib/python3.11/site-packages/airflow/example_dags/example_kubernetes_executor.py took 0.049 seconds
[2024-02-27T15:08:52.783+0000] {processor.py:161} INFO - Started process (PID=512) to work on /home/airflow/.local/lib/python3.11/site-packages/airflow/example_dags/example_kubernetes_executor.py
[2024-02-27T15:08:52.784+0000] {processor.py:830} INFO - Processing file /home/airflow/.local/lib/python3.11/site-packages/airflow/example_dags/example_kubernetes_executor.py for tasks to queue
[2024-02-27T15:08:52.785+0000] {logging_mixin.py:188} INFO - [2024-02-27T15:08:52.785+0000] {dagbag.py:540} INFO - Filling up the DagBag from /home/airflow/.local/lib/python3.11/site-packages/airflow/example_dags/example_kubernetes_executor.py
[2024-02-27T15:08:52.792+0000] {processor.py:840} INFO - DAG(s) 'example_kubernetes_executor' retrieved from /home/airflow/.local/lib/python3.11/site-packages/airflow/example_dags/example_kubernetes_executor.py
[2024-02-27T15:08:52.813+0000] {logging_mixin.py:188} INFO - [2024-02-27T15:08:52.813+0000] {dag.py:3047} INFO - Sync 1 DAGs
[2024-02-27T15:08:52.820+0000] {logging_mixin.py:188} INFO - [2024-02-27T15:08:52.820+0000] {dag.py:3834} INFO - Setting next_dagrun for example_kubernetes_executor to None, run_after=None
[2024-02-27T15:08:52.832+0000] {processor.py:183} INFO - Processing /home/airflow/.local/lib/python3.11/site-packages/airflow/example_dags/example_kubernetes_executor.py took 0.051 seconds
[2024-02-27T15:09:23.030+0000] {processor.py:161} INFO - Started process (PID=567) to work on /home/airflow/.local/lib/python3.11/site-packages/airflow/example_dags/example_kubernetes_executor.py
[2024-02-27T15:09:23.031+0000] {processor.py:830} INFO - Processing file /home/airflow/.local/lib/python3.11/site-packages/airflow/example_dags/example_kubernetes_executor.py for tasks to queue
[2024-02-27T15:09:23.032+0000] {logging_mixin.py:188} INFO - [2024-02-27T15:09:23.032+0000] {dagbag.py:540} INFO - Filling up the DagBag from /home/airflow/.local/lib/python3.11/site-packages/airflow/example_dags/example_kubernetes_executor.py
[2024-02-27T15:09:23.041+0000] {processor.py:840} INFO - DAG(s) 'example_kubernetes_executor' retrieved from /home/airflow/.local/lib/python3.11/site-packages/airflow/example_dags/example_kubernetes_executor.py
[2024-02-27T15:09:23.065+0000] {logging_mixin.py:188} INFO - [2024-02-27T15:09:23.065+0000] {dag.py:3047} INFO - Sync 1 DAGs
[2024-02-27T15:09:23.074+0000] {logging_mixin.py:188} INFO - [2024-02-27T15:09:23.073+0000] {dag.py:3834} INFO - Setting next_dagrun for example_kubernetes_executor to None, run_after=None
[2024-02-27T15:09:23.086+0000] {processor.py:183} INFO - Processing /home/airflow/.local/lib/python3.11/site-packages/airflow/example_dags/example_kubernetes_executor.py took 0.057 seconds
[2024-02-27T15:09:53.124+0000] {processor.py:161} INFO - Started process (PID=622) to work on /home/airflow/.local/lib/python3.11/site-packages/airflow/example_dags/example_kubernetes_executor.py
[2024-02-27T15:09:53.125+0000] {processor.py:830} INFO - Processing file /home/airflow/.local/lib/python3.11/site-packages/airflow/example_dags/example_kubernetes_executor.py for tasks to queue
[2024-02-27T15:09:53.126+0000] {logging_mixin.py:188} INFO - [2024-02-27T15:09:53.126+0000] {dagbag.py:540} INFO - Filling up the DagBag from /home/airflow/.local/lib/python3.11/site-packages/airflow/example_dags/example_kubernetes_executor.py
[2024-02-27T15:09:53.134+0000] {processor.py:840} INFO - DAG(s) 'example_kubernetes_executor' retrieved from /home/airflow/.local/lib/python3.11/site-packages/airflow/example_dags/example_kubernetes_executor.py
[2024-02-27T15:09:53.155+0000] {logging_mixin.py:188} INFO - [2024-02-27T15:09:53.155+0000] {dag.py:3047} INFO - Sync 1 DAGs
[2024-02-27T15:09:53.163+0000] {logging_mixin.py:188} INFO - [2024-02-27T15:09:53.163+0000] {dag.py:3834} INFO - Setting next_dagrun for example_kubernetes_executor to None, run_after=None
[2024-02-27T15:09:53.176+0000] {processor.py:183} INFO - Processing /home/airflow/.local/lib/python3.11/site-packages/airflow/example_dags/example_kubernetes_executor.py took 0.054 seconds
[2024-02-27T15:10:23.222+0000] {processor.py:161} INFO - Started process (PID=677) to work on /home/airflow/.local/lib/python3.11/site-packages/airflow/example_dags/example_kubernetes_executor.py
[2024-02-27T15:10:23.223+0000] {processor.py:830} INFO - Processing file /home/airflow/.local/lib/python3.11/site-packages/airflow/example_dags/example_kubernetes_executor.py for tasks to queue
[2024-02-27T15:10:23.224+0000] {logging_mixin.py:188} INFO - [2024-02-27T15:10:23.224+0000] {dagbag.py:540} INFO - Filling up the DagBag from /home/airflow/.local/lib/python3.11/site-packages/airflow/example_dags/example_kubernetes_executor.py
[2024-02-27T15:10:23.232+0000] {processor.py:840} INFO - DAG(s) 'example_kubernetes_executor' retrieved from /home/airflow/.local/lib/python3.11/site-packages/airflow/example_dags/example_kubernetes_executor.py
[2024-02-27T15:10:23.260+0000] {logging_mixin.py:188} INFO - [2024-02-27T15:10:23.260+0000] {dag.py:3047} INFO - Sync 1 DAGs
[2024-02-27T15:10:23.268+0000] {logging_mixin.py:188} INFO - [2024-02-27T15:10:23.268+0000] {dag.py:3834} INFO - Setting next_dagrun for example_kubernetes_executor to None, run_after=None
[2024-02-27T15:10:23.281+0000] {processor.py:183} INFO - Processing /home/airflow/.local/lib/python3.11/site-packages/airflow/example_dags/example_kubernetes_executor.py took 0.061 seconds
[2024-02-27T15:10:54.234+0000] {processor.py:161} INFO - Started process (PID=732) to work on /home/airflow/.local/lib/python3.11/site-packages/airflow/example_dags/example_kubernetes_executor.py
[2024-02-27T15:10:54.235+0000] {processor.py:830} INFO - Processing file /home/airflow/.local/lib/python3.11/site-packages/airflow/example_dags/example_kubernetes_executor.py for tasks to queue
[2024-02-27T15:10:54.236+0000] {logging_mixin.py:188} INFO - [2024-02-27T15:10:54.236+0000] {dagbag.py:540} INFO - Filling up the DagBag from /home/airflow/.local/lib/python3.11/site-packages/airflow/example_dags/example_kubernetes_executor.py
[2024-02-27T15:10:54.244+0000] {processor.py:840} INFO - DAG(s) 'example_kubernetes_executor' retrieved from /home/airflow/.local/lib/python3.11/site-packages/airflow/example_dags/example_kubernetes_executor.py
[2024-02-27T15:10:54.266+0000] {logging_mixin.py:188} INFO - [2024-02-27T15:10:54.266+0000] {dag.py:3047} INFO - Sync 1 DAGs
[2024-02-27T15:10:54.273+0000] {logging_mixin.py:188} INFO - [2024-02-27T15:10:54.273+0000] {dag.py:3834} INFO - Setting next_dagrun for example_kubernetes_executor to None, run_after=None
[2024-02-27T15:10:54.285+0000] {processor.py:183} INFO - Processing /home/airflow/.local/lib/python3.11/site-packages/airflow/example_dags/example_kubernetes_executor.py took 0.053 seconds
[2024-02-27T15:11:24.542+0000] {processor.py:161} INFO - Started process (PID=787) to work on /home/airflow/.local/lib/python3.11/site-packages/airflow/example_dags/example_kubernetes_executor.py
[2024-02-27T15:11:24.543+0000] {processor.py:830} INFO - Processing file /home/airflow/.local/lib/python3.11/site-packages/airflow/example_dags/example_kubernetes_executor.py for tasks to queue
[2024-02-27T15:11:24.544+0000] {logging_mixin.py:188} INFO - [2024-02-27T15:11:24.544+0000] {dagbag.py:540} INFO - Filling up the DagBag from /home/airflow/.local/lib/python3.11/site-packages/airflow/example_dags/example_kubernetes_executor.py
[2024-02-27T15:11:24.551+0000] {processor.py:840} INFO - DAG(s) 'example_kubernetes_executor' retrieved from /home/airflow/.local/lib/python3.11/site-packages/airflow/example_dags/example_kubernetes_executor.py
[2024-02-27T15:11:24.573+0000] {logging_mixin.py:188} INFO - [2024-02-27T15:11:24.573+0000] {dag.py:3047} INFO - Sync 1 DAGs
[2024-02-27T15:11:24.579+0000] {logging_mixin.py:188} INFO - [2024-02-27T15:11:24.579+0000] {dag.py:3834} INFO - Setting next_dagrun for example_kubernetes_executor to None, run_after=None
[2024-02-27T15:11:24.591+0000] {processor.py:183} INFO - Processing /home/airflow/.local/lib/python3.11/site-packages/airflow/example_dags/example_kubernetes_executor.py took 0.050 seconds
[2024-02-27T15:11:54.619+0000] {processor.py:161} INFO - Started process (PID=843) to work on /home/airflow/.local/lib/python3.11/site-packages/airflow/example_dags/example_kubernetes_executor.py
[2024-02-27T15:11:54.619+0000] {processor.py:830} INFO - Processing file /home/airflow/.local/lib/python3.11/site-packages/airflow/example_dags/example_kubernetes_executor.py for tasks to queue
[2024-02-27T15:11:54.620+0000] {logging_mixin.py:188} INFO - [2024-02-27T15:11:54.620+0000] {dagbag.py:540} INFO - Filling up the DagBag from /home/airflow/.local/lib/python3.11/site-packages/airflow/example_dags/example_kubernetes_executor.py
[2024-02-27T15:11:54.628+0000] {processor.py:840} INFO - DAG(s) 'example_kubernetes_executor' retrieved from /home/airflow/.local/lib/python3.11/site-packages/airflow/example_dags/example_kubernetes_executor.py
[2024-02-27T15:11:54.648+0000] {logging_mixin.py:188} INFO - [2024-02-27T15:11:54.648+0000] {dag.py:3047} INFO - Sync 1 DAGs
[2024-02-27T15:11:54.655+0000] {logging_mixin.py:188} INFO - [2024-02-27T15:11:54.654+0000] {dag.py:3834} INFO - Setting next_dagrun for example_kubernetes_executor to None, run_after=None
[2024-02-27T15:11:54.667+0000] {processor.py:183} INFO - Processing /home/airflow/.local/lib/python3.11/site-packages/airflow/example_dags/example_kubernetes_executor.py took 0.051 seconds
[2024-02-27T15:12:24.839+0000] {processor.py:161} INFO - Started process (PID=898) to work on /home/airflow/.local/lib/python3.11/site-packages/airflow/example_dags/example_kubernetes_executor.py
[2024-02-27T15:12:24.840+0000] {processor.py:830} INFO - Processing file /home/airflow/.local/lib/python3.11/site-packages/airflow/example_dags/example_kubernetes_executor.py for tasks to queue
[2024-02-27T15:12:24.841+0000] {logging_mixin.py:188} INFO - [2024-02-27T15:12:24.841+0000] {dagbag.py:540} INFO - Filling up the DagBag from /home/airflow/.local/lib/python3.11/site-packages/airflow/example_dags/example_kubernetes_executor.py
[2024-02-27T15:12:24.848+0000] {processor.py:840} INFO - DAG(s) 'example_kubernetes_executor' retrieved from /home/airflow/.local/lib/python3.11/site-packages/airflow/example_dags/example_kubernetes_executor.py
[2024-02-27T15:12:24.869+0000] {logging_mixin.py:188} INFO - [2024-02-27T15:12:24.868+0000] {dag.py:3047} INFO - Sync 1 DAGs
[2024-02-27T15:12:24.876+0000] {logging_mixin.py:188} INFO - [2024-02-27T15:12:24.876+0000] {dag.py:3834} INFO - Setting next_dagrun for example_kubernetes_executor to None, run_after=None
[2024-02-27T15:12:24.887+0000] {processor.py:183} INFO - Processing /home/airflow/.local/lib/python3.11/site-packages/airflow/example_dags/example_kubernetes_executor.py took 0.050 seconds
[2024-02-27T15:12:54.920+0000] {processor.py:161} INFO - Started process (PID=953) to work on /home/airflow/.local/lib/python3.11/site-packages/airflow/example_dags/example_kubernetes_executor.py
[2024-02-27T15:12:54.920+0000] {processor.py:830} INFO - Processing file /home/airflow/.local/lib/python3.11/site-packages/airflow/example_dags/example_kubernetes_executor.py for tasks to queue
[2024-02-27T15:12:54.922+0000] {logging_mixin.py:188} INFO - [2024-02-27T15:12:54.921+0000] {dagbag.py:540} INFO - Filling up the DagBag from /home/airflow/.local/lib/python3.11/site-packages/airflow/example_dags/example_kubernetes_executor.py
[2024-02-27T15:12:54.929+0000] {processor.py:840} INFO - DAG(s) 'example_kubernetes_executor' retrieved from /home/airflow/.local/lib/python3.11/site-packages/airflow/example_dags/example_kubernetes_executor.py
[2024-02-27T15:12:54.952+0000] {logging_mixin.py:188} INFO - [2024-02-27T15:12:54.952+0000] {dag.py:3047} INFO - Sync 1 DAGs
[2024-02-27T15:12:54.961+0000] {logging_mixin.py:188} INFO - [2024-02-27T15:12:54.960+0000] {dag.py:3834} INFO - Setting next_dagrun for example_kubernetes_executor to None, run_after=None
[2024-02-27T15:12:54.973+0000] {processor.py:183} INFO - Processing /home/airflow/.local/lib/python3.11/site-packages/airflow/example_dags/example_kubernetes_executor.py took 0.055 seconds
[2024-02-27T15:20:39.738+0000] {processor.py:161} INFO - Started process (PID=72) to work on /home/airflow/.local/lib/python3.11/site-packages/airflow/example_dags/example_kubernetes_executor.py
[2024-02-27T15:20:39.739+0000] {processor.py:830} INFO - Processing file /home/airflow/.local/lib/python3.11/site-packages/airflow/example_dags/example_kubernetes_executor.py for tasks to queue
[2024-02-27T15:20:39.741+0000] {logging_mixin.py:188} INFO - [2024-02-27T15:20:39.741+0000] {dagbag.py:540} INFO - Filling up the DagBag from /home/airflow/.local/lib/python3.11/site-packages/airflow/example_dags/example_kubernetes_executor.py
[2024-02-27T15:20:39.751+0000] {processor.py:840} INFO - DAG(s) 'example_kubernetes_executor' retrieved from /home/airflow/.local/lib/python3.11/site-packages/airflow/example_dags/example_kubernetes_executor.py
[2024-02-27T15:20:39.780+0000] {logging_mixin.py:188} INFO - [2024-02-27T15:20:39.779+0000] {dag.py:3047} INFO - Sync 1 DAGs
[2024-02-27T15:20:39.794+0000] {logging_mixin.py:188} INFO - [2024-02-27T15:20:39.794+0000] {dag.py:3834} INFO - Setting next_dagrun for example_kubernetes_executor to None, run_after=None
[2024-02-27T15:20:39.824+0000] {processor.py:183} INFO - Processing /home/airflow/.local/lib/python3.11/site-packages/airflow/example_dags/example_kubernetes_executor.py took 0.088 seconds
[2024-02-27T15:21:10.892+0000] {processor.py:161} INFO - Started process (PID=127) to work on /home/airflow/.local/lib/python3.11/site-packages/airflow/example_dags/example_kubernetes_executor.py
[2024-02-27T15:21:10.893+0000] {processor.py:830} INFO - Processing file /home/airflow/.local/lib/python3.11/site-packages/airflow/example_dags/example_kubernetes_executor.py for tasks to queue
[2024-02-27T15:21:10.894+0000] {logging_mixin.py:188} INFO - [2024-02-27T15:21:10.894+0000] {dagbag.py:540} INFO - Filling up the DagBag from /home/airflow/.local/lib/python3.11/site-packages/airflow/example_dags/example_kubernetes_executor.py
[2024-02-27T15:21:10.902+0000] {processor.py:840} INFO - DAG(s) 'example_kubernetes_executor' retrieved from /home/airflow/.local/lib/python3.11/site-packages/airflow/example_dags/example_kubernetes_executor.py
[2024-02-27T15:21:10.982+0000] {logging_mixin.py:188} INFO - [2024-02-27T15:21:10.981+0000] {dag.py:3047} INFO - Sync 1 DAGs
[2024-02-27T15:21:10.993+0000] {logging_mixin.py:188} INFO - [2024-02-27T15:21:10.993+0000] {dag.py:3834} INFO - Setting next_dagrun for example_kubernetes_executor to None, run_after=None
[2024-02-27T15:21:11.011+0000] {processor.py:183} INFO - Processing /home/airflow/.local/lib/python3.11/site-packages/airflow/example_dags/example_kubernetes_executor.py took 0.121 seconds
