[2024-02-27T15:04:49.077+0000] {processor.py:161} INFO - Started process (PID=58) to work on /home/airflow/.local/lib/python3.11/site-packages/airflow/example_dags/example_xcomargs.py
[2024-02-27T15:04:49.078+0000] {processor.py:830} INFO - Processing file /home/airflow/.local/lib/python3.11/site-packages/airflow/example_dags/example_xcomargs.py for tasks to queue
[2024-02-27T15:04:49.079+0000] {logging_mixin.py:188} INFO - [2024-02-27T15:04:49.079+0000] {dagbag.py:540} INFO - Filling up the DagBag from /home/airflow/.local/lib/python3.11/site-packages/airflow/example_dags/example_xcomargs.py
[2024-02-27T15:04:49.087+0000] {processor.py:840} INFO - DAG(s) 'example_xcom_args_with_operators', 'example_xcom_args' retrieved from /home/airflow/.local/lib/python3.11/site-packages/airflow/example_dags/example_xcomargs.py
[2024-02-27T15:04:49.097+0000] {logging_mixin.py:188} INFO - [2024-02-27T15:04:49.097+0000] {dag.py:3047} INFO - Sync 2 DAGs
[2024-02-27T15:04:49.111+0000] {logging_mixin.py:188} INFO - [2024-02-27T15:04:49.111+0000] {dag.py:3834} INFO - Setting next_dagrun for example_xcom_args to None, run_after=None
[2024-02-27T15:04:49.114+0000] {logging_mixin.py:188} INFO - [2024-02-27T15:04:49.114+0000] {dag.py:3834} INFO - Setting next_dagrun for example_xcom_args_with_operators to None, run_after=None
[2024-02-27T15:04:49.126+0000] {processor.py:183} INFO - Processing /home/airflow/.local/lib/python3.11/site-packages/airflow/example_dags/example_xcomargs.py took 0.051 seconds
[2024-02-27T15:05:19.465+0000] {processor.py:161} INFO - Started process (PID=113) to work on /home/airflow/.local/lib/python3.11/site-packages/airflow/example_dags/example_xcomargs.py
[2024-02-27T15:05:19.466+0000] {processor.py:830} INFO - Processing file /home/airflow/.local/lib/python3.11/site-packages/airflow/example_dags/example_xcomargs.py for tasks to queue
[2024-02-27T15:05:19.467+0000] {logging_mixin.py:188} INFO - [2024-02-27T15:05:19.467+0000] {dagbag.py:540} INFO - Filling up the DagBag from /home/airflow/.local/lib/python3.11/site-packages/airflow/example_dags/example_xcomargs.py
[2024-02-27T15:05:19.472+0000] {processor.py:840} INFO - DAG(s) 'example_xcom_args_with_operators', 'example_xcom_args' retrieved from /home/airflow/.local/lib/python3.11/site-packages/airflow/example_dags/example_xcomargs.py
[2024-02-27T15:05:19.533+0000] {logging_mixin.py:188} INFO - [2024-02-27T15:05:19.533+0000] {dag.py:3047} INFO - Sync 2 DAGs
[2024-02-27T15:05:19.539+0000] {logging_mixin.py:188} INFO - [2024-02-27T15:05:19.539+0000] {dag.py:3834} INFO - Setting next_dagrun for example_xcom_args to None, run_after=None
[2024-02-27T15:05:19.541+0000] {logging_mixin.py:188} INFO - [2024-02-27T15:05:19.541+0000] {dag.py:3834} INFO - Setting next_dagrun for example_xcom_args_with_operators to None, run_after=None
[2024-02-27T15:05:19.551+0000] {processor.py:183} INFO - Processing /home/airflow/.local/lib/python3.11/site-packages/airflow/example_dags/example_xcomargs.py took 0.088 seconds
[2024-02-27T15:05:49.873+0000] {processor.py:161} INFO - Started process (PID=168) to work on /home/airflow/.local/lib/python3.11/site-packages/airflow/example_dags/example_xcomargs.py
[2024-02-27T15:05:49.874+0000] {processor.py:830} INFO - Processing file /home/airflow/.local/lib/python3.11/site-packages/airflow/example_dags/example_xcomargs.py for tasks to queue
[2024-02-27T15:05:49.875+0000] {logging_mixin.py:188} INFO - [2024-02-27T15:05:49.875+0000] {dagbag.py:540} INFO - Filling up the DagBag from /home/airflow/.local/lib/python3.11/site-packages/airflow/example_dags/example_xcomargs.py
[2024-02-27T15:05:49.880+0000] {processor.py:840} INFO - DAG(s) 'example_xcom_args', 'example_xcom_args_with_operators' retrieved from /home/airflow/.local/lib/python3.11/site-packages/airflow/example_dags/example_xcomargs.py
[2024-02-27T15:05:49.893+0000] {logging_mixin.py:188} INFO - [2024-02-27T15:05:49.893+0000] {dag.py:3047} INFO - Sync 2 DAGs
[2024-02-27T15:05:49.900+0000] {logging_mixin.py:188} INFO - [2024-02-27T15:05:49.900+0000] {dag.py:3834} INFO - Setting next_dagrun for example_xcom_args to None, run_after=None
[2024-02-27T15:05:49.902+0000] {logging_mixin.py:188} INFO - [2024-02-27T15:05:49.902+0000] {dag.py:3834} INFO - Setting next_dagrun for example_xcom_args_with_operators to None, run_after=None
[2024-02-27T15:05:49.912+0000] {processor.py:183} INFO - Processing /home/airflow/.local/lib/python3.11/site-packages/airflow/example_dags/example_xcomargs.py took 0.041 seconds
[2024-02-27T15:06:20.634+0000] {processor.py:161} INFO - Started process (PID=223) to work on /home/airflow/.local/lib/python3.11/site-packages/airflow/example_dags/example_xcomargs.py
[2024-02-27T15:06:20.634+0000] {processor.py:830} INFO - Processing file /home/airflow/.local/lib/python3.11/site-packages/airflow/example_dags/example_xcomargs.py for tasks to queue
[2024-02-27T15:06:20.635+0000] {logging_mixin.py:188} INFO - [2024-02-27T15:06:20.635+0000] {dagbag.py:540} INFO - Filling up the DagBag from /home/airflow/.local/lib/python3.11/site-packages/airflow/example_dags/example_xcomargs.py
[2024-02-27T15:06:20.641+0000] {processor.py:840} INFO - DAG(s) 'example_xcom_args', 'example_xcom_args_with_operators' retrieved from /home/airflow/.local/lib/python3.11/site-packages/airflow/example_dags/example_xcomargs.py
[2024-02-27T15:06:20.656+0000] {logging_mixin.py:188} INFO - [2024-02-27T15:06:20.656+0000] {dag.py:3047} INFO - Sync 2 DAGs
[2024-02-27T15:06:20.664+0000] {logging_mixin.py:188} INFO - [2024-02-27T15:06:20.664+0000] {dag.py:3834} INFO - Setting next_dagrun for example_xcom_args to None, run_after=None
[2024-02-27T15:06:20.667+0000] {logging_mixin.py:188} INFO - [2024-02-27T15:06:20.667+0000] {dag.py:3834} INFO - Setting next_dagrun for example_xcom_args_with_operators to None, run_after=None
[2024-02-27T15:06:20.677+0000] {processor.py:183} INFO - Processing /home/airflow/.local/lib/python3.11/site-packages/airflow/example_dags/example_xcomargs.py took 0.045 seconds
[2024-02-27T15:06:51.686+0000] {processor.py:161} INFO - Started process (PID=278) to work on /home/airflow/.local/lib/python3.11/site-packages/airflow/example_dags/example_xcomargs.py
[2024-02-27T15:06:51.688+0000] {processor.py:830} INFO - Processing file /home/airflow/.local/lib/python3.11/site-packages/airflow/example_dags/example_xcomargs.py for tasks to queue
[2024-02-27T15:06:51.689+0000] {logging_mixin.py:188} INFO - [2024-02-27T15:06:51.689+0000] {dagbag.py:540} INFO - Filling up the DagBag from /home/airflow/.local/lib/python3.11/site-packages/airflow/example_dags/example_xcomargs.py
[2024-02-27T15:06:51.695+0000] {processor.py:840} INFO - DAG(s) 'example_xcom_args_with_operators', 'example_xcom_args' retrieved from /home/airflow/.local/lib/python3.11/site-packages/airflow/example_dags/example_xcomargs.py
[2024-02-27T15:06:51.709+0000] {logging_mixin.py:188} INFO - [2024-02-27T15:06:51.708+0000] {dag.py:3047} INFO - Sync 2 DAGs
[2024-02-27T15:06:51.716+0000] {logging_mixin.py:188} INFO - [2024-02-27T15:06:51.716+0000] {dag.py:3834} INFO - Setting next_dagrun for example_xcom_args to None, run_after=None
[2024-02-27T15:06:51.719+0000] {logging_mixin.py:188} INFO - [2024-02-27T15:06:51.718+0000] {dag.py:3834} INFO - Setting next_dagrun for example_xcom_args_with_operators to None, run_after=None
[2024-02-27T15:06:51.728+0000] {processor.py:183} INFO - Processing /home/airflow/.local/lib/python3.11/site-packages/airflow/example_dags/example_xcomargs.py took 0.044 seconds
[2024-02-27T15:07:21.861+0000] {processor.py:161} INFO - Started process (PID=333) to work on /home/airflow/.local/lib/python3.11/site-packages/airflow/example_dags/example_xcomargs.py
[2024-02-27T15:07:21.861+0000] {processor.py:830} INFO - Processing file /home/airflow/.local/lib/python3.11/site-packages/airflow/example_dags/example_xcomargs.py for tasks to queue
[2024-02-27T15:07:21.863+0000] {logging_mixin.py:188} INFO - [2024-02-27T15:07:21.863+0000] {dagbag.py:540} INFO - Filling up the DagBag from /home/airflow/.local/lib/python3.11/site-packages/airflow/example_dags/example_xcomargs.py
[2024-02-27T15:07:21.867+0000] {processor.py:840} INFO - DAG(s) 'example_xcom_args', 'example_xcom_args_with_operators' retrieved from /home/airflow/.local/lib/python3.11/site-packages/airflow/example_dags/example_xcomargs.py
[2024-02-27T15:07:21.880+0000] {logging_mixin.py:188} INFO - [2024-02-27T15:07:21.880+0000] {dag.py:3047} INFO - Sync 2 DAGs
[2024-02-27T15:07:21.887+0000] {logging_mixin.py:188} INFO - [2024-02-27T15:07:21.887+0000] {dag.py:3834} INFO - Setting next_dagrun for example_xcom_args to None, run_after=None
[2024-02-27T15:07:21.889+0000] {logging_mixin.py:188} INFO - [2024-02-27T15:07:21.889+0000] {dag.py:3834} INFO - Setting next_dagrun for example_xcom_args_with_operators to None, run_after=None
[2024-02-27T15:07:21.899+0000] {processor.py:183} INFO - Processing /home/airflow/.local/lib/python3.11/site-packages/airflow/example_dags/example_xcomargs.py took 0.040 seconds
[2024-02-27T15:07:51.960+0000] {processor.py:161} INFO - Started process (PID=388) to work on /home/airflow/.local/lib/python3.11/site-packages/airflow/example_dags/example_xcomargs.py
[2024-02-27T15:07:51.960+0000] {processor.py:830} INFO - Processing file /home/airflow/.local/lib/python3.11/site-packages/airflow/example_dags/example_xcomargs.py for tasks to queue
[2024-02-27T15:07:51.961+0000] {logging_mixin.py:188} INFO - [2024-02-27T15:07:51.961+0000] {dagbag.py:540} INFO - Filling up the DagBag from /home/airflow/.local/lib/python3.11/site-packages/airflow/example_dags/example_xcomargs.py
[2024-02-27T15:07:51.967+0000] {processor.py:840} INFO - DAG(s) 'example_xcom_args', 'example_xcom_args_with_operators' retrieved from /home/airflow/.local/lib/python3.11/site-packages/airflow/example_dags/example_xcomargs.py
[2024-02-27T15:07:51.980+0000] {logging_mixin.py:188} INFO - [2024-02-27T15:07:51.980+0000] {dag.py:3047} INFO - Sync 2 DAGs
[2024-02-27T15:07:51.987+0000] {logging_mixin.py:188} INFO - [2024-02-27T15:07:51.987+0000] {dag.py:3834} INFO - Setting next_dagrun for example_xcom_args to None, run_after=None
[2024-02-27T15:07:51.989+0000] {logging_mixin.py:188} INFO - [2024-02-27T15:07:51.989+0000] {dag.py:3834} INFO - Setting next_dagrun for example_xcom_args_with_operators to None, run_after=None
[2024-02-27T15:07:51.998+0000] {processor.py:183} INFO - Processing /home/airflow/.local/lib/python3.11/site-packages/airflow/example_dags/example_xcomargs.py took 0.041 seconds
[2024-02-27T15:08:22.028+0000] {processor.py:161} INFO - Started process (PID=443) to work on /home/airflow/.local/lib/python3.11/site-packages/airflow/example_dags/example_xcomargs.py
[2024-02-27T15:08:22.028+0000] {processor.py:830} INFO - Processing file /home/airflow/.local/lib/python3.11/site-packages/airflow/example_dags/example_xcomargs.py for tasks to queue
[2024-02-27T15:08:22.030+0000] {logging_mixin.py:188} INFO - [2024-02-27T15:08:22.029+0000] {dagbag.py:540} INFO - Filling up the DagBag from /home/airflow/.local/lib/python3.11/site-packages/airflow/example_dags/example_xcomargs.py
[2024-02-27T15:08:22.034+0000] {processor.py:840} INFO - DAG(s) 'example_xcom_args', 'example_xcom_args_with_operators' retrieved from /home/airflow/.local/lib/python3.11/site-packages/airflow/example_dags/example_xcomargs.py
[2024-02-27T15:08:22.048+0000] {logging_mixin.py:188} INFO - [2024-02-27T15:08:22.048+0000] {dag.py:3047} INFO - Sync 2 DAGs
[2024-02-27T15:08:22.056+0000] {logging_mixin.py:188} INFO - [2024-02-27T15:08:22.056+0000] {dag.py:3834} INFO - Setting next_dagrun for example_xcom_args to None, run_after=None
[2024-02-27T15:08:22.058+0000] {logging_mixin.py:188} INFO - [2024-02-27T15:08:22.058+0000] {dag.py:3834} INFO - Setting next_dagrun for example_xcom_args_with_operators to None, run_after=None
[2024-02-27T15:08:22.068+0000] {processor.py:183} INFO - Processing /home/airflow/.local/lib/python3.11/site-packages/airflow/example_dags/example_xcomargs.py took 0.042 seconds
[2024-02-27T15:08:52.209+0000] {processor.py:161} INFO - Started process (PID=498) to work on /home/airflow/.local/lib/python3.11/site-packages/airflow/example_dags/example_xcomargs.py
[2024-02-27T15:08:52.209+0000] {processor.py:830} INFO - Processing file /home/airflow/.local/lib/python3.11/site-packages/airflow/example_dags/example_xcomargs.py for tasks to queue
[2024-02-27T15:08:52.211+0000] {logging_mixin.py:188} INFO - [2024-02-27T15:08:52.210+0000] {dagbag.py:540} INFO - Filling up the DagBag from /home/airflow/.local/lib/python3.11/site-packages/airflow/example_dags/example_xcomargs.py
[2024-02-27T15:08:52.216+0000] {processor.py:840} INFO - DAG(s) 'example_xcom_args', 'example_xcom_args_with_operators' retrieved from /home/airflow/.local/lib/python3.11/site-packages/airflow/example_dags/example_xcomargs.py
[2024-02-27T15:08:52.229+0000] {logging_mixin.py:188} INFO - [2024-02-27T15:08:52.229+0000] {dag.py:3047} INFO - Sync 2 DAGs
[2024-02-27T15:08:52.236+0000] {logging_mixin.py:188} INFO - [2024-02-27T15:08:52.236+0000] {dag.py:3834} INFO - Setting next_dagrun for example_xcom_args to None, run_after=None
[2024-02-27T15:08:52.238+0000] {logging_mixin.py:188} INFO - [2024-02-27T15:08:52.238+0000] {dag.py:3834} INFO - Setting next_dagrun for example_xcom_args_with_operators to None, run_after=None
[2024-02-27T15:08:52.249+0000] {processor.py:183} INFO - Processing /home/airflow/.local/lib/python3.11/site-packages/airflow/example_dags/example_xcomargs.py took 0.042 seconds
[2024-02-27T15:09:22.426+0000] {processor.py:161} INFO - Started process (PID=553) to work on /home/airflow/.local/lib/python3.11/site-packages/airflow/example_dags/example_xcomargs.py
[2024-02-27T15:09:22.427+0000] {processor.py:830} INFO - Processing file /home/airflow/.local/lib/python3.11/site-packages/airflow/example_dags/example_xcomargs.py for tasks to queue
[2024-02-27T15:09:22.428+0000] {logging_mixin.py:188} INFO - [2024-02-27T15:09:22.428+0000] {dagbag.py:540} INFO - Filling up the DagBag from /home/airflow/.local/lib/python3.11/site-packages/airflow/example_dags/example_xcomargs.py
[2024-02-27T15:09:22.433+0000] {processor.py:840} INFO - DAG(s) 'example_xcom_args_with_operators', 'example_xcom_args' retrieved from /home/airflow/.local/lib/python3.11/site-packages/airflow/example_dags/example_xcomargs.py
[2024-02-27T15:09:22.446+0000] {logging_mixin.py:188} INFO - [2024-02-27T15:09:22.446+0000] {dag.py:3047} INFO - Sync 2 DAGs
[2024-02-27T15:09:22.454+0000] {logging_mixin.py:188} INFO - [2024-02-27T15:09:22.454+0000] {dag.py:3834} INFO - Setting next_dagrun for example_xcom_args to None, run_after=None
[2024-02-27T15:09:22.456+0000] {logging_mixin.py:188} INFO - [2024-02-27T15:09:22.456+0000] {dag.py:3834} INFO - Setting next_dagrun for example_xcom_args_with_operators to None, run_after=None
[2024-02-27T15:09:22.466+0000] {processor.py:183} INFO - Processing /home/airflow/.local/lib/python3.11/site-packages/airflow/example_dags/example_xcomargs.py took 0.043 seconds
[2024-02-27T15:09:52.571+0000] {processor.py:161} INFO - Started process (PID=608) to work on /home/airflow/.local/lib/python3.11/site-packages/airflow/example_dags/example_xcomargs.py
[2024-02-27T15:09:52.572+0000] {processor.py:830} INFO - Processing file /home/airflow/.local/lib/python3.11/site-packages/airflow/example_dags/example_xcomargs.py for tasks to queue
[2024-02-27T15:09:52.574+0000] {logging_mixin.py:188} INFO - [2024-02-27T15:09:52.573+0000] {dagbag.py:540} INFO - Filling up the DagBag from /home/airflow/.local/lib/python3.11/site-packages/airflow/example_dags/example_xcomargs.py
[2024-02-27T15:09:52.579+0000] {processor.py:840} INFO - DAG(s) 'example_xcom_args_with_operators', 'example_xcom_args' retrieved from /home/airflow/.local/lib/python3.11/site-packages/airflow/example_dags/example_xcomargs.py
[2024-02-27T15:09:52.593+0000] {logging_mixin.py:188} INFO - [2024-02-27T15:09:52.592+0000] {dag.py:3047} INFO - Sync 2 DAGs
[2024-02-27T15:09:52.600+0000] {logging_mixin.py:188} INFO - [2024-02-27T15:09:52.600+0000] {dag.py:3834} INFO - Setting next_dagrun for example_xcom_args to None, run_after=None
[2024-02-27T15:09:52.603+0000] {logging_mixin.py:188} INFO - [2024-02-27T15:09:52.602+0000] {dag.py:3834} INFO - Setting next_dagrun for example_xcom_args_with_operators to None, run_after=None
[2024-02-27T15:09:52.613+0000] {processor.py:183} INFO - Processing /home/airflow/.local/lib/python3.11/site-packages/airflow/example_dags/example_xcomargs.py took 0.043 seconds
[2024-02-27T15:10:22.707+0000] {processor.py:161} INFO - Started process (PID=663) to work on /home/airflow/.local/lib/python3.11/site-packages/airflow/example_dags/example_xcomargs.py
[2024-02-27T15:10:22.708+0000] {processor.py:830} INFO - Processing file /home/airflow/.local/lib/python3.11/site-packages/airflow/example_dags/example_xcomargs.py for tasks to queue
[2024-02-27T15:10:22.709+0000] {logging_mixin.py:188} INFO - [2024-02-27T15:10:22.709+0000] {dagbag.py:540} INFO - Filling up the DagBag from /home/airflow/.local/lib/python3.11/site-packages/airflow/example_dags/example_xcomargs.py
[2024-02-27T15:10:22.714+0000] {processor.py:840} INFO - DAG(s) 'example_xcom_args', 'example_xcom_args_with_operators' retrieved from /home/airflow/.local/lib/python3.11/site-packages/airflow/example_dags/example_xcomargs.py
[2024-02-27T15:10:22.729+0000] {logging_mixin.py:188} INFO - [2024-02-27T15:10:22.729+0000] {dag.py:3047} INFO - Sync 2 DAGs
[2024-02-27T15:10:22.739+0000] {logging_mixin.py:188} INFO - [2024-02-27T15:10:22.738+0000] {dag.py:3834} INFO - Setting next_dagrun for example_xcom_args to None, run_after=None
[2024-02-27T15:10:22.741+0000] {logging_mixin.py:188} INFO - [2024-02-27T15:10:22.741+0000] {dag.py:3834} INFO - Setting next_dagrun for example_xcom_args_with_operators to None, run_after=None
[2024-02-27T15:10:22.751+0000] {processor.py:183} INFO - Processing /home/airflow/.local/lib/python3.11/site-packages/airflow/example_dags/example_xcomargs.py took 0.046 seconds
[2024-02-27T15:10:52.819+0000] {processor.py:161} INFO - Started process (PID=718) to work on /home/airflow/.local/lib/python3.11/site-packages/airflow/example_dags/example_xcomargs.py
[2024-02-27T15:10:52.820+0000] {processor.py:830} INFO - Processing file /home/airflow/.local/lib/python3.11/site-packages/airflow/example_dags/example_xcomargs.py for tasks to queue
[2024-02-27T15:10:52.822+0000] {logging_mixin.py:188} INFO - [2024-02-27T15:10:52.821+0000] {dagbag.py:540} INFO - Filling up the DagBag from /home/airflow/.local/lib/python3.11/site-packages/airflow/example_dags/example_xcomargs.py
[2024-02-27T15:10:52.828+0000] {processor.py:840} INFO - DAG(s) 'example_xcom_args_with_operators', 'example_xcom_args' retrieved from /home/airflow/.local/lib/python3.11/site-packages/airflow/example_dags/example_xcomargs.py
[2024-02-27T15:10:52.841+0000] {logging_mixin.py:188} INFO - [2024-02-27T15:10:52.841+0000] {dag.py:3047} INFO - Sync 2 DAGs
[2024-02-27T15:10:52.849+0000] {logging_mixin.py:188} INFO - [2024-02-27T15:10:52.849+0000] {dag.py:3834} INFO - Setting next_dagrun for example_xcom_args to None, run_after=None
[2024-02-27T15:10:52.851+0000] {logging_mixin.py:188} INFO - [2024-02-27T15:10:52.851+0000] {dag.py:3834} INFO - Setting next_dagrun for example_xcom_args_with_operators to None, run_after=None
[2024-02-27T15:10:52.860+0000] {processor.py:183} INFO - Processing /home/airflow/.local/lib/python3.11/site-packages/airflow/example_dags/example_xcomargs.py took 0.043 seconds
[2024-02-27T15:11:23.010+0000] {processor.py:161} INFO - Started process (PID=773) to work on /home/airflow/.local/lib/python3.11/site-packages/airflow/example_dags/example_xcomargs.py
[2024-02-27T15:11:23.011+0000] {processor.py:830} INFO - Processing file /home/airflow/.local/lib/python3.11/site-packages/airflow/example_dags/example_xcomargs.py for tasks to queue
[2024-02-27T15:11:23.012+0000] {logging_mixin.py:188} INFO - [2024-02-27T15:11:23.012+0000] {dagbag.py:540} INFO - Filling up the DagBag from /home/airflow/.local/lib/python3.11/site-packages/airflow/example_dags/example_xcomargs.py
[2024-02-27T15:11:23.016+0000] {processor.py:840} INFO - DAG(s) 'example_xcom_args_with_operators', 'example_xcom_args' retrieved from /home/airflow/.local/lib/python3.11/site-packages/airflow/example_dags/example_xcomargs.py
[2024-02-27T15:11:23.029+0000] {logging_mixin.py:188} INFO - [2024-02-27T15:11:23.029+0000] {dag.py:3047} INFO - Sync 2 DAGs
[2024-02-27T15:11:23.036+0000] {logging_mixin.py:188} INFO - [2024-02-27T15:11:23.036+0000] {dag.py:3834} INFO - Setting next_dagrun for example_xcom_args to None, run_after=None
[2024-02-27T15:11:23.038+0000] {logging_mixin.py:188} INFO - [2024-02-27T15:11:23.038+0000] {dag.py:3834} INFO - Setting next_dagrun for example_xcom_args_with_operators to None, run_after=None
[2024-02-27T15:11:23.048+0000] {processor.py:183} INFO - Processing /home/airflow/.local/lib/python3.11/site-packages/airflow/example_dags/example_xcomargs.py took 0.041 seconds
[2024-02-27T15:11:53.093+0000] {processor.py:161} INFO - Started process (PID=829) to work on /home/airflow/.local/lib/python3.11/site-packages/airflow/example_dags/example_xcomargs.py
[2024-02-27T15:11:53.093+0000] {processor.py:830} INFO - Processing file /home/airflow/.local/lib/python3.11/site-packages/airflow/example_dags/example_xcomargs.py for tasks to queue
[2024-02-27T15:11:53.094+0000] {logging_mixin.py:188} INFO - [2024-02-27T15:11:53.094+0000] {dagbag.py:540} INFO - Filling up the DagBag from /home/airflow/.local/lib/python3.11/site-packages/airflow/example_dags/example_xcomargs.py
[2024-02-27T15:11:53.099+0000] {processor.py:840} INFO - DAG(s) 'example_xcom_args', 'example_xcom_args_with_operators' retrieved from /home/airflow/.local/lib/python3.11/site-packages/airflow/example_dags/example_xcomargs.py
[2024-02-27T15:11:53.112+0000] {logging_mixin.py:188} INFO - [2024-02-27T15:11:53.112+0000] {dag.py:3047} INFO - Sync 2 DAGs
[2024-02-27T15:11:53.119+0000] {logging_mixin.py:188} INFO - [2024-02-27T15:11:53.119+0000] {dag.py:3834} INFO - Setting next_dagrun for example_xcom_args to None, run_after=None
[2024-02-27T15:11:53.121+0000] {logging_mixin.py:188} INFO - [2024-02-27T15:11:53.121+0000] {dag.py:3834} INFO - Setting next_dagrun for example_xcom_args_with_operators to None, run_after=None
[2024-02-27T15:11:53.131+0000] {processor.py:183} INFO - Processing /home/airflow/.local/lib/python3.11/site-packages/airflow/example_dags/example_xcomargs.py took 0.041 seconds
[2024-02-27T15:12:23.298+0000] {processor.py:161} INFO - Started process (PID=884) to work on /home/airflow/.local/lib/python3.11/site-packages/airflow/example_dags/example_xcomargs.py
[2024-02-27T15:12:23.299+0000] {processor.py:830} INFO - Processing file /home/airflow/.local/lib/python3.11/site-packages/airflow/example_dags/example_xcomargs.py for tasks to queue
[2024-02-27T15:12:23.300+0000] {logging_mixin.py:188} INFO - [2024-02-27T15:12:23.300+0000] {dagbag.py:540} INFO - Filling up the DagBag from /home/airflow/.local/lib/python3.11/site-packages/airflow/example_dags/example_xcomargs.py
[2024-02-27T15:12:23.305+0000] {processor.py:840} INFO - DAG(s) 'example_xcom_args', 'example_xcom_args_with_operators' retrieved from /home/airflow/.local/lib/python3.11/site-packages/airflow/example_dags/example_xcomargs.py
[2024-02-27T15:12:23.319+0000] {logging_mixin.py:188} INFO - [2024-02-27T15:12:23.319+0000] {dag.py:3047} INFO - Sync 2 DAGs
[2024-02-27T15:12:23.327+0000] {logging_mixin.py:188} INFO - [2024-02-27T15:12:23.326+0000] {dag.py:3834} INFO - Setting next_dagrun for example_xcom_args to None, run_after=None
[2024-02-27T15:12:23.329+0000] {logging_mixin.py:188} INFO - [2024-02-27T15:12:23.329+0000] {dag.py:3834} INFO - Setting next_dagrun for example_xcom_args_with_operators to None, run_after=None
[2024-02-27T15:12:23.340+0000] {processor.py:183} INFO - Processing /home/airflow/.local/lib/python3.11/site-packages/airflow/example_dags/example_xcomargs.py took 0.043 seconds
[2024-02-27T15:12:53.452+0000] {processor.py:161} INFO - Started process (PID=939) to work on /home/airflow/.local/lib/python3.11/site-packages/airflow/example_dags/example_xcomargs.py
[2024-02-27T15:12:53.452+0000] {processor.py:830} INFO - Processing file /home/airflow/.local/lib/python3.11/site-packages/airflow/example_dags/example_xcomargs.py for tasks to queue
[2024-02-27T15:12:53.454+0000] {logging_mixin.py:188} INFO - [2024-02-27T15:12:53.454+0000] {dagbag.py:540} INFO - Filling up the DagBag from /home/airflow/.local/lib/python3.11/site-packages/airflow/example_dags/example_xcomargs.py
[2024-02-27T15:12:53.459+0000] {processor.py:840} INFO - DAG(s) 'example_xcom_args_with_operators', 'example_xcom_args' retrieved from /home/airflow/.local/lib/python3.11/site-packages/airflow/example_dags/example_xcomargs.py
[2024-02-27T15:12:53.472+0000] {logging_mixin.py:188} INFO - [2024-02-27T15:12:53.472+0000] {dag.py:3047} INFO - Sync 2 DAGs
[2024-02-27T15:12:53.479+0000] {logging_mixin.py:188} INFO - [2024-02-27T15:12:53.479+0000] {dag.py:3834} INFO - Setting next_dagrun for example_xcom_args to None, run_after=None
[2024-02-27T15:12:53.481+0000] {logging_mixin.py:188} INFO - [2024-02-27T15:12:53.481+0000] {dag.py:3834} INFO - Setting next_dagrun for example_xcom_args_with_operators to None, run_after=None
[2024-02-27T15:12:53.492+0000] {processor.py:183} INFO - Processing /home/airflow/.local/lib/python3.11/site-packages/airflow/example_dags/example_xcomargs.py took 0.042 seconds
[2024-02-27T15:20:39.021+0000] {processor.py:161} INFO - Started process (PID=58) to work on /home/airflow/.local/lib/python3.11/site-packages/airflow/example_dags/example_xcomargs.py
[2024-02-27T15:20:39.022+0000] {processor.py:830} INFO - Processing file /home/airflow/.local/lib/python3.11/site-packages/airflow/example_dags/example_xcomargs.py for tasks to queue
[2024-02-27T15:20:39.023+0000] {logging_mixin.py:188} INFO - [2024-02-27T15:20:39.023+0000] {dagbag.py:540} INFO - Filling up the DagBag from /home/airflow/.local/lib/python3.11/site-packages/airflow/example_dags/example_xcomargs.py
[2024-02-27T15:20:39.029+0000] {processor.py:840} INFO - DAG(s) 'example_xcom_args_with_operators', 'example_xcom_args' retrieved from /home/airflow/.local/lib/python3.11/site-packages/airflow/example_dags/example_xcomargs.py
[2024-02-27T15:20:39.053+0000] {logging_mixin.py:188} INFO - [2024-02-27T15:20:39.053+0000] {dag.py:3047} INFO - Sync 2 DAGs
[2024-02-27T15:20:39.068+0000] {logging_mixin.py:188} INFO - [2024-02-27T15:20:39.067+0000] {dag.py:3834} INFO - Setting next_dagrun for example_xcom_args to None, run_after=None
[2024-02-27T15:20:39.072+0000] {logging_mixin.py:188} INFO - [2024-02-27T15:20:39.072+0000] {dag.py:3834} INFO - Setting next_dagrun for example_xcom_args_with_operators to None, run_after=None
[2024-02-27T15:20:39.096+0000] {processor.py:183} INFO - Processing /home/airflow/.local/lib/python3.11/site-packages/airflow/example_dags/example_xcomargs.py took 0.078 seconds
[2024-02-27T15:21:09.900+0000] {processor.py:161} INFO - Started process (PID=113) to work on /home/airflow/.local/lib/python3.11/site-packages/airflow/example_dags/example_xcomargs.py
[2024-02-27T15:21:09.901+0000] {processor.py:830} INFO - Processing file /home/airflow/.local/lib/python3.11/site-packages/airflow/example_dags/example_xcomargs.py for tasks to queue
[2024-02-27T15:21:09.902+0000] {logging_mixin.py:188} INFO - [2024-02-27T15:21:09.902+0000] {dagbag.py:540} INFO - Filling up the DagBag from /home/airflow/.local/lib/python3.11/site-packages/airflow/example_dags/example_xcomargs.py
[2024-02-27T15:21:09.908+0000] {processor.py:840} INFO - DAG(s) 'example_xcom_args_with_operators', 'example_xcom_args' retrieved from /home/airflow/.local/lib/python3.11/site-packages/airflow/example_dags/example_xcomargs.py
[2024-02-27T15:21:09.997+0000] {logging_mixin.py:188} INFO - [2024-02-27T15:21:09.997+0000] {dag.py:3047} INFO - Sync 2 DAGs
[2024-02-27T15:21:10.006+0000] {logging_mixin.py:188} INFO - [2024-02-27T15:21:10.006+0000] {dag.py:3834} INFO - Setting next_dagrun for example_xcom_args to None, run_after=None
[2024-02-27T15:21:10.012+0000] {logging_mixin.py:188} INFO - [2024-02-27T15:21:10.012+0000] {dag.py:3834} INFO - Setting next_dagrun for example_xcom_args_with_operators to None, run_after=None
[2024-02-27T15:21:10.040+0000] {processor.py:183} INFO - Processing /home/airflow/.local/lib/python3.11/site-packages/airflow/example_dags/example_xcomargs.py took 0.143 seconds
