[2024-02-27T15:04:49.801+0000] {processor.py:161} INFO - Started process (PID=76) to work on /home/airflow/.local/lib/python3.11/site-packages/airflow/example_dags/example_dag_decorator.py
[2024-02-27T15:04:49.802+0000] {processor.py:830} INFO - Processing file /home/airflow/.local/lib/python3.11/site-packages/airflow/example_dags/example_dag_decorator.py for tasks to queue
[2024-02-27T15:04:49.803+0000] {logging_mixin.py:188} INFO - [2024-02-27T15:04:49.803+0000] {dagbag.py:540} INFO - Filling up the DagBag from /home/airflow/.local/lib/python3.11/site-packages/airflow/example_dags/example_dag_decorator.py
[2024-02-27T15:04:49.937+0000] {processor.py:840} INFO - DAG(s) 'example_dag_decorator' retrieved from /home/airflow/.local/lib/python3.11/site-packages/airflow/example_dags/example_dag_decorator.py
[2024-02-27T15:04:49.946+0000] {logging_mixin.py:188} INFO - [2024-02-27T15:04:49.946+0000] {dag.py:3047} INFO - Sync 1 DAGs
[2024-02-27T15:04:49.957+0000] {logging_mixin.py:188} INFO - [2024-02-27T15:04:49.957+0000] {dag.py:3834} INFO - Setting next_dagrun for example_dag_decorator to None, run_after=None
[2024-02-27T15:04:49.970+0000] {processor.py:183} INFO - Processing /home/airflow/.local/lib/python3.11/site-packages/airflow/example_dags/example_dag_decorator.py took 0.171 seconds
[2024-02-27T15:05:20.516+0000] {processor.py:161} INFO - Started process (PID=131) to work on /home/airflow/.local/lib/python3.11/site-packages/airflow/example_dags/example_dag_decorator.py
[2024-02-27T15:05:20.518+0000] {processor.py:830} INFO - Processing file /home/airflow/.local/lib/python3.11/site-packages/airflow/example_dags/example_dag_decorator.py for tasks to queue
[2024-02-27T15:05:20.519+0000] {logging_mixin.py:188} INFO - [2024-02-27T15:05:20.519+0000] {dagbag.py:540} INFO - Filling up the DagBag from /home/airflow/.local/lib/python3.11/site-packages/airflow/example_dags/example_dag_decorator.py
[2024-02-27T15:05:20.570+0000] {processor.py:840} INFO - DAG(s) 'example_dag_decorator' retrieved from /home/airflow/.local/lib/python3.11/site-packages/airflow/example_dags/example_dag_decorator.py
[2024-02-27T15:05:20.632+0000] {logging_mixin.py:188} INFO - [2024-02-27T15:05:20.632+0000] {dag.py:3047} INFO - Sync 1 DAGs
[2024-02-27T15:05:20.638+0000] {logging_mixin.py:188} INFO - [2024-02-27T15:05:20.638+0000] {dag.py:3834} INFO - Setting next_dagrun for example_dag_decorator to None, run_after=None
[2024-02-27T15:05:20.650+0000] {processor.py:183} INFO - Processing /home/airflow/.local/lib/python3.11/site-packages/airflow/example_dags/example_dag_decorator.py took 0.135 seconds
[2024-02-27T15:05:51.443+0000] {processor.py:161} INFO - Started process (PID=186) to work on /home/airflow/.local/lib/python3.11/site-packages/airflow/example_dags/example_dag_decorator.py
[2024-02-27T15:05:51.443+0000] {processor.py:830} INFO - Processing file /home/airflow/.local/lib/python3.11/site-packages/airflow/example_dags/example_dag_decorator.py for tasks to queue
[2024-02-27T15:05:51.445+0000] {logging_mixin.py:188} INFO - [2024-02-27T15:05:51.444+0000] {dagbag.py:540} INFO - Filling up the DagBag from /home/airflow/.local/lib/python3.11/site-packages/airflow/example_dags/example_dag_decorator.py
[2024-02-27T15:05:51.500+0000] {processor.py:840} INFO - DAG(s) 'example_dag_decorator' retrieved from /home/airflow/.local/lib/python3.11/site-packages/airflow/example_dags/example_dag_decorator.py
[2024-02-27T15:05:51.556+0000] {logging_mixin.py:188} INFO - [2024-02-27T15:05:51.556+0000] {dag.py:3047} INFO - Sync 1 DAGs
[2024-02-27T15:05:51.563+0000] {logging_mixin.py:188} INFO - [2024-02-27T15:05:51.563+0000] {dag.py:3834} INFO - Setting next_dagrun for example_dag_decorator to None, run_after=None
[2024-02-27T15:05:51.575+0000] {processor.py:183} INFO - Processing /home/airflow/.local/lib/python3.11/site-packages/airflow/example_dags/example_dag_decorator.py took 0.134 seconds
[2024-02-27T15:06:22.242+0000] {processor.py:161} INFO - Started process (PID=241) to work on /home/airflow/.local/lib/python3.11/site-packages/airflow/example_dags/example_dag_decorator.py
[2024-02-27T15:06:22.243+0000] {processor.py:830} INFO - Processing file /home/airflow/.local/lib/python3.11/site-packages/airflow/example_dags/example_dag_decorator.py for tasks to queue
[2024-02-27T15:06:22.244+0000] {logging_mixin.py:188} INFO - [2024-02-27T15:06:22.244+0000] {dagbag.py:540} INFO - Filling up the DagBag from /home/airflow/.local/lib/python3.11/site-packages/airflow/example_dags/example_dag_decorator.py
[2024-02-27T15:06:22.305+0000] {processor.py:840} INFO - DAG(s) 'example_dag_decorator' retrieved from /home/airflow/.local/lib/python3.11/site-packages/airflow/example_dags/example_dag_decorator.py
[2024-02-27T15:06:22.360+0000] {logging_mixin.py:188} INFO - [2024-02-27T15:06:22.360+0000] {dag.py:3047} INFO - Sync 1 DAGs
[2024-02-27T15:06:22.365+0000] {logging_mixin.py:188} INFO - [2024-02-27T15:06:22.365+0000] {dag.py:3834} INFO - Setting next_dagrun for example_dag_decorator to None, run_after=None
[2024-02-27T15:06:22.376+0000] {processor.py:183} INFO - Processing /home/airflow/.local/lib/python3.11/site-packages/airflow/example_dags/example_dag_decorator.py took 0.136 seconds
[2024-02-27T15:06:53.365+0000] {processor.py:161} INFO - Started process (PID=296) to work on /home/airflow/.local/lib/python3.11/site-packages/airflow/example_dags/example_dag_decorator.py
[2024-02-27T15:06:53.366+0000] {processor.py:830} INFO - Processing file /home/airflow/.local/lib/python3.11/site-packages/airflow/example_dags/example_dag_decorator.py for tasks to queue
[2024-02-27T15:06:53.368+0000] {logging_mixin.py:188} INFO - [2024-02-27T15:06:53.367+0000] {dagbag.py:540} INFO - Filling up the DagBag from /home/airflow/.local/lib/python3.11/site-packages/airflow/example_dags/example_dag_decorator.py
[2024-02-27T15:06:53.429+0000] {processor.py:840} INFO - DAG(s) 'example_dag_decorator' retrieved from /home/airflow/.local/lib/python3.11/site-packages/airflow/example_dags/example_dag_decorator.py
[2024-02-27T15:06:53.484+0000] {logging_mixin.py:188} INFO - [2024-02-27T15:06:53.484+0000] {dag.py:3047} INFO - Sync 1 DAGs
[2024-02-27T15:06:53.491+0000] {logging_mixin.py:188} INFO - [2024-02-27T15:06:53.491+0000] {dag.py:3834} INFO - Setting next_dagrun for example_dag_decorator to None, run_after=None
[2024-02-27T15:06:53.503+0000] {processor.py:183} INFO - Processing /home/airflow/.local/lib/python3.11/site-packages/airflow/example_dags/example_dag_decorator.py took 0.141 seconds
[2024-02-27T15:07:23.641+0000] {processor.py:161} INFO - Started process (PID=351) to work on /home/airflow/.local/lib/python3.11/site-packages/airflow/example_dags/example_dag_decorator.py
[2024-02-27T15:07:23.643+0000] {processor.py:830} INFO - Processing file /home/airflow/.local/lib/python3.11/site-packages/airflow/example_dags/example_dag_decorator.py for tasks to queue
[2024-02-27T15:07:23.644+0000] {logging_mixin.py:188} INFO - [2024-02-27T15:07:23.644+0000] {dagbag.py:540} INFO - Filling up the DagBag from /home/airflow/.local/lib/python3.11/site-packages/airflow/example_dags/example_dag_decorator.py
[2024-02-27T15:07:23.697+0000] {processor.py:840} INFO - DAG(s) 'example_dag_decorator' retrieved from /home/airflow/.local/lib/python3.11/site-packages/airflow/example_dags/example_dag_decorator.py
[2024-02-27T15:07:23.711+0000] {logging_mixin.py:188} INFO - [2024-02-27T15:07:23.711+0000] {dag.py:3047} INFO - Sync 1 DAGs
[2024-02-27T15:07:23.719+0000] {logging_mixin.py:188} INFO - [2024-02-27T15:07:23.718+0000] {dag.py:3834} INFO - Setting next_dagrun for example_dag_decorator to None, run_after=None
[2024-02-27T15:07:23.730+0000] {processor.py:183} INFO - Processing /home/airflow/.local/lib/python3.11/site-packages/airflow/example_dags/example_dag_decorator.py took 0.091 seconds
[2024-02-27T15:07:53.782+0000] {processor.py:161} INFO - Started process (PID=407) to work on /home/airflow/.local/lib/python3.11/site-packages/airflow/example_dags/example_dag_decorator.py
[2024-02-27T15:07:53.783+0000] {processor.py:830} INFO - Processing file /home/airflow/.local/lib/python3.11/site-packages/airflow/example_dags/example_dag_decorator.py for tasks to queue
[2024-02-27T15:07:53.784+0000] {logging_mixin.py:188} INFO - [2024-02-27T15:07:53.784+0000] {dagbag.py:540} INFO - Filling up the DagBag from /home/airflow/.local/lib/python3.11/site-packages/airflow/example_dags/example_dag_decorator.py
[2024-02-27T15:07:53.839+0000] {processor.py:840} INFO - DAG(s) 'example_dag_decorator' retrieved from /home/airflow/.local/lib/python3.11/site-packages/airflow/example_dags/example_dag_decorator.py
[2024-02-27T15:07:53.895+0000] {logging_mixin.py:188} INFO - [2024-02-27T15:07:53.895+0000] {dag.py:3047} INFO - Sync 1 DAGs
[2024-02-27T15:07:53.901+0000] {logging_mixin.py:188} INFO - [2024-02-27T15:07:53.901+0000] {dag.py:3834} INFO - Setting next_dagrun for example_dag_decorator to None, run_after=None
[2024-02-27T15:07:53.912+0000] {processor.py:183} INFO - Processing /home/airflow/.local/lib/python3.11/site-packages/airflow/example_dags/example_dag_decorator.py took 0.131 seconds
[2024-02-27T15:08:23.969+0000] {processor.py:161} INFO - Started process (PID=463) to work on /home/airflow/.local/lib/python3.11/site-packages/airflow/example_dags/example_dag_decorator.py
[2024-02-27T15:08:23.970+0000] {processor.py:830} INFO - Processing file /home/airflow/.local/lib/python3.11/site-packages/airflow/example_dags/example_dag_decorator.py for tasks to queue
[2024-02-27T15:08:23.971+0000] {logging_mixin.py:188} INFO - [2024-02-27T15:08:23.971+0000] {dagbag.py:540} INFO - Filling up the DagBag from /home/airflow/.local/lib/python3.11/site-packages/airflow/example_dags/example_dag_decorator.py
[2024-02-27T15:08:24.028+0000] {processor.py:840} INFO - DAG(s) 'example_dag_decorator' retrieved from /home/airflow/.local/lib/python3.11/site-packages/airflow/example_dags/example_dag_decorator.py
[2024-02-27T15:08:24.083+0000] {logging_mixin.py:188} INFO - [2024-02-27T15:08:24.083+0000] {dag.py:3047} INFO - Sync 1 DAGs
[2024-02-27T15:08:24.091+0000] {logging_mixin.py:188} INFO - [2024-02-27T15:08:24.090+0000] {dag.py:3834} INFO - Setting next_dagrun for example_dag_decorator to None, run_after=None
[2024-02-27T15:08:24.102+0000] {processor.py:183} INFO - Processing /home/airflow/.local/lib/python3.11/site-packages/airflow/example_dags/example_dag_decorator.py took 0.135 seconds
[2024-02-27T15:08:54.175+0000] {processor.py:161} INFO - Started process (PID=520) to work on /home/airflow/.local/lib/python3.11/site-packages/airflow/example_dags/example_dag_decorator.py
[2024-02-27T15:08:54.176+0000] {processor.py:830} INFO - Processing file /home/airflow/.local/lib/python3.11/site-packages/airflow/example_dags/example_dag_decorator.py for tasks to queue
[2024-02-27T15:08:54.177+0000] {logging_mixin.py:188} INFO - [2024-02-27T15:08:54.177+0000] {dagbag.py:540} INFO - Filling up the DagBag from /home/airflow/.local/lib/python3.11/site-packages/airflow/example_dags/example_dag_decorator.py
[2024-02-27T15:08:54.227+0000] {processor.py:840} INFO - DAG(s) 'example_dag_decorator' retrieved from /home/airflow/.local/lib/python3.11/site-packages/airflow/example_dags/example_dag_decorator.py
[2024-02-27T15:08:54.281+0000] {logging_mixin.py:188} INFO - [2024-02-27T15:08:54.281+0000] {dag.py:3047} INFO - Sync 1 DAGs
[2024-02-27T15:08:54.288+0000] {logging_mixin.py:188} INFO - [2024-02-27T15:08:54.288+0000] {dag.py:3834} INFO - Setting next_dagrun for example_dag_decorator to None, run_after=None
[2024-02-27T15:08:54.299+0000] {processor.py:183} INFO - Processing /home/airflow/.local/lib/python3.11/site-packages/airflow/example_dags/example_dag_decorator.py took 0.126 seconds
[2024-02-27T15:09:24.373+0000] {processor.py:161} INFO - Started process (PID=575) to work on /home/airflow/.local/lib/python3.11/site-packages/airflow/example_dags/example_dag_decorator.py
[2024-02-27T15:09:24.374+0000] {processor.py:830} INFO - Processing file /home/airflow/.local/lib/python3.11/site-packages/airflow/example_dags/example_dag_decorator.py for tasks to queue
[2024-02-27T15:09:24.376+0000] {logging_mixin.py:188} INFO - [2024-02-27T15:09:24.375+0000] {dagbag.py:540} INFO - Filling up the DagBag from /home/airflow/.local/lib/python3.11/site-packages/airflow/example_dags/example_dag_decorator.py
[2024-02-27T15:09:24.426+0000] {processor.py:840} INFO - DAG(s) 'example_dag_decorator' retrieved from /home/airflow/.local/lib/python3.11/site-packages/airflow/example_dags/example_dag_decorator.py
[2024-02-27T15:09:24.482+0000] {logging_mixin.py:188} INFO - [2024-02-27T15:09:24.482+0000] {dag.py:3047} INFO - Sync 1 DAGs
[2024-02-27T15:09:24.488+0000] {logging_mixin.py:188} INFO - [2024-02-27T15:09:24.488+0000] {dag.py:3834} INFO - Setting next_dagrun for example_dag_decorator to None, run_after=None
[2024-02-27T15:09:24.499+0000] {processor.py:183} INFO - Processing /home/airflow/.local/lib/python3.11/site-packages/airflow/example_dags/example_dag_decorator.py took 0.127 seconds
[2024-02-27T15:09:54.559+0000] {processor.py:161} INFO - Started process (PID=631) to work on /home/airflow/.local/lib/python3.11/site-packages/airflow/example_dags/example_dag_decorator.py
[2024-02-27T15:09:54.560+0000] {processor.py:830} INFO - Processing file /home/airflow/.local/lib/python3.11/site-packages/airflow/example_dags/example_dag_decorator.py for tasks to queue
[2024-02-27T15:09:54.561+0000] {logging_mixin.py:188} INFO - [2024-02-27T15:09:54.561+0000] {dagbag.py:540} INFO - Filling up the DagBag from /home/airflow/.local/lib/python3.11/site-packages/airflow/example_dags/example_dag_decorator.py
[2024-02-27T15:09:54.616+0000] {processor.py:840} INFO - DAG(s) 'example_dag_decorator' retrieved from /home/airflow/.local/lib/python3.11/site-packages/airflow/example_dags/example_dag_decorator.py
[2024-02-27T15:09:54.681+0000] {logging_mixin.py:188} INFO - [2024-02-27T15:09:54.681+0000] {dag.py:3047} INFO - Sync 1 DAGs
[2024-02-27T15:09:54.688+0000] {logging_mixin.py:188} INFO - [2024-02-27T15:09:54.688+0000] {dag.py:3834} INFO - Setting next_dagrun for example_dag_decorator to None, run_after=None
[2024-02-27T15:09:54.700+0000] {processor.py:183} INFO - Processing /home/airflow/.local/lib/python3.11/site-packages/airflow/example_dags/example_dag_decorator.py took 0.143 seconds
[2024-02-27T15:10:25.436+0000] {processor.py:161} INFO - Started process (PID=684) to work on /home/airflow/.local/lib/python3.11/site-packages/airflow/example_dags/example_dag_decorator.py
[2024-02-27T15:10:25.437+0000] {processor.py:830} INFO - Processing file /home/airflow/.local/lib/python3.11/site-packages/airflow/example_dags/example_dag_decorator.py for tasks to queue
[2024-02-27T15:10:25.438+0000] {logging_mixin.py:188} INFO - [2024-02-27T15:10:25.438+0000] {dagbag.py:540} INFO - Filling up the DagBag from /home/airflow/.local/lib/python3.11/site-packages/airflow/example_dags/example_dag_decorator.py
[2024-02-27T15:10:25.492+0000] {processor.py:840} INFO - DAG(s) 'example_dag_decorator' retrieved from /home/airflow/.local/lib/python3.11/site-packages/airflow/example_dags/example_dag_decorator.py
[2024-02-27T15:10:25.550+0000] {logging_mixin.py:188} INFO - [2024-02-27T15:10:25.550+0000] {dag.py:3047} INFO - Sync 1 DAGs
[2024-02-27T15:10:25.557+0000] {logging_mixin.py:188} INFO - [2024-02-27T15:10:25.557+0000] {dag.py:3834} INFO - Setting next_dagrun for example_dag_decorator to None, run_after=None
[2024-02-27T15:10:25.569+0000] {processor.py:183} INFO - Processing /home/airflow/.local/lib/python3.11/site-packages/airflow/example_dags/example_dag_decorator.py took 0.135 seconds
[2024-02-27T15:10:55.625+0000] {processor.py:161} INFO - Started process (PID=740) to work on /home/airflow/.local/lib/python3.11/site-packages/airflow/example_dags/example_dag_decorator.py
[2024-02-27T15:10:55.626+0000] {processor.py:830} INFO - Processing file /home/airflow/.local/lib/python3.11/site-packages/airflow/example_dags/example_dag_decorator.py for tasks to queue
[2024-02-27T15:10:55.627+0000] {logging_mixin.py:188} INFO - [2024-02-27T15:10:55.627+0000] {dagbag.py:540} INFO - Filling up the DagBag from /home/airflow/.local/lib/python3.11/site-packages/airflow/example_dags/example_dag_decorator.py
[2024-02-27T15:10:55.676+0000] {processor.py:840} INFO - DAG(s) 'example_dag_decorator' retrieved from /home/airflow/.local/lib/python3.11/site-packages/airflow/example_dags/example_dag_decorator.py
[2024-02-27T15:10:55.734+0000] {logging_mixin.py:188} INFO - [2024-02-27T15:10:55.734+0000] {dag.py:3047} INFO - Sync 1 DAGs
[2024-02-27T15:10:55.739+0000] {logging_mixin.py:188} INFO - [2024-02-27T15:10:55.739+0000] {dag.py:3834} INFO - Setting next_dagrun for example_dag_decorator to None, run_after=None
[2024-02-27T15:10:55.751+0000] {processor.py:183} INFO - Processing /home/airflow/.local/lib/python3.11/site-packages/airflow/example_dags/example_dag_decorator.py took 0.128 seconds
[2024-02-27T15:11:25.808+0000] {processor.py:161} INFO - Started process (PID=795) to work on /home/airflow/.local/lib/python3.11/site-packages/airflow/example_dags/example_dag_decorator.py
[2024-02-27T15:11:25.808+0000] {processor.py:830} INFO - Processing file /home/airflow/.local/lib/python3.11/site-packages/airflow/example_dags/example_dag_decorator.py for tasks to queue
[2024-02-27T15:11:25.810+0000] {logging_mixin.py:188} INFO - [2024-02-27T15:11:25.809+0000] {dagbag.py:540} INFO - Filling up the DagBag from /home/airflow/.local/lib/python3.11/site-packages/airflow/example_dags/example_dag_decorator.py
[2024-02-27T15:11:25.860+0000] {processor.py:840} INFO - DAG(s) 'example_dag_decorator' retrieved from /home/airflow/.local/lib/python3.11/site-packages/airflow/example_dags/example_dag_decorator.py
[2024-02-27T15:11:25.916+0000] {logging_mixin.py:188} INFO - [2024-02-27T15:11:25.916+0000] {dag.py:3047} INFO - Sync 1 DAGs
[2024-02-27T15:11:25.921+0000] {logging_mixin.py:188} INFO - [2024-02-27T15:11:25.921+0000] {dag.py:3834} INFO - Setting next_dagrun for example_dag_decorator to None, run_after=None
[2024-02-27T15:11:25.933+0000] {processor.py:183} INFO - Processing /home/airflow/.local/lib/python3.11/site-packages/airflow/example_dags/example_dag_decorator.py took 0.127 seconds
[2024-02-27T15:11:56.070+0000] {processor.py:161} INFO - Started process (PID=851) to work on /home/airflow/.local/lib/python3.11/site-packages/airflow/example_dags/example_dag_decorator.py
[2024-02-27T15:11:56.071+0000] {processor.py:830} INFO - Processing file /home/airflow/.local/lib/python3.11/site-packages/airflow/example_dags/example_dag_decorator.py for tasks to queue
[2024-02-27T15:11:56.072+0000] {logging_mixin.py:188} INFO - [2024-02-27T15:11:56.072+0000] {dagbag.py:540} INFO - Filling up the DagBag from /home/airflow/.local/lib/python3.11/site-packages/airflow/example_dags/example_dag_decorator.py
[2024-02-27T15:11:56.123+0000] {processor.py:840} INFO - DAG(s) 'example_dag_decorator' retrieved from /home/airflow/.local/lib/python3.11/site-packages/airflow/example_dags/example_dag_decorator.py
[2024-02-27T15:11:56.177+0000] {logging_mixin.py:188} INFO - [2024-02-27T15:11:56.177+0000] {dag.py:3047} INFO - Sync 1 DAGs
[2024-02-27T15:11:56.183+0000] {logging_mixin.py:188} INFO - [2024-02-27T15:11:56.183+0000] {dag.py:3834} INFO - Setting next_dagrun for example_dag_decorator to None, run_after=None
[2024-02-27T15:11:56.194+0000] {processor.py:183} INFO - Processing /home/airflow/.local/lib/python3.11/site-packages/airflow/example_dags/example_dag_decorator.py took 0.126 seconds
[2024-02-27T15:12:26.249+0000] {processor.py:161} INFO - Started process (PID=907) to work on /home/airflow/.local/lib/python3.11/site-packages/airflow/example_dags/example_dag_decorator.py
[2024-02-27T15:12:26.249+0000] {processor.py:830} INFO - Processing file /home/airflow/.local/lib/python3.11/site-packages/airflow/example_dags/example_dag_decorator.py for tasks to queue
[2024-02-27T15:12:26.251+0000] {logging_mixin.py:188} INFO - [2024-02-27T15:12:26.250+0000] {dagbag.py:540} INFO - Filling up the DagBag from /home/airflow/.local/lib/python3.11/site-packages/airflow/example_dags/example_dag_decorator.py
[2024-02-27T15:12:26.302+0000] {processor.py:840} INFO - DAG(s) 'example_dag_decorator' retrieved from /home/airflow/.local/lib/python3.11/site-packages/airflow/example_dags/example_dag_decorator.py
[2024-02-27T15:12:26.366+0000] {logging_mixin.py:188} INFO - [2024-02-27T15:12:26.366+0000] {dag.py:3047} INFO - Sync 1 DAGs
[2024-02-27T15:12:26.373+0000] {logging_mixin.py:188} INFO - [2024-02-27T15:12:26.373+0000] {dag.py:3834} INFO - Setting next_dagrun for example_dag_decorator to None, run_after=None
[2024-02-27T15:12:26.385+0000] {processor.py:183} INFO - Processing /home/airflow/.local/lib/python3.11/site-packages/airflow/example_dags/example_dag_decorator.py took 0.139 seconds
[2024-02-27T15:12:56.499+0000] {processor.py:161} INFO - Started process (PID=965) to work on /home/airflow/.local/lib/python3.11/site-packages/airflow/example_dags/example_dag_decorator.py
[2024-02-27T15:12:56.500+0000] {processor.py:830} INFO - Processing file /home/airflow/.local/lib/python3.11/site-packages/airflow/example_dags/example_dag_decorator.py for tasks to queue
[2024-02-27T15:12:56.502+0000] {logging_mixin.py:188} INFO - [2024-02-27T15:12:56.502+0000] {dagbag.py:540} INFO - Filling up the DagBag from /home/airflow/.local/lib/python3.11/site-packages/airflow/example_dags/example_dag_decorator.py
[2024-02-27T15:12:56.559+0000] {processor.py:840} INFO - DAG(s) 'example_dag_decorator' retrieved from /home/airflow/.local/lib/python3.11/site-packages/airflow/example_dags/example_dag_decorator.py
[2024-02-27T15:12:56.615+0000] {logging_mixin.py:188} INFO - [2024-02-27T15:12:56.615+0000] {dag.py:3047} INFO - Sync 1 DAGs
[2024-02-27T15:12:56.622+0000] {logging_mixin.py:188} INFO - [2024-02-27T15:12:56.622+0000] {dag.py:3834} INFO - Setting next_dagrun for example_dag_decorator to None, run_after=None
[2024-02-27T15:12:56.634+0000] {processor.py:183} INFO - Processing /home/airflow/.local/lib/python3.11/site-packages/airflow/example_dags/example_dag_decorator.py took 0.137 seconds
[2024-02-27T15:20:40.117+0000] {processor.py:161} INFO - Started process (PID=76) to work on /home/airflow/.local/lib/python3.11/site-packages/airflow/example_dags/example_dag_decorator.py
[2024-02-27T15:20:40.118+0000] {processor.py:830} INFO - Processing file /home/airflow/.local/lib/python3.11/site-packages/airflow/example_dags/example_dag_decorator.py for tasks to queue
[2024-02-27T15:20:40.120+0000] {logging_mixin.py:188} INFO - [2024-02-27T15:20:40.119+0000] {dagbag.py:540} INFO - Filling up the DagBag from /home/airflow/.local/lib/python3.11/site-packages/airflow/example_dags/example_dag_decorator.py
[2024-02-27T15:20:40.257+0000] {processor.py:840} INFO - DAG(s) 'example_dag_decorator' retrieved from /home/airflow/.local/lib/python3.11/site-packages/airflow/example_dags/example_dag_decorator.py
[2024-02-27T15:20:40.288+0000] {logging_mixin.py:188} INFO - [2024-02-27T15:20:40.288+0000] {dag.py:3047} INFO - Sync 1 DAGs
[2024-02-27T15:20:40.303+0000] {logging_mixin.py:188} INFO - [2024-02-27T15:20:40.303+0000] {dag.py:3834} INFO - Setting next_dagrun for example_dag_decorator to None, run_after=None
[2024-02-27T15:20:40.325+0000] {processor.py:183} INFO - Processing /home/airflow/.local/lib/python3.11/site-packages/airflow/example_dags/example_dag_decorator.py took 0.211 seconds
[2024-02-27T15:21:11.173+0000] {processor.py:161} INFO - Started process (PID=131) to work on /home/airflow/.local/lib/python3.11/site-packages/airflow/example_dags/example_dag_decorator.py
[2024-02-27T15:21:11.173+0000] {processor.py:830} INFO - Processing file /home/airflow/.local/lib/python3.11/site-packages/airflow/example_dags/example_dag_decorator.py for tasks to queue
[2024-02-27T15:21:11.175+0000] {logging_mixin.py:188} INFO - [2024-02-27T15:21:11.174+0000] {dagbag.py:540} INFO - Filling up the DagBag from /home/airflow/.local/lib/python3.11/site-packages/airflow/example_dags/example_dag_decorator.py
[2024-02-27T15:21:11.228+0000] {processor.py:840} INFO - DAG(s) 'example_dag_decorator' retrieved from /home/airflow/.local/lib/python3.11/site-packages/airflow/example_dags/example_dag_decorator.py
[2024-02-27T15:21:11.343+0000] {logging_mixin.py:188} INFO - [2024-02-27T15:21:11.343+0000] {dag.py:3047} INFO - Sync 1 DAGs
[2024-02-27T15:21:11.368+0000] {logging_mixin.py:188} INFO - [2024-02-27T15:21:11.368+0000] {dag.py:3834} INFO - Setting next_dagrun for example_dag_decorator to None, run_after=None
[2024-02-27T15:21:11.386+0000] {processor.py:183} INFO - Processing /home/airflow/.local/lib/python3.11/site-packages/airflow/example_dags/example_dag_decorator.py took 0.215 seconds
