[2024-02-27T15:04:48.686+0000] {processor.py:161} INFO - Started process (PID=49) to work on /home/airflow/.local/lib/python3.11/site-packages/airflow/example_dags/example_branch_python_dop_operator_3.py
[2024-02-27T15:04:48.687+0000] {processor.py:830} INFO - Processing file /home/airflow/.local/lib/python3.11/site-packages/airflow/example_dags/example_branch_python_dop_operator_3.py for tasks to queue
[2024-02-27T15:04:48.688+0000] {logging_mixin.py:188} INFO - [2024-02-27T15:04:48.688+0000] {dagbag.py:540} INFO - Filling up the DagBag from /home/airflow/.local/lib/python3.11/site-packages/airflow/example_dags/example_branch_python_dop_operator_3.py
[2024-02-27T15:04:48.696+0000] {processor.py:840} INFO - DAG(s) 'example_branch_dop_operator_v3' retrieved from /home/airflow/.local/lib/python3.11/site-packages/airflow/example_dags/example_branch_python_dop_operator_3.py
[2024-02-27T15:04:48.703+0000] {logging_mixin.py:188} INFO - [2024-02-27T15:04:48.703+0000] {dag.py:3047} INFO - Sync 1 DAGs
[2024-02-27T15:04:48.719+0000] {logging_mixin.py:188} INFO - [2024-02-27T15:04:48.719+0000] {dag.py:3834} INFO - Setting next_dagrun for example_branch_dop_operator_v3 to 2024-02-27 15:03:00+00:00, run_after=2024-02-27 15:04:00+00:00
[2024-02-27T15:04:48.730+0000] {processor.py:183} INFO - Processing /home/airflow/.local/lib/python3.11/site-packages/airflow/example_dags/example_branch_python_dop_operator_3.py took 0.046 seconds
[2024-02-27T15:05:18.947+0000] {processor.py:161} INFO - Started process (PID=104) to work on /home/airflow/.local/lib/python3.11/site-packages/airflow/example_dags/example_branch_python_dop_operator_3.py
[2024-02-27T15:05:18.948+0000] {processor.py:830} INFO - Processing file /home/airflow/.local/lib/python3.11/site-packages/airflow/example_dags/example_branch_python_dop_operator_3.py for tasks to queue
[2024-02-27T15:05:18.949+0000] {logging_mixin.py:188} INFO - [2024-02-27T15:05:18.949+0000] {dagbag.py:540} INFO - Filling up the DagBag from /home/airflow/.local/lib/python3.11/site-packages/airflow/example_dags/example_branch_python_dop_operator_3.py
[2024-02-27T15:05:18.954+0000] {processor.py:840} INFO - DAG(s) 'example_branch_dop_operator_v3' retrieved from /home/airflow/.local/lib/python3.11/site-packages/airflow/example_dags/example_branch_python_dop_operator_3.py
[2024-02-27T15:05:19.010+0000] {logging_mixin.py:188} INFO - [2024-02-27T15:05:19.010+0000] {dag.py:3047} INFO - Sync 1 DAGs
[2024-02-27T15:05:19.024+0000] {logging_mixin.py:188} INFO - [2024-02-27T15:05:19.024+0000] {dag.py:3834} INFO - Setting next_dagrun for example_branch_dop_operator_v3 to 2024-02-27 15:04:00+00:00, run_after=2024-02-27 15:05:00+00:00
[2024-02-27T15:05:19.037+0000] {processor.py:183} INFO - Processing /home/airflow/.local/lib/python3.11/site-packages/airflow/example_dags/example_branch_python_dop_operator_3.py took 0.092 seconds
[2024-02-27T15:05:49.564+0000] {processor.py:161} INFO - Started process (PID=159) to work on /home/airflow/.local/lib/python3.11/site-packages/airflow/example_dags/example_branch_python_dop_operator_3.py
[2024-02-27T15:05:49.565+0000] {processor.py:830} INFO - Processing file /home/airflow/.local/lib/python3.11/site-packages/airflow/example_dags/example_branch_python_dop_operator_3.py for tasks to queue
[2024-02-27T15:05:49.566+0000] {logging_mixin.py:188} INFO - [2024-02-27T15:05:49.566+0000] {dagbag.py:540} INFO - Filling up the DagBag from /home/airflow/.local/lib/python3.11/site-packages/airflow/example_dags/example_branch_python_dop_operator_3.py
[2024-02-27T15:05:49.572+0000] {processor.py:840} INFO - DAG(s) 'example_branch_dop_operator_v3' retrieved from /home/airflow/.local/lib/python3.11/site-packages/airflow/example_dags/example_branch_python_dop_operator_3.py
[2024-02-27T15:05:49.583+0000] {logging_mixin.py:188} INFO - [2024-02-27T15:05:49.583+0000] {dag.py:3047} INFO - Sync 1 DAGs
[2024-02-27T15:05:49.597+0000] {logging_mixin.py:188} INFO - [2024-02-27T15:05:49.597+0000] {dag.py:3834} INFO - Setting next_dagrun for example_branch_dop_operator_v3 to 2024-02-27 15:04:00+00:00, run_after=2024-02-27 15:05:00+00:00
[2024-02-27T15:05:49.610+0000] {processor.py:183} INFO - Processing /home/airflow/.local/lib/python3.11/site-packages/airflow/example_dags/example_branch_python_dop_operator_3.py took 0.048 seconds
[2024-02-27T15:06:20.291+0000] {processor.py:161} INFO - Started process (PID=214) to work on /home/airflow/.local/lib/python3.11/site-packages/airflow/example_dags/example_branch_python_dop_operator_3.py
[2024-02-27T15:06:20.292+0000] {processor.py:830} INFO - Processing file /home/airflow/.local/lib/python3.11/site-packages/airflow/example_dags/example_branch_python_dop_operator_3.py for tasks to queue
[2024-02-27T15:06:20.293+0000] {logging_mixin.py:188} INFO - [2024-02-27T15:06:20.293+0000] {dagbag.py:540} INFO - Filling up the DagBag from /home/airflow/.local/lib/python3.11/site-packages/airflow/example_dags/example_branch_python_dop_operator_3.py
[2024-02-27T15:06:20.298+0000] {processor.py:840} INFO - DAG(s) 'example_branch_dop_operator_v3' retrieved from /home/airflow/.local/lib/python3.11/site-packages/airflow/example_dags/example_branch_python_dop_operator_3.py
[2024-02-27T15:06:20.309+0000] {logging_mixin.py:188} INFO - [2024-02-27T15:06:20.309+0000] {dag.py:3047} INFO - Sync 1 DAGs
[2024-02-27T15:06:20.322+0000] {logging_mixin.py:188} INFO - [2024-02-27T15:06:20.322+0000] {dag.py:3834} INFO - Setting next_dagrun for example_branch_dop_operator_v3 to 2024-02-27 15:05:00+00:00, run_after=2024-02-27 15:06:00+00:00
[2024-02-27T15:06:20.332+0000] {processor.py:183} INFO - Processing /home/airflow/.local/lib/python3.11/site-packages/airflow/example_dags/example_branch_python_dop_operator_3.py took 0.043 seconds
[2024-02-27T15:06:51.319+0000] {processor.py:161} INFO - Started process (PID=269) to work on /home/airflow/.local/lib/python3.11/site-packages/airflow/example_dags/example_branch_python_dop_operator_3.py
[2024-02-27T15:06:51.320+0000] {processor.py:830} INFO - Processing file /home/airflow/.local/lib/python3.11/site-packages/airflow/example_dags/example_branch_python_dop_operator_3.py for tasks to queue
[2024-02-27T15:06:51.321+0000] {logging_mixin.py:188} INFO - [2024-02-27T15:06:51.321+0000] {dagbag.py:540} INFO - Filling up the DagBag from /home/airflow/.local/lib/python3.11/site-packages/airflow/example_dags/example_branch_python_dop_operator_3.py
[2024-02-27T15:06:51.326+0000] {processor.py:840} INFO - DAG(s) 'example_branch_dop_operator_v3' retrieved from /home/airflow/.local/lib/python3.11/site-packages/airflow/example_dags/example_branch_python_dop_operator_3.py
[2024-02-27T15:06:51.338+0000] {logging_mixin.py:188} INFO - [2024-02-27T15:06:51.337+0000] {dag.py:3047} INFO - Sync 1 DAGs
[2024-02-27T15:06:51.353+0000] {logging_mixin.py:188} INFO - [2024-02-27T15:06:51.353+0000] {dag.py:3834} INFO - Setting next_dagrun for example_branch_dop_operator_v3 to 2024-02-27 15:05:00+00:00, run_after=2024-02-27 15:06:00+00:00
[2024-02-27T15:06:51.365+0000] {processor.py:183} INFO - Processing /home/airflow/.local/lib/python3.11/site-packages/airflow/example_dags/example_branch_python_dop_operator_3.py took 0.048 seconds
[2024-02-27T15:07:21.440+0000] {processor.py:161} INFO - Started process (PID=324) to work on /home/airflow/.local/lib/python3.11/site-packages/airflow/example_dags/example_branch_python_dop_operator_3.py
[2024-02-27T15:07:21.440+0000] {processor.py:830} INFO - Processing file /home/airflow/.local/lib/python3.11/site-packages/airflow/example_dags/example_branch_python_dop_operator_3.py for tasks to queue
[2024-02-27T15:07:21.441+0000] {logging_mixin.py:188} INFO - [2024-02-27T15:07:21.441+0000] {dagbag.py:540} INFO - Filling up the DagBag from /home/airflow/.local/lib/python3.11/site-packages/airflow/example_dags/example_branch_python_dop_operator_3.py
[2024-02-27T15:07:21.447+0000] {processor.py:840} INFO - DAG(s) 'example_branch_dop_operator_v3' retrieved from /home/airflow/.local/lib/python3.11/site-packages/airflow/example_dags/example_branch_python_dop_operator_3.py
[2024-02-27T15:07:21.458+0000] {logging_mixin.py:188} INFO - [2024-02-27T15:07:21.457+0000] {dag.py:3047} INFO - Sync 1 DAGs
[2024-02-27T15:07:21.471+0000] {logging_mixin.py:188} INFO - [2024-02-27T15:07:21.471+0000] {dag.py:3834} INFO - Setting next_dagrun for example_branch_dop_operator_v3 to 2024-02-27 15:06:00+00:00, run_after=2024-02-27 15:07:00+00:00
[2024-02-27T15:07:21.482+0000] {processor.py:183} INFO - Processing /home/airflow/.local/lib/python3.11/site-packages/airflow/example_dags/example_branch_python_dop_operator_3.py took 0.044 seconds
[2024-02-27T15:07:51.503+0000] {processor.py:161} INFO - Started process (PID=379) to work on /home/airflow/.local/lib/python3.11/site-packages/airflow/example_dags/example_branch_python_dop_operator_3.py
[2024-02-27T15:07:51.504+0000] {processor.py:830} INFO - Processing file /home/airflow/.local/lib/python3.11/site-packages/airflow/example_dags/example_branch_python_dop_operator_3.py for tasks to queue
[2024-02-27T15:07:51.505+0000] {logging_mixin.py:188} INFO - [2024-02-27T15:07:51.505+0000] {dagbag.py:540} INFO - Filling up the DagBag from /home/airflow/.local/lib/python3.11/site-packages/airflow/example_dags/example_branch_python_dop_operator_3.py
[2024-02-27T15:07:51.510+0000] {processor.py:840} INFO - DAG(s) 'example_branch_dop_operator_v3' retrieved from /home/airflow/.local/lib/python3.11/site-packages/airflow/example_dags/example_branch_python_dop_operator_3.py
[2024-02-27T15:07:51.520+0000] {logging_mixin.py:188} INFO - [2024-02-27T15:07:51.520+0000] {dag.py:3047} INFO - Sync 1 DAGs
[2024-02-27T15:07:51.534+0000] {logging_mixin.py:188} INFO - [2024-02-27T15:07:51.534+0000] {dag.py:3834} INFO - Setting next_dagrun for example_branch_dop_operator_v3 to 2024-02-27 15:06:00+00:00, run_after=2024-02-27 15:07:00+00:00
[2024-02-27T15:07:51.545+0000] {processor.py:183} INFO - Processing /home/airflow/.local/lib/python3.11/site-packages/airflow/example_dags/example_branch_python_dop_operator_3.py took 0.044 seconds
[2024-02-27T15:08:21.619+0000] {processor.py:161} INFO - Started process (PID=434) to work on /home/airflow/.local/lib/python3.11/site-packages/airflow/example_dags/example_branch_python_dop_operator_3.py
[2024-02-27T15:08:21.619+0000] {processor.py:830} INFO - Processing file /home/airflow/.local/lib/python3.11/site-packages/airflow/example_dags/example_branch_python_dop_operator_3.py for tasks to queue
[2024-02-27T15:08:21.621+0000] {logging_mixin.py:188} INFO - [2024-02-27T15:08:21.620+0000] {dagbag.py:540} INFO - Filling up the DagBag from /home/airflow/.local/lib/python3.11/site-packages/airflow/example_dags/example_branch_python_dop_operator_3.py
[2024-02-27T15:08:21.625+0000] {processor.py:840} INFO - DAG(s) 'example_branch_dop_operator_v3' retrieved from /home/airflow/.local/lib/python3.11/site-packages/airflow/example_dags/example_branch_python_dop_operator_3.py
[2024-02-27T15:08:21.637+0000] {logging_mixin.py:188} INFO - [2024-02-27T15:08:21.637+0000] {dag.py:3047} INFO - Sync 1 DAGs
[2024-02-27T15:08:21.652+0000] {logging_mixin.py:188} INFO - [2024-02-27T15:08:21.652+0000] {dag.py:3834} INFO - Setting next_dagrun for example_branch_dop_operator_v3 to 2024-02-27 15:07:00+00:00, run_after=2024-02-27 15:08:00+00:00
[2024-02-27T15:08:21.662+0000] {processor.py:183} INFO - Processing /home/airflow/.local/lib/python3.11/site-packages/airflow/example_dags/example_branch_python_dop_operator_3.py took 0.045 seconds
[2024-02-27T15:08:51.757+0000] {processor.py:161} INFO - Started process (PID=489) to work on /home/airflow/.local/lib/python3.11/site-packages/airflow/example_dags/example_branch_python_dop_operator_3.py
[2024-02-27T15:08:51.758+0000] {processor.py:830} INFO - Processing file /home/airflow/.local/lib/python3.11/site-packages/airflow/example_dags/example_branch_python_dop_operator_3.py for tasks to queue
[2024-02-27T15:08:51.759+0000] {logging_mixin.py:188} INFO - [2024-02-27T15:08:51.759+0000] {dagbag.py:540} INFO - Filling up the DagBag from /home/airflow/.local/lib/python3.11/site-packages/airflow/example_dags/example_branch_python_dop_operator_3.py
[2024-02-27T15:08:51.765+0000] {processor.py:840} INFO - DAG(s) 'example_branch_dop_operator_v3' retrieved from /home/airflow/.local/lib/python3.11/site-packages/airflow/example_dags/example_branch_python_dop_operator_3.py
[2024-02-27T15:08:51.775+0000] {logging_mixin.py:188} INFO - [2024-02-27T15:08:51.775+0000] {dag.py:3047} INFO - Sync 1 DAGs
[2024-02-27T15:08:51.791+0000] {logging_mixin.py:188} INFO - [2024-02-27T15:08:51.791+0000] {dag.py:3834} INFO - Setting next_dagrun for example_branch_dop_operator_v3 to 2024-02-27 15:07:00+00:00, run_after=2024-02-27 15:08:00+00:00
[2024-02-27T15:08:51.801+0000] {processor.py:183} INFO - Processing /home/airflow/.local/lib/python3.11/site-packages/airflow/example_dags/example_branch_python_dop_operator_3.py took 0.045 seconds
[2024-02-27T15:09:22.029+0000] {processor.py:161} INFO - Started process (PID=544) to work on /home/airflow/.local/lib/python3.11/site-packages/airflow/example_dags/example_branch_python_dop_operator_3.py
[2024-02-27T15:09:22.030+0000] {processor.py:830} INFO - Processing file /home/airflow/.local/lib/python3.11/site-packages/airflow/example_dags/example_branch_python_dop_operator_3.py for tasks to queue
[2024-02-27T15:09:22.032+0000] {logging_mixin.py:188} INFO - [2024-02-27T15:09:22.032+0000] {dagbag.py:540} INFO - Filling up the DagBag from /home/airflow/.local/lib/python3.11/site-packages/airflow/example_dags/example_branch_python_dop_operator_3.py
[2024-02-27T15:09:22.037+0000] {processor.py:840} INFO - DAG(s) 'example_branch_dop_operator_v3' retrieved from /home/airflow/.local/lib/python3.11/site-packages/airflow/example_dags/example_branch_python_dop_operator_3.py
[2024-02-27T15:09:22.049+0000] {logging_mixin.py:188} INFO - [2024-02-27T15:09:22.049+0000] {dag.py:3047} INFO - Sync 1 DAGs
[2024-02-27T15:09:22.065+0000] {logging_mixin.py:188} INFO - [2024-02-27T15:09:22.065+0000] {dag.py:3834} INFO - Setting next_dagrun for example_branch_dop_operator_v3 to 2024-02-27 15:08:00+00:00, run_after=2024-02-27 15:09:00+00:00
[2024-02-27T15:09:22.076+0000] {processor.py:183} INFO - Processing /home/airflow/.local/lib/python3.11/site-packages/airflow/example_dags/example_branch_python_dop_operator_3.py took 0.049 seconds
[2024-02-27T15:09:52.224+0000] {processor.py:161} INFO - Started process (PID=599) to work on /home/airflow/.local/lib/python3.11/site-packages/airflow/example_dags/example_branch_python_dop_operator_3.py
[2024-02-27T15:09:52.225+0000] {processor.py:830} INFO - Processing file /home/airflow/.local/lib/python3.11/site-packages/airflow/example_dags/example_branch_python_dop_operator_3.py for tasks to queue
[2024-02-27T15:09:52.226+0000] {logging_mixin.py:188} INFO - [2024-02-27T15:09:52.226+0000] {dagbag.py:540} INFO - Filling up the DagBag from /home/airflow/.local/lib/python3.11/site-packages/airflow/example_dags/example_branch_python_dop_operator_3.py
[2024-02-27T15:09:52.231+0000] {processor.py:840} INFO - DAG(s) 'example_branch_dop_operator_v3' retrieved from /home/airflow/.local/lib/python3.11/site-packages/airflow/example_dags/example_branch_python_dop_operator_3.py
[2024-02-27T15:09:52.243+0000] {logging_mixin.py:188} INFO - [2024-02-27T15:09:52.243+0000] {dag.py:3047} INFO - Sync 1 DAGs
[2024-02-27T15:09:52.258+0000] {logging_mixin.py:188} INFO - [2024-02-27T15:09:52.258+0000] {dag.py:3834} INFO - Setting next_dagrun for example_branch_dop_operator_v3 to 2024-02-27 15:08:00+00:00, run_after=2024-02-27 15:09:00+00:00
[2024-02-27T15:09:52.272+0000] {processor.py:183} INFO - Processing /home/airflow/.local/lib/python3.11/site-packages/airflow/example_dags/example_branch_python_dop_operator_3.py took 0.050 seconds
[2024-02-27T15:10:22.376+0000] {processor.py:161} INFO - Started process (PID=654) to work on /home/airflow/.local/lib/python3.11/site-packages/airflow/example_dags/example_branch_python_dop_operator_3.py
[2024-02-27T15:10:22.377+0000] {processor.py:830} INFO - Processing file /home/airflow/.local/lib/python3.11/site-packages/airflow/example_dags/example_branch_python_dop_operator_3.py for tasks to queue
[2024-02-27T15:10:22.378+0000] {logging_mixin.py:188} INFO - [2024-02-27T15:10:22.378+0000] {dagbag.py:540} INFO - Filling up the DagBag from /home/airflow/.local/lib/python3.11/site-packages/airflow/example_dags/example_branch_python_dop_operator_3.py
[2024-02-27T15:10:22.384+0000] {processor.py:840} INFO - DAG(s) 'example_branch_dop_operator_v3' retrieved from /home/airflow/.local/lib/python3.11/site-packages/airflow/example_dags/example_branch_python_dop_operator_3.py
[2024-02-27T15:10:22.395+0000] {logging_mixin.py:188} INFO - [2024-02-27T15:10:22.395+0000] {dag.py:3047} INFO - Sync 1 DAGs
[2024-02-27T15:10:22.410+0000] {logging_mixin.py:188} INFO - [2024-02-27T15:10:22.410+0000] {dag.py:3834} INFO - Setting next_dagrun for example_branch_dop_operator_v3 to 2024-02-27 15:09:00+00:00, run_after=2024-02-27 15:10:00+00:00
[2024-02-27T15:10:22.422+0000] {processor.py:183} INFO - Processing /home/airflow/.local/lib/python3.11/site-packages/airflow/example_dags/example_branch_python_dop_operator_3.py took 0.048 seconds
[2024-02-27T15:10:52.486+0000] {processor.py:161} INFO - Started process (PID=709) to work on /home/airflow/.local/lib/python3.11/site-packages/airflow/example_dags/example_branch_python_dop_operator_3.py
[2024-02-27T15:10:52.487+0000] {processor.py:830} INFO - Processing file /home/airflow/.local/lib/python3.11/site-packages/airflow/example_dags/example_branch_python_dop_operator_3.py for tasks to queue
[2024-02-27T15:10:52.488+0000] {logging_mixin.py:188} INFO - [2024-02-27T15:10:52.488+0000] {dagbag.py:540} INFO - Filling up the DagBag from /home/airflow/.local/lib/python3.11/site-packages/airflow/example_dags/example_branch_python_dop_operator_3.py
[2024-02-27T15:10:52.493+0000] {processor.py:840} INFO - DAG(s) 'example_branch_dop_operator_v3' retrieved from /home/airflow/.local/lib/python3.11/site-packages/airflow/example_dags/example_branch_python_dop_operator_3.py
[2024-02-27T15:10:52.503+0000] {logging_mixin.py:188} INFO - [2024-02-27T15:10:52.503+0000] {dag.py:3047} INFO - Sync 1 DAGs
[2024-02-27T15:10:52.517+0000] {logging_mixin.py:188} INFO - [2024-02-27T15:10:52.517+0000] {dag.py:3834} INFO - Setting next_dagrun for example_branch_dop_operator_v3 to 2024-02-27 15:09:00+00:00, run_after=2024-02-27 15:10:00+00:00
[2024-02-27T15:10:52.528+0000] {processor.py:183} INFO - Processing /home/airflow/.local/lib/python3.11/site-packages/airflow/example_dags/example_branch_python_dop_operator_3.py took 0.044 seconds
[2024-02-27T15:11:22.672+0000] {processor.py:161} INFO - Started process (PID=765) to work on /home/airflow/.local/lib/python3.11/site-packages/airflow/example_dags/example_branch_python_dop_operator_3.py
[2024-02-27T15:11:22.674+0000] {processor.py:830} INFO - Processing file /home/airflow/.local/lib/python3.11/site-packages/airflow/example_dags/example_branch_python_dop_operator_3.py for tasks to queue
[2024-02-27T15:11:22.676+0000] {logging_mixin.py:188} INFO - [2024-02-27T15:11:22.675+0000] {dagbag.py:540} INFO - Filling up the DagBag from /home/airflow/.local/lib/python3.11/site-packages/airflow/example_dags/example_branch_python_dop_operator_3.py
[2024-02-27T15:11:22.681+0000] {processor.py:840} INFO - DAG(s) 'example_branch_dop_operator_v3' retrieved from /home/airflow/.local/lib/python3.11/site-packages/airflow/example_dags/example_branch_python_dop_operator_3.py
[2024-02-27T15:11:22.692+0000] {logging_mixin.py:188} INFO - [2024-02-27T15:11:22.692+0000] {dag.py:3047} INFO - Sync 1 DAGs
[2024-02-27T15:11:22.705+0000] {logging_mixin.py:188} INFO - [2024-02-27T15:11:22.705+0000] {dag.py:3834} INFO - Setting next_dagrun for example_branch_dop_operator_v3 to 2024-02-27 15:10:00+00:00, run_after=2024-02-27 15:11:00+00:00
[2024-02-27T15:11:22.716+0000] {processor.py:183} INFO - Processing /home/airflow/.local/lib/python3.11/site-packages/airflow/example_dags/example_branch_python_dop_operator_3.py took 0.046 seconds
[2024-02-27T15:11:52.761+0000] {processor.py:161} INFO - Started process (PID=821) to work on /home/airflow/.local/lib/python3.11/site-packages/airflow/example_dags/example_branch_python_dop_operator_3.py
[2024-02-27T15:11:52.763+0000] {processor.py:830} INFO - Processing file /home/airflow/.local/lib/python3.11/site-packages/airflow/example_dags/example_branch_python_dop_operator_3.py for tasks to queue
[2024-02-27T15:11:52.764+0000] {logging_mixin.py:188} INFO - [2024-02-27T15:11:52.764+0000] {dagbag.py:540} INFO - Filling up the DagBag from /home/airflow/.local/lib/python3.11/site-packages/airflow/example_dags/example_branch_python_dop_operator_3.py
[2024-02-27T15:11:52.770+0000] {processor.py:840} INFO - DAG(s) 'example_branch_dop_operator_v3' retrieved from /home/airflow/.local/lib/python3.11/site-packages/airflow/example_dags/example_branch_python_dop_operator_3.py
[2024-02-27T15:11:52.781+0000] {logging_mixin.py:188} INFO - [2024-02-27T15:11:52.781+0000] {dag.py:3047} INFO - Sync 1 DAGs
[2024-02-27T15:11:52.796+0000] {logging_mixin.py:188} INFO - [2024-02-27T15:11:52.795+0000] {dag.py:3834} INFO - Setting next_dagrun for example_branch_dop_operator_v3 to 2024-02-27 15:10:00+00:00, run_after=2024-02-27 15:11:00+00:00
[2024-02-27T15:11:52.808+0000] {processor.py:183} INFO - Processing /home/airflow/.local/lib/python3.11/site-packages/airflow/example_dags/example_branch_python_dop_operator_3.py took 0.048 seconds
[2024-02-27T15:12:22.888+0000] {processor.py:161} INFO - Started process (PID=876) to work on /home/airflow/.local/lib/python3.11/site-packages/airflow/example_dags/example_branch_python_dop_operator_3.py
[2024-02-27T15:12:22.889+0000] {processor.py:830} INFO - Processing file /home/airflow/.local/lib/python3.11/site-packages/airflow/example_dags/example_branch_python_dop_operator_3.py for tasks to queue
[2024-02-27T15:12:22.890+0000] {logging_mixin.py:188} INFO - [2024-02-27T15:12:22.890+0000] {dagbag.py:540} INFO - Filling up the DagBag from /home/airflow/.local/lib/python3.11/site-packages/airflow/example_dags/example_branch_python_dop_operator_3.py
[2024-02-27T15:12:22.895+0000] {processor.py:840} INFO - DAG(s) 'example_branch_dop_operator_v3' retrieved from /home/airflow/.local/lib/python3.11/site-packages/airflow/example_dags/example_branch_python_dop_operator_3.py
[2024-02-27T15:12:22.907+0000] {logging_mixin.py:188} INFO - [2024-02-27T15:12:22.907+0000] {dag.py:3047} INFO - Sync 1 DAGs
[2024-02-27T15:12:22.921+0000] {logging_mixin.py:188} INFO - [2024-02-27T15:12:22.921+0000] {dag.py:3834} INFO - Setting next_dagrun for example_branch_dop_operator_v3 to 2024-02-27 15:11:00+00:00, run_after=2024-02-27 15:12:00+00:00
[2024-02-27T15:12:22.932+0000] {processor.py:183} INFO - Processing /home/airflow/.local/lib/python3.11/site-packages/airflow/example_dags/example_branch_python_dop_operator_3.py took 0.046 seconds
[2024-02-27T15:12:52.980+0000] {processor.py:161} INFO - Started process (PID=930) to work on /home/airflow/.local/lib/python3.11/site-packages/airflow/example_dags/example_branch_python_dop_operator_3.py
[2024-02-27T15:12:52.981+0000] {processor.py:830} INFO - Processing file /home/airflow/.local/lib/python3.11/site-packages/airflow/example_dags/example_branch_python_dop_operator_3.py for tasks to queue
[2024-02-27T15:12:52.982+0000] {logging_mixin.py:188} INFO - [2024-02-27T15:12:52.982+0000] {dagbag.py:540} INFO - Filling up the DagBag from /home/airflow/.local/lib/python3.11/site-packages/airflow/example_dags/example_branch_python_dop_operator_3.py
[2024-02-27T15:12:52.987+0000] {processor.py:840} INFO - DAG(s) 'example_branch_dop_operator_v3' retrieved from /home/airflow/.local/lib/python3.11/site-packages/airflow/example_dags/example_branch_python_dop_operator_3.py
[2024-02-27T15:12:52.997+0000] {logging_mixin.py:188} INFO - [2024-02-27T15:12:52.997+0000] {dag.py:3047} INFO - Sync 1 DAGs
[2024-02-27T15:12:53.011+0000] {logging_mixin.py:188} INFO - [2024-02-27T15:12:53.011+0000] {dag.py:3834} INFO - Setting next_dagrun for example_branch_dop_operator_v3 to 2024-02-27 15:11:00+00:00, run_after=2024-02-27 15:12:00+00:00
[2024-02-27T15:12:53.020+0000] {processor.py:183} INFO - Processing /home/airflow/.local/lib/python3.11/site-packages/airflow/example_dags/example_branch_python_dop_operator_3.py took 0.042 seconds
[2024-02-27T15:20:38.581+0000] {processor.py:161} INFO - Started process (PID=49) to work on /home/airflow/.local/lib/python3.11/site-packages/airflow/example_dags/example_branch_python_dop_operator_3.py
[2024-02-27T15:20:38.582+0000] {processor.py:830} INFO - Processing file /home/airflow/.local/lib/python3.11/site-packages/airflow/example_dags/example_branch_python_dop_operator_3.py for tasks to queue
[2024-02-27T15:20:38.583+0000] {logging_mixin.py:188} INFO - [2024-02-27T15:20:38.583+0000] {dagbag.py:540} INFO - Filling up the DagBag from /home/airflow/.local/lib/python3.11/site-packages/airflow/example_dags/example_branch_python_dop_operator_3.py
[2024-02-27T15:20:38.592+0000] {processor.py:840} INFO - DAG(s) 'example_branch_dop_operator_v3' retrieved from /home/airflow/.local/lib/python3.11/site-packages/airflow/example_dags/example_branch_python_dop_operator_3.py
[2024-02-27T15:20:38.616+0000] {logging_mixin.py:188} INFO - [2024-02-27T15:20:38.616+0000] {dag.py:3047} INFO - Sync 1 DAGs
[2024-02-27T15:20:38.642+0000] {logging_mixin.py:188} INFO - [2024-02-27T15:20:38.641+0000] {dag.py:3834} INFO - Setting next_dagrun for example_branch_dop_operator_v3 to 2024-02-27 15:19:00+00:00, run_after=2024-02-27 15:20:00+00:00
[2024-02-27T15:20:38.662+0000] {processor.py:183} INFO - Processing /home/airflow/.local/lib/python3.11/site-packages/airflow/example_dags/example_branch_python_dop_operator_3.py took 0.083 seconds
[2024-02-27T15:21:09.272+0000] {processor.py:161} INFO - Started process (PID=104) to work on /home/airflow/.local/lib/python3.11/site-packages/airflow/example_dags/example_branch_python_dop_operator_3.py
[2024-02-27T15:21:09.273+0000] {processor.py:830} INFO - Processing file /home/airflow/.local/lib/python3.11/site-packages/airflow/example_dags/example_branch_python_dop_operator_3.py for tasks to queue
[2024-02-27T15:21:09.274+0000] {logging_mixin.py:188} INFO - [2024-02-27T15:21:09.274+0000] {dagbag.py:540} INFO - Filling up the DagBag from /home/airflow/.local/lib/python3.11/site-packages/airflow/example_dags/example_branch_python_dop_operator_3.py
[2024-02-27T15:21:09.279+0000] {processor.py:840} INFO - DAG(s) 'example_branch_dop_operator_v3' retrieved from /home/airflow/.local/lib/python3.11/site-packages/airflow/example_dags/example_branch_python_dop_operator_3.py
[2024-02-27T15:21:09.355+0000] {logging_mixin.py:188} INFO - [2024-02-27T15:21:09.355+0000] {dag.py:3047} INFO - Sync 1 DAGs
[2024-02-27T15:21:09.378+0000] {logging_mixin.py:188} INFO - [2024-02-27T15:21:09.378+0000] {dag.py:3834} INFO - Setting next_dagrun for example_branch_dop_operator_v3 to 2024-02-27 15:20:00+00:00, run_after=2024-02-27 15:21:00+00:00
[2024-02-27T15:21:09.397+0000] {processor.py:183} INFO - Processing /home/airflow/.local/lib/python3.11/site-packages/airflow/example_dags/example_branch_python_dop_operator_3.py took 0.127 seconds
