[2024-02-27T15:04:48.441+0000] {processor.py:161} INFO - Started process (PID=44) to work on /home/airflow/.local/lib/python3.11/site-packages/airflow/example_dags/example_branch_operator.py
[2024-02-27T15:04:48.442+0000] {processor.py:830} INFO - Processing file /home/airflow/.local/lib/python3.11/site-packages/airflow/example_dags/example_branch_operator.py for tasks to queue
[2024-02-27T15:04:48.444+0000] {logging_mixin.py:188} INFO - [2024-02-27T15:04:48.444+0000] {dagbag.py:540} INFO - Filling up the DagBag from /home/airflow/.local/lib/python3.11/site-packages/airflow/example_dags/example_branch_operator.py
[2024-02-27T15:04:48.457+0000] {processor.py:840} INFO - DAG(s) 'example_branch_operator' retrieved from /home/airflow/.local/lib/python3.11/site-packages/airflow/example_dags/example_branch_operator.py
[2024-02-27T15:04:48.463+0000] {logging_mixin.py:188} INFO - [2024-02-27T15:04:48.463+0000] {dag.py:3047} INFO - Sync 1 DAGs
[2024-02-27T15:04:48.478+0000] {logging_mixin.py:188} INFO - [2024-02-27T15:04:48.478+0000] {dag.py:3834} INFO - Setting next_dagrun for example_branch_operator to 2024-02-26 00:00:00+00:00, run_after=2024-02-27 00:00:00+00:00
[2024-02-27T15:04:48.490+0000] {processor.py:183} INFO - Processing /home/airflow/.local/lib/python3.11/site-packages/airflow/example_dags/example_branch_operator.py took 0.050 seconds
[2024-02-27T15:05:18.723+0000] {processor.py:161} INFO - Started process (PID=99) to work on /home/airflow/.local/lib/python3.11/site-packages/airflow/example_dags/example_branch_operator.py
[2024-02-27T15:05:18.724+0000] {processor.py:830} INFO - Processing file /home/airflow/.local/lib/python3.11/site-packages/airflow/example_dags/example_branch_operator.py for tasks to queue
[2024-02-27T15:05:18.726+0000] {logging_mixin.py:188} INFO - [2024-02-27T15:05:18.726+0000] {dagbag.py:540} INFO - Filling up the DagBag from /home/airflow/.local/lib/python3.11/site-packages/airflow/example_dags/example_branch_operator.py
[2024-02-27T15:05:18.736+0000] {processor.py:840} INFO - DAG(s) 'example_branch_operator' retrieved from /home/airflow/.local/lib/python3.11/site-packages/airflow/example_dags/example_branch_operator.py
[2024-02-27T15:05:18.793+0000] {logging_mixin.py:188} INFO - [2024-02-27T15:05:18.793+0000] {dag.py:3047} INFO - Sync 1 DAGs
[2024-02-27T15:05:18.805+0000] {logging_mixin.py:188} INFO - [2024-02-27T15:05:18.805+0000] {dag.py:3834} INFO - Setting next_dagrun for example_branch_operator to 2024-02-26 00:00:00+00:00, run_after=2024-02-27 00:00:00+00:00
[2024-02-27T15:05:18.816+0000] {processor.py:183} INFO - Processing /home/airflow/.local/lib/python3.11/site-packages/airflow/example_dags/example_branch_operator.py took 0.095 seconds
[2024-02-27T15:05:49.418+0000] {processor.py:161} INFO - Started process (PID=154) to work on /home/airflow/.local/lib/python3.11/site-packages/airflow/example_dags/example_branch_operator.py
[2024-02-27T15:05:49.419+0000] {processor.py:830} INFO - Processing file /home/airflow/.local/lib/python3.11/site-packages/airflow/example_dags/example_branch_operator.py for tasks to queue
[2024-02-27T15:05:49.420+0000] {logging_mixin.py:188} INFO - [2024-02-27T15:05:49.420+0000] {dagbag.py:540} INFO - Filling up the DagBag from /home/airflow/.local/lib/python3.11/site-packages/airflow/example_dags/example_branch_operator.py
[2024-02-27T15:05:49.431+0000] {processor.py:840} INFO - DAG(s) 'example_branch_operator' retrieved from /home/airflow/.local/lib/python3.11/site-packages/airflow/example_dags/example_branch_operator.py
[2024-02-27T15:05:49.447+0000] {logging_mixin.py:188} INFO - [2024-02-27T15:05:49.447+0000] {dag.py:3047} INFO - Sync 1 DAGs
[2024-02-27T15:05:49.461+0000] {logging_mixin.py:188} INFO - [2024-02-27T15:05:49.460+0000] {dag.py:3834} INFO - Setting next_dagrun for example_branch_operator to 2024-02-26 00:00:00+00:00, run_after=2024-02-27 00:00:00+00:00
[2024-02-27T15:05:49.473+0000] {processor.py:183} INFO - Processing /home/airflow/.local/lib/python3.11/site-packages/airflow/example_dags/example_branch_operator.py took 0.057 seconds
[2024-02-27T15:06:20.103+0000] {processor.py:161} INFO - Started process (PID=209) to work on /home/airflow/.local/lib/python3.11/site-packages/airflow/example_dags/example_branch_operator.py
[2024-02-27T15:06:20.104+0000] {processor.py:830} INFO - Processing file /home/airflow/.local/lib/python3.11/site-packages/airflow/example_dags/example_branch_operator.py for tasks to queue
[2024-02-27T15:06:20.105+0000] {logging_mixin.py:188} INFO - [2024-02-27T15:06:20.105+0000] {dagbag.py:540} INFO - Filling up the DagBag from /home/airflow/.local/lib/python3.11/site-packages/airflow/example_dags/example_branch_operator.py
[2024-02-27T15:06:20.116+0000] {processor.py:840} INFO - DAG(s) 'example_branch_operator' retrieved from /home/airflow/.local/lib/python3.11/site-packages/airflow/example_dags/example_branch_operator.py
[2024-02-27T15:06:20.131+0000] {logging_mixin.py:188} INFO - [2024-02-27T15:06:20.131+0000] {dag.py:3047} INFO - Sync 1 DAGs
[2024-02-27T15:06:20.144+0000] {logging_mixin.py:188} INFO - [2024-02-27T15:06:20.144+0000] {dag.py:3834} INFO - Setting next_dagrun for example_branch_operator to 2024-02-26 00:00:00+00:00, run_after=2024-02-27 00:00:00+00:00
[2024-02-27T15:06:20.155+0000] {processor.py:183} INFO - Processing /home/airflow/.local/lib/python3.11/site-packages/airflow/example_dags/example_branch_operator.py took 0.054 seconds
[2024-02-27T15:06:51.018+0000] {processor.py:161} INFO - Started process (PID=264) to work on /home/airflow/.local/lib/python3.11/site-packages/airflow/example_dags/example_branch_operator.py
[2024-02-27T15:06:51.018+0000] {processor.py:830} INFO - Processing file /home/airflow/.local/lib/python3.11/site-packages/airflow/example_dags/example_branch_operator.py for tasks to queue
[2024-02-27T15:06:51.020+0000] {logging_mixin.py:188} INFO - [2024-02-27T15:06:51.019+0000] {dagbag.py:540} INFO - Filling up the DagBag from /home/airflow/.local/lib/python3.11/site-packages/airflow/example_dags/example_branch_operator.py
[2024-02-27T15:06:51.030+0000] {processor.py:840} INFO - DAG(s) 'example_branch_operator' retrieved from /home/airflow/.local/lib/python3.11/site-packages/airflow/example_dags/example_branch_operator.py
[2024-02-27T15:06:51.047+0000] {logging_mixin.py:188} INFO - [2024-02-27T15:06:51.046+0000] {dag.py:3047} INFO - Sync 1 DAGs
[2024-02-27T15:06:51.059+0000] {logging_mixin.py:188} INFO - [2024-02-27T15:06:51.059+0000] {dag.py:3834} INFO - Setting next_dagrun for example_branch_operator to 2024-02-26 00:00:00+00:00, run_after=2024-02-27 00:00:00+00:00
[2024-02-27T15:06:51.072+0000] {processor.py:183} INFO - Processing /home/airflow/.local/lib/python3.11/site-packages/airflow/example_dags/example_branch_operator.py took 0.056 seconds
[2024-02-27T15:07:21.095+0000] {processor.py:161} INFO - Started process (PID=318) to work on /home/airflow/.local/lib/python3.11/site-packages/airflow/example_dags/example_branch_operator.py
[2024-02-27T15:07:21.095+0000] {processor.py:830} INFO - Processing file /home/airflow/.local/lib/python3.11/site-packages/airflow/example_dags/example_branch_operator.py for tasks to queue
[2024-02-27T15:07:21.096+0000] {logging_mixin.py:188} INFO - [2024-02-27T15:07:21.096+0000] {dagbag.py:540} INFO - Filling up the DagBag from /home/airflow/.local/lib/python3.11/site-packages/airflow/example_dags/example_branch_operator.py
[2024-02-27T15:07:21.106+0000] {processor.py:840} INFO - DAG(s) 'example_branch_operator' retrieved from /home/airflow/.local/lib/python3.11/site-packages/airflow/example_dags/example_branch_operator.py
[2024-02-27T15:07:21.122+0000] {logging_mixin.py:188} INFO - [2024-02-27T15:07:21.122+0000] {dag.py:3047} INFO - Sync 1 DAGs
[2024-02-27T15:07:21.135+0000] {logging_mixin.py:188} INFO - [2024-02-27T15:07:21.135+0000] {dag.py:3834} INFO - Setting next_dagrun for example_branch_operator to 2024-02-26 00:00:00+00:00, run_after=2024-02-27 00:00:00+00:00
[2024-02-27T15:07:21.146+0000] {processor.py:183} INFO - Processing /home/airflow/.local/lib/python3.11/site-packages/airflow/example_dags/example_branch_operator.py took 0.054 seconds
[2024-02-27T15:07:51.374+0000] {processor.py:161} INFO - Started process (PID=374) to work on /home/airflow/.local/lib/python3.11/site-packages/airflow/example_dags/example_branch_operator.py
[2024-02-27T15:07:51.374+0000] {processor.py:830} INFO - Processing file /home/airflow/.local/lib/python3.11/site-packages/airflow/example_dags/example_branch_operator.py for tasks to queue
[2024-02-27T15:07:51.376+0000] {logging_mixin.py:188} INFO - [2024-02-27T15:07:51.375+0000] {dagbag.py:540} INFO - Filling up the DagBag from /home/airflow/.local/lib/python3.11/site-packages/airflow/example_dags/example_branch_operator.py
[2024-02-27T15:07:51.386+0000] {processor.py:840} INFO - DAG(s) 'example_branch_operator' retrieved from /home/airflow/.local/lib/python3.11/site-packages/airflow/example_dags/example_branch_operator.py
[2024-02-27T15:07:51.400+0000] {logging_mixin.py:188} INFO - [2024-02-27T15:07:51.400+0000] {dag.py:3047} INFO - Sync 1 DAGs
[2024-02-27T15:07:51.412+0000] {logging_mixin.py:188} INFO - [2024-02-27T15:07:51.412+0000] {dag.py:3834} INFO - Setting next_dagrun for example_branch_operator to 2024-02-26 00:00:00+00:00, run_after=2024-02-27 00:00:00+00:00
[2024-02-27T15:07:51.424+0000] {processor.py:183} INFO - Processing /home/airflow/.local/lib/python3.11/site-packages/airflow/example_dags/example_branch_operator.py took 0.053 seconds
[2024-02-27T15:08:21.477+0000] {processor.py:161} INFO - Started process (PID=429) to work on /home/airflow/.local/lib/python3.11/site-packages/airflow/example_dags/example_branch_operator.py
[2024-02-27T15:08:21.478+0000] {processor.py:830} INFO - Processing file /home/airflow/.local/lib/python3.11/site-packages/airflow/example_dags/example_branch_operator.py for tasks to queue
[2024-02-27T15:08:21.479+0000] {logging_mixin.py:188} INFO - [2024-02-27T15:08:21.479+0000] {dagbag.py:540} INFO - Filling up the DagBag from /home/airflow/.local/lib/python3.11/site-packages/airflow/example_dags/example_branch_operator.py
[2024-02-27T15:08:21.490+0000] {processor.py:840} INFO - DAG(s) 'example_branch_operator' retrieved from /home/airflow/.local/lib/python3.11/site-packages/airflow/example_dags/example_branch_operator.py
[2024-02-27T15:08:21.505+0000] {logging_mixin.py:188} INFO - [2024-02-27T15:08:21.505+0000] {dag.py:3047} INFO - Sync 1 DAGs
[2024-02-27T15:08:21.518+0000] {logging_mixin.py:188} INFO - [2024-02-27T15:08:21.518+0000] {dag.py:3834} INFO - Setting next_dagrun for example_branch_operator to 2024-02-26 00:00:00+00:00, run_after=2024-02-27 00:00:00+00:00
[2024-02-27T15:08:21.530+0000] {processor.py:183} INFO - Processing /home/airflow/.local/lib/python3.11/site-packages/airflow/example_dags/example_branch_operator.py took 0.055 seconds
[2024-02-27T15:08:51.585+0000] {processor.py:161} INFO - Started process (PID=484) to work on /home/airflow/.local/lib/python3.11/site-packages/airflow/example_dags/example_branch_operator.py
[2024-02-27T15:08:51.586+0000] {processor.py:830} INFO - Processing file /home/airflow/.local/lib/python3.11/site-packages/airflow/example_dags/example_branch_operator.py for tasks to queue
[2024-02-27T15:08:51.587+0000] {logging_mixin.py:188} INFO - [2024-02-27T15:08:51.587+0000] {dagbag.py:540} INFO - Filling up the DagBag from /home/airflow/.local/lib/python3.11/site-packages/airflow/example_dags/example_branch_operator.py
[2024-02-27T15:08:51.597+0000] {processor.py:840} INFO - DAG(s) 'example_branch_operator' retrieved from /home/airflow/.local/lib/python3.11/site-packages/airflow/example_dags/example_branch_operator.py
[2024-02-27T15:08:51.612+0000] {logging_mixin.py:188} INFO - [2024-02-27T15:08:51.612+0000] {dag.py:3047} INFO - Sync 1 DAGs
[2024-02-27T15:08:51.626+0000] {logging_mixin.py:188} INFO - [2024-02-27T15:08:51.625+0000] {dag.py:3834} INFO - Setting next_dagrun for example_branch_operator to 2024-02-26 00:00:00+00:00, run_after=2024-02-27 00:00:00+00:00
[2024-02-27T15:08:51.637+0000] {processor.py:183} INFO - Processing /home/airflow/.local/lib/python3.11/site-packages/airflow/example_dags/example_branch_operator.py took 0.054 seconds
[2024-02-27T15:09:21.756+0000] {processor.py:161} INFO - Started process (PID=539) to work on /home/airflow/.local/lib/python3.11/site-packages/airflow/example_dags/example_branch_operator.py
[2024-02-27T15:09:21.756+0000] {processor.py:830} INFO - Processing file /home/airflow/.local/lib/python3.11/site-packages/airflow/example_dags/example_branch_operator.py for tasks to queue
[2024-02-27T15:09:21.758+0000] {logging_mixin.py:188} INFO - [2024-02-27T15:09:21.758+0000] {dagbag.py:540} INFO - Filling up the DagBag from /home/airflow/.local/lib/python3.11/site-packages/airflow/example_dags/example_branch_operator.py
[2024-02-27T15:09:21.769+0000] {processor.py:840} INFO - DAG(s) 'example_branch_operator' retrieved from /home/airflow/.local/lib/python3.11/site-packages/airflow/example_dags/example_branch_operator.py
[2024-02-27T15:09:21.785+0000] {logging_mixin.py:188} INFO - [2024-02-27T15:09:21.785+0000] {dag.py:3047} INFO - Sync 1 DAGs
[2024-02-27T15:09:21.799+0000] {logging_mixin.py:188} INFO - [2024-02-27T15:09:21.798+0000] {dag.py:3834} INFO - Setting next_dagrun for example_branch_operator to 2024-02-26 00:00:00+00:00, run_after=2024-02-27 00:00:00+00:00
[2024-02-27T15:09:21.810+0000] {processor.py:183} INFO - Processing /home/airflow/.local/lib/python3.11/site-packages/airflow/example_dags/example_branch_operator.py took 0.056 seconds
[2024-02-27T15:09:51.936+0000] {processor.py:161} INFO - Started process (PID=594) to work on /home/airflow/.local/lib/python3.11/site-packages/airflow/example_dags/example_branch_operator.py
[2024-02-27T15:09:51.938+0000] {processor.py:830} INFO - Processing file /home/airflow/.local/lib/python3.11/site-packages/airflow/example_dags/example_branch_operator.py for tasks to queue
[2024-02-27T15:09:51.939+0000] {logging_mixin.py:188} INFO - [2024-02-27T15:09:51.939+0000] {dagbag.py:540} INFO - Filling up the DagBag from /home/airflow/.local/lib/python3.11/site-packages/airflow/example_dags/example_branch_operator.py
[2024-02-27T15:09:51.950+0000] {processor.py:840} INFO - DAG(s) 'example_branch_operator' retrieved from /home/airflow/.local/lib/python3.11/site-packages/airflow/example_dags/example_branch_operator.py
[2024-02-27T15:09:51.966+0000] {logging_mixin.py:188} INFO - [2024-02-27T15:09:51.966+0000] {dag.py:3047} INFO - Sync 1 DAGs
[2024-02-27T15:09:51.979+0000] {logging_mixin.py:188} INFO - [2024-02-27T15:09:51.979+0000] {dag.py:3834} INFO - Setting next_dagrun for example_branch_operator to 2024-02-26 00:00:00+00:00, run_after=2024-02-27 00:00:00+00:00
[2024-02-27T15:09:51.991+0000] {processor.py:183} INFO - Processing /home/airflow/.local/lib/python3.11/site-packages/airflow/example_dags/example_branch_operator.py took 0.057 seconds
[2024-02-27T15:10:22.096+0000] {processor.py:161} INFO - Started process (PID=649) to work on /home/airflow/.local/lib/python3.11/site-packages/airflow/example_dags/example_branch_operator.py
[2024-02-27T15:10:22.096+0000] {processor.py:830} INFO - Processing file /home/airflow/.local/lib/python3.11/site-packages/airflow/example_dags/example_branch_operator.py for tasks to queue
[2024-02-27T15:10:22.097+0000] {logging_mixin.py:188} INFO - [2024-02-27T15:10:22.097+0000] {dagbag.py:540} INFO - Filling up the DagBag from /home/airflow/.local/lib/python3.11/site-packages/airflow/example_dags/example_branch_operator.py
[2024-02-27T15:10:22.107+0000] {processor.py:840} INFO - DAG(s) 'example_branch_operator' retrieved from /home/airflow/.local/lib/python3.11/site-packages/airflow/example_dags/example_branch_operator.py
[2024-02-27T15:10:22.122+0000] {logging_mixin.py:188} INFO - [2024-02-27T15:10:22.122+0000] {dag.py:3047} INFO - Sync 1 DAGs
[2024-02-27T15:10:22.136+0000] {logging_mixin.py:188} INFO - [2024-02-27T15:10:22.136+0000] {dag.py:3834} INFO - Setting next_dagrun for example_branch_operator to 2024-02-26 00:00:00+00:00, run_after=2024-02-27 00:00:00+00:00
[2024-02-27T15:10:22.146+0000] {processor.py:183} INFO - Processing /home/airflow/.local/lib/python3.11/site-packages/airflow/example_dags/example_branch_operator.py took 0.053 seconds
[2024-02-27T15:10:52.231+0000] {processor.py:161} INFO - Started process (PID=704) to work on /home/airflow/.local/lib/python3.11/site-packages/airflow/example_dags/example_branch_operator.py
[2024-02-27T15:10:52.232+0000] {processor.py:830} INFO - Processing file /home/airflow/.local/lib/python3.11/site-packages/airflow/example_dags/example_branch_operator.py for tasks to queue
[2024-02-27T15:10:52.234+0000] {logging_mixin.py:188} INFO - [2024-02-27T15:10:52.233+0000] {dagbag.py:540} INFO - Filling up the DagBag from /home/airflow/.local/lib/python3.11/site-packages/airflow/example_dags/example_branch_operator.py
[2024-02-27T15:10:52.244+0000] {processor.py:840} INFO - DAG(s) 'example_branch_operator' retrieved from /home/airflow/.local/lib/python3.11/site-packages/airflow/example_dags/example_branch_operator.py
[2024-02-27T15:10:52.258+0000] {logging_mixin.py:188} INFO - [2024-02-27T15:10:52.258+0000] {dag.py:3047} INFO - Sync 1 DAGs
[2024-02-27T15:10:52.273+0000] {logging_mixin.py:188} INFO - [2024-02-27T15:10:52.273+0000] {dag.py:3834} INFO - Setting next_dagrun for example_branch_operator to 2024-02-26 00:00:00+00:00, run_after=2024-02-27 00:00:00+00:00
[2024-02-27T15:10:52.285+0000] {processor.py:183} INFO - Processing /home/airflow/.local/lib/python3.11/site-packages/airflow/example_dags/example_branch_operator.py took 0.056 seconds
[2024-02-27T15:11:22.396+0000] {processor.py:161} INFO - Started process (PID=759) to work on /home/airflow/.local/lib/python3.11/site-packages/airflow/example_dags/example_branch_operator.py
[2024-02-27T15:11:22.398+0000] {processor.py:830} INFO - Processing file /home/airflow/.local/lib/python3.11/site-packages/airflow/example_dags/example_branch_operator.py for tasks to queue
[2024-02-27T15:11:22.403+0000] {logging_mixin.py:188} INFO - [2024-02-27T15:11:22.402+0000] {dagbag.py:540} INFO - Filling up the DagBag from /home/airflow/.local/lib/python3.11/site-packages/airflow/example_dags/example_branch_operator.py
[2024-02-27T15:11:22.414+0000] {processor.py:840} INFO - DAG(s) 'example_branch_operator' retrieved from /home/airflow/.local/lib/python3.11/site-packages/airflow/example_dags/example_branch_operator.py
[2024-02-27T15:11:22.430+0000] {logging_mixin.py:188} INFO - [2024-02-27T15:11:22.430+0000] {dag.py:3047} INFO - Sync 1 DAGs
[2024-02-27T15:11:22.445+0000] {logging_mixin.py:188} INFO - [2024-02-27T15:11:22.444+0000] {dag.py:3834} INFO - Setting next_dagrun for example_branch_operator to 2024-02-26 00:00:00+00:00, run_after=2024-02-27 00:00:00+00:00
[2024-02-27T15:11:22.456+0000] {processor.py:183} INFO - Processing /home/airflow/.local/lib/python3.11/site-packages/airflow/example_dags/example_branch_operator.py took 0.062 seconds
[2024-02-27T15:11:52.495+0000] {processor.py:161} INFO - Started process (PID=815) to work on /home/airflow/.local/lib/python3.11/site-packages/airflow/example_dags/example_branch_operator.py
[2024-02-27T15:11:52.496+0000] {processor.py:830} INFO - Processing file /home/airflow/.local/lib/python3.11/site-packages/airflow/example_dags/example_branch_operator.py for tasks to queue
[2024-02-27T15:11:52.498+0000] {logging_mixin.py:188} INFO - [2024-02-27T15:11:52.497+0000] {dagbag.py:540} INFO - Filling up the DagBag from /home/airflow/.local/lib/python3.11/site-packages/airflow/example_dags/example_branch_operator.py
[2024-02-27T15:11:52.508+0000] {processor.py:840} INFO - DAG(s) 'example_branch_operator' retrieved from /home/airflow/.local/lib/python3.11/site-packages/airflow/example_dags/example_branch_operator.py
[2024-02-27T15:11:52.524+0000] {logging_mixin.py:188} INFO - [2024-02-27T15:11:52.523+0000] {dag.py:3047} INFO - Sync 1 DAGs
[2024-02-27T15:11:52.536+0000] {logging_mixin.py:188} INFO - [2024-02-27T15:11:52.536+0000] {dag.py:3834} INFO - Setting next_dagrun for example_branch_operator to 2024-02-26 00:00:00+00:00, run_after=2024-02-27 00:00:00+00:00
[2024-02-27T15:11:52.547+0000] {processor.py:183} INFO - Processing /home/airflow/.local/lib/python3.11/site-packages/airflow/example_dags/example_branch_operator.py took 0.054 seconds
[2024-02-27T15:12:22.616+0000] {processor.py:161} INFO - Started process (PID=870) to work on /home/airflow/.local/lib/python3.11/site-packages/airflow/example_dags/example_branch_operator.py
[2024-02-27T15:12:22.617+0000] {processor.py:830} INFO - Processing file /home/airflow/.local/lib/python3.11/site-packages/airflow/example_dags/example_branch_operator.py for tasks to queue
[2024-02-27T15:12:22.618+0000] {logging_mixin.py:188} INFO - [2024-02-27T15:12:22.618+0000] {dagbag.py:540} INFO - Filling up the DagBag from /home/airflow/.local/lib/python3.11/site-packages/airflow/example_dags/example_branch_operator.py
[2024-02-27T15:12:22.628+0000] {processor.py:840} INFO - DAG(s) 'example_branch_operator' retrieved from /home/airflow/.local/lib/python3.11/site-packages/airflow/example_dags/example_branch_operator.py
[2024-02-27T15:12:22.646+0000] {logging_mixin.py:188} INFO - [2024-02-27T15:12:22.646+0000] {dag.py:3047} INFO - Sync 1 DAGs
[2024-02-27T15:12:22.659+0000] {logging_mixin.py:188} INFO - [2024-02-27T15:12:22.659+0000] {dag.py:3834} INFO - Setting next_dagrun for example_branch_operator to 2024-02-26 00:00:00+00:00, run_after=2024-02-27 00:00:00+00:00
[2024-02-27T15:12:22.671+0000] {processor.py:183} INFO - Processing /home/airflow/.local/lib/python3.11/site-packages/airflow/example_dags/example_branch_operator.py took 0.057 seconds
[2024-02-27T15:12:52.764+0000] {processor.py:161} INFO - Started process (PID=925) to work on /home/airflow/.local/lib/python3.11/site-packages/airflow/example_dags/example_branch_operator.py
[2024-02-27T15:12:52.765+0000] {processor.py:830} INFO - Processing file /home/airflow/.local/lib/python3.11/site-packages/airflow/example_dags/example_branch_operator.py for tasks to queue
[2024-02-27T15:12:52.767+0000] {logging_mixin.py:188} INFO - [2024-02-27T15:12:52.767+0000] {dagbag.py:540} INFO - Filling up the DagBag from /home/airflow/.local/lib/python3.11/site-packages/airflow/example_dags/example_branch_operator.py
[2024-02-27T15:12:52.778+0000] {processor.py:840} INFO - DAG(s) 'example_branch_operator' retrieved from /home/airflow/.local/lib/python3.11/site-packages/airflow/example_dags/example_branch_operator.py
[2024-02-27T15:12:52.796+0000] {logging_mixin.py:188} INFO - [2024-02-27T15:12:52.795+0000] {dag.py:3047} INFO - Sync 1 DAGs
[2024-02-27T15:12:52.809+0000] {logging_mixin.py:188} INFO - [2024-02-27T15:12:52.809+0000] {dag.py:3834} INFO - Setting next_dagrun for example_branch_operator to 2024-02-26 00:00:00+00:00, run_after=2024-02-27 00:00:00+00:00
[2024-02-27T15:12:52.822+0000] {processor.py:183} INFO - Processing /home/airflow/.local/lib/python3.11/site-packages/airflow/example_dags/example_branch_operator.py took 0.060 seconds
[2024-02-27T15:20:38.249+0000] {processor.py:161} INFO - Started process (PID=44) to work on /home/airflow/.local/lib/python3.11/site-packages/airflow/example_dags/example_branch_operator.py
[2024-02-27T15:20:38.250+0000] {processor.py:830} INFO - Processing file /home/airflow/.local/lib/python3.11/site-packages/airflow/example_dags/example_branch_operator.py for tasks to queue
[2024-02-27T15:20:38.251+0000] {logging_mixin.py:188} INFO - [2024-02-27T15:20:38.251+0000] {dagbag.py:540} INFO - Filling up the DagBag from /home/airflow/.local/lib/python3.11/site-packages/airflow/example_dags/example_branch_operator.py
[2024-02-27T15:20:38.266+0000] {processor.py:840} INFO - DAG(s) 'example_branch_operator' retrieved from /home/airflow/.local/lib/python3.11/site-packages/airflow/example_dags/example_branch_operator.py
[2024-02-27T15:20:38.288+0000] {logging_mixin.py:188} INFO - [2024-02-27T15:20:38.288+0000] {dag.py:3047} INFO - Sync 1 DAGs
[2024-02-27T15:20:38.311+0000] {logging_mixin.py:188} INFO - [2024-02-27T15:20:38.311+0000] {dag.py:3834} INFO - Setting next_dagrun for example_branch_operator to 2024-02-26 00:00:00+00:00, run_after=2024-02-27 00:00:00+00:00
[2024-02-27T15:20:38.330+0000] {processor.py:183} INFO - Processing /home/airflow/.local/lib/python3.11/site-packages/airflow/example_dags/example_branch_operator.py took 0.084 seconds
[2024-02-27T15:21:08.836+0000] {processor.py:161} INFO - Started process (PID=99) to work on /home/airflow/.local/lib/python3.11/site-packages/airflow/example_dags/example_branch_operator.py
[2024-02-27T15:21:08.837+0000] {processor.py:830} INFO - Processing file /home/airflow/.local/lib/python3.11/site-packages/airflow/example_dags/example_branch_operator.py for tasks to queue
[2024-02-27T15:21:08.838+0000] {logging_mixin.py:188} INFO - [2024-02-27T15:21:08.838+0000] {dagbag.py:540} INFO - Filling up the DagBag from /home/airflow/.local/lib/python3.11/site-packages/airflow/example_dags/example_branch_operator.py
[2024-02-27T15:21:08.849+0000] {processor.py:840} INFO - DAG(s) 'example_branch_operator' retrieved from /home/airflow/.local/lib/python3.11/site-packages/airflow/example_dags/example_branch_operator.py
[2024-02-27T15:21:08.928+0000] {logging_mixin.py:188} INFO - [2024-02-27T15:21:08.928+0000] {dag.py:3047} INFO - Sync 1 DAGs
[2024-02-27T15:21:08.946+0000] {logging_mixin.py:188} INFO - [2024-02-27T15:21:08.946+0000] {dag.py:3834} INFO - Setting next_dagrun for example_branch_operator to 2024-02-26 00:00:00+00:00, run_after=2024-02-27 00:00:00+00:00
[2024-02-27T15:21:08.978+0000] {processor.py:183} INFO - Processing /home/airflow/.local/lib/python3.11/site-packages/airflow/example_dags/example_branch_operator.py took 0.144 seconds
