[2024-02-27T15:04:49.999+0000] {processor.py:161} INFO - Started process (PID=81) to work on /home/airflow/.local/lib/python3.11/site-packages/airflow/example_dags/example_branch_datetime_operator.py
[2024-02-27T15:04:49.999+0000] {processor.py:830} INFO - Processing file /home/airflow/.local/lib/python3.11/site-packages/airflow/example_dags/example_branch_datetime_operator.py for tasks to queue
[2024-02-27T15:04:50.000+0000] {logging_mixin.py:188} INFO - [2024-02-27T15:04:50.000+0000] {dagbag.py:540} INFO - Filling up the DagBag from /home/airflow/.local/lib/python3.11/site-packages/airflow/example_dags/example_branch_datetime_operator.py
[2024-02-27T15:04:50.007+0000] {processor.py:840} INFO - DAG(s) 'example_branch_datetime_operator', 'example_branch_datetime_operator_3', 'example_branch_datetime_operator_2' retrieved from /home/airflow/.local/lib/python3.11/site-packages/airflow/example_dags/example_branch_datetime_operator.py
[2024-02-27T15:04:50.014+0000] {logging_mixin.py:188} INFO - [2024-02-27T15:04:50.014+0000] {dag.py:3047} INFO - Sync 3 DAGs
[2024-02-27T15:04:50.027+0000] {logging_mixin.py:188} INFO - [2024-02-27T15:04:50.027+0000] {dag.py:3834} INFO - Setting next_dagrun for example_branch_datetime_operator to 2024-02-26 00:00:00+00:00, run_after=2024-02-27 00:00:00+00:00
[2024-02-27T15:04:50.030+0000] {logging_mixin.py:188} INFO - [2024-02-27T15:04:50.030+0000] {dag.py:3834} INFO - Setting next_dagrun for example_branch_datetime_operator_2 to 2024-02-26 00:00:00+00:00, run_after=2024-02-27 00:00:00+00:00
[2024-02-27T15:04:50.032+0000] {logging_mixin.py:188} INFO - [2024-02-27T15:04:50.032+0000] {dag.py:3834} INFO - Setting next_dagrun for example_branch_datetime_operator_3 to 2024-02-26 00:00:00+00:00, run_after=2024-02-27 00:00:00+00:00
[2024-02-27T15:04:50.042+0000] {processor.py:183} INFO - Processing /home/airflow/.local/lib/python3.11/site-packages/airflow/example_dags/example_branch_datetime_operator.py took 0.045 seconds
[2024-02-27T15:05:20.770+0000] {processor.py:161} INFO - Started process (PID=136) to work on /home/airflow/.local/lib/python3.11/site-packages/airflow/example_dags/example_branch_datetime_operator.py
[2024-02-27T15:05:20.770+0000] {processor.py:830} INFO - Processing file /home/airflow/.local/lib/python3.11/site-packages/airflow/example_dags/example_branch_datetime_operator.py for tasks to queue
[2024-02-27T15:05:20.772+0000] {logging_mixin.py:188} INFO - [2024-02-27T15:05:20.771+0000] {dagbag.py:540} INFO - Filling up the DagBag from /home/airflow/.local/lib/python3.11/site-packages/airflow/example_dags/example_branch_datetime_operator.py
[2024-02-27T15:05:20.778+0000] {processor.py:840} INFO - DAG(s) 'example_branch_datetime_operator_2', 'example_branch_datetime_operator', 'example_branch_datetime_operator_3' retrieved from /home/airflow/.local/lib/python3.11/site-packages/airflow/example_dags/example_branch_datetime_operator.py
[2024-02-27T15:05:20.849+0000] {logging_mixin.py:188} INFO - [2024-02-27T15:05:20.849+0000] {dag.py:3047} INFO - Sync 3 DAGs
[2024-02-27T15:05:20.861+0000] {logging_mixin.py:188} INFO - [2024-02-27T15:05:20.861+0000] {dag.py:3834} INFO - Setting next_dagrun for example_branch_datetime_operator to 2024-02-26 00:00:00+00:00, run_after=2024-02-27 00:00:00+00:00
[2024-02-27T15:05:20.864+0000] {logging_mixin.py:188} INFO - [2024-02-27T15:05:20.863+0000] {dag.py:3834} INFO - Setting next_dagrun for example_branch_datetime_operator_2 to 2024-02-26 00:00:00+00:00, run_after=2024-02-27 00:00:00+00:00
[2024-02-27T15:05:20.865+0000] {logging_mixin.py:188} INFO - [2024-02-27T15:05:20.865+0000] {dag.py:3834} INFO - Setting next_dagrun for example_branch_datetime_operator_3 to 2024-02-26 00:00:00+00:00, run_after=2024-02-27 00:00:00+00:00
[2024-02-27T15:05:20.875+0000] {processor.py:183} INFO - Processing /home/airflow/.local/lib/python3.11/site-packages/airflow/example_dags/example_branch_datetime_operator.py took 0.108 seconds
[2024-02-27T15:05:51.636+0000] {processor.py:161} INFO - Started process (PID=191) to work on /home/airflow/.local/lib/python3.11/site-packages/airflow/example_dags/example_branch_datetime_operator.py
[2024-02-27T15:05:51.637+0000] {processor.py:830} INFO - Processing file /home/airflow/.local/lib/python3.11/site-packages/airflow/example_dags/example_branch_datetime_operator.py for tasks to queue
[2024-02-27T15:05:51.638+0000] {logging_mixin.py:188} INFO - [2024-02-27T15:05:51.638+0000] {dagbag.py:540} INFO - Filling up the DagBag from /home/airflow/.local/lib/python3.11/site-packages/airflow/example_dags/example_branch_datetime_operator.py
[2024-02-27T15:05:51.645+0000] {processor.py:840} INFO - DAG(s) 'example_branch_datetime_operator_2', 'example_branch_datetime_operator', 'example_branch_datetime_operator_3' retrieved from /home/airflow/.local/lib/python3.11/site-packages/airflow/example_dags/example_branch_datetime_operator.py
[2024-02-27T15:05:51.660+0000] {logging_mixin.py:188} INFO - [2024-02-27T15:05:51.660+0000] {dag.py:3047} INFO - Sync 3 DAGs
[2024-02-27T15:05:51.674+0000] {logging_mixin.py:188} INFO - [2024-02-27T15:05:51.674+0000] {dag.py:3834} INFO - Setting next_dagrun for example_branch_datetime_operator to 2024-02-26 00:00:00+00:00, run_after=2024-02-27 00:00:00+00:00
[2024-02-27T15:05:51.676+0000] {logging_mixin.py:188} INFO - [2024-02-27T15:05:51.676+0000] {dag.py:3834} INFO - Setting next_dagrun for example_branch_datetime_operator_2 to 2024-02-26 00:00:00+00:00, run_after=2024-02-27 00:00:00+00:00
[2024-02-27T15:05:51.678+0000] {logging_mixin.py:188} INFO - [2024-02-27T15:05:51.678+0000] {dag.py:3834} INFO - Setting next_dagrun for example_branch_datetime_operator_3 to 2024-02-26 00:00:00+00:00, run_after=2024-02-27 00:00:00+00:00
[2024-02-27T15:05:51.687+0000] {processor.py:183} INFO - Processing /home/airflow/.local/lib/python3.11/site-packages/airflow/example_dags/example_branch_datetime_operator.py took 0.053 seconds
[2024-02-27T15:06:22.520+0000] {processor.py:161} INFO - Started process (PID=246) to work on /home/airflow/.local/lib/python3.11/site-packages/airflow/example_dags/example_branch_datetime_operator.py
[2024-02-27T15:06:22.521+0000] {processor.py:830} INFO - Processing file /home/airflow/.local/lib/python3.11/site-packages/airflow/example_dags/example_branch_datetime_operator.py for tasks to queue
[2024-02-27T15:06:22.522+0000] {logging_mixin.py:188} INFO - [2024-02-27T15:06:22.522+0000] {dagbag.py:540} INFO - Filling up the DagBag from /home/airflow/.local/lib/python3.11/site-packages/airflow/example_dags/example_branch_datetime_operator.py
[2024-02-27T15:06:22.528+0000] {processor.py:840} INFO - DAG(s) 'example_branch_datetime_operator_3', 'example_branch_datetime_operator', 'example_branch_datetime_operator_2' retrieved from /home/airflow/.local/lib/python3.11/site-packages/airflow/example_dags/example_branch_datetime_operator.py
[2024-02-27T15:06:22.543+0000] {logging_mixin.py:188} INFO - [2024-02-27T15:06:22.543+0000] {dag.py:3047} INFO - Sync 3 DAGs
[2024-02-27T15:06:22.557+0000] {logging_mixin.py:188} INFO - [2024-02-27T15:06:22.557+0000] {dag.py:3834} INFO - Setting next_dagrun for example_branch_datetime_operator to 2024-02-26 00:00:00+00:00, run_after=2024-02-27 00:00:00+00:00
[2024-02-27T15:06:22.560+0000] {logging_mixin.py:188} INFO - [2024-02-27T15:06:22.560+0000] {dag.py:3834} INFO - Setting next_dagrun for example_branch_datetime_operator_2 to 2024-02-26 00:00:00+00:00, run_after=2024-02-27 00:00:00+00:00
[2024-02-27T15:06:22.562+0000] {logging_mixin.py:188} INFO - [2024-02-27T15:06:22.562+0000] {dag.py:3834} INFO - Setting next_dagrun for example_branch_datetime_operator_3 to 2024-02-26 00:00:00+00:00, run_after=2024-02-27 00:00:00+00:00
[2024-02-27T15:06:22.572+0000] {processor.py:183} INFO - Processing /home/airflow/.local/lib/python3.11/site-packages/airflow/example_dags/example_branch_datetime_operator.py took 0.053 seconds
[2024-02-27T15:06:53.548+0000] {processor.py:161} INFO - Started process (PID=301) to work on /home/airflow/.local/lib/python3.11/site-packages/airflow/example_dags/example_branch_datetime_operator.py
[2024-02-27T15:06:53.549+0000] {processor.py:830} INFO - Processing file /home/airflow/.local/lib/python3.11/site-packages/airflow/example_dags/example_branch_datetime_operator.py for tasks to queue
[2024-02-27T15:06:53.550+0000] {logging_mixin.py:188} INFO - [2024-02-27T15:06:53.550+0000] {dagbag.py:540} INFO - Filling up the DagBag from /home/airflow/.local/lib/python3.11/site-packages/airflow/example_dags/example_branch_datetime_operator.py
[2024-02-27T15:06:53.556+0000] {processor.py:840} INFO - DAG(s) 'example_branch_datetime_operator_3', 'example_branch_datetime_operator', 'example_branch_datetime_operator_2' retrieved from /home/airflow/.local/lib/python3.11/site-packages/airflow/example_dags/example_branch_datetime_operator.py
[2024-02-27T15:06:53.572+0000] {logging_mixin.py:188} INFO - [2024-02-27T15:06:53.572+0000] {dag.py:3047} INFO - Sync 3 DAGs
[2024-02-27T15:06:53.590+0000] {logging_mixin.py:188} INFO - [2024-02-27T15:06:53.590+0000] {dag.py:3834} INFO - Setting next_dagrun for example_branch_datetime_operator to 2024-02-26 00:00:00+00:00, run_after=2024-02-27 00:00:00+00:00
[2024-02-27T15:06:53.594+0000] {logging_mixin.py:188} INFO - [2024-02-27T15:06:53.594+0000] {dag.py:3834} INFO - Setting next_dagrun for example_branch_datetime_operator_2 to 2024-02-26 00:00:00+00:00, run_after=2024-02-27 00:00:00+00:00
[2024-02-27T15:06:53.596+0000] {logging_mixin.py:188} INFO - [2024-02-27T15:06:53.596+0000] {dag.py:3834} INFO - Setting next_dagrun for example_branch_datetime_operator_3 to 2024-02-26 00:00:00+00:00, run_after=2024-02-27 00:00:00+00:00
[2024-02-27T15:06:53.610+0000] {processor.py:183} INFO - Processing /home/airflow/.local/lib/python3.11/site-packages/airflow/example_dags/example_branch_datetime_operator.py took 0.064 seconds
[2024-02-27T15:07:23.835+0000] {processor.py:161} INFO - Started process (PID=356) to work on /home/airflow/.local/lib/python3.11/site-packages/airflow/example_dags/example_branch_datetime_operator.py
[2024-02-27T15:07:23.836+0000] {processor.py:830} INFO - Processing file /home/airflow/.local/lib/python3.11/site-packages/airflow/example_dags/example_branch_datetime_operator.py for tasks to queue
[2024-02-27T15:07:23.837+0000] {logging_mixin.py:188} INFO - [2024-02-27T15:07:23.837+0000] {dagbag.py:540} INFO - Filling up the DagBag from /home/airflow/.local/lib/python3.11/site-packages/airflow/example_dags/example_branch_datetime_operator.py
[2024-02-27T15:07:23.844+0000] {processor.py:840} INFO - DAG(s) 'example_branch_datetime_operator_3', 'example_branch_datetime_operator_2', 'example_branch_datetime_operator' retrieved from /home/airflow/.local/lib/python3.11/site-packages/airflow/example_dags/example_branch_datetime_operator.py
[2024-02-27T15:07:23.861+0000] {logging_mixin.py:188} INFO - [2024-02-27T15:07:23.861+0000] {dag.py:3047} INFO - Sync 3 DAGs
[2024-02-27T15:07:23.875+0000] {logging_mixin.py:188} INFO - [2024-02-27T15:07:23.875+0000] {dag.py:3834} INFO - Setting next_dagrun for example_branch_datetime_operator to 2024-02-26 00:00:00+00:00, run_after=2024-02-27 00:00:00+00:00
[2024-02-27T15:07:23.878+0000] {logging_mixin.py:188} INFO - [2024-02-27T15:07:23.877+0000] {dag.py:3834} INFO - Setting next_dagrun for example_branch_datetime_operator_2 to 2024-02-26 00:00:00+00:00, run_after=2024-02-27 00:00:00+00:00
[2024-02-27T15:07:23.879+0000] {logging_mixin.py:188} INFO - [2024-02-27T15:07:23.879+0000] {dag.py:3834} INFO - Setting next_dagrun for example_branch_datetime_operator_3 to 2024-02-26 00:00:00+00:00, run_after=2024-02-27 00:00:00+00:00
[2024-02-27T15:07:23.889+0000] {processor.py:183} INFO - Processing /home/airflow/.local/lib/python3.11/site-packages/airflow/example_dags/example_branch_datetime_operator.py took 0.057 seconds
[2024-02-27T15:07:53.939+0000] {processor.py:161} INFO - Started process (PID=411) to work on /home/airflow/.local/lib/python3.11/site-packages/airflow/example_dags/example_branch_datetime_operator.py
[2024-02-27T15:07:53.940+0000] {processor.py:830} INFO - Processing file /home/airflow/.local/lib/python3.11/site-packages/airflow/example_dags/example_branch_datetime_operator.py for tasks to queue
[2024-02-27T15:07:53.941+0000] {logging_mixin.py:188} INFO - [2024-02-27T15:07:53.941+0000] {dagbag.py:540} INFO - Filling up the DagBag from /home/airflow/.local/lib/python3.11/site-packages/airflow/example_dags/example_branch_datetime_operator.py
[2024-02-27T15:07:53.948+0000] {processor.py:840} INFO - DAG(s) 'example_branch_datetime_operator_2', 'example_branch_datetime_operator_3', 'example_branch_datetime_operator' retrieved from /home/airflow/.local/lib/python3.11/site-packages/airflow/example_dags/example_branch_datetime_operator.py
[2024-02-27T15:07:53.963+0000] {logging_mixin.py:188} INFO - [2024-02-27T15:07:53.963+0000] {dag.py:3047} INFO - Sync 3 DAGs
[2024-02-27T15:07:53.975+0000] {logging_mixin.py:188} INFO - [2024-02-27T15:07:53.975+0000] {dag.py:3834} INFO - Setting next_dagrun for example_branch_datetime_operator to 2024-02-26 00:00:00+00:00, run_after=2024-02-27 00:00:00+00:00
[2024-02-27T15:07:53.978+0000] {logging_mixin.py:188} INFO - [2024-02-27T15:07:53.978+0000] {dag.py:3834} INFO - Setting next_dagrun for example_branch_datetime_operator_2 to 2024-02-26 00:00:00+00:00, run_after=2024-02-27 00:00:00+00:00
[2024-02-27T15:07:53.980+0000] {logging_mixin.py:188} INFO - [2024-02-27T15:07:53.979+0000] {dag.py:3834} INFO - Setting next_dagrun for example_branch_datetime_operator_3 to 2024-02-26 00:00:00+00:00, run_after=2024-02-27 00:00:00+00:00
[2024-02-27T15:07:53.989+0000] {processor.py:183} INFO - Processing /home/airflow/.local/lib/python3.11/site-packages/airflow/example_dags/example_branch_datetime_operator.py took 0.052 seconds
[2024-02-27T15:08:24.088+0000] {processor.py:161} INFO - Started process (PID=466) to work on /home/airflow/.local/lib/python3.11/site-packages/airflow/example_dags/example_branch_datetime_operator.py
[2024-02-27T15:08:24.089+0000] {processor.py:830} INFO - Processing file /home/airflow/.local/lib/python3.11/site-packages/airflow/example_dags/example_branch_datetime_operator.py for tasks to queue
[2024-02-27T15:08:24.090+0000] {logging_mixin.py:188} INFO - [2024-02-27T15:08:24.090+0000] {dagbag.py:540} INFO - Filling up the DagBag from /home/airflow/.local/lib/python3.11/site-packages/airflow/example_dags/example_branch_datetime_operator.py
[2024-02-27T15:08:24.096+0000] {processor.py:840} INFO - DAG(s) 'example_branch_datetime_operator', 'example_branch_datetime_operator_3', 'example_branch_datetime_operator_2' retrieved from /home/airflow/.local/lib/python3.11/site-packages/airflow/example_dags/example_branch_datetime_operator.py
[2024-02-27T15:08:24.111+0000] {logging_mixin.py:188} INFO - [2024-02-27T15:08:24.111+0000] {dag.py:3047} INFO - Sync 3 DAGs
[2024-02-27T15:08:24.124+0000] {logging_mixin.py:188} INFO - [2024-02-27T15:08:24.124+0000] {dag.py:3834} INFO - Setting next_dagrun for example_branch_datetime_operator to 2024-02-26 00:00:00+00:00, run_after=2024-02-27 00:00:00+00:00
[2024-02-27T15:08:24.127+0000] {logging_mixin.py:188} INFO - [2024-02-27T15:08:24.127+0000] {dag.py:3834} INFO - Setting next_dagrun for example_branch_datetime_operator_2 to 2024-02-26 00:00:00+00:00, run_after=2024-02-27 00:00:00+00:00
[2024-02-27T15:08:24.129+0000] {logging_mixin.py:188} INFO - [2024-02-27T15:08:24.129+0000] {dag.py:3834} INFO - Setting next_dagrun for example_branch_datetime_operator_3 to 2024-02-26 00:00:00+00:00, run_after=2024-02-27 00:00:00+00:00
[2024-02-27T15:08:24.138+0000] {processor.py:183} INFO - Processing /home/airflow/.local/lib/python3.11/site-packages/airflow/example_dags/example_branch_datetime_operator.py took 0.052 seconds
[2024-02-27T15:08:54.177+0000] {processor.py:161} INFO - Started process (PID=521) to work on /home/airflow/.local/lib/python3.11/site-packages/airflow/example_dags/example_branch_datetime_operator.py
[2024-02-27T15:08:54.178+0000] {processor.py:830} INFO - Processing file /home/airflow/.local/lib/python3.11/site-packages/airflow/example_dags/example_branch_datetime_operator.py for tasks to queue
[2024-02-27T15:08:54.179+0000] {logging_mixin.py:188} INFO - [2024-02-27T15:08:54.179+0000] {dagbag.py:540} INFO - Filling up the DagBag from /home/airflow/.local/lib/python3.11/site-packages/airflow/example_dags/example_branch_datetime_operator.py
[2024-02-27T15:08:54.185+0000] {processor.py:840} INFO - DAG(s) 'example_branch_datetime_operator_2', 'example_branch_datetime_operator_3', 'example_branch_datetime_operator' retrieved from /home/airflow/.local/lib/python3.11/site-packages/airflow/example_dags/example_branch_datetime_operator.py
[2024-02-27T15:08:54.200+0000] {logging_mixin.py:188} INFO - [2024-02-27T15:08:54.200+0000] {dag.py:3047} INFO - Sync 3 DAGs
[2024-02-27T15:08:54.213+0000] {logging_mixin.py:188} INFO - [2024-02-27T15:08:54.213+0000] {dag.py:3834} INFO - Setting next_dagrun for example_branch_datetime_operator to 2024-02-26 00:00:00+00:00, run_after=2024-02-27 00:00:00+00:00
[2024-02-27T15:08:54.215+0000] {logging_mixin.py:188} INFO - [2024-02-27T15:08:54.215+0000] {dag.py:3834} INFO - Setting next_dagrun for example_branch_datetime_operator_2 to 2024-02-26 00:00:00+00:00, run_after=2024-02-27 00:00:00+00:00
[2024-02-27T15:08:54.217+0000] {logging_mixin.py:188} INFO - [2024-02-27T15:08:54.217+0000] {dag.py:3834} INFO - Setting next_dagrun for example_branch_datetime_operator_3 to 2024-02-26 00:00:00+00:00, run_after=2024-02-27 00:00:00+00:00
[2024-02-27T15:08:54.226+0000] {processor.py:183} INFO - Processing /home/airflow/.local/lib/python3.11/site-packages/airflow/example_dags/example_branch_datetime_operator.py took 0.051 seconds
[2024-02-27T15:09:24.373+0000] {processor.py:161} INFO - Started process (PID=576) to work on /home/airflow/.local/lib/python3.11/site-packages/airflow/example_dags/example_branch_datetime_operator.py
[2024-02-27T15:09:24.375+0000] {processor.py:830} INFO - Processing file /home/airflow/.local/lib/python3.11/site-packages/airflow/example_dags/example_branch_datetime_operator.py for tasks to queue
[2024-02-27T15:09:24.376+0000] {logging_mixin.py:188} INFO - [2024-02-27T15:09:24.376+0000] {dagbag.py:540} INFO - Filling up the DagBag from /home/airflow/.local/lib/python3.11/site-packages/airflow/example_dags/example_branch_datetime_operator.py
[2024-02-27T15:09:24.381+0000] {processor.py:840} INFO - DAG(s) 'example_branch_datetime_operator', 'example_branch_datetime_operator_3', 'example_branch_datetime_operator_2' retrieved from /home/airflow/.local/lib/python3.11/site-packages/airflow/example_dags/example_branch_datetime_operator.py
[2024-02-27T15:09:24.397+0000] {logging_mixin.py:188} INFO - [2024-02-27T15:09:24.397+0000] {dag.py:3047} INFO - Sync 3 DAGs
[2024-02-27T15:09:24.411+0000] {logging_mixin.py:188} INFO - [2024-02-27T15:09:24.411+0000] {dag.py:3834} INFO - Setting next_dagrun for example_branch_datetime_operator to 2024-02-26 00:00:00+00:00, run_after=2024-02-27 00:00:00+00:00
[2024-02-27T15:09:24.414+0000] {logging_mixin.py:188} INFO - [2024-02-27T15:09:24.414+0000] {dag.py:3834} INFO - Setting next_dagrun for example_branch_datetime_operator_2 to 2024-02-26 00:00:00+00:00, run_after=2024-02-27 00:00:00+00:00
[2024-02-27T15:09:24.415+0000] {logging_mixin.py:188} INFO - [2024-02-27T15:09:24.415+0000] {dag.py:3834} INFO - Setting next_dagrun for example_branch_datetime_operator_3 to 2024-02-26 00:00:00+00:00, run_after=2024-02-27 00:00:00+00:00
[2024-02-27T15:09:24.426+0000] {processor.py:183} INFO - Processing /home/airflow/.local/lib/python3.11/site-packages/airflow/example_dags/example_branch_datetime_operator.py took 0.055 seconds
[2024-02-27T15:09:54.479+0000] {processor.py:161} INFO - Started process (PID=630) to work on /home/airflow/.local/lib/python3.11/site-packages/airflow/example_dags/example_branch_datetime_operator.py
[2024-02-27T15:09:54.479+0000] {processor.py:830} INFO - Processing file /home/airflow/.local/lib/python3.11/site-packages/airflow/example_dags/example_branch_datetime_operator.py for tasks to queue
[2024-02-27T15:09:54.481+0000] {logging_mixin.py:188} INFO - [2024-02-27T15:09:54.480+0000] {dagbag.py:540} INFO - Filling up the DagBag from /home/airflow/.local/lib/python3.11/site-packages/airflow/example_dags/example_branch_datetime_operator.py
[2024-02-27T15:09:54.487+0000] {processor.py:840} INFO - DAG(s) 'example_branch_datetime_operator_2', 'example_branch_datetime_operator_3', 'example_branch_datetime_operator' retrieved from /home/airflow/.local/lib/python3.11/site-packages/airflow/example_dags/example_branch_datetime_operator.py
[2024-02-27T15:09:54.501+0000] {logging_mixin.py:188} INFO - [2024-02-27T15:09:54.501+0000] {dag.py:3047} INFO - Sync 3 DAGs
[2024-02-27T15:09:54.513+0000] {logging_mixin.py:188} INFO - [2024-02-27T15:09:54.513+0000] {dag.py:3834} INFO - Setting next_dagrun for example_branch_datetime_operator to 2024-02-26 00:00:00+00:00, run_after=2024-02-27 00:00:00+00:00
[2024-02-27T15:09:54.516+0000] {logging_mixin.py:188} INFO - [2024-02-27T15:09:54.516+0000] {dag.py:3834} INFO - Setting next_dagrun for example_branch_datetime_operator_2 to 2024-02-26 00:00:00+00:00, run_after=2024-02-27 00:00:00+00:00
[2024-02-27T15:09:54.518+0000] {logging_mixin.py:188} INFO - [2024-02-27T15:09:54.517+0000] {dag.py:3834} INFO - Setting next_dagrun for example_branch_datetime_operator_3 to 2024-02-26 00:00:00+00:00, run_after=2024-02-27 00:00:00+00:00
[2024-02-27T15:09:54.527+0000] {processor.py:183} INFO - Processing /home/airflow/.local/lib/python3.11/site-packages/airflow/example_dags/example_branch_datetime_operator.py took 0.050 seconds
[2024-02-27T15:10:25.515+0000] {processor.py:161} INFO - Started process (PID=686) to work on /home/airflow/.local/lib/python3.11/site-packages/airflow/example_dags/example_branch_datetime_operator.py
[2024-02-27T15:10:25.516+0000] {processor.py:830} INFO - Processing file /home/airflow/.local/lib/python3.11/site-packages/airflow/example_dags/example_branch_datetime_operator.py for tasks to queue
[2024-02-27T15:10:25.517+0000] {logging_mixin.py:188} INFO - [2024-02-27T15:10:25.517+0000] {dagbag.py:540} INFO - Filling up the DagBag from /home/airflow/.local/lib/python3.11/site-packages/airflow/example_dags/example_branch_datetime_operator.py
[2024-02-27T15:10:25.523+0000] {processor.py:840} INFO - DAG(s) 'example_branch_datetime_operator', 'example_branch_datetime_operator_2', 'example_branch_datetime_operator_3' retrieved from /home/airflow/.local/lib/python3.11/site-packages/airflow/example_dags/example_branch_datetime_operator.py
[2024-02-27T15:10:25.538+0000] {logging_mixin.py:188} INFO - [2024-02-27T15:10:25.538+0000] {dag.py:3047} INFO - Sync 3 DAGs
[2024-02-27T15:10:25.552+0000] {logging_mixin.py:188} INFO - [2024-02-27T15:10:25.552+0000] {dag.py:3834} INFO - Setting next_dagrun for example_branch_datetime_operator to 2024-02-26 00:00:00+00:00, run_after=2024-02-27 00:00:00+00:00
[2024-02-27T15:10:25.555+0000] {logging_mixin.py:188} INFO - [2024-02-27T15:10:25.555+0000] {dag.py:3834} INFO - Setting next_dagrun for example_branch_datetime_operator_2 to 2024-02-26 00:00:00+00:00, run_after=2024-02-27 00:00:00+00:00
[2024-02-27T15:10:25.558+0000] {logging_mixin.py:188} INFO - [2024-02-27T15:10:25.558+0000] {dag.py:3834} INFO - Setting next_dagrun for example_branch_datetime_operator_3 to 2024-02-26 00:00:00+00:00, run_after=2024-02-27 00:00:00+00:00
[2024-02-27T15:10:25.569+0000] {processor.py:183} INFO - Processing /home/airflow/.local/lib/python3.11/site-packages/airflow/example_dags/example_branch_datetime_operator.py took 0.056 seconds
[2024-02-27T15:10:55.625+0000] {processor.py:161} INFO - Started process (PID=741) to work on /home/airflow/.local/lib/python3.11/site-packages/airflow/example_dags/example_branch_datetime_operator.py
[2024-02-27T15:10:55.626+0000] {processor.py:830} INFO - Processing file /home/airflow/.local/lib/python3.11/site-packages/airflow/example_dags/example_branch_datetime_operator.py for tasks to queue
[2024-02-27T15:10:55.627+0000] {logging_mixin.py:188} INFO - [2024-02-27T15:10:55.627+0000] {dagbag.py:540} INFO - Filling up the DagBag from /home/airflow/.local/lib/python3.11/site-packages/airflow/example_dags/example_branch_datetime_operator.py
[2024-02-27T15:10:55.633+0000] {processor.py:840} INFO - DAG(s) 'example_branch_datetime_operator_3', 'example_branch_datetime_operator', 'example_branch_datetime_operator_2' retrieved from /home/airflow/.local/lib/python3.11/site-packages/airflow/example_dags/example_branch_datetime_operator.py
[2024-02-27T15:10:55.648+0000] {logging_mixin.py:188} INFO - [2024-02-27T15:10:55.648+0000] {dag.py:3047} INFO - Sync 3 DAGs
[2024-02-27T15:10:55.661+0000] {logging_mixin.py:188} INFO - [2024-02-27T15:10:55.661+0000] {dag.py:3834} INFO - Setting next_dagrun for example_branch_datetime_operator to 2024-02-26 00:00:00+00:00, run_after=2024-02-27 00:00:00+00:00
[2024-02-27T15:10:55.664+0000] {logging_mixin.py:188} INFO - [2024-02-27T15:10:55.664+0000] {dag.py:3834} INFO - Setting next_dagrun for example_branch_datetime_operator_2 to 2024-02-26 00:00:00+00:00, run_after=2024-02-27 00:00:00+00:00
[2024-02-27T15:10:55.666+0000] {logging_mixin.py:188} INFO - [2024-02-27T15:10:55.666+0000] {dag.py:3834} INFO - Setting next_dagrun for example_branch_datetime_operator_3 to 2024-02-26 00:00:00+00:00, run_after=2024-02-27 00:00:00+00:00
[2024-02-27T15:10:55.676+0000] {processor.py:183} INFO - Processing /home/airflow/.local/lib/python3.11/site-packages/airflow/example_dags/example_branch_datetime_operator.py took 0.053 seconds
[2024-02-27T15:11:25.956+0000] {processor.py:161} INFO - Started process (PID=796) to work on /home/airflow/.local/lib/python3.11/site-packages/airflow/example_dags/example_branch_datetime_operator.py
[2024-02-27T15:11:25.957+0000] {processor.py:830} INFO - Processing file /home/airflow/.local/lib/python3.11/site-packages/airflow/example_dags/example_branch_datetime_operator.py for tasks to queue
[2024-02-27T15:11:25.958+0000] {logging_mixin.py:188} INFO - [2024-02-27T15:11:25.958+0000] {dagbag.py:540} INFO - Filling up the DagBag from /home/airflow/.local/lib/python3.11/site-packages/airflow/example_dags/example_branch_datetime_operator.py
[2024-02-27T15:11:25.964+0000] {processor.py:840} INFO - DAG(s) 'example_branch_datetime_operator_3', 'example_branch_datetime_operator_2', 'example_branch_datetime_operator' retrieved from /home/airflow/.local/lib/python3.11/site-packages/airflow/example_dags/example_branch_datetime_operator.py
[2024-02-27T15:11:25.981+0000] {logging_mixin.py:188} INFO - [2024-02-27T15:11:25.981+0000] {dag.py:3047} INFO - Sync 3 DAGs
[2024-02-27T15:11:25.995+0000] {logging_mixin.py:188} INFO - [2024-02-27T15:11:25.995+0000] {dag.py:3834} INFO - Setting next_dagrun for example_branch_datetime_operator to 2024-02-26 00:00:00+00:00, run_after=2024-02-27 00:00:00+00:00
[2024-02-27T15:11:25.998+0000] {logging_mixin.py:188} INFO - [2024-02-27T15:11:25.998+0000] {dag.py:3834} INFO - Setting next_dagrun for example_branch_datetime_operator_2 to 2024-02-26 00:00:00+00:00, run_after=2024-02-27 00:00:00+00:00
[2024-02-27T15:11:26.000+0000] {logging_mixin.py:188} INFO - [2024-02-27T15:11:26.000+0000] {dag.py:3834} INFO - Setting next_dagrun for example_branch_datetime_operator_3 to 2024-02-26 00:00:00+00:00, run_after=2024-02-27 00:00:00+00:00
[2024-02-27T15:11:26.011+0000] {processor.py:183} INFO - Processing /home/airflow/.local/lib/python3.11/site-packages/airflow/example_dags/example_branch_datetime_operator.py took 0.057 seconds
[2024-02-27T15:11:56.070+0000] {processor.py:161} INFO - Started process (PID=852) to work on /home/airflow/.local/lib/python3.11/site-packages/airflow/example_dags/example_branch_datetime_operator.py
[2024-02-27T15:11:56.071+0000] {processor.py:830} INFO - Processing file /home/airflow/.local/lib/python3.11/site-packages/airflow/example_dags/example_branch_datetime_operator.py for tasks to queue
[2024-02-27T15:11:56.072+0000] {logging_mixin.py:188} INFO - [2024-02-27T15:11:56.072+0000] {dagbag.py:540} INFO - Filling up the DagBag from /home/airflow/.local/lib/python3.11/site-packages/airflow/example_dags/example_branch_datetime_operator.py
[2024-02-27T15:11:56.078+0000] {processor.py:840} INFO - DAG(s) 'example_branch_datetime_operator_3', 'example_branch_datetime_operator_2', 'example_branch_datetime_operator' retrieved from /home/airflow/.local/lib/python3.11/site-packages/airflow/example_dags/example_branch_datetime_operator.py
[2024-02-27T15:11:56.093+0000] {logging_mixin.py:188} INFO - [2024-02-27T15:11:56.093+0000] {dag.py:3047} INFO - Sync 3 DAGs
[2024-02-27T15:11:56.106+0000] {logging_mixin.py:188} INFO - [2024-02-27T15:11:56.106+0000] {dag.py:3834} INFO - Setting next_dagrun for example_branch_datetime_operator to 2024-02-26 00:00:00+00:00, run_after=2024-02-27 00:00:00+00:00
[2024-02-27T15:11:56.109+0000] {logging_mixin.py:188} INFO - [2024-02-27T15:11:56.109+0000] {dag.py:3834} INFO - Setting next_dagrun for example_branch_datetime_operator_2 to 2024-02-26 00:00:00+00:00, run_after=2024-02-27 00:00:00+00:00
[2024-02-27T15:11:56.111+0000] {logging_mixin.py:188} INFO - [2024-02-27T15:11:56.111+0000] {dag.py:3834} INFO - Setting next_dagrun for example_branch_datetime_operator_3 to 2024-02-26 00:00:00+00:00, run_after=2024-02-27 00:00:00+00:00
[2024-02-27T15:11:56.120+0000] {processor.py:183} INFO - Processing /home/airflow/.local/lib/python3.11/site-packages/airflow/example_dags/example_branch_datetime_operator.py took 0.052 seconds
[2024-02-27T15:12:26.178+0000] {processor.py:161} INFO - Started process (PID=906) to work on /home/airflow/.local/lib/python3.11/site-packages/airflow/example_dags/example_branch_datetime_operator.py
[2024-02-27T15:12:26.179+0000] {processor.py:830} INFO - Processing file /home/airflow/.local/lib/python3.11/site-packages/airflow/example_dags/example_branch_datetime_operator.py for tasks to queue
[2024-02-27T15:12:26.180+0000] {logging_mixin.py:188} INFO - [2024-02-27T15:12:26.180+0000] {dagbag.py:540} INFO - Filling up the DagBag from /home/airflow/.local/lib/python3.11/site-packages/airflow/example_dags/example_branch_datetime_operator.py
[2024-02-27T15:12:26.186+0000] {processor.py:840} INFO - DAG(s) 'example_branch_datetime_operator', 'example_branch_datetime_operator_2', 'example_branch_datetime_operator_3' retrieved from /home/airflow/.local/lib/python3.11/site-packages/airflow/example_dags/example_branch_datetime_operator.py
[2024-02-27T15:12:26.201+0000] {logging_mixin.py:188} INFO - [2024-02-27T15:12:26.201+0000] {dag.py:3047} INFO - Sync 3 DAGs
[2024-02-27T15:12:26.213+0000] {logging_mixin.py:188} INFO - [2024-02-27T15:12:26.213+0000] {dag.py:3834} INFO - Setting next_dagrun for example_branch_datetime_operator to 2024-02-26 00:00:00+00:00, run_after=2024-02-27 00:00:00+00:00
[2024-02-27T15:12:26.216+0000] {logging_mixin.py:188} INFO - [2024-02-27T15:12:26.216+0000] {dag.py:3834} INFO - Setting next_dagrun for example_branch_datetime_operator_2 to 2024-02-26 00:00:00+00:00, run_after=2024-02-27 00:00:00+00:00
[2024-02-27T15:12:26.218+0000] {logging_mixin.py:188} INFO - [2024-02-27T15:12:26.217+0000] {dag.py:3834} INFO - Setting next_dagrun for example_branch_datetime_operator_3 to 2024-02-26 00:00:00+00:00, run_after=2024-02-27 00:00:00+00:00
[2024-02-27T15:12:26.228+0000] {processor.py:183} INFO - Processing /home/airflow/.local/lib/python3.11/site-packages/airflow/example_dags/example_branch_datetime_operator.py took 0.051 seconds
[2024-02-27T15:12:56.296+0000] {processor.py:161} INFO - Started process (PID=961) to work on /home/airflow/.local/lib/python3.11/site-packages/airflow/example_dags/example_branch_datetime_operator.py
[2024-02-27T15:12:56.296+0000] {processor.py:830} INFO - Processing file /home/airflow/.local/lib/python3.11/site-packages/airflow/example_dags/example_branch_datetime_operator.py for tasks to queue
[2024-02-27T15:12:56.298+0000] {logging_mixin.py:188} INFO - [2024-02-27T15:12:56.297+0000] {dagbag.py:540} INFO - Filling up the DagBag from /home/airflow/.local/lib/python3.11/site-packages/airflow/example_dags/example_branch_datetime_operator.py
[2024-02-27T15:12:56.305+0000] {processor.py:840} INFO - DAG(s) 'example_branch_datetime_operator', 'example_branch_datetime_operator_2', 'example_branch_datetime_operator_3' retrieved from /home/airflow/.local/lib/python3.11/site-packages/airflow/example_dags/example_branch_datetime_operator.py
[2024-02-27T15:12:56.320+0000] {logging_mixin.py:188} INFO - [2024-02-27T15:12:56.320+0000] {dag.py:3047} INFO - Sync 3 DAGs
[2024-02-27T15:12:56.333+0000] {logging_mixin.py:188} INFO - [2024-02-27T15:12:56.333+0000] {dag.py:3834} INFO - Setting next_dagrun for example_branch_datetime_operator to 2024-02-26 00:00:00+00:00, run_after=2024-02-27 00:00:00+00:00
[2024-02-27T15:12:56.336+0000] {logging_mixin.py:188} INFO - [2024-02-27T15:12:56.336+0000] {dag.py:3834} INFO - Setting next_dagrun for example_branch_datetime_operator_2 to 2024-02-26 00:00:00+00:00, run_after=2024-02-27 00:00:00+00:00
[2024-02-27T15:12:56.337+0000] {logging_mixin.py:188} INFO - [2024-02-27T15:12:56.337+0000] {dag.py:3834} INFO - Setting next_dagrun for example_branch_datetime_operator_3 to 2024-02-26 00:00:00+00:00, run_after=2024-02-27 00:00:00+00:00
[2024-02-27T15:12:56.348+0000] {processor.py:183} INFO - Processing /home/airflow/.local/lib/python3.11/site-packages/airflow/example_dags/example_branch_datetime_operator.py took 0.055 seconds
[2024-02-27T15:20:40.404+0000] {processor.py:161} INFO - Started process (PID=81) to work on /home/airflow/.local/lib/python3.11/site-packages/airflow/example_dags/example_branch_datetime_operator.py
[2024-02-27T15:20:40.404+0000] {processor.py:830} INFO - Processing file /home/airflow/.local/lib/python3.11/site-packages/airflow/example_dags/example_branch_datetime_operator.py for tasks to queue
[2024-02-27T15:20:40.406+0000] {logging_mixin.py:188} INFO - [2024-02-27T15:20:40.405+0000] {dagbag.py:540} INFO - Filling up the DagBag from /home/airflow/.local/lib/python3.11/site-packages/airflow/example_dags/example_branch_datetime_operator.py
[2024-02-27T15:20:40.412+0000] {processor.py:840} INFO - DAG(s) 'example_branch_datetime_operator', 'example_branch_datetime_operator_3', 'example_branch_datetime_operator_2' retrieved from /home/airflow/.local/lib/python3.11/site-packages/airflow/example_dags/example_branch_datetime_operator.py
[2024-02-27T15:20:40.434+0000] {logging_mixin.py:188} INFO - [2024-02-27T15:20:40.434+0000] {dag.py:3047} INFO - Sync 3 DAGs
[2024-02-27T15:20:40.456+0000] {logging_mixin.py:188} INFO - [2024-02-27T15:20:40.456+0000] {dag.py:3834} INFO - Setting next_dagrun for example_branch_datetime_operator to 2024-02-26 00:00:00+00:00, run_after=2024-02-27 00:00:00+00:00
[2024-02-27T15:20:40.461+0000] {logging_mixin.py:188} INFO - [2024-02-27T15:20:40.460+0000] {dag.py:3834} INFO - Setting next_dagrun for example_branch_datetime_operator_2 to 2024-02-26 00:00:00+00:00, run_after=2024-02-27 00:00:00+00:00
[2024-02-27T15:20:40.462+0000] {logging_mixin.py:188} INFO - [2024-02-27T15:20:40.462+0000] {dag.py:3834} INFO - Setting next_dagrun for example_branch_datetime_operator_3 to 2024-02-26 00:00:00+00:00, run_after=2024-02-27 00:00:00+00:00
[2024-02-27T15:20:40.476+0000] {processor.py:183} INFO - Processing /home/airflow/.local/lib/python3.11/site-packages/airflow/example_dags/example_branch_datetime_operator.py took 0.074 seconds
[2024-02-27T15:21:11.623+0000] {processor.py:161} INFO - Started process (PID=136) to work on /home/airflow/.local/lib/python3.11/site-packages/airflow/example_dags/example_branch_datetime_operator.py
[2024-02-27T15:21:11.624+0000] {processor.py:830} INFO - Processing file /home/airflow/.local/lib/python3.11/site-packages/airflow/example_dags/example_branch_datetime_operator.py for tasks to queue
[2024-02-27T15:21:11.625+0000] {logging_mixin.py:188} INFO - [2024-02-27T15:21:11.625+0000] {dagbag.py:540} INFO - Filling up the DagBag from /home/airflow/.local/lib/python3.11/site-packages/airflow/example_dags/example_branch_datetime_operator.py
[2024-02-27T15:21:11.632+0000] {processor.py:840} INFO - DAG(s) 'example_branch_datetime_operator', 'example_branch_datetime_operator_3', 'example_branch_datetime_operator_2' retrieved from /home/airflow/.local/lib/python3.11/site-packages/airflow/example_dags/example_branch_datetime_operator.py
[2024-02-27T15:21:11.720+0000] {logging_mixin.py:188} INFO - [2024-02-27T15:21:11.720+0000] {dag.py:3047} INFO - Sync 3 DAGs
[2024-02-27T15:21:11.742+0000] {logging_mixin.py:188} INFO - [2024-02-27T15:21:11.742+0000] {dag.py:3834} INFO - Setting next_dagrun for example_branch_datetime_operator to 2024-02-26 00:00:00+00:00, run_after=2024-02-27 00:00:00+00:00
[2024-02-27T15:21:11.747+0000] {logging_mixin.py:188} INFO - [2024-02-27T15:21:11.747+0000] {dag.py:3834} INFO - Setting next_dagrun for example_branch_datetime_operator_2 to 2024-02-26 00:00:00+00:00, run_after=2024-02-27 00:00:00+00:00
[2024-02-27T15:21:11.748+0000] {logging_mixin.py:188} INFO - [2024-02-27T15:21:11.748+0000] {dag.py:3834} INFO - Setting next_dagrun for example_branch_datetime_operator_3 to 2024-02-26 00:00:00+00:00, run_after=2024-02-27 00:00:00+00:00
[2024-02-27T15:21:11.764+0000] {processor.py:183} INFO - Processing /home/airflow/.local/lib/python3.11/site-packages/airflow/example_dags/example_branch_datetime_operator.py took 0.143 seconds
