[2024-02-27T15:04:49.545+0000] {processor.py:161} INFO - Started process (PID=71) to work on /home/airflow/.local/lib/python3.11/site-packages/airflow/example_dags/example_latest_only_with_trigger.py
[2024-02-27T15:04:49.546+0000] {processor.py:830} INFO - Processing file /home/airflow/.local/lib/python3.11/site-packages/airflow/example_dags/example_latest_only_with_trigger.py for tasks to queue
[2024-02-27T15:04:49.548+0000] {logging_mixin.py:188} INFO - [2024-02-27T15:04:49.548+0000] {dagbag.py:540} INFO - Filling up the DagBag from /home/airflow/.local/lib/python3.11/site-packages/airflow/example_dags/example_latest_only_with_trigger.py
[2024-02-27T15:04:49.553+0000] {processor.py:840} INFO - DAG(s) 'latest_only_with_trigger' retrieved from /home/airflow/.local/lib/python3.11/site-packages/airflow/example_dags/example_latest_only_with_trigger.py
[2024-02-27T15:04:49.559+0000] {logging_mixin.py:188} INFO - [2024-02-27T15:04:49.559+0000] {dag.py:3047} INFO - Sync 1 DAGs
[2024-02-27T15:04:49.572+0000] {logging_mixin.py:188} INFO - [2024-02-27T15:04:49.572+0000] {dag.py:3834} INFO - Setting next_dagrun for latest_only_with_trigger to 2024-02-27 08:00:00+00:00, run_after=2024-02-27 12:00:00+00:00
[2024-02-27T15:04:49.584+0000] {processor.py:183} INFO - Processing /home/airflow/.local/lib/python3.11/site-packages/airflow/example_dags/example_latest_only_with_trigger.py took 0.040 seconds
[2024-02-27T15:05:20.199+0000] {processor.py:161} INFO - Started process (PID=126) to work on /home/airflow/.local/lib/python3.11/site-packages/airflow/example_dags/example_latest_only_with_trigger.py
[2024-02-27T15:05:20.199+0000] {processor.py:830} INFO - Processing file /home/airflow/.local/lib/python3.11/site-packages/airflow/example_dags/example_latest_only_with_trigger.py for tasks to queue
[2024-02-27T15:05:20.201+0000] {logging_mixin.py:188} INFO - [2024-02-27T15:05:20.200+0000] {dagbag.py:540} INFO - Filling up the DagBag from /home/airflow/.local/lib/python3.11/site-packages/airflow/example_dags/example_latest_only_with_trigger.py
[2024-02-27T15:05:20.204+0000] {processor.py:840} INFO - DAG(s) 'latest_only_with_trigger' retrieved from /home/airflow/.local/lib/python3.11/site-packages/airflow/example_dags/example_latest_only_with_trigger.py
[2024-02-27T15:05:20.258+0000] {logging_mixin.py:188} INFO - [2024-02-27T15:05:20.258+0000] {dag.py:3047} INFO - Sync 1 DAGs
[2024-02-27T15:05:20.268+0000] {logging_mixin.py:188} INFO - [2024-02-27T15:05:20.268+0000] {dag.py:3834} INFO - Setting next_dagrun for latest_only_with_trigger to 2024-02-27 08:00:00+00:00, run_after=2024-02-27 12:00:00+00:00
[2024-02-27T15:05:20.279+0000] {processor.py:183} INFO - Processing /home/airflow/.local/lib/python3.11/site-packages/airflow/example_dags/example_latest_only_with_trigger.py took 0.082 seconds
[2024-02-27T15:05:50.318+0000] {processor.py:161} INFO - Started process (PID=181) to work on /home/airflow/.local/lib/python3.11/site-packages/airflow/example_dags/example_latest_only_with_trigger.py
[2024-02-27T15:05:50.319+0000] {processor.py:830} INFO - Processing file /home/airflow/.local/lib/python3.11/site-packages/airflow/example_dags/example_latest_only_with_trigger.py for tasks to queue
[2024-02-27T15:05:50.320+0000] {logging_mixin.py:188} INFO - [2024-02-27T15:05:50.320+0000] {dagbag.py:540} INFO - Filling up the DagBag from /home/airflow/.local/lib/python3.11/site-packages/airflow/example_dags/example_latest_only_with_trigger.py
[2024-02-27T15:05:50.323+0000] {processor.py:840} INFO - DAG(s) 'latest_only_with_trigger' retrieved from /home/airflow/.local/lib/python3.11/site-packages/airflow/example_dags/example_latest_only_with_trigger.py
[2024-02-27T15:05:50.335+0000] {logging_mixin.py:188} INFO - [2024-02-27T15:05:50.335+0000] {dag.py:3047} INFO - Sync 1 DAGs
[2024-02-27T15:05:50.347+0000] {logging_mixin.py:188} INFO - [2024-02-27T15:05:50.347+0000] {dag.py:3834} INFO - Setting next_dagrun for latest_only_with_trigger to 2024-02-27 08:00:00+00:00, run_after=2024-02-27 12:00:00+00:00
[2024-02-27T15:05:50.359+0000] {processor.py:183} INFO - Processing /home/airflow/.local/lib/python3.11/site-packages/airflow/example_dags/example_latest_only_with_trigger.py took 0.043 seconds
[2024-02-27T15:06:21.042+0000] {processor.py:161} INFO - Started process (PID=236) to work on /home/airflow/.local/lib/python3.11/site-packages/airflow/example_dags/example_latest_only_with_trigger.py
[2024-02-27T15:06:21.044+0000] {processor.py:830} INFO - Processing file /home/airflow/.local/lib/python3.11/site-packages/airflow/example_dags/example_latest_only_with_trigger.py for tasks to queue
[2024-02-27T15:06:21.046+0000] {logging_mixin.py:188} INFO - [2024-02-27T15:06:21.046+0000] {dagbag.py:540} INFO - Filling up the DagBag from /home/airflow/.local/lib/python3.11/site-packages/airflow/example_dags/example_latest_only_with_trigger.py
[2024-02-27T15:06:21.050+0000] {processor.py:840} INFO - DAG(s) 'latest_only_with_trigger' retrieved from /home/airflow/.local/lib/python3.11/site-packages/airflow/example_dags/example_latest_only_with_trigger.py
[2024-02-27T15:06:21.062+0000] {logging_mixin.py:188} INFO - [2024-02-27T15:06:21.062+0000] {dag.py:3047} INFO - Sync 1 DAGs
[2024-02-27T15:06:21.076+0000] {logging_mixin.py:188} INFO - [2024-02-27T15:06:21.076+0000] {dag.py:3834} INFO - Setting next_dagrun for latest_only_with_trigger to 2024-02-27 08:00:00+00:00, run_after=2024-02-27 12:00:00+00:00
[2024-02-27T15:06:21.087+0000] {processor.py:183} INFO - Processing /home/airflow/.local/lib/python3.11/site-packages/airflow/example_dags/example_latest_only_with_trigger.py took 0.047 seconds
[2024-02-27T15:06:52.113+0000] {processor.py:161} INFO - Started process (PID=291) to work on /home/airflow/.local/lib/python3.11/site-packages/airflow/example_dags/example_latest_only_with_trigger.py
[2024-02-27T15:06:52.113+0000] {processor.py:830} INFO - Processing file /home/airflow/.local/lib/python3.11/site-packages/airflow/example_dags/example_latest_only_with_trigger.py for tasks to queue
[2024-02-27T15:06:52.115+0000] {logging_mixin.py:188} INFO - [2024-02-27T15:06:52.115+0000] {dagbag.py:540} INFO - Filling up the DagBag from /home/airflow/.local/lib/python3.11/site-packages/airflow/example_dags/example_latest_only_with_trigger.py
[2024-02-27T15:06:52.119+0000] {processor.py:840} INFO - DAG(s) 'latest_only_with_trigger' retrieved from /home/airflow/.local/lib/python3.11/site-packages/airflow/example_dags/example_latest_only_with_trigger.py
[2024-02-27T15:06:52.131+0000] {logging_mixin.py:188} INFO - [2024-02-27T15:06:52.131+0000] {dag.py:3047} INFO - Sync 1 DAGs
[2024-02-27T15:06:52.146+0000] {logging_mixin.py:188} INFO - [2024-02-27T15:06:52.146+0000] {dag.py:3834} INFO - Setting next_dagrun for latest_only_with_trigger to 2024-02-27 08:00:00+00:00, run_after=2024-02-27 12:00:00+00:00
[2024-02-27T15:06:52.159+0000] {processor.py:183} INFO - Processing /home/airflow/.local/lib/python3.11/site-packages/airflow/example_dags/example_latest_only_with_trigger.py took 0.048 seconds
[2024-02-27T15:07:22.446+0000] {processor.py:161} INFO - Started process (PID=346) to work on /home/airflow/.local/lib/python3.11/site-packages/airflow/example_dags/example_latest_only_with_trigger.py
[2024-02-27T15:07:22.446+0000] {processor.py:830} INFO - Processing file /home/airflow/.local/lib/python3.11/site-packages/airflow/example_dags/example_latest_only_with_trigger.py for tasks to queue
[2024-02-27T15:07:22.448+0000] {logging_mixin.py:188} INFO - [2024-02-27T15:07:22.448+0000] {dagbag.py:540} INFO - Filling up the DagBag from /home/airflow/.local/lib/python3.11/site-packages/airflow/example_dags/example_latest_only_with_trigger.py
[2024-02-27T15:07:22.451+0000] {processor.py:840} INFO - DAG(s) 'latest_only_with_trigger' retrieved from /home/airflow/.local/lib/python3.11/site-packages/airflow/example_dags/example_latest_only_with_trigger.py
[2024-02-27T15:07:22.463+0000] {logging_mixin.py:188} INFO - [2024-02-27T15:07:22.463+0000] {dag.py:3047} INFO - Sync 1 DAGs
[2024-02-27T15:07:22.475+0000] {logging_mixin.py:188} INFO - [2024-02-27T15:07:22.474+0000] {dag.py:3834} INFO - Setting next_dagrun for latest_only_with_trigger to 2024-02-27 08:00:00+00:00, run_after=2024-02-27 12:00:00+00:00
[2024-02-27T15:07:22.485+0000] {processor.py:183} INFO - Processing /home/airflow/.local/lib/python3.11/site-packages/airflow/example_dags/example_latest_only_with_trigger.py took 0.041 seconds
[2024-02-27T15:07:52.536+0000] {processor.py:161} INFO - Started process (PID=401) to work on /home/airflow/.local/lib/python3.11/site-packages/airflow/example_dags/example_latest_only_with_trigger.py
[2024-02-27T15:07:52.536+0000] {processor.py:830} INFO - Processing file /home/airflow/.local/lib/python3.11/site-packages/airflow/example_dags/example_latest_only_with_trigger.py for tasks to queue
[2024-02-27T15:07:52.538+0000] {logging_mixin.py:188} INFO - [2024-02-27T15:07:52.538+0000] {dagbag.py:540} INFO - Filling up the DagBag from /home/airflow/.local/lib/python3.11/site-packages/airflow/example_dags/example_latest_only_with_trigger.py
[2024-02-27T15:07:52.541+0000] {processor.py:840} INFO - DAG(s) 'latest_only_with_trigger' retrieved from /home/airflow/.local/lib/python3.11/site-packages/airflow/example_dags/example_latest_only_with_trigger.py
[2024-02-27T15:07:52.552+0000] {logging_mixin.py:188} INFO - [2024-02-27T15:07:52.552+0000] {dag.py:3047} INFO - Sync 1 DAGs
[2024-02-27T15:07:52.564+0000] {logging_mixin.py:188} INFO - [2024-02-27T15:07:52.564+0000] {dag.py:3834} INFO - Setting next_dagrun for latest_only_with_trigger to 2024-02-27 08:00:00+00:00, run_after=2024-02-27 12:00:00+00:00
[2024-02-27T15:07:52.574+0000] {processor.py:183} INFO - Processing /home/airflow/.local/lib/python3.11/site-packages/airflow/example_dags/example_latest_only_with_trigger.py took 0.040 seconds
[2024-02-27T15:08:22.631+0000] {processor.py:161} INFO - Started process (PID=456) to work on /home/airflow/.local/lib/python3.11/site-packages/airflow/example_dags/example_latest_only_with_trigger.py
[2024-02-27T15:08:22.632+0000] {processor.py:830} INFO - Processing file /home/airflow/.local/lib/python3.11/site-packages/airflow/example_dags/example_latest_only_with_trigger.py for tasks to queue
[2024-02-27T15:08:22.633+0000] {logging_mixin.py:188} INFO - [2024-02-27T15:08:22.633+0000] {dagbag.py:540} INFO - Filling up the DagBag from /home/airflow/.local/lib/python3.11/site-packages/airflow/example_dags/example_latest_only_with_trigger.py
[2024-02-27T15:08:22.636+0000] {processor.py:840} INFO - DAG(s) 'latest_only_with_trigger' retrieved from /home/airflow/.local/lib/python3.11/site-packages/airflow/example_dags/example_latest_only_with_trigger.py
[2024-02-27T15:08:22.648+0000] {logging_mixin.py:188} INFO - [2024-02-27T15:08:22.647+0000] {dag.py:3047} INFO - Sync 1 DAGs
[2024-02-27T15:08:22.659+0000] {logging_mixin.py:188} INFO - [2024-02-27T15:08:22.659+0000] {dag.py:3834} INFO - Setting next_dagrun for latest_only_with_trigger to 2024-02-27 08:00:00+00:00, run_after=2024-02-27 12:00:00+00:00
[2024-02-27T15:08:22.669+0000] {processor.py:183} INFO - Processing /home/airflow/.local/lib/python3.11/site-packages/airflow/example_dags/example_latest_only_with_trigger.py took 0.041 seconds
[2024-02-27T15:08:52.723+0000] {processor.py:161} INFO - Started process (PID=511) to work on /home/airflow/.local/lib/python3.11/site-packages/airflow/example_dags/example_latest_only_with_trigger.py
[2024-02-27T15:08:52.723+0000] {processor.py:830} INFO - Processing file /home/airflow/.local/lib/python3.11/site-packages/airflow/example_dags/example_latest_only_with_trigger.py for tasks to queue
[2024-02-27T15:08:52.725+0000] {logging_mixin.py:188} INFO - [2024-02-27T15:08:52.724+0000] {dagbag.py:540} INFO - Filling up the DagBag from /home/airflow/.local/lib/python3.11/site-packages/airflow/example_dags/example_latest_only_with_trigger.py
[2024-02-27T15:08:52.728+0000] {processor.py:840} INFO - DAG(s) 'latest_only_with_trigger' retrieved from /home/airflow/.local/lib/python3.11/site-packages/airflow/example_dags/example_latest_only_with_trigger.py
[2024-02-27T15:08:52.740+0000] {logging_mixin.py:188} INFO - [2024-02-27T15:08:52.740+0000] {dag.py:3047} INFO - Sync 1 DAGs
[2024-02-27T15:08:52.752+0000] {logging_mixin.py:188} INFO - [2024-02-27T15:08:52.752+0000] {dag.py:3834} INFO - Setting next_dagrun for latest_only_with_trigger to 2024-02-27 08:00:00+00:00, run_after=2024-02-27 12:00:00+00:00
[2024-02-27T15:08:52.762+0000] {processor.py:183} INFO - Processing /home/airflow/.local/lib/python3.11/site-packages/airflow/example_dags/example_latest_only_with_trigger.py took 0.041 seconds
[2024-02-27T15:09:23.022+0000] {processor.py:161} INFO - Started process (PID=566) to work on /home/airflow/.local/lib/python3.11/site-packages/airflow/example_dags/example_latest_only_with_trigger.py
[2024-02-27T15:09:23.024+0000] {processor.py:830} INFO - Processing file /home/airflow/.local/lib/python3.11/site-packages/airflow/example_dags/example_latest_only_with_trigger.py for tasks to queue
[2024-02-27T15:09:23.026+0000] {logging_mixin.py:188} INFO - [2024-02-27T15:09:23.026+0000] {dagbag.py:540} INFO - Filling up the DagBag from /home/airflow/.local/lib/python3.11/site-packages/airflow/example_dags/example_latest_only_with_trigger.py
[2024-02-27T15:09:23.030+0000] {processor.py:840} INFO - DAG(s) 'latest_only_with_trigger' retrieved from /home/airflow/.local/lib/python3.11/site-packages/airflow/example_dags/example_latest_only_with_trigger.py
[2024-02-27T15:09:23.042+0000] {logging_mixin.py:188} INFO - [2024-02-27T15:09:23.042+0000] {dag.py:3047} INFO - Sync 1 DAGs
[2024-02-27T15:09:23.054+0000] {logging_mixin.py:188} INFO - [2024-02-27T15:09:23.054+0000] {dag.py:3834} INFO - Setting next_dagrun for latest_only_with_trigger to 2024-02-27 08:00:00+00:00, run_after=2024-02-27 12:00:00+00:00
[2024-02-27T15:09:23.065+0000] {processor.py:183} INFO - Processing /home/airflow/.local/lib/python3.11/site-packages/airflow/example_dags/example_latest_only_with_trigger.py took 0.044 seconds
[2024-02-27T15:09:53.123+0000] {processor.py:161} INFO - Started process (PID=621) to work on /home/airflow/.local/lib/python3.11/site-packages/airflow/example_dags/example_latest_only_with_trigger.py
[2024-02-27T15:09:53.124+0000] {processor.py:830} INFO - Processing file /home/airflow/.local/lib/python3.11/site-packages/airflow/example_dags/example_latest_only_with_trigger.py for tasks to queue
[2024-02-27T15:09:53.125+0000] {logging_mixin.py:188} INFO - [2024-02-27T15:09:53.125+0000] {dagbag.py:540} INFO - Filling up the DagBag from /home/airflow/.local/lib/python3.11/site-packages/airflow/example_dags/example_latest_only_with_trigger.py
[2024-02-27T15:09:53.129+0000] {processor.py:840} INFO - DAG(s) 'latest_only_with_trigger' retrieved from /home/airflow/.local/lib/python3.11/site-packages/airflow/example_dags/example_latest_only_with_trigger.py
[2024-02-27T15:09:53.141+0000] {logging_mixin.py:188} INFO - [2024-02-27T15:09:53.141+0000] {dag.py:3047} INFO - Sync 1 DAGs
[2024-02-27T15:09:53.154+0000] {logging_mixin.py:188} INFO - [2024-02-27T15:09:53.154+0000] {dag.py:3834} INFO - Setting next_dagrun for latest_only_with_trigger to 2024-02-27 08:00:00+00:00, run_after=2024-02-27 12:00:00+00:00
[2024-02-27T15:09:53.166+0000] {processor.py:183} INFO - Processing /home/airflow/.local/lib/python3.11/site-packages/airflow/example_dags/example_latest_only_with_trigger.py took 0.045 seconds
[2024-02-27T15:10:23.221+0000] {processor.py:161} INFO - Started process (PID=676) to work on /home/airflow/.local/lib/python3.11/site-packages/airflow/example_dags/example_latest_only_with_trigger.py
[2024-02-27T15:10:23.222+0000] {processor.py:830} INFO - Processing file /home/airflow/.local/lib/python3.11/site-packages/airflow/example_dags/example_latest_only_with_trigger.py for tasks to queue
[2024-02-27T15:10:23.223+0000] {logging_mixin.py:188} INFO - [2024-02-27T15:10:23.223+0000] {dagbag.py:540} INFO - Filling up the DagBag from /home/airflow/.local/lib/python3.11/site-packages/airflow/example_dags/example_latest_only_with_trigger.py
[2024-02-27T15:10:23.227+0000] {processor.py:840} INFO - DAG(s) 'latest_only_with_trigger' retrieved from /home/airflow/.local/lib/python3.11/site-packages/airflow/example_dags/example_latest_only_with_trigger.py
[2024-02-27T15:10:23.239+0000] {logging_mixin.py:188} INFO - [2024-02-27T15:10:23.239+0000] {dag.py:3047} INFO - Sync 1 DAGs
[2024-02-27T15:10:23.260+0000] {logging_mixin.py:188} INFO - [2024-02-27T15:10:23.260+0000] {dag.py:3834} INFO - Setting next_dagrun for latest_only_with_trigger to 2024-02-27 08:00:00+00:00, run_after=2024-02-27 12:00:00+00:00
[2024-02-27T15:10:23.273+0000] {processor.py:183} INFO - Processing /home/airflow/.local/lib/python3.11/site-packages/airflow/example_dags/example_latest_only_with_trigger.py took 0.054 seconds
[2024-02-27T15:10:54.236+0000] {processor.py:161} INFO - Started process (PID=731) to work on /home/airflow/.local/lib/python3.11/site-packages/airflow/example_dags/example_latest_only_with_trigger.py
[2024-02-27T15:10:54.237+0000] {processor.py:830} INFO - Processing file /home/airflow/.local/lib/python3.11/site-packages/airflow/example_dags/example_latest_only_with_trigger.py for tasks to queue
[2024-02-27T15:10:54.239+0000] {logging_mixin.py:188} INFO - [2024-02-27T15:10:54.238+0000] {dagbag.py:540} INFO - Filling up the DagBag from /home/airflow/.local/lib/python3.11/site-packages/airflow/example_dags/example_latest_only_with_trigger.py
[2024-02-27T15:10:54.242+0000] {processor.py:840} INFO - DAG(s) 'latest_only_with_trigger' retrieved from /home/airflow/.local/lib/python3.11/site-packages/airflow/example_dags/example_latest_only_with_trigger.py
[2024-02-27T15:10:54.255+0000] {logging_mixin.py:188} INFO - [2024-02-27T15:10:54.255+0000] {dag.py:3047} INFO - Sync 1 DAGs
[2024-02-27T15:10:54.268+0000] {logging_mixin.py:188} INFO - [2024-02-27T15:10:54.268+0000] {dag.py:3834} INFO - Setting next_dagrun for latest_only_with_trigger to 2024-02-27 08:00:00+00:00, run_after=2024-02-27 12:00:00+00:00
[2024-02-27T15:10:54.280+0000] {processor.py:183} INFO - Processing /home/airflow/.local/lib/python3.11/site-packages/airflow/example_dags/example_latest_only_with_trigger.py took 0.046 seconds
[2024-02-27T15:11:24.542+0000] {processor.py:161} INFO - Started process (PID=786) to work on /home/airflow/.local/lib/python3.11/site-packages/airflow/example_dags/example_latest_only_with_trigger.py
[2024-02-27T15:11:24.542+0000] {processor.py:830} INFO - Processing file /home/airflow/.local/lib/python3.11/site-packages/airflow/example_dags/example_latest_only_with_trigger.py for tasks to queue
[2024-02-27T15:11:24.544+0000] {logging_mixin.py:188} INFO - [2024-02-27T15:11:24.543+0000] {dagbag.py:540} INFO - Filling up the DagBag from /home/airflow/.local/lib/python3.11/site-packages/airflow/example_dags/example_latest_only_with_trigger.py
[2024-02-27T15:11:24.547+0000] {processor.py:840} INFO - DAG(s) 'latest_only_with_trigger' retrieved from /home/airflow/.local/lib/python3.11/site-packages/airflow/example_dags/example_latest_only_with_trigger.py
[2024-02-27T15:11:24.558+0000] {logging_mixin.py:188} INFO - [2024-02-27T15:11:24.558+0000] {dag.py:3047} INFO - Sync 1 DAGs
[2024-02-27T15:11:24.570+0000] {logging_mixin.py:188} INFO - [2024-02-27T15:11:24.570+0000] {dag.py:3834} INFO - Setting next_dagrun for latest_only_with_trigger to 2024-02-27 08:00:00+00:00, run_after=2024-02-27 12:00:00+00:00
[2024-02-27T15:11:24.583+0000] {processor.py:183} INFO - Processing /home/airflow/.local/lib/python3.11/site-packages/airflow/example_dags/example_latest_only_with_trigger.py took 0.043 seconds
[2024-02-27T15:11:54.618+0000] {processor.py:161} INFO - Started process (PID=842) to work on /home/airflow/.local/lib/python3.11/site-packages/airflow/example_dags/example_latest_only_with_trigger.py
[2024-02-27T15:11:54.618+0000] {processor.py:830} INFO - Processing file /home/airflow/.local/lib/python3.11/site-packages/airflow/example_dags/example_latest_only_with_trigger.py for tasks to queue
[2024-02-27T15:11:54.620+0000] {logging_mixin.py:188} INFO - [2024-02-27T15:11:54.620+0000] {dagbag.py:540} INFO - Filling up the DagBag from /home/airflow/.local/lib/python3.11/site-packages/airflow/example_dags/example_latest_only_with_trigger.py
[2024-02-27T15:11:54.623+0000] {processor.py:840} INFO - DAG(s) 'latest_only_with_trigger' retrieved from /home/airflow/.local/lib/python3.11/site-packages/airflow/example_dags/example_latest_only_with_trigger.py
[2024-02-27T15:11:54.635+0000] {logging_mixin.py:188} INFO - [2024-02-27T15:11:54.635+0000] {dag.py:3047} INFO - Sync 1 DAGs
[2024-02-27T15:11:54.647+0000] {logging_mixin.py:188} INFO - [2024-02-27T15:11:54.647+0000] {dag.py:3834} INFO - Setting next_dagrun for latest_only_with_trigger to 2024-02-27 08:00:00+00:00, run_after=2024-02-27 12:00:00+00:00
[2024-02-27T15:11:54.659+0000] {processor.py:183} INFO - Processing /home/airflow/.local/lib/python3.11/site-packages/airflow/example_dags/example_latest_only_with_trigger.py took 0.043 seconds
[2024-02-27T15:12:24.839+0000] {processor.py:161} INFO - Started process (PID=897) to work on /home/airflow/.local/lib/python3.11/site-packages/airflow/example_dags/example_latest_only_with_trigger.py
[2024-02-27T15:12:24.840+0000] {processor.py:830} INFO - Processing file /home/airflow/.local/lib/python3.11/site-packages/airflow/example_dags/example_latest_only_with_trigger.py for tasks to queue
[2024-02-27T15:12:24.841+0000] {logging_mixin.py:188} INFO - [2024-02-27T15:12:24.841+0000] {dagbag.py:540} INFO - Filling up the DagBag from /home/airflow/.local/lib/python3.11/site-packages/airflow/example_dags/example_latest_only_with_trigger.py
[2024-02-27T15:12:24.844+0000] {processor.py:840} INFO - DAG(s) 'latest_only_with_trigger' retrieved from /home/airflow/.local/lib/python3.11/site-packages/airflow/example_dags/example_latest_only_with_trigger.py
[2024-02-27T15:12:24.856+0000] {logging_mixin.py:188} INFO - [2024-02-27T15:12:24.856+0000] {dag.py:3047} INFO - Sync 1 DAGs
[2024-02-27T15:12:24.868+0000] {logging_mixin.py:188} INFO - [2024-02-27T15:12:24.868+0000] {dag.py:3834} INFO - Setting next_dagrun for latest_only_with_trigger to 2024-02-27 08:00:00+00:00, run_after=2024-02-27 12:00:00+00:00
[2024-02-27T15:12:24.880+0000] {processor.py:183} INFO - Processing /home/airflow/.local/lib/python3.11/site-packages/airflow/example_dags/example_latest_only_with_trigger.py took 0.042 seconds
[2024-02-27T15:12:54.919+0000] {processor.py:161} INFO - Started process (PID=952) to work on /home/airflow/.local/lib/python3.11/site-packages/airflow/example_dags/example_latest_only_with_trigger.py
[2024-02-27T15:12:54.920+0000] {processor.py:830} INFO - Processing file /home/airflow/.local/lib/python3.11/site-packages/airflow/example_dags/example_latest_only_with_trigger.py for tasks to queue
[2024-02-27T15:12:54.921+0000] {logging_mixin.py:188} INFO - [2024-02-27T15:12:54.921+0000] {dagbag.py:540} INFO - Filling up the DagBag from /home/airflow/.local/lib/python3.11/site-packages/airflow/example_dags/example_latest_only_with_trigger.py
[2024-02-27T15:12:54.925+0000] {processor.py:840} INFO - DAG(s) 'latest_only_with_trigger' retrieved from /home/airflow/.local/lib/python3.11/site-packages/airflow/example_dags/example_latest_only_with_trigger.py
[2024-02-27T15:12:54.937+0000] {logging_mixin.py:188} INFO - [2024-02-27T15:12:54.937+0000] {dag.py:3047} INFO - Sync 1 DAGs
[2024-02-27T15:12:54.950+0000] {logging_mixin.py:188} INFO - [2024-02-27T15:12:54.950+0000] {dag.py:3834} INFO - Setting next_dagrun for latest_only_with_trigger to 2024-02-27 08:00:00+00:00, run_after=2024-02-27 12:00:00+00:00
[2024-02-27T15:12:54.962+0000] {processor.py:183} INFO - Processing /home/airflow/.local/lib/python3.11/site-packages/airflow/example_dags/example_latest_only_with_trigger.py took 0.045 seconds
[2024-02-27T15:20:39.713+0000] {processor.py:161} INFO - Started process (PID=71) to work on /home/airflow/.local/lib/python3.11/site-packages/airflow/example_dags/example_latest_only_with_trigger.py
[2024-02-27T15:20:39.714+0000] {processor.py:830} INFO - Processing file /home/airflow/.local/lib/python3.11/site-packages/airflow/example_dags/example_latest_only_with_trigger.py for tasks to queue
[2024-02-27T15:20:39.716+0000] {logging_mixin.py:188} INFO - [2024-02-27T15:20:39.715+0000] {dagbag.py:540} INFO - Filling up the DagBag from /home/airflow/.local/lib/python3.11/site-packages/airflow/example_dags/example_latest_only_with_trigger.py
[2024-02-27T15:20:39.721+0000] {processor.py:840} INFO - DAG(s) 'latest_only_with_trigger' retrieved from /home/airflow/.local/lib/python3.11/site-packages/airflow/example_dags/example_latest_only_with_trigger.py
[2024-02-27T15:20:39.748+0000] {logging_mixin.py:188} INFO - [2024-02-27T15:20:39.748+0000] {dag.py:3047} INFO - Sync 1 DAGs
[2024-02-27T15:20:39.775+0000] {logging_mixin.py:188} INFO - [2024-02-27T15:20:39.775+0000] {dag.py:3834} INFO - Setting next_dagrun for latest_only_with_trigger to 2024-02-27 08:00:00+00:00, run_after=2024-02-27 12:00:00+00:00
[2024-02-27T15:20:39.802+0000] {processor.py:183} INFO - Processing /home/airflow/.local/lib/python3.11/site-packages/airflow/example_dags/example_latest_only_with_trigger.py took 0.091 seconds
[2024-02-27T15:21:10.872+0000] {processor.py:161} INFO - Started process (PID=126) to work on /home/airflow/.local/lib/python3.11/site-packages/airflow/example_dags/example_latest_only_with_trigger.py
[2024-02-27T15:21:10.873+0000] {processor.py:830} INFO - Processing file /home/airflow/.local/lib/python3.11/site-packages/airflow/example_dags/example_latest_only_with_trigger.py for tasks to queue
[2024-02-27T15:21:10.874+0000] {logging_mixin.py:188} INFO - [2024-02-27T15:21:10.874+0000] {dagbag.py:540} INFO - Filling up the DagBag from /home/airflow/.local/lib/python3.11/site-packages/airflow/example_dags/example_latest_only_with_trigger.py
[2024-02-27T15:21:10.878+0000] {processor.py:840} INFO - DAG(s) 'latest_only_with_trigger' retrieved from /home/airflow/.local/lib/python3.11/site-packages/airflow/example_dags/example_latest_only_with_trigger.py
[2024-02-27T15:21:10.950+0000] {logging_mixin.py:188} INFO - [2024-02-27T15:21:10.950+0000] {dag.py:3047} INFO - Sync 1 DAGs
[2024-02-27T15:21:10.968+0000] {logging_mixin.py:188} INFO - [2024-02-27T15:21:10.968+0000] {dag.py:3834} INFO - Setting next_dagrun for latest_only_with_trigger to 2024-02-27 08:00:00+00:00, run_after=2024-02-27 12:00:00+00:00
[2024-02-27T15:21:10.984+0000] {processor.py:183} INFO - Processing /home/airflow/.local/lib/python3.11/site-packages/airflow/example_dags/example_latest_only_with_trigger.py took 0.114 seconds
