[2024-02-27T15:04:49.739+0000] {processor.py:161} INFO - Started process (PID=75) to work on /home/airflow/.local/lib/python3.11/site-packages/airflow/example_dags/example_trigger_target_dag.py
[2024-02-27T15:04:49.740+0000] {processor.py:830} INFO - Processing file /home/airflow/.local/lib/python3.11/site-packages/airflow/example_dags/example_trigger_target_dag.py for tasks to queue
[2024-02-27T15:04:49.741+0000] {logging_mixin.py:188} INFO - [2024-02-27T15:04:49.741+0000] {dagbag.py:540} INFO - Filling up the DagBag from /home/airflow/.local/lib/python3.11/site-packages/airflow/example_dags/example_trigger_target_dag.py
[2024-02-27T15:04:49.745+0000] {processor.py:840} INFO - DAG(s) 'example_trigger_target_dag' retrieved from /home/airflow/.local/lib/python3.11/site-packages/airflow/example_dags/example_trigger_target_dag.py
[2024-02-27T15:04:49.752+0000] {logging_mixin.py:188} INFO - [2024-02-27T15:04:49.752+0000] {dag.py:3047} INFO - Sync 1 DAGs
[2024-02-27T15:04:49.760+0000] {logging_mixin.py:188} INFO - [2024-02-27T15:04:49.760+0000] {dag.py:3834} INFO - Setting next_dagrun for example_trigger_target_dag to None, run_after=None
[2024-02-27T15:04:49.772+0000] {processor.py:183} INFO - Processing /home/airflow/.local/lib/python3.11/site-packages/airflow/example_dags/example_trigger_target_dag.py took 0.034 seconds
[2024-02-27T15:05:20.424+0000] {processor.py:161} INFO - Started process (PID=130) to work on /home/airflow/.local/lib/python3.11/site-packages/airflow/example_dags/example_trigger_target_dag.py
[2024-02-27T15:05:20.424+0000] {processor.py:830} INFO - Processing file /home/airflow/.local/lib/python3.11/site-packages/airflow/example_dags/example_trigger_target_dag.py for tasks to queue
[2024-02-27T15:05:20.425+0000] {logging_mixin.py:188} INFO - [2024-02-27T15:05:20.425+0000] {dagbag.py:540} INFO - Filling up the DagBag from /home/airflow/.local/lib/python3.11/site-packages/airflow/example_dags/example_trigger_target_dag.py
[2024-02-27T15:05:20.429+0000] {processor.py:840} INFO - DAG(s) 'example_trigger_target_dag' retrieved from /home/airflow/.local/lib/python3.11/site-packages/airflow/example_dags/example_trigger_target_dag.py
[2024-02-27T15:05:20.484+0000] {logging_mixin.py:188} INFO - [2024-02-27T15:05:20.484+0000] {dag.py:3047} INFO - Sync 1 DAGs
[2024-02-27T15:05:20.490+0000] {logging_mixin.py:188} INFO - [2024-02-27T15:05:20.490+0000] {dag.py:3834} INFO - Setting next_dagrun for example_trigger_target_dag to None, run_after=None
[2024-02-27T15:05:20.502+0000] {processor.py:183} INFO - Processing /home/airflow/.local/lib/python3.11/site-packages/airflow/example_dags/example_trigger_target_dag.py took 0.080 seconds
[2024-02-27T15:05:51.400+0000] {processor.py:161} INFO - Started process (PID=185) to work on /home/airflow/.local/lib/python3.11/site-packages/airflow/example_dags/example_trigger_target_dag.py
[2024-02-27T15:05:51.401+0000] {processor.py:830} INFO - Processing file /home/airflow/.local/lib/python3.11/site-packages/airflow/example_dags/example_trigger_target_dag.py for tasks to queue
[2024-02-27T15:05:51.402+0000] {logging_mixin.py:188} INFO - [2024-02-27T15:05:51.402+0000] {dagbag.py:540} INFO - Filling up the DagBag from /home/airflow/.local/lib/python3.11/site-packages/airflow/example_dags/example_trigger_target_dag.py
[2024-02-27T15:05:51.407+0000] {processor.py:840} INFO - DAG(s) 'example_trigger_target_dag' retrieved from /home/airflow/.local/lib/python3.11/site-packages/airflow/example_dags/example_trigger_target_dag.py
[2024-02-27T15:05:51.417+0000] {logging_mixin.py:188} INFO - [2024-02-27T15:05:51.417+0000] {dag.py:3047} INFO - Sync 1 DAGs
[2024-02-27T15:05:51.424+0000] {logging_mixin.py:188} INFO - [2024-02-27T15:05:51.424+0000] {dag.py:3834} INFO - Setting next_dagrun for example_trigger_target_dag to None, run_after=None
[2024-02-27T15:05:51.435+0000] {processor.py:183} INFO - Processing /home/airflow/.local/lib/python3.11/site-packages/airflow/example_dags/example_trigger_target_dag.py took 0.037 seconds
[2024-02-27T15:06:22.188+0000] {processor.py:161} INFO - Started process (PID=240) to work on /home/airflow/.local/lib/python3.11/site-packages/airflow/example_dags/example_trigger_target_dag.py
[2024-02-27T15:06:22.189+0000] {processor.py:830} INFO - Processing file /home/airflow/.local/lib/python3.11/site-packages/airflow/example_dags/example_trigger_target_dag.py for tasks to queue
[2024-02-27T15:06:22.190+0000] {logging_mixin.py:188} INFO - [2024-02-27T15:06:22.190+0000] {dagbag.py:540} INFO - Filling up the DagBag from /home/airflow/.local/lib/python3.11/site-packages/airflow/example_dags/example_trigger_target_dag.py
[2024-02-27T15:06:22.194+0000] {processor.py:840} INFO - DAG(s) 'example_trigger_target_dag' retrieved from /home/airflow/.local/lib/python3.11/site-packages/airflow/example_dags/example_trigger_target_dag.py
[2024-02-27T15:06:22.205+0000] {logging_mixin.py:188} INFO - [2024-02-27T15:06:22.204+0000] {dag.py:3047} INFO - Sync 1 DAGs
[2024-02-27T15:06:22.212+0000] {logging_mixin.py:188} INFO - [2024-02-27T15:06:22.212+0000] {dag.py:3834} INFO - Setting next_dagrun for example_trigger_target_dag to None, run_after=None
[2024-02-27T15:06:22.223+0000] {processor.py:183} INFO - Processing /home/airflow/.local/lib/python3.11/site-packages/airflow/example_dags/example_trigger_target_dag.py took 0.037 seconds
[2024-02-27T15:06:52.336+0000] {processor.py:161} INFO - Started process (PID=295) to work on /home/airflow/.local/lib/python3.11/site-packages/airflow/example_dags/example_trigger_target_dag.py
[2024-02-27T15:06:52.337+0000] {processor.py:830} INFO - Processing file /home/airflow/.local/lib/python3.11/site-packages/airflow/example_dags/example_trigger_target_dag.py for tasks to queue
[2024-02-27T15:06:52.338+0000] {logging_mixin.py:188} INFO - [2024-02-27T15:06:52.338+0000] {dagbag.py:540} INFO - Filling up the DagBag from /home/airflow/.local/lib/python3.11/site-packages/airflow/example_dags/example_trigger_target_dag.py
[2024-02-27T15:06:52.342+0000] {processor.py:840} INFO - DAG(s) 'example_trigger_target_dag' retrieved from /home/airflow/.local/lib/python3.11/site-packages/airflow/example_dags/example_trigger_target_dag.py
[2024-02-27T15:06:52.352+0000] {logging_mixin.py:188} INFO - [2024-02-27T15:06:52.352+0000] {dag.py:3047} INFO - Sync 1 DAGs
[2024-02-27T15:06:52.360+0000] {logging_mixin.py:188} INFO - [2024-02-27T15:06:52.360+0000] {dag.py:3834} INFO - Setting next_dagrun for example_trigger_target_dag to None, run_after=None
[2024-02-27T15:06:52.370+0000] {processor.py:183} INFO - Processing /home/airflow/.local/lib/python3.11/site-packages/airflow/example_dags/example_trigger_target_dag.py took 0.036 seconds
[2024-02-27T15:07:22.573+0000] {processor.py:161} INFO - Started process (PID=350) to work on /home/airflow/.local/lib/python3.11/site-packages/airflow/example_dags/example_trigger_target_dag.py
[2024-02-27T15:07:22.574+0000] {processor.py:830} INFO - Processing file /home/airflow/.local/lib/python3.11/site-packages/airflow/example_dags/example_trigger_target_dag.py for tasks to queue
[2024-02-27T15:07:22.575+0000] {logging_mixin.py:188} INFO - [2024-02-27T15:07:22.575+0000] {dagbag.py:540} INFO - Filling up the DagBag from /home/airflow/.local/lib/python3.11/site-packages/airflow/example_dags/example_trigger_target_dag.py
[2024-02-27T15:07:22.578+0000] {processor.py:840} INFO - DAG(s) 'example_trigger_target_dag' retrieved from /home/airflow/.local/lib/python3.11/site-packages/airflow/example_dags/example_trigger_target_dag.py
[2024-02-27T15:07:22.589+0000] {logging_mixin.py:188} INFO - [2024-02-27T15:07:22.589+0000] {dag.py:3047} INFO - Sync 1 DAGs
[2024-02-27T15:07:22.596+0000] {logging_mixin.py:188} INFO - [2024-02-27T15:07:22.596+0000] {dag.py:3834} INFO - Setting next_dagrun for example_trigger_target_dag to None, run_after=None
[2024-02-27T15:07:22.607+0000] {processor.py:183} INFO - Processing /home/airflow/.local/lib/python3.11/site-packages/airflow/example_dags/example_trigger_target_dag.py took 0.036 seconds
[2024-02-27T15:07:52.667+0000] {processor.py:161} INFO - Started process (PID=405) to work on /home/airflow/.local/lib/python3.11/site-packages/airflow/example_dags/example_trigger_target_dag.py
[2024-02-27T15:07:52.669+0000] {processor.py:830} INFO - Processing file /home/airflow/.local/lib/python3.11/site-packages/airflow/example_dags/example_trigger_target_dag.py for tasks to queue
[2024-02-27T15:07:52.670+0000] {logging_mixin.py:188} INFO - [2024-02-27T15:07:52.670+0000] {dagbag.py:540} INFO - Filling up the DagBag from /home/airflow/.local/lib/python3.11/site-packages/airflow/example_dags/example_trigger_target_dag.py
[2024-02-27T15:07:52.673+0000] {processor.py:840} INFO - DAG(s) 'example_trigger_target_dag' retrieved from /home/airflow/.local/lib/python3.11/site-packages/airflow/example_dags/example_trigger_target_dag.py
[2024-02-27T15:07:52.684+0000] {logging_mixin.py:188} INFO - [2024-02-27T15:07:52.684+0000] {dag.py:3047} INFO - Sync 1 DAGs
[2024-02-27T15:07:52.691+0000] {logging_mixin.py:188} INFO - [2024-02-27T15:07:52.691+0000] {dag.py:3834} INFO - Setting next_dagrun for example_trigger_target_dag to None, run_after=None
[2024-02-27T15:07:52.701+0000] {processor.py:183} INFO - Processing /home/airflow/.local/lib/python3.11/site-packages/airflow/example_dags/example_trigger_target_dag.py took 0.036 seconds
[2024-02-27T15:08:22.762+0000] {processor.py:161} INFO - Started process (PID=460) to work on /home/airflow/.local/lib/python3.11/site-packages/airflow/example_dags/example_trigger_target_dag.py
[2024-02-27T15:08:22.763+0000] {processor.py:830} INFO - Processing file /home/airflow/.local/lib/python3.11/site-packages/airflow/example_dags/example_trigger_target_dag.py for tasks to queue
[2024-02-27T15:08:22.764+0000] {logging_mixin.py:188} INFO - [2024-02-27T15:08:22.764+0000] {dagbag.py:540} INFO - Filling up the DagBag from /home/airflow/.local/lib/python3.11/site-packages/airflow/example_dags/example_trigger_target_dag.py
[2024-02-27T15:08:22.768+0000] {processor.py:840} INFO - DAG(s) 'example_trigger_target_dag' retrieved from /home/airflow/.local/lib/python3.11/site-packages/airflow/example_dags/example_trigger_target_dag.py
[2024-02-27T15:08:22.778+0000] {logging_mixin.py:188} INFO - [2024-02-27T15:08:22.778+0000] {dag.py:3047} INFO - Sync 1 DAGs
[2024-02-27T15:08:22.786+0000] {logging_mixin.py:188} INFO - [2024-02-27T15:08:22.785+0000] {dag.py:3834} INFO - Setting next_dagrun for example_trigger_target_dag to None, run_after=None
[2024-02-27T15:08:22.796+0000] {processor.py:183} INFO - Processing /home/airflow/.local/lib/python3.11/site-packages/airflow/example_dags/example_trigger_target_dag.py took 0.035 seconds
[2024-02-27T15:08:52.855+0000] {processor.py:161} INFO - Started process (PID=515) to work on /home/airflow/.local/lib/python3.11/site-packages/airflow/example_dags/example_trigger_target_dag.py
[2024-02-27T15:08:52.856+0000] {processor.py:830} INFO - Processing file /home/airflow/.local/lib/python3.11/site-packages/airflow/example_dags/example_trigger_target_dag.py for tasks to queue
[2024-02-27T15:08:52.857+0000] {logging_mixin.py:188} INFO - [2024-02-27T15:08:52.857+0000] {dagbag.py:540} INFO - Filling up the DagBag from /home/airflow/.local/lib/python3.11/site-packages/airflow/example_dags/example_trigger_target_dag.py
[2024-02-27T15:08:52.860+0000] {processor.py:840} INFO - DAG(s) 'example_trigger_target_dag' retrieved from /home/airflow/.local/lib/python3.11/site-packages/airflow/example_dags/example_trigger_target_dag.py
[2024-02-27T15:08:52.871+0000] {logging_mixin.py:188} INFO - [2024-02-27T15:08:52.871+0000] {dag.py:3047} INFO - Sync 1 DAGs
[2024-02-27T15:08:52.878+0000] {logging_mixin.py:188} INFO - [2024-02-27T15:08:52.878+0000] {dag.py:3834} INFO - Setting next_dagrun for example_trigger_target_dag to None, run_after=None
[2024-02-27T15:08:52.889+0000] {processor.py:183} INFO - Processing /home/airflow/.local/lib/python3.11/site-packages/airflow/example_dags/example_trigger_target_dag.py took 0.036 seconds
[2024-02-27T15:09:23.135+0000] {processor.py:161} INFO - Started process (PID=570) to work on /home/airflow/.local/lib/python3.11/site-packages/airflow/example_dags/example_trigger_target_dag.py
[2024-02-27T15:09:23.135+0000] {processor.py:830} INFO - Processing file /home/airflow/.local/lib/python3.11/site-packages/airflow/example_dags/example_trigger_target_dag.py for tasks to queue
[2024-02-27T15:09:23.137+0000] {logging_mixin.py:188} INFO - [2024-02-27T15:09:23.136+0000] {dagbag.py:540} INFO - Filling up the DagBag from /home/airflow/.local/lib/python3.11/site-packages/airflow/example_dags/example_trigger_target_dag.py
[2024-02-27T15:09:23.140+0000] {processor.py:840} INFO - DAG(s) 'example_trigger_target_dag' retrieved from /home/airflow/.local/lib/python3.11/site-packages/airflow/example_dags/example_trigger_target_dag.py
[2024-02-27T15:09:23.151+0000] {logging_mixin.py:188} INFO - [2024-02-27T15:09:23.151+0000] {dag.py:3047} INFO - Sync 1 DAGs
[2024-02-27T15:09:23.158+0000] {logging_mixin.py:188} INFO - [2024-02-27T15:09:23.158+0000] {dag.py:3834} INFO - Setting next_dagrun for example_trigger_target_dag to None, run_after=None
[2024-02-27T15:09:23.169+0000] {processor.py:183} INFO - Processing /home/airflow/.local/lib/python3.11/site-packages/airflow/example_dags/example_trigger_target_dag.py took 0.037 seconds
[2024-02-27T15:09:53.251+0000] {processor.py:161} INFO - Started process (PID=625) to work on /home/airflow/.local/lib/python3.11/site-packages/airflow/example_dags/example_trigger_target_dag.py
[2024-02-27T15:09:53.252+0000] {processor.py:830} INFO - Processing file /home/airflow/.local/lib/python3.11/site-packages/airflow/example_dags/example_trigger_target_dag.py for tasks to queue
[2024-02-27T15:09:53.253+0000] {logging_mixin.py:188} INFO - [2024-02-27T15:09:53.253+0000] {dagbag.py:540} INFO - Filling up the DagBag from /home/airflow/.local/lib/python3.11/site-packages/airflow/example_dags/example_trigger_target_dag.py
[2024-02-27T15:09:53.257+0000] {processor.py:840} INFO - DAG(s) 'example_trigger_target_dag' retrieved from /home/airflow/.local/lib/python3.11/site-packages/airflow/example_dags/example_trigger_target_dag.py
[2024-02-27T15:09:53.268+0000] {logging_mixin.py:188} INFO - [2024-02-27T15:09:53.268+0000] {dag.py:3047} INFO - Sync 1 DAGs
[2024-02-27T15:09:53.274+0000] {logging_mixin.py:188} INFO - [2024-02-27T15:09:53.274+0000] {dag.py:3834} INFO - Setting next_dagrun for example_trigger_target_dag to None, run_after=None
[2024-02-27T15:09:53.284+0000] {processor.py:183} INFO - Processing /home/airflow/.local/lib/python3.11/site-packages/airflow/example_dags/example_trigger_target_dag.py took 0.035 seconds
[2024-02-27T15:10:23.372+0000] {processor.py:161} INFO - Started process (PID=680) to work on /home/airflow/.local/lib/python3.11/site-packages/airflow/example_dags/example_trigger_target_dag.py
[2024-02-27T15:10:23.372+0000] {processor.py:830} INFO - Processing file /home/airflow/.local/lib/python3.11/site-packages/airflow/example_dags/example_trigger_target_dag.py for tasks to queue
[2024-02-27T15:10:23.374+0000] {logging_mixin.py:188} INFO - [2024-02-27T15:10:23.373+0000] {dagbag.py:540} INFO - Filling up the DagBag from /home/airflow/.local/lib/python3.11/site-packages/airflow/example_dags/example_trigger_target_dag.py
[2024-02-27T15:10:23.377+0000] {processor.py:840} INFO - DAG(s) 'example_trigger_target_dag' retrieved from /home/airflow/.local/lib/python3.11/site-packages/airflow/example_dags/example_trigger_target_dag.py
[2024-02-27T15:10:23.389+0000] {logging_mixin.py:188} INFO - [2024-02-27T15:10:23.388+0000] {dag.py:3047} INFO - Sync 1 DAGs
[2024-02-27T15:10:23.396+0000] {logging_mixin.py:188} INFO - [2024-02-27T15:10:23.396+0000] {dag.py:3834} INFO - Setting next_dagrun for example_trigger_target_dag to None, run_after=None
[2024-02-27T15:10:23.407+0000] {processor.py:183} INFO - Processing /home/airflow/.local/lib/python3.11/site-packages/airflow/example_dags/example_trigger_target_dag.py took 0.037 seconds
[2024-02-27T15:10:54.365+0000] {processor.py:161} INFO - Started process (PID=735) to work on /home/airflow/.local/lib/python3.11/site-packages/airflow/example_dags/example_trigger_target_dag.py
[2024-02-27T15:10:54.366+0000] {processor.py:830} INFO - Processing file /home/airflow/.local/lib/python3.11/site-packages/airflow/example_dags/example_trigger_target_dag.py for tasks to queue
[2024-02-27T15:10:54.368+0000] {logging_mixin.py:188} INFO - [2024-02-27T15:10:54.367+0000] {dagbag.py:540} INFO - Filling up the DagBag from /home/airflow/.local/lib/python3.11/site-packages/airflow/example_dags/example_trigger_target_dag.py
[2024-02-27T15:10:54.371+0000] {processor.py:840} INFO - DAG(s) 'example_trigger_target_dag' retrieved from /home/airflow/.local/lib/python3.11/site-packages/airflow/example_dags/example_trigger_target_dag.py
[2024-02-27T15:10:54.383+0000] {logging_mixin.py:188} INFO - [2024-02-27T15:10:54.383+0000] {dag.py:3047} INFO - Sync 1 DAGs
[2024-02-27T15:10:54.391+0000] {logging_mixin.py:188} INFO - [2024-02-27T15:10:54.391+0000] {dag.py:3834} INFO - Setting next_dagrun for example_trigger_target_dag to None, run_after=None
[2024-02-27T15:10:54.402+0000] {processor.py:183} INFO - Processing /home/airflow/.local/lib/python3.11/site-packages/airflow/example_dags/example_trigger_target_dag.py took 0.039 seconds
[2024-02-27T15:11:24.657+0000] {processor.py:161} INFO - Started process (PID=790) to work on /home/airflow/.local/lib/python3.11/site-packages/airflow/example_dags/example_trigger_target_dag.py
[2024-02-27T15:11:24.657+0000] {processor.py:830} INFO - Processing file /home/airflow/.local/lib/python3.11/site-packages/airflow/example_dags/example_trigger_target_dag.py for tasks to queue
[2024-02-27T15:11:24.659+0000] {logging_mixin.py:188} INFO - [2024-02-27T15:11:24.659+0000] {dagbag.py:540} INFO - Filling up the DagBag from /home/airflow/.local/lib/python3.11/site-packages/airflow/example_dags/example_trigger_target_dag.py
[2024-02-27T15:11:24.663+0000] {processor.py:840} INFO - DAG(s) 'example_trigger_target_dag' retrieved from /home/airflow/.local/lib/python3.11/site-packages/airflow/example_dags/example_trigger_target_dag.py
[2024-02-27T15:11:24.673+0000] {logging_mixin.py:188} INFO - [2024-02-27T15:11:24.673+0000] {dag.py:3047} INFO - Sync 1 DAGs
[2024-02-27T15:11:24.680+0000] {logging_mixin.py:188} INFO - [2024-02-27T15:11:24.680+0000] {dag.py:3834} INFO - Setting next_dagrun for example_trigger_target_dag to None, run_after=None
[2024-02-27T15:11:24.691+0000] {processor.py:183} INFO - Processing /home/airflow/.local/lib/python3.11/site-packages/airflow/example_dags/example_trigger_target_dag.py took 0.036 seconds
[2024-02-27T15:11:54.899+0000] {processor.py:161} INFO - Started process (PID=846) to work on /home/airflow/.local/lib/python3.11/site-packages/airflow/example_dags/example_trigger_target_dag.py
[2024-02-27T15:11:54.900+0000] {processor.py:830} INFO - Processing file /home/airflow/.local/lib/python3.11/site-packages/airflow/example_dags/example_trigger_target_dag.py for tasks to queue
[2024-02-27T15:11:54.901+0000] {logging_mixin.py:188} INFO - [2024-02-27T15:11:54.901+0000] {dagbag.py:540} INFO - Filling up the DagBag from /home/airflow/.local/lib/python3.11/site-packages/airflow/example_dags/example_trigger_target_dag.py
[2024-02-27T15:11:54.906+0000] {processor.py:840} INFO - DAG(s) 'example_trigger_target_dag' retrieved from /home/airflow/.local/lib/python3.11/site-packages/airflow/example_dags/example_trigger_target_dag.py
[2024-02-27T15:11:54.921+0000] {logging_mixin.py:188} INFO - [2024-02-27T15:11:54.921+0000] {dag.py:3047} INFO - Sync 1 DAGs
[2024-02-27T15:11:54.929+0000] {logging_mixin.py:188} INFO - [2024-02-27T15:11:54.929+0000] {dag.py:3834} INFO - Setting next_dagrun for example_trigger_target_dag to None, run_after=None
[2024-02-27T15:11:54.940+0000] {processor.py:183} INFO - Processing /home/airflow/.local/lib/python3.11/site-packages/airflow/example_dags/example_trigger_target_dag.py took 0.044 seconds
[2024-02-27T15:12:24.975+0000] {processor.py:161} INFO - Started process (PID=901) to work on /home/airflow/.local/lib/python3.11/site-packages/airflow/example_dags/example_trigger_target_dag.py
[2024-02-27T15:12:24.975+0000] {processor.py:830} INFO - Processing file /home/airflow/.local/lib/python3.11/site-packages/airflow/example_dags/example_trigger_target_dag.py for tasks to queue
[2024-02-27T15:12:24.977+0000] {logging_mixin.py:188} INFO - [2024-02-27T15:12:24.977+0000] {dagbag.py:540} INFO - Filling up the DagBag from /home/airflow/.local/lib/python3.11/site-packages/airflow/example_dags/example_trigger_target_dag.py
[2024-02-27T15:12:24.981+0000] {processor.py:840} INFO - DAG(s) 'example_trigger_target_dag' retrieved from /home/airflow/.local/lib/python3.11/site-packages/airflow/example_dags/example_trigger_target_dag.py
[2024-02-27T15:12:24.992+0000] {logging_mixin.py:188} INFO - [2024-02-27T15:12:24.991+0000] {dag.py:3047} INFO - Sync 1 DAGs
[2024-02-27T15:12:24.998+0000] {logging_mixin.py:188} INFO - [2024-02-27T15:12:24.998+0000] {dag.py:3834} INFO - Setting next_dagrun for example_trigger_target_dag to None, run_after=None
[2024-02-27T15:12:25.009+0000] {processor.py:183} INFO - Processing /home/airflow/.local/lib/python3.11/site-packages/airflow/example_dags/example_trigger_target_dag.py took 0.036 seconds
[2024-02-27T15:12:55.041+0000] {processor.py:161} INFO - Started process (PID=956) to work on /home/airflow/.local/lib/python3.11/site-packages/airflow/example_dags/example_trigger_target_dag.py
[2024-02-27T15:12:55.041+0000] {processor.py:830} INFO - Processing file /home/airflow/.local/lib/python3.11/site-packages/airflow/example_dags/example_trigger_target_dag.py for tasks to queue
[2024-02-27T15:12:55.043+0000] {logging_mixin.py:188} INFO - [2024-02-27T15:12:55.042+0000] {dagbag.py:540} INFO - Filling up the DagBag from /home/airflow/.local/lib/python3.11/site-packages/airflow/example_dags/example_trigger_target_dag.py
[2024-02-27T15:12:55.047+0000] {processor.py:840} INFO - DAG(s) 'example_trigger_target_dag' retrieved from /home/airflow/.local/lib/python3.11/site-packages/airflow/example_dags/example_trigger_target_dag.py
[2024-02-27T15:12:55.058+0000] {logging_mixin.py:188} INFO - [2024-02-27T15:12:55.057+0000] {dag.py:3047} INFO - Sync 1 DAGs
[2024-02-27T15:12:55.065+0000] {logging_mixin.py:188} INFO - [2024-02-27T15:12:55.065+0000] {dag.py:3834} INFO - Setting next_dagrun for example_trigger_target_dag to None, run_after=None
[2024-02-27T15:12:55.075+0000] {processor.py:183} INFO - Processing /home/airflow/.local/lib/python3.11/site-packages/airflow/example_dags/example_trigger_target_dag.py took 0.037 seconds
[2024-02-27T15:20:40.021+0000] {processor.py:161} INFO - Started process (PID=75) to work on /home/airflow/.local/lib/python3.11/site-packages/airflow/example_dags/example_trigger_target_dag.py
[2024-02-27T15:20:40.022+0000] {processor.py:830} INFO - Processing file /home/airflow/.local/lib/python3.11/site-packages/airflow/example_dags/example_trigger_target_dag.py for tasks to queue
[2024-02-27T15:20:40.023+0000] {logging_mixin.py:188} INFO - [2024-02-27T15:20:40.023+0000] {dagbag.py:540} INFO - Filling up the DagBag from /home/airflow/.local/lib/python3.11/site-packages/airflow/example_dags/example_trigger_target_dag.py
[2024-02-27T15:20:40.028+0000] {processor.py:840} INFO - DAG(s) 'example_trigger_target_dag' retrieved from /home/airflow/.local/lib/python3.11/site-packages/airflow/example_dags/example_trigger_target_dag.py
[2024-02-27T15:20:40.053+0000] {logging_mixin.py:188} INFO - [2024-02-27T15:20:40.053+0000] {dag.py:3047} INFO - Sync 1 DAGs
[2024-02-27T15:20:40.067+0000] {logging_mixin.py:188} INFO - [2024-02-27T15:20:40.067+0000] {dag.py:3834} INFO - Setting next_dagrun for example_trigger_target_dag to None, run_after=None
[2024-02-27T15:20:40.093+0000] {processor.py:183} INFO - Processing /home/airflow/.local/lib/python3.11/site-packages/airflow/example_dags/example_trigger_target_dag.py took 0.074 seconds
[2024-02-27T15:21:11.143+0000] {processor.py:161} INFO - Started process (PID=130) to work on /home/airflow/.local/lib/python3.11/site-packages/airflow/example_dags/example_trigger_target_dag.py
[2024-02-27T15:21:11.144+0000] {processor.py:830} INFO - Processing file /home/airflow/.local/lib/python3.11/site-packages/airflow/example_dags/example_trigger_target_dag.py for tasks to queue
[2024-02-27T15:21:11.145+0000] {logging_mixin.py:188} INFO - [2024-02-27T15:21:11.145+0000] {dagbag.py:540} INFO - Filling up the DagBag from /home/airflow/.local/lib/python3.11/site-packages/airflow/example_dags/example_trigger_target_dag.py
[2024-02-27T15:21:11.149+0000] {processor.py:840} INFO - DAG(s) 'example_trigger_target_dag' retrieved from /home/airflow/.local/lib/python3.11/site-packages/airflow/example_dags/example_trigger_target_dag.py
[2024-02-27T15:21:11.232+0000] {logging_mixin.py:188} INFO - [2024-02-27T15:21:11.232+0000] {dag.py:3047} INFO - Sync 1 DAGs
[2024-02-27T15:21:11.242+0000] {logging_mixin.py:188} INFO - [2024-02-27T15:21:11.242+0000] {dag.py:3834} INFO - Setting next_dagrun for example_trigger_target_dag to None, run_after=None
[2024-02-27T15:21:11.260+0000] {processor.py:183} INFO - Processing /home/airflow/.local/lib/python3.11/site-packages/airflow/example_dags/example_trigger_target_dag.py took 0.119 seconds
