[2024-02-27T15:04:49.672+0000] {processor.py:161} INFO - Started process (PID=73) to work on /home/airflow/.local/lib/python3.11/site-packages/airflow/example_dags/tutorial_objectstorage.py
[2024-02-27T15:04:49.673+0000] {processor.py:830} INFO - Processing file /home/airflow/.local/lib/python3.11/site-packages/airflow/example_dags/tutorial_objectstorage.py for tasks to queue
[2024-02-27T15:04:49.674+0000] {logging_mixin.py:188} INFO - [2024-02-27T15:04:49.674+0000] {dagbag.py:540} INFO - Filling up the DagBag from /home/airflow/.local/lib/python3.11/site-packages/airflow/example_dags/tutorial_objectstorage.py
[2024-02-27T15:04:49.679+0000] {processor.py:840} INFO - DAG(s) 'tutorial_objectstorage' retrieved from /home/airflow/.local/lib/python3.11/site-packages/airflow/example_dags/tutorial_objectstorage.py
[2024-02-27T15:04:49.686+0000] {logging_mixin.py:188} INFO - [2024-02-27T15:04:49.686+0000] {dag.py:3047} INFO - Sync 1 DAGs
[2024-02-27T15:04:49.693+0000] {logging_mixin.py:188} INFO - [2024-02-27T15:04:49.693+0000] {dag.py:3834} INFO - Setting next_dagrun for tutorial_objectstorage to None, run_after=None
[2024-02-27T15:04:49.705+0000] {processor.py:183} INFO - Processing /home/airflow/.local/lib/python3.11/site-packages/airflow/example_dags/tutorial_objectstorage.py took 0.035 seconds
[2024-02-27T15:05:20.305+0000] {processor.py:161} INFO - Started process (PID=128) to work on /home/airflow/.local/lib/python3.11/site-packages/airflow/example_dags/tutorial_objectstorage.py
[2024-02-27T15:05:20.306+0000] {processor.py:830} INFO - Processing file /home/airflow/.local/lib/python3.11/site-packages/airflow/example_dags/tutorial_objectstorage.py for tasks to queue
[2024-02-27T15:05:20.307+0000] {logging_mixin.py:188} INFO - [2024-02-27T15:05:20.307+0000] {dagbag.py:540} INFO - Filling up the DagBag from /home/airflow/.local/lib/python3.11/site-packages/airflow/example_dags/tutorial_objectstorage.py
[2024-02-27T15:05:20.312+0000] {processor.py:840} INFO - DAG(s) 'tutorial_objectstorage' retrieved from /home/airflow/.local/lib/python3.11/site-packages/airflow/example_dags/tutorial_objectstorage.py
[2024-02-27T15:05:20.368+0000] {logging_mixin.py:188} INFO - [2024-02-27T15:05:20.367+0000] {dag.py:3047} INFO - Sync 1 DAGs
[2024-02-27T15:05:20.374+0000] {logging_mixin.py:188} INFO - [2024-02-27T15:05:20.374+0000] {dag.py:3834} INFO - Setting next_dagrun for tutorial_objectstorage to None, run_after=None
[2024-02-27T15:05:20.386+0000] {processor.py:183} INFO - Processing /home/airflow/.local/lib/python3.11/site-packages/airflow/example_dags/tutorial_objectstorage.py took 0.082 seconds
[2024-02-27T15:05:51.330+0000] {processor.py:161} INFO - Started process (PID=183) to work on /home/airflow/.local/lib/python3.11/site-packages/airflow/example_dags/tutorial_objectstorage.py
[2024-02-27T15:05:51.330+0000] {processor.py:830} INFO - Processing file /home/airflow/.local/lib/python3.11/site-packages/airflow/example_dags/tutorial_objectstorage.py for tasks to queue
[2024-02-27T15:05:51.331+0000] {logging_mixin.py:188} INFO - [2024-02-27T15:05:51.331+0000] {dagbag.py:540} INFO - Filling up the DagBag from /home/airflow/.local/lib/python3.11/site-packages/airflow/example_dags/tutorial_objectstorage.py
[2024-02-27T15:05:51.336+0000] {processor.py:840} INFO - DAG(s) 'tutorial_objectstorage' retrieved from /home/airflow/.local/lib/python3.11/site-packages/airflow/example_dags/tutorial_objectstorage.py
[2024-02-27T15:05:51.348+0000] {logging_mixin.py:188} INFO - [2024-02-27T15:05:51.348+0000] {dag.py:3047} INFO - Sync 1 DAGs
[2024-02-27T15:05:51.355+0000] {logging_mixin.py:188} INFO - [2024-02-27T15:05:51.355+0000] {dag.py:3834} INFO - Setting next_dagrun for tutorial_objectstorage to None, run_after=None
[2024-02-27T15:05:51.367+0000] {processor.py:183} INFO - Processing /home/airflow/.local/lib/python3.11/site-packages/airflow/example_dags/tutorial_objectstorage.py took 0.039 seconds
[2024-02-27T15:06:22.110+0000] {processor.py:161} INFO - Started process (PID=238) to work on /home/airflow/.local/lib/python3.11/site-packages/airflow/example_dags/tutorial_objectstorage.py
[2024-02-27T15:06:22.111+0000] {processor.py:830} INFO - Processing file /home/airflow/.local/lib/python3.11/site-packages/airflow/example_dags/tutorial_objectstorage.py for tasks to queue
[2024-02-27T15:06:22.112+0000] {logging_mixin.py:188} INFO - [2024-02-27T15:06:22.112+0000] {dagbag.py:540} INFO - Filling up the DagBag from /home/airflow/.local/lib/python3.11/site-packages/airflow/example_dags/tutorial_objectstorage.py
[2024-02-27T15:06:22.117+0000] {processor.py:840} INFO - DAG(s) 'tutorial_objectstorage' retrieved from /home/airflow/.local/lib/python3.11/site-packages/airflow/example_dags/tutorial_objectstorage.py
[2024-02-27T15:06:22.131+0000] {logging_mixin.py:188} INFO - [2024-02-27T15:06:22.131+0000] {dag.py:3047} INFO - Sync 1 DAGs
[2024-02-27T15:06:22.139+0000] {logging_mixin.py:188} INFO - [2024-02-27T15:06:22.139+0000] {dag.py:3834} INFO - Setting next_dagrun for tutorial_objectstorage to None, run_after=None
[2024-02-27T15:06:22.154+0000] {processor.py:183} INFO - Processing /home/airflow/.local/lib/python3.11/site-packages/airflow/example_dags/tutorial_objectstorage.py took 0.046 seconds
[2024-02-27T15:06:52.210+0000] {processor.py:161} INFO - Started process (PID=292) to work on /home/airflow/.local/lib/python3.11/site-packages/airflow/example_dags/tutorial_objectstorage.py
[2024-02-27T15:06:52.210+0000] {processor.py:830} INFO - Processing file /home/airflow/.local/lib/python3.11/site-packages/airflow/example_dags/tutorial_objectstorage.py for tasks to queue
[2024-02-27T15:06:52.212+0000] {logging_mixin.py:188} INFO - [2024-02-27T15:06:52.212+0000] {dagbag.py:540} INFO - Filling up the DagBag from /home/airflow/.local/lib/python3.11/site-packages/airflow/example_dags/tutorial_objectstorage.py
[2024-02-27T15:06:52.216+0000] {processor.py:840} INFO - DAG(s) 'tutorial_objectstorage' retrieved from /home/airflow/.local/lib/python3.11/site-packages/airflow/example_dags/tutorial_objectstorage.py
[2024-02-27T15:06:52.227+0000] {logging_mixin.py:188} INFO - [2024-02-27T15:06:52.227+0000] {dag.py:3047} INFO - Sync 1 DAGs
[2024-02-27T15:06:52.235+0000] {logging_mixin.py:188} INFO - [2024-02-27T15:06:52.235+0000] {dag.py:3834} INFO - Setting next_dagrun for tutorial_objectstorage to None, run_after=None
[2024-02-27T15:06:52.246+0000] {processor.py:183} INFO - Processing /home/airflow/.local/lib/python3.11/site-packages/airflow/example_dags/tutorial_objectstorage.py took 0.038 seconds
[2024-02-27T15:07:22.509+0000] {processor.py:161} INFO - Started process (PID=348) to work on /home/airflow/.local/lib/python3.11/site-packages/airflow/example_dags/tutorial_objectstorage.py
[2024-02-27T15:07:22.510+0000] {processor.py:830} INFO - Processing file /home/airflow/.local/lib/python3.11/site-packages/airflow/example_dags/tutorial_objectstorage.py for tasks to queue
[2024-02-27T15:07:22.511+0000] {logging_mixin.py:188} INFO - [2024-02-27T15:07:22.511+0000] {dagbag.py:540} INFO - Filling up the DagBag from /home/airflow/.local/lib/python3.11/site-packages/airflow/example_dags/tutorial_objectstorage.py
[2024-02-27T15:07:22.515+0000] {processor.py:840} INFO - DAG(s) 'tutorial_objectstorage' retrieved from /home/airflow/.local/lib/python3.11/site-packages/airflow/example_dags/tutorial_objectstorage.py
[2024-02-27T15:07:22.526+0000] {logging_mixin.py:188} INFO - [2024-02-27T15:07:22.526+0000] {dag.py:3047} INFO - Sync 1 DAGs
[2024-02-27T15:07:22.533+0000] {logging_mixin.py:188} INFO - [2024-02-27T15:07:22.533+0000] {dag.py:3834} INFO - Setting next_dagrun for tutorial_objectstorage to None, run_after=None
[2024-02-27T15:07:22.545+0000] {processor.py:183} INFO - Processing /home/airflow/.local/lib/python3.11/site-packages/airflow/example_dags/tutorial_objectstorage.py took 0.037 seconds
[2024-02-27T15:07:52.595+0000] {processor.py:161} INFO - Started process (PID=403) to work on /home/airflow/.local/lib/python3.11/site-packages/airflow/example_dags/tutorial_objectstorage.py
[2024-02-27T15:07:52.596+0000] {processor.py:830} INFO - Processing file /home/airflow/.local/lib/python3.11/site-packages/airflow/example_dags/tutorial_objectstorage.py for tasks to queue
[2024-02-27T15:07:52.597+0000] {logging_mixin.py:188} INFO - [2024-02-27T15:07:52.597+0000] {dagbag.py:540} INFO - Filling up the DagBag from /home/airflow/.local/lib/python3.11/site-packages/airflow/example_dags/tutorial_objectstorage.py
[2024-02-27T15:07:52.601+0000] {processor.py:840} INFO - DAG(s) 'tutorial_objectstorage' retrieved from /home/airflow/.local/lib/python3.11/site-packages/airflow/example_dags/tutorial_objectstorage.py
[2024-02-27T15:07:52.612+0000] {logging_mixin.py:188} INFO - [2024-02-27T15:07:52.611+0000] {dag.py:3047} INFO - Sync 1 DAGs
[2024-02-27T15:07:52.618+0000] {logging_mixin.py:188} INFO - [2024-02-27T15:07:52.618+0000] {dag.py:3834} INFO - Setting next_dagrun for tutorial_objectstorage to None, run_after=None
[2024-02-27T15:07:52.629+0000] {processor.py:183} INFO - Processing /home/airflow/.local/lib/python3.11/site-packages/airflow/example_dags/tutorial_objectstorage.py took 0.036 seconds
[2024-02-27T15:08:22.698+0000] {processor.py:161} INFO - Started process (PID=458) to work on /home/airflow/.local/lib/python3.11/site-packages/airflow/example_dags/tutorial_objectstorage.py
[2024-02-27T15:08:22.699+0000] {processor.py:830} INFO - Processing file /home/airflow/.local/lib/python3.11/site-packages/airflow/example_dags/tutorial_objectstorage.py for tasks to queue
[2024-02-27T15:08:22.700+0000] {logging_mixin.py:188} INFO - [2024-02-27T15:08:22.700+0000] {dagbag.py:540} INFO - Filling up the DagBag from /home/airflow/.local/lib/python3.11/site-packages/airflow/example_dags/tutorial_objectstorage.py
[2024-02-27T15:08:22.704+0000] {processor.py:840} INFO - DAG(s) 'tutorial_objectstorage' retrieved from /home/airflow/.local/lib/python3.11/site-packages/airflow/example_dags/tutorial_objectstorage.py
[2024-02-27T15:08:22.715+0000] {logging_mixin.py:188} INFO - [2024-02-27T15:08:22.714+0000] {dag.py:3047} INFO - Sync 1 DAGs
[2024-02-27T15:08:22.722+0000] {logging_mixin.py:188} INFO - [2024-02-27T15:08:22.721+0000] {dag.py:3834} INFO - Setting next_dagrun for tutorial_objectstorage to None, run_after=None
[2024-02-27T15:08:22.732+0000] {processor.py:183} INFO - Processing /home/airflow/.local/lib/python3.11/site-packages/airflow/example_dags/tutorial_objectstorage.py took 0.035 seconds
[2024-02-27T15:08:52.783+0000] {processor.py:161} INFO - Started process (PID=513) to work on /home/airflow/.local/lib/python3.11/site-packages/airflow/example_dags/tutorial_objectstorage.py
[2024-02-27T15:08:52.784+0000] {processor.py:830} INFO - Processing file /home/airflow/.local/lib/python3.11/site-packages/airflow/example_dags/tutorial_objectstorage.py for tasks to queue
[2024-02-27T15:08:52.785+0000] {logging_mixin.py:188} INFO - [2024-02-27T15:08:52.785+0000] {dagbag.py:540} INFO - Filling up the DagBag from /home/airflow/.local/lib/python3.11/site-packages/airflow/example_dags/tutorial_objectstorage.py
[2024-02-27T15:08:52.789+0000] {processor.py:840} INFO - DAG(s) 'tutorial_objectstorage' retrieved from /home/airflow/.local/lib/python3.11/site-packages/airflow/example_dags/tutorial_objectstorage.py
[2024-02-27T15:08:52.800+0000] {logging_mixin.py:188} INFO - [2024-02-27T15:08:52.800+0000] {dag.py:3047} INFO - Sync 1 DAGs
[2024-02-27T15:08:52.807+0000] {logging_mixin.py:188} INFO - [2024-02-27T15:08:52.807+0000] {dag.py:3834} INFO - Setting next_dagrun for tutorial_objectstorage to None, run_after=None
[2024-02-27T15:08:52.818+0000] {processor.py:183} INFO - Processing /home/airflow/.local/lib/python3.11/site-packages/airflow/example_dags/tutorial_objectstorage.py took 0.036 seconds
[2024-02-27T15:09:23.081+0000] {processor.py:161} INFO - Started process (PID=568) to work on /home/airflow/.local/lib/python3.11/site-packages/airflow/example_dags/tutorial_objectstorage.py
[2024-02-27T15:09:23.082+0000] {processor.py:830} INFO - Processing file /home/airflow/.local/lib/python3.11/site-packages/airflow/example_dags/tutorial_objectstorage.py for tasks to queue
[2024-02-27T15:09:23.083+0000] {logging_mixin.py:188} INFO - [2024-02-27T15:09:23.083+0000] {dagbag.py:540} INFO - Filling up the DagBag from /home/airflow/.local/lib/python3.11/site-packages/airflow/example_dags/tutorial_objectstorage.py
[2024-02-27T15:09:23.088+0000] {processor.py:840} INFO - DAG(s) 'tutorial_objectstorage' retrieved from /home/airflow/.local/lib/python3.11/site-packages/airflow/example_dags/tutorial_objectstorage.py
[2024-02-27T15:09:23.099+0000] {logging_mixin.py:188} INFO - [2024-02-27T15:09:23.099+0000] {dag.py:3047} INFO - Sync 1 DAGs
[2024-02-27T15:09:23.106+0000] {logging_mixin.py:188} INFO - [2024-02-27T15:09:23.106+0000] {dag.py:3834} INFO - Setting next_dagrun for tutorial_objectstorage to None, run_after=None
[2024-02-27T15:09:23.117+0000] {processor.py:183} INFO - Processing /home/airflow/.local/lib/python3.11/site-packages/airflow/example_dags/tutorial_objectstorage.py took 0.038 seconds
[2024-02-27T15:09:53.188+0000] {processor.py:161} INFO - Started process (PID=623) to work on /home/airflow/.local/lib/python3.11/site-packages/airflow/example_dags/tutorial_objectstorage.py
[2024-02-27T15:09:53.189+0000] {processor.py:830} INFO - Processing file /home/airflow/.local/lib/python3.11/site-packages/airflow/example_dags/tutorial_objectstorage.py for tasks to queue
[2024-02-27T15:09:53.191+0000] {logging_mixin.py:188} INFO - [2024-02-27T15:09:53.190+0000] {dagbag.py:540} INFO - Filling up the DagBag from /home/airflow/.local/lib/python3.11/site-packages/airflow/example_dags/tutorial_objectstorage.py
[2024-02-27T15:09:53.195+0000] {processor.py:840} INFO - DAG(s) 'tutorial_objectstorage' retrieved from /home/airflow/.local/lib/python3.11/site-packages/airflow/example_dags/tutorial_objectstorage.py
[2024-02-27T15:09:53.206+0000] {logging_mixin.py:188} INFO - [2024-02-27T15:09:53.206+0000] {dag.py:3047} INFO - Sync 1 DAGs
[2024-02-27T15:09:53.213+0000] {logging_mixin.py:188} INFO - [2024-02-27T15:09:53.213+0000] {dag.py:3834} INFO - Setting next_dagrun for tutorial_objectstorage to None, run_after=None
[2024-02-27T15:09:53.225+0000] {processor.py:183} INFO - Processing /home/airflow/.local/lib/python3.11/site-packages/airflow/example_dags/tutorial_objectstorage.py took 0.039 seconds
[2024-02-27T15:10:23.300+0000] {processor.py:161} INFO - Started process (PID=678) to work on /home/airflow/.local/lib/python3.11/site-packages/airflow/example_dags/tutorial_objectstorage.py
[2024-02-27T15:10:23.301+0000] {processor.py:830} INFO - Processing file /home/airflow/.local/lib/python3.11/site-packages/airflow/example_dags/tutorial_objectstorage.py for tasks to queue
[2024-02-27T15:10:23.302+0000] {logging_mixin.py:188} INFO - [2024-02-27T15:10:23.302+0000] {dagbag.py:540} INFO - Filling up the DagBag from /home/airflow/.local/lib/python3.11/site-packages/airflow/example_dags/tutorial_objectstorage.py
[2024-02-27T15:10:23.306+0000] {processor.py:840} INFO - DAG(s) 'tutorial_objectstorage' retrieved from /home/airflow/.local/lib/python3.11/site-packages/airflow/example_dags/tutorial_objectstorage.py
[2024-02-27T15:10:23.317+0000] {logging_mixin.py:188} INFO - [2024-02-27T15:10:23.317+0000] {dag.py:3047} INFO - Sync 1 DAGs
[2024-02-27T15:10:23.324+0000] {logging_mixin.py:188} INFO - [2024-02-27T15:10:23.324+0000] {dag.py:3834} INFO - Setting next_dagrun for tutorial_objectstorage to None, run_after=None
[2024-02-27T15:10:23.336+0000] {processor.py:183} INFO - Processing /home/airflow/.local/lib/python3.11/site-packages/airflow/example_dags/tutorial_objectstorage.py took 0.038 seconds
[2024-02-27T15:10:54.306+0000] {processor.py:161} INFO - Started process (PID=733) to work on /home/airflow/.local/lib/python3.11/site-packages/airflow/example_dags/tutorial_objectstorage.py
[2024-02-27T15:10:54.307+0000] {processor.py:830} INFO - Processing file /home/airflow/.local/lib/python3.11/site-packages/airflow/example_dags/tutorial_objectstorage.py for tasks to queue
[2024-02-27T15:10:54.308+0000] {logging_mixin.py:188} INFO - [2024-02-27T15:10:54.308+0000] {dagbag.py:540} INFO - Filling up the DagBag from /home/airflow/.local/lib/python3.11/site-packages/airflow/example_dags/tutorial_objectstorage.py
[2024-02-27T15:10:54.312+0000] {processor.py:840} INFO - DAG(s) 'tutorial_objectstorage' retrieved from /home/airflow/.local/lib/python3.11/site-packages/airflow/example_dags/tutorial_objectstorage.py
[2024-02-27T15:10:54.324+0000] {logging_mixin.py:188} INFO - [2024-02-27T15:10:54.324+0000] {dag.py:3047} INFO - Sync 1 DAGs
[2024-02-27T15:10:54.331+0000] {logging_mixin.py:188} INFO - [2024-02-27T15:10:54.330+0000] {dag.py:3834} INFO - Setting next_dagrun for tutorial_objectstorage to None, run_after=None
[2024-02-27T15:10:54.341+0000] {processor.py:183} INFO - Processing /home/airflow/.local/lib/python3.11/site-packages/airflow/example_dags/tutorial_objectstorage.py took 0.037 seconds
[2024-02-27T15:11:24.602+0000] {processor.py:161} INFO - Started process (PID=788) to work on /home/airflow/.local/lib/python3.11/site-packages/airflow/example_dags/tutorial_objectstorage.py
[2024-02-27T15:11:24.603+0000] {processor.py:830} INFO - Processing file /home/airflow/.local/lib/python3.11/site-packages/airflow/example_dags/tutorial_objectstorage.py for tasks to queue
[2024-02-27T15:11:24.604+0000] {logging_mixin.py:188} INFO - [2024-02-27T15:11:24.604+0000] {dagbag.py:540} INFO - Filling up the DagBag from /home/airflow/.local/lib/python3.11/site-packages/airflow/example_dags/tutorial_objectstorage.py
[2024-02-27T15:11:24.609+0000] {processor.py:840} INFO - DAG(s) 'tutorial_objectstorage' retrieved from /home/airflow/.local/lib/python3.11/site-packages/airflow/example_dags/tutorial_objectstorage.py
[2024-02-27T15:11:24.619+0000] {logging_mixin.py:188} INFO - [2024-02-27T15:11:24.619+0000] {dag.py:3047} INFO - Sync 1 DAGs
[2024-02-27T15:11:24.626+0000] {logging_mixin.py:188} INFO - [2024-02-27T15:11:24.626+0000] {dag.py:3834} INFO - Setting next_dagrun for tutorial_objectstorage to None, run_after=None
[2024-02-27T15:11:24.637+0000] {processor.py:183} INFO - Processing /home/airflow/.local/lib/python3.11/site-packages/airflow/example_dags/tutorial_objectstorage.py took 0.037 seconds
[2024-02-27T15:11:54.692+0000] {processor.py:161} INFO - Started process (PID=844) to work on /home/airflow/.local/lib/python3.11/site-packages/airflow/example_dags/tutorial_objectstorage.py
[2024-02-27T15:11:54.693+0000] {processor.py:830} INFO - Processing file /home/airflow/.local/lib/python3.11/site-packages/airflow/example_dags/tutorial_objectstorage.py for tasks to queue
[2024-02-27T15:11:54.695+0000] {logging_mixin.py:188} INFO - [2024-02-27T15:11:54.695+0000] {dagbag.py:540} INFO - Filling up the DagBag from /home/airflow/.local/lib/python3.11/site-packages/airflow/example_dags/tutorial_objectstorage.py
[2024-02-27T15:11:54.700+0000] {processor.py:840} INFO - DAG(s) 'tutorial_objectstorage' retrieved from /home/airflow/.local/lib/python3.11/site-packages/airflow/example_dags/tutorial_objectstorage.py
[2024-02-27T15:11:54.714+0000] {logging_mixin.py:188} INFO - [2024-02-27T15:11:54.713+0000] {dag.py:3047} INFO - Sync 1 DAGs
[2024-02-27T15:11:54.721+0000] {logging_mixin.py:188} INFO - [2024-02-27T15:11:54.721+0000] {dag.py:3834} INFO - Setting next_dagrun for tutorial_objectstorage to None, run_after=None
[2024-02-27T15:11:54.815+0000] {processor.py:183} INFO - Processing /home/airflow/.local/lib/python3.11/site-packages/airflow/example_dags/tutorial_objectstorage.py took 0.124 seconds
[2024-02-27T15:12:24.916+0000] {processor.py:161} INFO - Started process (PID=899) to work on /home/airflow/.local/lib/python3.11/site-packages/airflow/example_dags/tutorial_objectstorage.py
[2024-02-27T15:12:24.916+0000] {processor.py:830} INFO - Processing file /home/airflow/.local/lib/python3.11/site-packages/airflow/example_dags/tutorial_objectstorage.py for tasks to queue
[2024-02-27T15:12:24.918+0000] {logging_mixin.py:188} INFO - [2024-02-27T15:12:24.918+0000] {dagbag.py:540} INFO - Filling up the DagBag from /home/airflow/.local/lib/python3.11/site-packages/airflow/example_dags/tutorial_objectstorage.py
[2024-02-27T15:12:24.922+0000] {processor.py:840} INFO - DAG(s) 'tutorial_objectstorage' retrieved from /home/airflow/.local/lib/python3.11/site-packages/airflow/example_dags/tutorial_objectstorage.py
[2024-02-27T15:12:24.933+0000] {logging_mixin.py:188} INFO - [2024-02-27T15:12:24.933+0000] {dag.py:3047} INFO - Sync 1 DAGs
[2024-02-27T15:12:24.940+0000] {logging_mixin.py:188} INFO - [2024-02-27T15:12:24.940+0000] {dag.py:3834} INFO - Setting next_dagrun for tutorial_objectstorage to None, run_after=None
[2024-02-27T15:12:24.950+0000] {processor.py:183} INFO - Processing /home/airflow/.local/lib/python3.11/site-packages/airflow/example_dags/tutorial_objectstorage.py took 0.036 seconds
[2024-02-27T15:12:54.984+0000] {processor.py:161} INFO - Started process (PID=954) to work on /home/airflow/.local/lib/python3.11/site-packages/airflow/example_dags/tutorial_objectstorage.py
[2024-02-27T15:12:54.985+0000] {processor.py:830} INFO - Processing file /home/airflow/.local/lib/python3.11/site-packages/airflow/example_dags/tutorial_objectstorage.py for tasks to queue
[2024-02-27T15:12:54.987+0000] {logging_mixin.py:188} INFO - [2024-02-27T15:12:54.987+0000] {dagbag.py:540} INFO - Filling up the DagBag from /home/airflow/.local/lib/python3.11/site-packages/airflow/example_dags/tutorial_objectstorage.py
[2024-02-27T15:12:54.991+0000] {processor.py:840} INFO - DAG(s) 'tutorial_objectstorage' retrieved from /home/airflow/.local/lib/python3.11/site-packages/airflow/example_dags/tutorial_objectstorage.py
[2024-02-27T15:12:55.003+0000] {logging_mixin.py:188} INFO - [2024-02-27T15:12:55.003+0000] {dag.py:3047} INFO - Sync 1 DAGs
[2024-02-27T15:12:55.011+0000] {logging_mixin.py:188} INFO - [2024-02-27T15:12:55.011+0000] {dag.py:3834} INFO - Setting next_dagrun for tutorial_objectstorage to None, run_after=None
[2024-02-27T15:12:55.022+0000] {processor.py:183} INFO - Processing /home/airflow/.local/lib/python3.11/site-packages/airflow/example_dags/tutorial_objectstorage.py took 0.040 seconds
[2024-02-27T15:20:39.907+0000] {processor.py:161} INFO - Started process (PID=73) to work on /home/airflow/.local/lib/python3.11/site-packages/airflow/example_dags/tutorial_objectstorage.py
[2024-02-27T15:20:39.908+0000] {processor.py:830} INFO - Processing file /home/airflow/.local/lib/python3.11/site-packages/airflow/example_dags/tutorial_objectstorage.py for tasks to queue
[2024-02-27T15:20:39.909+0000] {logging_mixin.py:188} INFO - [2024-02-27T15:20:39.909+0000] {dagbag.py:540} INFO - Filling up the DagBag from /home/airflow/.local/lib/python3.11/site-packages/airflow/example_dags/tutorial_objectstorage.py
[2024-02-27T15:20:39.915+0000] {processor.py:840} INFO - DAG(s) 'tutorial_objectstorage' retrieved from /home/airflow/.local/lib/python3.11/site-packages/airflow/example_dags/tutorial_objectstorage.py
[2024-02-27T15:20:39.939+0000] {logging_mixin.py:188} INFO - [2024-02-27T15:20:39.939+0000] {dag.py:3047} INFO - Sync 1 DAGs
[2024-02-27T15:20:39.956+0000] {logging_mixin.py:188} INFO - [2024-02-27T15:20:39.956+0000] {dag.py:3834} INFO - Setting next_dagrun for tutorial_objectstorage to None, run_after=None
[2024-02-27T15:20:39.987+0000] {processor.py:183} INFO - Processing /home/airflow/.local/lib/python3.11/site-packages/airflow/example_dags/tutorial_objectstorage.py took 0.082 seconds
[2024-02-27T15:21:11.003+0000] {processor.py:161} INFO - Started process (PID=128) to work on /home/airflow/.local/lib/python3.11/site-packages/airflow/example_dags/tutorial_objectstorage.py
[2024-02-27T15:21:11.004+0000] {processor.py:830} INFO - Processing file /home/airflow/.local/lib/python3.11/site-packages/airflow/example_dags/tutorial_objectstorage.py for tasks to queue
[2024-02-27T15:21:11.006+0000] {logging_mixin.py:188} INFO - [2024-02-27T15:21:11.005+0000] {dagbag.py:540} INFO - Filling up the DagBag from /home/airflow/.local/lib/python3.11/site-packages/airflow/example_dags/tutorial_objectstorage.py
[2024-02-27T15:21:11.010+0000] {processor.py:840} INFO - DAG(s) 'tutorial_objectstorage' retrieved from /home/airflow/.local/lib/python3.11/site-packages/airflow/example_dags/tutorial_objectstorage.py
[2024-02-27T15:21:11.091+0000] {logging_mixin.py:188} INFO - [2024-02-27T15:21:11.091+0000] {dag.py:3047} INFO - Sync 1 DAGs
[2024-02-27T15:21:11.103+0000] {logging_mixin.py:188} INFO - [2024-02-27T15:21:11.102+0000] {dag.py:3834} INFO - Setting next_dagrun for tutorial_objectstorage to None, run_after=None
[2024-02-27T15:21:11.121+0000] {processor.py:183} INFO - Processing /home/airflow/.local/lib/python3.11/site-packages/airflow/example_dags/tutorial_objectstorage.py took 0.120 seconds
