[2024-02-27T15:04:49.998+0000] {processor.py:161} INFO - Started process (PID=80) to work on /home/airflow/.local/lib/python3.11/site-packages/airflow/example_dags/tutorial_taskflow_api.py
[2024-02-27T15:04:49.999+0000] {processor.py:830} INFO - Processing file /home/airflow/.local/lib/python3.11/site-packages/airflow/example_dags/tutorial_taskflow_api.py for tasks to queue
[2024-02-27T15:04:50.000+0000] {logging_mixin.py:188} INFO - [2024-02-27T15:04:50.000+0000] {dagbag.py:540} INFO - Filling up the DagBag from /home/airflow/.local/lib/python3.11/site-packages/airflow/example_dags/tutorial_taskflow_api.py
[2024-02-27T15:04:50.005+0000] {processor.py:840} INFO - DAG(s) 'tutorial_taskflow_api' retrieved from /home/airflow/.local/lib/python3.11/site-packages/airflow/example_dags/tutorial_taskflow_api.py
[2024-02-27T15:04:50.011+0000] {logging_mixin.py:188} INFO - [2024-02-27T15:04:50.011+0000] {dag.py:3047} INFO - Sync 1 DAGs
[2024-02-27T15:04:50.018+0000] {logging_mixin.py:188} INFO - [2024-02-27T15:04:50.018+0000] {dag.py:3834} INFO - Setting next_dagrun for tutorial_taskflow_api to None, run_after=None
[2024-02-27T15:04:50.029+0000] {processor.py:183} INFO - Processing /home/airflow/.local/lib/python3.11/site-packages/airflow/example_dags/tutorial_taskflow_api.py took 0.033 seconds
[2024-02-27T15:05:20.743+0000] {processor.py:161} INFO - Started process (PID=135) to work on /home/airflow/.local/lib/python3.11/site-packages/airflow/example_dags/tutorial_taskflow_api.py
[2024-02-27T15:05:20.744+0000] {processor.py:830} INFO - Processing file /home/airflow/.local/lib/python3.11/site-packages/airflow/example_dags/tutorial_taskflow_api.py for tasks to queue
[2024-02-27T15:05:20.745+0000] {logging_mixin.py:188} INFO - [2024-02-27T15:05:20.745+0000] {dagbag.py:540} INFO - Filling up the DagBag from /home/airflow/.local/lib/python3.11/site-packages/airflow/example_dags/tutorial_taskflow_api.py
[2024-02-27T15:05:20.749+0000] {processor.py:840} INFO - DAG(s) 'tutorial_taskflow_api' retrieved from /home/airflow/.local/lib/python3.11/site-packages/airflow/example_dags/tutorial_taskflow_api.py
[2024-02-27T15:05:20.813+0000] {logging_mixin.py:188} INFO - [2024-02-27T15:05:20.813+0000] {dag.py:3047} INFO - Sync 1 DAGs
[2024-02-27T15:05:20.819+0000] {logging_mixin.py:188} INFO - [2024-02-27T15:05:20.819+0000] {dag.py:3834} INFO - Setting next_dagrun for tutorial_taskflow_api to None, run_after=None
[2024-02-27T15:05:20.831+0000] {processor.py:183} INFO - Processing /home/airflow/.local/lib/python3.11/site-packages/airflow/example_dags/tutorial_taskflow_api.py took 0.090 seconds
[2024-02-27T15:05:51.595+0000] {processor.py:161} INFO - Started process (PID=190) to work on /home/airflow/.local/lib/python3.11/site-packages/airflow/example_dags/tutorial_taskflow_api.py
[2024-02-27T15:05:51.596+0000] {processor.py:830} INFO - Processing file /home/airflow/.local/lib/python3.11/site-packages/airflow/example_dags/tutorial_taskflow_api.py for tasks to queue
[2024-02-27T15:05:51.597+0000] {logging_mixin.py:188} INFO - [2024-02-27T15:05:51.597+0000] {dagbag.py:540} INFO - Filling up the DagBag from /home/airflow/.local/lib/python3.11/site-packages/airflow/example_dags/tutorial_taskflow_api.py
[2024-02-27T15:05:51.601+0000] {processor.py:840} INFO - DAG(s) 'tutorial_taskflow_api' retrieved from /home/airflow/.local/lib/python3.11/site-packages/airflow/example_dags/tutorial_taskflow_api.py
[2024-02-27T15:05:51.612+0000] {logging_mixin.py:188} INFO - [2024-02-27T15:05:51.612+0000] {dag.py:3047} INFO - Sync 1 DAGs
[2024-02-27T15:05:51.619+0000] {logging_mixin.py:188} INFO - [2024-02-27T15:05:51.619+0000] {dag.py:3834} INFO - Setting next_dagrun for tutorial_taskflow_api to None, run_after=None
[2024-02-27T15:05:51.631+0000] {processor.py:183} INFO - Processing /home/airflow/.local/lib/python3.11/site-packages/airflow/example_dags/tutorial_taskflow_api.py took 0.037 seconds
[2024-02-27T15:06:22.519+0000] {processor.py:161} INFO - Started process (PID=245) to work on /home/airflow/.local/lib/python3.11/site-packages/airflow/example_dags/tutorial_taskflow_api.py
[2024-02-27T15:06:22.519+0000] {processor.py:830} INFO - Processing file /home/airflow/.local/lib/python3.11/site-packages/airflow/example_dags/tutorial_taskflow_api.py for tasks to queue
[2024-02-27T15:06:22.521+0000] {logging_mixin.py:188} INFO - [2024-02-27T15:06:22.520+0000] {dagbag.py:540} INFO - Filling up the DagBag from /home/airflow/.local/lib/python3.11/site-packages/airflow/example_dags/tutorial_taskflow_api.py
[2024-02-27T15:06:22.525+0000] {processor.py:840} INFO - DAG(s) 'tutorial_taskflow_api' retrieved from /home/airflow/.local/lib/python3.11/site-packages/airflow/example_dags/tutorial_taskflow_api.py
[2024-02-27T15:06:22.536+0000] {logging_mixin.py:188} INFO - [2024-02-27T15:06:22.536+0000] {dag.py:3047} INFO - Sync 1 DAGs
[2024-02-27T15:06:22.543+0000] {logging_mixin.py:188} INFO - [2024-02-27T15:06:22.543+0000] {dag.py:3834} INFO - Setting next_dagrun for tutorial_taskflow_api to None, run_after=None
[2024-02-27T15:06:22.555+0000] {processor.py:183} INFO - Processing /home/airflow/.local/lib/python3.11/site-packages/airflow/example_dags/tutorial_taskflow_api.py took 0.038 seconds
[2024-02-27T15:06:53.524+0000] {processor.py:161} INFO - Started process (PID=300) to work on /home/airflow/.local/lib/python3.11/site-packages/airflow/example_dags/tutorial_taskflow_api.py
[2024-02-27T15:06:53.525+0000] {processor.py:830} INFO - Processing file /home/airflow/.local/lib/python3.11/site-packages/airflow/example_dags/tutorial_taskflow_api.py for tasks to queue
[2024-02-27T15:06:53.528+0000] {logging_mixin.py:188} INFO - [2024-02-27T15:06:53.527+0000] {dagbag.py:540} INFO - Filling up the DagBag from /home/airflow/.local/lib/python3.11/site-packages/airflow/example_dags/tutorial_taskflow_api.py
[2024-02-27T15:06:53.532+0000] {processor.py:840} INFO - DAG(s) 'tutorial_taskflow_api' retrieved from /home/airflow/.local/lib/python3.11/site-packages/airflow/example_dags/tutorial_taskflow_api.py
[2024-02-27T15:06:53.544+0000] {logging_mixin.py:188} INFO - [2024-02-27T15:06:53.543+0000] {dag.py:3047} INFO - Sync 1 DAGs
[2024-02-27T15:06:53.551+0000] {logging_mixin.py:188} INFO - [2024-02-27T15:06:53.551+0000] {dag.py:3834} INFO - Setting next_dagrun for tutorial_taskflow_api to None, run_after=None
[2024-02-27T15:06:53.562+0000] {processor.py:183} INFO - Processing /home/airflow/.local/lib/python3.11/site-packages/airflow/example_dags/tutorial_taskflow_api.py took 0.040 seconds
[2024-02-27T15:07:23.776+0000] {processor.py:161} INFO - Started process (PID=355) to work on /home/airflow/.local/lib/python3.11/site-packages/airflow/example_dags/tutorial_taskflow_api.py
[2024-02-27T15:07:23.781+0000] {processor.py:830} INFO - Processing file /home/airflow/.local/lib/python3.11/site-packages/airflow/example_dags/tutorial_taskflow_api.py for tasks to queue
[2024-02-27T15:07:23.786+0000] {logging_mixin.py:188} INFO - [2024-02-27T15:07:23.786+0000] {dagbag.py:540} INFO - Filling up the DagBag from /home/airflow/.local/lib/python3.11/site-packages/airflow/example_dags/tutorial_taskflow_api.py
[2024-02-27T15:07:23.795+0000] {processor.py:840} INFO - DAG(s) 'tutorial_taskflow_api' retrieved from /home/airflow/.local/lib/python3.11/site-packages/airflow/example_dags/tutorial_taskflow_api.py
[2024-02-27T15:07:23.808+0000] {logging_mixin.py:188} INFO - [2024-02-27T15:07:23.807+0000] {dag.py:3047} INFO - Sync 1 DAGs
[2024-02-27T15:07:23.818+0000] {logging_mixin.py:188} INFO - [2024-02-27T15:07:23.818+0000] {dag.py:3834} INFO - Setting next_dagrun for tutorial_taskflow_api to None, run_after=None
[2024-02-27T15:07:23.832+0000] {processor.py:183} INFO - Processing /home/airflow/.local/lib/python3.11/site-packages/airflow/example_dags/tutorial_taskflow_api.py took 0.059 seconds
[2024-02-27T15:07:53.890+0000] {processor.py:161} INFO - Started process (PID=410) to work on /home/airflow/.local/lib/python3.11/site-packages/airflow/example_dags/tutorial_taskflow_api.py
[2024-02-27T15:07:53.891+0000] {processor.py:830} INFO - Processing file /home/airflow/.local/lib/python3.11/site-packages/airflow/example_dags/tutorial_taskflow_api.py for tasks to queue
[2024-02-27T15:07:53.892+0000] {logging_mixin.py:188} INFO - [2024-02-27T15:07:53.891+0000] {dagbag.py:540} INFO - Filling up the DagBag from /home/airflow/.local/lib/python3.11/site-packages/airflow/example_dags/tutorial_taskflow_api.py
[2024-02-27T15:07:53.895+0000] {processor.py:840} INFO - DAG(s) 'tutorial_taskflow_api' retrieved from /home/airflow/.local/lib/python3.11/site-packages/airflow/example_dags/tutorial_taskflow_api.py
[2024-02-27T15:07:53.906+0000] {logging_mixin.py:188} INFO - [2024-02-27T15:07:53.906+0000] {dag.py:3047} INFO - Sync 1 DAGs
[2024-02-27T15:07:53.913+0000] {logging_mixin.py:188} INFO - [2024-02-27T15:07:53.913+0000] {dag.py:3834} INFO - Setting next_dagrun for tutorial_taskflow_api to None, run_after=None
[2024-02-27T15:07:53.924+0000] {processor.py:183} INFO - Processing /home/airflow/.local/lib/python3.11/site-packages/airflow/example_dags/tutorial_taskflow_api.py took 0.036 seconds
[2024-02-27T15:08:24.028+0000] {processor.py:161} INFO - Started process (PID=465) to work on /home/airflow/.local/lib/python3.11/site-packages/airflow/example_dags/tutorial_taskflow_api.py
[2024-02-27T15:08:24.029+0000] {processor.py:830} INFO - Processing file /home/airflow/.local/lib/python3.11/site-packages/airflow/example_dags/tutorial_taskflow_api.py for tasks to queue
[2024-02-27T15:08:24.031+0000] {logging_mixin.py:188} INFO - [2024-02-27T15:08:24.030+0000] {dagbag.py:540} INFO - Filling up the DagBag from /home/airflow/.local/lib/python3.11/site-packages/airflow/example_dags/tutorial_taskflow_api.py
[2024-02-27T15:08:24.035+0000] {processor.py:840} INFO - DAG(s) 'tutorial_taskflow_api' retrieved from /home/airflow/.local/lib/python3.11/site-packages/airflow/example_dags/tutorial_taskflow_api.py
[2024-02-27T15:08:24.046+0000] {logging_mixin.py:188} INFO - [2024-02-27T15:08:24.046+0000] {dag.py:3047} INFO - Sync 1 DAGs
[2024-02-27T15:08:24.054+0000] {logging_mixin.py:188} INFO - [2024-02-27T15:08:24.053+0000] {dag.py:3834} INFO - Setting next_dagrun for tutorial_taskflow_api to None, run_after=None
[2024-02-27T15:08:24.064+0000] {processor.py:183} INFO - Processing /home/airflow/.local/lib/python3.11/site-packages/airflow/example_dags/tutorial_taskflow_api.py took 0.038 seconds
[2024-02-27T15:08:54.119+0000] {processor.py:161} INFO - Started process (PID=519) to work on /home/airflow/.local/lib/python3.11/site-packages/airflow/example_dags/tutorial_taskflow_api.py
[2024-02-27T15:08:54.119+0000] {processor.py:830} INFO - Processing file /home/airflow/.local/lib/python3.11/site-packages/airflow/example_dags/tutorial_taskflow_api.py for tasks to queue
[2024-02-27T15:08:54.121+0000] {logging_mixin.py:188} INFO - [2024-02-27T15:08:54.120+0000] {dagbag.py:540} INFO - Filling up the DagBag from /home/airflow/.local/lib/python3.11/site-packages/airflow/example_dags/tutorial_taskflow_api.py
[2024-02-27T15:08:54.124+0000] {processor.py:840} INFO - DAG(s) 'tutorial_taskflow_api' retrieved from /home/airflow/.local/lib/python3.11/site-packages/airflow/example_dags/tutorial_taskflow_api.py
[2024-02-27T15:08:54.136+0000] {logging_mixin.py:188} INFO - [2024-02-27T15:08:54.136+0000] {dag.py:3047} INFO - Sync 1 DAGs
[2024-02-27T15:08:54.143+0000] {logging_mixin.py:188} INFO - [2024-02-27T15:08:54.143+0000] {dag.py:3834} INFO - Setting next_dagrun for tutorial_taskflow_api to None, run_after=None
[2024-02-27T15:08:54.154+0000] {processor.py:183} INFO - Processing /home/airflow/.local/lib/python3.11/site-packages/airflow/example_dags/tutorial_taskflow_api.py took 0.037 seconds
[2024-02-27T15:09:24.314+0000] {processor.py:161} INFO - Started process (PID=574) to work on /home/airflow/.local/lib/python3.11/site-packages/airflow/example_dags/tutorial_taskflow_api.py
[2024-02-27T15:09:24.314+0000] {processor.py:830} INFO - Processing file /home/airflow/.local/lib/python3.11/site-packages/airflow/example_dags/tutorial_taskflow_api.py for tasks to queue
[2024-02-27T15:09:24.315+0000] {logging_mixin.py:188} INFO - [2024-02-27T15:09:24.315+0000] {dagbag.py:540} INFO - Filling up the DagBag from /home/airflow/.local/lib/python3.11/site-packages/airflow/example_dags/tutorial_taskflow_api.py
[2024-02-27T15:09:24.320+0000] {processor.py:840} INFO - DAG(s) 'tutorial_taskflow_api' retrieved from /home/airflow/.local/lib/python3.11/site-packages/airflow/example_dags/tutorial_taskflow_api.py
[2024-02-27T15:09:24.331+0000] {logging_mixin.py:188} INFO - [2024-02-27T15:09:24.331+0000] {dag.py:3047} INFO - Sync 1 DAGs
[2024-02-27T15:09:24.339+0000] {logging_mixin.py:188} INFO - [2024-02-27T15:09:24.338+0000] {dag.py:3834} INFO - Setting next_dagrun for tutorial_taskflow_api to None, run_after=None
[2024-02-27T15:09:24.350+0000] {processor.py:183} INFO - Processing /home/airflow/.local/lib/python3.11/site-packages/airflow/example_dags/tutorial_taskflow_api.py took 0.038 seconds
[2024-02-27T15:09:54.419+0000] {processor.py:161} INFO - Started process (PID=629) to work on /home/airflow/.local/lib/python3.11/site-packages/airflow/example_dags/tutorial_taskflow_api.py
[2024-02-27T15:09:54.420+0000] {processor.py:830} INFO - Processing file /home/airflow/.local/lib/python3.11/site-packages/airflow/example_dags/tutorial_taskflow_api.py for tasks to queue
[2024-02-27T15:09:54.421+0000] {logging_mixin.py:188} INFO - [2024-02-27T15:09:54.421+0000] {dagbag.py:540} INFO - Filling up the DagBag from /home/airflow/.local/lib/python3.11/site-packages/airflow/example_dags/tutorial_taskflow_api.py
[2024-02-27T15:09:54.425+0000] {processor.py:840} INFO - DAG(s) 'tutorial_taskflow_api' retrieved from /home/airflow/.local/lib/python3.11/site-packages/airflow/example_dags/tutorial_taskflow_api.py
[2024-02-27T15:09:54.437+0000] {logging_mixin.py:188} INFO - [2024-02-27T15:09:54.436+0000] {dag.py:3047} INFO - Sync 1 DAGs
[2024-02-27T15:09:54.443+0000] {logging_mixin.py:188} INFO - [2024-02-27T15:09:54.443+0000] {dag.py:3834} INFO - Setting next_dagrun for tutorial_taskflow_api to None, run_after=None
[2024-02-27T15:09:54.454+0000] {processor.py:183} INFO - Processing /home/airflow/.local/lib/python3.11/site-packages/airflow/example_dags/tutorial_taskflow_api.py took 0.037 seconds
[2024-02-27T15:10:25.454+0000] {processor.py:161} INFO - Started process (PID=685) to work on /home/airflow/.local/lib/python3.11/site-packages/airflow/example_dags/tutorial_taskflow_api.py
[2024-02-27T15:10:25.455+0000] {processor.py:830} INFO - Processing file /home/airflow/.local/lib/python3.11/site-packages/airflow/example_dags/tutorial_taskflow_api.py for tasks to queue
[2024-02-27T15:10:25.456+0000] {logging_mixin.py:188} INFO - [2024-02-27T15:10:25.456+0000] {dagbag.py:540} INFO - Filling up the DagBag from /home/airflow/.local/lib/python3.11/site-packages/airflow/example_dags/tutorial_taskflow_api.py
[2024-02-27T15:10:25.460+0000] {processor.py:840} INFO - DAG(s) 'tutorial_taskflow_api' retrieved from /home/airflow/.local/lib/python3.11/site-packages/airflow/example_dags/tutorial_taskflow_api.py
[2024-02-27T15:10:25.472+0000] {logging_mixin.py:188} INFO - [2024-02-27T15:10:25.472+0000] {dag.py:3047} INFO - Sync 1 DAGs
[2024-02-27T15:10:25.481+0000] {logging_mixin.py:188} INFO - [2024-02-27T15:10:25.481+0000] {dag.py:3834} INFO - Setting next_dagrun for tutorial_taskflow_api to None, run_after=None
[2024-02-27T15:10:25.493+0000] {processor.py:183} INFO - Processing /home/airflow/.local/lib/python3.11/site-packages/airflow/example_dags/tutorial_taskflow_api.py took 0.041 seconds
[2024-02-27T15:10:55.563+0000] {processor.py:161} INFO - Started process (PID=739) to work on /home/airflow/.local/lib/python3.11/site-packages/airflow/example_dags/tutorial_taskflow_api.py
[2024-02-27T15:10:55.564+0000] {processor.py:830} INFO - Processing file /home/airflow/.local/lib/python3.11/site-packages/airflow/example_dags/tutorial_taskflow_api.py for tasks to queue
[2024-02-27T15:10:55.566+0000] {logging_mixin.py:188} INFO - [2024-02-27T15:10:55.565+0000] {dagbag.py:540} INFO - Filling up the DagBag from /home/airflow/.local/lib/python3.11/site-packages/airflow/example_dags/tutorial_taskflow_api.py
[2024-02-27T15:10:55.569+0000] {processor.py:840} INFO - DAG(s) 'tutorial_taskflow_api' retrieved from /home/airflow/.local/lib/python3.11/site-packages/airflow/example_dags/tutorial_taskflow_api.py
[2024-02-27T15:10:55.581+0000] {logging_mixin.py:188} INFO - [2024-02-27T15:10:55.581+0000] {dag.py:3047} INFO - Sync 1 DAGs
[2024-02-27T15:10:55.588+0000] {logging_mixin.py:188} INFO - [2024-02-27T15:10:55.588+0000] {dag.py:3834} INFO - Setting next_dagrun for tutorial_taskflow_api to None, run_after=None
[2024-02-27T15:10:55.598+0000] {processor.py:183} INFO - Processing /home/airflow/.local/lib/python3.11/site-packages/airflow/example_dags/tutorial_taskflow_api.py took 0.037 seconds
[2024-02-27T15:11:25.750+0000] {processor.py:161} INFO - Started process (PID=794) to work on /home/airflow/.local/lib/python3.11/site-packages/airflow/example_dags/tutorial_taskflow_api.py
[2024-02-27T15:11:25.750+0000] {processor.py:830} INFO - Processing file /home/airflow/.local/lib/python3.11/site-packages/airflow/example_dags/tutorial_taskflow_api.py for tasks to queue
[2024-02-27T15:11:25.751+0000] {logging_mixin.py:188} INFO - [2024-02-27T15:11:25.751+0000] {dagbag.py:540} INFO - Filling up the DagBag from /home/airflow/.local/lib/python3.11/site-packages/airflow/example_dags/tutorial_taskflow_api.py
[2024-02-27T15:11:25.755+0000] {processor.py:840} INFO - DAG(s) 'tutorial_taskflow_api' retrieved from /home/airflow/.local/lib/python3.11/site-packages/airflow/example_dags/tutorial_taskflow_api.py
[2024-02-27T15:11:25.766+0000] {logging_mixin.py:188} INFO - [2024-02-27T15:11:25.766+0000] {dag.py:3047} INFO - Sync 1 DAGs
[2024-02-27T15:11:25.773+0000] {logging_mixin.py:188} INFO - [2024-02-27T15:11:25.773+0000] {dag.py:3834} INFO - Setting next_dagrun for tutorial_taskflow_api to None, run_after=None
[2024-02-27T15:11:25.784+0000] {processor.py:183} INFO - Processing /home/airflow/.local/lib/python3.11/site-packages/airflow/example_dags/tutorial_taskflow_api.py took 0.036 seconds
[2024-02-27T15:11:56.015+0000] {processor.py:161} INFO - Started process (PID=850) to work on /home/airflow/.local/lib/python3.11/site-packages/airflow/example_dags/tutorial_taskflow_api.py
[2024-02-27T15:11:56.016+0000] {processor.py:830} INFO - Processing file /home/airflow/.local/lib/python3.11/site-packages/airflow/example_dags/tutorial_taskflow_api.py for tasks to queue
[2024-02-27T15:11:56.017+0000] {logging_mixin.py:188} INFO - [2024-02-27T15:11:56.017+0000] {dagbag.py:540} INFO - Filling up the DagBag from /home/airflow/.local/lib/python3.11/site-packages/airflow/example_dags/tutorial_taskflow_api.py
[2024-02-27T15:11:56.021+0000] {processor.py:840} INFO - DAG(s) 'tutorial_taskflow_api' retrieved from /home/airflow/.local/lib/python3.11/site-packages/airflow/example_dags/tutorial_taskflow_api.py
[2024-02-27T15:11:56.032+0000] {logging_mixin.py:188} INFO - [2024-02-27T15:11:56.032+0000] {dag.py:3047} INFO - Sync 1 DAGs
[2024-02-27T15:11:56.039+0000] {logging_mixin.py:188} INFO - [2024-02-27T15:11:56.039+0000] {dag.py:3834} INFO - Setting next_dagrun for tutorial_taskflow_api to None, run_after=None
[2024-02-27T15:11:56.050+0000] {processor.py:183} INFO - Processing /home/airflow/.local/lib/python3.11/site-packages/airflow/example_dags/tutorial_taskflow_api.py took 0.037 seconds
[2024-02-27T15:12:26.119+0000] {processor.py:161} INFO - Started process (PID=905) to work on /home/airflow/.local/lib/python3.11/site-packages/airflow/example_dags/tutorial_taskflow_api.py
[2024-02-27T15:12:26.120+0000] {processor.py:830} INFO - Processing file /home/airflow/.local/lib/python3.11/site-packages/airflow/example_dags/tutorial_taskflow_api.py for tasks to queue
[2024-02-27T15:12:26.121+0000] {logging_mixin.py:188} INFO - [2024-02-27T15:12:26.121+0000] {dagbag.py:540} INFO - Filling up the DagBag from /home/airflow/.local/lib/python3.11/site-packages/airflow/example_dags/tutorial_taskflow_api.py
[2024-02-27T15:12:26.125+0000] {processor.py:840} INFO - DAG(s) 'tutorial_taskflow_api' retrieved from /home/airflow/.local/lib/python3.11/site-packages/airflow/example_dags/tutorial_taskflow_api.py
[2024-02-27T15:12:26.136+0000] {logging_mixin.py:188} INFO - [2024-02-27T15:12:26.136+0000] {dag.py:3047} INFO - Sync 1 DAGs
[2024-02-27T15:12:26.143+0000] {logging_mixin.py:188} INFO - [2024-02-27T15:12:26.143+0000] {dag.py:3834} INFO - Setting next_dagrun for tutorial_taskflow_api to None, run_after=None
[2024-02-27T15:12:26.154+0000] {processor.py:183} INFO - Processing /home/airflow/.local/lib/python3.11/site-packages/airflow/example_dags/tutorial_taskflow_api.py took 0.037 seconds
[2024-02-27T15:12:56.228+0000] {processor.py:161} INFO - Started process (PID=960) to work on /home/airflow/.local/lib/python3.11/site-packages/airflow/example_dags/tutorial_taskflow_api.py
[2024-02-27T15:12:56.230+0000] {processor.py:830} INFO - Processing file /home/airflow/.local/lib/python3.11/site-packages/airflow/example_dags/tutorial_taskflow_api.py for tasks to queue
[2024-02-27T15:12:56.231+0000] {logging_mixin.py:188} INFO - [2024-02-27T15:12:56.231+0000] {dagbag.py:540} INFO - Filling up the DagBag from /home/airflow/.local/lib/python3.11/site-packages/airflow/example_dags/tutorial_taskflow_api.py
[2024-02-27T15:12:56.236+0000] {processor.py:840} INFO - DAG(s) 'tutorial_taskflow_api' retrieved from /home/airflow/.local/lib/python3.11/site-packages/airflow/example_dags/tutorial_taskflow_api.py
[2024-02-27T15:12:56.247+0000] {logging_mixin.py:188} INFO - [2024-02-27T15:12:56.247+0000] {dag.py:3047} INFO - Sync 1 DAGs
[2024-02-27T15:12:56.254+0000] {logging_mixin.py:188} INFO - [2024-02-27T15:12:56.254+0000] {dag.py:3834} INFO - Setting next_dagrun for tutorial_taskflow_api to None, run_after=None
[2024-02-27T15:12:56.265+0000] {processor.py:183} INFO - Processing /home/airflow/.local/lib/python3.11/site-packages/airflow/example_dags/tutorial_taskflow_api.py took 0.040 seconds
[2024-02-27T15:20:40.345+0000] {processor.py:161} INFO - Started process (PID=80) to work on /home/airflow/.local/lib/python3.11/site-packages/airflow/example_dags/tutorial_taskflow_api.py
[2024-02-27T15:20:40.346+0000] {processor.py:830} INFO - Processing file /home/airflow/.local/lib/python3.11/site-packages/airflow/example_dags/tutorial_taskflow_api.py for tasks to queue
[2024-02-27T15:20:40.347+0000] {logging_mixin.py:188} INFO - [2024-02-27T15:20:40.347+0000] {dagbag.py:540} INFO - Filling up the DagBag from /home/airflow/.local/lib/python3.11/site-packages/airflow/example_dags/tutorial_taskflow_api.py
[2024-02-27T15:20:40.352+0000] {processor.py:840} INFO - DAG(s) 'tutorial_taskflow_api' retrieved from /home/airflow/.local/lib/python3.11/site-packages/airflow/example_dags/tutorial_taskflow_api.py
[2024-02-27T15:20:40.375+0000] {logging_mixin.py:188} INFO - [2024-02-27T15:20:40.375+0000] {dag.py:3047} INFO - Sync 1 DAGs
[2024-02-27T15:20:40.386+0000] {logging_mixin.py:188} INFO - [2024-02-27T15:20:40.386+0000] {dag.py:3834} INFO - Setting next_dagrun for tutorial_taskflow_api to None, run_after=None
[2024-02-27T15:20:40.410+0000] {processor.py:183} INFO - Processing /home/airflow/.local/lib/python3.11/site-packages/airflow/example_dags/tutorial_taskflow_api.py took 0.067 seconds
[2024-02-27T15:21:11.547+0000] {processor.py:161} INFO - Started process (PID=135) to work on /home/airflow/.local/lib/python3.11/site-packages/airflow/example_dags/tutorial_taskflow_api.py
[2024-02-27T15:21:11.548+0000] {processor.py:830} INFO - Processing file /home/airflow/.local/lib/python3.11/site-packages/airflow/example_dags/tutorial_taskflow_api.py for tasks to queue
[2024-02-27T15:21:11.549+0000] {logging_mixin.py:188} INFO - [2024-02-27T15:21:11.549+0000] {dagbag.py:540} INFO - Filling up the DagBag from /home/airflow/.local/lib/python3.11/site-packages/airflow/example_dags/tutorial_taskflow_api.py
[2024-02-27T15:21:11.553+0000] {processor.py:840} INFO - DAG(s) 'tutorial_taskflow_api' retrieved from /home/airflow/.local/lib/python3.11/site-packages/airflow/example_dags/tutorial_taskflow_api.py
[2024-02-27T15:21:11.630+0000] {logging_mixin.py:188} INFO - [2024-02-27T15:21:11.630+0000] {dag.py:3047} INFO - Sync 1 DAGs
[2024-02-27T15:21:11.641+0000] {logging_mixin.py:188} INFO - [2024-02-27T15:21:11.641+0000] {dag.py:3834} INFO - Setting next_dagrun for tutorial_taskflow_api to None, run_after=None
[2024-02-27T15:21:11.659+0000] {processor.py:183} INFO - Processing /home/airflow/.local/lib/python3.11/site-packages/airflow/example_dags/tutorial_taskflow_api.py took 0.114 seconds
