[2024-02-27T15:04:48.457+0000] {processor.py:161} INFO - Started process (PID=45) to work on /home/airflow/.local/lib/python3.11/site-packages/airflow/example_dags/tutorial_dag.py
[2024-02-27T15:04:48.458+0000] {processor.py:830} INFO - Processing file /home/airflow/.local/lib/python3.11/site-packages/airflow/example_dags/tutorial_dag.py for tasks to queue
[2024-02-27T15:04:48.460+0000] {logging_mixin.py:188} INFO - [2024-02-27T15:04:48.459+0000] {dagbag.py:540} INFO - Filling up the DagBag from /home/airflow/.local/lib/python3.11/site-packages/airflow/example_dags/tutorial_dag.py
[2024-02-27T15:04:48.464+0000] {processor.py:840} INFO - DAG(s) 'tutorial_dag' retrieved from /home/airflow/.local/lib/python3.11/site-packages/airflow/example_dags/tutorial_dag.py
[2024-02-27T15:04:48.473+0000] {logging_mixin.py:188} INFO - [2024-02-27T15:04:48.473+0000] {dag.py:3047} INFO - Sync 1 DAGs
[2024-02-27T15:04:48.481+0000] {logging_mixin.py:188} INFO - [2024-02-27T15:04:48.481+0000] {dag.py:3834} INFO - Setting next_dagrun for tutorial_dag to None, run_after=None
[2024-02-27T15:04:48.495+0000] {processor.py:183} INFO - Processing /home/airflow/.local/lib/python3.11/site-packages/airflow/example_dags/tutorial_dag.py took 0.040 seconds
[2024-02-27T15:05:18.731+0000] {processor.py:161} INFO - Started process (PID=100) to work on /home/airflow/.local/lib/python3.11/site-packages/airflow/example_dags/tutorial_dag.py
[2024-02-27T15:05:18.732+0000] {processor.py:830} INFO - Processing file /home/airflow/.local/lib/python3.11/site-packages/airflow/example_dags/tutorial_dag.py for tasks to queue
[2024-02-27T15:05:18.733+0000] {logging_mixin.py:188} INFO - [2024-02-27T15:05:18.733+0000] {dagbag.py:540} INFO - Filling up the DagBag from /home/airflow/.local/lib/python3.11/site-packages/airflow/example_dags/tutorial_dag.py
[2024-02-27T15:05:18.736+0000] {processor.py:840} INFO - DAG(s) 'tutorial_dag' retrieved from /home/airflow/.local/lib/python3.11/site-packages/airflow/example_dags/tutorial_dag.py
[2024-02-27T15:05:18.791+0000] {logging_mixin.py:188} INFO - [2024-02-27T15:05:18.791+0000] {dag.py:3047} INFO - Sync 1 DAGs
[2024-02-27T15:05:18.798+0000] {logging_mixin.py:188} INFO - [2024-02-27T15:05:18.798+0000] {dag.py:3834} INFO - Setting next_dagrun for tutorial_dag to None, run_after=None
[2024-02-27T15:05:18.810+0000] {processor.py:183} INFO - Processing /home/airflow/.local/lib/python3.11/site-packages/airflow/example_dags/tutorial_dag.py took 0.080 seconds
[2024-02-27T15:05:49.418+0000] {processor.py:161} INFO - Started process (PID=155) to work on /home/airflow/.local/lib/python3.11/site-packages/airflow/example_dags/tutorial_dag.py
[2024-02-27T15:05:49.419+0000] {processor.py:830} INFO - Processing file /home/airflow/.local/lib/python3.11/site-packages/airflow/example_dags/tutorial_dag.py for tasks to queue
[2024-02-27T15:05:49.420+0000] {logging_mixin.py:188} INFO - [2024-02-27T15:05:49.420+0000] {dagbag.py:540} INFO - Filling up the DagBag from /home/airflow/.local/lib/python3.11/site-packages/airflow/example_dags/tutorial_dag.py
[2024-02-27T15:05:49.424+0000] {processor.py:840} INFO - DAG(s) 'tutorial_dag' retrieved from /home/airflow/.local/lib/python3.11/site-packages/airflow/example_dags/tutorial_dag.py
[2024-02-27T15:05:49.436+0000] {logging_mixin.py:188} INFO - [2024-02-27T15:05:49.435+0000] {dag.py:3047} INFO - Sync 1 DAGs
[2024-02-27T15:05:49.443+0000] {logging_mixin.py:188} INFO - [2024-02-27T15:05:49.443+0000] {dag.py:3834} INFO - Setting next_dagrun for tutorial_dag to None, run_after=None
[2024-02-27T15:05:49.455+0000] {processor.py:183} INFO - Processing /home/airflow/.local/lib/python3.11/site-packages/airflow/example_dags/tutorial_dag.py took 0.039 seconds
[2024-02-27T15:06:20.165+0000] {processor.py:161} INFO - Started process (PID=210) to work on /home/airflow/.local/lib/python3.11/site-packages/airflow/example_dags/tutorial_dag.py
[2024-02-27T15:06:20.166+0000] {processor.py:830} INFO - Processing file /home/airflow/.local/lib/python3.11/site-packages/airflow/example_dags/tutorial_dag.py for tasks to queue
[2024-02-27T15:06:20.168+0000] {logging_mixin.py:188} INFO - [2024-02-27T15:06:20.167+0000] {dagbag.py:540} INFO - Filling up the DagBag from /home/airflow/.local/lib/python3.11/site-packages/airflow/example_dags/tutorial_dag.py
[2024-02-27T15:06:20.172+0000] {processor.py:840} INFO - DAG(s) 'tutorial_dag' retrieved from /home/airflow/.local/lib/python3.11/site-packages/airflow/example_dags/tutorial_dag.py
[2024-02-27T15:06:20.184+0000] {logging_mixin.py:188} INFO - [2024-02-27T15:06:20.184+0000] {dag.py:3047} INFO - Sync 1 DAGs
[2024-02-27T15:06:20.191+0000] {logging_mixin.py:188} INFO - [2024-02-27T15:06:20.191+0000] {dag.py:3834} INFO - Setting next_dagrun for tutorial_dag to None, run_after=None
[2024-02-27T15:06:20.202+0000] {processor.py:183} INFO - Processing /home/airflow/.local/lib/python3.11/site-packages/airflow/example_dags/tutorial_dag.py took 0.038 seconds
[2024-02-27T15:06:51.105+0000] {processor.py:161} INFO - Started process (PID=265) to work on /home/airflow/.local/lib/python3.11/site-packages/airflow/example_dags/tutorial_dag.py
[2024-02-27T15:06:51.106+0000] {processor.py:830} INFO - Processing file /home/airflow/.local/lib/python3.11/site-packages/airflow/example_dags/tutorial_dag.py for tasks to queue
[2024-02-27T15:06:51.107+0000] {logging_mixin.py:188} INFO - [2024-02-27T15:06:51.107+0000] {dagbag.py:540} INFO - Filling up the DagBag from /home/airflow/.local/lib/python3.11/site-packages/airflow/example_dags/tutorial_dag.py
[2024-02-27T15:06:51.111+0000] {processor.py:840} INFO - DAG(s) 'tutorial_dag' retrieved from /home/airflow/.local/lib/python3.11/site-packages/airflow/example_dags/tutorial_dag.py
[2024-02-27T15:06:51.123+0000] {logging_mixin.py:188} INFO - [2024-02-27T15:06:51.123+0000] {dag.py:3047} INFO - Sync 1 DAGs
[2024-02-27T15:06:51.131+0000] {logging_mixin.py:188} INFO - [2024-02-27T15:06:51.131+0000] {dag.py:3834} INFO - Setting next_dagrun for tutorial_dag to None, run_after=None
[2024-02-27T15:06:51.143+0000] {processor.py:183} INFO - Processing /home/airflow/.local/lib/python3.11/site-packages/airflow/example_dags/tutorial_dag.py took 0.040 seconds
[2024-02-27T15:07:21.169+0000] {processor.py:161} INFO - Started process (PID=320) to work on /home/airflow/.local/lib/python3.11/site-packages/airflow/example_dags/tutorial_dag.py
[2024-02-27T15:07:21.169+0000] {processor.py:830} INFO - Processing file /home/airflow/.local/lib/python3.11/site-packages/airflow/example_dags/tutorial_dag.py for tasks to queue
[2024-02-27T15:07:21.170+0000] {logging_mixin.py:188} INFO - [2024-02-27T15:07:21.170+0000] {dagbag.py:540} INFO - Filling up the DagBag from /home/airflow/.local/lib/python3.11/site-packages/airflow/example_dags/tutorial_dag.py
[2024-02-27T15:07:21.173+0000] {processor.py:840} INFO - DAG(s) 'tutorial_dag' retrieved from /home/airflow/.local/lib/python3.11/site-packages/airflow/example_dags/tutorial_dag.py
[2024-02-27T15:07:21.184+0000] {logging_mixin.py:188} INFO - [2024-02-27T15:07:21.184+0000] {dag.py:3047} INFO - Sync 1 DAGs
[2024-02-27T15:07:21.191+0000] {logging_mixin.py:188} INFO - [2024-02-27T15:07:21.191+0000] {dag.py:3834} INFO - Setting next_dagrun for tutorial_dag to None, run_after=None
[2024-02-27T15:07:21.202+0000] {processor.py:183} INFO - Processing /home/airflow/.local/lib/python3.11/site-packages/airflow/example_dags/tutorial_dag.py took 0.036 seconds
[2024-02-27T15:07:51.374+0000] {processor.py:161} INFO - Started process (PID=375) to work on /home/airflow/.local/lib/python3.11/site-packages/airflow/example_dags/tutorial_dag.py
[2024-02-27T15:07:51.374+0000] {processor.py:830} INFO - Processing file /home/airflow/.local/lib/python3.11/site-packages/airflow/example_dags/tutorial_dag.py for tasks to queue
[2024-02-27T15:07:51.376+0000] {logging_mixin.py:188} INFO - [2024-02-27T15:07:51.375+0000] {dagbag.py:540} INFO - Filling up the DagBag from /home/airflow/.local/lib/python3.11/site-packages/airflow/example_dags/tutorial_dag.py
[2024-02-27T15:07:51.379+0000] {processor.py:840} INFO - DAG(s) 'tutorial_dag' retrieved from /home/airflow/.local/lib/python3.11/site-packages/airflow/example_dags/tutorial_dag.py
[2024-02-27T15:07:51.390+0000] {logging_mixin.py:188} INFO - [2024-02-27T15:07:51.390+0000] {dag.py:3047} INFO - Sync 1 DAGs
[2024-02-27T15:07:51.396+0000] {logging_mixin.py:188} INFO - [2024-02-27T15:07:51.396+0000] {dag.py:3834} INFO - Setting next_dagrun for tutorial_dag to None, run_after=None
[2024-02-27T15:07:51.407+0000] {processor.py:183} INFO - Processing /home/airflow/.local/lib/python3.11/site-packages/airflow/example_dags/tutorial_dag.py took 0.035 seconds
[2024-02-27T15:08:21.477+0000] {processor.py:161} INFO - Started process (PID=430) to work on /home/airflow/.local/lib/python3.11/site-packages/airflow/example_dags/tutorial_dag.py
[2024-02-27T15:08:21.479+0000] {processor.py:830} INFO - Processing file /home/airflow/.local/lib/python3.11/site-packages/airflow/example_dags/tutorial_dag.py for tasks to queue
[2024-02-27T15:08:21.482+0000] {logging_mixin.py:188} INFO - [2024-02-27T15:08:21.482+0000] {dagbag.py:540} INFO - Filling up the DagBag from /home/airflow/.local/lib/python3.11/site-packages/airflow/example_dags/tutorial_dag.py
[2024-02-27T15:08:21.485+0000] {processor.py:840} INFO - DAG(s) 'tutorial_dag' retrieved from /home/airflow/.local/lib/python3.11/site-packages/airflow/example_dags/tutorial_dag.py
[2024-02-27T15:08:21.498+0000] {logging_mixin.py:188} INFO - [2024-02-27T15:08:21.498+0000] {dag.py:3047} INFO - Sync 1 DAGs
[2024-02-27T15:08:21.506+0000] {logging_mixin.py:188} INFO - [2024-02-27T15:08:21.506+0000] {dag.py:3834} INFO - Setting next_dagrun for tutorial_dag to None, run_after=None
[2024-02-27T15:08:21.517+0000] {processor.py:183} INFO - Processing /home/airflow/.local/lib/python3.11/site-packages/airflow/example_dags/tutorial_dag.py took 0.041 seconds
[2024-02-27T15:08:51.640+0000] {processor.py:161} INFO - Started process (PID=485) to work on /home/airflow/.local/lib/python3.11/site-packages/airflow/example_dags/tutorial_dag.py
[2024-02-27T15:08:51.641+0000] {processor.py:830} INFO - Processing file /home/airflow/.local/lib/python3.11/site-packages/airflow/example_dags/tutorial_dag.py for tasks to queue
[2024-02-27T15:08:51.642+0000] {logging_mixin.py:188} INFO - [2024-02-27T15:08:51.642+0000] {dagbag.py:540} INFO - Filling up the DagBag from /home/airflow/.local/lib/python3.11/site-packages/airflow/example_dags/tutorial_dag.py
[2024-02-27T15:08:51.645+0000] {processor.py:840} INFO - DAG(s) 'tutorial_dag' retrieved from /home/airflow/.local/lib/python3.11/site-packages/airflow/example_dags/tutorial_dag.py
[2024-02-27T15:08:51.656+0000] {logging_mixin.py:188} INFO - [2024-02-27T15:08:51.656+0000] {dag.py:3047} INFO - Sync 1 DAGs
[2024-02-27T15:08:51.663+0000] {logging_mixin.py:188} INFO - [2024-02-27T15:08:51.663+0000] {dag.py:3834} INFO - Setting next_dagrun for tutorial_dag to None, run_after=None
[2024-02-27T15:08:51.673+0000] {processor.py:183} INFO - Processing /home/airflow/.local/lib/python3.11/site-packages/airflow/example_dags/tutorial_dag.py took 0.035 seconds
[2024-02-27T15:09:21.834+0000] {processor.py:161} INFO - Started process (PID=540) to work on /home/airflow/.local/lib/python3.11/site-packages/airflow/example_dags/tutorial_dag.py
[2024-02-27T15:09:21.835+0000] {processor.py:830} INFO - Processing file /home/airflow/.local/lib/python3.11/site-packages/airflow/example_dags/tutorial_dag.py for tasks to queue
[2024-02-27T15:09:21.836+0000] {logging_mixin.py:188} INFO - [2024-02-27T15:09:21.836+0000] {dagbag.py:540} INFO - Filling up the DagBag from /home/airflow/.local/lib/python3.11/site-packages/airflow/example_dags/tutorial_dag.py
[2024-02-27T15:09:21.839+0000] {processor.py:840} INFO - DAG(s) 'tutorial_dag' retrieved from /home/airflow/.local/lib/python3.11/site-packages/airflow/example_dags/tutorial_dag.py
[2024-02-27T15:09:21.851+0000] {logging_mixin.py:188} INFO - [2024-02-27T15:09:21.851+0000] {dag.py:3047} INFO - Sync 1 DAGs
[2024-02-27T15:09:21.858+0000] {logging_mixin.py:188} INFO - [2024-02-27T15:09:21.858+0000] {dag.py:3834} INFO - Setting next_dagrun for tutorial_dag to None, run_after=None
[2024-02-27T15:09:21.869+0000] {processor.py:183} INFO - Processing /home/airflow/.local/lib/python3.11/site-packages/airflow/example_dags/tutorial_dag.py took 0.036 seconds
[2024-02-27T15:09:52.018+0000] {processor.py:161} INFO - Started process (PID=595) to work on /home/airflow/.local/lib/python3.11/site-packages/airflow/example_dags/tutorial_dag.py
[2024-02-27T15:09:52.019+0000] {processor.py:830} INFO - Processing file /home/airflow/.local/lib/python3.11/site-packages/airflow/example_dags/tutorial_dag.py for tasks to queue
[2024-02-27T15:09:52.021+0000] {logging_mixin.py:188} INFO - [2024-02-27T15:09:52.020+0000] {dagbag.py:540} INFO - Filling up the DagBag from /home/airflow/.local/lib/python3.11/site-packages/airflow/example_dags/tutorial_dag.py
[2024-02-27T15:09:52.024+0000] {processor.py:840} INFO - DAG(s) 'tutorial_dag' retrieved from /home/airflow/.local/lib/python3.11/site-packages/airflow/example_dags/tutorial_dag.py
[2024-02-27T15:09:52.035+0000] {logging_mixin.py:188} INFO - [2024-02-27T15:09:52.035+0000] {dag.py:3047} INFO - Sync 1 DAGs
[2024-02-27T15:09:52.044+0000] {logging_mixin.py:188} INFO - [2024-02-27T15:09:52.044+0000] {dag.py:3834} INFO - Setting next_dagrun for tutorial_dag to None, run_after=None
[2024-02-27T15:09:52.055+0000] {processor.py:183} INFO - Processing /home/airflow/.local/lib/python3.11/site-packages/airflow/example_dags/tutorial_dag.py took 0.039 seconds
[2024-02-27T15:10:22.175+0000] {processor.py:161} INFO - Started process (PID=650) to work on /home/airflow/.local/lib/python3.11/site-packages/airflow/example_dags/tutorial_dag.py
[2024-02-27T15:10:22.175+0000] {processor.py:830} INFO - Processing file /home/airflow/.local/lib/python3.11/site-packages/airflow/example_dags/tutorial_dag.py for tasks to queue
[2024-02-27T15:10:22.176+0000] {logging_mixin.py:188} INFO - [2024-02-27T15:10:22.176+0000] {dagbag.py:540} INFO - Filling up the DagBag from /home/airflow/.local/lib/python3.11/site-packages/airflow/example_dags/tutorial_dag.py
[2024-02-27T15:10:22.179+0000] {processor.py:840} INFO - DAG(s) 'tutorial_dag' retrieved from /home/airflow/.local/lib/python3.11/site-packages/airflow/example_dags/tutorial_dag.py
[2024-02-27T15:10:22.191+0000] {logging_mixin.py:188} INFO - [2024-02-27T15:10:22.191+0000] {dag.py:3047} INFO - Sync 1 DAGs
[2024-02-27T15:10:22.198+0000] {logging_mixin.py:188} INFO - [2024-02-27T15:10:22.198+0000] {dag.py:3834} INFO - Setting next_dagrun for tutorial_dag to None, run_after=None
[2024-02-27T15:10:22.209+0000] {processor.py:183} INFO - Processing /home/airflow/.local/lib/python3.11/site-packages/airflow/example_dags/tutorial_dag.py took 0.037 seconds
[2024-02-27T15:10:52.295+0000] {processor.py:161} INFO - Started process (PID=705) to work on /home/airflow/.local/lib/python3.11/site-packages/airflow/example_dags/tutorial_dag.py
[2024-02-27T15:10:52.296+0000] {processor.py:830} INFO - Processing file /home/airflow/.local/lib/python3.11/site-packages/airflow/example_dags/tutorial_dag.py for tasks to queue
[2024-02-27T15:10:52.297+0000] {logging_mixin.py:188} INFO - [2024-02-27T15:10:52.297+0000] {dagbag.py:540} INFO - Filling up the DagBag from /home/airflow/.local/lib/python3.11/site-packages/airflow/example_dags/tutorial_dag.py
[2024-02-27T15:10:52.301+0000] {processor.py:840} INFO - DAG(s) 'tutorial_dag' retrieved from /home/airflow/.local/lib/python3.11/site-packages/airflow/example_dags/tutorial_dag.py
[2024-02-27T15:10:52.312+0000] {logging_mixin.py:188} INFO - [2024-02-27T15:10:52.311+0000] {dag.py:3047} INFO - Sync 1 DAGs
[2024-02-27T15:10:52.318+0000] {logging_mixin.py:188} INFO - [2024-02-27T15:10:52.318+0000] {dag.py:3834} INFO - Setting next_dagrun for tutorial_dag to None, run_after=None
[2024-02-27T15:10:52.329+0000] {processor.py:183} INFO - Processing /home/airflow/.local/lib/python3.11/site-packages/airflow/example_dags/tutorial_dag.py took 0.036 seconds
[2024-02-27T15:11:22.484+0000] {processor.py:161} INFO - Started process (PID=760) to work on /home/airflow/.local/lib/python3.11/site-packages/airflow/example_dags/tutorial_dag.py
[2024-02-27T15:11:22.486+0000] {processor.py:830} INFO - Processing file /home/airflow/.local/lib/python3.11/site-packages/airflow/example_dags/tutorial_dag.py for tasks to queue
[2024-02-27T15:11:22.487+0000] {logging_mixin.py:188} INFO - [2024-02-27T15:11:22.487+0000] {dagbag.py:540} INFO - Filling up the DagBag from /home/airflow/.local/lib/python3.11/site-packages/airflow/example_dags/tutorial_dag.py
[2024-02-27T15:11:22.490+0000] {processor.py:840} INFO - DAG(s) 'tutorial_dag' retrieved from /home/airflow/.local/lib/python3.11/site-packages/airflow/example_dags/tutorial_dag.py
[2024-02-27T15:11:22.501+0000] {logging_mixin.py:188} INFO - [2024-02-27T15:11:22.501+0000] {dag.py:3047} INFO - Sync 1 DAGs
[2024-02-27T15:11:22.508+0000] {logging_mixin.py:188} INFO - [2024-02-27T15:11:22.508+0000] {dag.py:3834} INFO - Setting next_dagrun for tutorial_dag to None, run_after=None
[2024-02-27T15:11:22.519+0000] {processor.py:183} INFO - Processing /home/airflow/.local/lib/python3.11/site-packages/airflow/example_dags/tutorial_dag.py took 0.036 seconds
[2024-02-27T15:11:52.569+0000] {processor.py:161} INFO - Started process (PID=816) to work on /home/airflow/.local/lib/python3.11/site-packages/airflow/example_dags/tutorial_dag.py
[2024-02-27T15:11:52.570+0000] {processor.py:830} INFO - Processing file /home/airflow/.local/lib/python3.11/site-packages/airflow/example_dags/tutorial_dag.py for tasks to queue
[2024-02-27T15:11:52.571+0000] {logging_mixin.py:188} INFO - [2024-02-27T15:11:52.571+0000] {dagbag.py:540} INFO - Filling up the DagBag from /home/airflow/.local/lib/python3.11/site-packages/airflow/example_dags/tutorial_dag.py
[2024-02-27T15:11:52.575+0000] {processor.py:840} INFO - DAG(s) 'tutorial_dag' retrieved from /home/airflow/.local/lib/python3.11/site-packages/airflow/example_dags/tutorial_dag.py
[2024-02-27T15:11:52.586+0000] {logging_mixin.py:188} INFO - [2024-02-27T15:11:52.586+0000] {dag.py:3047} INFO - Sync 1 DAGs
[2024-02-27T15:11:52.593+0000] {logging_mixin.py:188} INFO - [2024-02-27T15:11:52.593+0000] {dag.py:3834} INFO - Setting next_dagrun for tutorial_dag to None, run_after=None
[2024-02-27T15:11:52.603+0000] {processor.py:183} INFO - Processing /home/airflow/.local/lib/python3.11/site-packages/airflow/example_dags/tutorial_dag.py took 0.036 seconds
[2024-02-27T15:12:22.698+0000] {processor.py:161} INFO - Started process (PID=871) to work on /home/airflow/.local/lib/python3.11/site-packages/airflow/example_dags/tutorial_dag.py
[2024-02-27T15:12:22.699+0000] {processor.py:830} INFO - Processing file /home/airflow/.local/lib/python3.11/site-packages/airflow/example_dags/tutorial_dag.py for tasks to queue
[2024-02-27T15:12:22.700+0000] {logging_mixin.py:188} INFO - [2024-02-27T15:12:22.700+0000] {dagbag.py:540} INFO - Filling up the DagBag from /home/airflow/.local/lib/python3.11/site-packages/airflow/example_dags/tutorial_dag.py
[2024-02-27T15:12:22.703+0000] {processor.py:840} INFO - DAG(s) 'tutorial_dag' retrieved from /home/airflow/.local/lib/python3.11/site-packages/airflow/example_dags/tutorial_dag.py
[2024-02-27T15:12:22.714+0000] {logging_mixin.py:188} INFO - [2024-02-27T15:12:22.714+0000] {dag.py:3047} INFO - Sync 1 DAGs
[2024-02-27T15:12:22.722+0000] {logging_mixin.py:188} INFO - [2024-02-27T15:12:22.722+0000] {dag.py:3834} INFO - Setting next_dagrun for tutorial_dag to None, run_after=None
[2024-02-27T15:12:22.733+0000] {processor.py:183} INFO - Processing /home/airflow/.local/lib/python3.11/site-packages/airflow/example_dags/tutorial_dag.py took 0.037 seconds
[2024-02-27T15:12:52.778+0000] {processor.py:161} INFO - Started process (PID=926) to work on /home/airflow/.local/lib/python3.11/site-packages/airflow/example_dags/tutorial_dag.py
[2024-02-27T15:12:52.779+0000] {processor.py:830} INFO - Processing file /home/airflow/.local/lib/python3.11/site-packages/airflow/example_dags/tutorial_dag.py for tasks to queue
[2024-02-27T15:12:52.780+0000] {logging_mixin.py:188} INFO - [2024-02-27T15:12:52.780+0000] {dagbag.py:540} INFO - Filling up the DagBag from /home/airflow/.local/lib/python3.11/site-packages/airflow/example_dags/tutorial_dag.py
[2024-02-27T15:12:52.784+0000] {processor.py:840} INFO - DAG(s) 'tutorial_dag' retrieved from /home/airflow/.local/lib/python3.11/site-packages/airflow/example_dags/tutorial_dag.py
[2024-02-27T15:12:52.796+0000] {logging_mixin.py:188} INFO - [2024-02-27T15:12:52.796+0000] {dag.py:3047} INFO - Sync 1 DAGs
[2024-02-27T15:12:52.803+0000] {logging_mixin.py:188} INFO - [2024-02-27T15:12:52.803+0000] {dag.py:3834} INFO - Setting next_dagrun for tutorial_dag to None, run_after=None
[2024-02-27T15:12:52.816+0000] {processor.py:183} INFO - Processing /home/airflow/.local/lib/python3.11/site-packages/airflow/example_dags/tutorial_dag.py took 0.040 seconds
[2024-02-27T15:20:38.352+0000] {processor.py:161} INFO - Started process (PID=45) to work on /home/airflow/.local/lib/python3.11/site-packages/airflow/example_dags/tutorial_dag.py
[2024-02-27T15:20:38.355+0000] {processor.py:830} INFO - Processing file /home/airflow/.local/lib/python3.11/site-packages/airflow/example_dags/tutorial_dag.py for tasks to queue
[2024-02-27T15:20:38.359+0000] {logging_mixin.py:188} INFO - [2024-02-27T15:20:38.358+0000] {dagbag.py:540} INFO - Filling up the DagBag from /home/airflow/.local/lib/python3.11/site-packages/airflow/example_dags/tutorial_dag.py
[2024-02-27T15:20:38.364+0000] {processor.py:840} INFO - DAG(s) 'tutorial_dag' retrieved from /home/airflow/.local/lib/python3.11/site-packages/airflow/example_dags/tutorial_dag.py
[2024-02-27T15:20:38.423+0000] {logging_mixin.py:188} INFO - [2024-02-27T15:20:38.423+0000] {dag.py:3047} INFO - Sync 1 DAGs
[2024-02-27T15:20:38.439+0000] {logging_mixin.py:188} INFO - [2024-02-27T15:20:38.439+0000] {dag.py:3834} INFO - Setting next_dagrun for tutorial_dag to None, run_after=None
[2024-02-27T15:20:38.460+0000] {processor.py:183} INFO - Processing /home/airflow/.local/lib/python3.11/site-packages/airflow/example_dags/tutorial_dag.py took 0.111 seconds
[2024-02-27T15:21:08.982+0000] {processor.py:161} INFO - Started process (PID=100) to work on /home/airflow/.local/lib/python3.11/site-packages/airflow/example_dags/tutorial_dag.py
[2024-02-27T15:21:08.983+0000] {processor.py:830} INFO - Processing file /home/airflow/.local/lib/python3.11/site-packages/airflow/example_dags/tutorial_dag.py for tasks to queue
[2024-02-27T15:21:08.985+0000] {logging_mixin.py:188} INFO - [2024-02-27T15:21:08.985+0000] {dagbag.py:540} INFO - Filling up the DagBag from /home/airflow/.local/lib/python3.11/site-packages/airflow/example_dags/tutorial_dag.py
[2024-02-27T15:21:08.989+0000] {processor.py:840} INFO - DAG(s) 'tutorial_dag' retrieved from /home/airflow/.local/lib/python3.11/site-packages/airflow/example_dags/tutorial_dag.py
[2024-02-27T15:21:09.062+0000] {logging_mixin.py:188} INFO - [2024-02-27T15:21:09.062+0000] {dag.py:3047} INFO - Sync 1 DAGs
[2024-02-27T15:21:09.072+0000] {logging_mixin.py:188} INFO - [2024-02-27T15:21:09.072+0000] {dag.py:3834} INFO - Setting next_dagrun for tutorial_dag to None, run_after=None
[2024-02-27T15:21:09.089+0000] {processor.py:183} INFO - Processing /home/airflow/.local/lib/python3.11/site-packages/airflow/example_dags/tutorial_dag.py took 0.110 seconds
