[2024-02-27T15:04:49.862+0000] {processor.py:161} INFO - Started process (PID=78) to work on /home/airflow/.local/lib/python3.11/site-packages/airflow/example_dags/tutorial.py
[2024-02-27T15:04:49.863+0000] {processor.py:830} INFO - Processing file /home/airflow/.local/lib/python3.11/site-packages/airflow/example_dags/tutorial.py for tasks to queue
[2024-02-27T15:04:49.864+0000] {logging_mixin.py:188} INFO - [2024-02-27T15:04:49.864+0000] {dagbag.py:540} INFO - Filling up the DagBag from /home/airflow/.local/lib/python3.11/site-packages/airflow/example_dags/tutorial.py
[2024-02-27T15:04:49.868+0000] {processor.py:840} INFO - DAG(s) 'tutorial' retrieved from /home/airflow/.local/lib/python3.11/site-packages/airflow/example_dags/tutorial.py
[2024-02-27T15:04:49.875+0000] {logging_mixin.py:188} INFO - [2024-02-27T15:04:49.875+0000] {dag.py:3047} INFO - Sync 1 DAGs
[2024-02-27T15:04:49.887+0000] {logging_mixin.py:188} INFO - [2024-02-27T15:04:49.887+0000] {dag.py:3834} INFO - Setting next_dagrun for tutorial to 2024-02-26 00:00:00+00:00, run_after=2024-02-27 00:00:00+00:00
[2024-02-27T15:04:49.900+0000] {processor.py:183} INFO - Processing /home/airflow/.local/lib/python3.11/site-packages/airflow/example_dags/tutorial.py took 0.040 seconds
[2024-02-27T15:05:20.628+0000] {processor.py:161} INFO - Started process (PID=133) to work on /home/airflow/.local/lib/python3.11/site-packages/airflow/example_dags/tutorial.py
[2024-02-27T15:05:20.629+0000] {processor.py:830} INFO - Processing file /home/airflow/.local/lib/python3.11/site-packages/airflow/example_dags/tutorial.py for tasks to queue
[2024-02-27T15:05:20.630+0000] {logging_mixin.py:188} INFO - [2024-02-27T15:05:20.630+0000] {dagbag.py:540} INFO - Filling up the DagBag from /home/airflow/.local/lib/python3.11/site-packages/airflow/example_dags/tutorial.py
[2024-02-27T15:05:20.634+0000] {processor.py:840} INFO - DAG(s) 'tutorial' retrieved from /home/airflow/.local/lib/python3.11/site-packages/airflow/example_dags/tutorial.py
[2024-02-27T15:05:20.697+0000] {logging_mixin.py:188} INFO - [2024-02-27T15:05:20.697+0000] {dag.py:3047} INFO - Sync 1 DAGs
[2024-02-27T15:05:20.708+0000] {logging_mixin.py:188} INFO - [2024-02-27T15:05:20.708+0000] {dag.py:3834} INFO - Setting next_dagrun for tutorial to 2024-02-26 00:00:00+00:00, run_after=2024-02-27 00:00:00+00:00
[2024-02-27T15:05:20.720+0000] {processor.py:183} INFO - Processing /home/airflow/.local/lib/python3.11/site-packages/airflow/example_dags/tutorial.py took 0.095 seconds
[2024-02-27T15:05:51.515+0000] {processor.py:161} INFO - Started process (PID=188) to work on /home/airflow/.local/lib/python3.11/site-packages/airflow/example_dags/tutorial.py
[2024-02-27T15:05:51.515+0000] {processor.py:830} INFO - Processing file /home/airflow/.local/lib/python3.11/site-packages/airflow/example_dags/tutorial.py for tasks to queue
[2024-02-27T15:05:51.516+0000] {logging_mixin.py:188} INFO - [2024-02-27T15:05:51.516+0000] {dagbag.py:540} INFO - Filling up the DagBag from /home/airflow/.local/lib/python3.11/site-packages/airflow/example_dags/tutorial.py
[2024-02-27T15:05:51.520+0000] {processor.py:840} INFO - DAG(s) 'tutorial' retrieved from /home/airflow/.local/lib/python3.11/site-packages/airflow/example_dags/tutorial.py
[2024-02-27T15:05:51.531+0000] {logging_mixin.py:188} INFO - [2024-02-27T15:05:51.531+0000] {dag.py:3047} INFO - Sync 1 DAGs
[2024-02-27T15:05:51.543+0000] {logging_mixin.py:188} INFO - [2024-02-27T15:05:51.543+0000] {dag.py:3834} INFO - Setting next_dagrun for tutorial to 2024-02-26 00:00:00+00:00, run_after=2024-02-27 00:00:00+00:00
[2024-02-27T15:05:51.554+0000] {processor.py:183} INFO - Processing /home/airflow/.local/lib/python3.11/site-packages/airflow/example_dags/tutorial.py took 0.041 seconds
[2024-02-27T15:06:22.407+0000] {processor.py:161} INFO - Started process (PID=243) to work on /home/airflow/.local/lib/python3.11/site-packages/airflow/example_dags/tutorial.py
[2024-02-27T15:06:22.408+0000] {processor.py:830} INFO - Processing file /home/airflow/.local/lib/python3.11/site-packages/airflow/example_dags/tutorial.py for tasks to queue
[2024-02-27T15:06:22.409+0000] {logging_mixin.py:188} INFO - [2024-02-27T15:06:22.409+0000] {dagbag.py:540} INFO - Filling up the DagBag from /home/airflow/.local/lib/python3.11/site-packages/airflow/example_dags/tutorial.py
[2024-02-27T15:06:22.413+0000] {processor.py:840} INFO - DAG(s) 'tutorial' retrieved from /home/airflow/.local/lib/python3.11/site-packages/airflow/example_dags/tutorial.py
[2024-02-27T15:06:22.424+0000] {logging_mixin.py:188} INFO - [2024-02-27T15:06:22.424+0000] {dag.py:3047} INFO - Sync 1 DAGs
[2024-02-27T15:06:22.436+0000] {logging_mixin.py:188} INFO - [2024-02-27T15:06:22.436+0000] {dag.py:3834} INFO - Setting next_dagrun for tutorial to 2024-02-26 00:00:00+00:00, run_after=2024-02-27 00:00:00+00:00
[2024-02-27T15:06:22.447+0000] {processor.py:183} INFO - Processing /home/airflow/.local/lib/python3.11/site-packages/airflow/example_dags/tutorial.py took 0.042 seconds
[2024-02-27T15:06:53.430+0000] {processor.py:161} INFO - Started process (PID=298) to work on /home/airflow/.local/lib/python3.11/site-packages/airflow/example_dags/tutorial.py
[2024-02-27T15:06:53.431+0000] {processor.py:830} INFO - Processing file /home/airflow/.local/lib/python3.11/site-packages/airflow/example_dags/tutorial.py for tasks to queue
[2024-02-27T15:06:53.432+0000] {logging_mixin.py:188} INFO - [2024-02-27T15:06:53.432+0000] {dagbag.py:540} INFO - Filling up the DagBag from /home/airflow/.local/lib/python3.11/site-packages/airflow/example_dags/tutorial.py
[2024-02-27T15:06:53.435+0000] {processor.py:840} INFO - DAG(s) 'tutorial' retrieved from /home/airflow/.local/lib/python3.11/site-packages/airflow/example_dags/tutorial.py
[2024-02-27T15:06:53.446+0000] {logging_mixin.py:188} INFO - [2024-02-27T15:06:53.446+0000] {dag.py:3047} INFO - Sync 1 DAGs
[2024-02-27T15:06:53.458+0000] {logging_mixin.py:188} INFO - [2024-02-27T15:06:53.458+0000] {dag.py:3834} INFO - Setting next_dagrun for tutorial to 2024-02-26 00:00:00+00:00, run_after=2024-02-27 00:00:00+00:00
[2024-02-27T15:06:53.468+0000] {processor.py:183} INFO - Processing /home/airflow/.local/lib/python3.11/site-packages/airflow/example_dags/tutorial.py took 0.040 seconds
[2024-02-27T15:07:23.708+0000] {processor.py:161} INFO - Started process (PID=353) to work on /home/airflow/.local/lib/python3.11/site-packages/airflow/example_dags/tutorial.py
[2024-02-27T15:07:23.708+0000] {processor.py:830} INFO - Processing file /home/airflow/.local/lib/python3.11/site-packages/airflow/example_dags/tutorial.py for tasks to queue
[2024-02-27T15:07:23.709+0000] {logging_mixin.py:188} INFO - [2024-02-27T15:07:23.709+0000] {dagbag.py:540} INFO - Filling up the DagBag from /home/airflow/.local/lib/python3.11/site-packages/airflow/example_dags/tutorial.py
[2024-02-27T15:07:23.713+0000] {processor.py:840} INFO - DAG(s) 'tutorial' retrieved from /home/airflow/.local/lib/python3.11/site-packages/airflow/example_dags/tutorial.py
[2024-02-27T15:07:23.724+0000] {logging_mixin.py:188} INFO - [2024-02-27T15:07:23.724+0000] {dag.py:3047} INFO - Sync 1 DAGs
[2024-02-27T15:07:23.738+0000] {logging_mixin.py:188} INFO - [2024-02-27T15:07:23.738+0000] {dag.py:3834} INFO - Setting next_dagrun for tutorial to 2024-02-26 00:00:00+00:00, run_after=2024-02-27 00:00:00+00:00
[2024-02-27T15:07:23.750+0000] {processor.py:183} INFO - Processing /home/airflow/.local/lib/python3.11/site-packages/airflow/example_dags/tutorial.py took 0.045 seconds
[2024-02-27T15:07:53.783+0000] {processor.py:161} INFO - Started process (PID=408) to work on /home/airflow/.local/lib/python3.11/site-packages/airflow/example_dags/tutorial.py
[2024-02-27T15:07:53.783+0000] {processor.py:830} INFO - Processing file /home/airflow/.local/lib/python3.11/site-packages/airflow/example_dags/tutorial.py for tasks to queue
[2024-02-27T15:07:53.784+0000] {logging_mixin.py:188} INFO - [2024-02-27T15:07:53.784+0000] {dagbag.py:540} INFO - Filling up the DagBag from /home/airflow/.local/lib/python3.11/site-packages/airflow/example_dags/tutorial.py
[2024-02-27T15:07:53.788+0000] {processor.py:840} INFO - DAG(s) 'tutorial' retrieved from /home/airflow/.local/lib/python3.11/site-packages/airflow/example_dags/tutorial.py
[2024-02-27T15:07:53.800+0000] {logging_mixin.py:188} INFO - [2024-02-27T15:07:53.800+0000] {dag.py:3047} INFO - Sync 1 DAGs
[2024-02-27T15:07:53.812+0000] {logging_mixin.py:188} INFO - [2024-02-27T15:07:53.812+0000] {dag.py:3834} INFO - Setting next_dagrun for tutorial to 2024-02-26 00:00:00+00:00, run_after=2024-02-27 00:00:00+00:00
[2024-02-27T15:07:53.822+0000] {processor.py:183} INFO - Processing /home/airflow/.local/lib/python3.11/site-packages/airflow/example_dags/tutorial.py took 0.042 seconds
[2024-02-27T15:08:23.894+0000] {processor.py:161} INFO - Started process (PID=462) to work on /home/airflow/.local/lib/python3.11/site-packages/airflow/example_dags/tutorial.py
[2024-02-27T15:08:23.895+0000] {processor.py:830} INFO - Processing file /home/airflow/.local/lib/python3.11/site-packages/airflow/example_dags/tutorial.py for tasks to queue
[2024-02-27T15:08:23.897+0000] {logging_mixin.py:188} INFO - [2024-02-27T15:08:23.897+0000] {dagbag.py:540} INFO - Filling up the DagBag from /home/airflow/.local/lib/python3.11/site-packages/airflow/example_dags/tutorial.py
[2024-02-27T15:08:23.901+0000] {processor.py:840} INFO - DAG(s) 'tutorial' retrieved from /home/airflow/.local/lib/python3.11/site-packages/airflow/example_dags/tutorial.py
[2024-02-27T15:08:23.915+0000] {logging_mixin.py:188} INFO - [2024-02-27T15:08:23.915+0000] {dag.py:3047} INFO - Sync 1 DAGs
[2024-02-27T15:08:23.929+0000] {logging_mixin.py:188} INFO - [2024-02-27T15:08:23.929+0000] {dag.py:3834} INFO - Setting next_dagrun for tutorial to 2024-02-26 00:00:00+00:00, run_after=2024-02-27 00:00:00+00:00
[2024-02-27T15:08:23.941+0000] {processor.py:183} INFO - Processing /home/airflow/.local/lib/python3.11/site-packages/airflow/example_dags/tutorial.py took 0.049 seconds
[2024-02-27T15:08:53.976+0000] {processor.py:161} INFO - Started process (PID=517) to work on /home/airflow/.local/lib/python3.11/site-packages/airflow/example_dags/tutorial.py
[2024-02-27T15:08:53.976+0000] {processor.py:830} INFO - Processing file /home/airflow/.local/lib/python3.11/site-packages/airflow/example_dags/tutorial.py for tasks to queue
[2024-02-27T15:08:53.977+0000] {logging_mixin.py:188} INFO - [2024-02-27T15:08:53.977+0000] {dagbag.py:540} INFO - Filling up the DagBag from /home/airflow/.local/lib/python3.11/site-packages/airflow/example_dags/tutorial.py
[2024-02-27T15:08:53.981+0000] {processor.py:840} INFO - DAG(s) 'tutorial' retrieved from /home/airflow/.local/lib/python3.11/site-packages/airflow/example_dags/tutorial.py
[2024-02-27T15:08:53.992+0000] {logging_mixin.py:188} INFO - [2024-02-27T15:08:53.992+0000] {dag.py:3047} INFO - Sync 1 DAGs
[2024-02-27T15:08:54.003+0000] {logging_mixin.py:188} INFO - [2024-02-27T15:08:54.003+0000] {dag.py:3834} INFO - Setting next_dagrun for tutorial to 2024-02-26 00:00:00+00:00, run_after=2024-02-27 00:00:00+00:00
[2024-02-27T15:08:54.013+0000] {processor.py:183} INFO - Processing /home/airflow/.local/lib/python3.11/site-packages/airflow/example_dags/tutorial.py took 0.040 seconds
[2024-02-27T15:09:24.176+0000] {processor.py:161} INFO - Started process (PID=572) to work on /home/airflow/.local/lib/python3.11/site-packages/airflow/example_dags/tutorial.py
[2024-02-27T15:09:24.177+0000] {processor.py:830} INFO - Processing file /home/airflow/.local/lib/python3.11/site-packages/airflow/example_dags/tutorial.py for tasks to queue
[2024-02-27T15:09:24.178+0000] {logging_mixin.py:188} INFO - [2024-02-27T15:09:24.178+0000] {dagbag.py:540} INFO - Filling up the DagBag from /home/airflow/.local/lib/python3.11/site-packages/airflow/example_dags/tutorial.py
[2024-02-27T15:09:24.181+0000] {processor.py:840} INFO - DAG(s) 'tutorial' retrieved from /home/airflow/.local/lib/python3.11/site-packages/airflow/example_dags/tutorial.py
[2024-02-27T15:09:24.193+0000] {logging_mixin.py:188} INFO - [2024-02-27T15:09:24.193+0000] {dag.py:3047} INFO - Sync 1 DAGs
[2024-02-27T15:09:24.206+0000] {logging_mixin.py:188} INFO - [2024-02-27T15:09:24.206+0000] {dag.py:3834} INFO - Setting next_dagrun for tutorial to 2024-02-26 00:00:00+00:00, run_after=2024-02-27 00:00:00+00:00
[2024-02-27T15:09:24.218+0000] {processor.py:183} INFO - Processing /home/airflow/.local/lib/python3.11/site-packages/airflow/example_dags/tutorial.py took 0.045 seconds
[2024-02-27T15:09:54.279+0000] {processor.py:161} INFO - Started process (PID=627) to work on /home/airflow/.local/lib/python3.11/site-packages/airflow/example_dags/tutorial.py
[2024-02-27T15:09:54.279+0000] {processor.py:830} INFO - Processing file /home/airflow/.local/lib/python3.11/site-packages/airflow/example_dags/tutorial.py for tasks to queue
[2024-02-27T15:09:54.280+0000] {logging_mixin.py:188} INFO - [2024-02-27T15:09:54.280+0000] {dagbag.py:540} INFO - Filling up the DagBag from /home/airflow/.local/lib/python3.11/site-packages/airflow/example_dags/tutorial.py
[2024-02-27T15:09:54.284+0000] {processor.py:840} INFO - DAG(s) 'tutorial' retrieved from /home/airflow/.local/lib/python3.11/site-packages/airflow/example_dags/tutorial.py
[2024-02-27T15:09:54.296+0000] {logging_mixin.py:188} INFO - [2024-02-27T15:09:54.296+0000] {dag.py:3047} INFO - Sync 1 DAGs
[2024-02-27T15:09:54.308+0000] {logging_mixin.py:188} INFO - [2024-02-27T15:09:54.308+0000] {dag.py:3834} INFO - Setting next_dagrun for tutorial to 2024-02-26 00:00:00+00:00, run_after=2024-02-27 00:00:00+00:00
[2024-02-27T15:09:54.318+0000] {processor.py:183} INFO - Processing /home/airflow/.local/lib/python3.11/site-packages/airflow/example_dags/tutorial.py took 0.042 seconds
[2024-02-27T15:10:24.370+0000] {processor.py:161} INFO - Started process (PID=682) to work on /home/airflow/.local/lib/python3.11/site-packages/airflow/example_dags/tutorial.py
[2024-02-27T15:10:24.371+0000] {processor.py:830} INFO - Processing file /home/airflow/.local/lib/python3.11/site-packages/airflow/example_dags/tutorial.py for tasks to queue
[2024-02-27T15:10:24.372+0000] {logging_mixin.py:188} INFO - [2024-02-27T15:10:24.372+0000] {dagbag.py:540} INFO - Filling up the DagBag from /home/airflow/.local/lib/python3.11/site-packages/airflow/example_dags/tutorial.py
[2024-02-27T15:10:24.376+0000] {processor.py:840} INFO - DAG(s) 'tutorial' retrieved from /home/airflow/.local/lib/python3.11/site-packages/airflow/example_dags/tutorial.py
[2024-02-27T15:10:24.387+0000] {logging_mixin.py:188} INFO - [2024-02-27T15:10:24.387+0000] {dag.py:3047} INFO - Sync 1 DAGs
[2024-02-27T15:10:24.400+0000] {logging_mixin.py:188} INFO - [2024-02-27T15:10:24.400+0000] {dag.py:3834} INFO - Setting next_dagrun for tutorial to 2024-02-26 00:00:00+00:00, run_after=2024-02-27 00:00:00+00:00
[2024-02-27T15:10:24.412+0000] {processor.py:183} INFO - Processing /home/airflow/.local/lib/python3.11/site-packages/airflow/example_dags/tutorial.py took 0.044 seconds
[2024-02-27T15:10:55.429+0000] {processor.py:161} INFO - Started process (PID=737) to work on /home/airflow/.local/lib/python3.11/site-packages/airflow/example_dags/tutorial.py
[2024-02-27T15:10:55.429+0000] {processor.py:830} INFO - Processing file /home/airflow/.local/lib/python3.11/site-packages/airflow/example_dags/tutorial.py for tasks to queue
[2024-02-27T15:10:55.431+0000] {logging_mixin.py:188} INFO - [2024-02-27T15:10:55.431+0000] {dagbag.py:540} INFO - Filling up the DagBag from /home/airflow/.local/lib/python3.11/site-packages/airflow/example_dags/tutorial.py
[2024-02-27T15:10:55.435+0000] {processor.py:840} INFO - DAG(s) 'tutorial' retrieved from /home/airflow/.local/lib/python3.11/site-packages/airflow/example_dags/tutorial.py
[2024-02-27T15:10:55.447+0000] {logging_mixin.py:188} INFO - [2024-02-27T15:10:55.447+0000] {dag.py:3047} INFO - Sync 1 DAGs
[2024-02-27T15:10:55.460+0000] {logging_mixin.py:188} INFO - [2024-02-27T15:10:55.460+0000] {dag.py:3834} INFO - Setting next_dagrun for tutorial to 2024-02-26 00:00:00+00:00, run_after=2024-02-27 00:00:00+00:00
[2024-02-27T15:10:55.474+0000] {processor.py:183} INFO - Processing /home/airflow/.local/lib/python3.11/site-packages/airflow/example_dags/tutorial.py took 0.047 seconds
[2024-02-27T15:11:25.682+0000] {processor.py:161} INFO - Started process (PID=792) to work on /home/airflow/.local/lib/python3.11/site-packages/airflow/example_dags/tutorial.py
[2024-02-27T15:11:25.683+0000] {processor.py:830} INFO - Processing file /home/airflow/.local/lib/python3.11/site-packages/airflow/example_dags/tutorial.py for tasks to queue
[2024-02-27T15:11:25.685+0000] {logging_mixin.py:188} INFO - [2024-02-27T15:11:25.685+0000] {dagbag.py:540} INFO - Filling up the DagBag from /home/airflow/.local/lib/python3.11/site-packages/airflow/example_dags/tutorial.py
[2024-02-27T15:11:25.688+0000] {processor.py:840} INFO - DAG(s) 'tutorial' retrieved from /home/airflow/.local/lib/python3.11/site-packages/airflow/example_dags/tutorial.py
[2024-02-27T15:11:25.701+0000] {logging_mixin.py:188} INFO - [2024-02-27T15:11:25.701+0000] {dag.py:3047} INFO - Sync 1 DAGs
[2024-02-27T15:11:25.714+0000] {logging_mixin.py:188} INFO - [2024-02-27T15:11:25.714+0000] {dag.py:3834} INFO - Setting next_dagrun for tutorial to 2024-02-26 00:00:00+00:00, run_after=2024-02-27 00:00:00+00:00
[2024-02-27T15:11:25.726+0000] {processor.py:183} INFO - Processing /home/airflow/.local/lib/python3.11/site-packages/airflow/example_dags/tutorial.py took 0.045 seconds
[2024-02-27T15:11:55.892+0000] {processor.py:161} INFO - Started process (PID=848) to work on /home/airflow/.local/lib/python3.11/site-packages/airflow/example_dags/tutorial.py
[2024-02-27T15:11:55.892+0000] {processor.py:830} INFO - Processing file /home/airflow/.local/lib/python3.11/site-packages/airflow/example_dags/tutorial.py for tasks to queue
[2024-02-27T15:11:55.895+0000] {logging_mixin.py:188} INFO - [2024-02-27T15:11:55.895+0000] {dagbag.py:540} INFO - Filling up the DagBag from /home/airflow/.local/lib/python3.11/site-packages/airflow/example_dags/tutorial.py
[2024-02-27T15:11:55.898+0000] {processor.py:840} INFO - DAG(s) 'tutorial' retrieved from /home/airflow/.local/lib/python3.11/site-packages/airflow/example_dags/tutorial.py
[2024-02-27T15:11:55.909+0000] {logging_mixin.py:188} INFO - [2024-02-27T15:11:55.909+0000] {dag.py:3047} INFO - Sync 1 DAGs
[2024-02-27T15:11:55.921+0000] {logging_mixin.py:188} INFO - [2024-02-27T15:11:55.921+0000] {dag.py:3834} INFO - Setting next_dagrun for tutorial to 2024-02-26 00:00:00+00:00, run_after=2024-02-27 00:00:00+00:00
[2024-02-27T15:11:55.931+0000] {processor.py:183} INFO - Processing /home/airflow/.local/lib/python3.11/site-packages/airflow/example_dags/tutorial.py took 0.041 seconds
[2024-02-27T15:12:25.992+0000] {processor.py:161} INFO - Started process (PID=903) to work on /home/airflow/.local/lib/python3.11/site-packages/airflow/example_dags/tutorial.py
[2024-02-27T15:12:25.993+0000] {processor.py:830} INFO - Processing file /home/airflow/.local/lib/python3.11/site-packages/airflow/example_dags/tutorial.py for tasks to queue
[2024-02-27T15:12:25.994+0000] {logging_mixin.py:188} INFO - [2024-02-27T15:12:25.994+0000] {dagbag.py:540} INFO - Filling up the DagBag from /home/airflow/.local/lib/python3.11/site-packages/airflow/example_dags/tutorial.py
[2024-02-27T15:12:25.997+0000] {processor.py:840} INFO - DAG(s) 'tutorial' retrieved from /home/airflow/.local/lib/python3.11/site-packages/airflow/example_dags/tutorial.py
[2024-02-27T15:12:26.009+0000] {logging_mixin.py:188} INFO - [2024-02-27T15:12:26.009+0000] {dag.py:3047} INFO - Sync 1 DAGs
[2024-02-27T15:12:26.021+0000] {logging_mixin.py:188} INFO - [2024-02-27T15:12:26.020+0000] {dag.py:3834} INFO - Setting next_dagrun for tutorial to 2024-02-26 00:00:00+00:00, run_after=2024-02-27 00:00:00+00:00
[2024-02-27T15:12:26.033+0000] {processor.py:183} INFO - Processing /home/airflow/.local/lib/python3.11/site-packages/airflow/example_dags/tutorial.py took 0.043 seconds
[2024-02-27T15:12:56.078+0000] {processor.py:161} INFO - Started process (PID=958) to work on /home/airflow/.local/lib/python3.11/site-packages/airflow/example_dags/tutorial.py
[2024-02-27T15:12:56.078+0000] {processor.py:830} INFO - Processing file /home/airflow/.local/lib/python3.11/site-packages/airflow/example_dags/tutorial.py for tasks to queue
[2024-02-27T15:12:56.079+0000] {logging_mixin.py:188} INFO - [2024-02-27T15:12:56.079+0000] {dagbag.py:540} INFO - Filling up the DagBag from /home/airflow/.local/lib/python3.11/site-packages/airflow/example_dags/tutorial.py
[2024-02-27T15:12:56.083+0000] {processor.py:840} INFO - DAG(s) 'tutorial' retrieved from /home/airflow/.local/lib/python3.11/site-packages/airflow/example_dags/tutorial.py
[2024-02-27T15:12:56.093+0000] {logging_mixin.py:188} INFO - [2024-02-27T15:12:56.093+0000] {dag.py:3047} INFO - Sync 1 DAGs
[2024-02-27T15:12:56.105+0000] {logging_mixin.py:188} INFO - [2024-02-27T15:12:56.105+0000] {dag.py:3834} INFO - Setting next_dagrun for tutorial to 2024-02-26 00:00:00+00:00, run_after=2024-02-27 00:00:00+00:00
[2024-02-27T15:12:56.117+0000] {processor.py:183} INFO - Processing /home/airflow/.local/lib/python3.11/site-packages/airflow/example_dags/tutorial.py took 0.041 seconds
[2024-02-27T15:20:40.220+0000] {processor.py:161} INFO - Started process (PID=78) to work on /home/airflow/.local/lib/python3.11/site-packages/airflow/example_dags/tutorial.py
[2024-02-27T15:20:40.221+0000] {processor.py:830} INFO - Processing file /home/airflow/.local/lib/python3.11/site-packages/airflow/example_dags/tutorial.py for tasks to queue
[2024-02-27T15:20:40.222+0000] {logging_mixin.py:188} INFO - [2024-02-27T15:20:40.222+0000] {dagbag.py:540} INFO - Filling up the DagBag from /home/airflow/.local/lib/python3.11/site-packages/airflow/example_dags/tutorial.py
[2024-02-27T15:20:40.226+0000] {processor.py:840} INFO - DAG(s) 'tutorial' retrieved from /home/airflow/.local/lib/python3.11/site-packages/airflow/example_dags/tutorial.py
[2024-02-27T15:20:40.249+0000] {logging_mixin.py:188} INFO - [2024-02-27T15:20:40.249+0000] {dag.py:3047} INFO - Sync 1 DAGs
[2024-02-27T15:20:40.278+0000] {logging_mixin.py:188} INFO - [2024-02-27T15:20:40.277+0000] {dag.py:3834} INFO - Setting next_dagrun for tutorial to 2024-02-26 00:00:00+00:00, run_after=2024-02-27 00:00:00+00:00
[2024-02-27T15:20:40.300+0000] {processor.py:183} INFO - Processing /home/airflow/.local/lib/python3.11/site-packages/airflow/example_dags/tutorial.py took 0.082 seconds
[2024-02-27T15:21:11.405+0000] {processor.py:161} INFO - Started process (PID=133) to work on /home/airflow/.local/lib/python3.11/site-packages/airflow/example_dags/tutorial.py
[2024-02-27T15:21:11.406+0000] {processor.py:830} INFO - Processing file /home/airflow/.local/lib/python3.11/site-packages/airflow/example_dags/tutorial.py for tasks to queue
[2024-02-27T15:21:11.407+0000] {logging_mixin.py:188} INFO - [2024-02-27T15:21:11.407+0000] {dagbag.py:540} INFO - Filling up the DagBag from /home/airflow/.local/lib/python3.11/site-packages/airflow/example_dags/tutorial.py
[2024-02-27T15:21:11.411+0000] {processor.py:840} INFO - DAG(s) 'tutorial' retrieved from /home/airflow/.local/lib/python3.11/site-packages/airflow/example_dags/tutorial.py
[2024-02-27T15:21:11.489+0000] {logging_mixin.py:188} INFO - [2024-02-27T15:21:11.489+0000] {dag.py:3047} INFO - Sync 1 DAGs
[2024-02-27T15:21:11.511+0000] {logging_mixin.py:188} INFO - [2024-02-27T15:21:11.510+0000] {dag.py:3834} INFO - Setting next_dagrun for tutorial to 2024-02-26 00:00:00+00:00, run_after=2024-02-27 00:00:00+00:00
[2024-02-27T15:21:11.528+0000] {processor.py:183} INFO - Processing /home/airflow/.local/lib/python3.11/site-packages/airflow/example_dags/tutorial.py took 0.125 seconds
